A.L	en	Apache License
A.L	en	Apache Software Foundation
A.L	en	Automate
A.L	en	Brad Rutter
A.L	en	C++
A.L	en	Component software
A.L	en	Content analytics
A.L	en	Cross-platform
A.L	en	Data Discovery and Query Builder
A.L	en	Data logging
A.L	en	Design pattern (computer science)
A.L	en	Entity extraction
A.L	en	General Architecture for Text Engineering
A.L	en	IBM
A.L	en	IBM Omnifind
A.L	en	IBM Research
A.L	en	IBM Watson
A.L	en	Information Extraction
A.L	en	Java (programming language)
A.L	en	Jeopardy!
A.L	en	Ken Jennings
A.L	en	Languageware
A.L	en	List of software categories
A.L	en	Medicine
A.L	en	Multi-modal analytics
A.L	en	OASIS (organization)
A.L	en	OpenNLP
A.L	en	OpenPipeline
A.L	en	Operating system
A.L	en	Pipeline (software)
A.L	en	Reference implementation
A.L	en	Relational algebra
A.L	en	Search algorithm
A.L	en	Software
A.L	en	Software developer
A.L	en	Software license
A.L	en	Software release life cycle
A.L	en	Software system
A.L	en	SourceForge
A.L	en	Table (database)
A.L	en	Text mining
A.L	en	Ubiquitous Knowledge Processing Lab
A.L	en	Unstructured information
A.L	en	XML
A.L	en	Wikipedia:Citation needed
A.L	en	Wikipedia:Stub
A.L	en	Template:Software-stub
A.L	en	Template talk:Software-stub
A.L	en	Category:Articles with unsourced statements from September 2012
B.L	de	Annotation
B.L	de	Apache License
B.L	de	Apache Software Foundation
B.L	de	Audio
B.L	de	Betriebssystem
B.L	de	C++
B.L	de	Data-Mining
B.L	de	Datenbank
B.L	de	Framework
B.L	de	IBM
B.L	de	IBM Watson
B.L	de	Java (Programmiersprache)
B.L	de	Maintainer
B.L	de	Modularisierung
B.L	de	Part-of-speech Tagging
B.L	de	Plattformunabhängigkeit
B.L	de	Programmiersprache
B.L	de	Schnittstelle
B.L	de	Softwarearchitektur
B.L	de	Softwareentwickler
B.L	de	Verb
B.L	de	Version (Software)
B.L	es	Apache
B.L	es	IBM
B.L	es	Jeopardy!
B.L	es	Lenguaje natural
B.L	es	Watson (inteligencia artificial)
B.L	it	2011
B.L	it	22 marzo
B.L	it	Analisi dei dati
B.L	it	Apache Software Foundation
B.L	it	Application programming interface
B.L	it	C++
B.L	it	Framework
B.L	it	Java (linguaggio)
B.L	it	Java (linguaggio di programmazione)
B.L	it	Licenza (informatica)
B.L	it	Licenza Apache
B.L	it	Licenza libera
B.L	it	Lingua (linguistica)
B.L	it	Linguaggio di programmazione
B.L	it	Multipiattaforma
B.L	it	Sistema operativo
B.L	it	Sito web
B.L	it	Sviluppatore software
B.L	it	XML
B.L	it	Wikipedia:Pagina orfana
B.L	it	File:Stub .png
B.L	it	File:Stub informatica.png
B.L	it	Aiuto:Abbozzo
B.L	it	Aiuto:Manuale di stile
B.L	it	Aiuto:Wikilink
B.L	it	Categoria:Pagine orfane - informatica
B.L	it	Categoria:Pagine orfane - luglio 2012
B.L	it	Categoria:Stub - informatica
B.L	it	Portale:Informatica
B.L	it	Portale:Informatica/icona
B.L	it	Progetto:Informatica
B.L	zh	Apache许可证
B.L	zh	Apache软件基金会
B.L	zh	C++
B.L	zh	IBM
B.L	zh	Java
B.L	zh	OASIS标准
B.L	zh	作業系統
B.L	zh	信息提取
B.L	zh	文本挖掘
B.L	zh	程式語言
B.L	zh	終端
B.L	zh	網站
B.L	zh	跨平台
B.L	zh	軟件版本週期
B.L	zh	軟件開發
B.L	zh	軟體許可證
B.L	zh	软件开发
B.L	zh	软件架构
B.L	zh	软件版本周期
B.L	zh	Talk:UIMA
B.L	zh	Wikipedia:列明来源
CN	en	UIMA
IWL	de	UIMA
IWL	es	UIMA
IWL	it	Apache UIMA
IWL	zh	UIMA
