A.L	de	1879
A.L	de	Aachen
A.L	de	Aktiengesellschaft
A.L	de	Bonn
A.L	de	Carsch-Haus
A.L	de	Chemnitz
A.L	de	Coburg
A.L	de	Deutschland
A.L	de	Due-Diligence-Prüfung
A.L	de	Einzelhandel
A.L	de	Elberfeld
A.L	de	Erlös
A.L	de	Fulda
A.L	de	Fusion (Wirtschaft)
A.L	de	Galeria Kaufhof (Köln)
A.L	de	George Economou
A.L	de	Geschäftsführung
A.L	de	Gesellschaft mit beschränkter Haftung (Deutschland)
A.L	de	Gießen
A.L	de	Gründung (Recht)
A.L	de	Hartwaren
A.L	de	Hawesko Holding
A.L	de	Hohe Straße (Köln)
A.L	de	Holding
A.L	de	Horten AG
A.L	de	Jacques’ Wein-Depot
A.L	de	Judentum
A.L	de	Karstadt
A.L	de	Kassel
A.L	de	Kaufhalle AG
A.L	de	Krefeld
A.L	de	Köln
A.L	de	Lebensmittel
A.L	de	Leipzig
A.L	de	Leonhard Tietz
A.L	de	Ludwigshafen am Rhein
A.L	de	Mango (Mode)
A.L	de	Manguun
A.L	de	Marienplatz (München)
A.L	de	Media-Saturn-Holding
A.L	de	Media Markt
A.L	de	Metro AG
A.L	de	Metro Cash & Carry
A.L	de	Mitarbeiter
A.L	de	Mülheim an der Ruhr
A.L	de	München
A.L	de	Nationalsozialistische Deutsche Arbeiterpartei
A.L	de	Nicolas Berggruen
A.L	de	Nürnberg
A.L	de	Oviesse
A.L	de	Produkt (Wirtschaft)
A.L	de	Real SB-Warenhaus
A.L	de	Rechtsform
A.L	de	Reno (Schuhhandel)
A.L	de	Sitz (juristische Person)
A.L	de	Stralsund
A.L	de	Textil
A.L	de	Unternehmensführung
A.L	de	Vobis
A.L	de	Vorsitzender
A.L	de	Wal-Mart
A.L	de	Warenhaus
A.L	de	Website
A.L	de	Wesel
A.L	de	Wilhelm Kreis
A.L	de	Wirtschaftszweig
A.L	de	Worms
A.L	de	Wuppertal
A.L	de	Zweiter Weltkrieg
A.L	de	Vorlage:Infobox Unternehmen/Wartung/Stand 2012
B.L	fi	Alkoholijuoma
B.L	fi	Elektroniikka
B.L	fi	Elintarvike
B.L	fi	Frankfurt am Main
B.L	fi	Huonekalu
B.L	fi	Kello
B.L	fi	Kirja
B.L	fi	Koru
B.L	fi	Kosmetiikka
B.L	fi	Koti
B.L	fi	Lelu
B.L	fi	Paperi
B.L	fi	Saksa
B.L	fi	Sukka
B.L	fi	Tavaratalo
B.L	fi	Vaate
B.L	fi	Vapaa-aika
B.L	fi	Yritys
B.L	fi	Wikipedia:Tynkä
B.L	fi	Luokka:Yritystyngät
B.L	tr	1879
B.L	tr	1885
B.L	tr	1891
B.L	tr	1905
B.L	tr	1933
B.L	tr	1977
B.L	tr	1996
B.L	tr	Almanya
B.L	tr	Köln
B.L	tr	Metro Group
B.L	tr	NSDAP
B.L	tr	Stralsund
B.L	tr	Wuppertal
B.L	tr	Şirket
B.L	tr	Vikipedi:Madde
B.L	tr	Vikipedi:Taslak madde
B.L	sv	Frankfurt am Main
B.L	sv	Hermann Tietz
B.L	sv	Hertie
B.L	sv	Horten AG
B.L	sv	Köln
B.L	sv	Leonhard Tietz
B.L	sv	Media Markt
B.L	sv	Metro AG
B.L	sv	Nazism
B.L	sv	Oscar Tietz
B.L	sv	Stralsund
CN	de	Kaufhof
IWL	fi	Galeria Kaufhof
IWL	tr	Galeria-Kaufhof
IWL	sv	Kaufhof
