A.L	de	1958
A.L	de	8. Oktober
A.L	de	AFS Interkulturelle Begegnungen
A.L	de	ARD
A.L	de	Abgeordnetenwatch.de
A.L	de	Abitur
A.L	de	Aenne Brauksiepe
A.L	de	Akademischer Grad
A.L	de	Amazon.com
A.L	de	Amnioninfektionssyndrom
A.L	de	Angela Merkel
A.L	de	Anke Fuchs
A.L	de	Annette Schavan
A.L	de	Antje Huber
A.L	de	Anton Storch
A.L	de	Approbationsordnung
A.L	de	Arbeitnehmerüberlassung
A.L	de	Arbeitnehmerüberlassungsgesetz
A.L	de	Arzt
A.L	de	Aurelius AG
A.L	de	Aygül Özkan
A.L	de	Bad Hersfeld
A.L	de	Beinhorn (Burgdorf)
A.L	de	Belgien
A.L	de	Big Brother Awards
A.L	de	Bild (Zeitung)
A.L	de	Bistum Augsburg
A.L	de	Blindengeld
A.L	de	Brigitte Zypries
A.L	de	Bruno Heck
A.L	de	Brüssel
A.L	de	Bundeskanzler (Deutschland)
A.L	de	Bundeskriminalamt (Deutschland)
A.L	de	Bundesminister (Deutschland)
A.L	de	Bundesministerium für Arbeit und Soziales
A.L	de	Bundesministerium für Familie, Senioren, Frauen und Jugend
A.L	de	Bundespräsident (Deutschland)
A.L	de	Bundesregierung (Deutschland)
A.L	de	Bundestagswahl 2005
A.L	de	Bundestagswahl 2009
A.L	de	Bündnis 90/Die Grünen
A.L	de	CDU-Bundesparteitag
A.L	de	CDU-Präsidium
A.L	de	Christian Wulff
A.L	de	Christine Bergmann
A.L	de	Christival
A.L	de	Christlich-Soziale Union in Bayern
A.L	de	Christlich Demokratische Union Deutschlands
A.L	de	Claudia Nolte
A.L	de	Cornelia Rundt
A.L	de	Daniel Bahr
A.L	de	Das Erste
A.L	de	Demenz
A.L	de	Der Spiegel
A.L	de	Deutsche Knochenmarkspenderdatei
A.L	de	Deutsche Nationalbibliothek
A.L	de	Deutscher Betriebsräte-Preis
A.L	de	Deutscher Kinderschutzbund
A.L	de	Deutschland
A.L	de	Die Linke
A.L	de	Die Welt
A.L	de	Die Zeit
A.L	de	Die tageszeitung
A.L	de	Dirk Niebel
A.L	de	Doktor
A.L	de	Donatus Albrecht
A.L	de	Düsseldorf
A.L	de	Elterngeld
A.L	de	Epidemiologie
A.L	de	Ernst Albrecht
A.L	de	Erziehungsgeld
A.L	de	Ethanol
A.L	de	Evangelikalismus
A.L	de	Evangelisch-lutherische Landeskirche Hannovers
A.L	de	Evangelische Kirche in Deutschland
A.L	de	Evangelischer Pressedienst
A.L	de	Familie
A.L	de	Familienpolitik
A.L	de	Financial Times Deutschland
A.L	de	Fraktion (Politik)
A.L	de	Frank-Walter Steinmeier
A.L	de	Frankfurter Allgemeine Zeitung
A.L	de	Frankfurter Rundschau
A.L	de	Franz-Josef Wuermeling
A.L	de	Franz Josef Jung
A.L	de	Franz Müntefering
A.L	de	Friedrich Wilhelm Schwartz
A.L	de	Gemeinsame Normdatei
A.L	de	Georg-August-Universität Göttingen
A.L	de	Georg Diederichs
A.L	de	Georg Sterzinsky
A.L	de	Gitta Trauernicht
A.L	de	Goldene Henne
A.L	de	Guido Westerwelle
A.L	de	Handelsblatt
A.L	de	Hannelore Rönsch
A.L	de	Hans-Christoph Seebohm
A.L	de	Hans-Holger Albrecht
A.L	de	Hans-Peter Friedrich
A.L	de	Hans Katzer
A.L	de	Hartz-Konzept
A.L	de	Heidemarie Wieczorek-Zeul
A.L	de	Heidrun Merk
A.L	de	Heiko von der Leyen
A.L	de	Heiner Geißler
A.L	de	Heinrich Albertz
A.L	de	Heinz Rudolph
A.L	de	Heinz Westphal
A.L	de	Helmut Greulich
A.L	de	Herbert Ehrenberg
A.L	de	Hermann-Josef Arentz
A.L	de	Hermann Schnipkoweit
A.L	de	Hessischer Rundfunk
A.L	de	Horst Köhler
A.L	de	Horst Seehofer
A.L	de	Ilse Aigner
A.L	de	Internetdienstanbieter
A.L	de	Ixelles/Elsene
A.L	de	Jobcenter
A.L	de	Johanna Wanka
A.L	de	Jugendschutzgesetz (Deutschland)
A.L	de	Kabinett Merkel I
A.L	de	Kabinett Merkel II
A.L	de	Karl-Theodor zu Guttenberg
A.L	de	Karl Abel
A.L	de	Katharina Focke
A.L	de	Killerspiel
A.L	de	Kinderkrippe
A.L	de	Kinderpornografie
A.L	de	Kompetenzteam
A.L	de	Kristina Schröder
A.L	de	Kurt Partzsch
A.L	de	Käte Strobel
A.L	de	Lehrte
A.L	de	Library of Congress Control Number
A.L	de	Linksfraktion
A.L	de	Liste der Sozialminister von Niedersachsen
A.L	de	Liste der deutschen Arbeitsminister
A.L	de	Liste der deutschen Familienminister
A.L	de	Liste von Negativpreisen
A.L	de	Liz Mohn
A.L	de	London School of Economics and Political Science
A.L	de	Margot Käßmann
A.L	de	Maria von Welser
A.L	de	Master of Public Health
A.L	de	Mechthild Ross-Luttmann
A.L	de	Medizinische Hochschule Hannover
A.L	de	Menschenwürde
A.L	de	Michael Glos
A.L	de	Ministerpräsident
A.L	de	Modern Times Group
A.L	de	N-tv
A.L	de	Netzeitung
A.L	de	Niedersachsen
A.L	de	Niedersächsisch
A.L	de	Niedersächsischer Landtag
A.L	de	Niedersächsisches Ministerium für Soziales, Frauen, Familie, Gesundheit und Integration
A.L	de	Norbert Blüm
A.L	de	Norbert Röttgen
A.L	de	Olaf Scholz
A.L	de	Online-Petition
A.L	de	Ora international
A.L	de	Peer Steinbrück
A.L	de	Peter Altmaier
A.L	de	Peter Ramsauer
A.L	de	Petitionsausschuss des Deutschen Bundestages
A.L	de	Philipp Rösler
A.L	de	Politiker
A.L	de	Privatsphäre
A.L	de	Promotion (Doktor)
A.L	de	Rainer Brüderle
A.L	de	Region Brüssel-Hauptstadt
A.L	de	Region Hannover
A.L	de	Regionsversammlung
A.L	de	Renate Schmidt
A.L	de	Report Mainz
A.L	de	Rita Süssmuth
A.L	de	Ronald Pofalla
A.L	de	Sabine Leutheusser-Schnarrenberger
A.L	de	Schirmherr
A.L	de	Sehnde
A.L	de	Sicherheitsdienst
A.L	de	Sigmar Gabriel
A.L	de	Sklaverei
A.L	de	Sozialdemokratische Partei Deutschlands
A.L	de	Sozialmedizin
A.L	de	Sozialpolitik
A.L	de	Sperrungen von Internetinhalten in Deutschland
A.L	de	Staatsexamen
A.L	de	Stadtvertretung
A.L	de	Studium der Medizin
A.L	de	Süddeutsche Zeitung
A.L	de	Tabak
A.L	de	Telepolis
A.L	de	The New York Times
A.L	de	Theodor Blank
A.L	de	Thomas de Maizière
A.L	de	Trenkwalder International
A.L	de	Ulla Schmidt
A.L	de	Universität
A.L	de	Ursula Lehr
A.L	de	Vereinte Dienstleistungsgewerkschaft
A.L	de	Virtual International Authority File
A.L	de	Vladimir Spidla
A.L	de	Volkswirtschaftslehre
A.L	de	Wahlkampf
A.L	de	Walter Arendt
A.L	de	Walter Hiller
A.L	de	Walter Mixa
A.L	de	Walter Riester
A.L	de	Westfälische Wilhelms-Universität
A.L	de	Wissenschaftlicher Mitarbeiter
A.L	de	Wolf Weber
A.L	de	Wolfgang Clement
A.L	de	Wolfgang Schäuble
A.L	de	Wolfgang Tiefensee
A.L	de	Zensur im Internet
A.L	de	Zugangserschwerungsgesetz
A.L	de	Öffentlich-rechtlicher Vertrag
A.L	de	Diskussion:Ursula von der Leyen
A.L	de	Wikipedia:Wie schreibe ich gute Artikel
A.L	de	Hilfe:Personendaten
B.L	fi	1958
B.L	fi	1977
B.L	fi	1980
B.L	fi	1992
B.L	fi	1996
B.L	fi	2003
B.L	fi	2005
B.L	fi	2009
B.L	fi	8. lokakuuta
B.L	fi	Ala-Saksi
B.L	fi	Belgia
B.L	fi	Bryssel
B.L	fi	Franz Josef Jung
B.L	fi	Göttingenin yliopisto
B.L	fi	Hannover
B.L	fi	Kalifornia
B.L	fi	Kansantaloustiede
B.L	fi	London School of Economics
B.L	fi	Lääketiede
B.L	fi	Münsterin yliopisto
B.L	fi	Poliitikko
B.L	fi	Saksa
B.L	fi	Saksan kristillisdemokraattinen unioni
B.L	fi	Stanford (Kalifornia)
B.L	fi	Wikimedia Commons
B.L	fi	Wikipedia:Tynkä
B.L	fi	Luokka:Poliitikkotyngät
B.L	fr	15 février
B.L	fr	15 novembre
B.L	fr	15 octobre
B.L	fr	18 septembre
B.L	fr	1918
B.L	fr	1933
B.L	fr	1945
B.L	fr	1951
B.L	fr	1953
B.L	fr	1958
B.L	fr	1976
B.L	fr	1977
B.L	fr	1980
B.L	fr	1988
B.L	fr	1990
B.L	fr	1991
B.L	fr	1992
B.L	fr	1998
B.L	fr	2001
B.L	fr	2002
B.L	fr	2003
B.L	fr	2004
B.L	fr	2005
B.L	fr	2006
B.L	fr	2007
B.L	fr	2009
B.L	fr	2010
B.L	fr	2013
B.L	fr	22 août
B.L	fr	22 novembre
B.L	fr	27 novembre
B.L	fr	27 septembre
B.L	fr	28 octobre
B.L	fr	29 décembre
B.L	fr	29 novembre
B.L	fr	2 février
B.L	fr	2 juin
B.L	fr	30 novembre
B.L	fr	31 mai
B.L	fr	3 juin
B.L	fr	4 mars
B.L	fr	8 octobre
B.L	fr	Abitur
B.L	fr	Adam Stegerwald
B.L	fr	Aenne Brauksiepe
B.L	fr	Alexander Schlicke
B.L	fr	Algimanta Pabedinskienė
B.L	fr	Allemagne
B.L	fr	Allemagne de l'Ouest
B.L	fr	Allemand
B.L	fr	Allocation
B.L	fr	Angela Merkel
B.L	fr	Anja Kopač Mrak
B.L	fr	Anke Fuchs
B.L	fr	Annette Schavan
B.L	fr	Antje Huber
B.L	fr	Anton Storch
B.L	fr	Août 2005
B.L	fr	Août 2013
B.L	fr	Assurance
B.L	fr	Basse-Saxe
B.L	fr	Belgique
B.L	fr	Brigitte Zypries
B.L	fr	Bruno Heck
B.L	fr	Bruxelles
B.L	fr	Bundestag
B.L	fr	CDU/CSU
B.L	fr	Cabinet Merkel I
B.L	fr	Cabinet Merkel II
B.L	fr	Cabinet Schröder II
B.L	fr	Cabinet Wulff I
B.L	fr	Canada
B.L	fr	Chancelier fédéral (Allemagne)
B.L	fr	Chancellerie fédérale (Allemagne)
B.L	fr	Chercheur
B.L	fr	Christian Wulff
B.L	fr	Christine Bergmann
B.L	fr	Chômage
B.L	fr	Claudia Nolte
B.L	fr	Coalition noire-jaune
B.L	fr	Crèche (enfant)
B.L	fr	Daniel Bahr
B.L	fr	Der Tagesspiegel
B.L	fr	Dirk Niebel
B.L	fr	Discrimination positive
B.L	fr	Doctorat
B.L	fr	Décembre 2006
B.L	fr	Département du Travail et des Retraites
B.L	fr	Enfant
B.L	fr	Enrico Giovannini
B.L	fr	Ernst Albrecht
B.L	fr	Euro
B.L	fr	Evarist Bartolo
B.L	fr	Famille
B.L	fr	Fondation Robert-Schuman
B.L	fr	France
B.L	fr	Frank-Walter Steinmeier
B.L	fr	Frankfurter Allgemeine Zeitung
B.L	fr	Franz-Josef Wuermeling
B.L	fr	Franz Josef Jung
B.L	fr	Franz Müntefering
B.L	fr	Franz Seldte
B.L	fr	Français
B.L	fr	Friedrich Syrup
B.L	fr	Fátima Báñez
B.L	fr	Février 2003
B.L	fr	Février 2010
B.L	fr	Gala (magazine)
B.L	fr	Gerhard Schröder
B.L	fr	Giánnis Vroútsis
B.L	fr	Gouvernement fédéral (Allemagne)
B.L	fr	Grande coalition (Allemagne)
B.L	fr	Groupe des huit
B.L	fr	Guido Westerwelle
B.L	fr	Gustav Bauer
B.L	fr	György Matolcsy
B.L	fr	Göttingen
B.L	fr	Hannelore Rönsch
B.L	fr	Hanovre
B.L	fr	Hans-Peter Friedrich
B.L	fr	Hans Katzer
B.L	fr	Heidemarie Wieczorek-Zeul
B.L	fr	Heiner Geißler
B.L	fr	Heinrich Brauns
B.L	fr	Heinz Westphal
B.L	fr	Herbert Ehrenberg
B.L	fr	Hermann Warmbold
B.L	fr	Hilda Solis
B.L	fr	Hillevi Engström
B.L	fr	Horst Köhler
B.L	fr	Horst Seehofer
B.L	fr	Hugo Schäffer
B.L	fr	Iain Duncan Smith
B.L	fr	Ilse Aigner
B.L	fr	Ilze Viņķele
B.L	fr	Internet
B.L	fr	Italie
B.L	fr	Japon
B.L	fr	Johanna Wanka
B.L	fr	Juin 2010
B.L	fr	Ján Richter
B.L	fr	Karl-Theodor zu Guttenberg
B.L	fr	Karlsruhe
B.L	fr	Kassan Ademov
B.L	fr	Katharina Focke
B.L	fr	Kristina Köhler
B.L	fr	Kristina Schröder
B.L	fr	Käte Strobel
B.L	fr	L'Express
B.L	fr	Landtag
B.L	fr	Lauri Ihalainen
B.L	fr	Le Figaro
B.L	fr	Le Monde
B.L	fr	Le magazine du Monde
B.L	fr	Lisa Raitt
B.L	fr	Liste de femmes ministres allemandes
B.L	fr	Lodewijk Asscher
B.L	fr	Ludmila Müllerová
B.L	fr	Mai 2010
B.L	fr	Mariana Câmpeanu
B.L	fr	Maternité (construction)
B.L	fr	Mathématiques
B.L	fr	Maxim Topilin
B.L	fr	Mette Frederiksen
B.L	fr	Michael Glos
B.L	fr	Michel Sapin
B.L	fr	Ministre-président (Basse-Saxe)
B.L	fr	Ministre-président de Basse-Saxe
B.L	fr	Ministre fédéral avec attributions spéciales
B.L	fr	Ministère de la Santé, du Travail et des Affaires sociales
B.L	fr	Ministère du Reich au Travail
B.L	fr	Ministère du Travail
B.L	fr	Ministère du Travail, de l'Emploi, de la Formation professionnelle et du Dialogue social
B.L	fr	Ministère du Travail (Canada)
B.L	fr	Ministère fédéral de l'Agriculture (Allemagne)
B.L	fr	Ministère fédéral de l'Environnement (Allemagne)
B.L	fr	Ministère fédéral de l'Intérieur (Allemagne)
B.L	fr	Ministère fédéral de l'Économie (Allemagne)
B.L	fr	Ministère fédéral de l'Éducation et de la Recherche (Allemagne)
B.L	fr	Ministère fédéral de la Coopération économique (Allemagne)
B.L	fr	Ministère fédéral de la Défense (Allemagne)
B.L	fr	Ministère fédéral de la Famille (Allemagne)
B.L	fr	Ministère fédéral de la Justice (Allemagne)
B.L	fr	Ministère fédéral de la Santé (Allemagne)
B.L	fr	Ministère fédéral des Finances (Allemagne)
B.L	fr	Ministère fédéral des Transports et de la Construction (Allemagne)
B.L	fr	Ministère fédéral du Travail (Allemagne)
B.L	fr	Mirando Mrsić
B.L	fr	Monica De Coninck
B.L	fr	Médecin
B.L	fr	Médecine
B.L	fr	Münster
B.L	fr	Nicolas Schmit
B.L	fr	Norbert Blüm
B.L	fr	Norbert Röttgen
B.L	fr	Norihisa Tamura
B.L	fr	Novembre
B.L	fr	Novembre 2005
B.L	fr	Novembre 2009
B.L	fr	Novembre 2010
B.L	fr	Octobre 1958
B.L	fr	Octobre 2007
B.L	fr	Octobre 2009
B.L	fr	Office des Affaires étrangères (Allemagne)
B.L	fr	Office fédéral de police criminelle
B.L	fr	Olaf Scholz
B.L	fr	Peer Steinbrück
B.L	fr	Personnalité politique
B.L	fr	Peter Altmaier
B.L	fr	Peter Ramsauer
B.L	fr	Philipp Rösler
B.L	fr	Politique de l'Allemagne
B.L	fr	Politique familiale
B.L	fr	Président fédéral (Allemagne)
B.L	fr	Pédopornographie
B.L	fr	Rainer Brüderle
B.L	fr	Renate Schmidt
B.L	fr	Richard Bruton
B.L	fr	Rita Süssmuth
B.L	fr	Ronald Pofalla
B.L	fr	Royaume-Uni
B.L	fr	Rudolf Hundstorfer
B.L	fr	Rudolf Wissell
B.L	fr	Russie
B.L	fr	Région de Hanovre
B.L	fr	République de Weimar
B.L	fr	Sabine Leutheusser-Schnarrenberger
B.L	fr	Salaire minimum
B.L	fr	Sciences
B.L	fr	Sciences économiques
B.L	fr	Secrétaire au Travail des États-Unis
B.L	fr	Septembre 2005
B.L	fr	Septembre 2009
B.L	fr	Sigmar Gabriel
B.L	fr	Sotiroula Charalambous
B.L	fr	Taavi Rõivas
B.L	fr	Theodor Blank
B.L	fr	Theodor Hupfauer
B.L	fr	Thomas de Maizière
B.L	fr	Thèse
B.L	fr	Tribunal constitutionnel fédéral
B.L	fr	Troisième Reich
B.L	fr	Ulla Schmidt
B.L	fr	Union chrétienne-démocrate d'Allemagne
B.L	fr	Université Stanford
B.L	fr	Ursula Lehr
B.L	fr	Vice-chancelier (Allemagne)
B.L	fr	Walter Arendt
B.L	fr	Walter Riester
B.L	fr	Wolfgang Clement
B.L	fr	Wolfgang Schäuble
B.L	fr	Wolfgang Tiefensee
B.L	fr	Władysław Kosiniak-Kamysz
B.L	fr	Álvaro Santos Pereira
B.L	fr	Économie
B.L	fr	Élection présidentielle allemande de 2010
B.L	fr	Élections fédérales allemandes de 2005
B.L	fr	Élections fédérales allemandes de 2009
B.L	fr	Épidémiologie
B.L	fr	États-Unis
B.L	fr	États membres de l'Union européenne
B.L	fr	Modèle:Palette Cabinet Merkel
B.L	fr	Modèle:Palette Ministres de la Famille allemands
B.L	fr	Modèle:Palette Ministres du Travail allemands
B.L	fr	Modèle:Palette Ministres du Travail de l'UE
B.L	fr	Modèle:Palette Ministres du Travail du G8
B.L	fr	Discussion modèle:Palette Cabinet Merkel
B.L	fr	Discussion modèle:Palette Ministres de la Famille allemands
B.L	fr	Discussion modèle:Palette Ministres du Travail allemands
B.L	fr	Discussion modèle:Palette Ministres du Travail de l'UE
B.L	fr	Discussion modèle:Palette Ministres du Travail du G8
B.L	fr	Catégorie:Portail:Allemagne/Articles liés
B.L	fr	Catégorie:Portail:Femmes/Articles liés
B.L	fr	Catégorie:Portail:Politique/Articles liés
B.L	fr	Portail:Allemagne
B.L	fr	Portail:Femmes
B.L	fr	Portail:Politique
B.L	eo	1958
B.L	eo	1986
B.L	eo	2009
B.L	eo	8-a de oktobro
B.L	eo	Aprobacio
B.L	eo	Belgio
B.L	eo	Burgdorf
B.L	eo	Christlich Demokratische Union Deutschlands
B.L	eo	Ekonomiko
B.L	eo	Elsene
B.L	eo	Epidemologio
B.L	eo	Ernst Albrecht
B.L	eo	Franz Josef Jung
B.L	eo	Friedrich Wilhelm Schwartz
B.L	eo	Germana Nacia Biblioteko
B.L	eo	Germana politikisto
B.L	eo	Germanoj
B.L	eo	Ginekologio
B.L	eo	Hanovro
B.L	eo	Heiko von der Leyen
B.L	eo	Lehrte
B.L	eo	Malsupra Saksio
B.L	eo	Medicino
B.L	eo	Ministraro unua de Angela Merkel
B.L	eo	Politikistino
B.L	eo	Universitato de Göttingen
B.L	eo	Universitato de Münster
B.L	eo	Usono
B.L	eo	Vikipedio:La perfekta ĝermo de artikolo
B.L	eo	Vikipedio:Tradukoj
B.L	eo	Vikipedio:Trovi aŭ kreskigi ĝermojn
B.L	eo	Helpo:Prononcindiko
B.L	eo	Kategorio:Ĝermoj pri Germana politikisto
B.L	eo	Kategorio:Ĝermoj pri germana politikisto
B.L	eo	Kategorio:Ĝermoj pri germana politikistoj
B.L	eo	Kategorio:Ĝermoj pri germanaj politikistoj
B.L	en	Africa
B.L	en	Alma mater
B.L	en	Angela Merkel
B.L	en	Annette Schavan
B.L	en	Bavaria
B.L	en	Belgium
B.L	en	Bertelsmann
B.L	en	Bertelsmann Foundation
B.L	en	Bishop
B.L	en	Bremen (state)
B.L	en	Brigitte Zypries
B.L	en	Brussels
B.L	en	Bundesprüfstelle für jugendgefährdende Medien
B.L	en	Bundestag
B.L	en	Cabinet Merkel II
B.L	en	Catholic
B.L	en	Chancellor of Germany
B.L	en	Child Advancement Act
B.L	en	Child pornography
B.L	en	Christian Democratic Union (Germany)
B.L	en	Christian Social Union of Bavaria
B.L	en	Christian Wulff
B.L	en	Daniel Bahr
B.L	en	Der Spiegel
B.L	en	Dirk Niebel
B.L	en	Economics
B.L	en	Embedded marketing
B.L	en	Ernst Albrecht (politician)
B.L	en	European Commission
B.L	en	Evangelical Church in Germany
B.L	en	Federal Criminal Police Office (Germany)
B.L	en	Federal Minister of Economics and Technology
B.L	en	Federal Ministry for Family Affairs, Senior Citizens, Women and Youth
B.L	en	Federal Ministry of Family Affairs, Senior Citizens, Women and Youth
B.L	en	Federal Ministry of Family Affairs, Senior Citizens, Women and Youth (Germany)
B.L	en	Federal Ministry of Health (Germany)
B.L	en	Federal Ministry of Labour and Social Affairs (Germany)
B.L	en	First Cabinet Merkel
B.L	en	Focus (German magazine)
B.L	en	Frank-Walter Steinmeier
B.L	en	Franz Josef Jung
B.L	en	Franz Müntefering
B.L	en	German federal election, 2009
B.L	en	German presidential election, 2010
B.L	en	Germany
B.L	en	Gitta Trauernicht
B.L	en	Guido Westerwelle
B.L	en	Göttingen
B.L	en	Hannover Medical School
B.L	en	Hanover (district)
B.L	en	Hans-Peter Friedrich
B.L	en	Heidemarie Wieczorek-Zeul
B.L	en	Heiko von der Leyen
B.L	en	High nobility
B.L	en	Holy Roman Empire
B.L	en	Horst Seehofer
B.L	en	House of Leyen
B.L	en	ICMEC
B.L	en	Ilse Aigner
B.L	en	Incumbent
B.L	en	India
B.L	en	Internet censorship in Germany
B.L	en	Ixelles
B.L	en	Johanna Wanka
B.L	en	Karl-Theodor zu Guttenberg
B.L	en	Kristina Schröder
B.L	en	Landtag of Lower Saxony
B.L	en	Lehrte
B.L	en	Liebe ist für alle da
B.L	en	Liz Mohn
B.L	en	London School of Economics
B.L	en	Lower Saxony
B.L	en	Ludwig Knoop
B.L	en	Maria von Welser
B.L	en	Mechthild Ross-Luttmann
B.L	en	Merkel Cabinet I
B.L	en	Michael Glos
B.L	en	Norbert Röttgen
B.L	en	Olaf Scholz
B.L	en	Parental leave
B.L	en	Peer Steinbrück
B.L	en	Peter Altmaier
B.L	en	Peter Ramsauer
B.L	en	Philipp Rösler
B.L	en	Physician
B.L	en	Pirate Party Germany
B.L	en	Politician
B.L	en	Pornography in India
B.L	en	Portmanteau
B.L	en	President of Germany
B.L	en	Prince-Elector
B.L	en	Rainer Brüderle
B.L	en	Rammstein
B.L	en	Renate Schmidt
B.L	en	Ronald Pofalla
B.L	en	Sabine Leutheusser-Schnarrenberger
B.L	en	Second Cabinet Merkel
B.L	en	Sigmar Gabriel
B.L	en	Spiegel.de
B.L	en	Stanford, California
B.L	en	Stanford University
B.L	en	Südwestrundfunk
B.L	en	Thomas de Maizière
B.L	en	Ulla Schmidt
B.L	en	University of Münster
B.L	en	Vice Chancellor of Germany
B.L	en	Walter Mixa
B.L	en	Wolfgang Schäuble
B.L	en	Wolfgang Tiefensee
B.L	en	Wikipedia:Citation needed
B.L	en	Wikipedia:Link rot
B.L	en	Wikipedia:Persondata
B.L	en	Template:Cabinet Merkel I
B.L	en	Template:Cabinet Merkel II
B.L	en	Template:ISO 639 name de
B.L	en	Template talk:Cabinet Merkel I
B.L	en	Template talk:Cabinet Merkel II
B.L	en	Category:Articles with dead external links from December 2011
B.L	en	Category:Articles with dead external links from September 2012
B.L	en	Category:Articles with unsourced statements from March 2011
B.L	en	Category:Use dmy dates from March 2011
B.L	da	1958
B.L	da	1987
B.L	da	1990
B.L	da	1991
B.L	da	2001
B.L	da	2004
B.L	da	2009
B.L	da	30. november
B.L	da	8. oktober
B.L	da	Angela Merkel
B.L	da	Bruxelles
B.L	da	CDU
B.L	da	Cand.med.
B.L	da	Christian Wulff
B.L	da	Dr.med.
B.L	da	Forbundsdagsvalget 2005
B.L	da	Forbundsdagsvalget 2009
B.L	da	Franz Josef Jung
B.L	da	Georg-August-Universität Göttingen
B.L	da	Hannover
B.L	da	Ixelles
B.L	da	Kristina Schröder
B.L	da	London School of Economics
B.L	da	Master of Public Health
B.L	da	Niedersachsen
B.L	da	Renate Schmidt
B.L	da	Sehnde
B.L	da	Tyskland
B.L	da	Westfälische Wilhelms-Universität
B.L	da	Wikimedia Commons
B.L	da	Økonomi
B.L	nds	17. August
B.L	nds	1958
B.L	nds	1977
B.L	nds	1978
B.L	nds	1980
B.L	nds	1986
B.L	nds	1987
B.L	nds	1990
B.L	nds	1991
B.L	nds	1992
B.L	nds	1996
B.L	nds	1997
B.L	nds	2001
B.L	nds	2002
B.L	nds	2003
B.L	nds	2004
B.L	nds	2005
B.L	nds	2007
B.L	nds	2009
B.L	nds	2010
B.L	nds	22. November
B.L	nds	27. November
B.L	nds	28. Oktober
B.L	nds	30. November
B.L	nds	31. Mai
B.L	nds	8. Oktober
B.L	nds	Abitur
B.L	nds	Aenne Brauksiepe
B.L	nds	Amnioninfektionssyndrom
B.L	nds	Angela Merkel
B.L	nds	Anke Fuchs
B.L	nds	Antje Huber
B.L	nds	Anton Storch
B.L	nds	Bertelsmann-Stiftung
B.L	nds	Blinnengeld
B.L	nds	Borgdörp
B.L	nds	Bruno Heck
B.L	nds	Bundsdagswahl 2005
B.L	nds	Bundsdagswahl 2009
B.L	nds	Bundsland
B.L	nds	Bundsministerium för Arbeit un Sozialsaken
B.L	nds	Bundsministerium för Familie, Senioren, Froenslüde un Jugend
B.L	nds	Bundsministerium för Familie, Senioren, Fronslüüd un Jöögd
B.L	nds	Bundspräsident (Düütschland)
B.L	nds	Bundsrepubliek Düütschland
B.L	nds	C. Bertelsmann Verlag
B.L	nds	CDU
B.L	nds	CDU-Bundsparteidag
B.L	nds	CDU-Präsidium
B.L	nds	CSU
B.L	nds	Christian Wulff
B.L	nds	Christine Bergmann
B.L	nds	Claudia Nolte
B.L	nds	Demenz
B.L	nds	Dokter (Medizin)
B.L	nds	Dr. med.
B.L	nds	Düsseldörp
B.L	nds	Düütschland
B.L	nds	Eed
B.L	nds	Epidemiologie
B.L	nds	Ernst Albrecht
B.L	nds	FDP
B.L	nds	Franz-Josef Wuermeling
B.L	nds	Franz Josef Jung
B.L	nds	Franz Müntefering
B.L	nds	Friedrich-Wilhelm Schwartz
B.L	nds	Georg-August-Universität Chöttingen
B.L	nds	Hamm
B.L	nds	Hannelore Rönsch
B.L	nds	Hannober
B.L	nds	Hans Katzer
B.L	nds	Heiko von der Leyen
B.L	nds	Heiner Geißler
B.L	nds	Heinz Westphal
B.L	nds	Herbert Ehrenberg
B.L	nds	Herman-Josef Arentz
B.L	nds	Horst Köhler
B.L	nds	Ixelles/Elsene
B.L	nds	Kabinett Merkel I
B.L	nds	Kabinett Merkel II
B.L	nds	Katharina Focke
B.L	nds	Koalitschoon
B.L	nds	Kompetenzteam
B.L	nds	Kristina Köhler
B.L	nds	Käte Strobel
B.L	nds	Landdag vun Neddersassen
B.L	nds	Liz Mohn
B.L	nds	London School of Economics and Political Science
B.L	nds	Maria von Welser
B.L	nds	Master of Public Health
B.L	nds	Medizin
B.L	nds	Medizinsche Hoochschool Hannober
B.L	nds	Modern Times Group
B.L	nds	Neddersassen
B.L	nds	Norbert Blüm
B.L	nds	Olaf Scholz
B.L	nds	Philipp Rösler
B.L	nds	Promotschoon (Dokter)
B.L	nds	Region Brüssel-Hööftstadt
B.L	nds	Region Hannober
B.L	nds	Renate Schmidt
B.L	nds	Rita Süssmuth
B.L	nds	Sehnde
B.L	nds	Sozialmedizin
B.L	nds	Sozialpolitik
B.L	nds	Staatsexamen
B.L	nds	Theodor Blank
B.L	nds	USA
B.L	nds	Universität
B.L	nds	Ursula Lehr
B.L	nds	Volksweertschopslehr
B.L	nds	Walter Arendt
B.L	nds	Walter Riester
B.L	nds	Westfäälsche Willems-Universität
B.L	nds	Wolfgang Clement
B.L	cs	1958
B.L	cs	8. říjen
B.L	cs	Belgie
B.L	cs	Bruselský region
B.L	cs	Dolní Sasko
B.L	cs	Druhá vláda Angely Merkelové
B.L	cs	Ekonomie
B.L	cs	Ernst Albrecht
B.L	cs	Evropské společenství
B.L	cs	Francouzština
B.L	cs	Georg-August-Universität Göttingen
B.L	cs	Heiko von der Leyen
B.L	cs	Horst Köhler
B.L	cs	Ixelles
B.L	cs	Křesťanskodemokratická unie
B.L	cs	Lehrte
B.L	cs	Lidovky.cz
B.L	cs	London School of Economics
B.L	cs	Lékař
B.L	cs	Medizinische Hochschule Hannover
B.L	cs	Německo
B.L	cs	Německý spolkový sněm
B.L	cs	Němčina
B.L	cs	Parlament Dolního Saska
B.L	cs	Prezident Německa
B.L	cs	První vláda Angely Merkelové
B.L	cs	Spojené státy americké
B.L	cs	Spolkový ministr pro rodinu, seniory, ženy a mladé
B.L	cs	Spolkový ministr práce a sociálních věcí
B.L	cs	Stanford
B.L	cs	Westfälische Wilhelms-Universität
B.L	cs	Wikimedia Commons
B.L	cs	Wikipedie:WikiProjekt Překlad/Rady
B.L	als	8. Oktober
B.L	als	Abitur
B.L	als	Angela Merkel
B.L	als	Beinhorn (Burgdorf)
B.L	als	Belgien
B.L	als	Brüssel
B.L	als	Bundeskanzler (Deutschland)
B.L	als	Bundesregierung (Deutschland)
B.L	als	Christian Wulff
B.L	als	Christlich Demokratische Union Deutschlands
B.L	als	Deutschland
B.L	als	Düsseldorf
B.L	als	Ernst Albrecht
B.L	als	Franz Josef Jung
B.L	als	Ixelles/Elsene
B.L	als	Maria von Welser
B.L	als	Niedersachsen
B.L	als	Politiker
B.L	als	Sehnde
B.L	als	Wikipedia:Personendaten
B.L	no	1958
B.L	no	1976
B.L	no	1990
B.L	no	1991
B.L	no	2005
B.L	no	2009
B.L	no	8. oktober
B.L	no	Abitur
B.L	no	Angela Merkels andre regjering
B.L	no	Angela Merkels første regjering
B.L	no	Annette Schavan
B.L	no	Belgia
B.L	no	Brigitte Zypries
B.L	no	Brussel
B.L	no	CDU
B.L	no	Christian Wulff
B.L	no	Daniel Bahr
B.L	no	Dirk Niebel
B.L	no	Ernst Albrecht
B.L	no	Forbundsdagen
B.L	no	Frank-Walter Steinmeier
B.L	no	Franz Josef Jung
B.L	no	Franz Müntefering
B.L	no	Guido Westerwelle
B.L	no	Göttingen
B.L	no	Hannover
B.L	no	Hans-Peter Friedrich
B.L	no	Heidemarie Wieczorek-Zeul
B.L	no	Horst Seehofer
B.L	no	Ilse Aigner
B.L	no	Johanna Wanka
B.L	no	Karl-Theodor zu Guttenberg
B.L	no	Kristina Köhler
B.L	no	Kristina Schröder
B.L	no	Lehrte
B.L	no	Michael Glos
B.L	no	Münster
B.L	no	Niedersachsen
B.L	no	Norbert Röttgen
B.L	no	Olaf Scholz
B.L	no	Peer Steinbrück
B.L	no	Peter Altmaier
B.L	no	Peter Ramsauer
B.L	no	Philipp Rösler
B.L	no	Rainer Brüderle
B.L	no	Renate Schmidt
B.L	no	Ronald Pofalla
B.L	no	Sabine Leutheusser-Schnarrenberger
B.L	no	Sehnde
B.L	no	Sigmar Gabriel
B.L	no	Thomas de Maizière
B.L	no	Tyskland
B.L	no	Tysklands arbeidsminister
B.L	no	Tysklands arbeidsministre
B.L	no	Tysklands familieminister
B.L	no	Tysklands familieministre
B.L	no	Ulla Schmidt
B.L	no	Wikimedia Commons
B.L	no	Wolfgang Schäuble
B.L	no	Wolfgang Tiefensee
B.L	no	Mal:Merkels andre kabinett
B.L	no	Mal:Merkels første kabinett
B.L	no	Maldiskusjon:Merkels andre kabinett
B.L	no	Maldiskusjon:Merkels første kabinett
B.L	pl	1958
B.L	pl	8 października
B.L	pl	Angela Merkel
B.L	pl	Annette Schavan
B.L	pl	Biblioteka Kongresu Stanów Zjednoczonych
B.L	pl	Brigitte Zypries
B.L	pl	Bruksela
B.L	pl	Daniel Bahr
B.L	pl	Dirk Niebel
B.L	pl	Dolna Saksonia
B.L	pl	Drugi rząd Angeli Merkel
B.L	pl	Ernst Albrecht(Polityk)
B.L	pl	Frank-Walter Steinmeier
B.L	pl	Franz Josef Jung
B.L	pl	Franz Müntefering
B.L	pl	Gemeinsame Normdatei
B.L	pl	Guido Westerwelle
B.L	pl	Hanower
B.L	pl	Hans-Peter Friedrich
B.L	pl	Heidemarie Wieczorek-Zeul
B.L	pl	Horst Seehofer
B.L	pl	Ilse Aigner
B.L	pl	Johanna Wanka
B.L	pl	Karl-Theodor zu Guttenberg
B.L	pl	Kontrola autorytatywna
B.L	pl	Kristina Schröder
B.L	pl	Michael Glos
B.L	pl	Ministrowie do spraw rodziny, osób starszych, kobiet i młodzieży Niemiec
B.L	pl	Mozela
B.L	pl	Niemcy
B.L	pl	Norbert Röttgen
B.L	pl	Olaf Scholz
B.L	pl	Online Computer Library Center
B.L	pl	Peer Steinbrück
B.L	pl	Peter Altmaier
B.L	pl	Peter Ramsauer
B.L	pl	Philipp Rösler
B.L	pl	Pierwszy rząd Angeli Merkel
B.L	pl	Rainer Brüderle
B.L	pl	Ronald Pofalla
B.L	pl	Sabine Leutheusser-Schnarrenberger
B.L	pl	Sigmar Gabriel
B.L	pl	Stanford University
B.L	pl	Thomas de Maizière
B.L	pl	Ulla Schmidt
B.L	pl	Unia Chrześcijańsko-Demokratyczna (Niemcy)
B.L	pl	Unia Chrześcijańsko-Społeczna w Bawarii
B.L	pl	Uniwersytet w Getyndze
B.L	pl	Westfalski Uniwersytet Wilhelma w Münsterze
B.L	pl	Wolfgang Schäuble
B.L	pl	Wolfgang Tiefensee
B.L	pl	Szablon:Drugi rząd Angeli Merkel
B.L	pl	Szablon:Pierwszy rząd Angeli Merkel
B.L	pl	Dyskusja szablonu:Drugi rząd Angeli Merkel
B.L	pl	Dyskusja szablonu:Pierwszy rząd Angeli Merkel
B.L	lt	1958
B.L	lt	1977
B.L	lt	1978
B.L	lt	1980
B.L	lt	1987
B.L	lt	Belgija
B.L	lt	Christlich Demokratische Union Deutschlands
B.L	lt	Ikselis
B.L	lt	London School of Economics and Political Science
B.L	lt	Spalio 8
B.L	nl	1958
B.L	nl	2010
B.L	nl	2 juni
B.L	nl	8 oktober
B.L	nl	Angela Merkel
B.L	nl	België
B.L	nl	Bondspresident van Duitsland
B.L	nl	Burgdorf (Hannover)
B.L	nl	Christian Wulff
B.L	nl	Christlich Demokratische Union Deutschlands (Bondsrepubliek)
B.L	nl	Doctor
B.L	nl	Duitse Bondsdagverkiezingen 2009
B.L	nl	Duitsland
B.L	nl	Elsene
B.L	nl	Ernst Albrecht
B.L	nl	Franz Josef Jung
B.L	nl	Geneeskunde
B.L	nl	Georg-August-Universität Göttingen
B.L	nl	Gitta Trauernicht
B.L	nl	Hannover (regio)
B.L	nl	Hannover (stad)
B.L	nl	Heiko von der Leyen
B.L	nl	Horst Köhler
B.L	nl	Kabinet-Merkel I
B.L	nl	Kabinet-Merkel II
B.L	nl	Kristina Schröder
B.L	nl	London School of Economics and Political Science
B.L	nl	Master of Public Health
B.L	nl	Mechthild Ross-Luttmann
B.L	nl	Modern Times Group
B.L	nl	Nedersaksen
B.L	nl	Politicus
B.L	nl	Renate Schmidt
B.L	nl	Sehnde
B.L	nl	Universiteit van Münster
B.L	nl	Verenigde Staten
B.L	nl	Wikimedia Commons
B.L	nl	Portaal:Politiek
B.L	la	15 Novembris
B.L	la	1958
B.L	la	1977
B.L	la	1980
B.L	la	1987
B.L	la	1990
B.L	la	1991
B.L	la	1992
B.L	la	1996
B.L	la	2003
B.L	la	2005
B.L	la	2009
B.L	la	2010
B.L	la	22 Novembris
B.L	la	27 Novembris
B.L	la	28 Novembris
B.L	la	2 Iunii
B.L	la	8 Octobris
B.L	la	Administer Foederalis Feminarum et Iuventutis
B.L	la	Administer Foederalis Laboris
B.L	la	Administratio Merkel 2
B.L	la	Alcohol
B.L	la	Angela Merkel
B.L	la	Anna Brauksiepe
B.L	la	Annetta Schavan
B.L	la	Antonius Storch
B.L	la	Brigitta Zypries
B.L	la	Bruno Heck
B.L	la	Bruxellae
B.L	la	CFA
B.L	la	Carolus Theodorus zu Guttenberg
B.L	la	Christiana Democratica Unio Germaniae
B.L	la	Christina Bergmann
B.L	la	Christina Schröder
B.L	la	Claudia Nolte
B.L	la	Daniel Bahr
B.L	la	Dieta Foederalis Germaniae
B.L	la	Ernestus Albrecht
B.L	la	Factio Piratica Germaniae
B.L	la	Franciscus-Iosephus Wuermeling
B.L	la	Franciscus Iosephus Jung
B.L	la	Franciscus Josephus Jung
B.L	la	Franciscus Müntefering
B.L	la	Francus Gualterus Steinmeier
B.L	la	Germania
B.L	la	Gottinga
B.L	la	Gualterus Arendt
B.L	la	Gualterus Riester
B.L	la	Guido Westerwelle
B.L	la	Hannelora Rönsch
B.L	la	Hannovera
B.L	la	Heidemaria Wieczorek-Zeul
B.L	la	Heribertus Ehrenberg
B.L	la	Hinricus Westphal
B.L	la	Horatius Seehofer
B.L	la	Ilse Aigner
B.L	la	Ioanna Wanka
B.L	la	Ioannes-Petrus Friedrich
B.L	la	Ioannes Katzer
B.L	la	Michael Glos
B.L	la	Monasterium (Germania)
B.L	la	Norbertus Blüm
B.L	la	Norbertus Röttgen
B.L	la	Olaus Scholz
B.L	la	Petrus Altmaier
B.L	la	Petrus Ramsauer
B.L	la	Petrus Steinbrück
B.L	la	Philippus Rösler
B.L	la	Rainer Brüderle
B.L	la	Renata Schmidt
B.L	la	Ronaldus Pofalla
B.L	la	Sabina Leutheusser-Schnarrenberger
B.L	la	Saxonia Inferior
B.L	la	Sigmarius Gabriel
B.L	la	Theodericus Niebel
B.L	la	Theodorus Blank
B.L	la	Thomas de Maizière
B.L	la	Ulla Schmidt
B.L	la	Unio Europaea
B.L	la	Volfgangus Schäuble
B.L	la	Volfgangus Tiefensee
B.L	la	Disputatio:Ursula de Leyen
B.L	ja	10月8日
B.L	ja	1958年
B.L	ja	2003年
B.L	ja	2005年
B.L	ja	2009年
B.L	ja	アウクスブルク
B.L	ja	アビトゥーア
B.L	ja	アメリカ合衆国
B.L	ja	アンゲラ・メルケル
B.L	ja	インターネット
B.L	ja	インターネットサービスプロバイダー
B.L	ja	エルンスト・アルプレヒト
B.L	ja	オスカー・ラフォンテーヌ
B.L	ja	カトリック教会
B.L	ja	キリスト教社会同盟
B.L	ja	クリスティアン・ヴルフ
B.L	ja	クリスティナ・シュレーダー
B.L	ja	ゲオルク・アウグスト大学ゲッティンゲン
B.L	ja	ザールラント州
B.L	ja	デア・シュピーゲル
B.L	ja	ドイツ
B.L	ja	ドイツキリスト教民主同盟
B.L	ja	ドイツ社会民主党
B.L	ja	ドイツ福音主義教会
B.L	ja	ドイツ連邦議会
B.L	ja	ドイツ連邦議会2005年選挙
B.L	ja	ドイツ連邦議会2009年選挙
B.L	ja	ニーダーザクセン州
B.L	ja	ハノーファー福音ルター派州教会
B.L	ja	フィリップ・レスラー
B.L	ja	フランツ・ヨーゼフ・ユング
B.L	ja	ブリュッセル首都圏地域
B.L	ja	ベルギー
B.L	ja	ベルリン
B.L	ja	ホルスト・ケーラー
B.L	ja	マルゴート・ケースマン
B.L	ja	レナーテ・シュミット
B.L	ja	ロンドン・スクール・オブ・エコノミクス
B.L	ja	ヴェストファーレン・ヴィルヘルム大学
B.L	ja	保育所
B.L	ja	児童ポルノ
B.L	ja	同盟90/緑の党
B.L	ja	左翼党 (ドイツ)
B.L	ja	政治家
B.L	ja	枢機卿
B.L	ja	疫学
B.L	ja	自由民主党 (ドイツ)
B.L	ja	連邦刑事局 (ドイツ)
B.L	sv	1958
B.L	sv	2007
B.L	sv	2009
B.L	sv	8 oktober
B.L	sv	Angela Merkel
B.L	sv	Annette Schavan
B.L	sv	Bertelsmann
B.L	sv	Bertelsmann Foundation
B.L	sv	Brigitte Zypries
B.L	sv	Bryssel
B.L	sv	CDU
B.L	sv	Daniel Bahr
B.L	sv	Der Spiegel
B.L	sv	Dirk Niebel
B.L	sv	Focus (tidskrift)
B.L	sv	Frank-Walter Steinmeier
B.L	sv	Franz Josef Jung
B.L	sv	Franz Müntefering
B.L	sv	Guido Westerwelle
B.L	sv	Hamm
B.L	sv	Hans-Peter Friedrich
B.L	sv	Heidemarie Wieczorek-Zeul
B.L	sv	Horst Seehofer
B.L	sv	Ilse Aigner
B.L	sv	Johanna Wanka
B.L	sv	Karl-Theodor zu Guttenberg
B.L	sv	Kristina Schröder
B.L	sv	Liz Mohn
B.L	sv	Maria von Welser
B.L	sv	Michael Glos
B.L	sv	Niedersachsen
B.L	sv	Norbert Röttgen
B.L	sv	Olaf Scholz
B.L	sv	Peer Steinbrück
B.L	sv	Peter Altmaier
B.L	sv	Peter Ramsauer
B.L	sv	Philipp Rösler
B.L	sv	Politiker
B.L	sv	Rainer Brüderle
B.L	sv	Regeringen Merkel I
B.L	sv	Regeringen Merkel II
B.L	sv	Ronald Pofalla
B.L	sv	Sabine Leutheusser-Schnarrenberger
B.L	sv	Sigmar Gabriel
B.L	sv	Thomas de Maizière
B.L	sv	Tysklands förbundsregering
B.L	sv	Ulla Schmidt
B.L	sv	Wolfgang Schäuble
B.L	sv	Wolfgang Tiefensee
B.L	sv	Mall:Regeringen Merkel I
B.L	sv	Mall:Regeringen Merkel II
B.L	sv	Malldiskussion:Regeringen Merkel I
B.L	sv	Malldiskussion:Regeringen Merkel II
B.L	sk	1958
B.L	sk	2003
B.L	sk	2005
B.L	sk	2009
B.L	sk	8. október
B.L	sk	Belgicko
B.L	sk	Biografia
B.L	sk	Dolné Sasko
B.L	sk	Franz Josef Jung
B.L	sk	Ixelles/Elsene
B.L	sk	Kresťanskodemokratická únia Nemecka
B.L	sk	Wikipédia:Výhonok
B.L	sk	Portál:Ľudia
B.L	ru	1958
B.L	ru	1958 год
B.L	ru	2005 год
B.L	ru	2009
B.L	ru	2009 год
B.L	ru	22 ноября
B.L	ru	28 октября
B.L	ru	30 ноября
B.L	ru	8 октября
B.L	ru	Абонент
B.L	ru	Альтернативные корневые серверы DNS
B.L	ru	Бельгия
B.L	ru	Брюссельский столичный регион
B.L	ru	Бундестаг
B.L	ru	Бундестаг Германии
B.L	ru	Викисклад
B.L	ru	Врач
B.L	ru	Вульф, Кристиан
B.L	ru	Ганновер
B.L	ru	Германия
B.L	ru	Геттинген
B.L	ru	Детская порнография
B.L	ru	Доктор наук
B.L	ru	Европейская комиссия
B.L	ru	Иксель
B.L	ru	Интернет-цензура
B.L	ru	Клик (нажатие клавиши)
B.L	ru	Курфюрст
B.L	ru	Лерте
B.L	ru	Лондонская школа экономики
B.L	ru	Лютеранство
B.L	ru	Магистр
B.L	ru	Медицинская школа Ганновера
B.L	ru	Меркель, Ангела
B.L	ru	Мюнстер
B.L	ru	Национальная безопасность
B.L	ru	Немецкий язык
B.L	ru	Оператор персональных данных
B.L	ru	Персональные данные
B.L	ru	Политик
B.L	ru	Порносайт
B.L	ru	Постановление
B.L	ru	Провайдер
B.L	ru	СвДП
B.L	ru	Секретная информация
B.L	ru	Список министров по делам семьи Германии
B.L	ru	Список министров труда и общественных дел Германии
B.L	ru	Стэнфордский университет
B.L	ru	Троянская программа
B.L	ru	Федеральное ведомство уголовной полиции Германии
B.L	ru	Христианско-демократический союз (Германия)
B.L	ru	Чёрный список
B.L	ru	Шмидт, Ренате
B.L	ru	Шрёдер, Кристина
B.L	ru	Юнг, Франц Йозеф
B.L	pt	1958
B.L	pt	2009
B.L	pt	27 de novembro
B.L	pt	8 de outubro
B.L	pt	ARD
B.L	pt	Alemanha
B.L	pt	Angela Merkel
B.L	pt	Annette Schavan
B.L	pt	Biblioteca Nacional da Alemanha
B.L	pt	Bruxelas
B.L	pt	Bundestag
B.L	pt	Daniel Bahr
B.L	pt	Der Spiegel
B.L	pt	Dirk Niebel
B.L	pt	Doutoramento
B.L	pt	Economia
B.L	pt	Folha Online
B.L	pt	Franz Josef Jung
B.L	pt	Governo Merkel II
B.L	pt	Guido Westerwelle
B.L	pt	Hans-Peter Friedrich
B.L	pt	Ilse Aigner
B.L	pt	Ixelles
B.L	pt	Kristina Schröder
B.L	pt	Licenciatura
B.L	pt	Luterana
B.L	pt	Língua alemã
B.L	pt	Medicina
B.L	pt	Ministério do Trabalho e da Solidariedade Social da Alemanha
B.L	pt	Norbert Röttgen
B.L	pt	Peter Ramsauer
B.L	pt	Philipp Rösler
B.L	pt	Política
B.L	pt	Político
B.L	pt	Ronald Pofalla
B.L	pt	Sabine Leutheusser-Schnarrenberger
B.L	pt	Thomas de Maizière
B.L	pt	Trabalho
B.L	pt	União Democrata-Cristã
B.L	pt	Wolfgang Schäuble
B.L	pt	Wikipédia:Esboço
B.L	pt	Predefinição:Atuais ministros da Alemanha
B.L	pt	Portal:Política
CN	de	Ursula_von_der_Leyen
IWL	fi	Ursula von der Leyen
IWL	fr	Ursula von der Leyen
IWL	eo	Ursula von der Leyen
IWL	en	Ursula von der Leyen
IWL	da	Ursula von der Leyen
IWL	nds	Ursula von der Leyen
IWL	cs	Ursula von der Leyenová
IWL	als	Ursula von der Leyen
IWL	no	Ursula von der Leyen
IWL	pl	Ursula von der Leyen
IWL	lt	Ursula von der Leyen
IWL	nl	Ursula von der Leyen
IWL	la	Ursula de Leyen
IWL	ja	ウルズラ・フォン・デア・ライエン
IWL	sv	Ursula von der Leyen
IWL	sk	Ursula von der Leyen
IWL	ru	Лейен, Урсула фон дер
IWL	pt	Ursula von der Leyen
