A.L	de	0,5%-Hürde
A.L	de	AUF – Partei für Arbeit, Umwelt und Familie
A.L	de	Abgeordnetenhaus von Berlin
A.L	de	Abitur
A.L	de	Ansbach
A.L	de	Arbeitslosigkeit
A.L	de	Ares-Verlag
A.L	de	Artikel 20 des Grundgesetzes für die Bundesrepublik Deutschland
A.L	de	Atomausstieg
A.L	de	Augsburg
A.L	de	Außerparlamentarische Opposition
A.L	de	Backnang
A.L	de	Bad Driburg
A.L	de	Bad Honnef
A.L	de	Baden-Württemberg
A.L	de	Bayerische Staatsregierung
A.L	de	Bayerischer Landtag
A.L	de	Bayerischer Ministerpräsident
A.L	de	Bayerischer Senat
A.L	de	Bayerischer Verfassungsgerichtshof
A.L	de	Bayern
A.L	de	Bayernpartei
A.L	de	Berlin
A.L	de	Bernd Richter (ÖDP)
A.L	de	Bernhard Suttner
A.L	de	Bezirk (Bayern)
A.L	de	Bonn
A.L	de	Bottrop
A.L	de	Brandenburg
A.L	de	Bremer Grüne Liste
A.L	de	Bundestagswahl 1983
A.L	de	Bundestagswahl 1987
A.L	de	Bundestagswahl 1990
A.L	de	Bundestagswahl 1994
A.L	de	Bundestagswahl 1998
A.L	de	Bundestagswahl 2002
A.L	de	Bundestagswahl 2005
A.L	de	Bundestagswahl 2009
A.L	de	Bundesverfassungsgericht
A.L	de	Burkardroth
A.L	de	Bündnis 90
A.L	de	Bündnis 90/Die Grünen
A.L	de	Bürgerschaftswahl in Bremen 1991
A.L	de	Bürgerschaftswahl in Bremen 1995
A.L	de	Bürgerschaftswahl in Bremen 1999
A.L	de	Bürgerschaftswahl in Bremen 2003
A.L	de	Bürgerschaftswahl in Bremen 2007
A.L	de	Bürgerschaftswahl in Bremen 2011
A.L	de	Bürgerschaftswahl in Hamburg 1982 (Juni)
A.L	de	Bürgerschaftswahl in Hamburg 1987
A.L	de	Bürgerschaftswahl in Hamburg 1991
A.L	de	Bürgerschaftswahl in Hamburg 1993
A.L	de	Bürgerschaftswahl in Hamburg 1997
A.L	de	Bürgerschaftswahl in Hamburg 2001
A.L	de	Bürgerschaftswahl in Hamburg 2004
A.L	de	Bürgerschaftswahl in Hamburg 2008
A.L	de	Bürgerschaftswahl in Hamburg 2011
A.L	de	Cannabis als Rauschmittel
A.L	de	Christentum
A.L	de	Christlich-Soziale Union in Bayern
A.L	de	Christlich Demokratische Union Deutschlands
A.L	de	Coburg
A.L	de	Demokratie
A.L	de	Denzlingen
A.L	de	Deutsche Volksunion
A.L	de	Deutscher Bundestag
A.L	de	Deutschland
A.L	de	Die Grauen – Graue Panther
A.L	de	Die Jungen Ökologen
A.L	de	Die Republikaner
A.L	de	Direktwahl
A.L	de	Dortmund
A.L	de	E.ON
A.L	de	Edgar Guhde
A.L	de	Ein Planet wird geplündert – Die Schreckensbilanz unserer Politik
A.L	de	Einstweilige Anordnung
A.L	de	Elternschaft
A.L	de	Emskirchen
A.L	de	Ergebnisse der Landtagswahlen in der Bundesrepublik Deutschland
A.L	de	Erneuerbare Energie
A.L	de	Ernst Ulrich von Weizsäcker
A.L	de	Erziehungsgehalt
A.L	de	Europawahl 1984
A.L	de	Europawahl 1989
A.L	de	Europawahl 1994
A.L	de	Europawahl 1999
A.L	de	Europawahl 2004
A.L	de	Europawahl 2009
A.L	de	Europäische Gemeinschaft
A.L	de	Europäischer Stabilitätsmechanismus
A.L	de	Familie
A.L	de	Familien-Partei Deutschlands
A.L	de	Familienpolitik
A.L	de	Feinstaub
A.L	de	Felix Leinen
A.L	de	Fraktionsgemeinschaft
A.L	de	Frankfurt am Main
A.L	de	Franz Alt (Journalist)
A.L	de	Freie Demokratische Partei
A.L	de	Freie Hansestadt Bremen
A.L	de	Gegliedertes Schulsystem
A.L	de	Gemeinsame Normdatei
A.L	de	Generalsekretär
A.L	de	Gentechnik
A.L	de	Gesamtschule
A.L	de	Geschichte der Ökologisch-Demokratischen Partei
A.L	de	Gewaltenteilung
A.L	de	Gewaltmonopol des Staates
A.L	de	Globalisierung
A.L	de	Grundgesetz für die Bundesrepublik Deutschland
A.L	de	Grüne Aktion Zukunft
A.L	de	Grüne Liste Umweltschutz
A.L	de	Günther Beckstein
A.L	de	HKS-Farbfächer
A.L	de	Hamburg
A.L	de	Hans-Joachim Ritter
A.L	de	Hans Christoph Binswanger
A.L	de	Hans Herbert von Arnim
A.L	de	Hans Mangold
A.L	de	Harry Rosin
A.L	de	Hauptschule
A.L	de	Heiner Geißler
A.L	de	Helmut Kohl
A.L	de	Herbert Gruhl
A.L	de	Hessen
A.L	de	Hochschulreife
A.L	de	Horst Haitzinger
A.L	de	Horst Seehofer
A.L	de	Informationsfreiheit
A.L	de	International
A.L	de	Jutta Ditfurth
A.L	de	Kernenergie
A.L	de	Kernkraftwerk
A.L	de	Kernkraftwerk Temelín
A.L	de	Kerosin
A.L	de	Klaus Buchner
A.L	de	Kleinpartei
A.L	de	Klonen
A.L	de	Kommunalwahlen in Bayern 2008
A.L	de	Konrad Buchwald
A.L	de	Konservatismus
A.L	de	Korruption
A.L	de	Kreisfreie Stadt
A.L	de	Kößlarn
A.L	de	Landesliste
A.L	de	Landesverfassungsgericht
A.L	de	Landkreis
A.L	de	Landkreis Biberach
A.L	de	Landkreis Ravensburg
A.L	de	Landkreis Rottweil
A.L	de	Landtag Hessen
A.L	de	Landtag Mecklenburg-Vorpommern
A.L	de	Landtag Sachsen-Anhalt
A.L	de	Landtag Schleswig-Holstein
A.L	de	Landtag von Baden-Württemberg
A.L	de	Landtagswahl im Saarland 1990
A.L	de	Landtagswahl im Saarland 1994
A.L	de	Landtagswahl im Saarland 1999
A.L	de	Landtagswahl im Saarland 2004
A.L	de	Landtagswahl im Saarland 2009
A.L	de	Landtagswahl im Saarland 2012
A.L	de	Landtagswahl in Baden-Württemberg 1988
A.L	de	Landtagswahl in Baden-Württemberg 1992
A.L	de	Landtagswahl in Baden-Württemberg 1996
A.L	de	Landtagswahl in Baden-Württemberg 2001
A.L	de	Landtagswahl in Baden-Württemberg 2006
A.L	de	Landtagswahl in Baden-Württemberg 2011
A.L	de	Landtagswahl in Bayern 1982
A.L	de	Landtagswahl in Bayern 1986
A.L	de	Landtagswahl in Bayern 1990
A.L	de	Landtagswahl in Bayern 1994
A.L	de	Landtagswahl in Bayern 1998
A.L	de	Landtagswahl in Bayern 2003
A.L	de	Landtagswahl in Bayern 2008
A.L	de	Landtagswahl in Brandenburg 1990
A.L	de	Landtagswahl in Brandenburg 1994
A.L	de	Landtagswahl in Brandenburg 1999
A.L	de	Landtagswahl in Brandenburg 2004
A.L	de	Landtagswahl in Brandenburg 2009
A.L	de	Landtagswahl in Hessen 1991
A.L	de	Landtagswahl in Hessen 1995
A.L	de	Landtagswahl in Hessen 1999
A.L	de	Landtagswahl in Hessen 2003
A.L	de	Landtagswahl in Hessen 2008
A.L	de	Landtagswahl in Hessen 2009
A.L	de	Landtagswahl in Mecklenburg-Vorpommern 1990
A.L	de	Landtagswahl in Mecklenburg-Vorpommern 1994
A.L	de	Landtagswahl in Mecklenburg-Vorpommern 1998
A.L	de	Landtagswahl in Mecklenburg-Vorpommern 2002
A.L	de	Landtagswahl in Mecklenburg-Vorpommern 2006
A.L	de	Landtagswahl in Mecklenburg-Vorpommern 2011
A.L	de	Landtagswahl in Niedersachsen 1990
A.L	de	Landtagswahl in Niedersachsen 1994
A.L	de	Landtagswahl in Niedersachsen 1998
A.L	de	Landtagswahl in Niedersachsen 2003
A.L	de	Landtagswahl in Niedersachsen 2008
A.L	de	Landtagswahl in Niedersachsen 2013
A.L	de	Landtagswahl in Nordrhein-Westfalen 1990
A.L	de	Landtagswahl in Nordrhein-Westfalen 1995
A.L	de	Landtagswahl in Nordrhein-Westfalen 2000
A.L	de	Landtagswahl in Nordrhein-Westfalen 2005
A.L	de	Landtagswahl in Nordrhein-Westfalen 2010
A.L	de	Landtagswahl in Nordrhein-Westfalen 2012
A.L	de	Landtagswahl in Rheinland-Pfalz 1991
A.L	de	Landtagswahl in Rheinland-Pfalz 1996
A.L	de	Landtagswahl in Rheinland-Pfalz 2001
A.L	de	Landtagswahl in Rheinland-Pfalz 2006
A.L	de	Landtagswahl in Rheinland-Pfalz 2011
A.L	de	Landtagswahl in Sachsen-Anhalt 1990
A.L	de	Landtagswahl in Sachsen-Anhalt 1994
A.L	de	Landtagswahl in Sachsen-Anhalt 1998
A.L	de	Landtagswahl in Sachsen-Anhalt 2002
A.L	de	Landtagswahl in Sachsen-Anhalt 2006
A.L	de	Landtagswahl in Sachsen-Anhalt 2011
A.L	de	Landtagswahl in Sachsen 1990
A.L	de	Landtagswahl in Sachsen 1994
A.L	de	Landtagswahl in Sachsen 1999
A.L	de	Landtagswahl in Sachsen 2004
A.L	de	Landtagswahl in Sachsen 2009
A.L	de	Landtagswahl in Schleswig-Holstein 1987
A.L	de	Landtagswahl in Schleswig-Holstein 1988
A.L	de	Landtagswahl in Schleswig-Holstein 1992
A.L	de	Landtagswahl in Schleswig-Holstein 1996
A.L	de	Landtagswahl in Schleswig-Holstein 2000
A.L	de	Landtagswahl in Schleswig-Holstein 2005
A.L	de	Landtagswahl in Schleswig-Holstein 2009
A.L	de	Landtagswahl in Schleswig-Holstein 2012
A.L	de	Landtagswahl in Thüringen 1990
A.L	de	Landtagswahl in Thüringen 1994
A.L	de	Landtagswahl in Thüringen 1999
A.L	de	Landtagswahl in Thüringen 2004
A.L	de	Landtagswahl in Thüringen 2009
A.L	de	Landtagswahlen (Niedersachsen)
A.L	de	Landtagswahlen (Saarland)
A.L	de	Landtagswahlergebnisse aus Nordrhein-Westfalen
A.L	de	Legalisierung von Drogen
A.L	de	Linkskatholisch
A.L	de	Liste der Landtagswahlergebnisse in Bayern
A.L	de	Listenverbindung
A.L	de	Lohnnebenkosten
A.L	de	Mainz
A.L	de	Mandat (Politik)
A.L	de	Massenvernichtungswaffe
A.L	de	Mecklenburg-Vorpommern
A.L	de	Memmingen
A.L	de	München
A.L	de	Münster (Westfalen)
A.L	de	NATO
A.L	de	Nachhaltigkeit
A.L	de	Nationaldemokratische Partei Deutschlands
A.L	de	Neoliberalismus
A.L	de	Neue Rechte
A.L	de	Niederalteich
A.L	de	Niederbayern
A.L	de	Niedersachsen
A.L	de	Nordrhein-Westfalen
A.L	de	Oberbayern
A.L	de	Partei Mensch Umwelt Tierschutz
A.L	de	Parteienfinanzierung
A.L	de	Parteiprogramm
A.L	de	Passau
A.L	de	Petra Kelly
A.L	de	Pfreimd
A.L	de	Politik in Hamburg
A.L	de	Politische Linke
A.L	de	Politische Mitte
A.L	de	Postmaterialismus
A.L	de	Praktikum
A.L	de	Projektunterricht
A.L	de	Radioaktiver Abfall
A.L	de	Regierungschef
A.L	de	Regionalversammlung des Verbands Region Stuttgart
A.L	de	Report Mainz
A.L	de	Rheinland-Pfalz
A.L	de	Rheinland-Pfälzischer Landtag
A.L	de	Robert Spaemann
A.L	de	Saarbrücken
A.L	de	Saarland
A.L	de	Sachsen
A.L	de	Sachsen-Anhalt
A.L	de	Schleswig-Holstein
A.L	de	Schwangerschaftsabbruch
A.L	de	Scientology
A.L	de	Sebastian Frankenberger
A.L	de	Sonntagsfrage
A.L	de	Sozialdemokratische Partei Deutschlands
A.L	de	Sozialliberalismus
A.L	de	Sperrklausel
A.L	de	Staatsverschuldung
A.L	de	Staatsziel
A.L	de	Steuer
A.L	de	Stiftung für Ökologie und Demokratie
A.L	de	Straubing
A.L	de	Studiengebühren in Deutschland
A.L	de	Susanne Bachmaier
A.L	de	Südwestfunk
A.L	de	Temelín
A.L	de	Thüringen
A.L	de	Tierschutz
A.L	de	Trennung von Amt und Mandat
A.L	de	Umweltbewegung
A.L	de	Umweltpolitik
A.L	de	Urban Mangold
A.L	de	Uwe Dolata
A.L	de	Verl
A.L	de	Vertrag von Lissabon
A.L	de	Verwaltungsgericht München
A.L	de	Virtual International Authority File
A.L	de	Volksbegehren (Deutschland)
A.L	de	Volksbegehren „Für echten Nichtraucherschutz!“
A.L	de	Volksbegehren „Schlanker Staat ohne Senat“
A.L	de	Volksentscheid
A.L	de	Wahl-O-Mat
A.L	de	Wahl zum Abgeordnetenhaus von Berlin 1989
A.L	de	Wahl zum Abgeordnetenhaus von Berlin 1990
A.L	de	Wahl zum Abgeordnetenhaus von Berlin 1995
A.L	de	Wahl zum Abgeordnetenhaus von Berlin 1999
A.L	de	Wahl zum Abgeordnetenhaus von Berlin 2001
A.L	de	Wahl zum Abgeordnetenhaus von Berlin 2006
A.L	de	Wahl zum Abgeordnetenhaus von Berlin 2011
A.L	de	Wahlen zum Brandenburger Landtag
A.L	de	Wahlergebnisse und Landesregierungen in Sachsen
A.L	de	Wahlergebnisse und Landesregierungen in Thüringen
A.L	de	Wahlergebnisse und Senate in Bremen
A.L	de	Wahlkampfkostenerstattung
A.L	de	Wahlspot
A.L	de	Wertkonservatismus
A.L	de	Wiesbaden
A.L	de	Wolfgang Schäuble
A.L	de	World Ecological Parties
A.L	de	Wählergruppe
A.L	de	Würzburg
A.L	de	Zweibrücken
A.L	de	Ökobonus
A.L	de	Ökofaschismus
A.L	de	Ökologie
A.L	de	ÖkologiePolitik
A.L	de	Ökologisch-Demokratische Studierende
A.L	de	Ökologisches Steuersystem
A.L	de	Ökosteuer
A.L	de	Özgürlük ve Dayanışma Partisi
A.L	de	Wikipedia:Lesenswerte Artikel
A.L	de	Vorlage:Toter Link/oedp.de
B.L	fr	1984
B.L	fr	1990
B.L	fr	1er septembre
B.L	fr	2001
B.L	fr	23 janvier
B.L	fr	Allemagne
B.L	fr	Alliance 90 / Les Verts
B.L	fr	Alternative électorale travail et justice sociale
B.L	fr	Avortement
B.L	fr	Bavière
B.L	fr	Catholicisme politique
B.L	fr	Claudius Moseler
B.L	fr	Communisme
B.L	fr	Conservatisme
B.L	fr	Couleur politique
B.L	fr	Die Linke
B.L	fr	Euthanasie
B.L	fr	Extrême droite
B.L	fr	Janvier 1984
B.L	fr	Les Républicains
B.L	fr	Libéralisme
B.L	fr	Mouvement alternatif
B.L	fr	Orange (couleur)
B.L	fr	Parti communiste allemand (DKP)
B.L	fr	Parti communiste d'Allemagne (1990)
B.L	fr	Parti du socialisme démocratique (Allemagne)
B.L	fr	Parti libéral-démocrate (Allemagne)
B.L	fr	Parti national-démocrate d'Allemagne
B.L	fr	Parti pirate allemand
B.L	fr	Parti politique
B.L	fr	Parti social-démocrate d'Allemagne
B.L	fr	Peine de mort
B.L	fr	Politique écologique
B.L	fr	Sebastian Frankenberger
B.L	fr	Septembre 2001
B.L	fr	Social-démocratie
B.L	fr	Socialisme
B.L	fr	Système de couleurs HKS
B.L	fr	Union chrétienne-démocrate d'Allemagne
B.L	fr	Union chrétienne-sociale en Bavière
B.L	fr	Union populaire allemande
B.L	fr	World Ecological Parties
B.L	fr	Würzburg
B.L	fr	Zentrum
B.L	fr	Écologie politique
B.L	fr	Écologisme
B.L	fr	Modèle:De
B.L	fr	Modèle:Palette Partis politiques allemands
B.L	fr	Discussion modèle:Palette Partis politiques allemands
B.L	fr	Catégorie:Portail:Allemagne/Articles liés
B.L	fr	Catégorie:Portail:Environnement/Articles liés
B.L	fr	Catégorie:Portail:Politique/Articles liés
B.L	fr	Portail:Allemagne
B.L	fr	Portail:Environnement
B.L	fr	Portail:Politique
B.L	eo	1978
B.L	eo	1982
B.L	eo	23-a de januaro
B.L	eo	23-an de januaro
B.L	eo	Alianco 90/La Verduloj
B.L	eo	Bundestag
B.L	eo	Christlich Demokratische Union Deutschlands
B.L	eo	Ekologio
B.L	eo	Federacia lando (Germanio)
B.L	eo	Germane
B.L	eo	Germanio
B.L	eo	Herbert Gruhl
B.L	eo	Klaus Buchner
B.L	eo	Parlamenta baloto en Germanio 2009
B.L	eo	Verda Agado Estonto
B.L	eo	Verda partio
B.L	eo	Wiesbaden
B.L	eo	Würzburg
B.L	eo	Vikipedio:Informkestoj
B.L	eo	Ŝablono:Informkesto politika partio
B.L	eo	Ŝablono-Diskuto:Informkesto politika partio
B.L	en	Abortion
B.L	en	Alliance '90/The Greens
B.L	en	Alternative for Germany
B.L	en	Amt (country subdivision)
B.L	en	Anarchist Pogo Party of Germany
B.L	en	Angela Merkel
B.L	en	Baden-Württemberg
B.L	en	Basic Law for the Federal Republic of Germany
B.L	en	Bavaria
B.L	en	Bavaria Party
B.L	en	Berlin
B.L	en	Bundesrat of Germany
B.L	en	Bundestag
B.L	en	Bundesversammlung (Germany)
B.L	en	Bürgerrechtsbewegung Solidarität
B.L	en	Cabinet of Germany
B.L	en	Centre Party (Germany)
B.L	en	Centrism
B.L	en	Christian Centre
B.L	en	Christian Democratic Union (Germany)
B.L	en	Christian Social Union of Bavaria
B.L	en	Citizens in Rage
B.L	en	Communist Party of Germany (1990)
B.L	en	Communist Party of Germany (Roter Morgen)
B.L	en	Composition of the German Regional Parliaments
B.L	en	Czech Republic
B.L	en	Death penalty
B.L	en	Die PARTEI
B.L	en	Districts of Germany
B.L	en	Ecologism
B.L	en	Elections in Germany
B.L	en	European Parliament
B.L	en	Euthanasia
B.L	en	Family Party of Germany
B.L	en	Federal Administrative Court of Germany
B.L	en	Federal Chancellor of the Federal Republic of Germany
B.L	en	Federal Constitutional Court of Germany
B.L	en	Federal Court of Justice of Germany
B.L	en	Federal Finance Court of Germany
B.L	en	Federal Labour Court of Germany
B.L	en	Federal Social Court of Germany
B.L	en	Feminist Party of Germany
B.L	en	Foreign relations of Germany
B.L	en	Free Democratic Party (Germany)
B.L	en	Free Voters
B.L	en	Freedom (German political party)
B.L	en	Gemeinsamer Ausschuss
B.L	en	German Communist Party
B.L	en	German Green Party
B.L	en	German Social Union (East Germany)
B.L	en	German language
B.L	en	Germany
B.L	en	Green tax shift
B.L	en	Hamburg
B.L	en	Hesse
B.L	en	Human Environment Animal Protection
B.L	en	Human rights in Germany
B.L	en	Joachim Gauck
B.L	en	Judiciary of Germany
B.L	en	Junge Ökologen
B.L	en	List of political ideologies
B.L	en	List of political parties by country
B.L	en	List of political parties in Germany
B.L	en	Lower Saxony
B.L	en	Marxist–Leninist Party of Germany
B.L	en	Municipalities of Germany
B.L	en	National Democratic Party of Germany
B.L	en	North Rhine-Westphalia
B.L	en	Orange (colour)
B.L	en	Outline of political science
B.L	en	Party of Bible-abiding Christians
B.L	en	Party of Reason
B.L	en	Pirate Party Germany
B.L	en	Political party
B.L	en	Political spectrum
B.L	en	Politics of Germany
B.L	en	Politics of the European Union
B.L	en	President of Germany
B.L	en	Pro Germany Citizens' Movement
B.L	en	Regierungsbezirk
B.L	en	Revolutionary Socialist League (Germany)
B.L	en	Rhineland-Palatinate
B.L	en	Right to life
B.L	en	Saxony-Anhalt
B.L	en	Sebastian Frankenberger
B.L	en	Social Democratic Party of Germany
B.L	en	Social Equality Party (Germany)
B.L	en	South Schleswig Voter Federation
B.L	en	States of Germany
B.L	en	Statt party (Germany)
B.L	en	Temelin
B.L	en	The Friesen
B.L	en	The Left (Germany)
B.L	en	The Republicans (Germany)
B.L	en	Thuringia
B.L	en	World Ecological Parties
B.L	en	Würzburg
B.L	en	Young Ecologists
B.L	en	Youth wing
B.L	en	Template:German political parties
B.L	en	Template:Politics of Germany
B.L	en	Template:Portal/Images/Politics
B.L	en	Template talk:German political parties
B.L	en	Template talk:Politics of Germany
B.L	en	Portal:Politics
B.L	es	1982
B.L	es	23 de enero
B.L	es	Aborto inducido
B.L	es	Alemania
B.L	es	Alianza 90/Los Verdes
B.L	es	Ansbach
B.L	es	Asilo político
B.L	es	Australia
B.L	es	Año sabático
B.L	es	Baden-Wuerttemberg
B.L	es	Baviera
B.L	es	Bottrop
B.L	es	Bremen
B.L	es	Bundestag
B.L	es	Burkardroth
B.L	es	Centro político
B.L	es	Claudius Moseler
B.L	es	Corrupción política
B.L	es	Democracia directa
B.L	es	Derecha política
B.L	es	Die Republikaner
B.L	es	Ecologismo
B.L	es	Electores Libres
B.L	es	Emskirchen
B.L	es	Freie Demokratische Partei
B.L	es	Herbert Gruhl
B.L	es	Izquierda política
B.L	es	Kößlarn
B.L	es	Landtag
B.L	es	Mecklemburgo-Antepomerania
B.L	es	Mensch Umwelt Tierschutz
B.L	es	Múnich
B.L	es	Naciones Unidas
B.L	es	Niederalteich
B.L	es	Partido Gris
B.L	es	Partido Nacionaldemócrata de Alemania
B.L	es	Partido Socialdemócrata de Alemania
B.L	es	Partido de las Familias de Alemania
B.L	es	Partidos políticos de Alemania
B.L	es	Pfreimd
B.L	es	Política de Alemania
B.L	es	Ratisbona
B.L	es	Región Stuttgart
B.L	es	Suiza
B.L	es	Tasa Tobin
B.L	es	Unión Demócrata Cristiana de Alemania
B.L	es	Wikimedia Commons
B.L	es	World Ecological Parties
B.L	es	Würzburg
B.L	nds	Afdrieven
B.L	nds	Anduern Energie
B.L	nds	Ansbach
B.L	nds	Apen Breef
B.L	nds	Atomutstieg
B.L	nds	Backnang
B.L	nds	Baden-Württemberg
B.L	nds	Bayerisch Verfatengerichtshoff
B.L	nds	Bayerische Senat
B.L	nds	Bayern
B.L	nds	Bayernpartei
B.L	nds	Bernd Richter (ödp)
B.L	nds	Bottrop
B.L	nds	Bundsdagswahl 1983
B.L	nds	Bundsdagswahl 1990
B.L	nds	Bundsdagswahl 2005
B.L	nds	Bundsdagswahl 2009
B.L	nds	Bundsrepubliek Düütschland
B.L	nds	Bundsverfatensgericht
B.L	nds	Butenparlamentaarsch Oppositschoon
B.L	nds	Bündnis 90
B.L	nds	Bündnis 90/De Grönen
B.L	nds	CDU
B.L	nds	CSU
B.L	nds	Christendom
B.L	nds	Coburg
B.L	nds	De Deerschuulpartei
B.L	nds	De Grauen – Graue Panthers
B.L	nds	De Jungen Ökologen
B.L	nds	De Republiekaners
B.L	nds	Deerschuul
B.L	nds	Demokratie
B.L	nds	Düütsche Volksunion
B.L	nds	E.ON
B.L	nds	Edgar Guhde
B.L	nds	Ein Planet wird geplündert – Die Schreckensbilanz unserer Politik
B.L	nds	Ernst Ulrich von Weizsäcker
B.L	nds	Europääsch Gemeenschop
B.L	nds	Familien-Partei vun Düütschland
B.L	nds	Forstweertschop
B.L	nds	Frakschoonsgemeenschop
B.L	nds	Franz Alt (Journalist)
B.L	nds	Generalsekretär
B.L	nds	Gentechnik
B.L	nds	Globaliseren
B.L	nds	Grundgesett för de Bundsrepubliek Düütschland
B.L	nds	Gröne Akschoon Tokumst
B.L	nds	Hans-Joachim Ritter
B.L	nds	Hans Herbert von Arnim
B.L	nds	Hans Mangold
B.L	nds	Harry Rosin
B.L	nds	Haschisch
B.L	nds	Helmut Kohl
B.L	nds	Herbert Gruhl
B.L	nds	Karnenergie
B.L	nds	Karnkraftwark Temelín
B.L	nds	Kerosin
B.L	nds	Kinnergeld
B.L	nds	Klonen
B.L	nds	Konrad Buchwald
B.L	nds	Korrupschoon
B.L	nds	Landkreis Ravensburg
B.L	nds	Landkreis Rottweil
B.L	nds	Landweertschop
B.L	nds	Legaliseeren vun Drogen
B.L	nds	Listenverbinnen
B.L	nds	Lohnnevenkosten
B.L	nds	Lüttpartei
B.L	nds	Mainz
B.L	nds	Marihuana
B.L	nds	Massenvernichtenswapen
B.L	nds	Mehrweertstüer
B.L	nds	Memmingen
B.L	nds	Mobilfunk
B.L	nds	NATO
B.L	nds	Naholligkeit
B.L	nds	Natschonaldemokraatsche Partei vun Düütschland
B.L	nds	Nedderbayern
B.L	nds	Neoliberalismus
B.L	nds	Optuchtgehalt
B.L	nds	Parteidag
B.L	nds	Passau
B.L	nds	Pazifismus
B.L	nds	Petra Kelly
B.L	nds	Postmaterialismus
B.L	nds	Radioaktiv Affall
B.L	nds	Report Mainz
B.L	nds	Rhienland-Palz
B.L	nds	Robert Spaemann
B.L	nds	Saarland
B.L	nds	Satzung
B.L	nds	Scientology
B.L	nds	Sebastian Frankenberger
B.L	nds	Slogan
B.L	nds	Staatsteel
B.L	nds	Stiftung för Okologie un Demokratie
B.L	nds	Stiftung för Ökologie un Demokratie
B.L	nds	Straubing
B.L	nds	Studiengeböhren in Düütschland
B.L	nds	Stüer
B.L	nds	Susanne Bachmaier
B.L	nds	Swangerschopafbreken
B.L	nds	Süüdwestfunk
B.L	nds	Temelín
B.L	nds	Utstieg ut de Karnenergie
B.L	nds	Uwe Dolata
B.L	nds	Verdrag vun Lissabon
B.L	nds	Volkksentscheed
B.L	nds	Volksbegehren (Düütschland)
B.L	nds	Volksbegehren „Für echten Nichtraucherschutz!“
B.L	nds	Volksbegehren „Schlanker Staat ohne Senat“
B.L	nds	Volksbegehren „Schlanker Statt ohne Senat“
B.L	nds	Volksentscheed
B.L	nds	Wahlrecht
B.L	nds	Wiesbaden
B.L	nds	Wikimedia Commons
B.L	nds	Wolfgang Schäuble
B.L	nds	World Ecological Parties
B.L	nds	Würzborg
B.L	nds	Zivilkuraasch
B.L	nds	Ökofaschismus
B.L	nds	Ökologie
B.L	nds	ÖkologiePolitik
B.L	nds	Ökoloogsch-Demokraatsche Studerende
B.L	nds	Ökoloogsch Stüersystem
B.L	nds	Ümweltbewegen
B.L	nds	Ümweltpolitik
B.L	no	Abort
B.L	no	Bayern
B.L	no	Bundesverfassungsgericht
B.L	no	Bündnis 90/Die Grünen
B.L	no	CSU
B.L	no	Christlich-Soziale Union in Bayern
B.L	no	Christlich Demokratische Union
B.L	no	Den bayerske landdagen
B.L	no	Deutsche Volksunion
B.L	no	Die Linke
B.L	no	Forbundsdagen
B.L	no	Forbundsforsamlingen (Tyskland)
B.L	no	Forbundsminister (Tyskland)
B.L	no	Forbundsrådet (Tyskland)
B.L	no	Freie Demokratische Partei
B.L	no	Grüne Aktion Zukunft
B.L	no	Herbert Gruhl
B.L	no	Liste over Landkreise i Tyskland
B.L	no	Liste over politiske partier i Tyskland
B.L	no	Nationaldemokratische Partei Deutschlands
B.L	no	Piratenpartei Deutschland
B.L	no	Republikanerne (Tyskland)
B.L	no	Sozialdemokratische Partei Deutschlands
B.L	no	Tyskland
B.L	no	Tysklands delstater
B.L	no	Tysklands kanslere
B.L	no	Tysklands politiske system
B.L	no	Tysklands president
B.L	no	Tysklands regjering
B.L	no	Tysklands valg
B.L	no	Würzburg
B.L	no	Wikipedia:Portaler
B.L	no	Portal:Tyskland
B.L	bar	Drogen
B.L	bar	HKS-Farbfächer
B.L	bar	Wiesbaden
B.L	bar	World Ecological Parties
B.L	bar	Würzburg
CN	de	Ökologisch-Demokratische_Partei
IWL	fr	Parti écologiste-démocrate
IWL	eo	Ekologie Demokratia Partio
IWL	en	Ecological Democratic Party
IWL	es	Partido Ecológico-Democrático
IWL	nds	Ökoloogsch-Demokraatsche Partei
IWL	no	Ökologisch-Demokratische Partei
IWL	bar	Ökologisch-Demokratische Partei
