A.L	de	Haus Henkel
A.L	de	Henckel
A.L	de	Henckell
A.L	de	Henkel (Familienname)
A.L	de	Henkel (Griff)
A.L	de	Henkel (Unternehmen)
A.L	de	Henkell
A.L	de	Humpen
A.L	de	Kletterhalle
A.L	de	Wikipedia:Begriffsklärung
B.L	en	Andrea Henkel
B.L	en	Given name
B.L	en	Heike Henkel
B.L	en	Henckel-Rennen
B.L	en	Henckel von Donnersmarck
B.L	en	Henkle v. Gregory
B.L	en	Henner Henkel
B.L	en	Herbert L. Henkel
B.L	en	J. A. Henckels
B.L	en	Kim Henkel
B.L	en	Manuela Henkel
B.L	en	Rainer Henkel
B.L	en	Surname
B.L	en	ZTreeWin
B.L	en	Wikipedia:Linking
B.L	es	A.Henkel
B.L	es	Andrea Henkel
B.L	es	Autor de nombre científico
B.L	es	F.Henkel
B.L	es	Friedrich Henkel
B.L	es	H.Henkel
B.L	es	Heike Henkel
B.L	es	Henkel (empresa)
B.L	es	Henner Henkel
B.L	es	Johann Baptist Henkel
B.L	es	M.Henkel
B.L	es	T.W.Henkel
B.L	es	Wikipedia:Ambigüedad en títulos
B.L	es	Wikipedia:Manual de estilo/páginas de desambiguación
B.L	cs	Andrea Henkel
B.L	cs	Heike Henkel
B.L	cs	Henner Henkel
B.L	cs	Jim Henkel
B.L	cs	Příjmení
B.L	cs	Wikipedie:Odkaz na rozcestník
B.L	cs	Wikipedie:Rozcestníky
B.L	cs	Wikipedie:Článek
B.L	pl	Andrea Henkel
B.L	pl	Heike Henkel
B.L	pl	Henkel
B.L	pl	Henner Henkel
B.L	pl	Rainer Henkel
B.L	pl	Wikipedia:Strona ujednoznaczniająca
B.L	nl	Andrea Henkel
B.L	nl	Fritz Henkel
B.L	nl	Henkel (motorfiets)
B.L	nl	Henkel KGaA
B.L	nl	Wikipedia:Doorverwijspagina
B.L	ru	Генкель, Александр Германович
B.L	ru	Генкель, Вильгельм
B.L	ru	Генкель, Йоханн Фридрих
B.L	ru	Генкель (река)
B.L	ru	Немецкий язык
B.L	ru	Википедия:Неоднозначность
B.L	ru	Википедия:Статья
B.L	ru	Википедия:Толкование ссылок
B.L	pt	Ana Paula Henkel
B.L	pt	Claudia Henkel
B.L	pt	Heike Henkel
B.L	pt	Henkel
B.L	pt	Wikipédia:Desambiguação
CN	de	Henkel
IWL	en	Henkel (surname)
IWL	es	Henkel
IWL	cs	Henkel
IWL	pl	Henkel (ujednoznacznienie)
IWL	nl	Henkel
IWL	ru	Генкель
IWL	pt	Henkel (desambiguação)
