A.L	en	.NET Framework
A.L	en	Apache ACE
A.L	en	Apache Abdera
A.L	en	Apache ActiveMQ
A.L	en	Apache Ant
A.L	en	Apache Aries
A.L	en	Apache Attic
A.L	en	Apache Avro
A.L	en	Apache Axis
A.L	en	Apache Beehive
A.L	en	Apache Bloodhound
A.L	en	Apache Buildr
A.L	en	Apache C++ Standard Library
A.L	en	Apache CXF
A.L	en	Apache Camel
A.L	en	Apache Cassandra
A.L	en	Apache Cayenne
A.L	en	Apache Chemistry
A.L	en	Apache Click
A.L	en	Apache CloudStack
A.L	en	Apache Cocoon
A.L	en	Apache Commons
A.L	en	Apache Composer
A.L	en	Apache Continuum
A.L	en	Apache Cordova
A.L	en	Apache Derby
A.L	en	Apache Directory Server
A.L	en	Apache Empire-db
A.L	en	Apache Excalibur
A.L	en	Apache Felix
A.L	en	Apache Forrest
A.L	en	Apache Geronimo
A.L	en	Apache Gump
A.L	en	Apache HTTP Server
A.L	en	Apache Hama
A.L	en	Apache Harmony
A.L	en	Apache Hive
A.L	en	Apache HiveMind
A.L	en	Apache Incubator
A.L	en	Apache Ivy
A.L	en	Apache JMeter
A.L	en	Apache Jackrabbit
A.L	en	Apache James
A.L	en	Apache Jelly
A.L	en	Apache Karaf
A.L	en	Apache Lenya
A.L	en	Apache Libcloud
A.L	en	Apache License
A.L	en	Apache MINA
A.L	en	Apache Mahout
A.L	en	Apache Maven
A.L	en	Apache MyFaces
A.L	en	Apache ODE
A.L	en	Apache OFBiz
A.L	en	Apache OpenEJB
A.L	en	Apache OpenJPA
A.L	en	Apache POI
A.L	en	Apache Pivot
A.L	en	Apache Portable Runtime
A.L	en	Apache Qpid
A.L	en	Apache River
A.L	en	Apache Roller
A.L	en	Apache ServiceMix
A.L	en	Apache Shale
A.L	en	Apache Shindig
A.L	en	Apache Shiro
A.L	en	Apache Sling
A.L	en	Apache Software Foundation
A.L	en	Apache Software License
A.L	en	Apache Solr
A.L	en	Apache Stanbol
A.L	en	Apache Struts
A.L	en	Apache Subversion
A.L	en	Apache Tapestry
A.L	en	Apache Thrift
A.L	en	Apache Tika
A.L	en	Apache Tomcat
A.L	en	Apache Tuscany
A.L	en	Apache Velocity
A.L	en	Apache Wave
A.L	en	Apache Wicket
A.L	en	Apache Wink
A.L	en	Apache XAP
A.L	en	Apache ZooKeeper
A.L	en	Apache log4net
A.L	en	AxKit
A.L	en	Batik (software)
A.L	en	Bean Scripting Framework
A.L	en	BlueSky Open Platform
A.L	en	Byte Code Engineering Library
A.L	en	C++
A.L	en	C Sharp (programming language)
A.L	en	Chainsaw (log file viewer)
A.L	en	Commons Daemon
A.L	en	Commons Imaging
A.L	en	Compass Project
A.L	en	CouchDB
A.L	en	Cross-platform
A.L	en	DocFetcher
A.L	en	Doug Cutting
A.L	en	Droids (Lucene)
A.L	en	EGranary Digital Library
A.L	en	ElasticSearch
A.L	en	Ferret search library
A.L	en	File format
A.L	en	Formatting Objects Processor
A.L	en	Free software
A.L	en	HBase
A.L	en	HDFS
A.L	en	HTML
A.L	en	Hadoop
A.L	en	Hibernate search
A.L	en	IBATIS
A.L	en	Index (search engine)
A.L	en	Information extraction
A.L	en	Information retrieval
A.L	en	International Standard Book Number
A.L	en	Internet Archive
A.L	en	Internet search engine
A.L	en	JSPWiki
A.L	en	Jakarta Cactus
A.L	en	Jakarta Project
A.L	en	Jakarta Slide
A.L	en	Java (programming language)
A.L	en	Java Search Engine Framework
A.L	en	KinoSearch
A.L	en	LGTE
A.L	en	Library (computing)
A.L	en	List of information retrieval libraries
A.L	en	List of software categories
A.L	en	Log4j
A.L	en	Lucene.net
A.L	en	Lucy (Lucene)
A.L	en	Manning Publications
A.L	en	Microsoft Word
A.L	en	Mod perl
A.L	en	Multiplatform
A.L	en	Nutch
A.L	en	Object Pascal
A.L	en	OpenDocument
A.L	en	OpenOffice
A.L	en	Open Relevance Project
A.L	en	Open source software
A.L	en	Operating system
A.L	en	PHP
A.L	en	Parsers
A.L	en	Perl
A.L	en	Portable Document Format
A.L	en	PyLucene
A.L	en	Python (programming language)
A.L	en	Ruby (programming language)
A.L	en	Search algorithm
A.L	en	Software developer
A.L	en	Software license
A.L	en	Software release life cycle
A.L	en	Solr
A.L	en	SourceForge
A.L	en	SpamAssassin
A.L	en	Sphinx (search engine)
A.L	en	Text mining
A.L	en	Traffic Server
A.L	en	UIMA
A.L	en	Web spider
A.L	en	XMLBeans
A.L	en	Xalan
A.L	en	Xapian
A.L	en	Xerces
A.L	en	Talk:Lucene
A.L	en	Wikipedia:Citation needed
A.L	en	Wikipedia:Manual of Style/Dates and numbers
A.L	en	Wikipedia:Merging
A.L	en	Wikipedia:Verifiability
A.L	en	Template:Apache
A.L	en	Template:Citation needed
A.L	en	Template:Portal/Images/Free software
A.L	en	Template talk:Apache
A.L	en	Help:Introduction to referencing/1
A.L	en	Category:Articles needing additional references from February 2012
A.L	en	Category:Articles to be merged from May 2011
A.L	en	Category:Articles with unsourced statements from October 2012
A.L	en	Category:Vague or ambiguous time from August 2012
A.L	en	Portal:Free software
B.L	fr	2004
B.L	fr	2012 en informatique
B.L	fr	2013 en informatique
B.L	fr	22 janvier
B.L	fr	22 janvier en informatique
B.L	fr	25 décembre
B.L	fr	25 décembre en informatique
B.L	fr	Algorithme de tri
B.L	fr	Apache Ant
B.L	fr	Apache Hadoop
B.L	fr	Apache Jakarta
B.L	fr	Apache Nutch
B.L	fr	Apache Software Foundation
B.L	fr	Apache Solr
B.L	fr	Apache Tapestry
B.L	fr	Apache Tika
B.L	fr	C++
B.L	fr	Classe (informatique)
B.L	fr	Classification décimale de Dewey
B.L	fr	Common Lisp
B.L	fr	Delphi (langage)
B.L	fr	Doug Cutting
B.L	fr	Décembre 2012
B.L	fr	Décembre 2012 en informatique
B.L	fr	Décomposition analytique
B.L	fr	Développeur
B.L	fr	ElasticSearch
B.L	fr	Ferret (moteur de recherche)
B.L	fr	Fondation Apache
B.L	fr	Hibernate search
B.L	fr	Index (base de données)
B.L	fr	Index terminologique
B.L	fr	Indexation automatique
B.L	fr	Indexation automatique de documents
B.L	fr	Internet
B.L	fr	Janvier 2013
B.L	fr	Janvier 2013 en informatique
B.L	fr	Java (langage)
B.L	fr	Langage de programmation dynamique
B.L	fr	Langage naturel
B.L	fr	Licence Apache
B.L	fr	Licence de logiciel
B.L	fr	Licence publique générale limitée GNU
B.L	fr	Logiciel libre
B.L	fr	MapReduce
B.L	fr	Moteur de recherche
B.L	fr	Multiplateforme
B.L	fr	Métadonnée
B.L	fr	Open source
B.L	fr	Optimisation pour les moteurs de recherche
B.L	fr	PHP
B.L	fr	Perl (langage)
B.L	fr	Programmation orientée objet
B.L	fr	Python (langage)
B.L	fr	Recherche d'information
B.L	fr	Repository
B.L	fr	Ruby
B.L	fr	Référencement
B.L	fr	Site web
B.L	fr	SourceForge.net
B.L	fr	Sphinx (moteur de recherche)
B.L	fr	Subversion (logiciel)
B.L	fr	Système de fichiers
B.L	fr	Version d'un logiciel
B.L	fr	Xapian
B.L	fr	Modèle:Dernière version avancée/Lucene
B.L	fr	Modèle:Dernière version stable/Lucene
B.L	fr	Catégorie:Portail:Logiciels libres/Articles liés
B.L	fr	Portail:Logiciels libres
B.L	de	.NET
B.L	de	Akronym
B.L	de	Apache-Lizenz
B.L	de	Apache POI
B.L	de	Apache Software Foundation
B.L	de	Apache Tomcat
B.L	de	Betriebssystem
B.L	de	Bot
B.L	de	C-Sharp
B.L	de	CNET
B.L	de	C (Programmiersprache)
B.L	de	Crawler
B.L	de	Dynamische Programmiersprache
B.L	de	EMC Corporation
B.L	de	Echtzeit
B.L	de	Extensible Markup Language
B.L	de	Framework
B.L	de	Freie Software
B.L	de	Gemeinsame Normdatei
B.L	de	Hypertext Transfer Protocol
B.L	de	Indexstruktur
B.L	de	Jakarta-Projekt
B.L	de	Java-Laufzeitumgebung
B.L	de	JavaScript Object Notation
B.L	de	Java (Programmiersprache)
B.L	de	Java (Technik)
B.L	de	Jetty
B.L	de	Lokalisierung (Softwareentwicklung)
B.L	de	Metadaten
B.L	de	Migration (Informationstechnik)
B.L	de	Nutch
B.L	de	Open Source
B.L	de	Parser
B.L	de	Perl (Programmiersprache)
B.L	de	Plattformunabhängigkeit
B.L	de	Portable Document Format
B.L	de	Programmbibliothek
B.L	de	Programmierschnittstelle
B.L	de	Programmiersprache
B.L	de	Python (Programmiersprache)
B.L	de	Resin (Java)
B.L	de	Servlet
B.L	de	Skalierbarkeit
B.L	de	Softwareentwickler
B.L	de	SourceForge
B.L	de	Sprachanbindung
B.L	de	Strukturierter Text
B.L	de	Suchalgorithmus
B.L	de	Twitter
B.L	de	Version (Software)
B.L	de	Volltextsuche
B.L	de	Wikimedia Foundation
B.L	de	Wikipedia
B.L	de	World Wide Web
B.L	de	Wrapper (Software)
B.L	eo	.NET
B.L	eo	Apache-Softvarlicenso
B.L	eo	Apache Softvaro-Fonduso
B.L	eo	C
B.L	eo	Compass
B.L	eo	Delfo
B.L	eo	DocFetcher
B.L	eo	Dosierformato
B.L	eo	Doug Cutting
B.L	eo	EGranary Digital Library
B.L	eo	ElasticSearch
B.L	eo	HTML
B.L	eo	Hadoop
B.L	eo	Hibernate search
B.L	eo	Informekstraktado
B.L	eo	Internet Archive
B.L	eo	Jakarta
B.L	eo	LGTE
B.L	eo	Libera
B.L	eo	Listo de informserĉadaj bibliotekoj
B.L	eo	Lucene.NET
B.L	eo	Mahout
B.L	eo	Microsoft Word
B.L	eo	Nutch
B.L	eo	OpenDocument
B.L	eo	PDF
B.L	eo	PHP
B.L	eo	Perl
B.L	eo	Python
B.L	eo	Ruby
B.L	eo	Serĉilo
B.L	eo	Softvaro
B.L	eo	Solr
B.L	eo	SourceForge
B.L	eo	Sphinx (serĉilo)
B.L	eo	Tekstoindicigo
B.L	eo	Tekstominado
B.L	eo	Trolado
B.L	eo	Xapio
B.L	eo	Ŝablono:Lingve poluru
B.L	eo	Ŝablono:Lingve poluru/dokumentado
B.L	eo	Ŝablono:Lingve poluru/kultura
B.L	eo	Ŝablono:Lingve poluru/rektatraduko
B.L	eo	Ŝablono:Lingve poluru/terminologio
B.L	eo	Projekto:WikiTrans
B.L	es	1999
B.L	es	Apache Software Foundation
B.L	es	Apache Software License
B.L	es	Araña web
B.L	es	Buscador
B.L	es	C++
B.L	es	C Sharp
B.L	es	Código abierto
B.L	es	Fases del desarrollo de software
B.L	es	HTML
B.L	es	Idioma español
B.L	es	Interfaz de programación de aplicaciones
B.L	es	Lenguaje de programación
B.L	es	Lenguaje de programación Java
B.L	es	Licencia de software
B.L	es	Microsoft Word
B.L	es	Motores de búsquedas
B.L	es	Nutch
B.L	es	Object Pascal
B.L	es	PDF
B.L	es	PHP
B.L	es	Perl
B.L	es	Python
B.L	es	Recuperación de información
B.L	es	Ruby
B.L	es	Anexo:Géneros de software
B.L	no	Apache-lisensen
B.L	no	Apache Mahout
B.L	no	Apache Software Foundation
B.L	no	Apache Tika
B.L	no	Apache programvarelisens
B.L	no	Attivio AIE
B.L	no	C++
B.L	no	C Sharp
B.L	no	Compass-prosjektet
B.L	no	Doug Cutting
B.L	no	ElasticSearch
B.L	no	Fri programvare
B.L	no	HTML
B.L	no	Hadoop
B.L	no	ISBN
B.L	no	Indeks (data-teknologi)
B.L	no	Indeksering
B.L	no	Informasjonsgjenfinning
B.L	no	Internett søkemotor
B.L	no	Jakarta Project
B.L	no	Java (programmeringsspråk)
B.L	no	Lucene.net
B.L	no	Lucene Java
B.L	no	Lucy (Lucene)
B.L	no	Microsoft Word
B.L	no	Nutch
B.L	no	Objektpascal
B.L	no	OpenDocument
B.L	no	Open Relevance Project
B.L	no	PHP
B.L	no	Perl
B.L	no	Portable Document Format
B.L	no	Programvarebibliotek
B.L	no	PyLucene
B.L	no	Python (programmeringsspråk)
B.L	no	Ruby (programmeringsspråk)
B.L	no	Solr
B.L	no	SourceForge
B.L	no	Søkerobot
B.L	no	Søketeknologi
B.L	no	Åpen kildekode
B.L	ml	2012
B.L	ml	Apache ACE
B.L	ml	Apache Abdera
B.L	ml	Apache ActiveMQ
B.L	ml	Apache Aries
B.L	ml	Apache Avro
B.L	ml	Apache Beehive
B.L	ml	Apache Buildr
B.L	ml	Apache C++ Standard Library
B.L	ml	Apache CXF
B.L	ml	Apache Cassandra
B.L	ml	Apache Cayenne
B.L	ml	Apache Click
B.L	ml	Apache Cocoon
B.L	ml	Apache Commons
B.L	ml	Apache Composer
B.L	ml	Apache Continuum
B.L	ml	Apache Derby
B.L	ml	Apache Directory Server
B.L	ml	Apache Empire-db
B.L	ml	Apache Excalibur
B.L	ml	Apache Felix
B.L	ml	Apache Forrest
B.L	ml	Apache Geronimo
B.L	ml	Apache Gump
B.L	ml	Apache Hama
B.L	ml	Apache Harmony
B.L	ml	Apache Hive
B.L	ml	Apache HiveMind
B.L	ml	Apache Incubator
B.L	ml	Apache Ivy
B.L	ml	Apache JMeter
B.L	ml	Apache Jackrabbit
B.L	ml	Apache James
B.L	ml	Apache Jelly
B.L	ml	Apache Karaf
B.L	ml	Apache Lenya
B.L	ml	Apache Libcloud
B.L	ml	Apache MINA
B.L	ml	Apache Mahout
B.L	ml	Apache Maven
B.L	ml	Apache MyFaces
B.L	ml	Apache ODE
B.L	ml	Apache OFBiz
B.L	ml	Apache OpenEJB
B.L	ml	Apache OpenJPA
B.L	ml	Apache POI
B.L	ml	Apache Pivot
B.L	ml	Apache Portable Runtime
B.L	ml	Apache Qpid
B.L	ml	Apache River
B.L	ml	Apache Roller
B.L	ml	Apache Sanselan
B.L	ml	Apache ServiceMix
B.L	ml	Apache Shale
B.L	ml	Apache Shindig
B.L	ml	Apache Shiro
B.L	ml	Apache Sling
B.L	ml	Apache Solr
B.L	ml	Apache Struts
B.L	ml	Apache Tapestry
B.L	ml	Apache Thrift
B.L	ml	Apache Tika
B.L	ml	Apache Tuscany
B.L	ml	Apache Velocity
B.L	ml	Apache Wicket
B.L	ml	Apache Wink
B.L	ml	Apache XAP
B.L	ml	Apache ZooKeeper
B.L	ml	Apache log4net
B.L	ml	AxKit
B.L	ml	Batik (software)
B.L	ml	Bean Scripting Framework
B.L	ml	BlueSky Open Platform
B.L	ml	Byte Code Engineering Library
B.L	ml	Chainsaw (log file viewer)
B.L	ml	CloudStack
B.L	ml	Commons Daemon
B.L	ml	CouchDB
B.L	ml	Droids (Lucene)
B.L	ml	Formatting Objects Processor
B.L	ml	HBase
B.L	ml	HDFS
B.L	ml	IBATIS
B.L	ml	Index (search engine)
B.L	ml	JSPWiki
B.L	ml	Jakarta Cactus
B.L	ml	Jakarta Project
B.L	ml	Jakarta Slide
B.L	ml	Java (programming language)
B.L	ml	List of software categories
B.L	ml	Log4j
B.L	ml	Lucene
B.L	ml	Lucene.net
B.L	ml	Lucy (Lucene)
B.L	ml	Mod perl
B.L	ml	Nutch
B.L	ml	Open Relevance Project
B.L	ml	Programming language
B.L	ml	PyLucene
B.L	ml	Search algorithm
B.L	ml	Software developer
B.L	ml	Software release life cycle
B.L	ml	SpamAssassin
B.L	ml	Traffic Server
B.L	ml	UIMA
B.L	ml	XMLBeans
B.L	ml	Xalan
B.L	ml	Xerces
B.L	ml	അപ്പാച്ചെ അനുമതിപത്രം
B.L	ml	അപ്പാച്ചെ ആക്സിസ്
B.L	ml	അപ്പാച്ചെ ആന്റ്
B.L	ml	അപ്പാച്ചെ ആറ്റിക്ക്
B.L	ml	അപ്പാച്ചെ ഓപ്പൺഓഫീസ്
B.L	ml	അപ്പാച്ചെ കെമിസ്ട്രി
B.L	ml	അപ്പാച്ചെ ക്യാമൽ
B.L	ml	അപ്പാച്ചെ ടോംക്യാറ്റ്
B.L	ml	അപ്പാച്ചെ നച്ച്
B.L	ml	അപ്പാച്ചെ വെബ് സർവർ
B.L	ml	അപ്പാച്ചെ സബ്‌വെർഷൻ
B.L	ml	അപ്പാച്ചെ സോഫ്റ്റ്‌വെയർ ഫൗണ്ടേഷൻ
B.L	ml	അപ്പാച്ചെ സോർ
B.L	ml	ഇലാസ്റ്റിക് സേർച്ച്
B.L	ml	ഒക്ടോബർ 12
B.L	ml	ഓപ്പറേറ്റിങ്ങ് സിസ്റ്റം
B.L	ml	കോംപസ്സ് പദ്ധതി
B.L	ml	ക്രോസ് പ്ലാറ്റ്ഫോം
B.L	ml	ജാവ (പ്രോഗ്രാമിങ് ഭാഷ)
B.L	ml	ഡഗ് കട്ടിംഗ്
B.L	ml	ഡെൽഫി
B.L	ml	ഡോക്ഫെച്ചർ
B.L	ml	പി.എച്ച്.പി
B.L	ml	പേൾ
B.L	ml	പൈത്തൺ
B.L	ml	ഫോൺഗ്യാപ്
B.L	ml	റൂബി
B.L	ml	ലൂസീൻ.നെറ്റ്
B.L	ml	വിവര വീണ്ടെടുക്കൽ
B.L	ml	സി++
B.L	ml	സി ഷാർപ്പ്
B.L	ml	സോഫ്റ്റ്വെയർ ലൈബ്രറി
B.L	ml	സോഫ്റ്റ്‌വെയർ അനുമതിപത്രം
B.L	ml	സ്വതന്ത്ര സോഫ്റ്റ്‌വെയർ
B.L	ml	ഹഡൂപ്പ്
B.L	ml	ഫലകം:Prettyurl
B.L	ml	ഫലകം:അപ്പാച്ചെ
B.L	ml	ഫലകത്തിന്റെ സംവാദം:അപ്പാച്ചെ
B.L	nl	Apache-licentie
B.L	nl	Apache Software Foundation
B.L	nl	Apache Software Licentie
B.L	nl	Application Programming Interface
B.L	nl	Application programming interface
B.L	nl	Besturingssysteem
B.L	nl	C++
B.L	nl	C♯
B.L	nl	Doug Cutting
B.L	nl	HTML
B.L	nl	Hadoop
B.L	nl	HyperText Markup Language
B.L	nl	Indexcijfer
B.L	nl	Information retrieval
B.L	nl	Internet
B.L	nl	Java (programmeertaal)
B.L	nl	MediaWiki
B.L	nl	Microsoft Word
B.L	nl	Multiplatform
B.L	nl	Nutch
B.L	nl	Opensourcesoftware
B.L	nl	PHP
B.L	nl	Parsing
B.L	nl	Perl (programmeertaal)
B.L	nl	Portable Document Format
B.L	nl	Programmeertaal
B.L	nl	Python (programmeertaal)
B.L	nl	Ruby (programmeertaal)
B.L	nl	Softwarelicentie
B.L	nl	Softwareontwikkelaar
B.L	nl	Spider
B.L	nl	Versienummer
B.L	nl	Webapplicatie
B.L	nl	Website
B.L	nl	Wikipedia
B.L	nl	Zoekmachine
B.L	nl	Portaal:Informatica
B.L	nl	Portaal:Vrije software
B.L	hu	A szoftverkiadás életciklusa
B.L	hu	Apache ACE
B.L	hu	Apache Abdera
B.L	hu	Apache ActiveMQ
B.L	hu	Apache Ant
B.L	hu	Apache Aries
B.L	hu	Apache Attic
B.L	hu	Apache Avro
B.L	hu	Apache Axis
B.L	hu	Apache Batik
B.L	hu	Apache Beehive
B.L	hu	Apache Buildr
B.L	hu	Apache C++ Standard Library
B.L	hu	Apache CXF
B.L	hu	Apache Camel
B.L	hu	Apache Cassandra
B.L	hu	Apache Cayenne
B.L	hu	Apache Chainsaw
B.L	hu	Apache Chemistry
B.L	hu	Apache Click
B.L	hu	Apache Cocoon
B.L	hu	Apache Commons
B.L	hu	Apache Composer
B.L	hu	Apache Continuum
B.L	hu	Apache CouchDB
B.L	hu	Apache Derby
B.L	hu	Apache Directory Server
B.L	hu	Apache Empire-db
B.L	hu	Apache Excalibur
B.L	hu	Apache Felix
B.L	hu	Apache Formatting Objects Processor
B.L	hu	Apache Forrest
B.L	hu	Apache Geronimo
B.L	hu	Apache Gump
B.L	hu	Apache HBase
B.L	hu	Apache HDFS
B.L	hu	Apache HTTP Server
B.L	hu	Apache Hadoop
B.L	hu	Apache Hama
B.L	hu	Apache Harmony
B.L	hu	Apache Hive
B.L	hu	Apache Incubator
B.L	hu	Apache Ivy
B.L	hu	Apache JMeter
B.L	hu	Apache Jackrabbit
B.L	hu	Apache James
B.L	hu	Apache Jelly
B.L	hu	Apache Karaf
B.L	hu	Apache Lenya
B.L	hu	Apache Libcloud
B.L	hu	Apache Licenc
B.L	hu	Apache Log4j
B.L	hu	Apache Lucene.net
B.L	hu	Apache MINA
B.L	hu	Apache Mahout
B.L	hu	Apache Maven
B.L	hu	Apache MyFaces
B.L	hu	Apache Nutch
B.L	hu	Apache ODE
B.L	hu	Apache OFBiz
B.L	hu	Apache OpenEJB
B.L	hu	Apache OpenJPA
B.L	hu	Apache POI
B.L	hu	Apache Pivot
B.L	hu	Apache Portable Runtime
B.L	hu	Apache Qpid
B.L	hu	Apache River
B.L	hu	Apache Roller
B.L	hu	Apache Sanselan
B.L	hu	Apache ServiceMix
B.L	hu	Apache Shale
B.L	hu	Apache Shindig
B.L	hu	Apache Shiro
B.L	hu	Apache Sling
B.L	hu	Apache Software Foundation
B.L	hu	Apache Solr
B.L	hu	Apache Sqoop
B.L	hu	Apache Struts
B.L	hu	Apache Subversion
B.L	hu	Apache Tapestry
B.L	hu	Apache Thrift
B.L	hu	Apache Tika
B.L	hu	Apache Tomcat
B.L	hu	Apache Tuscany
B.L	hu	Apache Velocity
B.L	hu	Apache Wicket
B.L	hu	Apache Wink
B.L	hu	Apache XAP
B.L	hu	Apache Xalan
B.L	hu	Apache Xerces
B.L	hu	Apache log4net
B.L	hu	AxKit
B.L	hu	Bean Scripting Framework
B.L	hu	BlueSky Open Platform
B.L	hu	Byte Code Engineering Library
B.L	hu	C++
B.L	hu	C Sharp
B.L	hu	CloudStack
B.L	hu	Commons Daemon
B.L	hu	Compass Project
B.L	hu	Delphi (programozási nyelv)
B.L	hu	Doug Cutting
B.L	hu	Droids (Lucene)
B.L	hu	EGranary Digital Library
B.L	hu	ElasticSearch
B.L	hu	Fájlformátum
B.L	hu	HTML
B.L	hu	Hadoop
B.L	hu	Hibernate search
B.L	hu	Hivemind (software)
B.L	hu	IBATIS
B.L	hu	Index (search engine)
B.L	hu	Information extraction
B.L	hu	Információ lekérő
B.L	hu	Internet Archive
B.L	hu	Internetes kereső motor
B.L	hu	JSPWiki
B.L	hu	Jakarta Cactus
B.L	hu	Jakarta Projekt
B.L	hu	Jakarta Slide
B.L	hu	Jakarta projekt
B.L	hu	Java (programozási nyelv)
B.L	hu	LGTE
B.L	hu	Library (computing)
B.L	hu	Licenc
B.L	hu	Lucene
B.L	hu	Lucy (Lucene)
B.L	hu	Manning Publications
B.L	hu	Microsoft Word
B.L	hu	Mod perl
B.L	hu	Multi-platform
B.L	hu	Nutch
B.L	hu	Nyílt forráskód
B.L	hu	OpenDocument
B.L	hu	OpenOffice.org
B.L	hu	Open Relevance Project
B.L	hu	Operációs rendszer
B.L	hu	PHP
B.L	hu	Parsers
B.L	hu	Perl (programozási nyelv)
B.L	hu	Portable Document Format
B.L	hu	Programozási nyelv
B.L	hu	PyLucene
B.L	hu	Python (programozási nyelv)
B.L	hu	RESTful
B.L	hu	Ruby (programozási nyelv)
B.L	hu	Search algorithm
B.L	hu	Solr
B.L	hu	SourceForge
B.L	hu	SpamAssassin
B.L	hu	Sphinx (search engine)
B.L	hu	Szabad szoftver
B.L	hu	Szoftverfejlesztő
B.L	hu	Text mining
B.L	hu	Traffic Server
B.L	hu	UIMA
B.L	hu	Web spider
B.L	hu	XMLBeans
B.L	hu	Xapian
B.L	hu	Sablon:Legfrissebb fejlesztői kiadás/Apache Lucene
B.L	hu	Sablon:Legfrissebb stabil kiadás/Apache Lucene
B.L	it	2013
B.L	it	22 gennaio
B.L	it	ANts P2P
B.L	it	Alfresco
B.L	it	Apache License
B.L	it	Apache Software Foundation
B.L	it	Apache Solr
B.L	it	Apache Tomcat
B.L	it	Application programming interface
B.L	it	Beagle (software)
B.L	it	C++
B.L	it	CNET
B.L	it	C Sharp
B.L	it	Chris Conrad
B.L	it	DSpace
B.L	it	Desktop search
B.L	it	Digitelematica
B.L	it	Docco
B.L	it	Doug Cutting
B.L	it	Faceted search
B.L	it	Flock (web browser)
B.L	it	Full text
B.L	it	HTML
B.L	it	Hadoop
B.L	it	IFile
B.L	it	Java (linguaggio)
B.L	it	Java (linguaggio di programmazione)
B.L	it	La Repubblica
B.L	it	Licenza (informatica)
B.L	it	Licenza libera
B.L	it	Linguaggio di programmazione
B.L	it	LiveJournal
B.L	it	LjFind
B.L	it	MMBase
B.L	it	Microsoft Word
B.L	it	Midgard (software)
B.L	it	Multipiattaforma
B.L	it	Nutch
B.L	it	Open source
B.L	it	PHP
B.L	it	Perl
B.L	it	Portable Document Format
B.L	it	Python
B.L	it	Ruby
B.L	it	Sistema operativo
B.L	it	Sito web
B.L	it	SubEthaMail
B.L	it	Sviluppatore software
B.L	it	Web application
B.L	it	Web browser
B.L	it	Web spider
B.L	it	Wikipedia
B.L	it	World wide web
B.L	it	Zimbra
B.L	it	Template:Software/Genere
B.L	it	Categoria:Application programming interface liberi
B.L	it	Portale:Software libero
B.L	it	Portale:Software libero/icona
B.L	it	Portale:Telematica
B.L	it	Portale:Telematica/icona
B.L	it	Portale:Web
B.L	it	Portale:Web/icona
B.L	ja	Apache Abdera
B.L	ja	Apache ActiveMQ
B.L	ja	Apache Ant
B.L	ja	Apache Avro
B.L	ja	Apache Axis
B.L	ja	Apache Axis2
B.L	ja	Apache Batik
B.L	ja	Apache C++ Standard Library
B.L	ja	Apache CXF
B.L	ja	Apache Cassandra
B.L	ja	Apache Cayenne
B.L	ja	Apache CeltiXfire
B.L	ja	Apache Cocoon
B.L	ja	Apache Commons
B.L	ja	Apache Commons Attributes
B.L	ja	Apache Commons BeanUtils
B.L	ja	Apache Commons Betwixt
B.L	ja	Apache Commons CLI
B.L	ja	Apache Commons Chain
B.L	ja	Apache Commons Codec
B.L	ja	Apache Commons Collections
B.L	ja	Apache Commons Configuration
B.L	ja	Apache Commons DBUtils
B.L	ja	Apache Commons Daemon
B.L	ja	Apache Commons Digester
B.L	ja	Apache Commons Discovery
B.L	ja	Apache Commons EL
B.L	ja	Apache Commons Email
B.L	ja	Apache Commons FileUpload
B.L	ja	Apache Commons IO
B.L	ja	Apache Commons JCI
B.L	ja	Apache Commons JXPath
B.L	ja	Apache Commons Jexl
B.L	ja	Apache Commons Lang
B.L	ja	Apache Commons Launcher
B.L	ja	Apache Commons Logging
B.L	ja	Apache Commons Math
B.L	ja	Apache Commons Modeler
B.L	ja	Apache Commons Net
B.L	ja	Apache Commons Pool
B.L	ja	Apache Commons Primitives
B.L	ja	Apache Commons Proxy
B.L	ja	Apache Commons SCXML
B.L	ja	Apache Commons Transaction
B.L	ja	Apache Commons VFS
B.L	ja	Apache Commons Validator
B.L	ja	Apache CouchDB
B.L	ja	Apache DB
B.L	ja	Apache DBCP
B.L	ja	Apache DdlUtils
B.L	ja	Apache Derby
B.L	ja	Apache Directory Server
B.L	ja	Apache FOP
B.L	ja	Apache Felix
B.L	ja	Apache Forrest
B.L	ja	Apache FtpServer
B.L	ja	Apache Geronimo
B.L	ja	Apache Graffito
B.L	ja	Apache Gump
B.L	ja	Apache HTTP Server
B.L	ja	Apache Hama
B.L	ja	Apache Harmony
B.L	ja	Apache Heraldry
B.L	ja	Apache Incubator
B.L	ja	Apache Ivy
B.L	ja	Apache JDO
B.L	ja	Apache Jackrabbit
B.L	ja	Apache James
B.L	ja	Apache Jelly
B.L	ja	Apache Jetspeed 1
B.L	ja	Apache Jetspeed 2
B.L	ja	Apache JuiCE
B.L	ja	Apache Kabuki
B.L	ja	Apache Lenya
B.L	ja	Apache License
B.L	ja	Apache Log4net
B.L	ja	Apache Logging
B.L	ja	Apache Lokahi
B.L	ja	Apache Lucene
B.L	ja	Apache Lucene.Net
B.L	ja	Apache Lucene4c
B.L	ja	Apache Lucy
B.L	ja	Apache Maven
B.L	ja	Apache Mina
B.L	ja	Apache MyFaces
B.L	ja	Apache NMaven
B.L	ja	Apache ODE
B.L	ja	Apache OFBiz
B.L	ja	Apache OpenEJB
B.L	ja	Apache OpenJPA
B.L	ja	Apache OpenOffice
B.L	ja	Apache POI
B.L	ja	Apache Pivot
B.L	ja	Apache Pluto
B.L	ja	Apache Portable Runtime
B.L	ja	Apache Portals
B.L	ja	Apache Qpid
B.L	ja	Apache River
B.L	ja	Apache Roller
B.L	ja	Apache Santuario
B.L	ja	Apache ServiceMix
B.L	ja	Apache Struts
B.L	ja	Apache Subversion
B.L	ja	Apache Synapse
B.L	ja	Apache Tapestry
B.L	ja	Apache Tcl
B.L	ja	Apache Tiles
B.L	ja	Apache Tomcat
B.L	ja	Apache Torque
B.L	ja	Apache TripleSoup
B.L	ja	Apache Tuscany
B.L	ja	Apache UIMA
B.L	ja	Apache Velocity
B.L	ja	Apache WSRP4J
B.L	ja	Apache WebWork 2
B.L	ja	Apache Wicket
B.L	ja	Apache Woden
B.L	ja	Apache XAP
B.L	ja	Apache XML
B.L	ja	Apache XML Graphics
B.L	ja	Apache XML Graphics Commons
B.L	ja	Apache Xalan
B.L	ja	Apache Xerces
B.L	ja	Apache Yoko
B.L	ja	Apache ZooKeeper
B.L	ja	Apache mod ftp
B.L	ja	Apache wadi
B.L	ja	Apacheソフトウェア財団
B.L	ja	AxKit
B.L	ja	Bean Scripting Framework
B.L	ja	Byte Code Engineering Library
B.L	ja	HDFS
B.L	ja	Hadoop
B.L	ja	IBATIS
B.L	ja	JMeter
B.L	ja	Jakarta HttpComponents
B.L	ja	Jakarta JCS
B.L	ja	Jakarta ORO
B.L	ja	Jakarta Project
B.L	ja	Java
B.L	ja	Log4Cxx
B.L	ja	Log4PHP
B.L	ja	Log4PLSQL
B.L	ja	Log4Perl
B.L	ja	Log4j
B.L	ja	MeCab
B.L	ja	Mod perl
B.L	ja	Nutch
B.L	ja	Sen
B.L	ja	Solr
B.L	ja	SpamAssassin
B.L	ja	Turbine
B.L	ja	Web Services Invocation Framework
B.L	ja	XMLBeans
B.L	ja	全文検索
B.L	ja	形態素解析
B.L	ja	検索エンジン
B.L	ja	Template:Apache
B.L	ja	Template‐ノート:Apache
B.L	vi	.NET
B.L	vi	2000
B.L	vi	2001
B.L	vi	ANts P2P
B.L	vi	Apache Software Foundation
B.L	vi	Apache Tomcat
B.L	vi	Beagle (software)
B.L	vi	C++
B.L	vi	CBIR
B.L	vi	CNET
B.L	vi	C thăng
B.L	vi	Chris Conrad
B.L	vi	Chỉ mục
B.L	vi	Danh sách thể loại phần mềm
B.L	vi	Docco
B.L	vi	Dấu nhắc lệnh
B.L	vi	Flock (trình duyệt)
B.L	vi	Giao diện lập trình ứng dụng
B.L	vi	Giao diện người dùng đồ họa
B.L	vi	Giấy phép phần mềm
B.L	vi	Giấy phép phần mềm Apache
B.L	vi	Hệ điều hành
B.L	vi	Java (ngôn ngữ lập trình)
B.L	vi	LiveJournal
B.L	vi	LjFind
B.L	vi	Nhà phát triển phần mềm
B.L	vi	Nutch
B.L	vi	Perl
B.L	vi	Post
B.L	vi	Trình duyệt web
B.L	vi	Tìm kiếm
B.L	vi	Vòng đời phát hành phần mềm
B.L	vi	Web admin
B.L	vi	Website
B.L	vi	Wikipedia
B.L	vi	Zimbra
B.L	vi	Đa nền tảng
B.L	vi	Ứng dụng web
B.L	vi	Bản mẫu:Apache
B.L	tr	12 Ekim
B.L	tr	2008
B.L	tr	Apache ACE
B.L	tr	Apache Abdera
B.L	tr	Apache ActiveMQ
B.L	tr	Apache Ant
B.L	tr	Apache Aries
B.L	tr	Apache Attic
B.L	tr	Apache Axis
B.L	tr	Apache Beehive
B.L	tr	Apache Buildr
B.L	tr	Apache C++ Standard Library
B.L	tr	Apache CXF
B.L	tr	Apache Camel
B.L	tr	Apache Cassandra
B.L	tr	Apache Cayenne
B.L	tr	Apache Click
B.L	tr	Apache Cocoon
B.L	tr	Apache Composer
B.L	tr	Apache Continuum
B.L	tr	Apache Derby
B.L	tr	Apache Directory Server
B.L	tr	Apache Empire-db
B.L	tr	Apache Excalibur
B.L	tr	Apache Felix
B.L	tr	Apache Forrest
B.L	tr	Apache Geronimo
B.L	tr	Apache Gump
B.L	tr	Apache HTTP Sunucusu
B.L	tr	Apache Hama
B.L	tr	Apache Harmony
B.L	tr	Apache Hive
B.L	tr	Apache Ivy
B.L	tr	Apache Jackrabbit
B.L	tr	Apache James
B.L	tr	Apache Jelly
B.L	tr	Apache Karaf
B.L	tr	Apache Lenya
B.L	tr	Apache Libcloud
B.L	tr	Apache Lisansı
B.L	tr	Apache MINA
B.L	tr	Apache Mahout
B.L	tr	Apache Maven
B.L	tr	Apache MyFaces
B.L	tr	Apache ODE
B.L	tr	Apache OFBiz
B.L	tr	Apache OpenEJB
B.L	tr	Apache OpenJPA
B.L	tr	Apache POI
B.L	tr	Apache Pivot
B.L	tr	Apache Portable Runtime
B.L	tr	Apache Qpid
B.L	tr	Apache River
B.L	tr	Apache Roller
B.L	tr	Apache Sanselan
B.L	tr	Apache ServiceMix
B.L	tr	Apache Shale
B.L	tr	Apache Shiro
B.L	tr	Apache Sling
B.L	tr	Apache Struts
B.L	tr	Apache Subversion
B.L	tr	Apache Tapestry
B.L	tr	Apache Tika
B.L	tr	Apache Tomcat
B.L	tr	Apache Tuscany
B.L	tr	Apache Velocity
B.L	tr	Apache Wicket
B.L	tr	Apache Wink
B.L	tr	Apache XAP
B.L	tr	Apache Yazılım Derneği
B.L	tr	Apache Yazılım Lisansı
B.L	tr	Apache Yazılım Vakfı
B.L	tr	Apache log4net
B.L	tr	Arama algoritması
B.L	tr	Arama motoru
B.L	tr	Avro (serialization system)
B.L	tr	Avrupa Biyoinformatik Enstitüsü
B.L	tr	AxKit
B.L	tr	Ayrıştırma
B.L	tr	Batik (software)
B.L	tr	Bean Scripting Framework
B.L	tr	BlueSky Open Platform
B.L	tr	Byte Code Engineering Library
B.L	tr	C++
B.L	tr	C Sharp (programlama dili)
B.L	tr	Chainsaw (log file viewer)
B.L	tr	Chris Conrad
B.L	tr	Commons Daemon
B.L	tr	Compass Project
B.L	tr	CouchDB
B.L	tr	Delphi (programlama dili)
B.L	tr	Dosya biçimi
B.L	tr	Doug Cutting
B.L	tr	Droids (Lucene)
B.L	tr	Formatting Objects Processor
B.L	tr	HBase
B.L	tr	HDFS
B.L	tr	HTML
B.L	tr	Hadoop
B.L	tr	Hibernate search
B.L	tr	Hivemind (software)
B.L	tr	JMeter
B.L	tr	JSPWiki
B.L	tr	Jakarta Cactus
B.L	tr	Jakarta Slide
B.L	tr	Java (programlama dili)
B.L	tr	Kütüphane (bilişim)
B.L	tr	Listeleme
B.L	tr	Log4j
B.L	tr	Lucene.net
B.L	tr	Lucy (Lucene)
B.L	tr	Microsoft Word
B.L	tr	Mod perl
B.L	tr	Nutch
B.L	tr	Open Relevance Project
B.L	tr	PDF
B.L	tr	PHP
B.L	tr	Perl
B.L	tr	Programlama dili
B.L	tr	PyLucene
B.L	tr	Python (programlama dili)
B.L	tr	Ruby (programlama dili)
B.L	tr	Shindig (software)
B.L	tr	Solr
B.L	tr	SpamAssassin
B.L	tr	Thrift (protocol)
B.L	tr	Traffic Server
B.L	tr	Tüm platformlar
B.L	tr	UIMA
B.L	tr	Web sitesi
B.L	tr	XMLBeans
B.L	tr	Xerces
B.L	tr	Yazılım geliştiricisi
B.L	tr	Yazılım lisansı
B.L	tr	Özgür yazılım
B.L	tr	İBATIS
B.L	tr	İşletim sistemi
B.L	tr	Şablon:Apache Yazılım Vakfı
B.L	tr	Şablon tartışma:Apache Yazılım Vakfı
B.L	th	DSpace
B.L	th	Docco
B.L	th	Doug Cutting
B.L	th	HTML
B.L	th	PDF
B.L	th	การค้นคืนข้อความแบบเต็มรูปแบบ
B.L	th	การค้นคืนสารสนเทศ
B.L	th	การค้นหาข้อมูล
B.L	th	การค้นหาในเครื่องส่วนบุคคล
B.L	th	การสร้างดัชนี
B.L	th	การสร้างดัชนีข้อความอย่างเต็มรูปแบบ
B.L	th	ข้ามแพลตฟอร์ม
B.L	th	ซอฟต์แวร์เสรี
B.L	th	ซอฟต์แวร์โอเพนซอร์ส
B.L	th	นักพัฒนาซอฟต์แวร์
B.L	th	บีเกิล
B.L	th	ภาษาจาวา
B.L	th	ภาษาซีชาร์ป
B.L	th	ภาษาซีพลัสพลัส
B.L	th	ภาษาพีเอชพี
B.L	th	ภาษารูบี้
B.L	th	ภาษาเพิร์ล
B.L	th	ภาษาไพทอน
B.L	th	มูลนิธิซอฟต์แวร์อาแพชี
B.L	th	ระบบปฏิบัติการ
B.L	th	รายชื่อหมวดหมู่ของซอฟท์แวร์
B.L	th	รูปแบบไฟล์
B.L	th	ลิขสิทธิ์ซอฟต์แวร์
B.L	th	วงจรชีวิตของการพัฒนาซอฟต์แวร์
B.L	th	วิกิพีเดีย
B.L	th	วิกิพีเดียภาษาไทย
B.L	th	สัญญาอนุญาตซอฟต์แวร์อาแพชี
B.L	th	ส่วนต่อประสานโปรแกรมประยุกต์
B.L	th	อินเทอร์เน็ต
B.L	th	เขตข้อมูล
B.L	th	เครื่องมือช่วยค้นหาข้อมูล
B.L	th	เครื่องมือรวบรวมเว็บเพจ
B.L	th	เว็บไซต์
B.L	th	เอกสารไมโครซอฟท์เวิร์ด
B.L	th	โปรแกรมแจงโครงสร้าง
B.L	th	วิกิพีเดีย:หน่วยเก็บกวาดเฉพาะกิจ/สังคายนาวิกิพีเดียไทยรอบ ๒
B.L	ru	2013
B.L	ru	3 апреля
B.L	ru	AGAKIDS
B.L	ru	Accoona
B.L	ru	Adobe Flex
B.L	ru	Alleba
B.L	ru	Alltheweb
B.L	ru	AltaVista
B.L	ru	Ansearch
B.L	ru	Apache
B.L	ru	Apache Abdera
B.L	ru	Apache ActiveMQ
B.L	ru	Apache Ant
B.L	ru	Apache Attic
B.L	ru	Apache Axis
B.L	ru	Apache Axis2
B.L	ru	Apache Beehive
B.L	ru	Apache CXF
B.L	ru	Apache Camel
B.L	ru	Apache Cassandra
B.L	ru	Apache Cayenne
B.L	ru	Apache CeltiXfire
B.L	ru	Apache Cocoon
B.L	ru	Apache Commons
B.L	ru	Apache DB
B.L	ru	Apache DdlUtils
B.L	ru	Apache Derby
B.L	ru	Apache Directory Server
B.L	ru	Apache EWS
B.L	ru	Apache Excalibur
B.L	ru	Apache Felix
B.L	ru	Apache Forrest
B.L	ru	Apache FtpServer
B.L	ru	Apache Graffito
B.L	ru	Apache Gump
B.L	ru	Apache Harmony
B.L	ru	Apache Heraldry
B.L	ru	Apache Incubator
B.L	ru	Apache Ivy
B.L	ru	Apache JDO
B.L	ru	Apache Jackrabbit
B.L	ru	Apache Jakarta POI
B.L	ru	Apache Jakarta Project
B.L	ru	Apache James
B.L	ru	Apache JaxMe
B.L	ru	Apache JuiCE
B.L	ru	Apache Kabuki
B.L	ru	Apache Kandula
B.L	ru	Apache Lenya
B.L	ru	Apache License
B.L	ru	Apache Log4net
B.L	ru	Apache Lokahi
B.L	ru	Apache Lucene.Net
B.L	ru	Apache Lucene4c
B.L	ru	Apache Lucy
B.L	ru	Apache Maven
B.L	ru	Apache Mina
B.L	ru	Apache Mirae
B.L	ru	Apache Muse
B.L	ru	Apache MyFaces
B.L	ru	Apache NMaven
B.L	ru	Apache OFBiz
B.L	ru	Apache OJB
B.L	ru	Apache Ode
B.L	ru	Apache OpenEJB
B.L	ru	Apache OpenJPA
B.L	ru	Apache Portable Runtime
B.L	ru	Apache Portals
B.L	ru	Apache Pubscribe
B.L	ru	Apache Qpid
B.L	ru	Apache River
B.L	ru	Apache Roller
B.L	ru	Apache SOAP
B.L	ru	Apache Sandesha
B.L	ru	Apache Santuario
B.L	ru	Apache Scout
B.L	ru	Apache ServiceMix
B.L	ru	Apache Shale
B.L	ru	Apache Shiro
B.L	ru	Apache Software Foundation
B.L	ru	Apache Software License
B.L	ru	Apache Struts
B.L	ru	Apache Synapse
B.L	ru	Apache TSIK
B.L	ru	Apache Tcl
B.L	ru	Apache Tomcat
B.L	ru	Apache Torque
B.L	ru	Apache TripleSoup
B.L	ru	Apache Tuscany
B.L	ru	Apache UIMA
B.L	ru	Apache Velocity
B.L	ru	Apache WADI
B.L	ru	Apache WS-Commons
B.L	ru	Apache WSRF
B.L	ru	Apache WSRP4J
B.L	ru	Apache WSS4J
B.L	ru	Apache WebWork 2
B.L	ru	Apache Web Services
B.L	ru	Apache Woden
B.L	ru	Apache XAP
B.L	ru	Apache XML-RPC
B.L	ru	Apache Yoko
B.L	ru	Apache jUDDI
B.L	ru	Apache mod ftp
B.L	ru	Apache stdcxx
B.L	ru	Ask.com
B.L	ru	AskNet.ru
B.L	ru	Ask Kids
B.L	ru	AxKit
B.L	ru	Baidu
B.L	ru	Batik (software)
B.L	ru	Bean Scripting Framework
B.L	ru	Bing
B.L	ru	Blekko
B.L	ru	Brainboost
B.L	ru	Byte Code Engineering Library
B.L	ru	C++
B.L	ru	C Sharp
B.L	ru	Clusty
B.L	ru	CouchDB
B.L	ru	Cuil
B.L	ru	DataparkSearch
B.L	ru	Daum
B.L	ru	Delphi (язык программирования)
B.L	ru	Dogpile
B.L	ru	DuckDuckGo
B.L	ru	Egothor
B.L	ru	Exactus.ru
B.L	ru	Exalead
B.L	ru	Excite
B.L	ru	FarSEER
B.L	ru	FindBook.ru
B.L	ru	Formatting Objects Processor
B.L	ru	Frag Finn
B.L	ru	Geronimo Application Server
B.L	ru	Gigablast
B.L	ru	GlobalFileSearch
B.L	ru	Gonzui
B.L	ru	Google
B.L	ru	Grub (поисковая система)
B.L	ru	Guruji.com
B.L	ru	HBase
B.L	ru	Hadoop
B.L	ru	Hivemind (software)
B.L	ru	HotBot
B.L	ru	Ht-//dig
B.L	ru	IBATIS
B.L	ru	Info.com
B.L	ru	Inktomi
B.L	ru	Isearch
B.L	ru	Ixquick
B.L	ru	JMeter
B.L	ru	Jakarta Cactus
B.L	ru	Jakarta ECS
B.L	ru	Jakarta HttpComponents
B.L	ru	Jakarta JCS
B.L	ru	Jakarta ORO
B.L	ru	Jakarta Regexp
B.L	ru	Jakarta Slide
B.L	ru	Jakarta Taglibs
B.L	ru	Jakarta Turbine
B.L	ru	Java
B.L	ru	Kids AOL
B.L	ru	Kids Yahoo!
B.L	ru	Krozilo
B.L	ru	Lemur Toolkit & Indri Search Engine
B.L	ru	Lexxe
B.L	ru	Lisp
B.L	ru	Locust
B.L	ru	Log4j
B.L	ru	Maktoob
B.L	ru	Mamma
B.L	ru	Meta.ua
B.L	ru	MetaLib
B.L	ru	Metacrawler
B.L	ru	Miner.hu
B.L	ru	MnoGoSearch
B.L	ru	Mod perl
B.L	ru	Myriad Search
B.L	ru	Najdi.si
B.L	ru	Namazu
B.L	ru	Naver
B.L	ru	Nutch
B.L	ru	Onkosh
B.L	ru	OpenFTS
B.L	ru	OpenOffice.org
B.L	ru	PHP
B.L	ru	Perl
B.L	ru	Python
B.L	ru	Quintura Дети
B.L	ru	Rediff
B.L	ru	Ruby
B.L	ru	SAPO
B.L	ru	SWISH-E
B.L	ru	Sciencenet
B.L	ru	Search.ch
B.L	ru	Sesam
B.L	ru	Seznam
B.L	ru	SideStep
B.L	ru	Solr
B.L	ru	SpamAssassin
B.L	ru	Sphinx (поисковая система)
B.L	ru	Subversion
B.L	ru	Surfwax
B.L	ru	Tapestry
B.L	ru	Teoma
B.L	ru	Terrier Search Engine
B.L	ru	TinEye
B.L	ru	Topsy
B.L	ru	Turbo10
B.L	ru	Walla!
B.L	ru	WebCrawler
B.L	ru	Web Services Invocation Framework
B.L	ru	Wicket
B.L	ru	Wikia Search
B.L	ru	Wildcard
B.L	ru	XMLBeans
B.L	ru	Xalan
B.L	ru	Xapian
B.L	ru	Xerces
B.L	ru	YaCy
B.L	ru	Yahoo!
B.L	ru	Yahoo! Japan
B.L	ru	Zettair
B.L	ru	Апорт (поисковая система)
B.L	ru	Гогуль
B.L	ru	Детский поисковик
B.L	ru	Кроссплатформенное программное обеспечение
B.L	ru	Лицензия на программное обеспечение
B.L	ru	Метапоисковая система
B.L	ru	Нигма
B.L	ru	Операционная система
B.L	ru	Открытое программное обеспечение
B.L	ru	Поиск
B.L	ru	Поиск@Mail.Ru
B.L	ru	Поисковая машина
B.L	ru	Полнотекстовый поиск
B.L	ru	Программирование
B.L	ru	Рамблер
B.L	ru	Сайт
B.L	ru	Свободное ПО
B.L	ru	Свободное программное обеспечение
B.L	ru	Семейный Яндекс
B.L	ru	Си (язык программирования)
B.L	ru	Список поисковых машин
B.L	ru	Язык программирования
B.L	ru	Яндекс.Поиск
B.L	ru	Шаблон:Apache
B.L	ru	Шаблон:Поисковые машины
B.L	pt	.NET
B.L	pt	API
B.L	pt	Apache Software Foundation
B.L	pt	Beagle (software)
B.L	pt	C++
B.L	pt	CNET
B.L	pt	C sharp
B.L	pt	Código aberto
B.L	pt	Delphi
B.L	pt	HTML
B.L	pt	Java (linguagem de programação)
B.L	pt	Licença Apache
B.L	pt	Linguagem C
B.L	pt	Linguagem de programação
B.L	pt	LiveJournal
B.L	pt	LjFind
B.L	pt	Língua inglesa
B.L	pt	Microsoft Word
B.L	pt	Nutch
B.L	pt	PDF
B.L	pt	PHP
B.L	pt	Parser
B.L	pt	Perl
B.L	pt	Python
B.L	pt	Ruby (linguagem de programação)
B.L	pt	Servidor
B.L	pt	Sistema de arquivos
B.L	pt	Software
B.L	pt	Web
B.L	pt	Web crawler
B.L	pt	Wikipedia
B.L	zh	API
B.L	zh	Apache Abdera
B.L	zh	Apache ActiveMQ
B.L	zh	Apache Ant
B.L	zh	Apache Axis
B.L	zh	Apache Beehive
B.L	zh	Apache C++ Standard Library
B.L	zh	Apache CXF
B.L	zh	Apache Camel
B.L	zh	Apache Cayenne
B.L	zh	Apache Cocoon
B.L	zh	Apache Commons
B.L	zh	Apache Continuum
B.L	zh	Apache Derby
B.L	zh	Apache Directory Server
B.L	zh	Apache Excalibur
B.L	zh	Apache Felix
B.L	zh	Apache Forrest
B.L	zh	Apache Geronimo
B.L	zh	Apache Gump
B.L	zh	Apache HTTP Server
B.L	zh	Apache Hadoop
B.L	zh	Apache Harmony
B.L	zh	Apache Incubator
B.L	zh	Apache Ivy
B.L	zh	Apache Jackrabbit
B.L	zh	Apache James
B.L	zh	Apache Lenya
B.L	zh	Apache Log4net
B.L	zh	Apache Maven
B.L	zh	Apache MyFaces
B.L	zh	Apache ODE
B.L	zh	Apache OFBiz
B.L	zh	Apache OpenEJB
B.L	zh	Apache OpenJPA
B.L	zh	Apache OpenOffice
B.L	zh	Apache POI
B.L	zh	Apache River
B.L	zh	Apache Roller
B.L	zh	Apache ServiceMix
B.L	zh	Apache Shale
B.L	zh	Apache Tomcat
B.L	zh	Apache Tuscany
B.L	zh	Apache XAP
B.L	zh	Apache XML
B.L	zh	Apache可移植运行时
B.L	zh	Apache許可證
B.L	zh	Apache许可证
B.L	zh	Apache软件基金会
B.L	zh	Batik (software)
B.L	zh	Bean Scripting Framework
B.L	zh	Byte Code Engineering Library
B.L	zh	Cassandra
B.L	zh	Chris Conrad
B.L	zh	CouchDB
B.L	zh	FOP
B.L	zh	HBase
B.L	zh	IBATIS
B.L	zh	JMeter
B.L	zh	Jakarta Cactus
B.L	zh	Jakarta Slide
B.L	zh	Jakarta Velocity
B.L	zh	Jakarta项目
B.L	zh	Java
B.L	zh	Log4j
B.L	zh	Mod perl
B.L	zh	Solr
B.L	zh	SpamAssassin
B.L	zh	Struts
B.L	zh	Subversion
B.L	zh	Tapestry
B.L	zh	Traffic Server
B.L	zh	Wicket framework
B.L	zh	XMLBeans
B.L	zh	Xerces
B.L	zh	作業系統
B.L	zh	全文檢索
B.L	zh	搜寻
B.L	zh	搜索
B.L	zh	程式庫
B.L	zh	維基教科書
B.L	zh	網站
B.L	zh	跨平台
B.L	zh	軟件版本週期
B.L	zh	軟件開發
B.L	zh	軟體許可證
B.L	zh	软件开发
B.L	zh	软件版本周期
B.L	zh	開放源碼
B.L	zh	Template:Apache
B.L	zh	Template talk:Apache
CN	en	Lucene
IWL	fr	Lucene
IWL	de	Apache Lucene
IWL	eo	Lucene
IWL	es	Lucene
IWL	no	Lucene
IWL	ml	ലൂസീൻ
IWL	nl	Lucene
IWL	hu	Apache Lucene
IWL	it	Lucene
IWL	ja	Lucene
IWL	vi	Lucene
IWL	tr	Lucene
IWL	th	ลูซีน
IWL	ru	Lucene
IWL	pt	Apache Lucene
IWL	zh	Lucene
