A.L	de	Adidas
A.L	de	Aktiengesellschaft (Deutschland)
A.L	de	Aktionär
A.L	de	Alfred Hartmann (Manager)
A.L	de	Allianz SE
A.L	de	Altana
A.L	de	BASF
A.L	de	BMW
A.L	de	BP (Konzern)
A.L	de	BP Gelsenkirchen
A.L	de	Babcock Borsig
A.L	de	Bayer AG
A.L	de	Bayerische Hypotheken- und Wechsel-Bank
A.L	de	Bayerische Vereinsbank
A.L	de	Beiersdorf AG
A.L	de	Bergbau
A.L	de	Börsennotiert
A.L	de	Chemie
A.L	de	Chemiepark Marl
A.L	de	Commerzbank
A.L	de	Continental AG
A.L	de	DAX
A.L	de	Daimler AG
A.L	de	Degussa
A.L	de	Deutsche Bank
A.L	de	Deutsche Börse
A.L	de	Deutsche Post AG
A.L	de	Deutsche Reparationen nach dem Ersten Weltkrieg
A.L	de	Deutsche Telekom
A.L	de	Deutschland
A.L	de	Dresdner Bank
A.L	de	Düsseldorf
A.L	de	E-Plus
A.L	de	E.ON
A.L	de	Energie
A.L	de	Energieversorgung
A.L	de	Epcos
A.L	de	Erlös
A.L	de	Euro
A.L	de	Evonik Degussa
A.L	de	Feldmühle (Unternehmen)
A.L	de	Fresenius (Unternehmen)
A.L	de	Fresenius Medical Care
A.L	de	Fusion (Wirtschaft)
A.L	de	Gelsenkirchener Bergwerks-AG
A.L	de	Gründung (Recht)
A.L	de	Hannover Rück
A.L	de	HeidelbergCement
A.L	de	Heinz P. Kemper
A.L	de	Henkel (Unternehmen)
A.L	de	Hoechst
A.L	de	Holding
A.L	de	Hubert Petschnigg
A.L	de	Hypo Real Estate
A.L	de	Infineon
A.L	de	K+S
A.L	de	Karstadt
A.L	de	Klaus Piltz
A.L	de	Konzern
A.L	de	Lanxess
A.L	de	Linde AG
A.L	de	Liquidation
A.L	de	Lufthansa
A.L	de	MAN
A.L	de	MEMC
A.L	de	MLP AG
A.L	de	Mannesmann
A.L	de	Merck KGaA
A.L	de	Metro AG
A.L	de	Mineralöle
A.L	de	Mitarbeiter
A.L	de	Munich Re
A.L	de	Nixdorf Computer
A.L	de	O.tel.o
A.L	de	Petróleos de Venezuela
A.L	de	Postbank
A.L	de	Preussag
A.L	de	PreussenElektra
A.L	de	Preußen
A.L	de	RWE
A.L	de	Raab Karcher
A.L	de	Rechtsform
A.L	de	Rudolf von Bennigsen-Foerder
A.L	de	SAP
A.L	de	Salzgitter AG
A.L	de	Schwarzer Freitag
A.L	de	Siemens
A.L	de	Sitz (juristische Person)
A.L	de	Stinnes AG
A.L	de	TUI
A.L	de	ThyssenKrupp
A.L	de	Ulrich Hartmann (Manager)
A.L	de	Unternehmensführung
A.L	de	VIAG
A.L	de	Viterra
A.L	de	Volkswagen AG
A.L	de	Weltwirtschaftskrise
A.L	de	Wirtschaftszweig
A.L	de	Zweiter Weltkrieg
B.L	en	Aktiengesellschaft
B.L	en	Alpha Ventus Offshore Wind Farm
B.L	en	Amalgamation (business)
B.L	en	BBL Pipeline
B.L	en	BKW FMB Energie
B.L	en	Baltic Cable
B.L	en	Bexbach Power Station
B.L	en	Blood Hill wind farm
B.L	en	Brokdorf Nuclear Power Plant
B.L	en	Brunsbüttel Nuclear Power Plant
B.L	en	Chief executive officer
B.L	en	Coal
B.L	en	Company (law)
B.L	en	Corporation
B.L	en	Degussa Hüls
B.L	en	Deutsche Gesellschaft zum Bau und Betrieb von Endlagern für Abfallstoffe
B.L	en	Division (business)
B.L	en	Drakelow Power Station
B.L	en	Düsseldorf
B.L	en	E.ON
B.L	en	E.ON Energy Trading
B.L	en	E.ON Gaz Romania
B.L	en	E.ON IT
B.L	en	E.ON Kernkraft
B.L	en	E.ON Russia
B.L	en	E.ON Sverige
B.L	en	E.ON UK
B.L	en	EOL Săcele Wind Farm
B.L	en	Eesti Gaas
B.L	en	Elbe Crossing 1
B.L	en	Elbe Crossing 2
B.L	en	Electric power
B.L	en	Emsland Nuclear Power Plant
B.L	en	Energy
B.L	en	Energy industry
B.L	en	Enfield Power Station
B.L	en	Europe
B.L	en	Euros
B.L	en	GKK Etzenricht
B.L	en	Gasum
B.L	en	Germany
B.L	en	Gesellschaft für Nuklear-Service
B.L	en	Grafenrheinfeld Nuclear Power Plant
B.L	en	Grain Power Station
B.L	en	Great Eppleton Wind Farm
B.L	en	Grohnde Nuclear Power Plant
B.L	en	Großkrotzenburg Power Station
B.L	en	Gundremmingen Nuclear Power Plant
B.L	en	Herrenwyk power station
B.L	en	Heyden Power Station
B.L	en	Holmside Hall Wind Farm
B.L	en	Horizon Nuclear Power
B.L	en	Humber Gateway Wind Farm
B.L	en	Ironbridge power stations
B.L	en	Irsching Power Station
B.L	en	Isar Nuclear Power Plant
B.L	en	Kingsnorth power station
B.L	en	Krümmel Nuclear Power Plant
B.L	en	Latvijas Gāze
B.L	en	Lietuvos Dujos
B.L	en	London Array
B.L	en	MEGAL pipeline
B.L	en	MPX Energia
B.L	en	Mining
B.L	en	NEL pipeline
B.L	en	Netra
B.L	en	Nord Stream
B.L	en	Nord Stream AG
B.L	en	O.tel.o
B.L	en	OPAL pipeline
B.L	en	Oskarshamn Nuclear Power Plant
B.L	en	PeussenElektra
B.L	en	PreussenElektra
B.L	en	Prussia
B.L	en	Rampion Wind Farm
B.L	en	Ratcliffe-on-Soar power station
B.L	en	Robin Rigg Wind Farm
B.L	en	Rostock Power Station
B.L	en	Schkopau Power Station
B.L	en	Scholven Power Station
B.L	en	Scroby Sands Wind Farm
B.L	en	Slovenský plynárenský priemysel
B.L	en	Société nationale d'électricité et de thermique
B.L	en	South German natural gas pipeline
B.L	en	Stade Nuclear Power Plant
B.L	en	Stinnes AG
B.L	en	Telecommunication
B.L	en	Trans Europa Naturgas Pipeline
B.L	en	Triton Knoll
B.L	en	Types of business entity
B.L	en	Ulrich Hartmann
B.L	en	Unterweser Nuclear Power Plant
B.L	en	Uranit
B.L	en	VEBA (disambiguation)
B.L	en	VEBA Oel
B.L	en	VIAG
B.L	en	VIAG (company)
B.L	en	Vebacom
B.L	en	Westerholt Power Station
B.L	en	Wilhelmshaven Power Station (E.ON)
B.L	en	Yuzhno-Russkoye field
B.L	en	Wikipedia:Citing sources
B.L	en	Wikipedia:Stub
B.L	en	Wikipedia:Verifiability
B.L	en	Template:E.ON
B.L	en	Template:Energy-company-stub
B.L	en	Template talk:E.ON
B.L	en	Template talk:Energy-company-stub
B.L	en	Help:Introduction to referencing/1
B.L	en	Category:Articles lacking sources from July 2009
B.L	en	Category:E.ON
B.L	no	E.ON
B.L	no	Preussen
B.L	no	VIAG
B.L	sv	2000
B.L	sv	E.ON
B.L	sv	Företag
B.L	sv	Tyskland
B.L	sv	VIAG
B.L	sv	Wikipedia:Stubbar
CN	de	VEBA
IWL	en	VEBA
IWL	no	VEBA
IWL	sv	VEBA
