A.L	en	1949 Armistice Agreements
A.L	en	Alex Miller (Israeli politician)
A.L	en	Aliyah
A.L	en	Aliyah (political party)
A.L	en	Amir Peretz
A.L	en	Anastasia Michaeli
A.L	en	Anastassia Michaeli
A.L	en	Anti-Arabism
A.L	en	Anti-clerical
A.L	en	Arab citizens of Israel
A.L	en	Ariel Sharon
A.L	en	Avigdor Lieberman
A.L	en	Balad (political party)
A.L	en	Benjamin Netanyahu
A.L	en	Binyamin Elon
A.L	en	Cabinet of Israel
A.L	en	Chief Rabbinate of Israel
A.L	en	Coat of arms of Israel
A.L	en	Comptroller
A.L	en	Danny Ayalon
A.L	en	David Levy (Israeli politician)
A.L	en	David Rotem
A.L	en	Druze
A.L	en	Economic liberalism
A.L	en	Ehud Olmert
A.L	en	Elections in Israel
A.L	en	Emblem of Israel
A.L	en	Energy and Water Resources Ministry
A.L	en	Esterina Tartman
A.L	en	Faina Kirschenbaum
A.L	en	Far-right politics
A.L	en	Finance Minister of Israel
A.L	en	Foreign Affairs Minister of Israel
A.L	en	Gaza
A.L	en	Gershom Gorenberg
A.L	en	Golan Heights
A.L	en	Haaretz
A.L	en	Hadash
A.L	en	Haifa
A.L	en	Hamad Amar
A.L	en	Haraam
A.L	en	Hatnuah
A.L	en	Hebrew language
A.L	en	Hebron
A.L	en	Iranian nuclear program
A.L	en	Israel
A.L	en	Israel's unilateral disengagement plan
A.L	en	Israel Defense Forces
A.L	en	Israel Police
A.L	en	Israeli Labor Party
A.L	en	Israeli Minister of Foreign Affairs
A.L	en	Israeli legislative election, 1999
A.L	en	Israeli legislative election, 2006
A.L	en	Israeli legislative election, 2009
A.L	en	Israeli legislative election, 2013
A.L	en	Janet Napolitano
A.L	en	Jerusalem
A.L	en	Jewish diaspora
A.L	en	Kach and Kahane Chai
A.L	en	Kadima
A.L	en	Kashrut
A.L	en	Knesset
A.L	en	Law of Return
A.L	en	Lia Shemtov
A.L	en	Lieberman Plan
A.L	en	Likud
A.L	en	Likud Yisrael Beiteinu
A.L	en	List of political ideologies
A.L	en	List of political parties in Israel
A.L	en	Mainstream media
A.L	en	Meretz
A.L	en	Michael Nudelman
A.L	en	Ministry of Public Security (Israel)
A.L	en	Moshe Mutz Matlon
A.L	en	Nakba Day
A.L	en	Natan Sharansky
A.L	en	National Union (Israel)
A.L	en	Nationalism
A.L	en	Orly Levi
A.L	en	Orly Levy
A.L	en	Palestinian Authority
A.L	en	Palestinian National Authority
A.L	en	Palestinian statehood
A.L	en	Petah Tikva
A.L	en	Political spectrum
A.L	en	Politics of Israel
A.L	en	Populism
A.L	en	Presidency of Barack Obama
A.L	en	Raleb Majadele
A.L	en	Revisionist Zionism
A.L	en	Right-wing politics
A.L	en	Robert Ilatov
A.L	en	Roni Bar-On
A.L	en	Russia
A.L	en	Russian language in Israel
A.L	en	Science, Culture and Sport Minister of Israel
A.L	en	Secularism
A.L	en	Shabbat
A.L	en	Shas
A.L	en	Sofa Landver
A.L	en	Soviet Union
A.L	en	Speaker of the Knesset
A.L	en	Stas Misezhnikov
A.L	en	Ta'al
A.L	en	The Jewish Home
A.L	en	The Knesset
A.L	en	Time (magazine)
A.L	en	Transportation Minister of Israel
A.L	en	Triangle (Israel)
A.L	en	Two-state solution
A.L	en	Ultra-nationalists
A.L	en	United Arab List
A.L	en	United Torah Judaism
A.L	en	Uzi Landau
A.L	en	Wadi Ara
A.L	en	Welfare-to-work
A.L	en	West Bank
A.L	en	Wye River Memorandum
A.L	en	Yesh Atid
A.L	en	Yisrael BaAliyah
A.L	en	Yitzhak Aharonovich
A.L	en	Ynetnews
A.L	en	Yosef Shagal
A.L	en	Yossi Beilin
A.L	en	Yuri Stern
A.L	en	Ze'ev Jabotinsky
A.L	en	Wikipedia:Citation needed
A.L	en	Template:ISO 639 name en
A.L	en	Template:ISO 639 name he
A.L	en	Template:ISO 639 name ru
A.L	en	Template:Israeli political parties
A.L	en	Template talk:Israeli political parties
A.L	en	Category:Articles with unsourced statements from May 2010
A.L	en	Category:Use dmy dates from December 2012
A.L	en	Portal:Politics
B.L	fi	Agudat Israel
B.L	fi	Ahi
B.L	fi	Alex Miller
B.L	fi	Anastasia Michaeli
B.L	fi	Avigdor Lieberman
B.L	fi	Balad
B.L	fi	David Rotem
B.L	fi	Degel HaTora
B.L	fi	Esterina Tartman
B.L	fi	Gil (puolue))
B.L	fi	Hadash
B.L	fi	Israel
B.L	fi	Israel Hasson
B.L	fi	Israelin kommunistinen puolue
B.L	fi	Israelin parlamenttivaalit 2006
B.L	fi	Israelin parlamenttivaalit 2009
B.L	fi	Kadima
B.L	fi	Kansallinen liitto (Israel)
B.L	fi	Kansallinen uskontopuolue
B.L	fi	Knesset
B.L	fi	Likud
B.L	fi	Liya Shmatov
B.L	fi	Meimad
B.L	fi	Meretz-Jahhad
B.L	fi	Moledet
B.L	fi	Oikea tie
B.L	fi	Oikeisto
B.L	fi	Politiikka
B.L	fi	Robert Ilatov
B.L	fi	Shas
B.L	fi	Sionisti
B.L	fi	Sofa Landaver
B.L	fi	Stas Misazhnikov
B.L	fi	Suomen kieli
B.L	fi	Ta'al
B.L	fi	Tkuma
B.L	fi	Työväenpuolue (Israel)
B.L	fi	Yhdistynyt arabilista
B.L	fi	Yhdistynyt toorajuutalainen puolue
B.L	fi	Yitzhak Aharonovich
B.L	fi	Yosef Shagal
B.L	fi	Wikipedia:Tynkä
B.L	fi	Luokka:Politiikkatyngät
B.L	fr	1997
B.L	fr	1999
B.L	fr	Agoudat Israel
B.L	fr	Arabes
B.L	fr	Arabes israéliens
B.L	fr	Autorité palestinienne
B.L	fr	Avigdor Liberman
B.L	fr	Balad (Israël)
B.L	fr	Benjamin Netanyahu
B.L	fr	Benyamin Netanyahou
B.L	fr	Conservatisme social
B.L	fr	Couleur politique
B.L	fr	Danny Ayalon
B.L	fr	Degel HaTorah
B.L	fr	Ehoud Olmert
B.L	fr	Eretz Yisrael Shelanu
B.L	fr	Extrême droite
B.L	fr	Hadash (parti politique)
B.L	fr	Hatikva (parti politique)
B.L	fr	Hébreu
B.L	fr	Israélien russe
B.L	fr	Israël
B.L	fr	Jérusalem
B.L	fr	Kadima
B.L	fr	Knesset
B.L	fr	Laïcité
B.L	fr	Le Figaro
B.L	fr	Le Foyer juif
B.L	fr	Libéral-conservatisme
B.L	fr	Libéralisme économique
B.L	fr	Likoud
B.L	fr	Liste arabe unie (1996)
B.L	fr	Liste des Premiers ministres d'Israël
B.L	fr	Lois fondamentales d'Israël
B.L	fr	Maki (parti politique actuel)
B.L	fr	Meretz
B.L	fr	Moledet
B.L	fr	Nakba
B.L	fr	Nation indivisible
B.L	fr	National Public Radio
B.L	fr	Nationalisme
B.L	fr	Nationaliste
B.L	fr	Palestiniens
B.L	fr	Parti indépendance (Israël)
B.L	fr	Parti travailliste (Israël)
B.L	fr	Politique en Israël
B.L	fr	Président de l'État d'Israël
B.L	fr	Shass
B.L	fr	Shimon Peres
B.L	fr	Sionisme
B.L	fr	Ta'al
B.L	fr	The Independent
B.L	fr	Tkuma
B.L	fr	Triangle (Israël)
B.L	fr	Umm al-Fahm
B.L	fr	Union nationale (Israël)
B.L	fr	Yahadut Hatorah
B.L	fr	Yediot Aharonot
B.L	fr	Yesh Atid
B.L	fr	Yuri Shtern
B.L	fr	Élections législatives israéliennes de 2003
B.L	fr	Élections législatives israéliennes de 2006
B.L	fr	Élections législatives israéliennes de 2009
B.L	fr	Élections législatives israéliennes de 2013
B.L	fr	Modèle:Country data Israël
B.L	fr	Modèle:Géolocalisation/Israël
B.L	fr	Modèle:Palette Partis parlementaires israéliens
B.L	fr	Discussion modèle:Palette Partis parlementaires israéliens
B.L	fr	Catégorie:Parti politique israélien
B.L	fr	Catégorie:Portail:Israël/Articles liés
B.L	fr	Catégorie:Portail:Politique/Articles liés
B.L	fr	Portail:Israël
B.L	fr	Portail:Politique
B.L	fo	1958
B.L	fo	5. juni
B.L	fo	Avigdor Lieberman
B.L	fo	Jødadómur
B.L	fo	Sovjetsamveldið
B.L	fo	Ísrael
B.L	fo	Wikipedia:Stubbi
B.L	he	16 בינואר
B.L	he	16 במרץ
B.L	he	1999
B.L	he	1 בפברואר
B.L	he	2000
B.L	he	2001
B.L	he	2003
B.L	he	2004
B.L	he	2006
B.L	he	2007
B.L	he	2008
B.L	he	2009
B.L	he	2012
B.L	he	25 באוקטובר
B.L	he	26 במרץ
B.L	he	2 בנובמבר
B.L	he	30 באוקטובר
B.L	he	8 בפברואר
B.L	he	Ynet
B.L	he	אביגדור ליברמן
B.L	he	אגודת ישראל
B.L	he	אהוד אולמרט
B.L	he	אום אל פאחם
B.L	he	אופוזיציה
B.L	he	אורלי לוי
B.L	he	אכיפת החוק
B.L	he	אליעזר כהן
B.L	he	אלכס מילר
B.L	he	אנסטסיה מיכאלי
B.L	he	אסתרינה טרטמן
B.L	he	אריאל
B.L	he	אריאל שרון
B.L	he	ארצית
B.L	he	בחירות אזוריות
B.L	he	בחירות בשיטה הרובנית
B.L	he	ביצוע תוכנית ההתנתקות
B.L	he	בית החולים ברזילי
B.L	he	בנייני האומה
B.L	he	ברית לאומית דמוקרטית
B.L	he	גבול
B.L	he	גוש עציון
B.L	he	דגל התורה
B.L	he	דוד רותם
B.L	he	דימיטרי שומסקי
B.L	he	דמוקרטיה נשיאותית
B.L	he	דני איילון
B.L	he	דני אילון
B.L	he	דתיים
B.L	he	האיחוד הלאומי
B.L	he	האיחוד הלאומי-ישראל ביתנו
B.L	he	הבחירות לכנסת ה-19
B.L	he	הבחירות לכנסת החמש עשרה
B.L	he	הבחירות לכנסת השבע עשרה
B.L	he	הבחירות לכנסת השש עשרה
B.L	he	הבית היהודי
B.L	he	החזית הדמוקרטית לשלום ולשוויון
B.L	he	הטרור הפלסטיני
B.L	he	הכנסת התשע עשרה
B.L	he	הליכוד
B.L	he	הליכוד - ישראל ביתנו
B.L	he	הליכוד ישראל ביתנו
B.L	he	המפלגה הדמוקרטית הערבית
B.L	he	המפלגה הקומוניסטית הישראלית
B.L	he	הסכם עודפים
B.L	he	הסכסוך הישראלי-פלסטיני
B.L	he	העלייה מברית המועצות לשעבר בשנות התשעים
B.L	he	הצהרת נאמנות
B.L	he	הרשות הפלסטינית
B.L	he	הרשימה הערבית המאוחדת
B.L	he	התנועה
B.L	he	התנועה הירוקה
B.L	he	התנחלויות
B.L	he	ועידת אנאפוליס
B.L	he	חבר הכנסת
B.L	he	חברון
B.L	he	חדר מיון
B.L	he	חילוניות
B.L	he	חילונים
B.L	he	חמד עמאר
B.L	he	טלב א-סנע
B.L	he	יאיר שמיר
B.L	he	יגאל יאסינוב
B.L	he	יהדות התורה
B.L	he	יהודה ושומרון
B.L	he	יוסף שגל
B.L	he	יורי שטרן
B.L	he	יחסית
B.L	he	יצחק אהרונוביץ'
B.L	he	יש עתיד
B.L	he	ישראל
B.L	he	ישראל בעליה
B.L	he	ישראל חסון
B.L	he	כנסת פתוחה
B.L	he	לאומיות
B.L	he	ליברליזם כלכלי
B.L	he	ליה שמטוב
B.L	he	מיכאל נודלמן
B.L	he	ממשלת ישראל העשרים ותשע
B.L	he	ממשלת ישראל השלושים ואחת
B.L	he	ממשלת ישראל השלושים ושלוש
B.L	he	מעלה אדומים
B.L	he	מפד"ל
B.L	he	מפלגת העבודה הישראלית
B.L	he	מפלגת ש"ס
B.L	he	מפלגת שינוי
B.L	he	מפלגת תקומה
B.L	he	מרצ
B.L	he	משה מטלון
B.L	he	סופה לנדבר
B.L	he	סטס מיסז'ניקוב
B.L	he	סיעה
B.L	he	עוזי לנדאו
B.L	he	עלי"ה
B.L	he	ערביי ישראל
B.L	he	פאינה קירשנבאום
B.L	he	פודיום
B.L	he	פשע
B.L	he	ציונות רוויזיוניסטית
B.L	he	קדימה
B.L	he	קדימה (מפלגה)
B.L	he	קואליציה
B.L	he	רוברט אילטוב
B.L	he	רחבעם זאבי
B.L	he	רע"מ-תע"ל
B.L	he	שב"כ
B.L	he	שכונת אבו סנינה
B.L	he	שמאל וימין בפוליטיקה
B.L	he	שמעון אוחיון
B.L	he	שר התיירות
B.L	he	תוכנית ההתנתקות
B.L	he	תוכנית חילופי השטחים
B.L	he	תיאוריה וביקורת
B.L	he	תנועה ערבית להתחדשות
B.L	de	1999
B.L	de	Alija
B.L	de	Arabische Israelis
B.L	de	Aschdod
B.L	de	Atomprogramm des Iran
B.L	de	Avigdor Lieberman
B.L	de	Benjamin Netanjahu
B.L	de	Charisma
B.L	de	Der Spiegel
B.L	de	Ehud Olmert
B.L	de	FAZ
B.L	de	Focus
B.L	de	Haaretz
B.L	de	Hebräische Sprache
B.L	de	Israelische Parlamentswahlen 2009
B.L	de	Israelische Siedlung
B.L	de	Jedi’ot Acharonot
B.L	de	Jerusalem
B.L	de	Juden in Russland
B.L	de	Juden in der Sowjetunion
B.L	de	Knesset
B.L	de	Koalition (Politik)
B.L	de	Libanon
B.L	de	Libanonkrieg 2006
B.L	de	Likud
B.L	de	Mosche Jaalon
B.L	de	Mosche Katzav
B.L	de	Nationale Union (Israel)
B.L	de	Nationalismus
B.L	de	Notstand
B.L	de	Operation Gegossenes Blei
B.L	de	Politische Parteien in Israel
B.L	de	Revisionistischer Zionismus
B.L	de	Russische Sprache
B.L	de	Schas
B.L	de	Säkular
B.L	de	Territorium
B.L	de	UdSSR
B.L	de	Westjordanland
B.L	de	Wirtschaftspolitik
B.L	de	Zeev Jabotinsky
B.L	el	Άδεια Ελεύθερης Τεκμηρίωσης GNU
B.L	el	Άραβες πολίτες του Ισραήλ
B.L	el	Αβιγκντόρ Λίμπερμαν
B.L	el	Ακροδεξιά
B.L	el	Δεξιά (πολιτική)
B.L	el	Δυτική Όχθη
B.L	el	Εβραϊκή γλώσσα
B.L	el	Εβραϊκή μετανάστευση
B.L	el	Εθνικισμός
B.L	el	Εκλογές Ισραήλ
B.L	el	Ζεβ Γιαμποτίνσκι
B.L	el	Ιδεολογία
B.L	el	Ιερουσαλήμ
B.L	el	Ισραήλ
B.L	el	Κατάλογος πολιτικών κομμάτων Ισραήλ
B.L	el	Κνέσετ
B.L	el	Κοσμικισμός
B.L	el	Λικούντ
B.L	el	Οικονομικός φιλελευθερισμός
B.L	el	Πολιτική
B.L	el	Πολιτική επιστήμη
B.L	el	Πολιτικό σύστημα Ισραήλ
B.L	el	Πολιτικό φάσμα
B.L	el	Ρεβιζιονιστικός Σιωνισμός
B.L	el	Ρωσική γλώσσα
B.L	el	Σοβιετική Ένωση
B.L	et	10. veebruar
B.L	et	1999
B.L	et	2009
B.L	et	Avigdor Lieberman
B.L	et	Heebrea keel
B.L	et	Iisrael
B.L	et	Knesset
B.L	et	Likud
B.L	et	NSV Liit
B.L	et	Palestiinlased
B.L	et	Sekularism
B.L	et	Vene keel
B.L	es	1978
B.L	es	1988
B.L	es	1999
B.L	es	2006
B.L	es	Autoridad Palestina
B.L	es	Avigdor Lieberman
B.L	es	Benjamín Netanyahu
B.L	es	Cisjordania
B.L	es	Derecha política
B.L	es	Economía liberal
B.L	es	Ehud Ólmert
B.L	es	El País
B.L	es	Elecciones Legislativas de Israel (2006)
B.L	es	Idioma hebreo
B.L	es	Israel
B.L	es	Jerusalén
B.L	es	Kach
B.L	es	Knéset
B.L	es	Laicismo
B.L	es	Likud
B.L	es	Matrimonio
B.L	es	Moldavia
B.L	es	Nacionalismo
B.L	es	Octubre
B.L	es	Partido político
B.L	es	Primer Ministro de Israel
B.L	es	Sionismo revisionista
B.L	es	Sionista
B.L	es	Tasa de natalidad
B.L	es	URSS
B.L	es	Ultraderecha
B.L	es	Árabe israelí
B.L	ca	1999
B.L	ca	Aliança per l'Europa de les Nacions
B.L	ca	Avigdor Lieberman
B.L	ca	Eleccions legislatives d'Israel del 2009
B.L	ca	Extrema dreta
B.L	ca	Ideologia
B.L	ca	Israel
B.L	ca	Jerusalem
B.L	ca	Kenésset
B.L	ca	Nacionalisme
B.L	ca	Secularització
B.L	ca	Sionisme
B.L	da	1999
B.L	da	2009
B.L	da	Avigdor Lieberman
B.L	da	Drusere
B.L	da	Golanhøjderne
B.L	da	Hebraisk (sprog)
B.L	da	Højreekstremisme
B.L	da	Immigrant
B.L	da	Israel
B.L	da	Jøde
B.L	da	Knesset
B.L	da	Nationalisme
B.L	da	Politisk parti
B.L	da	Sovjetunionen
B.L	da	Syrien
B.L	da	Zeev Jabotinsky
B.L	da	Zionisme
B.L	cs	1999
B.L	cs	2008
B.L	cs	2012
B.L	cs	Avigdor Lieberman
B.L	cs	Balad
B.L	cs	Chadaš
B.L	cs	Dohody o příměří (1949)
B.L	cs	Drúzové
B.L	cs	Entita
B.L	cs	Ha-Tnu'a
B.L	cs	Hebrejština
B.L	cs	Izrael
B.L	cs	Izraelci
B.L	cs	Izraelská strana práce
B.L	cs	Izraelské obranné síly
B.L	cs	Izraelští Arabové
B.L	cs	Jeruzalém
B.L	cs	Ješ atid
B.L	cs	Jordánsko
B.L	cs	Kadima
B.L	cs	Likud
B.L	cs	Likud Jisra'el bejtejnu
B.L	cs	Merec
B.L	cs	Nacionalismus
B.L	cs	Palestinci
B.L	cs	Politická ideologie
B.L	cs	První arabsko-izraelská válka
B.L	cs	Revizionistický sionismus
B.L	cs	Seznam izraelských politických stran
B.L	cs	Sjednocená arabská kandidátka
B.L	cs	Sjednocený judaismus Tóry
B.L	cs	Ta'al
B.L	cs	Trojúhelník (Izrael)
B.L	cs	Volby do Knesetu 2006
B.L	cs	Volby do Knesetu 2013
B.L	cs	Wádí Ara
B.L	cs	Ynetnews
B.L	cs	Zelená linie (Izrael)
B.L	cs	Západní břeh Jordánu
B.L	cs	Šas
B.L	cs	Židovský domov
B.L	cs	Diskuse:Jisra'el bejtejnu
B.L	cs	Wikipedie:Pahýl
B.L	cs	Wikipedie:WikiProjekt Překlad/Rady
B.L	cs	Portál:Izrael
B.L	cs	Portál:Obsah
B.L	lad	1999
B.L	lad	Araba-yisraeli
B.L	lad	Autoridad Palestina
B.L	lad	Avigdor Lieberman
B.L	lad	Avoda
B.L	lad	Benjamin Netanyahu
B.L	lad	Ehud Olmert
B.L	lad	Ekonomiya liberala
B.L	lad	Imagen:Yisrael-beitenu-logo.jpg
B.L	lad	Ivrit
B.L	lad	Kadima
B.L	lad	Knesset
B.L	lad	Konservadurismo
B.L	lad	Likud
B.L	lad	Matrimonio
B.L	lad	Medinat Yisrael
B.L	lad	Moldavia
B.L	lad	Neokonservatismo
B.L	lad	Partito politiko
B.L	lad	Shas
B.L	lad	Sisdjordania
B.L	lad	Tasa de natalidad
B.L	lad	URSS
B.L	lad	Yerushalayim
B.L	lad	Zionismo
B.L	ar	أحزاب إسرائيلية
B.L	ar	أفغدور ليبرمان
B.L	ar	أفيجدور ليبرمان
B.L	ar	أناستاسيا ميخائيلي
B.L	ar	الصهيونية
B.L	ar	الكنيست
B.L	ar	المقاومة الفلسطينية
B.L	ar	حدث
B.L	ar	سياسة
B.L	ar	شخصية
B.L	ar	لغة عبرية
B.L	ar	مصطلح
B.L	ar	ويكيبيديا:بذرة
B.L	no	Aliyah
B.L	no	Antiklerikalisme
B.L	no	Avigdor Lieberman
B.L	no	Det palestinske folk
B.L	no	Hebraisk
B.L	no	Israel
B.L	no	Israelske arabere
B.L	no	Knesset
B.L	no	Likud
B.L	no	Nasjonalisme
B.L	no	Revisjonistisk sionisme
B.L	no	Valget i Israel 2009
B.L	no	Valget i Israel 2013
B.L	no	Vladimir Jabotinsky
B.L	pl	1957
B.L	pl	1958
B.L	pl	1999
B.L	pl	2003
B.L	pl	Abu Zabi (miasto)
B.L	pl	Ahmad Tibi
B.L	pl	Ahmet Oğuz Çelikkol
B.L	pl	Ale Yarok
B.L	pl	Alex Miller
B.L	pl	Aliyah (partia polityczna)
B.L	pl	Amir Peretz
B.L	pl	Anastasia Michaeli
B.L	pl	Arabowie
B.L	pl	Arabski Ruch Odnowy
B.L	pl	Ariel Szaron
B.L	pl	Austria
B.L	pl	Autonomia Palestyńska
B.L	pl	Avigdor Lieberman
B.L	pl	Balad
B.L	pl	Beniamin Netanjahu
B.L	pl	Benyamin Elon
B.L	pl	Bliski Wschód
B.L	pl	Bolszewicy
B.L	pl	Brit Olam
B.L	pl	Centrolewica
B.L	pl	Chayil
B.L	pl	Cypi Liwni
B.L	pl	Cypr
B.L	pl	Czeczenia
B.L	pl	Danny Ayalon
B.L	pl	David Rotem
B.L	pl	Druzowie
B.L	pl	Ehud Olmert
B.L	pl	Esterina Tartman
B.L	pl	Faszyzm
B.L	pl	Feina Kirschenbaum
B.L	pl	Gil - Gimla'ey Yisrael LaKneset
B.L	pl	Grecy
B.L	pl	HaBayit HaYehudi
B.L	pl	HaYeruqim
B.L	pl	Hadasz
B.L	pl	Hamas
B.L	pl	Hatnuah
B.L	pl	Hebron
B.L	pl	Hetz
B.L	pl	Hezbollah
B.L	pl	II wojna światowa
B.L	pl	Ibrahim Sarsur
B.L	pl	Iran
B.L	pl	Israel Ba-Aliya
B.L	pl	Israel Hasson
B.L	pl	Izrael
B.L	pl	Izraelska Partia Pracy
B.L	pl	Izraelska Unia Narodowa
B.L	pl	Jaser Arafat
B.L	pl	Jerozolima
B.L	pl	Jordania
B.L	pl	Judaizm
B.L	pl	Jörg Haider
B.L	pl	Język angielski
B.L	pl	Język arabski
B.L	pl	Język hebrajski
B.L	pl	Język polski
B.L	pl	Język rosyjski
B.L	pl	Kadima
B.L	pl	Kneset
B.L	pl	Komunizm
B.L	pl	Lewica
B.L	pl	Liberalizm
B.L	pl	Likud
B.L	pl	Marksizm
B.L	pl	Meretz-Yachad
B.L	pl	Michael Nudelman
B.L	pl	Mohammad Barakeh
B.L	pl	Mossad
B.L	pl	Muzułmanin
B.L	pl	Nacjonalizm
B.L	pl	Narodowa Partia Religijna
B.L	pl	Narodowy socjalizm
B.L	pl	Natan Sharansky
B.L	pl	Neokonserwatyzm
B.L	pl	Ophir Pines-Paz
B.L	pl	Organizacja na rzecz Akcji Demokratycznej
B.L	pl	Orly Levy
B.L	pl	Palestyńczycy
B.L	pl	Partia polityczna
B.L	pl	Partie polityczne Izraela
B.L	pl	Populizm
B.L	pl	Prawica
B.L	pl	Raleb Majadele
B.L	pl	Rasizm
B.L	pl	Rewizjonizm
B.L	pl	Roman Frister
B.L	pl	Równina Szaron
B.L	pl	Shinui
B.L	pl	Siły Obronne Izraela
B.L	pl	Skrajna prawica
B.L	pl	Slogan
B.L	pl	Sofa Landver
B.L	pl	Stas Misezhnikov
B.L	pl	Strefa Gazy
B.L	pl	Syjonizm
B.L	pl	System parlamentarno-gabinetowy
B.L	pl	System prezydencki
B.L	pl	Szas
B.L	pl	Szin Bet
B.L	pl	Szymon Peres
B.L	pl	Taleb El-Sana
B.L	pl	Terroryzm
B.L	pl	Turcja
B.L	pl	Turcy
B.L	pl	Tzomet
B.L	pl	Uri Awneri
B.L	pl	Ustrój polityczny
B.L	pl	Ustrój polityczny Izraela
B.L	pl	Uzi Landau
B.L	pl	Wadi Ara
B.L	pl	Wybory parlamentarne w Izraelu w 1999 roku
B.L	pl	Wybory parlamentarne w Izraelu w 2003 roku
B.L	pl	Wybory parlamentarne w Izraelu w 2006 roku
B.L	pl	Wybory parlamentarne w Izraelu w 2009 roku
B.L	pl	Władimir Putin
B.L	pl	Yesh Atid
B.L	pl	Yitzhak Aharonovich
B.L	pl	Yitzhak Aharonovitch
B.L	pl	Yosef Shagal
B.L	pl	Yuri Stern
B.L	pl	Zachodni Brzeg
B.L	pl	Zeev Żabotyński
B.L	pl	Zimna wojna
B.L	pl	Zjednoczona Lista Arabska
B.L	pl	Zjednoczone Emiraty Arabskie
B.L	pl	Zjednoczony Judaizm Tory
B.L	pl	Związek Socjalistycznych Republik Radzieckich
B.L	pl	Żydzi
B.L	pl	Wikipedia:Artykuły na medal
B.L	pl	Szablon:Partie polityczne Izraela
B.L	pl	Dyskusja szablonu:Partie polityczne Izraela
B.L	nl	18 januari
B.L	nl	18e Knesset
B.L	nl	1997
B.L	nl	1999
B.L	nl	19e Knesset
B.L	nl	2006
B.L	nl	2008
B.L	nl	23 oktober
B.L	nl	30 oktober
B.L	nl	31e regering van Israël
B.L	nl	32e regering van Israël
B.L	nl	33e regering van Israël
B.L	nl	Ale Jarok
B.L	nl	Alliantie
B.L	nl	Arabisch-Israëlisch conflict
B.L	nl	Arabische Beweging voor Vernieuwing
B.L	nl	Arabische Israëliërs
B.L	nl	Arbeidspartij
B.L	nl	Ariel Sharon
B.L	nl	Arutz Sheva INN
B.L	nl	Ashdod
B.L	nl	Avigdor Lieberman
B.L	nl	Azmi Bishara
B.L	nl	Balad (Israël)
B.L	nl	Benjamin Netanyahu
B.L	nl	Benny Elon
B.L	nl	Chamad Amar
B.L	nl	De Nieuwe Beweging-Meretz
B.L	nl	De Telegraaf
B.L	nl	De Volkskrant
B.L	nl	Druzen
B.L	nl	Ehud Barak
B.L	nl	Extreemrechts
B.L	nl	Fatah
B.L	nl	Fouad Ben-Eliezer
B.L	nl	Gil (Israël)
B.L	nl	Haaretz
B.L	nl	Hadash
B.L	nl	Hamas
B.L	nl	Hatenoe'a HaJeroeka
B.L	nl	Hatnuah
B.L	nl	Hebreeuws
B.L	nl	Het Joodse Huis
B.L	nl	Hezbollah
B.L	nl	Immigratie
B.L	nl	Iraëlisch-Palestijns conflict
B.L	nl	Israël
B.L	nl	Israëlisch-Libanese Oorlog
B.L	nl	Israëlische parlementsverkiezingen 1999
B.L	nl	Israëlische parlementsverkiezingen 2003
B.L	nl	Israëlische parlementsverkiezingen 2006
B.L	nl	Israëlische parlementsverkiezingen 2009
B.L	nl	Israëlische parlementsverkiezingen 2013
B.L	nl	Jeruzalem
B.L	nl	Jisrael BaAliya
B.L	nl	Joden
B.L	nl	Jodendom
B.L	nl	Joodse diaspora
B.L	nl	Kadima
B.L	nl	Knesset
B.L	nl	Lijst van Israëlische ministers van Binnenlandse Zaken
B.L	nl	Lijst van Israëlische ministers van Buitenlandse Zaken
B.L	nl	Lijst van Israëlische ministers van Defensie
B.L	nl	Lijst van Israëlische ministers van Financiën
B.L	nl	Lijst van Israëlische ministers van Justitie
B.L	nl	Lijst van premiers van Israël
B.L	nl	Lijst van presidenten van Israël
B.L	nl	Likoed
B.L	nl	Mahmoud Abbas
B.L	nl	Meemad
B.L	nl	Minister
B.L	nl	Moldavië (land)
B.L	nl	NRC Handelsblad
B.L	nl	NU.nl
B.L	nl	Natan Sharansky
B.L	nl	Nationaal-Religieuze Partij
B.L	nl	Nationale Unie (Israël)
B.L	nl	Nationalisme
B.L	nl	Nederlands
B.L	nl	Neoconservatisme
B.L	nl	Olmert
B.L	nl	Onafhankelijkheid (Israël)
B.L	nl	Oost-Europa
B.L	nl	Oost-Jeruzalem
B.L	nl	Palestijnse Autoriteit
B.L	nl	Palestina (land)
B.L	nl	Politiek
B.L	nl	Politieke partij
B.L	nl	Radicalisme
B.L	nl	Rechts (politiek)
B.L	nl	Regering van Israël
B.L	nl	Regionale raad (Israël)
B.L	nl	Revisionistisch zionisme
B.L	nl	Rusland
B.L	nl	Shas
B.L	nl	Shimon Peres
B.L	nl	Sovjet-Unie
B.L	nl	Syrië
B.L	nl	Tzomet
B.L	nl	Verenigd Thora-Jodendom
B.L	nl	Verenigde Arabische Lijst
B.L	nl	Verkiezingen in Israël
B.L	nl	Vicepremier
B.L	nl	Westelijke Jordaanoever
B.L	nl	Wet op de Terugkeer
B.L	nl	Yesh Atid
B.L	nl	Zvi Hendel
B.L	nl	Categorie:Israëlische politieke partij
B.L	nl	Categorie:Politiek in Israël
B.L	nl	Portaal:Israël
B.L	nl	Portaal:Politiek
B.L	la	1999
B.L	la	Anglice
B.L	la	Avigdor Lieberman
B.L	la	Hebraice
B.L	la	Israel
B.L	la	Latine
B.L	la	Russia
B.L	la	Russice
B.L	la	Vicipaedia:Stipulae
B.L	it	1999
B.L	it	2006
B.L	it	Anticlericalismo
B.L	it	Arabo-israeliani
B.L	it	Armistizio di Rodi
B.L	it	Autorità Nazionale Palestinese
B.L	it	Avigdor Lieberman
B.L	it	Balad
B.L	it	Benjamin Netanyahu
B.L	it	Capo di Stato Maggiore
B.L	it	Casa Ebraica
B.L	it	Centrodestra
B.L	it	Cisgiordania
B.L	it	Conflitto israelo-palestinese
B.L	it	Cristianesimo
B.L	it	Destra (politica)
B.L	it	Drusi
B.L	it	Ebreo orientale
B.L	it	Ehud Olmert
B.L	it	Forze di Difesa Israeliane
B.L	it	Gerusalemme
B.L	it	Gerusalemme est
B.L	it	Giordania
B.L	it	HaTnuah
B.L	it	Hadash
B.L	it	Haredi
B.L	it	Insediamenti israeliani
B.L	it	Israele
B.L	it	Kadima
B.L	it	Knesset
B.L	it	Laburisti (Israele)
B.L	it	Laicismo
B.L	it	Libano
B.L	it	Liberismo
B.L	it	Likud
B.L	it	Lingua ebraica
B.L	it	Lista Araba Unita
B.L	it	Meretz
B.L	it	Musulmani
B.L	it	Nazionalismo
B.L	it	Opzione giordana
B.L	it	Palestinesi
B.L	it	Pantere nere (Israele)
B.L	it	Partito Comunista di Israele
B.L	it	Partito Laburista (Israele)
B.L	it	Partito politico
B.L	it	Partito revisionista sionista
B.L	it	Patto Nazionale
B.L	it	Piano Lieberman
B.L	it	Politica di Israele
B.L	it	Primo ministro
B.L	it	Pulizia etnica
B.L	it	Secolarismo
B.L	it	Shas
B.L	it	Sionismo
B.L	it	Sionista
B.L	it	Soluzione dei due stati
B.L	it	Stato di Palestina
B.L	it	Striscia di Gaza
B.L	it	Terrorismo
B.L	it	Unione Nazionale (Israel)
B.L	it	Wadi 'Ara
B.L	it	Yahadut Hatorah
B.L	it	Yesh Atid
B.L	it	Template:AggNaz/ISR
B.L	it	Template:Partiti israeliani
B.L	it	Discussioni template:Partiti israeliani
B.L	it	Aiuto:Unicode
B.L	it	Portale:Politica
B.L	it	Portale:Politica/icona
B.L	ja	12月27日
B.L	ja	1945年
B.L	ja	1952年
B.L	ja	1999年
B.L	ja	1月
B.L	ja	1月13日
B.L	ja	1月5日
B.L	ja	2005年
B.L	ja	2006年
B.L	ja	2008年
B.L	ja	2009年
B.L	ja	2011年
B.L	ja	CM
B.L	ja	アグダート・イスラエル
B.L	ja	アメリカ
B.L	ja	アラブ
B.L	ja	アラブ人
B.L	ja	アリエル・シャロン
B.L	ja	アヴィグドール・リーバーマン
B.L	ja	イェシュ・アティッド
B.L	ja	イスラエル
B.L	ja	イスラエルの政党
B.L	ja	イスラエルの政治
B.L	ja	イスラエル共産党
B.L	ja	イラン・イスラム共和国放送
B.L	ja	ウジ・ランダウ
B.L	ja	エフード・オルメルト
B.L	ja	エルサレム
B.L	ja	エルサレム・ポスト
B.L	ja	カディマ党
B.L	ja	カハ
B.L	ja	ガザ侵攻 (2009年)
B.L	ja	ガザ地区
B.L	ja	キャスティング・ボート
B.L	ja	ゴラン高原
B.L	ja	シオニズム
B.L	ja	シナイ半島
B.L	ja	シャス
B.L	ja	ソビエト連邦
B.L	ja	タール (イスラエル)
B.L	ja	デゲル・ハトラー
B.L	ja	ナショナリズム
B.L	ja	ハダシュ
B.L	ja	ハトヌア
B.L	ja	ハマース
B.L	ja	バラド
B.L	ja	パレスチナ
B.L	ja	ファシズム
B.L	ja	ヘブライ語
B.L	ja	ヘブライ語聖書
B.L	ja	ベンヤミン・ネタニヤフ
B.L	ja	メレツ
B.L	ja	モルドバ
B.L	ja	ユダヤの家
B.L	ja	ユダヤ・トーラ連合
B.L	ja	ヨルダン川西岸
B.L	ja	リクード
B.L	ja	リクード・我が家
B.L	ja	ロシア
B.L	ja	ロシア系ユダヤ人
B.L	ja	世俗主義
B.L	ja	修正シオニズム
B.L	ja	共同通信社
B.L	ja	労働党 (イスラエル)
B.L	ja	占領
B.L	ja	原子爆弾
B.L	ja	参政権
B.L	ja	国家統一党
B.L	ja	大イスラエル
B.L	ja	市民権
B.L	ja	広報
B.L	ja	広島市への原子爆弾投下
B.L	ja	我が家ロシア
B.L	ja	政党
B.L	ja	政党連合
B.L	ja	日本
B.L	ja	旧約聖書
B.L	ja	東欧
B.L	ja	核兵器
B.L	ja	極右
B.L	ja	民主主義
B.L	ja	沖縄諸島
B.L	ja	移民
B.L	ja	第二次世界大戦
B.L	ja	約束の地
B.L	ja	統一アラブ・リスト
B.L	ja	統一会派
B.L	ja	英語
B.L	ja	連合国軍最高司令官総司令部
B.L	ja	連立政権
B.L	ja	長崎市への原子爆弾投下
B.L	ja	陸戦
B.L	ja	Template:イスラエルの政党
B.L	ja	Template:政党
B.L	ja	Template‐ノート:イスラエルの政党
B.L	ja	Category:各国の政党
B.L	ja	Portal:政治学
B.L	uk	1999
B.L	uk	2009
B.L	uk	Єрусалим
B.L	uk	Іврит
B.L	uk	Ізраїль
B.L	uk	Авігдор Ліберман
B.L	uk	Лікуд
B.L	uk	Націоналізм
B.L	uk	Політична партія
B.L	uk	СРСР
B.L	uk	Сіонізм
B.L	uk	Вікіпедія:Як редагувати статтю
B.L	sv	Alex Miller
B.L	sv	Aliya
B.L	sv	Amir Peretz
B.L	sv	Anastasia Michaeli
B.L	sv	Arbetarpartiet
B.L	sv	Ariel Sharon
B.L	sv	Avigdor Lieberman
B.L	sv	Danny Ayalon
B.L	sv	David Rotem
B.L	sv	Druser
B.L	sv	Ehud Olmert
B.L	sv	Golanhöjderna
B.L	sv	Hamad Amar
B.L	sv	Israel
B.L	sv	Judiska
B.L	sv	Knesset
B.L	sv	Lia Shemtov
B.L	sv	Likud
B.L	sv	Moshe Mutz Matlon
B.L	sv	Nationella Unionen
B.L	sv	Ophir Pines-Paz
B.L	sv	Orly Levy
B.L	sv	Palestinska myndigheten
B.L	sv	Pania Kirsenbaum
B.L	sv	Raleb Majadele
B.L	sv	Robert Ilatov
B.L	sv	Sofa Landver
B.L	sv	Sovjetunionen
B.L	sv	Stas Misezhnikov
B.L	sv	Syrien
B.L	sv	Uzi Landau
B.L	sv	Wye River-överenskommelsen
B.L	sv	Yitzhak Aharonovich
B.L	sr	1999
B.L	sr	Sekularizam
B.L	sr	Јевреји
B.L	sr	Јерусалим
B.L	sr	Авигдор Либерман
B.L	sr	Бенјамин Нетанјаху
B.L	sr	Десница
B.L	sr	Западна обала
B.L	sr	Израел
B.L	sr	Клерикализам
B.L	sr	Кнесет
B.L	sr	Крајња десница
B.L	sr	Либерализам
B.L	sr	Ликуд
B.L	sr	Национализам
B.L	sr	Парламентарни избори у Израелу 2013.
B.L	sr	Политичка странка
B.L	sr	Савез Совјетских Социјалистичких Република
B.L	sr	Ционизам
B.L	ru	10 июня
B.L	ru	16 января
B.L	ru	1999
B.L	ru	1999 год
B.L	ru	2001 год
B.L	ru	2002 год
B.L	ru	2003 год
B.L	ru	2004 год
B.L	ru	2006 год
B.L	ru	2009 год
B.L	ru	2010 год
B.L	ru	2011 год
B.L	ru	28 февраля
B.L	ru	2 февраля
B.L	ru	Ааронович, Ицхак
B.L	ru	Авигдор Либерман
B.L	ru	Авода
B.L	ru	Але Ярок
B.L	ru	Алия (партия)
B.L	ru	Ам шалем
B.L	ru	Амар, Хамед
B.L	ru	Амер, Хамад
B.L	ru	Анастасия Михаэли
B.L	ru	Антисемитизм
B.L	ru	Арабо-израильский конфликт
B.L	ru	Ассоциация йеменцев в Израиле
B.L	ru	Атид
B.L	ru	Ахва
B.L	ru	Ахдут ха-Авода
B.L	ru	Ахи
B.L	ru	Ахим анахну
B.L	ru	Ацмаут
B.L	ru	Аялон, Даниэль
B.L	ru	Бака-аль-Гарабия
B.L	ru	Балад (партия)
B.L	ru	Биньямин Нетаньяху
B.L	ru	Брит олам
B.L	ru	Восточный Иерусалим
B.L	ru	ГАХАЛ
B.L	ru	Га-Арец
B.L	ru	Галаха
B.L	ru	Гиюр
B.L	ru	Голанские высоты
B.L	ru	Гуш Шалом
B.L	ru	Даам
B.L	ru	Движение Ках
B.L	ru	Демократическое движение за перемены
B.L	ru	День «Накба»
B.L	ru	Дор боней ха-арец
B.L	ru	Еврейский дом
B.L	ru	Европейский союз
B.L	ru	Емин Исраэль
B.L	ru	Еруким
B.L	ru	Живой Журнал
B.L	ru	Иврит
B.L	ru	Иерусалим
B.L	ru	Израиль
B.L	ru	Илатов, Роберт
B.L	ru	Исраэль Хасон
B.L	ru	Исраэль ба-Алия
B.L	ru	Йеш Атид
B.L	ru	Йосеф Шагал
B.L	ru	Кадима
B.L	ru	Калькала
B.L	ru	Кафр-Кассем
B.L	ru	Киршенбаум, Фаина
B.L	ru	Кнессет
B.L	ru	Кнессет 19-го созыва
B.L	ru	Кулану хаверим
B.L	ru	Ландау, Узи
B.L	ru	Ландвер, Софа
B.L	ru	Леви, Гидеон
B.L	ru	Леви-Абукасис, Орли
B.L	ru	Либерализм
B.L	ru	Либеральная партия (Израиль)
B.L	ru	Либерально-демократическое развитие
B.L	ru	Либерман, Авигдор
B.L	ru	Ливан
B.L	ru	Ликуд
B.L	ru	Ликуд - Наш дом Израиль
B.L	ru	МАПАЙ
B.L	ru	МАПАМ
B.L	ru	МАФДАЛ
B.L	ru	МЕРЕЦ
B.L	ru	Маарах
B.L	ru	Маталон, Моше
B.L	ru	Меймад
B.L	ru	Мерец
B.L	ru	Мизрахи (движение)
B.L	ru	Миллер, Алекс (политик)
B.L	ru	Министр иностранных дел Израиля
B.L	ru	Мифлага Демократит Аравит
B.L	ru	Моледет
B.L	ru	Морешет авот
B.L	ru	НАТО
B.L	ru	Объединенный арабский список
B.L	ru	Ор (партия)
B.L	ru	Охайон, Шимон
B.L	ru	Оцма ле-Исраэль
B.L	ru	Палестина
B.L	ru	Палестинские беженцы
B.L	ru	Палестинцы
B.L	ru	Парламентские выборы в Израиле (2013)
B.L	ru	Партия независимых либералов (Израиль)
B.L	ru	Партия общих сионистов
B.L	ru	Пираты
B.L	ru	План «Дорожная карта»
B.L	ru	План Либермана
B.L	ru	План одностороннего размежевания
B.L	ru	Политические партии Израиля
B.L	ru	Праймериз
B.L	ru	Прогрессивная партия (Израиль)
B.L	ru	РАФИ
B.L	ru	Рац (партия)
B.L	ru	Роберт Илатов
B.L	ru	Ротем, Давид
B.L	ru	СНГ
B.L	ru	СССР
B.L	ru	Свободный центр
B.L	ru	Сирия
B.L	ru	Софа Ландвер
B.L	ru	Стас Мисежников
B.L	ru	Тааль (партия)
B.L	ru	Тайбе
B.L	ru	Тира (Израиль)
B.L	ru	Ткума (партия)
B.L	ru	Ум-эль-Фахэм
B.L	ru	ХАДАШ
B.L	ru	Ха-Исраэлим
B.L	ru	Ха-Тнуа
B.L	ru	Хадаш
B.L	ru	Хаим бе-кавод
B.L	ru	Хаклаут ве-Питуах
B.L	ru	Херут
B.L	ru	Хизбалла
B.L	ru	Цедек хеврати
B.L	ru	ШАС
B.L	ru	Шамир, Яир
B.L	ru	Шарон, Ариэль
B.L	ru	Шемтов, Лия
B.L	ru	Шинуй
B.L	ru	Эльамель лТаджайр
B.L	ru	Эрец хадаша
B.L	ru	Эстерина Тартман
B.L	ru	Январь
B.L	ru	Яхадут ха-Тора
B.L	ru	Википедия:БВКП
B.L	ru	Википедия:Заготовка статьи
B.L	ru	Википедия:Ссылки на источники
B.L	ru	Шаблон:Политические партии Израиля
B.L	pt	1978
B.L	pt	1999
B.L	pt	2003
B.L	pt	2006
B.L	pt	Aliá
B.L	pt	Autoridade Palestiniana
B.L	pt	Avigdor Lieberman
B.L	pt	Benjamin Netanyahu
B.L	pt	Cisjordânia
B.L	pt	Direita
B.L	pt	Eleições legislativas em Israel em 2009
B.L	pt	Extrema-direita
B.L	pt	Hebraico
B.L	pt	Hebrom
B.L	pt	Israel
B.L	pt	Jerusalém
B.L	pt	Judeus
B.L	pt	Knesset
B.L	pt	Liberalismo econômico
B.L	pt	Likud
B.L	pt	Moldávia
B.L	pt	Nacionalismo
B.L	pt	Presidencialismo
B.L	pt	Primeiro-ministro de Israel
B.L	pt	Racismo
B.L	pt	Secularismo
B.L	pt	Sionismo revisionista
B.L	pt	Ultranacionalismo
B.L	pt	União Nacional (Israel)
B.L	pt	União Soviética
B.L	pt	Árabe
B.L	pt	Wikipédia:Esboço
B.L	pt	Wikipédia:Lista de predefinições/Esboços
B.L	zh	2009年以色列议会选举
B.L	zh	Alex Miller
B.L	zh	Anastasia Michaeli
B.L	zh	Danny Ayalon
B.L	zh	David Rotem
B.L	zh	Faina Kirschenbaum
B.L	zh	Hamad Amar
B.L	zh	Lia Shemtov
B.L	zh	Moshe Mutz Matlon
B.L	zh	Orly Levy
B.L	zh	Robert Ilatov
B.L	zh	Sofa Landver
B.L	zh	Stas Misezhnikov
B.L	zh	Uzi Landau
B.L	zh	Yitzhak Aharonovich
B.L	zh	世俗主義
B.L	zh	以色列
B.L	zh	以色列國會
B.L	zh	以色列工黨
B.L	zh	以色列政治
B.L	zh	以色列政黨列表
B.L	zh	以色列选举
B.L	zh	全國 (以色列)
B.L	zh	利库德党
B.L	zh	利库德集团
B.L	zh	前苏联
B.L	zh	前進黨 (以色列)
B.L	zh	右派
B.L	zh	和平與平等民主陣線
B.L	zh	增強以色列
B.L	zh	巴拉德黨
B.L	zh	希伯来语
B.L	zh	意识形态
B.L	zh	政党列表
B.L	zh	政治光譜
B.L	zh	未來黨
B.L	zh	梅雷兹党
B.L	zh	沙斯党
B.L	zh	猶太家園黨
B.L	zh	經濟自由主義
B.L	zh	綠葉 (以色列)
B.L	zh	綠黨 (以色列)
B.L	zh	聖經猶太教聯盟
B.L	zh	聯合阿拉伯名單
B.L	zh	運動 (以色列)
B.L	zh	達勒瑪工人黨
B.L	zh	阿拉伯民主黨 (以色列)
B.L	zh	阿拉伯運動復興
B.L	zh	阿维格多·利伯曼
B.L	zh	Template:以色列政黨
B.L	zh	Template talk:以色列政黨
B.L	zh	Category:含有希伯來語的條目
B.L	zh	Portal:政治
CN	en	Yisrael_Beiteinu
IWL	fi	Jisrael Beiteinu
IWL	fr	Israel Beytenou
IWL	fo	Yisrael Beiteinu
IWL	he	ישראל ביתנו
IWL	de	Jisra'el Beitenu
IWL	el	Γισραέλ Μπεϊτέινου
IWL	et	Yisra'el Betenu
IWL	es	Israel Beitenu
IWL	ca	Yisrael Betenu
IWL	da	Yisrael Beytenu
IWL	cs	Jisra'el bejtejnu
IWL	lad	Yisrael Beiteinu
IWL	ar	حزب إسرائيل بيتنا
IWL	no	Yisrael Beitenu
IWL	pl	Yisrael Beitenu
IWL	nl	Jisrael Beeténoe
IWL	la	Yisrael Beiteinu
IWL	it	Israel Beytenu
IWL	ja	イスラエル我が家
IWL	uk	Наш дім Ізраїль
IWL	sv	Yisrael Beiteinu
IWL	sr	Израел наш дом
IWL	ru	Наш дом Израиль
IWL	pt	Yisrael Beitenu
IWL	zh	以色列我们的家园
