A.L	de	1951
A.L	de	26. Juli
A.L	de	Abgeordnetenwatch.de
A.L	de	Albrecht Haas
A.L	de	Alice Schwarzer
A.L	de	Angela Merkel
A.L	de	Annette Schavan
A.L	de	Bayerische Verfassungsmedaille
A.L	de	Bielefeld
A.L	de	Brigitte Zypries
A.L	de	Bundesministerium der Justiz
A.L	de	Bundespräsident (Deutschland)
A.L	de	Bundesregierung (Deutschland)
A.L	de	Bundestagswahl 2005
A.L	de	Bundestagswahlkreis Starnberg
A.L	de	Bundesverfassungsgericht
A.L	de	Burkhard Hirsch
A.L	de	Bündnis 90/Die Grünen
A.L	de	Carl-Dieter Spranger
A.L	de	Caroline-von-Humbodt-Gymnasium
A.L	de	Christian Schwarz-Schilling
A.L	de	Christlich-Soziale Union in Bayern
A.L	de	Christlich Demokratische Union Deutschlands
A.L	de	Claudia Nolte
A.L	de	Daniel Bahr
A.L	de	Der Spiegel
A.L	de	Deutsche Nationalbibliothek
A.L	de	Deutschen Kinderschutzbundes
A.L	de	Deutscher Bundestag
A.L	de	Deutsches Patent- und Markenamt
A.L	de	Deutschland
A.L	de	Die Zeit
A.L	de	Dietrich Bahner senior
A.L	de	Dirk Niebel
A.L	de	Eduard Oswald
A.L	de	Edzard Schmidt-Jortzig
A.L	de	Europäische Menschenrechtskonvention
A.L	de	Europäische Union
A.L	de	Ewald Bucher
A.L	de	FDP-Fraktion
A.L	de	FDP Bayern
A.L	de	Feldafing
A.L	de	Franz Josef Jung
A.L	de	Freiburger Kreis (Forum)
A.L	de	Freie Demokratische Partei
A.L	de	Friedrich Bohl
A.L	de	Fritz Neumayer
A.L	de	Fritz Schäffer
A.L	de	Gegen Vergessen – Für Demokratie
A.L	de	Gemeinsame Normdatei
A.L	de	Gerda Hasselfeldt
A.L	de	Gerhard Jahn
A.L	de	Gerhard Stoltenberg
A.L	de	Gerhart Baum
A.L	de	Global Panel Foundation
A.L	de	Großer Lauschangriff
A.L	de	Guido Westerwelle
A.L	de	Gustav Heinemann
A.L	de	Göttingen
A.L	de	Günter Rexrodt
A.L	de	Günther Krause
A.L	de	Hamm-Brücher
A.L	de	Hannelore Rönsch
A.L	de	Hans-Dietrich Genscher
A.L	de	Hans-Joachim von Merkatz
A.L	de	Hans-Jochen Vogel
A.L	de	Hans-Peter Friedrich
A.L	de	Hans A. Engelhard
A.L	de	Heinz Riesenhuber
A.L	de	Helmut Kohl
A.L	de	Hermann K. Stützer
A.L	de	Herta Däubler-Gmelin
A.L	de	Horst Ehmke
A.L	de	Horst Köhler
A.L	de	Horst Seehofer
A.L	de	Humanistische Union
A.L	de	Ignaz Kiechle
A.L	de	Ilse Aigner
A.L	de	Irmgard Schwaetzer
A.L	de	Jochen Borchert
A.L	de	Johanna Wanka
A.L	de	Josef Ertl
A.L	de	Josef Grünbeck
A.L	de	Jörg-Uwe Hahn
A.L	de	Jürgen Möllemann
A.L	de	Jürgen Rüttgers
A.L	de	Jürgen Schmude
A.L	de	Kabarett
A.L	de	Kabinett Kohl IV
A.L	de	Kabinett Kohl V
A.L	de	Kabinett Merkel II
A.L	de	Karl-Hans Laermann
A.L	de	Karl-Theodor zu Guttenberg
A.L	de	Karl Weber (Justizminister)
A.L	de	Kinderpornografie
A.L	de	Klaus Dehler
A.L	de	Klaus Kinkel
A.L	de	Klaus Töpfer
A.L	de	Kristina Schröder
A.L	de	Landkreis Starnberg
A.L	de	Landtagswahl in Bayern 2008
A.L	de	Library of Congress Control Number
A.L	de	Linksliberalismus
A.L	de	Liste der deutschen Justizminister
A.L	de	Manfred Brunner (Politiker)
A.L	de	Manfred Kanther
A.L	de	Matthias Wissmann
A.L	de	Max Stadler
A.L	de	Menschenwürde
A.L	de	Minden
A.L	de	Mindener Stichlinge
A.L	de	Mitglied des Deutschen Bundestages
A.L	de	München
A.L	de	Norbert Blüm
A.L	de	Norbert Röttgen
A.L	de	PRISM (Überwachungsprogramm)
A.L	de	Parlamentarische Versammlung des Europarates
A.L	de	Paul Krüger (CDU)
A.L	de	Peter Altmaier
A.L	de	Peter Ramsauer
A.L	de	Philipp Rösler
A.L	de	Politiker
A.L	de	PorNO-Kampagne
A.L	de	Pornografie
A.L	de	Rainer Brüderle
A.L	de	Rainer Ortleb
A.L	de	Rechtsausschuss des Deutschen Bundestages
A.L	de	Rechtswissenschaft
A.L	de	Regierungsrat (Amtsbezeichnung)
A.L	de	Richard Jaeger
A.L	de	Robert Zollitsch
A.L	de	Ronald Pofalla
A.L	de	Rudolf Seiters
A.L	de	Sexueller Missbrauch in der römisch-katholischen Kirche
A.L	de	Sozialdemokratische Partei Deutschlands
A.L	de	Sperrungen von Internetinhalten in Deutschland
A.L	de	Steuerabkommen Deutschland–Schweiz
A.L	de	Steuersünder-CD
A.L	de	Stiftung Pro Justitia
A.L	de	Strafvereitelung
A.L	de	Tempora
A.L	de	The Guardian
A.L	de	Theo Waigel
A.L	de	Theodor-Heuss-Stiftung
A.L	de	Thomas Dehler
A.L	de	Thomas de Maizière
A.L	de	Ursula von der Leyen
A.L	de	Verdienstorden der Bundesrepublik Deutschland
A.L	de	Virtual International Authority File
A.L	de	Volker Rühe
A.L	de	Vorratsdatenspeicherung
A.L	de	Weißer Ring
A.L	de	Wolfgang Bötsch
A.L	de	Wolfgang Schäuble
A.L	de	Wolfgang Stammberger
A.L	de	Yukos
A.L	de	Zum Vorgehen bei sexuellem Missbrauch Minderjähriger durch Geistliche im Bereich der Deutschen Bischofskonferenz
A.L	de	Wikipedia:Defekte Weblinks
A.L	de	Vorlage:Toter Link/www.br-online.de
A.L	de	Hilfe:Personendaten
B.L	fr	17 janvier
B.L	fr	18 mai
B.L	fr	1949
B.L	fr	1951
B.L	fr	1961
B.L	fr	1962
B.L	fr	1964
B.L	fr	1969
B.L	fr	1970
B.L	fr	1975
B.L	fr	1978
B.L	fr	1979
B.L	fr	1988
B.L	fr	1991
B.L	fr	1992
B.L	fr	1995
B.L	fr	1996
B.L	fr	1997
B.L	fr	1er janvier
B.L	fr	2000
B.L	fr	2001
B.L	fr	2006
B.L	fr	2009
B.L	fr	2010
B.L	fr	2011
B.L	fr	2013
B.L	fr	22 septembre
B.L	fr	23 août
B.L	fr	26 juillet
B.L	fr	28 octobre
B.L	fr	2 décembre
B.L	fr	Abitur
B.L	fr	Alan Shatter
B.L	fr	Alberto Ruiz-Gallardón
B.L	fr	Alexandre Konovalov
B.L	fr	Allemagne
B.L	fr	Allemagne de l'Ouest
B.L	fr	Angela Merkel
B.L	fr	Anna-Maja Henriksson
B.L	fr	Anna Maria Cancellieri
B.L	fr	Annemie Turtelboom
B.L	fr	Annette Schavan
B.L	fr	Août 2013
B.L	fr	Arrondissement de Starnberg
B.L	fr	Avocat (métier)
B.L	fr	Bavière
B.L	fr	Beatrice Ask
B.L	fr	Beatrix Karl
B.L	fr	Brevet
B.L	fr	Brigitte Zypries
B.L	fr	Bundestag
B.L	fr	CDU/CSU
B.L	fr	Cabinet Kohl IV
B.L	fr	Cabinet Kohl V
B.L	fr	Cabinet Merkel I
B.L	fr	Cabinet Merkel II
B.L	fr	Cabinet Schröder II
B.L	fr	Canada
B.L	fr	Chancelier fédéral (Allemagne)
B.L	fr	Chancellerie fédérale (Allemagne)
B.L	fr	Charálampos Athanasíou
B.L	fr	Chris Grayling
B.L	fr	Christiane Taubira
B.L	fr	Coalition noire-jaune
B.L	fr	Coalition sociale-libérale
B.L	fr	Daniel Bahr
B.L	fr	Dirk Niebel
B.L	fr	Droit
B.L	fr	Droit à la vie privée
B.L	fr	Décembre 2000
B.L	fr	Düsseldorf
B.L	fr	Edzard Schmidt-Jortzig
B.L	fr	Eric Holder
B.L	fr	Ewald Bucher
B.L	fr	Feldafing
B.L	fr	France
B.L	fr	Frank-Walter Steinmeier
B.L	fr	Frankfurter Allgemeine Zeitung
B.L	fr	Franz Josef Jung
B.L	fr	Franz Müntefering
B.L	fr	François Biltgen
B.L	fr	Fritz Neumayer
B.L	fr	Fritz Schäffer
B.L	fr	Garde des Sceaux, ministre de la Justice (France)
B.L	fr	Gerhard Jahn
B.L	fr	Gouvernement fédéral (Allemagne)
B.L	fr	Groupe FDP au Bundestag
B.L	fr	Groupe des huit
B.L	fr	Guido Westerwelle
B.L	fr	Gustav Heinemann
B.L	fr	Hamm
B.L	fr	Hanno Pevkur
B.L	fr	Hans-Joachim von Merkatz
B.L	fr	Hans-Jochen Vogel
B.L	fr	Hans-Peter Friedrich
B.L	fr	Hans A. Engelhard
B.L	fr	Heidemarie Wieczorek-Zeul
B.L	fr	Helmut Kohl
B.L	fr	Herta Däubler-Gmelin
B.L	fr	Horst Ehmke
B.L	fr	Horst Seehofer
B.L	fr	Ilse Aigner
B.L	fr	Italie
B.L	fr	Ivo Opstelten
B.L	fr	Janvier 1996
B.L	fr	Japon
B.L	fr	Johanna Wanka
B.L	fr	Juillet 1951
B.L	fr	Juozas Bernatonis
B.L	fr	Jürgen Schmude
B.L	fr	Jānis Bordāns
B.L	fr	Karl-Theodor zu Guttenberg
B.L	fr	Karl Weber
B.L	fr	Klaus Kinkel
B.L	fr	Kristina Schröder
B.L	fr	Libéralisme politique
B.L	fr	Liste de femmes ministres allemandes
B.L	fr	Liste des ministres de la Justice
B.L	fr	Lord Chancelier
B.L	fr	Loucas Louca
B.L	fr	Mai 1992
B.L	fr	Mai 2011
B.L	fr	Manuel Mallia
B.L	fr	Marchés publics
B.L	fr	Marek Biernacki
B.L	fr	Michael Glos
B.L	fr	Minden (Allemagne)
B.L	fr	Ministre fédéral avec attributions spéciales
B.L	fr	Ministère de la Justice (Canada)
B.L	fr	Ministère de la Justice (Italie)
B.L	fr	Ministère fédéral de l'Agriculture (Allemagne)
B.L	fr	Ministère fédéral de l'Environnement (Allemagne)
B.L	fr	Ministère fédéral de l'Intérieur (Allemagne)
B.L	fr	Ministère fédéral de l'Économie (Allemagne)
B.L	fr	Ministère fédéral de l'Éducation et de la Recherche (Allemagne)
B.L	fr	Ministère fédéral de la Coopération économique (Allemagne)
B.L	fr	Ministère fédéral de la Défense (Allemagne)
B.L	fr	Ministère fédéral de la Famille (Allemagne)
B.L	fr	Ministère fédéral de la Justice (Allemagne)
B.L	fr	Ministère fédéral de la Santé (Allemagne)
B.L	fr	Ministère fédéral des Finances (Allemagne)
B.L	fr	Ministère fédéral des Transports et de la Construction (Allemagne)
B.L	fr	Ministère fédéral du Travail (Allemagne)
B.L	fr	Ministère japonais de la Justice
B.L	fr	Mona Pivniceru
B.L	fr	Morten Bødskov
B.L	fr	Munich
B.L	fr	Musulman
B.L	fr	Norbert Röttgen
B.L	fr	Octobre 2009
B.L	fr	Office des Affaires étrangères (Allemagne)
B.L	fr	Olaf Scholz
B.L	fr	Orsat Miljenić
B.L	fr	Parti libéral-démocrate (Allemagne)
B.L	fr	Parti social-démocrate d'Allemagne
B.L	fr	Paula Teixeira da Cruz
B.L	fr	Pavel Blažek
B.L	fr	Peer Steinbrück
B.L	fr	Personnalité politique
B.L	fr	Peter Altmaier
B.L	fr	Peter Ramsauer
B.L	fr	Philipp Rösler
B.L	fr	Politique de l'Allemagne
B.L	fr	Procureur général
B.L	fr	Procureur général des États-Unis
B.L	fr	Rainer Brüderle
B.L	fr	Richard Jaeger
B.L	fr	Rob Nicholson (homme politique)
B.L	fr	Ronald Pofalla
B.L	fr	Rostock
B.L	fr	Royaume-Uni
B.L	fr	Russie
B.L	fr	Régalien
B.L	fr	Sadakazu Tanigaki
B.L	fr	Senko Pličanič
B.L	fr	Septembre 2010
B.L	fr	Sigmar Gabriel
B.L	fr	Social-libéralisme
B.L	fr	Thilo Sarrazin
B.L	fr	Thomas Dehler
B.L	fr	Thomas de Maizière
B.L	fr	Tibor Navracsics
B.L	fr	Tomáš Borec
B.L	fr	Ulla Schmidt
B.L	fr	Union chrétienne-démocrate d'Allemagne
B.L	fr	Union européenne
B.L	fr	Université de Bielefeld
B.L	fr	Université de Göttingen
B.L	fr	Ursula von der Leyen
B.L	fr	Vice-chancelier (Allemagne)
B.L	fr	Wolfgang Schäuble
B.L	fr	Wolfgang Stammberger
B.L	fr	Wolfgang Tiefensee
B.L	fr	Zinaida Zlatanova
B.L	fr	Économiste
B.L	fr	Écoutes téléphoniques
B.L	fr	Élections fédérales allemandes de 1990
B.L	fr	Élections fédérales allemandes de 2002
B.L	fr	Élections fédérales allemandes de 2005
B.L	fr	États-Unis
B.L	fr	États membres de l'Union européenne
B.L	fr	Études supérieures
B.L	fr	Modèle:Palette Cabinet Merkel
B.L	fr	Modèle:Palette Ministres de la Justice allemands
B.L	fr	Modèle:Palette Ministres de la Justice de l'UE
B.L	fr	Modèle:Palette Ministres de la Justice du G8
B.L	fr	Discussion modèle:Palette Cabinet Merkel
B.L	fr	Discussion modèle:Palette Ministres de la Justice allemands
B.L	fr	Discussion modèle:Palette Ministres de la Justice de l'UE
B.L	fr	Discussion modèle:Palette Ministres de la Justice du G8
B.L	fr	Catégorie:Portail:Allemagne/Articles liés
B.L	fr	Catégorie:Portail:Droit/Articles liés
B.L	fr	Catégorie:Portail:Femmes/Articles liés
B.L	fr	Catégorie:Portail:Politique/Articles liés
B.L	fr	Portail:Allemagne
B.L	fr	Portail:Droit
B.L	fr	Portail:Femmes
B.L	fr	Portail:Politique
B.L	eo	1951
B.L	eo	1992
B.L	eo	1996
B.L	eo	2009
B.L	eo	26-an de julio
B.L	eo	28-a de oktobro
B.L	eo	Freie Demokratische Partei
B.L	eo	Germana politikisto
B.L	eo	Germanoj
B.L	eo	Minden
B.L	eo	Ministraro dua de Angela Merkel
B.L	eo	Parlamenta baloto en Germanio 2009
B.L	eo	Politikistino
B.L	eo	Vikipedio:La perfekta ĝermo de artikolo
B.L	eo	Vikipedio:Tradukoj
B.L	eo	Vikipedio:Trovi aŭ kreskigi ĝermojn
B.L	eo	Helpo:Prononcindiko
B.L	eo	Kategorio:Ĝermoj pri Germana politikisto
B.L	eo	Kategorio:Ĝermoj pri germana politikisto
B.L	eo	Kategorio:Ĝermoj pri germana politikistoj
B.L	eo	Kategorio:Ĝermoj pri germanaj politikistoj
B.L	en	2012–13 Cypriot financial crisis
B.L	en	2013 mass surveillance scandal
B.L	en	Alexander Vladimirovich Konovalov
B.L	en	Alma mater
B.L	en	Andreas Blunck
B.L	en	Angela Merkel
B.L	en	Anna Maria Cancellieri
B.L	en	Annette Schavan
B.L	en	Apple Inc.
B.L	en	Authority control
B.L	en	Bavaria
B.L	en	Bavarian Order of Merit
B.L	en	Bielefeld University
B.L	en	Brigitte Zypries
B.L	en	Bundestag
B.L	en	Cabinet Merkel II
B.L	en	Canada
B.L	en	Chancellor of Germany
B.L	en	Chris Grayling
B.L	en	Christian Democratic Union (Germany)
B.L	en	Christian Lindner
B.L	en	Christiane Taubira
B.L	en	Council of Europe
B.L	en	Curt Joël
B.L	en	Daniel Bahr
B.L	en	Der Spiegel
B.L	en	Deutsche Welle
B.L	en	Deutsches Patent- und Markenamt
B.L	en	Dirk Niebel
B.L	en	Dmitry Medvedev
B.L	en	Düsseldorf
B.L	en	East Germany
B.L	en	Eduard Hanauer
B.L	en	Edzard Schmidt-Jortzig
B.L	en	Eric Holder
B.L	en	Erich Emminger
B.L	en	Erich Koch-Weser
B.L	en	Eugen Schiffer
B.L	en	European Union
B.L	en	Eurozone
B.L	en	Ewald Bucher
B.L	en	Facebook
B.L	en	Federal Constitutional Court of Germany
B.L	en	Federal Minister of Economics and Technology
B.L	en	Federal Minister of Justice (Germany)
B.L	en	Federal Ministry of Health (Germany)
B.L	en	Federal Ministry of Justice (Germany)
B.L	en	France
B.L	en	Franz Gürtner
B.L	en	Franz Josef Jung
B.L	en	Franz Schlegelberger
B.L	en	Free Democratic Party (Germany)
B.L	en	Fritz Neumayer
B.L	en	Fritz Schäffer
B.L	en	G8
B.L	en	Georgiy Gongadze
B.L	en	Gerhard Jahn
B.L	en	German Empire
B.L	en	Germany
B.L	en	Google
B.L	en	Guido Westerwelle
B.L	en	Gustav Heinemann
B.L	en	Gustav Radbruch
B.L	en	Gymnasium (Germany)
B.L	en	Hamm
B.L	en	Hans-Joachim Heusinger
B.L	en	Hans-Joachim von Merkatz
B.L	en	Hans-Jochen Vogel
B.L	en	Hans-Peter Friedrich
B.L	en	Hans A. Engelhard
B.L	en	Hans Luther
B.L	en	Heinrich von Friedberg
B.L	en	Helmut Kohl
B.L	en	Hermann Lisco
B.L	en	Hermann von Schelling
B.L	en	Herta Däubler-Gmelin
B.L	en	Hilde Benjamin
B.L	en	Horst Ehmke
B.L	en	IPhone
B.L	en	Ilse Aigner
B.L	en	Incumbent
B.L	en	Integrated Authority File
B.L	en	International Herald Tribune
B.L	en	Italy
B.L	en	Japan
B.L	en	Johann Viktor Bredt
B.L	en	Johanna Wanka
B.L	en	Johannes Bell
B.L	en	Josef Frenken
B.L	en	Justice ministry
B.L	en	Jürgen Schmude
B.L	en	Karl-Theodor zu Guttenberg
B.L	en	Karl Weber (German politician)
B.L	en	Klaus Kinkel
B.L	en	Kristina Schröder
B.L	en	Kurt Wünsche
B.L	en	Leonid Kuchma
B.L	en	Manfred Walther
B.L	en	Max Fechner
B.L	en	Minden
B.L	en	Munich
B.L	en	Nazi Germany
B.L	en	New York Times
B.L	en	Norbert Röttgen
B.L	en	Order of Merit of the Federal Republic of Germany
B.L	en	Oskar Hergt
B.L	en	Otto Georg Thierack
B.L	en	Otto Landsberg
B.L	en	Otto von Oehlschläger
B.L	en	Parliamentary Assembly of the Council of Europe
B.L	en	Paul von Krause
B.L	en	Peter Altmaier
B.L	en	Peter MacKay
B.L	en	Peter Ramsauer
B.L	en	Philipp Rösler
B.L	en	Rainer Brüderle
B.L	en	Richard Jaeger
B.L	en	Robert Bosse
B.L	en	Ronald Pofalla
B.L	en	Rudolf Arnold Nieberding
B.L	en	Rudolf Heinze
B.L	en	Russia
B.L	en	Sadakazu Tanigaki
B.L	en	Second Cabinet Merkel
B.L	en	Second Merkel cabinet
B.L	en	Spiegel Online
B.L	en	Theodor Heuss
B.L	en	Theodor von Guérard
B.L	en	Thomas Dehler
B.L	en	Thomas de Maizière
B.L	en	United Kingdom
B.L	en	United States
B.L	en	University of Bielefeld
B.L	en	University of Göttingen
B.L	en	Ursula von der Leyen
B.L	en	Vereinte Dienstleistungsgewerkschaft
B.L	en	Vice Chancellor of Germany
B.L	en	Virtual International Authority File
B.L	en	Viviane Reding
B.L	en	Weimar Republic
B.L	en	Wilhelm Marx
B.L	en	Wolfgang Schäuble
B.L	en	Wolfgang Stammberger
B.L	en	Workplace privacy
B.L	en	Wikipedia:Persondata
B.L	en	Template:Cabinet Merkel II
B.L	en	Template:G8-Justice
B.L	en	Template:GermanJusticeMinisters
B.L	en	Template:ISO 639 name de
B.L	en	Template talk:Cabinet Merkel II
B.L	en	Template talk:G8-Justice
B.L	en	Template talk:GermanJusticeMinisters
B.L	en	Help:IPA for German
B.L	en	Category:Use mdy dates from July 2012
B.L	es	1951
B.L	es	26 de julio
B.L	es	Alemania
B.L	es	Angela Merkel
B.L	es	Asamblea Parlamentaria del Consejo de Europa
B.L	es	Baviera
B.L	es	Bielefeld
B.L	es	CDU
B.L	es	Convención Europea de Derechos Humanos
B.L	es	Düsseldorf
B.L	es	FDP
B.L	es	Hamm
B.L	es	Helmut Kohl
B.L	es	Minden
B.L	es	Múnich
B.L	es	Político
B.L	es	Renania del Norte-Westfalia
B.L	es	Rusia
B.L	nds	1951
B.L	nds	26. Juli
B.L	nds	Brigitte Zypries
B.L	nds	Builefeld
B.L	nds	Bundsrepubliek Düütschland
B.L	nds	Bunnsministerium för'd Justiz
B.L	nds	CDU
B.L	nds	Chöttingen
B.L	nds	Düütsch Patentamt
B.L	nds	Düütschland
B.L	nds	Edzard Schmidt-Jortzig
B.L	nds	Ewald Bucher
B.L	nds	FDP
B.L	nds	FDP Bayern
B.L	nds	Feldafing
B.L	nds	Freiburger Kreis (Forum)
B.L	nds	Fritz Neumayer
B.L	nds	Fritz Schäffer
B.L	nds	Gerhard Jahn
B.L	nds	Gustav Heinemann
B.L	nds	Hans-Joachim von Merkatz
B.L	nds	Hans-Jochen Vogel
B.L	nds	Hans A. Engelhard
B.L	nds	Herta Däubler-Gmelin
B.L	nds	Horst Ehmke
B.L	nds	Jürgen Schmude
B.L	nds	Karl Weber
B.L	nds	Klaus Kinkel
B.L	nds	Landkreis Starnberg
B.L	nds	Linksliberalismus
B.L	nds	Minden
B.L	nds	München
B.L	nds	Regierungsdirektor
B.L	nds	Richard Jaeger
B.L	nds	Thomas Dehler
B.L	nds	Wikimedia Commons
B.L	nds	Wolfgang Stammberger
B.L	no	1951
B.L	no	1992
B.L	no	1996
B.L	no	2009
B.L	no	26. juli
B.L	no	Angela Merkels andre regjering
B.L	no	Annette Schavan
B.L	no	Brigitte Zypries
B.L	no	Daniel Bahr
B.L	no	Dirk Niebel
B.L	no	Edzard Schmidt-Jortzig
B.L	no	Ewald Bucher
B.L	no	FDP
B.L	no	Franz Josef Jung
B.L	no	Fritz Neumayer
B.L	no	Fritz Schäffer
B.L	no	Gerhard Jahn
B.L	no	Guido Westerwelle
B.L	no	Gustav Heinemann
B.L	no	Hans-Joachim von Merkatz
B.L	no	Hans-Jochen Vogel
B.L	no	Hans-Peter Friedrich
B.L	no	Hans A. Engelhard
B.L	no	Helmut Kohl
B.L	no	Helmut Kohls femte regjering
B.L	no	Helmut Kohls fjerde regjering
B.L	no	Herta Däubler-Gmelin
B.L	no	Horst Ehmke
B.L	no	Ilse Aigner
B.L	no	Johanna Wanka
B.L	no	Jürgen Schmude
B.L	no	Karl-Theodor zu Guttenberg
B.L	no	Karl Weber
B.L	no	Klaus Kinkel
B.L	no	Kristina Schröder
B.L	no	Liste over Tysklands justisministre
B.L	no	Minden
B.L	no	Norbert Röttgen
B.L	no	Peter Altmaier
B.L	no	Peter Ramsauer
B.L	no	Philipp Rösler
B.L	no	Rainer Brüderle
B.L	no	Richard Jaeger
B.L	no	Ronald Pofalla
B.L	no	Thomas Dehler
B.L	no	Thomas de Maizière
B.L	no	Tysklands justisministre
B.L	no	Ursula von der Leyen
B.L	no	Wikimedia Commons
B.L	no	Wolfgang Schäuble
B.L	no	Wolfgang Stammberger
B.L	no	Mal:Merkels andre kabinett
B.L	no	Mal:Tysklands justisministre etter 1949
B.L	no	Maldiskusjon:Merkels andre kabinett
B.L	no	Maldiskusjon:Tysklands justisministre etter 1949
B.L	pl	1951
B.L	pl	1991
B.L	pl	1994
B.L	pl	2009
B.L	pl	26 lipca
B.L	pl	28 października
B.L	pl	Angela Merkel
B.L	pl	Annette Schavan
B.L	pl	Bawaria
B.L	pl	Biblioteka Kongresu Stanów Zjednoczonych
B.L	pl	Bielefeld
B.L	pl	Brigitte Zypries
B.L	pl	Bundestag
B.L	pl	Carl-Dieter Spranger
B.L	pl	Claudia Nolte
B.L	pl	Czwarty rząd Helmuta Kohla
B.L	pl	Daniel Bahr
B.L	pl	Dirk Niebel
B.L	pl	Drugi rząd Angeli Merkel
B.L	pl	Edzard Schmidt-Jortzig
B.L	pl	Feldafing
B.L	pl	Franz Josef Jung
B.L	pl	Friedrich Bohl
B.L	pl	Gemeinsame Normdatei
B.L	pl	Gerda Hasselfeldt
B.L	pl	Gerhard Stoltenberg
B.L	pl	Getynga
B.L	pl	Guido Westerwelle
B.L	pl	Günter Rexrodt
B.L	pl	Günther Krause
B.L	pl	Hans-Dietrich Genscher
B.L	pl	Hans-Peter Friedrich
B.L	pl	Helmut Kohl
B.L	pl	Horst Seehofer
B.L	pl	Ignaz Kiechle
B.L	pl	Ilse Aigner
B.L	pl	Jochen Borchert
B.L	pl	Johanna Wanka
B.L	pl	Jürgen Möllemann
B.L	pl	Jürgen Rüttgers
B.L	pl	Język angielski
B.L	pl	Język niemiecki
B.L	pl	Karl-Hans Laermann
B.L	pl	Karl-Theodor zu Guttenberg
B.L	pl	Klaus Kinkel
B.L	pl	Klaus Töpfer
B.L	pl	Kontrola autorytatywna
B.L	pl	Kristina Schröder
B.L	pl	Manfred Kanther
B.L	pl	Matthias Wissmann
B.L	pl	Minden (Nadrenia Północna-Westfalia)
B.L	pl	Monachium
B.L	pl	Norbert Blüm
B.L	pl	Norbert Röttgen
B.L	pl	Online Computer Library Center
B.L	pl	Peter Altmaier
B.L	pl	Peter Ramsauer
B.L	pl	Philipp Rösler
B.L	pl	Piąty rząd Helmuta Kohla
B.L	pl	Rainer Brüderle
B.L	pl	Rainer Ortleb
B.L	pl	Ronald Pofalla
B.L	pl	Rudolf Seiters
B.L	pl	Theodor Waigel
B.L	pl	Thomas de Maizière
B.L	pl	Unia Chrześcijańsko-Demokratyczna (Niemcy)
B.L	pl	Ursula von der Leyen
B.L	pl	Volker Rühe
B.L	pl	Wolfgang Bötsch
B.L	pl	Wolfgang Schäuble
B.L	pl	Wolna Partia Demokratyczna
B.L	pl	Wybory parlamentarne w Niemczech w 2009 roku
B.L	pl	Zgromadzenie Parlamentarne Rady Europy
B.L	pl	Szablon:Czwarty rząd Helmuta Kohla
B.L	pl	Szablon:Drugi rząd Angeli Merkel
B.L	pl	Szablon:Piąty rząd Helmuta Kohla
B.L	pl	Dyskusja szablonu:Czwarty rząd Helmuta Kohla
B.L	pl	Dyskusja szablonu:Drugi rząd Angeli Merkel
B.L	pl	Dyskusja szablonu:Piąty rząd Helmuta Kohla
B.L	lt	1951
B.L	lt	1962
B.L	lt	1964
B.L	lt	1969
B.L	lt	1970
B.L	lt	1975
B.L	lt	1978
B.L	lt	1979
B.L	lt	1990
B.L	lt	1992
B.L	lt	2002
B.L	lt	2006
B.L	lt	2009
B.L	lt	Advokatas
B.L	lt	Bylefeldas
B.L	lt	Christlich Demokratische Union Deutschlands
B.L	lt	FDP
B.L	lt	Gotha
B.L	lt	Gėtingenas
B.L	lt	Helmut Kohl
B.L	lt	Liepos 26
B.L	lt	Lietuvių kalba
B.L	lt	Minden
B.L	lt	Miunchenas
B.L	lt	Vokietija
B.L	lt	Vokietijos patentų tarnyba
B.L	lt	Wolfgang Stammberger
B.L	la	1951
B.L	la	1970
B.L	la	1975
B.L	la	1978
B.L	la	1979
B.L	la	1990
B.L	la	1992
B.L	la	1994
B.L	la	1996
B.L	la	2000
B.L	la	2003
B.L	la	2008
B.L	la	2009
B.L	la	26 Iulii
B.L	la	Administer Foederalis Iustitiae
B.L	la	Administratio Merkel 2
B.L	la	Angela Merkel
B.L	la	Annetta Schavan
B.L	la	Bavaria
B.L	la	Bilivelda
B.L	la	Brigitta Zypries
B.L	la	CSU
B.L	la	Carolus-Ioannes Laermann
B.L	la	Carolus-Theodericus Spranger
B.L	la	Carolus Theodorus zu Guttenberg
B.L	la	Carolus Weber
B.L	la	Christianus Schwarz-Schilling
B.L	la	Christina Schröder
B.L	la	Claudia Nolte
B.L	la	Consilium Europae
B.L	la	Daniel Bahr
B.L	la	Dieta Foederalis Germaniae
B.L	la	Eduardus Oswald
B.L	la	Eduardus Schmidt-Jortzig
B.L	la	Evaldus Bucher
B.L	la	Factio Democratica Liberalis Germaniae
B.L	la	Franciscus Josephus Jung
B.L	la	Fridericus Bohl
B.L	la	Fridericus Neumayer
B.L	la	Fridericus Schäffer
B.L	la	Georgius Möllemann
B.L	la	Georgius Rüttgers
B.L	la	Georgius Schmude
B.L	la	Gerda Hasselfeldt
B.L	la	Gerhardus Jahn
B.L	la	Gerhardus Stoltenberg
B.L	la	Goettinga
B.L	la	Guido Westerwelle
B.L	la	Gunterus Rexrodt
B.L	la	Guntherus Krause
B.L	la	Gustavus Heinemann
B.L	la	Hannelora Rönsch
B.L	la	Helimutus Kohl
B.L	la	Henricus Riesenhuber
B.L	la	Herta Däubler-Gmelin
B.L	la	Horatius Ehmke
B.L	la	Horatius Seehofer
B.L	la	Ignatius Kiechle
B.L	la	Ilse Aigner
B.L	la	Ioachimus Borchert
B.L	la	Ioanna Wanka
B.L	la	Ioannes-Ioachimus de Merkatz
B.L	la	Ioannes-Petrus Friedrich
B.L	la	Ioannes-Theodericus Genscher
B.L	la	Ioannes Engelhard
B.L	la	Ioannes Iochen Vogel
B.L	la	Irmgarda Adam-Schwaetzer
B.L	la	Manfredus Kanther
B.L	la	Matthias Wissmann
B.L	la	Minda
B.L	la	Monachium
B.L	la	Nicolaus Kinkel
B.L	la	Nicolaus Töpfer
B.L	la	Norbertus Blüm
B.L	la	Norbertus Röttgen
B.L	la	Paulus Krüger
B.L	la	Petrus Altmaier
B.L	la	Petrus Ramsauer
B.L	la	Philippus Rösler
B.L	la	Rainer Brüderle
B.L	la	Rainerus Ortleb
B.L	la	Ricardus Jaeger
B.L	la	Ronaldus Pofalla
B.L	la	Rudolphus Seiters
B.L	la	Theodericus Niebel
B.L	la	Theodorus Waigel
B.L	la	Thomas Dehler
B.L	la	Thomas de Maizière
B.L	la	Ursula de Leyen
B.L	la	Volfgangus Bötsch
B.L	la	Volfgangus Schäuble
B.L	la	Volkerus Rühe
B.L	la	Wolfgangus Stammberger
B.L	ja	1951年
B.L	ja	1992年
B.L	ja	1996年
B.L	ja	2009年
B.L	ja	7月26日
B.L	ja	アンゲラ・メルケル
B.L	ja	アンドレアス・ブルンク
B.L	ja	エツァート・シュミット＝ヨルツィヒ
B.L	ja	エデュアルド・フォン・ハーノアー
B.L	ja	エヴァルト・ブーヘル
B.L	ja	エーリヒ・エミンガー
B.L	ja	エーリヒ・コッホ＝ヴェーザー
B.L	ja	オイゲン・シファー
B.L	ja	オスカー・ヘルゲ
B.L	ja	オットー・ゲオルク・ティーラック
B.L	ja	オットー・フォン・エールシュレーガー
B.L	ja	オットー・ランツベルク
B.L	ja	カール・ヴェーバー
B.L	ja	キリスト教民主同盟
B.L	ja	ギムナジウム
B.L	ja	クラウス・キンケル
B.L	ja	クルト・ヨエル
B.L	ja	グスタフ・ハイネマン
B.L	ja	グスタフ・ラートブルフ
B.L	ja	ゲッティンゲン大学
B.L	ja	ゲルハルト・ヤーン
B.L	ja	テオドール・フォン・ ゲラール
B.L	ja	デュッセルドルフ
B.L	ja	トーマス・デーラー
B.L	ja	ドイツ
B.L	ja	ドイツ語
B.L	ja	ドイツ連邦議会
B.L	ja	ノルトライン＝ヴェストファーレン州
B.L	ja	ハインリヒ・フォン・フリードベルク
B.L	ja	ハム (ドイツ)
B.L	ja	ハンス・A・エンゲルハルト
B.L	ja	ハンス・ルター
B.L	ja	ハンス＝ヨアヒム・フォン・メルカッツ
B.L	ja	ハンス＝ヨッヒェン・フォーゲル
B.L	ja	パウル・ゲオルク・クリストフ・フォン・クラウゼ
B.L	ja	フランツ・ギュルトナー
B.L	ja	フランツ・シュレーゲルベルガー
B.L	ja	フリッツ・シェッフェル
B.L	ja	フリッツ・ノイマイヤー
B.L	ja	ブリギッテ・ツィプリース
B.L	ja	ヘルタ・ドイブラー＝グメリン
B.L	ja	ヘルマン・フォン・シェリング
B.L	ja	ヘルマン・リスコ
B.L	ja	ヘルムート・コール
B.L	ja	ホルスト・エームケ
B.L	ja	ミュンヘン
B.L	ja	ミンデン (ノルトライン＝ヴェストファーレン)
B.L	ja	ユルゲン・シュムーデ
B.L	ja	ヨハネス・ベル
B.L	ja	ヨハン・ヴィクトル・ブレット
B.L	ja	ヨーゼフ・フレンケン
B.L	ja	リヒャルト・イエガー
B.L	ja	ルードルフ・アルノルト・ニーベルディンク
B.L	ja	ルードルフ・ハインツェ
B.L	ja	ローベルト・ボッセ
B.L	ja	ヴィルヘルム・マルクス
B.L	ja	ヴォルフガング・シュタムベルガー
B.L	ja	社会自由主義
B.L	ja	第2次メルケル内閣
B.L	ja	自由民主党 (ドイツ)
B.L	ja	西ドイツ
B.L	ja	連邦司法省 (ドイツ)
B.L	ja	Template:ドイツ連邦共和国法務大臣
B.L	ja	Template‐ノート:ドイツ連邦共和国法務大臣
B.L	sv	1951
B.L	sv	26 juli
B.L	sv	Angela Merkel
B.L	sv	Annette Schavan
B.L	sv	Bielefeld
B.L	sv	Daniel Bahr
B.L	sv	Dirk Niebel
B.L	sv	FDP
B.L	sv	Franz Josef Jung
B.L	sv	Förbundsdagen
B.L	sv	Guido Westerwelle
B.L	sv	Göttingen
B.L	sv	Hans-Peter Friedrich
B.L	sv	Ilse Aigner
B.L	sv	Johanna Wanka
B.L	sv	Juridik
B.L	sv	Karl-Theodor zu Guttenberg
B.L	sv	Kristina Schröder
B.L	sv	Minden
B.L	sv	München
B.L	sv	Norbert Röttgen
B.L	sv	Patent
B.L	sv	Peter Altmaier
B.L	sv	Peter Ramsauer
B.L	sv	Philipp Rösler
B.L	sv	Rainer Brüderle
B.L	sv	Regeringen Merkel II
B.L	sv	Ronald Pofalla
B.L	sv	Thomas de Maizière
B.L	sv	Tysklands förbundsregering
B.L	sv	Tysklands justitieminister
B.L	sv	Ursula von der Leyen
B.L	sv	Wolfgang Schäuble
B.L	sv	Mall:Regeringen Merkel II
B.L	sv	Malldiskussion:Regeringen Merkel II
B.L	sl	1951
B.L	sl	26. julij
B.L	sl	Bavarska
B.L	sl	HTML element
B.L	sl	Helmut Kohl
B.L	sl	Minden
B.L	sl	Nemci
B.L	sl	Nemčija
B.L	sl	Politik
B.L	sl	Pravnica
B.L	sl	WP:POVEZAVA
B.L	sl	Wikipedija:Navajanje virov
B.L	sl	Wikipedija:Plonkceglc
B.L	sl	Wikipedija:Predloge za navajanje
B.L	sl	Wikipedija:Slepa povezava
B.L	sl	Wikipedija:Slogovni priročnik
B.L	sl	Wikipedija:Slogovni priročnik/Postavitev
B.L	sl	Wikipedija:Slogovni priročnik/Povezovanje
B.L	sl	Wikipedija:Slogovni priročnik/Uvod
B.L	sl	Predloga:Wikificiraj
B.L	sl	Pomoč:Infopolje
B.L	ru	17 января
B.L	ru	18 мая
B.L	ru	1951
B.L	ru	1951 год
B.L	ru	1992 год
B.L	ru	1996 год
B.L	ru	2009 год
B.L	ru	26 июля
B.L	ru	28 октября
B.L	ru	Бавария
B.L	ru	Большая восьмёрка
B.L	ru	Бундестаг
B.L	ru	Викисклад
B.L	ru	Гельмут Коль
B.L	ru	Германия
B.L	ru	Геттингенский университет
B.L	ru	Гёттингенский университет
B.L	ru	Дюссельдорф
B.L	ru	За заслуги перед Федеративной Республикой Германия
B.L	ru	Кинкель, Клаус
B.L	ru	Кларк, Кеннет Гарри
B.L	ru	Коль, Гельмут
B.L	ru	Коновалов, Александр Владимирович
B.L	ru	Меркель, Ангела
B.L	ru	Минден
B.L	ru	Министр юстиции
B.L	ru	Мюнхен
B.L	ru	Немецкий язык
B.L	ru	Николсон, Роб
B.L	ru	Парламентская ассамблея Совета Европы
B.L	ru	Политик
B.L	ru	Свободная демократическая партия (Германия)
B.L	ru	Северино, Паола
B.L	ru	Северный Рейн-Вестфалия
B.L	ru	Совет Европы
B.L	ru	Список министров юстиции Германии
B.L	ru	Тобира, Кристен
B.L	ru	Университет Билефельда
B.L	ru	Федеративная Республика Германии (до 1990)
B.L	ru	Хамм
B.L	ru	Хираока, Хидео
B.L	ru	Холдер, Эрик
B.L	ru	Христианско-демократический союз (Германия)
B.L	ru	Циприс, Бригитте
B.L	ru	Шмидт-Йорциг, Эдзард
B.L	ru	Штаммбергер, Вольфганг
B.L	ru	Юрист
CN	de	Sabine_Leutheusser-Schnarrenberger
IWL	fr	Sabine Leutheusser-Schnarrenberger
IWL	eo	Sabine Leutheusser-Schnarrenberger
IWL	en	Sabine Leutheusser-Schnarrenberger
IWL	es	Sabine Leutheusser-Schnarrenberger
IWL	nds	Sabine Leutheusser-Schnarrenberger
IWL	no	Sabine Leutheusser-Schnarrenberger
IWL	pl	Sabine Leutheusser-Schnarrenberger
IWL	lt	Sabine Leutheusser-Schnarrenberger
IWL	la	Sabina Leutheusser-Schnarrenberger
IWL	ja	ザビーネ・ロイトホイサー＝シュナレンベルガー
IWL	sv	Sabine Leutheusser-Schnarrenberger
IWL	sl	Sabine Leutheusser-Schnarrenberger
IWL	ru	Лойтхойссер-Шнарренбергер, Сабина
