A.L	de	Adidas
A.L	de	Aktie
A.L	de	Aktiengesellschaft (Deutschland)
A.L	de	Alabama
A.L	de	Albert Vögler
A.L	de	Alfred Hugenberg
A.L	de	Alfred Krupp
A.L	de	Alfried Krupp von Bohlen und Halbach
A.L	de	Alfried Krupp von Bohlen und Halbach-Stiftung
A.L	de	Allianz SE
A.L	de	Altana
A.L	de	Amélie Thyssen
A.L	de	Anita Thyssen
A.L	de	Anlagenbau
A.L	de	Arcelor
A.L	de	Aufrüstung
A.L	de	Aufsichtsrat
A.L	de	Aufzugs- und Fahrtreppenkartell
A.L	de	August Howaldt
A.L	de	August Thyssen
A.L	de	BASF
A.L	de	BKK – Thyssen Bausysteme
A.L	de	BMW
A.L	de	Babcock Borsig
A.L	de	Bayer AG
A.L	de	Bayerische Hypotheken- und Wechsel-Bank
A.L	de	Bayerische Vereinsbank
A.L	de	Beeck (Duisburg)
A.L	de	Beiersdorf AG
A.L	de	Bergbau
A.L	de	Bernhard Howaldt
A.L	de	Bertha Krupp von Bohlen und Halbach
A.L	de	Berthold Beitz
A.L	de	Bilanzsumme
A.L	de	Bilstein (Stoßdämpferhersteller)
A.L	de	BlackRock
A.L	de	Bochum
A.L	de	Bochumer Verein
A.L	de	Bramme
A.L	de	Brasilien
A.L	de	Brielle
A.L	de	Buddy Bär
A.L	de	Bundesautobahn 40
A.L	de	Bundeskartellamt
A.L	de	Bundesuniversität Rio de Janeiro
A.L	de	Bußgeld
A.L	de	CITIC Group
A.L	de	Central Única dos Trabalhadores
A.L	de	Cerny Aufzüge
A.L	de	China
A.L	de	Commerzbank
A.L	de	Companhia Siderúrgica do Atlântico
A.L	de	Continental AG
A.L	de	DAX
A.L	de	Daimler AG
A.L	de	Der Tagesspiegel
A.L	de	Detlev Rohwedder
A.L	de	Deutsch-Luxemburgische Bergwerks- und Hütten-AG
A.L	de	Deutsche Bank
A.L	de	Deutsche Börse
A.L	de	Deutsche Post AG
A.L	de	Deutsche Telekom
A.L	de	Deutschland
A.L	de	Deutz AG
A.L	de	Die Welt
A.L	de	Die Zeit
A.L	de	Dieter H. Vogel
A.L	de	Dieter Spethmann
A.L	de	Diversifikation (Wirtschaft)
A.L	de	Dofasco
A.L	de	Dortmund
A.L	de	Dortmunder Eisenbahn
A.L	de	Drauz-Werke
A.L	de	Dreischeibenhaus
A.L	de	Dresdner Bank
A.L	de	Duisburg
A.L	de	Düsseldorf
A.L	de	E.ON
A.L	de	Edelstahl
A.L	de	Eichen (Kreuztal)
A.L	de	Eisenbahn
A.L	de	Ekkehard Schulz
A.L	de	Elektroblech
A.L	de	Emil Kirdorf
A.L	de	Emission (Umwelt)
A.L	de	Epcos
A.L	de	Erlös
A.L	de	Erster Weltkrieg
A.L	de	Erz
A.L	de	Essen
A.L	de	Euro
A.L	de	Europaparlament
A.L	de	Evonik Degussa
A.L	de	Fahrgestell
A.L	de	Fahrtreppe
A.L	de	Fahrzeugkran
A.L	de	Faun GmbH
A.L	de	Feindliche Übernahme
A.L	de	Feldmühle (Unternehmen)
A.L	de	Ferndorf (Kreuztal)
A.L	de	Fluggastbrücke
A.L	de	Fresenius (Unternehmen)
A.L	de	Fresenius Medical Care
A.L	de	Friedel Neuber
A.L	de	Friedrich Alfred Krupp
A.L	de	Friedrich Krupp
A.L	de	Friedrich Krupp AG
A.L	de	Friedrich Springorum
A.L	de	Fritz-Aurel Goergen
A.L	de	Fritz Thyssen
A.L	de	Gelsenkirchener Bergwerks-AG
A.L	de	Georg Howaldt
A.L	de	Gerhard Cromme
A.L	de	Germaniawerft
A.L	de	Gewerkschaft Deutscher Kaiser
A.L	de	Gewinn
A.L	de	Gewinn vor Steuern
A.L	de	Graz
A.L	de	Gründung (Recht)
A.L	de	Gustav Krupp von Bohlen und Halbach
A.L	de	Gutehoffnungshütte
A.L	de	Halbzeug
A.L	de	Hamburg
A.L	de	Hamburger Abendblatt
A.L	de	Handelsblatt
A.L	de	Hannover Rück
A.L	de	Hans-Günther Sohl
A.L	de	Hans Heinrich Thyssen-Bornemisza de Kászon
A.L	de	HeidelbergCement
A.L	de	Heinrich August Schulte
A.L	de	Heinrich Brüning
A.L	de	Heinrich Hiesinger
A.L	de	Heinrich Thyssen
A.L	de	Hellenic Shipyards
A.L	de	Henkel (Unternehmen)
A.L	de	Henschel & Sohn
A.L	de	Hermann Howaldt
A.L	de	Hewlett-Packard
A.L	de	Hochgeschwindigkeitszug
A.L	de	Hoechst
A.L	de	Hoesch AG
A.L	de	Hoesch Siegerlandwerke
A.L	de	Howaldtswerke-Deutsche Werft
A.L	de	Hugo Stinnes
A.L	de	Hypo Real Estate
A.L	de	Hörder Bergwerks- und Hütten-Verein
A.L	de	Hüttenwerk
A.L	de	Industrielleneingabe
A.L	de	Infineon
A.L	de	Interessenkollision
A.L	de	International Securities Identification Number
A.L	de	Jan Phillip Willhelm Krupp
A.L	de	Joachim Radkau
A.L	de	Joseph Thyssen
A.L	de	K+S
A.L	de	Karstadt
A.L	de	Kartellrecht
A.L	de	Kockums
A.L	de	Kohlendioxid
A.L	de	Kone (Unternehmen)
A.L	de	Kooperation
A.L	de	Kraftwerk
A.L	de	Krefeld
A.L	de	Krupp Grusonwerk
A.L	de	Krupp Industrietechnik
A.L	de	Kurbelwelle
A.L	de	Kurt Sorge
A.L	de	Kux
A.L	de	Lanxess
A.L	de	Leopold Hoesch
A.L	de	Leopold von Hoesch
A.L	de	Linde AG
A.L	de	Liste der IPA-Zeichen
A.L	de	Lothar Gall
A.L	de	Lufthansa
A.L	de	MAN
A.L	de	MLP AG
A.L	de	Manfred Lennings
A.L	de	Manitowoc Company
A.L	de	Mannesmann
A.L	de	Maxhütte (Sulzbach-Rosenberg)
A.L	de	McKinsey & Company
A.L	de	Mediagate
A.L	de	Merck KGaA
A.L	de	Metro AG
A.L	de	Mischkonzern
A.L	de	Mitarbeiter
A.L	de	Mittal Steel Company
A.L	de	Montanindustrie
A.L	de	Mount Vernon (Alabama)
A.L	de	Munich Re
A.L	de	Mülheim an der Ruhr
A.L	de	Mülheimer Bergwerks-Verein
A.L	de	NE-Metall
A.L	de	Nationalsozialist
A.L	de	Neues Deutschland
A.L	de	Niederlande
A.L	de	Nixdorf Computer
A.L	de	Nordseewerke
A.L	de	Otis Elevator Company
A.L	de	Outokumpu (Unternehmen)
A.L	de	Paul von Hindenburg
A.L	de	Phoenix AG für Bergbau und Hüttenbetrieb
A.L	de	Pleuel
A.L	de	Polysius
A.L	de	Portfolio
A.L	de	Postbank
A.L	de	Preisabsprache
A.L	de	Preussag
A.L	de	Profilstahl
A.L	de	RAG Aktiengesellschaft
A.L	de	RWE
A.L	de	Radebeul
A.L	de	Rechtsform
A.L	de	Rede Globo
A.L	de	Reichsmark
A.L	de	Reinhold Jende
A.L	de	Remondis
A.L	de	Rhein
A.L	de	Rheinische Bank
A.L	de	Rheinstahl
A.L	de	Rio de Janeiro
A.L	de	Rothe Erde (ThyssenKrupp)
A.L	de	Ruhrgebiet
A.L	de	Rüstungsindustrie
A.L	de	SAP
A.L	de	Saar- und Mosel-Bergwerks-Gesellschaft
A.L	de	Salzgitter AG
A.L	de	Schaaf Industrie
A.L	de	Schienenfreunde
A.L	de	Schiffbau
A.L	de	Schindler Aufzüge
A.L	de	Schubschiff
A.L	de	Schwerindustrie
A.L	de	Seehafen
A.L	de	Sepetiba
A.L	de	Siegerland
A.L	de	Siemens
A.L	de	Sintern
A.L	de	Sitz (juristische Person)
A.L	de	Spezialisierung
A.L	de	Stahl
A.L	de	Stahlerzeugung
A.L	de	Stahlindustrie
A.L	de	Stammhaus Krupp
A.L	de	Steinkohlenbergwerk
A.L	de	Stoßdämpfer
A.L	de	Stranggießen
A.L	de	TSR Recycling
A.L	de	TUI
A.L	de	ThyssenKrupp Bausysteme
A.L	de	ThyssenKrupp Electrical Steel
A.L	de	ThyssenKrupp Elevator
A.L	de	ThyssenKrupp Elevator AG
A.L	de	ThyssenKrupp Gerlach
A.L	de	ThyssenKrupp Krause
A.L	de	ThyssenKrupp Marine Systems
A.L	de	ThyssenKrupp Metallurgie
A.L	de	ThyssenKrupp Nirosta
A.L	de	ThyssenKrupp Presta
A.L	de	ThyssenKrupp Präzisionsschmiede
A.L	de	ThyssenKrupp Rasselstein
A.L	de	ThyssenKrupp Schulte
A.L	de	ThyssenKrupp Steel
A.L	de	ThyssenKrupp Transrapid
A.L	de	ThyssenKrupp Treppenlifte
A.L	de	ThyssenKrupp Xervon
A.L	de	Thyssen Bausysteme Dinslaken
A.L	de	Thyssen Handelsunion
A.L	de	Thyssen Schienen Technik GmbH
A.L	de	Thyssen Telecom
A.L	de	Tochtergesellschaft
A.L	de	Transrapid
A.L	de	Triaton
A.L	de	Uhde GmbH
A.L	de	Union, AG für Bergbau, Eisen- und Stahl-Industrie
A.L	de	Unternehmensberater
A.L	de	Unternehmensführung
A.L	de	VEBA
A.L	de	VIAG
A.L	de	Vale Inco
A.L	de	Verbindlichkeit
A.L	de	Vereinigte Deutsche Metallwerke
A.L	de	Vereinigte Stahlwerke
A.L	de	Vereinigte Stahlwerke AG
A.L	de	Volkswagen AG
A.L	de	Vorstandsvorsitzender
A.L	de	Walzwerk
A.L	de	Website
A.L	de	Weißblech
A.L	de	Werkschutz
A.L	de	Westdeutsche Allgemeine Zeitung
A.L	de	Westfalenhütte
A.L	de	Wirtschaftskartell
A.L	de	Wirtschaftszweig
A.L	de	Wolfgang Zdral
A.L	de	Zweiter Weltkrieg
B.L	fi	1860
B.L	fi	1999
B.L	fi	Adidas
B.L	fi	Allianz
B.L	fi	Autotekniikka
B.L	fi	BASF
B.L	fi	BMW
B.L	fi	Bayer
B.L	fi	Beiersdorf
B.L	fi	Commerzbank
B.L	fi	DAX-indeksi
B.L	fi	Daimler
B.L	fi	Deutsche Bank
B.L	fi	Deutsche Börse
B.L	fi	Deutsche Post
B.L	fi	Deutsche Telekom
B.L	fi	Duisburg
B.L	fi	E.ON
B.L	fi	Ekkehard Schulz
B.L	fi	Essen
B.L	fi	Frankfurtin pörssi
B.L	fi	Fresenius
B.L	fi	Fresenius Medical Care
B.L	fi	Hannover Re
B.L	fi	Henkel
B.L	fi	Hissi
B.L	fi	Julkinen osakeyhtiö
B.L	fi	K+S
B.L	fi	Konglomeraatti (liiketalous)
B.L	fi	Krupp
B.L	fi	Laiva
B.L	fi	Liikevaihto
B.L	fi	Liikevoitto
B.L	fi	Linde
B.L	fi	Lontoon pörssi
B.L	fi	Lufthansa
B.L	fi	MAN (yritys)
B.L	fi	METRO AG
B.L	fi	Merck KGaA
B.L	fi	Munich Re
B.L	fi	Nettotulos
B.L	fi	RWE
B.L	fi	Ruostumaton teräs
B.L	fi	SAP (yritys)
B.L	fi	Saksa
B.L	fi	Salzgitter (yritys)
B.L	fi	Siemens
B.L	fi	Sukellusvene
B.L	fi	Teräs
B.L	fi	Thyssen AG
B.L	fi	Toimiala
B.L	fi	Toimitusjohtaja
B.L	fi	Volkswagen
B.L	fi	Yhtiömuoto
B.L	fi	Yritys
B.L	fi	Yritysten sulautuminen
B.L	fi	Wikipedia:Tynkä
B.L	fi	Luokka:Yritystyngät
B.L	fr	2005
B.L	fr	Acier
B.L	fr	Action (finance)
B.L	fr	Adidas
B.L	fr	Allemagne
B.L	fr	Allianz
B.L	fr	Ansteel
B.L	fr	Arcelor
B.L	fr	ArcelorMittal
B.L	fr	Ascenseur
B.L	fr	Automobile
B.L	fr	BAE Systems
B.L	fr	BASF
B.L	fr	Baosteel
B.L	fr	Bayer (entreprise)
B.L	fr	Bayerische Motoren Werke
B.L	fr	Beiersdorf
B.L	fr	Benxi Iron and Steel
B.L	fr	Blohm & Voss
B.L	fr	Bourse de Francfort
B.L	fr	Chef d'entreprise
B.L	fr	Chiffre d'affaires
B.L	fr	Commerzbank
B.L	fr	Commission européenne
B.L	fr	Complexe militaro-industriel de l'Allemagne
B.L	fr	Continental AG
B.L	fr	DAX
B.L	fr	Daimler (entreprise)
B.L	fr	Deutsche Bank
B.L	fr	Deutsche Börse
B.L	fr	Deutsche Post
B.L	fr	Deutsche Telekom
B.L	fr	Dofasco
B.L	fr	Décembre 2005
B.L	fr	Düsseldorf
B.L	fr	E.ON
B.L	fr	EADS
B.L	fr	Entente illicite
B.L	fr	Essen
B.L	fr	Evraz
B.L	fr	Fresenius
B.L	fr	Fresenius Medical Care
B.L	fr	Gerdau
B.L	fr	Groupe Schindler
B.L	fr	Hebei Iron and Steel
B.L	fr	HeidelbergCement
B.L	fr	Heinrich Hiesinger
B.L	fr	Henkel
B.L	fr	Homicide
B.L	fr	Hyundai Steel
B.L	fr	Infineon Technologies
B.L	fr	JFE Holdings
B.L	fr	K+S
B.L	fr	Krupp Ag
B.L	fr	Laminage
B.L	fr	Lanxess
B.L	fr	Le Plan B
B.L	fr	Linde AG
B.L	fr	Liste de producteurs d'acier
B.L	fr	Lufthansa
B.L	fr	Maanshan
B.L	fr	Merck KGaA
B.L	fr	Munich Re
B.L	fr	Nippon Steel
B.L	fr	Nucor
B.L	fr	One Equity Partners
B.L	fr	Otis Elevator Company
B.L	fr	POSCO
B.L	fr	RWE
B.L	fr	Résultat net
B.L	fr	SAP (entreprise)
B.L	fr	Secteur d'activité
B.L	fr	Shagang Group
B.L	fr	Shandong Group
B.L	fr	Shougang Group
B.L	fr	Sidérurgie
B.L	fr	Siemens (entreprise)
B.L	fr	Site web
B.L	fr	Siège social
B.L	fr	Slogan publicitaire
B.L	fr	Société anonyme
B.L	fr	Tata Steel
B.L	fr	Technologie
B.L	fr	Thyssen
B.L	fr	ThyssenKrupp Marine Systems
B.L	fr	ThyssenKrupp Presta
B.L	fr	Train à sustentation magnétique
B.L	fr	Turin
B.L	fr	U.S. Steel
B.L	fr	Volkswagen (entreprise)
B.L	fr	Wuhan Iron and Steel
B.L	fr	Discussion:ThyssenKrupp/À faire
B.L	fr	Wikipédia:Notoriété des entreprises, sociétés et produits
B.L	fr	Modèle:Infobox Société
B.L	fr	Modèle:Palette DAX
B.L	fr	Modèle:Palette Société sidérurgique
B.L	fr	Modèle:Ébauche/paramètres entreprise allemande
B.L	fr	Discussion modèle:Palette DAX
B.L	fr	Discussion modèle:Palette Société sidérurgique
B.L	fr	Aide:Comment modifier une page
B.L	fr	Aide:Ébauche
B.L	fr	Catégorie:Entreprise par date de fondation
B.L	fr	Catégorie:Forme juridique des entreprises
B.L	fr	Catégorie:Portail:Allemagne/Articles liés
B.L	fr	Catégorie:Portail:Entreprises/Articles liés
B.L	fr	Portail:Allemagne
B.L	fr	Portail:Entreprises
B.L	fa	Aktiengesellschaft
B.L	fa	Seat (legal entity)
B.L	fa	آدیداس
B.L	fa	آسانسور
B.L	fa	آلمان
B.L	fa	آلیانتس
B.L	fa	ا.آن
B.L	fa	ار وه ئه
B.L	fa	اس آ پ
B.L	fa	اسن
B.L	fa	اینفینئون
B.L	fa	ب آ اس اف
B.L	fa	ب ام و
B.L	fa	بایر (شرکت)
B.L	fa	بایرسدورف
B.L	fa	بورس فرانکفورت
B.L	fa	بورس لندن
B.L	fa	تیسن ای‌جی
B.L	fa	دایملر آ گ
B.L	fa	دویسبورگ
B.L	fa	دویچه بانک
B.L	fa	دویچه بورزه
B.L	fa	دویچه تلکوم
B.L	fa	دویچه پست
B.L	fa	رییس هیئت مدیره
B.L	fa	زبان آلمانی
B.L	fa	زیان
B.L	fa	زیمنس
B.L	fa	فرزنیوس
B.L	fa	فرزنیوس مدیکال کر
B.L	fa	فولاد
B.L	fa	فولاد ضد زنگ
B.L	fa	لانکسس
B.L	fa	لوفت‌هانزا
B.L	fa	لینده
B.L	fa	مارک
B.L	fa	محمدرضا پهلوی
B.L	fa	مدیر عامل اجرایی
B.L	fa	مرک
B.L	fa	مهندسی دریایی
B.L	fa	مکانیک خودرو
B.L	fa	میونیک ره
B.L	fa	هایدلبرگ‌سمنت
B.L	fa	هنریش هیزنگر
B.L	fa	هنکل
B.L	fa	هیأت نظارت
B.L	fa	کا+اس
B.L	fa	کروپ
B.L	fa	کشتی سازی
B.L	fa	کنگلومرا
B.L	fa	کومرتس‌بانک
B.L	fa	کونتیننتال آ گ
B.L	fa	گروه فولکس‌واگن
B.L	fa	یورو
B.L	fa	۱۹۹۹ (میلادی)
B.L	fa	الگو:شرکت‌های دکس
B.L	fa	بحث الگو:شرکت‌های دکس
B.L	en	Adidas
B.L	en	Aktiengesellschaft
B.L	en	Alabama
B.L	en	Alabama State Port Authority
B.L	en	Alfried Krupp von Bohlen und Halbach
B.L	en	Alfried Krupp von Bohlen und Halbach Foundation
B.L	en	Allianz
B.L	en	American Metal Market
B.L	en	Asset
B.L	en	Atlas Elektronik
B.L	en	Automotive engineering
B.L	en	BAE Systems
B.L	en	BASF
B.L	en	BMW
B.L	en	Bayer AG
B.L	en	Beiersdorf
B.L	en	Blohm + Voss
B.L	en	Budd Company
B.L	en	CEO
B.L	en	Calvert, Alabama
B.L	en	Chairman
B.L	en	Chief executive officer
B.L	en	Commerzbank
B.L	en	Conglomerate (company)
B.L	en	Continental AG
B.L	en	Convent, Louisiana
B.L	en	DAX
B.L	en	Daimler AG
B.L	en	Deutsche Bank
B.L	en	Deutsche Börse
B.L	en	Deutsche Post
B.L	en	Deutsche Telekom
B.L	en	Dover Corporation
B.L	en	Duisburg
B.L	en	Düsseldorf
B.L	en	E.ON
B.L	en	EADS
B.L	en	Earnings before interest and taxes
B.L	en	Elevator
B.L	en	Emden
B.L	en	Equity (finance)
B.L	en	Essen
B.L	en	Euro
B.L	en	European Union
B.L	en	Frankfurt Stock Exchange
B.L	en	Fresenius (company)
B.L	en	Fresenius Medical Care
B.L	en	Germany
B.L	en	Hamburg
B.L	en	HeidelbergCement
B.L	en	Heinrich Hiesinger
B.L	en	Henkel
B.L	en	Howaldtswerke-Deutsche Werft
B.L	en	Infineon Technologies
B.L	en	Italy
B.L	en	K+S
B.L	en	Kent, Washington
B.L	en	Kiel
B.L	en	Kone
B.L	en	Krupp
B.L	en	Lanxess
B.L	en	List of conglomerates
B.L	en	List of steel producers
B.L	en	London Stock Exchange
B.L	en	Lufthansa
B.L	en	Manifold (general engineering)
B.L	en	Marine engineering
B.L	en	Martinrea International
B.L	en	Merck KGaA
B.L	en	Merger
B.L	en	Mitsubishi Electric
B.L	en	Mobile, Alabama
B.L	en	Mobile Bay
B.L	en	Mobile County
B.L	en	Munich Re
B.L	en	NAFTA
B.L	en	Net income
B.L	en	Nordseewerke
B.L	en	One Equity Partners
B.L	en	Otis Elevator
B.L	en	Overtime
B.L	en	RFID
B.L	en	RWE
B.L	en	SAP AG
B.L	en	Schindler Group
B.L	en	Seat (legal entity)
B.L	en	Shanghai Maglev Train
B.L	en	Shipbuilder
B.L	en	Shipbuilding
B.L	en	Siemens
B.L	en	South African Arms Deal
B.L	en	Spain
B.L	en	Stainless steel
B.L	en	Steelworker
B.L	en	Supervisory board
B.L	en	Tailored blank steel
B.L	en	Terni
B.L	en	The Linde Group
B.L	en	ThyssenKrupp Marine Systems
B.L	en	Thyssen AG
B.L	en	Ticker symbol
B.L	en	Tombigbee River
B.L	en	Transrapid
B.L	en	Turin
B.L	en	Turning basin
B.L	en	Types of business entity
B.L	en	Volkswagen Group
B.L	en	Wuhan Iron and Steel
B.L	en	Template:DAX companies
B.L	en	Template:ISO 639 name it
B.L	en	Template:Portal/Images/Companies
B.L	en	Template:ThyssenKrupp
B.L	en	Template talk:DAX companies
B.L	en	Template talk:ThyssenKrupp
B.L	en	Help:IPA for English
B.L	en	Portal:Companies
B.L	es	1999
B.L	es	Acero de construcción
B.L	es	Acero inoxidable
B.L	es	Alemania
B.L	es	Alfabeto Fonético Internacional
B.L	es	Ascensor
B.L	es	Duisburgo
B.L	es	Essen
B.L	es	Forja
B.L	es	Fundición
B.L	es	Herramienta
B.L	es	ISBN
B.L	es	Industria
B.L	es	Industria automotriz
B.L	es	Industria siderúrgica
B.L	es	Ingeniería
B.L	es	Krupp
B.L	es	Metalurgia
B.L	es	Refinería
B.L	es	Siderurgia
B.L	es	Sitio web
B.L	es	Sociedad anónima
B.L	es	Thyssen
B.L	es	Transnacional
B.L	es	Wikimedia Commons
B.L	bg	1811
B.L	bg	1840
B.L	bg	1999
B.L	bg	Krupp
B.L	bg	Thyssen
B.L	bg	Автомобил
B.L	bg	Алфред Круп
B.L	bg	Амуниции
B.L	bg	Асансьор
B.L	bg	Бесемерово леене
B.L	bg	Букурещ
B.L	bg	Бургас
B.L	bg	Въоръжение
B.L	bg	Германия
B.L	bg	Дуйсбург
B.L	bg	Дюселдорф
B.L	bg	Есен
B.L	bg	Есен (град)
B.L	bg	Кораб
B.L	bg	Корабостроене
B.L	bg	Локомотив
B.L	bg	Машина
B.L	bg	Пловдив
B.L	bg	Предприятие
B.L	bg	Промишленост
B.L	bg	Румъния
B.L	bg	Русе
B.L	bg	София
B.L	bg	Стомана
B.L	bg	ТисенКруп АД
B.L	bg	Фридрих Круп
B.L	bg	Уикипедия:Мъниче
B.L	da	1810
B.L	da	1860
B.L	da	1999
B.L	da	Adidas
B.L	da	Allianz
B.L	da	BASF
B.L	da	BMW
B.L	da	Bayer
B.L	da	Beiersdorf AG
B.L	da	Commerzbank
B.L	da	Continental AG
B.L	da	DAX
B.L	da	Daimler AG
B.L	da	Deutsche Bank
B.L	da	Deutsche Börse
B.L	da	Deutsche Post
B.L	da	Deutsche Telekom
B.L	da	Duisburg
B.L	da	Düsseldorf
B.L	da	E.ON
B.L	da	Essen
B.L	da	Fresenius Medical Care
B.L	da	Fresenius SE
B.L	da	HeidelbergCement
B.L	da	Henkel
B.L	da	Infineon Technologies
B.L	da	K+S
B.L	da	Krupp
B.L	da	Lanxess
B.L	da	Linde AG
B.L	da	Lufthansa
B.L	da	Merck KGaA
B.L	da	Munich Re
B.L	da	Nordrhein-Westfalen
B.L	da	RWE
B.L	da	SAP AG
B.L	da	Siemens AG
B.L	da	Thyssen
B.L	da	Volkswagen Aktiengesellschaft
B.L	da	Wikimedia Commons
B.L	ar	Düsseldorf
B.L	ar	Essen
B.L	ar	ألمانيا
B.L	ar	إسن
B.L	ar	الأرباح
B.L	ar	اندماج واستحواذ
B.L	ar	بناء السفن
B.L	ar	بورصة فرانكفورت
B.L	ar	تيسين
B.L	ar	دويسبورغ
B.L	ar	سوق لندن للأوراق المالية
B.L	ar	شركة أم
B.L	ar	صلب (سبيكة)
B.L	ar	صناعة
B.L	ar	صناعة المركبات
B.L	ar	فولاذ غير قابل للصدأ
B.L	ar	قائمة الشركات الأم
B.L	ar	قطار شانغهاي المغناطيسي المعلق
B.L	ar	كبير الإداريين التنفيذيين
B.L	ar	كروب
B.L	ar	لغة ألمانية
B.L	ar	مصعد (آلة رفع)
B.L	ar	هندسة السيارات
B.L	ar	ويكيميديا كومنز
B.L	ar	يورو
B.L	ar	قالب:DAX companies
B.L	no	Duisburg
B.L	no	Düsseldorf
B.L	no	Essen
B.L	no	Krupp (konsern)
B.L	no	Nordrhein-Westfalen
B.L	no	Thyssen
B.L	no	Hjelp:Trenger referanse
B.L	pl	1999
B.L	pl	Adidas
B.L	pl	Alabama
B.L	pl	Alfried Krupp von Bohlen und Halbach
B.L	pl	Allianz
B.L	pl	Atlas Elektronik
B.L	pl	BASF
B.L	pl	BMW
B.L	pl	Bayer AG
B.L	pl	Beiersdorf AG
B.L	pl	Blohm + Voss
B.L	pl	Brazylia
B.L	pl	Commerzbank
B.L	pl	DAX
B.L	pl	Daimler AG
B.L	pl	Deutsche Bank
B.L	pl	Deutsche Börse
B.L	pl	Deutsche Post
B.L	pl	Deutsche Telekom
B.L	pl	Duisburg
B.L	pl	Dźwig
B.L	pl	E.ON
B.L	pl	Emden
B.L	pl	Essen
B.L	pl	Europejska Komisja ds. Konkurencji
B.L	pl	Fresenius
B.L	pl	Fresenius Medical Care
B.L	pl	Friedrich Krupp AG
B.L	pl	Hamburg
B.L	pl	Harald Espenhahn
B.L	pl	Henkel
B.L	pl	Howaldtswerke-Deutsche Werft
B.L	pl	Infineon
B.L	pl	K+S
B.L	pl	KONE
B.L	pl	Kilonia
B.L	pl	Komisja Europejska
B.L	pl	Koncern
B.L	pl	Linde AG
B.L	pl	Lufthansa
B.L	pl	Luizjana
B.L	pl	MAN SE
B.L	pl	Merck KGaA
B.L	pl	Metro Group
B.L	pl	Missisipi
B.L	pl	Mitsubishi Elevator Europe
B.L	pl	Munich Re
B.L	pl	NAFTA
B.L	pl	Niemcy
B.L	pl	Nordseewerje
B.L	pl	Obrabiarki
B.L	pl	Otis Elevator Company
B.L	pl	RWE (koncern)
B.L	pl	SAP AG
B.L	pl	Salzgitter AG
B.L	pl	Schindler Group
B.L	pl	Siemens AG
B.L	pl	Spółka akcyjna
B.L	pl	Stal
B.L	pl	Stal nierdzewna
B.L	pl	Stal węglowa
B.L	pl	Thyssen
B.L	pl	Thyssen Krupp Marine Systems
B.L	pl	Tombigbee
B.L	pl	Turyn
B.L	pl	Unia Europejska
B.L	pl	Volkswagen AG
B.L	pl	Walcownia
B.L	pl	Dyskusja:ThyssenKrupp
B.L	pl	Wikipedia:Sprzątanie Wikipedii
B.L	pl	Wikipedia:Weryfikowalność
B.L	pl	Wikipedia:Zalecenia edycyjne
B.L	pl	Wikipedia:Źródła
B.L	pl	Szablon:DAX
B.L	pl	Dyskusja szablonu:DAX
B.L	pl	Pomoc:Styl – poradnik dla autorów
B.L	nl	1876
B.L	nl	1952
B.L	nl	1957
B.L	nl	1988
B.L	nl	1993
B.L	nl	1996
B.L	nl	1999
B.L	nl	2001
B.L	nl	2003
B.L	nl	2007
B.L	nl	2010
B.L	nl	Adidas
B.L	nl	Alabama
B.L	nl	Alkmaar (Nederland)
B.L	nl	Allianz
B.L	nl	ArcelorMittal
B.L	nl	BASF (chemieconcern)
B.L	nl	BMW
B.L	nl	Bayer
B.L	nl	Beiersdorf AG
B.L	nl	Blohm + Voss
B.L	nl	Brazilië
B.L	nl	Canada
B.L	nl	Canadese dollar
B.L	nl	Commerzbank
B.L	nl	Constructiestaal
B.L	nl	Continental AG
B.L	nl	DAX-index
B.L	nl	Daimler (Duitsland)
B.L	nl	Defensie-industrie
B.L	nl	Deutsche Bank
B.L	nl	Deutsche Börse
B.L	nl	Deutsche Post
B.L	nl	Deutsche Telekom
B.L	nl	Duisburg
B.L	nl	Duitsland
B.L	nl	Düsseldorf
B.L	nl	E.ON
B.L	nl	Essen (Noordrijn-Westfalen)
B.L	nl	Euro
B.L	nl	Europese Commissie
B.L	nl	Finland
B.L	nl	Fregat
B.L	nl	Fresenius
B.L	nl	Fresenius Medical Care
B.L	nl	Handelsmerk
B.L	nl	HeidelbergCement
B.L	nl	Henkel KGaA
B.L	nl	Howaldtswerke-Deutsche Werft
B.L	nl	Ijzererts
B.L	nl	Infineon
B.L	nl	K+S
B.L	nl	Kartel (economie)
B.L	nl	Kredietcrisis
B.L	nl	Krefeld
B.L	nl	Krimpen aan den IJssel
B.L	nl	Krukas
B.L	nl	Krupp Stahl AG
B.L	nl	Lanxess
B.L	nl	Lift (transport)
B.L	nl	Linde AG
B.L	nl	Lufthansa
B.L	nl	Machine-industrie
B.L	nl	Merck KGaA
B.L	nl	Münchener Rück
B.L	nl	Omzet
B.L	nl	Onderzeeboot
B.L	nl	Outokumpu (bedrijf)
B.L	nl	RWE (energie)
B.L	nl	Raffinaderij
B.L	nl	Roltrap
B.L	nl	SAP AG
B.L	nl	Scheepsbouw
B.L	nl	Scheepswerf
B.L	nl	Siemens AG
B.L	nl	Staal (legering)
B.L	nl	Staalindustrie
B.L	nl	ThyssenKrupp Marine Systems
B.L	nl	Thyssen Stahl AG
B.L	nl	Traplift
B.L	nl	Trustmaatschappij
B.L	nl	Verpakking
B.L	nl	Volkswagen AG
B.L	nl	Walserij
B.L	nl	Wikimedia Commons
B.L	nl	Windturbine
B.L	nl	Winst (onderneming)
B.L	nl	Portaal:Economie
B.L	ko	1966년
B.L	ko	1999년
B.L	ko	2003년
B.L	ko	2008년
B.L	ko	BASF
B.L	ko	BMW
B.L	ko	DAX
B.L	ko	E.ON
B.L	ko	K+S
B.L	ko	MAN SE
B.L	ko	RWE
B.L	ko	SAP AG
B.L	ko	다임러 AG
B.L	ko	도이체 방크
B.L	ko	도이체 뵈르제
B.L	ko	도이체 텔레콤
B.L	ko	도이체 포스트
B.L	ko	뒤셀도르프
B.L	ko	루프트한자
B.L	ko	린데 AG
B.L	ko	메르크
B.L	ko	메트로 AG
B.L	ko	무빙워크
B.L	ko	뮤닉 리
B.L	ko	바이어스도르프
B.L	ko	바이엘 (기업)
B.L	ko	아디다스
B.L	ko	알리안츠
B.L	ko	에스컬레이터
B.L	ko	엘리베이터
B.L	ko	위키미디어 공용
B.L	ko	인피니온 테크놀로지스
B.L	ko	지멘스 AG
B.L	ko	코메르츠방크
B.L	ko	폭스바겐 AG
B.L	ko	프레제니우스 (기업)
B.L	ko	프레제니우스 메디컬 케어
B.L	ko	하이델베르그시멘트
B.L	ko	헨켈
B.L	ko	틀:DAX
B.L	ko	틀토론:DAX
B.L	id	1860
B.L	id	2005
B.L	id	2006
B.L	id	Adidas
B.L	id	Aktiengesellschaft
B.L	id	Allianz
B.L	id	BASF
B.L	id	BMW
B.L	id	Bayer AG
B.L	id	Beiersdorf
B.L	id	Bursa Saham Frankfurt
B.L	id	Bursa Saham London
B.L	id	Commerzbank
B.L	id	Continental AG
B.L	id	DAX
B.L	id	Daimler AG
B.L	id	Deutsche Bank
B.L	id	Deutsche Börse
B.L	id	Deutsche Post
B.L	id	Deutsche Telekom
B.L	id	Duisburg
B.L	id	E.ON
B.L	id	Ekkehard Schulz
B.L	id	Elevator
B.L	id	Essen, Jerman
B.L	id	Fresenius (perusahaan)
B.L	id	Fresenius Medical Care
B.L	id	Gerhard Cromme
B.L	id	HeidelbergCement
B.L	id	Henkel
B.L	id	Infineon Technologies
B.L	id	International Securities Identifying Number
B.L	id	Jenis entitas bisnis
B.L	id	Jerman
B.L	id	K+S
B.L	id	Konglomerat
B.L	id	Korporasi
B.L	id	Laba bersih
B.L	id	Lanxess
B.L	id	Lufthansa
B.L	id	Merck KGaA
B.L	id	Munich Re
B.L	id	Nirosta
B.L	id	Perusahaan
B.L	id	Perusahaan (hukum)
B.L	id	Perusahaan konglomerat
B.L	id	Perusahaan publik
B.L	id	RWE
B.L	id	SAP AG
B.L	id	Siemens
B.L	id	The Linde Group
B.L	id	United States dollar
B.L	id	Volkswagen Group
B.L	id	Wikimedia Commons
B.L	id	Wikipedia:Rintisan
B.L	id	Templat:Perusahaan DAX
B.L	id	Pembicaraan Templat:Perusahaan DAX
B.L	is	1999
B.L	is	2010
B.L	is	6. október
B.L	is	Adidas
B.L	is	Allianz
B.L	is	BASF
B.L	is	BMW
B.L	is	Bayer
B.L	is	Beiersdorf
B.L	is	Commerzbank
B.L	is	DAX
B.L	is	Daimler
B.L	is	Deutsche Bank
B.L	is	Deutsche Börse
B.L	is	Deutsche Lufthansa
B.L	is	Deutsche Post
B.L	is	Deutsche Telekom
B.L	is	E.ON
B.L	is	Fresenius
B.L	is	Fresenius Medical Care
B.L	is	Fyrirtæki
B.L	is	HeidelbergCement
B.L	is	Henkel
B.L	is	Infineon Technologies
B.L	is	K+S
B.L	is	Krupp
B.L	is	Linde
B.L	is	MAN
B.L	is	METRO
B.L	is	Merck (þýskt fyrirtæki)
B.L	is	Munich Re
B.L	is	RWE
B.L	is	SAP
B.L	is	Siemens
B.L	is	Volkswagen
B.L	is	Þýskaland
B.L	is	Wikipedia:Stubbur
B.L	is	Snið:DAX
B.L	is	Sniðaspjall:DAX
B.L	it	2007
B.L	it	5 dicembre
B.L	it	6 dicembre
B.L	it	Acciaierie di Terni
B.L	it	Adidas
B.L	it	Aktiengesellschaft
B.L	it	Albert Voegler
B.L	it	Allianz
B.L	it	August Thyssen
B.L	it	BASF
B.L	it	BMW
B.L	it	Bayer
B.L	it	Beiersdorf (azienda)
B.L	it	Blue chip
B.L	it	Borsa di Francoforte
B.L	it	Borsa valori
B.L	it	Cannone
B.L	it	Clarence Dillon
B.L	it	Commerzbank
B.L	it	DAX 30
B.L	it	Daimler (azienda)
B.L	it	Deutsche Bank
B.L	it	Deutsche Börse
B.L	it	Deutsche Post
B.L	it	Deutsche Telekom
B.L	it	Dillon & Co
B.L	it	Division Materials
B.L	it	Division Technologies
B.L	it	Duisburg
B.L	it	Düsseldorf
B.L	it	E.ON
B.L	it	Esercito
B.L	it	Essen
B.L	it	Fatturato
B.L	it	Fresenius
B.L	it	Fresenius Medical Care
B.L	it	Friedrich Flick
B.L	it	Germania
B.L	it	Gruppo Volkswagen
B.L	it	Heidelberg Cement
B.L	it	Henkel
B.L	it	Impresa
B.L	it	Indice azionario
B.L	it	Infineon Technologies
B.L	it	K+S
B.L	it	Krupp
B.L	it	Linde AG
B.L	it	London Stock Exchange
B.L	it	Lufthansa
B.L	it	MAN SE
B.L	it	Merck KGaA
B.L	it	Metro (azienda)
B.L	it	Munich Re
B.L	it	New York
B.L	it	Panzer
B.L	it	Quartier generale
B.L	it	RWE (azienda)
B.L	it	Renania Settentrionale-Vestfalia
B.L	it	SAP (azienda)
B.L	it	Seconda guerra mondiale
B.L	it	Siderurgia
B.L	it	Siemens (azienda)
B.L	it	Sito web
B.L	it	Stato
B.L	it	Storia della siderurgia
B.L	it	Terzo Reich
B.L	it	Thyssen
B.L	it	Torino
B.L	it	Voor Handel en Scheepvart
B.L	it	Template:Aziende DAX 30
B.L	it	Discussioni template:Aziende DAX 30
B.L	it	Aiuto:Disambigua
B.L	ja	1999年
B.L	ja	BASF
B.L	ja	BMW
B.L	ja	E.ON
B.L	ja	JFEスチール
B.L	ja	K+S
B.L	ja	RWE
B.L	ja	SAP (企業)
B.L	ja	アディダス
B.L	ja	アリアンツ
B.L	ja	アルフリート・クルップ
B.L	ja	アルフリート・クルップ・フォン・ボーレン・ウント・ハルバッハ財団
B.L	ja	インフィニオン・テクノロジーズ
B.L	ja	エッセン
B.L	ja	エレベーター
B.L	ja	ギリシャ
B.L	ja	クルップ
B.L	ja	コメルツ銀行
B.L	ja	コンチネンタル (自動車部品製造業)
B.L	ja	シーメンス
B.L	ja	スウェーデン
B.L	ja	ステンレス
B.L	ja	ダイムラー (自動車メーカー)
B.L	ja	ティッカーシンボル
B.L	ja	ティッセン
B.L	ja	ティッセンクルップ・マリン・システムズ
B.L	ja	ティッセン＝ボルネミッサ美術館
B.L	ja	デュッセルドルフ
B.L	ja	ドイツ
B.L	ja	ドイツテレコム
B.L	ja	ドイツポスト
B.L	ja	ドイツ・ポストバンク
B.L	ja	ドイツ株価指数
B.L	ja	ドイツ証券取引所
B.L	ja	ドイツ銀行
B.L	ja	ハイポ・リアル・エステート
B.L	ja	バイエル (企業)
B.L	ja	フォルクスワーゲングループ
B.L	ja	フランクフルト証券取引所
B.L	ja	フレゼニウス
B.L	ja	ヘンケル
B.L	ja	マン (企業)
B.L	ja	ミュンヘン再保険
B.L	ja	メトロ (小売業)
B.L	ja	メルク (ドイツ)
B.L	ja	リンデ
B.L	ja	ルフトハンザドイツ航空
B.L	ja	ルール地方
B.L	ja	ロンドン証券取引所
B.L	ja	企業
B.L	ja	動く歩道
B.L	ja	北九州市
B.L	ja	多国籍企業
B.L	ja	工業製品
B.L	ja	広島市
B.L	ja	東京都
B.L	ja	株式会社 (ドイツ)
B.L	ja	羽咋市
B.L	ja	豊田市
B.L	ja	造船
B.L	ja	鋼
B.L	ja	階段昇降機
B.L	ja	Wikipedia:スタブ
B.L	ja	Template:DAX
B.L	ja	Template‐ノート:DAX
B.L	ja	Category:ドイツ関連のスタブ項目
B.L	ja	Category:企業関連のスタブ
B.L	ja	Portal:ドイツ
B.L	ja	プロジェクト:ドイツ
B.L	ja	プロジェクト:経済
B.L	vi	Alfried Krupp von Bohlen und Halbach
B.L	vi	Essen
B.L	vi	Đức
B.L	vi	Wikipedia:Bài sơ khai
B.L	vi	Trợ giúp:Sửa đổi
B.L	uk	17 березня
B.L	uk	1999
B.L	uk	2009 рік
B.L	uk	Blohm + Voss
B.L	uk	Friedrich Krupp AG Hoesch-Krupp
B.L	uk	ThyssenKrupp Marine Systems
B.L	uk	Thyssen AG
B.L	uk	Дуйсбург
B.L	uk	Ессен
B.L	uk	Німецька мова
B.L	uk	Німеччина
B.L	uk	Продукція
B.L	uk	Сайт
B.L	uk	Франкфуртська фондова біржа
B.L	uk	Штаб-квартира
B.L	uk	Шаблон:Назва країни DEU
B.L	sv	1999
B.L	sv	Adidas
B.L	sv	Aktiebolag
B.L	sv	Allianz
B.L	sv	Arena AufSchalke
B.L	sv	BASF
B.L	sv	BMW
B.L	sv	Bayer AG
B.L	sv	Beiersdorf AG
B.L	sv	Berthold Beitz
B.L	sv	Bochum
B.L	sv	Bolag
B.L	sv	Commerzbank
B.L	sv	Daimler AG
B.L	sv	Deutsche Bank
B.L	sv	Deutsche Börse
B.L	sv	Deutsche Post
B.L	sv	Deutsche Telekom
B.L	sv	Deutscher Aktienindex
B.L	sv	Dortmund
B.L	sv	Duisburg
B.L	sv	Düsseldorf
B.L	sv	E.ON
B.L	sv	Ekkehard D. Schulz
B.L	sv	Essen
B.L	sv	Euro
B.L	sv	FC Schalke 04
B.L	sv	Fresenius
B.L	sv	Fresenius Medical Care
B.L	sv	Gelsenkirchen
B.L	sv	Gerhard Cromme
B.L	sv	Hamburg
B.L	sv	Hannover Re
B.L	sv	Henkel
B.L	sv	Hiss
B.L	sv	Infineon
B.L	sv	K+S
B.L	sv	Krefeld
B.L	sv	Krupp
B.L	sv	Kruppkoncernen
B.L	sv	Linde AG
B.L	sv	Lufthansa
B.L	sv	MAN AG
B.L	sv	Merck KGaA
B.L	sv	Metro AG
B.L	sv	Miljard
B.L	sv	Munich Re
B.L	sv	Omsättning
B.L	sv	RWE
B.L	sv	SAP AG
B.L	sv	Siemens AG
B.L	sv	Stål
B.L	sv	Thyssen
B.L	sv	Thyssen-Haus
B.L	sv	ThyssenKrupp Marine Systems
B.L	sv	Tjänst
B.L	sv	Tyskland
B.L	sv	Veltins-Arena
B.L	sv	Volkswagen AG
B.L	sv	Mall:DAX
B.L	sv	Malldiskussion:DAX
B.L	sr	1999
B.L	sr	2006
B.L	sr	2008
B.L	sr	Диселдорф
B.L	sr	Дуизбург
B.L	sr	Есен
B.L	sr	Немачка
B.L	sr	Немачки језик
B.L	sr	Википедија:Клица
B.L	ru	17 марта
B.L	ru	1860
B.L	ru	1999 год
B.L	ru	2010 год
B.L	ru	2011 год
B.L	ru	Adidas
B.L	ru	Allianz
B.L	ru	BASF
B.L	ru	BMW
B.L	ru	Bayer
B.L	ru	Beiersdorf
B.L	ru	Berco
B.L	ru	Bertrandt
B.L	ru	Blohm + Voss
B.L	ru	Commerzbank
B.L	ru	DAX
B.L	ru	Daimler
B.L	ru	Deutsche Bank
B.L	ru	Deutsche Börse
B.L	ru	Deutsche Post AG
B.L	ru	Deutsche Telekom
B.L	ru	E.ON
B.L	ru	Fresenius
B.L	ru	Fresenius SE
B.L	ru	Friedrich Krupp AG Hoesch-Krupp
B.L	ru	Hannover Re
B.L	ru	Henkel
B.L	ru	K+S
B.L	ru	Lufthansa
B.L	ru	MAN
B.L	ru	Merck KGaA
B.L	ru	Metro AG
B.L	ru	Munich Re
B.L	ru	Nordseewerke
B.L	ru	Polysius
B.L	ru	RWE
B.L	ru	Rasselstein GmbH
B.L	ru	Rothe Erde
B.L	ru	SAP
B.L	ru	Salzgitter AG
B.L	ru	Siemens
B.L	ru	The Linde Group
B.L	ru	Thyssen AG
B.L	ru	Uhde
B.L	ru	Volkswagen Group
B.L	ru	Австралия
B.L	ru	Амортизатор
B.L	ru	Бохум
B.L	ru	Выручка
B.L	ru	Германия
B.L	ru	Гусеничная техника
B.L	ru	Дилленбург
B.L	ru	Дортмунд
B.L	ru	Дуйсбург
B.L	ru	Дюссельдорф
B.L	ru	Индия
B.L	ru	Испания
B.L	ru	Италия
B.L	ru	Кораблестроение
B.L	ru	Крефельд
B.L	ru	Крупп, Густав
B.L	ru	Лазерная резка
B.L	ru	Листинг (экономика)
B.L	ru	Лифт
B.L	ru	Лондонская фондовая биржа
B.L	ru	Мексика
B.L	ru	Металлопрокат
B.L	ru	Немецкий язык
B.L	ru	Подшипник
B.L	ru	Полуавтоматическая сварка
B.L	ru	Продукт (бизнес)
B.L	ru	Публичная компания
B.L	ru	Россия
B.L	ru	Сайт
B.L	ru	Стабилизатор
B.L	ru	Судостроение
B.L	ru	Телетрап
B.L	ru	Тиссен, Фриц
B.L	ru	Франкфуртская фондовая биржа
B.L	ru	Чистая прибыль
B.L	ru	Швейцария
B.L	ru	Эскалатор
B.L	ru	Эссен
B.L	ru	Южная Африка
B.L	ru	Юридическое лицо
B.L	ro	2008
B.L	ro	Companie
B.L	ro	Corporație
B.L	ro	Euro
B.L	ro	Galați
B.L	ro	Germania
B.L	ro	România
B.L	ro	Sibiu
B.L	ro	Wikipedia:Articolul ciot perfect
B.L	ro	Wikipedia:Găsește și repară un ciot
B.L	qu	1999
B.L	qu	Alimanya
B.L	qu	Duisburg
B.L	qu	Düsseldorf
B.L	qu	Essen
B.L	qu	Ruruchina
B.L	pt	1999
B.L	pt	Adidas
B.L	pt	Aktiengesellschaft
B.L	pt	Alemanha
B.L	pt	Allianz
B.L	pt	América Latina
B.L	pt	Aço
B.L	pt	Aço inoxidável
B.L	pt	BASF
B.L	pt	BMW
B.L	pt	Bayer
B.L	pt	Beiersdorf
B.L	pt	Brasil
B.L	pt	Chefe Executivo
B.L	pt	Commerzbank
B.L	pt	DAX-30
B.L	pt	Daimler AG
B.L	pt	Deutsche Bank
B.L	pt	Deutsche Börse
B.L	pt	Deutsche Post
B.L	pt	Deutsche Telekom
B.L	pt	Duisburg
B.L	pt	E.ON
B.L	pt	Elevador
B.L	pt	Engenharia
B.L	pt	Fresenius
B.L	pt	Fresenius Medical Care
B.L	pt	Grupo Volkswagen
B.L	pt	HeidelbergCement
B.L	pt	Heinrich Hiesinger
B.L	pt	Henkel
B.L	pt	Indústria automotiva
B.L	pt	Infineon Technologies
B.L	pt	K+S
B.L	pt	Krupp
B.L	pt	Linde AG
B.L	pt	Lufthansa
B.L	pt	MAN SE
B.L	pt	METRO AG
B.L	pt	Merck KGaA
B.L	pt	Munich Re
B.L	pt	RWE
B.L	pt	Rio de Janeiro
B.L	pt	SAP AG
B.L	pt	Santa Cruz
B.L	pt	Serviços
B.L	pt	Siemens AG
B.L	pt	Tecnologia
B.L	pt	Thyssen
B.L	pt	Predefinição:DAX
B.L	zh	1811年
B.L	zh	1891年
B.L	zh	1997年
B.L	zh	1999年
B.L	zh	2010年
B.L	zh	BMW
B.L	zh	DAX
B.L	zh	DAX指数
B.L	zh	E.ON
B.L	zh	K+S
B.L	zh	Lanxess
B.L	zh	RWE
B.L	zh	SAP公司
B.L	zh	Xetra系统
B.L	zh	世界500强
B.L	zh	世界大战
B.L	zh	克虏伯
B.L	zh	公众公司
B.L	zh	公司
B.L	zh	升降機
B.L	zh	埃森
B.L	zh	大众集团
B.L	zh	大陆集团
B.L	zh	安联
B.L	zh	巴斯夫
B.L	zh	年
B.L	zh	德国
B.L	zh	德国商业银行
B.L	zh	德国电信
B.L	zh	德国邮政
B.L	zh	德國證券交易所
B.L	zh	德意志银行
B.L	zh	德语
B.L	zh	愛迪達
B.L	zh	慕尼黑再保险
B.L	zh	戴姆勒
B.L	zh	拜尔斯道夫
B.L	zh	拜耳
B.L	zh	普鲁士
B.L	zh	杜伊斯堡
B.L	zh	杜塞尔多夫
B.L	zh	林德
B.L	zh	欧元
B.L	zh	汉莎航空
B.L	zh	汉高公司
B.L	zh	海德堡水泥
B.L	zh	營業額
B.L	zh	產業
B.L	zh	纳粹德国
B.L	zh	维基共享资源
B.L	zh	英飞凌
B.L	zh	蒂森克虏伯 (消歧义)
B.L	zh	西门子公司
B.L	zh	财富
B.L	zh	费森尤斯
B.L	zh	费森尤斯医疗
B.L	zh	造船业
B.L	zh	都靈
B.L	zh	重工業
B.L	zh	默克集團
B.L	zh	Wikipedia:小作品
B.L	zh	Template:DAX指数成份公司
B.L	zh	Template talk:DAX指数成份公司
B.L	zh	Category:公司
CN	de	ThyssenKrupp
IWL	fi	ThyssenKrupp
IWL	fr	ThyssenKrupp
IWL	fa	تیسن‌کروپ
IWL	en	ThyssenKrupp
IWL	es	ThyssenKrupp
IWL	bg	ТисенКруп
IWL	da	ThyssenKrupp
IWL	ar	تيسين كروب
IWL	no	ThyssenKrupp
IWL	pl	ThyssenKrupp
IWL	nl	ThyssenKrupp
IWL	ko	티센크루프
IWL	id	ThyssenKrupp
IWL	is	ThyssenKrupp
IWL	it	ThyssenKrupp
IWL	ja	ティッセンクルップ
IWL	vi	ThyssenKrupp
IWL	uk	ThyssenKrupp
IWL	sv	ThyssenKrupp
IWL	sr	Tisen Krup
IWL	ru	ThyssenKrupp
IWL	ro	ThyssenKrupp
IWL	qu	ThyssenKrupp
IWL	pt	ThyssenKrupp
IWL	zh	蒂森克虏伯
