A.L	en	AK-47
A.L	en	Bas-Congo
A.L	en	Boma, Kongo Central
A.L	en	Democratic Republic of the Congo
A.L	en	Kola nut
A.L	en	Kongo people
A.L	en	Luozi
A.L	en	Matadi
A.L	en	Muanda
A.L	en	Ne Mwanda Nsemi
A.L	en	Seke-Banza
A.L	en	Songololo
A.L	en	United Nations Mission in the Democratic Republic of Congo
A.L	en	Wikipedia:Citation needed
A.L	en	Template:ISO 639 name fr
A.L	en	Category:Articles with unsourced statements from November 2009
B.L	fr	1969
B.L	fr	Alliance des Bakongo
B.L	fr	BDK
B.L	fr	Bas-Congo
B.L	fr	Empire Kongo
B.L	fr	Kongos
B.L	fr	Mouvement politique
B.L	fr	Ne Mwanda Nsemi
B.L	fr	République démocratique du Congo
B.L	fr	Émeutes du Bas-Congo de février 2007
B.L	fr	État fédéral
B.L	fr	Discussion:Bundu dia Kongo/À faire
B.L	fr	Modèle:Ébauche/paramètres République démocratique du Congo
B.L	fr	Aide:Comment modifier une page
B.L	fr	Aide:Homonymie
B.L	fr	Aide:Ébauche
B.L	fr	Catégorie:Portail:Angola/Articles liés
B.L	fr	Catégorie:Portail:République du Congo/Articles liés
B.L	fr	Catégorie:Portail:République démocratique du Congo/Articles liés
B.L	fr	Portail:Angola
B.L	fr	Portail:République du Congo
B.L	fr	Portail:République démocratique du Congo
B.L	fr	Projet:Accueil
B.L	ln	1969
B.L	ln	Bas-Congo
B.L	ln	Kongó-Kinsásá
B.L	ln	Ne Mwanda Nsemi
B.L	ln	Wikipedia:Ekakoli ya ndámbo
B.L	kg	2002
B.L	kg	2007
B.L	kg	Bakongo
B.L	kg	Buima
B.L	kg	Kabinda
B.L	kg	Kongo ya Kati
B.L	kg	Kongo ya Ntotila
B.L	kg	Laurent-Désiré Kabila
B.L	kg	Matadi
B.L	kg	Mboma
B.L	kg	Mobutu Sese Seko
B.L	kg	Muanda
B.L	kg	Muanda Nsemi
B.L	kg	Ngabu
B.L	kg	Ngola
B.L	kg	Polisi
B.L	kg	Politiki
B.L	kg	Repubilika ya Kongo
B.L	kg	Repubilika ya Kongo ya Dimokalasi
B.L	kg	Songololo
B.L	sv	Angola
B.L	sv	Bandundu
B.L	sv	Bas-Congo
B.L	sv	Demokratiska Republiken Kongo
B.L	sv	Gabon
B.L	sv	Kongo-Kinshasa
CN	en	Bundu_dia_Kongo
IWL	fr	Bundu dia Kongo
IWL	ln	Bundu dia Kongó
IWL	kg	Bundu ya Kongo
IWL	sv	Bundu dia Kongo
