A.L	en	2003+World+Weightlifting+Championships
A.L	en	2004+Olympic+Games
A.L	en	2004+Summer+Olympics
A.L	en	2005+European+Weightlifting+Championships
A.L	en	2007+European+Weightlifting+Championships
A.L	en	2007+World+Weightlifting+Championships
A.L	en	2008+European+Weightlifting+Championships
A.L	en	2008+Summer+Olympics
A.L	en	2010+European+Weightlifting+Championships
A.L	en	2010+World+Weightlifting+Championships
A.L	en	2010+World+Weightlifting+Championships+%EF%BF%BD+Men%27s+%2B105+kg
A.L	en	2012+European+Weightlifting+Championships
A.L	en	2012+London+Olympics
A.L	en	Abendzeitung
A.L	en	Aleksandr+Kurlovich
A.L	en	Almir+Velagic
A.L	en	Andrei+Chemerkin
A.L	en	Apprenticeship
A.L	en	Arnold+Schwarzenegger
A.L	en	Arnold+Sports+Festival
A.L	en	Associated+Press
A.L	en	Athens
A.L	en	Austria
A.L	en	Austrians
A.L	en	Authority+control
A.L	en	BBC+Sport
A.L	en	BOCOG
A.L	en	Badische+Zeitung
A.L	en	Bambi+%28prize%29
A.L	en	Behdad+Salimi
A.L	en	Bregenz
A.L	en	Broadcasting+of+sports+events
A.L	en	Bundeswehr
A.L	en	CBS+News
A.L	en	Chemnitz
A.L	en	China+Daily
A.L	en	Clean+and+jerk
A.L	en	Cologne
A.L	en	Croatia
A.L	en	Czech+Republic
A.L	en	Dean+Lukin
A.L	en	Der+Spiegel
A.L	en	Der+Tagesspiegel
A.L	en	Deutsche+Presse-Agentur
A.L	en	Deutsche+Welle
A.L	en	Diabetes
A.L	en	Die+Millionenshow
A.L	en	Die+Presse
A.L	en	Die+Welt
A.L	en	Eurosport
A.L	en	Evgeny+Chigishev
A.L	en	Fabian+Hamb%EF%BF%BDchen
A.L	en	Focus+%28German+magazine%29
A.L	en	Frank+Mantek
A.L	en	Frankfurter+Allgemeine+Zeitung
A.L	en	Frankfurter+Rundschau
A.L	en	Game+show
A.L	en	German+Sportspersonality+of+the+year
A.L	en	German+citizenship
A.L	en	Germany
A.L	en	Hamburger+Abendblatt
A.L	en	Hauptschule
A.L	en	Hav%EF%BF%BD%3Fov
A.L	en	Heidelberg
A.L	en	Hossein+Rezazadeh
A.L	en	Inge+Posmyk
A.L	en	Inguinal+hernia
A.L	en	International+Sports+Press+Association
A.L	en	International+Weightlifting+Federation
A.L	en	Internet+Movie+Database
A.L	en	Italy
A.L	en	Kalmar
A.L	en	Latvia
A.L	en	Leimen+%28Baden%29
A.L	en	Lignano+Sabbiadoro
A.L	en	List+of+Olympic+medalists+in+weightlifting
A.L	en	List+of+World+records+in+weightlifting
A.L	en	Lower+Austria
A.L	en	Marc+Huster
A.L	en	N-tv
A.L	en	ORF+%28broadcaster%29
A.L	en	Olympic+weightlifting
A.L	en	Paul+Biedermann
A.L	en	Plumbing
A.L	en	Rijeka
A.L	en	Saxony
A.L	en	Snatch+%28weightlifting%29
A.L	en	Sofia
A.L	en	Stiftung+Deutsche+Sporthilfe
A.L	en	Sultan+Rakhmanov
A.L	en	Sweden
A.L	en	S%EF%BF%BDddeutsche+Zeitung
A.L	en	Talk+show
A.L	en	The+New+York+Times
A.L	en	The+Seattle+Times
A.L	en	Vasily+Alekseyev
A.L	en	Vienna
A.L	en	Vienna%2C+Austria
A.L	en	Viktors+%EF%BF%BD%3Ferbatihs
A.L	en	Virtual+International+Authority+File
A.L	en	Volksschule
A.L	en	Weightlifting+at+the+2004+Summer+Olympics+%EF%BF%BD+Men%27s+105+kg
A.L	en	Weightlifting+at+the+2008+Summer+Olympics+%EF%BF%BD+Men%27s+%2B105+kg
A.L	en	Weightlifting+at+the+2012+Summer+Olympics+%EF%BF%BD+Men%27s+%2B105+kg
A.L	en	Weightlifting+at+the+Summer+Olympics
A.L	en	Wetten%2C+dass..%3F
A.L	en	World+Weightlifting+Championships
A.L	en	Zwickau
A.L	en	Wikipedia%3ALink+rot
A.L	en	Wikipedia%3APersondata
A.L	en	Template%3AFooter+Olympic+Champions+Weightlifting+Super+heavyweight
A.L	en	Template+talk%3AFooter+Olympic+Champions+Weightlifting+Super+heavyweight
A.L	en	Category%3AArticles+with+dead+external+links+from+October+2010
B.L	fi	1982
B.L	fi	25.+elokuuta
B.L	fi	It%EF%BF%BDvalta
B.L	fi	Jevgeni+T%EF%BF%BDigi%EF%BF%BDev
B.L	fi	Kes%EF%BF%BDolympialaiset+2008
B.L	fi	Olympialaiset
B.L	fi	Painonnosto
B.L	fi	Painonnoston+Euroopan-mestaruuskilpailut
B.L	fi	Painonnoston+Euroopan-mestaruuskilpailut+2005
B.L	fi	Painonnoston+Euroopan-mestaruuskilpailut+2008
B.L	fi	Saksa
B.L	fi	Wien
B.L	fr	1982+en+sport
B.L	fr	25+ao%EF%BF%BDt+en+sport
B.L	fr	Allemagne
B.L	fr	Ao%EF%BF%BDt
B.L	fr	Ao%EF%BF%BDt+1982
B.L	fr	Ao%EF%BF%BDt+1982+en+sport
B.L	fr	Autriche
B.L	fr	Championnats+d%27Europe+d%27halt%EF%BF%BDrophilie
B.L	fr	Championnats+du+monde+d%27halt%EF%BF%BDrophilie
B.L	fr	Halt%EF%BF%BDrophilie
B.L	fr	Halt%EF%BF%BDrophilie+aux+Jeux+olympiques
B.L	fr	Jeux+olympiques+d%27%EF%BF%BDt%EF%BF%BD+de+2004
B.L	fr	Jeux+olympiques+d%27%EF%BF%BDt%EF%BF%BD+de+2008
B.L	fr	Jeux+olympiques+d%27%EF%BF%BDt%EF%BF%BD+de+2012
B.L	fr	M%EF%BF%BDdaille+d%27argent
B.L	fr	M%EF%BF%BDdaille+d%27or+%28sport%29
B.L	fr	M%EF%BF%BDdaille+de+bronze
B.L	fr	Nationalit%EF%BF%BD+sportive
B.L	fr	Vienne+%28Autriche%29
B.L	fr	Discussion%3AMatthias+Steiner%2F%EF%BF%BD+faire
B.L	fr	Mod%EF%BF%BDle%3A%EF%BF%BDbauche%2Fparam%EF%BF%BDtres+halt%EF%BF%BDrophilie
B.L	fr	Aide%3AComment+modifier+une+page
B.L	fr	Aide%3A%EF%BF%BDbauche
B.L	fr	Cat%EF%BF%BDgorie%3APortail%3AAllemagne%2FArticles+li%EF%BF%BDs
B.L	fr	Cat%EF%BF%BDgorie%3APortail%3AHalt%EF%BF%BDrophilie%2FArticles+li%EF%BF%BDs
B.L	fr	Portail%3AAllemagne
B.L	fr	Portail%3AHalt%EF%BF%BDrophilie
B.L	fr	Projet%3AAccueil
B.L	de	1982
B.L	de	25.+August
B.L	de	Alan+Tsagajew
B.L	de	Alexander+Kurlowitsch
B.L	de	Andrei+Iwanowitsch+Tschemerkin
B.L	de	Antalya
B.L	de	Arnolds+Sport+Festival
B.L	de	Athen
B.L	de	Bambi+%28Auszeichnung%29
B.L	de	Behdad+Salimikordasiabi
B.L	de	Bravo+Otto
B.L	de	Bregenz
B.L	de	Bronzemedaille
B.L	de	Budapest
B.L	de	Bulgarien
B.L	de	Bundesverband+Deutscher+Gewichtheber
B.L	de	Chemmy
B.L	de	Chemnitz
B.L	de	Chemnitzer+AC
B.L	de	Dean+Lukin
B.L	de	Denis+Gotfrid
B.L	de	Deutschland
B.L	de	Diabetes+mellitus
B.L	de	Dmitri+Berestow
B.L	de	Europameister
B.L	de	Europameisterschaften+im+Gewichtheben+2008
B.L	de	Europameisterschaften+im+Gewichtheben+2010
B.L	de	Europameisterschaften+im+Gewichtheben+2012
B.L	de	Forst+%28Baden%29
B.L	de	Gemeinsame+Normdatei
B.L	de	Gentlemen%EF%BF%BDs+Quarterly
B.L	de	Gerd+Bonk
B.L	de	Gewichtheben
B.L	de	Gewichtsklasse
B.L	de	Goldmedaille
B.L	de	Griechenland
B.L	de	Grzegorz+Klezcz
B.L	de	Hav%EF%BF%BD%3Fov
B.L	de	Heidelberg
B.L	de	Hossein+Rezazadeh
B.L	de	Igor+Razoronow
B.L	de	Inge+Steiner
B.L	de	Insulin
B.L	de	Jewgeni+Alexandrowitsch+Tschigischew
B.L	de	Kalmar
B.L	de	Katar
B.L	de	Kiew
B.L	de	Leimen+%28Baden%29
B.L	de	Lettland
B.L	de	Lignano+Sabbiadoro
B.L	de	Liste+der+Weltmeisterschaften+im+Gewichtheben
B.L	de	London
B.L	de	Loutraki
B.L	de	Manfred+Nerlinger
B.L	de	Marcin+Dolega
B.L	de	Nieder%EF%BF%BDsterreich
B.L	de	Obersulz
B.L	de	Olympiasieger
B.L	de	Olympische+Sommerspiele
B.L	de	Olympische+Sommerspiele+2004
B.L	de	Olympische+Sommerspiele+2004%2FGewichtheben
B.L	de	Olympische+Sommerspiele+2008
B.L	de	Olympische+Sommerspiele+2008%2FGewichtheben
B.L	de	Olympische+Sommerspiele+2012%2FGewichtheben
B.L	de	Peking
B.L	de	Polen
B.L	de	Prag
B.L	de	Rijeka
B.L	de	Ronny+Weller
B.L	de	Russland
B.L	de	Saif+Saad+Asaad
B.L	de	Silbermedaille
B.L	de	Silbernes+Lorbeerblatt
B.L	de	Sofia
B.L	de	Sportler+des+Jahres+%28Deutschland%29
B.L	de	Sultan+Rachmanow
B.L	de	Szymon+Ko%3Fecki
B.L	de	S%EF%BF%BDchsischer+Dankesorden
B.L	de	Ukraine
B.L	de	Vancouver
B.L	de	Viktors+%EF%BF%BD%3Ferbatihs
B.L	de	Virtual+International+Authority+File
B.L	de	Warschau
B.L	de	Wassili+Iwanowitsch+Alexejew
B.L	de	Weltmeisterschaften+im+Gewichtheben+2010
B.L	de	Wien
B.L	de	Wiesloch
B.L	de	Wilkau-Ha%EF%BF%BDlau
B.L	de	Xinhua
B.L	de	%EF%BF%BDsterreich
B.L	de	Hilfe%3APersonendaten
B.L	fa	%3F%3F%3F%3F%3F
B.L	fa	%3F%3F%3F%3F%3F
B.L	fa	%3F%3F%3F%3F%3F%3F%3F%3F+%3F%3F%3F%3F%3F%3F+%3F%3F%3F%3F%3F%3F%3F%3F+%3F%3F%3F%3F
B.L	fa	%3F%3F%3F%3F+%3F%3F%3F%3F%3F%3F%3F
B.L	fa	%3F%3F%3F%3F+%3F%3F%3F%3F%3F%3F
B.L	fa	%3F%3F%3F%3F%3F%3F%3F+%3F%3F%3F%3F%3F%3F%3F%3F%3F%3F%3F+%3F%3F%3F%3F
B.L	fa	%3F%3F%3F%3F%3F%3F%3F+%3F%3F%3F%3F%3F+%3F%3F%3F%3F+%3F%3F%3F%3F%3F%3F+%3F%3F%3F%3F
B.L	fa	%3F%3F%3F%3F+%3F%3F%3F%3F%3F
B.L	fa	%3F%3F%3F%3F%3F%3F%3F%3F%3F%3F%3F
B.L	fa	%3F%3F%3F%3F%3F%3F%3F%3F%3F%3F%3F+%3F%3F+%3F%3F%3F%3F%3F%3F%3F%3F+%3F%3F%3F%3F%3F%3F+%3F%3F%3F%3F%3F%3F%3F%3F
B.L	fa	%3F%3F%3F%3F%3F%3F%3F%3F%3F%3F%3F+%3F%3F+%3F%3F%3F%3F%3F%3F%3F%3F+%3F%3F%3F%3F%3F%3F+%3F%3F%3F%3F%3F%3F%3F%3F+%3F%3F%3F%3F
B.L	fa	%3F%3F%3F%3F%3F%3F+%3F%3F%3F%3F%3F%3F%3F
B.L	fa	%3F%3F%3F%3F%3F+%3F%3F%3F%3F%3F%3F
B.L	fa	%3F%3F%3F%3F%3F%3F%3F%3F%3F%3A%3F%3F%3F%3F%3F%3F+%3F%3F%3F
B.L	fa	%3F%3F%3F%3F%3A%3F%3F%3F%3F+%3F%3F%3F%3F%3F-%3F%3F%3F
B.L	fa	%3F%3F%3F+%3F%3F%3F%3F%3A%3F%3F%3F%3F+%3F%3F%3F%3F%3F-%3F%3F%3F
B.L	es	1982
B.L	es	25+de+agosto
B.L	es	Alemania
B.L	es	Austria
B.L	es	Campeonato+Europeo+de+Halterofilia
B.L	es	Campeonato+Europeo+de+Halterofilia+de+2008
B.L	es	Halterofilia
B.L	es	Halterofilia+en+los+Juegos+Ol%EF%BF%BDmpicos
B.L	es	Juegos+Ol%EF%BF%BDmpicos
B.L	es	Juegos+Ol%EF%BF%BDmpicos+de+Atenas+2004
B.L	es	Juegos+Ol%EF%BF%BDmpicos+de+Pek%EF%BF%BDn+2008
B.L	es	Anexo%3AHalterofilia+en+los+Juegos+Ol%EF%BF%BDmpicos+de+Pek%EF%BF%BDn+2008
B.L	no	1982
B.L	no	25.+august
B.L	no	Athen
B.L	no	Beijing
B.L	no	Bronse
B.L	no	Bulgaria
B.L	no	Chemnitz
B.L	no	EM+i+vektl%EF%BF%BDftning+2005
B.L	no	EM+i+vektl%EF%BF%BDftning+2008
B.L	no	Fotografi
B.L	no	Gull
B.L	no	Havrov
B.L	no	Heidelberg
B.L	no	Italia
B.L	no	Kalmar
B.L	no	Kroatia
B.L	no	Latvia
B.L	no	Leimen
B.L	no	Lignano+Sabbiadoro
B.L	no	Nieder%EF%BF%BDsterreich
B.L	no	Obsersulz
B.L	no	Rijeka
B.L	no	Sachsen
B.L	no	Sofia
B.L	no	Sommer-OL+2004
B.L	no	Sommer-OL+2008
B.L	no	Sverige
B.L	no	Tsjekkia
B.L	no	Tyskland
B.L	no	Vektl%EF%BF%BDfting
B.L	no	Viktors+Scerbathis
B.L	no	Wien
B.L	no	Zwickau
B.L	no	%EF%BF%BDsterrike
B.L	pl	1982
B.L	pl	25+kwietnia
B.L	pl	Antalya
B.L	pl	Ateny
B.L	pl	Austria
B.L	pl	Igrzyska+olimpijskie
B.L	pl	Letnie+Igrzyska+Olimpijskie+2008
B.L	pl	Mistrzostwa+Europy+w+Podnoszeniu+Ci%3F%3Far%EF%BF%BDw+2008
B.L	pl	Mistrzostwa+Europy+w+Podnoszeniu+Ci%3F%3Far%EF%BF%BDw+2010
B.L	pl	Mistrzostwa+Europy+w+podnoszeniu+ci%3F%3Far%EF%BF%BDw
B.L	pl	Mistrzostwa+%3Fwiata+w+Podnoszeniu+Ci%3F%3Far%EF%BF%BDw+2010
B.L	pl	Mistrzostwa+%3Fwiata+w+podnoszeniu+ci%3F%3Far%EF%BF%BDw
B.L	pl	Mi%3Fsk
B.L	pl	Niemcy
B.L	pl	Pekin
B.L	pl	Podnoszenie+ci%3F%3Far%EF%BF%BDw
B.L	pl	Podnoszenie+ci%3F%3Far%EF%BF%BDw+na+Letnich+Igrzyskach+Olimpijskich+2008
B.L	pl	Wiede%3F
B.L	ko	1982%3F
B.L	ko	2004%3F+%3F%3F%3F+%3F%3F%3F
B.L	ko	2008+%3F%3F+%3F%3F+%3F%3F%3F+%3F%3F
B.L	ko	2008%3F+%3F%3F%3F+%3F%3F%3F
B.L	ko	2008%3F+%3F%3F+%3F%3F%3F
B.L	ko	2008%3F+%3F%3F+%3F%3F%3F+%3F%3F
B.L	ko	8%3F+25%3F
B.L	ko	%3F%3F
B.L	ko	%3F%3F
B.L	ko	%3F%3F%3F
B.L	hu	1982
B.L	hu	2001
B.L	hu	2004
B.L	hu	2004.+%EF%BF%BDvi+ny%EF%BF%BDri+olimpiai+j%EF%BF%BDt%EF%BF%BDkok
B.L	hu	2005
B.L	hu	2007
B.L	hu	2008
B.L	hu	2008.+%EF%BF%BDvi+ny%EF%BF%BDri+olimpiai+j%EF%BF%BDt%EF%BF%BDkok
B.L	hu	Als%EF%BF%BD-Ausztria
B.L	hu	Augusztus+25.
B.L	hu	Ausztria
B.L	hu	Budapest
B.L	hu	B%EF%BF%BDcs
B.L	hu	Cukorbetegs%EF%BF%BDg
B.L	hu	Heidelberg
B.L	hu	Lignano
B.L	hu	N%EF%BF%BDmetorsz%EF%BF%BDg
B.L	hu	Oberschulz
B.L	hu	Olimpiai+j%EF%BF%BDt%EF%BF%BDkok
B.L	hu	Sz%EF%BF%BDfia
B.L	hu	S%EF%BF%BDlyemel%EF%BF%BDs
B.L	hu	S%EF%BF%BDlyemel%EF%BF%BDs+a+2008.+%EF%BF%BDvi+ny%EF%BF%BDri+olimpiai+j%EF%BF%BDt%EF%BF%BDkokon
B.L	hu	Zwickau
B.L	hu	Port%EF%BF%BDl%3AN%EF%BF%BDmetorsz%EF%BF%BDg
B.L	hu	Port%EF%BF%BDl%3AN%EF%BF%BDmetorsz%EF%BF%BDg%2Fikon
B.L	hu	Port%EF%BF%BDl%3AOlimpia
B.L	hu	Port%EF%BF%BDl%3AOlimpia%2Fikon
B.L	uk	1982
B.L	uk	25+%3F%3F%3F%3F%3F%3F
B.L	uk	%3F%3F%3F%3F%3F%3F%3F%3F%3F
B.L	uk	%3F%3F%3F%3F%3F%3F%3F
B.L	uk	%3F%3F%3F%3F%3F+%3F%3F%3F%3F%3F%3F%3F%3F
B.L	uk	%3F%3F%3F%3F%3F%3F
B.L	uk	%3F%3F%3F%3F%3F+%3F%3F%3F%3F%3F%3F%3F%3F%3F%3F%3F+%3F%3F%3F%3F+2004
B.L	uk	%3F%3F%3F%3F%3F+%3F%3F%3F%3F%3F%3F%3F%3F%3F%3F%3F+%3F%3F%3F%3F+2008
B.L	uk	%3F%3F%3F%3F%3F%3F%3F%3F+%3F%3F%3F%3F
B.L	uk	%3F%3F%3F%3F%3F%3F%3F%3F%3F
B.L	uk	%3F%3F%3F%3F%3F%3F%3F%3F%3F%3F%3F%3F+%3F%3F%3F%3F%3F%3F%3F
B.L	uk	%3F%3F%3F%3F%3F%3F%3F%3F%3F%3F%3F+%3F%3F%3F%3F
B.L	uk	%3F%3F%3F%3F%3F%3F%3F%3F%3F%3A%3F%3F+%3F%3F%3F%3F%3F%3F%3F%3F%3F%3F+%3F%3F%3F%3F%3F%3F
B.L	sv	16+juli
B.L	sv	1982
B.L	sv	2007
B.L	sv	2008
B.L	sv	25+augusti
B.L	sv	Aten
B.L	sv	Bulgarien
B.L	sv	Chemnitz
B.L	sv	December
B.L	sv	EM+i+tyngdlyftning+2005
B.L	sv	EM+i+tyngdlyftning+2008
B.L	sv	Falu+AK
B.L	sv	Hav%EF%BF%BD%3Fov
B.L	sv	Heidelberg
B.L	sv	Italien
B.L	sv	Kalmar
B.L	sv	Kroatien
B.L	sv	Leimen
B.L	sv	Lettland
B.L	sv	Lignano+Sabbiadoro
B.L	sv	Nieder%EF%BF%BDsterreich
B.L	sv	Olympiska+sommarspelen+2004
B.L	sv	Olympiska+sommarspelen+2008
B.L	sv	Peking
B.L	sv	Rijeka
B.L	sv	Sachsen
B.L	sv	Sofia
B.L	sv	Sport%EF%BF%BDret+2000
B.L	sv	Sport%EF%BF%BDret+2001
B.L	sv	Sport%EF%BF%BDret+2002
B.L	sv	Sport%EF%BF%BDret+2004
B.L	sv	Sport%EF%BF%BDret+2005
B.L	sv	Sverige
B.L	sv	Tjeckien
B.L	sv	Tyngdlyftning
B.L	sv	Tyngdlyftning+vid+olympiska+sommarspelen+2008
B.L	sv	Tyskland
B.L	sv	Viktors+%EF%BF%BD%3Ferbatihs
B.L	sv	Wien
B.L	sv	Zwickau
B.L	sv	%EF%BF%BDsterrike
B.L	ru	1982+%3F%3F%3F
B.L	ru	1995+%3F%3F%3F
B.L	ru	25+%3F%3F%3F%3F%3F%3F%3F
B.L	ru	%3F%3F%3F%3F%3F%3F%3F
B.L	ru	%3F%3F%3F%3F
B.L	ru	%3F%3F%3F%3F%3F%3F%3F%3F
B.L	ru	%3F%3F%3F%3F%3F%3F+%3F%3F%3F%3F%3F%3F%3F%3F%3F%3F%3F+%3F%3F%3F%3F
B.L	ru	%3F%3F%3F%3F%3F%3F+%3F%3F%3F%3F%3F%3F%3F%3F%3F%3F%3F+%3F%3F%3F%3F+2004
B.L	ru	%3F%3F%3F%3F%3F%3F+%3F%3F%3F%3F%3F%3F%3F%3F%3F%3F%3F+%3F%3F%3F%3F+2008
B.L	ru	%3F%3F%3F%3F%3F%3F%3F%3F+%3F%3F%3F%3F
B.L	ru	%3F%3F%3F%3F%3F%3F%3F%3F%3F%3F%3F+%3F%3F%3F%3F
B.L	ru	%3F%3F%3F%3F%3F%3F%3F+%3F%3F%3F%3F%3F%3F%3F%3F
B.L	ru	%3F%3F%3F%3F%3F%3F%3F+%3F%3F%3F%3F%3F%3F%3F%3F+%3F%3F+%3F%3F%3F%3F%3F%3F+%3F%3F%3F%3F%3F%3F%3F%3F%3F%3F%3F+%3F%3F%3F%3F%3F+2008
B.L	ru	%3F%3F%3F%3F%3F%3F%3F%3F%3F+%3F%3F%3F%3F%3F%3F+%3F%3F+%3F%3F%3F%3F%3F%3F%3F+%3F%3F%3F%3F%3F%3F%3F%3F
B.L	ru	%3F%3F%3F%3F%3F%3F%3F%3F%3F+%3F%3F%3F%3F%3F%3F+%3F%3F+%3F%3F%3F%3F%3F%3F%3F+%3F%3F%3F%3F%3F%3F%3F%3F+2008
B.L	ru	%3F%3F%3F%3F%3F%3F%3F%3F%3F+%3F%3F%3F%3F%3F%3F+%3F%3F+%3F%3F%3F%3F%3F%3F%3F+%3F%3F%3F%3F%3F%3F%3F%3F+2010
B.L	ru	%3F%3F%3F%3F%3F%3F%3F%3F%3F+%3F%3F%3F%3F+%3F%3F+%3F%3F%3F%3F%3F%3F%3F+%3F%3F%3F%3F%3F%3F%3F%3F
B.L	ru	%3F%3F%3F%3F%3F%3F%3F%3F%3F+%3F%3F%3F%3F+%3F%3F+%3F%3F%3F%3F%3F%3F%3F+%3F%3F%3F%3F%3F%3F%3F%3F+2010
B.L	ru	%3F%3F%3F%3F%3F%3F%3F
B.L	ru	%3F%3F%3F%3F%3F%3F%3F%3F%3F%3A%3F%3F%3F%3F%3F%3F%3F%3F%3F+%3F%3F%3F%3F%3F%3F
B.L	ru	%3F%3F%3F%3F%3F%3F%3F%3F%3F%3A%3F%3F%3F%3F%3F%3F%3F+%3F+%3F%3F%3F%3F%3F%3F%3F%3F
B.L	pt	1982
B.L	pt	25+de+agosto
B.L	pt	Alemanha
B.L	pt	Artem+Udatchin
B.L	pt	Behdad+Salimi
B.L	pt	Campeonato+Europeu+de+Halterofilismo
B.L	pt	Campeonato+Mundial+J%EF%BF%BDnior+de+Halterofilismo
B.L	pt	Campeonato+Mundial+de+Halterofilismo
B.L	pt	Halterofilismo
B.L	pt	Halterofilismo+nos+Jogos+Ol%EF%BF%BDmpicos+de+Ver%EF%BF%BDo+de+2008
B.L	pt	Halterofilismo+nos+Jogos+Ol%EF%BF%BDmpicos+de+Ver%EF%BF%BDo+de+2008+-+Mais+de+105+kg+masculino
B.L	pt	Ievgueni+Tchiguichev
B.L	pt	Ir%EF%BF%BDo
B.L	pt	Jogos+Ol%EF%BF%BDmpicos
B.L	pt	Let%EF%BF%BDnia
B.L	pt	L%EF%BF%BDngua+alem%EF%BF%BD
B.L	pt	Ucr%EF%BF%BDnia
B.L	pt	Viena
B.L	pt	Viktors+%EF%BF%BD%3Ferbatihs
B.L	pt	%EF%BF%BDustria
CN	en	Matthias_Steiner
IWL	fi	Matthias+Steiner
IWL	fr	Matthias+Steiner
IWL	de	Matthias+Steiner
IWL	fa	%3F%3F%3F%3F%3F%3F+%3F%3F%3F%3F%3F%3F%3F
IWL	es	Matthias+Steiner
IWL	no	Matthias+Steiner
IWL	pl	Matthias+Steiner
IWL	ko	%3F%3F%3F%3F+%3F%3F%3F%3F
IWL	hu	Matthias+Steiner
IWL	uk	%3F%3F%3F%3F%3F%3F%3F+%3F%3F%3F%3F%3F%3F%3F
IWL	sv	Matthias+Steiner
IWL	ru	%3F%3F%3F%3F%3F%3F%3F%2C+%3F%3F%3F%3F%3F%3F%3F
IWL	pt	Matthias+Steiner
