A.L	en	Apache ACE
A.L	en	Apache Abdera
A.L	en	Apache ActiveMQ
A.L	en	Apache Ant
A.L	en	Apache Aries
A.L	en	Apache Attic
A.L	en	Apache Avro
A.L	en	Apache Axis
A.L	en	Apache Beehive
A.L	en	Apache Bloodhound
A.L	en	Apache Buildr
A.L	en	Apache C++ Standard Library
A.L	en	Apache CXF
A.L	en	Apache Camel
A.L	en	Apache Cassandra
A.L	en	Apache Cayenne
A.L	en	Apache Chemistry
A.L	en	Apache Click
A.L	en	Apache CloudStack
A.L	en	Apache Cocoon
A.L	en	Apache Commons
A.L	en	Apache Composer
A.L	en	Apache Continuum
A.L	en	Apache Cordova
A.L	en	Apache Derby
A.L	en	Apache Directory Server
A.L	en	Apache Empire-db
A.L	en	Apache Excalibur
A.L	en	Apache Felix
A.L	en	Apache Forrest
A.L	en	Apache Geronimo
A.L	en	Apache Gump
A.L	en	Apache HTTP Server
A.L	en	Apache Hama
A.L	en	Apache Harmony
A.L	en	Apache Hive
A.L	en	Apache HiveMind
A.L	en	Apache Incubator
A.L	en	Apache Ivy
A.L	en	Apache JMeter
A.L	en	Apache Jackrabbit
A.L	en	Apache James
A.L	en	Apache Jelly
A.L	en	Apache Karaf
A.L	en	Apache Lenya
A.L	en	Apache Libcloud
A.L	en	Apache License
A.L	en	Apache MINA
A.L	en	Apache Mahout
A.L	en	Apache Maven
A.L	en	Apache MyFaces
A.L	en	Apache ODE
A.L	en	Apache OFBiz
A.L	en	Apache OpenEJB
A.L	en	Apache OpenJPA
A.L	en	Apache POI
A.L	en	Apache Pivot
A.L	en	Apache Portable Runtime
A.L	en	Apache Qpid
A.L	en	Apache River
A.L	en	Apache Roller
A.L	en	Apache ServiceMix
A.L	en	Apache Shale
A.L	en	Apache Shindig
A.L	en	Apache Shiro
A.L	en	Apache Sling
A.L	en	Apache Software Foundation
A.L	en	Apache Solr
A.L	en	Apache Stanbol
A.L	en	Apache Struts
A.L	en	Apache Subversion
A.L	en	Apache Tapestry
A.L	en	Apache Thrift
A.L	en	Apache Tika
A.L	en	Apache Tomcat
A.L	en	Apache Tuscany
A.L	en	Apache Velocity
A.L	en	Apache Wave
A.L	en	Apache Wicket
A.L	en	Apache Wink
A.L	en	Apache XAP
A.L	en	Apache ZooKeeper
A.L	en	Apache log4net
A.L	en	Apress
A.L	en	AxKit
A.L	en	Batik (software)
A.L	en	Bean Scripting Framework
A.L	en	BlueSky Open Platform
A.L	en	Byte Code Engineering Library
A.L	en	Chainsaw (log file viewer)
A.L	en	Commons Daemon
A.L	en	Commons Imaging
A.L	en	CouchDB
A.L	en	Creative Commons
A.L	en	Cross-platform
A.L	en	DiscoverEd
A.L	en	Distributed file system
A.L	en	Doug Cutting
A.L	en	Droids (Lucene)
A.L	en	Enterprise Search
A.L	en	Faceted Search
A.L	en	Formatting Objects Processor
A.L	en	HBase
A.L	en	HDFS
A.L	en	Hadoop
A.L	en	IBATIS
A.L	en	Information Extraction
A.L	en	International Standard Book Number
A.L	en	JSPWiki
A.L	en	Jakarta Cactus
A.L	en	Jakarta Project
A.L	en	Jakarta Slide
A.L	en	Java
A.L	en	Java (programming language)
A.L	en	Krugle
A.L	en	List of software categories
A.L	en	Log4j
A.L	en	Lucene
A.L	en	Lucene.net
A.L	en	Lucy (Lucene)
A.L	en	MapReduce
A.L	en	Mike Cafarella
A.L	en	Mod perl
A.L	en	MozDex
A.L	en	OpenOffice
A.L	en	Open Relevance Project
A.L	en	Open educational resources
A.L	en	Open source
A.L	en	Operating system
A.L	en	Power5
A.L	en	PyLucene
A.L	en	Robots exclusion standard
A.L	en	Scalability
A.L	en	Search engine
A.L	en	Software developer
A.L	en	Software license
A.L	en	Software release life cycle
A.L	en	SpamAssassin
A.L	en	Text Retrieval Conference
A.L	en	Traffic Server
A.L	en	UIMA
A.L	en	Web crawler
A.L	en	Web search engine
A.L	en	Wikia Search
A.L	en	XMLBeans
A.L	en	Xalan
A.L	en	Xerces
A.L	en	Wikipedia:Identifying reliable sources
A.L	en	Template:Apache
A.L	en	Template:Portal/Images/Free software
A.L	en	Template talk:Apache
A.L	en	Category:Articles lacking reliable references from April 2012
A.L	en	Portal:Free software
B.L	fr	1er juin
B.L	fr	2004
B.L	fr	2012
B.L	fr	4 octobre
B.L	fr	Apache Software Foundation
B.L	fr	Doug Cutting
B.L	fr	Développeur
B.L	fr	Extensible Markup Language
B.L	fr	GNU
B.L	fr	Google
B.L	fr	Karma
B.L	fr	Langage Java
B.L	fr	Licence Apache
B.L	fr	Licence de logiciel
B.L	fr	Linux
B.L	fr	Liste de diffusion
B.L	fr	Lucene
B.L	fr	Lyle Benedict
B.L	fr	Mac OS X
B.L	fr	Microsoft Windows
B.L	fr	Moteur de recherche
B.L	fr	Mozdex
B.L	fr	Mozilla Firefox
B.L	fr	Octobre 2012
B.L	fr	Open source
B.L	fr	Resource Description Framework
B.L	fr	Robot d'indexation
B.L	fr	Seeks
B.L	fr	Site web
B.L	fr	Version d'un logiciel
B.L	fr	World Wide Web Consortium
B.L	fr	Discussion:Nutch/À faire
B.L	fr	Modèle:Dernière version avancée/Nutch
B.L	fr	Modèle:Dernière version stable/Nutch
B.L	fr	Modèle:Ébauche/paramètres informatique
B.L	fr	Aide:Comment modifier une page
B.L	fr	Aide:Ébauche
B.L	fr	Catégorie:Portail:Informatique/Articles liés
B.L	fr	Catégorie:Portail:Logiciels libres/Articles liés
B.L	fr	Portail:Informatique
B.L	fr	Portail:Logiciels libres
B.L	fr	Projet:Accueil
B.L	de	Apache-Lizenz
B.L	de	Apache Hadoop
B.L	de	Apache Software Foundation
B.L	de	Betriebssystem
B.L	de	Bundesamt für Verbraucherschutz und Lebensmittelsicherheit
B.L	de	Clewwa
B.L	de	Cross-platform
B.L	de	Java (Programmiersprache)
B.L	de	Lokalisierung (Softwareentwicklung)
B.L	de	Lucene
B.L	de	Open Source
B.L	de	Parser
B.L	de	Softwareentwickler
B.L	de	Solr
B.L	de	Suchmaschine
B.L	de	Version (Software)
B.L	de	Webcrawler
B.L	de	Wikia Search
B.L	es	2012
B.L	es	5 de octubre
B.L	es	Apache Software Foundation
B.L	es	Buscador
B.L	es	Fases del desarrollo de software
B.L	es	Hadoop
B.L	es	Idioma español
B.L	es	Licencia de software
B.L	es	Lucene
B.L	es	Motor de búsqueda
B.L	es	Multiplataforma
B.L	es	Sistema operativo
B.L	es	Software libre
B.L	es	Anexo:Géneros de software
B.L	ca	2003
B.L	ca	2005
B.L	ca	Apache Incubator
B.L	ca	Codi obert
B.L	ca	Hadoop
B.L	ca	Java (llenguatge de programació)
B.L	ca	Krugle
B.L	ca	Lucene
B.L	ca	MapReduce
B.L	ca	Motor de cerca
B.L	ca	MozDex
B.L	ca	Power5
B.L	ca	Web crawler
B.L	ca	Wikiasari
B.L	nl	Apache License
B.L	nl	Apache Software Foundation
B.L	nl	Besturingssysteem
B.L	nl	Bing (zoekmachine)
B.L	nl	Google
B.L	nl	Java (programmeertaal)
B.L	nl	Lucene
B.L	nl	Multiplatform
B.L	nl	Opensourcesoftware
B.L	nl	Programmeertaal
B.L	nl	Softwarelicentie
B.L	nl	Softwareontwikkelaar
B.L	nl	Versienummer
B.L	nl	Website
B.L	nl	Zoekmachine
B.L	nl	Portaal:Informatica
B.L	ko	검색 엔진
B.L	ko	루씬
B.L	ko	맵리듀스
B.L	ko	모듈
B.L	ko	분산파일처리
B.L	ko	오픈 소스
B.L	ko	웹 크롤러
B.L	ko	자바 (프로그래밍 언어)
B.L	ko	플러그인
B.L	ko	하둡
B.L	it	Apache Hadoop
B.L	it	Apache Incubator
B.L	it	BusyTonight
B.L	it	File system distribuito
B.L	it	Java (linguaggio)
B.L	it	Krugle
B.L	it	Lucene
B.L	it	MapReduce
B.L	it	MetaMojo.com
B.L	it	Motore di ricerca
B.L	it	MozDex
B.L	it	Open source
B.L	it	Plugin (informatica)
B.L	it	Web crawler
B.L	it	Wikia
B.L	it	Portale:Software libero
B.L	it	Portale:Software libero/icona
B.L	it	Portale:Telematica
B.L	it	Portale:Telematica/icona
B.L	it	Portale:Web
B.L	it	Portale:Web/icona
B.L	uk	2012
B.L	uk	9 липня
B.L	uk	Apache Abdera
B.L	uk	Apache Accumulo
B.L	uk	Apache ActiveMQ
B.L	uk	Apache Ant
B.L	uk	Apache Avro
B.L	uk	Apache Beehive
B.L	uk	Apache Bloodhound
B.L	uk	Apache Buildr
B.L	uk	Apache C++ Standard Library
B.L	uk	Apache CXF
B.L	uk	Apache Camel
B.L	uk	Apache Cassandra
B.L	uk	Apache Cayenne
B.L	uk	Apache Chemistry
B.L	uk	Apache Cocoon
B.L	uk	Apache Commons
B.L	uk	Apache Derby
B.L	uk	Apache Directory Server
B.L	uk	Apache Excalibur
B.L	uk	Apache Felix
B.L	uk	Apache Flex
B.L	uk	Apache Forrest
B.L	uk	Apache Geronimo
B.L	uk	Apache Gump
B.L	uk	Apache HTTP Server
B.L	uk	Apache Hadoop
B.L	uk	Apache Harmony
B.L	uk	Apache HiveMind
B.L	uk	Apache Incubator
B.L	uk	Apache Isis
B.L	uk	Apache Ivy
B.L	uk	Apache Jackrabbit
B.L	uk	Apache James
B.L	uk	Apache Lenya
B.L	uk	Apache License
B.L	uk	Apache Log4net
B.L	uk	Apache Maven
B.L	uk	Apache MyFaces
B.L	uk	Apache ODE
B.L	uk	Apache OFBiz
B.L	uk	Apache OpenEJB
B.L	uk	Apache OpenJPA
B.L	uk	Apache OpenOffice
B.L	uk	Apache POI
B.L	uk	Apache Portable Runtime
B.L	uk	Apache Qpid
B.L	uk	Apache Rave
B.L	uk	Apache River
B.L	uk	Apache Roller
B.L	uk	Apache ServiceMix
B.L	uk	Apache Shale
B.L	uk	Apache Sling
B.L	uk	Apache Software Foundation
B.L	uk	Apache Solr
B.L	uk	Apache Sqoop
B.L	uk	Apache Struts
B.L	uk	Apache Tika
B.L	uk	Apache Tomcat
B.L	uk	Apache Tuscany
B.L	uk	Apache Velocity
B.L	uk	Apache Wicket
B.L	uk	Apache Wink
B.L	uk	Apache XAP
B.L	uk	Apache XML
B.L	uk	Batik (software)
B.L	uk	Bean Scripting Framework
B.L	uk	Byte Code Engineering Library
B.L	uk	Chainsaw (log file viewer)
B.L	uk	CloudStack
B.L	uk	CouchDB
B.L	uk	Creative Commons
B.L	uk	Deltacloud
B.L	uk	DiscoverEd
B.L	uk	Formatting Objects Processor
B.L	uk	Google Wave
B.L	uk	Gora
B.L	uk	HBase
B.L	uk	HDFS
B.L	uk	HTML
B.L	uk	Hadoop
B.L	uk	IBATIS
B.L	uk	JMeter
B.L	uk	JSPWiki
B.L	uk	Jakarta Cactus
B.L	uk	Jakarta Project
B.L	uk	Jakarta Slide
B.L	uk	Java
B.L	uk	Kalooga
B.L	uk	Krugle
B.L	uk	Log4j
B.L	uk	Lucene
B.L	uk	Mod perl
B.L	uk	MozDex
B.L	uk	NoSQL
B.L	uk	OpenMeetings
B.L	uk	SQL
B.L	uk	Solr
B.L	uk	SpamAssassin
B.L	uk	Tapestry (programming)
B.L	uk	Tika
B.L	uk	Traffic Server
B.L	uk	Wikia Search
B.L	uk	XMLBeans
B.L	uk	Xerces
B.L	uk	Веб
B.L	uk	Крос-платформовий
B.L	uk	Ліцензія ПЗ
B.L	uk	Мова програмування
B.L	uk	Операційна система
B.L	uk	Плагін
B.L	uk	Пошуковий рушій
B.L	uk	Розробник
B.L	uk	Сайт
B.L	uk	Фреймворк
B.L	uk	Шаблон:Apache
B.L	uk	Обговорення шаблону:Apache
B.L	tr	2007
B.L	tr	2 Nisan
B.L	tr	Apache Abdera
B.L	tr	Apache ActiveMQ
B.L	tr	Apache Ant
B.L	tr	Apache Beehive
B.L	tr	Apache C++ Standard Library
B.L	tr	Apache CXF
B.L	tr	Apache Camel
B.L	tr	Apache Cayenne
B.L	tr	Apache Cocoon
B.L	tr	Apache Commons
B.L	tr	Apache Derby
B.L	tr	Apache Directory Server
B.L	tr	Apache Excalibur
B.L	tr	Apache Felix
B.L	tr	Apache Forrest
B.L	tr	Apache Geronimo
B.L	tr	Apache Gump
B.L	tr	Apache HTTP Sunucusu
B.L	tr	Apache Harmony
B.L	tr	Apache Incubator
B.L	tr	Apache Ivy
B.L	tr	Apache Jackrabbit
B.L	tr	Apache James
B.L	tr	Apache Lenya
B.L	tr	Apache Lisansı
B.L	tr	Apache Log4net
B.L	tr	Apache Maven
B.L	tr	Apache MyFaces
B.L	tr	Apache ODE
B.L	tr	Apache OFBiz
B.L	tr	Apache OpenEJB
B.L	tr	Apache OpenJPA
B.L	tr	Apache POI
B.L	tr	Apache Portable Runtime
B.L	tr	Apache River
B.L	tr	Apache Roller
B.L	tr	Apache ServiceMix
B.L	tr	Apache Shale
B.L	tr	Apache Struts
B.L	tr	Apache Tomcat
B.L	tr	Apache Tuscany
B.L	tr	Apache XAP
B.L	tr	Apache XML
B.L	tr	Apache Yazılım Derneği
B.L	tr	Arama motoru
B.L	tr	Açık kaynak kodlu yazılım
B.L	tr	Batik (software)
B.L	tr	Bean Scripting Framework
B.L	tr	Byte Code Engineering Library
B.L	tr	CouchDB
B.L	tr	Dağıtılmış dosya sistemi
B.L	tr	Doug Cutting
B.L	tr	FOP
B.L	tr	Hadoop
B.L	tr	Hivemind (software)
B.L	tr	JMeter
B.L	tr	JSPWiki
B.L	tr	Jakarta Cactus
B.L	tr	Jakarta Project
B.L	tr	Jakarta Slide
B.L	tr	Jakarta Velocity
B.L	tr	Java (programlama dili)
B.L	tr	Kelforum
B.L	tr	KnowMyDestination
B.L	tr	Krugle
B.L	tr	Log4j
B.L	tr	Lucene
B.L	tr	MapReduce
B.L	tr	Mobile Web Server (Symbian OS)
B.L	tr	Mod perl
B.L	tr	MozDex
B.L	tr	Power5
B.L	tr	Programlama dili
B.L	tr	SpamAssassin
B.L	tr	Tapestry (programming)
B.L	tr	Tüm platformlar
B.L	tr	Web sitesi
B.L	tr	Wicket framework
B.L	tr	Wikia Search
B.L	tr	XMLBeans
B.L	tr	Xerces
B.L	tr	Yazılım geliştiricisi
B.L	tr	Yazılım lisansı
B.L	tr	Ölçeklendirilebilirlik
B.L	tr	İBATIS
B.L	tr	İşletim sistemi
B.L	tr	Şablon:Apache
B.L	tr	Şablon tartışma:Apache
CN	en	Nutch
IWL	fr	Nutch
IWL	de	Nutch
IWL	es	Nutch
IWL	ca	Nutch
IWL	nl	Nutch
IWL	ko	너치
IWL	it	Nutch
IWL	uk	Nutch
IWL	tr	Nutch
