A.L	de	ARD
A.L	de	Adidas
A.L	de	Adolf Merckle
A.L	de	Aktiengesellschaft
A.L	de	Aktiengesellschaft (Deutschland)
A.L	de	Allianz SE
A.L	de	Altana
A.L	de	Aufsichtsrat
A.L	de	BASF
A.L	de	BMW
A.L	de	Babcock Borsig
A.L	de	Baustoff
A.L	de	Bayer AG
A.L	de	Bayerische Hypotheken- und Wechsel-Bank
A.L	de	Bayerische Vereinsbank
A.L	de	Beiersdorf AG
A.L	de	Belgien
A.L	de	Bernd Scheifele
A.L	de	Beton
A.L	de	Bilanzsumme
A.L	de	Bundeskartellamt
A.L	de	Cartel Damage Claims
A.L	de	Cemex
A.L	de	Commerzbank
A.L	de	Compagnie de Saint-Gobain
A.L	de	Continental AG
A.L	de	DAX
A.L	de	Daimler AG
A.L	de	Deutsche Bank
A.L	de	Deutsche Börse
A.L	de	Deutsche Post AG
A.L	de	Deutsche Telekom
A.L	de	Deutschland
A.L	de	Dresdner Bank
A.L	de	Dyckerhoff AG
A.L	de	E.ON
A.L	de	EU-Kommissar
A.L	de	Epcos
A.L	de	Erlös
A.L	de	Euro
A.L	de	Evonik Degussa
A.L	de	Feldmühle (Unternehmen)
A.L	de	Fresenius (Unternehmen)
A.L	de	Fresenius Medical Care
A.L	de	Gewinn
A.L	de	Gründung (Recht)
A.L	de	Hannover Rück
A.L	de	Hanson plc
A.L	de	Heidelberg
A.L	de	Henkel (Unternehmen)
A.L	de	Hoechst
A.L	de	Holcim
A.L	de	Hypo Real Estate
A.L	de	Indocement
A.L	de	Infineon
A.L	de	International Securities Identification Number
A.L	de	Israelisch besetzte Gebiete
A.L	de	Jesch Din
A.L	de	Johann Philipp Schifferdecker
A.L	de	K+S
A.L	de	Kalksandstein
A.L	de	Karel Van Miert
A.L	de	Karstadt
A.L	de	Kies
A.L	de	Lafarge (Unternehmen)
A.L	de	Lanxess
A.L	de	Linde AG
A.L	de	Lindenberg (Barnim)
A.L	de	Liste der größten Zementhersteller
A.L	de	Lufthansa
A.L	de	MAN
A.L	de	MLP AG
A.L	de	Mannesmann
A.L	de	Materialseilbahn Leimen–Nußloch
A.L	de	Maxit
A.L	de	Merck KGaA
A.L	de	Merckle Unternehmensgruppe
A.L	de	Metro AG
A.L	de	Mitarbeiter
A.L	de	Mosbach
A.L	de	Munich Re
A.L	de	Nixdorf Computer
A.L	de	Offene Handelsgesellschaft
A.L	de	Ostasien
A.L	de	Portland-Zement Blaubeuren Gebrüder Spohn AG
A.L	de	Postbank
A.L	de	Preussag
A.L	de	RWE
A.L	de	Rechtsform
A.L	de	SAP
A.L	de	Salzgitter AG
A.L	de	Sand
A.L	de	Scancem
A.L	de	Schwenk Zement
A.L	de	Siemens
A.L	de	Sitz (juristische Person)
A.L	de	TUI
A.L	de	ThyssenKrupp
A.L	de	Unternehmensführung
A.L	de	VEBA
A.L	de	VIAG
A.L	de	Vicat (Unternehmen)
A.L	de	Volkswagen AG
A.L	de	Vorstandsvorsitzender
A.L	de	Völkerrecht
A.L	de	Website
A.L	de	WestLB
A.L	de	Westjordanland
A.L	de	Wirtschaftswoche
A.L	de	Wirtschaftszweig
A.L	de	Zement
A.L	de	Zementkartell
A.L	de	Zuschlagstoff
A.L	de	Benutzer:Graf Foto
A.L	de	Wikipedia:Bilderwünsche/Anleitung
A.L	de	Vorlage:Bilderwunsch/code!/O:HeidelbergCement!/
B.L	fr	1894
B.L	fr	Adidas
B.L	fr	Allemagne
B.L	fr	Allianz
B.L	fr	BASF
B.L	fr	Bayer (entreprise)
B.L	fr	Bayerische Motoren Werke
B.L	fr	Beiersdorf
B.L	fr	Cemex
B.L	fr	Chiffre d'affaires
B.L	fr	Ciment
B.L	fr	Commerzbank
B.L	fr	Continental AG
B.L	fr	DAX
B.L	fr	Daimler (entreprise)
B.L	fr	Deutsche Bank
B.L	fr	Deutsche Börse
B.L	fr	Deutsche Post
B.L	fr	Deutsche Telekom
B.L	fr	E.ON
B.L	fr	Fresenius
B.L	fr	Fresenius Medical Care
B.L	fr	Heidelberg
B.L	fr	Henkel
B.L	fr	Holcim
B.L	fr	Infineon Technologies
B.L	fr	K+S
B.L	fr	Lafarge SA
B.L	fr	Lanxess
B.L	fr	Linde AG
B.L	fr	Lufthansa
B.L	fr	MDAX
B.L	fr	Merck KGaA
B.L	fr	Munich Re
B.L	fr	RWE
B.L	fr	Résultat net
B.L	fr	SAP (entreprise)
B.L	fr	Secteur d'activité
B.L	fr	Siemens (entreprise)
B.L	fr	Site web
B.L	fr	Siège social
B.L	fr	ThyssenKrupp
B.L	fr	Volkswagen (entreprise)
B.L	fr	Discussion:HeidelbergCement/À faire
B.L	fr	Wikipédia:Notoriété des entreprises, sociétés et produits
B.L	fr	Modèle:Infobox Société
B.L	fr	Modèle:Palette DAX
B.L	fr	Modèle:Ébauche/paramètres entreprise allemande
B.L	fr	Discussion modèle:Palette DAX
B.L	fr	Aide:Comment modifier une page
B.L	fr	Aide:Ébauche
B.L	fr	Catégorie:Entreprise par date de fondation
B.L	fr	Catégorie:Portail:Bade-Wurtemberg/Articles liés
B.L	fr	Catégorie:Portail:Bâtiment et travaux publics/Articles liés
B.L	fr	Catégorie:Portail:Entreprises/Articles liés
B.L	fr	Portail:Allemagne
B.L	fr	Portail:Bade-Wurtemberg
B.L	fr	Portail:Bâtiment et travaux publics
B.L	fr	Portail:Entreprises
B.L	fa	آدیداس
B.L	fa	آسفالت
B.L	fa	آلمان
B.L	fa	آلیانتس
B.L	fa	ا.آن
B.L	fa	ار وه ئه
B.L	fa	اس آ پ
B.L	fa	اینفینئون
B.L	fa	ب آ اس اف
B.L	fa	ب ام و
B.L	fa	بایر (شرکت)
B.L	fa	بایرسدورف
B.L	fa	بتن
B.L	fa	تیسن‌کروپ
B.L	fa	جهان
B.L	fa	دایملر آ گ
B.L	fa	دویچه بانک
B.L	fa	دویچه بورزه
B.L	fa	دویچه تلکوم
B.L	fa	دویچه پست
B.L	fa	زبان آلمانی
B.L	fa	زیمنس
B.L	fa	سنگدانه
B.L	fa	سیمان
B.L	fa	شرکت
B.L	fa	شرکت چندملیتی
B.L	fa	فرزنیوس
B.L	fa	فرزنیوس مدیکال کر
B.L	fa	لانکسس
B.L	fa	لوفت‌هانزا
B.L	fa	لینده
B.L	fa	مرک
B.L	fa	مصالح ساختمانی
B.L	fa	میونیک ره
B.L	fa	هایدلبرگ
B.L	fa	هنکل
B.L	fa	کا+اس
B.L	fa	کومرتس‌بانک
B.L	fa	کونتیننتال آ گ
B.L	fa	گروه فولکس‌واگن
B.L	fa	یورو
B.L	fa	۱۸۷۴ (میلادی)
B.L	fa	الگو:شرکت‌های دکس
B.L	fa	بحث الگو:شرکت‌های دکس
B.L	en	Adidas
B.L	en	Adolf Merckle
B.L	en	Aktiengesellschaft
B.L	en	Allianz
B.L	en	Asphalt
B.L	en	Asset
B.L	en	BASF
B.L	en	BMW
B.L	en	Baden-Württemberg
B.L	en	Bayer AG
B.L	en	Beiersdorf
B.L	en	Belgium
B.L	en	Building material
B.L	en	Cement
B.L	en	Cemex
B.L	en	Chairman
B.L	en	Chief executive officer
B.L	en	Commerzbank
B.L	en	Construction aggregate
B.L	en	Continental AG
B.L	en	DAX
B.L	en	Daimler AG
B.L	en	Deutsche Bank
B.L	en	Deutsche Börse
B.L	en	Deutsche Post
B.L	en	Deutsche Telekom
B.L	en	E.ON
B.L	en	Earnings before interest and taxes
B.L	en	Equity (finance)
B.L	en	France
B.L	en	Frankfurt Stock Exchange
B.L	en	Fresenius (company)
B.L	en	Fresenius Medical Care
B.L	en	Germany
B.L	en	Hanson plc
B.L	en	Heidelberg
B.L	en	Henkel
B.L	en	Holcim
B.L	en	Infineon Technologies
B.L	en	K+S
B.L	en	Lafarge
B.L	en	Lanxess
B.L	en	Lufthansa
B.L	en	Merck KGaA
B.L	en	Multinational corporation
B.L	en	Munich Re
B.L	en	Net income
B.L	en	Portland cement
B.L	en	RWE
B.L	en	Ready-mix concrete
B.L	en	SAP AG
B.L	en	Schelklingen
B.L	en	Siemens
B.L	en	Supervisory board
B.L	en	The Linde Group
B.L	en	ThyssenKrupp
B.L	en	Ticker symbol
B.L	en	Types of business entity
B.L	en	Vicat Cement
B.L	en	Volkswagen Group
B.L	en	Wikipedia:Citation needed
B.L	en	Template:DAX companies
B.L	en	Template talk:DAX companies
B.L	en	Category:Articles with unsourced statements from March 2012
B.L	es	1874
B.L	es	1972
B.L	es	Adolf Merckle
B.L	es	Aktiengesellschaft
B.L	es	Alemania
B.L	es	Baden-Württemberg
B.L	es	Bélgica
B.L	es	Cemento
B.L	es	Cemento portland
B.L	es	Cemex
B.L	es	Empresa
B.L	es	Estados Unidos
B.L	es	Europa del Este
B.L	es	Francia
B.L	es	Hanson
B.L	es	Heidelberg
B.L	es	Holcim
B.L	es	Hormigón
B.L	es	Indonesia
B.L	es	Industria
B.L	es	Inversión
B.L	es	Lafarge
B.L	es	Materiales de construcción
B.L	es	Mezcla bituminosa
B.L	es	Reino Unido
B.L	es	Schelklingen
B.L	es	Sitio web
B.L	es	Vicat Cement
B.L	es	África
B.L	es	Árido (minería)
B.L	es	Áridos
B.L	da	Adidas
B.L	da	Adolf Merckle
B.L	da	Allianz
B.L	da	BASF
B.L	da	BMW
B.L	da	Baden-Württemberg
B.L	da	Bayer
B.L	da	Beiersdorf AG
B.L	da	Belgien
B.L	da	Beton
B.L	da	Cement
B.L	da	Cemex
B.L	da	Commerzbank
B.L	da	Continental AG
B.L	da	DAX
B.L	da	Daimler AG
B.L	da	Danmark
B.L	da	Deutsche Bank
B.L	da	Deutsche Börse
B.L	da	Deutsche Post
B.L	da	Deutsche Telekom
B.L	da	E.ON
B.L	da	Frankrig
B.L	da	Fresenius Medical Care
B.L	da	Fresenius SE
B.L	da	HC Pumps & Trucks
B.L	da	Heidelberg
B.L	da	Henkel
B.L	da	Holcim
B.L	da	Infineon Technologies
B.L	da	K+S
B.L	da	Lafarge
B.L	da	Lanxess
B.L	da	Linde AG
B.L	da	Lufthansa
B.L	da	Merck KGaA
B.L	da	Munich Re
B.L	da	Portlandcement
B.L	da	RWE
B.L	da	Ringsted
B.L	da	SAP AG
B.L	da	Scancem
B.L	da	Schelklingen
B.L	da	Siemens AG
B.L	da	ThyssenKrupp
B.L	da	Tilslag
B.L	da	Tyskland
B.L	da	Volkswagen Aktiengesellschaft
B.L	cs	1873
B.L	cs	2011
B.L	cs	Akciová společnost
B.L	cs	Asfalt
B.L	cs	Belgie
B.L	cs	Beton
B.L	cs	Betonárna
B.L	cs	Cement
B.L	cs	Euro
B.L	cs	Gruzie
B.L	cs	Heidelberg
B.L	cs	Holding
B.L	cs	Indie
B.L	cs	Johann Philipp Schifferdecker
B.L	cs	Kamenivo
B.L	cs	Králův Dvůr
B.L	cs	Lindenberg
B.L	cs	Maďarsko
B.L	cs	Mokrá-Horákov
B.L	cs	Města bez smogu
B.L	cs	Neckar
B.L	cs	Německo
B.L	cs	Německá demokratická republika
B.L	cs	Obchodní podíl
B.L	cs	Obrat (ekonomie)
B.L	cs	Omítka
B.L	cs	Prefabrikace
B.L	cs	Quarry Life Award
B.L	cs	Radotín
B.L	cs	Rekultivace
B.L	cs	Rusko
B.L	cs	Světová obchodní rada pro trvale udržitelný rozvoj
B.L	cs	TX Active
B.L	cs	VAPIS
B.L	cs	Vác
B.L	cs	World Business Council for Sustainable Development
B.L	cs	Znovusjednocení Německa
B.L	cs	Českomoravský beton
B.L	cs	Českomoravský cement
B.L	cs	Českomoravský štěrk
B.L	cs	Čína
B.L	no	1874
B.L	no	1999
B.L	no	5. juni
B.L	no	Baden-Württemberg
B.L	no	Byggemateriale
B.L	no	Heidelberg
B.L	no	NorBetong
B.L	no	NorStone
B.L	no	Norcem
B.L	no	Renor
B.L	no	Sement
B.L	no	Statens pensjonsfond
B.L	no	Tyskland
B.L	pl	1874
B.L	pl	1896
B.L	pl	1914
B.L	pl	1936
B.L	pl	1972
B.L	pl	1977
B.L	pl	1990
B.L	pl	1993
B.L	pl	2005
B.L	pl	2006
B.L	pl	2007
B.L	pl	5 czerwca
B.L	pl	Branża
B.L	pl	Cement
B.L	pl	Cement portlandzki
B.L	pl	Dochód
B.L	pl	Formy prawne przedsiębiorstw
B.L	pl	Heidelberg
B.L	pl	Lafarge
B.L	pl	Niemcy
B.L	pl	Produkt (marketing)
B.L	pl	Siedziba (prawo)
B.L	pl	Spółka publiczna
B.L	pl	Zatrudnienie
B.L	nl	Adidas
B.L	nl	Adolf Merckle
B.L	nl	Allianz
B.L	nl	BASF (chemieconcern)
B.L	nl	BMW
B.L	nl	Bayer
B.L	nl	Beiersdorf AG
B.L	nl	Bernd Scheifele
B.L	nl	Bestuursvoorzitter
B.L	nl	Bouwmateriaal
B.L	nl	CBR (bedrijf)
B.L	nl	Cement (bouwmateriaal)
B.L	nl	Commerzbank
B.L	nl	Continental AG
B.L	nl	DAX-index
B.L	nl	Daimler (Duitsland)
B.L	nl	Deutsche Bank
B.L	nl	Deutsche Börse
B.L	nl	Deutsche Post
B.L	nl	Deutsche Telekom
B.L	nl	Duitsland
B.L	nl	E.ON
B.L	nl	Economische sector
B.L	nl	Effectenbeurs
B.L	nl	Euro
B.L	nl	Fresenius
B.L	nl	Fresenius Medical Care
B.L	nl	Goederenkabelbaan Leimen–Nußloch
B.L	nl	Handelsregister
B.L	nl	Hanson plc
B.L	nl	Heidelberg (Duitsland)
B.L	nl	Henkel KGaA
B.L	nl	Indocement
B.L	nl	Infineon
B.L	nl	K+S
B.L	nl	Lanxess
B.L	nl	Linde AG
B.L	nl	Lufthansa
B.L	nl	Merck KGaA
B.L	nl	Miljard
B.L	nl	Münchener Rück
B.L	nl	Naamloze vennootschap
B.L	nl	Omzet
B.L	nl	RWE (energie)
B.L	nl	Raad van toezicht
B.L	nl	SAP AG
B.L	nl	Scancem
B.L	nl	Siemens AG
B.L	nl	ThyssenKrupp
B.L	nl	Vennootschap onder firma
B.L	nl	Volkswagen AG
B.L	nl	Winst (onderneming)
B.L	nl	Wirtschaftswoche
B.L	nl	Portaal:Economie
B.L	it	1874
B.L	it	2009
B.L	it	5 giugno
B.L	it	Adidas
B.L	it	Allianz
B.L	it	BASF
B.L	it	BMW
B.L	it	Bayer
B.L	it	Beiersdorf (azienda)
B.L	it	Blue chip
B.L	it	Borsa di Francoforte
B.L	it	Borsa valori
B.L	it	Calcestruzzo
B.L	it	Cemento
B.L	it	Commerzbank
B.L	it	DAX 30
B.L	it	Daimler (azienda)
B.L	it	Deutsche Bank
B.L	it	Deutsche Börse
B.L	it	Deutsche Post
B.L	it	Deutsche Telekom
B.L	it	E.ON
B.L	it	Fresenius
B.L	it	Fresenius Medical Care
B.L	it	Germania
B.L	it	Gruppo Volkswagen
B.L	it	Hanson (azienda)
B.L	it	Heidelberg
B.L	it	Henkel
B.L	it	Impresa
B.L	it	Indice azionario
B.L	it	Infineon Technologies
B.L	it	K+S
B.L	it	Linde AG
B.L	it	Lufthansa
B.L	it	MAN SE
B.L	it	Merck KGaA
B.L	it	Metro (azienda)
B.L	it	Munich Re
B.L	it	RWE (azienda)
B.L	it	SAP (azienda)
B.L	it	Siemens (azienda)
B.L	it	Sito web
B.L	it	Società per azioni
B.L	it	Stato
B.L	it	ThyssenKrupp
B.L	it	File:Stub .png
B.L	it	File:Stub aziende tedesche.png
B.L	it	Template:Aziende DAX 30
B.L	it	Discussioni template:Aziende DAX 30
B.L	it	Aiuto:Abbozzo
B.L	it	Aiuto:Manuale di stile
B.L	it	Categoria:Stub - aziende tedesche
B.L	it	Portale:Aziende
B.L	it	Portale:Aziende/icona
B.L	it	Portale:Economia
B.L	it	Portale:Economia/icona
B.L	it	Progetto:Aziende tedesche
B.L	ja	1874年
B.L	ja	6月5日
B.L	ja	M&A
B.L	ja	アジア
B.L	ja	アドルフ・メルクル
B.L	ja	アフリカ
B.L	ja	アメリカ合衆国
B.L	ja	インドネシア
B.L	ja	コンクリート
B.L	ja	セメックス
B.L	ja	セメント
B.L	ja	セメントメジャー
B.L	ja	ドイツ
B.L	ja	ノルウェー
B.L	ja	ハイデルベルク
B.L	ja	ハンソン (企業)
B.L	ja	フランクフルト証券取引所
B.L	ja	フランス
B.L	ja	ベルギー
B.L	ja	ホルシム
B.L	ja	ユーロ
B.L	ja	ヨーロッパ
B.L	ja	ラファージュ
B.L	ja	中国
B.L	ja	会社
B.L	ja	北アメリカ
B.L	ja	最高経営責任者
B.L	ja	株式会社
B.L	ja	業種
B.L	ja	骨材
B.L	ja	Template:基礎情報 会社
B.L	ja	Category:日本のガラス・土石製品産業
B.L	sv	Abetong AB
B.L	sv	Adolf Merckle
B.L	sv	Belgien
B.L	sv	Betong
B.L	sv	Betongelement
B.L	sv	Betongindustri
B.L	sv	Byggnadsmaterial
B.L	sv	Cement
B.L	sv	Cementa
B.L	sv	Deutscher Aktienindex
B.L	sv	Euro
B.L	sv	Frankfurt am Main
B.L	sv	Frankrike
B.L	sv	Heidelberg
B.L	sv	Jehander
B.L	sv	Liljeholmen
B.L	sv	Multinationell
B.L	sv	Portlandcement
B.L	sv	Tyskland
B.L	sv	Tyskt
B.L	sv	USA
B.L	ru	1874
B.L	ru	1874 год
B.L	ru	Aareal Bank
B.L	ru	Aurubis
B.L	ru	Bauer Group
B.L	ru	BayWa
B.L	ru	Bilfinger Berger
B.L	ru	CEO
B.L	ru	Celesio
B.L	ru	Continental AG
B.L	ru	DAX
B.L	ru	Demag Cranes AG
B.L	ru	Deutsche EuroShop
B.L	ru	Deutsche Postbank
B.L	ru	Douglas Holding
B.L	ru	EADS
B.L	ru	ElringKlinger
B.L	ru	Fielmann
B.L	ru	Fraport
B.L	ru	Fuchs Petrolub
B.L	ru	GAGFAH
B.L	ru	GEA Group
B.L	ru	Gerresheimer
B.L	ru	Gildemeister
B.L	ru	HHLA
B.L	ru	Hannover Re
B.L	ru	Heidelberger Druckmaschinen
B.L	ru	Hochtief
B.L	ru	Hugo Boss
B.L	ru	IVG Immobilien
B.L	ru	Klöckner
B.L	ru	Krones
B.L	ru	Lanxess
B.L	ru	Leoni AG
B.L	ru	MDAX
B.L	ru	MLP AG
B.L	ru	MTU Aero Engines
B.L	ru	Pfleiderer
B.L	ru	Praktiker
B.L	ru	ProSiebenSat.1 Media
B.L	ru	Puma AG
B.L	ru	Rational AG
B.L	ru	Rheinmetall
B.L	ru	Rhön-Klinikum
B.L	ru	SGL Carbon
B.L	ru	STADA Arzneimittel
B.L	ru	Sky Deutschland
B.L	ru	Symrise
B.L	ru	Südzucker
B.L	ru	TUI
B.L	ru	Tognum
B.L	ru	Vossloh
B.L	ru	Wacker Chemie
B.L	ru	Wincor Nixdorf
B.L	ru	Xetra
B.L	ru	Амвросиевка
B.L	ru	Баден-Вюртемберг
B.L	ru	Башкортостан
B.L	ru	Бельгия
B.L	ru	Бетон
B.L	ru	Великобритания
B.L	ru	Воронежская область
B.L	ru	Выручка
B.L	ru	Гейдельберг
B.L	ru	Германия
B.L	ru	Днепродзержинск
B.L	ru	Казахстан
B.L	ru	Калининград
B.L	ru	Кривой Рог
B.L	ru	Ленинградская область
B.L	ru	Листинг (экономика)
B.L	ru	Мурманск
B.L	ru	Новогуровский
B.L	ru	Операционная прибыль
B.L	ru	Продукт (бизнес)
B.L	ru	Публичная компания
B.L	ru	Сайт
B.L	ru	Стерлитамак
B.L	ru	Строительные материалы
B.L	ru	Тульская область
B.L	ru	Франкфуртская фондовая биржа
B.L	ru	Франция
B.L	ru	Цемент
B.L	ru	Чистая прибыль
B.L	ru	Юридическое лицо
B.L	ro	1873
B.L	ro	1914
B.L	ro	1960
B.L	ro	1977
B.L	ro	1998
B.L	ro	2000
B.L	ro	2002
B.L	ro	2007
B.L	ro	2008
B.L	ro	2009
B.L	ro	29 aprilie
B.L	ro	Bicaz
B.L	ro	București
B.L	ro	Deva
B.L	ro	Euro
B.L	ro	Fieni
B.L	ro	Germania
B.L	ro	Hanson
B.L	ro	Heidelberg
B.L	ro	Holcim
B.L	ro	Lafarge
B.L	ro	SUA
B.L	ro	Timișoara
B.L	pt	Adidas
B.L	pt	Alemanha
B.L	pt	Allianz
B.L	pt	BASF
B.L	pt	BMW
B.L	pt	Bayer
B.L	pt	Beiersdorf
B.L	pt	Cimento
B.L	pt	Commerzbank
B.L	pt	DAX-30
B.L	pt	Daimler AG
B.L	pt	Deutsche Bank
B.L	pt	Deutsche Börse
B.L	pt	Deutsche Post
B.L	pt	Deutsche Telekom
B.L	pt	E.ON
B.L	pt	Fresenius
B.L	pt	Fresenius Medical Care
B.L	pt	Grupo Volkswagen
B.L	pt	Henkel
B.L	pt	Infineon Technologies
B.L	pt	K+S
B.L	pt	Linde AG
B.L	pt	Lufthansa
B.L	pt	MAN SE
B.L	pt	METRO AG
B.L	pt	Materiais de construção
B.L	pt	Merck KGaA
B.L	pt	Munich Re
B.L	pt	RWE
B.L	pt	SAP AG
B.L	pt	Siemens AG
B.L	pt	ThyssenKrupp
B.L	pt	Predefinição:DAX
B.L	zh	1874年
B.L	zh	2009年
B.L	zh	Adolf Merckle
B.L	zh	Bergheimer Mühle
B.L	zh	Burglengenfeld
B.L	zh	DAX
B.L	zh	Gipswerkes
B.L	zh	Gurovo Beton
B.L	zh	ISIN
B.L	zh	Indocement
B.L	zh	Kakanj
B.L	zh	Kiefersfelden
B.L	zh	Kraftverkehr Bayern
B.L	zh	Lehigh Cement
B.L	zh	Lengfurt
B.L	zh	Mysore
B.L	zh	OHG
B.L	zh	Saint Gobain
B.L	zh	Vicat
B.L	zh	WKN
B.L	zh	WestLB银行
B.L	zh	Xetra系统
B.L	zh	东欧剧变
B.L	zh	公众公司
B.L	zh	卡特尔
B.L	zh	富达
B.L	zh	建筑材料
B.L	zh	弗利兹·尤根·海克曼
B.L	zh	德国
B.L	zh	德国联邦卡特尔局
B.L	zh	曼海姆
B.L	zh	欧元
B.L	zh	水泥
B.L	zh	汉森
B.L	zh	波士顿
B.L	zh	海德堡
B.L	zh	營業額
B.L	zh	產業
B.L	zh	股份公司
B.L	zh	股份制公司
B.L	zh	英国汉森
B.L	zh	萨斯吉尔特钢铁
B.L	zh	贝尔登·舍福勒
B.L	zh	路德维希.默克
B.L	zh	骨料
B.L	zh	黑石集团
B.L	zh	Category:公司
CN	de	HeidelbergCement
IWL	fr	HeidelbergCement
IWL	fa	هایدلبرگ‌سمنت
IWL	en	HeidelbergCement
IWL	es	HeidelbergCement
IWL	da	HeidelbergCement
IWL	cs	HeidelbergCement
IWL	no	HeidelbergCement
IWL	pl	HeidelbergCement
IWL	nl	HeidelbergCement
IWL	it	Heidelberg Cement
IWL	ja	ハイデルベルグセメント
IWL	sv	Heidelberg cement group
IWL	ru	HeidelbergCement
IWL	ro	HeidelbergCement
IWL	pt	HeidelbergCement
IWL	zh	海德堡水泥
