A.L	de	Arnold Schering
A.L	de	Emil Schering
A.L	de	Ernst Christian Friedrich Schering
A.L	de	Ernst Christian Julius Schering
A.L	de	Ernst Schering (Theologe)
A.L	de	Harald Schering
A.L	de	Henryk Szeryng
A.L	de	Karl Schering
A.L	de	Richard Schering
A.L	de	Rudolf Schering
A.L	de	Schering-Plough
A.L	de	Schering AG
A.L	de	Scheringer
A.L	de	Tshering
A.L	de	Werner Schering
A.L	de	Wikipedia:Begriffsklärung
B.L	fr	Arnold Schering
B.L	fr	Bayer Schering Pharma
B.L	fr	Ernst Schering
B.L	fr	Schering
B.L	fr	Schering-Plough Corporate
B.L	fr	Théorème de Kronecker
B.L	fr	Aide:Homonymie
B.L	en	Arnold Schering
B.L	en	Ernst Christian Friedrich Schering
B.L	en	Ernst Christian Julius Schering
B.L	en	Given name
B.L	en	Harald Schering
B.L	en	Surname
B.L	en	Wikipedia:Linking
B.L	no	Bayer Schering Pharma
B.L	no	Schering Rosenhanes palass
B.L	no	Wikipedia:Flertydige titler
B.L	nl	Bayer
B.L	nl	Schering-Plough
B.L	nl	Schering (textiel)
B.L	nl	Schering en Inslag
B.L	nl	Weefgetouw
B.L	nl	Windschering
B.L	nl	Wikipedia:Doorverwijspagina
B.L	sv	Arnold Schering
B.L	sv	Bayer Schering Pharma AG
B.L	sv	Emil Schering
B.L	sv	Ernst Christian Friedrich Schering
B.L	sv	Schering Eriksson Arp
B.L	sv	Schering Rosenhane
B.L	sv	Schering Rosenhane (1609–1663)
B.L	sv	Schering Rosenhane (1685–1738)
B.L	sv	Schering Rosenhane (1754–1812)
B.L	sv	Schering Rosenhanes gränd
B.L	sv	Schering Rosenhanes palats
B.L	sv	Wikipedia:Förgreningssida
B.L	sv	Wikipedia:Wikilänkar
B.L	ru	Немецкий язык
B.L	ru	Смирительная рубашка (аниме)
B.L	ru	Шеринг, Арнольд
B.L	ru	Шеринг, Генрик
B.L	ru	Шеринг, Эрнст
B.L	ru	Википедия:Неоднозначность
B.L	ru	Википедия:Статья
B.L	ru	Википедия:Толкование ссылок
B.L	pt	Arnold Schering
B.L	pt	Ernst Christian Julius Schering
B.L	pt	Schering
B.L	pt	Schering-Plough
B.L	pt	Wikipédia:Desambiguação
CN	de	Schering
IWL	fr	Schering (homonymie)
IWL	en	Schering (surname)
IWL	no	Schering
IWL	nl	Schering
IWL	sv	Schering
IWL	ru	Шеринг
IWL	pt	Schering (desambiguação)
