A.L	de	Alliance
A.L	de	Allianz (Island)
A.L	de	Allianz (Künstlergruppe)
A.L	de	Allianz (Schweden)
A.L	de	Allianz Arena
A.L	de	Allianz Filmproduktion
A.L	de	Allianz SE
A.L	de	Allianz der deutschen Wissenschaftsorganisationen
A.L	de	Allianz – Anonyme Gesellschaft für Bergbau und Hüttenbetrieb bei Stolberg
A.L	de	Band ohne Namen
A.L	de	Bündnis
A.L	de	Ehe
A.L	de	Ektosymbiose
A.L	de	Evangelische Allianz
A.L	de	Große Allianz
A.L	de	Heilige Allianz
A.L	de	Kanadische Allianz
A.L	de	Luftfahrtallianz
A.L	de	Militärbündnis
A.L	de	Neue Allianz
A.L	de	Strategische Allianz
A.L	de	Therapeutische Allianz
A.L	de	Wikipedia:Begriffsklärung
CN	de	Allianz
