A.L	de	2002
A.L	de	26. April
A.L	de	Abitur
A.L	de	Amok
A.L	de	Amoklauf an einer Schule
A.L	de	Amoklauf von Winnenden
A.L	de	Besondere Leistungsfeststellung
A.L	de	Blutbahnen
A.L	de	Bundespräsident (Deutschland)
A.L	de	Computerspiel
A.L	de	Counter-Strike
A.L	de	Dark Electro
A.L	de	Dark Metal
A.L	de	Desperado (Film)
A.L	de	Deutsches Jugendinstitut
A.L	de	Deutsches Waffen-Journal
A.L	de	Die Toten Hosen
A.L	de	Dokumentarfilm
A.L	de	Domplatz (Erfurt)
A.L	de	Domstufen
A.L	de	Ego-Shooter
A.L	de	Eisregen (Band)
A.L	de	Erfurt
A.L	de	Expertenkommission
A.L	de	Fight Club (Film)
A.L	de	Fiktionale Gewalt
A.L	de	Flinte
A.L	de	Geiselnehmer
A.L	de	Geldstrafe (Deutschland)
A.L	de	Gewalt
A.L	de	Glock 17
A.L	de	Gutenberg-Gymnasium (Erfurt)
A.L	de	Gymnasium
A.L	de	Half-Life
A.L	de	Hitman (Computerspiel)
A.L	de	Indizierung
A.L	de	Ines Geipel
A.L	de	Johannes Rau
A.L	de	Jugend
A.L	de	Jugendschutzgesetz (Deutschland)
A.L	de	Karl Heinz Gasser
A.L	de	Killerspiel
A.L	de	Kontroverse
A.L	de	Legalität
A.L	de	Macbeth (Band)
A.L	de	Manfred Günther (Psychologe)
A.L	de	Medizinisch-Psychologische Untersuchung
A.L	de	Metal
A.L	de	Mittlere Reife
A.L	de	Mobiles Einsatzkommando
A.L	de	Mossberg 590
A.L	de	Nordrhein-Westfalen
A.L	de	Polizeiausbildung
A.L	de	Polizeiliche Kriminalprävention der Länder und des Bundes
A.L	de	Posttraumatische Belastungsstörung
A.L	de	Predator (Film)
A.L	de	Pump-Gun
A.L	de	Pädagoge
A.L	de	Rente wegen Todes
A.L	de	Return to Castle Wolfenstein
A.L	de	Rudolf Egg
A.L	de	SITD
A.L	de	Schulgesetz
A.L	de	Schützenverein
A.L	de	Spezialeinsatzkommando
A.L	de	Sportschießen
A.L	de	Stiftung Deutsches Forum für Kriminalprävention
A.L	de	Third-Person-Shooter
A.L	de	Trittbrettfahrer (Kriminalistik)
A.L	de	Unfallkasse
A.L	de	Vorderschaftrepetierflinte
A.L	de	Vortäuschen einer Straftat
A.L	de	Waffenbesitzkarte (Deutschland)
A.L	de	Waffengesetz (Deutschland)
B.L	fi	2002
B.L	fi	Erfurt
B.L	fi	Itsemurha
B.L	fi	Ninja
B.L	fi	Saksa
B.L	fi	Wikipedia:Tynkä
B.L	fi	Luokka:Saksa-tyngät
B.L	fr	2002
B.L	fr	26 avril
B.L	fr	Allemagne
B.L	fr	Avril 2002
B.L	fr	Baccalauréat
B.L	fr	Erfurt
B.L	fr	Fusil
B.L	fr	Glock 17
B.L	fr	Mossberg 500
B.L	fr	Pistolet (arme)
B.L	fr	Thuringe
B.L	fr	Tuerie de Johann Gutenberg
B.L	fr	Tueur de masse
B.L	fr	Catégorie:Portail:Allemagne/Articles liés
B.L	fr	Catégorie:Portail:Années 2000/Articles liés
B.L	fr	Catégorie:Portail:Criminologie/Articles liés
B.L	fr	Catégorie:Portail:Écoles/Articles liés
B.L	fr	Portail:Allemagne
B.L	fr	Portail:Années 2000
B.L	fr	Portail:Criminologie
B.L	fr	Portail:Écoles
B.L	en	12-gauge
B.L	en	9mm
B.L	en	Ansbach school attack
B.L	en	BBC News
B.L	en	Bremen school shooting
B.L	en	Central European Summer Time
B.L	en	Cologne school massacre
B.L	en	Emsdetten school shooting
B.L	en	Eppstein school shooting
B.L	en	Erfurt
B.L	en	Erfurt massacre
B.L	en	Expulsion (academia)
B.L	en	Geographic coordinate system
B.L	en	Germany
B.L	en	Glock 17
B.L	en	Gutenberg-Gymnasium Erfurt
B.L	en	Mass murder
B.L	en	Massacre
B.L	en	Mossberg 500
B.L	en	Murder-suicide
B.L	en	Ninja
B.L	en	Pump-action shotgun
B.L	en	Rod Paige
B.L	en	School massacre
B.L	en	School shooting
B.L	en	Semiautomatic pistol
B.L	en	Suicide
B.L	en	The Guardian
B.L	en	The Observer
B.L	en	Toilet
B.L	en	United States Department of Education
B.L	en	United States Secretary of Education
B.L	en	Winnenden school shooting
B.L	en	Wikipedia:Citing sources
B.L	en	Wikipedia:Verifiability
B.L	en	Help:Introduction to referencing/1
B.L	en	Category:Articles needing additional references from April 2011
B.L	es	2002
B.L	es	26 de abril
B.L	es	9 x 19 mm Parabellum
B.L	es	Alemania
B.L	es	BBC News
B.L	es	Erfurt
B.L	es	Glock
B.L	es	Gobierno alemán
B.L	es	Gutenberg-Gymnasium Erfurt
B.L	es	Ines Geipel
B.L	es	Pistolero
B.L	es	Robert Steinhäuser
B.L	es	Rod Paige
B.L	es	Secretario de Educación
B.L	es	Suicidio
B.L	es	The Guardian
B.L	es	The Observer
B.L	es	United States Department of Education
B.L	es	Wikimedia Commons
B.L	pl	2002
B.L	pl	2004
B.L	pl	2005
B.L	pl	26 kwietnia
B.L	pl	5 czerwca
B.L	pl	Aleksander Kwaśniewski
B.L	pl	Counter Strike
B.L	pl	Erfurt
B.L	pl	Gra komputerowa
B.L	pl	Gutenberg-Gymnasium
B.L	pl	Jan Paweł II
B.L	pl	Matematyka
B.L	pl	Nabój 9 x 19 mm Parabellum
B.L	pl	Nauczyciel
B.L	pl	Niemcy
B.L	pl	Ninja
B.L	pl	Papież
B.L	pl	Państwo
B.L	pl	Pistolety Glock
B.L	pl	Policja
B.L	pl	Prezydent RP
B.L	pl	Pump action
B.L	pl	Rainer Heise
B.L	pl	Robert Steinhäuser
B.L	pl	Rod Paige
B.L	pl	Sala szkolna
B.L	pl	Sekretarze Edukacji Stanów Zjednoczonych
B.L	pl	Strzelba
B.L	pl	Sąd
B.L	pl	Toaleta
B.L	pl	Wagary
B.L	pl	Zawiadomienie o niepopełnionym przestępstwie
B.L	pl	Ziemia
B.L	pl	Szablon:Mapa dane DEU
B.L	pl	Szablon:Państwo dane Niemcy
B.L	ja	2002年
B.L	ja	4月26日
B.L	ja	Unterhaltungssoftware Selbstkontrolle
B.L	ja	エアフルト
B.L	ja	コンピュータゲーム
B.L	ja	スプリー・キラー
B.L	ja	テューリンゲン州
B.L	ja	ドイツ連邦共和国
B.L	ja	リボルバー
B.L	ja	大量殺人
B.L	ja	学校内における無差別殺傷事件
B.L	ja	教師
B.L	ja	第二次世界大戦
B.L	simple	Erfurt
B.L	simple	Germany
B.L	simple	Gymnasium (school)
B.L	simple	Wikipedia:Citing sources
B.L	simple	Wikipedia:Stub
B.L	simple	Category:Articles lacking sources from April 2011
B.L	simple	Category:History stubs
B.L	sv	2002
B.L	sv	Elev
B.L	sv	Erfurt
B.L	sv	Gevär
B.L	sv	Johann Gutenberg Gymnasium
B.L	sv	Lärare
B.L	sv	Pistol
B.L	sv	Polis
B.L	sv	Rånarluva
B.L	sv	Skolmassaker
B.L	sv	Tyskland
B.L	sv	Wikipedia:Introduktion till källhänvisningar
B.L	ru	2002 год
B.L	ru	26 апреля
B.L	ru	Eisregen
B.L	ru	Glock 17
B.L	ru	Азия
B.L	ru	Африка
B.L	ru	Взрывы в Мустансирийском университете
B.L	ru	Взрывы в школе Нагерковил
B.L	ru	Германия
B.L	ru	Европа
B.L	ru	Кинкл, Кип
B.L	ru	Массовое убийство
B.L	ru	Массовое убийство в Азербайджанской государственной нефтяной академии
B.L	ru	Массовое убийство в Вильнюсе
B.L	ru	Массовое убийство в Виннендене
B.L	ru	Массовое убийство в Виргинском политехническом институте
B.L	ru	Массовое убийство в Йокела
B.L	ru	Массовое убийство в Каухайоки
B.L	ru	Массовое убийство в Крэндоне
B.L	ru	Массовое убийство в Нанпинге
B.L	ru	Массовое убийство в Осаке
B.L	ru	Массовое убийство в Политехнической школе Монреаля
B.L	ru	Массовое убийство в Реаленгу
B.L	ru	Массовое убийство в Сане
B.L	ru	Массовое убийство в Университете имени Обафеми Аволово
B.L	ru	Массовое убийство в начальной школе «Сэнди-Хук»
B.L	ru	Массовое убийство в начальной школе Данблейна
B.L	ru	Массовое убийство в университете Айовы
B.L	ru	Массовое убийство в университете Северного Иллинойса
B.L	ru	Массовое убийство в школе «Бэт»
B.L	ru	Массовое убийство в школе «Колумбайн»
B.L	ru	Массовое убийство в школе «Красное Озеро»
B.L	ru	Массовое убийство в школе Джонсборо
B.L	ru	Немецкий язык
B.L	ru	Перестрелка в Арабском университете Бейрута
B.L	ru	Полицейский
B.L	ru	Помповое оружие
B.L	ru	Расстрел в Кентском университете
B.L	ru	Резня в Маалоте (1974)
B.L	ru	Северная Америка
B.L	ru	Спенсер, Бренда Энн
B.L	ru	Стрельба в Алабамском университете в Хантсвилле
B.L	ru	Стрельба в колледже Доусон
B.L	ru	Стрельба в школе Сентенниэл
B.L	ru	Теракт в Тулузе (2012)
B.L	ru	Теракт в йешиве «Мерказ ха-Рав»
B.L	ru	Террористический акт в Беслане
B.L	ru	Тюрингия
B.L	ru	Уитмен, Чарльз
B.L	ru	Фабрикант, Валерий Иосифович
B.L	ru	Эрфурт
B.L	ru	Южная Америка
B.L	ru	Википедия:Избранные статьи
B.L	ru	Шаблон:Массовые убийства в учебных заведениях
B.L	zh	2002年
B.L	zh	2003年
B.L	zh	2004年
B.L	zh	4月26日
B.L	zh	Ines Geipel
B.L	zh	UTC
B.L	zh	UTC+2
B.L	zh	兇手
B.L	zh	古騰堡中學
B.L	zh	圖林根州
B.L	zh	埃尔福特
B.L	zh	城市
B.L	zh	學校
B.L	zh	學生
B.L	zh	屠杀
B.L	zh	德國
B.L	zh	忍者
B.L	zh	扳機
B.L	zh	教師
B.L	zh	校園槍擊案
B.L	zh	槍擊
B.L	zh	畢業
B.L	zh	维基共享资源
B.L	zh	羅伯特·施泰因豪爾
B.L	zh	自殺
B.L	zh	英語
B.L	zh	Wikipedia:列明来源
B.L	zh	Wikipedia:可供查證
B.L	zh	Wikipedia:可供查证
B.L	zh	Wikipedia:可靠来源
B.L	zh	Category:自2007年8月缺少来源的条目
CN	de	Amoklauf_von_Erfurt
IWL	fi	Erfurtin koulusurmat
IWL	fr	Tuerie de Johann Gutenberg
IWL	en	Erfurt massacre
IWL	es	Masacre de Erfurt
IWL	pl	Masakra w Erfurcie
IWL	ja	エアフルト事件
IWL	simple	Erfurt massacre
IWL	sv	Erfurtmassakern
IWL	ru	Массовое убийство в гимназии Гутенберг
IWL	zh	古騰堡中學校園槍擊案
