A.L	de	.NET
A.L	de	1. FFC Frankfurt
A.L	de	Adidas
A.L	de	Adolf Hitler
A.L	de	Aktie
A.L	de	Aktiengesellschaft (Deutschland)
A.L	de	Aktionär
A.L	de	Alberto Giacometti
A.L	de	Allianz SE
A.L	de	Altana
A.L	de	Anteilseigner
A.L	de	Arbeitgeberverband des privaten Bankengewerbes
A.L	de	Aufsichtsrat
A.L	de	Aufsichtsratsvorsitzender
A.L	de	BASF
A.L	de	BMW
A.L	de	BRE Bank
A.L	de	Babcock Borsig
A.L	de	Bad Bank
A.L	de	Banco di Roma
A.L	de	Bankhaus Neelmeyer
A.L	de	Bankleitzahl
A.L	de	Barmer Bankverein
A.L	de	Bayer AG
A.L	de	Bayerische Hypotheken- und Wechsel-Bank
A.L	de	Bayerische Vereinsbank
A.L	de	Beiersdorf AG
A.L	de	Belgien
A.L	de	Benchmark-Anleihe
A.L	de	Berenberg Bank
A.L	de	Berlin
A.L	de	Berliner Bank
A.L	de	Berliner Bank AG
A.L	de	Besatzungszone
A.L	de	Bezirk Altona
A.L	de	Bilanzsumme
A.L	de	BlackRock
A.L	de	Bremen
A.L	de	Bundesanstalt für Finanzdienstleistungsaufsicht
A.L	de	Bundesregierung (Deutschland)
A.L	de	Bundesverband deutscher Banken
A.L	de	Cash Group
A.L	de	Chase Manhattan Bank
A.L	de	Citigroup
A.L	de	Client-Server-Modell
A.L	de	Cobol
A.L	de	Comdirect
A.L	de	Cominvest
A.L	de	Commerz Finanz
A.L	de	Commerz Real AG
A.L	de	Commerzbank-Arena
A.L	de	Commerzbank Tower
A.L	de	ConCardis
A.L	de	Continental AG
A.L	de	Crédit Lyonnais
A.L	de	DAB Bank
A.L	de	DAX
A.L	de	DB2
A.L	de	Daimler AG
A.L	de	Der Spiegel
A.L	de	Deutsche Bank
A.L	de	Deutsche Bank Privat- und Geschäftskunden
A.L	de	Deutsche Bankenkrise
A.L	de	Deutsche Bundesbank
A.L	de	Deutsche Börse
A.L	de	Deutsche Post AG
A.L	de	Deutsche Telekom
A.L	de	Deutscher Fußball-Bund
A.L	de	Deutschland
A.L	de	Direktbank
A.L	de	Donner & Reuschel
A.L	de	Dresdner Bank
A.L	de	Düsseldorf
A.L	de	E.ON
A.L	de	Epcos
A.L	de	Erster Weltkrieg
A.L	de	Estland
A.L	de	Euro
A.L	de	Eurohypo
A.L	de	Europäische Kommission
A.L	de	Evonik Degussa
A.L	de	Feldmühle (Unternehmen)
A.L	de	Filiale
A.L	de	Financial Times Deutschland
A.L	de	Finanzmarktstabilisierungsfonds
A.L	de	Firmenlogo
A.L	de	Forderungsbesichertes Wertpapier
A.L	de	Frankfurt am Main
A.L	de	Fresenius (Unternehmen)
A.L	de	Fresenius Medical Care
A.L	de	Fusion (Wirtschaft)
A.L	de	GEWOBA
A.L	de	Gemeinsame Normdatei
A.L	de	Geschäftsführung
A.L	de	Gesetz zur Aufhebung der Beschränkung des Niederlassungsbereiches von Kreditinstituten
A.L	de	Großbank
A.L	de	Großrechner
A.L	de	Grünwald
A.L	de	H.A. Jonas Söhne & Co.
A.L	de	H. J. Merck & Co.
A.L	de	HSBC
A.L	de	Hamburg
A.L	de	Hamburger Bank
A.L	de	Hamburger Sparkasse
A.L	de	Hamburger Volksbank
A.L	de	Handelsblatt
A.L	de	Hannover
A.L	de	Hannover Rück
A.L	de	Hanse
A.L	de	Heckscher & Co.
A.L	de	HeidelbergCement
A.L	de	Heinrich Brüning
A.L	de	Henkel (Unternehmen)
A.L	de	Hermes
A.L	de	Hesse Newman
A.L	de	Hessischer Bankverein
A.L	de	Hoechst
A.L	de	Hof (Saale)
A.L	de	Hongkong
A.L	de	Hypo Real Estate
A.L	de	ISO 9362
A.L	de	Industrielleneingabe
A.L	de	Infineon
A.L	de	Informationstechnik
A.L	de	Inhouse Consulting
A.L	de	International Securities Identification Number
A.L	de	Java (Technik)
A.L	de	John Parish (Kaufmann)
A.L	de	Jürgen Ponto
A.L	de	K+S
A.L	de	Kapitalerhöhung
A.L	de	Kapitalherabsetzung
A.L	de	Karstadt
A.L	de	Kastor und Pollux (Hochhäuser)
A.L	de	Kiel
A.L	de	Klaus-Peter Müller
A.L	de	Kommissar für Wettbewerb
A.L	de	Kupon
A.L	de	L. Behrens & Söhne
A.L	de	Lanxess
A.L	de	Lettland
A.L	de	Linde AG
A.L	de	Lufthansa
A.L	de	Luxemburg
A.L	de	L’Homme qui marche I
A.L	de	M.M.Warburg & CO
A.L	de	M. M. Warburg & CO
A.L	de	MAN
A.L	de	MLP AG
A.L	de	Magdeburg
A.L	de	Mainz
A.L	de	Mannesmann
A.L	de	Martin Blessing
A.L	de	Merchant Banking
A.L	de	Merck KGaA
A.L	de	Mercurius
A.L	de	Metro AG
A.L	de	Mezzanine-Kapital
A.L	de	Milliarde
A.L	de	Mitteldeutsche Creditbank
A.L	de	Mitteldeutsche Privat-Bank AG
A.L	de	Moody’s
A.L	de	Munich Re
A.L	de	Möbiusband
A.L	de	Münchmeyer & Co.
A.L	de	New York City
A.L	de	Niederlande
A.L	de	Nixdorf Computer
A.L	de	Norddeutsche Bank
A.L	de	Norisbank
A.L	de	Nürnberg
A.L	de	Paul von Hindenburg
A.L	de	Pfund Sterling
A.L	de	Postbank
A.L	de	Preussag
A.L	de	Privatbankier
A.L	de	Provinz Sachsen
A.L	de	Quickborn
A.L	de	RWE
A.L	de	Ratingagentur
A.L	de	Rechtsform
A.L	de	Reichsbank
A.L	de	Restquoten
A.L	de	SAP
A.L	de	Sachsen
A.L	de	Salzgitter AG
A.L	de	Schlagwortnormdatei
A.L	de	SchmidtBank
A.L	de	Schröder Gebrüder & Co.
A.L	de	Siemens
A.L	de	Singapur
A.L	de	Skulptur
A.L	de	Sowjetische Besatzungszone
A.L	de	Stille Gesellschaft
A.L	de	Streubesitz
A.L	de	Student
A.L	de	Stuttgart
A.L	de	TUI
A.L	de	ThyssenKrupp
A.L	de	Thüringen
A.L	de	Tochtergesellschaft
A.L	de	US-Dollar
A.L	de	Umtauschanleihe
A.L	de	Unicredit Bank
A.L	de	Universalbank
A.L	de	Unternehmensberater
A.L	de	VEBA
A.L	de	VIAG
A.L	de	Vereinigte Staaten
A.L	de	Vereinsbank Hamburg
A.L	de	Verstaatlichung
A.L	de	Verzinsliches Wertpapier
A.L	de	Volkswagen AG
A.L	de	Vorstand
A.L	de	Vorstandsvorsitzender
A.L	de	Weltwirtschaftskrise
A.L	de	Z/OS
A.L	de	Zweiter Weltkrieg
B.L	fi	1870
B.L	fi	1997
B.L	fi	2002
B.L	fi	2004
B.L	fi	2008
B.L	fi	2009
B.L	fi	26. helmikuuta
B.L	fi	8. tammikuuta
B.L	fi	Adidas
B.L	fi	Allianz
B.L	fi	BASF
B.L	fi	BMW
B.L	fi	Bayer
B.L	fi	Beiersdorf
B.L	fi	Commerzbank Tower
B.L	fi	DAX-indeksi
B.L	fi	Daimler
B.L	fi	Deutsche Bank
B.L	fi	Deutsche Börse
B.L	fi	Deutsche Post
B.L	fi	Deutsche Telekom
B.L	fi	E.ON
B.L	fi	Eurohypo
B.L	fi	Eurooppa
B.L	fi	Finanssikriisi (2007–2008)
B.L	fi	Frankfurt Am Main
B.L	fi	Frankfurt am Main
B.L	fi	Frankfurtin pörssi
B.L	fi	Franz Müntefering
B.L	fi	Fresenius
B.L	fi	Fresenius Medical Care
B.L	fi	Hannover Re
B.L	fi	Henkel
B.L	fi	Investointipankki
B.L	fi	Julkinen osakeyhtiö
B.L	fi	K+S
B.L	fi	Kiinnitys
B.L	fi	Kiinteistökehitys
B.L	fi	Klaus-Peter Müller
B.L	fi	Liikepankki
B.L	fi	Liikevaihto
B.L	fi	Liikevoitto
B.L	fi	Linde
B.L	fi	Lufthansa
B.L	fi	MAN (yritys)
B.L	fi	METRO AG
B.L	fi	Martin Blessing
B.L	fi	Merck KGaA
B.L	fi	Messeturm
B.L	fi	Munich Re
B.L	fi	Norman Foster
B.L	fi	Osake
B.L	fi	Pankki
B.L	fi	RWE
B.L	fi	SAP (yritys)
B.L	fi	Saksa
B.L	fi	Saksan sosiaalidemokraattinen puolue
B.L	fi	Salzgitter (yritys)
B.L	fi	Siemens
B.L	fi	ThyssenKrupp
B.L	fi	Tilikausi
B.L	fi	Toimiala
B.L	fi	Toimitusjohtaja
B.L	fi	Varallisuus
B.L	fi	Volkswagen
B.L	fi	Vähittäispankki
B.L	fi	Wikimedia Commons
B.L	fi	Yhtiömuoto
B.L	fr	1870
B.L	fr	Adidas
B.L	fr	Allemagne
B.L	fr	Allemagne de l'Est
B.L	fr	Allianz
B.L	fr	BASF
B.L	fr	BMO Capital Markets
B.L	fr	BNP Paribas
B.L	fr	Banque
B.L	fr	Banque d'investissement
B.L	fr	Barclays Capital
B.L	fr	Bayer (entreprise)
B.L	fr	Bayerische Motoren Werke
B.L	fr	Beiersdorf
B.L	fr	Berlin
B.L	fr	Biens et services marchands
B.L	fr	Bloomberg
B.L	fr	CIBC World Markets
B.L	fr	Caisse des dépôts et consignations
B.L	fr	Cantor Fitzgerald
B.L	fr	Chef d'entreprise
B.L	fr	Chiffre d'affaires
B.L	fr	Citigroup
B.L	fr	Commerzbank Tower
B.L	fr	Continental AG
B.L	fr	Credit Suisse
B.L	fr	Crédit agricole
B.L	fr	DAX
B.L	fr	Daimler (entreprise)
B.L	fr	Daiwa Securities SMBC Co.Ltd.
B.L	fr	Deutsche Bank
B.L	fr	Deutsche Börse
B.L	fr	Deutsche Post
B.L	fr	Deutsche Telekom
B.L	fr	Dresdner Bank
B.L	fr	Düsseldorf
B.L	fr	E.ON
B.L	fr	EMEA
B.L	fr	Euro
B.L	fr	Eurohypo
B.L	fr	Euronext
B.L	fr	Filiale
B.L	fr	Francfort
B.L	fr	Francfort-sur-le-Main
B.L	fr	Fresenius
B.L	fr	Fresenius Medical Care
B.L	fr	Generali
B.L	fr	Goldman Sachs
B.L	fr	Grande Dépression
B.L	fr	HSBC
B.L	fr	Hambourg
B.L	fr	HeidelbergCement
B.L	fr	Heinrich Brüning
B.L	fr	Henkel
B.L	fr	Houlihan Lokey
B.L	fr	ING Group
B.L	fr	Infineon Technologies
B.L	fr	JPMorgan Chase
B.L	fr	Jefferies & Co.
B.L	fr	K+S
B.L	fr	KBC Bank
B.L	fr	KfW
B.L	fr	Lanxess
B.L	fr	Lazard
B.L	fr	Linde AG
B.L	fr	Lufthansa
B.L	fr	Macquarie Group
B.L	fr	Magdebourg
B.L	fr	Mediobanca
B.L	fr	Merck KGaA
B.L	fr	Mizuho Corporate Bank
B.L	fr	Morgan Stanley
B.L	fr	Munich Re
B.L	fr	Natixis
B.L	fr	Nomura Securities Co.
B.L	fr	Occupation de l'Allemagne après la Seconde Guerre mondiale
B.L	fr	RBC Capital Markets
B.L	fr	RWE
B.L	fr	Royal Bank of Scotland Group
B.L	fr	Résultat net
B.L	fr	SAP (entreprise)
B.L	fr	Santander Central
B.L	fr	Saxe (Land)
B.L	fr	Saxe prussienne
B.L	fr	Seconde Guerre mondiale
B.L	fr	Siemens (entreprise)
B.L	fr	Site web
B.L	fr	Siège social
B.L	fr	Société anonyme
B.L	fr	Société générale
B.L	fr	Standard Chartered
B.L	fr	Stifel Nicolaus
B.L	fr	TD Securities
B.L	fr	The Blackstone Group
B.L	fr	The Economist
B.L	fr	Thuringe
B.L	fr	ThyssenKrupp
B.L	fr	UBS
B.L	fr	UniCredit
B.L	fr	Volkswagen (entreprise)
B.L	fr	Warrant
B.L	fr	Wells Fargo
B.L	fr	X-Trade Brokers
B.L	fr	Discussion:Commerzbank/À faire
B.L	fr	Wikipédia:Citez vos sources
B.L	fr	Wikipédia:Notoriété des entreprises, sociétés et produits
B.L	fr	Modèle:Infobox Société
B.L	fr	Modèle:Palette DAX
B.L	fr	Modèle:Palette Principales banques d'investissement
B.L	fr	Modèle:Ébauche/paramètres entreprise allemande
B.L	fr	Discussion modèle:Palette DAX
B.L	fr	Discussion modèle:Palette Principales banques d'investissement
B.L	fr	Aide:Comment modifier une page
B.L	fr	Aide:Note
B.L	fr	Aide:Ébauche
B.L	fr	Catégorie:Article manquant de référence depuis juillet 2008
B.L	fr	Catégorie:Entreprise par date de fondation
B.L	fr	Catégorie:Forme juridique des entreprises
B.L	fr	Catégorie:Portail:Allemagne/Articles liés
B.L	fr	Catégorie:Portail:Entreprises/Articles liés
B.L	fr	Catégorie:Portail:Finance/Articles liés
B.L	fr	Catégorie:Portail:Francfort-sur-le-Main/Articles liés
B.L	fr	Portail:Allemagne
B.L	fr	Portail:Entreprises
B.L	fr	Portail:Finance
B.L	fr	Portail:Francfort-sur-le-Main
B.L	fa	آدیداس
B.L	fa	آلمان
B.L	fa	آلیانتس
B.L	fa	ا.آن
B.L	fa	ار وه ئه
B.L	fa	اس آ پ
B.L	fa	اینفینئون
B.L	fa	ب آ اس اف
B.L	fa	ب ام و
B.L	fa	بانک
B.L	fa	بانکداری
B.L	fa	بایر (شرکت)
B.L	fa	بایرسدورف
B.L	fa	تجارت
B.L	fa	تیسن‌کروپ
B.L	fa	جنرالی
B.L	fa	جهان
B.L	fa	خدمات مالی
B.L	fa	دایملر آ گ
B.L	fa	دویچه بانک
B.L	fa	دویچه بورزه
B.L	fa	دویچه تلکوم
B.L	fa	دویچه پست
B.L	fa	زبان آلمانی
B.L	fa	زیمنس
B.L	fa	شرکت
B.L	fa	فرانکفورت
B.L	fa	فرزنیوس
B.L	fa	فرزنیوس مدیکال کر
B.L	fa	لانکسس
B.L	fa	لوفت‌هانزا
B.L	fa	لینده
B.L	fa	مرک
B.L	fa	میونیک ره
B.L	fa	هایدلبرگ‌سمنت
B.L	fa	هنکل
B.L	fa	کا+اس
B.L	fa	کونتیننتال آ گ
B.L	fa	گروه فولکس‌واگن
B.L	fa	یورو
B.L	fa	۱۸۷۰ (میلادی)
B.L	fa	ویکی‌پدیا:نیازمند منبع
B.L	fa	الگو:شرکت‌های دکس
B.L	fa	بحث الگو:شرکت‌های دکس
B.L	el	Allianz
B.L	el	Deutsche Bank
B.L	el	Γερμανία
B.L	el	Επενδυτική τραπεζική
B.L	el	Τράπεζα
B.L	el	Φρανκφούρτη
B.L	en	ABN AMRO
B.L	en	Adidas
B.L	en	Aktia Bank
B.L	en	Aktiengesellschaft
B.L	en	Allen & Company
B.L	en	Allgemeine Sparkasse Oberösterreich
B.L	en	Allianz
B.L	en	Allied Irish Banks
B.L	en	Alpha Bank
B.L	en	Amagerbanken
B.L	en	Americas
B.L	en	Arbejdernes Landsbank
B.L	en	Architect
B.L	en	Asset
B.L	en	BASF
B.L	en	BHF Bank
B.L	en	BKS Bank AG
B.L	en	BMO Capital Markets
B.L	en	BMW
B.L	en	BNP Paribas
B.L	en	BNP Paribas CIB
B.L	en	BOC International
B.L	en	BPCE
B.L	en	BRE Bank
B.L	en	BTG Pactual
B.L	en	Banca Agricola Popolare di Ragusa
B.L	en	Banca Monte Parma
B.L	en	Banca Nazionale del Lavoro
B.L	en	Banca Popolare del Lazio
B.L	en	Banca Popolare dell'Emilia Romagna
B.L	en	Banca Popolare di Milano
B.L	en	Banca Popolare di Sondrio
B.L	en	Banca Popolare di Spoleto
B.L	en	Banca Popolare di Vicenza
B.L	en	Banca Sella
B.L	en	Banca d'Italia
B.L	en	Banca del Fucino
B.L	en	Banca del Piemonte
B.L	en	Banca delle Marche S.p.A.
B.L	en	Banca di Imola S.p.A.
B.L	en	Banca di Romagna S.p.A.
B.L	en	Bancaperta S.p.A.
B.L	en	Banco Bilbao Vizcaya Argentaria
B.L	en	Banco Comercial Português
B.L	en	Banco Espírito Santo
B.L	en	Banco Pastor
B.L	en	Banco Popolare
B.L	en	Banco Popular Español
B.L	en	Banco Português de Investimento
B.L	en	Banco Sabadell
B.L	en	Banesto
B.L	en	Bank
B.L	en	Bank BPH
B.L	en	Bank Forum
B.L	en	Bank für Tirol und Vorarlberg AG
B.L	en	Bank of America
B.L	en	Bank of America Merrill Lynch
B.L	en	Bank of China
B.L	en	Bank of Cyprus
B.L	en	Bank of Ireland
B.L	en	Bank of Slovenia
B.L	en	Bank of Åland
B.L	en	Bank van de Post
B.L	en	Bankia
B.L	en	Bankinter
B.L	en	Banque Michel Inchauspé - BAMI
B.L	en	Banque Palatine
B.L	en	Banque Raiffeisen
B.L	en	Banque et Caisse d'Épargne de l'État
B.L	en	Barclays
B.L	en	Barclays Investment Bank
B.L	en	Bayer AG
B.L	en	Beiersdorf
B.L	en	Berenberg Bank
B.L	en	Berliner Bank
B.L	en	Bilbao Bizkaia Kutxa
B.L	en	Blackstone Group
B.L	en	Bremer Landesbank
B.L	en	Brewin Dolphin
B.L	en	Brown, Shipley & Co.
B.L	en	Bulge bracket
B.L	en	CIBC World Markets
B.L	en	CITIC Securities
B.L	en	CLSA
B.L	en	Caixa Central de Crédito Agrícola Mútuo
B.L	en	Caixa Geral de Depósitos
B.L	en	Caja Laboral
B.L	en	Caja Rural
B.L	en	Cassa di Risparmio della Provincia di Chieti S.p.A.
B.L	en	Cassa di Risparmio della Provincia di Teramo S.p.A.
B.L	en	Cassa di Risparmio di Cesena S.p.A.
B.L	en	Cassa di Risparmio di Fermo S.p.A.
B.L	en	Cassa di Risparmio di Ferrara S.p.A.
B.L	en	Cassa di Risparmio di Loreto S.p.A.
B.L	en	Cassa di Risparmio di Ravenna S.p.A.
B.L	en	CatalunyaCaixa
B.L	en	Centerview Partners
B.L	en	Chairman
B.L	en	Chief executive officer
B.L	en	China International Capital Corp
B.L	en	Citibank
B.L	en	Citigroup
B.L	en	Close Brothers Group
B.L	en	Collegium Glashütten
B.L	en	Comdirect
B.L	en	Commerce Bank (disambiguation)
B.L	en	Commercial bank
B.L	en	Commerzbank Tower
B.L	en	Continental AG
B.L	en	Credit Mutuel CIC Banque
B.L	en	Credit Suisse
B.L	en	Credito Emiliano S.p.A.
B.L	en	Crédit Agricole
B.L	en	Crédit Agricole Corporate and Investment Bank
B.L	en	Crédit Coopératif
B.L	en	Crédit Mutuel Arkéa
B.L	en	Crédit du Nord
B.L	en	DAX
B.L	en	DZ Bank
B.L	en	Daewoo Securities
B.L	en	Daimler AG
B.L	en	Daiwa Securities Capital Markets
B.L	en	Danske Andelskassers Bank
B.L	en	Danske Bank
B.L	en	De Nederlandsche Bank
B.L	en	Deutsche Bank
B.L	en	Deutsche Bundesbank
B.L	en	Deutsche Börse
B.L	en	Deutsche Post
B.L	en	Deutsche Postbank
B.L	en	Deutsche Telekom
B.L	en	Dexia
B.L	en	Dexia Banque Internationale à Luxembourg SA
B.L	en	DiBa Bank A/S
B.L	en	Djurslands Bank A/S
B.L	en	DnB NOR
B.L	en	Dresdner Bank
B.L	en	Dresdner Kleinwort
B.L	en	Düsseldorf
B.L	en	E.ON
B.L	en	EU
B.L	en	Earnings before interest and taxes
B.L	en	Ecological
B.L	en	Equity (finance)
B.L	en	Erste Group
B.L	en	Euro
B.L	en	EuroHypo
B.L	en	Euro Banking Association
B.L	en	Eurobank EFG
B.L	en	Eurohypo
B.L	en	Europe
B.L	en	Europe Arab Bank Frankfurt
B.L	en	Evercore Partners
B.L	en	FBR Capital Markets
B.L	en	Financial Times
B.L	en	Financial services
B.L	en	Frankfurt
B.L	en	Frankfurt Stock Exchange
B.L	en	Fresenius (company)
B.L	en	Fresenius Medical Care
B.L	en	Germany
B.L	en	Goldman Sachs
B.L	en	Greenhill & Co.
B.L	en	Groupe Banque Populaire
B.L	en	Grupo Santander
B.L	en	HSBC
B.L	en	HSBC Bank (Europe)
B.L	en	HSBC France
B.L	en	Hamburg
B.L	en	Hamburger Sparkasse AG
B.L	en	Handelsbanken
B.L	en	Harris Williams & Co.
B.L	en	Headquarters
B.L	en	HeidelbergCement
B.L	en	Helaba
B.L	en	Hellenic Bank
B.L	en	Henkel
B.L	en	Hesse
B.L	en	Houlihan Lokey
B.L	en	Hungarian National Bank
B.L	en	ICCREA Banca
B.L	en	ING Group
B.L	en	Infineon Technologies
B.L	en	Inter-Alpha Group of Banks
B.L	en	Intesa Sanpaolo
B.L	en	Investec Bank
B.L	en	Investment banking
B.L	en	Is Investment
B.L	en	Istituto Centrale delle Banche Popolari Italiane
B.L	en	J.P. Morgan & Co.
B.L	en	J.P. Morgan Cazenove
B.L	en	JPMorgan Chase
B.L	en	Jefferies Group
B.L	en	Jyske Bank
B.L	en	K+S
B.L	en	KBC Bank
B.L	en	KBL European Private Bankers
B.L	en	KB Kookmin Bank
B.L	en	Keefe, Bruyette & Woods
B.L	en	Klaus-Peter Müller
B.L	en	Korea Development Bank
B.L	en	Kutxa
B.L	en	La Banque postale
B.L	en	La Caixa
B.L	en	Landesbank Baden-Württemberg
B.L	en	Landesbank Berlin Holding
B.L	en	Lanxess
B.L	en	Lazard
B.L	en	List of investment banks
B.L	en	List of tallest buildings in Europe
B.L	en	Lloyds Banking Group
B.L	en	Lloyds TSB
B.L	en	Lufthansa
B.L	en	Luxembourg
B.L	en	Macquarie Group
B.L	en	Mashreq (Bank)
B.L	en	Mediobanca
B.L	en	Merck KGaA
B.L	en	Mergers and acquisitions
B.L	en	Mitsubishi UFJ Securities
B.L	en	Mizuho Corporate Bank
B.L	en	Moelis & Company
B.L	en	Monte dei Paschi di Siena
B.L	en	Morgan Stanley
B.L	en	Mortgage loan
B.L	en	Motorola RAZR
B.L	en	Munich Re
B.L	en	N M Rothschild & Sons
B.L	en	National Australia Bank
B.L	en	National Bank of Austria
B.L	en	National Bank of Greece
B.L	en	National Bank of Poland
B.L	en	National Westminster Bank
B.L	en	Natixis
B.L	en	Net income
B.L	en	Nomura Securities
B.L	en	Nordea
B.L	en	Nordjyske Bank
B.L	en	Norman Foster, Baron Foster of Thames Bank
B.L	en	Novagalicia Banco
B.L	en	Nørresundby Bank
B.L	en	OP-Pohjola Group
B.L	en	OTP Bank
B.L	en	Oberbank AG
B.L	en	Oldenburgische Landesbank
B.L	en	Online banking
B.L	en	Oppenheimer Holdings
B.L	en	Perella Weinberg Partners
B.L	en	Piper Jaffray
B.L	en	Piraeus Bank
B.L	en	RBC Capital Markets
B.L	en	ROTH Capital Partners
B.L	en	RWE
B.L	en	Rabobank
B.L	en	Raiffeisen-Landesbank Tirol Aktiengesellschaft
B.L	en	Raiffeisen Landesbank Südtirol – Cassa Centrale Raiffeisen dell'Alto Adige
B.L	en	Raiffeisen Zentralbank
B.L	en	Raiffeisenlandesbank Oberösterreich AG
B.L	en	Raymond James Financial
B.L	en	Real estate development
B.L	en	Renaissance Capital (Russian company)
B.L	en	Retail banking
B.L	en	Ringkjøbing Landbobank
B.L	en	Roskilde Bank
B.L	en	Royal Bank of Scotland
B.L	en	S-Bank
B.L	en	SAP AG
B.L	en	SECB Swiss EURO CLEARING Bank GmbH
B.L	en	Salam Investment Ltd.
B.L	en	Sandler O'Neill and Partners
B.L	en	Siemens
B.L	en	Skandinaviska Enskilda Banken
B.L	en	Skjern Bank
B.L	en	Skyscraper
B.L	en	Société Générale
B.L	en	Société Générale Bank & Trust
B.L	en	Spanish Confederation of Savings Banks
B.L	en	Spar Nord
B.L	en	Sparekassen Sjælland
B.L	en	Standard Chartered
B.L	en	Steiermärkische Bank und Sparkassen AG
B.L	en	Stifel Nicolaus
B.L	en	Stone Key Partners
B.L	en	Subsidiary
B.L	en	Supervisory board
B.L	en	Swedbank
B.L	en	Sydbank A/S
B.L	en	Südtiroler Volksbank – Banca Popolare dell'Alto Adige
B.L	en	TD Securities
B.L	en	Tapiola Bank
B.L	en	The Bank of New York Mellon
B.L	en	The Bank of Tokyo-Mitsubishi UFJ
B.L	en	The Linde Group
B.L	en	The Royal Bank of Scotland Group
B.L	en	ThyssenKrupp
B.L	en	Troika Dialog
B.L	en	Types of business entity
B.L	en	UBI Banca
B.L	en	UBS
B.L	en	UBS Investment Bank
B.L	en	UniCredit
B.L	en	Unipol
B.L	en	Universal bank
B.L	en	VTB Bank
B.L	en	VTB Capital
B.L	en	Veneto Banca
B.L	en	Vestfyns Bank A/S
B.L	en	Vestjysk Bank
B.L	en	Volkswagen Group
B.L	en	Wells Fargo
B.L	en	Wells Fargo Securities
B.L	en	William Blair & Company
B.L	en	World War II
B.L	en	Østjydsk Bank A/S
B.L	en	Wikipedia:Bare URLs
B.L	en	Wikipedia:Citing sources
B.L	en	Wikipedia:Link rot
B.L	en	Wikipedia:REFLINKS
B.L	en	Wikipedia:Template messages/Sources of articles
B.L	en	Wikipedia:Verifiability
B.L	en	Template:DAX companies
B.L	en	Template:Investment banks
B.L	en	Template:Members of Euro Banking Association
B.L	en	Template:Portal/Images/Companies
B.L	en	Template talk:DAX companies
B.L	en	Template talk:Investment banks
B.L	en	Template talk:Members of Euro Banking Association
B.L	en	Category:Articles covered by WikiProject Wikify from May 2012
B.L	en	Category:Articles needing cleanup from May 2012
B.L	en	Category:Articles needing link rot cleanup from May 2012
B.L	en	Category:Articles with dead external links from July 2009
B.L	en	Category:Investment banks
B.L	en	Portal:Companies
B.L	et	1870
B.L	et	2001
B.L	et	2007
B.L	et	2008
B.L	et	31. august
B.L	et	Adidas
B.L	et	Allianz
B.L	et	BASF
B.L	et	BMW
B.L	et	Balkanimaad
B.L	et	Bayer
B.L	et	Beiersdorf AG
B.L	et	Comdirect
B.L	et	Commerzbank Tower
B.L	et	DAX
B.L	et	Daimler
B.L	et	Deutsche Bank
B.L	et	Deutsche Börse
B.L	et	Deutsche Post
B.L	et	Deutsche Telekom
B.L	et	Dresdner Bank
B.L	et	E.ON
B.L	et	Essen Hyp
B.L	et	Euro
B.L	et	Eurohypo
B.L	et	Forum Bank
B.L	et	Frankfurdi börs
B.L	et	Frankfurt
B.L	et	Fresenius
B.L	et	Fresenius Medical Care
B.L	et	Hamburg
B.L	et	HeidelbergCement
B.L	et	Henkel
B.L	et	Hispaania
B.L	et	Infineon Technologies
B.L	et	K+S
B.L	et	Lufthansa
B.L	et	Luksemburg
B.L	et	MAN SE
B.L	et	Martin Blessing
B.L	et	Merck KGaA
B.L	et	Metro AG
B.L	et	Munich Re
B.L	et	Poola
B.L	et	Prokredit Bank
B.L	et	Promsvjazbank
B.L	et	RWE
B.L	et	SAP
B.L	et	Saksamaa
B.L	et	Siemens
B.L	et	The Linde Group
B.L	et	ThyssenKrupp
B.L	et	Ukraina
B.L	et	Venemaa
B.L	et	Volkswagen Group
B.L	es	1870
B.L	es	2008
B.L	es	2 de septiembre
B.L	es	Alemania
B.L	es	Allianz
B.L	es	Banca comercial
B.L	es	Banca de inversión
B.L	es	Banca minorista
B.L	es	Banco
B.L	es	BlackRock
B.L	es	Credit Suisse
B.L	es	Deutsche Bank
B.L	es	Dresdner Bank
B.L	es	Düsseldorf
B.L	es	España
B.L	es	Estados Unidos
B.L	es	Eurohypo
B.L	es	Financial Times
B.L	es	Fráncfort
B.L	es	Generali
B.L	es	Hamburgo
B.L	es	Hipoteca
B.L	es	Industria
B.L	es	Luxemburgo
B.L	es	Norman Foster
B.L	es	Polonia
B.L	es	Reino Unido
B.L	es	Servicios financieros
B.L	es	Sitio web
B.L	es	Sociedad anónima
B.L	es	Suiza
B.L	es	Torre Commerzbank
B.L	es	Wikinoticias
B.L	es	Wikipedia:Texto de la Licencia Creative Commons Atribución-CompartirIgual 3.0 Unported
B.L	es	Wikipedia:Texto de la Licencia de documentación libre de GNU
B.L	be	1870
B.L	be	2008
B.L	be	2008 год
B.L	be	26 лютага
B.L	be	Adidas
B.L	be	Allianz
B.L	be	BASF
B.L	be	BMW
B.L	be	Bayer
B.L	be	Beiersdorf
B.L	be	Bertrandt
B.L	be	DAX
B.L	be	Daimler
B.L	be	Deutsche Bank
B.L	be	Deutsche Börse
B.L	be	Deutsche Post
B.L	be	Deutsche Telekom
B.L	be	E.ON
B.L	be	Fresenius
B.L	be	Fresenius SE
B.L	be	Gemeinsame Körperschaftsdatei
B.L	be	Hannover Re
B.L	be	Henkel
B.L	be	K+S
B.L	be	Lufthansa
B.L	be	MAN
B.L	be	Merck KGaA
B.L	be	Metro AG
B.L	be	Munich Re
B.L	be	RWE
B.L	be	SAP
B.L	be	Salzgitter AG
B.L	be	Schlagwortnormdatei
B.L	be	Siemens
B.L	be	The Linde Group
B.L	be	ThyssenKrupp
B.L	be	Volkswagen Group
B.L	be	Італія
B.L	be	Актывы банка
B.L	be	Акцыянер
B.L	be	Банк
B.L	be	Германія
B.L	be	Еўра
B.L	be	Камерцбанк-Таўэр
B.L	be	Лістынг, эканоміка
B.L	be	Нямецкая мова
B.L	be	Публічная кампанія
B.L	be	Сайт
B.L	be	Франкфурт-на-Майне
B.L	be	Франкфурцкая фондавая біржа
B.L	be	Чысты прыбытак
B.L	be	Юрыдычная асоба
B.L	be	Шаблон:Бібліяінфармацыя
B.L	da	1870
B.L	da	1905
B.L	da	1958
B.L	da	1997
B.L	da	2004
B.L	da	26. februar
B.L	da	Adidas
B.L	da	Aktie
B.L	da	Allianz
B.L	da	Arkitekt
B.L	da	BASF
B.L	da	BMW
B.L	da	Bank
B.L	da	Bayer
B.L	da	Beiersdorf AG
B.L	da	Berlin
B.L	da	Commerzbank-Tower
B.L	da	Continental AG
B.L	da	DAX
B.L	da	Daimler AG
B.L	da	Deutsche Bank
B.L	da	Deutsche Börse
B.L	da	Deutsche Post
B.L	da	Deutsche Telekom
B.L	da	Düsseldorf
B.L	da	E.ON
B.L	da	EU
B.L	da	Europa
B.L	da	Frankfurt am Main
B.L	da	Fresenius Medical Care
B.L	da	Fresenius SE
B.L	da	Hamburg
B.L	da	HeidelbergCement
B.L	da	Henkel
B.L	da	Infineon Technologies
B.L	da	K+S
B.L	da	Lanxess
B.L	da	Linde AG
B.L	da	London
B.L	da	Lufthansa
B.L	da	Luxembourg
B.L	da	Merck KGaA
B.L	da	Munich Re
B.L	da	Norman Foster
B.L	da	Pantebrev
B.L	da	RWE
B.L	da	SAP AG
B.L	da	Siemens AG
B.L	da	Skyskraber
B.L	da	Storbritannien
B.L	da	ThyssenKrupp
B.L	da	Tyskland
B.L	da	Volkswagen Aktiengesellschaft
B.L	da	Wikimedia Commons
B.L	da	Zürich
B.L	cv	Hypothekenbank in Essen
B.L	cv	Акци
B.L	cv	Альте Вахе (Потсдам)
B.L	cv	Банк
B.L	cv	Викиампар
B.L	cv	Германи
B.L	cv	Нимĕç чĕлхи
B.L	cv	Потсдам
B.L	cv	Промсвязьбанк
B.L	cv	Раççей
B.L	cv	Франкфурт
B.L	cv	Франкфурт тĕплĕх биржа
B.L	cv	Штаб-хваттер
B.L	cs	1870
B.L	cs	2009
B.L	cs	Banka
B.L	cs	Brno
B.L	cs	Cash Group
B.L	cs	Commerzbank Tower
B.L	cs	Frankfurt nad Mohanem
B.L	cs	Hamburk
B.L	cs	Hradec Králové
B.L	cs	Německo
B.L	cs	Ostrava
B.L	cs	Plzeň
B.L	cs	Praha
B.L	cs	Diskuse:Commerzbank
B.L	cs	Wikipedie:Pahýl
B.L	cs	Wikipedie:WikiProjekt Překlad/Rady
B.L	af	1870
B.L	af	Commerzbanktoring
B.L	af	DAX
B.L	af	Duitsland
B.L	af	Frankfurt am Main
B.L	af	Hamburg
B.L	af	Hessen
B.L	af	Wikimedia Commons
B.L	no	1870
B.L	no	26. februar
B.L	no	Bank
B.L	no	Dresdner Bank
B.L	no	Euro
B.L	no	Frankfurt am Main
B.L	no	Hamburg
B.L	no	Tyskland
B.L	no	Wikimedia Commons
B.L	no	Wikipedia:Unngå unnvikende uttrykk
B.L	pl	1870
B.L	pl	Adidas
B.L	pl	Allianz
B.L	pl	BASF
B.L	pl	BMW
B.L	pl	BRE Bank
B.L	pl	Bank
B.L	pl	Bankowość elektroniczna
B.L	pl	Bayer AG
B.L	pl	Beiersdorf AG
B.L	pl	DAX
B.L	pl	Daimler AG
B.L	pl	Deutsche Bank
B.L	pl	Deutsche Börse
B.L	pl	Deutsche Post
B.L	pl	Deutsche Telekom
B.L	pl	E.ON
B.L	pl	Frankfurt nad Menem
B.L	pl	Fresenius
B.L	pl	Fresenius Medical Care
B.L	pl	Henkel
B.L	pl	Infineon
B.L	pl	K+S
B.L	pl	Linde AG
B.L	pl	Lufthansa
B.L	pl	MAN SE
B.L	pl	Merck KGaA
B.L	pl	Metro Group
B.L	pl	Munich Re
B.L	pl	Niemcy
B.L	pl	RWE (koncern)
B.L	pl	SAP AG
B.L	pl	Salzgitter AG
B.L	pl	Siemens AG
B.L	pl	ThyssenKrupp
B.L	pl	Volkswagen AG
B.L	pl	Szablon:DAX
B.L	pl	Dyskusja szablonu:DAX
B.L	lt	1870
B.L	lt	AMB Generali
B.L	lt	Adidas
B.L	lt	Akcija
B.L	lt	Akcinė bendrovė
B.L	lt	Allianz
B.L	lt	BASF
B.L	lt	BMW
B.L	lt	BRE Bank
B.L	lt	Balansinė vertė
B.L	lt	Bankas
B.L	lt	Bayer
B.L	lt	Beiersdorf
B.L	lt	Bendrovė
B.L	lt	Brėmenas
B.L	lt	Cash Group
B.L	lt	Comdirect
B.L	lt	Commerzbank-Arena
B.L	lt	DAX
B.L	lt	Daimler AG
B.L	lt	Deutsche Bank
B.L	lt	Deutsche Börse
B.L	lt	Deutsche Post
B.L	lt	Deutsche Telekom
B.L	lt	E.ON
B.L	lt	Euras
B.L	lt	Eurohypo
B.L	lt	Frankfurt am Main
B.L	lt	Fresenius (company)
B.L	lt	Fresenius Medical Care
B.L	lt	Hamburgas
B.L	lt	HeidelbergCement
B.L	lt	Henkel
B.L	lt	Indonezija
B.L	lt	Infineon Technologies
B.L	lt	Ispanija
B.L	lt	Jungtinė Karalystė
B.L	lt	K+S
B.L	lt	Klaus-Peter Müller
B.L	lt	Lenkija
B.L	lt	Linde AG
B.L	lt	Liuksemburgas
B.L	lt	Lufthansa
B.L	lt	MAN AG
B.L	lt	MAN SE
B.L	lt	Merck KGaA
B.L	lt	Metro AG
B.L	lt	Munich Re
B.L	lt	P. Korėja
B.L	lt	Prancūzija
B.L	lt	RWE
B.L	lt	SAP AG
B.L	lt	Siemens
B.L	lt	The Linde Group
B.L	lt	ThyssenKrupp
B.L	lt	ThyssenKrupp AG
B.L	lt	Vasario 26
B.L	lt	Vokietija
B.L	lt	Volkswagen Group
B.L	lt	Šablonas:DAX companies
B.L	lt	Šablono aptarimas:DAX companies
B.L	nl	1870
B.L	nl	2007
B.L	nl	2011
B.L	nl	Adidas
B.L	nl	Allianz
B.L	nl	BASF (chemieconcern)
B.L	nl	BMW
B.L	nl	Bank (financiële instelling)
B.L	nl	Bayer
B.L	nl	Beiersdorf AG
B.L	nl	Commerzbanktoren
B.L	nl	Continental AG
B.L	nl	DAX-index
B.L	nl	Daimler (Duitsland)
B.L	nl	Deutsche Bank
B.L	nl	Deutsche Börse
B.L	nl	Deutsche Post
B.L	nl	Deutsche Telekom
B.L	nl	Dresdner Bank
B.L	nl	Duitsland
B.L	nl	E.ON
B.L	nl	Financiën
B.L	nl	Frankfurt am Main
B.L	nl	Fresenius
B.L	nl	Fresenius Medical Care
B.L	nl	Hamburg
B.L	nl	HeidelbergCement
B.L	nl	Henkel KGaA
B.L	nl	Hypotheek (financieel)
B.L	nl	Infineon
B.L	nl	K+S
B.L	nl	Lanxess
B.L	nl	Linde AG
B.L	nl	Lufthansa
B.L	nl	Merck KGaA
B.L	nl	Münchener Rück
B.L	nl	Omzet
B.L	nl	RWE (energie)
B.L	nl	SAP AG
B.L	nl	Siemens AG
B.L	nl	ThyssenKrupp
B.L	nl	Volkswagen AG
B.L	nl	Wikimedia Commons
B.L	nl	Winst (onderneming)
B.L	nl	Portaal:Economie
B.L	id	Aktiengesellschaft
B.L	id	Allianz
B.L	id	Amerika
B.L	id	Anak perusahaan
B.L	id	Arsitek
B.L	id	Bank Forum
B.L	id	Bank komersial
B.L	id	Berliner Bank
B.L	id	Bursa Saham Frankfurt
B.L	id	Chief executive officer
B.L	id	Collegium Glashütten
B.L	id	Comdirect
B.L	id	Commerce Bank (disambiguasi)
B.L	id	Commerzbank Tower
B.L	id	Daftar bangunan tertinggi di Eropa
B.L	id	Dana kelolaan
B.L	id	Deutsche Bank
B.L	id	Dewan pengawas
B.L	id	Dresdner Bank
B.L	id	Dresdner Kleinwort
B.L	id	Düsseldorf
B.L	id	Ekologi
B.L	id	Ekuitas (keuangan)
B.L	id	Euro
B.L	id	EuroHypo
B.L	id	Eurohypo
B.L	id	Financial Times
B.L	id	Frankfurt
B.L	id	Frankfurt am Main
B.L	id	Germany
B.L	id	Hamburg
B.L	id	Hesse
B.L	id	Inter-Alpha Group of Banks
B.L	id	Jasa keuangan
B.L	id	Jenis entitas bisnis
B.L	id	Jerman
B.L	id	Ketua
B.L	id	Klaus-Peter Müller
B.L	id	Laba bersih
B.L	id	Laba kotor
B.L	id	Luksemburg
B.L	id	Merger dan akuisisi
B.L	id	Motorola RAZR
B.L	id	Norman Foster, Baron Foster of Thames Bank
B.L	id	Pencakar langit
B.L	id	Pengembangan real estat
B.L	id	Penggadaian
B.L	id	Perang Dunia II
B.L	id	Perbankan daring
B.L	id	Perbankan investasi
B.L	id	Perbankan ritel
B.L	id	Siaran pers
B.L	id	UE
B.L	id	Wikimedia Commons
B.L	id	Templat:Cleanup-link rot
B.L	is	2010
B.L	is	6. október
B.L	is	Adidas
B.L	is	Allianz
B.L	is	BASF
B.L	is	BMW
B.L	is	Banki
B.L	is	Bayer
B.L	is	Beiersdorf
B.L	is	DAX
B.L	is	Daimler
B.L	is	Deutsche Bank
B.L	is	Deutsche Börse
B.L	is	Deutsche Lufthansa
B.L	is	Deutsche Post
B.L	is	Deutsche Telekom
B.L	is	E.ON
B.L	is	Frankfurt
B.L	is	Fresenius
B.L	is	Fresenius Medical Care
B.L	is	Fyrirtæki
B.L	is	HeidelbergCement
B.L	is	Henkel
B.L	is	Infineon Technologies
B.L	is	K+S
B.L	is	Linde
B.L	is	MAN
B.L	is	METRO
B.L	is	Merck (þýskt fyrirtæki)
B.L	is	Munich Re
B.L	is	RWE
B.L	is	SAP
B.L	is	Siemens
B.L	is	ThyssenKrupp
B.L	is	Volkswagen
B.L	is	Þýskaland
B.L	is	Wikipedia:Stubbur
B.L	is	Snið:DAX
B.L	is	Sniðaspjall:DAX
B.L	it	1870
B.L	it	1905
B.L	it	1958
B.L	it	2004
B.L	it	2009
B.L	it	Adidas
B.L	it	Allianz
B.L	it	Amburgo
B.L	it	BASF
B.L	it	BMW
B.L	it	Banca
B.L	it	Bayer
B.L	it	Beiersdorf (azienda)
B.L	it	Berliner Bank
B.L	it	Berlino
B.L	it	Blue chip
B.L	it	Borsa di Francoforte
B.L	it	Borsa valori
B.L	it	Classifica per capitalizzazione dei gruppi bancari della zona Euro
B.L	it	DAX 30
B.L	it	Daimler (azienda)
B.L	it	Deutsche Bank
B.L	it	Deutsche Börse
B.L	it	Deutsche Post
B.L	it	Deutsche Telekom
B.L	it	Dresdner Bank
B.L	it	Düsseldorf
B.L	it	E.ON
B.L	it	Eurohypo
B.L	it	Francoforte sul Meno
B.L	it	Fresenius
B.L	it	Fresenius Medical Care
B.L	it	Germania
B.L	it	Gruppo Volkswagen
B.L	it	Heidelberg Cement
B.L	it	Henkel
B.L	it	Impresa
B.L	it	Indice azionario
B.L	it	Infineon Technologies
B.L	it	K+S
B.L	it	Linde AG
B.L	it	Lufthansa
B.L	it	MAN SE
B.L	it	Merck KGaA
B.L	it	Metro (azienda)
B.L	it	Munich Re
B.L	it	New York
B.L	it	RWE (azienda)
B.L	it	SAP (azienda)
B.L	it	Siemens (azienda)
B.L	it	Società per azioni
B.L	it	Stato
B.L	it	ThyssenKrupp
B.L	it	File:Stub aziende tedesche.png
B.L	it	File:Stub banche.png
B.L	it	Template:Aziende DAX 30
B.L	it	Discussioni template:Aziende DAX 30
B.L	it	Aiuto:Abbozzo
B.L	it	Aiuto:Manuale di stile
B.L	it	Categoria:Stub - aziende tedesche
B.L	it	Categoria:Stub - banche
B.L	it	Progetto:Aziende tedesche
B.L	it	Progetto:Banche
B.L	ja	1870年
B.L	ja	1905年
B.L	ja	1958年
B.L	ja	1997年
B.L	ja	2003年
B.L	ja	2008年
B.L	ja	2009年
B.L	ja	2月26日
B.L	ja	BASF
B.L	ja	BMW
B.L	ja	E.ON
B.L	ja	K+S
B.L	ja	RWE
B.L	ja	SAP (企業)
B.L	ja	アディダス
B.L	ja	アリアンツ
B.L	ja	インフィニオン・テクノロジーズ
B.L	ja	コメルツ銀行タワー
B.L	ja	コンチネンタル (自動車部品製造業)
B.L	ja	シーメンス
B.L	ja	ダイムラー (自動車メーカー)
B.L	ja	ティッセンクルップ
B.L	ja	デュッセルドルフ
B.L	ja	ドイツ
B.L	ja	ドイツテレコム
B.L	ja	ドイツポスト
B.L	ja	ドイツ・ポストバンク
B.L	ja	ドイツ株価指数
B.L	ja	ドイツ証券取引所
B.L	ja	ドイツ銀行
B.L	ja	ドレスナー銀行
B.L	ja	ハイポ・リアル・エステート
B.L	ja	ハンブルク
B.L	ja	バイエル (企業)
B.L	ja	フォルクスワーゲングループ
B.L	ja	フォルティスグループ
B.L	ja	フランクフルト・アム・マイン
B.L	ja	フレゼニウス
B.L	ja	ヘンケル
B.L	ja	ベルリン
B.L	ja	マン (企業)
B.L	ja	ミュンヘン再保険
B.L	ja	メトロ (小売業)
B.L	ja	メルク (ドイツ)
B.L	ja	リンデ
B.L	ja	ルフトハンザドイツ航空
B.L	ja	ヴァルトシュタディオン
B.L	ja	命名権
B.L	ja	統一金融機関コード
B.L	ja	金融機関
B.L	ja	銀行
B.L	ja	Wikipedia:スタブ
B.L	ja	Template:DAX
B.L	ja	Template‐ノート:DAX
B.L	ja	Category:ドイツ関連のスタブ項目
B.L	ja	Category:金融関連のスタブ記事
B.L	ja	Portal:ドイツ
B.L	ja	プロジェクト:ドイツ
B.L	ja	プロジェクト:経済
B.L	ja	プロジェクト:金融
B.L	tr	1870
B.L	tr	1897
B.L	tr	1920
B.L	tr	AMB Generali
B.L	tr	Almanya
B.L	tr	Berlin
B.L	tr	Comdirect
B.L	tr	DAX
B.L	tr	Eurohypo
B.L	tr	Hamburg
B.L	tr	Hanseatic Bank
B.L	tr	I. Dünya Savaşı
B.L	tr	Kastor und Pollux (Hochhäuser)
B.L	tr	Linde AG
B.L	tr	Londra
B.L	tr	Magdeburg
B.L	tr	ThyssenKrupp AG
B.L	tr	İngiltere
B.L	sv	Adidas
B.L	sv	Allianz
B.L	sv	BASF
B.L	sv	BMW
B.L	sv	Bayer AG
B.L	sv	Beiersdorf AG
B.L	sv	Commerzbank Tower
B.L	sv	Daimler AG
B.L	sv	Deutsche Bank
B.L	sv	Deutsche Börse
B.L	sv	Deutsche Post
B.L	sv	Deutsche Telekom
B.L	sv	Deutscher Aktienindex
B.L	sv	E.ON
B.L	sv	Frankfurt am Main
B.L	sv	Fresenius
B.L	sv	Fresenius Medical Care
B.L	sv	Företag
B.L	sv	Hannover Re
B.L	sv	Henkel
B.L	sv	Infineon
B.L	sv	K+S
B.L	sv	Linde AG
B.L	sv	Lufthansa
B.L	sv	MAN AG
B.L	sv	Merck KGaA
B.L	sv	Metro AG
B.L	sv	Munich Re
B.L	sv	RWE
B.L	sv	SAP AG
B.L	sv	Siemens AG
B.L	sv	ThyssenKrupp
B.L	sv	Volkswagen AG
B.L	sv	Wikipedia:Stubbar
B.L	sv	Mall:DAX
B.L	sv	Malldiskussion:DAX
B.L	ru	17 сентября
B.L	ru	1870
B.L	ru	2007 год
B.L	ru	2008 год
B.L	ru	2011 год
B.L	ru	26 февраля
B.L	ru	31 августа
B.L	ru	Adidas
B.L	ru	Allianz
B.L	ru	BASF
B.L	ru	BMW
B.L	ru	Bayer
B.L	ru	Beiersdorf
B.L	ru	Bertrandt
B.L	ru	DAX
B.L	ru	Daimler
B.L	ru	Deutsche Bank
B.L	ru	Deutsche Börse
B.L	ru	Deutsche Post AG
B.L	ru	Deutsche Telekom
B.L	ru	Dresdner Bank
B.L	ru	E.ON
B.L	ru	Fresenius
B.L	ru	Fresenius SE
B.L	ru	Hannover Re
B.L	ru	Henkel
B.L	ru	Hypothekenbank in Essen
B.L	ru	K+S
B.L	ru	Lufthansa
B.L	ru	MAN
B.L	ru	Merck KGaA
B.L	ru	Metro AG
B.L	ru	Munich Re
B.L	ru	RWE
B.L	ru	SAP
B.L	ru	Salzgitter AG
B.L	ru	Siemens
B.L	ru	The Linde Group
B.L	ru	ThyssenKrupp
B.L	ru	Volkswagen Group
B.L	ru	Активы банка
B.L	ru	Акционер
B.L	ru	Акция (финансы)
B.L	ru	Альте Вахе (Потсдам)
B.L	ru	Банк
B.L	ru	Банк Форум
B.L	ru	Германия
B.L	ru	Евро
B.L	ru	Италия
B.L	ru	Коммерцбанк-Тауэр
B.L	ru	Листинг (экономика)
B.L	ru	Немецкий язык
B.L	ru	Потсдам
B.L	ru	Промсвязьбанк
B.L	ru	Публичная компания
B.L	ru	Россия
B.L	ru	Сайт
B.L	ru	Украина
B.L	ru	Франкфурт-на-Майне
B.L	ru	Франкфуртская фондовая биржа
B.L	ru	Чистая прибыль
B.L	ru	Юридическое лицо
B.L	ro	Adidas
B.L	ro	Allianz
B.L	ro	America de Nord
B.L	ro	Asia
B.L	ro	BASF
B.L	ro	BMW
B.L	ro	Bancă
B.L	ro	Bayer
B.L	ro	Companie
B.L	ro	Continental AG
B.L	ro	Corporație
B.L	ro	DaimlerChrysler
B.L	ro	Deutsche Bank
B.L	ro	Deutsche Börse
B.L	ro	Deutsche Post
B.L	ro	Deutsche Postbank
B.L	ro	Deutsche Telekom
B.L	ro	E.ON AG
B.L	ro	Frankfurt
B.L	ro	Fresenius Medical Care
B.L	ro	Germania
B.L	ro	Henkel
B.L	ro	Hypo Real Estate
B.L	ro	Indicele DAX
B.L	ro	Infineon Technologies
B.L	ro	Lufthansa
B.L	ro	MAN AG
B.L	ro	METRO AG
B.L	ro	Merck KGaA
B.L	ro	Munich Re
B.L	ro	RWE
B.L	ro	SAP AG
B.L	ro	Siemens AG
B.L	ro	TUI AG
B.L	ro	The Linde Group
B.L	ro	ThyssenKrupp
B.L	ro	Volkswagen
B.L	ro	Wikipedia:Articolul ciot perfect
B.L	ro	Wikipedia:Găsește și repară un ciot
B.L	ro	Format:DAX
B.L	ro	Discuție Format:DAX
B.L	pt	Adidas
B.L	pt	Aktiengesellschaft
B.L	pt	Alemanha
B.L	pt	Allianz
B.L	pt	BASF
B.L	pt	BMW
B.L	pt	Banco
B.L	pt	Bayer
B.L	pt	Beiersdorf
B.L	pt	Cash Group
B.L	pt	Continental AG
B.L	pt	DAX-30
B.L	pt	Daimler AG
B.L	pt	Deutsche Bank
B.L	pt	Deutsche Börse
B.L	pt	Deutsche Post
B.L	pt	Deutsche Telekom
B.L	pt	E.ON
B.L	pt	Frankfurt
B.L	pt	Fresenius
B.L	pt	Fresenius Medical Care
B.L	pt	Grupo Volkswagen
B.L	pt	HeidelbergCement
B.L	pt	Henkel
B.L	pt	Infineon Technologies
B.L	pt	Instituição financeira
B.L	pt	K+S
B.L	pt	Linde AG
B.L	pt	Lufthansa
B.L	pt	MAN SE
B.L	pt	METRO AG
B.L	pt	Martin Blessing
B.L	pt	Merck KGaA
B.L	pt	Munich Re
B.L	pt	RWE
B.L	pt	SAP AG
B.L	pt	Siemens AG
B.L	pt	ThyssenKrupp
B.L	pt	Wikipédia:Esboço
B.L	pt	Predefinição:DAX
B.L	zh	1870年
B.L	zh	1905年
B.L	zh	1958年
B.L	zh	2007年－2009年環球金融危機
B.L	zh	2008年
B.L	zh	2009年
B.L	zh	BMW
B.L	zh	DAX
B.L	zh	DAX指数
B.L	zh	E.ON
B.L	zh	Houlihan Lokey
B.L	zh	K+S
B.L	zh	Lanxess
B.L	zh	Lazard
B.L	zh	Onex
B.L	zh	RWE
B.L	zh	Raymond James
B.L	zh	SAP公司
B.L	zh	Thomas Weisel Partners
B.L	zh	UBS
B.L	zh	上海
B.L	zh	东京
B.L	zh	中信證券
B.L	zh	中国国际金融有限公司
B.L	zh	中国投资有限责任公司
B.L	zh	中银国际
B.L	zh	主权基金
B.L	zh	二战
B.L	zh	伦敦
B.L	zh	加拿大帝国商业银行批發银行
B.L	zh	加拿大皇家銀行
B.L	zh	北京
B.L	zh	国泰君安证券
B.L	zh	外资银行
B.L	zh	大众集团
B.L	zh	大華繼顯
B.L	zh	大陆集团
B.L	zh	天津
B.L	zh	安联
B.L	zh	巴克萊資本
B.L	zh	巴斯夫
B.L	zh	德利佳华
B.L	zh	德国
B.L	zh	德国电信
B.L	zh	德国邮政
B.L	zh	德國
B.L	zh	德國證券交易所
B.L	zh	德州太平洋
B.L	zh	德意志银行
B.L	zh	德累斯顿银行
B.L	zh	意大利中期银行
B.L	zh	意大利裕信银行
B.L	zh	愛迪達
B.L	zh	慕尼黑再保险
B.L	zh	戴姆勒
B.L	zh	投资银行
B.L	zh	拜尔斯道夫
B.L	zh	拜耳
B.L	zh	摩根士丹利
B.L	zh	摩根大通
B.L	zh	新加坡
B.L	zh	新加坡政府投资公司
B.L	zh	杜塞尔多夫
B.L	zh	林德
B.L	zh	柏林
B.L	zh	标准银行
B.L	zh	格林希尔 (投资银行)
B.L	zh	歐元
B.L	zh	汉莎航空
B.L	zh	汉高公司
B.L	zh	法国东方汇理银行
B.L	zh	法国农业信贷银行
B.L	zh	法國巴黎銀行
B.L	zh	法國興業銀行
B.L	zh	法蘭克福
B.L	zh	洛希尔父子
B.L	zh	海德堡水泥
B.L	zh	淡馬錫控股
B.L	zh	滙豐
B.L	zh	滿地可銀行
B.L	zh	漢堡
B.L	zh	环球金融中心
B.L	zh	瑞士信贷集團
B.L	zh	瑞穗實業銀行
B.L	zh	私募基金
B.L	zh	科尔伯格－克拉维斯－罗伯茨
B.L	zh	纽约
B.L	zh	美国银行
B.L	zh	美國銀行
B.L	zh	美林证券
B.L	zh	美联银行
B.L	zh	花旗集团
B.L	zh	英飞凌
B.L	zh	荷蘭合作銀行
B.L	zh	荷蘭銀行
B.L	zh	蒂森克虏伯
B.L	zh	蘇格蘭皇家銀行
B.L	zh	西班牙對外銀行 (BBVA)
B.L	zh	西门子公司
B.L	zh	贝尔斯登
B.L	zh	贸易融资
B.L	zh	费森尤斯
B.L	zh	费森尤斯医疗
B.L	zh	里昂證券
B.L	zh	野村證券
B.L	zh	金融中心
B.L	zh	金融危机
B.L	zh	银行
B.L	zh	陆家嘴
B.L	zh	雷曼兄弟
B.L	zh	韓國投資公司
B.L	zh	香港
B.L	zh	高盛
B.L	zh	麥格理
B.L	zh	麥格理銀行
B.L	zh	黑石集团
B.L	zh	默克集團
B.L	zh	Wikipedia:失效链接
B.L	zh	Wikipedia:小作品
B.L	zh	Template:DAX指数成份公司
B.L	zh	Template:主要投资银行
B.L	zh	Template talk:DAX指数成份公司
B.L	zh	Template talk:主要投资银行
B.L	zh	Category:经济学
CN	de	Commerzbank
IWL	fi	Commerzbank
IWL	fr	Commerzbank
IWL	fa	کومرتس‌بانک
IWL	el	Commerzbank
IWL	en	Commerzbank
IWL	et	Commerzbank
IWL	es	Commerzbank
IWL	be	Commerzbank
IWL	da	Commerzbank
IWL	cv	Commerzbank
IWL	cs	Commerzbank
IWL	af	Commerzbank
IWL	no	Commerzbank
IWL	pl	Commerzbank
IWL	lt	Commerzbank
IWL	nl	Commerzbank
IWL	id	Commerzbank
IWL	is	Commerzbank
IWL	it	Commerzbank
IWL	ja	コメルツ銀行
IWL	tr	Commerzbank
IWL	sv	Commerzbank
IWL	ru	Commerzbank
IWL	ro	Commerzbank
IWL	pt	Commerzbank
IWL	zh	德国商业银行
