A.L	de	Ahlener Programm
A.L	de	Alexander Alvaro
A.L	de	Alexander Graf Lambsdorff
A.L	de	Alexander Möller
A.L	de	Allfinanz Deutsche Vermögensberatung AG
A.L	de	Allianz Neues Kosovo
A.L	de	Allianz SE
A.L	de	Allianz der Liberalen und Demokraten für Europa (Fraktion)
A.L	de	Allianz der Liberalen und Demokraten für Europa (Partei)
A.L	de	Ampelkoalition
A.L	de	Angela Freimuth
A.L	de	Angela Merkel
A.L	de	Annegret Kramp-Karrenbauer
A.L	de	Annette Widmann-Mauz
A.L	de	Arbeit für Bremen und Bremerhaven
A.L	de	Arbeitslosengeld II
A.L	de	Armenische Allnationale Bewegung
A.L	de	Atomausstieg
A.L	de	Aufklärung
A.L	de	August-Martin Euler
A.L	de	Auswärtiges Amt
A.L	de	Außenminister
A.L	de	BMW AG
A.L	de	Baden-Württemberg
A.L	de	Bayern
A.L	de	Bayernpartei
A.L	de	Besatzungszone
A.L	de	Bewegung für Rechte und Freiheiten
A.L	de	Big Brother (Fernsehshow)
A.L	de	Birgit Homburger
A.L	de	Blockpartei
A.L	de	Bremer Demokratische Volkspartei
A.L	de	Bremer Grüne Liste
A.L	de	Bund Freier Demokraten
A.L	de	Bund Freier Demokraten (Ungarn)
A.L	de	Bundesjustizminister
A.L	de	Bundeskanzler (Deutschland)
A.L	de	Bundesministerium der Justiz
A.L	de	Bundesministerium für Gesundheit (Deutschland)
A.L	de	Bundesministerium für Wirtschaft und Technologie
A.L	de	Bundesministerium für gesamtdeutsche Fragen
A.L	de	Bundesministerium für wirtschaftliche Zusammenarbeit und Entwicklung
A.L	de	Bundespräsident (Deutschland)
A.L	de	Bundesregierung (Deutschland)
A.L	de	Bundestagsfraktion Bündnis 90/Die Grünen
A.L	de	Bundestagswahl
A.L	de	Bundestagswahl 1949
A.L	de	Bundestagswahl 1953
A.L	de	Bundestagswahl 1957
A.L	de	Bundestagswahl 1961
A.L	de	Bundestagswahl 1965
A.L	de	Bundestagswahl 1969
A.L	de	Bundestagswahl 1972
A.L	de	Bundestagswahl 1976
A.L	de	Bundestagswahl 1980
A.L	de	Bundestagswahl 1983
A.L	de	Bundestagswahl 1987
A.L	de	Bundestagswahl 1990
A.L	de	Bundestagswahl 1994
A.L	de	Bundestagswahl 1998
A.L	de	Bundestagswahl 2002
A.L	de	Bundestagswahl 2005
A.L	de	Bundestagswahl 2009
A.L	de	Bundestagswahlkreis Halle
A.L	de	Bundesverband Deutscher Vermögensberater
A.L	de	Bundesverband Liberaler Hochschulgruppen
A.L	de	Bundesversammlung (Deutschland)
A.L	de	Burkhard Hirsch
A.L	de	Bündnis 90/Die Grünen
A.L	de	Bürger in Wut
A.L	de	Bürgergeld
A.L	de	Bürgerschaftswahl in Bremen 2011
A.L	de	Bürgerschaftswahl in Hamburg 2011
A.L	de	Bürokratieabbau
A.L	de	CDU/CSU-Bundestagsfraktion
A.L	de	Carlos A. Gebauer
A.L	de	Carola von Braun
A.L	de	Centerpartiet
A.L	de	Centro Liberal Democrático
A.L	de	Christian Dürr
A.L	de	Christian Lindner
A.L	de	Christian Wulff
A.L	de	Christlich-Soziale Union in Bayern
A.L	de	Christlich Demokratische Union Deutschlands
A.L	de	Christliche Volkspartei des Saarlandes
A.L	de	Convergència Democràtica de Catalunya
A.L	de	Cornelia Pieper
A.L	de	Cornelia Schmalz-Jacobsen
A.L	de	Daimler AG
A.L	de	Daniel Bahr
A.L	de	Darbo partija
A.L	de	Democraten 66
A.L	de	Demokratesch Partei
A.L	de	Demokratie Jetzt
A.L	de	Demokratische Partei (Baden)
A.L	de	Demokratische Partei Deutschlands (1947/48)
A.L	de	Demokratische Partei Saar
A.L	de	Demokratische Vereinigung des Saarlands
A.L	de	Demokratische Volkspartei
A.L	de	Demokratische Volksunion
A.L	de	Der Spiegel
A.L	de	Deregulierung
A.L	de	Det Radikale Venstre
A.L	de	Detlef Kleinert
A.L	de	Deutsche Demokratische Partei
A.L	de	Deutsche Demokratische Republik
A.L	de	Deutsche Demokratische Union
A.L	de	Deutsche Fortschrittspartei
A.L	de	Deutsche Forumpartei
A.L	de	Deutsche Frage
A.L	de	Deutsche Konservative Partei – Deutsche Rechtspartei
A.L	de	Deutsche Mark
A.L	de	Deutsche Ostgebiete
A.L	de	Deutsche Partei
A.L	de	Deutsche Reichspartei
A.L	de	Deutsche Staatspartei
A.L	de	Deutsche Union (Partei)
A.L	de	Deutsche Vermögensberatung AG
A.L	de	Deutsche Volkspartei
A.L	de	Deutsche Volkspartei (Deutsches Kaiserreich)
A.L	de	Deutsche Volksunion
A.L	de	Deutsche Wiedervereinigung
A.L	de	Deutsche Zentrumspartei
A.L	de	Deutscher Bundestag
A.L	de	Deutsches Kaiserreich
A.L	de	Deutschland
A.L	de	Die Linke
A.L	de	Die Republikaner
A.L	de	Dieter-Julius Cronenberg
A.L	de	Direkte Demokratie
A.L	de	Direktmandat
A.L	de	Dirk Niebel
A.L	de	Dritter Weg
A.L	de	Državljanska lista
A.L	de	EU-Beitritt der Türkei
A.L	de	EU-Kommission
A.L	de	Eberhard Wildermuth
A.L	de	Ehegattensplitting
A.L	de	Einkommensteuer (Deutschland)
A.L	de	Energiepolitik
A.L	de	Enomeni Dimokrates
A.L	de	Entnazifizierung
A.L	de	Ergebnisse der Landtagswahlen in der Bundesrepublik Deutschland
A.L	de	Erich Mende
A.L	de	Ernst Burgbacher
A.L	de	Estnische Reformpartei
A.L	de	Estnische Zentrumspartei
A.L	de	Eugen Schiffer
A.L	de	Europawahl 1979
A.L	de	Europawahl 1984
A.L	de	Europawahl 1989
A.L	de	Europawahl 1994
A.L	de	Europawahl 1999
A.L	de	Europawahl 2004
A.L	de	Europawahl 2009
A.L	de	Europäisches Parlament
A.L	de	Evonik Industries AG
A.L	de	Ewald Bucher
A.L	de	FDP
A.L	de	FDP-Fraktion
A.L	de	FDP.Die Liberalen
A.L	de	FDP Baden-Württemberg
A.L	de	FDP Bayern
A.L	de	FDP Berlin
A.L	de	FDP Brandenburg
A.L	de	FDP Bremen
A.L	de	FDP Hamburg
A.L	de	FDP Hessen
A.L	de	FDP Mecklenburg-Vorpommern
A.L	de	FDP Niedersachsen
A.L	de	FDP Nordrhein-Westfalen
A.L	de	FDP Rheinland-Pfalz
A.L	de	FDP Saar
A.L	de	FDP Sachsen
A.L	de	FDP Sachsen-Anhalt
A.L	de	FDP Schleswig-Holstein
A.L	de	FDP Thüringen
A.L	de	Fianna Fáil
A.L	de	Finnische Zentrumspartei
A.L	de	Flat Tax
A.L	de	Florian Rentsch
A.L	de	Florian Toncar
A.L	de	Folkpartiet liberalerna
A.L	de	Fortschrittliche Volkspartei
A.L	de	Fraktion (Bundestag)
A.L	de	Fraktion der Allianz der Liberalen und Demokraten für Europa
A.L	de	Fraktion im Europäischen Parlament
A.L	de	Frank Schäffler
A.L	de	Franz Blücher
A.L	de	Franz Josef Strauß
A.L	de	Franz Walter (Politikwissenschaftler)
A.L	de	Freiburger Kreis (Forum)
A.L	de	Freiburger Thesen
A.L	de	Freie Demokratische Partei/Demokratische Partei Saar
A.L	de	Freie Demokratische Partei der DDR
A.L	de	Freie Volkspartei
A.L	de	Freie Wähler (Bundesvereinigung)
A.L	de	Friedrich-Naumann-Stiftung
A.L	de	Friedrich-Naumann-Stiftung für die Freiheit
A.L	de	Fünf-Prozent-Hürde
A.L	de	GASP
A.L	de	Gemeinsame Normdatei
A.L	de	Gerhart Baum
A.L	de	Gesamtdeutsche Partei
A.L	de	Gesamtdeutscher Block/Bund der Heimatvertriebenen und Entrechteten
A.L	de	Gesamtschule
A.L	de	Geschichte der Bundesrepublik Deutschland (bis 1990)
A.L	de	Geschichte der Jungdemokraten
A.L	de	Geschichte liberaler Parteien
A.L	de	Gesetz über die politischen Parteien
A.L	de	Gesine Meißner
A.L	de	Gesundheitsprämie
A.L	de	Gisela Piltz
A.L	de	Gleichheitspartei (Aserbaidschan)
A.L	de	Gleichstellung
A.L	de	Globalisierung
A.L	de	Gregor Beyer
A.L	de	Große Koalition
A.L	de	Großer Lauschangriff
A.L	de	Grundgesetz für die Bundesrepublik Deutschland
A.L	de	Gudrun Kopp (MdB)
A.L	de	Guido Westerwelle
A.L	de	Guillaume-Affäre
A.L	de	Gustav Heinemann
A.L	de	Günter Verheugen
A.L	de	HKS-Farbfächer
A.L	de	Hamburg
A.L	de	Hamburg-Block
A.L	de	Hamburgische Bürgerschaft
A.L	de	Hannover
A.L	de	Hans-Dietrich Genscher
A.L	de	Hans-Joachim Otto (Politiker)
A.L	de	Hans Vorländer
A.L	de	Hartfrid Wolff
A.L	de	Hauke Hilz
A.L	de	Heimatvertriebene
A.L	de	Heiner Garg
A.L	de	Heinrich Leonhard Kolb
A.L	de	Heinz Starke
A.L	de	Helmut Haussmann
A.L	de	Helmut Kohl
A.L	de	Helmut Schmidt
A.L	de	Heppenheim
A.L	de	Heppenheim (Bergstraße)
A.L	de	Heppenheimer Tagung
A.L	de	Hermann Otto Solms
A.L	de	Hermann Schäfer
A.L	de	Hessen
A.L	de	Hildegard Hamm-Brücher
A.L	de	Hochschule
A.L	de	Hohensyburg
A.L	de	Holger Krahmer
A.L	de	Holger Zastrow
A.L	de	Horst Köhler
A.L	de	Horst Meierhofer
A.L	de	Hrvatska narodna stranka - Liberalni demokrati
A.L	de	Innenminister
A.L	de	Internet Archive
A.L	de	Investition
A.L	de	Irmgard Adam-Schwaetzer
A.L	de	Istrische Demokratische Versammlung
A.L	de	Italia dei Valori
A.L	de	Jabloko
A.L	de	Jamaika-Koalition
A.L	de	Jan Mücke
A.L	de	Joachim Gauck
A.L	de	Joachim Stamp
A.L	de	Johannes Vogel (Politiker)
A.L	de	Jorgo Chatzimarkakis
A.L	de	Jugendverband
A.L	de	Junge Liberale
A.L	de	Jörg-Uwe Hahn
A.L	de	Jörg Paschedag
A.L	de	Jörg van Essen
A.L	de	Jürgen Dittberner
A.L	de	Jürgen Möllemann
A.L	de	Jürgen W. Möllemann
A.L	de	KFZ-Steuer
A.L	de	Kabinett Koch III
A.L	de	Kabinett Merkel II
A.L	de	Kabinett Müller III (Saarland)
A.L	de	Kabinett Oettinger II
A.L	de	Kabinett Rüttgers
A.L	de	Kabinett Seehofer
A.L	de	Kabinett Wulff II
A.L	de	Kapitaldeckungsverfahren
A.L	de	Karl-Hermann Flach
A.L	de	Karl Holl (Historiker)
A.L	de	Katja Suding
A.L	de	Kernenergie
A.L	de	Kindergarten
A.L	de	Klaus Kinkel
A.L	de	Klemens Wenzel Lothar von Metternich
A.L	de	Knut von Kühlmann-Stumm
A.L	de	Koalitionsvertrag
A.L	de	Kommunistische Partei Deutschlands
A.L	de	Kommunistische Partei Saar
A.L	de	Konfessionsschule
A.L	de	Konrad Adenauer
A.L	de	Kriegsverbrecher
A.L	de	Kroatische Sozial-Liberale Partei
A.L	de	LIDEM – liberální demokraté
A.L	de	Land (Deutschland)
A.L	de	Landesgruppe
A.L	de	Landesparlament
A.L	de	Landtag von Baden-Württemberg
A.L	de	Landtagswahl im Saarland 2012
A.L	de	Landtagswahl in Baden-Württemberg 2011
A.L	de	Landtagswahl in Bayern 2008
A.L	de	Landtagswahl in Brandenburg 2009
A.L	de	Landtagswahl in Hessen 1950
A.L	de	Landtagswahl in Hessen 2009
A.L	de	Landtagswahl in Mecklenburg-Vorpommern 2011
A.L	de	Landtagswahl in Niedersachsen 2013
A.L	de	Landtagswahl in Nordrhein-Westfalen 2000
A.L	de	Landtagswahl in Nordrhein-Westfalen 2010
A.L	de	Landtagswahl in Nordrhein-Westfalen 2012
A.L	de	Landtagswahl in Rheinland-Pfalz 2011
A.L	de	Landtagswahl in Sachsen-Anhalt 2011
A.L	de	Landtagswahl in Sachsen 2009
A.L	de	Landtagswahl in Schleswig-Holstein 1992
A.L	de	Landtagswahl in Schleswig-Holstein 2012
A.L	de	Landtagswahl in Thüringen 2009
A.L	de	Lasse Becker
A.L	de	Liberal-Demokratische Partei Deutschlands
A.L	de	Liberal Democrats
A.L	de	Liberaldemokratie Sloweniens
A.L	de	Liberale
A.L	de	Liberale Demokraten
A.L	de	Liberale Frauen
A.L	de	Liberale Internationale
A.L	de	Liberale Schüler
A.L	de	Liberaler Mittelstand
A.L	de	Liberales Forum
A.L	de	Liberalismus
A.L	de	Liberalna Partija na Makedonija
A.L	de	Liberalno-Demokatska Partija
A.L	de	Liberalno-demokratska partija
A.L	de	Liberalno demokratska stranka
A.L	de	Liberalų ir centro sąjunga
A.L	de	Lietuvos Respublikos liberalų sąjūdis
A.L	de	Linda Teuteberg
A.L	de	Linksfraktion
A.L	de	Linksliberalismus
A.L	de	Liselotte Funcke
A.L	de	Liste der deutschen Bundesregierungen
A.L	de	Ludwig Erhard
A.L	de	Ludwig Schneider (MdB)
A.L	de	Manfred Gerlach
A.L	de	Marco Buschmann
A.L	de	Marktwirtschaft
A.L	de	Martin Bangemann
A.L	de	Martin Lindner
A.L	de	Martin Zeil
A.L	de	Max Becker
A.L	de	Max Stadler
A.L	de	Mehrwertsteuer
A.L	de	Michael Georg Link
A.L	de	Michael Theurer
A.L	de	Mieke Senftleben
A.L	de	Migrationshintergrund
A.L	de	Miriam Gruß
A.L	de	Mitglied des Europäischen Parlaments
A.L	de	Mouvement Réformateur
A.L	de	Märkischer Arbeitgeberverband
A.L	de	Märzrevolution
A.L	de	Mövenpick
A.L	de	München
A.L	de	NATO-Doppelbeschluss
A.L	de	Nadja Hirsch
A.L	de	National-Demokratische Partei Deutschlands
A.L	de	National-Liberale Aktion
A.L	de	Nationaldemokratische Partei Deutschlands
A.L	de	Nationaldemokratische Partei Deutschlands (DDR)
A.L	de	Nationale Bewegung für Stabilität und Fortschritt
A.L	de	Nationale Front (DDR)
A.L	de	Nationalismus
A.L	de	Nationalliberale Partei
A.L	de	Nationalsozialismus
A.L	de	Naumann-Kreis
A.L	de	Negative Einkommensteuer
A.L	de	Neue Ostpolitik
A.L	de	Neues Forum
A.L	de	Nicola Beer
A.L	de	Niedersachsen
A.L	de	Nordrhein-Westfalen
A.L	de	Nuklearkatastrophe von Fukushima
A.L	de	Oliver Luksic
A.L	de	Online-Durchsuchung
A.L	de	Open Directory Project
A.L	de	Open Vlaamse Liberalen en Democraten
A.L	de	Opposition und Widerstand in der DDR
A.L	de	Oppositionsführer
A.L	de	Oskar Niedermayer
A.L	de	Otto Fricke (FDP)
A.L	de	Otto Graf Lambsdorff
A.L	de	Parlamentarismus
A.L	de	Partei Rechtsstaatlicher Offensive
A.L	de	Parteiausschluss
A.L	de	Parteienfinanzierung
A.L	de	Partia Demokratyczna – demokraci.pl
A.L	de	Partia Liberale e Kosoves
A.L	de	Partidul Liberal
A.L	de	Partidul Național Liberal
A.L	de	Partit Liberal d’Andorra
A.L	de	Patrick Döring
A.L	de	Peter Hintze
A.L	de	Peter Lösche
A.L	de	Philipp Rösler
A.L	de	Piratenpartei Deutschland
A.L	de	Plagiat
A.L	de	Politbarometer
A.L	de	Politische Partei
A.L	de	Politische Partei auf europäischer Ebene
A.L	de	Populismus
A.L	de	Privatisierung
A.L	de	Projekt 18
A.L	de	Provinz Sachsen
A.L	de	Radicali Italiani
A.L	de	Rainer Brüderle
A.L	de	Rainer Ortleb
A.L	de	Ralf Dahrendorf
A.L	de	Recht auf informationelle Selbstbestimmung
A.L	de	Reform der deutschen Rechtschreibung von 1996
A.L	de	Reinhold Maier
A.L	de	René Domke
A.L	de	Republikanische Partei Georgiens
A.L	de	Resozialisierung
A.L	de	Rheinland-Pfalz
A.L	de	Richard Wurbs
A.L	de	Richard von Weizsäcker
A.L	de	Roland Werner (Politiker)
A.L	de	Rothenburg ob der Tauber
A.L	de	Rüdiger von Wechmar
A.L	de	SMS GmbH
A.L	de	SPD-Fraktion
A.L	de	SPIEGEL ONLINE
A.L	de	Saarbrücken
A.L	de	Saarland
A.L	de	Sabine Leutheusser-Schnarrenberger
A.L	de	Sachsen
A.L	de	Sachsen-Anhalt
A.L	de	Salo Holding AG
A.L	de	Schaumburger Kreis
A.L	de	Schleswig-Holstein
A.L	de	Schleswig-Holsteinische Gemeinschaft
A.L	de	Schutzstaffel
A.L	de	Schwarz-gelbe Koalition
A.L	de	Schwedische Volkspartei (Finnland)
A.L	de	Sebastian Körber (Politiker)
A.L	de	Siegfried Zoglmann
A.L	de	Silvana Koch-Mehrin
A.L	de	Sloboda a Solidarita
A.L	de	Sonderwirtschaftszone
A.L	de	Sowjetische Besatzungszone
A.L	de	Sowjetunion
A.L	de	Sozialdemokratische Partei Deutschlands
A.L	de	Sozialdemokratische Partei des Saarlandes
A.L	de	Soziale Marktwirtschaft
A.L	de	Sozialistische Einheitspartei Deutschlands
A.L	de	Sozialistische Reichspartei
A.L	de	Sozialliberale Koalition
A.L	de	Sozialpolitik
A.L	de	Sozialversicherung
A.L	de	Spaßpartei
A.L	de	Spiegel-Affäre
A.L	de	Spitzenkandidat
A.L	de	Splitterpartei
A.L	de	Staat
A.L	de	Staatsrat der DDR
A.L	de	Staatsverschuldung
A.L	de	Stammzellenforschung
A.L	de	Statt Partei
A.L	de	Stefan Birkner
A.L	de	Stefan Ruppert
A.L	de	Steuer
A.L	de	Steuerrecht
A.L	de	Studiengebühren in Deutschland
A.L	de	Stufentarif
A.L	de	Substantia AG
A.L	de	Subvention
A.L	de	Sylvia Canel
A.L	de	Südschleswigscher Wählerverband
A.L	de	Südwestmetall
A.L	de	Theodor Heuss
A.L	de	Thomas-Dehler-Haus (Berlin)
A.L	de	Thomas-Dehler-Haus (Bonn)
A.L	de	Thomas Dehler
A.L	de	Thomas Hacker
A.L	de	Trumpf (Unternehmen)
A.L	de	Türkischer EU-Beitritt
A.L	de	UBG Vermögensberatung & Betreuung GmbH
A.L	de	Udo Leuschner
A.L	de	Ulrike Flach
A.L	de	Unser Georgien – Freie Demokraten
A.L	de	Urabstimmung
A.L	de	Uta Würfel
A.L	de	Uwe-Bernd Lühr
A.L	de	Uwe Barth
A.L	de	Uwe Ronneburger
A.L	de	Freie Demokratische Partei"><links><pl ns="0
A.L	de	Vaterstädtischer Bund Hamburg
A.L	de	Venstre (Dänemark)
A.L	de	Venstre (Norwegen)
A.L	de	Verband Liberaler Akademiker
A.L	de	Verband der Bayerischen Metall- und Elektro-Industrie
A.L	de	Verband der Chemischen Industrie
A.L	de	Verband der Metall- und Elektroindustrie NRW
A.L	de	Verband der Nord-Westdt. Textil- u. Bekleidungsindustrie
A.L	de	Vereinigung liberaler Kommunalpolitiker
A.L	de	Verfassungsbeschwerde
A.L	de	Vertrag von Lissabon
A.L	de	Verwaltungsgericht Berlin
A.L	de	Victor´s Bau + Wert AG
A.L	de	Virtuelle Parteigliederung
A.L	de	Vizekanzler (Deutschland)
A.L	de	Volker Wissing
A.L	de	Volksabstimmung
A.L	de	Volkspartei (Deutschland)
A.L	de	Volkspartij voor Vrijheid en Democratie
A.L	de	Vorfeldorganisation
A.L	de	Vormärz
A.L	de	Vorratsdatenspeicherung
A.L	de	Vorschule
A.L	de	Wachstumsbeschleunigungsgesetz
A.L	de	Wahl des deutschen Bundespräsidenten 1949
A.L	de	Wahl des deutschen Bundespräsidenten 1954
A.L	de	Wahl des deutschen Bundespräsidenten 1959
A.L	de	Wahl des deutschen Bundespräsidenten 1964
A.L	de	Wahl des deutschen Bundespräsidenten 1969
A.L	de	Wahl des deutschen Bundespräsidenten 1974
A.L	de	Wahl des deutschen Bundespräsidenten 1979
A.L	de	Wahl des deutschen Bundespräsidenten 1984
A.L	de	Wahl des deutschen Bundespräsidenten 1989
A.L	de	Wahl des deutschen Bundespräsidenten 1994
A.L	de	Wahl des deutschen Bundespräsidenten 1999
A.L	de	Wahl des deutschen Bundespräsidenten 2004
A.L	de	Wahl des deutschen Bundespräsidenten 2009
A.L	de	Wahl des deutschen Bundespräsidenten 2010
A.L	de	Wahl des deutschen Bundespräsidenten 2012
A.L	de	Wahl zum Abgeordnetenhaus von Berlin 1995
A.L	de	Wahl zum Abgeordnetenhaus von Berlin 2011
A.L	de	Wahlen 2009
A.L	de	Walter Scheel
A.L	de	Wehrmacht
A.L	de	Weimarer Republik
A.L	de	Wende (Bundesrepublik Deutschland)
A.L	de	Werner Hoyer
A.L	de	Werner Naumann (NSDAP)
A.L	de	Westzonen
A.L	de	Wilhelm Külz
A.L	de	Willi Weyer
A.L	de	Willy Brandt
A.L	de	Wirtschaftliche Aufbau-Vereinigung (Partei)
A.L	de	Wirtschaftsliberalismus
A.L	de	Wolfgang Gerhardt
A.L	de	Wolfgang Kubicki
A.L	de	Wolfgang Mischnick
A.L	de	Württemberg-Baden
A.L	de	Zares
A.L	de	Ökosteuer (Deutschland)
A.L	de	Überwachungsstaat
A.L	de	Wikipedia:Lesenswerte Artikel
A.L	de	Vorlage:Parteien in deutschen Parlamenten
A.L	de	Vorlage:Toter Link/politbarometer.zdf.de
A.L	de	Vorlage:Toter Link/www.bundestag.de
A.L	de	Vorlage Diskussion:Parteien in deutschen Parlamenten
A.L	de	Kategorie:FDP-Mitglied
B.L	fi	1948
B.L	fi	1949
B.L	fi	1998
B.L	fi	2001
B.L	fi	2002
B.L	fi	2005
B.L	fi	CDU
B.L	fi	Erich Mende
B.L	fi	Euroopan liberaalidemokraattinen puolue
B.L	fi	Franz Blücher
B.L	fi	Guido Westerwelle
B.L	fi	Hans-Dietrich Genscher
B.L	fi	Keskusta-oikeisto
B.L	fi	Klassinen liberalismi
B.L	fi	Klaus Kinkel
B.L	fi	Martin Bangemann
B.L	fi	Otto Graf Lambsdorff
B.L	fi	Philipp Rösler
B.L	fi	Reinhold Maier
B.L	fi	SPD
B.L	fi	Saksa
B.L	fi	Saksan kieli
B.L	fi	Saksan kristillisdemokraattinen unioni
B.L	fi	Saksan liittopäivät
B.L	fi	Saksan sosiaalidemokraattinen puolue
B.L	fi	Theodor Heuss
B.L	fi	Thomas Dehler
B.L	fi	Walter Scheel
B.L	fi	Wolfgang Gerhardt
B.L	fi	Wikipedia:Merkitse lähteet
B.L	fr	11 décembre
B.L	fr	13 mai
B.L	fr	1948
B.L	fr	1990
B.L	fr	1997
B.L	fr	2009
B.L	fr	2011
B.L	fr	24 mai
B.L	fr	Abitur
B.L	fr	Acquis communautaire
B.L	fr	Affaire du Spiegel
B.L	fr	Agriculteur
B.L	fr	Alexander Möller
B.L	fr	Alfred Wahl
B.L	fr	Allemagne
B.L	fr	Allemand
B.L	fr	Alliance 90 / Les Verts
B.L	fr	Alliance des démocrates et des libéraux pour l'Europe (parti)
B.L	fr	Alternative électorale travail et justice sociale
B.L	fr	Angela Merkel
B.L	fr	Antisémitisme
B.L	fr	Armand Colin
B.L	fr	Arnold Maier
B.L	fr	Bade-Wurtemberg
B.L	fr	Basse-Saxe
B.L	fr	Bavière
B.L	fr	Berlin
B.L	fr	Bleu
B.L	fr	Brandebourg
B.L	fr	Brême (Land)
B.L	fr	Bundestag
B.L	fr	Bureaucratie
B.L	fr	Burkhard Hirsch
B.L	fr	CDU/CSU
B.L	fr	Cabinet Adenauer I
B.L	fr	Cabinet Adenauer V
B.L	fr	Cabinet Brandt I
B.L	fr	Cabinet Kohl I
B.L	fr	Cabinet Kohl II
B.L	fr	Cabinet Kohl IV
B.L	fr	Cabinet Merkel II
B.L	fr	Cabinet Schmidt III
B.L	fr	Campagne
B.L	fr	Capital
B.L	fr	Capitalisation
B.L	fr	Capitalisme
B.L	fr	Carl-Ludwig Thiele
B.L	fr	Cartel
B.L	fr	Catholicisme politique
B.L	fr	Centrisme
B.L	fr	Chancelier fédéral (Allemagne)
B.L	fr	Christian Lindner
B.L	fr	Christianisme social
B.L	fr	Chômage
B.L	fr	Classe moyenne
B.L	fr	Coalition en Allemagne
B.L	fr	Coalition en feu tricolore (Allemagne)
B.L	fr	Coalition jamaïcaine
B.L	fr	Coalition noire-jaune
B.L	fr	Coalition rouge-verte (Allemagne)
B.L	fr	Coalition sociale-libérale
B.L	fr	Communisme
B.L	fr	Conscription
B.L	fr	Conseil parlementaire
B.L	fr	Conservatisme
B.L	fr	Couleur politique
B.L	fr	Crime de guerre
B.L	fr	Célibat
B.L	fr	Daniel Bahr
B.L	fr	Der Spiegel
B.L	fr	Dette publique
B.L	fr	Deutsche Volkspartei
B.L	fr	Deutsche Volkspartei (Empire allemand)
B.L	fr	Deutschmark
B.L	fr	Die Linke
B.L	fr	Dirk Niebel
B.L	fr	Dresde
B.L	fr	Droit fiscal
B.L	fr	Droite (politique)
B.L	fr	Décembre 1948
B.L	fr	Défaillance du marché
B.L	fr	Dénazification
B.L	fr	Député européen
B.L	fr	Déréglementation
B.L	fr	Eberhard Wildermuth
B.L	fr	Eifel
B.L	fr	Elections fédérales allemandes de 2009
B.L	fr	Empire allemand
B.L	fr	Emploi
B.L	fr	Erich Mende
B.L	fr	Ettlingen
B.L	fr	Eugen Schiffer
B.L	fr	Extrême droite
B.L	fr	Fondation Friedrich-Naumann
B.L	fr	Fortschrittliche Volkspartei
B.L	fr	Francfort-sur-le-Main
B.L	fr	Frank-Walter Steinmeier
B.L	fr	Franz-Josef Strauß
B.L	fr	Franz Blücher
B.L	fr	Franz Josef Strauß
B.L	fr	Front national (RDA)
B.L	fr	Gauche (politique)
B.L	fr	Gerhart Baum
B.L	fr	Gouvernement fédéral (Allemagne)
B.L	fr	Grande coalition (Allemagne)
B.L	fr	Groupe CDU/CSU au Bundestag
B.L	fr	Groupe FDP au Bundestag
B.L	fr	Guido Westerwelle
B.L	fr	Gustav Heinemann
B.L	fr	Gustav Stresemann
B.L	fr	Günter Guillaume
B.L	fr	Günter Verheugen
B.L	fr	Halle (Saxe-Anhalt)
B.L	fr	Hambourg
B.L	fr	Hans-Dietrich Genscher
B.L	fr	Hans Friderichs
B.L	fr	Hans Wolfgang Rubin
B.L	fr	Helmut Kohl
B.L	fr	Helmut Schmidt
B.L	fr	Heppenheim
B.L	fr	Hermann Otto Solms
B.L	fr	Hesse (Land)
B.L	fr	Heydrich
B.L	fr	Hildegard Hamm-Brücher
B.L	fr	Holger Zastrow
B.L	fr	Homme
B.L	fr	Homosexualité
B.L	fr	Immigration
B.L	fr	Impôt sur le revenu
B.L	fr	Individualisme
B.L	fr	Intellectuel
B.L	fr	International Standard Serial Number
B.L	fr	Internationale libérale
B.L	fr	Intérim
B.L	fr	Investissement
B.L	fr	Jaune
B.L	fr	Jeunes démocrates (Allemagne)
B.L	fr	Jeunes libéraux (Allemagne)
B.L	fr	Josef Ertl
B.L	fr	Justice sociale
B.L	fr	Jürgen Möllemann
B.L	fr	Klaus Kinkel
B.L	fr	Klemens Wenzel von Metternich
B.L	fr	Konrad Adenauer
B.L	fr	Landtag
B.L	fr	Laïcité
B.L	fr	Les Républicains
B.L	fr	Libertés fondamentales
B.L	fr	Libertés individuelles
B.L	fr	Libre-échange
B.L	fr	Libéralisme
B.L	fr	Libéralisme politique
B.L	fr	Libéralisme social
B.L	fr	Libéralisme économique
B.L	fr	Ligne Oder-Neisse
B.L	fr	Liste des gouvernements régionaux allemands
B.L	fr	Loi fondamentale de la République fédérale d'Allemagne
B.L	fr	Ludwig Erhard
B.L	fr	Länder allemands
B.L	fr	Mai
B.L	fr	Mai 1997
B.L	fr	Marché libre
B.L	fr	Martin Bangemann
B.L	fr	Marxisme
B.L	fr	Mecklembourg-Poméranie-Occidentale
B.L	fr	Minden (ville d'Allemagne)
B.L	fr	Ministère fédéral de l'Agriculture (Allemagne)
B.L	fr	Ministère fédéral de l'Intérieur (Allemagne)
B.L	fr	Ministère fédéral de l'Économie (Allemagne)
B.L	fr	Ministère fédéral de la Coopération économique (Allemagne)
B.L	fr	Ministère fédéral de la Justice (Allemagne)
B.L	fr	Ministère fédéral de la Santé (Allemagne)
B.L	fr	Ministère fédéral des Finances (Allemagne)
B.L	fr	Ministère fédéral des Transports (Allemagne)
B.L	fr	Mondialisation
B.L	fr	Munich
B.L	fr	Nationalisme
B.L	fr	Neckar
B.L	fr	Office des Affaires étrangères (Allemagne)
B.L	fr	Oldenbourg (ville)
B.L	fr	Organisation du traité de l'Atlantique Nord
B.L	fr	Ostpolitik
B.L	fr	Otto Fricke
B.L	fr	Otto Graf Lambsdorff
B.L	fr	Otto Lambsdorff
B.L	fr	Parlement européen
B.L	fr	Parti allemand
B.L	fr	Parti communiste allemand (DKP)
B.L	fr	Parti communiste d'Allemagne (1990)
B.L	fr	Parti de gauche (Allemagne)
B.L	fr	Parti du socialisme démocratique (Allemagne)
B.L	fr	Parti démocrate allemand
B.L	fr	Parti européen des libéraux, démocrates et réformateurs
B.L	fr	Parti libéral-démocrate d'Allemagne
B.L	fr	Parti libéral démocrate
B.L	fr	Parti national-démocrate d'Allemagne
B.L	fr	Parti national-démocrate d'Allemagne (RDA)
B.L	fr	Parti national-libéral (Allemagne)
B.L	fr	Parti pirate allemand
B.L	fr	Parti politique
B.L	fr	Parti progressiste allemand
B.L	fr	Parti social-démocrate d'Allemagne
B.L	fr	Parti écologiste-démocrate
B.L	fr	Partis politiques allemands
B.L	fr	Patrick Döring
B.L	fr	Pforzheim
B.L	fr	Philipp Rösler
B.L	fr	Plauen
B.L	fr	Politique économique
B.L	fr	Politique étrangère et de sécurité commune
B.L	fr	Population active
B.L	fr	Prestation sociale
B.L	fr	Privatisation
B.L	fr	Procès de Nuremberg
B.L	fr	Propriété
B.L	fr	Prélèvements obligatoires
B.L	fr	Président fédéral (Allemagne)
B.L	fr	Rainer Brüderle
B.L	fr	Recherche scientifique
B.L	fr	Reinhold Maier
B.L	fr	Religion
B.L	fr	Retraite (sociale)
B.L	fr	Rhin
B.L	fr	Rhénanie-Palatinat
B.L	fr	Rhénanie-du-Nord-Westphalie
B.L	fr	Rostock
B.L	fr	Rothenburg ob der Tauber
B.L	fr	Régime parlementaire
B.L	fr	République de Weimar
B.L	fr	République démocratique allemande
B.L	fr	Réunification allemande
B.L	fr	Réunion d'Heppenheim
B.L	fr	Révolution allemande de 1848
B.L	fr	Sabine Leutheusser-Schnarrenberger
B.L	fr	Sarre (Land)
B.L	fr	Saxe-Anhalt
B.L	fr	Saxe (Land)
B.L	fr	Schleswig-Holstein
B.L	fr	Schutzstaffel
B.L	fr	Seconde Guerre mondiale
B.L	fr	Siegfried Zoglmann
B.L	fr	Silvana Koch-Mehrin
B.L	fr	Social-démocratie
B.L	fr	Socialisme
B.L	fr	Syndicat professionnel
B.L	fr	Système éducatif allemand
B.L	fr	Sécurité sociale
B.L	fr	Taxe sur la valeur ajoutée
B.L	fr	Theodor Heuss
B.L	fr	Thomas Dehler
B.L	fr	Thuringe
B.L	fr	Traité de Rome de 2004
B.L	fr	Tribunal constitutionnel fédéral
B.L	fr	Turquie
B.L	fr	Union chrétienne-démocrate d'Allemagne
B.L	fr	Union chrétienne-sociale en Bavière
B.L	fr	Union des républiques socialistes soviétiques
B.L	fr	Union européenne
B.L	fr	Union populaire allemande
B.L	fr	Unité allemande
B.L	fr	Universités en Allemagne
B.L	fr	Uwe Ronneburger
B.L	fr	Vice-chancelier (Allemagne)
B.L	fr	Ville
B.L	fr	Walter Scheel
B.L	fr	Walther Rathenau
B.L	fr	Wehrmacht
B.L	fr	Werner Best
B.L	fr	Werner Naumann
B.L	fr	Wetzlar
B.L	fr	Wiesbaden
B.L	fr	Wilhelm Külz
B.L	fr	Willi Weyer
B.L	fr	Willy Brandt
B.L	fr	Wolfgang Gerhardt
B.L	fr	Wolfgang Schollwer
B.L	fr	XIXe siècle
B.L	fr	Zentrum
B.L	fr	Échiquier politique
B.L	fr	Économie planifiée
B.L	fr	Économie sociale de marché
B.L	fr	Égalitarisme
B.L	fr	Élections européennes de 2004
B.L	fr	Élections fédérales allemandes de 1949
B.L	fr	Élections fédérales allemandes de 1953
B.L	fr	Élections fédérales allemandes de 1957
B.L	fr	Élections fédérales allemandes de 1961
B.L	fr	Élections fédérales allemandes de 1965
B.L	fr	Élections fédérales allemandes de 1969
B.L	fr	Élections fédérales allemandes de 1972
B.L	fr	Élections fédérales allemandes de 1980
B.L	fr	Élections fédérales allemandes de 1983
B.L	fr	Élections fédérales allemandes de 1987
B.L	fr	Élections fédérales allemandes de 1990
B.L	fr	Élections fédérales allemandes de 1994
B.L	fr	Élections fédérales allemandes de 1998
B.L	fr	Élections fédérales allemandes de 2002
B.L	fr	Élections fédérales allemandes de 2005
B.L	fr	Élections fédérales allemandes de 2009
B.L	fr	Élite
B.L	fr	État
B.L	fr	État-providence
B.L	fr	État de droit
B.L	fr	Modèle:Palette Partis politiques allemands
B.L	fr	Discussion modèle:Palette Partis politiques allemands
B.L	fr	Aide:Homonymie
B.L	fr	Catégorie:Portail:Allemagne/Articles liés
B.L	fr	Catégorie:Portail:Libéralisme/Articles liés
B.L	fr	Catégorie:Portail:Politique/Articles liés
B.L	fr	Portail:Allemagne
B.L	fr	Portail:Libéralisme
B.L	fr	Portail:Politique
B.L	fr	Référence:Les Forces politiques en Allemagne (Alfred Wahl)
B.L	he	1948
B.L	he	1980
B.L	he	2003
B.L	he	2005
B.L	he	5 ביוני
B.L	he	אינטרנציונליזם
B.L	he	אריאל שרון
B.L	he	בונדסטאג
B.L	he	גרמניה
B.L	he	גרמניה המערבית
B.L	he	גרמנית
B.L	he	העלמת מס
B.L	he	הפרטה
B.L	he	התאבדות
B.L	he	זכויות האדם
B.L	he	זכויות האזרח
B.L	he	חסינות פרלמנטרית
B.L	he	כלכלת שוק
B.L	he	ליברליזם כלכלי
B.L	he	ליברליזם קלאסי
B.L	he	מישל פרידמן
B.L	he	מלחמת העולם השנייה
B.L	he	מסע בחירות
B.L	he	מפלגה
B.L	he	מצנח
B.L	he	תיאודור הויס
B.L	eu	1948
B.L	eu	1990
B.L	eu	90 Aliantza/Berdeak
B.L	eu	Aleman
B.L	eu	Alemania
B.L	eu	Alemaniako Alderdi Sozialdemokrata
B.L	eu	Alemaniako Batasun Demokrata Kristaua
B.L	eu	Bavariako Batasun Kristau eta Soziala
B.L	eu	Berlin
B.L	eu	Bundestag
B.L	eu	CDU
B.L	eu	Demokrata Askeen Elkartea
B.L	eu	Die Linke
B.L	eu	Erich Mende
B.L	eu	Europako demokrata liberal eta erreforma alderdia
B.L	eu	Franz Blücher
B.L	eu	Guido Westerwelle
B.L	eu	Hans-Dietrich Genscher
B.L	eu	Horia
B.L	eu	Klaus Kinkel
B.L	eu	Liberalismo
B.L	eu	Martin Bangemann
B.L	eu	Otto Graf Lambsdorff
B.L	eu	Philipp Rösler
B.L	eu	Reinhold Maier
B.L	eu	SPD
B.L	eu	Theodor Heuss
B.L	eu	Thomas Dehler
B.L	eu	Urdin
B.L	eu	Walter Scheel
B.L	eu	Wolfgang Gerhardt
B.L	fa	آلمان
B.L	fa	اتحادیه دموکرات مسیحی آلمان
B.L	fa	انترناسیونال لیبرال
B.L	fa	جنگ جهانی دوم
B.L	fa	حزب رفرم و لیبرال دموکرات اروپا
B.L	fa	حزب سوسیال دموکرات آلمان
B.L	fa	ویکی‌پدیا:مقالهٔ خرد
B.L	fa	الگو:سیاست-خرد
B.L	fa	بحث الگو:سیاست-خرد
B.L	el	Bundestag
B.L	el	Die Linke
B.L	el	Βερολίνο
B.L	el	Γερμανία
B.L	el	Γερμανική γλώσσα
B.L	el	Εκλογές Γερμανίας
B.L	el	Ευρωπαϊκό Κοινοβούλιο
B.L	el	Ευρωπαϊκό Φιλελεύθερο Δημοκρατικό και Μεταρρυθμιστικό Κόμμα
B.L	el	Ιδεολογία
B.L	el	Κατάλογος πολιτικών κομμάτων Γερμανίας
B.L	el	Κλασικός φιλελευθερισμός
B.L	el	Οι Πράσινοι (Γερμανία)
B.L	el	Πολιτική
B.L	el	Πολιτικό σύστημα Γερμανίας
B.L	el	Σοσιαλδημοκρατικό Κόμμα της Γερμανίας (SPD)
B.L	el	Συμμαχία Φιλελευθέρων και Δημοκρατών για την Ευρώπη
B.L	el	Τέοντορ Χόις
B.L	el	Φίλιπ Ρέσλερ
B.L	el	Φιλελευθερισμός
B.L	el	Φιλελεύθερη Διεθνής
B.L	el	Χριστιανοδημοκρατική Ένωση της Γερμανίας (CDU)
B.L	el	Χριστιανοκοινωνική Ένωση της Γερμανίας (CSU)
B.L	eo	11-an de decembro
B.L	eo	1948
B.L	eo	1969
B.L	eo	1998
B.L	eo	Berlino
B.L	eo	Christlich-Demokratische Union
B.L	eo	Ekonomio
B.L	eo	Germanio
B.L	eo	Guido Westerwelle
B.L	eo	Hans-Dietrich Genscher
B.L	eo	Heppenheim
B.L	eo	Imposto
B.L	eo	Junge Liberale
B.L	eo	Klaus Kinkel
B.L	eo	Koalicio
B.L	eo	Liberala konservatorismo
B.L	eo	Liberalismo
B.L	eo	Partio
B.L	eo	Philipp Rösler
B.L	eo	Prezidento (Germanio)
B.L	eo	Socialliberalismo
B.L	eo	Sozialdemokratische Partei Deutschlands
B.L	eo	Subvencio
B.L	eo	Theodor Heuss
B.L	eo	Walter Scheel
B.L	eo	Vikipedio:Informkestoj
B.L	eo	Ŝablono:Informkesto politika partio
B.L	eo	Ŝablono-Diskuto:Informkesto politika partio
B.L	en	Accession of Turkey to the European Union
B.L	en	Africa Liberal Network
B.L	en	Alliance '90/The Greens
B.L	en	Alliance 90/The Greens
B.L	en	Alliance Party of Northern Ireland
B.L	en	Alliance for Democracy and Federation–African Democratic Rally
B.L	en	Alliance for Italy
B.L	en	Alliance of Free Democrats
B.L	en	Alliance of Liberals and Democrats for Europe Party
B.L	en	Alliance of Liberties
B.L	en	Alliance of the New Citizen
B.L	en	Alternative for Germany
B.L	en	Anarchist Pogo Party of Germany
B.L	en	Arab Alliance for Freedom and Democracy
B.L	en	Association of Free Democrats
B.L	en	August-Martin Euler
B.L	en	Authentic Radical Liberal Party
B.L	en	Baden-Württemberg state election, 2011
B.L	en	Balance of power (parliament)
B.L	en	Bavaria Party
B.L	en	Bergstraße (district)
B.L	en	Berlin state election, 2011
B.L	en	Birgit Homburger
B.L	en	Bourgeois
B.L	en	Brandenburg
B.L	en	Brazilian Group of Liberal International
B.L	en	Bremen (state)
B.L	en	Bremen state election, 2011
B.L	en	Bundestag
B.L	en	Bürgerrechtsbewegung Solidarität
B.L	en	CDU/CSU
B.L	en	Cabinet Adenauer I
B.L	en	Cabinet Adenauer II
B.L	en	Cabinet Adenauer IV
B.L	en	Cabinet Adenauer V
B.L	en	Cabinet Brandt I
B.L	en	Cabinet Brandt II
B.L	en	Cabinet Erhard I
B.L	en	Cabinet Erhard II
B.L	en	Cabinet Kohl I
B.L	en	Cabinet Kohl II
B.L	en	Cabinet Kohl III
B.L	en	Cabinet Kohl IV
B.L	en	Cabinet Kohl V
B.L	en	Cabinet Merkel II
B.L	en	Cabinet Schmidt I
B.L	en	Cabinet Schmidt II
B.L	en	Cabinet Schmidt III
B.L	en	Centre-right
B.L	en	Centre Party (Finland)
B.L	en	Centre Party (Germany)
B.L	en	Centre Party (Sweden)
B.L	en	Centrism
B.L	en	Christian Centre
B.L	en	Christian Democratic Union (Germany)
B.L	en	Christian Lindner
B.L	en	Christian Social Union of Bavaria
B.L	en	Citizen's dividend
B.L	en	Citizens Party for the Renewal (Mali)
B.L	en	Citizens in Rage
B.L	en	Civic Democratic Alliance
B.L	en	Civic United Front
B.L	en	Civil Will Party
B.L	en	Civil liberties
B.L	en	Classical liberalism
B.L	en	Clericalization
B.L	en	Collective bargaining
B.L	en	Common Foreign and Security Policy
B.L	en	Communist Party of Germany (1990)
B.L	en	Communist Party of Germany (Roter Morgen)
B.L	en	Competition law
B.L	en	Composition of the German Regional Parliaments
B.L	en	Constitutional Union (Morocco)
B.L	en	Council of Asian Liberals and Democrats
B.L	en	Croatian People's Party – Liberal Democrats
B.L	en	Croatian Social Liberal Party
B.L	en	Cuban Liberal Union
B.L	en	De-nazification
B.L	en	Democrat Party (Thailand)
B.L	en	Democratic Alliance (Greece)
B.L	en	Democratic Alliance (South Africa)
B.L	en	Democratic Convergence of Catalonia
B.L	en	Democratic Front Party
B.L	en	Democratic Party (Hong Kong)
B.L	en	Democratic Party (Indonesia)
B.L	en	Democratic Party (Luxembourg)
B.L	en	Democratic Party of Japan
B.L	en	Democratic Party – demokraci.pl
B.L	en	Democratic People's Party (Germany)
B.L	en	Democratic Progressive Party
B.L	en	Democratic Solidarity Party
B.L	en	Democrats 66
B.L	en	Deregulation
B.L	en	Det Radikale Venstre
B.L	en	Deutsche Gruppe der LI
B.L	en	Deutsche Welle
B.L	en	Die PARTEI
B.L	en	Districts of Germany
B.L	en	East Germany
B.L	en	Ecological Democratic Party
B.L	en	Economic liberalism
B.L	en	Economic policy
B.L	en	Economic reform
B.L	en	Egalitarianism
B.L	en	Elections in Germany
B.L	en	Erich Mende
B.L	en	Estonian Centre Party
B.L	en	Estonian Reform Party
B.L	en	Eugen Schiffer
B.L	en	European Liberal Democrat and Reform Party
B.L	en	European Liberal Youth
B.L	en	European Parliament
B.L	en	European Parliament election, 2009 (Germany)
B.L	en	European Republicans Movement
B.L	en	Europeanism
B.L	en	FDP.The Liberals
B.L	en	Family Party of Germany
B.L	en	Federal Association of Liberal Students Groups
B.L	en	Federation of Italian Liberals
B.L	en	Feminist Party of Germany
B.L	en	Fianna Fáil
B.L	en	Financial Times
B.L	en	Flat tax
B.L	en	Flemish Liberals and Democrats
B.L	en	Franz Blücher
B.L	en	Franz Xaver Kappus
B.L	en	Free Egyptians Party
B.L	en	Free State of Bavaria
B.L	en	Free Voters
B.L	en	Free market
B.L	en	Freedom (German political party)
B.L	en	Friedrich Naumann Foundation
B.L	en	Future Movement
B.L	en	Gay marriage
B.L	en	Gay rights
B.L	en	German Communist Party
B.L	en	German Democratic Party
B.L	en	German People's Party
B.L	en	German Social Union (East Germany)
B.L	en	German federal election, 1990
B.L	en	German federal election, 1994
B.L	en	German federal election, 1998
B.L	en	German federal election, 2002
B.L	en	German federal election, 2005
B.L	en	German federal election, 2009
B.L	en	German language
B.L	en	German orthography reform of 1996
B.L	en	Germany
B.L	en	Ghad El-Thawra Party
B.L	en	Gibraltar Liberal Party
B.L	en	Globalization
B.L	en	Grand coalition
B.L	en	Group of the Alliance of Liberals and Democrats for Europe
B.L	en	Großer Lauschangriff
B.L	en	Guido Westerwelle
B.L	en	Hamburg
B.L	en	Hans-Dietrich Genscher
B.L	en	Health care system
B.L	en	Helmut Kohl
B.L	en	Heppenheim
B.L	en	Hermann Otto Solms
B.L	en	Hermann Schäfer
B.L	en	Hesse
B.L	en	Human Environment Animal Protection
B.L	en	Income tax
B.L	en	Indonesian Democratic Party – Struggle
B.L	en	International Standard Book Number
B.L	en	Internationalism (politics)
B.L	en	Israeli Group
B.L	en	Istrian Democratic Assembly
B.L	en	Italian Liberal Group
B.L	en	Italian Radicals
B.L	en	Italian Republican Party
B.L	en	Italy of Values
B.L	en	Jamaica coalition (politics)
B.L	en	Kindergarten
B.L	en	Klaus Kinkel
B.L	en	Knut von Kühlmann-Stumm
B.L	en	Latvia's First Party/Latvian Way
B.L	en	Latvian Way
B.L	en	Liberal Alliance of Montenegro
B.L	en	Liberal Democracy of Slovenia
B.L	en	Liberal Democratic Party (Angola)
B.L	en	Liberal Democratic Party (Bosnia and Herzegovina)
B.L	en	Liberal Democratic Party (Kenya)
B.L	en	Liberal Democratic Party (Republic of Macedonia)
B.L	en	Liberal Democratic Party (Sudan)
B.L	en	Liberal Democratic Party of Germany
B.L	en	Liberal Democrats
B.L	en	Liberal Forum
B.L	en	Liberal Forum Pakistan
B.L	en	Liberal International
B.L	en	Liberal International British Group
B.L	en	Liberal Movement (Lithuania)
B.L	en	Liberal Network for Latin America
B.L	en	Liberal Party (Norway)
B.L	en	Liberal Party (Philippines)
B.L	en	Liberal Party of Andorra
B.L	en	Liberal Party of Canada
B.L	en	Liberal Party of Cuba
B.L	en	Liberal Party of Honduras
B.L	en	Liberal Party of Kosovo
B.L	en	Liberal Party of Macedonia
B.L	en	Liberal Party of Norway
B.L	en	Liberal Party of Sri Lanka
B.L	en	Liberal People's Party (Sweden)
B.L	en	Liberal South East European Network
B.L	en	Liberal Students Association
B.L	en	Liberal and Centre Union
B.L	en	Liberalism
B.L	en	Liberalism in Germany
B.L	en	Liberals of Serbia
B.L	en	List of political ideologies
B.L	en	List of political parties by country
B.L	en	List of political parties in Germany
B.L	en	Llibertat i Democracia Social
B.L	en	Lower Saxony
B.L	en	Majorcan Union
B.L	en	Martin Bangemann
B.L	en	Marxist–Leninist Party of Germany
B.L	en	Max Becker
B.L	en	Mecklenburg-Vorpommern state election, 2011
B.L	en	Movement for Rights and Freedoms
B.L	en	Movement for the Progress of Madagascar
B.L	en	Movimiento Libertario
B.L	en	National Alliance of Democrats for Reconstruction
B.L	en	National Alliance of the Comoros
B.L	en	National Awakening Party
B.L	en	National Council of the Union of Burma
B.L	en	National Democratic Party of Germany
B.L	en	National Democratic Union of Equatorial Guinea
B.L	en	National Justice
B.L	en	National Liberal Party (Lebanon)
B.L	en	National Liberal Party (Romania)
B.L	en	National Movement for Stability and Progress
B.L	en	National debt
B.L	en	National liberalism
B.L	en	Nederlandse Groep
B.L	en	New Alliance Party (Mexico)
B.L	en	New Union (Social Liberals)
B.L	en	Nicaraguan Liberal Alliance
B.L	en	North Rhine-Westphalia
B.L	en	North Rhine-Westphalia state election, 2010
B.L	en	North Rhine-Westphalia state election, 2012
B.L	en	Nuclear power in Germany
B.L	en	Opposition (parliamentary)
B.L	en	Otto Graf Lambsdorff
B.L	en	Pan-German
B.L	en	Parti Gerakan Rakyat Malaysia
B.L	en	Partido Primero de Gente
B.L	en	Party Alliance Our Moldova
B.L	en	Party for Peace, Democracy, and Development
B.L	en	Party of Bible-abiding Christians
B.L	en	Party of Reason
B.L	en	Patriotic Party (Guatemala)
B.L	en	People's Justice Party (Malaysia)
B.L	en	People's Party for Freedom and Democracy
B.L	en	Philipp Rösler
B.L	en	Pirate Party Germany
B.L	en	Political coalition
B.L	en	Political spectrum
B.L	en	Politics of Germany
B.L	en	Popular Movement
B.L	en	President of Germany
B.L	en	Privatisation
B.L	en	Privatization
B.L	en	Pro Germany Citizens' Movement
B.L	en	Progressive Party (Iceland)
B.L	en	Rainer Brüderle
B.L	en	Rally of the Republicans
B.L	en	Recreate for Growth
B.L	en	Reform Movement (Guatemala)
B.L	en	Reformist Movement
B.L	en	Reinhold Maier
B.L	en	Republican Party (Tunisia)
B.L	en	Republican Party of Georgia
B.L	en	Revolutionary Socialist League (Germany)
B.L	en	Rhineland-Palatinate
B.L	en	Rhineland-Palatinate state election, 2011
B.L	en	Saarland state election, 2012
B.L	en	Sam Rainsy Party
B.L	en	Saxony-Anhalt state election, 2011
B.L	en	Schleswig-Holstein
B.L	en	Schleswig-Holstein state election, 2012
B.L	en	Senegalese Democratic Party
B.L	en	Seychelles National Party
B.L	en	Shinui
B.L	en	Singapore Democratic Party
B.L	en	Social-liberal coalition
B.L	en	Social Democratic Party of Germany
B.L	en	Social Equality Party (Germany)
B.L	en	Social Liberal Party (Moldova)
B.L	en	Social Liberal Party (Tunisia)
B.L	en	Social issues
B.L	en	Social liberalism
B.L	en	Social security
B.L	en	Soft euroscepticism
B.L	en	South Baden
B.L	en	South Schleswig Voter Federation
B.L	en	Soviet occupation zone
B.L	en	Spiegel Affair
B.L	en	State of Hesse
B.L	en	Statt party (Germany)
B.L	en	Stern (magazine)
B.L	en	Subsidy
B.L	en	Swedish People's Party (Finland)
B.L	en	Tactical voting
B.L	en	Telecommunications data retention
B.L	en	The Friesen
B.L	en	The Left (Germany)
B.L	en	The Republicans (Germany)
B.L	en	Theodor Heuss
B.L	en	Thomas Dehler
B.L	en	Traffic light coalition
B.L	en	Treaty of Lisbon
B.L	en	United Democratic Front (Malawi)
B.L	en	United Democratic Party (Tanzania)
B.L	en	United Democrats
B.L	en	United Party for National Development
B.L	en	Venstre (Denmark)
B.L	en	Walter Scheel
B.L	en	Weimar Republic
B.L	en	Werner Naumann
B.L	en	West Berlin
B.L	en	West German federal election, 1949
B.L	en	West German federal election, 1953
B.L	en	West German federal election, 1957
B.L	en	West German federal election, 1961
B.L	en	West German federal election, 1965
B.L	en	West German federal election, 1969
B.L	en	West German federal election, 1972
B.L	en	West German federal election, 1976
B.L	en	West German federal election, 1980
B.L	en	West German federal election, 1983
B.L	en	West German federal election, 1987
B.L	en	William Kulice
B.L	en	Wiretapping
B.L	en	Wolfgang Gerhardt
B.L	en	Wolfgang Mischnick
B.L	en	Württemberg-Baden
B.L	en	Württemberg-Hohenzollern
B.L	en	Yabloko
B.L	en	Young Liberals (Germany)
B.L	en	Youth wing
B.L	en	Wikipedia:Citation needed
B.L	en	Wikipedia:Verifiability
B.L	en	Template:Citation needed
B.L	en	Template:Free Democratic Party (Germany)
B.L	en	Template:German political parties
B.L	en	Template:Interlib
B.L	en	Template talk:Free Democratic Party (Germany)
B.L	en	Template talk:German political parties
B.L	en	Template talk:Interlib
B.L	en	Help:Introduction to referencing/1
B.L	en	Category:Articles needing additional references from May 2010
B.L	en	Category:Articles with unsourced statements from January 2011
B.L	en	Category:Use dmy dates from July 2012
B.L	en	Portal:Politics
B.L	et	1948
B.L	et	Bundestag
B.L	et	Kristlik-Demokraatlik Liit
B.L	et	Liberalism
B.L	et	Philipp Rösler
B.L	et	Saksamaa
B.L	et	Saksamaa Demokraatlik Partei
B.L	et	Saksamaa Rahvapartei
B.L	es	11 de diciembre
B.L	es	18 de septiembre
B.L	es	1948
B.L	es	2005
B.L	es	Alemania
B.L	es	Alianza 90/Los Verdes
B.L	es	Baden-Wurtemberg
B.L	es	Baja Sajonia
B.L	es	Baviera
B.L	es	Berlín
B.L	es	Brandeburgo
B.L	es	Bremen
B.L	es	Bundestag
B.L	es	Centro político
B.L	es	Centroderecha política
B.L	es	Democrático liberal
B.L	es	ELDR
B.L	es	Elecciones Federales Alemanas de 1998
B.L	es	Elecciones Federales Alemanas de 2002
B.L	es	Elecciones Federales Alemanas de 2005
B.L	es	Erich Mende
B.L	es	Europarlamento
B.L	es	Franz Blücher
B.L	es	Fráncfort
B.L	es	Fundación Friedrich Naumann
B.L	es	Guido Westerwelle
B.L	es	Hamburgo
B.L	es	Hans-Dietrich Genscher
B.L	es	Helmut Kohl
B.L	es	Helmut Schmidt
B.L	es	Hesse
B.L	es	Idioma alemán
B.L	es	Internacional Liberal
B.L	es	Jamaica
B.L	es	Klaus Kinkel
B.L	es	Konrad Adenauer
B.L	es	Landtag
B.L	es	Liberal
B.L	es	Liberalismo
B.L	es	Liberalismo clásico
B.L	es	Liberalismo económico
B.L	es	Martin Bangemann
B.L	es	Mecklemburgo-Pomerania Occidental
B.L	es	Ministro-presidente
B.L	es	Múnich
B.L	es	Otto Graf Lambsdorff
B.L	es	Partido Democrático Alemán
B.L	es	Partido Europeo Liberal Demócrata Reformista
B.L	es	Partido Socialdemócrata de Alemania
B.L	es	Partido político
B.L	es	Partidos políticos de Alemania
B.L	es	Philipp Rösler
B.L	es	Política de Alemania
B.L	es	Reinhold Maier
B.L	es	Renania-Palatinado
B.L	es	Renania del Norte-Westfalia
B.L	es	Sajonia
B.L	es	Sajonia-Anhalt
B.L	es	Sarre
B.L	es	Schleswig-Holstein
B.L	es	Semáforo
B.L	es	Socioliberalismo
B.L	es	Theodor Heuss
B.L	es	Thomas Dehler
B.L	es	Turingia
B.L	es	Unión Demócrata Cristiana de Alemania
B.L	es	Unión Social Cristiana en Baviera
B.L	es	Walter Scheel
B.L	es	Wikimedia Commons
B.L	es	Willy Brandt
B.L	es	Wolfgang Gerhardt
B.L	es	Wikipedia:Fuentes fiables
B.L	es	Wikipedia:Verificabilidad
B.L	es	Ayuda:Cómo referenciar
B.L	ca	18 de setembre
B.L	ca	1949
B.L	ca	2005
B.L	ca	Alemany
B.L	ca	Alemanya
B.L	ca	Alexander Nuno Alvaro
B.L	ca	Aliança 90/Els Verds
B.L	ca	Aliança dels Liberals i Demòcrates per Europa
B.L	ca	Angela Merkel
B.L	ca	Associació de Votants de Slesvig Meridional
B.L	ca	Baden-Württemberg
B.L	ca	Baixa Saxònia
B.L	ca	Baviera
B.L	ca	Berlín
B.L	ca	Brandenburg
B.L	ca	Bremen
B.L	ca	Bundestag
B.L	ca	Centredreta
B.L	ca	Ciutadans en Ira
B.L	ca	Eleccions federals alemanyes de 1949
B.L	ca	Eleccions federals alemanyes de 1953
B.L	ca	Eleccions federals alemanyes de 1957
B.L	ca	Eleccions federals alemanyes de 1961
B.L	ca	Eleccions federals alemanyes de 1965
B.L	ca	Eleccions federals alemanyes de 1969
B.L	ca	Eleccions federals alemanyes de 1972
B.L	ca	Eleccions federals alemanyes de 1976
B.L	ca	Eleccions federals alemanyes de 1980
B.L	ca	Eleccions federals alemanyes de 1983
B.L	ca	Eleccions federals alemanyes de 1987
B.L	ca	Eleccions federals alemanyes de 1990
B.L	ca	Eleccions federals alemanyes de 1994
B.L	ca	Eleccions federals alemanyes de 1998
B.L	ca	Eleccions federals alemanyes de 2002
B.L	ca	Eleccions federals alemanyes de 2005
B.L	ca	Eleccions federals alemanyes de 2009
B.L	ca	Erich Mende
B.L	ca	Frankfurt del Main
B.L	ca	Franz Blücher
B.L	ca	Guido Westerwelle
B.L	ca	Hamburg (estat)
B.L	ca	Hans-Dietrich Genscher
B.L	ca	Helmut Kohl
B.L	ca	Helmut Schmidt
B.L	ca	Hessen
B.L	ca	Ideologia
B.L	ca	Internacional Liberal
B.L	ca	Junge Liberale
B.L	ca	Klaus Kinkel
B.L	ca	Konrad Adenauer
B.L	ca	L'Esquerra (Alemanya)
B.L	ca	Liberal
B.L	ca	Liberalisme
B.L	ca	Mecklemburg-Pomerània Occidental
B.L	ca	Munic
B.L	ca	NPD
B.L	ca	Neoliberal
B.L	ca	Parlament Europeu
B.L	ca	Partit Democràtic Alemany
B.L	ca	Partit Europeu dels Liberals, Demòcrates i Reformistes
B.L	ca	Partit Socialdemòcrata d'Alemanya
B.L	ca	Partit polític
B.L	ca	Patrick Döring
B.L	ca	Philipp Rösler
B.L	ca	Política
B.L	ca	Rainer Brüderle
B.L	ca	Renània-Palatinat
B.L	ca	Rin del Nord-Westfàlia
B.L	ca	Saarland
B.L	ca	Saxònia
B.L	ca	Saxònia-Anhalt
B.L	ca	Slesvig-Holstein
B.L	ca	Theodor Heuss
B.L	ca	Thomas Dehler
B.L	ca	Turíngia
B.L	ca	Unió Demòcrata Cristiana d'Alemanya
B.L	ca	Unió Social Cristiana de Baviera
B.L	ca	Votants Lliures (Alemanya)
B.L	ca	Walter Scheel
B.L	ca	Willy Brandt
B.L	ca	Wolfgang Gerhardt
B.L	ca	Wolfgang Stammberger
B.L	ca	Plantilla:Partits Polítics Alemanya
B.L	bs	1968
B.L	bs	2001
B.L	bs	Bosanski jezik
B.L	bs	Njemačka
B.L	bs	Philipp Rösler
B.L	bs	Wikipedia:Citiranje izvora
B.L	bg	Алианс на либерали и демократи за Европа
B.L	bg	Берлин
B.L	bg	Бундестаг
B.L	bg	ДДП
B.L	bg	ДФП
B.L	bg	Европейска либералдемократическа и реформистка партия
B.L	bg	Европейски парламент
B.L	bg	Жълт
B.L	bg	Ландтаг
B.L	bg	Либерален интернационал
B.L	bg	Либерализъм
B.L	bg	Млади либерали
B.L	bg	Немски език
B.L	bg	Правителство
B.L	bg	Свободна демократическа партия (Швейцария)
B.L	bg	Син
B.L	bg	Филип Рьослер
B.L	bg	Уикипедия:Мъниче
B.L	pdc	Deitschland
B.L	da	1948
B.L	da	1970'erne
B.L	da	2009
B.L	da	CDU
B.L	da	Erich Mende
B.L	da	Franz Blücher
B.L	da	Guido Westerwelle
B.L	da	Hans-Dietrich Genscher
B.L	da	Jürgen Möllemann
B.L	da	Klaus Kinkel
B.L	da	Liberalisme
B.L	da	Martin Bangemann
B.L	da	Otto Graf Lambsdorff
B.L	da	Philipp Rösler
B.L	da	Politisk parti
B.L	da	Reinhold Maier
B.L	da	SPD
B.L	da	Theodor Heuss
B.L	da	Thomas Dehler
B.L	da	Tyskland
B.L	da	Walter Scheel
B.L	da	Wolfgang Gerhardt
B.L	da	Hjælp:Artikeludvidelse
B.L	da	Hjælp:Stub
B.L	nds	11. Dezember
B.L	nds	1948
B.L	nds	1949
B.L	nds	1956
B.L	nds	1961
B.L	nds	1966
B.L	nds	1969
B.L	nds	1998
B.L	nds	Birgit Homburger
B.L	nds	Bundsrepublik Düütschland
B.L	nds	Christian Lindner
B.L	nds	Cornelia Pieper
B.L	nds	Düütschland
B.L	nds	Heppenheim
B.L	nds	Hermann Otto Solms
B.L	nds	Liberalismus
B.L	nds	Philipp Rösler
B.L	nds	Sabine Leutheusser-Schnarrenberger
B.L	nds	Schattmeester
B.L	cs	11. prosinec
B.L	cs	1948
B.L	cs	1990
B.L	cs	Aliance liberálů a demokratů pro Evropu
B.L	cs	Berlín
B.L	cs	Centrismus
B.L	cs	Druhá světová válka
B.L	cs	Ekonomický liberalismus
B.L	cs	Evropská liberální, demokratická a reformní strana
B.L	cs	Evropská politická strana
B.L	cs	Guido Westerwelle
B.L	cs	Hans-Dietrich Genscher
B.L	cs	Klaus Kinkel
B.L	cs	Křesťansko-sociální unie Bavorska
B.L	cs	Křesťanskodemokratická unie
B.L	cs	Liberalismus
B.L	cs	Liberální internacionála
B.L	cs	Liberálně demokratická strana Německa
B.L	cs	Mezinárodní organizace
B.L	cs	Modrá
B.L	cs	Německo
B.L	cs	Německá demokratická republika
B.L	cs	Německá demokratická strana
B.L	cs	Německá lidová strana
B.L	cs	Německé federální volby 1998
B.L	cs	Německé federální volby 2002
B.L	cs	Německé federální volby 2005
B.L	cs	Německé federální volby 2009
B.L	cs	Němčina
B.L	cs	Philipp Rösler
B.L	cs	Politická ideologie
B.L	cs	Politická skupina Evropského parlamentu
B.L	cs	Politická strana
B.L	cs	Pravice
B.L	cs	SPD
B.L	cs	Soukromé vlastnictví
B.L	cs	Theodor Heuss
B.L	cs	Volby do Evropského parlamentu v Německu 1999
B.L	cs	Volby do Evropského parlamentu v Německu 2004
B.L	cs	Volby do Evropského parlamentu v Německu 2009
B.L	cs	Volný trh
B.L	cs	Výmarská republika
B.L	cs	Wikimedia Commons
B.L	cs	Západní Německo
B.L	cs	Žlutá
B.L	cs	Portál:Německo
B.L	cs	Portál:Obsah
B.L	cs	Portál:Politika
B.L	als	Birgit Homburger
B.L	als	Bundesregierung
B.L	als	Bürgergeld
B.L	als	Bürokratieabbau
B.L	als	Christian Lindner
B.L	als	Deregulierung
B.L	als	Deutscher Bundestag
B.L	als	Deutschland
B.L	als	Einkommensteuer (Deutschland)
B.L	als	Energiepolitik
B.L	als	Flat Tax
B.L	als	Gabriele Renatus
B.L	als	Globalisierung
B.L	als	Hans-Dietrich Genscher
B.L	als	Heppenheim
B.L	als	Holger Zastrow
B.L	als	Investition
B.L	als	Kapitaldeckungsverfahren
B.L	als	Kernenergie
B.L	als	Liberalismus
B.L	als	Mehrwertsteuer
B.L	als	Otto Graf Lambsdorff
B.L	als	Parteienfinanzierung
B.L	als	Patrick Döring
B.L	als	Philipp Rösler
B.L	als	Politische Partei
B.L	als	Privatisierung
B.L	als	Sabine Leutheusser-Schnarrenberger
B.L	als	Sozialpolitik
B.L	als	Sozialversicherung
B.L	als	Staatsverschuldung
B.L	als	Steuer
B.L	als	Steuerrecht
B.L	als	Stufentarif
B.L	als	Subvention
B.L	als	Walter Scheel
B.L	als	Wirtschaftsliberalismus
B.L	ar	ألمانيا
B.L	ar	اصطلاح
B.L	ar	بوندستاغ
B.L	ar	تيودور هويس
B.L	ar	حدث
B.L	ar	سياسة
B.L	ar	سياسي
B.L	ar	شخصية
B.L	ar	لغة ألمانية
B.L	ar	ويكيبيديا:بذرة
B.L	no	1948
B.L	no	Alliansen av Liberale og Demokrater for Europa
B.L	no	Bundesverfassungsgericht
B.L	no	Bündnis 90/Die Grünen
B.L	no	Christlich-Soziale Union in Bayern
B.L	no	Christlich Demokratische Union
B.L	no	Demokratische Partei Saar
B.L	no	Den liberale internasjonale
B.L	no	Deutsche Volksunion
B.L	no	Die Linke
B.L	no	Erich Mende
B.L	no	European Liberal Democrat and Reform Party
B.L	no	Forbundsdagen
B.L	no	Forbundsforsamlingen (Tyskland)
B.L	no	Forbundsminister (Tyskland)
B.L	no	Forbundsrådet (Tyskland)
B.L	no	Franz Blücher
B.L	no	Guido Westerwelle
B.L	no	Hans-Dietrich Genscher
B.L	no	Klaus Kinkel
B.L	no	Liste over Landkreise i Tyskland
B.L	no	Liste over politiske partier i Tyskland
B.L	no	Martin Bangemann
B.L	no	Nationaldemokratische Partei Deutschlands
B.L	no	Otto Graf Lambsdorff
B.L	no	Partileder
B.L	no	Patrick Döring
B.L	no	Philipp Rösler
B.L	no	Piratenpartei Deutschland
B.L	no	Reinhold Maier
B.L	no	Republikanerne (Tyskland)
B.L	no	Sozialdemokratische Partei Deutschlands
B.L	no	Theodor Heuss
B.L	no	Thomas Dehler
B.L	no	Tyskland
B.L	no	Tysklands delstater
B.L	no	Tysklands kanslere
B.L	no	Tysklands politiske system
B.L	no	Tysklands president
B.L	no	Tysklands regjering
B.L	no	Tysklands valg
B.L	no	Valget i Tyskland 2009
B.L	no	Venstre
B.L	no	Walter Scheel
B.L	no	Wolfgang Gerhardt
B.L	nn	10. oktober
B.L	nn	11. desember
B.L	nn	14. august
B.L	nn	1847
B.L	nn	1848
B.L	nn	1933
B.L	nn	1948
B.L	nn	1949
B.L	nn	1953
B.L	nn	1957
B.L	nn	1959
B.L	nn	1961
B.L	nn	1965
B.L	nn	1969
B.L	nn	1972
B.L	nn	1974
B.L	nn	1976
B.L	nn	1979
B.L	nn	1980
B.L	nn	1983
B.L	nn	1987
B.L	nn	1990
B.L	nn	1994
B.L	nn	1998
B.L	nn	2001
B.L	nn	2002
B.L	nn	2005
B.L	nn	2009
B.L	nn	Bundestag
B.L	nn	CDU
B.L	nn	Den andre verdskrigen
B.L	nn	Den liberale internasjonale
B.L	nn	EU
B.L	nn	Erich Mende
B.L	nn	Franz Blücher
B.L	nn	Guido Westerwelle
B.L	nn	Hans-Dietrich Genscher
B.L	nn	Klaus Kinkel
B.L	nn	Liberalisme
B.L	nn	Martin Bangemann
B.L	nn	Nazistane
B.L	nn	Noreg
B.L	nn	Norsk språk
B.L	nn	Otto Graf Lambsdorff
B.L	nn	Politisk parti
B.L	nn	Reinhold Maier
B.L	nn	SPD
B.L	nn	Theodor Heuss
B.L	nn	Thomas Dehler
B.L	nn	Tyskland
B.L	nn	Venstre
B.L	nn	Walter Scheel
B.L	nn	Wolfgang Gerhardt
B.L	pl	12 grudnia
B.L	pl	1948
B.L	pl	Andreas Voßkuhle
B.L	pl	Angela Merkel
B.L	pl	Arno-Esch-Stiftung
B.L	pl	Badenia-Wirtembergia
B.L	pl	Barwa niebieska
B.L	pl	Barwa żółta
B.L	pl	Bawaria
B.L	pl	Berlin
B.L	pl	Brandenburgia
B.L	pl	Bundesrat
B.L	pl	Bundestag
B.L	pl	Centroprawica
B.L	pl	Demoliberalizm
B.L	pl	Deutsche Bundesbank
B.L	pl	Deutsche Partei
B.L	pl	Die Linke
B.L	pl	Dieter Engels
B.L	pl	Dirk Niebel
B.L	pl	Dolna Saksonia
B.L	pl	Drugi rząd Angeli Merkel
B.L	pl	Erhard-Hübener-Stiftung
B.L	pl	Erich Mende
B.L	pl	Federalny Sąd Administracyjny (Niemcy)
B.L	pl	Federalny Sąd Pracy (Niemcy)
B.L	pl	Federalny Trybunał Finansowy (Niemcy)
B.L	pl	Federalny Trybunał Konstytucyjny
B.L	pl	Federalny Trybunał Obrachunkowy
B.L	pl	Federalny Trybunał Sprawiedliwości (Niemcy)
B.L	pl	Franz Blücher
B.L	pl	Fundacja im. Friedricha Naumanna
B.L	pl	Gerhart Baum
B.L	pl	Guido Westerwelle
B.L	pl	Gustav Heinemann
B.L	pl	Günter Verheugen
B.L	pl	Hans-Dietrich Genscher
B.L	pl	Harald Range
B.L	pl	Heppenheim
B.L	pl	Hesja
B.L	pl	Hildegard Hamm-Brücher
B.L	pl	Horst Seehofer
B.L	pl	Ingrid Schmidt
B.L	pl	Jens Weidmann
B.L	pl	Joachim Gauck
B.L	pl	Johannes Vogel
B.L	pl	Jürgen W. Möllemann
B.L	pl	Język niemiecki
B.L	pl	Kanclerze Niemiec
B.L	pl	Karl-Hamann-Stiftung
B.L	pl	Karl-Hermann-Flach-Stiftung
B.L	pl	Karl-Hermann Flach
B.L	pl	Klaus Kinkel
B.L	pl	Klaus Tolksdorfv
B.L	pl	Konrad Adenauer
B.L	pl	Konserwatywny liberalizm
B.L	pl	Konstytucja Niemiec
B.L	pl	Kontrola Państwowa w Niemczech
B.L	pl	Kraje związkowe Niemiec
B.L	pl	Liberalizm
B.L	pl	Marion Eckertz-Höfer
B.L	pl	Martin Bangemann
B.L	pl	Meklemburgia-Pomorze Przednie
B.L	pl	Ministerstwo Spraw Zagranicznych Niemiec
B.L	pl	Międzynarodówka Liberalna
B.L	pl	Nadrenia Północna-Westfalia
B.L	pl	Neoliberalizm
B.L	pl	Niemcy
B.L	pl	Niemieckie referenda
B.L	pl	Norbert Lammert
B.L	pl	Otto Graf Lambsdorff
B.L	pl	Otto von Bismarck
B.L	pl	Partia Europejskich Liberałów, Demokratów i Reformatorów
B.L	pl	Partia polityczna
B.L	pl	Partie polityczne Niemiec
B.L	pl	Philipp Rösler
B.L	pl	Podatek progresywny
B.L	pl	Polityka zagraniczna Niemiec
B.L	pl	Prezydenci Niemiec
B.L	pl	Prokurator generalny (Niemcy)
B.L	pl	Przewodniczący Bundesratu
B.L	pl	Przewodniczący Bundestagu
B.L	pl	Rainer Brüderle
B.L	pl	Referendum w sprawie akceptacji przyłączenia Austrii do Niemiec w 1938
B.L	pl	Reinhold-Meier-Stiftung
B.L	pl	Reinhold Maier
B.L	pl	Rudolf-von-Benningsen-Stiftung
B.L	pl	Rudolf Mellinghoff
B.L	pl	Rząd federalny Niemiec
B.L	pl	Sabine Leutheusser-Schnarrenberg
B.L	pl	Saksonia
B.L	pl	Saksonia-Anhalt
B.L	pl	Samorząd terytorialny w Niemczech
B.L	pl	Socjaldemokratyczna Partia Niemiec
B.L	pl	Socjalliberalizm
B.L	pl	System prawny Niemiec
B.L	pl	System wyborczy w Niemczech
B.L	pl	Theodor Heuss
B.L	pl	Thomas-Dehler-Stiftung
B.L	pl	Thomas Dehler
B.L	pl	Unia Chrześcijańsko-Demokratyczna (Niemcy)
B.L	pl	Unia Chrześcijańsko-Społeczna w Bawarii
B.L	pl	Ustrój polityczny Niemiec
B.L	pl	Walter Scheel
B.L	pl	Werner Maihofer
B.L	pl	Wilhem-Külz-Stiftung
B.L	pl	Willy Brandt
B.L	pl	Wolfgang-Döring-Stiftung
B.L	pl	Wolfgang Gerhardt
B.L	pl	Wolfgang Mischnick
B.L	pl	Wybory do Parlamentu Europejskiego w Niemczech
B.L	pl	Wybory do Parlamentu Europejskiego w Niemczech w 2009 roku
B.L	pl	Wybory parlamentarne w Nieczech
B.L	pl	Wybory parlamentarne w Niemczech w 2013 roku
B.L	pl	Wybory prezydenckie w Niemczech
B.L	pl	Wybory prezydenckie w Niemczech w 2012 roku
B.L	pl	Wybory samorządowe w Niemczech
B.L	pl	Wybory samorządowe w Niemczech w 2009 roku
B.L	pl	Związek 90/Zieloni
B.L	pl	Szablon:Partie polityczne Niemiec
B.L	pl	Dyskusja szablonu:Partie polityczne Niemiec
B.L	pl	Kategoria:Polityka Niemiec
B.L	pl	Wikiprojekt:Polityka
B.L	bar	Berlin
B.L	bar	Bundespräsident (Deitschland)
B.L	bar	Deitsche Demokratische Patei
B.L	bar	Deitschland
B.L	lt	Bundestagas
B.L	lt	Guido Westerwelle
B.L	lt	Liberalizmas
B.L	lt	Politinė partija
B.L	lt	Vokietija
B.L	lt	Vokiečių kalba
B.L	ms	Bundestag
B.L	ms	CDU
B.L	ms	Jerman
B.L	ms	Lautan Atlantik
B.L	ms	Protestan
B.L	ms	SPD
B.L	ms	Wikipedia:Rencana tunas
B.L	nl	11 december
B.L	nl	1948
B.L	nl	Allgemeiner Deutscher Arbeiterverein
B.L	nl	Alliantie van Liberalen en Democraten voor Europa
B.L	nl	Anarchistische Pogo-Partei Deutschlands
B.L	nl	Angela Merkel
B.L	nl	Beieren
B.L	nl	Beierse Volkspartij
B.L	nl	Berlijn
B.L	nl	Blokpartij
B.L	nl	Bondsdag
B.L	nl	Bondsdagverkiezingen van 1990
B.L	nl	Bondsdagverkiezingen van 1994
B.L	nl	Bondsdagverkiezingen van 1998
B.L	nl	Bondsrepubliek Duitsland (1949-1990)
B.L	nl	Bündnis 90/Die Grünen
B.L	nl	Centrumrechts
B.L	nl	Christlich-Demokratische Union Deutschlands (DDR)
B.L	nl	Christlich-Soziale Union
B.L	nl	Christlich Demokratische Union Deutschlands (Bondsrepubliek)
B.L	nl	Christliche Volkspartei des Saarlandes
B.L	nl	Conservatisme
B.L	nl	Deelstaten van Duitsland
B.L	nl	Demokratische Bauernpartei Deutschlands
B.L	nl	Demokratischer Frauenbund Deutschlands
B.L	nl	Deutsche Demokratische Partei
B.L	nl	Deutsche Fortschrittspartei
B.L	nl	Deutsche Friedensunion
B.L	nl	Deutsche Kommunistische Partei
B.L	nl	Deutsche Soziale Union
B.L	nl	Deutsche Volkspartei
B.L	nl	Deutsche Volksunion
B.L	nl	Deutsche Zentrumspartei
B.L	nl	Die Linke
B.L	nl	Die Republikaner
B.L	nl	Die Tierschutzpartei
B.L	nl	Duits-Hannoveraanse Partij
B.L	nl	Duitse Boerenpartij
B.L	nl	Duitse Nationale Volkspartij
B.L	nl	Duitse Partij
B.L	nl	Duitsland
B.L	nl	Erich Mende
B.L	nl	Extreemlinks
B.L	nl	Extreemrechts
B.L	nl	Franz Blücher
B.L	nl	Freie Deutsche Jugend
B.L	nl	Freie Wähler
B.L	nl	Freier Deutscher Gewerkschaftsbund
B.L	nl	Freikonservative Partei
B.L	nl	Geallieerde bezettingszones in Duitsland
B.L	nl	Gerhard Schröder
B.L	nl	Geschiedenis van de politieke partijen in Duitsland
B.L	nl	Guido Westerwelle
B.L	nl	Hans-Dietrich Genscher
B.L	nl	Helmut Kohl
B.L	nl	Helmut Schmidt
B.L	nl	Jürgen Möllemann
B.L	nl	Kabinet-Merkel II
B.L	nl	Klassiek-liberalisme
B.L	nl	Klaus Kinkel
B.L	nl	Kommunistische Partei Deutschlands
B.L	nl	Konrad Adenauer
B.L	nl	Kulturbund
B.L	nl	Liberaldemokratische Partei Deutschlands
B.L	nl	Liberale Internationale
B.L	nl	Liberalisme
B.L	nl	Lijst van Duitse politieke partijen
B.L	nl	Ludwig Erhard
B.L	nl	Maoïstische partijen in Duitsland
B.L	nl	Martin Bangemann
B.L	nl	Mecklenburg-Voor-Pommeren
B.L	nl	Nationaal-Liberale Partij (Duitsland)
B.L	nl	Nationaalsocialistische Duitse Arbeiderspartij
B.L	nl	Nationaldemokratische Partei Deutschlands
B.L	nl	Nationaldemokratische Partei Deutschlands (DDR)
B.L	nl	Nedersaksen
B.L	nl	Open Vld
B.L	nl	Otto Graf Lambsdorff
B.L	nl	Overhangmandaat
B.L	nl	Partei Bibeltreuer Christen
B.L	nl	Partei der Vernunft
B.L	nl	Partei für Soziale Gerechtigkeit
B.L	nl	Philipp Rösler
B.L	nl	Piratenpartij Duitsland
B.L	nl	Politieke partij
B.L	nl	Politieke partijen in Duitsland
B.L	nl	Regionalisme (politiek)
B.L	nl	Reinhold Maier
B.L	nl	Saksen (deelstaat)
B.L	nl	Sleeswijk-Holstein
B.L	nl	Socialisme
B.L	nl	Sozialdemokratische Arbeiterpartei (Duitsland)
B.L	nl	Sozialdemokratische Partei Deutschlands
B.L	nl	Sozialistische Arbeiterpartei Deutschlands
B.L	nl	Sozialistische Einheitspartei Deutschlands
B.L	nl	Südschleswigscher Wählerverband
B.L	nl	Theodor Heuss
B.L	nl	Thomas Dehler
B.L	nl	Unabhängige Sozialdemokratische Partei Deutschlands
B.L	nl	Union (Duitsland)
B.L	nl	Vereinigung der gegenseitigen Bauernhilfe
B.L	nl	Volkspartij voor Vrijheid en Democratie
B.L	nl	Völkischer Block
B.L	nl	Walter Scheel
B.L	nl	Weimarrepubliek
B.L	nl	Willy Brandt
B.L	nl	Wolfgang Gerhardt
B.L	nl	Portaal:Duitsland
B.L	nl	Portaal:Politiek
B.L	ka	ბერლინი
B.L	ka	ბუნდესტაგი
B.L	ka	გერმანია
B.L	ka	გერმანიის პრეზიდენტების სია
B.L	ka	გერმანული ენა
B.L	ka	გსდპ
B.L	ka	გქდკ
B.L	ka	ევროპის ლიბერალ-დემოკრატებისა და რეფორმატორების პარტია
B.L	ka	ევროპის პარლამენტი
B.L	ka	თეოდორ ჰოისი
B.L	ka	ლიბერალიზმი
B.L	ka	ლიბერალური ინტერნაციონალი
B.L	ka	ლურჯი
B.L	ka	პოლიტიკური პარტია
B.L	ka	ფილიპ რესლერი
B.L	ka	ყვითელი
B.L	ka	კატეგორია:სტატიების ესკიზები
B.L	ku	11'ê berfanbar
B.L	ku	1948
B.L	ku	Almanya
B.L	ku	Almanî
B.L	ku	Birgit Homburger
B.L	ku	CDU
B.L	ku	Dirk Niebel
B.L	ku	Elke Hoff
B.L	ku	Europäische Liberale, Demokratische und Reformpartei
B.L	ku	Europäische politische Partei
B.L	ku	Hans-Dietrich Genscher
B.L	ku	Heppenheim
B.L	ku	Hikûm
B.L	ku	Holger Zastrow
B.L	ku	Junge Liberale
B.L	ku	Jörg-Uwe Hahn
B.L	ku	Koalîsyon
B.L	ku	Lîberal
B.L	ku	Oliver Lindner
B.L	ku	Otto Graf Lambsdorff
B.L	ku	Patrick Döring
B.L	ku	Philipp Rösler
B.L	ku	Phlipp Rösler
B.L	ku	Polîtîk
B.L	ku	SPD
B.L	ku	Sabine Leutheusser-Schnarrenberger
B.L	ku	Walter Scheel
B.L	ku	Îdarekirina partiyê ya aborî
B.L	ko	BMW
B.L	ko	국민투표
B.L	ko	규제완화
B.L	ko	기도 베스터벨레
B.L	ko	기독교 사회주의
B.L	ko	나치 제국
B.L	ko	니더작센
B.L	ko	다임러
B.L	ko	독일
B.L	ko	독일 기독교 민주연합
B.L	ko	독일 사회민주당
B.L	ko	독일 연방하원 1990년 선거
B.L	ko	독일 연방하원 1994년 선거
B.L	ko	독일 연방하원 1998년 선거
B.L	ko	독일 연방하원 2002년 선거
B.L	ko	독일 연방하원 2005년 선거
B.L	ko	독일 연방하원 2009년 선거
B.L	ko	독일 제국
B.L	ko	독일 해적당
B.L	ko	독일어
B.L	ko	독일의 정당
B.L	ko	동맹 90/녹색당
B.L	ko	동방정책
B.L	ko	라인홀드 마이어
B.L	ko	루트비히 에르하르트
B.L	ko	리스본 조약
B.L	ko	마르틴 방게만
B.L	ko	마인츠
B.L	ko	메테르니히
B.L	ko	뮌헨
B.L	ko	민영화
B.L	ko	바이마르 공화국
B.L	ko	바이에른 기독교 사회연합
B.L	ko	발터 셸
B.L	ko	볼프강 게르하르트
B.L	ko	빌리 브란트
B.L	ko	서독 연방하원 1949년 선거
B.L	ko	서독 연방하원 1953년 선거
B.L	ko	서독 연방하원 1957년 선거
B.L	ko	서독 연방하원 1961년 선거
B.L	ko	서독 연방하원 1965년 선거
B.L	ko	서독 연방하원 1969년 선거
B.L	ko	서독 연방하원 1972년 선거
B.L	ko	서독 연방하원 1976년 선거
B.L	ko	서독 연방하원 1980년 선거
B.L	ko	서독 연방하원 1983년 선거
B.L	ko	서독 연방하원 1987년 선거
B.L	ko	세계화
B.L	ko	세금
B.L	ko	소득세
B.L	ko	슈피겔
B.L	ko	슐레스비히홀슈타인
B.L	ko	아비투어
B.L	ko	앙겔라 메르켈
B.L	ko	에리히 멘데
B.L	ko	에리히 올렌하우어
B.L	ko	오토 그라프 람스도르프
B.L	ko	우니온
B.L	ko	위키미디어 공용
B.L	ko	유럽 자유민주개혁당
B.L	ko	유럽 자유민주동맹
B.L	ko	유럽 자유민주연합
B.L	ko	유럽연합
B.L	ko	유럽의회
B.L	ko	자유주의 인터내셔널
B.L	ko	작센
B.L	ko	재생가능 에너지
B.L	ko	좌파당 (독일)
B.L	ko	줄기 세포
B.L	ko	친위대 (나치)
B.L	ko	콘라트 아데나워
B.L	ko	클라우스 킨켈
B.L	ko	터키
B.L	ko	테오도어 호이스
B.L	ko	포르쉐
B.L	ko	프라이부르크
B.L	ko	프랑크푸르트
B.L	ko	필립 뢰슬러
B.L	ko	한스디트리히 겐셔
B.L	ko	할레
B.L	ko	헤센
B.L	ko	헬무트 슈미트
B.L	ko	헬무트 콜
B.L	ko	틀:독일의 정당
B.L	ko	틀토론:독일의 정당
B.L	la	11 Decembris
B.L	la	12 Decembris
B.L	la	13 Maii
B.L	la	1948
B.L	la	1949
B.L	la	1954
B.L	la	1957
B.L	la	1960
B.L	la	1963
B.L	la	1966
B.L	la	1968
B.L	la	1969
B.L	la	1974
B.L	la	1982
B.L	la	1985
B.L	la	1988
B.L	la	1993
B.L	la	1995
B.L	la	1998
B.L	la	2001
B.L	la	2009
B.L	la	2011
B.L	la	Angela Merkel
B.L	la	CDU
B.L	la	CSU
B.L	la	Conradus Adenauer
B.L	la	Curtius Georgius Kiesinger
B.L	la	Ericus Mende
B.L	la	Factio Piratica Germaniae
B.L	la	Factio democratica socialis Germaniae
B.L	la	Foedus 90/Virides
B.L	la	Franciscus Blücher
B.L	la	Gerhardus Schröder
B.L	la	Germania
B.L	la	Germaniae
B.L	la	Gualterus Scheel
B.L	la	Guido Westerwelle
B.L	la	Gulielmus Brandt
B.L	la	Helimutus Kohl
B.L	la	Helimutus Schmidt
B.L	la	Ioannes-Theodericus Genscher
B.L	la	Ludovicus Erhard
B.L	la	Martinus Bangemann
B.L	la	Nicolaus Kinkel
B.L	la	Otto Comes Lambsdorff
B.L	la	Philippus Rösler
B.L	la	Reinholdus Maier
B.L	la	SPD
B.L	la	Sinistra (factio politica Germaniae)
B.L	la	Theodorus Heuss
B.L	la	Thomas Dehler
B.L	la	Unio Democratica Christiana Germaniae
B.L	la	Unio socialis Christiana Bavariensis
B.L	la	Wolfgangus Gerhardt
B.L	hr	1948
B.L	hr	Birgit Homburger
B.L	hr	Bundestag
B.L	hr	CDU
B.L	hr	Csu
B.L	hr	Dirk Niebel
B.L	hr	Europska liberalna, demokratska i reformistička stranka
B.L	hr	Europska politička stranka
B.L	hr	Europski parlament
B.L	hr	Guido Westerwelle
B.L	hr	Hans-Dietrich Genscher
B.L	hr	Helmut Kohl
B.L	hr	Helmut Schmidt
B.L	hr	Heppenheim
B.L	hr	Holger Zastrow
B.L	hr	Horst Köhler
B.L	hr	Junge Liberali
B.L	hr	Klub zastupnika
B.L	hr	Liberalizam
B.L	hr	Njemačka
B.L	hr	Njemačke pokrajine
B.L	hr	Okrug
B.L	hr	Otto Graf Lambsdorff
B.L	hr	Philipp Rösler
B.L	hr	Politički podmladak
B.L	hr	Predsjednik države
B.L	hr	SPD
B.L	hr	Sabine Leutheusser-Schnarrenberger
B.L	hr	Theodor Heuss
B.L	hr	Walter Scheel
B.L	hu	1948
B.L	hu	2004
B.L	hu	2005
B.L	hu	Berlin
B.L	hu	Bundestag
B.L	hu	CDU
B.L	hu	CSU
B.L	hu	December 11.
B.L	hu	December 12.
B.L	hu	Egyéni jogok
B.L	hu	Erich Mende
B.L	hu	Franz Blücher
B.L	hu	Guido Westerwelle
B.L	hu	Hans–Dietrich Genscher
B.L	hu	Klaus Kinkel
B.L	hu	Kék
B.L	hu	Liberalizmus
B.L	hu	Liberális Internacionálé
B.L	hu	Liberálisok és Demokraták Szövetsége Európáért
B.L	hu	Martin Bangemann
B.L	hu	Német Demokratikus Párt
B.L	hu	Német Néppárt
B.L	hu	Német nyelv
B.L	hu	Németország
B.L	hu	Otto Graf Lambsdorff
B.L	hu	Philipp Rösler
B.L	hu	Politikai párt
B.L	hu	Protestantizmus
B.L	hu	Reinhold Maier
B.L	hu	SPD
B.L	hu	Sárga
B.L	hu	Theodor Heuss
B.L	hu	Thomas Dehler
B.L	hu	Walter Scheel
B.L	hu	Wolfgang Gerhardt
B.L	hu	Portál:Németország
B.L	hu	Portál:Németország/ikon
B.L	hu	Portál:Politika
B.L	hu	Portál:Politika/ikon
B.L	it	1945
B.L	it	1948
B.L	it	2005
B.L	it	2009
B.L	it	Alleanza '90 - I Verdi
B.L	it	Alleanza dei Democratici e dei Liberali per l'Europa
B.L	it	Berlino
B.L	it	Blu
B.L	it	Bundestag
B.L	it	Centro-destra
B.L	it	Die Linke
B.L	it	Elezioni federali tedesche del 2009
B.L	it	Germania
B.L	it	Giallo
B.L	it	Governo Merkel II
B.L	it	Grande coalizione
B.L	it	Helmut Kohl
B.L	it	Internazionale Liberale
B.L	it	Jamaica-Koalition
B.L	it	Liberalismo
B.L	it	Liberalismo classico
B.L	it	Liberismo
B.L	it	Parlamento europeo
B.L	it	Partito Europeo dei Liberali, Democratici e Riformatori
B.L	it	Partito Socialdemocratico Tedesco
B.L	it	Partito della Sinistra (Germania)
B.L	it	Partito politico
B.L	it	Philipp Rösler
B.L	it	Politica della Germania
B.L	it	Repubblica Democratica Tedesca
B.L	it	Repubblica di Weimar
B.L	it	Seconda guerra mondiale
B.L	it	Theodor Heuss
B.L	it	Unione Cristiano-Democratica
B.L	it	Unione Cristiano-Sociale in Baviera
B.L	it	Unione Cristiano Democratica (Germania)
B.L	it	Template:AggNaz/DEU
B.L	it	Template:Partiti politici in Germania
B.L	it	Discussioni template:Partiti politici in Germania
B.L	it	Portale:Germania
B.L	it	Portale:Politica
B.L	ja	10月16日
B.L	ja	10月3日
B.L	ja	10月5日
B.L	ja	11月19日
B.L	ja	12月11日
B.L	ja	12月2日
B.L	ja	1948年
B.L	ja	1949年
B.L	ja	1953年
B.L	ja	1957年
B.L	ja	1961年
B.L	ja	1965年
B.L	ja	1969年
B.L	ja	1972年
B.L	ja	1976年
B.L	ja	1980年
B.L	ja	1983年
B.L	ja	1987年
B.L	ja	1990年
B.L	ja	1994年
B.L	ja	1998年
B.L	ja	1月25日
B.L	ja	2002年
B.L	ja	2005年
B.L	ja	2009年
B.L	ja	2012年
B.L	ja	3月25日
B.L	ja	3月5日
B.L	ja	47NEWS
B.L	ja	4月16日
B.L	ja	8月14日
B.L	ja	9月15日
B.L	ja	9月17日
B.L	ja	9月18日
B.L	ja	9月19日
B.L	ja	9月22日
B.L	ja	9月27日
B.L	ja	9月28日
B.L	ja	9月6日
B.L	ja	WASG
B.L	ja	アンゲラ・メルケル
B.L	ja	イギリス
B.L	ja	エーリッヒ・メンデ
B.L	ja	オットー・グラーフ・ラムスドルフ
B.L	ja	キャスティング・ボート
B.L	ja	キリスト教社会同盟
B.L	ja	ギド・ヴェスターヴェレ
B.L	ja	クラウス・キンケル
B.L	ja	クルト・ゲオルク・キージンガー
B.L	ja	コンラート・アデナウアー
B.L	ja	ザクセン人民党
B.L	ja	ザールラント州
B.L	ja	テオドール・ホイス
B.L	ja	トーマス・デーラー
B.L	ja	ドイツ
B.L	ja	ドイツの政党
B.L	ja	ドイツの政治
B.L	ja	ドイツキリスト教民主同盟
B.L	ja	ドイツキリスト教民主同盟 (東ドイツ)
B.L	ja	ドイツ・フォーラム党
B.L	ja	ドイツ中産階級帝国党
B.L	ja	ドイツ人民党
B.L	ja	ドイツ党
B.L	ja	ドイツ共産党
B.L	ja	ドイツ共産党 (DKP)
B.L	ja	ドイツ再統一
B.L	ja	ドイツ労働者党
B.L	ja	ドイツ国家人民党
B.L	ja	ドイツ国家民主党
B.L	ja	ドイツ国家民主党 (東ドイツ)
B.L	ja	ドイツ家族党
B.L	ja	ドイツ民主党
B.L	ja	ドイツ民主共和国
B.L	ja	ドイツ民主農民党
B.L	ja	ドイツ民族同盟
B.L	ja	ドイツ民族自由党
B.L	ja	ドイツ海賊党
B.L	ja	ドイツ無政府主義ポゴ党
B.L	ja	ドイツ独立社会民主党
B.L	ja	ドイツ社会主義労働者党
B.L	ja	ドイツ社会主義統一党
B.L	ja	ドイツ社会同盟
B.L	ja	ドイツ社会民主党
B.L	ja	ドイツ自由民主党
B.L	ja	ドイツ連邦議会
B.L	ja	ドイツ連邦議会1949年選挙
B.L	ja	ドイツ連邦議会1953年選挙
B.L	ja	ドイツ連邦議会1957年選挙
B.L	ja	ドイツ連邦議会1961年選挙
B.L	ja	ドイツ連邦議会1965年選挙
B.L	ja	ドイツ連邦議会1969年選挙
B.L	ja	ドイツ連邦議会1972年選挙
B.L	ja	ドイツ連邦議会1976年選挙
B.L	ja	ドイツ連邦議会1980年選挙
B.L	ja	ドイツ連邦議会1983年選挙
B.L	ja	ドイツ連邦議会1987年選挙
B.L	ja	ドイツ連邦議会1990年選挙
B.L	ja	ドイツ連邦議会1994年選挙
B.L	ja	ドイツ連邦議会1998年選挙
B.L	ja	ドイツ連邦議会2002年選挙
B.L	ja	ドイツ連邦議会2005年選挙
B.L	ja	ドイツ連邦議会2009年選挙
B.L	ja	ハンス・ディートリッヒ・ゲンシャー
B.L	ja	バイエルン人民党
B.L	ja	バイエルン民族党
B.L	ja	バーデン・ヴュルテンベルク州
B.L	ja	フィリップ・レスラー
B.L	ja	フランツ・ブリュッヒャー
B.L	ja	ブレーメン
B.L	ja	ベルリン
B.L	ja	マルティン・バンゲマン
B.L	ja	メクレンブルク＝フォアポンメルン州
B.L	ja	ラインホルト・マイヤー
B.L	ja	ラインラント＝プファルツ州
B.L	ja	ロイター
B.L	ja	ヴァイマル共和国
B.L	ja	ヴァイマル共和政
B.L	ja	ヴァルター・シェール
B.L	ja	ヴォルフガング・ゲルハルト
B.L	ja	中央党 (ドイツ)
B.L	ja	中道右派
B.L	ja	中道左派
B.L	ja	中道政治
B.L	ja	共和党 (ドイツ)
B.L	ja	南シュレースヴィヒ選挙人同盟
B.L	ja	各国の政党
B.L	ja	同盟90
B.L	ja	同盟90/緑の党
B.L	ja	国家社会主義ドイツ労働者党
B.L	ja	国家社会主義自由運動
B.L	ja	国民自由党 (ドイツ)
B.L	ja	大ドイツ民族共同体
B.L	ja	大連立
B.L	ja	左翼党 (ドイツ)
B.L	ja	平和と人権イニシアティヴ
B.L	ja	政党
B.L	ja	政党連合
B.L	ja	政治
B.L	ja	新フォーラム
B.L	ja	新自由主義
B.L	ja	東ドイツ
B.L	ja	東ドイツ緑の党
B.L	ja	欧州自由民主改革党
B.L	ja	民主主義の出発
B.L	ja	民主主義を今
B.L	ja	民主人民党 (ドイツ)
B.L	ja	民主社会党 (ドイツ)
B.L	ja	社会主義帝国党
B.L	ja	社会自由主義
B.L	ja	自由な有権者
B.L	ja	自由主義
B.L	ja	自由主義インターナショナル
B.L	ja	自由民主党 (イギリス)
B.L	ja	西ドイツ
B.L	ja	読売新聞社
B.L	ja	連立内閣
B.L	ja	連邦参議院
B.L	ja	連邦憲法裁判所
B.L	ja	鉄兜団、前線兵士同盟
B.L	ja	黄色
B.L	ja	Wikipedia:スタブ
B.L	ja	Template:ドイツの政党
B.L	ja	Template:政党
B.L	ja	Template‐ノート:ドイツの政党
B.L	ja	Category:ドイツ関連のスタブ項目
B.L	ja	Category:政治関連のスタブ項目
B.L	ja	Portal:ドイツ
B.L	ja	Portal:政治学
B.L	ja	プロジェクト:ドイツ
B.L	ja	プロジェクト:政治
B.L	vi	6 tháng 4
B.L	vi	BBC News
B.L	vi	Berlin
B.L	vi	Bundestag
B.L	vi	CDU/CSU
B.L	vi	Chiến tranh thế giới thứ hai
B.L	vi	Christian Lindner
B.L	vi	Chủ nghĩa tự do
B.L	vi	Chủ nghĩa tự do cổ điển
B.L	vi	Chủ nghĩa tự do kinh tế
B.L	vi	Cánh tả (Đức)
B.L	vi	DOI
B.L	vi	Financial Times
B.L	vi	Guido Westerwelle
B.L	vi	ISBN
B.L	vi	Liên minh 90/Đảng Xanh
B.L	vi	Liên minh Dân chủ Cơ đốc Đức
B.L	vi	Liên minh Xã hội Cơ đốc Bavaria
B.L	vi	Liên minh Xã hội Cơ đốc Bayern
B.L	vi	Nachrichten.de
B.L	vi	Nhân quyền
B.L	vi	Philipp Rösler
B.L	vi	Quyền tự do công dân
B.L	vi	Quốc tế Tự do
B.L	vi	Quốc tế hóa
B.L	vi	Thị trường tự do
B.L	vi	Tiếng Đức
B.L	vi	Tư nhân hóa
B.L	vi	Tự do kinh tế
B.L	vi	Vàng
B.L	vi	Xanh lam
B.L	vi	Đảng Cải cách và Dân chủ Tự do châu Âu
B.L	vi	Đảng Dân chủ Tự do và Cải cách châu Âu
B.L	vi	Đảng Dân chủ Xã hội Đức
B.L	vi	Đảng Dân chủ Đức
B.L	vi	Đảng Nhân dân Đức
B.L	vi	Đảng phái chính trị
B.L	vi	Đức
B.L	vi	Wikipedia:Bài sơ khai
B.L	vi	Bản mẫu:Bắt đầu và tuổi
B.L	vi	Bản mẫu:Đảng phái chính trị Đức
B.L	vi	Thảo luận Bản mẫu:Đảng phái chính trị Đức
B.L	simple	1948
B.L	simple	Alliance '90/The Greens
B.L	simple	Alliance of Liberals and Democrats for Europe
B.L	simple	Berlin
B.L	simple	Blue
B.L	simple	CDU
B.L	simple	Centre-left
B.L	simple	Centre-right
B.L	simple	Christian Democratic Union of Germany
B.L	simple	Christian Social Union of Bavaria
B.L	simple	December 11th
B.L	simple	Die Linke
B.L	simple	Elections in Germany
B.L	simple	Erich Mende
B.L	simple	European Liberal Democrat and Reform Party
B.L	simple	Franz Blücher
B.L	simple	Germany
B.L	simple	Guido Westerwelle
B.L	simple	Hamburg
B.L	simple	Hans-Dietrich Genscher
B.L	simple	Helmut Kohl
B.L	simple	Helmut Schmidt
B.L	simple	Klaus Kinkel
B.L	simple	Konrad Adenauer
B.L	simple	Liberal International
B.L	simple	Liberalism
B.L	simple	List of political ideologies
B.L	simple	List of political parties in Germany
B.L	simple	Martin Bangemann
B.L	simple	Otto Graf Lambsdorff
B.L	simple	Philipp Roesler
B.L	simple	Pilipp Roesler
B.L	simple	Pirate Party of Germany
B.L	simple	Political party
B.L	simple	Politics of Germany
B.L	simple	Reinhold Maier
B.L	simple	Social Democratic Party of Germany
B.L	simple	Sozialdemokratische Partei Deutschlands
B.L	simple	Theodor Heuss
B.L	simple	Thomas Dehler
B.L	simple	Walter Scheel
B.L	simple	Wilhelm Külz
B.L	simple	Willy Brandt
B.L	simple	Wolfgang Gerhardt
B.L	simple	Yellow
B.L	simple	Template:Parties of Germany
B.L	simple	Template talk:Parties of Germany
B.L	uk	11 грудня
B.L	uk	12 травня
B.L	uk	13 травня
B.L	uk	16 травня
B.L	uk	1948
B.L	uk	1949
B.L	uk	1954
B.L	uk	1957
B.L	uk	1960
B.L	uk	1968
B.L	uk	1974
B.L	uk	1985
B.L	uk	1988
B.L	uk	1993
B.L	uk	1994
B.L	uk	1995
B.L	uk	2001
B.L	uk	2009
B.L	uk	2011
B.L	uk	27 вересня
B.L	uk	28 вересня
B.L	uk	FDP
B.L	uk	FDP.Ліберали
B.L	uk	ЄС
B.L	uk	Європейська партія ліберальних демократів і реформаторів
B.L	uk	Італійська республіканська партія
B.L	uk	Італійські радикали
B.L	uk	Італія цінностей
B.L	uk	Альянс (Північна Ірландія)
B.L	uk	Альянс «Наша Молдова»
B.L	uk	Альянс Лібералів і демократів для Європи
B.L	uk	Альянс вільних демократів
B.L	uk	Ангела Меркель
B.L	uk	Андреас Умланд
B.L	uk	Балкани
B.L	uk	Бундестаг
B.L	uk	В'єтнам
B.L	uk	Вальтер Шеель
B.L	uk	Венстре (Данія)
B.L	uk	Венстре (Норвегія)
B.L	uk	Вольфганг Ґерхардт
B.L	uk	Відкриті фламандські ліберали і демократи
B.L	uk	Вільний форум
B.L	uk	Вірменський загальнонаціональний рух
B.L	uk	Ганс-Дітріх Геншер
B.L	uk	Демократи 66
B.L	uk	Демократична асамблея Істрії
B.L	uk	Демократична партія (Люксембург)
B.L	uk	Демократична партія — demokraci.pl
B.L	uk	Демократично-ліберальна партія (Румунія)
B.L	uk	Дзеркало тижня
B.L	uk	Дірк Нібель
B.L	uk	Еріх Менде
B.L	uk	Естонська партія реформ
B.L	uk	Зарес
B.L	uk	Клаус Кінкель
B.L	uk	Косово
B.L	uk	Латвійська перша партія/Латвійський шлях
B.L	uk	Ліберальна демократія Словенії
B.L	uk	Ліберальна партія (Молдова)
B.L	uk	Ліберальна партія Андорри
B.L	uk	Ліберальна партія Косово
B.L	uk	Ліберальна партія Македонії
B.L	uk	Ліберальний Інтернаціонал
B.L	uk	Ліберальний рух Литовської Республіки
B.L	uk	Ліберальний форум
B.L	uk	Ліберально-демократична партія (Боснія і Герцеговина)
B.L	uk	Ліберально-демократична партія (Македонія)
B.L	uk	Ліберально-демократична партія (Сербія)
B.L	uk	Ліберальні демократи (Великобританія)
B.L	uk	Лібералізм
B.L	uk	Мартін Бангеманн
B.L	uk	Мусават
B.L	uk	Народна партія за свободу і демократію
B.L	uk	Народна партія — ліберали
B.L	uk	Національний рух за стабільність і підйом
B.L	uk	Новий косівський альянс
B.L	uk	Новий союз (соціал-ліберали)
B.L	uk	Німецька мова
B.L	uk	Німецька хвиля
B.L	uk	Об'єднані демократи
B.L	uk	Отто Граф Ламбсдорф
B.L	uk	Партія центру (Швеція)
B.L	uk	Радикальна ліва партія
B.L	uk	Радикальна партія лівих
B.L	uk	Райнер Брюдерле
B.L	uk	Рейнольд Маєр
B.L	uk	Республіканська партія Грузії
B.L	uk	Реформаторський рух
B.L	uk	Рух за права і свободи
B.L	uk	Сабіне Лойтгойзер-Шнарренбергер
B.L	uk	Свобода і солідарність
B.L	uk	Союз лібералів і центру
B.L	uk	Теодор Хойс
B.L	uk	Томас Дехлер
B.L	uk	ФРН
B.L	uk	Франц Блюхер
B.L	uk	Фіанна Файл
B.L	uk	Філліп Рослер
B.L	uk	Філіпп Реслер
B.L	uk	Фінляндський центр
B.L	uk	ХСС
B.L	uk	Хорватська народна партія — ліберал-демократи
B.L	uk	Хорватська соціал-ліберальна партія
B.L	uk	Християнсько-демократичний союз (Німеччина)
B.L	uk	Центристська партія (Естонія)
B.L	uk	Шведська народна партія
B.L	uk	Яблуко (партія)
B.L	uk	Ґідо Вестервелле
B.L	uk	Ґідо Вестервеллє
B.L	uk	Шаблон:Європейська партія ліберальних демократів і реформаторів
B.L	uk	Шаблон:Назва країни AND
B.L	uk	Шаблон:Назва країни ARM
B.L	uk	Шаблон:Назва країни AUT
B.L	uk	Шаблон:Назва країни AZE
B.L	uk	Шаблон:Назва країни BEL
B.L	uk	Шаблон:Назва країни BGR
B.L	uk	Шаблон:Назва країни BIH
B.L	uk	Шаблон:Назва країни CHE
B.L	uk	Шаблон:Назва країни CYP
B.L	uk	Шаблон:Назва країни DEU
B.L	uk	Шаблон:Назва країни DNK
B.L	uk	Шаблон:Назва країни EST
B.L	uk	Шаблон:Назва країни FIN
B.L	uk	Шаблон:Назва країни FRA
B.L	uk	Шаблон:Назва країни GBR
B.L	uk	Шаблон:Назва країни GEO
B.L	uk	Шаблон:Назва країни HRV
B.L	uk	Шаблон:Назва країни HUN
B.L	uk	Шаблон:Назва країни IRL
B.L	uk	Шаблон:Назва країни ITA
B.L	uk	Шаблон:Назва країни LTU
B.L	uk	Шаблон:Назва країни LUX
B.L	uk	Шаблон:Назва країни LVA
B.L	uk	Шаблон:Назва країни MDA
B.L	uk	Шаблон:Назва країни MKD
B.L	uk	Шаблон:Назва країни NLD
B.L	uk	Шаблон:Назва країни NOR
B.L	uk	Шаблон:Назва країни POL
B.L	uk	Шаблон:Назва країни ROU
B.L	uk	Шаблон:Назва країни RUS
B.L	uk	Шаблон:Назва країни SRB
B.L	uk	Шаблон:Назва країни SVK
B.L	uk	Шаблон:Назва країни SVN
B.L	uk	Шаблон:Назва країни SWE
B.L	uk	Обговорення шаблону:Європейська партія ліберальних демократів і реформаторів
B.L	tr	Alman
B.L	tr	Alman Bölge Parlamentoları
B.L	tr	Almanca
B.L	tr	Almanya
B.L	tr	Avrupa
B.L	tr	Avrupa Parlamentosu
B.L	tr	Bundestag
B.L	tr	Christian Lindner
B.L	tr	DDP
B.L	tr	DVP
B.L	tr	Liberalizm
B.L	tr	Merkez sağ
B.L	tr	Philipp Rösler
B.L	tr	Siyasi parti
B.L	tr	Vikipedi:Madde
B.L	tr	Vikipedi:Taslak madde
B.L	sv	11 december
B.L	sv	1948
B.L	sv	1969
B.L	sv	1982
B.L	sv	1998
B.L	sv	Allians 90/De gröna
B.L	sv	Andra världskriget
B.L	sv	Berlin
B.L	sv	Berlinmurens fall
B.L	sv	Blockpartierna
B.L	sv	Blå
B.L	sv	CDU
B.L	sv	CDU/CSU
B.L	sv	Den stora koalitionen
B.L	sv	Deutsche Demokratische Partei
B.L	sv	Deutsche Volkspartei
B.L	sv	Erich Mende
B.L	sv	Europaparlamentet
B.L	sv	Europaparlamentsvalet 2004
B.L	sv	FDP. Liberalerna
B.L	sv	Franz Blücher
B.L	sv	Förbundsdagen
B.L	sv	Förkortning
B.L	sv	Gruppen Alliansen liberaler och demokrater för Europa
B.L	sv	Guido Westerwelle
B.L	sv	Gul
B.L	sv	Gustav Stresemann
B.L	sv	Hans-Dietrich Genscher
B.L	sv	Helmut Kohl
B.L	sv	Helmut Schmidt
B.L	sv	Heppenheim an der Bergstraße
B.L	sv	Ideologi
B.L	sv	Klaus Kinkel
B.L	sv	Liberal-Demokratische Partei Deutschlands
B.L	sv	Liberal International
B.L	sv	Liberalism
B.L	sv	Martin Bangemann
B.L	sv	Nationaldemokratiska partiet i Tyskland
B.L	sv	Otto Graf Lambsdorff
B.L	sv	Partiet Alliansen liberaler och demokrater för Europa
B.L	sv	Philipp Rösler
B.L	sv	Politiskt parti
B.L	sv	Regeringen Merkel II
B.L	sv	Reinhold Maier
B.L	sv	SPD
B.L	sv	Theodor Heuss
B.L	sv	Thomas Dehler
B.L	sv	Tyska nationalliberala partiet
B.L	sv	Tyskland
B.L	sv	Västtyskland
B.L	sv	Walter Scheel
B.L	sv	Walther Rathenau
B.L	sv	Wilhelm Külz
B.L	sv	Willy Brandt
B.L	sv	Wolfgang Gerhardt
B.L	sr	1948
B.L	sr	Бундестаг
B.L	sr	Гидо Вестервеле
B.L	sr	Клаус Кинкел
B.L	sr	Левица (Немачка)
B.L	sr	Либерализам
B.L	sr	Национал-демократска партија Немачке
B.L	sr	Немачка
B.L	sr	Немачка комунистичка партија
B.L	sr	Политика Немачке
B.L	sr	Политичка партија
B.L	sr	Савез 90/Зелени
B.L	sr	Социјалдемократска партија Немачке
B.L	sr	Ханс-Дитрих Геншер
B.L	sr	Хришћанско-демократска унија Немачке
B.L	sr	Хришћанско-социјална унија Баварске
B.L	sr	Разговор:Странка слободних демократа (Немачка)
B.L	sr	Википедија:Навођење извора
B.L	sr	Википедија:Поуздани извори
B.L	sr	Шаблон:Политичке партије у Немачкој
B.L	sr	Разговор о шаблону:Политичке партије у Немачкој
B.L	sr	Категорија:Немачки политичари
B.L	sr	Категорија:Политичке партије у Немачкој
B.L	sq	Guido Westerwelle
B.L	stq	Düütske Buundesdaiwoalen 2009
B.L	stq	Düütsklound
B.L	ru	11 декабря
B.L	ru	1948
B.L	ru	1969
B.L	ru	1982
B.L	ru	1998
B.L	ru	2005
B.L	ru	2009 год
B.L	ru	5 декабря
B.L	ru	Альянс либералов и демократов за Европу (партия)
B.L	ru	Ангела Меркель
B.L	ru	Баден-Вюртемберг
B.L	ru	Большая коалиция
B.L	ru	Бранденбург
B.L	ru	Бундестаг Германии
B.L	ru	Выборы в бундестаг (2009)
B.L	ru	ГДР
B.L	ru	Германия
B.L	ru	Германский бундестаг
B.L	ru	Герхард Шрёдер
B.L	ru	Граждане в гневе
B.L	ru	Делатель королей
B.L	ru	Дёринг, Патрик
B.L	ru	Ландтаг
B.L	ru	Левые (партия, Германия)
B.L	ru	Либерализм
B.L	ru	Либерально-демократическая партия (ГДР)
B.L	ru	Либеральный интернационал
B.L	ru	Молодые либералы
B.L	ru	Национал-демократическая партия Германии
B.L	ru	Национально-демократическая партия Германии (ГДР)
B.L	ru	Немецкий язык
B.L	ru	Отто Ламбсдорф
B.L	ru	Партия зелёных (Германия)
B.L	ru	Партия пиратов Германии
B.L	ru	Политическая партия
B.L	ru	Политические партии Германии
B.L	ru	Рёслер, Филипп
B.L	ru	СДПГ
B.L	ru	Свободная демократическая партия
B.L	ru	Социал-демократическая партия Германии
B.L	ru	Союз южношлезвигских избирателей
B.L	ru	Филипп Рёслер
B.L	ru	ХДС
B.L	ru	ХСС
B.L	ru	Хойс, Теодор
B.L	ru	Христианско-демократический союз Германии
B.L	ru	Христианско-социальный союз
B.L	ru	Википедия:Заготовка статьи
B.L	ru	Шаблон:Политические партии Германии
B.L	ru	Категория:Члены Свободной демократической партии Германии
B.L	ro	11 decembrie
B.L	ro	1948
B.L	ro	Albastru
B.L	ro	Alegeri în Germania
B.L	ro	Alegerile federale germane, 2009
B.L	ro	Angela Merkel
B.L	ro	Baden-Württemberg
B.L	ro	Berlin
B.L	ro	CDU
B.L	ro	CSU
B.L	ro	Comisia Europeană
B.L	ro	ELDR
B.L	ro	Galben
B.L	ro	Germania
B.L	ro	Guido Westerwelle
B.L	ro	Günter Verheugen
B.L	ro	Hans-Dietrich Genscher
B.L	ro	Internaționala Liberală
B.L	ro	Klaus Kinkel
B.L	ro	Landurile Germaniei
B.L	ro	Liberalism
B.L	ro	Limba germană
B.L	ro	Listă de partide politice din Germania
B.L	ro	Otto Graf Lambsdorff
B.L	ro	Philipp Rösler
B.L	ro	Politica Germaniei
B.L	ro	Renania-Palatinat
B.L	ro	Renania de Nord - Westfalia
B.L	ro	Republica Federală Germania
B.L	ro	SPD
B.L	ro	Sabine Leutheusser-Schnarrenberger
B.L	ro	Theodor Heuss
B.L	ro	Walter Scheel
B.L	ro	Wikipedia:Articolul ciot perfect
B.L	ro	Wikipedia:Găsește și repară un ciot
B.L	hsb	Němska
B.L	hsb	Philipp Rösler
B.L	hsb	Předłoha:Rq
B.L	hsb	Kategorija:Zarodk
B.L	pt	Alemanha
B.L	pt	Aliança 90/Os Verdes
B.L	pt	Angela Merkel
B.L	pt	Guido Westerwelle
B.L	pt	Hans-Dietrich Genscher
B.L	pt	Klaus Kinkel
B.L	pt	Língua alemã
B.L	pt	Otto Graf Lambsdorff
B.L	pt	Partido político
B.L	pt	Philipp Rösler
B.L	pt	Política
B.L	pt	Político
B.L	pt	Theodor Heuss
B.L	pt	União Democrata-Cristã
B.L	pt	União Social-Cristã
B.L	pt	Wikipédia:Esboço
B.L	pt	Wikipédia:Projetos/Ciências sociais
B.L	pt	Predefinição:Esboço-política
B.L	zh	1968年
B.L	zh	2001年
B.L	zh	2005年德国联邦选举
B.L	zh	Andreas Pinkwart
B.L	zh	Birgit Homburger
B.L	zh	Christoph Hartmann
B.L	zh	Cornelia Pieper
B.L	zh	Edzard Schmidt-Jortzig
B.L	zh	Emilie Kiep-Altenloh
B.L	zh	Freiburger Thesen
B.L	zh	Guido Westerwelle
B.L	zh	Günter Rexrodt
B.L	zh	Hans-Artur Bauckhage
B.L	zh	Hans-Dietrich Genscher
B.L	zh	Hans Friderichs
B.L	zh	Hans Kreher
B.L	zh	Heinz Lanfermann
B.L	zh	Helmut Haussmann
B.L	zh	Helmut Markwort
B.L	zh	Hermann Höpker-Aschoff
B.L	zh	Holger Zastrow
B.L	zh	John Rawls
B.L	zh	Josef Ertl
B.L	zh	Jörg-Uwe Hahn
B.L	zh	Jürgen Koppelin
B.L	zh	Jürgen W. Möllemann
B.L	zh	Karl-Heinz Paqué
B.L	zh	Karl-Hermann Flach
B.L	zh	Klaus Kinkel
B.L	zh	Leif Schrader
B.L	zh	Marie-Elisabeth Lüders
B.L	zh	Markus Löning
B.L	zh	Martin Bangemann
B.L	zh	Otto Graf Lambsdorff
B.L	zh	Parlamentarischer Rat
B.L	zh	Peter Bollhagen
B.L	zh	Rainer Brüderle
B.L	zh	Reinhold Maier
B.L	zh	Robert Philipp Nöll von der Nahmer
B.L	zh	Rudolf Augstein
B.L	zh	Ruhr-Universität
B.L	zh	Sabine Leutheusser-Schnarrenberger
B.L	zh	Thomas Bach
B.L	zh	Uwe Barth
B.L	zh	Walter Hirche
B.L	zh	Walter Scheel
B.L	zh	Wolfgang Haußmann
B.L	zh	一体化学校
B.L	zh	下萨克森
B.L	zh	不来梅
B.L	zh	中間偏右
B.L	zh	亲德公民运动
B.L	zh	人类环境动物保护
B.L	zh	保守主义
B.L	zh	全日制小学
B.L	zh	全民公决
B.L	zh	全球化
B.L	zh	共产主义
B.L	zh	共和主义者党
B.L	zh	农业联盟
B.L	zh	北莱茵-威斯特法伦
B.L	zh	南石勒苏益格选民联盟
B.L	zh	古典自由主義
B.L	zh	国家
B.L	zh	国家社会主义自由运动
B.L	zh	国民补助金
B.L	zh	图林根
B.L	zh	國際自由聯盟
B.L	zh	土耳其
B.L	zh	基督徒圣经永久党
B.L	zh	基督教中间党
B.L	zh	基督教国家佃农和农民党
B.L	zh	基督教社会人民服务党
B.L	zh	增值税
B.L	zh	天主教
B.L	zh	巴伐利亚
B.L	zh	巴伐利亚人民党
B.L	zh	巴伐利亚党
B.L	zh	巴伐利亚农民联盟
B.L	zh	巴登-符腾堡
B.L	zh	布蘭登堡
B.L	zh	平均主义
B.L	zh	平均地权论
B.L	zh	弗里森党
B.L	zh	德国
B.L	zh	德国中产阶级帝国党
B.L	zh	德国中央党
B.L	zh	德国中间党
B.L	zh	德国人民党
B.L	zh	德国人民党 (1868)
B.L	zh	德国保守人民党
B.L	zh	德国保守党
B.L	zh	德国共产主义工人党
B.L	zh	德国共产党
B.L	zh	德国共产党 (1990)
B.L	zh	德国共产党 (反对派)
B.L	zh	德国共产党 (罗特·摩根)
B.L	zh	德国农民党
B.L	zh	德国农民民主党
B.L	zh	德国国家人民党
B.L	zh	德国国家党
B.L	zh	德国国家民主党 (东德)
B.L	zh	德国国家自由党
B.L	zh	德国基督教民主联盟
B.L	zh	德国基督教民主联盟 (东德)
B.L	zh	德国基督教社会党
B.L	zh	德国女权主义党
B.L	zh	德国家庭党
B.L	zh	德国工人党
B.L	zh	德国工人总协会
B.L	zh	德国左派党
B.L	zh	德国政党
B.L	zh	德国政党列表
B.L	zh	德国民主党
B.L	zh	德国汉诺威党
B.L	zh	德国独立社会民主党
B.L	zh	德国社会主义工人党
B.L	zh	德国社会党
B.L	zh	德国社会平等党
B.L	zh	德国社会民主党
B.L	zh	德国社会民主工人党
B.L	zh	德国社会联盟 (东德)
B.L	zh	德国种族自由党
B.L	zh	德国统一社会党
B.L	zh	德国绿党
B.L	zh	德国联邦宪法法庭
B.L	zh	德国联邦议会
B.L	zh	德国联邦议院
B.L	zh	德国自由保守党
B.L	zh	德国自由奔放党
B.L	zh	德国自由民主党 (东德)
B.L	zh	德国议会
B.L	zh	德国进步人民党
B.L	zh	德国进步党
B.L	zh	德国革命社会主义联盟
B.L	zh	德国马列主义党
B.L	zh	德國國家民主黨
B.L	zh	德國政治
B.L	zh	德國行政區劃
B.L	zh	德國选举
B.L	zh	德語
B.L	zh	意识形态
B.L	zh	憤怒公民黨
B.L	zh	扩大窃听范围法
B.L	zh	投资环境
B.L	zh	拜仁基督教社会联盟
B.L	zh	收入税
B.L	zh	政党
B.L	zh	政党列表
B.L	zh	政治光譜
B.L	zh	教会
B.L	zh	斯塔特党
B.L	zh	新自由主义
B.L	zh	无忧党人民党
B.L	zh	无政府主义朋克党
B.L	zh	明镜周刊
B.L	zh	柏林
B.L	zh	梅克伦堡-前波美拉尼亚
B.L	zh	欧盟
B.L	zh	欧盟宪法
B.L	zh	歐洲自由民主改革黨
B.L	zh	歐洲自由民主聯盟
B.L	zh	歐洲議會
B.L	zh	歐洲議會黨團
B.L	zh	民权和通货紧缩帝国党
B.L	zh	民权运动团结党
B.L	zh	汉堡
B.L	zh	法西斯主义
B.L	zh	海盗党
B.L	zh	焦点杂志
B.L	zh	理由党
B.L	zh	生态民主党
B.L	zh	石勒苏益格-荷尔施泰茵
B.L	zh	社会主义
B.L	zh	社会民主主义
B.L	zh	移民家庭
B.L	zh	税法
B.L	zh	税率
B.L	zh	經濟自由主義
B.L	zh	纳粹党
B.L	zh	联邦宪法法院
B.L	zh	腓特烈·瑙曼基金會
B.L	zh	自由 (德国政党)
B.L	zh	自由主义
B.L	zh	自由主義
B.L	zh	自由选民
B.L	zh	莱茵-普法尔兹
B.L	zh	菲利普·羅斯勒
B.L	zh	萨克森
B.L	zh	萨克森-安哈尔特
B.L	zh	萨尔
B.L	zh	选择德国党
B.L	zh	金融時報
B.L	zh	黑森
B.L	zh	Template:德国政党
B.L	zh	Template:德國政黨
B.L	zh	Template talk:德国政党
B.L	zh	Portal:政治
B.L	diq	Almanki
B.L	diq	Almanya
B.L	diq	Partiyê Almanya
CN	de	Freie_Demokratische_Partei
IWL	fi	Vapaa demokraattinen puolue
IWL	fr	Parti libéral-démocrate (Allemagne)
IWL	he	המפלגה הדמוקרטית החופשית
IWL	eu	Alderdi Demokratiko Askea
IWL	fa	حزب دموکرات آزاد آلمان
IWL	el	Ελεύθερο Δημοκρατικό Κόμμα (Γερμανία)
IWL	eo	Libera Demokrata Partio
IWL	en	Free Democratic Party (Germany)
IWL	et	Vaba Demokraatlik Partei
IWL	es	Partido Democrático Liberal
IWL	ca	Partit Democràtic Lliure
IWL	bs	Slobodna demokratska partija
IWL	bg	Свободна демократическа партия
IWL	pdc	FDP
IWL	da	FDP
IWL	nds	Fre’e Demokraatsche Partei
IWL	cs	Svobodná demokratická strana
IWL	als	Freie Demokratische Partei
IWL	ar	الحزب الديمقراطي الحر
IWL	no	Freie Demokratische Partei
IWL	nn	Freie Demokratische Partei
IWL	pl	Wolna Partia Demokratyczna
IWL	bar	FDP
IWL	lt	Laisvoji demokratų partija
IWL	ms	Parti Demokratik Bebas (Jerman)
IWL	nl	Freie Demokratische Partei
IWL	ka	გერმანიის თავისუფალი დემოკრატიული პარტია
IWL	ku	Partiya Azad a Demokrat
IWL	ko	자유민주당 (독일)
IWL	la	Factio democratica liberalis Germaniae
IWL	hr	Slobodna demokratska stranka (Njemačka)
IWL	hu	Német Szabaddemokrata Párt
IWL	it	Partito Liberale Democratico (Germania)
IWL	ja	自由民主党 (ドイツ)
IWL	vi	Đảng Dân chủ Tự do (Đức)
IWL	simple	Free Democratic Party (Germany)
IWL	uk	Вільна демократична партія
IWL	tr	Hür Demokratik Parti (Almanya)
IWL	sv	FDP
IWL	sr	Странка слободних демократа (Немачка)
IWL	sq	Freie Demokratische Partei
IWL	stq	Fräie Demokratiske Paatäi
IWL	ru	Свободная демократическая партия (Германия)
IWL	ro	Partidul Liber Democrat (Germania)
IWL	hsb	Freie Demokratische Partei
IWL	pt	Partido Democrático Liberal
IWL	zh	德国自由民主党
IWL	diq	Partiya Azada Demokrate
