A.L	de	AG & Co. KGaA
A.L	de	Aachen
A.L	de	Adidas
A.L	de	Albrecht Woeste
A.L	de	Allianz SE
A.L	de	Altana
A.L	de	Arizona
A.L	de	Ata (Scheuermittel)
A.L	de	Aufsichtsrat
A.L	de	Automobilfertigung
A.L	de	BASF
A.L	de	BMW
A.L	de	Babcock Borsig
A.L	de	Bayer AG
A.L	de	Bayerische Hypotheken- und Wechsel-Bank
A.L	de	Bayerische Vereinsbank
A.L	de	Beiersdorf AG
A.L	de	Bernd Venohr
A.L	de	Bilanzsumme
A.L	de	Ceresit
A.L	de	Cognis
A.L	de	Commerzbank
A.L	de	Continental AG
A.L	de	Corporate Design
A.L	de	DAX
A.L	de	DDR
A.L	de	Daimler AG
A.L	de	Deutsche Bank
A.L	de	Deutsche Börse
A.L	de	Deutsche Post AG
A.L	de	Deutsche Telekom
A.L	de	Deutschland
A.L	de	Diadermine
A.L	de	Dichtstoff
A.L	de	Dixan
A.L	de	Dow Jones Sustainability Index
A.L	de	Dr.-Jost-Henkel-Stiftung
A.L	de	Dresdner Bank
A.L	de	Düsseldorf
A.L	de	Düsseldorf-Holthausen
A.L	de	E.ON
A.L	de	Ecolab
A.L	de	Elektronik
A.L	de	Energiepolitischer Appell
A.L	de	Epcos
A.L	de	Erlös
A.L	de	Euro
A.L	de	Europäische Kommission
A.L	de	Evonik Degussa
A.L	de	Fa (Marke)
A.L	de	Feldmühle (Unternehmen)
A.L	de	Ferdinand Sichel
A.L	de	Fewa
A.L	de	Florian Langenscheidt
A.L	de	Frankreich
A.L	de	Fresenius (Unternehmen)
A.L	de	Fresenius Medical Care
A.L	de	Friedrich Karl Henkel
A.L	de	Genthin
A.L	de	Gerda Henkel Stiftung
A.L	de	Gewinn
A.L	de	Gewinn- und Verlustrechnung
A.L	de	Gliss Kur
A.L	de	Global Compact
A.L	de	Gründung (Recht)
A.L	de	Hannover Rück
A.L	de	HeidelbergCement
A.L	de	Hoechst
A.L	de	Hypo Real Estate
A.L	de	Infineon
A.L	de	International Securities Identification Number
A.L	de	Jahr
A.L	de	Joint venture
A.L	de	Jost Henkel
A.L	de	K+S
A.L	de	KGaA
A.L	de	Karstadt
A.L	de	Kasper Rorsted
A.L	de	Kernkraftwerk
A.L	de	Kernseife
A.L	de	Klebstoff
A.L	de	Kohlekraftwerk
A.L	de	Kohlenstoffdioxid
A.L	de	Kommanditgesellschaft
A.L	de	Konsumgüter
A.L	de	Kosmetik
A.L	de	Kuala Lumpur
A.L	de	Körperpflege
A.L	de	Lanxess
A.L	de	Linde AG
A.L	de	Liofol
A.L	de	Loctite
A.L	de	London
A.L	de	Luft- und Raumfahrttechnik
A.L	de	Lufthansa
A.L	de	MAN
A.L	de	MLP AG
A.L	de	Malaysia
A.L	de	Mannesmann
A.L	de	Medizintechnik
A.L	de	Merck KGaA
A.L	de	Metro AG
A.L	de	Metylan
A.L	de	Minden an der Weser
A.L	de	Mitarbeiter
A.L	de	Munich Re
A.L	de	Nixdorf Computer
A.L	de	Oberbilk
A.L	de	Oberflächentechnik
A.L	de	Ohligs
A.L	de	Palmöl
A.L	de	Pattex
A.L	de	Persil
A.L	de	Perwoll
A.L	de	Poly Color
A.L	de	Ponal
A.L	de	Postbank
A.L	de	Preussag
A.L	de	Pril
A.L	de	Pritt
A.L	de	Product Carbon Footprint
A.L	de	Produkt (Wirtschaft)
A.L	de	RWE
A.L	de	Rechtsform
A.L	de	Reckitt Benckiser
A.L	de	Reinigungsmittel
A.L	de	Responsible Care
A.L	de	Rhein
A.L	de	Roundtable on Sustainable Palm Oil
A.L	de	SAP
A.L	de	Salzgitter AG
A.L	de	Schauma
A.L	de	Schwarzkopf (Haarkosmetik)
A.L	de	Scottsdale
A.L	de	Sidolin
A.L	de	Siemens
A.L	de	Simone Bagel-Trah
A.L	de	Sista
A.L	de	Sitz (juristische Person)
A.L	de	Slogan
A.L	de	Somat
A.L	de	Spee (Waschmittel)
A.L	de	Steuer
A.L	de	Syoss
A.L	de	TUI
A.L	de	TV-Spot
A.L	de	Taft (Haarpflegeprodukt)
A.L	de	Tangit
A.L	de	Teroson
A.L	de	Terra (Marke)
A.L	de	Terra (Waschmittel)
A.L	de	ThyssenKrupp
A.L	de	Tochtergesellschaft
A.L	de	USA
A.L	de	Ulrich Lehner
A.L	de	Unternehmensführung
A.L	de	Unternehmensübernahme
A.L	de	VEBA
A.L	de	VIAG
A.L	de	Vereinigtes Königreich
A.L	de	Vereinte Nationen
A.L	de	Vernel
A.L	de	Volkseigener Betrieb
A.L	de	Volkswagen AG
A.L	de	Waschmittel
A.L	de	Wasserglas
A.L	de	Website
A.L	de	Weißer Riese (Waschmittel)
A.L	de	World Business Council for Sustainable Development
B.L	fi	1876
B.L	fi	Adidas
B.L	fi	Allianz
B.L	fi	BASF
B.L	fi	BMW
B.L	fi	Bayer
B.L	fi	Beiersdorf
B.L	fi	Commerzbank
B.L	fi	DAX-indeksi
B.L	fi	Daimler
B.L	fi	Deutsche Bank
B.L	fi	Deutsche Börse
B.L	fi	Deutsche Post
B.L	fi	Deutsche Telekom
B.L	fi	Düsseldorf
B.L	fi	E.ON
B.L	fi	Frankfurtin pörssi
B.L	fi	Fresenius
B.L	fi	Fresenius Medical Care
B.L	fi	Hannover Re
B.L	fi	K+S
B.L	fi	KGaA
B.L	fi	Kasper Rorsted
B.L	fi	Kosmetiikka
B.L	fi	Liikevaihto
B.L	fi	Liikevoitto
B.L	fi	Liimateknologiat
B.L	fi	Linde
B.L	fi	Lufthansa
B.L	fi	MAN (yritys)
B.L	fi	METRO AG
B.L	fi	Merck KGaA
B.L	fi	Munich Re
B.L	fi	Pesu- ja puhdistusaineet
B.L	fi	RWE
B.L	fi	SAP (yritys)
B.L	fi	Saksa
B.L	fi	Salzgitter (yritys)
B.L	fi	Siemens
B.L	fi	ThyssenKrupp
B.L	fi	Volkswagen
B.L	fi	Yhtiömuoto
B.L	fi	Yritys
B.L	fi	Wikipedia:Tynkä
B.L	fi	Luokka:Yritystyngät
B.L	fr	1876
B.L	fr	Adidas
B.L	fr	Aix-la-Chapelle
B.L	fr	Allemagne
B.L	fr	Allianz
B.L	fr	BASF
B.L	fr	Bayer (entreprise)
B.L	fr	Bayerische Motoren Werke
B.L	fr	Beiersdorf
B.L	fr	Berlin
B.L	fr	Biens et services marchands
B.L	fr	Capital social
B.L	fr	Capitaux propres
B.L	fr	Chef d'entreprise
B.L	fr	Chief executive officer
B.L	fr	Chiffre d'affaires
B.L	fr	Colgate-Palmolive
B.L	fr	Colle
B.L	fr	Colle en bâton
B.L	fr	Commerzbank
B.L	fr	Conseil de surveillance
B.L	fr	Continental AG
B.L	fr	Cosmétique
B.L	fr	DAX
B.L	fr	Daimler (entreprise)
B.L	fr	Deutsche Bank
B.L	fr	Deutsche Börse
B.L	fr	Deutsche Post
B.L	fr	Deutsche Telekom
B.L	fr	Düsseldorf
B.L	fr	E.ON
B.L	fr	Entreprise
B.L	fr	Famille Henkel
B.L	fr	Filiale
B.L	fr	Fresenius
B.L	fr	Fresenius Medical Care
B.L	fr	Fritz Henkel
B.L	fr	HeidelbergCement
B.L	fr	Infineon Technologies
B.L	fr	Jahr Vermögensverwaltung
B.L	fr	K+S
B.L	fr	Lanxess
B.L	fr	Lesieur (huile)
B.L	fr	Lessive
B.L	fr	Linde AG
B.L	fr	Loctite
B.L	fr	Lufthansa
B.L	fr	Merck KGaA
B.L	fr	Munich Re
B.L	fr	Mur de Berlin
B.L	fr	Persil (détergent)
B.L	fr	RWE
B.L	fr	Rhodia
B.L	fr	République démocratique allemande
B.L	fr	Résultat net
B.L	fr	SAP (entreprise)
B.L	fr	Savon
B.L	fr	Secteur d'activité
B.L	fr	Shampooing
B.L	fr	Siemens (entreprise)
B.L	fr	Site web
B.L	fr	Siège social
B.L	fr	Slogan publicitaire
B.L	fr	Société en commandite par actions
B.L	fr	Société mère
B.L	fr	Technologie
B.L	fr	ThyssenKrupp
B.L	fr	Union Générale des Savonneries de Marseille
B.L	fr	Union des républiques socialistes soviétiques
B.L	fr	Unipol (huilerie)
B.L	fr	Vienne (Autriche)
B.L	fr	Volkswagen (entreprise)
B.L	fr	Discussion:Henkel/À faire
B.L	fr	Wikipédia:Citez vos sources
B.L	fr	Wikipédia:Liste
B.L	fr	Wikipédia:Notoriété des entreprises, sociétés et produits
B.L	fr	Modèle:Infobox Société
B.L	fr	Modèle:Palette DAX
B.L	fr	Modèle:Ébauche/paramètres chimie
B.L	fr	Modèle:Ébauche/paramètres entreprise allemande
B.L	fr	Discussion modèle:Palette DAX
B.L	fr	Aide:Comment modifier une page
B.L	fr	Aide:Note
B.L	fr	Aide:Référence nécessaire
B.L	fr	Aide:Ébauche
B.L	fr	Catégorie:Article manquant de référence depuis avril 2012
B.L	fr	Catégorie:Entreprise par date de fondation
B.L	fr	Catégorie:Forme juridique des entreprises
B.L	fr	Catégorie:Portail:Allemagne/Articles liés
B.L	fr	Catégorie:Portail:Chimie/Articles liés
B.L	fr	Catégorie:Portail:Entreprises/Articles liés
B.L	fr	Portail:Allemagne
B.L	fr	Portail:Chimie
B.L	fr	Portail:Entreprises
B.L	fr	Projet:Entreprises/Cartographie des marques par groupe
B.L	fa	آخن
B.L	fa	آدیداس
B.L	fa	آلمان
B.L	fa	آلیانز
B.L	fa	ار وه ئه
B.L	fa	اس آ پ
B.L	fa	ای.اوان
B.L	fa	اینفینئون
B.L	fa	ب ام و
B.L	fa	باسف
B.L	fa	بایر (شرکت)
B.L	fa	بایرسدورف
B.L	fa	بورس آلمان
B.L	fa	تیسن‌کروپ
B.L	fa	دایملر آ گ
B.L	fa	دوسلدورف
B.L	fa	دویچه بانک
B.L	fa	دویچه تلکوم
B.L	fa	دویچه پست
B.L	fa	زبان آلمانی
B.L	fa	زیمنس
B.L	fa	شهرک صنعتی کاوه
B.L	fa	فرزنیوس اس ا
B.L	fa	فرزنیوس مدیکال کر
B.L	fa	لانکسس
B.L	fa	لوفت‌هانزا
B.L	fa	لینده
B.L	fa	مرک
B.L	fa	مونیخ ره
B.L	fa	هایدلبرگ‌سمنت
B.L	fa	کا+اس
B.L	fa	کومرتزبانک
B.L	fa	کونتیننتال آگ
B.L	fa	گروه فولکس‌واگن
B.L	fa	ویکی‌پدیا:اثبات‌پذیری
B.L	fa	الگو:شرکت‌های دکس
B.L	fa	بحث الگو:شرکت‌های دکس
B.L	en	Aachen
B.L	en	Adhesive
B.L	en	Adidas
B.L	en	Advertising
B.L	en	Aktiengesellschaft
B.L	en	AkzoNobel
B.L	en	Allianz
B.L	en	Asset
B.L	en	BASF
B.L	en	BMW
B.L	en	Bayer AG
B.L	en	Beef extract
B.L	en	Beiersdorf
B.L	en	Berlin
B.L	en	Bostik
B.L	en	Bubble bath
B.L	en	Caulk
B.L	en	Central Asia
B.L	en	Chairman
B.L	en	Chief executive officer
B.L	en	Cleaning agent
B.L	en	Clorox
B.L	en	Cognis
B.L	en	Commerzbank
B.L	en	Continental AG
B.L	en	Corporate and Brand Engagement
B.L	en	Corporate citizenship
B.L	en	Cosmetics
B.L	en	DAX
B.L	en	Daimler AG
B.L	en	Deodorant
B.L	en	Deutsche Bank
B.L	en	Deutsche Börse
B.L	en	Deutsche Post
B.L	en	Deutsche Telekom
B.L	en	Diadermine (cosmetics)
B.L	en	Dial (company)
B.L	en	Dial (soap)
B.L	en	Dial Corporation
B.L	en	Dial Soap
B.L	en	Dishwasher powder
B.L	en	Dishwashing liquid
B.L	en	Dow Jones Sustainability Index
B.L	en	Duisburg
B.L	en	Düsseldorf
B.L	en	Düsseldorf-Holthausen
B.L	en	E.ON
B.L	en	Earnings before interest and taxes
B.L	en	Eastern Europe
B.L	en	Enzyme
B.L	en	Equity (finance)
B.L	en	Euro
B.L	en	Exhibition
B.L	en	Fa (brand)
B.L	en	Fabric softener
B.L	en	Frankfurt Stock Exchange
B.L	en	Fresenius (company)
B.L	en	Fresenius Medical Care
B.L	en	General partnership
B.L	en	Germany
B.L	en	Glue stick
B.L	en	Hair colorants
B.L	en	Hamburg
B.L	en	Head shampoo
B.L	en	HeidelbergCement
B.L	en	Henkel (disambiguation)
B.L	en	Infineon Technologies
B.L	en	Jyothy Laboratories
B.L	en	K+S
B.L	en	Kommanditgesellschaft auf Aktien
B.L	en	L'Oréal
B.L	en	Lanxess
B.L	en	Laundry
B.L	en	Laundry detergent
B.L	en	Loctite
B.L	en	Lufthansa
B.L	en	Merck KGaA
B.L	en	Munich Re
B.L	en	Net income
B.L	en	North Rhine-Westphalia
B.L	en	Occupation of the Ruhr
B.L	en	Office supplies
B.L	en	Persil
B.L	en	Personal care
B.L	en	Pomade
B.L	en	Pound sterling
B.L	en	Pritt
B.L	en	Prize
B.L	en	Procter & Gamble
B.L	en	Procter and Gamble
B.L	en	Purex (laundry detergent)
B.L	en	RWE
B.L	en	Reckitt Benckiser
B.L	en	Right Guard
B.L	en	Roundtable on Sustainable Palm Oil
B.L	en	SAP AG
B.L	en	Scottsdale, Arizona
B.L	en	Sealant
B.L	en	Securities and Exchange Board of India
B.L	en	Shampoo
B.L	en	Shower gel
B.L	en	Siemens
B.L	en	Soap
B.L	en	Sodium carbonate
B.L	en	Sodium silicate
B.L	en	Starch
B.L	en	Subsidiary
B.L	en	Supervisory board
B.L	en	The Linde Group
B.L	en	ThyssenKrupp
B.L	en	Ticker symbol
B.L	en	Toothpaste
B.L	en	Types of business entity
B.L	en	Ultramarine
B.L	en	Unilever
B.L	en	United Nations Global Compact
B.L	en	Vienna
B.L	en	Volkswagen Group
B.L	en	Wismar
B.L	en	World Business Council for Sustainable Development
B.L	en	Wikipedia:Verifiability
B.L	en	Template:Citation needed
B.L	en	Template:DAX companies
B.L	en	Template:Portal/Images/Companies
B.L	en	Template talk:DAX companies
B.L	en	Help:Introduction to referencing/1
B.L	en	Category:Articles needing additional references from April 2009
B.L	en	Portal:Companies
B.L	es	1876
B.L	es	Adhesivo
B.L	es	Alemania
B.L	es	Aquisgrán
B.L	es	Austria
B.L	es	Bloomberg TV
B.L	es	Carbonato de sodio
B.L	es	Champú
B.L	es	Cosmético
B.L	es	Desodorante
B.L	es	Detergente
B.L	es	Dial Corporation
B.L	es	Düsseldorf
B.L	es	Euro
B.L	es	Fa (marca)
B.L	es	Fusiones y adquisiciones
B.L	es	Gel para ducha
B.L	es	ISBN
B.L	es	Imperio Alemán
B.L	es	Industria
B.L	es	Inglaterra
B.L	es	Italia
B.L	es	Jabón
B.L	es	Lavavajilla
B.L	es	Peinado
B.L	es	Persil
B.L	es	Pomada
B.L	es	Pritt
B.L	es	Publicidad
B.L	es	Química
B.L	es	Recubrimiento
B.L	es	Rin
B.L	es	Río Ruhr
B.L	es	Sajonia-Anhalt
B.L	es	Schwarzkopf
B.L	es	Segunda Guerra Mundial
B.L	es	Sellador
B.L	es	Silicato
B.L	es	Sitio web
B.L	es	Suavizante
B.L	es	Tinte
B.L	es	Wikimedia Commons
B.L	es	Zona industrial
B.L	ca	Adidas
B.L	ca	Alemanya
B.L	ca	Allianz
B.L	ca	BASF
B.L	ca	BMW
B.L	ca	Bayer
B.L	ca	Beiersdorf
B.L	ca	Commerzbank
B.L	ca	DAX
B.L	ca	Daimler AG
B.L	ca	Deutsche Bank
B.L	ca	Deutsche Börse
B.L	ca	Deutsche Post
B.L	ca	Deutsche Telekom
B.L	ca	E.ON
B.L	ca	Fresenius Medical Care
B.L	ca	Fresenius SE
B.L	ca	Infineon Technologies
B.L	ca	K+S
B.L	ca	Lleixiu
B.L	ca	Lufthansa
B.L	ca	MAN SE
B.L	ca	Merck KGaA
B.L	ca	Metro AG
B.L	ca	Munich Re
B.L	ca	Neteja
B.L	ca	Publicitat
B.L	ca	RWE
B.L	ca	SAP AG
B.L	ca	Salzgitter AG
B.L	ca	Siemens AG
B.L	ca	The Linde Group
B.L	ca	ThyssenKrupp
B.L	ca	Volkswagen Group
B.L	ca	Plantilla:Bandera/Germany
B.L	ca	Plantilla:Empreses DAX
B.L	bg	Аахен
B.L	bg	Германия
B.L	bg	Дюселдорф
B.L	bg	Беседа:Хенкел
B.L	bg	Уикипедия:Авторско право
B.L	bg	Уикипедия:Наръчник/Форматиране
B.L	da	1876
B.L	da	Adidas
B.L	da	Allianz
B.L	da	BASF
B.L	da	BMW
B.L	da	Bayer
B.L	da	Beiersdorf AG
B.L	da	Børs
B.L	da	Commerzbank
B.L	da	Continental AG
B.L	da	DAX
B.L	da	Daimler AG
B.L	da	Deutsche Bank
B.L	da	Deutsche Börse
B.L	da	Deutsche Post
B.L	da	Deutsche Telekom
B.L	da	E.ON
B.L	da	Firma
B.L	da	Frankfurt am Main
B.L	da	Fresenius Medical Care
B.L	da	Fresenius SE
B.L	da	Fugemasse
B.L	da	HeidelbergCement
B.L	da	Infineon Technologies
B.L	da	K+S
B.L	da	KGaA
B.L	da	Kasper Rorsted
B.L	da	Kosmetik
B.L	da	Kropspleje
B.L	da	Lanxess
B.L	da	Lim
B.L	da	Linde AG
B.L	da	Lufthansa
B.L	da	Merck KGaA
B.L	da	Munich Re
B.L	da	Omsætning
B.L	da	Overfladeteknink
B.L	da	RWE
B.L	da	Rengøringsmidler
B.L	da	SAP AG
B.L	da	Selskabsform
B.L	da	Siemens AG
B.L	da	Slogan
B.L	da	ThyssenKrupp
B.L	da	Tyskland
B.L	da	Varemærke
B.L	da	Vaske-
B.L	da	Virksomhed
B.L	da	Volkswagen Aktiengesellschaft
B.L	da	Websted
B.L	da	Wikimedia Commons
B.L	da	Hjælp:Artikeludvidelse
B.L	da	Hjælp:Stub
B.L	ar	2002
B.L	ar	آسيا الوسطى
B.L	ar	أريزونا
B.L	ar	ألمانيا
B.L	ar	أمريكا الشمالية
B.L	ar	أوروبا
B.L	ar	أوروبا الوسطى
B.L	ar	الأرباح
B.L	ar	التنظيف
B.L	ar	برلين
B.L	ar	بروكتر وغامبل
B.L	ar	جائزة
B.L	ar	دوسلدورف
B.L	ar	شامبو
B.L	ar	فيينا
B.L	ar	لاصق
B.L	ar	لغة إنجليزية
B.L	ar	لوريال
B.L	ar	مادة سادة
B.L	ar	مادة كيميائية
B.L	ar	معجون أسنان
B.L	ar	مغسلة
B.L	ar	ويكيميديا كومنز
B.L	ar	ينيليفر
B.L	ar	يورو
B.L	ar	ويكيبيديا:مصادر موثوقة
B.L	ar	ويكيبيديا:هوامش الصفحات
B.L	ar	ويكيبيديا:وثوقية
B.L	no	1876
B.L	no	Düsseldorf
B.L	no	Frankfurt
B.L	no	Husholdningsprodukter
B.L	no	Hygieneprodukter
B.L	no	KGaA
B.L	no	Kasper Rorsted
B.L	no	Kosmetikk
B.L	no	Lim
B.L	no	Overflatebehandling
B.L	no	Tetningsmasse
B.L	no	Tyskland
B.L	pl	Adidas
B.L	pl	Allianz
B.L	pl	BASF
B.L	pl	BMW
B.L	pl	Bayer AG
B.L	pl	Beiersdorf AG
B.L	pl	Bref
B.L	pl	Commerzbank
B.L	pl	DAX
B.L	pl	Daimler AG
B.L	pl	Deutsche Bank
B.L	pl	Deutsche Börse
B.L	pl	Deutsche Post
B.L	pl	Deutsche Telekom
B.L	pl	Düsseldorf
B.L	pl	E.ON
B.L	pl	Fresenius
B.L	pl	Fresenius Medical Care
B.L	pl	Henkel (ujednoznacznienie)
B.L	pl	Infineon
B.L	pl	K+S
B.L	pl	Koncern
B.L	pl	Linde AG
B.L	pl	Lufthansa
B.L	pl	MAN SE
B.L	pl	Merck KGaA
B.L	pl	Metro Group
B.L	pl	Munich Re
B.L	pl	Niemcy
B.L	pl	Persil
B.L	pl	Przedsiębiorstwo
B.L	pl	RWE (koncern)
B.L	pl	Racibórz
B.L	pl	SAP AG
B.L	pl	Salzgitter AG
B.L	pl	Schauma
B.L	pl	Siemens AG
B.L	pl	Somat
B.L	pl	ThyssenKrupp
B.L	pl	Volkswagen
B.L	pl	Wikipedia:Strona ujednoznaczniająca
B.L	pl	Szablon:DAX
B.L	pl	Dyskusja szablonu:DAX
B.L	nl	1876
B.L	nl	1932
B.L	nl	1935
B.L	nl	2002
B.L	nl	Adidas
B.L	nl	Afwasmiddel
B.L	nl	Aken (stad)
B.L	nl	Allianz
B.L	nl	BASF (chemieconcern)
B.L	nl	BMW
B.L	nl	Bayer
B.L	nl	Beiersdorf AG
B.L	nl	België
B.L	nl	Bref
B.L	nl	Brussel (stad)
B.L	nl	Carboxymethylcellulose
B.L	nl	Commerzbank
B.L	nl	Continental AG
B.L	nl	Cosmetica
B.L	nl	DAX-index
B.L	nl	Daimler (Duitsland)
B.L	nl	Detergent
B.L	nl	Deutsche Bank
B.L	nl	Deutsche Börse
B.L	nl	Deutsche Post
B.L	nl	Deutsche Telekom
B.L	nl	Dial Corporation
B.L	nl	Duitsland
B.L	nl	Düsseldorf
B.L	nl	E.ON
B.L	nl	Effectenbeurs
B.L	nl	Euro
B.L	nl	Fa (merk)
B.L	nl	Fresenius
B.L	nl	Fresenius Medical Care
B.L	nl	Fritz Henkel
B.L	nl	Glycerine
B.L	nl	Goldman Sachs
B.L	nl	HeidelbergCement
B.L	nl	Herent (Vlaams-Brabant)
B.L	nl	Holding
B.L	nl	Hygiëne
B.L	nl	Infineon
B.L	nl	Jutphaas
B.L	nl	K+S
B.L	nl	Kleefstof
B.L	nl	Lanxess
B.L	nl	Lijm
B.L	nl	Linde AG
B.L	nl	Loctite
B.L	nl	Lufthansa
B.L	nl	Merck KGaA
B.L	nl	Multinationaal
B.L	nl	Münchener Rück
B.L	nl	Natriumcarbonaat
B.L	nl	Nederland
B.L	nl	Nieuwegein
B.L	nl	Octrooi
B.L	nl	Omzet
B.L	nl	Pattex
B.L	nl	Persil
B.L	nl	Polyvinylacetaat
B.L	nl	Pril
B.L	nl	Pritt
B.L	nl	Prittstift
B.L	nl	RWE (energie)
B.L	nl	Roermond (stad)
B.L	nl	SAP AG
B.L	nl	Scheemda
B.L	nl	Schwarzkopf Professional
B.L	nl	Siemens AG
B.L	nl	Silan
B.L	nl	Silicaat
B.L	nl	Tandpasta
B.L	nl	ThyssenKrupp
B.L	nl	Volkswagen AG
B.L	nl	Wasmiddel
B.L	nl	Wasverzachter
B.L	nl	Waterglas
B.L	nl	Westerlo
B.L	nl	Wikimedia Commons
B.L	nl	Zeep (reiniging)
B.L	nl	Zeoliet
B.L	nl	Zutphen
B.L	nl	Zwitserland
B.L	nl	Portaal:Economie
B.L	ko	1876년
B.L	ko	1907년
B.L	ko	BASF
B.L	ko	BMW
B.L	ko	DAX
B.L	ko	E.ON
B.L	ko	K+S
B.L	ko	MAN SE
B.L	ko	RWE
B.L	ko	SAP AG
B.L	ko	다임러 AG
B.L	ko	대한민국
B.L	ko	도이체 방크
B.L	ko	도이체 뵈르제
B.L	ko	도이체 텔레콤
B.L	ko	도이체 포스트
B.L	ko	독일
B.L	ko	독일어
B.L	ko	동화약품
B.L	ko	뒤셀도르프
B.L	ko	록타이트
B.L	ko	루프트한자
B.L	ko	린데 AG
B.L	ko	메르크
B.L	ko	메트로 AG
B.L	ko	뮤닉 리
B.L	ko	미국
B.L	ko	바이어스도르프
B.L	ko	바이엘 (기업)
B.L	ko	비누
B.L	ko	샴푸
B.L	ko	세제
B.L	ko	아디다스
B.L	ko	아헨
B.L	ko	알리안츠
B.L	ko	인피니온 테크놀로지스
B.L	ko	접착제
B.L	ko	지멘스 AG
B.L	ko	코메르츠방크
B.L	ko	티센크루프
B.L	ko	퍼실 (세제)
B.L	ko	폭스바겐 AG
B.L	ko	프랑크푸르트 증권거래소
B.L	ko	프레제니우스 (기업)
B.L	ko	프레제니우스 메디컬 케어
B.L	ko	하이델베르그시멘트
B.L	ko	홈매트
B.L	ko	홈키파
B.L	ko	화장품
B.L	ko	틀:DAX
B.L	ko	틀토론:DAX
B.L	id	1876
B.L	id	Adidas
B.L	id	Allianz Group
B.L	id	Altana
B.L	id	Anak perusahaan
B.L	id	BASF
B.L	id	BMW
B.L	id	Bayer AG
B.L	id	Commerzbank AG
B.L	id	Continental AG
B.L	id	DAX
B.L	id	DaimlerChrysler
B.L	id	Deutsche Bank
B.L	id	Deutsche Börse Group
B.L	id	Deutsche Post
B.L	id	Deutsche Telekom
B.L	id	Dial Corporation
B.L	id	Dusseldorf
B.L	id	Düsseldorf
B.L	id	E.ON
B.L	id	Euro
B.L	id	Fresenius AG
B.L	id	Hoechst
B.L	id	HypoVereinsbank
B.L	id	Infineon Technologies
B.L	id	International Securities Identifying Number
B.L	id	Jenis entitas bisnis
B.L	id	Jerman
B.L	id	KGaA
B.L	id	Korporasi
B.L	id	L'Oréal
B.L	id	Laba kotor
B.L	id	Linde
B.L	id	Lufthansa
B.L	id	MAN SE
B.L	id	Metro Group
B.L	id	Münchener Rück
B.L	id	Perusahaan
B.L	id	Perusahaan (hukum)
B.L	id	Perusahaan publik
B.L	id	Procter & Gamble
B.L	id	RWE AG
B.L	id	Reckitt Bencisker
B.L	id	SAP Aktiengesellschaft
B.L	id	Schering
B.L	id	Siemens AG
B.L	id	TUI AG
B.L	id	ThyssenKrupp
B.L	id	Unilever
B.L	id	Volkswagen
B.L	id	Wikipedia:Rintisan
B.L	id	Templat:DAX companies
B.L	id	Pembicaraan Templat:DAX companies
B.L	it	1876
B.L	it	1878
B.L	it	1879
B.L	it	1883
B.L	it	1888
B.L	it	1892
B.L	it	1893
B.L	it	1905
B.L	it	2011
B.L	it	Adesivi
B.L	it	Adidas
B.L	it	Allianz
B.L	it	Aquisgrana
B.L	it	Austria
B.L	it	BASF
B.L	it	BMW
B.L	it	Bayer
B.L	it	Beiersdorf (azienda)
B.L	it	Blue chip
B.L	it	Borsa di Francoforte
B.L	it	Borsa valori
B.L	it	Chimica
B.L	it	Chimica industriale
B.L	it	Colorante
B.L	it	Commerzbank
B.L	it	DAX 30
B.L	it	Daimler (azienda)
B.L	it	Dentifricio
B.L	it	Detersivi
B.L	it	Deutsche Bank
B.L	it	Deutsche Börse
B.L	it	Deutsche Post
B.L	it	Deutsche Telekom
B.L	it	Düsseldorf
B.L	it	E.ON
B.L	it	Euro
B.L	it	Fatturato
B.L	it	Ferrovia
B.L	it	Fresenius
B.L	it	Fresenius Medical Care
B.L	it	Germania
B.L	it	Gruppo Volkswagen
B.L	it	Heidelberg Cement
B.L	it	Impresa
B.L	it	Indice azionario
B.L	it	Infineon Technologies
B.L	it	Inghilterra
B.L	it	Italia
B.L	it	K+S
B.L	it	Linde AG
B.L	it	Lufthansa
B.L	it	MAN SE
B.L	it	Merck KGaA
B.L	it	Metro (azienda)
B.L	it	Munich Re
B.L	it	Pritt
B.L	it	Profitto
B.L	it	RWE (azienda)
B.L	it	Reno
B.L	it	Risultato operativo
B.L	it	Ruhr
B.L	it	SAP (azienda)
B.L	it	Shampoo
B.L	it	Siemens (azienda)
B.L	it	Silicato
B.L	it	Sito web
B.L	it	Slogan
B.L	it	Società in accomandita per azioni
B.L	it	Soda
B.L	it	Stato
B.L	it	ThyssenKrupp
B.L	it	Tintura per capelli
B.L	it	XIX secolo
B.L	it	File:Stub .png
B.L	it	File:Stub aziende tedesche.png
B.L	it	Template:Aziende DAX 30
B.L	it	Discussioni template:Aziende DAX 30
B.L	it	Aiuto:Abbozzo
B.L	it	Aiuto:Manuale di stile
B.L	it	Categoria:Stub - aziende tedesche
B.L	it	Progetto:Aziende tedesche
B.L	ja	Portable Document Format
B.L	ja	アメリカ合衆国
B.L	ja	アーヘン
B.L	ja	イタリア
B.L	ja	イングランド
B.L	ja	ウィーン
B.L	ja	オーストリア
B.L	ja	ケイ酸塩
B.L	ja	コーキング
B.L	ja	シャンプー
B.L	ja	シュワルツコフ
B.L	ja	スコッツデール (アリゾナ州)
B.L	ja	スティックのり
B.L	ja	ティッカーシンボル
B.L	ja	デュッセルドルフ
B.L	ja	トイレタリー
B.L	ja	ドイツ
B.L	ja	ドイツ帝国
B.L	ja	ハノーファー
B.L	ja	ハンドソープ
B.L	ja	ビーフエキス
B.L	ja	フランクフルト証券取引所
B.L	ja	フランス
B.L	ja	プロクター・アンド・ギャンブル
B.L	ja	ベルギー
B.L	ja	ベルリン
B.L	ja	ポマード
B.L	ja	ユニリーバ
B.L	ja	ユーロ
B.L	ja	ライン川
B.L	ja	ルール占領
B.L	ja	ルール地方
B.L	ja	レキットベンキーザー・ジャパン
B.L	ja	ロレアル
B.L	ja	ヴィスマール
B.L	ja	会長
B.L	ja	入浴剤
B.L	ja	合名会社
B.L	ja	合成洗剤
B.L	ja	同族経営
B.L	ja	多国籍企業
B.L	ja	接着剤
B.L	ja	最高経営責任者
B.L	ja	有機化学
B.L	ja	染髪
B.L	ja	柔軟剤
B.L	ja	株式会社 (ドイツ)
B.L	ja	株式合資会社
B.L	ja	歯磨き粉
B.L	ja	水ガラス
B.L	ja	洗剤
B.L	ja	洗浄
B.L	ja	洗濯
B.L	ja	洗濯のり
B.L	ja	消臭剤
B.L	ja	看護士
B.L	ja	石けん
B.L	ja	第二次世界大戦
B.L	ja	重曹
B.L	ja	野球場
B.L	ja	青味剤
B.L	sv	1876
B.L	sv	Adidas
B.L	sv	Allianz
B.L	sv	BASF
B.L	sv	BMW
B.L	sv	Bayer AG
B.L	sv	Beiersdorf AG
B.L	sv	Bolag
B.L	sv	Commerzbank
B.L	sv	Daimler AG
B.L	sv	Deutsche Bank
B.L	sv	Deutsche Börse
B.L	sv	Deutsche Post
B.L	sv	Deutsche Telekom
B.L	sv	Deutscher Aktienindex
B.L	sv	Düsseldorf
B.L	sv	E.ON
B.L	sv	Euro
B.L	sv	Fresenius
B.L	sv	Fresenius Medical Care
B.L	sv	Hannover Re
B.L	sv	Henkell & Söhnlein
B.L	sv	Infineon
B.L	sv	K+S
B.L	sv	KGaA
B.L	sv	Kasper Rorsted
B.L	sv	Kosmetika
B.L	sv	Lim
B.L	sv	Linde AG
B.L	sv	Lufthansa
B.L	sv	MAN AG
B.L	sv	Merck KGaA
B.L	sv	Metro AG
B.L	sv	Miljard
B.L	sv	Munich Re
B.L	sv	Omsättning
B.L	sv	RWE
B.L	sv	Rengöringsmedel
B.L	sv	SAP AG
B.L	sv	Siemens AG
B.L	sv	ThyssenKrupp
B.L	sv	Tvättmedel
B.L	sv	Tyskland
B.L	sv	Volkswagen AG
B.L	sv	Mall:DAX
B.L	sv	Malldiskussion:DAX
B.L	ru	1876
B.L	ru	1876 год
B.L	ru	1907 год
B.L	ru	1979 год
B.L	ru	1994 год
B.L	ru	2010 год
B.L	ru	2011 год
B.L	ru	Adidas
B.L	ru	Allianz
B.L	ru	BASF
B.L	ru	BMW
B.L	ru	Bayer
B.L	ru	Beiersdorf
B.L	ru	Bertrandt
B.L	ru	Bref
B.L	ru	Commerzbank
B.L	ru	DAX
B.L	ru	Daimler
B.L	ru	Deutsche Bank
B.L	ru	Deutsche Börse
B.L	ru	Deutsche Post AG
B.L	ru	Deutsche Telekom
B.L	ru	Dial
B.L	ru	Dial Corporation
B.L	ru	E.ON
B.L	ru	Fa
B.L	ru	Fresenius
B.L	ru	Fresenius SE
B.L	ru	Hannover Re
B.L	ru	Henkel
B.L	ru	K+S
B.L	ru	LOSK
B.L	ru	Loctite
B.L	ru	Lufthansa
B.L	ru	MAN
B.L	ru	Merck KGaA
B.L	ru	Metro AG
B.L	ru	Munich Re
B.L	ru	Pattex
B.L	ru	Persil
B.L	ru	Pril
B.L	ru	Pritt
B.L	ru	RWE
B.L	ru	SAP
B.L	ru	Salzgitter AG
B.L	ru	Siemens
B.L	ru	Soft&Dri
B.L	ru	Taft
B.L	ru	The Linde Group
B.L	ru	ThyssenKrupp
B.L	ru	Vernel
B.L	ru	Volkswagen Group
B.L	ru	Ахен
B.L	ru	Выручка
B.L	ru	Германия
B.L	ru	Дюссельдорф
B.L	ru	Коломна
B.L	ru	Ленинградская область
B.L	ru	Листинг (экономика)
B.L	ru	Момент (торговая марка)
B.L	ru	ПЕМОЛЮКС
B.L	ru	Пермь
B.L	ru	Польша
B.L	ru	Продукт (бизнес)
B.L	ru	Публичная компания
B.L	ru	Россия
B.L	ru	Сайт
B.L	ru	Сызрань
B.L	ru	Тосно
B.L	ru	Турция
B.L	ru	Франкфуртская фондовая биржа
B.L	ru	Химическая промышленность
B.L	ru	Чистая прибыль
B.L	ru	Энгельс (город)
B.L	ru	Юридическое лицо
B.L	ro	1994
B.L	ro	1998
B.L	ro	2007
B.L	ro	2008
B.L	ro	Akzo Nobel
B.L	ro	Beiersdorf AG
B.L	ro	București
B.L	ro	Colgate-Palmolive
B.L	ro	Câmpia-Turzii
B.L	ro	Ecolab
B.L	ro	Euro
B.L	ro	Germania
B.L	ro	Interstar Chim
B.L	ro	L'Oreal
B.L	ro	National Starch
B.L	ro	Procter&Gamble
B.L	ro	Rusia
B.L	ro	Ucraina
B.L	ro	Unilever
B.L	qu	1876
B.L	qu	Alimanya
B.L	qu	Chaqllisinchi
B.L	qu	Düsseldorf
B.L	qu	Genthin
B.L	qu	Ruruchina
B.L	pt	1876
B.L	pt	1955
B.L	pt	1972
B.L	pt	2008
B.L	pt	2009
B.L	pt	24 de fevereiro
B.L	pt	26 de setembro
B.L	pt	5 de outubro
B.L	pt	AG & Co. KGaA
B.L	pt	Adidas
B.L	pt	Alemanha
B.L	pt	Allianz
B.L	pt	América Latina
B.L	pt	América do Norte
B.L	pt	BASF
B.L	pt	BMW
B.L	pt	Bayer
B.L	pt	Beiersdorf
B.L	pt	Bolsa de Valores de Frankfurt
B.L	pt	Brasil
B.L	pt	Commerzbank
B.L	pt	Cosmético
B.L	pt	DAX-30
B.L	pt	Daimler AG
B.L	pt	Detergente
B.L	pt	Deutsche Bank
B.L	pt	Deutsche Börse
B.L	pt	Deutsche Post
B.L	pt	Deutsche Telekom
B.L	pt	Düsseldorf
B.L	pt	E.ON
B.L	pt	Edifício Andraus
B.L	pt	Empresa
B.L	pt	Euro
B.L	pt	Europa
B.L	pt	Fresenius
B.L	pt	Fresenius Medical Care
B.L	pt	Fritz Henkel
B.L	pt	Grupo Volkswagen
B.L	pt	HeidelbergCement
B.L	pt	Henkel (desambiguação)
B.L	pt	ISO
B.L	pt	Indústria química
B.L	pt	Infineon Technologies
B.L	pt	K+S
B.L	pt	Linde AG
B.L	pt	Loctite
B.L	pt	Lufthansa
B.L	pt	Língua inglesa
B.L	pt	Língua portuguesa
B.L	pt	MAN SE
B.L	pt	METRO AG
B.L	pt	Merck KGaA
B.L	pt	Munich Re
B.L	pt	OHSAS
B.L	pt	Oriente Médio
B.L	pt	Pacífico
B.L	pt	RWE
B.L	pt	SAP AG
B.L	pt	Siemens AG
B.L	pt	São Paulo (cidade)
B.L	pt	ThyssenKrupp
B.L	pt	África
B.L	pt	Ásia
B.L	pt	Wikipédia:Esboço
B.L	pt	Predefinição:DAX
B.L	pt	Anexo:Lista de países com unidades da Henkel AG & Co. KGaA
B.L	pt	Anexo:Lista de subsidiárias de Henkel AG & Co. KGaA
B.L	zh	1876年
B.L	zh	BMW
B.L	zh	DAX指数
B.L	zh	E.ON
B.L	zh	K+S
B.L	zh	Lanxess
B.L	zh	RWE
B.L	zh	SAP公司
B.L	zh	化妆品
B.L	zh	大众集团
B.L	zh	大陆集团
B.L	zh	安联
B.L	zh	家用产品
B.L	zh	密封胶
B.L	zh	巴斯夫
B.L	zh	德国
B.L	zh	德国商业银行
B.L	zh	德国电信
B.L	zh	德国邮政
B.L	zh	德國證券交易所
B.L	zh	德意志银行
B.L	zh	德语
B.L	zh	愛迪達
B.L	zh	慕尼黑再保险
B.L	zh	戴姆勒
B.L	zh	护肤品
B.L	zh	拜尔斯道夫
B.L	zh	拜耳
B.L	zh	杜塞尔多夫
B.L	zh	林德
B.L	zh	汉莎航空
B.L	zh	洗涤剂
B.L	zh	海德堡水泥
B.L	zh	清洁剂
B.L	zh	粘合剂
B.L	zh	英飞凌
B.L	zh	蒂森克虏伯
B.L	zh	西门子公司
B.L	zh	费森尤斯
B.L	zh	费森尤斯医疗
B.L	zh	默克集團
B.L	zh	Template:DAX指数成份公司
B.L	zh	Template talk:DAX指数成份公司
CN	de	Henkel_(Unternehmen)
IWL	fi	Henkel
IWL	fr	Henkel
IWL	fa	هنکل
IWL	en	Henkel
IWL	es	Henkel (empresa)
IWL	ca	Henkel
IWL	bg	Хенкел
IWL	da	Henkel
IWL	ar	هنكل
IWL	no	Henkel
IWL	pl	Henkel
IWL	nl	Henkel KGaA
IWL	ko	헨켈
IWL	id	Henkel
IWL	it	Henkel
IWL	ja	ヘンケル
IWL	sv	Henkel
IWL	ru	Henkel Group
IWL	ro	Henkel
IWL	qu	Henkel
IWL	pt	Henkel
IWL	zh	汉高公司
