A.L	de	1958
A.L	de	31. März
A.L	de	Abgeordnetenwatch.de
A.L	de	Arbeitsgemeinschaft Junge GenossInnen
A.L	de	Berlin-Karlshorst
A.L	de	Bernd Riexinger
A.L	de	Bundesgeschäftsführer
A.L	de	Bundestagswahl 2002
A.L	de	Caren Lay
A.L	de	Der Spiegel
A.L	de	Deutsche
A.L	de	Deutsche Demokratische Republik
A.L	de	Deutscher Bundestag
A.L	de	Die Linke
A.L	de	Diether Dehm
A.L	de	Direktmandat
A.L	de	Doktor
A.L	de	Erweiterte Oberschule
A.L	de	Fachhochschule für Technik und Wirtschaft Berlin
A.L	de	Fidel Castro
A.L	de	Franzburg
A.L	de	Fünf-Prozent-Hürde
A.L	de	Gabi Zimmer
A.L	de	Gregor Gysi
A.L	de	Junge Welt
A.L	de	Landesliste
A.L	de	Linksfraktion
A.L	de	Lothar Bisky
A.L	de	Luftsturmregiment 40
A.L	de	Mitglied des Deutschen Bundestages
A.L	de	Moskau
A.L	de	Nationale Volksarmee
A.L	de	Neues Deutschland
A.L	de	Oskar Lafontaine
A.L	de	Partei des Demokratischen Sozialismus
A.L	de	Parteichef
A.L	de	Personennamendatei
A.L	de	Petra Pau
A.L	de	Politiker
A.L	de	Promotion (Doktor)
A.L	de	Roland Claus
A.L	de	Russische Staatsbibliothek
A.L	de	Schatzmeister
A.L	de	Sozialistische Einheitspartei Deutschlands
A.L	de	Stralsund
A.L	de	Uwe Hiksch
A.L	de	Virtual International Authority File
A.L	de	Wahlkampfleiter
A.L	de	Wehrdienst
A.L	de	Werner Dreibus
A.L	de	Wirtschaftswissenschaft
A.L	de	Wirtschaftswissenschaftler
A.L	de	Hilfe:Personendaten
B.L	en	Authority control
B.L	en	Bundestag
B.L	en	East Germany
B.L	en	Germany
B.L	en	Party of Democratic Socialism (Germany)
B.L	en	Politician
B.L	en	Stralsund
B.L	en	The Left (Germany)
B.L	en	Virtual International Authority File
B.L	en	Wikipedia:Persondata
B.L	en	Wikipedia:Stub
B.L	en	Template:Germany-politician-stub
B.L	en	Template:ISO 639 name de
B.L	en	Template talk:Germany-politician-stub
B.L	la	1958
B.L	la	1976
B.L	la	1977
B.L	la	1983
B.L	la	1990
B.L	la	1991
B.L	la	1997
B.L	la	1998
B.L	la	2002
B.L	la	2005
B.L	la	2010
B.L	la	31 Martii
B.L	la	Anscharius Lafontaine
B.L	la	Berolinum
B.L	la	Dieta Foederalis Germaniae
B.L	la	Factio Democratici Socialismi
B.L	la	Germanicus
B.L	la	Gregorius Gysi
B.L	la	RPDG
B.L	la	SED
B.L	la	Sinistra
B.L	la	Stralsunda
CN	de	Dietmar_Bartsch
IWL	en	Dietmar Bartsch
IWL	la	Dietmarius Bartsch
