A.L	de	1976
A.L	de	4. November
A.L	de	Abgeordnetenwatch.de
A.L	de	Aktionsbündnis Schmerzfreie Stadt Münster
A.L	de	Amberg
A.L	de	Andrea Fischer (Grüne)
A.L	de	Angela Merkel
A.L	de	Anke Fuchs
A.L	de	Annette Schavan
A.L	de	Antje Huber
A.L	de	Arztnetz
A.L	de	Bachelor of Science
A.L	de	Bankkaufmann
A.L	de	Birgit Homburger
A.L	de	Bundesministerium für Gesundheit (Deutschland)
A.L	de	Bundesministerium für Wirtschaft und Technologie
A.L	de	Christian Lindner
A.L	de	Christlich-Soziale Union in Bayern
A.L	de	Commerzbank
A.L	de	DUK Versorgungswerk
A.L	de	Deutsche
A.L	de	Deutsche Hochschule der Polizei
A.L	de	Deutsche Krebshilfe
A.L	de	Deutsche Krebshilfe Preis
A.L	de	Deutschland
A.L	de	Dirk Niebel
A.L	de	Dresdner Bank
A.L	de	Elisabeth Schwarzhaupt
A.L	de	Ergo Versicherungsgruppe
A.L	de	Fraktion (Bundestag)
A.L	de	Franz Josef Jung
A.L	de	Freie Demokratische Partei
A.L	de	Gemeinsame Normdatei
A.L	de	Georg Neubauer
A.L	de	Gerda Hasselfeldt
A.L	de	Gesundheitsprämie
A.L	de	Guido Westerwelle
A.L	de	Hamburg
A.L	de	Hans-Joachim Otto (Politiker)
A.L	de	Hans-Peter Friedrich
A.L	de	Heiner Geißler
A.L	de	Hermann Brem
A.L	de	Horst Seehofer
A.L	de	Ilse Aigner
A.L	de	Immanuel-Kant-Gymnasium (Münster-Hiltrup)
A.L	de	Jan Dittrich
A.L	de	Johanna Wanka
A.L	de	Johannes Vogel (Politiker)
A.L	de	Junge Liberale
A.L	de	Kabinett Merkel II
A.L	de	Karl-Theodor zu Guttenberg
A.L	de	Katharina Focke
A.L	de	Kristina Schröder
A.L	de	Käte Strobel
A.L	de	Lahnstein
A.L	de	Landesliste
A.L	de	Landtagswahl in Nordrhein-Westfalen 2012
A.L	de	Lasse Becker
A.L	de	Liste der deutschen Gesundheitsminister
A.L	de	Master of Business Administration
A.L	de	Michael Kauch
A.L	de	Mildred Scheel
A.L	de	Mitglied des Deutschen Bundestages
A.L	de	Münster (Westfalen)
A.L	de	Norbert Röttgen
A.L	de	Nordrhein-Westfalen
A.L	de	Parlamentarischer Staatssekretär
A.L	de	Passauer Neue Presse
A.L	de	Peter Altmaier
A.L	de	Peter Ramsauer
A.L	de	Philipp Rösler
A.L	de	Politiker
A.L	de	Rainer Brüderle
A.L	de	Ralph Lange
A.L	de	Rita Süssmuth
A.L	de	Ronald Pofalla
A.L	de	Römisch-katholische Kirche
A.L	de	Sabine Leutheusser-Schnarrenberger
A.L	de	Schirmherr
A.L	de	Schwerin
A.L	de	Spiegel Online
A.L	de	Thomas de Maizière
A.L	de	Ulla Schmidt
A.L	de	Ursula Lehr
A.L	de	Ursula von der Leyen
A.L	de	Vizekanzler (Deutschland)
A.L	de	Volkswirtschaftslehre
A.L	de	Weltkrebstag
A.L	de	Westfälische Wilhelms-Universität
A.L	de	Wolfgang Schäuble
A.L	de	Wolkenburg (Köln)
A.L	de	Hilfe:Personendaten
B.L	fr	12 mai
B.L	fr	1961
B.L	fr	1976
B.L	fr	1990
B.L	fr	1992
B.L	fr	1996
B.L	fr	1998
B.L	fr	1999
B.L	fr	2003
B.L	fr	2004
B.L	fr	2006
B.L	fr	2008
B.L	fr	2010
B.L	fr	2011
B.L	fr	2012
B.L	fr	2013
B.L	fr	23 août
B.L	fr	27 novembre
B.L	fr	29 octobre
B.L	fr	4 avril
B.L	fr	4 novembre
B.L	fr	5 avril
B.L	fr	6 mai
B.L	fr	Abitur
B.L	fr	Adonis Georgiádes
B.L	fr	Allemagne
B.L	fr	Allemagne de l'Ouest
B.L	fr	Allemand
B.L	fr	Alois Stöger
B.L	fr	Ana Mato
B.L	fr	Andrea Fischer
B.L	fr	Andreas Pinkwart
B.L	fr	Angela Merkel
B.L	fr	Anke Fuchs
B.L	fr	Annette Schavan
B.L	fr	Antje Huber
B.L	fr	Août 2013
B.L	fr	Astrid Krag
B.L	fr	Avril 2011
B.L	fr	Baccalauréat en sciences
B.L	fr	Banque
B.L	fr	Bartosz Arłukowicz
B.L	fr	Beatrice Lorenzin
B.L	fr	Brigitte Zypries
B.L	fr	Bundestag
B.L	fr	Cabinet Merkel I
B.L	fr	Cabinet Merkel II
B.L	fr	Cabinet Schröder II
B.L	fr	Canada
B.L	fr	Chancelier fédéral (Allemagne)
B.L	fr	Chancellerie fédérale (Allemagne)
B.L	fr	Christian Lindner
B.L	fr	Christos Patsalides
B.L	fr	Der Tagesspiegel
B.L	fr	Dirk Niebel
B.L	fr	Dresdner Bank
B.L	fr	Département de la Santé (Royaume-Uni)
B.L	fr	Edith Schippers
B.L	fr	Elisabeth Schwarzhaupt
B.L	fr	Eugen Nicolăescu
B.L	fr	Focus (magazine)
B.L	fr	Formation professionnelle
B.L	fr	France
B.L	fr	Frank-Walter Steinmeier
B.L	fr	Franz Josef Jung
B.L	fr	Franz Müntefering
B.L	fr	Gerda Hasselfeldt
B.L	fr	Godfrey Farrugia
B.L	fr	Gouvernement fédéral (Allemagne)
B.L	fr	Groupe FDP au Bundestag
B.L	fr	Groupe des huit
B.L	fr	Guido Westerwelle
B.L	fr	Göran Hägglund
B.L	fr	Hambourg
B.L	fr	Hans-Peter Friedrich
B.L	fr	Heidemarie Wieczorek-Zeul
B.L	fr	Heiner Geißler
B.L	fr	Homme politique
B.L	fr	Horst Seehofer
B.L	fr	Ilse Aigner
B.L	fr	Ingrīda Circene
B.L	fr	Italie
B.L	fr	James Reilly
B.L	fr	Japon
B.L	fr	Jeremy Hunt (homme politique)
B.L	fr	Jeunes libéraux (Allemagne)
B.L	fr	Johanna Wanka
B.L	fr	Karl-Theodor zu Guttenberg
B.L	fr	Katharina Focke
B.L	fr	Kathleen Sebelius
B.L	fr	Kristina Schröder
B.L	fr	Käte Strobel
B.L	fr	Lahnstein
B.L	fr	Laurette Onkelinx
B.L	fr	Le Figaro
B.L	fr	Leona Aglukkaq
B.L	fr	Leoš Heger
B.L	fr	Mai 2011
B.L	fr	Mai 2012
B.L	fr	Marisol Touraine
B.L	fr	Mars Di Bartolomeo
B.L	fr	Master of Business Administration
B.L	fr	Michael Glos
B.L	fr	Ministre fédéral avec attributions spéciales
B.L	fr	Ministère de la Santé
B.L	fr	Ministère de la Santé, du Travail et des Affaires sociales
B.L	fr	Ministère des Affaires sociales et de la Santé
B.L	fr	Ministère fédéral de l'Agriculture (Allemagne)
B.L	fr	Ministère fédéral de l'Environnement (Allemagne)
B.L	fr	Ministère fédéral de l'Intérieur (Allemagne)
B.L	fr	Ministère fédéral de l'Économie (Allemagne)
B.L	fr	Ministère fédéral de l'Éducation et de la Recherche (Allemagne)
B.L	fr	Ministère fédéral de la Coopération économique (Allemagne)
B.L	fr	Ministère fédéral de la Défense (Allemagne)
B.L	fr	Ministère fédéral de la Famille (Allemagne)
B.L	fr	Ministère fédéral de la Justice (Allemagne)
B.L	fr	Ministère fédéral de la Santé (Allemagne)
B.L	fr	Ministère fédéral des Finances (Allemagne)
B.L	fr	Ministère fédéral des Transports et de la Construction (Allemagne)
B.L	fr	Ministère fédéral du Travail (Allemagne)
B.L	fr	Métier (activité)
B.L	fr	Münster
B.L	fr	Norbert Röttgen
B.L	fr	Norihisa Tamura
B.L	fr	Novembre 1976
B.L	fr	Novembre 2010
B.L	fr	Office des Affaires étrangères (Allemagne)
B.L	fr	Olaf Scholz
B.L	fr	Parti libéral-démocrate (Allemagne)
B.L	fr	Paula Risikko
B.L	fr	Paulo Macedo (homme politique)
B.L	fr	Peer Steinbrück
B.L	fr	Peter Altmaier
B.L	fr	Peter Ramsauer
B.L	fr	Philipp Rösler
B.L	fr	Rainer Brüderle
B.L	fr	Rajko Ostojić
B.L	fr	Rhénanie-du-Nord-Westphalie
B.L	fr	Rita Süssmuth
B.L	fr	Ronald Pofalla
B.L	fr	Royaume-Uni
B.L	fr	Russie
B.L	fr	Sabine Leutheusser-Schnarrenberger
B.L	fr	Santé Canada
B.L	fr	Schwerin
B.L	fr	Sciences économiques
B.L	fr	Secrétaire à la Santé et aux Services sociaux des États-Unis
B.L	fr	Sigmar Gabriel
B.L	fr	Taavi Rõivas
B.L	fr	Tanya Andreeva
B.L	fr	Thomas de Maizière
B.L	fr	Tomaž Gantar
B.L	fr	Ulla Schmidt
B.L	fr	Université de Münster
B.L	fr	Ursula Lehr
B.L	fr	Ursula von der Leyen
B.L	fr	Veronica Skvortsova
B.L	fr	Vice-chancelier (Allemagne)
B.L	fr	Vytenis Andriukaitis
B.L	fr	Wolfgang Schäuble
B.L	fr	Wolfgang Tiefensee
B.L	fr	Zoltán Balog
B.L	fr	Zuzana Zvolenská
B.L	fr	Économie
B.L	fr	Élections fédérales allemandes de 2002
B.L	fr	Élections fédérales allemandes de 2005
B.L	fr	États-Unis
B.L	fr	États membres de l'Union européenne
B.L	fr	Études supérieures
B.L	fr	Modèle:Palette Cabinet Merkel
B.L	fr	Modèle:Palette Ministres de la Santé allemands
B.L	fr	Modèle:Palette Ministres de la Santé de l'UE
B.L	fr	Modèle:Palette Ministres de la Santé du G8
B.L	fr	Discussion modèle:Palette Cabinet Merkel
B.L	fr	Discussion modèle:Palette Ministres de la Santé allemands
B.L	fr	Discussion modèle:Palette Ministres de la Santé de l'UE
B.L	fr	Discussion modèle:Palette Ministres de la Santé du G8
B.L	fr	Catégorie:Portail:Allemagne/Articles liés
B.L	fr	Catégorie:Portail:Libéralisme/Articles liés
B.L	fr	Catégorie:Portail:Politique/Articles liés
B.L	fr	Portail:Allemagne
B.L	fr	Portail:Libéralisme
B.L	fr	Portail:Politique
B.L	eo	12-a de majo
B.L	eo	1976
B.L	eo	2011
B.L	eo	4-an de novembro
B.L	eo	Freie Demokratische Partei
B.L	eo	Germana politikisto
B.L	eo	Germanoj
B.L	eo	Lahnstein
B.L	eo	Ministraro dua de Angela Merkel
B.L	eo	Philipp Rösler
B.L	eo	Politikisto
B.L	eo	Vikipedio:La perfekta ĝermo de artikolo
B.L	eo	Vikipedio:Tradukoj
B.L	eo	Vikipedio:Trovi aŭ kreskigi ĝermojn
B.L	eo	Kategorio:Ĝermoj pri Germana politikisto
B.L	eo	Kategorio:Ĝermoj pri germana politikisto
B.L	eo	Kategorio:Ĝermoj pri germana politikistoj
B.L	eo	Kategorio:Ĝermoj pri germanaj politikistoj
B.L	en	Angela Merkel
B.L	en	Annette Schavan
B.L	en	Authority control
B.L	en	Cabinet Merkel II
B.L	en	Catholic
B.L	en	Chancellor of Germany
B.L	en	Dirk Niebel
B.L	en	Federal Minister of Economics and Technology
B.L	en	Federal Ministry of Health (Germany)
B.L	en	Franz Josef Jung
B.L	en	Free Democratic Party (Germany)
B.L	en	Germans
B.L	en	Germany
B.L	en	Grand coalition (Germany)
B.L	en	Guido Westerwelle
B.L	en	Hans-Peter Friedrich
B.L	en	Ilse Aigner
B.L	en	Incumbent
B.L	en	Johanna Wanka
B.L	en	Karl-Theodor zu Guttenberg
B.L	en	Kristina Schröder
B.L	en	Lahnstein
B.L	en	Münster (region)
B.L	en	Norbert Röttgen
B.L	en	Peter Altmaier
B.L	en	Peter Ramsauer
B.L	en	Philipp Rösler
B.L	en	Politician
B.L	en	Rainer Brüderle
B.L	en	Ronald Pofalla
B.L	en	Sabine Leutheusser-Schnarrenberger
B.L	en	Thomas de Maizière
B.L	en	Ursula von der Leyen
B.L	en	Vice Chancellor of Germany
B.L	en	Virtual International Authority File
B.L	en	West Germany
B.L	en	Wolfgang Schäuble
B.L	en	Young Liberals (Germany)
B.L	en	Wikipedia:Persondata
B.L	en	Wikipedia:Stub
B.L	en	Template:Cabinet Merkel II
B.L	en	Template:Germany-FDP-politician-stub
B.L	en	Template:ISO 639 name de
B.L	en	Template talk:Cabinet Merkel II
B.L	en	Template talk:Germany-FDP-politician-stub
B.L	ar	12 مايو
B.L	ar	1976
B.L	ar	2011
B.L	ar	4 نوفمبر
B.L	ar	ألمانيا
B.L	ar	ألمانيا الغربية
B.L	ar	الحزب الديمقراطي الحر
B.L	ar	فيليب روسلر
B.L	ar	لان‌اشتاین
B.L	ar	لغة ألمانية
B.L	ar	ويكيميديا كومنز
B.L	ar	ويكيبيديا:بذرة
B.L	ar	ملحق:1976
B.L	ar	ملحق:4 نوفمبر
B.L	no	1976
B.L	no	2009
B.L	no	2010
B.L	no	2011
B.L	no	4. november
B.L	no	Angela Merkels andre regjering
B.L	no	Annette Schavan
B.L	no	Dirk Niebel
B.L	no	Franz Josef Jung
B.L	no	Freie Demokratische Partei
B.L	no	Guido Westerwelle
B.L	no	Hans-Peter Friedrich
B.L	no	Ilse Aigner
B.L	no	Johanna Wanka
B.L	no	Karl-Theodor zu Guttenberg
B.L	no	Kristina Schröder
B.L	no	Lahnstein
B.L	no	Master of Business Administration
B.L	no	Norbert Röttgen
B.L	no	Nordrhein-Westfalen
B.L	no	Peter Altmaier
B.L	no	Peter Ramsauer
B.L	no	Philipp Rösler
B.L	no	Rainer Brüderle
B.L	no	Ronald Pofalla
B.L	no	Sabine Leutheusser-Schnarrenberger
B.L	no	Statssekretær
B.L	no	Thomas de Maizière
B.L	no	Tyskland
B.L	no	Ursula von der Leyen
B.L	no	Wikimedia Commons
B.L	no	Wolfgang Schäuble
B.L	no	Mal:Merkels andre kabinett
B.L	no	Maldiskusjon:Merkels andre kabinett
B.L	pl	12 maja
B.L	pl	1976
B.L	pl	2011
B.L	pl	4 listopada
B.L	pl	Bundestag
B.L	pl	Dresdner Bank
B.L	pl	Drugi rząd Angeli Merkel
B.L	pl	Gemeinsame Normdatei
B.L	pl	Immanuel Kant
B.L	pl	Język niemiecki
B.L	pl	Kontrola autorytatywna
B.L	pl	Münster
B.L	pl	Online Computer Library Center
B.L	pl	Philipp Rösler
B.L	pl	Wolna Partia Demokratyczna
B.L	pl	Wybory parlamentarne w Niemczech w 2002 roku
B.L	pl	Wybory parlamentarne w Niemczech w 2005 roku
B.L	pl	Wybory parlamentarne w Niemczech w 2009 roku
B.L	la	12 Maii
B.L	la	1976
B.L	la	1990
B.L	la	1992
B.L	la	1996
B.L	la	1999
B.L	la	2001
B.L	la	2002
B.L	la	2004
B.L	la	2008
B.L	la	2009
B.L	la	2010
B.L	la	4 Novembris
B.L	la	Administer Foederalis Salutis Publicae
B.L	la	Administratio Merkel 2
B.L	la	Anca Fuchs
B.L	la	Andrea Fischer
B.L	la	Angela Merkel
B.L	la	Annetta Schavan
B.L	la	Antje Huber
B.L	la	Carolus Theodorus zu Guttenberg
B.L	la	Catharina Focke
B.L	la	Catharina Strobel
B.L	la	Christina Schröder
B.L	la	Dieta Foederalis Germaniae
B.L	la	Elizabeth Schwarzhaupt
B.L	la	FDP
B.L	la	Franciscus Josephus Jung
B.L	la	Gerda Hasselfeldt
B.L	la	Germania
B.L	la	Guido Westerwelle
B.L	la	Hamburgum
B.L	la	Henricus Geißler
B.L	la	Horatius Seehofer
B.L	la	Ilse Aigner
B.L	la	Ioanna Wanka
B.L	la	Ioannes-Petrus Friedrich
B.L	la	Lahnstenium
B.L	la	Monasterium (Germania)
B.L	la	Norbertus Röttgen
B.L	la	Petrus Altmaier
B.L	la	Petrus Ramsauer
B.L	la	Philippus Rösler
B.L	la	Rainer Brüderle
B.L	la	Rhenania Septentrionalis-Vestfalia
B.L	la	Rita Süssmuth
B.L	la	Ronaldus Pofalla
B.L	la	Sabina Leutheusser-Schnarrenberger
B.L	la	Suerinum
B.L	la	Theodericus Niebel
B.L	la	Thomas de Maizière
B.L	la	Ulla Schmidt
B.L	la	Ursula Lehr
B.L	la	Ursula de Leyen
B.L	la	Volfgangus Schäuble
B.L	sv	1976
B.L	sv	2009
B.L	sv	2010
B.L	sv	2011
B.L	sv	4 november
B.L	sv	Angela Merkel
B.L	sv	Annette Schavan
B.L	sv	Christian Lindner
B.L	sv	Dirk Niebel
B.L	sv	Franz Josef Jung
B.L	sv	Freie Demokratische Partei
B.L	sv	Förbundsdagen
B.L	sv	Guido Westerwelle
B.L	sv	Hans-Peter Friedrich
B.L	sv	Ilse Aigner
B.L	sv	Johanna Wanka
B.L	sv	Jungen Liberalen
B.L	sv	Karl-Theodor zu Guttenberg
B.L	sv	Kristina Schröder
B.L	sv	Lahnstein
B.L	sv	Lantdag
B.L	sv	Master of Business Administration
B.L	sv	Norbert Röttgen
B.L	sv	Nordrhein-Westfalen
B.L	sv	Peter Altmaier
B.L	sv	Peter Ramsauer
B.L	sv	Philipp Rösler
B.L	sv	Politiker
B.L	sv	Rainer Brüderle
B.L	sv	Regeringen Merkel II
B.L	sv	Rhein-Lahn-Kreis
B.L	sv	Ronald Pofalla
B.L	sv	Sabine Leutheusser-Schnarrenberger
B.L	sv	Thomas de Maizière
B.L	sv	Tyskland
B.L	sv	Tysklands förbundsregering
B.L	sv	Tysklands hälsoministerium
B.L	sv	Ursula von der Leyen
B.L	sv	Wolfgang Schäuble
B.L	sv	Mall:Regeringen Merkel II
B.L	sv	Malldiskussion:Regeringen Merkel II
B.L	ru	12 мая
B.L	ru	1976
B.L	ru	1976 год
B.L	ru	2011
B.L	ru	2011 год
B.L	ru	27 декабря
B.L	ru	4 ноября
B.L	ru	Амберг
B.L	ru	Банкир
B.L	ru	Вестфальский университет имени Вильгельма
B.L	ru	Викисклад
B.L	ru	Гамбург
B.L	ru	Германия
B.L	ru	Ланштайн
B.L	ru	Меркель, Ангела
B.L	ru	Мюнстер
B.L	ru	Немецкий язык
B.L	ru	Рейнланд-Пфальц
B.L	ru	Римско-католическая церковь
B.L	ru	Рёслер, Филипп
B.L	ru	Свободная демократическая партия (Германия)
B.L	ru	Список министров здравоохранения Германии
B.L	ru	Федеративная Республика Германии (до 1990)
B.L	ru	Шверин
B.L	pt	1976
B.L	pt	4 de Novembro
B.L	pt	Lahnstein
B.L	pt	Partido Democrata Livre
B.L	pt	Política
B.L	pt	Wikipédia:Esboço
CN	de	Daniel_Bahr
IWL	fr	Daniel Bahr
IWL	eo	Daniel Bahr
IWL	en	Daniel Bahr
IWL	ar	دانيال باهر
IWL	no	Daniel Bahr
IWL	pl	Daniel Bahr
IWL	la	Daniel Bahr
IWL	sv	Daniel Bahr
IWL	ru	Бар, Даниэль
IWL	pt	Daniel Bahr
