A.L	de	Adidas
A.L	de	Adler Modemärkte
A.L	de	Aktiengesellschaft (Deutschland)
A.L	de	Allianz SE
A.L	de	Alsterhaus
A.L	de	Altana
A.L	de	Amtsgericht Essen
A.L	de	Andrew Jennings
A.L	de	Anklam
A.L	de	Arcandor
A.L	de	Assicurazioni Generali
A.L	de	BASF
A.L	de	BMW
A.L	de	Babcock Borsig
A.L	de	Bayer AG
A.L	de	Bayerische Hypotheken- und Wechsel-Bank
A.L	de	Bayerische Vereinsbank
A.L	de	Beiersdorf AG
A.L	de	Berlin
A.L	de	Berlin-Biesdorf
A.L	de	Berlin-Kreuzberg
A.L	de	Bezirk Altona
A.L	de	Bezirk Eimsbüttel
A.L	de	Bocholt
A.L	de	Borghorst
A.L	de	Bottrop
A.L	de	Brandenburg
A.L	de	Brandenburg an der Havel
A.L	de	Braunschweig
A.L	de	Buchhandel
A.L	de	Bundesautobahn 52
A.L	de	C&A
A.L	de	Campus Verlag
A.L	de	Centrum Warenhaus
A.L	de	Charles Vögele Gruppe
A.L	de	Coesfeld
A.L	de	Commerzbank
A.L	de	Continental AG
A.L	de	Coop eG
A.L	de	DAPD Nachrichtenagentur
A.L	de	DAX
A.L	de	DBH Deutsche Buch Handels GmbH & Co. KG
A.L	de	Daimler AG
A.L	de	Das Erste
A.L	de	Demandware
A.L	de	Der Tagesspiegel
A.L	de	Deutsche Bank
A.L	de	Deutsche Börse
A.L	de	Deutsche Demokratische Republik
A.L	de	Deutsche Mark
A.L	de	Deutsche Post AG
A.L	de	Deutsche Telekom
A.L	de	Deutsche Verlags-Anstalt
A.L	de	Deutsche Wiedervereinigung
A.L	de	Deutscher Wirtschaftsfilmpreis
A.L	de	Deutschland
A.L	de	Dortmund
A.L	de	Dpa
A.L	de	Dresden
A.L	de	Dresdner Bank
A.L	de	Duisburg
A.L	de	Dömitz
A.L	de	Dülmen
A.L	de	E.ON
A.L	de	Edition Temmen
A.L	de	Einzelhandel
A.L	de	El Corte Inglés
A.L	de	Epcos
A.L	de	Erlös
A.L	de	Ernst Brinkmann KG
A.L	de	Erster Weltkrieg
A.L	de	Essen
A.L	de	Essen-Bredeney
A.L	de	Euro
A.L	de	Eutin
A.L	de	Evonik Degussa
A.L	de	FAZ
A.L	de	Famila
A.L	de	Feldmühle (Unternehmen)
A.L	de	Filiale
A.L	de	Frankfurt am Main
A.L	de	Freie Presse
A.L	de	Fremdkapital
A.L	de	Fresenius (Unternehmen)
A.L	de	Fresenius Medical Care
A.L	de	Friedland (Mecklenburg)
A.L	de	Fusion (Wirtschaft)
A.L	de	Geschäftsfeld
A.L	de	Gesellschaft mit beschränkter Haftung (Deutschland)
A.L	de	Gewerbesteuer
A.L	de	Gladbeck
A.L	de	Goldman Sachs
A.L	de	Gravis (Handelskette)
A.L	de	Greifswald
A.L	de	Gründung (Recht)
A.L	de	Grüne Wiese
A.L	de	Guben
A.L	de	Görlitz
A.L	de	Güstrow
A.L	de	Halle (Saale)
A.L	de	Hamburg
A.L	de	Hamburg-Wandsbek
A.L	de	Handelsblatt
A.L	de	Hannover
A.L	de	Hannover Rück
A.L	de	HeidelbergCement
A.L	de	Heinrich Mann
A.L	de	Henkel (Unternehmen)
A.L	de	Hermannplatz
A.L	de	Hertie GmbH
A.L	de	Hertie Waren- und Kaufhaus
A.L	de	Highstreet Holding
A.L	de	Hinstorff Verlag
A.L	de	Hoechst
A.L	de	Horten AG
A.L	de	Hugendubel
A.L	de	Hypo Real Estate
A.L	de	Infineon
A.L	de	Ingolf Gritschneder
A.L	de	Insolvenz
A.L	de	Joint Venture
A.L	de	Josef Esch
A.L	de	K+S
A.L	de	KaDeWe
A.L	de	Karl-Gerhard Eick
A.L	de	Karstadt (Bremen)
A.L	de	Karstadt Feinkost
A.L	de	Karstadt Mönckebergstraße
A.L	de	Kaufhaus Althoff
A.L	de	Kaufhaus des Westens
A.L	de	Kaufhof
A.L	de	Kaviar & Gauche
A.L	de	Kepa Kaufhaus
A.L	de	Kiel
A.L	de	Kommunalpolitik
A.L	de	Konzern
A.L	de	Kostas Murkudis
A.L	de	Königsberg (Preußen)
A.L	de	Lanxess
A.L	de	Leipzig
A.L	de	Leo Herl
A.L	de	Limbecker Platz (Einkaufszentrum)
A.L	de	Linde AG
A.L	de	Lippstadt
A.L	de	Ludwigslust
A.L	de	Lufthansa
A.L	de	Lübeck
A.L	de	MAN
A.L	de	MLP AG
A.L	de	Madeleine Schickedanz
A.L	de	Magdeburg
A.L	de	Mannesmann
A.L	de	Matthias Graf von Krockow
A.L	de	Media-Saturn-Holding
A.L	de	Merck KGaA
A.L	de	Metro AG
A.L	de	Mitarbeiter
A.L	de	Munich Re
A.L	de	Mölln
A.L	de	Mönckebergstraße
A.L	de	Müller (Handelskette)
A.L	de	München
A.L	de	Münster (Westfalen)
A.L	de	N-tv
A.L	de	Nachkriegsjahre
A.L	de	Nationalsozialismus
A.L	de	Nationalsozialisten
A.L	de	Neckermann (Versandhandel)
A.L	de	Neubrandenburg
A.L	de	Neumünster
A.L	de	Neustettin
A.L	de	Nicolas Berggruen
A.L	de	Nixdorf Computer
A.L	de	Oberpollinger
A.L	de	Ostpreußen
A.L	de	Peek & Cloppenburg
A.L	de	Pommern
A.L	de	Postbank
A.L	de	Potsdam
A.L	de	Preetz
A.L	de	Preussag
A.L	de	Quelle GmbH
A.L	de	RWE
A.L	de	Real (Handelskette)
A.L	de	Rechtsform
A.L	de	Recklinghausen
A.L	de	Remscheid
A.L	de	Rendsburg
A.L	de	Report Mainz
A.L	de	Rewe Group
A.L	de	Rheine
A.L	de	Rosenthal AG
A.L	de	Rudolph Karstadt
A.L	de	Runners Point
A.L	de	SAP
A.L	de	SWR
A.L	de	Sal. Oppenheim
A.L	de	Salzgitter AG
A.L	de	Schaulandt
A.L	de	Schleswig-Holstein
A.L	de	Schutzstaffel
A.L	de	Schwabing
A.L	de	Schwerin
A.L	de	Selenogradsk
A.L	de	Siemens
A.L	de	SinnLeffers
A.L	de	Sitz (juristische Person)
A.L	de	Sortiment
A.L	de	Spanien
A.L	de	Stavenhagen
A.L	de	Steinstraße (Hamburg)
A.L	de	Stern (Zeitschrift)
A.L	de	Stettin
A.L	de	Stuttgart
A.L	de	Stuttgarter Zeitung
A.L	de	TUI
A.L	de	Tagesschau.de
A.L	de	Theodor Althoff
A.L	de	Thomas Mann
A.L	de	Thomas Middelhoff
A.L	de	ThyssenKrupp
A.L	de	Tochtergesellschaft
A.L	de	Triton (Unternehmen)
A.L	de	U-Bahn Berlin
A.L	de	Unternehmensführung
A.L	de	VEBA
A.L	de	VIAG
A.L	de	Ver.di
A.L	de	Verlag Schnell und Steiner
A.L	de	Verlagsgruppe Weltbild
A.L	de	Vobis
A.L	de	Volkswagen AG
A.L	de	WDR
A.L	de	WOM (World of Music)
A.L	de	Waren (Müritz)
A.L	de	Warenhaus
A.L	de	Website
A.L	de	Werner Hegemann
A.L	de	Wertheim-Konzern
A.L	de	Westdeutscher Rundfunk Köln
A.L	de	Wilhelmshaven
A.L	de	WirtschaftsWoche
A.L	de	Wirtschaftsprüfungsgesellschaft
A.L	de	Wirtschaftswunder
A.L	de	Wirtschaftszweig
A.L	de	Wismar
A.L	de	Württembergische Metallwarenfabrik
A.L	de	Zeil
A.L	de	Zweiter Weltkrieg
A.L	de	Wikipedia:Defekte Weblinks
B.L	fr	2010
B.L	fr	3 Suisses
B.L	fr	Allemagne
B.L	fr	Arcandor
B.L	fr	Dépôt de bilan
B.L	fr	Entreprise
B.L	fr	Filiale
B.L	fr	Loiret (département)
B.L	fr	Neckermann (société)
B.L	fr	Saran
B.L	fr	Secteur d'activité
B.L	fr	Site web
B.L	fr	Siège social
B.L	fr	Société anonyme
B.L	fr	Société mère
B.L	fr	Thomas Cook AG
B.L	fr	Vente par correspondance
B.L	fr	Discussion:Karstadt-Quelle/À faire
B.L	fr	Wikipédia:Notoriété des entreprises, sociétés et produits
B.L	fr	Modèle:Infobox Société
B.L	fr	Modèle:Ébauche/paramètres entreprise allemande
B.L	fr	Aide:Comment modifier une page
B.L	fr	Aide:Ébauche
B.L	fr	Catégorie:Forme juridique des entreprises
B.L	fr	Catégorie:Portail:Allemagne/Articles liés
B.L	fr	Catégorie:Portail:Entreprises/Articles liés
B.L	fr	Portail:Allemagne
B.L	fr	Portail:Entreprises
B.L	es	14 de mayo
B.L	es	1856
B.L	es	1881
B.L	es	1885
B.L	es	1888
B.L	es	1889
B.L	es	1890
B.L	es	1893
B.L	es	1894
B.L	es	1895
B.L	es	1896
B.L	es	1899
B.L	es	1900
B.L	es	1901
B.L	es	1902
B.L	es	1903
B.L	es	1904
B.L	es	1906
B.L	es	1908
B.L	es	1911
B.L	es	1912
B.L	es	1914
B.L	es	1919
B.L	es	1926
B.L	es	1929
B.L	es	1931
B.L	es	1932
B.L	es	1944
B.L	es	1945
B.L	es	1963
B.L	es	1969
B.L	es	1977
B.L	es	1994
B.L	es	1999
B.L	es	1 de enero
B.L	es	2004
B.L	es	2005
B.L	es	2007
B.L	es	2008
B.L	es	30 de junio
B.L	es	Acrónimo
B.L	es	Alemania
B.L	es	Anklam
B.L	es	Arcandor
B.L	es	Años 1930
B.L	es	Años 1950
B.L	es	Años 1960
B.L	es	Años 1970
B.L	es	Berlín
B.L	es	Brandeburgo
B.L	es	Braunschweig
B.L	es	Bremen
B.L	es	C&A
B.L	es	Colonia (Alemania)
B.L	es	Comercio
B.L	es	Dortmund
B.L	es	Dresde
B.L	es	Duisburg
B.L	es	Dömitz
B.L	es	Dülmen
B.L	es	El Corte Inglés
B.L	es	España
B.L	es	Essen
B.L	es	Europa
B.L	es	Eutin
B.L	es	Friedland
B.L	es	Gesellschaft mit beschränkter Haftung
B.L	es	GmbH
B.L	es	Gran almacén
B.L	es	Greifswald
B.L	es	Güstrow
B.L	es	Hamburgo
B.L	es	Hamburgo-Altona
B.L	es	Hamburgo-Eimsbüttel
B.L	es	Handelsblatt
B.L	es	Hannover
B.L	es	Heinrich Mann
B.L	es	Hipermercado
B.L	es	Holding
B.L	es	Industria
B.L	es	Joint venture
B.L	es	KaDeWe
B.L	es	Kiel
B.L	es	Kreuzberg
B.L	es	Königsberg
B.L	es	Leipzig
B.L	es	Librería
B.L	es	Ludwigslust
B.L	es	Lübeck
B.L	es	Marco alemán
B.L	es	Media Markt
B.L	es	Milagro económico alemán
B.L	es	Minorista
B.L	es	Mölln
B.L	es	Múnich
B.L	es	Münster
B.L	es	Nacionalsocialismo
B.L	es	Neiße
B.L	es	Neubrandenburg
B.L	es	Neumünster
B.L	es	Oder
B.L	es	Peek & Cloppenburg
B.L	es	Pomerania
B.L	es	Prager Straße (Dresde)
B.L	es	Primera Guerra Mundial
B.L	es	Prusia Oriental
B.L	es	Pueblo judío
B.L	es	RDA
B.L	es	RFA
B.L	es	Recklinghausen
B.L	es	Reunificación alemana
B.L	es	Rewe Group
B.L	es	Rudolph Karstadt
B.L	es	Río Ruhr
B.L	es	Saturn
B.L	es	Schleswig-Holstein
B.L	es	Schutzstaffel
B.L	es	Schwerin
B.L	es	Segunda Guerra Mundial
B.L	es	Sitio web
B.L	es	Sociedad anónima
B.L	es	Stavenhagen
B.L	es	Thomas Mann
B.L	es	Wandsbek
B.L	es	Waren (Müritz)
B.L	es	Wikimedia Commons
B.L	es	Wilhelmshaven
B.L	es	Wismar
B.L	da	14. maj
B.L	da	1881
B.L	da	1999
B.L	da	2006
B.L	da	2007
B.L	da	Arkitekt
B.L	da	Berlin
B.L	da	Dresden
B.L	da	Essen
B.L	da	Euro
B.L	da	KaDeWe
B.L	da	Kaufhaus Oberpollinger
B.L	da	München
B.L	da	Omsætning
B.L	da	Postordre
B.L	da	Stormagasin
B.L	da	Thomas Cook Group
B.L	da	Tyskland
B.L	da	Wikimedia Commons
B.L	da	Wismar
B.L	no	14. mai
B.L	no	1881
B.L	no	1999
B.L	no	2007
B.L	no	Arcandor
B.L	no	Berlin
B.L	no	KaDeWe
B.L	no	KarstadtQuelle AG
B.L	no	Rudolph Karstadt
B.L	no	Tyskland
B.L	no	Varehus
B.L	no	Wismar
B.L	tr	1881
B.L	tr	1900
B.L	tr	1902
B.L	tr	Almanya
B.L	tr	Arcandor
B.L	tr	Berlin
B.L	tr	Braunschweig
B.L	tr	Bremen
B.L	tr	Essen
B.L	tr	Eutin
B.L	tr	Hamburg
B.L	tr	Hannover
B.L	tr	Heinrich Mann
B.L	tr	Kiel
B.L	tr	Mölln
B.L	tr	Neumünster
B.L	sv	Alsterhaus
B.L	sv	Arcandor AG
B.L	sv	Gunnar Carlquist
B.L	sv	KaDeWe
B.L	sv	KarstadtQuelle
B.L	sv	Nicolas Berggruen
B.L	sv	Oberpollinger
B.L	sv	Svensk uppslagsbok
CN	de	Karstadt
IWL	fr	Karstadt-Quelle
IWL	es	Karstadt
IWL	da	Karstadt
IWL	no	Karstadt
IWL	tr	Karstadt
IWL	sv	Karstadt
