A.L	de	1871
A.L	de	Aachen
A.L	de	Adidas
A.L	de	Adolf Prinzhorn
A.L	de	Airbag
A.L	de	Aktiengesellschaft (Deutschland)
A.L	de	Alan Hippe
A.L	de	Alfred Herrhausen
A.L	de	Alfred Teves
A.L	de	Allianz SE
A.L	de	Altana
A.L	de	Altes Museum (Berlin)
A.L	de	Antriebsstrang
A.L	de	Aufsichtsrat
A.L	de	Automobilelektronik
A.L	de	Automobilzulieferer
A.L	de	Autoreifen
A.L	de	BASF
A.L	de	BMW
A.L	de	Babcock Borsig
A.L	de	Baumwolle
A.L	de	Bayer AG
A.L	de	Bayerische Hypotheken- und Wechsel-Bank
A.L	de	Bayerische Vereinsbank
A.L	de	Beiersdorf AG
A.L	de	Bernd Venohr
A.L	de	Beschleunigungssensor
A.L	de	Betriebskrankenkasse
A.L	de	Bilanzsumme
A.L	de	Bridgestone
A.L	de	Brimley (Michigan)
A.L	de	Carl Hahn junior
A.L	de	Charles Bedaux
A.L	de	Charlotte (North Carolina)
A.L	de	Christian Streiff
A.L	de	Citroen
A.L	de	Commerzbank
A.L	de	Conti-Hochhaus
A.L	de	ContiTech AG
A.L	de	Continental-Barum
A.L	de	Continental Automotive Systems
A.L	de	Continental Tire Werk
A.L	de	DAX
A.L	de	Daimler AG
A.L	de	Deutsche Arbeitsfront
A.L	de	Deutsche Bank
A.L	de	Deutsche Börse
A.L	de	Deutsche Inflation 1914 bis 1923
A.L	de	Deutsche Post AG
A.L	de	Deutsche Telekom
A.L	de	Deutsches Kaiserreich
A.L	de	Dresdner Bank
A.L	de	Dublin
A.L	de	Dunlop (Reifenhersteller)
A.L	de	E.ON
A.L	de	EBITDA
A.L	de	EU-Wettbewerbskommissar
A.L	de	Eckart Sackmann
A.L	de	Elastomer
A.L	de	Elektronisches Stabilitätsprogramm
A.L	de	Elmar Degenhart
A.L	de	Epcos
A.L	de	Equity Swap
A.L	de	Erich Maria Remarque
A.L	de	Erlös
A.L	de	Ernst Zinsser
A.L	de	Erster Weltkrieg
A.L	de	Euro
A.L	de	Evonik Degussa
A.L	de	Fahrerassistenzsystem
A.L	de	Fahrgestell
A.L	de	Fahrradbereifung
A.L	de	Feindliche Übernahme
A.L	de	Feldmühle (Unternehmen)
A.L	de	Finanzkrise 2007
A.L	de	Florian Langenscheidt
A.L	de	Frankfurt am Main
A.L	de	Fresenius (Unternehmen)
A.L	de	Fresenius Medical Care
A.L	de	Fulda Reifen
A.L	de	Gemeinschaftsunternehmen
A.L	de	General Motors
A.L	de	General Tire
A.L	de	Gerhard Schröder
A.L	de	Gewinn
A.L	de	Gislaved
A.L	de	Goldmark
A.L	de	Goodrich Corporation
A.L	de	Goodyear Tire & Rubber Company
A.L	de	Gottfried Wilhelm Leibniz Universität Hannover
A.L	de	Gründung (Recht)
A.L	de	Guadalajara (Mexiko)
A.L	de	Gürtelreifen
A.L	de	Hannover
A.L	de	Hannover-Stöcken
A.L	de	Hannover-Vahrenwald
A.L	de	Hannover Rück
A.L	de	Hannoversche Gummiwerke Excelsior
A.L	de	Hans-Olaf Henkel
A.L	de	Hartgummi
A.L	de	HeidelbergCement
A.L	de	Heimstoff
A.L	de	Henkel (Unternehmen)
A.L	de	Herstal
A.L	de	Hoechst
A.L	de	Hubertus von Grünberg
A.L	de	Hybrid-Antrieb
A.L	de	Hypo Real Estate
A.L	de	Infineon
A.L	de	Ingenieursdienstleistungen
A.L	de	International Securities Identification Number
A.L	de	International Telephone and Telegraph
A.L	de	Jürgen Geißinger
A.L	de	K+S
A.L	de	KZ-Außenlager Hannover-Ahlem
A.L	de	KZ-Außenlager Hannover-Limmer
A.L	de	KZ-Häftling
A.L	de	KZ Hannover-Stöcken (Continental)
A.L	de	Karl-Thomas Neumann
A.L	de	Karstadt
A.L	de	KdF-Wagen
A.L	de	Klaus Mangold
A.L	de	Kraftfahrer
A.L	de	Kriegsdienst
A.L	de	Kriegsrohstoffabteilung
A.L	de	Königsworther Platz
A.L	de	Lanxess
A.L	de	Linde AG
A.L	de	Louisiana Purchase Exposition
A.L	de	Luftangriffe auf Hannover
A.L	de	Lufthansa
A.L	de	MAN
A.L	de	MLP AG
A.L	de	Manager Magazin
A.L	de	Manfred Wennemer
A.L	de	Mannesmann
A.L	de	Mannesmann-Haus
A.L	de	Maria-Elisabeth Schaeffler
A.L	de	Matador (Reifenhersteller)
A.L	de	Mayfield (Kentucky)
A.L	de	Mechatronik
A.L	de	Merck KGaA
A.L	de	Metro AG
A.L	de	Michael Frenzel (Manager)
A.L	de	Michelin
A.L	de	Michigan
A.L	de	Mitarbeiter
A.L	de	Mitarbeiterzeitschrift
A.L	de	Moritz Magnus
A.L	de	Motorola
A.L	de	Mount Vernon (Illinois)
A.L	de	Munich Re
A.L	de	NS-Zwangsarbeit
A.L	de	Newbridge (Edinburgh)
A.L	de	Niederösterreich
A.L	de	Nixdorf Computer
A.L	de	Nordhafen (Hannover)
A.L	de	Nürnberg
A.L	de	Otto Schendel
A.L	de	Peter Behrens
A.L	de	Phoenix AG
A.L	de	Pilaster
A.L	de	Pirelli
A.L	de	Postbank
A.L	de	Preussag
A.L	de	Produkt (Wirtschaft)
A.L	de	REFA
A.L	de	RWE
A.L	de	Rechtsform
A.L	de	Region Hannover
A.L	de	Reichsmark
A.L	de	Reifen
A.L	de	Reifenprofil
A.L	de	Robert Bosch GmbH
A.L	de	Rolf Koerfer
A.L	de	SAP
A.L	de	Salzgitter AG
A.L	de	Sava (Reifen)
A.L	de	Schaeffler Gruppe
A.L	de	Scientific Management
A.L	de	Seelze
A.L	de	Selbstabdichtender Treibstofftank
A.L	de	Semperit AG
A.L	de	Sensorik (Technik)
A.L	de	Siegfried Wolf (Manager)
A.L	de	Siegmund Seligmann
A.L	de	Siemens
A.L	de	Siemens VDO Automotive
A.L	de	Siemens VDO Automotive AG
A.L	de	Sitz (juristische Person)
A.L	de	Slowenien
A.L	de	Sperrminorität
A.L	de	Spiegel Online
A.L	de	Stakeholder
A.L	de	Streubesitz
A.L	de	Südheide
A.L	de	TUI
A.L	de	Taler
A.L	de	Telematik
A.L	de	Temic
A.L	de	Teststrecke
A.L	de	ThyssenKrupp
A.L	de	Traiskirchen
A.L	de	Tschechien
A.L	de	Unternehmensführung
A.L	de	VEBA
A.L	de	VIAG
A.L	de	Vereinigte Staaten
A.L	de	Vierjahresplan
A.L	de	Volkswagen AG
A.L	de	Vorstandsvorsitzender
A.L	de	Website
A.L	de	Wehrmacht
A.L	de	Werkbücherei
A.L	de	Werkschule
A.L	de	Werkschutz
A.L	de	Werner Dierschke
A.L	de	Wietze
A.L	de	Wirtschaftswunder
A.L	de	Wirtschaftszweig
A.L	de	Witwenkasse
A.L	de	Wolfgang Reitzle
A.L	de	ZF Sachs
A.L	de	Zwangsarbeit in der Zeit des Nationalsozialismus
A.L	de	Vorlage:NaviBlock/Wartung/nur ein Element
B.L	fi	Autoteollisuus
B.L	fi	Elmar Degenhart
B.L	fi	Euro
B.L	fi	Forbes
B.L	fi	Frankfurtin pörssi
B.L	fi	General Tire
B.L	fi	Hannover
B.L	fi	Itävalta
B.L	fi	Jarru
B.L	fi	Korbach
B.L	fi	Liikevaihto
B.L	fi	Liikevoitto
B.L	fi	Nettotulos
B.L	fi	Osake
B.L	fi	Osakeyhtiö
B.L	fi	Rengas (ajoneuvo)
B.L	fi	Saksa
B.L	fi	Semperit
B.L	fi	Siemens VDO
B.L	fi	Toimitusjohtaja
B.L	fi	Tuotantotekniikka
B.L	fi	Wikimedia Commons
B.L	fi	Yhdysvallat
B.L	fi	Yhtiömuoto
B.L	fi	Yritys
B.L	fi	Wikipedia:Tynkä
B.L	fi	Luokka:Yritystyngät
B.L	fr	11 mars
B.L	fr	16 juillet
B.L	fr	1871
B.L	fr	1882
B.L	fr	1892
B.L	fr	1898
B.L	fr	1900
B.L	fr	1901
B.L	fr	1904
B.L	fr	1905
B.L	fr	1907
B.L	fr	1908
B.L	fr	1909
B.L	fr	1912
B.L	fr	1914
B.L	fr	1921
B.L	fr	1926
B.L	fr	1928
B.L	fr	1929
B.L	fr	1932
B.L	fr	1935
B.L	fr	1936
B.L	fr	1938
B.L	fr	1940
B.L	fr	1943
B.L	fr	1945
B.L	fr	1951
B.L	fr	1952
B.L	fr	1955
B.L	fr	1960
B.L	fr	1961
B.L	fr	1964
B.L	fr	1967
B.L	fr	1986
B.L	fr	2001
B.L	fr	2007
B.L	fr	2008
B.L	fr	2009
B.L	fr	21 août
B.L	fr	5 décembre
B.L	fr	8 octobre
B.L	fr	Accumulateur lithium
B.L	fr	Adidas
B.L	fr	Aix-la-Chapelle
B.L	fr	Allemagne
B.L	fr	Allianz
B.L	fr	Août 2008
B.L	fr	Auto Union
B.L	fr	Automobile
B.L	fr	BASF
B.L	fr	Basse-Saxe
B.L	fr	Bayer (entreprise)
B.L	fr	Bayerische Motoren Werke
B.L	fr	Bayerische Motoren Werke AG
B.L	fr	Beiersdorf
B.L	fr	Bernd Rosemeyer
B.L	fr	Brevet
B.L	fr	Bridgestone
B.L	fr	Caoutchouc (matériau)
B.L	fr	Chambre à air
B.L	fr	Chiffre d'affaires
B.L	fr	Commerzbank
B.L	fr	Continental
B.L	fr	Continental AG
B.L	fr	DAX
B.L	fr	DaimlerChrysler
B.L	fr	Daimler (entreprise)
B.L	fr	Deutsche Bank
B.L	fr	Deutsche Börse
B.L	fr	Deutsche Post
B.L	fr	Deutsche Telekom
B.L	fr	Décembre 2007
B.L	fr	E.ON
B.L	fr	Eurotyre
B.L	fr	Ford
B.L	fr	Fresenius
B.L	fr	Fresenius Medical Care
B.L	fr	Goodyear Tire & Rubber
B.L	fr	Hanovre
B.L	fr	Hans Stuck
B.L	fr	HeidelbergCement
B.L	fr	Henkel
B.L	fr	Hesse (Land)
B.L	fr	Infineon Technologies
B.L	fr	Jante (automobile)
B.L	fr	Juillet 2008
B.L	fr	K+S
B.L	fr	Korbach
B.L	fr	Lanxess
B.L	fr	Le Monde
B.L	fr	Linde AG
B.L	fr	Liste de plans de licenciement en France
B.L	fr	Louis Blériot
B.L	fr	Lousado
B.L	fr	Lufthansa
B.L	fr	Mars 2009
B.L	fr	Mercedes-Benz
B.L	fr	Merck KGaA
B.L	fr	Michelin
B.L	fr	Munich Re
B.L	fr	Nice
B.L	fr	Nissan
B.L	fr	Noir de carbone
B.L	fr	Octobre
B.L	fr	Octobre 1871
B.L	fr	Offre publique d'achat
B.L	fr	Opel
B.L	fr	Otrokovice
B.L	fr	Peugeot
B.L	fr	Pneumatique (véhicule)
B.L	fr	Porsche
B.L	fr	Púchov
B.L	fr	RWE
B.L	fr	Renault
B.L	fr	Rudolf Caracciola
B.L	fr	Résultat net
B.L	fr	SAP (entreprise)
B.L	fr	Saab
B.L	fr	Saint Pétersbourg
B.L	fr	Sarreguemines
B.L	fr	Schaeffler Group
B.L	fr	Seconde Guerre mondiale
B.L	fr	Siemens (entreprise)
B.L	fr	Site web
B.L	fr	Siège social
B.L	fr	Slogan publicitaire
B.L	fr	Smart
B.L	fr	Société anonyme
B.L	fr	The Daily Telegraph
B.L	fr	ThyssenKrupp
B.L	fr	Tikkakoski
B.L	fr	Timişoara
B.L	fr	Toyota (entreprise)
B.L	fr	Tripoli (Libye)
B.L	fr	VDO
B.L	fr	Volkswagen (entreprise)
B.L	fr	Élastomère
B.L	fr	Discussion:Continental AG/À faire
B.L	fr	Wikipédia:Liste
B.L	fr	Wikipédia:Notoriété des entreprises, sociétés et produits
B.L	fr	Modèle:Infobox Société
B.L	fr	Modèle:Palette DAX
B.L	fr	Modèle:Ébauche/paramètres automobile
B.L	fr	Modèle:Ébauche/paramètres entreprise allemande
B.L	fr	Discussion modèle:Palette DAX
B.L	fr	Aide:Comment modifier une page
B.L	fr	Aide:Homonymie
B.L	fr	Aide:Ébauche
B.L	fr	Catégorie:Entreprise par date de fondation
B.L	fr	Catégorie:Forme juridique des entreprises
B.L	fr	Catégorie:Portail:Automobile/Articles liés
B.L	fr	Catégorie:Portail:Basse-Saxe/Articles liés
B.L	fr	Catégorie:Portail:Entreprises/Articles liés
B.L	fr	Portail:Allemagne
B.L	fr	Portail:Automobile
B.L	fr	Portail:Basse-Saxe
B.L	fr	Portail:Entreprises
B.L	he	1871
B.L	he	1892
B.L	he	1898
B.L	he	2010
B.L	he	אופניים
B.L	he	אירו
B.L	he	אירופה
B.L	he	בלם (מכשיר)
B.L	he	בקרת יציבות
B.L	he	גומי
B.L	he	גרמניה
B.L	he	דצמבר
B.L	he	הנובר
B.L	he	חברה (תאגיד)
B.L	he	חברת הזנק
B.L	he	טכנולוגיה
B.L	he	כלי תחבורה
B.L	he	מדינה
B.L	he	מיליארד
B.L	he	מכונית
B.L	he	מלחמת העולם השנייה
B.L	he	מנוע
B.L	he	מערכת דלק
B.L	he	צמיג
B.L	he	שנות ה-80 של המאה ה-20
B.L	he	תעשייה
B.L	fa	آدیداس
B.L	fa	آلمان
B.L	fa	آلیانتس
B.L	fa	ا.آن
B.L	fa	ار وه ئه
B.L	fa	ارتباط
B.L	fa	ارزش بازار
B.L	fa	ارنست اند یانگ
B.L	fa	اس آ پ
B.L	fa	اینفینئون
B.L	fa	ب آ اس اف
B.L	fa	ب ام و
B.L	fa	بایر (شرکت)
B.L	fa	بایرسدورف
B.L	fa	بریجستون
B.L	fa	تایر
B.L	fa	ترابری
B.L	fa	ترمز
B.L	fa	تیسن‌کروپ
B.L	fa	جهان
B.L	fa	خودرو
B.L	fa	دایملر آ گ
B.L	fa	دویچه بانک
B.L	fa	دویچه بورزه
B.L	fa	دویچه تلکوم
B.L	fa	دویچه پست
B.L	fa	زبان آلمانی
B.L	fa	زیمنس
B.L	fa	فرزنیوس
B.L	fa	فرزنیوس مدیکال کر
B.L	fa	لانکسس
B.L	fa	لوفت‌هانزا
B.L	fa	لینده
B.L	fa	مرک
B.L	fa	میشلن
B.L	fa	میونیک ره
B.L	fa	نیدرزاکسن
B.L	fa	هانوفر
B.L	fa	هایدلبرگ‌سمنت
B.L	fa	هنکل
B.L	fa	کا+اس
B.L	fa	کائوچو
B.L	fa	کنترل پایداری الکترونیکی
B.L	fa	کومرتس‌بانک
B.L	fa	گروه فولکس‌واگن
B.L	fa	گودیر تایر
B.L	fa	یورو
B.L	fa	۱۸۷۱ (میلادی)
B.L	fa	الگو:شرکت‌های دکس
B.L	fa	بحث الگو:شرکت‌های دکس
B.L	en	A123Systems
B.L	en	Adidas
B.L	en	Alfred Herrhausen
B.L	en	Allianz
B.L	en	Auburn Hills, Michigan
B.L	en	Automobile
B.L	en	Automobile safety
B.L	en	Automotive News
B.L	en	BASF
B.L	en	BMW
B.L	en	Barum (company)
B.L	en	Battery (electricity)
B.L	en	Bayer AG
B.L	en	Beiersdorf
B.L	en	Bicycle tire
B.L	en	Bloomberg L.P.
B.L	en	Bloomberg News
B.L	en	Blue chip (stock market)
B.L	en	Brake
B.L	en	Bridgestone
B.L	en	Carl Hahn
B.L	en	Charlotte, North Carolina
B.L	en	Charlotte Business Journal
B.L	en	Chevrolet Volt
B.L	en	Commerzbank
B.L	en	Compact Power
B.L	en	Consortium
B.L	en	Continental AG
B.L	en	Continental Automotive Systems
B.L	en	Crain Communications
B.L	en	DAX
B.L	en	Daimler AG
B.L	en	Deutsche Bank
B.L	en	Deutsche Börse
B.L	en	Deutsche Post
B.L	en	Deutsche Telekom
B.L	en	E.ON
B.L	en	EE Times
B.L	en	Earnings before interest and taxes
B.L	en	Electric vehicle
B.L	en	Equity (finance)
B.L	en	Ernst & Young
B.L	en	Euro
B.L	en	Family business
B.L	en	Ford Motor Company
B.L	en	Frankfurt Stock Exchange
B.L	en	Freightliner Trucks
B.L	en	Fresenius (company)
B.L	en	Fresenius Medical Care
B.L	en	General Motors
B.L	en	General Tire
B.L	en	Georg Schaeffler
B.L	en	Gerhard Schroeder
B.L	en	German Chancellor
B.L	en	Germany
B.L	en	Goodyear Tire and Rubber Company
B.L	en	Great Lakes Crossing
B.L	en	Gutta-percha
B.L	en	Hanover
B.L	en	HeidelbergCement
B.L	en	Henkel
B.L	en	Honda
B.L	en	ITT Industries
B.L	en	Infineon Technologies
B.L	en	Integration
B.L	en	Iveco
B.L	en	Juergen M. Geissinger
B.L	en	K+S
B.L	en	Koegel
B.L	en	Lanxess
B.L	en	Lithium-ion
B.L	en	Lower Saxony
B.L	en	Lufthansa
B.L	en	Maria-Elisabeth Schaeffler
B.L	en	Market capitalization
B.L	en	Mayfield, Kentucky
B.L	en	Merck KGaA
B.L	en	Michelin
B.L	en	Motorcycle tyre
B.L	en	Motorola
B.L	en	Munich Re
B.L	en	Net income
B.L	en	OEM
B.L	en	OTC Markets Group
B.L	en	Phoenix AG
B.L	en	Porsche
B.L	en	Protracted
B.L	en	Publicly traded company
B.L	en	RWE
B.L	en	Renault
B.L	en	Reuters
B.L	en	Rubber
B.L	en	SAP AG
B.L	en	Schaeffler Group
B.L	en	Schmitz
B.L	en	Siemens
B.L	en	Siemens AG
B.L	en	Siemens VDO
B.L	en	Standoff
B.L	en	Tachograph
B.L	en	Takeover
B.L	en	The Economic Times
B.L	en	The Linde Group
B.L	en	The New York Times
B.L	en	ThyssenKrupp
B.L	en	Ticker symbol
B.L	en	Tire
B.L	en	Toyota Motor Corporation
B.L	en	Truck
B.L	en	Types of business entity
B.L	en	UBM
B.L	en	United Steelworkers
B.L	en	VDO (company)
B.L	en	Vehicle stability control
B.L	en	Volkswagen
B.L	en	Volkswagen Group
B.L	en	Volvo
B.L	en	Wolfgang Reitzle
B.L	en	Template:DAX companies
B.L	en	Template:Portal/Images/Companies
B.L	en	Template talk:DAX companies
B.L	en	Category:Articles to be expanded from January 2009
B.L	en	Category:Use dmy dates from April 2012
B.L	en	Portal:Companies
B.L	es	1871
B.L	es	1875
B.L	es	1892
B.L	es	1981
B.L	es	1995
B.L	es	1998
B.L	es	2001
B.L	es	2004
B.L	es	2005
B.L	es	2006
B.L	es	2007
B.L	es	4 de agosto
B.L	es	Adolf Prinzhorn
B.L	es	Airbag
B.L	es	Alemania
B.L	es	Alfred Teves
B.L	es	Altes Museum
B.L	es	Antiblockiersystem
B.L	es	Austria
B.L	es	Automoción
B.L	es	Automóvil
B.L	es	Barum
B.L	es	Berlín
B.L	es	Bicicleta
B.L	es	Bolivia
B.L	es	Bridgestone
B.L	es	Bridgestone Corporation
B.L	es	Brimley (Michigan)
B.L	es	Bélgica
B.L	es	Carolina del Norte
B.L	es	Centralitas electrónicas
B.L	es	Charlotte
B.L	es	Chasis
B.L	es	Chile
B.L	es	Colombia
B.L	es	ContiTech AG
B.L	es	Continental Tire Andina S.A.
B.L	es	Control de estabilidad
B.L	es	Creative Commons
B.L	es	Cuenca (Ecuador)
B.L	es	DAX
B.L	es	DaimlerChrysler
B.L	es	Daimler AG
B.L	es	Detroit
B.L	es	Deutsche Bank
B.L	es	Dublín
B.L	es	Düsseldorf
B.L	es	EBITA
B.L	es	ERCO
B.L	es	ESP
B.L	es	Ecuador
B.L	es	Elastómero
B.L	es	Electrónica
B.L	es	Escocia
B.L	es	Eslovaquia
B.L	es	Eslovenia
B.L	es	Estados Unidos
B.L	es	Freno
B.L	es	Fráncfort del Meno
B.L	es	GenCorp
B.L	es	General Motors
B.L	es	General Tire
B.L	es	Gislaved
B.L	es	Goodyear
B.L	es	Guadalajara (México)
B.L	es	Hamburgo
B.L	es	Hanóver
B.L	es	Herrenhausen-Stöcken
B.L	es	Herstal
B.L	es	ITT Automotive
B.L	es	Illinois
B.L	es	Industria
B.L	es	Inyección de combustible
B.L	es	Irlanda
B.L	es	Italia
B.L	es	Joint-Venture
B.L	es	Licencia de documentación libre de GNU
B.L	es	Manfred Wennemer
B.L	es	Mannesmann
B.L	es	Mayfield (Kentucky)
B.L	es	Mecatrónica
B.L	es	Michelin
B.L	es	Minoría de bloqueo
B.L	es	Mount Vernon (Illinois)
B.L	es	Míchigan
B.L	es	Neumático
B.L	es	Neumático de bicicleta
B.L	es	Newbridge
B.L	es	Núremberg
B.L	es	Nürnberg
B.L	es	OPA hostil
B.L	es	Perú
B.L	es	Peter Behrens
B.L	es	Phoenix AG
B.L	es	Pilastra
B.L	es	Pirelli
B.L	es	Primera guerra mundial
B.L	es	Quito
B.L	es	República Checa
B.L	es	San Fernando (Buenos Aires)
B.L	es	Sava
B.L	es	Segunda guerra mundial
B.L	es	Semperit
B.L	es	Siegmund Seligmann
B.L	es	Siemens AG
B.L	es	Siemens VDO Automotive
B.L	es	Siemens VDO Automotive AG
B.L	es	Sitio web
B.L	es	Sociedad Anónima
B.L	es	Suecia
B.L	es	TEMIC
B.L	es	Tacógrafo
B.L	es	Traiskirchen
B.L	es	Vehículo híbrido eléctrico
B.L	es	Vehículos comerciales
B.L	es	Venezuela
B.L	es	Wietze-Jeversen
B.L	es	Wikimedia Commons
B.L	es	ZF-Sachs
B.L	bg	1871
B.L	bg	Автомобил
B.L	bg	Автомобилна гума
B.L	bg	Автомобилни спортове
B.L	bg	Англьобер
B.L	bg	Белгия
B.L	bg	Бриджстоун
B.L	bg	Великобритания
B.L	bg	Германия
B.L	bg	Гудиър (гуми)
B.L	bg	Долна Саксония
B.L	bg	Дънлоп (гуми)
B.L	bg	Ейвън (гуми)
B.L	bg	Италия
B.L	bg	Компания
B.L	bg	Мишлен
B.L	bg	Немски език
B.L	bg	Общомедия
B.L	bg	Пирели
B.L	bg	Предприятие
B.L	bg	Производители на гуми за Формула 1
B.L	bg	Промишленост
B.L	bg	САЩ
B.L	bg	Селското стопанство
B.L	bg	Файърстоун
B.L	bg	Франция
B.L	bg	Хановер
B.L	bg	Япония
B.L	bg	Уикипедия:Мъниче
B.L	bg	Шаблон:Производители на гуми за Формула 1
B.L	bg	Шаблон беседа:Производители на гуми за Формула 1
B.L	be	2007
B.L	be	Siemens AG
B.L	be	Siemens VDO Automotive AG
B.L	be	Аўтамабільная шына
B.L	be	Германія
B.L	be	Еўропа
B.L	da	1871
B.L	da	2007
B.L	da	Adidas
B.L	da	Aktieselskab
B.L	da	Allianz
B.L	da	BASF
B.L	da	BMW
B.L	da	Bayer
B.L	da	Beiersdorf AG
B.L	da	Bremse
B.L	da	Bridgestone
B.L	da	CEO
B.L	da	Commerzbank
B.L	da	DAX
B.L	da	Daimler AG
B.L	da	Deutsche Bank
B.L	da	Deutsche Börse
B.L	da	Deutsche Post
B.L	da	Deutsche Telekom
B.L	da	Dæk (hjul)
B.L	da	E.ON
B.L	da	Elektronisk Stabiliseringsprogram
B.L	da	Euro
B.L	da	Firma
B.L	da	Frankfurter Wertpapierbörse
B.L	da	Fresenius Medical Care
B.L	da	Fresenius SE
B.L	da	Goodyear
B.L	da	Gummi
B.L	da	Hannover
B.L	da	HeidelbergCement
B.L	da	Henkel
B.L	da	Hovedkvarter
B.L	da	Infineon Technologies
B.L	da	K+S
B.L	da	Koncern
B.L	da	Lanxess
B.L	da	Linde AG
B.L	da	Lufthansa
B.L	da	Medarbejder
B.L	da	Merck KGaA
B.L	da	Michelin
B.L	da	Munich Re
B.L	da	Niedersachsen
B.L	da	Omsætning
B.L	da	Produkt (marketing)
B.L	da	RWE
B.L	da	SAP AG
B.L	da	Schaeffler Gruppe
B.L	da	Selskabsform
B.L	da	Siemens AG
B.L	da	ThyssenKrupp
B.L	da	Tyskland
B.L	da	Virksomhed
B.L	da	Volkswagen Aktiengesellschaft
B.L	da	Websted
B.L	da	Wikimedia Commons
B.L	da	Hjælp:Artikeludvidelse
B.L	da	Hjælp:Stub
B.L	no	1871
B.L	no	1992
B.L	no	2001
B.L	no	Askim
B.L	no	Bil
B.L	no	Bremse
B.L	no	Dekk (hjul)
B.L	no	Gislaved
B.L	no	Gummi
B.L	no	Hannover
B.L	no	OTCBB
B.L	no	Sverige
B.L	no	Tyskland
B.L	no	Wikimedia Commons
B.L	pl	1871
B.L	pl	8 października
B.L	pl	Argentyna
B.L	pl	Barum Continental
B.L	pl	Branża
B.L	pl	Chemia
B.L	pl	Daimler Motor Company
B.L	pl	Dochód
B.L	pl	Dętka
B.L	pl	Formy prawne przedsiębiorstw
B.L	pl	Francja
B.L	pl	Freightliner Trucks
B.L	pl	General Tire
B.L	pl	Gislaved
B.L	pl	Gospodarka
B.L	pl	Hanower
B.L	pl	Honda
B.L	pl	International Securities Identification Number
B.L	pl	Iveco
B.L	pl	Język angielski
B.L	pl	Koegel
B.L	pl	Koncern
B.L	pl	Mabor
B.L	pl	Matador (firma)
B.L	pl	Meksyk
B.L	pl	Motoryzacja
B.L	pl	Niemcy
B.L	pl	Opona pneumatyczna
B.L	pl	Phoenix AG
B.L	pl	Produkt (marketing)
B.L	pl	Przemysł środków transportu
B.L	pl	Przychód (ekonomia)
B.L	pl	Rower
B.L	pl	Samochód
B.L	pl	Schmitz
B.L	pl	Semperit
B.L	pl	Siedziba (prawo)
B.L	pl	Spółka akcyjna
B.L	pl	Tachograf
B.L	pl	Uniroyal
B.L	pl	Viking (marka)
B.L	pl	Wtrysk paliwa
B.L	pl	Zatrudnienie
B.L	nl	Adidas
B.L	nl	Allianz
B.L	nl	BASF (chemieconcern)
B.L	nl	BMW
B.L	nl	Bayer
B.L	nl	Beiersdorf AG
B.L	nl	Bridgestone
B.L	nl	Commerzbank
B.L	nl	DAX-index
B.L	nl	Daimler (Duitsland)
B.L	nl	Deutsche Bank
B.L	nl	Deutsche Börse
B.L	nl	Deutsche Post
B.L	nl	Deutsche Telekom
B.L	nl	Duitsland
B.L	nl	E.ON
B.L	nl	Effectenbeurs
B.L	nl	Fresenius
B.L	nl	Fresenius Medical Care
B.L	nl	Goodyear (bedrijf)
B.L	nl	Hannover (stad)
B.L	nl	HeidelbergCement
B.L	nl	Henkel KGaA
B.L	nl	Infineon
B.L	nl	K+S
B.L	nl	Lanxess
B.L	nl	Linde AG
B.L	nl	Luchtband
B.L	nl	Lufthansa
B.L	nl	Merck KGaA
B.L	nl	Michelin
B.L	nl	Münchener Rück
B.L	nl	Omzet
B.L	nl	RWE (energie)
B.L	nl	Rem
B.L	nl	Rubber
B.L	nl	SAP AG
B.L	nl	Saksenros
B.L	nl	Siemens AG
B.L	nl	ThyssenKrupp
B.L	nl	Volkswagen AG
B.L	nl	Wegenkaart
B.L	nl	Wikimedia Commons
B.L	nl	Winst (onderneming)
B.L	nl	Portaal:Economie
B.L	id	1871
B.L	id	Adidas
B.L	id	Aktiengesellschaft
B.L	id	Allianz
B.L	id	BASF
B.L	id	BMW
B.L	id	Ban
B.L	id	Bayer AG
B.L	id	Beiersdorf
B.L	id	Commerzbank
B.L	id	DAX
B.L	id	Daimler AG
B.L	id	Deutsche Bank
B.L	id	Deutsche Börse
B.L	id	Deutsche Post
B.L	id	Deutsche Telekom
B.L	id	E.ON
B.L	id	EUR
B.L	id	Fresenius (perusahaan)
B.L	id	Fresenius Medical Care
B.L	id	Hannover
B.L	id	HeidelbergCement
B.L	id	Henkel
B.L	id	Infineon Technologies
B.L	id	International Securities Identifying Number
B.L	id	Jenis entitas bisnis
B.L	id	Jerman
B.L	id	K+S
B.L	id	Karet
B.L	id	Korporasi
B.L	id	Lanxess
B.L	id	Lufthansa
B.L	id	Manufaktur
B.L	id	Merck KGaA
B.L	id	Munich Re
B.L	id	OTCBB
B.L	id	Perusahaan (hukum)
B.L	id	RWE
B.L	id	Rem
B.L	id	SAP AG
B.L	id	Siemens
B.L	id	The Linde Group
B.L	id	ThyssenKrupp
B.L	id	Volkswagen Group
B.L	id	Wikimedia Commons
B.L	id	Wikipedia:Rintisan
B.L	id	Templat:Perusahaan DAX
B.L	id	Pembicaraan Templat:Perusahaan DAX
B.L	it	1871
B.L	it	1987
B.L	it	2001
B.L	it	2004
B.L	it	2006
B.L	it	2007
B.L	it	8 ottobre
B.L	it	Aquisgrana
B.L	it	Assetto ruote
B.L	it	Auburn Hills
B.L	it	Autobus
B.L	it	Autocarro
B.L	it	Automobile
B.L	it	Automobili
B.L	it	Automotive Safety Centre
B.L	it	Autotrasportatore
B.L	it	Autovettura
B.L	it	Barum (azienda)
B.L	it	Borsa valori
B.L	it	Cairo Montenotte
B.L	it	Cerchione
B.L	it	Charlotte (Carolina del Nord)
B.L	it	Costa Rica
B.L	it	Deutsche Börse
B.L	it	Electronic Stability Program
B.L	it	Equilibratura
B.L	it	Euro
B.L	it	Europa
B.L	it	Fatturato
B.L	it	Fornitore
B.L	it	Francia
B.L	it	Freno
B.L	it	Germania
B.L	it	Gislaved (azienda)
B.L	it	Gomma
B.L	it	Hannover
B.L	it	Italia
B.L	it	Kentucky
B.L	it	Korbach
B.L	it	Lousado
B.L	it	Manfred Wennemer
B.L	it	Marchio
B.L	it	Mayfield (Kentucky)
B.L	it	Michigan
B.L	it	Miliardo
B.L	it	Mondo
B.L	it	Motorola
B.L	it	Mount Vernon (Illinois)
B.L	it	Nord America
B.L	it	North Carolina
B.L	it	Otrokovice
B.L	it	Phoenix AG
B.L	it	Pneumatico
B.L	it	Portogallo
B.L	it	Presidente del Consiglio di amministrazione
B.L	it	Provincia di Savona
B.L	it	Repubblica Ceca
B.L	it	Romania
B.L	it	Sarreguemines Compiègne
B.L	it	Siemens (azienda)
B.L	it	Siemens VDO
B.L	it	Sistema anti bloccaggio
B.L	it	Sito web
B.L	it	Stati Uniti d'America
B.L	it	Stato
B.L	it	Timişoara
B.L	it	Portale:Aziende
B.L	it	Portale:Aziende/icona
B.L	it	Portale:Germania
B.L	it	Portale:Germania/icona
B.L	it	Portale:Trasporti
B.L	it	Portale:Trasporti/icona
B.L	ja	1871年
B.L	ja	BASF
B.L	ja	BMW
B.L	ja	E.ON
B.L	ja	ECS
B.L	ja	GM
B.L	ja	K+S
B.L	ja	RWE
B.L	ja	SAP (企業)
B.L	ja	Smart (自動車)
B.L	ja	アウディ
B.L	ja	アディダス
B.L	ja	アリアンツ
B.L	ja	アルファ・ロメオ
B.L	ja	インフィニオン・テクノロジーズ
B.L	ja	オペル
B.L	ja	ガタパーチャ
B.L	ja	グッドイヤー
B.L	ja	コメルツ銀行
B.L	ja	コンティネンタル・オートモーティブ
B.L	ja	シーメンス
B.L	ja	ジャガー (自動車)
B.L	ja	スズキ (企業)
B.L	ja	スタッドレスタイヤ
B.L	ja	スバル
B.L	ja	タイヤ
B.L	ja	ターボチャージャー
B.L	ja	ダイムラー (自動車メーカー)
B.L	ja	ティッセンクルップ
B.L	ja	トヨタ自動車
B.L	ja	ドイツ
B.L	ja	ドイツテレコム
B.L	ja	ドイツポスト
B.L	ja	ドイツ・ポストバンク
B.L	ja	ドイツ株価指数
B.L	ja	ドイツ証券取引所
B.L	ja	ドイツ銀行
B.L	ja	ハイポ・リアル・エステート
B.L	ja	ハノーファー
B.L	ja	バイエル (企業)
B.L	ja	フィアット
B.L	ja	フォルクスワーゲン
B.L	ja	フォルクスワーゲングループ
B.L	ja	フォード・モーター
B.L	ja	フレゼニウス
B.L	ja	ブリヂストン
B.L	ja	ブレーキ
B.L	ja	プジョー
B.L	ja	ヘンケル
B.L	ja	ボルボ
B.L	ja	ポルシェ
B.L	ja	マン (企業)
B.L	ja	ミシュラン
B.L	ja	ミュンヘン再保険
B.L	ja	メトロ (小売業)
B.L	ja	メルク (ドイツ)
B.L	ja	メルセデス・ベンツ
B.L	ja	モトローラ
B.L	ja	ヤナセ
B.L	ja	ユーロ
B.L	ja	ランドローバー
B.L	ja	リンデ
B.L	ja	ルノー
B.L	ja	ルフトハンザドイツ航空
B.L	ja	三菱自動車工業
B.L	ja	企業
B.L	ja	日産自動車
B.L	ja	本田技研工業
B.L	ja	横浜ゴム
B.L	ja	自動車
B.L	ja	Wikipedia:スタブ
B.L	ja	Wikipedia:信頼できる情報源
B.L	ja	Wikipedia:出典を明記する
B.L	ja	Wikipedia:検証可能性
B.L	ja	Template:DAX
B.L	ja	Template‐ノート:DAX
B.L	ja	Category:企業関連のスタブ
B.L	ja	Category:出典を必要とする記事/2012年8月
B.L	ja	プロジェクト:経済
B.L	uk	2007
B.L	uk	25 липня
B.L	uk	DAX
B.L	uk	Siemens AG
B.L	uk	Siemens VDO Automotive AG
B.L	uk	Європа
B.L	uk	Іспанія
B.L	uk	Бельгія
B.L	uk	Великобританія
B.L	uk	ВікіСховище
B.L	uk	Люксембург
B.L	uk	Німеччина
B.L	uk	Португалія
B.L	uk	США
B.L	uk	Туреччина
B.L	uk	Франкфуртська фондова біржа
B.L	uk	Франція
B.L	uk	Чехія
B.L	uk	Чилі
B.L	uk	Швеція
B.L	tr	1871
B.L	tr	Almanya
B.L	tr	Hannover
B.L	tr	Şirket
B.L	tr	Vikipedi:Madde
B.L	tr	Vikipedi:Taslak madde
B.L	sv	1871
B.L	sv	Adidas
B.L	sv	Adolf Prinzhorn
B.L	sv	Allianz
B.L	sv	BASF
B.L	sv	BMW
B.L	sv	Bayer AG
B.L	sv	Beiersdorf AG
B.L	sv	Commerzbank
B.L	sv	Daimler AG
B.L	sv	Deutsche Bank
B.L	sv	Deutsche Börse
B.L	sv	Deutsche Post
B.L	sv	Deutsche Telekom
B.L	sv	Deutscher Aktienindex
B.L	sv	Däck (hjul)
B.L	sv	E.ON
B.L	sv	Fresenius
B.L	sv	Fresenius Medical Care
B.L	sv	Gislaved (däck)
B.L	sv	Hannover
B.L	sv	Hannover Re
B.L	sv	Henkel
B.L	sv	Infineon
B.L	sv	K+S
B.L	sv	Linde AG
B.L	sv	Lufthansa
B.L	sv	MAN AG
B.L	sv	Merck KGaA
B.L	sv	Metro AG
B.L	sv	Munich Re
B.L	sv	Peter Behrens
B.L	sv	RWE
B.L	sv	SAP AG
B.L	sv	Schaeffler Gruppe
B.L	sv	Semperit AG
B.L	sv	Siegmund Seligmann
B.L	sv	Siemens AG
B.L	sv	ThyssenKrupp
B.L	sv	Tysk
B.L	sv	Volkswagen AG
B.L	sv	Mall:DAX
B.L	sv	Malldiskussion:DAX
B.L	ru	1871
B.L	ru	1871 год
B.L	ru	1892 год
B.L	ru	1898 год
B.L	ru	1901 год
B.L	ru	1903 год
B.L	ru	1904 год
B.L	ru	1905 год
B.L	ru	1907 год
B.L	ru	1908 год
B.L	ru	1913 год
B.L	ru	1914 год
B.L	ru	1921 год
B.L	ru	1926 год
B.L	ru	1928
B.L	ru	1929
B.L	ru	1932 год
B.L	ru	1934 год
B.L	ru	1935
B.L	ru	1936 год
B.L	ru	1940
B.L	ru	1943 год
B.L	ru	1945 год
B.L	ru	1951
B.L	ru	1952 год
B.L	ru	1955
B.L	ru	1955 год
B.L	ru	1960 год
B.L	ru	1961 год
B.L	ru	1964 год
B.L	ru	1967 год
B.L	ru	1971 год
B.L	ru	1972 год
B.L	ru	1975 год
B.L	ru	1976 год
B.L	ru	1978 год
B.L	ru	1979 год
B.L	ru	1983 год
B.L	ru	1985 год
B.L	ru	1987 год
B.L	ru	1988 год
B.L	ru	1989
B.L	ru	1990
B.L	ru	1991 год
B.L	ru	1992 год
B.L	ru	1993 год
B.L	ru	1994
B.L	ru	1994 год
B.L	ru	1995
B.L	ru	1995 год
B.L	ru	1996 год
B.L	ru	1997 год
B.L	ru	1998
B.L	ru	1998 год
B.L	ru	1999
B.L	ru	2000 год
B.L	ru	2001 год
B.L	ru	2002 год
B.L	ru	2007 год
B.L	ru	2008 год
B.L	ru	2009 год
B.L	ru	2010 год
B.L	ru	25 июля
B.L	ru	8 октября
B.L	ru	Avon Rubber
B.L	ru	Bayer
B.L	ru	Bridgestone
B.L	ru	Continental (значения)
B.L	ru	DAX
B.L	ru	Dunlop Tyres
B.L	ru	Englebert
B.L	ru	Firestone Tire and Rubber Company
B.L	ru	Goodyear Tire and Rubber Company
B.L	ru	Mercedes-Benz (автогоночная команда)
B.L	ru	Michelin
B.L	ru	Pirelli
B.L	ru	Porsche (автогоночная команда)
B.L	ru	Runflat
B.L	ru	Siemens AG
B.L	ru	Siemens VDO Automotive AG
B.L	ru	XX век
B.L	ru	Yokohama Rubber Company
B.L	ru	Zeppelin LZ 1
B.L	ru	Австрия
B.L	ru	Автогонки
B.L	ru	Автомобиль
B.L	ru	Азия
B.L	ru	Акционерное общество
B.L	ru	Аргентина
B.L	ru	Атлас
B.L	ru	Ауто-Унион
B.L	ru	Ауто-Унион (гоночная команда)
B.L	ru	Африка
B.L	ru	Баия
B.L	ru	Бельгия
B.L	ru	Бразилия
B.L	ru	Бриджстоун
B.L	ru	Великобритания
B.L	ru	Велосипед
B.L	ru	Венгрия
B.L	ru	Вернона
B.L	ru	Верста
B.L	ru	Викисклад
B.L	ru	Вулканизация
B.L	ru	Выручка
B.L	ru	Ганновер
B.L	ru	Генератор переменного тока
B.L	ru	Герб
B.L	ru	Германия
B.L	ru	Глушитель (акустический фильтр)
B.L	ru	Гран-при России
B.L	ru	Греция
B.L	ru	Грузовик
B.L	ru	Даймлер-Бенц (гоночная команда)
B.L	ru	Дегенхарт, Эльмар
B.L	ru	Дилер
B.L	ru	Дирижабль
B.L	ru	Доллар США
B.L	ru	Европа
B.L	ru	Земли Германии
B.L	ru	Зима
B.L	ru	Ирландия
B.L	ru	Испания
B.L	ru	Калуга
B.L	ru	Калужская область
B.L	ru	Карачиола, Рудольф
B.L	ru	Китай
B.L	ru	Клинг, Карт
B.L	ru	Колесо
B.L	ru	Конвейер
B.L	ru	Корбах
B.L	ru	Лаборатория
B.L	ru	Листинг (экономика)
B.L	ru	Литьё
B.L	ru	Лошадь
B.L	ru	Люксембург
B.L	ru	Мадрид
B.L	ru	Мексика
B.L	ru	Мерседес (гоночная команда)
B.L	ru	Металлокорд
B.L	ru	Мишлен
B.L	ru	Мосс, Стирлинг
B.L	ru	Мотоцикл
B.L	ru	Немецкая марка
B.L	ru	Нижняя Саксония
B.L	ru	Ницца
B.L	ru	Нортхейм
B.L	ru	Патент
B.L	ru	Пластик
B.L	ru	Португалия
B.L	ru	Поставщики шин Формулы-1
B.L	ru	Промышленность
B.L	ru	Протектор
B.L	ru	Публичная компания
B.L	ru	Резина
B.L	ru	Роземайер, Бернд
B.L	ru	Россия
B.L	ru	Румыния
B.L	ru	США
B.L	ru	Сайт
B.L	ru	Санкт-Петербург
B.L	ru	Северная Америка
B.L	ru	Северная Африка
B.L	ru	Символ
B.L	ru	Синтетика
B.L	ru	Словакия
B.L	ru	Стартер
B.L	ru	Столица
B.L	ru	Тимишоара
B.L	ru	Ткань
B.L	ru	Торговая марка
B.L	ru	Тормоз
B.L	ru	Трек
B.L	ru	Триполи
B.L	ru	Трубопровод
B.L	ru	Турция
B.L	ru	Углерод
B.L	ru	Фанхио, Хуан Мануэль
B.L	ru	Формула-1 в сезоне 1950
B.L	ru	Формула-1 в сезоне 2010
B.L	ru	Формула-1 в сезоне 2011
B.L	ru	Формула-1 в сезоне 2012
B.L	ru	Франкфуртская фондовая биржа
B.L	ru	Франция
B.L	ru	Холдинг
B.L	ru	Чехия
B.L	ru	Чили
B.L	ru	Чистая прибыль
B.L	ru	Швеция
B.L	ru	Штук, Ханс
B.L	ru	Экипаж
B.L	ru	Южная Америка
B.L	ru	Юридическое лицо
B.L	ru	Япония
B.L	ru	Википедия:Авторитетные источники
B.L	ru	Википедия:Проверяемость
B.L	ru	Википедия:Ссылки на источники
B.L	ru	Шаблон:Поставщики шин "Формулы-1"
B.L	ro	2007
B.L	ro	2009
B.L	ro	Aer condiționat
B.L	ro	Anvelopă
B.L	ro	Automobil
B.L	ro	Carei
B.L	ro	Companie
B.L	ro	Corporație
B.L	ro	Euro
B.L	ro	Februarie
B.L	ro	Germania
B.L	ro	Germană
B.L	ro	Hanovra
B.L	ro	Județul Satu Mare
B.L	ro	Sibiu
B.L	ro	Sit web
B.L	ro	Timișoara
B.L	ro	Wikimedia Commons
B.L	ro	Wikipedia:Articolul ciot perfect
B.L	ro	Wikipedia:Găsește și repară un ciot
B.L	pt	Aktiengesellschaft
B.L	pt	Alemanha
B.L	pt	Coordenadas geográficas
B.L	pt	Empresa
B.L	pt	Wikipédia:Esboço
B.L	zh	BMW
B.L	zh	Chief executive officer
B.L	zh	DAX指数
B.L	zh	E.ON
B.L	zh	Euro
B.L	zh	FATE
B.L	zh	K+S
B.L	zh	Lanxess
B.L	zh	RWE
B.L	zh	SAP公司
B.L	zh	The Daily Telegraph
B.L	zh	Wolfgang Reitzle
B.L	zh	保时捷
B.L	zh	兰开斯特县
B.L	zh	利润
B.L	zh	制动系统
B.L	zh	制造业
B.L	zh	南卡罗来纳州
B.L	zh	发动机喷射系统
B.L	zh	哥斯达黎加
B.L	zh	固特异
B.L	zh	圣费尔南多
B.L	zh	夏洛特 (北卡羅萊那州)
B.L	zh	大众汽车
B.L	zh	大众集团
B.L	zh	安联
B.L	zh	富豪集團
B.L	zh	巴斯夫
B.L	zh	德国
B.L	zh	德国商业银行
B.L	zh	德国电信
B.L	zh	德国邮政
B.L	zh	德國證券交易所
B.L	zh	德意志银行
B.L	zh	德语
B.L	zh	愛迪達
B.L	zh	慕尼黑再保险
B.L	zh	戴姆勒
B.L	zh	拜尔斯道夫
B.L	zh	拜耳
B.L	zh	摩托罗拉
B.L	zh	普利司通
B.L	zh	本田技研工业
B.L	zh	林德
B.L	zh	梅菲尔德
B.L	zh	歐霸
B.L	zh	汉莎航空
B.L	zh	汉诺威
B.L	zh	汉高公司
B.L	zh	汽车
B.L	zh	汽车安全
B.L	zh	法兰克福证券交易所
B.L	zh	海德堡水泥
B.L	zh	營業額
B.L	zh	產業
B.L	zh	监事会
B.L	zh	福特汽车
B.L	zh	稅前盈餘
B.L	zh	米其林
B.L	zh	米芝蓮
B.L	zh	维基共享资源
B.L	zh	股份公司
B.L	zh	肯塔基州
B.L	zh	英飞凌
B.L	zh	董事長
B.L	zh	蒂森克虏伯
B.L	zh	西门子公司
B.L	zh	费森尤斯
B.L	zh	费森尤斯医疗
B.L	zh	车身稳定控制系统
B.L	zh	转速表
B.L	zh	轮胎
B.L	zh	通信
B.L	zh	通用汽车公司
B.L	zh	阿根廷
B.L	zh	雷诺
B.L	zh	首席执行官
B.L	zh	默克集團
B.L	zh	Wikipedia:列明来源
B.L	zh	Wikipedia:失效链接
B.L	zh	Template:DAX指数成份公司
B.L	zh	Template:OTCBB
B.L	zh	Template talk:DAX指数成份公司
B.L	zh	Category:公司
CN	de	Continental_AG
IWL	fi	Continental AG
IWL	fr	Continental AG
IWL	he	קונטיננטל
IWL	fa	کونتیننتال آ گ
IWL	en	Continental AG
IWL	es	Continental AG
IWL	bg	Континентал (гуми)
IWL	be	Continental AG
IWL	da	Continental AG
IWL	no	Continental (tysk selskap)
IWL	pl	Continental AG
IWL	nl	Continental AG
IWL	id	Continental AG
IWL	it	Continental AG
IWL	ja	コンチネンタル (自動車部品製造業)
IWL	uk	Continental AG
IWL	tr	Continental
IWL	sv	Continental AG
IWL	ru	Continental AG
IWL	ro	Continental AG
IWL	pt	Continental AG
IWL	zh	大陆集团
