A.L	de	1954
A.L	de	21. Januar
A.L	de	Aarne Kreuzinger-Janik
A.L	de	Abgeordnetenwatch.de
A.L	de	Abitur
A.L	de	Albert-Ludwigs-Universität Freiburg
A.L	de	Albert Christian Weinlig
A.L	de	Albert von Carlowitz
A.L	de	Albrecht Buttolo
A.L	de	Alfred Neu
A.L	de	Alliance Ground Surveillance
A.L	de	Aloisiuskolleg
A.L	de	American Council on Germany
A.L	de	Andreas de Maizière
A.L	de	Angela Merkel
A.L	de	Annette Schavan
A.L	de	Arthur von Fumetti
A.L	de	Artur Hofmann
A.L	de	Atlantik-Brücke
A.L	de	August Emil Nitzsche
A.L	de	Berliner Abgeordnetenhaus
A.L	de	Berliner Senat
A.L	de	Berndt Seite
A.L	de	Bernhard von Lindenau
A.L	de	Bodo Hombach
A.L	de	Bonn
A.L	de	Brandenburg
A.L	de	Brigitte Zypries
A.L	de	Bundeskanzler (Deutschland)
A.L	de	Bundeskanzleramt (Deutschland)
A.L	de	Bundeskartellamt
A.L	de	Bundesminister der Verteidigung
A.L	de	Bundesminister für besondere Aufgaben
A.L	de	Bundesministerium der Verteidigung
A.L	de	Bundesministerium des Innern
A.L	de	Bundesregierung (Deutschland)
A.L	de	Bundestagswahl 2005
A.L	de	Bundestagswahl 2009
A.L	de	Bundestagswahlkreis Meißen
A.L	de	Bundesverteidigungsminister
A.L	de	Bundeswehr
A.L	de	Carl Ulbricht
A.L	de	Chef des Bundeskanzleramtes
A.L	de	Christian Wilhelm Ludwig von Abeken
A.L	de	Christlich Demokratische Union Deutschlands
A.L	de	Christoph Johann Friedrich Vitzthum von Eckstädt
A.L	de	Cousin (Verwandtschaftsbeziehung)
A.L	de	Daniel Bahr
A.L	de	Der Spiegel
A.L	de	Deutsche Demokratische Republik
A.L	de	Deutsche Nationalbibliothek
A.L	de	Deutscher Evangelischer Kirchentag
A.L	de	Deutschland
A.L	de	Die Welt
A.L	de	Die tageszeitung
A.L	de	Dirk Niebel
A.L	de	Dr. jur.
A.L	de	EADS
A.L	de	Eberhard Diepgen
A.L	de	Eduard von Nostitz und Jänckendorf
A.L	de	Egon Bahr
A.L	de	Einigungsvertrag
A.L	de	Emil Nitzschke
A.L	de	Erich Zeigner
A.L	de	Ernst Benda
A.L	de	Ernst von Seydewitz
A.L	de	Euro-Hawk-Untersuchungsausschuss
A.L	de	Euro-Krise
A.L	de	Europäische Agentur für Flugsicherheit
A.L	de	Europäischer Stabilisierungsmechanismus
A.L	de	Eva de Maizière
A.L	de	Evangelisch
A.L	de	Ferdinand von Zschinsky
A.L	de	Financial Times Deutschland
A.L	de	Frank-Walter Steinmeier
A.L	de	Frankfurter Allgemeine Sonntagszeitung
A.L	de	Franz-Josef Wuermeling
A.L	de	Franz Josef Jung
A.L	de	Franz Josef Strauß
A.L	de	Franz Müntefering
A.L	de	Friedrich Bohl
A.L	de	Friedrich Ferdinand von Beust
A.L	de	Friedrich Geyer
A.L	de	Friedrich Johannes Kluge
A.L	de	Friedrich Wilhelm (Brandenburg)
A.L	de	Friedrich Wilhelm Richter
A.L	de	Friedrich Zimmermann
A.L	de	Fähnrich
A.L	de	Geert Mackenroth
A.L	de	Gemeinsame Normdatei
A.L	de	Generalinspekteur der Bundeswehr
A.L	de	Georg Gradnauer
A.L	de	Georg Leber
A.L	de	Georg Milbradt
A.L	de	Georg Unland
A.L	de	Georg von Metzsch-Reichenbach
A.L	de	Gerhard Konow
A.L	de	Gerhard Rohner
A.L	de	Gerhard Schröder (CDU)
A.L	de	Gerhard Stoltenberg
A.L	de	Gerhart Baum
A.L	de	Global Hawk
A.L	de	Guido Westerwelle
A.L	de	Gustav Friedrich Held
A.L	de	Gustav Heinemann
A.L	de	Günther Krause
A.L	de	Hans-Dietrich Genscher
A.L	de	Hans-Peter Friedrich
A.L	de	Hans Apel
A.L	de	Hans Georg von Carlowitz
A.L	de	Hans Globke
A.L	de	Hans Klein
A.L	de	Hans R. Hedrich
A.L	de	Hans von Thümmel
A.L	de	Hansjoachim Walther
A.L	de	Heidemarie Wieczorek-Zeul
A.L	de	Heinrich Anton von Zeschau
A.L	de	Heinrich Krone
A.L	de	Heinz Eggert
A.L	de	Helmut Schmidt
A.L	de	Hermann Höcherl
A.L	de	Hermann Kastner
A.L	de	Hermann Liebmann
A.L	de	Hermann Schmitt
A.L	de	Hermann Schäfer
A.L	de	Hermann von Nostitz-Wallwitz
A.L	de	Holloman Air Force Base
A.L	de	Honorarprofessor
A.L	de	Horst Ehmke
A.L	de	Horst Grabert
A.L	de	Horst Metz
A.L	de	Horst Rasch
A.L	de	Horst Seehofer
A.L	de	Hugenotten
A.L	de	Hugo Weber
A.L	de	ISAF
A.L	de	Ilse Aigner
A.L	de	Informationsdienst Wissenschaft
A.L	de	Inspekteur der Luftwaffe
A.L	de	Johann Heinrich August von Behr
A.L	de	Johann Paul von Falkenstein
A.L	de	Johanna Wanka
A.L	de	Johannes Dieckmann
A.L	de	Julius Dehne
A.L	de	Julius Traugott von Könneritz
A.L	de	Jürgen Martens (Politiker)
A.L	de	Jürgen Schmude
A.L	de	Kabinett Merkel I
A.L	de	Kabinett Merkel II
A.L	de	Kai-Uwe von Hassel
A.L	de	Karl-Theodor zu Guttenberg
A.L	de	Karl Braun (Sachsen)
A.L	de	Karl Carstens
A.L	de	Karl Emil Mannsfeld
A.L	de	Karl Fritsch (Politiker)
A.L	de	Karl Otto Uhlig
A.L	de	Karl Wolf von Ehrenstein
A.L	de	Klaus Hardraht
A.L	de	Konrad Wilhelm von Rüger
A.L	de	Kristina Schröder
A.L	de	Kultusministerium
A.L	de	Kurt Biedenkopf
A.L	de	Kurt Fischer (SED)
A.L	de	Landtag Sachsen
A.L	de	Leutnant
A.L	de	Library of Congress Control Number
A.L	de	Liste der IPA-Zeichen
A.L	de	Liste der deutschen Innenminister
A.L	de	Liste der deutschen Verteidigungsminister
A.L	de	Lothar de Maizière
A.L	de	Lothringen
A.L	de	Ludger Westrick
A.L	de	Léonçe von Könneritz
A.L	de	Maizière
A.L	de	Maizières-lès-Metz
A.L	de	Manfred Kanther
A.L	de	Manfred Kolbe
A.L	de	Manfred Lahnstein
A.L	de	Manfred Schüler
A.L	de	Manfred Wörner
A.L	de	Manfred von Killinger
A.L	de	Markus Ulbig
A.L	de	Martin Gotthard Oberländer
A.L	de	Max Heldt
A.L	de	Max Müller (SPD)
A.L	de	Max Otto Schröder
A.L	de	Mecklenburg-Vorpommern
A.L	de	Metz
A.L	de	Michael Glos
A.L	de	Ministerpräsident
A.L	de	Nachrichtendienst
A.L	de	No-go-Area
A.L	de	Norbert Röttgen
A.L	de	Northrop Grumman RQ-4
A.L	de	OP North
A.L	de	Oberleutnant
A.L	de	Olaf Scholz
A.L	de	Orden für Verdienst (Portugal)
A.L	de	Otto Georg Thierack
A.L	de	Otto Kühn
A.L	de	Otto Lenz
A.L	de	Otto Schily
A.L	de	Panzerbrigade 34
A.L	de	Paul Arthur Nagel
A.L	de	Paul Böttcher
A.L	de	Paul Lücke
A.L	de	Peer Steinbrück
A.L	de	Personalausweis
A.L	de	Peter Altmaier
A.L	de	Peter Ramsauer
A.L	de	Peter Reinhold
A.L	de	Peter Struck
A.L	de	Philipp Rösler
A.L	de	Politiker
A.L	de	Pressesprecher
A.L	de	Promotion (Doktor)
A.L	de	Rainer Brüderle
A.L	de	Rainer Ortleb
A.L	de	Rat für Wirtschaft und Finanzen
A.L	de	Rechtsfreier Raum
A.L	de	Rechtswissenschaft
A.L	de	Regierender Bürgermeister von Berlin
A.L	de	Reinhard Uhle
A.L	de	Reserveoffizieranwärter
A.L	de	Rheinische Post
A.L	de	Richard Lipinski
A.L	de	Richard von Friesen
A.L	de	Richard von Weizsäcker
A.L	de	Ring Christlich-Demokratischer Studenten
A.L	de	Robert Georgi
A.L	de	Robert Lehr
A.L	de	Robert Schneider (Justizminister)
A.L	de	Robert Tillmanns
A.L	de	Ronald Pofalla
A.L	de	Rudolf Harnisch
A.L	de	Rudolf Heinze
A.L	de	Rudolf Kamps
A.L	de	Rudolf Krause (Sachsen)
A.L	de	Rudolf Scharping
A.L	de	Rudolf Schurig
A.L	de	Rudolf Seiters
A.L	de	Rupert Scholz
A.L	de	Rüdiger Wolf
A.L	de	Sabine Bergmann-Pohl
A.L	de	Sabine Leutheusser-Schnarrenberger
A.L	de	See and Avoid
A.L	de	Sensor
A.L	de	Sigmar Gabriel
A.L	de	Signals Intelligence
A.L	de	Staatsexamen
A.L	de	Staatskanzlei
A.L	de	Staatsrecht (Deutschland)
A.L	de	Staatssekretär
A.L	de	Stanislaw Tillich
A.L	de	Steffen Heitmann
A.L	de	Stern.de
A.L	de	Stéphane Beemelmans
A.L	de	Sächsische Staatskanzlei
A.L	de	Sächsisches Staatsministerium der Finanzen
A.L	de	Sächsisches Staatsministerium der Justiz
A.L	de	Sächsisches Staatsministerium der Justiz und für Europa
A.L	de	Sächsisches Staatsministerium des Innern
A.L	de	Süddeutsche Zeitung
A.L	de	Tagesschau
A.L	de	Technische Universität Dresden
A.L	de	Theodor Blank
A.L	de	Ulla Schmidt
A.L	de	Ulrich de Maizière
A.L	de	Unbemanntes Luftfahrzeug
A.L	de	Untersuchungsausschuss
A.L	de	Ursula von der Leyen
A.L	de	Verdienstorden (Norwegen)
A.L	de	Verdienstorden der Italienischen Republik
A.L	de	Verteidigungsausschuss des Deutschen Bundestages
A.L	de	Victor Alexander von Otto
A.L	de	Virtual International Authority File
A.L	de	Volker Rühe
A.L	de	Volker Wieker
A.L	de	Volkskammerwahl 1990
A.L	de	Wahlkreis Bautzen 1
A.L	de	Waldemar Kraft
A.L	de	Waldemar Schreckenberger
A.L	de	Walter Koch (Politiker)
A.L	de	Wehrdienst
A.L	de	Wehrpflicht in Deutschland
A.L	de	Wehrübung
A.L	de	Werner Knieper
A.L	de	Werner Maihofer
A.L	de	Werner von Watzdorf
A.L	de	Westfälische Wilhelms-Universität
A.L	de	Wilhelm Adam (Politiker)
A.L	de	Wilhelm Bünger
A.L	de	Wilhelm Zaisser
A.L	de	Wilhelm von Hohenthal
A.L	de	Willibalt Apelt
A.L	de	Wolfgang Bosbach
A.L	de	Wolfgang Schäuble
A.L	de	Wolfgang Tiefensee
A.L	de	Zentrum für Nachrichtenwesen der Bundeswehr
A.L	de	Hilfe:Personendaten
B.L	fi	1600-luku
B.L	fi	1954
B.L	fi	1986
B.L	fi	1990
B.L	fi	2001
B.L	fi	2005
B.L	fi	2009
B.L	fi	21. tammikuuta
B.L	fi	23. lokakuuta
B.L	fi	Berliini
B.L	fi	Bonn
B.L	fi	Bundeswehr
B.L	fi	Hugenotit
B.L	fi	Kansliaministeri
B.L	fi	Karl-Theodor zu Guttenberg
B.L	fi	Lothar de Maizière
B.L	fi	Länsi-Berliini
B.L	fi	Merkelin II hallitus
B.L	fi	Merkelin I hallitus
B.L	fi	Poliitikko
B.L	fi	Preussi
B.L	fi	Ranska
B.L	fi	Saksa
B.L	fi	Saksan demokraattinen tasavalta
B.L	fi	Saksan kristillisdemokraattinen unioni
B.L	fi	Saksin osavaltio
B.L	fi	Ulrich de Maizière
B.L	fi	Wikipedia:Tynkä
B.L	fi	Luokka:Poliitikkotyngät
B.L	fr	11 novembre
B.L	fr	1685
B.L	fr	17 octobre
B.L	fr	1871
B.L	fr	1918
B.L	fr	1933
B.L	fr	1945
B.L	fr	1949
B.L	fr	1954
B.L	fr	1955
B.L	fr	1972
B.L	fr	1974
B.L	fr	1979
B.L	fr	1982
B.L	fr	1985
B.L	fr	1986
B.L	fr	1990
B.L	fr	1993
B.L	fr	1994
B.L	fr	1998
B.L	fr	1999
B.L	fr	2001
B.L	fr	2002
B.L	fr	2004
B.L	fr	2005
B.L	fr	2009
B.L	fr	2010
B.L	fr	2011
B.L	fr	2013
B.L	fr	21 janvier
B.L	fr	22 août
B.L	fr	22 novembre
B.L	fr	27 septembre
B.L	fr	28 octobre
B.L	fr	2 mai
B.L	fr	2 mars
B.L	fr	30 janvier
B.L	fr	3 mars
B.L	fr	9 mai
B.L	fr	Abitur
B.L	fr	Adolf Köster
B.L	fr	Afghanistan
B.L	fr	Alan Shatter
B.L	fr	Allemagne
B.L	fr	Allemagne de l'Ouest
B.L	fr	Angela Merkel
B.L	fr	Anguel Naïdenov
B.L	fr	Annette Schavan
B.L	fr	Ante Kotromanović
B.L	fr	Août 2013
B.L	fr	Arthur von Posadowsky-Wehner
B.L	fr	Artis Pabriks
B.L	fr	Berlin
B.L	fr	Bodo Hombach
B.L	fr	Bonn
B.L	fr	Brigitte Zypries
B.L	fr	Bundestag
B.L	fr	Cabinet Biedenkopf III
B.L	fr	Cabinet Merkel I
B.L	fr	Cabinet Merkel II
B.L	fr	Cabinet Milbradt I
B.L	fr	Cabinet Milbradt II
B.L	fr	Cabinet Schröder II
B.L	fr	Canada
B.L	fr	Carl Haglund
B.L	fr	Carl Severing
B.L	fr	Chancelier fédéral (Allemagne)
B.L	fr	Chancellerie fédérale (Allemagne)
B.L	fr	Chuck Hagel
B.L	fr	Clemens von Delbrück
B.L	fr	Coalition noire-jaune
B.L	fr	Collaborateur
B.L	fr	Courrier International
B.L	fr	Csaba Hende
B.L	fr	Culte
B.L	fr	Daniel Bahr
B.L	fr	Dette publique
B.L	fr	Dimítris Avramópoulos
B.L	fr	Dirk Niebel
B.L	fr	Doctorat
B.L	fr	Droit
B.L	fr	Défense et sécurité
B.L	fr	Défense nationale (Canada)
B.L	fr	Eberhard Diepgen
B.L	fr	Eduard David
B.L	fr	Empire allemand
B.L	fr	Erich Koch-Weser
B.L	fr	Ernst Benda
B.L	fr	Euro
B.L	fr	Forces armées de la Fédération de Russie
B.L	fr	France
B.L	fr	Frank-Walter Steinmeier
B.L	fr	Frankfurter Allgemeine Zeitung
B.L	fr	Franz-Josef Wuermeling
B.L	fr	Franz Bracht
B.L	fr	Franz Josef Jung
B.L	fr	Franz Josef Strauß
B.L	fr	Franz Müntefering
B.L	fr	Fribourg-en-Brisgau
B.L	fr	Friedrich Bohl
B.L	fr	Friedrich Dickel
B.L	fr	Friedrich Ebert
B.L	fr	Friedrich Zimmermann
B.L	fr	Georg Gradnauer
B.L	fr	Georg Leber
B.L	fr	Georg Milbradt
B.L	fr	Gerald Klug
B.L	fr	Gerhard Konow
B.L	fr	Gerhard Schröder (CDU)
B.L	fr	Gerhard Stoltenberg
B.L	fr	Gerhart Baum
B.L	fr	Gouvernement fédéral (Allemagne)
B.L	fr	Grande coalition (Allemagne)
B.L	fr	Groupe des huit
B.L	fr	Guido Westerwelle
B.L	fr	Gustav Heinemann
B.L	fr	Hans-Dietrich Genscher
B.L	fr	Hans-Peter Friedrich
B.L	fr	Hans Apel
B.L	fr	Hans Globke
B.L	fr	Heidemarie Wieczorek-Zeul
B.L	fr	Heinrich Himmler
B.L	fr	Helmut Schmidt
B.L	fr	Hermann Höcherl
B.L	fr	Histoire
B.L	fr	Horst Ehmke
B.L	fr	Horst Grabert
B.L	fr	Horst Seehofer
B.L	fr	Hugo Preuß
B.L	fr	Ilse Aigner
B.L	fr	Italie
B.L	fr	Itsunori Onodera
B.L	fr	Janvier 1954
B.L	fr	Janvier 2001
B.L	fr	Japon
B.L	fr	Jean-Marie Halsdorf
B.L	fr	Jean-Yves Le Drian
B.L	fr	Jeanine Hennis-Plasschaert
B.L	fr	Johanna Wanka
B.L	fr	Joseph Wirth
B.L	fr	José Pedro Aguiar-Branco
B.L	fr	Juozas Olekas
B.L	fr	Juriste
B.L	fr	Jésuite
B.L	fr	Jürgen Schmude
B.L	fr	Kai-Uwe von Hassel
B.L	fr	Karin Enström
B.L	fr	Karl-Theodor zu Guttenberg
B.L	fr	Karl Carstens
B.L	fr	Karl Heinrich von Boetticher
B.L	fr	Karl Helfferich
B.L	fr	Karl Hofmann
B.L	fr	Karl Jarres
B.L	fr	Karl Maron
B.L	fr	Karl Steinhoff
B.L	fr	Karl Trimborn
B.L	fr	Kostas Papakostas
B.L	fr	Kristina Schröder
B.L	fr	Kurt Biedenkopf
B.L	fr	Land (Allemagne)
B.L	fr	Liste des ministres de l'Intérieur
B.L	fr	Lothar Ahrendt
B.L	fr	Lothar de Maizière
B.L	fr	Louis XIV de France
B.L	fr	Ludger Westrick
B.L	fr	Mai 2002
B.L	fr	Mai 2010
B.L	fr	Maire-gouverneur de Berlin
B.L	fr	Maizières-lès-Metz
B.L	fr	Manfred Kanther
B.L	fr	Manfred Lahnstein
B.L	fr	Manfred Schüler
B.L	fr	Manfred Wörner
B.L	fr	Manuel Mallia
B.L	fr	Mario Mauro
B.L	fr	Mars 2011
B.L	fr	Martin Glvác
B.L	fr	Martin Schiele
B.L	fr	Max Wallraf
B.L	fr	Mecklembourg-Poméranie-Occidentale
B.L	fr	Mecklembourg-Poméranie occidentale
B.L	fr	Michael Glos
B.L	fr	Ministre-président (Saxe)
B.L	fr	Ministre fédéral avec attributions spéciales
B.L	fr	Ministère de la Défense
B.L	fr	Ministère de la Défense (France)
B.L	fr	Ministère du Reich à l'Intérieur
B.L	fr	Ministère fédéral de l'Agriculture (Allemagne)
B.L	fr	Ministère fédéral de l'Environnement (Allemagne)
B.L	fr	Ministère fédéral de l'Intérieur (Allemagne)
B.L	fr	Ministère fédéral de l'Économie (Allemagne)
B.L	fr	Ministère fédéral de l'Éducation et de la Recherche (Allemagne)
B.L	fr	Ministère fédéral de la Coopération économique (Allemagne)
B.L	fr	Ministère fédéral de la Défense (Allemagne)
B.L	fr	Ministère fédéral de la Famille (Allemagne)
B.L	fr	Ministère fédéral de la Justice (Allemagne)
B.L	fr	Ministère fédéral de la Santé (Allemagne)
B.L	fr	Ministère fédéral des Finances (Allemagne)
B.L	fr	Ministère fédéral des Transports et de la Construction (Allemagne)
B.L	fr	Ministère fédéral du Travail (Allemagne)
B.L	fr	Ministère japonais de la Défense
B.L	fr	Mircea Duşa
B.L	fr	Münster
B.L	fr	Nicolai Wammen
B.L	fr	Norbert Röttgen
B.L	fr	Novembre 2004
B.L	fr	Novembre 2005
B.L	fr	Octobre
B.L	fr	Octobre 2009
B.L	fr	Office des Affaires étrangères (Allemagne)
B.L	fr	Olaf Scholz
B.L	fr	Otto Geßler
B.L	fr	Otto Lenz
B.L	fr	Otto Schily
B.L	fr	Paul Giesler
B.L	fr	Paul Lücke
B.L	fr	Pedro Morenés
B.L	fr	Peer Steinbrück
B.L	fr	Personnalité politique
B.L	fr	Peter Altmaier
B.L	fr	Peter MacKay
B.L	fr	Peter Michael Diestel
B.L	fr	Peter Ramsauer
B.L	fr	Peter Struck
B.L	fr	Philip Hammond
B.L	fr	Philipp Rösler
B.L	fr	Pieter De Crem
B.L	fr	Police (institution)
B.L	fr	Politique de l'Allemagne
B.L	fr	Protestantisme
B.L	fr	RQ-4 Global Hawk
B.L	fr	Rainer Brüderle
B.L	fr	Richard von Weizsäcker
B.L	fr	Robert Lehr
B.L	fr	Roman Jakič
B.L	fr	Ronald Pofalla
B.L	fr	Royaume-Uni
B.L	fr	Royaume de France
B.L	fr	Rudolf Oeser
B.L	fr	Rudolf Scharping
B.L	fr	Rudolf Seiters
B.L	fr	Rupert Scholz
B.L	fr	Russie
B.L	fr	République démocratique allemande
B.L	fr	Réunification allemande
B.L	fr	Révocation de l’édit de Nantes
B.L	fr	Sabine Leutheusser-Schnarrenberger
B.L	fr	Saxe (Land)
B.L	fr	Secrétaire d'État à la Défense
B.L	fr	Secrétaire de la Défense des États-Unis
B.L	fr	Septembre 2009
B.L	fr	Sergueï Choïgou
B.L	fr	Service militaire
B.L	fr	Sigmar Gabriel
B.L	fr	Süddeutsche Zeitung
B.L	fr	Theobald von Bethmann Hollweg
B.L	fr	Theodor Blank
B.L	fr	Tomasz Siemoniak
B.L	fr	Ulla Schmidt
B.L	fr	Union chrétienne-démocrate d'Allemagne
B.L	fr	Université de Münster
B.L	fr	Urmas Reinsalu
B.L	fr	Ursula von der Leyen
B.L	fr	Vice-chancelier (Allemagne)
B.L	fr	Vlastimil Picek
B.L	fr	Volker Rühe
B.L	fr	Waldemar Schreckenberger
B.L	fr	Walter von Keudell
B.L	fr	Werner Knieper
B.L	fr	Werner Maihofer
B.L	fr	Wilhelm Freiherr von Gayl
B.L	fr	Wilhelm Frick
B.L	fr	Wilhelm Grœner
B.L	fr	Wilhelm Külz
B.L	fr	Wilhelm Sollmann
B.L	fr	Wilhelm Stuckart
B.L	fr	Wolfgang Schäuble
B.L	fr	Wolfgang Tiefensee
B.L	fr	Zone euro
B.L	fr	Élections fédérales allemandes de 2009
B.L	fr	États-Unis
B.L	fr	États membres de l'Union européenne
B.L	fr	Études secondaires
B.L	fr	Modèle:Palette Cabinet Merkel
B.L	fr	Modèle:Palette Directeurs de la chancellerie allemande
B.L	fr	Modèle:Palette Ministres de l'Intérieur allemands
B.L	fr	Modèle:Palette Ministres de la Défense allemands
B.L	fr	Modèle:Palette Ministres de la Défense de l'UE
B.L	fr	Modèle:Palette Ministres de la Défense du G8
B.L	fr	Discussion modèle:Palette Cabinet Merkel
B.L	fr	Discussion modèle:Palette Directeurs de la chancellerie allemande
B.L	fr	Discussion modèle:Palette Ministres de l'Intérieur allemands
B.L	fr	Discussion modèle:Palette Ministres de la Défense allemands
B.L	fr	Discussion modèle:Palette Ministres de la Défense de l'UE
B.L	fr	Discussion modèle:Palette Ministres de la Défense du G8
B.L	fr	Catégorie:Portail:Allemagne/Articles liés
B.L	fr	Catégorie:Portail:Politique/Articles liés
B.L	fr	Portail:Allemagne
B.L	fr	Portail:Politique
B.L	eo	17-a jarcento
B.L	eo	1954
B.L	eo	1990
B.L	eo	1999
B.L	eo	2001
B.L	eo	2005
B.L	eo	2007
B.L	eo	2009
B.L	eo	2011
B.L	eo	21-an de januaro
B.L	eo	28-a de oktobro
B.L	eo	3-a de marto
B.L	eo	Bonno
B.L	eo	Brandenburgio
B.L	eo	Christlich Demokratische Union Deutschlands
B.L	eo	Francio
B.L	eo	GDR
B.L	eo	Germana politikisto
B.L	eo	Germanoj
B.L	eo	Hugenotoj
B.L	eo	Karl-Theodor zu Guttenberg
B.L	eo	Loreno
B.L	eo	Ministraro dua de Angela Merkel
B.L	eo	Ministraro unua de Angela Merkel
B.L	eo	Ministro pri internaj aferoj
B.L	eo	Parlamenta baloto en Germanio 2009
B.L	eo	Politikisto
B.L	eo	Saksio
B.L	eo	Vikipedio:La perfekta ĝermo de artikolo
B.L	eo	Vikipedio:Tradukoj
B.L	eo	Vikipedio:Trovi aŭ kreskigi ĝermojn
B.L	eo	Helpo:Prononcindiko
B.L	eo	Kategorio:Ĝermoj pri Germana politikisto
B.L	eo	Kategorio:Ĝermoj pri germana politikisto
B.L	eo	Kategorio:Ĝermoj pri germana politikistoj
B.L	eo	Kategorio:Ĝermoj pri germanaj politikistoj
B.L	en	Adolf Köster
B.L	en	Alma mater
B.L	en	Aloisiuskolleg
B.L	en	Angela Merkel
B.L	en	Annette Schavan
B.L	en	Arthur von Posadowsky-Wehner
B.L	en	Authority control
B.L	en	Bodo Hombach
B.L	en	Bonn
B.L	en	Brigitte Zypries
B.L	en	Bundestag
B.L	en	Bundeswehr
B.L	en	Cabinet Merkel II
B.L	en	Cabinet of Germany
B.L	en	Canada
B.L	en	Carl Severing
B.L	en	Chancellor's Office
B.L	en	Chancellor of Germany
B.L	en	Chief of Staff, Bundeswehr
B.L	en	Chief of staff
B.L	en	Christian Democratic Union (Germany)
B.L	en	Chuck Hagel
B.L	en	Clemens von Delbrück
B.L	en	Daniel Bahr
B.L	en	De Maizière
B.L	en	Defamation
B.L	en	Defence minister
B.L	en	Dirk Niebel
B.L	en	East Germany
B.L	en	Eberhard Diepgen
B.L	en	Eduard David
B.L	en	Erich Koch-Weser
B.L	en	Ernst Benda
B.L	en	Federal Minister for Special Affairs of Germany
B.L	en	Federal Minister of Economics and Technology
B.L	en	Federal Ministry of Defence (Germany)
B.L	en	Federal Ministry of Health (Germany)
B.L	en	Federal Ministry of the Interior (Germany)
B.L	en	First Merkel cabinet
B.L	en	France
B.L	en	Frank-Walter Steinmeier
B.L	en	Franz-Josef Wuermeling
B.L	en	Franz Bracht
B.L	en	Franz Josef Jung
B.L	en	Franz Josef Strauss
B.L	en	Franz Müntefering
B.L	en	Friedrich Bohl
B.L	en	Friedrich Dickel
B.L	en	Friedrich Ebert
B.L	en	Friedrich Zimmermann
B.L	en	G8
B.L	en	Georg Gradnauer
B.L	en	Georg Leber
B.L	en	Gerhard Konow
B.L	en	Gerhard Schröder (CDU)
B.L	en	Gerhard Stoltenberg
B.L	en	Gerhart Baum
B.L	en	German Chancellery
B.L	en	German Democratic Republic
B.L	en	German Empire
B.L	en	German Institute for International and Security Affairs
B.L	en	German reunification
B.L	en	Germany
B.L	en	Guido Westerwelle
B.L	en	Gustav Heinemann
B.L	en	Gustav Noske
B.L	en	Hans-Dietrich Genscher
B.L	en	Hans-Peter Friedrich
B.L	en	Hans Apel
B.L	en	Hans Globke
B.L	en	Heidemarie Wieczorek-Zeul
B.L	en	Heinrich Himmler
B.L	en	Heinz Hoffmann
B.L	en	Heinz Kessler
B.L	en	Helmut Kohl
B.L	en	Helmut Schmidt
B.L	en	Hermann Höcherl
B.L	en	Horst Ehmke
B.L	en	Horst Grabert
B.L	en	Horst Seehofer
B.L	en	Hugo Preuß
B.L	en	Huguenot
B.L	en	Ilse Aigner
B.L	en	Incumbent
B.L	en	Integrated Authority File
B.L	en	Italy
B.L	en	Itsunori Onodera
B.L	en	Japan
B.L	en	Jean-Yves Le Drian
B.L	en	Johanna Wanka
B.L	en	Joseph Wirth
B.L	en	Jurist
B.L	en	Jürgen Schmude
B.L	en	Kai-Uwe von Hassel
B.L	en	Karl-Theodor zu Guttenberg
B.L	en	Karl Carstens
B.L	en	Karl Heinrich von Boetticher
B.L	en	Karl Helfferich
B.L	en	Karl Jarres
B.L	en	Karl Maron
B.L	en	Karl Steinhoff
B.L	en	Karl Trimborn
B.L	en	Karl von Hofmann
B.L	en	Kristina Schröder
B.L	en	Kurt von Schleicher
B.L	en	Lothar Ahrendt
B.L	en	Lothar de Maizière
B.L	en	Ludger Westrick
B.L	en	Lutheran
B.L	en	Maizières-lès-Metz
B.L	en	Manfred Kanther
B.L	en	Manfred Lahnstein
B.L	en	Manfred Schüler
B.L	en	Manfred Wörner
B.L	en	Mario Mauro
B.L	en	Martin Schiele
B.L	en	Max Wallraf
B.L	en	Mecklenburg-Vorpommern
B.L	en	Merkel Cabinet I
B.L	en	Michael Glos
B.L	en	Minister of the Interior (Germany)
B.L	en	Münster
B.L	en	Nazi Germany
B.L	en	Norbert Röttgen
B.L	en	Olaf Scholz
B.L	en	Otto Gessler
B.L	en	Otto Lenz
B.L	en	Otto Schily
B.L	en	Paul Giesler
B.L	en	Paul Lücke
B.L	en	Peer Steinbrück
B.L	en	Peter-Michael Diestel
B.L	en	Peter Altmaier
B.L	en	Peter Ramsauer
B.L	en	Peter Struck
B.L	en	Philip Hammond
B.L	en	Philipp Rösler
B.L	en	Prussia
B.L	en	Rainer Brüderle
B.L	en	Rainer Eppelmann
B.L	en	Richard von Weizsäcker
B.L	en	Rob Nicholson
B.L	en	Robert Lehr
B.L	en	Ronald Pofalla
B.L	en	Rudolf Oeser
B.L	en	Rudolf Scharping
B.L	en	Rudolf Seiters
B.L	en	Rupert Scholz
B.L	en	Russia
B.L	en	Sabine Leutheusser-Schnarrenberger
B.L	en	Saxon Chancellery
B.L	en	Saxony
B.L	en	Second Cabinet Merkel
B.L	en	Second Merkel cabinet
B.L	en	Sergey Shoygu
B.L	en	Sigmar Gabriel
B.L	en	Theobald von Bethmann-Hollweg
B.L	en	Theodor Blank
B.L	en	Theodor Hoffmann (admiral)
B.L	en	Third Reich
B.L	en	Ulla Schmidt
B.L	en	Ulrich de Maizière
B.L	en	United Kingdom
B.L	en	United States
B.L	en	University of Freiburg
B.L	en	University of Münster
B.L	en	Ursula von der Leyen
B.L	en	Vice Chancellor of Germany
B.L	en	Virtual International Authority File
B.L	en	Volker Rühe
B.L	en	Waldemar Schreckenberger
B.L	en	Walter von Keudell
B.L	en	Weimar Republic
B.L	en	Werner Knieper
B.L	en	Werner Maihofer
B.L	en	Werner von Blomberg
B.L	en	Westfälische Wilhelms-Universität
B.L	en	Wilhelm Frick
B.L	en	Wilhelm Groener
B.L	en	Wilhelm Külz
B.L	en	Wilhelm Sollmann
B.L	en	Wilhelm Stuckart
B.L	en	Wilhelm von Gayl
B.L	en	Willi Stoph
B.L	en	Wolfgang Schäuble
B.L	en	Wolfgang Tiefensee
B.L	en	Wikipedia:Biographies of living persons
B.L	en	Wikipedia:Citing sources
B.L	en	Wikipedia:Link rot
B.L	en	Wikipedia:Persondata
B.L	en	Wikipedia:Reliable sources
B.L	en	Wikipedia:Verifiability
B.L	en	Template:Cabinet Merkel I
B.L	en	Template:Cabinet Merkel II
B.L	en	Template:Defence Ministers of Germany
B.L	en	Template:G8-Defence
B.L	en	Template:Heads of the German Chancellery
B.L	en	Template:Interior Ministers of Germany
B.L	en	Template talk:Cabinet Merkel I
B.L	en	Template talk:Cabinet Merkel II
B.L	en	Template talk:Defence Ministers of Germany
B.L	en	Template talk:G8-Defence
B.L	en	Template talk:Heads of the German Chancellery
B.L	en	Template talk:Interior Ministers of Germany
B.L	en	Help:IPA for German
B.L	en	Category:Articles with dead external links from August 2011
B.L	en	Category:BLP articles lacking sources from March 2011
B.L	en	Category:Use dmy dates from July 2013
B.L	es	1954
B.L	es	21 de enero
B.L	es	Alemania
B.L	es	Angela Merkel
B.L	es	Bonn
B.L	es	Cancillería Federal (Alemania)
B.L	es	Doctorado
B.L	es	Karl-Theodor zu Guttenberg
B.L	es	Ministro de Defensa de Alemania
B.L	es	Político
B.L	es	Unión Demócrata Cristiana (Alemania)
B.L	es	Wikimedia Commons
B.L	be	1954
B.L	be	2009
B.L	be	21 студзеня
B.L	be	28 кастрычніка
B.L	be	Personennamendatei
B.L	be	Virtual International Authority File
B.L	be	Бон
B.L	be	ВікіСховішча
B.L	be	Ганс Апель
B.L	be	Гельмут Шміт
B.L	be	Георг Лебер
B.L	be	Герхард Шродэр, міністр
B.L	be	Герхард Штольтэнберг
B.L	be	Кай-Увэ фон Хасель
B.L	be	Кантрольны нумар Бібліятэкі Кангрэса
B.L	be	Карл-Тэадор цу Гутэнберг
B.L	be	Лютэранства
B.L	be	Манфрэд Вернер
B.L	be	Петэр Штрук
B.L	be	Рудольф Шарпінг
B.L	be	Руперт Шольц
B.L	be	Спіс міністраў абароны Германіі
B.L	be	Спіс міністраў унутраных спраў Германіі
B.L	be	Тэадор Бланк
B.L	be	Федэратыўная Рэспубліка Германія, да 1990
B.L	be	Фолькер Ругэ
B.L	be	Франц Іозеф Штраўс
B.L	be	Франц Іозеф Юнг
B.L	be	Хорст Кёлер
B.L	be	Хрысціянска-дэмакратычны саюз, Германія
B.L	be	Шаблон:Бібліяінфармацыя
B.L	be	Шаблон:Міністры ўнутраных спраў Германіі
B.L	da	1954
B.L	da	2001
B.L	da	2002
B.L	da	2004
B.L	da	2005
B.L	da	2009
B.L	da	21. januar
B.L	da	Angela Merkel
B.L	da	Bonn
B.L	da	Bundeskanzleramt
B.L	da	CDU
B.L	da	DDR
B.L	da	Frank-Walter Steinmeier
B.L	da	Hans-Peter Friedrich
B.L	da	Huguenot
B.L	da	Karl-Theodor zu Guttenberg
B.L	da	Lothar de Maizière
B.L	da	Regeringen Angela Merkel II
B.L	da	Ronald Pofalla
B.L	da	Sachsen
B.L	da	Ulrich de Maizière
B.L	da	Wikimedia Commons
B.L	da	Wolfgang Schäuble
B.L	nds	1954
B.L	nds	2. März
B.L	nds	2011
B.L	nds	21. Januar
B.L	nds	Bonn
B.L	nds	Bundsminister för’t Verdeffenderen
B.L	nds	Bundsrepubliek Düütschland
B.L	nds	Bunnsministerium för'd Innere
B.L	nds	CDU
B.L	nds	Ernst Benda
B.L	nds	Friedrich Zimmermann
B.L	nds	Gerhard Schröder (CDU)
B.L	nds	Gerhart Rudolf Baum
B.L	nds	Gustav Heinemann
B.L	nds	Hans-Dietrich Genscher
B.L	nds	Hans-Peter Friedrich
B.L	nds	Hermann Höcherl
B.L	nds	Jürgen Schmude
B.L	nds	Karl-Theodor zu Guttenberg
B.L	nds	Manfred Kanther
B.L	nds	Otto Schily
B.L	nds	Paul Lücke
B.L	nds	Promotschoon
B.L	nds	Robert Lehr
B.L	nds	Rudolf Seiters
B.L	nds	Sassen (Bundsland)
B.L	nds	Technische Universität Dresden
B.L	nds	Werner Maihofer
B.L	nds	Wikimedia Commons
B.L	nds	Wolfgang Schäuble
B.L	als	21. Januar
B.L	als	Abitur
B.L	als	Albert-Ludwigs-Universität Freiburg
B.L	als	Angela Merkel
B.L	als	Berndt Seite
B.L	als	Bonn
B.L	als	Brandenburg
B.L	als	Bundeskanzler (Deutschland)
B.L	als	Bundesregierung (Deutschland)
B.L	als	Christlich Demokratische Union Deutschlands
B.L	als	Deutsche Demokratische Republik
B.L	als	Deutscher Evangelischer Kirchentag
B.L	als	Deutschland
B.L	als	Dr. jur.
B.L	als	Eberhard Diepgen
B.L	als	Friedrich Wilhelm (Brandenburg)
B.L	als	Georg Milbradt
B.L	als	Hugenotten
B.L	als	Karl-Theodor zu Guttenberg
B.L	als	Kurt Biedenkopf
B.L	als	Lothar de Maizière
B.L	als	Lothringen
B.L	als	Maizières-lès-Metz
B.L	als	Mecklenburg-Vorpommern
B.L	als	Metz
B.L	als	Politiker
B.L	als	Promotion (Doktor)
B.L	als	Richard von Weizsäcker
B.L	als	Ring Christlich-Demokratischer Studenten
B.L	als	Technische Universität Dresden
B.L	als	Westfälische Wilhelms-Universität
B.L	als	Wikipedia:Personendaten
B.L	no	11. november
B.L	no	17. oktober
B.L	no	1954
B.L	no	1971
B.L	no	1972
B.L	no	1979
B.L	no	1982
B.L	no	1986
B.L	no	1990
B.L	no	1994
B.L	no	1998
B.L	no	1999
B.L	no	2. mai
B.L	no	2001
B.L	no	2002
B.L	no	2004
B.L	no	2005
B.L	no	2007
B.L	no	2009
B.L	no	21. januar
B.L	no	26. oktober
B.L	no	30. januar
B.L	no	Abitur
B.L	no	Albrecht Buttolo
B.L	no	Angela Merkel
B.L	no	Angela Merkels andre regjering
B.L	no	Angela Merkels første regjering
B.L	no	Annette Schavan
B.L	no	Berndt Seite
B.L	no	Bonn
B.L	no	Brigitte Zypries
B.L	no	Bundeskanzleramt (Tyskland)
B.L	no	Bundeswehr
B.L	no	CDU
B.L	no	Daniel Bahr
B.L	no	Den Kongelige Norske Fortjenstorden
B.L	no	Det saksiske statskanselli
B.L	no	Deutsche Nationalbibliothek
B.L	no	Dirk Niebel
B.L	no	Eberhard Diepgen
B.L	no	Ernst Benda
B.L	no	Frank-Walter Steinmeier
B.L	no	Frank Walter Steinmeier
B.L	no	Frankrike
B.L	no	Franz Josef Jung
B.L	no	Franz Josef Strauss
B.L	no	Franz Müntefering
B.L	no	Freiburg im Breisgau
B.L	no	Friedrich Zimmermann
B.L	no	Geert Mackenroth
B.L	no	Georg Brüggen
B.L	no	Georg Leber
B.L	no	Georg Milbradt
B.L	no	Gerhard Schröder (CDU)
B.L	no	Gerhard Stoltenberg
B.L	no	Gerhart Baum
B.L	no	Guido Westerwelle
B.L	no	Gustav Heinemann
B.L	no	Günter Meyer
B.L	no	Hans-Dietrich Genscher
B.L	no	Hans-Peter Friedrich
B.L	no	Hans Apel
B.L	no	Heidemarie Wieczorek-Zeul
B.L	no	Helmut Kohl
B.L	no	Helmut Schmidt
B.L	no	Hermann Höcherl
B.L	no	Horst Metz
B.L	no	Horst Rasch
B.L	no	Horst Seehofer
B.L	no	Ilse Aigner
B.L	no	Johanna Wanka
B.L	no	Jürgen Schmude
B.L	no	Kai-Uwe von Hassel
B.L	no	Kanzleramt
B.L	no	Karl-Theodor zu Guttenberg
B.L	no	Kristina Schröder
B.L	no	Kurt Biedenkopf
B.L	no	Liste over Tysklands forsvarsministre
B.L	no	Liste over Tysklands innenriksministre
B.L	no	Lorraine
B.L	no	Lothar de Maizière
B.L	no	Maizières
B.L	no	Manfred Kanther
B.L	no	Manfred Kolbe
B.L	no	Manfred Wörner
B.L	no	Mecklenburg-Vorpommern
B.L	no	Metz
B.L	no	Michael Glos
B.L	no	Münster (Westfalen)
B.L	no	Norbert Röttgen
B.L	no	Olaf Scholz
B.L	no	Otto Schily
B.L	no	Paul Lücke
B.L	no	Peer Steinbrück
B.L	no	Peter Altmaier
B.L	no	Peter Ramsauer
B.L	no	Peter Struck
B.L	no	Philipp Rösler
B.L	no	Preussen
B.L	no	Rainer Brüderle
B.L	no	Richard von Weizsäcker
B.L	no	Robert Lehr
B.L	no	Ronald Pofalla
B.L	no	Rudolf Scharping
B.L	no	Rudolf Seiters
B.L	no	Rupert Scholz
B.L	no	Sabine Leutheusser-Schnarrenberger
B.L	no	Sachsen
B.L	no	Sachsens finansministre
B.L	no	Sachsens innenriksministre
B.L	no	Sachsens justisministre
B.L	no	Sigmar Gabriel
B.L	no	Theodor Blank
B.L	no	Tyskland
B.L	no	Tysklands forsvarsministre
B.L	no	Tysklands innenriksministre
B.L	no	Ulla Schmidt
B.L	no	Ulrich de Maizière
B.L	no	Ursula von der Leyen
B.L	no	Volker Rühe
B.L	no	Werner Maihofer
B.L	no	Westfälische Wilhelms-Universität
B.L	no	Wikimedia Commons
B.L	no	Wolfgang Schäuble
B.L	no	Wolfgang Tiefensee
B.L	no	Mal:Merkels andre kabinett
B.L	no	Mal:Merkels første kabinett
B.L	no	Mal:Tysklands forsvarsministre etter 1955
B.L	no	Mal:Tysklands innenriksministre etter 1949
B.L	no	Maldiskusjon:Merkels andre kabinett
B.L	no	Maldiskusjon:Merkels første kabinett
B.L	no	Maldiskusjon:Tysklands forsvarsministre etter 1955
B.L	no	Maldiskusjon:Tysklands innenriksministre etter 1949
B.L	pl	1954
B.L	pl	2011
B.L	pl	21 stycznia
B.L	pl	3 marca
B.L	pl	Angela Merkel
B.L	pl	Annette Schavan
B.L	pl	Berlin Zachodni
B.L	pl	Berndt Seite
B.L	pl	Biblioteka Kongresu Stanów Zjednoczonych
B.L	pl	Bonn
B.L	pl	Brigitte Zypries
B.L	pl	Bundeswehra
B.L	pl	Christian Wulff
B.L	pl	Daniel Bahr
B.L	pl	Dirk Niebel
B.L	pl	Drugi rząd Angeli Merkel
B.L	pl	Eberhard Diepgen
B.L	pl	Frank-Walter Steinmeier
B.L	pl	Franz Josef Jung
B.L	pl	Franz Müntefering
B.L	pl	Fryburg Bryzgowijski
B.L	pl	Gemeinsame Normdatei
B.L	pl	Guido Westerwelle
B.L	pl	Hans-Peter Friedrich
B.L	pl	Heidemarie Wieczorek-Zeul
B.L	pl	Horst Seehofer
B.L	pl	Hugenoci
B.L	pl	Ilse Aigner
B.L	pl	Johanna Wanka
B.L	pl	Język niemiecki
B.L	pl	Karl-Theodor zu Guttenberg
B.L	pl	Kontrola autorytatywna
B.L	pl	Kristina Schröder
B.L	pl	Kurt Biedenkopf
B.L	pl	Landtag
B.L	pl	Lothar de Maizière
B.L	pl	Meklemburgia-Pomorze Przednie
B.L	pl	Michael Glos
B.L	pl	Münster
B.L	pl	Niemcy
B.L	pl	Niemiecka Republika Demokratyczna
B.L	pl	Norbert Röttgen
B.L	pl	Olaf Scholz
B.L	pl	Online Computer Library Center
B.L	pl	Peer Steinbrück
B.L	pl	Peter Altmaier
B.L	pl	Peter Ramsauer
B.L	pl	Philipp Rösler
B.L	pl	Pierwszy rząd Angeli Merkel
B.L	pl	Rainer Brüderle
B.L	pl	Richard von Weizsäcker
B.L	pl	Ronald Pofalla
B.L	pl	Sabine Leutheusser-Schnarrenberger
B.L	pl	Saksonia
B.L	pl	Sigmar Gabriel
B.L	pl	Ulla Schmidt
B.L	pl	Ulrich de Maizière
B.L	pl	Unia Chrześcijańsko-Demokratyczna (Niemcy)
B.L	pl	Unia Chrześcijańsko-Społeczna w Bawarii
B.L	pl	Ursula von der Leyen
B.L	pl	Urząd Kanclerza Federalnego
B.L	pl	Wolfgang Schäuble
B.L	pl	Wolfgang Tiefensee
B.L	pl	Szablon:Drugi rząd Angeli Merkel
B.L	pl	Szablon:Pierwszy rząd Angeli Merkel
B.L	pl	Dyskusja szablonu:Drugi rząd Angeli Merkel
B.L	pl	Dyskusja szablonu:Pierwszy rząd Angeli Merkel
B.L	la	1954
B.L	la	1972
B.L	la	1979
B.L	la	1982
B.L	la	1985
B.L	la	1989
B.L	la	1990
B.L	la	1998
B.L	la	1999
B.L	la	2001
B.L	la	2002
B.L	la	2004
B.L	la	2005
B.L	la	2009
B.L	la	2011
B.L	la	21 Januarii
B.L	la	22 Novembris
B.L	la	3 Martii
B.L	la	Administer Foederalis Defensionis Publicae
B.L	la	Administer Foederalis Officiorum Praecipuorum
B.L	la	Administer Foederalis Rerum Internarum
B.L	la	Administratio Merkel 2
B.L	la	Angela Merkel
B.L	la	Annetta Schavan
B.L	la	Bernhardus Seite
B.L	la	Berolinum
B.L	la	Bodo Hombach
B.L	la	Bonna
B.L	la	Brigitta Zypries
B.L	la	CSU
B.L	la	Carolus Theodorus zu Guttenberg
B.L	la	Christiana Democratica Unio Germaniae
B.L	la	Christina Schröder
B.L	la	Daniel Bahr
B.L	la	Dieta Foederalis Germaniae
B.L	la	Eberhardus Diepgen
B.L	la	Egon Bahr
B.L	la	Ernestus Benda
B.L	la	Francia
B.L	la	Franciscus Iosephus Jung
B.L	la	Franciscus Iosephus Strauß
B.L	la	Franciscus Josephus Jung
B.L	la	Franciscus Müntefering
B.L	la	Francus Gualterus Steinmeier
B.L	la	Friburgum Brisgoviae
B.L	la	Fridericus Bohl
B.L	la	Fridericus Zimmermann
B.L	la	Georgius Leber
B.L	la	Georgius Schmude
B.L	la	Gerhardus Baum
B.L	la	Gerhardus Schröder (CDU)
B.L	la	Gerhardus Stoltenberg
B.L	la	Germania
B.L	la	Guido Westerwelle
B.L	la	Guntherus Krause
B.L	la	Gustavus Heinemann
B.L	la	Heidemaria Wieczorek-Zeul
B.L	la	Helimutus Schmidt
B.L	la	Henricus Krone
B.L	la	Hermannus Höcherl
B.L	la	Hermannus Schäfer
B.L	la	Horatius Ehmke
B.L	la	Horatius Seehofer
B.L	la	Huguenoti
B.L	la	Ilse Aigner
B.L	la	Ioanna Wanka
B.L	la	Ioannes-Petrus Friedrich
B.L	la	Ioannes-Theodericus Genscher
B.L	la	Ioannes Apel
B.L	la	Ioannes Ioachim Walther
B.L	la	Ioannes Klein
B.L	la	Kai-Uwe de Hassel
B.L	la	Lotharius de Maizière
B.L	la	Ludgerius Westrick
B.L	la	Manfredus Kanther
B.L	la	Manfredus Wörner
B.L	la	Megapolis et Pomerania Citerior
B.L	la	Michael Glos
B.L	la	Monasterium (Germania)
B.L	la	Norbertus Röttgen
B.L	la	Olaus Scholz
B.L	la	Otto Schily
B.L	la	Paulus Lücke
B.L	la	Petrus Altmaier
B.L	la	Petrus Ramsauer
B.L	la	Petrus Steinbrück
B.L	la	Petrus Struck
B.L	la	Philippus Rösler
B.L	la	Rainer Brüderle
B.L	la	Rainerus Ortleb
B.L	la	Res publica Democratica Germanica
B.L	la	Ricardus de Weizsaecker
B.L	la	Robertus Lehr
B.L	la	Robertus Tillmanns
B.L	la	Ronaldus Pofalla
B.L	la	Rudolphus Scharping
B.L	la	Rudolphus Seiters
B.L	la	Rupertus Scholz
B.L	la	Sabina Bergmann-Pohl
B.L	la	Sabina Leutheusser-Schnarrenberger
B.L	la	Saxonia
B.L	la	Sigmarius Gabriel
B.L	la	Theodericus Niebel
B.L	la	Theodorus Blank
B.L	la	Ulla Schmidt
B.L	la	Ulricus de Maizière
B.L	la	Ursula de Leyen
B.L	la	Volfgangus Schäuble
B.L	la	Volfgangus Tiefensee
B.L	la	Volkerus Rühe
B.L	la	Waldemarius Kraft
B.L	la	Wernerus Maihofer
B.L	id	1954
B.L	id	2001
B.L	id	2002
B.L	id	2004
B.L	id	2005
B.L	id	21 Januari
B.L	id	Angela Merkel
B.L	id	Biografi
B.L	id	Bonn
B.L	id	CDU
B.L	id	Jerman
B.L	id	Menteri keuangan
B.L	id	Politikus
B.L	id	Sachsen
B.L	id	Wikimedia Commons
B.L	id	Wikipedia:Rintisan
B.L	it	1954
B.L	it	2005
B.L	it	2006
B.L	it	2011
B.L	it	21 gennaio
B.L	it	Angela Merkel
B.L	it	Anni 1980
B.L	it	Anni 1990
B.L	it	Berlino Ovest
B.L	it	Bonn
B.L	it	Brandenburgo
B.L	it	Chiesa Evangelica in Germania
B.L	it	Eberhard Diepgen
B.L	it	Editto di Nantes
B.L	it	Francia
B.L	it	Friburgo in Brisgovia
B.L	it	Germania
B.L	it	Germania Ovest
B.L	it	Governo Merkel I
B.L	it	Governo Merkel II
B.L	it	Hohenzollern
B.L	it	Leader della Germania dell'Est
B.L	it	Library of Congress Control Number
B.L	it	Lorena (regione francese)
B.L	it	Lothar de Maizière
B.L	it	Luigi XIV di Francia
B.L	it	Maizières-lès-Metz
B.L	it	Meclemburgo-Pomerania Anteriore
B.L	it	Metz
B.L	it	Münster (Renania Settentrionale-Vestfalia)
B.L	it	Ordine al merito della Repubblica italiana
B.L	it	Politico
B.L	it	Richard von Weizsäcker
B.L	it	Sassonia
B.L	it	Sindaci di Berlino
B.L	it	Stati federati della Germania
B.L	it	Ugonotti
B.L	it	Ulrich de Maizière
B.L	it	Unione Cristiano Democratica (Germania)
B.L	it	Virtual International Authority File
B.L	it	XVII secolo
B.L	it	Aiuto:Controllo di autorità
B.L	it	Categoria:Nati a Bonn
B.L	it	Categoria:Nati il 21 gennaio
B.L	it	Categoria:Nati nel 1954
B.L	it	Categoria:Politici tedeschi del XXI secolo
B.L	it	Categoria:Politici tedeschi del XX secolo
B.L	it	Portale:Biografie
B.L	it	Portale:Politica
B.L	ja	1954年
B.L	ja	1月21日
B.L	ja	2005年
B.L	ja	2009年
B.L	ja	2011年
B.L	ja	アビトゥーア
B.L	ja	アメリカ合衆国
B.L	ja	アルベルト・ルートヴィヒ大学フライブルク
B.L	ja	アンゲラ・メルケル
B.L	ja	イタリア共和国功労勲章
B.L	ja	インターネット
B.L	ja	ウルリッヒ・デメジエール
B.L	ja	エーベルハルト・ディープゲン
B.L	ja	カール＝テオドール・ツー・グッテンベルク
B.L	ja	クルト・ビーデンコプフ
B.L	ja	ゲオルク・ミルブラット
B.L	ja	ザクセン州
B.L	ja	シュタージ
B.L	ja	ドイツ
B.L	ja	ドイツの首相
B.L	ja	ドイツキリスト教民主同盟
B.L	ja	ドイツ再統一
B.L	ja	ドイツ国防軍
B.L	ja	ドイツ民主共和国
B.L	ja	ドイツ連邦共和国
B.L	ja	ドイツ連邦議会
B.L	ja	ドイツ連邦軍
B.L	ja	ドイツ連邦軍総監
B.L	ja	ドレスデン工科大学
B.L	ja	ノルウェー
B.L	ja	ハンス＝ペーター・フリードリヒ
B.L	ja	フランク＝ヴァルター・シュタインマイアー
B.L	ja	フランス
B.L	ja	プロテスタント
B.L	ja	ベルリン
B.L	ja	ベルリン＝ブランデンブルク＝シュレージシェ・オーバーラウジッツ福音主義教会
B.L	ja	ベルント・ザイテ
B.L	ja	ボン
B.L	ja	マイセン
B.L	ja	メクレンブルク＝フォアポンメルン州
B.L	ja	メス (都市)
B.L	ja	ユグノー
B.L	ja	リヒャルト・フォン・ヴァイツゼッカー
B.L	ja	ロタール・デメジエール
B.L	ja	ロレーヌ地域圏
B.L	ja	ローラント・ポファッラ
B.L	ja	ヴェストファーレン・ヴィルヘルム大学
B.L	ja	ヴォルフガング・ショイブレ
B.L	ja	予備役
B.L	ja	司法試験
B.L	ja	政治家
B.L	ja	歴史学
B.L	ja	法学
B.L	ja	第1次メルケル内閣
B.L	ja	第2次メルケル内閣
B.L	ja	統合参謀本部議長
B.L	ja	西ドイツ
B.L	ja	西ベルリン
B.L	ja	連邦首相府 (ドイツ)
B.L	ja	陸軍総司令部
B.L	ja	Help:脚注/読者向け
B.L	simple	Bonn
B.L	simple	Bundeswehr
B.L	simple	German Democratic Republic
B.L	simple	Head of the Federal Chancellery
B.L	simple	Karl-Theodor zu Guttenberg
B.L	simple	Lothar de Maizière
B.L	simple	Minister for Special Affairs
B.L	simple	Ministry of Defence of Germany
B.L	simple	Ulrich de Maizière
B.L	simple	Wikipedia:Stub
B.L	simple	Category:People stubs
B.L	uk	1954
B.L	uk	21 січня
B.L	uk	Адольф Гітлер
B.L	uk	Бонн
B.L	uk	Бундестаг
B.L	uk	Вермахт
B.L	uk	Вестфальський університет імені Вільгельма
B.L	uk	Гугеноти
B.L	uk	Друга світова війна
B.L	uk	Німецька мова
B.L	uk	Німеччина
B.L	uk	Соціал-демократична партія Німеччини
B.L	uk	Університет Фрайбурга
B.L	uk	Французи
B.L	tr	1994
B.L	tr	1998
B.L	tr	2001
B.L	tr	2002
B.L	tr	2004
B.L	tr	2005
B.L	tr	Alman
B.L	tr	Almanya
B.L	tr	Angela Merkel
B.L	tr	Berlin
B.L	tr	CDU
B.L	tr	Federal
B.L	tr	Politikacı
B.L	tr	Saksonya
B.L	tr	Savunma Bakanı
B.L	tr	Vikipedi:Madde
B.L	tr	Vikipedi:Taslak madde
B.L	sv	1954
B.L	sv	21 januari
B.L	sv	Adel
B.L	sv	Angela Merkel
B.L	sv	Annette Schavan
B.L	sv	Bonn
B.L	sv	Brigitte Zypries
B.L	sv	Bundeskanzleramt
B.L	sv	CDU
B.L	sv	Clement de Maizière
B.L	sv	DDR
B.L	sv	Daniel Bahr
B.L	sv	Dirk Niebel
B.L	sv	Frank-Walter Steinmeier
B.L	sv	Frankrike
B.L	sv	Franz Josef Jung
B.L	sv	Franz Müntefering
B.L	sv	Förbundsdagsvalet 2009
B.L	sv	Försvarsminister
B.L	sv	Guido Westerwelle
B.L	sv	Hans-Peter Friedrich
B.L	sv	Heidemarie Wieczorek-Zeul
B.L	sv	Horst Seehofer
B.L	sv	Hugenotter
B.L	sv	Ilse Aigner
B.L	sv	Inrikesminister
B.L	sv	Johanna Wanka
B.L	sv	Karl-Theodor zu Guttenberg
B.L	sv	Kristina Schröder
B.L	sv	Lothar de Maizière
B.L	sv	Michael Glos
B.L	sv	Ministerpresident
B.L	sv	Norbert Röttgen
B.L	sv	Olaf Scholz
B.L	sv	Peer Steinbrück
B.L	sv	Peter Altmaier
B.L	sv	Peter Ramsauer
B.L	sv	Philipp Rösler
B.L	sv	Politik i Tyskland
B.L	sv	Preussen
B.L	sv	Rainer Brüderle
B.L	sv	Regeringen Merkel I
B.L	sv	Regeringen Merkel II
B.L	sv	Ronald Pofalla
B.L	sv	Sabine Leutheusser-Schnarrenberger
B.L	sv	Sigmar Gabriel
B.L	sv	Technische Universität Dresden
B.L	sv	Tyskland
B.L	sv	Tysklands förbundsregering
B.L	sv	Ulla Schmidt
B.L	sv	Ulrich de Maizière
B.L	sv	Ursula von der Leyen
B.L	sv	Wolfgang Schäuble
B.L	sv	Wolfgang Tiefensee
B.L	sv	Östtyskland
B.L	sv	Wikipedia:Stubbar
B.L	sv	Mall:Regeringen Merkel I
B.L	sv	Mall:Regeringen Merkel II
B.L	sv	Malldiskussion:Regeringen Merkel I
B.L	sv	Malldiskussion:Regeringen Merkel II
B.L	ru	1954
B.L	ru	1954 год
B.L	ru	2009 год
B.L	ru	2011 год
B.L	ru	21 января
B.L	ru	28 октября
B.L	ru	3 марта
B.L	ru	Commerzbank
B.L	ru	Creative Commons
B.L	ru	Адольф Гитлер
B.L	ru	Ангела Меркель
B.L	ru	Апель, Ганс
B.L	ru	Баум, Герхард
B.L	ru	Бенда, Эрнст
B.L	ru	Бланк, Теодор
B.L	ru	Бонн
B.L	ru	Бранденбург
B.L	ru	Бундесвер
B.L	ru	Бундестаг
B.L	ru	Вермахт
B.L	ru	Вестфальский университет имени Вильгельма
B.L	ru	Викисклад
B.L	ru	Восточный фронт
B.L	ru	Вторая мировая война
B.L	ru	Вёрнер, Манфред
B.L	ru	ГДР
B.L	ru	Гельмут Коль
B.L	ru	Геншер, Ганс-Дитрих
B.L	ru	Германия
B.L	ru	Гугенот
B.L	ru	Гуттенберг, Карл-Теодор цу
B.L	ru	Де Мезьер, Томас
B.L	ru	Зайтерс, Рудольф
B.L	ru	Западный Берлин
B.L	ru	Кантер Манфред
B.L	ru	Капитуляция Германии
B.L	ru	Карл-Теодор цу Гуттенберг
B.L	ru	Кёлер, Хорст
B.L	ru	Лебер, Георг
B.L	ru	Лентапедия
B.L	ru	Леонид Рейман
B.L	ru	Лер, Роберт
B.L	ru	Люке, Пауль
B.L	ru	Лютеранство
B.L	ru	МИД Германии
B.L	ru	МИД РФ
B.L	ru	Майхофер, Вернер
B.L	ru	Мезьер
B.L	ru	Мейсен
B.L	ru	Мекленбург — Передняя Померания
B.L	ru	Министр внутренних дел Германии
B.L	ru	Министр обороны Германии
B.L	ru	Мюнстер
B.L	ru	Мюнстерский университет
B.L	ru	Немецкий язык
B.L	ru	Рейхсканцелярия
B.L	ru	Россия
B.L	ru	Руге, Фолькер
B.L	ru	Свободная демократическая партия (Германия)
B.L	ru	Свободное государство Саксония
B.L	ru	Социал-демократическая партия Германии
B.L	ru	Список министров внутренних дел Германии
B.L	ru	Список министров обороны Германии
B.L	ru	Телекоминвест
B.L	ru	Университет Фрайбурга
B.L	ru	Федеративная Республика Германия (до 1990)
B.L	ru	Фрайбургский университет
B.L	ru	Франк-Вальтер Штайнмайер
B.L	ru	Француз
B.L	ru	Фридрих, Ганс-Петер
B.L	ru	ХДС/ХСС
B.L	ru	Хайнеман, Густав
B.L	ru	Ханс-Петер Фридрих
B.L	ru	Хассель, Кай-Уве фон
B.L	ru	Хохерль, Герман
B.L	ru	Христианско-демократический союз (ГДР)
B.L	ru	Христианско-демократический союз (Германия)
B.L	ru	Циммерман, Фридрих
B.L	ru	Шарпинг, Рудольф
B.L	ru	Шили, Отто
B.L	ru	Шмидт, Гельмут
B.L	ru	Шмуде, Юрген
B.L	ru	Шойбле, Вольфганг
B.L	ru	Шольц, Руперт
B.L	ru	Шрёдер, Герхард (министр)
B.L	ru	Штольтенберг, Герхард
B.L	ru	Штраус, Франц Йозеф
B.L	ru	Штрук, Петер
B.L	ru	Юнг, Франц Йозеф
B.L	ru	Шаблон:Цвет/Германия
B.L	ro	1685
B.L	ro	17 octombrie
B.L	ro	1954
B.L	ro	1990
B.L	ro	21 ianuarie
B.L	ro	AFI
B.L	ro	Alfabetul Fonetic Internațional
B.L	ro	Bonn
B.L	ro	Cabinetul Merkel II
B.L	ro	Edictul de la Nantes
B.L	ro	Franța
B.L	ro	Germania
B.L	ro	Landurile Germaniei
B.L	ro	Lothar de Maizière
B.L	ro	Ludovic al XIV-lea al Franței
B.L	ro	Maizières-lès-Metz
B.L	ro	Metz
B.L	ro	Ministru Federal cu atribuții speciale
B.L	ro	Ministru Federal de Interne
B.L	ro	Mosela
B.L	ro	Politician
B.L	ro	Protestantism
B.L	ro	Republica Democrată Germană
B.L	ro	Saxonia
B.L	ro	TU Dresden
B.L	ro	Thionville
B.L	ro	Uniunea Creștin-Democrată (Germania)
B.L	ro	Wikimedia Commons
B.L	ro	Format:DatePersonale
B.L	ro	Discuție Format:DatePersonale
B.L	pt	1954
B.L	pt	2005
B.L	pt	21 de Janeiro
B.L	pt	Alemanha
B.L	pt	Angela Merkel
B.L	pt	Annette Schavan
B.L	pt	Biblioteca Nacional da Alemanha
B.L	pt	Bona
B.L	pt	Daniel Bahr
B.L	pt	Dirk Niebel
B.L	pt	Guido Westerwelle
B.L	pt	Hans-Peter Friedrich
B.L	pt	Ilse Aigner
B.L	pt	Karl-Theodor zu Guttenberg
B.L	pt	Kristina Schröder
B.L	pt	Língua alemã
B.L	pt	Língua francesa
B.L	pt	Língua inglesa
B.L	pt	Ministério da Defesa da Alemanha
B.L	pt	Norbert Röttgen
B.L	pt	Peter Ramsauer
B.L	pt	Philipp Rösler
B.L	pt	Política
B.L	pt	Ronald Pofalla
B.L	pt	Sabine Leutheusser-Schnarrenberger
B.L	pt	União Democrata-Cristã
B.L	pt	Ursula von der Leyen
B.L	pt	Wolfgang Schäuble
B.L	pt	Wikipédia:Esboço
B.L	pt	Predefinição:Atuais ministros da Alemanha
B.L	pt	Portal:Política
B.L	zh	1954年
B.L	zh	Bodo Hombach
B.L	zh	Bonn
B.L	zh	Federal Minister for Special Affairs of Germany
B.L	zh	Frank-Walter Steinmeier
B.L	zh	German Chancellery
B.L	zh	Germany
B.L	zh	Ronald Pofalla
B.L	zh	University of Freiburg
B.L	zh	University of Münster
B.L	zh	Wolfgang Schäuble
B.L	zh	东德领导人
B.L	zh	俄羅斯
B.L	zh	国际音标
B.L	zh	安德烈·德梅齐埃
B.L	zh	安格拉·默克爾
B.L	zh	德国基督教民主联盟
B.L	zh	德國
B.L	zh	德國聯邦內政部
B.L	zh	德國聯邦特別任務部
B.L	zh	德國聯邦總理辦公廳
B.L	zh	德意志国家图书馆
B.L	zh	德梅齊埃將軍
B.L	zh	東德
B.L	zh	沃尔夫冈·朔伊布勒
B.L	zh	法学家
B.L	zh	波恩
B.L	zh	洗黑錢
B.L	zh	洛塔尔·德梅齐埃
B.L	zh	维基共享资源
B.L	zh	西德
B.L	zh	默克爾
B.L	zh	默克爾第二內閣
B.L	zh	Wikipedia:Persondata
CN	de	Thomas_de_Maizière
IWL	fi	Thomas de Maizière
IWL	fr	Thomas de Maizière
IWL	eo	Thomas de Maizière
IWL	en	Thomas de Maizière
IWL	es	Thomas de Maizière
IWL	be	Томас дэ Мезьер
IWL	da	Thomas de Maizière
IWL	nds	Thomas de Maizière
IWL	als	Thomas de Maizière
IWL	no	Thomas de Maizière
IWL	pl	Thomas de Maizière
IWL	la	Thomas de Maizière
IWL	id	Thomas de Maizière
IWL	it	Thomas de Maizière
IWL	ja	トーマス・デメジエール
IWL	simple	Thomas de Maizière
IWL	uk	Томас де Мезьєр
IWL	tr	Thomas de Maizière
IWL	sv	Thomas de Maizière
IWL	ru	Мезьер, Томас де
IWL	ro	Thomas de Maizière
IWL	pt	Thomas de Maizière
IWL	zh	托马斯·德梅齐埃
