A.L	de	8x4
A.L	de	Adidas
A.L	de	Aktiengesellschaft (Deutschland)
A.L	de	Allianz SE
A.L	de	Altana
A.L	de	Atrix
A.L	de	Aufsichtsratsvorsitzender
A.L	de	BASF
A.L	de	BMW
A.L	de	BSN medical
A.L	de	Babcock Borsig
A.L	de	Baden-Baden
A.L	de	Badische Zeitung
A.L	de	Bayer AG
A.L	de	Bayerische Hypotheken- und Wechsel-Bank
A.L	de	Bayerische Vereinsbank
A.L	de	Berlin
A.L	de	Beteiligungsgesellschaft
A.L	de	Betriebsergebnis
A.L	de	Bezirk Hamburg-Eimsbüttel
A.L	de	Bilanzsumme
A.L	de	Brand eins
A.L	de	Commerzbank
A.L	de	Continental AG
A.L	de	DAX
A.L	de	Dachmarke
A.L	de	Daimler AG
A.L	de	Deutsche Bank
A.L	de	Deutsche Börse
A.L	de	Deutsche Post AG
A.L	de	Deutsche Telekom
A.L	de	Deutschland
A.L	de	Die Welt
A.L	de	Dienstleister
A.L	de	Dresdner Bank
A.L	de	E.ON
A.L	de	Emmerich am Rhein
A.L	de	Epcos
A.L	de	Erlös
A.L	de	Eucerin
A.L	de	Euro
A.L	de	Evonik Degussa
A.L	de	Feldmühle (Unternehmen)
A.L	de	Florena
A.L	de	Fresenius (Unternehmen)
A.L	de	Fresenius Medical Care
A.L	de	Gewinn
A.L	de	Gründung (Recht)
A.L	de	Günter Herz
A.L	de	Haarpflege
A.L	de	Hamburg
A.L	de	Hamburg-Hausbruch
A.L	de	Hannover
A.L	de	Hannover Rück
A.L	de	Hansaplast
A.L	de	HeidelbergCement
A.L	de	Heitersheim
A.L	de	Henkel (Unternehmen)
A.L	de	Hoechst
A.L	de	Holding
A.L	de	Hypo Real Estate
A.L	de	Infineon
A.L	de	International Securities Identification Number
A.L	de	Juvena
A.L	de	K+S
A.L	de	Karstadt
A.L	de	Konsumgüter
A.L	de	Kosmetik
A.L	de	Labello
A.L	de	Lanxess
A.L	de	Linde AG
A.L	de	Lufthansa
A.L	de	MAN
A.L	de	MLP AG
A.L	de	Mannesmann
A.L	de	Marlies Möller
A.L	de	Maxingvest
A.L	de	Merck KGaA
A.L	de	Metro AG
A.L	de	Mitarbeiter
A.L	de	Montagu Private Equity
A.L	de	Munich Re
A.L	de	Nivea
A.L	de	Nixdorf Computer
A.L	de	Offenburg
A.L	de	Orthopädie
A.L	de	Oscar Troplowitz
A.L	de	Outsourcing
A.L	de	Paul Carl Beiersdorf
A.L	de	Phlebologie
A.L	de	Postbank
A.L	de	Preussag
A.L	de	Procter & Gamble
A.L	de	RWE
A.L	de	Rechnungswesen
A.L	de	Rechtsform
A.L	de	Reinhard Pöllath
A.L	de	SAP
A.L	de	Salzgitter AG
A.L	de	Seife
A.L	de	Seifenfabrik Hirtler
A.L	de	Siemens
A.L	de	Sitz (juristische Person)
A.L	de	Smith & Nephew
A.L	de	Stefan F. Heidenreich
A.L	de	TUI
A.L	de	Tesa
A.L	de	ThyssenKrupp
A.L	de	Tochterunternehmen
A.L	de	Troll Cosmetics
A.L	de	Unternehmensführung
A.L	de	VEBA
A.L	de	VIAG
A.L	de	Volkswagen AG
A.L	de	Vorstandsvorsitzender
A.L	de	Waldheim
A.L	de	Warenmarke
A.L	de	Website
A.L	de	Wien
A.L	de	Wirtschaftszweig
A.L	de	Wundversorgung
B.L	fi	1882
B.L	fi	2008
B.L	fi	Adidas
B.L	fi	Aktiengesellschaft
B.L	fi	Allianz
B.L	fi	BASF
B.L	fi	BMW
B.L	fi	Bayer
B.L	fi	Commerzbank
B.L	fi	DAX-indeksi
B.L	fi	Daimler
B.L	fi	Deutsche Bank
B.L	fi	Deutsche Börse
B.L	fi	Deutsche Post
B.L	fi	Deutsche Telekom
B.L	fi	E.ON
B.L	fi	Euro
B.L	fi	Fresenius
B.L	fi	Fresenius Medical Care
B.L	fi	Hampuri
B.L	fi	Hannover Re
B.L	fi	Hansaplast
B.L	fi	Henkel
B.L	fi	K+S
B.L	fi	Kaarina
B.L	fi	Labello
B.L	fi	Liikevaihto
B.L	fi	Liikevoitto
B.L	fi	Linde
B.L	fi	Lufthansa
B.L	fi	MAN (yritys)
B.L	fi	METRO AG
B.L	fi	Merck KGaA
B.L	fi	Munich Re
B.L	fi	Nettotulos
B.L	fi	Nivea
B.L	fi	RWE
B.L	fi	SAP (yritys)
B.L	fi	Saksa
B.L	fi	Salzgitter (yritys)
B.L	fi	Siemens
B.L	fi	Thomas-Bernd Quaas
B.L	fi	ThyssenKrupp
B.L	fi	Toimiala
B.L	fi	Toimitusjohtaja
B.L	fi	Volkswagen
B.L	fi	Yhtiömuoto
B.L	fr	1882
B.L	fr	1989
B.L	fr	8x4
B.L	fr	Adidas
B.L	fr	Allemagne
B.L	fr	Allianz
B.L	fr	Atrix
B.L	fr	BASF
B.L	fr	BDF
B.L	fr	Bayer (entreprise)
B.L	fr	Bayerische Motoren Werke
B.L	fr	Beiersdorf (Saxe)
B.L	fr	Bourse de Francfort
B.L	fr	Capitalisation boursière
B.L	fr	Chiffre d'affaires
B.L	fr	Commerzbank
B.L	fr	Continental AG
B.L	fr	DAX
B.L	fr	Daimler (entreprise)
B.L	fr	Deutsche Bank
B.L	fr	Deutsche Börse
B.L	fr	Deutsche Post
B.L	fr	Deutsche Telekom
B.L	fr	E.ON
B.L	fr	Elastoplast
B.L	fr	Eucerin
B.L	fr	Filiale
B.L	fr	Florena
B.L	fr	Fresenius
B.L	fr	Fresenius Medical Care
B.L	fr	Futuro
B.L	fr	Groupe la prairie
B.L	fr	Hambourg
B.L	fr	Hansaplast
B.L	fr	HeidelbergCement
B.L	fr	Henkel
B.L	fr	Infineon Technologies
B.L	fr	Juvena
B.L	fr	K+S
B.L	fr	L'Oréal
B.L	fr	Labello
B.L	fr	Lanxess
B.L	fr	Linde AG
B.L	fr	Liposan
B.L	fr	Lufthansa
B.L	fr	Merck KGaA
B.L	fr	Munich Re
B.L	fr	Nivea
B.L	fr	Oscar Troplowitz
B.L	fr	Paul Carl Beiersdorf
B.L	fr	RWE
B.L	fr	Résultat net
B.L	fr	SAP (entreprise)
B.L	fr	Secteur d'activité
B.L	fr	Siemens (entreprise)
B.L	fr	Site web
B.L	fr	Siège social
B.L	fr	Société sœur
B.L	fr	TESA adhésifs
B.L	fr	ThyssenKrupp
B.L	fr	Volkswagen (entreprise)
B.L	fr	Discussion:Beiersdorf/À faire
B.L	fr	Wikipédia:Notoriété des entreprises, sociétés et produits
B.L	fr	Modèle:Infobox Société
B.L	fr	Modèle:Palette DAX
B.L	fr	Modèle:Ébauche/paramètres entreprise allemande
B.L	fr	Discussion modèle:Palette DAX
B.L	fr	Aide:Comment modifier une page
B.L	fr	Aide:Homonymie
B.L	fr	Aide:Ébauche
B.L	fr	Catégorie:Entreprise par date de fondation
B.L	fr	Catégorie:Portail:Entreprises/Articles liés
B.L	fr	Catégorie:Portail:Hambourg/Articles liés
B.L	fr	Portail:Allemagne
B.L	fr	Portail:Entreprises
B.L	fr	Portail:Hambourg
B.L	fa	آدیداس
B.L	fa	آلمان
B.L	fa	آلیانتس
B.L	fa	ا.آن
B.L	fa	ار وه ئه
B.L	fa	اس آ پ
B.L	fa	اینفینئون
B.L	fa	ب آ اس اف
B.L	fa	ب ام و
B.L	fa	بایر (شرکت)
B.L	fa	بهداشت
B.L	fa	بورس فرانکفورت
B.L	fa	تیسن‌کروپ
B.L	fa	جهان
B.L	fa	دایملر آ گ
B.L	fa	دویچه بانک
B.L	fa	دویچه بورزه
B.L	fa	دویچه تلکوم
B.L	fa	دویچه پست
B.L	fa	زبان آلمانی
B.L	fa	زیمنس
B.L	fa	شرکت
B.L	fa	شرکت سهامی عام
B.L	fa	فرزنیوس
B.L	fa	فرزنیوس مدیکال کر
B.L	fa	لانکسس
B.L	fa	لوازم آرایشی
B.L	fa	لوفت‌هانزا
B.L	fa	لینده
B.L	fa	مرک
B.L	fa	میونیک ره
B.L	fa	نیوآ
B.L	fa	هامبورگ
B.L	fa	هایدلبرگ‌سمنت
B.L	fa	هنکل
B.L	fa	کا+اس
B.L	fa	کومرتس‌بانک
B.L	fa	کونتیننتال آ گ
B.L	fa	گروه فولکس‌واگن
B.L	fa	یورو
B.L	fa	۱۸۸۲ (میلادی)
B.L	fa	الگو:شرکت‌های دکس
B.L	fa	بحث الگو:شرکت‌های دکس
B.L	en	Adidas
B.L	en	Aktiengesellschaft
B.L	en	Allianz
B.L	en	Aquaphor
B.L	en	Asset
B.L	en	BASF
B.L	en	BMW
B.L	en	Bayer AG
B.L	en	Beiersdorf, Saxony
B.L	en	Chairman
B.L	en	Chief executive officer
B.L	en	Commerzbank
B.L	en	Continental AG
B.L	en	DAX
B.L	en	Daimler AG
B.L	en	Deutsche Bank
B.L	en	Deutsche Börse
B.L	en	Deutsche Post
B.L	en	Deutsche Telekom
B.L	en	Die Welt
B.L	en	Dressing (medical)
B.L	en	E.ON
B.L	en	Earnings before interest and taxes
B.L	en	Elastoplast
B.L	en	Equity (finance)
B.L	en	Eucerin
B.L	en	Euro
B.L	en	Frankfurt Stock Exchange
B.L	en	Fresenius (company)
B.L	en	Fresenius Medical Care
B.L	en	Germany
B.L	en	Hamburg
B.L	en	HeidelbergCement
B.L	en	Henkel
B.L	en	Infineon Technologies
B.L	en	K+S
B.L	en	La Prairie
B.L	en	Labello
B.L	en	Lanxess
B.L	en	Lufthansa
B.L	en	Merck KGaA
B.L	en	Montagu Private Equity
B.L	en	Munich Re
B.L	en	Net income
B.L	en	Nivea
B.L	en	OTC Markets Group
B.L	en	Orthopaedics
B.L	en	Oscar Troplowitz
B.L	en	Paul Carl Beiersdorf
B.L	en	Personal care
B.L	en	Phlebology
B.L	en	Procter & Gamble
B.L	en	Public company
B.L	en	RWE
B.L	en	Reinhard Pöllath
B.L	en	SAP AG
B.L	en	Siemens
B.L	en	Smith & Nephew
B.L	en	Supervisory board
B.L	en	Tchibo
B.L	en	The Linde Group
B.L	en	Thomas-Bernd Quaas
B.L	en	ThyssenKrupp
B.L	en	Ticker symbol
B.L	en	Types of business entity
B.L	en	Volkswagen Group
B.L	en	Template:DAX companies
B.L	en	Template talk:DAX companies
B.L	es	1882
B.L	es	8x4
B.L	es	AG
B.L	es	Alemania
B.L	es	Atrix
B.L	es	Bienes de consumo
B.L	es	Continental AG
B.L	es	DAX
B.L	es	Die Zeit
B.L	es	Eimsbüttel
B.L	es	Elastoplast
B.L	es	Eucerin
B.L	es	Florena
B.L	es	Hamburgo
B.L	es	Hansaplast
B.L	es	Industria
B.L	es	La prairie
B.L	es	Labello
B.L	es	Marca (economía)
B.L	es	Multinacional
B.L	es	Nivea
B.L	es	Sitio web
B.L	es	Sociedad anónima
B.L	es	Wikimedia Commons
B.L	be	1882
B.L	be	1890
B.L	be	1998
B.L	be	Adidas
B.L	be	Allianz
B.L	be	Aquaphor
B.L	be	BASF
B.L	be	BMW
B.L	be	Bayer
B.L	be	Bertrandt
B.L	be	Commerzbank
B.L	be	DAX
B.L	be	Daimler
B.L	be	Deutsche Bank
B.L	be	Deutsche Börse
B.L	be	Deutsche Post
B.L	be	Deutsche Telekom
B.L	be	E.ON
B.L	be	Elastoplast
B.L	be	Fresenius
B.L	be	Fresenius SE
B.L	be	Hannover Re
B.L	be	Henkel
B.L	be	K+S
B.L	be	Labello
B.L	be	Lufthansa
B.L	be	MAN
B.L	be	Merck KGaA
B.L	be	Metro AG
B.L	be	Munich Re
B.L	be	Nivea
B.L	be	RWE
B.L	be	SAP
B.L	be	Salzgitter AG
B.L	be	Siemens
B.L	be	Tesa
B.L	be	The Linde Group
B.L	be	ThyssenKrupp
B.L	be	Volkswagen Group
B.L	be	Выручка
B.L	be	ВікіСховішча
B.L	be	Гамбург
B.L	be	Германія
B.L	be	Маркетынг
B.L	be	Патэнт
B.L	be	Расія
B.L	be	СНД
B.L	be	Сайт
B.L	be	Фармацэўт
B.L	be	Вікіпедыя:Спасылкі на крыніцы
B.L	da	8x4
B.L	da	Adidas
B.L	da	Allianz
B.L	da	Atrix
B.L	da	BASF
B.L	da	BMW
B.L	da	Baden-Baden
B.L	da	Bayer
B.L	da	Berlin
B.L	da	Commerzbank
B.L	da	Continental AG
B.L	da	DAX
B.L	da	Daimler AG
B.L	da	Deutsche Bank
B.L	da	Deutsche Börse
B.L	da	Deutsche Post
B.L	da	Deutsche Telekom
B.L	da	E.ON
B.L	da	Emmerich
B.L	da	Eucerin tesa
B.L	da	Florena
B.L	da	Forbrugsgode
B.L	da	Fresenius Medical Care
B.L	da	Fresenius SE
B.L	da	Futuro
B.L	da	Günther Herz
B.L	da	Hamburg-Eimsbüttel
B.L	da	Hannover
B.L	da	Hansa plast
B.L	da	HeidelbergCement
B.L	da	Heitersheim
B.L	da	Henkel
B.L	da	Infineon Technologies
B.L	da	Juvena, La Prairie
B.L	da	K+S
B.L	da	Labello
B.L	da	Lanxess
B.L	da	Linde AG
B.L	da	Lufthansa
B.L	da	Marlies Möller
B.L	da	Maxingvest AG
B.L	da	Merck KGaA
B.L	da	Munich Re
B.L	da	Mærkevare
B.L	da	Nivea
B.L	da	Offenburg
B.L	da	RWE
B.L	da	SAP AG
B.L	da	Schweiz
B.L	da	Siemens AG
B.L	da	ThyssenKrupp
B.L	da	Tyskland
B.L	da	Volkswagen Aktiengesellschaft
B.L	da	Waldheim
B.L	da	Wien
B.L	da	Østeuropa
B.L	ar	ألمانيا
B.L	ar	شركة
B.L	ar	لغة إنجليزية
B.L	ar	مؤسسة تجارية
B.L	ar	نيفيا
B.L	ar	همبورغ
B.L	ar	ويكيميديا كومنز
B.L	ar	ويكيبيديا:بذرة
B.L	pl	Adidas
B.L	pl	Allianz
B.L	pl	Altona (okręg administracyjny Hamburga)
B.L	pl	BASF
B.L	pl	BMW
B.L	pl	Bayer AG
B.L	pl	Beiersdorf
B.L	pl	Commerzbank
B.L	pl	DAX
B.L	pl	Daimler AG
B.L	pl	Deutsche Bank
B.L	pl	Deutsche Börse
B.L	pl	Deutsche Post
B.L	pl	Deutsche Telekom
B.L	pl	E.ON
B.L	pl	Fresenius
B.L	pl	Fresenius Medical Care
B.L	pl	Hamburg
B.L	pl	Henkel
B.L	pl	Infineon
B.L	pl	K+S
B.L	pl	Koncern
B.L	pl	Linde AG
B.L	pl	Lufthansa
B.L	pl	MAN SE
B.L	pl	Merck KGaA
B.L	pl	Metro Group
B.L	pl	Munich Re
B.L	pl	Niemcy
B.L	pl	Nivea
B.L	pl	Nivea Polska
B.L	pl	Oskar Troplowitz
B.L	pl	Polska
B.L	pl	Poznań
B.L	pl	RWE (koncern)
B.L	pl	SAP AG
B.L	pl	Salzgitter AG
B.L	pl	Siemens AG
B.L	pl	ThyssenKrupp
B.L	pl	Volkswagen AG
B.L	pl	Szablon:DAX
B.L	pl	Dyskusja szablonu:DAX
B.L	nl	1882
B.L	nl	8x4
B.L	nl	Adidas
B.L	nl	Allianz
B.L	nl	BASF (chemieconcern)
B.L	nl	BMW
B.L	nl	Bayer
B.L	nl	CEO
B.L	nl	Commerzbank
B.L	nl	Continental AG
B.L	nl	DAX-index
B.L	nl	Daimler (Duitsland)
B.L	nl	Deutsche Bank
B.L	nl	Deutsche Börse
B.L	nl	Deutsche Post
B.L	nl	Deutsche Telekom
B.L	nl	Duitsland
B.L	nl	E.ON
B.L	nl	Elastoplast
B.L	nl	Eucerin
B.L	nl	Euro
B.L	nl	Fresenius
B.L	nl	Fresenius Medical Care
B.L	nl	Hamburg
B.L	nl	Hansaplast
B.L	nl	HeidelbergCement
B.L	nl	Henkel KGaA
B.L	nl	Infineon
B.L	nl	K+S
B.L	nl	Labello
B.L	nl	Lanxess
B.L	nl	Linde AG
B.L	nl	Lufthansa
B.L	nl	Merck KGaA
B.L	nl	Münchener Rück
B.L	nl	Nivea
B.L	nl	Omzet
B.L	nl	Oscar Troplowitz
B.L	nl	Paul Carl Beiersdorf
B.L	nl	Pleister (medisch)
B.L	nl	RWE (energie)
B.L	nl	SAP AG
B.L	nl	Siemens AG
B.L	nl	Tchibo Holding AG
B.L	nl	ThyssenKrupp
B.L	nl	Volkswagen AG
B.L	nl	Wikimedia Commons
B.L	nl	Winst (onderneming)
B.L	nl	Zeep (reiniging)
B.L	nl	Portaal:Economie
B.L	ko	12월 31일
B.L	ko	1882년
B.L	ko	2006년
B.L	ko	3월 28일
B.L	ko	BASF
B.L	ko	BMW
B.L	ko	DAX
B.L	ko	E.ON
B.L	ko	K+S
B.L	ko	MAN SE
B.L	ko	RWE
B.L	ko	SAP AG
B.L	ko	니베아
B.L	ko	다임러 AG
B.L	ko	데오도란트
B.L	ko	도이체 방크
B.L	ko	도이체 뵈르제
B.L	ko	도이체 텔레콤
B.L	ko	도이체 포스트
B.L	ko	독일
B.L	ko	독일어
B.L	ko	라벨로
B.L	ko	루프트한자
B.L	ko	린데 AG
B.L	ko	마스카라
B.L	ko	메르크
B.L	ko	메트로 AG
B.L	ko	뮤닉 리
B.L	ko	바이엘 (기업)
B.L	ko	반창고
B.L	ko	샴푸
B.L	ko	아디다스
B.L	ko	아쿠아포르
B.L	ko	알리안츠
B.L	ko	약사
B.L	ko	엘라스토플라스트
B.L	ko	위키미디어 공용
B.L	ko	인피니온 테크놀로지스
B.L	ko	제조업
B.L	ko	지멘스 AG
B.L	ko	치보
B.L	ko	커피
B.L	ko	코메르츠방크
B.L	ko	테사
B.L	ko	티센크루프
B.L	ko	폭스바겐 AG
B.L	ko	프랑크푸르트 증권거래소
B.L	ko	프레제니우스 (기업)
B.L	ko	프레제니우스 메디컬 케어
B.L	ko	하이델베르그시멘트
B.L	ko	함부르크
B.L	ko	헨켈
B.L	ko	화장품
B.L	ko	틀:DAX
B.L	ko	틀토론:DAX
B.L	id	1882
B.L	id	2010
B.L	id	Aktiengesellschaft
B.L	id	Bursa Saham Frankfurt
B.L	id	Dana kelolaan
B.L	id	Ekuitas (keuangan)
B.L	id	Elastoplast
B.L	id	Eucerin
B.L	id	Euro
B.L	id	Hamburg
B.L	id	Jenis entitas bisnis
B.L	id	Jerman
B.L	id	Kecantikan
B.L	id	Kesehatan
B.L	id	Korporasi
B.L	id	Laba bersih
B.L	id	Laba kotor
B.L	id	Labello
B.L	id	Multinasional
B.L	id	NIVEA
B.L	id	Perusahaan (hukum)
B.L	id	Simbol saham
B.L	id	Wikipedia:Rintisan
B.L	it	2011
B.L	it	8x4
B.L	it	Adidas
B.L	it	Allianz
B.L	it	Amburgo
B.L	it	Atrix
B.L	it	BASF
B.L	it	BMW
B.L	it	Basis
B.L	it	Bayer
B.L	it	Blue chip
B.L	it	Borsa di Francoforte
B.L	it	Borsa valori
B.L	it	Commerzbank
B.L	it	Curad
B.L	it	DAX 30
B.L	it	Daimler (azienda)
B.L	it	Deutsche Bank
B.L	it	Deutsche Börse
B.L	it	Deutsche Post
B.L	it	Deutsche Telekom
B.L	it	E.ON
B.L	it	Elastoplast
B.L	it	Eucerin
B.L	it	Euro
B.L	it	FUTURO
B.L	it	Fatturato
B.L	it	Florena
B.L	it	Fresenius
B.L	it	Fresenius Medical Care
B.L	it	Germania
B.L	it	Gruppo Volkswagen
B.L	it	Hansaplast
B.L	it	Heidelberg Cement
B.L	it	Henkel
B.L	it	Impresa
B.L	it	Indice azionario
B.L	it	Infineon Technologies
B.L	it	JUVENA
B.L	it	K+S
B.L	it	La prairie
B.L	it	Labello (marchio)
B.L	it	Linde AG
B.L	it	Lufthansa
B.L	it	MAN SE
B.L	it	Marlies Möller
B.L	it	Merck KGaA
B.L	it	Metro (azienda)
B.L	it	Munich Re
B.L	it	Nivea (cosmetico)
B.L	it	Profitto
B.L	it	RWE (azienda)
B.L	it	Risultato operativo
B.L	it	SAP (azienda)
B.L	it	SBT: Skin Biology Therapy
B.L	it	Siemens (azienda)
B.L	it	Sito web
B.L	it	Società per azioni
B.L	it	Stato
B.L	it	Tchibo Holding AG
B.L	it	Tesa (marchio)
B.L	it	ThyssenKrupp
B.L	it	File:Stub .png
B.L	it	File:Stub aziende tedesche.png
B.L	it	Template:Aziende DAX 30
B.L	it	Discussioni template:Aziende DAX 30
B.L	it	Aiuto:Abbozzo
B.L	it	Aiuto:Manuale di stile
B.L	it	Categoria:Stub - aziende tedesche
B.L	it	Progetto:Aziende tedesche
B.L	ja	8×4
B.L	ja	Elastoplast
B.L	ja	Eucerin
B.L	ja	La Prairie
B.L	ja	Labello
B.L	ja	Portable Document Format
B.L	ja	アトリックス
B.L	ja	コーヒー
B.L	ja	チボー・ホールディング
B.L	ja	テサ
B.L	ja	ドイツ
B.L	ja	ニベア
B.L	ja	ニベア花王
B.L	ja	ハンブルク
B.L	ja	バイアースドルフ
B.L	ja	バイアースドルフ (ザクセン州)
B.L	ja	フランクフルト証券取引所
B.L	ja	フロレナ
B.L	ja	ユーロ
B.L	ja	ワセリン
B.L	ja	会社
B.L	ja	最高経営責任者
B.L	ja	株式会社 (ドイツ)
B.L	ja	業種
B.L	ja	Template:基礎情報 会社
B.L	ja	Category:日本の化学工業メーカー
B.L	sv	AMB Generali Holding AG
B.L	sv	AWD Holding AG
B.L	sv	Aareal Bank AG
B.L	sv	Arcandor AG
B.L	sv	Atrix
B.L	sv	Bilfinger Berger AG
B.L	sv	Celesio AG
B.L	sv	DEPFA BANK plc
B.L	sv	Deutsche EuroShop AG
B.L	sv	Deutsche Postbank AG
B.L	sv	Douglas Holding AG
B.L	sv	Dubbeldusch
B.L	sv	EADS
B.L	sv	Elastoplast
B.L	sv	Fielmann AG
B.L	sv	Florena
B.L	sv	Flughafen Frankfurt am Main
B.L	sv	Fresenius
B.L	sv	GEA Group AG
B.L	sv	Göteborg
B.L	sv	Hamburg
B.L	sv	Hannover Rückversicherung AG
B.L	sv	Hansaplast
B.L	sv	HeidelbergCement AG
B.L	sv	Heidelberger Druckmaschinen AG
B.L	sv	Hochtief
B.L	sv	Hugo Boss
B.L	sv	HypoVereinsbank
B.L	sv	IKB Deutsche Industriebank AG
B.L	sv	IVG Immobilien AG
B.L	sv	IWKA AG
B.L	sv	K+S
B.L	sv	Krones AG
B.L	sv	Labello
B.L	sv	Lanxess AG
B.L	sv	Leoni AG
B.L	sv	MLP AG
B.L	sv	MPC AG
B.L	sv	MTU Aero Engines
B.L	sv	Medion AG
B.L	sv	Merck KGaA
B.L	sv	Mid Cap DAX
B.L	sv	Nivea
B.L	sv	Nixdorf
B.L	sv	Norddeutsche Affinerie AG
B.L	sv	Oscar Troplowitz
B.L	sv	Paul Gerson Unna
B.L	sv	Pfleiderer AG
B.L	sv	Premiere AG
B.L	sv	ProSiebenSat.1 Media
B.L	sv	Puma AG
B.L	sv	Rheinmetall
B.L	sv	Rhön-Klinikum AG
B.L	sv	SGL Carbon AG
B.L	sv	STADA Arzneimittel AG
B.L	sv	Salzgitter AG
B.L	sv	Schwarz Pharma AG
B.L	sv	Südzucker AG
B.L	sv	Techem AG
B.L	sv	Tesa
B.L	sv	Vivacon AG
B.L	sv	Vossloh AG
B.L	sv	Mall:Mid Cap DAX (MDAX)
B.L	sv	Malldiskussion:Mid Cap DAX (MDAX)
B.L	ru	1882
B.L	ru	1882 год
B.L	ru	1890 год
B.L	ru	1998 год
B.L	ru	Adidas
B.L	ru	Allianz
B.L	ru	Aquaphor
B.L	ru	BASF
B.L	ru	BMW
B.L	ru	Bayer
B.L	ru	Bertrandt
B.L	ru	Commerzbank
B.L	ru	DAX
B.L	ru	Daimler
B.L	ru	Deutsche Bank
B.L	ru	Deutsche Börse
B.L	ru	Deutsche Post AG
B.L	ru	Deutsche Telekom
B.L	ru	E.ON
B.L	ru	Elastoplast
B.L	ru	Fresenius
B.L	ru	Fresenius SE
B.L	ru	Hannover Re
B.L	ru	Henkel
B.L	ru	K+S
B.L	ru	Labello
B.L	ru	Lufthansa
B.L	ru	MAN
B.L	ru	Merck KGaA
B.L	ru	Metro AG
B.L	ru	Munich Re
B.L	ru	Nivea
B.L	ru	RWE
B.L	ru	SAP
B.L	ru	Salzgitter AG
B.L	ru	Siemens
B.L	ru	Tesa
B.L	ru	The Linde Group
B.L	ru	ThyssenKrupp
B.L	ru	Volkswagen Group
B.L	ru	Викисклад
B.L	ru	Выручка
B.L	ru	Гамбург
B.L	ru	Германия
B.L	ru	Маркетинг
B.L	ru	Патент
B.L	ru	Россия
B.L	ru	СНГ
B.L	ru	Сайт
B.L	ru	Фармацевт
B.L	ru	Википедия:Ссылки на источники
B.L	ro	1882
B.L	ro	2000
B.L	ro	2008
B.L	ro	2009
B.L	ro	6 mai
B.L	ro	Beiersdorf
B.L	ro	Companie
B.L	ro	Corporație
B.L	ro	Euro
B.L	ro	Germania
B.L	ro	Nivea (cosmetice)
B.L	ro	Nivea Brașov
B.L	ro	România
B.L	ro	Wikipedia:Articolul ciot perfect
B.L	ro	Wikipedia:Găsește și repară un ciot
B.L	pt	Adidas
B.L	pt	Alemanha
B.L	pt	Allianz
B.L	pt	BASF
B.L	pt	BMW
B.L	pt	Bayer
B.L	pt	Commerzbank
B.L	pt	Continental AG
B.L	pt	DAX-30
B.L	pt	Daimler AG
B.L	pt	Deutsche Bank
B.L	pt	Deutsche Börse
B.L	pt	Deutsche Post
B.L	pt	Deutsche Telekom
B.L	pt	E.ON
B.L	pt	Fresenius
B.L	pt	Fresenius Medical Care
B.L	pt	Grupo Volkswagen
B.L	pt	Hamburgo
B.L	pt	HeidelbergCement
B.L	pt	Henkel
B.L	pt	Infineon Technologies
B.L	pt	K+S
B.L	pt	Linde AG
B.L	pt	Lufthansa
B.L	pt	MAN SE
B.L	pt	METRO AG
B.L	pt	Merck KGaA
B.L	pt	Munich Re
B.L	pt	NIVEA
B.L	pt	RWE
B.L	pt	SAP AG
B.L	pt	Siemens AG
B.L	pt	ThyssenKrupp
B.L	pt	Predefinição:DAX
B.L	zh	10月18日
B.L	zh	10月1日
B.L	zh	12月22日
B.L	zh	1882年
B.L	zh	1890年
B.L	zh	1906年
B.L	zh	1911年
B.L	zh	1930年
B.L	zh	1994年
B.L	zh	2001年
B.L	zh	2003年
B.L	zh	2004年
B.L	zh	2006年
B.L	zh	2007年
B.L	zh	2008年
B.L	zh	2010年
B.L	zh	3月28日
B.L	zh	4月1日
B.L	zh	6月8日
B.L	zh	BMW
B.L	zh	CEO
B.L	zh	DAX指数
B.L	zh	E.ON
B.L	zh	K+S
B.L	zh	Lanxess
B.L	zh	RWE
B.L	zh	SAP公司
B.L	zh	€
B.L	zh	上市
B.L	zh	专利
B.L	zh	东欧
B.L	zh	丝宝集团
B.L	zh	中国
B.L	zh	中欧
B.L	zh	人民币
B.L	zh	人民网
B.L	zh	企业家
B.L	zh	会计
B.L	zh	傷口
B.L	zh	僱員
B.L	zh	全球
B.L	zh	共同基金
B.L	zh	制成品
B.L	zh	化妆品
B.L	zh	化工
B.L	zh	医药
B.L	zh	合資公司
B.L	zh	品牌
B.L	zh	国际化
B.L	zh	埃默里希
B.L	zh	外判
B.L	zh	大众集团
B.L	zh	大陆集团
B.L	zh	奥地利
B.L	zh	奥芬堡
B.L	zh	妮维雅
B.L	zh	子公司
B.L	zh	安联
B.L	zh	宝洁公司
B.L	zh	工廠
B.L	zh	巴斯夫
B.L	zh	巴登巴登
B.L	zh	并购
B.L	zh	康采恩
B.L	zh	德国
B.L	zh	德国DAX指数
B.L	zh	德国商业银行
B.L	zh	德国电信
B.L	zh	德国邮政
B.L	zh	德國證券交易所
B.L	zh	德意志银行
B.L	zh	德莎
B.L	zh	德语
B.L	zh	愛迪達
B.L	zh	慕尼黑再保险
B.L	zh	戴姆勒
B.L	zh	拜耳
B.L	zh	整形
B.L	zh	日期
B.L	zh	林德
B.L	zh	柏林
B.L	zh	欧元
B.L	zh	汉堡
B.L	zh	汉莎航空
B.L	zh	汉诺威
B.L	zh	汉高公司
B.L	zh	法兰克福证券交易所
B.L	zh	海德堡水泥
B.L	zh	海特斯海姆
B.L	zh	營業額
B.L	zh	瓦尔德海姆
B.L	zh	生產商
B.L	zh	產業
B.L	zh	純利
B.L	zh	總部
B.L	zh	维也纳
B.L	zh	维基共享资源
B.L	zh	网络
B.L	zh	美国
B.L	zh	美容
B.L	zh	联合利华
B.L	zh	股份
B.L	zh	股份公司
B.L	zh	肥皂
B.L	zh	英飞凌
B.L	zh	药剂师
B.L	zh	蒂森克虏伯
B.L	zh	裁員
B.L	zh	西门子公司
B.L	zh	財務總監
B.L	zh	貼布
B.L	zh	資訊科技
B.L	zh	费森尤斯
B.L	zh	费森尤斯医疗
B.L	zh	醫療
B.L	zh	重组
B.L	zh	静脉
B.L	zh	马克西恩维斯特股份公司
B.L	zh	默克集團
B.L	zh	Template:DAX指数成份公司
B.L	zh	Template talk:DAX指数成份公司
B.L	zh	Category:公司
CN	de	Beiersdorf_AG
IWL	fi	Beiersdorf
IWL	fr	Beiersdorf
IWL	fa	بایرسدورف
IWL	en	Beiersdorf
IWL	es	Beiersdorf
IWL	be	Beiersdorf
IWL	da	Beiersdorf AG
IWL	ar	بايرسدورف
IWL	pl	Beiersdorf AG
IWL	nl	Beiersdorf AG
IWL	ko	바이어스도르프
IWL	id	Beiersdorf
IWL	it	Beiersdorf (azienda)
IWL	ja	バイヤスドルフ
IWL	sv	Beiersdorf AG
IWL	ru	Beiersdorf
IWL	ro	Beiersdorf AG
IWL	pt	Beiersdorf
IWL	zh	拜尔斯道夫
