A.L	de	15. November
A.L	de	1975
A.L	de	Abgeordnetenwatch.de
A.L	de	Arbeit & soziale Gerechtigkeit – Die Wahlalternative
A.L	de	Attac
A.L	de	Bundestagswahl 2009
A.L	de	Bundestagswahl 2013
A.L	de	Bundestagswahlkreis München-Ost
A.L	de	Deutscher Bundestag
A.L	de	Die Linke
A.L	de	Direktmandat
A.L	de	G8-Gipfel in Genua 2001
A.L	de	Gemeinsame Normdatei
A.L	de	Hartz-Konzept
A.L	de	Kommunikationswissenschaft
A.L	de	Landesliste
A.L	de	Landtagswahl in Bayern 2008
A.L	de	Leo Trotzki
A.L	de	Linksruck
A.L	de	Magister Artium
A.L	de	Marx21
A.L	de	München
A.L	de	Partei des Demokratischen Sozialismus
A.L	de	Rosa-Luxemburg-Stiftung
A.L	de	Stimmkreis München-Bogenhausen
A.L	de	Zweiter Golfkrieg
A.L	de	Hilfe:Personendaten
CN	de	Nicole_Gohlke
