A.L	de	Adidas
A.L	de	Aktien
A.L	de	Allianz SE
A.L	de	Altana
A.L	de	Amtsgericht
A.L	de	BASF
A.L	de	BMW
A.L	de	Babcock-BSH
A.L	de	Babcock Borsig Service
A.L	de	Babcock und Wilcox
A.L	de	Balcke-Dürr
A.L	de	Bayer AG
A.L	de	Bayerische Hypotheken- und Wechsel-Bank
A.L	de	Bayerische Vereinsbank
A.L	de	Beiersdorf AG
A.L	de	Benson-Kessel
A.L	de	Bilfinger Berger
A.L	de	Bilfinger Berger Power Services
A.L	de	Borsig (Unternehmen)
A.L	de	Bundeskanzler (Deutschland)
A.L	de	Commerzbank
A.L	de	Continental AG
A.L	de	DAX
A.L	de	Daimler AG
A.L	de	Dampfkessel
A.L	de	Demontage (Reparation)
A.L	de	Deutsche Bank
A.L	de	Deutsche Börse
A.L	de	Deutsche Post AG
A.L	de	Deutsche Telekom
A.L	de	Deutscher Aktienindex
A.L	de	Dresdner Bank
A.L	de	Duisburg
A.L	de	E.ON
A.L	de	Eigenverwaltung
A.L	de	Energietechnik
A.L	de	Epcos
A.L	de	Evonik Degussa
A.L	de	Feldmühle (Unternehmen)
A.L	de	Fresenius (Unternehmen)
A.L	de	Fresenius Medical Care
A.L	de	Gerhard Schröder
A.L	de	Gummersbach
A.L	de	Hannover Rück
A.L	de	Hans-Gerd Jauch
A.L	de	HeidelbergCement
A.L	de	Henkel (Unternehmen)
A.L	de	Hitachi Power Europe
A.L	de	Hoechst
A.L	de	Howaldtswerke-Deutsche Werft
A.L	de	Hypo Real Estate
A.L	de	Infineon
A.L	de	Insolvenzordnung (Deutschland)
A.L	de	Insolvenzverfahren
A.L	de	Iran
A.L	de	K+S
A.L	de	Karstadt
A.L	de	Kernkraftwerk Mülheim-Kärlich
A.L	de	L. & C. Steinmüller
A.L	de	Lanxess
A.L	de	Linde AG
A.L	de	London
A.L	de	Lufthansa
A.L	de	MAN
A.L	de	MDAX
A.L	de	MLP AG
A.L	de	Mannesmann
A.L	de	Merck KGaA
A.L	de	Metro AG
A.L	de	Ministerpräsident
A.L	de	Munich Re
A.L	de	Nixdorf Computer
A.L	de	Nordex
A.L	de	Nordrhein-Westfalen
A.L	de	Oberhausen
A.L	de	Omnical
A.L	de	Postbank
A.L	de	Preussag
A.L	de	RWE
A.L	de	Reichskommissar
A.L	de	Reichsmark
A.L	de	SAP
A.L	de	SAP AG
A.L	de	Salzgitter AG
A.L	de	Schumag
A.L	de	Siemens
A.L	de	Stammkapital
A.L	de	TUI
A.L	de	ThyssenKrupp
A.L	de	VEBA
A.L	de	VIAG
A.L	de	Vereinigte Kesselwerke
A.L	de	Volkswagen AG
A.L	de	Wirkungsgrad
A.L	de	Wolfgang Clement
B.L	en	AEG
B.L	en	Advanced gas-cooled reactor
B.L	en	Agricultural machinery
B.L	en	Air conditioning
B.L	en	Anti-British sentiment
B.L	en	August Borsig
B.L	en	Babcock Borsig Service
B.L	en	Babcock International Group
B.L	en	Babcock Power
B.L	en	Babcock and Wilcox
B.L	en	Bankruptcy
B.L	en	Bilfinger Berger
B.L	en	Bohemia
B.L	en	Boiler
B.L	en	Boiler (steam generator)
B.L	en	Brown, Boveri & Cie
B.L	en	Chancellor
B.L	en	Coal
B.L	en	Commerzbank
B.L	en	Communism
B.L	en	Copper
B.L	en	Creditor
B.L	en	Czechoslovakia
B.L	en	Danvers, Massachusetts
B.L	en	Deutsche Bank
B.L	en	Deutsche Mark
B.L	en	Eastern Europe
B.L	en	Environmental engineering
B.L	en	Euro
B.L	en	Fossil fuel
B.L	en	Friedrichsfeld
B.L	en	Gerhard Schröder
B.L	en	German Empire
B.L	en	Germany
B.L	en	Gliwice
B.L	en	Great Depression
B.L	en	Health insurance
B.L	en	Howaldtswerke-Deutsche Werft
B.L	en	Intellectual property
B.L	en	Interwar period
B.L	en	Iran
B.L	en	Iran-Iraq War
B.L	en	Iran hostage crisis
B.L	en	Iranian Revolution
B.L	en	Krupp
B.L	en	Kuwait
B.L	en	Lien
B.L	en	London
B.L	en	Middle East
B.L	en	Morgan Guaranty
B.L	en	North Rhine-Westphalia
B.L	en	Nuclear fuel
B.L	en	Nuclear power
B.L	en	Nuclear reactor
B.L	en	Oberhausen
B.L	en	Otto Hahn (ship)
B.L	en	Pension
B.L	en	Piping and plumbing fittings
B.L	en	Power plant
B.L	en	Refrigeration
B.L	en	Ruhr District
B.L	en	Scandinavia
B.L	en	Shell corporation
B.L	en	Ship
B.L	en	Shipyard
B.L	en	Siemens
B.L	en	The New York Times
B.L	en	Three Mile Island
B.L	en	Time (magazine)
B.L	en	West Germany
B.L	en	World War I
B.L	en	World War II
CN	de	Babcock_Borsig
IWL	en	Deutsche Babcock
