A.L	de	1973
A.L	de	24. Februar
A.L	de	Abitur
A.L	de	Alfred Kubel
A.L	de	Allgemeine Ortskrankenkasse
A.L	de	Andrea Fischer (Grüne)
A.L	de	Angela Merkel
A.L	de	Anke Fuchs
A.L	de	Annette Schavan
A.L	de	Antje Huber
A.L	de	Arbeitgeberbeitrag
A.L	de	Armuts- und Reichtumsbericht der Bundesregierung
A.L	de	Arzneimittel-Nutzenbewertungsverordnung
A.L	de	Arzneimittel-Rabattverträge
A.L	de	Arzt im Praktikum
A.L	de	Atomausstieg
A.L	de	Audi Q7
A.L	de	Augenheilkunde
A.L	de	Beckmann (Fernsehsendung)
A.L	de	Beitragsbemessungsgrenze
A.L	de	Berliner Zeitung
A.L	de	Berufssoldat
A.L	de	Birgit Breuel
A.L	de	Bonus-Malus-Regelung
A.L	de	Braunlage
A.L	de	Bundesgesundheitsminister
A.L	de	Bundeshaushaltsplan (Deutschland)
A.L	de	Bundeskanzlerin
A.L	de	Bundesministerium für Gesundheit (Deutschland)
A.L	de	Bundesministerium für Wirtschaft und Technologie
A.L	de	Bundeswehr
A.L	de	Bundeswehrkrankenhaus Hamburg
A.L	de	Bückeburg
A.L	de	Bürgerversicherung
A.L	de	Bürokratie
A.L	de	CO2-Ausstoß
A.L	de	Carlo Graaff
A.L	de	Cebit
A.L	de	Christian Lindner
A.L	de	Christlich-Soziale Union in Bayern
A.L	de	Daniel Bahr
A.L	de	Der Spiegel
A.L	de	Deutsche Marine
A.L	de	Deutsche Nationalbibliothek
A.L	de	Deutschland
A.L	de	Die Welt
A.L	de	Die Zeit
A.L	de	Dienstliche Veranstaltung (Soldatengesetz)
A.L	de	Dieter Hundt
A.L	de	Dirk Niebel
A.L	de	Dr. med.
A.L	de	Egon Franke
A.L	de	Einkommensverteilung
A.L	de	Elisabeth Schwarzhaupt
A.L	de	Emissionshandel
A.L	de	Energieeffizienz
A.L	de	Energieverbrauch
A.L	de	Energiewende
A.L	de	Erich Küpker
A.L	de	Erich Mende
A.L	de	Erneuerbare-Energien-Gesetz
A.L	de	Erneuerbare Energie
A.L	de	Ernst Albrecht
A.L	de	Euro
A.L	de	Facharzt
A.L	de	Financial Times Deutschland
A.L	de	Finanzkrise ab 2007
A.L	de	Fluglehrer
A.L	de	Focus
A.L	de	Focus Online
A.L	de	Frank-Walter Steinmeier
A.L	de	Frankfurter Rundschau
A.L	de	Franz Blücher
A.L	de	Franz Josef Jung
A.L	de	Franz Müntefering
A.L	de	Freie Demokratische Partei
A.L	de	Gefäßchirurgie
A.L	de	Gegenleistung
A.L	de	Gemeinsame Normdatei
A.L	de	Gemeinsamer Bundesausschuss
A.L	de	Generalsekretär
A.L	de	Gerda Hasselfeldt
A.L	de	Geschichte Deutschlands
A.L	de	Geschichtsstudium
A.L	de	Gesetz zur Neuordnung des Arzneimittelmarktes
A.L	de	Gesetzliche Krankenversicherung
A.L	de	Gesundheitspolitik
A.L	de	Gesundheitsprämie
A.L	de	Gesundheitswesen
A.L	de	Gläubigentaufe
A.L	de	Gorch Fock (Schiff, 1958)
A.L	de	Gottfried Wilhelm Leibniz Universität Hannover
A.L	de	GuD-Kraftwerk
A.L	de	Guido Westerwelle
A.L	de	Günter Rexrodt
A.L	de	Günther Oettinger
A.L	de	Hainan
A.L	de	Handelsblatt
A.L	de	Hans-Christoph Seebohm
A.L	de	Hans-Dietrich Genscher
A.L	de	Hans-Jürgen Papier
A.L	de	Hans-Peter Friedrich
A.L	de	Hans Friderichs
A.L	de	Hausarzt
A.L	de	Haushaltsdefizit
A.L	de	Heilmittel
A.L	de	Heiner Geißler
A.L	de	Helmut Greulich
A.L	de	Helmut Haussmann
A.L	de	Helmut Schmidt
A.L	de	Hermann Ahrens
A.L	de	Hermesdeckungen
A.L	de	Herzchirurgie
A.L	de	Hilfsmittel (Rehabilitation)
A.L	de	Ho-Chi-Minh-Stadt
A.L	de	Honorar
A.L	de	Horst Seehofer
A.L	de	Ilse Aigner
A.L	de	Institut für Qualität und Wirtschaftlichkeit im Gesundheitswesen
A.L	de	Johanna Wanka
A.L	de	Joschka Fischer
A.L	de	Junge Liberale
A.L	de	Jörg Bode (Politiker)
A.L	de	Jürgen Möllemann
A.L	de	Jürgen Windeler
A.L	de	Kabinett Merkel II
A.L	de	Kabinett Wulff II
A.L	de	Karl-Theodor zu Guttenberg
A.L	de	Karl Möller
A.L	de	Karl Schiller
A.L	de	Kartellrecht
A.L	de	Kassenzulassung
A.L	de	Katharina Focke
A.L	de	Kernkraftwerk
A.L	de	Kernkraftwerk Cernavoda
A.L	de	Kernkraftwerk Changjiang
A.L	de	Kernkraftwerk Jaitapur
A.L	de	Kernkraftwerk Olkiluoto
A.L	de	Kernkraftwerk Temelin
A.L	de	Kernkraftwerk Wylfa
A.L	de	KfW Bankengruppe
A.L	de	Khánh Hưng (Sóc Trăng)
A.L	de	Klaus Kinkel
A.L	de	Klaus Töpfer
A.L	de	Klimaschutz
A.L	de	Kohlekraftwerk
A.L	de	Kohlendioxid
A.L	de	Konjunkturpaket II
A.L	de	Kristina Schröder
A.L	de	Kurt Schmücker
A.L	de	Käte Strobel
A.L	de	Landesparteitag
A.L	de	Landtagswahl in Niedersachsen 2008
A.L	de	Leopard 2
A.L	de	Library of Congress Control Number
A.L	de	Liste der Wirtschaftsminister von Niedersachsen
A.L	de	Liste der deutschen Gesundheitsminister
A.L	de	Liste der deutschen Wirtschaftsminister
A.L	de	Liste geplanter Kohlekraftwerke in Deutschland
A.L	de	Lohnnebenkosten
A.L	de	Ludwig Erhard
A.L	de	Lutherschule Hannover
A.L	de	Manfred Lahnstein
A.L	de	Marineschule Mürwik
A.L	de	Martin Bangemann
A.L	de	Medizinische Hochschule Hannover
A.L	de	Michael Glos
A.L	de	Munzinger-Archiv
A.L	de	Münchner Merkur
A.L	de	N-tv
A.L	de	Nicole Bracht-Bendt
A.L	de	Niedersachsen
A.L	de	Niedersächsischer Landtag
A.L	de	Niedersächsisches Ministerium für Wirtschaft, Arbeit und Verkehr
A.L	de	Norbert Röttgen
A.L	de	Olaf Lies
A.L	de	Otto Fricke (CDU)
A.L	de	Otto Graf Lambsdorff
A.L	de	PKV
A.L	de	Patrick Döring
A.L	de	Pauschale
A.L	de	Peter Altmaier
A.L	de	Peter Fischer (Politiker)
A.L	de	Peter Ramsauer
A.L	de	Peter Sawicki
A.L	de	Pharmagroßhandel
A.L	de	Pharmaunternehmen
A.L	de	Philosophie
A.L	de	Photovoltaik
A.L	de	Pkw-Energieverbrauchskennzeichnungsverordnung
A.L	de	Politiker
A.L	de	Porsche Cayenne
A.L	de	Praxisgebühr
A.L	de	Preismoratorium
A.L	de	Private Krankenversicherung
A.L	de	Promotion (Doktor)
A.L	de	Präsidium
A.L	de	Radio Vatikan
A.L	de	Rainer Brüderle
A.L	de	Region Hannover
A.L	de	Reinhold Maier
A.L	de	Reserveoffizier
A.L	de	Reservist
A.L	de	Rita Süssmuth
A.L	de	Robert Enke
A.L	de	Ronald Pofalla
A.L	de	Rot-Grüne Koalition
A.L	de	Römisch-katholische Kirche
A.L	de	Sabine Leutheusser-Schnarrenberger
A.L	de	Sanitätsoffizier
A.L	de	Sanitätsoffizieranwärter
A.L	de	Soldat auf Zeit
A.L	de	Sonderkündigungsrecht
A.L	de	Sozialdemokratische Partei Deutschlands
A.L	de	Spiegel Online
A.L	de	Staatsexamen
A.L	de	Stabsarzt
A.L	de	Stern (Zeitschrift)
A.L	de	Studium der Medizin
A.L	de	Susanne Knorre
A.L	de	Sóc Trăng (Ort)
A.L	de	Süddeutsche Zeitung
A.L	de	Südvietnam
A.L	de	Tagesschau.de
A.L	de	Tagesspiegel
A.L	de	Theodor Heuss
A.L	de	Thomas Dehler
A.L	de	Thomas de Maizière
A.L	de	Thorax
A.L	de	Truppenarzt
A.L	de	Ulla Schmidt
A.L	de	Ursula Lehr
A.L	de	Ursula von der Leyen
A.L	de	VW Golf
A.L	de	Verband der Automobilindustrie
A.L	de	Verband forschender Arzneimittelhersteller
A.L	de	Vermögensverteilung
A.L	de	Verordnungsermächtigung
A.L	de	Versicherungspflichtgrenze
A.L	de	Vertragsarzt
A.L	de	Verwaltungsrat (Deutschland)
A.L	de	Vietnam
A.L	de	Vietnamkrieg
A.L	de	Virtual International Authority File
A.L	de	Vizekanzler (Deutschland)
A.L	de	Wahlkreis Hannover-Döhren
A.L	de	Walter Hirche
A.L	de	Walter Scheel
A.L	de	Walther Leisler Kiep
A.L	de	Welt Online
A.L	de	Werner Müller (Politiker)
A.L	de	Westfälische Nachrichten
A.L	de	Wettbewerbsbeschränkung
A.L	de	Willy Brandt
A.L	de	Windenergie
A.L	de	Wirtschaftsministerium
A.L	de	Wirtschaftswoche
A.L	de	Wolfgang Clement
A.L	de	Wolfgang Gerhardt
A.L	de	Wolfgang Schäuble
A.L	de	ZDF-Fernsehrat
A.L	de	Zeit Online
A.L	de	Zentralkomitee der deutschen Katholiken
A.L	de	Zusatzbeitrag
A.L	de	Zweitmeinungsverfahren in der Arzneimittel-Richtlinie
A.L	de	Vorlage:Cite web
A.L	de	Hilfe:Personendaten
B.L	fr	12 mai
B.L	fr	13 mai
B.L	fr	18 février
B.L	fr	18 mai
B.L	fr	1917
B.L	fr	1918
B.L	fr	1933
B.L	fr	1945
B.L	fr	1948
B.L	fr	1949
B.L	fr	1951
B.L	fr	1961
B.L	fr	1973
B.L	fr	1992
B.L	fr	1999
B.L	fr	2000
B.L	fr	2002
B.L	fr	2003
B.L	fr	2005
B.L	fr	2006
B.L	fr	2007
B.L	fr	2008
B.L	fr	2009
B.L	fr	2011
B.L	fr	2012
B.L	fr	2013
B.L	fr	21 janvier
B.L	fr	23 août
B.L	fr	24 février
B.L	fr	26 décembre
B.L	fr	27 octobre
B.L	fr	28 octobre
B.L	fr	29 décembre
B.L	fr	2 février
B.L	fr	2 novembre
B.L	fr	3 avril
B.L	fr	3 janvier
B.L	fr	4 avril
B.L	fr	4 janvier
B.L	fr	5 avril
B.L	fr	6 janvier
B.L	fr	7 janvier
B.L	fr	Abitur
B.L	fr	Albert Neuhaus
B.L	fr	Albert Speer (père)
B.L	fr	Alfred Hugenberg
B.L	fr	Allemagne
B.L	fr	Allemagne de l'Ouest
B.L	fr	Alliance 90 / Les Verts
B.L	fr	Anders Borg
B.L	fr	Andrea Fischer
B.L	fr	Angela Merkel
B.L	fr	Anke Fuchs
B.L	fr	Annette Schavan
B.L	fr	Annie Lööf
B.L	fr	Antje Huber
B.L	fr	Antonis Paschalides
B.L	fr	Août 2013
B.L	fr	Assurance maladie
B.L	fr	August Müller
B.L	fr	Avril 2011
B.L	fr	Basse-Saxe
B.L	fr	Bernd Riexinger
B.L	fr	Birutė Vėsaitė
B.L	fr	Brigitte Zypries
B.L	fr	Bundeswehr
B.L	fr	Bückeburg
B.L	fr	Cabinet Merkel I
B.L	fr	Cabinet Merkel II
B.L	fr	Cabinet Schröder II
B.L	fr	Cabinet Wulff II
B.L	fr	Cem Özdemir
B.L	fr	Chancelier fédéral (Allemagne)
B.L	fr	Chancellerie fédérale (Allemagne)
B.L	fr	Chirurgien (métier)
B.L	fr	Chris Cardona
B.L	fr	Christian Wulff
B.L	fr	Claudia Roth
B.L	fr	Coalition noire-jaune
B.L	fr	Comité central des catholiques allemands
B.L	fr	Conscription
B.L	fr	Daniel Bahr
B.L	fr	Daniels Pavļuts
B.L	fr	Der Tagesspiegel
B.L	fr	Die Linke
B.L	fr	Dirk Niebel
B.L	fr	Doctorat
B.L	fr	Dragomir Stoïnev
B.L	fr	Décembre 2012
B.L	fr	Eduard Hamm
B.L	fr	Egon Franke (homme politique)
B.L	fr	Elisabeth Schwarzhaupt
B.L	fr	Empire allemand
B.L	fr	Erich Mende
B.L	fr	Ernst Scholz
B.L	fr	Ernst Trendelenburg
B.L	fr	Euronews
B.L	fr	Fabrizio Saccomanni
B.L	fr	Flavio Zanonato
B.L	fr	Frank-Walter Steinmeier
B.L	fr	Frankfurter Allgemeine Zeitung
B.L	fr	Franz Blücher
B.L	fr	Franz Josef Jung
B.L	fr	Franz Müntefering
B.L	fr	Février 1973
B.L	fr	Février 2003
B.L	fr	Février 2009
B.L	fr	George Osborne
B.L	fr	Gerda Hasselfeldt
B.L	fr	Gouvernement fédéral (Allemagne)
B.L	fr	Groupe FDP au Bundestag
B.L	fr	Guido Westerwelle
B.L	fr	György Matolcsy
B.L	fr	Günter Rexrodt
B.L	fr	Hambourg
B.L	fr	Hanovre
B.L	fr	Hans-Christoph Seebohm
B.L	fr	Hans-Dietrich Genscher
B.L	fr	Hans-Peter Friedrich
B.L	fr	Hans Friderichs
B.L	fr	Hans Karl Freiherr von Stein zu Nord- und Ostheim
B.L	fr	Hans von Raumer
B.L	fr	Heidemarie Wieczorek-Zeul
B.L	fr	Heiner Geißler
B.L	fr	Helmut Haussmann
B.L	fr	Helmut Schmidt
B.L	fr	Henk Kamp
B.L	fr	Hermann Dietrich (DDP)
B.L	fr	Hermann Göring
B.L	fr	Hermann Otto Solms
B.L	fr	Hermann Warmbold
B.L	fr	Hjalmar Schacht
B.L	fr	Horst Seehofer
B.L	fr	Ilse Aigner
B.L	fr	Jan Vapaavuori
B.L	fr	Janusz Piechociński
B.L	fr	Janvier 2013
B.L	fr	Jeannot Krecké
B.L	fr	Jeunes libéraux (Allemagne)
B.L	fr	Johann Becker
B.L	fr	Johanna Wanka
B.L	fr	Joschka Fischer
B.L	fr	Joseph Koeth
B.L	fr	José Manuel Soria
B.L	fr	Juhan Parts
B.L	fr	Juin 2007
B.L	fr	Julius Curtius
B.L	fr	Jürgen Möllemann
B.L	fr	Karl-Theodor zu Guttenberg
B.L	fr	Karl Schiller
B.L	fr	Katharina Focke
B.L	fr	Katja Kipping
B.L	fr	Klaus Kinkel
B.L	fr	Kostís Hadjidákis
B.L	fr	Kristina Köhler
B.L	fr	Kristina Schröder
B.L	fr	Kurt Schmitt
B.L	fr	Kurt Schmücker
B.L	fr	Käte Strobel
B.L	fr	L'Express
B.L	fr	Landtag
B.L	fr	Le Monde
B.L	fr	Le Point
B.L	fr	Ludwig Erhard
B.L	fr	Luis de Guindos
B.L	fr	Mai
B.L	fr	Mai 2005
B.L	fr	Mai 2006
B.L	fr	Mai 2011
B.L	fr	Mai 2013
B.L	fr	Margrethe Vestager
B.L	fr	Martin Bangemann
B.L	fr	Martin Kuba
B.L	fr	Michael Glos
B.L	fr	Ministre fédéral avec attributions spéciales
B.L	fr	Ministère de l'Économie
B.L	fr	Ministère du Reich à l'Économie
B.L	fr	Ministère fédéral de l'Agriculture (Allemagne)
B.L	fr	Ministère fédéral de l'Environnement (Allemagne)
B.L	fr	Ministère fédéral de l'Intérieur (Allemagne)
B.L	fr	Ministère fédéral de l'Économie (Allemagne)
B.L	fr	Ministère fédéral de l'Éducation et de la Recherche (Allemagne)
B.L	fr	Ministère fédéral de la Coopération économique (Allemagne)
B.L	fr	Ministère fédéral de la Défense (Allemagne)
B.L	fr	Ministère fédéral de la Famille (Allemagne)
B.L	fr	Ministère fédéral de la Justice (Allemagne)
B.L	fr	Ministère fédéral de la Santé (Allemagne)
B.L	fr	Ministère fédéral des Finances (Allemagne)
B.L	fr	Ministère fédéral des Transports et de la Construction (Allemagne)
B.L	fr	Ministère fédéral du Travail (Allemagne)
B.L	fr	Médecine
B.L	fr	Norbert Röttgen
B.L	fr	Novembre 2009
B.L	fr	Octobre 2008
B.L	fr	Octobre 2009
B.L	fr	Office des Affaires étrangères (Allemagne)
B.L	fr	Office du Reich à l'Économie
B.L	fr	Olaf Scholz
B.L	fr	Otto Graf Lambsdorff
B.L	fr	Otto Lambsdorff
B.L	fr	Parti libéral-démocrate (Allemagne)
B.L	fr	Parti social-démocrate d'Allemagne
B.L	fr	Partis politiques allemands
B.L	fr	Paul Moldenhauer
B.L	fr	Peer Steinbrück
B.L	fr	Personnalité politique
B.L	fr	Peter Altmaier
B.L	fr	Peter Ramsauer
B.L	fr	Pierre Moscovici
B.L	fr	Politique de l'Allemagne
B.L	fr	Radimir Čačić
B.L	fr	Rainer Brüderle
B.L	fr	Reinhold Maier
B.L	fr	Reinhold Mitterlehner
B.L	fr	Remaniement ministériel
B.L	fr	Richard Bruton
B.L	fr	Rita Süssmuth
B.L	fr	Robert Schmidt
B.L	fr	Ronald Pofalla
B.L	fr	Rostock
B.L	fr	Rudolf Krohne
B.L	fr	Rudolf Schwander
B.L	fr	Rudolf Wissell
B.L	fr	Région de Hanovre
B.L	fr	République de Weimar
B.L	fr	République du Viêt Nam
B.L	fr	Sabine Laruelle
B.L	fr	Sabine Leutheusser-Schnarrenberger
B.L	fr	Santé
B.L	fr	Sigmar Gabriel
B.L	fr	Stanko Stepišnik
B.L	fr	Stuttgart
B.L	fr	Theodor Heuss
B.L	fr	Thomas Dehler
B.L	fr	Thomas de Maizière
B.L	fr	Tomáš Malatinský
B.L	fr	Troisième Reich
B.L	fr	Ulla Schmidt
B.L	fr	Union chrétienne-démocrate d'Allemagne
B.L	fr	Union chrétienne-sociale en Bavière
B.L	fr	Ursula Lehr
B.L	fr	Ursula von der Leyen
B.L	fr	Varujan Vosganian
B.L	fr	Vice-chancelier (Allemagne)
B.L	fr	Vince Cable
B.L	fr	Vincent Van Quickenborne
B.L	fr	Walter Hirche
B.L	fr	Walter Scheel
B.L	fr	Walther Funk
B.L	fr	Werner Müller
B.L	fr	Willy Brandt
B.L	fr	Wolfgang Clement
B.L	fr	Wolfgang Gerhardt
B.L	fr	Wolfgang Schäuble
B.L	fr	Wolfgang Tiefensee
B.L	fr	Álvaro Santos Pereira
B.L	fr	Élections fédérales allemandes de 2013
B.L	fr	Élections législatives régionales de 2008 en Basse-Saxe
B.L	fr	Élections législatives régionales de 2013 en Basse-Saxe
B.L	fr	Épiphanie
B.L	fr	États membres de l'Union européenne
B.L	fr	Modèle:Palette Cabinet Merkel
B.L	fr	Modèle:Palette Dirigeants de partis politiques en Allemagne
B.L	fr	Modèle:Palette Ministres de l'Économie allemands
B.L	fr	Modèle:Palette Ministres de l'Économie de l'UE
B.L	fr	Modèle:Palette Ministres de la Santé allemands
B.L	fr	Modèle:Palette Présidents du FDP
B.L	fr	Modèle:Palette Vice-chanceliers allemands
B.L	fr	Discussion modèle:Palette Cabinet Merkel
B.L	fr	Discussion modèle:Palette Dirigeants de partis politiques en Allemagne
B.L	fr	Discussion modèle:Palette Ministres de l'Économie allemands
B.L	fr	Discussion modèle:Palette Ministres de l'Économie de l'UE
B.L	fr	Discussion modèle:Palette Ministres de la Santé allemands
B.L	fr	Discussion modèle:Palette Présidents du FDP
B.L	fr	Discussion modèle:Palette Vice-chanceliers allemands
B.L	fr	Catégorie:Portail:Allemagne/Articles liés
B.L	fr	Catégorie:Portail:Politique/Articles liés
B.L	fr	Portail:Allemagne
B.L	fr	Portail:Politique
B.L	eo	12-a de majo
B.L	eo	13-a de majo
B.L	eo	1973
B.L	eo	2009
B.L	eo	2011
B.L	eo	24-an de februaro
B.L	eo	28-a de oktobro
B.L	eo	Bückeburg
B.L	eo	Freie Demokratische Partei
B.L	eo	Germana politikisto
B.L	eo	Germanoj
B.L	eo	Guido Westerwelle
B.L	eo	Hamburgo
B.L	eo	Hanovro
B.L	eo	Malsupra Saksio
B.L	eo	Medicino
B.L	eo	Ministraro dua de Angela Merkel
B.L	eo	Parlamenta baloto en Germanio 2009
B.L	eo	Politikisto
B.L	eo	Vjetnama milito
B.L	eo	Vjetnamio
B.L	eo	Vikipedio:La perfekta ĝermo de artikolo
B.L	eo	Vikipedio:Tradukoj
B.L	eo	Vikipedio:Trovi aŭ kreskigi ĝermojn
B.L	eo	Helpo:Prononcindiko
B.L	eo	Kategorio:Ĝermoj pri Germana politikisto
B.L	eo	Kategorio:Ĝermoj pri germana politikisto
B.L	eo	Kategorio:Ĝermoj pri germana politikistoj
B.L	eo	Kategorio:Ĝermoj pri germanaj politikistoj
B.L	en	Albert Neuhaus
B.L	en	Alfred Hugenberg
B.L	en	Alma mater
B.L	en	Angela Merkel
B.L	en	Annette Schavan
B.L	en	August Müller (SPD policitian)
B.L	en	Authority control
B.L	en	Bundeswehr
B.L	en	Bundeswehr Joint Medical Service
B.L	en	Bückeburg
B.L	en	CDU/CSU
B.L	en	Cabinet Merkel II
B.L	en	Central Committee of German Catholics
B.L	en	Chancellor of Germany
B.L	en	Christa Luft
B.L	en	Combat medic
B.L	en	Daniel Bahr
B.L	en	Deutsche Welle
B.L	en	Dirk Niebel
B.L	en	East Germany
B.L	en	Eduard Hamm
B.L	en	Erich Mende
B.L	en	Ernst Scholz
B.L	en	Ernst Trendelenburg
B.L	en	Federal Minister of Economics and Technology
B.L	en	Federal Ministry of Economics and Technology
B.L	en	Federal Ministry of Economics and Technology (Germany)
B.L	en	Federal Ministry of Health (Germany)
B.L	en	Franz Blücher
B.L	en	Franz Josef Jung
B.L	en	Free Democratic Party (Germany)
B.L	en	Gerhard Pohl
B.L	en	German Democratic Republic
B.L	en	German Empire
B.L	en	German government
B.L	en	Germany
B.L	en	Guido Westerwelle
B.L	en	Günter Rexrodt
B.L	en	Hamburg
B.L	en	Hannover
B.L	en	Hannover Medical School
B.L	en	Hanover
B.L	en	Hanover Medical School
B.L	en	Hans-Dietrich Genscher
B.L	en	Hans-Peter Friedrich
B.L	en	Hans Friderichs
B.L	en	Hans Karl Freiherr von Stein zu Nord- und Ostheim
B.L	en	Hans von Raumer
B.L	en	Helmut Haussmann
B.L	en	Helmut Schmidt
B.L	en	Hermann Dietrich
B.L	en	Hermann Göring
B.L	en	Hermann Warmbold
B.L	en	Hjalmar Schacht
B.L	en	Ilse Aigner
B.L	en	Incumbent
B.L	en	Integrated Authority File
B.L	en	Joachim Gauck
B.L	en	Johann Becker (politician)
B.L	en	Johanna Wanka
B.L	en	Joseph Koeth
B.L	en	Julius Curtius
B.L	en	Jörg Bode (politician)
B.L	en	Jürgen Möllemann
B.L	en	Karl-Theodor zu Guttenberg
B.L	en	Karl Schiller
B.L	en	Khanh Hung
B.L	en	Klaus Kinkel
B.L	en	Kristina Schröder
B.L	en	Kurt Schmitt
B.L	en	Kurt Schmücker
B.L	en	Landtag of Lower Saxony
B.L	en	Library of Congress Control Number
B.L	en	Lower Saxony
B.L	en	Lower Saxony state election, 2008
B.L	en	Ludwig Erhard
B.L	en	Manfred Lahnstein
B.L	en	Martin Bangemann
B.L	en	Michael Glos
B.L	en	Nazi Germany
B.L	en	Norbert Röttgen
B.L	en	Otto Graf Lambsdorff
B.L	en	Paul Moldenhauer
B.L	en	Peter Altmaier
B.L	en	Peter Ramsauer
B.L	en	Rainer Brüderle
B.L	en	Reinhold Maier
B.L	en	Robert Schmidt (politician)
B.L	en	Roman Catholic
B.L	en	Ronald Pofalla
B.L	en	Rudolf Krohne
B.L	en	Rudolf Schwander
B.L	en	Rudolf Wissell
B.L	en	Sabine Leutheusser-Schnarrenberger
B.L	en	Saigon
B.L	en	Soc Trang Province
B.L	en	South Vietnam
B.L	en	Theodor Heuss
B.L	en	Thomas Dehler
B.L	en	Thomas de Maizière
B.L	en	Ulla Schmidt
B.L	en	Ursula von der Leyen
B.L	en	Vice-Chancellor of Germany
B.L	en	Vice Chancellor of Germany
B.L	en	Vietnam
B.L	en	Virtual International Authority File
B.L	en	Walter Scheel
B.L	en	Walther Funk
B.L	en	Weimar Republic
B.L	en	Werner Müller (politician)
B.L	en	West Germany
B.L	en	Wolfgang Clement
B.L	en	Wolfgang Gerhardt
B.L	en	Wolfgang Schäuble
B.L	en	Wikipedia:Persondata
B.L	en	Template:Cabinet Merkel II
B.L	en	Template:Economy Ministers of Germany
B.L	en	Template:FDP chairs
B.L	en	Template:ISO 639 name de
B.L	en	Template talk:Cabinet Merkel II
B.L	en	Template talk:Economy Ministers of Germany
B.L	en	Template talk:FDP chairs
B.L	es	12 de mayo
B.L	es	13 de mayo
B.L	es	16 de mayo
B.L	es	1973
B.L	es	2011
B.L	es	24 de febrero
B.L	es	Alma máter
B.L	es	Angela Merkel
B.L	es	Baja Sajonia
B.L	es	Canciller
B.L	es	Católico Romano
B.L	es	Cónyuge
B.L	es	Daniel Bahr
B.L	es	Gobierno de Alemania
B.L	es	Gobierno federal de Alemania
B.L	es	Guerra de Vietnam
B.L	es	Guido Westerwelle
B.L	es	Hamburgo
B.L	es	Hannover
B.L	es	Jörg Bode
B.L	es	Médico
B.L	es	Partido Democrático Liberal
B.L	es	Partido político
B.L	es	Político
B.L	es	Presidente
B.L	es	Profesión
B.L	es	Rainer Brüderle
B.L	es	Religión
B.L	es	Saigón
B.L	es	Sóc Trăng
B.L	es	Ulla Schmidt
B.L	es	Vietnam
B.L	es	Vietnam del Sur
B.L	es	Walter Hirche
B.L	es	Wikimedia Commons
B.L	es	Wikipedia:Texto de la Licencia Creative Commons Atribución-CompartirIgual 3.0 Unported
B.L	es	Wikipedia:Texto de la Licencia de documentación libre de GNU
B.L	es	Portal:Actualidad/12 de mayo de 2011
B.L	es	Portal:Actualidad/13 de mayo de 2011
B.L	es	Portal:Actualidad/16 de mayo de 2011
B.L	es	Portal:Actualidad/18 de febrero de 2009
B.L	es	Portal:Actualidad/22 de octubre de 2009
B.L	es	Portal:Actualidad/24 de febrero de 1973
B.L	es	Portal:Actualidad/28 de octubre de 2009
B.L	ca	1973
B.L	ca	24 de febrer
B.L	ca	Alemanya
B.L	ca	Angela Merkel
B.L	ca	Baixa Saxònia
B.L	ca	FDP
B.L	ca	Polític
B.L	ca	Sóc Trăng
B.L	ca	Vietnam
B.L	cs	1973
B.L	cs	24. únor
B.L	cs	Hannover
B.L	cs	Saigon
B.L	cs	Vietnam
B.L	cs	Wikicitáty
B.L	cs	Wikimedia Commons
B.L	cs	Diskuse:Philipp Rösler
B.L	cs	Wikipedie:Pahýl
B.L	no	1973
B.L	no	2011
B.L	no	24. februar
B.L	no	Angela Merkels andre regjering
B.L	no	Annette Schavan
B.L	no	Bundeswehr
B.L	no	Daniel Bahr
B.L	no	Dirk Niebel
B.L	no	FDP
B.L	no	Franz Josef Jung
B.L	no	Freie Demokratische Partei
B.L	no	Guido Westerwelle
B.L	no	Hans-Peter Friedrich
B.L	no	Ilse Aigner
B.L	no	Johanna Wanka
B.L	no	Karl-Theodor zu Guttenberg
B.L	no	Khánh Hưng
B.L	no	Khánh Hưng (Nå er Sóc Trăng)
B.L	no	Kristina Schröder
B.L	no	Liste over Tysklands visekanslere
B.L	no	Niedersachsen
B.L	no	Norbert Röttgen
B.L	no	Peter Altmaier
B.L	no	Peter Ramsauer
B.L	no	Rainer Brüderle
B.L	no	Region Hannover
B.L	no	Ronald Pofalla
B.L	no	Sabine Leutheusser-Schnarrenberger
B.L	no	Sør-Vietnam
B.L	no	Thomas de Maizière
B.L	no	Tyskland
B.L	no	Ulla Schmidt
B.L	no	Ursula von der Leyen
B.L	no	Vietnam
B.L	no	Wikimedia Commons
B.L	no	Wolfgang Schäuble
B.L	no	Mal:Merkels andre kabinett
B.L	no	Maldiskusjon:Merkels andre kabinett
B.L	pl	12 maja
B.L	pl	13 maja
B.L	pl	18 maja
B.L	pl	1973
B.L	pl	2011
B.L	pl	24 lutego
B.L	pl	Angela Merkel
B.L	pl	Annette Schavan
B.L	pl	Biblioteka Kongresu Stanów Zjednoczonych
B.L	pl	Bundeswehr
B.L	pl	Daniel Bahr
B.L	pl	Dirk Niebel
B.L	pl	Dolna Saksonia
B.L	pl	Drugi rząd Angeli Merkel
B.L	pl	Franz Josef Jung
B.L	pl	Gemeinsame Normdatei
B.L	pl	Guido Westerwelle
B.L	pl	Hamburg
B.L	pl	Hanower
B.L	pl	Hans-Peter Friedrich
B.L	pl	Ilse Aigner
B.L	pl	Johanna Wanka
B.L	pl	Język niemiecki
B.L	pl	Karl-Theodor zu Guttenberg
B.L	pl	Kontrola autorytatywna
B.L	pl	Kristina Schröder
B.L	pl	Norbert Röttgen
B.L	pl	Online Computer Library Center
B.L	pl	Peter Altmaier
B.L	pl	Peter Ramsauer
B.L	pl	Rainer Brüderle
B.L	pl	Ronald Pofalla
B.L	pl	Rostock
B.L	pl	Sabine Leutheusser-Schnarrenberger
B.L	pl	Thomas de Maizière
B.L	pl	Unia Chrześcijańsko-Demokratyczna (Niemcy)
B.L	pl	Ursula von der Leyen
B.L	pl	Wietnamczycy
B.L	pl	Wolfgang Schäuble
B.L	pl	Wolna Partia Demokratyczna
B.L	pl	Szablon:Drugi rząd Angeli Merkel
B.L	pl	Dyskusja szablonu:Drugi rząd Angeli Merkel
B.L	lt	1973
B.L	lt	1992
B.L	lt	1999
B.L	lt	2002
B.L	lt	2008
B.L	lt	2009
B.L	lt	Biukeburgas
B.L	lt	Bundesveras
B.L	lt	Hamburg
B.L	lt	Hanoveris
B.L	lt	Kanhoa
B.L	lt	Laisvoji demokratų partija
B.L	lt	Politika
B.L	lt	Vasario 24
B.L	lt	Vietnamas
B.L	lt	Vokietija
B.L	lt	Žemutinė Saksonija
B.L	nl	1973
B.L	nl	24 februari
B.L	nl	Duitsland
B.L	nl	Freie Demokratische Partei
B.L	nl	Nedersaksen
B.L	nl	Politicus
B.L	nl	Sóc Trăng (stad)
B.L	nl	Vicekanselier (Duitsland)
B.L	nl	Wikimedia Commons
B.L	nl	Zuid-Vietnam
B.L	nl	Wikipedia:Beginnetje
B.L	nl	Portaal:Politiek
B.L	la	12 Maii
B.L	la	18 Februarii
B.L	la	18 Maii
B.L	la	1973
B.L	la	1992
B.L	la	2000
B.L	la	2002
B.L	la	2003
B.L	la	2004
B.L	la	2006
B.L	la	2008
B.L	la	2009
B.L	la	2011
B.L	la	24 Februarii
B.L	la	24 Octobris
B.L	la	28 Octobris
B.L	la	Administer Foederalis Oeconomiae
B.L	la	Administer Foederalis Salutis Publicae
B.L	la	Administratio Merkel 2
B.L	la	Anca Fuchs
B.L	la	Andrea Fischer
B.L	la	Angela Merkel
B.L	la	Annetta Schavan
B.L	la	Anscharius Hergt
B.L	la	Antje Huber
B.L	la	Arthurus Comes de Posadowsky-Wehner
B.L	la	Badenia-Virtembergia
B.L	la	Bernhardus Dernburg
B.L	la	Buceburgium
B.L	la	CDU
B.L	la	Carolus Helfferich
B.L	la	Carolus Henricus de von Boetticher
B.L	la	Carolus Jarres
B.L	la	Carolus Schiller
B.L	la	Carolus Theodorus zu Guttenberg
B.L	la	Catharina Focke
B.L	la	Catharina Strobel
B.L	la	Christianus Wulff
B.L	la	Christina Schröder
B.L	la	Clemens de Delbrück
B.L	la	Curtius Schmücker
B.L	la	Daniel Bahr
B.L	la	Egon Franke
B.L	la	Elizabeth Schwarzhaupt
B.L	la	Ericus Koch-Weser
B.L	la	Ericus Mende
B.L	la	Eugenius Schiffer
B.L	la	Factio Democratica Liberalis Germaniae
B.L	la	Franciscus Blücher
B.L	la	Franciscus Josephus Jung
B.L	la	Franciscus Müntefering
B.L	la	Franciscus de Papen
B.L	la	Francus Gualterus Steinmeier
B.L	la	Fridericus de Payer
B.L	la	Georgius Möllemann
B.L	la	Gerda Hasselfeldt
B.L	la	Gualphangus Clement
B.L	la	Gualterus Scheel
B.L	la	Guido Westerwelle
B.L	la	Gulielmus Brandt
B.L	la	Gunterus Rexrodt
B.L	la	Gustavus Bauer
B.L	la	Hamburgum
B.L	la	Hannovera
B.L	la	Helimutus Haussmann
B.L	la	Helimutus Schmidt
B.L	la	Henricus Geißler
B.L	la	Hermannus Dietrich
B.L	la	Horatius Seehofer
B.L	la	Ilse Aigner
B.L	la	Ioanna Wanka
B.L	la	Ioannes-Christopherus Seebohm
B.L	la	Ioannes-Petrus Friedrich
B.L	la	Ioannes-Theodericus Genscher
B.L	la	Ioannes Friderichs
B.L	la	Iosephus Fischer
B.L	la	Ludovicus Erhard
B.L	la	Manfredus Lahnstein
B.L	la	Martinus Bangemann
B.L	la	Matthias Erzberger
B.L	la	Michael Glos
B.L	la	Nicolaus Kinkel
B.L	la	Norbertus Röttgen
B.L	la	Otto Comes Lambsdorff
B.L	la	Otto Comes ad Stolberg-Wernigerode
B.L	la	Petrus Altmaier
B.L	la	Petrus Ramsauer
B.L	la	Rainer Brüderle
B.L	la	Reinholdus Maier
B.L	la	Rhenania-Palatinatus
B.L	la	Rita Süssmuth
B.L	la	Robertus Schmidt
B.L	la	Ronaldus Pofalla
B.L	la	Rudolphus Heinze
B.L	la	Sabina Leutheusser-Schnarrenberger
B.L	la	Saxonia Inferior
B.L	la	Theobaldus de Bethmann Hollweg
B.L	la	Theodericus Niebel
B.L	la	Theodorus Heuss
B.L	la	Thomas Dehler
B.L	la	Thomas de Maizière
B.L	la	Ulla Schmidt
B.L	la	Ursula Lehr
B.L	la	Ursula de Leyen
B.L	la	Vietnamia
B.L	la	Volfgangus Schäuble
B.L	la	Werner Müller
B.L	la	Wolfgangus Gerhardt
B.L	it	1973
B.L	it	1992
B.L	it	2000
B.L	it	2001
B.L	it	2002
B.L	it	2003
B.L	it	2004
B.L	it	2005
B.L	it	2006
B.L	it	2007
B.L	it	2008
B.L	it	2009
B.L	it	2011
B.L	it	24 febbraio
B.L	it	Amburgo
B.L	it	Angela Merkel
B.L	it	Bassa Sassonia
B.L	it	Bückeburg
B.L	it	Cattolico
B.L	it	Daniel Bahr
B.L	it	Dottorato
B.L	it	Esame di maturità
B.L	it	FDP
B.L	it	Germania
B.L	it	Governo Merkel II
B.L	it	Guido Westerwelle
B.L	it	Hannover
B.L	it	Hannover-Döhren
B.L	it	Khanh Hoa
B.L	it	Laurea
B.L	it	Library of Congress Control Number
B.L	it	Medicina
B.L	it	Partito Liberale Democratico (Germania)
B.L	it	Politico
B.L	it	Primo ministro
B.L	it	Rainer Brüderle
B.L	it	Sanità
B.L	it	Stati federali della Germania
B.L	it	Ulla Schmidt
B.L	it	Vietnam
B.L	it	Virtual International Authority File
B.L	it	Walter Hirche
B.L	it	Aiuto:Controllo di autorità
B.L	it	Categoria:Nati a Khanh Hoa
B.L	it	Categoria:Nati ad Khanh Hoa
B.L	it	Categoria:Nati il 24 febbraio
B.L	it	Categoria:Nati nel 1973
B.L	it	Categoria:Politici tedeschi
B.L	it	Categoria:Politici tedeschi del XXI secolo
B.L	ja	1973年
B.L	ja	2009年
B.L	ja	2月24日
B.L	ja	アビトゥーア
B.L	ja	アンゲラ・メルケル
B.L	ja	ウラ・シュミット
B.L	ja	エーリッヒ・メンデ
B.L	ja	オットー・グラーフ・ラムスドルフ
B.L	ja	カトリック
B.L	ja	ギド・ヴェスターヴェレ
B.L	ja	クラウス・キンケル
B.L	ja	クリスティアン・ヴルフ
B.L	ja	クリスティナ・ケーラー
B.L	ja	ダニエル・バール
B.L	ja	テオドール・ホイス
B.L	ja	トーマス・デーラー
B.L	ja	ドイツ
B.L	ja	ドイツキリスト教民主同盟
B.L	ja	ドイツ人
B.L	ja	ドイツ連邦議会
B.L	ja	ドイツ連邦軍
B.L	ja	ニーダーザクセン州
B.L	ja	ハノーファー
B.L	ja	ハンス・ディートリッヒ・ゲンシャー
B.L	ja	ハンブルク
B.L	ja	パイロット
B.L	ja	ビュッケブルク
B.L	ja	フランツ・ブリュッヒャー
B.L	ja	ベトナム
B.L	ja	ベトナム戦争
B.L	ja	マルティン・バンゲマン
B.L	ja	メコンデルタ
B.L	ja	ライナー・ブリューデルレ
B.L	ja	ラインホルト・マイヤー
B.L	ja	ヴァルター・シェール
B.L	ja	ヴォルフガング・ゲルハルト
B.L	ja	医学
B.L	ja	医師
B.L	ja	孤児院
B.L	ja	将校
B.L	ja	戦死
B.L	ja	政治家
B.L	ja	第2次メルケル内閣
B.L	ja	自由民主党 (ドイツ)
B.L	ja	西ドイツ
B.L	ja	軍医
B.L	ja	離婚
B.L	ja	養子
B.L	ja	Template:ドイツ自由民主党党首
B.L	ja	Template‐ノート:ドイツ自由民主党党首
B.L	vi	1973
B.L	vi	2013
B.L	vi	24 tháng 2
B.L	vi	Angela Merkel
B.L	vi	Ba Xuyên
B.L	vi	Bückeburg
B.L	vi	Bệnh viện Các lực lượng vũ trang Liên Bang
B.L	vi	Bộ trưởng Bộ Y tế Đức
B.L	vi	Bộ trưởng Y tế Liên bang Đức
B.L	vi	Bộ trưởng kinh tế và công nghệ liên bang (Đức)
B.L	vi	Châu Âu
B.L	vi	Chủ tịch đảng
B.L	vi	Công giáo
B.L	vi	Daniel Bahr
B.L	vi	Deutsche Welle
B.L	vi	Diễn đàn Kinh tế thế giới
B.L	vi	Döhrener
B.L	vi	Guido Westerwelle
B.L	vi	Hamburg
B.L	vi	Hannover
B.L	vi	Jörg Bode (politician)
B.L	vi	Khánh Hưng
B.L	vi	Lutherschule
B.L	vi	Người Đức
B.L	vi	Niedersachsen
B.L	vi	Phó Thủ tướng Đức
B.L	vi	Rainer Brüderle
B.L	vi	Sóc Trăng
B.L	vi	Tiến sĩ
B.L	vi	Ulla Schmidt
B.L	vi	Việt Nam
B.L	vi	Việt kiều
B.L	vi	Walter Hirche
B.L	vi	Y học
B.L	vi	Đại học Y khoa Hannover
B.L	vi	Đại hội Ủy ban Trung ương Công giáo Đức
B.L	vi	Đảng Dân chủ Tự Do (Đức)
B.L	vi	Đảng Dân chủ Tự do (Đức)
B.L	vi	Đức
B.L	uk	12 травня
B.L	uk	13 травня
B.L	uk	16 травня
B.L	uk	1973
B.L	uk	1975
B.L	uk	1992
B.L	uk	2000
B.L	uk	2001
B.L	uk	2002
B.L	uk	2003
B.L	uk	2004
B.L	uk	2005
B.L	uk	2006
B.L	uk	2007
B.L	uk	2008
B.L	uk	2009
B.L	uk	2011
B.L	uk	24 лютого
B.L	uk	FDP
B.L	uk	Адміністративний поділ Німеччини
B.L	uk	Ангела Меркель
B.L	uk	Бундесвер
B.L	uk	Бюкебург
B.L	uk	В'єтнам
B.L	uk	В'єтнамська війна
B.L	uk	В'єтнамська мова
B.L	uk	В'єтнамці
B.L	uk	Вільна демократична партія
B.L	uk	Гамбург
B.L	uk	Ганновер
B.L	uk	Гановерська медична школа
B.L	uk	Нижня Саксонія
B.L	uk	Німецька мова
B.L	uk	Німецька хвиля
B.L	uk	Німеччина
B.L	uk	Південний В'єтнам
B.L	uk	Район Ганновер
B.L	uk	Рейнер Брюдерле
B.L	uk	Римо-католик
B.L	uk	Римо-католики
B.L	uk	Римо-католицька церква
B.L	uk	Сайгон
B.L	uk	Україна Молода
B.L	uk	Улла Шмідт
B.L	uk	Ханг Хюнґ
B.L	uk	Центральний комітет німецьких католиків
B.L	uk	Ґідо Вестервелле
B.L	uk	Шаблон:Назва країни DEU
B.L	uk	Шаблон:Назва країни VIE
B.L	tr	Güney Vietnam
B.L	tr	Hannover
B.L	tr	Hür Demokrat Parti
B.L	tr	Katolik Hristiyan
B.L	tr	Vietnam
B.L	th	กำพร้า
B.L	th	กุยโด เวสเตอร์เวลล์
B.L	th	จอร์ค โบเดอ
B.L	th	จังหวัดช็อกตราง
B.L	th	ชีวประวัติ
B.L	th	ประเทศเวียดนามใต้
B.L	th	ภาษาเยอรมัน
B.L	th	รองนายกรัฐมนตรีเยอรมนี
B.L	th	รัฐมนตรีว่าการกระทรวงสาธารณสุข (เยอรมนี)
B.L	th	รัฐมนตรีว่าการกระทรวงเศรษฐกิจและเทคโนโลยี (เยอรมนี)
B.L	th	รัฐโลว์เออร์แซกโซนี
B.L	th	อังเงลา แมร์เคิล
B.L	th	อุลลา ชมิท
B.L	th	ฮันโนเวอร์
B.L	th	ฮัมบูร์ก
B.L	th	เยอรมนี
B.L	th	เยอรมัน
B.L	th	เรนแนร์ บรุนเดอร์เลอ
B.L	th	เวียดนาม
B.L	th	แดเนียล บาห์ร
B.L	th	แพทยศาสตร์บัณฑิต
B.L	th	แพทย์
B.L	th	โรมันคาทอลิก
B.L	th	วิกิพีเดีย:โครง
B.L	sv	1973
B.L	sv	24 februari
B.L	sv	Angela Merkel
B.L	sv	Annette Schavan
B.L	sv	Daniel Bahr
B.L	sv	Dirk Niebel
B.L	sv	Franz Josef Jung
B.L	sv	Freie Demokratische Partei
B.L	sv	Guido Westerwelle
B.L	sv	Hans-Peter Friedrich
B.L	sv	Ilse Aigner
B.L	sv	Johanna Wanka
B.L	sv	Karl-Theodor zu Guttenberg
B.L	sv	Kristina Schröder
B.L	sv	Ministerpresident
B.L	sv	Niedersachsen
B.L	sv	Norbert Röttgen
B.L	sv	Peter Altmaier
B.L	sv	Peter Ramsauer
B.L	sv	Politik i Tyskland
B.L	sv	Politiker
B.L	sv	Rainer Brüderle
B.L	sv	Regeringen Merkel II
B.L	sv	Ronald Pofalla
B.L	sv	Sabine Leutheusser-Schnarrenberger
B.L	sv	Soc Trang (provins)
B.L	sv	Sóc Trăng
B.L	sv	Thomas de Maizière
B.L	sv	Tysk
B.L	sv	Tysklands förbundsregering
B.L	sv	Ursula von der Leyen
B.L	sv	Vietnam
B.L	sv	Wolfgang Schäuble
B.L	sv	Wikipedia:Stubbar
B.L	sv	Mall:Regeringen Merkel II
B.L	sv	Malldiskussion:Regeringen Merkel II
B.L	ru	12 мая
B.L	ru	13 мая
B.L	ru	16 мая
B.L	ru	1973
B.L	ru	1973 год
B.L	ru	2009
B.L	ru	2009 год
B.L	ru	2011
B.L	ru	24 февраля
B.L	ru	28 октября
B.L	ru	Ангела Меркель
B.L	ru	Армия
B.L	ru	Брюдерле, Райнер
B.L	ru	Бюккебург
B.L	ru	Вестервелле, Гидо
B.L	ru	Викисклад
B.L	ru	Военный врач
B.L	ru	Вьеткьеу
B.L	ru	Вьетнам
B.L	ru	Гамбург
B.L	ru	Ганновер
B.L	ru	Германия
B.L	ru	Кардиохирургия
B.L	ru	Кристиан Вульф
B.L	ru	Немецкий язык
B.L	ru	Нижняя Саксония
B.L	ru	Римско-католическая церковь
B.L	ru	Рёслер
B.L	ru	СвДП
B.L	ru	Свободная демократическая партия (Германия)
B.L	ru	Список вице-канцлеров Германии
B.L	ru	Торакальная хирургия
B.L	ru	Федеральный канцлер Германии
B.L	ru	Шокчанг (провинция)
B.L	ru	Южный Вьетнам
B.L	ru	Википедия:Заготовка статьи
B.L	ru	Шаблон:Ref-фотография и биографическая справка
B.L	ru	Шаблон:Ref-фотография и биография
B.L	ro	1973
B.L	ro	24 februarie
B.L	ro	Angela Merkel
B.L	ro	CDU
B.L	ro	Germania
B.L	ro	Guido Westerwelle
B.L	ro	Landurile Germaniei
B.L	ro	Partidul Liber Democrat (Germania)
B.L	ro	Saxonia Inferioară
B.L	ro	Sóc Trăng
B.L	ro	Sóc Trăng (provincie)
B.L	ro	Vietnam
B.L	ro	Wikimedia Commons
B.L	pt	1973
B.L	pt	24 de fevereiro
B.L	pt	Alemanha
B.L	pt	Aliança 90/Os Verdes
B.L	pt	Annette Schavan
B.L	pt	Baixa Saxónia
B.L	pt	Daniel Bahr
B.L	pt	Dirk Niebel
B.L	pt	Guido Westerwelle
B.L	pt	Hans-Peter Friedrich
B.L	pt	Ilse Aigner
B.L	pt	Kristina Schröder
B.L	pt	Língua alemã
B.L	pt	Médico
B.L	pt	Norbert Röttgen
B.L	pt	Parlamento Europeu
B.L	pt	Partido Democrático Liberal
B.L	pt	Peter Ramsauer
B.L	pt	Político
B.L	pt	Ronald Pofalla
B.L	pt	Sabine Leutheusser-Schnarrenberger
B.L	pt	Sóc Trăng
B.L	pt	Thomas de Maizière
B.L	pt	Ursula von der Leyen
B.L	pt	Vietname
B.L	pt	Wolfgang Schäuble
B.L	pt	Predefinição:Atuais ministros da Alemanha
B.L	zh	1973年
B.L	zh	下萨克森州
B.L	zh	下萨克森州经济、劳动和运输部
B.L	zh	下薩克森州
B.L	zh	下薩克森青年自由團
B.L	zh	丹尼尔·巴哈尔
B.L	zh	乌拉·施密特
B.L	zh	健康保險
B.L	zh	克麗斯婷娜•施洛德
B.L	zh	基多·威斯特威勒
B.L	zh	安格拉·默克爾
B.L	zh	德国
B.L	zh	德国联邦副总理
B.L	zh	德国联邦经济和科技部
B.L	zh	德国自由民主党
B.L	zh	德國天主教中央委員會
B.L	zh	德國聯邦空軍
B.L	zh	德國聯邦衛生部
B.L	zh	德意志国家图书馆
B.L	zh	德语
B.L	zh	朔庄市
B.L	zh	朔莊省
B.L	zh	比克堡
B.L	zh	汉诺威
B.L	zh	汉诺威医学院
B.L	zh	海诺·布鲁德雷
B.L	zh	漢堡
B.L	zh	漢諾威
B.L	zh	漢諾威醫學院
B.L	zh	眼
B.L	zh	约克·博德
B.L	zh	维基共享资源
B.L	zh	羅馬公教會
B.L	zh	蓄臻省
B.L	zh	西德
B.L	zh	越南
B.L	zh	越南共和国
B.L	zh	越南戰爭
B.L	zh	路德學校
B.L	zh	雙胞胎
B.L	zh	韦斯特韦勒
B.L	zh	默克尔
CN	de	Philipp_Rösler
IWL	fr	Philipp Rösler
IWL	eo	Philipp Rösler
IWL	en	Philipp Rösler
IWL	es	Philipp Rösler
IWL	ca	Philipp Rösler
IWL	cs	Philipp Rösler
IWL	no	Philipp Rösler
IWL	pl	Philipp Rösler
IWL	lt	Philipp Rösler
IWL	nl	Philipp Rösler
IWL	la	Philippus Rösler
IWL	it	Philipp Rösler
IWL	ja	フィリップ・レスラー
IWL	vi	Philipp Rösler
IWL	uk	Філіпп Реслер
IWL	tr	Philipp Rösler
IWL	th	ฟีลิพพ์ เริสเลอร์
IWL	sv	Philipp Rösler
IWL	ru	Рёслер, Филипп
IWL	ro	Philipp Rösler
IWL	pt	Philipp Rösler
IWL	zh	菲利普·罗斯勒
