A.L	de	Ableger (Wirtschaft)
A.L	de	Adidas
A.L	de	Airbag
A.L	de	Aktiengesellschaft (Deutschland)
A.L	de	Allianz SE
A.L	de	Altana
A.L	de	Andreas von Zitzewitz
A.L	de	Antiblockiersystem
A.L	de	Antriebsstrang
A.L	de	Apple
A.L	de	Arbeitsgemeinschaft Unabhängiger Betriebsangehöriger
A.L	de	Asien
A.L	de	Aufsichtsratsvorsitzender
A.L	de	Automobil
A.L	de	BASF
A.L	de	BMW
A.L	de	Babcock Borsig
A.L	de	Bayer AG
A.L	de	Bayerische Hypotheken- und Wechsel-Bank
A.L	de	Bayerische Vereinsbank
A.L	de	Beiersdorf AG
A.L	de	Bernd Venohr
A.L	de	BlackRock
A.L	de	Börsengang
A.L	de	Campeon
A.L	de	Capital Research and Management
A.L	de	Chipkarte
A.L	de	Commerzbank
A.L	de	Continental AG
A.L	de	DAX
A.L	de	Daimler AG
A.L	de	Dell
A.L	de	Deutsche Bank
A.L	de	Deutsche Börse
A.L	de	Deutsche Post AG
A.L	de	Deutsche Telekom
A.L	de	Deutschland
A.L	de	Dodge & Cox
A.L	de	Dow Jones Sustainability Index
A.L	de	Dresdner Bank
A.L	de	Dynamic Random Access Memory
A.L	de	E.ON
A.L	de	EU-Kommission
A.L	de	Elektrische Energie
A.L	de	Elpida Memory
A.L	de	Epcos
A.L	de	Erlös
A.L	de	Euro
A.L	de	EuroPacific Growth Fund
A.L	de	Evonik Degussa
A.L	de	Fahrdynamikregelung
A.L	de	Feldmühle (Unternehmen)
A.L	de	Florian Langenscheidt
A.L	de	Frankfurter Allgemeine Zeitung
A.L	de	Frankfurter Wertpapierbörse
A.L	de	Freescale Semiconductor
A.L	de	Fresenius (Unternehmen)
A.L	de	Fresenius Medical Care
A.L	de	Geschäftsjahr
A.L	de	Globalfoundries
A.L	de	Gründung (Recht)
A.L	de	Halbleiter
A.L	de	Halbleiterbauelement
A.L	de	Hannover Rück
A.L	de	Harald Eggers (Manager)
A.L	de	HeidelbergCement
A.L	de	Henkel (Unternehmen)
A.L	de	Hitachi Zosen
A.L	de	Hoechst
A.L	de	Hynix
A.L	de	Hypo Real Estate
A.L	de	IBM
A.L	de	IG Metall
A.L	de	Illegale Preisabsprache
A.L	de	Insolvenzverfahren
A.L	de	International Securities Identification Number
A.L	de	Japan
A.L	de	Johannes Feldmayer
A.L	de	Justizministerium (Vereinigte Staaten)
A.L	de	K+S
A.L	de	Kalifornien
A.L	de	Karstadt
A.L	de	Klagenfurt am Wörthersee
A.L	de	Kofferwort
A.L	de	Komfortelektronik
A.L	de	Landkreis München
A.L	de	Lantiq
A.L	de	Lanxess
A.L	de	Leistungshalbleiter
A.L	de	Leuchtdiode
A.L	de	Linde AG
A.L	de	Lufthansa
A.L	de	MAN
A.L	de	MLP AG
A.L	de	Mannesmann
A.L	de	Merck KGaA
A.L	de	Metro AG
A.L	de	Micron Technology
A.L	de	Mikrocontroller
A.L	de	Milliarde
A.L	de	Milpitas
A.L	de	Mitarbeiter
A.L	de	Mitsubishi
A.L	de	Munich Re
A.L	de	NEC Corporation
A.L	de	Nanya
A.L	de	Neubiberg
A.L	de	New York Stock Exchange
A.L	de	Nixdorf Computer
A.L	de	Occupational Health and Safety Assessment Series
A.L	de	Pay-TV
A.L	de	Pazifischer Ozean
A.L	de	Personalausweis (Deutschland)
A.L	de	Postbank
A.L	de	Preussag
A.L	de	Produkt (Wirtschaft)
A.L	de	Qimonda
A.L	de	R&D
A.L	de	RWE
A.L	de	Rechtsform
A.L	de	SAP
A.L	de	SIM-Karte
A.L	de	Salzgitter AG
A.L	de	Samsung
A.L	de	Sensoren
A.L	de	Siemens
A.L	de	Siemens AG
A.L	de	Singapur
A.L	de	Sitz (juristische Person)
A.L	de	Südkorea
A.L	de	TUI
A.L	de	ThyssenKrupp
A.L	de	Tokio
A.L	de	Toshiba
A.L	de	Trusted Computing
A.L	de	Udo Schneider
A.L	de	Unaxis
A.L	de	United Microelectronics Corporation
A.L	de	Unternehmensführung
A.L	de	VEBA
A.L	de	VIAG
A.L	de	Ver.di
A.L	de	Vereinigte Staaten
A.L	de	Volatilität
A.L	de	Volkswagen AG
A.L	de	Vorstandsvorsitzender
A.L	de	Website
A.L	de	Wolfgang Mayrhuber
B.L	fi	1999
B.L	fi	Adidas
B.L	fi	Allianz
B.L	fi	BASF
B.L	fi	BMW
B.L	fi	Bayer
B.L	fi	Beiersdorf
B.L	fi	Commerzbank
B.L	fi	DAX-indeksi
B.L	fi	Daimler
B.L	fi	Deutsche Bank
B.L	fi	Deutsche Börse
B.L	fi	Deutsche Post
B.L	fi	Deutsche Telekom
B.L	fi	Dram
B.L	fi	E.ON
B.L	fi	Euro
B.L	fi	Fresenius
B.L	fi	Fresenius Medical Care
B.L	fi	Hannover Re
B.L	fi	Henkel
B.L	fi	K+S
B.L	fi	Liikevaihto
B.L	fi	Linde
B.L	fi	Lufthansa
B.L	fi	MAN (yritys)
B.L	fi	METRO AG
B.L	fi	Merck KGaA
B.L	fi	Mikropiiri
B.L	fi	Muistipiiri
B.L	fi	Munich Re
B.L	fi	Neubiberg
B.L	fi	Puolijohde
B.L	fi	Puolijohdeteollisuus
B.L	fi	Qimonda
B.L	fi	RWE
B.L	fi	SAP (yritys)
B.L	fi	Saksa
B.L	fi	Salzgitter (yritys)
B.L	fi	Siemens
B.L	fi	Siemens AG
B.L	fi	ThyssenKrupp
B.L	fi	Toimiala
B.L	fi	Toimitusjohtaja
B.L	fi	Volkswagen
B.L	fi	Yhtiömuoto
B.L	fi	Yritys
B.L	fi	Wikipedia:Tynkä
B.L	fi	Luokka:Yritystyngät
B.L	fr	1999
B.L	fr	1er avril
B.L	fr	2000
B.L	fr	2005
B.L	fr	2010
B.L	fr	30 août
B.L	fr	Adidas
B.L	fr	Advanced Micro Devices
B.L	fr	Aktiengesellschaft
B.L	fr	Allemagne
B.L	fr	Allianz
B.L	fr	Analog Devices
B.L	fr	Août 2010
B.L	fr	Atmel
B.L	fr	Avril 1999
B.L	fr	BASF
B.L	fr	Bayer (entreprise)
B.L	fr	Bayerische Motoren Werke
B.L	fr	Beiersdorf
B.L	fr	Broadcom
B.L	fr	Chef d'entreprise
B.L	fr	Chiffre d'affaires
B.L	fr	Circuit intégré
B.L	fr	Commerzbank
B.L	fr	Comneon
B.L	fr	Continental AG
B.L	fr	DAX
B.L	fr	DRAM
B.L	fr	Daimler (entreprise)
B.L	fr	Deutsche Bank
B.L	fr	Deutsche Börse
B.L	fr	Deutsche Post
B.L	fr	Deutsche Telekom
B.L	fr	E.ON
B.L	fr	Elpida Memory
B.L	fr	Freescale Semiconductor
B.L	fr	Fresenius
B.L	fr	Fresenius Medical Care
B.L	fr	Fujitsu
B.L	fr	HeidelbergCement
B.L	fr	Henkel
B.L	fr	Hynix
B.L	fr	Infineon Raceway
B.L	fr	Intel
B.L	fr	K+S
B.L	fr	Klaus Wucherer
B.L	fr	Lanxess
B.L	fr	Linde AG
B.L	fr	Liste des 20 premiers fabricants de semiconducteurs au fil des ans
B.L	fr	Liste des principaux fabricants de semi-conducteurs au fil des ans
B.L	fr	Lufthansa
B.L	fr	Marvell Technology Group
B.L	fr	MediaTek
B.L	fr	Merck KGaA
B.L	fr	Microcontrôleur
B.L	fr	Micron Technology
B.L	fr	Munich Re
B.L	fr	Mémoire (informatique)
B.L	fr	NXP Semiconductors
B.L	fr	Neubiberg
B.L	fr	Nichia
B.L	fr	Nvidia
B.L	fr	ON Semiconductor
B.L	fr	Panasonic Corporation
B.L	fr	Peter Bauer
B.L	fr	Philips
B.L	fr	Qimonda
B.L	fr	Qualcomm
B.L	fr	RWE
B.L	fr	Renesas Electronics Corporation
B.L	fr	Rohm
B.L	fr	SAP (entreprise)
B.L	fr	STMicroelectronics
B.L	fr	Samsung Electronics
B.L	fr	Secteur d'activité
B.L	fr	Semi-conducteur
B.L	fr	Siemens (entreprise)
B.L	fr	Site web
B.L	fr	Siège social
B.L	fr	Slogan publicitaire
B.L	fr	Société sœur
B.L	fr	Sony
B.L	fr	Spin-off (entreprise)
B.L	fr	Texas Instruments
B.L	fr	ThyssenKrupp
B.L	fr	Toshiba
B.L	fr	Télécommunications
B.L	fr	Volkswagen (entreprise)
B.L	fr	Discussion:Infineon Technologies/À faire
B.L	fr	Wikipédia:Notoriété des entreprises, sociétés et produits
B.L	fr	Modèle:Infobox Société
B.L	fr	Modèle:Palette DAX
B.L	fr	Modèle:Palette Société Semi-conducteur
B.L	fr	Modèle:Ébauche/paramètres entreprise allemande
B.L	fr	Discussion modèle:Palette DAX
B.L	fr	Discussion modèle:Palette Société Semi-conducteur
B.L	fr	Aide:Comment modifier une page
B.L	fr	Aide:Ébauche
B.L	fr	Catégorie:Entreprise par date de fondation
B.L	fr	Catégorie:Portail:Allemagne/Articles liés
B.L	fr	Catégorie:Portail:Entreprises/Articles liés
B.L	fr	Portail:Allemagne
B.L	fr	Portail:Entreprises
B.L	fa	آتوس
B.L	fa	آدیداس
B.L	fa	آلمان
B.L	fa	آلکاتل-لوسنت
B.L	fa	آلیانتس
B.L	fa	آمازون.کام
B.L	fa	آمریکا موویل
B.L	fa	آویا
B.L	fa	آی‌ای‌سی
B.L	fa	آی‌بی‌ام
B.L	fa	ئی‌بی
B.L	fa	ا.آن
B.L	fa	ادوبی
B.L	fa	ار وه ئه
B.L	fa	ارتباطات همراه سونی
B.L	fa	اریکسون
B.L	fa	اس آ پ
B.L	fa	اسپرینت نکستل
B.L	fa	اس‌ام‌آی‌سی
B.L	fa	اس‌ای‌آی‌سی
B.L	fa	اس‌تی‌میکروالکترونیکز
B.L	fa	اس‌کی تلکام
B.L	fa	الپیدا مموری
B.L	fa	الکترونیک قدرت
B.L	fa	ال‌جی الکترونیکس
B.L	fa	ام‌تی‌اس
B.L	fa	ان‌ایکس‌پی
B.L	fa	ان‌ای‌سی
B.L	fa	ان‌ای‌سی کاسیو
B.L	fa	ان‌تی‌تی دوکومو
B.L	fa	ان‌تی‌تی دیتا
B.L	fa	ان‌سی‌آر
B.L	fa	ان‌ویدیا
B.L	fa	اوراکل
B.L	fa	اورنج
B.L	fa	اوپتوس
B.L	fa	اپل (شرکت)
B.L	fa	اچ‌تی‌سی
B.L	fa	اچ‌سی‌ال
B.L	fa	اچ‌پی
B.L	fa	اکسنچر
B.L	fa	ایستمن کداک
B.L	fa	ایسر
B.L	fa	اینتل
B.L	fa	اینتویت
B.L	fa	ایندرا(شرکت)
B.L	fa	اینفوسیس
B.L	fa	ای‌ام‌دی
B.L	fa	ای‌ام‌سی
B.L	fa	ای‌تی اند تی
B.L	fa	ای‌سوز
B.L	fa	ب آ اس اف
B.L	fa	ب ام و
B.L	fa	بازار بورس نیویورک
B.L	fa	بایدو
B.L	fa	بایر (شرکت)
B.L	fa	بایرسدورف
B.L	fa	برودکام
B.L	fa	بل کانادا
B.L	fa	بلک‌بری (شرکت)
B.L	fa	بهارتی ایرتل
B.L	fa	بوزآلن هامیلتون
B.L	fa	بی‌تی(شرکت)
B.L	fa	بی‌تی گروپ
B.L	fa	تاورجاز
B.L	fa	تراشه
B.L	fa	تلفونیکا
B.L	fa	تله‌نور
B.L	fa	تلکام ایتالیا
B.L	fa	تلیاسونرا
B.L	fa	تنسنت هولدینگز
B.L	fa	توشیبا
B.L	fa	تگزاس اینسترومنتس
B.L	fa	تی-موبایل
B.L	fa	تیسن‌کروپ
B.L	fa	تی‌اس‌ام‌سی
B.L	fa	تی‌سیستمز
B.L	fa	تی‌سی‌اس
B.L	fa	تی‌پی‌وی تکنولوژی
B.L	fa	جهان
B.L	fa	جونیپر
B.L	fa	دایملر آ گ
B.L	fa	دل (شرکت)
B.L	fa	دویچه بانک
B.L	fa	دویچه بورزه
B.L	fa	دویچه تلکوم
B.L	fa	دویچه پست
B.L	fa	دیلویت
B.L	fa	راجرز
B.L	fa	راکوتن
B.L	fa	رنساس
B.L	fa	ریزکنترل‌گر
B.L	fa	ریکو
B.L	fa	زبان آلمانی
B.L	fa	زدتی‌ای
B.L	fa	زیراکس (شرکت)
B.L	fa	زیمنس
B.L	fa	سافت‌بانک
B.L	fa	سامسونگ الکترونیکس
B.L	fa	سانیمینا-اس‌سی‌آی
B.L	fa	سعودی تلکام
B.L	fa	سلستیکا
B.L	fa	سنچری‌لینک
B.L	fa	سوئیس‌کام
B.L	fa	سونی
B.L	fa	سیسکو سیستمز
B.L	fa	سیمنتک
B.L	fa	سینگ‌تل
B.L	fa	سیکو اپسون
B.L	fa	سیگیت
B.L	fa	سی‌اس‌سی
B.L	fa	سی‌ای
B.L	fa	سی‌جی‌آی گروپ
B.L	fa	شارپ
B.L	fa	شرکت
B.L	fa	شرکت متحده میکروالکترونیک
B.L	fa	فاکس‌کان
B.L	fa	فرانس تلکوم
B.L	fa	فرزنیوس
B.L	fa	فرزنیوس مدیکال کر
B.L	fa	فری‌اسکیل
B.L	fa	فلکسترونیکز
B.L	fa	فناوری اطلاعات
B.L	fa	فهرست بزرگترین شرکت‌های فناوری اطلاعات
B.L	fa	فوجیتسو
B.L	fa	فیس‌بوک
B.L	fa	لاجیکا
B.L	fa	لانکسس
B.L	fa	لنوو
B.L	fa	لوفت‌هانزا
B.L	fa	لگزمارک
B.L	fa	لینده
B.L	fa	مارول
B.L	fa	مایکروسافت
B.L	fa	مخابرات
B.L	fa	مدیاتک
B.L	fa	مرک
B.L	fa	موتورولا سولوشنز
B.L	fa	موتورولا موبیلیتی
B.L	fa	مک‌آفی (شرکت)
B.L	fa	میتسوبیشی الکتریک
B.L	fa	میونیک ره
B.L	fa	میکرون تکنولوژی
B.L	fa	نت‌اپ
B.L	fa	نت‌ایز
B.L	fa	نورتروپ گرومن
B.L	fa	نوکیا
B.L	fa	نوکیا زیمنس نتورکز
B.L	fa	نیم‌رسانا
B.L	fa	نیپون تلگراف اند تلفن
B.L	fa	هایدلبرگ‌سمنت
B.L	fa	هاینیکس
B.L	fa	هنکل
B.L	fa	هواوی
B.L	fa	هوتچیسن
B.L	fa	هیتاچی
B.L	fa	ورایزون
B.L	fa	وسترن دیجیتال
B.L	fa	وودافون
B.L	fa	ویا تکنولوژی
B.L	fa	ویسترون
B.L	fa	ویوندی
B.L	fa	ویپرو
B.L	fa	وی‌ام‌ویر
B.L	fa	پاناسونیک
B.L	fa	چاینا تلکام
B.L	fa	چاینا موبایل
B.L	fa	چاینا یونی‌کام
B.L	fa	ژابیل
B.L	fa	کا+اس
B.L	fa	کاتی
B.L	fa	کادی‌دی‌آی
B.L	fa	کارمند
B.L	fa	کامکست
B.L	fa	کانن (شرکت)
B.L	fa	کوالکام
B.L	fa	کوانت کامپیوتر
B.L	fa	کومرتس‌بانک
B.L	fa	کومپال الکترونیک
B.L	fa	کونتیننتال آ گ
B.L	fa	کونیکا منتولا
B.L	fa	کوگنیزانت
B.L	fa	کیوسرا
B.L	fa	کی‌پی‌ان
B.L	fa	گترونیکس
B.L	fa	گروه فولکس‌واگن
B.L	fa	گروپون
B.L	fa	گلوبال فوندریز
B.L	fa	گوگل
B.L	fa	یاندکس
B.L	fa	یاهو!
B.L	fa	یورو
B.L	fa	یونی‌سیس
B.L	fa	۱۹۹۹ (میلادی)
B.L	fa	الگو:شرکت‌های دکس
B.L	fa	الگو:شرکت‌های مهم فناوری اطلاعات
B.L	fa	بحث الگو:شرکت‌های دکس
B.L	fa	بحث الگو:شرکت‌های مهم فناوری اطلاعات
B.L	en	2008 Siemens scandal
B.L	en	360buy
B.L	en	A2SEA
B.L	en	AT&T Inc.
B.L	en	Accenture
B.L	en	Acer Inc.
B.L	en	Acuson
B.L	en	Adidas
B.L	en	Adobe Systems
B.L	en	Advanced Micro Devices
B.L	en	Air conditioning
B.L	en	Airbag
B.L	en	Aktiengesellschaft
B.L	en	Alcatel-Lucent
B.L	en	Alibaba Group
B.L	en	Allianz
B.L	en	Amazon.com
B.L	en	América Móvil
B.L	en	Anti-lock braking system
B.L	en	Apple Inc.
B.L	en	Areva
B.L	en	Asset
B.L	en	Asus
B.L	en	Atos
B.L	en	Automotive
B.L	en	Avaya
B.L	en	BASF
B.L	en	BMW
B.L	en	BSH Bosch und Siemens Hausgeräte
B.L	en	BT Global Services
B.L	en	BT Group
B.L	en	Baidu
B.L	en	Bangalore
B.L	en	Bayer AG
B.L	en	Beiersdorf
B.L	en	Bell Canada
B.L	en	Bernhard Plettner
B.L	en	Bharti Airtel
B.L	en	BiiN
B.L	en	BlackBerry (company)
B.L	en	Booz Allen Hamilton
B.L	en	Broadcom
B.L	en	C. A. Parsons and Company
B.L	en	CACI
B.L	en	CA Technologies
B.L	en	CGI Group
B.L	en	Canon Inc.
B.L	en	Capgemini
B.L	en	Capital Group International
B.L	en	Carl Friedrich von Siemens
B.L	en	Carl Heinrich von Siemens
B.L	en	Carl Wilhelm Siemens
B.L	en	Cegléd
B.L	en	Celestica
B.L	en	CenturyLink
B.L	en	China Mobile
B.L	en	China Telecom
B.L	en	China Unicom
B.L	en	Cisco Systems
B.L	en	Cognizant Technology Solutions
B.L	en	Comcast
B.L	en	Commerzbank
B.L	en	Compal Electronics
B.L	en	Computer Sciences Corporation
B.L	en	Continental AG
B.L	en	DAX
B.L	en	DRAM
B.L	en	DRAM price fixing
B.L	en	Daimler AG
B.L	en	Dell
B.L	en	Deloitte
B.L	en	Dematic
B.L	en	Deutsche Bank
B.L	en	Deutsche Börse
B.L	en	Deutsche Post
B.L	en	Deutsche Telekom
B.L	en	Digital China
B.L	en	Dispolok
B.L	en	Dodge & Cox
B.L	en	Dresden
B.L	en	Dynex Semiconductor
B.L	en	E.ON
B.L	en	EBay
B.L	en	EMC Corporation
B.L	en	Earnings before interest and taxes
B.L	en	Eastman Kodak
B.L	en	Electronic stability control
B.L	en	Elektrische Viktoria
B.L	en	Epcos
B.L	en	Equity (finance)
B.L	en	Erich Reinhardt
B.L	en	Ericsson
B.L	en	Ernst von Siemens
B.L	en	Eurotrain
B.L	en	FINEX (steelmaking process)
B.L	en	Facebook
B.L	en	Fairchild Semiconductor
B.L	en	Flextronics
B.L	en	Foxconn
B.L	en	France Télécom
B.L	en	Frankfurt Stock Exchange
B.L	en	Freescale
B.L	en	Freescale Semiconductor
B.L	en	Fresenius (company)
B.L	en	Fresenius Medical Care
B.L	en	Fujitsu
B.L	en	Fujitsu Siemens Computers
B.L	en	Gaggenau Hausgeräte
B.L	en	Georg Wilhelm von Siemens
B.L	en	Gerd Tacke
B.L	en	German Shanghai Metro Group
B.L	en	Germans
B.L	en	Germany
B.L	en	Gigaset Communications
B.L	en	GlobalFoundries
B.L	en	Google
B.L	en	Groupon
B.L	en	Großsiedlung Siemensstadt
B.L	en	HCL Technologies
B.L	en	HP Enterprise Services
B.L	en	HP Software Division
B.L	en	HTC
B.L	en	HeidelbergCement
B.L	en	Heinrich von Pierer
B.L	en	Helios AG
B.L	en	Henkel
B.L	en	Hermann von Siemens
B.L	en	Hewlett-Packard
B.L	en	Hitachi Consulting
B.L	en	Hitachi Data Systems
B.L	en	Huawei
B.L	en	Hutchison Telecommunications International Limited
B.L	en	Hynix
B.L	en	IAC (company)
B.L	en	IBM
B.L	en	IBM Global Services
B.L	en	Indonesia
B.L	en	Indra Sistemas
B.L	en	Infineon
B.L	en	Infineon Technologies
B.L	en	Information technology
B.L	en	Infosys
B.L	en	Integrated circuit
B.L	en	Intel
B.L	en	International Rectifier
B.L	en	Intuit
B.L	en	Jabil Circuit
B.L	en	Jim Reid-Anderson
B.L	en	Joe Kaeser
B.L	en	Juniper Networks
B.L	en	K+S
B.L	en	KDDI
B.L	en	KPN
B.L	en	KT Corporation
B.L	en	Karlheinz Kaske
B.L	en	Klaus Kleinfeld
B.L	en	Klaus Wucherer
B.L	en	Konica Minolta
B.L	en	Krauss-Maffei
B.L	en	Kyocera
B.L	en	LG Electronics
B.L	en	Lanxess
B.L	en	Laptop
B.L	en	Lenovo
B.L	en	Lexmark
B.L	en	List of Siemens products
B.L	en	List of assets owned by Siemens
B.L	en	List of the largest information technology companies
B.L	en	List of the largest software companies
B.L	en	Lufthansa
B.L	en	MTN Group
B.L	en	MTS (network provider)
B.L	en	Marvell Technology Group
B.L	en	MediaTek
B.L	en	Merck KGaA
B.L	en	Merrill Lynch International
B.L	en	Microcontroller
B.L	en	Micron Technology
B.L	en	Microsoft
B.L	en	Milpitas
B.L	en	Mitsubishi Electric
B.L	en	Motorola Mobility
B.L	en	Motorola Solutions
B.L	en	Munich
B.L	en	Munich Re
B.L	en	NCR Corporation
B.L	en	NEC
B.L	en	NEC Casio Mobile Communications
B.L	en	NEFF
B.L	en	NHN Corporation
B.L	en	NTT Data
B.L	en	NTT DoCoMo
B.L	en	NXP Semiconductors
B.L	en	NetApp
B.L	en	NetEase
B.L	en	Net income
B.L	en	Neubiberg
B.L	en	New York Stock Exchange
B.L	en	Nikon
B.L	en	Nippon Telegraph and Telephone
B.L	en	Nokia
B.L	en	Nokia Siemens Networks
B.L	en	Nvidia
B.L	en	OTC Markets Group
B.L	en	Oi (telecommunications)
B.L	en	Olympus Corporation
B.L	en	Oracle Corporation
B.L	en	Orange Business Services
B.L	en	Osram
B.L	en	Osram Opto Semiconductors GmbH
B.L	en	Osram Sylvania
B.L	en	Panasonic
B.L	en	Personal computer
B.L	en	Peter Löscher
B.L	en	Peter von Siemens
B.L	en	Phoebus cartel
B.L	en	Pitsos
B.L	en	Power electronics
B.L	en	Powertrain
B.L	en	Proxy contest
B.L	en	Qimonda
B.L	en	Qualcomm
B.L	en	Quanta Computer
B.L	en	R&D
B.L	en	ROLM
B.L	en	RWE
B.L	en	Rakuten
B.L	en	Renesas
B.L	en	Renesas Electronics
B.L	en	Ricoh
B.L	en	Rogers Communications
B.L	en	Roke Manor Research
B.L	en	Romania
B.L	en	SAP AG
B.L	en	SIMpad
B.L	en	SK Hynix
B.L	en	SK Telecom
B.L	en	STMicroelectronics
B.L	en	Samsung
B.L	en	Samsung Electronics
B.L	en	Sanmina-SCI Corporation
B.L	en	Saudi Telecom Company
B.L	en	Seagate Technology
B.L	en	Seiko Epson
B.L	en	Semiconductor
B.L	en	Semiconductor industry
B.L	en	Semiconductor sales leaders by year
B.L	en	Semikron
B.L	en	Sensor
B.L	en	Sharp Corporation
B.L	en	Shock absorber
B.L	en	Siemens
B.L	en	Siemens-Reiniger-Werke
B.L	en	Siemens-Schuckert
B.L	en	Siemens & Halske
B.L	en	Siemens AG
B.L	en	Siemens Arena
B.L	en	Siemens Communications
B.L	en	Siemens Competition
B.L	en	Siemens Enterprise Communications
B.L	en	Siemens Financial Services
B.L	en	Siemens Foundation
B.L	en	Siemens Healthcare
B.L	en	Siemens Hearing Instruments
B.L	en	Siemens IT Solutions and Services
B.L	en	Siemens Milltronics Process Instruments
B.L	en	Siemens Mobile
B.L	en	Siemens Mobility
B.L	en	Siemens Modular Metro
B.L	en	Siemens Nixdorf Informationssysteme
B.L	en	Siemens Open
B.L	en	Siemens PLM Software
B.L	en	Siemens Pakistan
B.L	en	Siemens Plessey
B.L	en	Siemens Saudi Arabia
B.L	en	Siemens VAI
B.L	en	Siemens Wind Power
B.L	en	Siemens scandal
B.L	en	Siemensstadt
B.L	en	Simatic S5 PLC
B.L	en	SingTel
B.L	en	Singapore
B.L	en	SoftBank Mobile
B.L	en	Solel
B.L	en	Sonoma Raceway
B.L	en	Sony
B.L	en	Sony Mobile Communications
B.L	en	Sprint Nextel
B.L	en	Supervisory board
B.L	en	Swisscom
B.L	en	Symantec
B.L	en	T-Systems
B.L	en	TPV Technology
B.L	en	TSMC
B.L	en	Tata Consultancy Services
B.L	en	Telecom Italia
B.L	en	Telecommunication
B.L	en	Telefónica
B.L	en	Telenor
B.L	en	TeliaSonera
B.L	en	Templeton Global Advisors Limited
B.L	en	Tencent Holdings
B.L	en	Texas Instruments
B.L	en	The Linde Group
B.L	en	ThyssenKrupp
B.L	en	Ticker symbol
B.L	en	Toshiba
B.L	en	Types of business entity
B.L	en	Unisys
B.L	en	VDO (company)
B.L	en	VMware
B.L	en	Verizon Communications
B.L	en	Villach
B.L	en	VimpelCom Ltd.
B.L	en	Vivendi
B.L	en	Vodafone
B.L	en	Volkswagen Group
B.L	en	Warstein
B.L	en	Werner von Siemens
B.L	en	Werner von Siemens Ring
B.L	en	Western Digital
B.L	en	Wilfried Feldenkirchen
B.L	en	Wincor Nixdorf
B.L	en	Wipro
B.L	en	Wistron Corporation
B.L	en	Xerox
B.L	en	Yahoo!
B.L	en	ZTE
B.L	en	Wikipedia:Verifiability
B.L	en	Template:Citation needed
B.L	en	Template:DAX companies
B.L	en	Template:ISO 639 name de
B.L	en	Template:Major information technology companies
B.L	en	Template:Portal/Images/Companies
B.L	en	Template:Siemens
B.L	en	Template talk:DAX companies
B.L	en	Template talk:Major information technology companies
B.L	en	Template talk:Siemens
B.L	en	Help:Introduction to referencing/1
B.L	en	Category:Articles containing potentially dated statements from September 2010
B.L	en	Category:Articles needing additional references from April 2010
B.L	en	Category:Siemens
B.L	en	Category:Siemens Transportation Systems projects
B.L	en	Category:Siemens locomotives
B.L	en	Category:Siemens mobile phones
B.L	en	Category:Siemens multiple units
B.L	en	Category:Siemens software products
B.L	en	Category:Siemens tram vehicles
B.L	en	Category:Use dmy dates from May 2012
B.L	en	Portal:Companies
B.L	es	1999
B.L	es	Alemania
B.L	es	Chief Executive Officer
B.L	es	Chip
B.L	es	Electrónica de potencia
B.L	es	Fabricación de circuitos integrados
B.L	es	IBM
B.L	es	Industria
B.L	es	Memoria (informática)
B.L	es	Memoria de ordenador
B.L	es	Microcontrolador
B.L	es	Múnich
B.L	es	Reinhard Ploss
B.L	es	Rosner
B.L	es	Siemens AG
B.L	es	Sitio web
B.L	es	Sociedad anónima
B.L	es	Tarjeta inteligente
B.L	es	Telecomunicación
B.L	es	Telefonía móvil
B.L	es	UE
B.L	es	Wolfgang Ziebart
B.L	da	Adidas
B.L	da	Airbag
B.L	da	Aircondition
B.L	da	Allianz
B.L	da	Anti-lock braking system
B.L	da	Asien
B.L	da	BASF
B.L	da	BMW
B.L	da	Bangalore
B.L	da	Bayer
B.L	da	Bayern
B.L	da	Beiersdorf AG
B.L	da	Bil
B.L	da	Californien
B.L	da	Capital Group International
B.L	da	Cegléd
B.L	da	Commerzbank
B.L	da	Continental AG
B.L	da	DAX
B.L	da	DRAM
B.L	da	Daimler AG
B.L	da	Deutsche Bank
B.L	da	Deutsche Börse
B.L	da	Deutsche Post
B.L	da	Deutsche Telekom
B.L	da	Dodge & Cox
B.L	da	Dresden
B.L	da	Drivakse
B.L	da	E.ON
B.L	da	Electronic stability control
B.L	da	Frankfurter Wertpapierbörse
B.L	da	Frankrig
B.L	da	Fresenius Medical Care
B.L	da	Fresenius SE
B.L	da	Halvleder
B.L	da	HeidelbergCement
B.L	da	Henkel
B.L	da	Indonesien
B.L	da	Japan
B.L	da	K+S
B.L	da	Kina
B.L	da	Lanxess
B.L	da	Linde AG
B.L	da	Lufthansa
B.L	da	Malaysia
B.L	da	Merck KGaA
B.L	da	Merrill Lynch
B.L	da	Microcontroller
B.L	da	Milpitas
B.L	da	Munich Re
B.L	da	Neubiberg
B.L	da	New York Stock Exchange
B.L	da	Qimonda
B.L	da	RWE
B.L	da	Rumænien
B.L	da	SAP AG
B.L	da	Sensor
B.L	da	Siemens AG
B.L	da	Singapore
B.L	da	Støddæmper
B.L	da	Taiwan
B.L	da	Templeton Global Advisors Limited
B.L	da	ThyssenKrupp
B.L	da	Tokyo
B.L	da	Tyskland
B.L	da	USA
B.L	da	Ungarn
B.L	da	Villach
B.L	da	Volkswagen Aktiengesellschaft
B.L	da	Warstein
B.L	da	Østrig
B.L	no	1999
B.L	no	2006
B.L	no	Halvlederkomponenter
B.L	no	Integrert krets
B.L	no	Mikroprosessor
B.L	no	München
B.L	no	Neubiberg
B.L	no	Programvare
B.L	no	Qimonda
B.L	no	SensoNor
B.L	no	Siemens
B.L	no	Smartkort
B.L	no	Telekommunikasjon
B.L	no	Tyskland
B.L	pl	1999
B.L	pl	2000
B.L	pl	2004
B.L	pl	Adidas
B.L	pl	Allianz
B.L	pl	BASF
B.L	pl	BMW
B.L	pl	Bayer AG
B.L	pl	Beiersdorf AG
B.L	pl	Commerzbank
B.L	pl	DAX
B.L	pl	DDR SDRAM
B.L	pl	Daimler AG
B.L	pl	Deutsche Bank
B.L	pl	Deutsche Börse
B.L	pl	Deutsche Post
B.L	pl	Deutsche Telekom
B.L	pl	E.ON
B.L	pl	Elektronika
B.L	pl	Euro
B.L	pl	Fresenius
B.L	pl	Fresenius Medical Care
B.L	pl	Henkel
B.L	pl	K+S
B.L	pl	Karta pamięci
B.L	pl	Linde AG
B.L	pl	Lufthansa
B.L	pl	MAN SE
B.L	pl	Merck KGaA
B.L	pl	Metro Group
B.L	pl	Mikrokontroler
B.L	pl	Monachium
B.L	pl	Munich Re
B.L	pl	New York Stock Exchange
B.L	pl	Niemcy
B.L	pl	Pamięć komputerowa
B.L	pl	RWE (koncern)
B.L	pl	SAP AG
B.L	pl	Salzgitter AG
B.L	pl	Siemens AG
B.L	pl	Telekomunikacja
B.L	pl	ThyssenKrupp
B.L	pl	Volkswagen AG
B.L	pl	Szablon:DAX
B.L	pl	Dyskusja szablonu:DAX
B.L	nl	1999
B.L	nl	ASIC
B.L	nl	Adidas
B.L	nl	Allianz
B.L	nl	BASF (chemieconcern)
B.L	nl	BMW
B.L	nl	Bayer
B.L	nl	Beiersdorf AG
B.L	nl	Commerzbank
B.L	nl	Continental AG
B.L	nl	DAX-index
B.L	nl	Daimler (Duitsland)
B.L	nl	Deutsche Bank
B.L	nl	Deutsche Börse
B.L	nl	Deutsche Post
B.L	nl	Deutsche Telekom
B.L	nl	Dr.Wolfgang Ziebart
B.L	nl	Duitse Toekomstprijs
B.L	nl	Duitsland
B.L	nl	E.ON
B.L	nl	Effectenbeurs
B.L	nl	Fresenius
B.L	nl	Fresenius Medical Care
B.L	nl	Geïntegreerde schakeling
B.L	nl	HeidelbergCement
B.L	nl	Henkel KGaA
B.L	nl	K+S
B.L	nl	Lanxess
B.L	nl	Linde AG
B.L	nl	Lufthansa
B.L	nl	Merck KGaA
B.L	nl	Microcontroller
B.L	nl	Miljard
B.L	nl	Münchener Rück
B.L	nl	Neubiberg
B.L	nl	Omzet
B.L	nl	Power Semiconductors
B.L	nl	Qimonda
B.L	nl	R&D
B.L	nl	RWE (energie)
B.L	nl	SAP AG
B.L	nl	Sensors
B.L	nl	Siemens AG
B.L	nl	Smart phone
B.L	nl	ThyssenKrupp
B.L	nl	Volkswagen AG
B.L	nl	Winst (onderneming)
B.L	nl	Portaal:Economie
B.L	ko	1999년
B.L	ko	2002년
B.L	ko	2004년
B.L	ko	2005년
B.L	ko	2006년
B.L	ko	2007년
B.L	ko	5월 1일
B.L	ko	6월 30일
B.L	ko	8월
B.L	ko	AC-DC 컨버터
B.L	ko	BASF
B.L	ko	BMW
B.L	ko	C166
B.L	ko	CEO
B.L	ko	DAX
B.L	ko	DC-DC 컨버터
B.L	ko	E.ON
B.L	ko	EBIT
B.L	ko	HTA (학교)
B.L	ko	ISDN
B.L	ko	K+S
B.L	ko	LSI 사
B.L	ko	MAN SE
B.L	ko	Marvell Technology Group
B.L	ko	NXP 세미컨덕터
B.L	ko	RWE
B.L	ko	SAP AG
B.L	ko	ST마이크로일렉트로닉스
B.L	ko	TPMS
B.L	ko	VDSL
B.L	ko	VoIP
B.L	ko	고객 댁내 장치
B.L	ko	고대 그리스어
B.L	ko	고등학교
B.L	ko	공학 박사
B.L	ko	광역통신
B.L	ko	년도별 반도체 기업 순위
B.L	ko	뉴욕 증권거래소
B.L	ko	다용도
B.L	ko	다이오드
B.L	ko	다임러 AG
B.L	ko	도이체 방크
B.L	ko	도이체 뵈르제
B.L	ko	도이체 텔레콤
B.L	ko	도이체 포스트
B.L	ko	도지와 콕스 인터내셔널
B.L	ko	도쿄
B.L	ko	독일
B.L	ko	독일 주가지수
B.L	ko	독일어
B.L	ko	디램
B.L	ko	디램 가격 담합
B.L	ko	라틴어
B.L	ko	로봇공학
B.L	ko	루마니아
B.L	ko	루프트한자
B.L	ko	르네사스 테크놀로지
B.L	ko	리치먼드 (버지니아 주)
B.L	ko	린데 AG
B.L	ko	마이크로컨트롤러
B.L	ko	마이크로프로세서
B.L	ko	마이크론 테크놀로지
B.L	ko	말레이시아
B.L	ko	메르크
B.L	ko	메모리
B.L	ko	메트로 AG
B.L	ko	무선 주파수
B.L	ko	뮌헨
B.L	ko	뮤닉 리
B.L	ko	미국
B.L	ko	미국 달러
B.L	ko	밀티타스 (캘리포니아 주)
B.L	ko	바이어스도르프
B.L	ko	바이엘 (기업)
B.L	ko	반도체
B.L	ko	베이스밴드
B.L	ko	벵갈루루
B.L	ko	부쿠레슈티
B.L	ko	브란데스 인배스트먼트 파트너
B.L	ko	브로드컴
B.L	ko	사이리스터
B.L	ko	산업
B.L	ko	삼성전자
B.L	ko	센서
B.L	ko	센소너
B.L	ko	스마트 카드
B.L	ko	싱가포르
B.L	ko	아디다스
B.L	ko	아이폰
B.L	ko	알리안츠
B.L	ko	어기어 시스템
B.L	ko	어기어 시스템스
B.L	ko	연구개발
B.L	ko	오스트리아
B.L	ko	울프갱 지바트
B.L	ko	워스틴
B.L	ko	유럽
B.L	ko	유로
B.L	ko	이더넷
B.L	ko	인도
B.L	ko	인터내셔널 렉터파이어
B.L	ko	일본
B.L	ko	자동차
B.L	ko	전력 집적회로
B.L	ko	절연 게이트 양극성 트랜지스터
B.L	ko	제너널 캐피탈 그룹
B.L	ko	제어
B.L	ko	주식 기호
B.L	ko	중국
B.L	ko	중화민국
B.L	ko	지멘스 AG
B.L	ko	집적회로
B.L	ko	체글레드
B.L	ko	캐피탈 그룹 인터내셔널
B.L	ko	컴퓨터 메모리
B.L	ko	코메르츠방크
B.L	ko	쿨모스
B.L	ko	쿨셋
B.L	ko	키몬다
B.L	ko	텍사스 인스트루먼트
B.L	ko	통신
B.L	ko	트라이 코어
B.L	ko	티센크루프
B.L	ko	페어차일드 세미컨덕터
B.L	ko	폭스바겐 AG
B.L	ko	프랑스
B.L	ko	프랑크푸르트 증권거래소
B.L	ko	프레제니우스 (기업)
B.L	ko	프레제니우스 메디컬 케어
B.L	ko	프리스케일 세미컨덕터
B.L	ko	필락스
B.L	ko	하이닉스
B.L	ko	하이델베르그시멘트
B.L	ko	헝가리
B.L	ko	헨켈
B.L	ko	환태평양
B.L	ko	회계 년도
B.L	ko	휴대전화
B.L	ko	휴대폰
B.L	ko	위키백과:출처 밝히기
B.L	ko	틀:DAX
B.L	ko	틀토론:DAX
B.L	id	1999
B.L	id	AT&T
B.L	id	Accenture
B.L	id	Acer Inc.
B.L	id	Adidas
B.L	id	Adobe Systems
B.L	id	Advanced Micro Devices
B.L	id	Alcatel-Lucent
B.L	id	Allianz
B.L	id	Amazon.com
B.L	id	América Móvil
B.L	id	Apple Inc.
B.L	id	Asus
B.L	id	Atos
B.L	id	Avaya
B.L	id	BASF
B.L	id	BMW
B.L	id	BT Global Services
B.L	id	BT Group
B.L	id	Baidu
B.L	id	Bayer AG
B.L	id	Beiersdorf
B.L	id	Bell Canada
B.L	id	Bharti Airtel
B.L	id	Booz Allen Hamilton
B.L	id	Broadcom
B.L	id	Bursa Saham Frankfurt
B.L	id	Bursa Saham New York
B.L	id	Bursa saham New York
B.L	id	CACI
B.L	id	CA Technologies
B.L	id	CGI Group
B.L	id	California
B.L	id	Canon (perusahaan)
B.L	id	Capgemini
B.L	id	Celestica
B.L	id	CenturyLink
B.L	id	China Mobile
B.L	id	China Telecom
B.L	id	China Unicom
B.L	id	Cisco Systems
B.L	id	Cognizant Technology Solutions
B.L	id	Comcast
B.L	id	Commerzbank
B.L	id	Compal Electronics
B.L	id	Computer Sciences Corporation
B.L	id	Continental AG
B.L	id	DAX
B.L	id	DRAM
B.L	id	Daftar perusahaan perangkat lunak besar
B.L	id	Daftar perusahaan teknologi besar
B.L	id	Daimler AG
B.L	id	Dana kelolaan
B.L	id	Datang Telecom
B.L	id	Dell
B.L	id	Deloitte
B.L	id	Deutsche Bank
B.L	id	Deutsche Börse
B.L	id	Deutsche Post
B.L	id	Deutsche Telekom
B.L	id	Dr.Wolfgang Ziebart
B.L	id	E.ON
B.L	id	EBay
B.L	id	EMC Corporation
B.L	id	Eastman Kodak
B.L	id	Ekuitas (keuangan)
B.L	id	Ericsson
B.L	id	Euro
B.L	id	Flextronics
B.L	id	Foxconn
B.L	id	France Télécom
B.L	id	Freescale Semiconductor
B.L	id	Fresenius (perusahaan)
B.L	id	Fresenius Medical Care
B.L	id	Fujitsu
B.L	id	GlobalFoundries
B.L	id	Google
B.L	id	HCL Technologies
B.L	id	HP Enterprise Services
B.L	id	HP Software Division
B.L	id	HTC
B.L	id	HeidelbergCement
B.L	id	Henkel
B.L	id	Hewlett-Packard
B.L	id	Hitachi Consulting
B.L	id	Hitachi Data Systems
B.L	id	Huawei
B.L	id	Hutchison Telecommunications International Limited
B.L	id	IAC (perusahaan)
B.L	id	IBM
B.L	id	Indra Sistemas
B.L	id	Infosys
B.L	id	Intel
B.L	id	Intuit
B.L	id	Jabil Circuit
B.L	id	Jenis entitas bisnis
B.L	id	Jepang
B.L	id	Jerman
B.L	id	Juniper Networks
B.L	id	K+S
B.L	id	KDDI
B.L	id	KPN
B.L	id	KT Corporation
B.L	id	Kartu pintar
B.L	id	Konica Minolta
B.L	id	Kyocera
B.L	id	LG Electronics
B.L	id	Laba bersih
B.L	id	Laba kotor
B.L	id	Lanxess
B.L	id	Lenovo
B.L	id	Lexmark
B.L	id	Lufthansa
B.L	id	MTS (penyedia jaringan)
B.L	id	Marvell Technology Group
B.L	id	MediaTek
B.L	id	Memori
B.L	id	Memori flash
B.L	id	Memori komputer
B.L	id	Merck KGaA
B.L	id	Microcontrollers
B.L	id	Micron Technology
B.L	id	Microsoft
B.L	id	Mitsubishi Electric
B.L	id	Motorola Mobility
B.L	id	Motorola Solutions
B.L	id	Munich Re
B.L	id	München
B.L	id	NCR Corporation
B.L	id	NEC
B.L	id	NEC Casio Mobile Communications
B.L	id	NHN Corporation
B.L	id	NTT Data
B.L	id	NTT DoCoMo
B.L	id	NXP Semiconductors
B.L	id	NetApp
B.L	id	NetEase
B.L	id	Nippon Telegraph and Telephone
B.L	id	Nokia
B.L	id	Nokia Siemens Networks
B.L	id	Nvidia
B.L	id	Oracle Corporation
B.L	id	Orange Business Services
B.L	id	Panasonic
B.L	id	Peringkat penjualan semikonduktor menurut tahun
B.L	id	Perusahaan
B.L	id	Perusahaan publik
B.L	id	Qualcomm
B.L	id	Quanta Computer
B.L	id	RWE
B.L	id	Rakuten
B.L	id	Renesas Electronics
B.L	id	Research In Motion
B.L	id	Ricoh
B.L	id	Riset dan pengembangan
B.L	id	Rogers Communications
B.L	id	SAP AG
B.L	id	SK Hynix
B.L	id	SK Telecom
B.L	id	STMicroelectronics
B.L	id	Samsung Electronics
B.L	id	San Jose
B.L	id	Sanmina-SCI Corporation
B.L	id	Seagate Technology
B.L	id	Seiko Epson
B.L	id	Semikonduktor
B.L	id	Sharp Corporation
B.L	id	Siemens
B.L	id	SingTel
B.L	id	Singapura
B.L	id	Sirkuit terpadu
B.L	id	SoftBank Mobile
B.L	id	Sony
B.L	id	Sony Mobile Communications
B.L	id	Sprint Nextel
B.L	id	Swisscom
B.L	id	Symantec
B.L	id	T-Systems
B.L	id	TPV Technology
B.L	id	TSMC
B.L	id	Tahun fiskal
B.L	id	Tata Consultancy Services
B.L	id	Teknologi informasi
B.L	id	Telecom Italia
B.L	id	Telefónica
B.L	id	Telekomunikasi
B.L	id	Telenor
B.L	id	TeliaSonera
B.L	id	Tencent Holdings
B.L	id	Texas Instruments
B.L	id	The Linde Group
B.L	id	ThyssenKrupp
B.L	id	Tokyo
B.L	id	Toshiba
B.L	id	TriCore
B.L	id	Unisys
B.L	id	VIA Technologies
B.L	id	VMware
B.L	id	Verizon Communications
B.L	id	VimpelCom Ltd.
B.L	id	Vivendi
B.L	id	Vodafone
B.L	id	Volkswagen Group
B.L	id	Western Digital
B.L	id	Wipro
B.L	id	Wistron Corporation
B.L	id	Xerox
B.L	id	Yahoo!
B.L	id	Yandex
B.L	id	ZTE
B.L	id	Templat:Perusahaan DAX
B.L	id	Templat:Perusahaan teknologi informasi besar
B.L	id	Pembicaraan Templat:Perusahaan DAX
B.L	id	Pembicaraan Templat:Perusahaan teknologi informasi besar
B.L	it	1999
B.L	it	1 maggio
B.L	it	2005
B.L	it	2006
B.L	it	3 settembre
B.L	it	Adidas
B.L	it	Allianz
B.L	it	Aprile
B.L	it	BASF
B.L	it	BMW
B.L	it	Bayer
B.L	it	Beiersdorf (azienda)
B.L	it	Blue chip
B.L	it	Borsa di Francoforte
B.L	it	Borsa valori
B.L	it	Commerzbank
B.L	it	DAX 30
B.L	it	Daimler (azienda)
B.L	it	Deutsche Bank
B.L	it	Deutsche Börse
B.L	it	Deutsche Post
B.L	it	Deutsche Telekom
B.L	it	E.ON
B.L	it	Fresenius
B.L	it	Fresenius Medical Care
B.L	it	Gruppo Volkswagen
B.L	it	Heidelberg Cement
B.L	it	Henkel
B.L	it	Indice azionario
B.L	it	K+S
B.L	it	Linde AG
B.L	it	Lufthansa
B.L	it	MAN SE
B.L	it	Merck KGaA
B.L	it	Metro (azienda)
B.L	it	Munich Re
B.L	it	Qimonda
B.L	it	RWE (azienda)
B.L	it	SAP (azienda)
B.L	it	Siemens (azienda)
B.L	it	Siemens AG
B.L	it	ThyssenKrupp
B.L	it	File:Stub .png
B.L	it	File:Stub aziende tedesche.png
B.L	it	Template:Aziende DAX 30
B.L	it	Discussioni template:Aziende DAX 30
B.L	it	Aiuto:Abbozzo
B.L	it	Aiuto:Manuale di stile
B.L	it	Categoria:Stub - aziende tedesche
B.L	it	Progetto:Aziende tedesche
B.L	ja	1980年
B.L	ja	1996年
B.L	ja	1999年
B.L	ja	2000年
B.L	ja	2005年
B.L	ja	2006年
B.L	ja	2009年
B.L	ja	2月1日
B.L	ja	3月13日
B.L	ja	4月1日
B.L	ja	5月1日
B.L	ja	BASF
B.L	ja	BMW
B.L	ja	E.ON
B.L	ja	ICカード
B.L	ja	K+S
B.L	ja	RWE
B.L	ja	SAP (企業)
B.L	ja	アクティーエンゲゼルシャフト
B.L	ja	アディダス
B.L	ja	アメリカ合衆国
B.L	ja	アリアンツ
B.L	ja	インフィニオン・レースウェイ
B.L	ja	カリフォルニア州
B.L	ja	キマンダ
B.L	ja	コメルツ銀行
B.L	ja	コングロマリット
B.L	ja	コンチネンタル (自動車部品製造業)
B.L	ja	サンノゼ
B.L	ja	シンガポール
B.L	ja	シーメンス
B.L	ja	ダイムラー (自動車メーカー)
B.L	ja	ティッセンクルップ
B.L	ja	ドイツ
B.L	ja	ドイツテレコム
B.L	ja	ドイツポスト
B.L	ja	ドイツ・ポストバンク
B.L	ja	ドイツ株価指数
B.L	ja	ドイツ証券取引所
B.L	ja	ドイツ銀行
B.L	ja	ニューヨーク証券取引所
B.L	ja	ハイポ・リアル・エステート
B.L	ja	バイエル (企業)
B.L	ja	フォルクスワーゲングループ
B.L	ja	フランクフルト証券取引所
B.L	ja	フレゼニウス
B.L	ja	ヘンケル
B.L	ja	マン (企業)
B.L	ja	ミュンヘン
B.L	ja	ミュンヘン再保険
B.L	ja	メトロ (小売業)
B.L	ja	メルク (ドイツ)
B.L	ja	モットー
B.L	ja	ユーロ
B.L	ja	リンデ
B.L	ja	ルフトハンザドイツ航空
B.L	ja	会社
B.L	ja	半導体メモリ
B.L	ja	半導体素子
B.L	ja	名古屋
B.L	ja	品川区
B.L	ja	大崎 (品川区)
B.L	ja	大阪
B.L	ja	富士電機ホールディングス
B.L	ja	東京
B.L	ja	東京都
B.L	ja	株式会社
B.L	ja	業種
B.L	ja	自動車
B.L	ja	英語
B.L	ja	集積回路
B.L	ja	Wikipedia:リダイレクト
B.L	ja	Template:DAX
B.L	ja	Template:基礎情報 会社
B.L	ja	Template‐ノート:DAX
B.L	sv	1999
B.L	sv	Adidas
B.L	sv	Allianz
B.L	sv	BASF
B.L	sv	BMW
B.L	sv	Bayer AG
B.L	sv	Beiersdorf AG
B.L	sv	Commerzbank
B.L	sv	Daimler AG
B.L	sv	Deutsche Bank
B.L	sv	Deutsche Börse
B.L	sv	Deutsche Post
B.L	sv	Deutsche Telekom
B.L	sv	Deutscher Aktienindex
B.L	sv	E.ON
B.L	sv	Fresenius
B.L	sv	Fresenius Medical Care
B.L	sv	Företag
B.L	sv	Hannover Re
B.L	sv	Henkel
B.L	sv	K+S
B.L	sv	Linde AG
B.L	sv	Lufthansa
B.L	sv	MAN AG
B.L	sv	Merck KGaA
B.L	sv	Metro AG
B.L	sv	Munich Re
B.L	sv	München
B.L	sv	RWE
B.L	sv	SAP AG
B.L	sv	Siemens AG
B.L	sv	ThyssenKrupp
B.L	sv	Tyskland
B.L	sv	Volkswagen AG
B.L	sv	Wikipedia:Stubbar
B.L	sv	Mall:DAX
B.L	sv	Malldiskussion:DAX
B.L	ru	1-Wire
B.L	ru	1999 год
B.L	ru	1 апреля
B.L	ru	1 мая
B.L	ru	2006
B.L	ru	2009
B.L	ru	2009 год
B.L	ru	683XX
B.L	ru	68HC08
B.L	ru	68HC11
B.L	ru	68HC12
B.L	ru	68HC16
B.L	ru	ARM (архитектура)
B.L	ru	AVR
B.L	ru	AVR32
B.L	ru	AVR Studio
B.L	ru	Advanced Micro Devices
B.L	ru	Altera
B.L	ru	Am29000
B.L	ru	Analog Devices
B.L	ru	Applied Materials
B.L	ru	Areva NP
B.L	ru	Atmel
B.L	ru	BSH Bosch und Siemens Hausgeräte GmbH
B.L	ru	BeRTOS
B.L	ru	Broadcom
B.L	ru	C2 (программирование)
B.L	ru	COP8
B.L	ru	ChibiOS/RT
B.L	ru	Contiki
B.L	ru	Continental Automotive GmbH
B.L	ru	Controller Area Network
B.L	ru	Cypress Semiconductor
B.L	ru	DRAM
B.L	ru	Dematic
B.L	ru	ECos
B.L	ru	EEPROM
B.L	ru	Ethernet
B.L	ru	FreeRTOS
B.L	ru	Freescale Semiconductor
B.L	ru	Fujitsu
B.L	ru	Fujitsu Technology Solutions
B.L	ru	Gigaset Communications GmbH
B.L	ru	H8
B.L	ru	Holtek
B.L	ru	Hynix
B.L	ru	Infineon Technologies AG
B.L	ru	Intel
B.L	ru	Intel 8048
B.L	ru	Intel 8051
B.L	ru	I²C
B.L	ru	JTAG
B.L	ru	KLA-Tencor
B.L	ru	LatticeMico32
B.L	ru	Linear Technology
B.L	ru	M32R
B.L	ru	MAXQ
B.L	ru	MCS-296
B.L	ru	MCS-96
B.L	ru	MCStudio
B.L	ru	MIPS (архитектура)
B.L	ru	MPC5xx
B.L	ru	MPLAB
B.L	ru	MSP430
B.L	ru	Marvell Technology Group
B.L	ru	Maxim Integrated Products
B.L	ru	MicroC/OS-II
B.L	ru	Microchip Technology
B.L	ru	Micron Technology
B.L	ru	NXP Semiconductors
B.L	ru	National Semiconductor
B.L	ru	Nios
B.L	ru	Nios II
B.L	ru	Nokia Siemens Networks
B.L	ru	Norges Bank
B.L	ru	Novellus Systems
B.L	ru	Nucleus
B.L	ru	OSRAM GmbH
B.L	ru	PHLX Semiconductor Sector
B.L	ru	PIC
B.L	ru	Parallax (компания)
B.L	ru	Parallax Propeller
B.L	ru	PowerQUICC
B.L	ru	Qimonda
B.L	ru	RC-генератор
B.L	ru	RTEMS
B.L	ru	Renesas
B.L	ru	SICAM
B.L	ru	SIMATIC
B.L	ru	SRAM (память)
B.L	ru	STMicroelectronics
B.L	ru	Serial Peripheral Interface
B.L	ru	Siemens (товарный знак)
B.L	ru	Siemens AG
B.L	ru	Siemens Automation & Drives
B.L	ru	Siemens Energy
B.L	ru	Siemens Enterprise Communications
B.L	ru	Siemens Healthcare
B.L	ru	Siemens Industrial Solutions & Services
B.L	ru	Siemens Industry
B.L	ru	Siemens Transportation Systems
B.L	ru	Siemens Velaro
B.L	ru	Silabs
B.L	ru	SuperH
B.L	ru	TSMC
B.L	ru	Teradyne
B.L	ru	Texas Instruments
B.L	ru	Toshiba
B.L	ru	USB
B.L	ru	Ubicom
B.L	ru	Unison Operating System
B.L	ru	Voith Siemens Hydro Power Generation
B.L	ru	Wincor Nixdorf AG
B.L	ru	Xilinx
B.L	ru	Z8
B.L	ru	Zilog
B.L	ru	ΜClinux
B.L	ru	Аналого-цифровой преобразователь
B.L	ru	Ангела Меркель
B.L	ru	Ассемблер
B.L	ru	Бренд
B.L	ru	Вальтер Шоттки
B.L	ru	Выручка
B.L	ru	Габор, Деннис
B.L	ru	Германия
B.L	ru	Герц, Густав Людвиг
B.L	ru	Датчик температуры
B.L	ru	Дмитрий Медведев
B.L	ru	Домицлафф, Ганс
B.L	ru	Евро
B.L	ru	ЖК-дисплей
B.L	ru	Интеграл (компания)
B.L	ru	Иоганн Гальске
B.L	ru	Карл Вильгельм Сименс
B.L	ru	Кварцевый генератор
B.L	ru	Кварцевый резонатор
B.L	ru	Кляйнфельд, Клаус
B.L	ru	Компаратор
B.L	ru	Листинг (экономика)
B.L	ru	Лифт
B.L	ru	Лёшер, Петер
B.L	ru	Лёшер Петер
B.L	ru	Микроконтроллер
B.L	ru	Миландр
B.L	ru	Миллиард
B.L	ru	Мюнхен
B.L	ru	Нойбиберг
B.L	ru	Нью-Йоркская фондовая биржа
B.L	ru	Операционная прибыль
B.L	ru	Операционная система реального времени
B.L	ru	Пирер, Хайнрих фон
B.L	ru	Полупроводники
B.L	ru	Прерывание
B.L	ru	Программатор
B.L	ru	Процессор
B.L	ru	Публичная компания
B.L	ru	Регистр процессора
B.L	ru	Сайт
B.L	ru	Сименс, Вернер фон
B.L	ru	Сторожевой таймер
B.L	ru	Счётчик (электроника)
B.L	ru	Таймер (информатика)
B.L	ru	Типы корпусов процессоров
B.L	ru	Трамвай
B.L	ru	Троллейбус
B.L	ru	Универсальный асинхронный приёмопередатчик
B.L	ru	Филадельфийская фондовая биржа
B.L	ru	Флеш-память
B.L	ru	Франкфуртская фондовая биржа
B.L	ru	Цифро-аналоговый преобразователь
B.L	ru	Чистая прибыль
B.L	ru	Широтно-импульсная модуляция
B.L	ru	Эрнст Август Руска
B.L	ru	Юридическое лицо
B.L	ru	Шаблон:Ref-de
B.L	ru	Шаблон:Ref-en
B.L	ru	Шаблон:Siemens
B.L	ru	Шаблон:Микроконтроллеры
B.L	ro	2005
B.L	ro	București
B.L	ro	Companie
B.L	ro	Corporație
B.L	ro	Frankfurt Stock Exchange
B.L	ro	Germania
B.L	ro	IT
B.L	ro	România
B.L	ro	Siemens AG
B.L	ro	Wikipedia:Articolul ciot perfect
B.L	ro	Wikipedia:Găsește și repară un ciot
B.L	pt	1999
B.L	pt	3CORP Technology
B.L	pt	3Com
B.L	pt	AOL
B.L	pt	ASUS
B.L	pt	AT&T
B.L	pt	Accenture
B.L	pt	Acer (empresa)
B.L	pt	Activision Blizzard
B.L	pt	Adidas
B.L	pt	Adobe Systems
B.L	pt	Advanced Micro Devices
B.L	pt	Affiliated Computer Services
B.L	pt	Aktiengesellschaft
B.L	pt	Alcatel-Lucent
B.L	pt	Alemanha
B.L	pt	Allianz
B.L	pt	Allied Telesis
B.L	pt	Amazon
B.L	pt	América Móvil
B.L	pt	Analog Devices
B.L	pt	Apple Inc.
B.L	pt	Atos Origin
B.L	pt	Avanade
B.L	pt	Avaya
B.L	pt	BASF
B.L	pt	BMW
B.L	pt	BT Group
B.L	pt	Bayer
B.L	pt	BearingPoint
B.L	pt	Beiersdorf
B.L	pt	Bharat Sanchar Nigam Limited
B.L	pt	Bharti Airtel
B.L	pt	Booz Allen Hamilton
B.L	pt	Broadcom
B.L	pt	CGI Group
B.L	pt	CPM Braxis
B.L	pt	Cablevision
B.L	pt	Capgemini
B.L	pt	Celestica
B.L	pt	China Mobile
B.L	pt	Cisco Systems
B.L	pt	Cisão parcial
B.L	pt	Citrix
B.L	pt	Cognizant Technology Solutions
B.L	pt	Comcast
B.L	pt	Commerzbank
B.L	pt	Companhia
B.L	pt	Computer Associates
B.L	pt	Computer Sciences Corporation
B.L	pt	Compuware
B.L	pt	Conglomerado (economia)
B.L	pt	DAX-30
B.L	pt	Daimler AG
B.L	pt	Dell
B.L	pt	Deloitte
B.L	pt	Deutsche Bank
B.L	pt	Deutsche Börse
B.L	pt	Deutsche Post
B.L	pt	Deutsche Telekom
B.L	pt	E.ON
B.L	pt	EBay
B.L	pt	EDS
B.L	pt	EMC Corporation
B.L	pt	EarthLink
B.L	pt	Elcoteq
B.L	pt	Electronic Arts
B.L	pt	Elpida Memory
B.L	pt	Empresa
B.L	pt	Empresas ponto com
B.L	pt	Ericsson
B.L	pt	Fairchild Semiconductor
B.L	pt	First Data
B.L	pt	Flextronics
B.L	pt	Foundry Networks
B.L	pt	Foxconn
B.L	pt	France Télécom
B.L	pt	Freescale Semiconductor
B.L	pt	Fresenius
B.L	pt	Fresenius Medical Care
B.L	pt	Fujitsu
B.L	pt	Fujitsu Siemens Computers
B.L	pt	GMS Consulting
B.L	pt	General Electric
B.L	pt	Getronics
B.L	pt	Google
B.L	pt	Grupo Volkswagen
B.L	pt	HCL Technologies
B.L	pt	Hardware
B.L	pt	HeidelbergCement
B.L	pt	Henkel
B.L	pt	Hewlett-Packard
B.L	pt	High Tech Computer Corporation
B.L	pt	Hindustan Computers Limited
B.L	pt	Hitachi (empresa)
B.L	pt	Hitachi Global Storage Technologies
B.L	pt	Huawei
B.L	pt	Hynix
B.L	pt	I-flex Solutions
B.L	pt	IBM
B.L	pt	Indra
B.L	pt	Infosys
B.L	pt	Integração Vertical
B.L	pt	Intel Corporation
B.L	pt	Intuit
B.L	pt	Jabil Circuit
B.L	pt	Juniper Networks
B.L	pt	K+S
B.L	pt	KPN
B.L	pt	KT (telecommunication company)
B.L	pt	Keane (company)
B.L	pt	Kimball International
B.L	pt	LG Group
B.L	pt	Lenovo
B.L	pt	Linde AG
B.L	pt	Logica
B.L	pt	Lufthansa
B.L	pt	MAN SE
B.L	pt	METRO AG
B.L	pt	Matsushita
B.L	pt	Maxtor
B.L	pt	McAfee
B.L	pt	Memória
B.L	pt	Memória (computador)
B.L	pt	Merck KGaA
B.L	pt	Micron Technology
B.L	pt	Microprocessador
B.L	pt	Microsoft
B.L	pt	Motorola
B.L	pt	Munich Re
B.L	pt	NCR
B.L	pt	NEC Corporation
B.L	pt	NXP Semiconductors
B.L	pt	National Semiconductor
B.L	pt	Network Appliance
B.L	pt	Neusoft Group
B.L	pt	News Corporation
B.L	pt	Nintendo
B.L	pt	Nippon Telegraph and Telephone
B.L	pt	Nokia
B.L	pt	Nokia Siemens Networks
B.L	pt	Nortel
B.L	pt	Novell (empresa)
B.L	pt	Nvidia
B.L	pt	Optimus
B.L	pt	Oracle Corporation
B.L	pt	PA Consulting Group
B.L	pt	Palm, Inc.
B.L	pt	Pantech Curitel
B.L	pt	Perot Systems
B.L	pt	Philips
B.L	pt	Plexus Corporation
B.L	pt	Politec
B.L	pt	Portugal Telecom
B.L	pt	Qimonda
B.L	pt	Qualcomm
B.L	pt	Quanta Computer
B.L	pt	Qwest
B.L	pt	RCN Corporation
B.L	pt	RWE
B.L	pt	Red Hat
B.L	pt	Rede de computadores
B.L	pt	Rede de telefonia celular
B.L	pt	Renesas Technology
B.L	pt	Research In Motion
B.L	pt	Rogers Communications
B.L	pt	Rohm
B.L	pt	SAP AG
B.L	pt	SK Telecom
B.L	pt	SMTC Corporation
B.L	pt	STMicroelectronics
B.L	pt	Safesoft Global
B.L	pt	Samsung
B.L	pt	Samsung SDS
B.L	pt	Sanmina-SCI Corporation
B.L	pt	Sapient (company)
B.L	pt	Satyam Computer Services Ltd.
B.L	pt	Science Applications International Corporation
B.L	pt	Seagate Technology
B.L	pt	Sega
B.L	pt	Semicondutor
B.L	pt	Sharp Corporation
B.L	pt	Siemens AG
B.L	pt	Skyworks Solutions
B.L	pt	Software
B.L	pt	Solectron
B.L	pt	Sony
B.L	pt	Sony Ericsson
B.L	pt	Sprint Nextel
B.L	pt	Steria
B.L	pt	Sun Microsystems
B.L	pt	Swisscom
B.L	pt	Symantec
B.L	pt	Syntel
B.L	pt	T-Systems
B.L	pt	TOTVS
B.L	pt	TSMC
B.L	pt	Take-Two Interactive
B.L	pt	Tata Consultancy Services
B.L	pt	Tecnologia da informação
B.L	pt	Telecom Italia
B.L	pt	Telecomunicação
B.L	pt	Telefónica
B.L	pt	Telenor
B.L	pt	Telmex
B.L	pt	Telstra
B.L	pt	Texas Instruments
B.L	pt	The Walt Disney Company
B.L	pt	Thomson SA
B.L	pt	ThoughtWorks
B.L	pt	ThyssenKrupp
B.L	pt	TietoEnator
B.L	pt	Time Warner
B.L	pt	Titan Corp.
B.L	pt	Toshiba
B.L	pt	Turkcell
B.L	pt	Ubisoft
B.L	pt	Unisys
B.L	pt	UpLexis
B.L	pt	VAIO
B.L	pt	VIA Technologies
B.L	pt	Valve Corporation
B.L	pt	Verizon Communications
B.L	pt	Viacom
B.L	pt	Virgin Media
B.L	pt	Vivendi
B.L	pt	Vodafone
B.L	pt	Web service
B.L	pt	Western Digital
B.L	pt	Windows Live
B.L	pt	Wipro Technologies
B.L	pt	Yahoo!
B.L	pt	ZTE
B.L	pt	Wikipédia:Esboço
B.L	pt	Predefinição:DAX
B.L	pt	Predefinição:Gigantes de TI
B.L	zh	AT&T
B.L	zh	Adobe Systems
B.L	zh	Amazon.com
B.L	zh	América Móvil
B.L	zh	Atos
B.L	zh	BMW
B.L	zh	BT Global Services
B.L	zh	Bell Canada
B.L	zh	Booz Allen Hamilton
B.L	zh	CACI
B.L	zh	CA公司
B.L	zh	CGI Group
B.L	zh	Celestica
B.L	zh	Chief executive officer
B.L	zh	Cognizant Technology Solutions
B.L	zh	Computer Sciences Corporation
B.L	zh	DAX指数
B.L	zh	E.ON
B.L	zh	EBay
B.L	zh	EMC
B.L	zh	Euro
B.L	zh	Facebook
B.L	zh	Google
B.L	zh	Groupon
B.L	zh	HCL Technologies
B.L	zh	Hitachi Data Systems
B.L	zh	IAC
B.L	zh	IBM
B.L	zh	Indra Sistemas
B.L	zh	Infosys
B.L	zh	Intuit
B.L	zh	Jabil Circuit
B.L	zh	K+S
B.L	zh	KDDI
B.L	zh	KPN
B.L	zh	LG集团
B.L	zh	Lanxess
B.L	zh	NCR
B.L	zh	NHN
B.L	zh	NTT
B.L	zh	NTT DoCoMo
B.L	zh	Orange Business Services
B.L	zh	RWE
B.L	zh	Rakuten
B.L	zh	SAP公司
B.L	zh	SK海力士
B.L	zh	Sanmina-SCI Corporation
B.L	zh	SoftBank
B.L	zh	Sprint Nextel
B.L	zh	T-Systems
B.L	zh	TSMC
B.L	zh	Tata Consultancy Services
B.L	zh	Telenor
B.L	zh	TeliaSonera
B.L	zh	Twitter
B.L	zh	Unisys
B.L	zh	VMware
B.L	zh	Wipro
B.L	zh	三星電子
B.L	zh	上市
B.L	zh	中兴通讯
B.L	zh	中国电信
B.L	zh	中国移动
B.L	zh	中国联通
B.L	zh	亚美亚
B.L	zh	京东商城
B.L	zh	京瓷
B.L	zh	仁寶電腦
B.L	zh	伊士曼柯达公司
B.L	zh	佳能
B.L	zh	信息技术
B.L	zh	偉創力
B.L	zh	全球二十大半導體廠商
B.L	zh	公開上市
B.L	zh	内存
B.L	zh	冠捷科技
B.L	zh	凯捷
B.L	zh	利润
B.L	zh	利盟
B.L	zh	半导体
B.L	zh	华为
B.L	zh	华硕电脑
B.L	zh	博通
B.L	zh	埃森哲
B.L	zh	夏普
B.L	zh	大众集团
B.L	zh	大型计算机
B.L	zh	大陆集团
B.L	zh	奇夢達
B.L	zh	威讯
B.L	zh	子公司
B.L	zh	安联
B.L	zh	宏碁
B.L	zh	宏達國際電子
B.L	zh	富士康國際
B.L	zh	富士通
B.L	zh	尼康
B.L	zh	工业芯片
B.L	zh	巴斯夫
B.L	zh	希捷科技
B.L	zh	康卡斯特
B.L	zh	廣達電腦
B.L	zh	微软
B.L	zh	德勤
B.L	zh	德国
B.L	zh	德国商业银行
B.L	zh	德国电信
B.L	zh	德国邮政
B.L	zh	德國證券交易所
B.L	zh	德州仪器
B.L	zh	德意志银行
B.L	zh	思科系统
B.L	zh	恩智浦半导体
B.L	zh	惠普
B.L	zh	意大利电信
B.L	zh	意法半導體
B.L	zh	愛迪達
B.L	zh	慕尼黑
B.L	zh	慕尼黑再保险
B.L	zh	戴姆勒
B.L	zh	戴尔
B.L	zh	拜尔斯道夫
B.L	zh	拜耳
B.L	zh	摩托罗拉移动
B.L	zh	摩托罗拉解决方案
B.L	zh	施乐
B.L	zh	日本電信電話
B.L	zh	日本電氣
B.L	zh	日立
B.L	zh	晶圓代工
B.L	zh	智能卡
B.L	zh	最大的信息技术公司列表
B.L	zh	最大的软件公司列表
B.L	zh	服务器
B.L	zh	東芝
B.L	zh	松下電器
B.L	zh	林德
B.L	zh	格羅方德
B.L	zh	汉莎航空
B.L	zh	汉高公司
B.L	zh	汽车
B.L	zh	沃达丰
B.L	zh	法兰克福证券交易所
B.L	zh	法國電信
B.L	zh	海尔
B.L	zh	海德堡水泥
B.L	zh	營業額
B.L	zh	爱立信
B.L	zh	理光
B.L	zh	瑞薩電子
B.L	zh	產業
B.L	zh	甲骨文公司
B.L	zh	电子数据系统公司
B.L	zh	百度
B.L	zh	瞻博網路
B.L	zh	神州数码
B.L	zh	稅前盈餘
B.L	zh	精工爱普生
B.L	zh	索尼
B.L	zh	索尼移动通信
B.L	zh	網絡器械公司
B.L	zh	纬创资通
B.L	zh	维旺迪
B.L	zh	网易
B.L	zh	美光科技
B.L	zh	联想集团
B.L	zh	聯發科技
B.L	zh	腾讯
B.L	zh	英伟达
B.L	zh	英國電信
B.L	zh	英特爾
B.L	zh	英语
B.L	zh	苹果公司
B.L	zh	蒂森克虏伯
B.L	zh	西班牙電信
B.L	zh	西部数据
B.L	zh	西門子公司
B.L	zh	西门子公司
B.L	zh	記憶體
B.L	zh	诺基亚
B.L	zh	诺基亚西门子通信
B.L	zh	贴牌生产
B.L	zh	费森尤斯
B.L	zh	费森尤斯医疗
B.L	zh	赛门铁克
B.L	zh	超威半导体
B.L	zh	迈威尔科技
B.L	zh	通信
B.L	zh	通訊
B.L	zh	銷售時點情報系統
B.L	zh	阿尔卡特-朗讯
B.L	zh	阿里巴巴集团
B.L	zh	雅虎
B.L	zh	韩国通信
B.L	zh	飞思卡尔
B.L	zh	高通公司
B.L	zh	黑莓 (公司)
B.L	zh	默克集團
B.L	zh	Template:DAX指数成份公司
B.L	zh	Template:信息技术大公司
B.L	zh	Template talk:DAX指数成份公司
B.L	zh	Template talk:信息技术大公司
B.L	zh	Category:公司
CN	de	Infineon
IWL	fi	Infineon Technologies
IWL	fr	Infineon Technologies
IWL	fa	اینفینئون
IWL	en	Infineon Technologies
IWL	es	Infineon
IWL	da	Infineon Technologies
IWL	no	Infineon Technologies
IWL	pl	Infineon
IWL	nl	Infineon
IWL	ko	인피니온 테크놀로지스
IWL	id	Infineon Technologies
IWL	it	Infineon Technologies
IWL	ja	インフィニオン・テクノロジーズ
IWL	sv	Infineon
IWL	ru	Infineon Technologies
IWL	ro	Infineon
IWL	pt	Infineon Technologies
IWL	zh	英飞凌
