A.L	de	2009
A.L	de	30. Mai
A.L	de	Abgeltungsteuer
A.L	de	Abgeordneter
A.L	de	Alimentationsprinzip
A.L	de	Altersvorsorge
A.L	de	Amtshilfe
A.L	de	Angriffskrieg
A.L	de	Anthropogen
A.L	de	Anti-Counterfeiting Trade Agreement
A.L	de	Anti-Terror-Gesetz
A.L	de	Arbeitslosengeld II
A.L	de	Artikel 6 des Grundgesetzes für die Bundesrepublik Deutschland
A.L	de	Arzneimittelgesetz (Deutschland)
A.L	de	Aufwandsentschädigung
A.L	de	Autonomie
A.L	de	Außenpolitik
A.L	de	Berufsgenossenschaft
A.L	de	Bildungsgutschein
A.L	de	Bildungskredit
A.L	de	Bremervörde
A.L	de	Bundesrat (Deutschland)
A.L	de	Bundestagswahlkreis Erding – Ebersberg
A.L	de	Bundesverfassungsgericht
A.L	de	Bundeswehr
A.L	de	Bürgerrechte
A.L	de	Datenschutz
A.L	de	Deutscher Bundestag
A.L	de	Deutscher Richterbund
A.L	de	Deutschland
A.L	de	Dezentralität
A.L	de	Diktatur
A.L	de	Direkte Demokratie
A.L	de	Direkte und indirekte Steuer
A.L	de	EU
A.L	de	Ehrenamt
A.L	de	Eigentum
A.L	de	Einkommensteuer
A.L	de	Erding
A.L	de	Euro
A.L	de	Euro-Rettungsschirm
A.L	de	Europäische Gendarmerietruppe
A.L	de	Europäische Union
A.L	de	Europäischer Stabilitätsmechanismus
A.L	de	Flat Tax
A.L	de	Focus Money
A.L	de	Frank Schäffler
A.L	de	Freie Wähler Hessen
A.L	de	Freigeist
A.L	de	Freiheit
A.L	de	Freiheit statt Angst
A.L	de	Friedrich August von Hayek
A.L	de	Geldmenge
A.L	de	Geldmonopol
A.L	de	Gemeinsame Normdatei
A.L	de	Gesellschaftsordnung
A.L	de	Gesetzgebungsverfahren (Deutschland)
A.L	de	Gesetzgebungsverfahren (Schweiz)
A.L	de	Gesundheitspolitik
A.L	de	Gewerbesteuer
A.L	de	Giralgeld
A.L	de	Gleichheitssatz
A.L	de	Globale Erwärmung
A.L	de	Grundgesetz für die Bundesrepublik Deutschland
A.L	de	Grundrecht
A.L	de	Hambach an der Weinstraße
A.L	de	Hambacher Fest
A.L	de	Hambacher Schloss
A.L	de	Harsefeld
A.L	de	Hilfsorganisation
A.L	de	Industrie- und Handelskammer
A.L	de	Inflation
A.L	de	Informationelle Selbstbestimmung
A.L	de	Informationsfreiheit
A.L	de	Innere Sicherheit
A.L	de	Interlibertarians
A.L	de	Internet
A.L	de	Interventionismus
A.L	de	Justizminister
A.L	de	Kaufkraft (Währung)
A.L	de	Kinderbetreuung
A.L	de	Kleinpartei
A.L	de	Koalition (Politik)
A.L	de	Kohlendioxid
A.L	de	Kommunale Selbstverwaltung
A.L	de	Kommunalwahlen in Niedersachsen 2011
A.L	de	Kontroverse um die globale Erwärmung
A.L	de	Kyoto-Protokoll
A.L	de	Körperschaftsteuer
A.L	de	Landesparlament
A.L	de	Landtagswahl in Nordrhein-Westfalen 2012
A.L	de	Lernmethode
A.L	de	Libertarismus
A.L	de	Markt
A.L	de	Marktwirtschaft
A.L	de	Medienpolitik
A.L	de	Meinungsfreiheit
A.L	de	Minarchismus
A.L	de	Mindestlohn
A.L	de	Mitbestimmung
A.L	de	Naturkatastrophe
A.L	de	Nongovernmental international panel on climate change
A.L	de	Norbert Geng
A.L	de	Occupy Germany
A.L	de	Oliver Janich
A.L	de	Oregon-Petition
A.L	de	Parteiprogramm
A.L	de	Parteisatzung
A.L	de	Parteitag
A.L	de	Pay-TV
A.L	de	Petition
A.L	de	Photosynthese
A.L	de	Planwirtschaft
A.L	de	Politische Ebene
A.L	de	Pressefreiheit
A.L	de	Privatsphäre
A.L	de	Rechtsstaat
A.L	de	Rundfunkbeitrag
A.L	de	Rundfunkgebühr
A.L	de	Samtgemeinde Harsefeld
A.L	de	Selbstbestimmungsrecht
A.L	de	Sozialpolitik
A.L	de	Sozialstaat
A.L	de	Staatsanwaltschaft
A.L	de	Steuerprogression
A.L	de	Stipendium
A.L	de	Subsidiarität
A.L	de	Subvention
A.L	de	Tabu
A.L	de	Telepolis
A.L	de	Theorie der Verfügungsrechte
A.L	de	Totalitarismus
A.L	de	Transparenz (Politik)
A.L	de	Treibhauseffekt
A.L	de	Vereinbarkeit von Familie und Beruf
A.L	de	Verfassung
A.L	de	Verlaufsprotokoll
A.L	de	Vertrag von Lissabon
A.L	de	Vertragsfreiheit
A.L	de	Verursacherprinzip
A.L	de	Volksabstimmung (Deutschland)
A.L	de	Volkswirtschaft
A.L	de	WAZ-Mediengruppe
A.L	de	Wahlfälschung
A.L	de	Wahlgerät
A.L	de	Währung
A.L	de	Zahlungsmittel
A.L	de	Zensur (Informationskontrolle)
A.L	de	Zivilgerichtsbarkeit (Deutschland)
A.L	de	Zollunion
A.L	de	Äußere Sicherheit
A.L	de	Österreichische Schule
A.L	de	Überwachungsstaat
B.L	ga	2009
B.L	ga	30 Bealtaine
B.L	ga	An Ghearmáin
B.L	ga	An Ghearmáinis
B.L	ga	Cómhaoin Wikimedia
B.L	ga	Hilzingen
B.L	ga	Interlibertarians
B.L	ga	Liobraíochas
B.L	ga	Oliver Janich
B.L	ga	Páirtí polaitíochta
B.L	fr	2009
B.L	fr	30 mai
B.L	fr	Basse-Saxe
B.L	fr	Bibliothèque nationale allemande
B.L	fr	Bleu
B.L	fr	Bourg
B.L	fr	Bremervörde
B.L	fr	Bundestag
B.L	fr	Conseil communal
B.L	fr	Couleur politique
B.L	fr	Décentralisation
B.L	fr	Erding
B.L	fr	Harsefeld
B.L	fr	Hilzingen
B.L	fr	Interlibertarians
B.L	fr	Landtag de Rhénanie-du-Nord-Westphalie
B.L	fr	Libertarianisme
B.L	fr	Mai 2009
B.L	fr	Oliver Janich
B.L	fr	Parti libéral-démocrate (Allemagne)
B.L	fr	Parti politique
B.L	fr	Principe de subsidiarité
B.L	fr	Samtgemeinde
B.L	fr	Samtgemeinde Harsefeld
B.L	fr	École autrichienne d'économie
B.L	fr	Élections législatives régionales de 2012 en Rhénanie-du-Nord-Westphalie
B.L	fr	Discussion:Parti de la raison/À faire
B.L	fr	Modèle:Ébauche/paramètres Allemagne
B.L	fr	Modèle:Ébauche/paramètres parti politique
B.L	fr	Aide:Comment modifier une page
B.L	fr	Aide:Ébauche
B.L	fr	Catégorie:Portail:Allemagne/Articles liés
B.L	fr	Catégorie:Portail:Politique/Articles liés
B.L	fr	Portail:Allemagne
B.L	fr	Portail:Politique
B.L	fr	Projet:Accueil
B.L	eo	2008
B.L	eo	2009
B.L	eo	2010
B.L	eo	Fondaĵo
B.L	eo	Friedrich August von Hayek
B.L	eo	Germana Nacia Biblioteko
B.L	eo	Germanujo
B.L	eo	Imposto
B.L	eo	Juraj respondecoj
B.L	eo	Jörg Guido Hülsmann
B.L	eo	Karl Popper
B.L	eo	Laboro
B.L	eo	Ludwig von Mises
B.L	eo	Nacia ekonomio
B.L	eo	Neustadt ĉe la Vinstrato
B.L	eo	Nobel-premio
B.L	eo	Persono
B.L	eo	Posedo
B.L	eo	Propraĵo
B.L	eo	Rento
B.L	eo	Roland Baader
B.L	eo	Saneco
B.L	eo	Sekurado
B.L	en	Alliance '90/The Greens
B.L	en	Alternative for Germany
B.L	en	Anarchist Pogo Party of Germany
B.L	en	Austrian School
B.L	en	Bavaria Party
B.L	en	Bremervörde
B.L	en	Bundestag
B.L	en	Bürgerrechtsbewegung Solidarität
B.L	en	Centre Party (Germany)
B.L	en	Christian Centre
B.L	en	Christian Democratic Union (Germany)
B.L	en	Christian Social Union of Bavaria
B.L	en	Citizens in Rage
B.L	en	City council
B.L	en	Communist Party of Germany (1990)
B.L	en	Communist Party of Germany (Roter Morgen)
B.L	en	Composition of the German Regional Parliaments
B.L	en	Decentralization
B.L	en	Die PARTEI
B.L	en	Ecological Democratic Party
B.L	en	Erding
B.L	en	European Parliament election, 2009 (Germany)
B.L	en	European Stability Mechanism
B.L	en	Family Party of Germany
B.L	en	Feminist Party of Germany
B.L	en	Free Democratic Party (Germany)
B.L	en	Free Voters
B.L	en	Freedom (German political party)
B.L	en	German Communist Party
B.L	en	German National Library
B.L	en	German Social Union (East Germany)
B.L	en	German language
B.L	en	Germany
B.L	en	Hans-Hermann Hoppe
B.L	en	Harsefeld
B.L	en	Harsefeld (Samtgemeinde)
B.L	en	Hilzingen
B.L	en	Human Environment Animal Protection
B.L	en	Interlibertarians
B.L	en	Jörg Guido Hülsmann
B.L	en	Landtag of North Rhine-Westphalia
B.L	en	Libertarianism
B.L	en	List of political ideologies
B.L	en	List of political parties by country
B.L	en	List of political parties in Germany
B.L	en	Local election
B.L	en	Lower Saxony
B.L	en	Loyola University, New Orleans
B.L	en	Ludwig von Mises Institute
B.L	en	Marxist–Leninist Party of Germany
B.L	en	Munich
B.L	en	National Democratic Party of Germany
B.L	en	Norbert Geng
B.L	en	North Rhine-Westphalia state election, 2012
B.L	en	Oliver Janich
B.L	en	Party of Bible-abiding Christians
B.L	en	Pirate Party Germany
B.L	en	Political party
B.L	en	Politics of Germany
B.L	en	Pro Germany Citizens' Movement
B.L	en	Property and Freedom Society
B.L	en	Revolutionary Socialist League (Germany)
B.L	en	Ron Paul
B.L	en	Social Democratic Party of Germany
B.L	en	Social Equality Party (Germany)
B.L	en	South Schleswig Voter Federation
B.L	en	Statt party (Germany)
B.L	en	Subsidiarity
B.L	en	Telepolis
B.L	en	The Friesen
B.L	en	The Left (Germany)
B.L	en	The Republicans (Germany)
B.L	en	Thorsten Polleit
B.L	en	University of Angers
B.L	en	University of Nevada
B.L	en	Walter Block
B.L	en	Template:German political parties
B.L	en	Template:ISO 639 name de
B.L	en	Template:ISO 639 name en
B.L	en	Template talk:German political parties
B.L	en	Portal:Politics
B.L	es	2009
B.L	es	30 de mayo
B.L	es	Alemania
B.L	es	Ayuntamiento
B.L	es	Baja Sajonia
B.L	es	Biblioteca Nacional de Alemania
B.L	es	Bremervörde
B.L	es	Bundestag
B.L	es	Erding (Alemania)
B.L	es	Escuela austríaca
B.L	es	Europarlamento
B.L	es	Harsefeld
B.L	es	Hilzingen
B.L	es	Interlibertarians
B.L	es	Landtag
B.L	es	Libertarismo
B.L	es	Ministro-presidente
B.L	es	Oliver Janich
B.L	es	Partido Democrático Liberal
B.L	es	Renania del Norte-Westfalia
B.L	es	Samtgemeinde
B.L	es	Wikimedia Commons
B.L	ca	Alemanya
B.L	ca	Baixa Saxònia
B.L	ca	Biblioteca Nacional d'Alemanya
B.L	ca	Blau
B.L	ca	Bremervorde
B.L	ca	Erding
B.L	ca	Escola Austríaca
B.L	ca	Harsefeld
B.L	ca	Hilzingen
B.L	ca	Ideologia
B.L	ca	Interlibertarians
B.L	ca	Landtag
B.L	ca	Liberalisme llibertari
B.L	ca	Oliver Janich
B.L	ca	Partit Democràtic Lliure
B.L	ca	Partit polític
B.L	ca	Rin del Nord - Westfàlia
B.L	ca	Samtgemeinde
B.L	ca	Viquipèdia:Citau les fonts
B.L	ca	Viquipèdia:Esborrany
B.L	ca	Categoria:Política
B.L	da	Bremervörde
B.L	da	Folketinget
B.L	da	Harsefeld
B.L	da	Hilzingen
B.L	da	Interlibertarians
B.L	da	Libertarianisme
B.L	da	Niedersachsen
B.L	da	Nordrhein-Westfalen
B.L	da	Oliver Janich
B.L	da	Partiavis
B.L	da	Partibogstav
B.L	da	Politik
B.L	da	Politisk parti
B.L	da	Samtgemeinde
B.L	da	Samtgemeinde Harsefeld
B.L	da	Telepolis
B.L	da	Tyskland
B.L	da	Wikimedia Commons
B.L	da	Hjælp:Artikeludvidelse
B.L	da	Hjælp:Stub
B.L	cs	2009
B.L	cs	Evropská politická strana
B.L	cs	Hilzingen
B.L	cs	Interlibertarians
B.L	cs	Libertarianismus
B.L	cs	Mezinárodní organizace
B.L	cs	Modrá
B.L	cs	Německo
B.L	cs	Německé federální volby 2009
B.L	cs	Oliver Janich
B.L	cs	Politická ideologie
B.L	cs	Politická skupina Evropského parlamentu
B.L	cs	Rakouská škola
B.L	cs	Volby do Evropského parlamentu v Německu 2009
B.L	cs	Wikimedia Commons
B.L	pl	2009
B.L	pl	30 maja
B.L	pl	Bremervörde
B.L	pl	Die Linke
B.L	pl	Friedrich Hayek
B.L	pl	Gemeinsame Normdatei
B.L	pl	Gmina zbiorowa Harsefeld
B.L	pl	Harsefeld
B.L	pl	Hilzingen
B.L	pl	Interlibertarians
B.L	pl	Język niemiecki
B.L	pl	Kontrola autorytatywna
B.L	pl	Liberalizm
B.L	pl	Libertarianizm
B.L	pl	Migracja ludności
B.L	pl	Niemcy
B.L	pl	Oliver Janich
B.L	pl	Parlament Europejski
B.L	pl	Partie polityczne Niemiec
B.L	pl	Podatek dochodowy
B.L	pl	Podatek obrotowy
B.L	pl	Socjaldemokratyczna Partia Niemiec
B.L	pl	Szkoła austriacka
B.L	pl	Unia Chrześcijańsko-Demokratyczna (Niemcy)
B.L	pl	Unia Chrześcijańsko-Społeczna w Bawarii
B.L	pl	Unia Europejska
B.L	pl	Wolna Partia Demokratyczna
B.L	pl	Wolny rynek
B.L	pl	Wybory lokalne w Dolnej Saksonii w 2011 r.
B.L	pl	Wybory w Nadrenii-Północnej Westfalii w 2012 r.
B.L	pl	Zmiana klimatu
B.L	pl	Związek 90/Zieloni
B.L	pl	Szablon:Partie polityczne Niemiec
B.L	pl	Dyskusja szablonu:Partie polityczne Niemiec
B.L	nl	2009
B.L	nl	30 mei
B.L	nl	Allgemeiner Deutscher Arbeiterverein
B.L	nl	Anarchistische Pogo-Partei Deutschlands
B.L	nl	Beieren
B.L	nl	Beierse Volkspartij
B.L	nl	Blauw (kleur)
B.L	nl	Blokpartij
B.L	nl	Bondsdag
B.L	nl	Bremervörde
B.L	nl	Bündnis 90/Die Grünen
B.L	nl	Christlich-Demokratische Union Deutschlands (DDR)
B.L	nl	Christlich-Soziale Union
B.L	nl	Christlich Demokratische Union Deutschlands (Bondsrepubliek)
B.L	nl	Christliche Volkspartei des Saarlandes
B.L	nl	Conservatisme
B.L	nl	Deelstaten van Duitsland
B.L	nl	Demokratische Bauernpartei Deutschlands
B.L	nl	Demokratischer Frauenbund Deutschlands
B.L	nl	Deutsche Demokratische Partei
B.L	nl	Deutsche Fortschrittspartei
B.L	nl	Deutsche Friedensunion
B.L	nl	Deutsche Kommunistische Partei
B.L	nl	Deutsche Soziale Union
B.L	nl	Deutsche Volkspartei
B.L	nl	Deutsche Volksunion
B.L	nl	Deutsche Zentrumspartei
B.L	nl	Die Linke
B.L	nl	Die Republikaner
B.L	nl	Die Tierschutzpartei
B.L	nl	Duits
B.L	nl	Duits-Hannoveraanse Partij
B.L	nl	Duitse Boerenpartij
B.L	nl	Duitse Nationale Volkspartij
B.L	nl	Duitse Partij
B.L	nl	Duitsland
B.L	nl	Erding (stad)
B.L	nl	Extreemlinks
B.L	nl	Extreemrechts
B.L	nl	Freie Demokratische Partei
B.L	nl	Freie Deutsche Jugend
B.L	nl	Freie Wähler
B.L	nl	Freier Deutscher Gewerkschaftsbund
B.L	nl	Freikonservative Partei
B.L	nl	Geschiedenis van de politieke partijen in Duitsland
B.L	nl	Harsefeld
B.L	nl	Hilzingen
B.L	nl	Interlibertarians
B.L	nl	Kommunistische Partei Deutschlands
B.L	nl	Kulturbund
B.L	nl	Landdag (Duitsland)
B.L	nl	Landdag van Noordrijn-Westfalen
B.L	nl	Liberaldemokratische Partei Deutschlands
B.L	nl	Liberalisme
B.L	nl	Libertarisme
B.L	nl	Maoïstische partijen in Duitsland
B.L	nl	Mecklenburg-Voor-Pommeren
B.L	nl	Nationaal-Liberale Partij (Duitsland)
B.L	nl	Nationaalsocialistische Duitse Arbeiderspartij
B.L	nl	Nationaldemokratische Partei Deutschlands
B.L	nl	Nationaldemokratische Partei Deutschlands (DDR)
B.L	nl	Nedersaksen
B.L	nl	Noordrijn-Westfalen
B.L	nl	Oliver Janich
B.L	nl	Oostenrijkse School
B.L	nl	Partei Bibeltreuer Christen
B.L	nl	Partei für Soziale Gerechtigkeit
B.L	nl	Piratenpartij Duitsland
B.L	nl	Politieke partij
B.L	nl	Politieke partijen in Duitsland
B.L	nl	Regionalisme (politiek)
B.L	nl	Saksen (deelstaat)
B.L	nl	Samtgemeinde
B.L	nl	Sleeswijk-Holstein
B.L	nl	Socialisme
B.L	nl	Sozialdemokratische Arbeiterpartei (Duitsland)
B.L	nl	Sozialdemokratische Partei Deutschlands
B.L	nl	Sozialistische Arbeiterpartei Deutschlands
B.L	nl	Sozialistische Einheitspartei Deutschlands
B.L	nl	Südschleswigscher Wählerverband
B.L	nl	Unabhängige Sozialdemokratische Partei Deutschlands
B.L	nl	Union (Duitsland)
B.L	nl	Vereinigung der gegenseitigen Bauernhilfe
B.L	nl	Völkischer Block
B.L	nl	Wikimedia Commons
B.L	nl	Wikipedia:Beginnetje
B.L	nl	Portaal:Duitsland
B.L	nl	Portaal:Politiek
B.L	it	2009
B.L	it	Alleanza '90 - I Verdi
B.L	it	Bundestag
B.L	it	Decentramento
B.L	it	Die Linke
B.L	it	Germania
B.L	it	Hilzingen
B.L	it	Libertarianismo
B.L	it	Lingua tedesca
B.L	it	Membri della Germania del Parlamento europeo
B.L	it	Oliver Janich
B.L	it	Partito Liberale Democratico (Germania)
B.L	it	Partito Socialdemocratico Tedesco
B.L	it	Partito politico
B.L	it	Politica della Germania
B.L	it	Scuola austriaca
B.L	it	Sussidiarietà
B.L	it	Unione Cristiano-Sociale in Baviera
B.L	it	Unione Cristiano Democratica (Germania)
B.L	it	Template:AggNaz/DEU
B.L	it	Template:Partiti politici in Germania
B.L	it	Discussioni template:Partiti politici in Germania
B.L	ru	13 мая
B.L	ru	2009
B.L	ru	2009 год
B.L	ru	2011 год
B.L	ru	2012 год
B.L	ru	30 мая
B.L	ru	Focus (журнал)
B.L	ru	Австрийская школа
B.L	ru	Авторское право
B.L	ru	Бавария
B.L	ru	Баден-Вюртемберг
B.L	ru	Берлин
B.L	ru	Бранденбург
B.L	ru	Бремен (земля)
B.L	ru	Бремерфёрде
B.L	ru	Бундесвер
B.L	ru	Викисклад
B.L	ru	Гамбург
B.L	ru	Германия
B.L	ru	Германский бундестаг
B.L	ru	Гессен (земля в Германии)
B.L	ru	Граждане в гневе
B.L	ru	Децентрализация
B.L	ru	Европейский Союз
B.L	ru	Здравоохранение
B.L	ru	Земли Германии
B.L	ru	Ландтаг
B.L	ru	Левые (партия, Германия)
B.L	ru	Либертарианство
B.L	ru	Мекленбург-Передняя Померания
B.L	ru	Местное самоуправление
B.L	ru	Национал-демократическая партия Германии
B.L	ru	Немецкий язык
B.L	ru	Нетрадиционная медицина
B.L	ru	Нижняя Саксония
B.L	ru	Нойштадт (Вайнштрассе)
B.L	ru	Оливье Яник
B.L	ru	Партия зелёных (Германия)
B.L	ru	Партия пиратов Германии
B.L	ru	Пиратская партия Германии
B.L	ru	Политическая партия
B.L	ru	Политические партии Германии
B.L	ru	Прямая демократия
B.L	ru	Рейнланд-Пфальц
B.L	ru	Саар
B.L	ru	Саксония-Ангальт
B.L	ru	Свобода информации
B.L	ru	Свободная демократическая партия (Германия)
B.L	ru	Свободное государство Саксония
B.L	ru	Северный Рейн-Вестфалия
B.L	ru	Социал-демократическая партия Германии
B.L	ru	Социальная политика
B.L	ru	Союз южношлезвигских избирателей
B.L	ru	Субсидиарность
B.L	ru	Харзефельд
B.L	ru	Хильцинген
B.L	ru	Христианско-демократический союз Германии
B.L	ru	Христианско-социальный союз
B.L	ru	Эрдинг
B.L	ru	Шаблон:Политические партии Германии
B.L	ro	2006
B.L	ro	30 mai
B.L	ro	Albastru
B.L	ro	Alegeri în Germania
B.L	ro	Germania
B.L	ro	Hilzingen
B.L	ro	Interlibertarians
B.L	ro	Libertarianism
B.L	ro	Listă de partide politice din Germania
B.L	ro	Oliver Janich
B.L	ro	Politica Germaniei
B.L	ro	Politică
B.L	ro	Telepolis
B.L	ro	Wikimedia Commons
B.L	ro	Școala austriacă de economie
B.L	ro	Wikipedia:Ciot
B.L	ro	Wikipedia:Găsește și repară un ciot
B.L	pt	2009
B.L	pt	30 de junho
B.L	pt	Alemanha
B.L	pt	Azul
B.L	pt	Baixa Saxônia
B.L	pt	Biblioteca Nacional da Alemanha
B.L	pt	Bremervörde
B.L	pt	Descentralização
B.L	pt	Erding
B.L	pt	Escola Austríaca
B.L	pt	Escola austríaca
B.L	pt	Harsefeld
B.L	pt	Harsefeld (Samtgemeinde)
B.L	pt	Hilzingen
B.L	pt	Interlibertarians
B.L	pt	Landtag
B.L	pt	Libertarianismo
B.L	pt	Língua alemã
B.L	pt	Oliver Janich
B.L	pt	Partido Democrático Liberal
B.L	pt	Partido político
B.L	pt	Renânia do Norte-Vestfália
CN	de	Partei_der_Vernunft
IWL	ga	Páirtí an Réasúin
IWL	fr	Parti de la raison
IWL	eo	Partio de la racio
IWL	en	Party of Reason
IWL	es	Partido de la Razón
IWL	ca	Partit de la Raó
IWL	da	Partei der Vernunft
IWL	cs	Strana rozumu
IWL	pl	Partia Rozsądku
IWL	nl	Partei der Vernunft
IWL	it	Partito della Ragione
IWL	ru	Партия Разума
IWL	ro	Partei der Vernunft
IWL	pt	Partei der Vernunft
