A.L	de	1982
A.L	de	25.+August
A.L	de	Alan+Tsagajew
A.L	de	Alexander+Kurlowitsch
A.L	de	Andrei+Iwanowitsch+Tschemerkin
A.L	de	Antalya
A.L	de	Arnolds+Sport+Festival
A.L	de	Athen
A.L	de	Bambi+%28Auszeichnung%29
A.L	de	Behdad+Salimikordasiabi
A.L	de	Bravo+Otto
A.L	de	Bregenz
A.L	de	Bronzemedaille
A.L	de	Budapest
A.L	de	Bulgarien
A.L	de	Bundesverband+Deutscher+Gewichtheber
A.L	de	Chemmy
A.L	de	Chemnitz
A.L	de	Chemnitzer+AC
A.L	de	Dean+Lukin
A.L	de	Denis+Gotfrid
A.L	de	Deutschland
A.L	de	Diabetes+mellitus
A.L	de	Dmitri+Berestow
A.L	de	Europameister
A.L	de	Europameisterschaften+im+Gewichtheben+2008
A.L	de	Europameisterschaften+im+Gewichtheben+2010
A.L	de	Europameisterschaften+im+Gewichtheben+2012
A.L	de	Forst+%28Baden%29
A.L	de	Gemeinsame+Normdatei
A.L	de	Gentlemen%EF%BF%BDs+Quarterly
A.L	de	Gerd+Bonk
A.L	de	Gewichtheben
A.L	de	Gewichtsklasse
A.L	de	Goldmedaille
A.L	de	Griechenland
A.L	de	Grzegorz+Klezcz
A.L	de	Hav%EF%BF%BD%3Fov
A.L	de	Heidelberg
A.L	de	Hossein+Rezazadeh
A.L	de	Igor+Razoronow
A.L	de	Inge+Steiner
A.L	de	Insulin
A.L	de	Jewgeni+Alexandrowitsch+Tschigischew
A.L	de	Kalmar
A.L	de	Katar
A.L	de	Kiew
A.L	de	Leimen+%28Baden%29
A.L	de	Lettland
A.L	de	Lignano+Sabbiadoro
A.L	de	Liste+der+Weltmeisterschaften+im+Gewichtheben
A.L	de	London
A.L	de	Loutraki
A.L	de	Manfred+Nerlinger
A.L	de	Marcin+Dolega
A.L	de	Nieder%EF%BF%BDsterreich
A.L	de	Obersulz
A.L	de	Olympiasieger
A.L	de	Olympische+Sommerspiele
A.L	de	Olympische+Sommerspiele+2004
A.L	de	Olympische+Sommerspiele+2004%2FGewichtheben
A.L	de	Olympische+Sommerspiele+2008
A.L	de	Olympische+Sommerspiele+2008%2FGewichtheben
A.L	de	Olympische+Sommerspiele+2012%2FGewichtheben
A.L	de	Peking
A.L	de	Polen
A.L	de	Prag
A.L	de	Rijeka
A.L	de	Ronny+Weller
A.L	de	Russland
A.L	de	Saif+Saad+Asaad
A.L	de	Silbermedaille
A.L	de	Silbernes+Lorbeerblatt
A.L	de	Sofia
A.L	de	Sportler+des+Jahres+%28Deutschland%29
A.L	de	Sultan+Rachmanow
A.L	de	Szymon+Ko%3Fecki
A.L	de	S%EF%BF%BDchsischer+Dankesorden
A.L	de	Ukraine
A.L	de	Vancouver
A.L	de	Viktors+%EF%BF%BD%3Ferbatihs
A.L	de	Virtual+International+Authority+File
A.L	de	Warschau
A.L	de	Wassili+Iwanowitsch+Alexejew
A.L	de	Weltmeisterschaften+im+Gewichtheben+2010
A.L	de	Wien
A.L	de	Wiesloch
A.L	de	Wilkau-Ha%EF%BF%BDlau
A.L	de	Xinhua
A.L	de	%EF%BF%BDsterreich
A.L	de	Hilfe%3APersonendaten
B.L	fi	1982
B.L	fi	25.+elokuuta
B.L	fi	It%EF%BF%BDvalta
B.L	fi	Jevgeni+T%EF%BF%BDigi%EF%BF%BDev
B.L	fi	Kes%EF%BF%BDolympialaiset+2008
B.L	fi	Olympialaiset
B.L	fi	Painonnosto
B.L	fi	Painonnoston+Euroopan-mestaruuskilpailut
B.L	fi	Painonnoston+Euroopan-mestaruuskilpailut+2005
B.L	fi	Painonnoston+Euroopan-mestaruuskilpailut+2008
B.L	fi	Saksa
B.L	fi	Wien
B.L	fr	1982+en+sport
B.L	fr	25+ao%EF%BF%BDt+en+sport
B.L	fr	Allemagne
B.L	fr	Ao%EF%BF%BDt
B.L	fr	Ao%EF%BF%BDt+1982
B.L	fr	Ao%EF%BF%BDt+1982+en+sport
B.L	fr	Autriche
B.L	fr	Championnats+d%27Europe+d%27halt%EF%BF%BDrophilie
B.L	fr	Championnats+du+monde+d%27halt%EF%BF%BDrophilie
B.L	fr	Halt%EF%BF%BDrophilie
B.L	fr	Halt%EF%BF%BDrophilie+aux+Jeux+olympiques
B.L	fr	Jeux+olympiques+d%27%EF%BF%BDt%EF%BF%BD+de+2004
B.L	fr	Jeux+olympiques+d%27%EF%BF%BDt%EF%BF%BD+de+2008
B.L	fr	Jeux+olympiques+d%27%EF%BF%BDt%EF%BF%BD+de+2012
B.L	fr	M%EF%BF%BDdaille+d%27argent
B.L	fr	M%EF%BF%BDdaille+d%27or+%28sport%29
B.L	fr	M%EF%BF%BDdaille+de+bronze
B.L	fr	Nationalit%EF%BF%BD+sportive
B.L	fr	Vienne+%28Autriche%29
B.L	fr	Discussion%3AMatthias+Steiner%2F%EF%BF%BD+faire
B.L	fr	Mod%EF%BF%BDle%3A%EF%BF%BDbauche%2Fparam%EF%BF%BDtres+halt%EF%BF%BDrophilie
B.L	fr	Aide%3AComment+modifier+une+page
B.L	fr	Aide%3A%EF%BF%BDbauche
B.L	fr	Cat%EF%BF%BDgorie%3APortail%3AAllemagne%2FArticles+li%EF%BF%BDs
B.L	fr	Cat%EF%BF%BDgorie%3APortail%3AHalt%EF%BF%BDrophilie%2FArticles+li%EF%BF%BDs
B.L	fr	Portail%3AAllemagne
B.L	fr	Portail%3AHalt%EF%BF%BDrophilie
B.L	fr	Projet%3AAccueil
B.L	fa	%3F%3F%3F%3F%3F
B.L	fa	%3F%3F%3F%3F%3F
B.L	fa	%3F%3F%3F%3F%3F%3F%3F%3F+%3F%3F%3F%3F%3F%3F+%3F%3F%3F%3F%3F%3F%3F%3F+%3F%3F%3F%3F
B.L	fa	%3F%3F%3F%3F+%3F%3F%3F%3F%3F%3F%3F
B.L	fa	%3F%3F%3F%3F+%3F%3F%3F%3F%3F%3F
B.L	fa	%3F%3F%3F%3F%3F%3F%3F+%3F%3F%3F%3F%3F%3F%3F%3F%3F%3F%3F+%3F%3F%3F%3F
B.L	fa	%3F%3F%3F%3F%3F%3F%3F+%3F%3F%3F%3F%3F+%3F%3F%3F%3F+%3F%3F%3F%3F%3F%3F+%3F%3F%3F%3F
B.L	fa	%3F%3F%3F%3F+%3F%3F%3F%3F%3F
B.L	fa	%3F%3F%3F%3F%3F%3F%3F%3F%3F%3F%3F
B.L	fa	%3F%3F%3F%3F%3F%3F%3F%3F%3F%3F%3F+%3F%3F+%3F%3F%3F%3F%3F%3F%3F%3F+%3F%3F%3F%3F%3F%3F+%3F%3F%3F%3F%3F%3F%3F%3F
B.L	fa	%3F%3F%3F%3F%3F%3F%3F%3F%3F%3F%3F+%3F%3F+%3F%3F%3F%3F%3F%3F%3F%3F+%3F%3F%3F%3F%3F%3F+%3F%3F%3F%3F%3F%3F%3F%3F+%3F%3F%3F%3F
B.L	fa	%3F%3F%3F%3F%3F%3F+%3F%3F%3F%3F%3F%3F%3F
B.L	fa	%3F%3F%3F%3F%3F+%3F%3F%3F%3F%3F%3F
B.L	fa	%3F%3F%3F%3F%3F%3F%3F%3F%3F%3A%3F%3F%3F%3F%3F%3F+%3F%3F%3F
B.L	fa	%3F%3F%3F%3F%3A%3F%3F%3F%3F+%3F%3F%3F%3F%3F-%3F%3F%3F
B.L	fa	%3F%3F%3F+%3F%3F%3F%3F%3A%3F%3F%3F%3F+%3F%3F%3F%3F%3F-%3F%3F%3F
B.L	en	2003+World+Weightlifting+Championships
B.L	en	2004+Olympic+Games
B.L	en	2004+Summer+Olympics
B.L	en	2005+European+Weightlifting+Championships
B.L	en	2007+European+Weightlifting+Championships
B.L	en	2007+World+Weightlifting+Championships
B.L	en	2008+European+Weightlifting+Championships
B.L	en	2008+Summer+Olympics
B.L	en	2010+European+Weightlifting+Championships
B.L	en	2010+World+Weightlifting+Championships
B.L	en	2010+World+Weightlifting+Championships+%EF%BF%BD+Men%27s+%2B105+kg
B.L	en	2012+European+Weightlifting+Championships
B.L	en	2012+London+Olympics
B.L	en	Abendzeitung
B.L	en	Aleksandr+Kurlovich
B.L	en	Almir+Velagic
B.L	en	Andrei+Chemerkin
B.L	en	Apprenticeship
B.L	en	Arnold+Schwarzenegger
B.L	en	Arnold+Sports+Festival
B.L	en	Associated+Press
B.L	en	Athens
B.L	en	Austria
B.L	en	Austrians
B.L	en	Authority+control
B.L	en	BBC+Sport
B.L	en	BOCOG
B.L	en	Badische+Zeitung
B.L	en	Bambi+%28prize%29
B.L	en	Behdad+Salimi
B.L	en	Bregenz
B.L	en	Broadcasting+of+sports+events
B.L	en	Bundeswehr
B.L	en	CBS+News
B.L	en	Chemnitz
B.L	en	China+Daily
B.L	en	Clean+and+jerk
B.L	en	Cologne
B.L	en	Croatia
B.L	en	Czech+Republic
B.L	en	Dean+Lukin
B.L	en	Der+Spiegel
B.L	en	Der+Tagesspiegel
B.L	en	Deutsche+Presse-Agentur
B.L	en	Deutsche+Welle
B.L	en	Diabetes
B.L	en	Die+Millionenshow
B.L	en	Die+Presse
B.L	en	Die+Welt
B.L	en	Eurosport
B.L	en	Evgeny+Chigishev
B.L	en	Fabian+Hamb%EF%BF%BDchen
B.L	en	Focus+%28German+magazine%29
B.L	en	Frank+Mantek
B.L	en	Frankfurter+Allgemeine+Zeitung
B.L	en	Frankfurter+Rundschau
B.L	en	Game+show
B.L	en	German+Sportspersonality+of+the+year
B.L	en	German+citizenship
B.L	en	Germany
B.L	en	Hamburger+Abendblatt
B.L	en	Hauptschule
B.L	en	Hav%EF%BF%BD%3Fov
B.L	en	Heidelberg
B.L	en	Hossein+Rezazadeh
B.L	en	Inge+Posmyk
B.L	en	Inguinal+hernia
B.L	en	International+Sports+Press+Association
B.L	en	International+Weightlifting+Federation
B.L	en	Internet+Movie+Database
B.L	en	Italy
B.L	en	Kalmar
B.L	en	Latvia
B.L	en	Leimen+%28Baden%29
B.L	en	Lignano+Sabbiadoro
B.L	en	List+of+Olympic+medalists+in+weightlifting
B.L	en	List+of+World+records+in+weightlifting
B.L	en	Lower+Austria
B.L	en	Marc+Huster
B.L	en	N-tv
B.L	en	ORF+%28broadcaster%29
B.L	en	Olympic+weightlifting
B.L	en	Paul+Biedermann
B.L	en	Plumbing
B.L	en	Rijeka
B.L	en	Saxony
B.L	en	Snatch+%28weightlifting%29
B.L	en	Sofia
B.L	en	Stiftung+Deutsche+Sporthilfe
B.L	en	Sultan+Rakhmanov
B.L	en	Sweden
B.L	en	S%EF%BF%BDddeutsche+Zeitung
B.L	en	Talk+show
B.L	en	The+New+York+Times
B.L	en	The+Seattle+Times
B.L	en	Vasily+Alekseyev
B.L	en	Vienna
B.L	en	Vienna%2C+Austria
B.L	en	Viktors+%EF%BF%BD%3Ferbatihs
B.L	en	Virtual+International+Authority+File
B.L	en	Volksschule
B.L	en	Weightlifting+at+the+2004+Summer+Olympics+%EF%BF%BD+Men%27s+105+kg
B.L	en	Weightlifting+at+the+2008+Summer+Olympics+%EF%BF%BD+Men%27s+%2B105+kg
B.L	en	Weightlifting+at+the+2012+Summer+Olympics+%EF%BF%BD+Men%27s+%2B105+kg
B.L	en	Weightlifting+at+the+Summer+Olympics
B.L	en	Wetten%2C+dass..%3F
B.L	en	World+Weightlifting+Championships
B.L	en	Zwickau
B.L	en	Wikipedia%3ALink+rot
B.L	en	Wikipedia%3APersondata
B.L	en	Template%3AFooter+Olympic+Champions+Weightlifting+Super+heavyweight
B.L	en	Template+talk%3AFooter+Olympic+Champions+Weightlifting+Super+heavyweight
B.L	en	Category%3AArticles+with+dead+external+links+from+October+2010
B.L	es	1982
B.L	es	25+de+agosto
B.L	es	Alemania
B.L	es	Austria
B.L	es	Campeonato+Europeo+de+Halterofilia
B.L	es	Campeonato+Europeo+de+Halterofilia+de+2008
B.L	es	Halterofilia
B.L	es	Halterofilia+en+los+Juegos+Ol%EF%BF%BDmpicos
B.L	es	Juegos+Ol%EF%BF%BDmpicos
B.L	es	Juegos+Ol%EF%BF%BDmpicos+de+Atenas+2004
B.L	es	Juegos+Ol%EF%BF%BDmpicos+de+Pek%EF%BF%BDn+2008
B.L	es	Anexo%3AHalterofilia+en+los+Juegos+Ol%EF%BF%BDmpicos+de+Pek%EF%BF%BDn+2008
B.L	no	1982
B.L	no	25.+august
B.L	no	Athen
B.L	no	Beijing
B.L	no	Bronse
B.L	no	Bulgaria
B.L	no	Chemnitz
B.L	no	EM+i+vektl%EF%BF%BDftning+2005
B.L	no	EM+i+vektl%EF%BF%BDftning+2008
B.L	no	Fotografi
B.L	no	Gull
B.L	no	Havrov
B.L	no	Heidelberg
B.L	no	Italia
B.L	no	Kalmar
B.L	no	Kroatia
B.L	no	Latvia
B.L	no	Leimen
B.L	no	Lignano+Sabbiadoro
B.L	no	Nieder%EF%BF%BDsterreich
B.L	no	Obsersulz
B.L	no	Rijeka
B.L	no	Sachsen
B.L	no	Sofia
B.L	no	Sommer-OL+2004
B.L	no	Sommer-OL+2008
B.L	no	Sverige
B.L	no	Tsjekkia
B.L	no	Tyskland
B.L	no	Vektl%EF%BF%BDfting
B.L	no	Viktors+Scerbathis
B.L	no	Wien
B.L	no	Zwickau
B.L	no	%EF%BF%BDsterrike
B.L	pl	1982
B.L	pl	25+kwietnia
B.L	pl	Antalya
B.L	pl	Ateny
B.L	pl	Austria
B.L	pl	Igrzyska+olimpijskie
B.L	pl	Letnie+Igrzyska+Olimpijskie+2008
B.L	pl	Mistrzostwa+Europy+w+Podnoszeniu+Ci%3F%3Far%EF%BF%BDw+2008
B.L	pl	Mistrzostwa+Europy+w+Podnoszeniu+Ci%3F%3Far%EF%BF%BDw+2010
B.L	pl	Mistrzostwa+Europy+w+podnoszeniu+ci%3F%3Far%EF%BF%BDw
B.L	pl	Mistrzostwa+%3Fwiata+w+Podnoszeniu+Ci%3F%3Far%EF%BF%BDw+2010
B.L	pl	Mistrzostwa+%3Fwiata+w+podnoszeniu+ci%3F%3Far%EF%BF%BDw
B.L	pl	Mi%3Fsk
B.L	pl	Niemcy
B.L	pl	Pekin
B.L	pl	Podnoszenie+ci%3F%3Far%EF%BF%BDw
B.L	pl	Podnoszenie+ci%3F%3Far%EF%BF%BDw+na+Letnich+Igrzyskach+Olimpijskich+2008
B.L	pl	Wiede%3F
B.L	ko	1982%3F
B.L	ko	2004%3F+%3F%3F%3F+%3F%3F%3F
B.L	ko	2008+%3F%3F+%3F%3F+%3F%3F%3F+%3F%3F
B.L	ko	2008%3F+%3F%3F%3F+%3F%3F%3F
B.L	ko	2008%3F+%3F%3F+%3F%3F%3F
B.L	ko	2008%3F+%3F%3F+%3F%3F%3F+%3F%3F
B.L	ko	8%3F+25%3F
B.L	ko	%3F%3F
B.L	ko	%3F%3F
B.L	ko	%3F%3F%3F
B.L	hu	1982
B.L	hu	2001
B.L	hu	2004
B.L	hu	2004.+%EF%BF%BDvi+ny%EF%BF%BDri+olimpiai+j%EF%BF%BDt%EF%BF%BDkok
B.L	hu	2005
B.L	hu	2007
B.L	hu	2008
B.L	hu	2008.+%EF%BF%BDvi+ny%EF%BF%BDri+olimpiai+j%EF%BF%BDt%EF%BF%BDkok
B.L	hu	Als%EF%BF%BD-Ausztria
B.L	hu	Augusztus+25.
B.L	hu	Ausztria
B.L	hu	Budapest
B.L	hu	B%EF%BF%BDcs
B.L	hu	Cukorbetegs%EF%BF%BDg
B.L	hu	Heidelberg
B.L	hu	Lignano
B.L	hu	N%EF%BF%BDmetorsz%EF%BF%BDg
B.L	hu	Oberschulz
B.L	hu	Olimpiai+j%EF%BF%BDt%EF%BF%BDkok
B.L	hu	Sz%EF%BF%BDfia
B.L	hu	S%EF%BF%BDlyemel%EF%BF%BDs
B.L	hu	S%EF%BF%BDlyemel%EF%BF%BDs+a+2008.+%EF%BF%BDvi+ny%EF%BF%BDri+olimpiai+j%EF%BF%BDt%EF%BF%BDkokon
B.L	hu	Zwickau
B.L	hu	Port%EF%BF%BDl%3AN%EF%BF%BDmetorsz%EF%BF%BDg
B.L	hu	Port%EF%BF%BDl%3AN%EF%BF%BDmetorsz%EF%BF%BDg%2Fikon
B.L	hu	Port%EF%BF%BDl%3AOlimpia
B.L	hu	Port%EF%BF%BDl%3AOlimpia%2Fikon
B.L	uk	1982
B.L	uk	25+%3F%3F%3F%3F%3F%3F
B.L	uk	%3F%3F%3F%3F%3F%3F%3F%3F%3F
B.L	uk	%3F%3F%3F%3F%3F%3F%3F
B.L	uk	%3F%3F%3F%3F%3F+%3F%3F%3F%3F%3F%3F%3F%3F
B.L	uk	%3F%3F%3F%3F%3F%3F
B.L	uk	%3F%3F%3F%3F%3F+%3F%3F%3F%3F%3F%3F%3F%3F%3F%3F%3F+%3F%3F%3F%3F+2004
B.L	uk	%3F%3F%3F%3F%3F+%3F%3F%3F%3F%3F%3F%3F%3F%3F%3F%3F+%3F%3F%3F%3F+2008
B.L	uk	%3F%3F%3F%3F%3F%3F%3F%3F+%3F%3F%3F%3F
B.L	uk	%3F%3F%3F%3F%3F%3F%3F%3F%3F
B.L	uk	%3F%3F%3F%3F%3F%3F%3F%3F%3F%3F%3F%3F+%3F%3F%3F%3F%3F%3F%3F
B.L	uk	%3F%3F%3F%3F%3F%3F%3F%3F%3F%3F%3F+%3F%3F%3F%3F
B.L	uk	%3F%3F%3F%3F%3F%3F%3F%3F%3F%3A%3F%3F+%3F%3F%3F%3F%3F%3F%3F%3F%3F%3F+%3F%3F%3F%3F%3F%3F
B.L	sv	16+juli
B.L	sv	1982
B.L	sv	2007
B.L	sv	2008
B.L	sv	25+augusti
B.L	sv	Aten
B.L	sv	Bulgarien
B.L	sv	Chemnitz
B.L	sv	December
B.L	sv	EM+i+tyngdlyftning+2005
B.L	sv	EM+i+tyngdlyftning+2008
B.L	sv	Falu+AK
B.L	sv	Hav%EF%BF%BD%3Fov
B.L	sv	Heidelberg
B.L	sv	Italien
B.L	sv	Kalmar
B.L	sv	Kroatien
B.L	sv	Leimen
B.L	sv	Lettland
B.L	sv	Lignano+Sabbiadoro
B.L	sv	Nieder%EF%BF%BDsterreich
B.L	sv	Olympiska+sommarspelen+2004
B.L	sv	Olympiska+sommarspelen+2008
B.L	sv	Peking
B.L	sv	Rijeka
B.L	sv	Sachsen
B.L	sv	Sofia
B.L	sv	Sport%EF%BF%BDret+2000
B.L	sv	Sport%EF%BF%BDret+2001
B.L	sv	Sport%EF%BF%BDret+2002
B.L	sv	Sport%EF%BF%BDret+2004
B.L	sv	Sport%EF%BF%BDret+2005
B.L	sv	Sverige
B.L	sv	Tjeckien
B.L	sv	Tyngdlyftning
B.L	sv	Tyngdlyftning+vid+olympiska+sommarspelen+2008
B.L	sv	Tyskland
B.L	sv	Viktors+%EF%BF%BD%3Ferbatihs
B.L	sv	Wien
B.L	sv	Zwickau
B.L	sv	%EF%BF%BDsterrike
B.L	ru	1982+%3F%3F%3F
B.L	ru	1995+%3F%3F%3F
B.L	ru	25+%3F%3F%3F%3F%3F%3F%3F
B.L	ru	%3F%3F%3F%3F%3F%3F%3F
B.L	ru	%3F%3F%3F%3F
B.L	ru	%3F%3F%3F%3F%3F%3F%3F%3F
B.L	ru	%3F%3F%3F%3F%3F%3F+%3F%3F%3F%3F%3F%3F%3F%3F%3F%3F%3F+%3F%3F%3F%3F
B.L	ru	%3F%3F%3F%3F%3F%3F+%3F%3F%3F%3F%3F%3F%3F%3F%3F%3F%3F+%3F%3F%3F%3F+2004
B.L	ru	%3F%3F%3F%3F%3F%3F+%3F%3F%3F%3F%3F%3F%3F%3F%3F%3F%3F+%3F%3F%3F%3F+2008
B.L	ru	%3F%3F%3F%3F%3F%3F%3F%3F+%3F%3F%3F%3F
B.L	ru	%3F%3F%3F%3F%3F%3F%3F%3F%3F%3F%3F+%3F%3F%3F%3F
B.L	ru	%3F%3F%3F%3F%3F%3F%3F+%3F%3F%3F%3F%3F%3F%3F%3F
B.L	ru	%3F%3F%3F%3F%3F%3F%3F+%3F%3F%3F%3F%3F%3F%3F%3F+%3F%3F+%3F%3F%3F%3F%3F%3F+%3F%3F%3F%3F%3F%3F%3F%3F%3F%3F%3F+%3F%3F%3F%3F%3F+2008
B.L	ru	%3F%3F%3F%3F%3F%3F%3F%3F%3F+%3F%3F%3F%3F%3F%3F+%3F%3F+%3F%3F%3F%3F%3F%3F%3F+%3F%3F%3F%3F%3F%3F%3F%3F
B.L	ru	%3F%3F%3F%3F%3F%3F%3F%3F%3F+%3F%3F%3F%3F%3F%3F+%3F%3F+%3F%3F%3F%3F%3F%3F%3F+%3F%3F%3F%3F%3F%3F%3F%3F+2008
B.L	ru	%3F%3F%3F%3F%3F%3F%3F%3F%3F+%3F%3F%3F%3F%3F%3F+%3F%3F+%3F%3F%3F%3F%3F%3F%3F+%3F%3F%3F%3F%3F%3F%3F%3F+2010
B.L	ru	%3F%3F%3F%3F%3F%3F%3F%3F%3F+%3F%3F%3F%3F+%3F%3F+%3F%3F%3F%3F%3F%3F%3F+%3F%3F%3F%3F%3F%3F%3F%3F
B.L	ru	%3F%3F%3F%3F%3F%3F%3F%3F%3F+%3F%3F%3F%3F+%3F%3F+%3F%3F%3F%3F%3F%3F%3F+%3F%3F%3F%3F%3F%3F%3F%3F+2010
B.L	ru	%3F%3F%3F%3F%3F%3F%3F
B.L	ru	%3F%3F%3F%3F%3F%3F%3F%3F%3F%3A%3F%3F%3F%3F%3F%3F%3F%3F%3F+%3F%3F%3F%3F%3F%3F
B.L	ru	%3F%3F%3F%3F%3F%3F%3F%3F%3F%3A%3F%3F%3F%3F%3F%3F%3F+%3F+%3F%3F%3F%3F%3F%3F%3F%3F
B.L	pt	1982
B.L	pt	25+de+agosto
B.L	pt	Alemanha
B.L	pt	Artem+Udatchin
B.L	pt	Behdad+Salimi
B.L	pt	Campeonato+Europeu+de+Halterofilismo
B.L	pt	Campeonato+Mundial+J%EF%BF%BDnior+de+Halterofilismo
B.L	pt	Campeonato+Mundial+de+Halterofilismo
B.L	pt	Halterofilismo
B.L	pt	Halterofilismo+nos+Jogos+Ol%EF%BF%BDmpicos+de+Ver%EF%BF%BDo+de+2008
B.L	pt	Halterofilismo+nos+Jogos+Ol%EF%BF%BDmpicos+de+Ver%EF%BF%BDo+de+2008+-+Mais+de+105+kg+masculino
B.L	pt	Ievgueni+Tchiguichev
B.L	pt	Ir%EF%BF%BDo
B.L	pt	Jogos+Ol%EF%BF%BDmpicos
B.L	pt	Let%EF%BF%BDnia
B.L	pt	L%EF%BF%BDngua+alem%EF%BF%BD
B.L	pt	Ucr%EF%BF%BDnia
B.L	pt	Viena
B.L	pt	Viktors+%EF%BF%BD%3Ferbatihs
B.L	pt	%EF%BF%BDustria
CN	de	Matthias_Steiner
IWL	fi	Matthias+Steiner
IWL	fr	Matthias+Steiner
IWL	fa	%3F%3F%3F%3F%3F%3F+%3F%3F%3F%3F%3F%3F%3F
IWL	en	Matthias+Steiner
IWL	es	Matthias+Steiner
IWL	no	Matthias+Steiner
IWL	pl	Matthias+Steiner
IWL	ko	%3F%3F%3F%3F+%3F%3F%3F%3F
IWL	hu	Matthias+Steiner
IWL	uk	%3F%3F%3F%3F%3F%3F%3F+%3F%3F%3F%3F%3F%3F%3F
IWL	sv	Matthias+Steiner
IWL	ru	%3F%3F%3F%3F%3F%3F%3F%2C+%3F%3F%3F%3F%3F%3F%3F
IWL	pt	Matthias+Steiner
