A.L	de	1954
A.L	de	25. Juli
A.L	de	AKW Philippsburg
A.L	de	AKW Stade
A.L	de	Abendzeitung
A.L	de	Abgeordnetenwatch.de
A.L	de	Adoption (Deutschland)
A.L	de	Akademie Waldschlößchen
A.L	de	Aktivist
A.L	de	Allgemeiner Studierendenausschuss
A.L	de	Altfahrzeugverordnung
A.L	de	Andrea Fischer (Grüne)
A.L	de	Angela Merkel
A.L	de	Angelika Beer
A.L	de	Anja Piel
A.L	de	Anja Siegesmund
A.L	de	Annemarie Borgmann
A.L	de	Antje Hermenau
A.L	de	Antje Kapek
A.L	de	Antje Radcke
A.L	de	Antje Vollmer
A.L	de	Atomausstieg
A.L	de	Atomgesetz (Deutschland)
A.L	de	Atomkonsens
A.L	de	Atommülltransporte in Deutschland
A.L	de	August Haußleiter
A.L	de	Ausschuss für Angelegenheiten der Europäischen Union
A.L	de	Auswärtiger Ausschuss
A.L	de	Auswärtiges Amt
A.L	de	Axel Vogel
A.L	de	Berlin-Pankow
A.L	de	Bild (Zeitung)
A.L	de	Bilderberg-Konferenz
A.L	de	Bodo Hombach
A.L	de	Bremen
A.L	de	Bremen-Vegesack
A.L	de	Brigitte Pothmer
A.L	de	Brigitte Zypries
A.L	de	Bundesamt für Verfassungsschutz
A.L	de	Bundeskanzler (Deutschland)
A.L	de	Bundesministerium für Gesundheit (Deutschland)
A.L	de	Bundesministerium für Umwelt, Naturschutz und Reaktorsicherheit
A.L	de	Bundesministerium für Verbraucherschutz, Ernährung und Landwirtschaft
A.L	de	Bundesnaturschutzgesetz
A.L	de	Bundestagsfraktion Bündnis 90/Die Grünen
A.L	de	Bundestagspräsident
A.L	de	Bundestagswahl 1998
A.L	de	Bundestagswahl 2002
A.L	de	Bundestagswahl 2005
A.L	de	Bundestagswahl 2009
A.L	de	Bundestagswahl 2013
A.L	de	Bundestagswahlkreis Göttingen
A.L	de	Bundeswehr
A.L	de	Bärbel Rust
A.L	de	Bündnis 90/Die Grünen
A.L	de	Bürgertum
A.L	de	Cem Özdemir
A.L	de	Chantilly (Virginia)
A.L	de	Christa Vennegerts
A.L	de	Christian Schmidt (Grüne)
A.L	de	Christine Bergmann
A.L	de	Christine Weiske
A.L	de	Claudia Dalbert
A.L	de	Claudia Roth
A.L	de	Daniel Köbler
A.L	de	Demonstration
A.L	de	Der Rechte Rand
A.L	de	Der Spiegel
A.L	de	Der Tagesspiegel
A.L	de	Deutsch-US-amerikanische Beziehungen
A.L	de	Deutsche Energiewirtschaft
A.L	de	Deutsche Nationalbibliothek
A.L	de	Deutschland
A.L	de	Die tageszeitung
A.L	de	Dieter Burgmann
A.L	de	Diplom-Sozialwirt
A.L	de	Direktmandat
A.L	de	Dosenpfand
A.L	de	Eckart Spoo
A.L	de	Edelgard Bulmahn
A.L	de	Edith Sitzmann
A.L	de	Edward Snowden
A.L	de	Eka von Kalben
A.L	de	Energiepolitik
A.L	de	Energiewende
A.L	de	Erdöl
A.L	de	Erneuerbare-Energien-Gesetz
A.L	de	Erneuerbare Energien
A.L	de	Erststimme
A.L	de	Europa-Union Parlamentariergruppe Deutscher Bundestag
A.L	de	Europapolitik
A.L	de	Europäische Union
A.L	de	Europäisches Parlament
A.L	de	Fachschaftsrat
A.L	de	Feierliches Gelöbnis
A.L	de	Fraktion (Bundestag)
A.L	de	Fraktion (Politik)
A.L	de	Fraktionsvorsitzender
A.L	de	Franz Müntefering
A.L	de	Franz Walter (Politikwissenschaftler)
A.L	de	Fritz Kuhn
A.L	de	Fritz Tecklenborg
A.L	de	Fundi
A.L	de	Gelöbnix
A.L	de	Gemeinsame Normdatei
A.L	de	Georg-August-Universität Göttingen
A.L	de	Gerhard-Rohlfs-Oberschule
A.L	de	Gerhard Schröder
A.L	de	Gruppe Internationale Marxisten
A.L	de	Gruppe Z
A.L	de	Gunda Röstel
A.L	de	Göttinger Mescalero
A.L	de	Hannegret Hönes
A.L	de	Hannover
A.L	de	Hans-Christian Ströbele
A.L	de	Hans Eichel
A.L	de	Hausbesetzer
A.L	de	Heide Rühle
A.L	de	Heidemarie Wieczorek-Zeul
A.L	de	Helmut Kohl
A.L	de	Helmut Lippelt
A.L	de	Herta Däubler-Gmelin
A.L	de	Herzinfarkt
A.L	de	Hubert Ulrich
A.L	de	Hüttendorf
A.L	de	Jens Kerstan
A.L	de	Joschka Fischer
A.L	de	Journalist
A.L	de	Jutta Ditfurth
A.L	de	Jürgen Ahrens
A.L	de	Jürgen Suhr
A.L	de	K-Gruppe
A.L	de	KZ Bergen-Belsen
A.L	de	Kabinett Schröder I
A.L	de	Kabinett Schröder II
A.L	de	Kabinett Schröder I (Niedersachsen)
A.L	de	Karl-Heinz Funke
A.L	de	Katrin Göring-Eckardt
A.L	de	Kerstin Müller
A.L	de	Klaus Töpfer
A.L	de	Klimapolitik
A.L	de	Kommunistischer Bund
A.L	de	Konfirmation
A.L	de	Kriegsdienstverweigerung in Deutschland
A.L	de	Kriegsgefangene des Zweiten Weltkrieges
A.L	de	Krista Sager
A.L	de	Kurt Bodewig
A.L	de	Landesliste
A.L	de	Laurenz Meyer
A.L	de	Library of Congress Control Number
A.L	de	Liste der deutschen Umweltminister
A.L	de	Liste von Teilnehmern an Bilderberg-Konferenzen
A.L	de	Ludger Volmer
A.L	de	Lukas Beckmann
A.L	de	Manfred Stolpe
A.L	de	Manon Andreas-Grisebach
A.L	de	Maoismus
A.L	de	Margarete Bause
A.L	de	Marianne Birthler
A.L	de	Marieluise Beck
A.L	de	Markus Söder
A.L	de	Martin Runge (Politiker)
A.L	de	Massaker von My Lai
A.L	de	Matthias Güldner
A.L	de	Michael Buback
A.L	de	Michael Glos
A.L	de	Militanz
A.L	de	Munzinger-Archiv
A.L	de	NATO
A.L	de	National Security Agency
A.L	de	Nationales Klimaschutzprogramm
A.L	de	Niedersachsen
A.L	de	Niedersächsischer Landtag
A.L	de	Norbert Mann
A.L	de	Norbert Röttgen
A.L	de	Nordrhein-Westfalen
A.L	de	Oskar Lafontaine
A.L	de	Otto Schily
A.L	de	Parteichef
A.L	de	Parteirat
A.L	de	Patriotismus
A.L	de	Peer Steinbrück
A.L	de	Peter Altmaier
A.L	de	Peter Struck
A.L	de	Petra Kelly
A.L	de	Polemik
A.L	de	Politiker
A.L	de	Prokurist
A.L	de	Rainer Trampert
A.L	de	Ralf Fücks
A.L	de	Ramona Pop
A.L	de	Rat der Europäischen Union
A.L	de	Realo
A.L	de	Rebekka Schmidt
A.L	de	Regina Michalik
A.L	de	Regula Schmidt-Bott
A.L	de	Reiner Priggen
A.L	de	Reinhard Bütikofer
A.L	de	Reinhard Klimmt
A.L	de	Renate Damus
A.L	de	Renate Künast
A.L	de	Renate Schmidt
A.L	de	Republik Freies Wendland
A.L	de	Ressort
A.L	de	Rezzo Schlauch
A.L	de	Richtlinie 2000/53/EG über Altfahrzeuge
A.L	de	Richtlinienkompetenz
A.L	de	Rot-grüne Koalition
A.L	de	Rotationsprinzip
A.L	de	Rote Armee Fraktion
A.L	de	Rudolf Scharping
A.L	de	Ruth Hammerbacher
A.L	de	SS-Obersturmführer
A.L	de	Sabine Bard
A.L	de	Salonbolschewist
A.L	de	Schwarz-gelbe Koalition
A.L	de	Siegfried Buback
A.L	de	Sigmar Gabriel
A.L	de	Skinhead
A.L	de	Sozialwissenschaften
A.L	de	Spiegel Online
A.L	de	Sponti
A.L	de	Stadtrat
A.L	de	Studentenparlament
A.L	de	Süddeutsche Zeitung
A.L	de	Tarek Al-Wazir
A.L	de	Tauwerk
A.L	de	Thomas Ebermann
A.L	de	Thomas Oppermann (Politiker)
A.L	de	Tortenwurf
A.L	de	Trennung von Amt und Mandat
A.L	de	Trotzkismus
A.L	de	Tz
A.L	de	Ulla Schmidt
A.L	de	Vegesack
A.L	de	Ver.di
A.L	de	Vereidigung und Gelöbnis von Soldaten der Bundeswehr
A.L	de	Verena Krieger
A.L	de	Virtual International Authority File
A.L	de	Waffen-SS
A.L	de	Walter Riester
A.L	de	Walter Wallmann
A.L	de	Waltraud Schoppe
A.L	de	Web NDL Authorities
A.L	de	Wehrdienst
A.L	de	Wehrpflicht
A.L	de	Weltfriedensdienst
A.L	de	Werder Bremen
A.L	de	Werner Müller (Politiker)
A.L	de	Werner Schulz
A.L	de	Wiederaufarbeitung
A.L	de	Wiesenhof
A.L	de	Wilhelm Knabe
A.L	de	Willi Hoss
A.L	de	Wolfgang Clement
A.L	de	Zivildienst
A.L	de	Ökosteuer (Deutschland)
A.L	de	Hilfe:Personendaten
B.L	fr	18 octobre
B.L	fr	1949
B.L	fr	1954
B.L	fr	1973
B.L	fr	1980
B.L	fr	1982
B.L	fr	1985
B.L	fr	1986
B.L	fr	1988
B.L	fr	1990
B.L	fr	1994
B.L	fr	1995
B.L	fr	1998
B.L	fr	2002
B.L	fr	2005
B.L	fr	2008
B.L	fr	2009
B.L	fr	2013
B.L	fr	21 juin
B.L	fr	21 mars
B.L	fr	22 novembre
B.L	fr	22 octobre
B.L	fr	25 juillet
B.L	fr	27 octobre
B.L	fr	27 septembre
B.L	fr	4 octobre
B.L	fr	Abitur
B.L	fr	Allemagne
B.L	fr	Allemagne de l'Ouest
B.L	fr	Allemand
B.L	fr	Alliance 90 / Les Verts
B.L	fr	Andrea Fischer
B.L	fr	Angela Merkel
B.L	fr	Attaché de presse
B.L	fr	Autorité (sciences de l'information)
B.L	fr	Basse-Saxe
B.L	fr	Björn Engholm
B.L	fr	Bodo Hombach
B.L	fr	Brigitte Zypries
B.L	fr	Brême
B.L	fr	Bundestag
B.L	fr	Cabinet Kohl V
B.L	fr	Cabinet Merkel I
B.L	fr	Cabinet Schröder I
B.L	fr	Cabinet Schröder II
B.L	fr	Cabinet Schröder I (Basse-Saxe)
B.L	fr	Chancelier fédéral (Allemagne)
B.L	fr	Chancellerie fédérale (Allemagne)
B.L	fr	Christine Bergmann
B.L	fr	Coalition rouge-verte (Allemagne)
B.L	fr	Edelgard Bulmahn
B.L	fr	Franz Müntefering
B.L	fr	Fritz Kuhn
B.L	fr	Gerhard Schröder
B.L	fr	Gouvernement fédéral (Allemagne)
B.L	fr	Grande coalition (Allemagne)
B.L	fr	Groupe Alliance 90 / Les Verts au Bundestag
B.L	fr	Groupe d'Alliance 90 / Les Verts au Bundestag
B.L	fr	Hans Eichel
B.L	fr	Heidemarie Wieczorek-Zeul
B.L	fr	Heinrich Lübke
B.L	fr	Hermann Höcherl
B.L	fr	Herta Däubler-Gmelin
B.L	fr	Horst Seehofer
B.L	fr	Ignaz Kiechle
B.L	fr	Ilse Aigner
B.L	fr	Jochen Borchert
B.L	fr	Joschka Fischer
B.L	fr	Josef Ertl
B.L	fr	Journaliste
B.L	fr	Juillet 1954
B.L	fr	Juin 1990
B.L	fr	KB
B.L	fr	Karl-Heinz Funke
B.L	fr	Klaus Töpfer
B.L	fr	Kurt Bodewig
B.L	fr	Land (Allemagne)
B.L	fr	Landtag
B.L	fr	Majorité absolue
B.L	fr	Manfred Stolpe
B.L	fr	Mars 1982
B.L	fr	Ministre-président (Basse-Saxe)
B.L	fr	Ministre fédéral avec attributions spéciales
B.L	fr	Ministère fédéral de l'Agriculture (Allemagne)
B.L	fr	Ministère fédéral de l'Environnement (Allemagne)
B.L	fr	Ministère fédéral de l'Intérieur (Allemagne)
B.L	fr	Ministère fédéral de l'Économie (Allemagne)
B.L	fr	Ministère fédéral de l'Éducation et de la Recherche (Allemagne)
B.L	fr	Ministère fédéral de la Coopération économique (Allemagne)
B.L	fr	Ministère fédéral de la Défense (Allemagne)
B.L	fr	Ministère fédéral de la Famille (Allemagne)
B.L	fr	Ministère fédéral de la Justice (Allemagne)
B.L	fr	Ministère fédéral de la Santé (Allemagne)
B.L	fr	Ministère fédéral des Finances (Allemagne)
B.L	fr	Ministère fédéral des Transports et de la Construction (Allemagne)
B.L	fr	Ministère fédéral du Travail (Allemagne)
B.L	fr	Norbert Röttgen
B.L	fr	Novembre 2005
B.L	fr	Nucléaire civil
B.L	fr	Octobre
B.L	fr	Octobre 1998
B.L	fr	Octobre 2002
B.L	fr	Octobre 2005
B.L	fr	Octobre 2009
B.L	fr	Office des Affaires étrangères (Allemagne)
B.L	fr	Oskar Lafontaine
B.L	fr	Otto Schily
B.L	fr	Personnalité politique
B.L	fr	Peter Altmaier
B.L	fr	Peter Struck
B.L	fr	Politique de l'Allemagne
B.L	fr	Protocole de Kyoto
B.L	fr	Reinhard Klimmt
B.L	fr	Renate Künast
B.L	fr	Renate Schmidt
B.L	fr	Rudolf Scharping
B.L	fr	SPD
B.L	fr	Sciences sociales
B.L	fr	Septembre 1998
B.L	fr	Septembre 2009
B.L	fr	Service civil
B.L	fr	Service militaire
B.L	fr	Sigmar Gabriel
B.L	fr	Sortie du nucléaire civil
B.L	fr	Ulla Schmidt
B.L	fr	Université de Göttingen
B.L	fr	Vice-chancelier (Allemagne)
B.L	fr	Walter Riester
B.L	fr	Walter Wallmann
B.L	fr	Werner Müller
B.L	fr	Werner Schwarz (CDU)
B.L	fr	Wilhelm Niklas
B.L	fr	Wolfgang Clement
B.L	fr	Élections fédérales allemandes de 1998
B.L	fr	Élections fédérales allemandes de 2009
B.L	fr	Énergies renouvelables
B.L	fr	Modèle:Palette Cabinet Schröder
B.L	fr	Modèle:Palette Ministres de l'Agriculture allemands
B.L	fr	Modèle:Palette Ministres de l'Environnement allemands
B.L	fr	Discussion modèle:Palette Cabinet Schröder
B.L	fr	Discussion modèle:Palette Ministres de l'Agriculture allemands
B.L	fr	Discussion modèle:Palette Ministres de l'Environnement allemands
B.L	fr	Catégorie:Portail:Allemagne/Articles liés
B.L	fr	Catégorie:Portail:Environnement/Articles liés
B.L	fr	Catégorie:Portail:Politique/Articles liés
B.L	fr	Portail:Allemagne
B.L	fr	Portail:Environnement
B.L	fr	Portail:Politique
B.L	eo	1954
B.L	eo	1990
B.L	eo	1994
B.L	eo	1998
B.L	eo	2005
B.L	eo	2009
B.L	eo	25-an de julio
B.L	eo	27-a de septembro
B.L	eo	Alianco 90/La Verduloj
B.L	eo	Biografio
B.L	eo	Bremen
B.L	eo	Bundestag
B.L	eo	Federacia kanceliero (Germanio)
B.L	eo	Federacia lando (Germanio)
B.L	eo	Gerhard Schröder
B.L	eo	Germana Nacia Biblioteko
B.L	eo	Malsupra Saksio
B.L	eo	Naturprotekto
B.L	eo	Nuklea centralo
B.L	eo	Parlamenta baloto en Germanio 2009
B.L	eo	Politikisto
B.L	eo	Renate Künast
B.L	eo	Vikipedio:La perfekta ĝermo de artikolo
B.L	eo	Vikipedio:Tradukoj
B.L	eo	Vikipedio:Trovi aŭ kreskigi ĝermojn
B.L	eo	Kategorio:Ĝermoj pri biografio
B.L	en	Alliance '90/The Greens
B.L	en	Alliance 90/The Greens
B.L	en	Alma mater
B.L	en	Angela Merkel
B.L	en	Authority control
B.L	en	Bild-Zeitung
B.L	en	Bremen
B.L	en	Bremen (city)
B.L	en	Bundestag
B.L	en	Bündnis 90/Die Grünen
B.L	en	Christian Wulff
B.L	en	Defamation
B.L	en	European Union
B.L	en	Federal Ministry for Environment, Nature Conservation and Nuclear Safety (Germany)
B.L	en	Frankfurter Rundschau
B.L	en	Fritz Kuhn
B.L	en	Gerhard Schröder
B.L	en	Germany
B.L	en	Green Party (Germany)
B.L	en	Göttingen
B.L	en	Horst Köhler
B.L	en	Hurricane Katrina
B.L	en	Incumbent
B.L	en	Joachim Gauck
B.L	en	Johannes Rau
B.L	en	Kyoto protocol
B.L	en	Lower Saxony
B.L	en	Nuclear power
B.L	en	Nuclear power in Germany
B.L	en	Nuclear power phase-out
B.L	en	Renate Künast
B.L	en	Roman Herzog
B.L	en	Sigmar Gabriel
B.L	en	Social Democratic Party of Germany
B.L	en	Social Economy
B.L	en	University of Göttingen
B.L	en	Virtual International Authority File
B.L	en	Wikipedia:Biographies of living persons
B.L	en	Wikipedia:Citing sources
B.L	en	Wikipedia:Persondata
B.L	en	Wikipedia:Reliable sources
B.L	en	Wikipedia:Verifiability
B.L	en	Category:BLP articles lacking sources from May 2012
B.L	en	Category:Use dmy dates from May 2013
B.L	es	1954
B.L	es	1982
B.L	es	1984
B.L	es	1985
B.L	es	1990
B.L	es	1994
B.L	es	1998
B.L	es	2005
B.L	es	25 de julio
B.L	es	Abandono de la energía nuclear
B.L	es	Alianza 90/Los Verdes
B.L	es	Baja Sajonia
B.L	es	Bild-Zeitung
B.L	es	Bremen
B.L	es	Bundestag
B.L	es	Frankfurter Rundschau
B.L	es	Gerhard Schröder
B.L	es	Göttingen
B.L	es	Huracán Katrina
B.L	es	Landtag
B.L	es	Partido Socialdemócrata de Alemania
B.L	es	Protocolo de Kyoto
B.L	es	Renate Künast
B.L	es	Unión Demócrata Cristiana de Alemania
B.L	es	Unión Social Cristiana de Baviera
B.L	es	Wikimedia Commons
B.L	nds	1954
B.L	nds	25. Juli
B.L	nds	Abitur
B.L	nds	Akademie Waldschlößchen
B.L	nds	Allgemeen Studerendenutschuss
B.L	nds	Anduern-Energien-Gesett
B.L	nds	Anduern Energie
B.L	nds	Angela Merkel
B.L	nds	Atomindustrie
B.L	nds	Atomkonsens
B.L	nds	Atomkraftgegner
B.L	nds	Atomutstieg
B.L	nds	Björn Engholm
B.L	nds	Brigitte Pothmer
B.L	nds	Bundsdagspräsident
B.L	nds	Bundsdagswahl 2005
B.L	nds	Bundsdagswahl 2009
B.L	nds	Bundskanzler (Düütschland)
B.L	nds	Bundsministerium för Nehren, Landweertschap un Brukerschuul
B.L	nds	Bundsministerium för Ümwelt, Naturschuul un Reaktersekerheit
B.L	nds	Bundsregeren (Düütschland)
B.L	nds	Bundsrepubliek Düütschland
B.L	nds	Bündnis 90/De Grönen
B.L	nds	Chöttingen
B.L	nds	Chöttinger Mescalero
B.L	nds	Der Rechte Rand
B.L	nds	Der Tagesspiegel
B.L	nds	Die tageszeitung
B.L	nds	Diplom-Sozialweert
B.L	nds	Dosenpand
B.L	nds	Driefhuusgas
B.L	nds	Düütsch Natschonalbökeree
B.L	nds	Eerdööl
B.L	nds	Europa-Union Parlamentariergrupp Düütsch Bundsdag
B.L	nds	Fierlich Lüft
B.L	nds	Frakschoon (Bundsdag)
B.L	nds	Fritz Kuhn
B.L	nds	Fundi
B.L	nds	Georg-August-Universität
B.L	nds	Gerhard Schröder
B.L	nds	Heinrich Lübke
B.L	nds	Hermann Höcherl
B.L	nds	Horst Seehofer
B.L	nds	Ignaz Kiechle
B.L	nds	Ilse Aigner
B.L	nds	Joschka Fischer
B.L	nds	Josef Ertl
B.L	nds	Journalist
B.L	nds	Jürgen Borchert
B.L	nds	Kabinett Schröder I
B.L	nds	Kabinett Schröder II
B.L	nds	Kabinett Schröder I (Neddersassen)
B.L	nds	Karl-Heinz Funke
B.L	nds	Karnkraftwark
B.L	nds	Klaus Töpfer
B.L	nds	Klimapolitik
B.L	nds	Kommunistisch Bund
B.L	nds	Kyoto-Protokoll
B.L	nds	Landslist
B.L	nds	Laurenz Meyer
B.L	nds	Markus Söder
B.L	nds	Michael Buback
B.L	nds	Michael Glos
B.L	nds	Neddersassen
B.L	nds	Neddersass’sch Landdag
B.L	nds	Norbert Röttgen
B.L	nds	Pankow
B.L	nds	Parteibaas
B.L	nds	Parteiraat
B.L	nds	Patriotismus
B.L	nds	Peter Altmaier
B.L	nds	Politik
B.L	nds	Realo
B.L	nds	Renate Künast
B.L	nds	Rode Armee Frakschoon
B.L	nds	Rotatschoonsprinzip
B.L	nds	Scheden vun Amt un Mandat
B.L	nds	Siegfried Buback
B.L	nds	Sigmar Gabriel
B.L	nds	Skinhead
B.L	nds	Solarnenergie
B.L	nds	Sozialwetenschoppen
B.L	nds	Studentenparlament
B.L	nds	Utschuss för Saaken vun de Europääschen Union
B.L	nds	Utwärtig Utschuss
B.L	nds	Vegesack (Stadtdeel)
B.L	nds	Ver.di
B.L	nds	Walter Wallmann
B.L	nds	Wehrdeenst
B.L	nds	Wehrdeenstverwegern
B.L	nds	Weltfredensdeenst
B.L	nds	Werner Schwarz
B.L	nds	Wetenschopplich Mitarbeiter
B.L	nds	Wikimedia Commons
B.L	nds	Wilhelm Niklas
B.L	nds	Windenergie
B.L	nds	Zivildeenst
B.L	nds	Ökologie
B.L	als	25. Juli
B.L	als	Andrea Fischer (Grüne)
B.L	als	Angela Merkel
B.L	als	Berlin-Pankow
B.L	als	Bremen
B.L	als	Bremen-Vegesack
B.L	als	Bundeskanzler (Deutschland)
B.L	als	Bundeswehr
B.L	als	Bündnis 90/Die Grünen
B.L	als	Deutscher Bundestag
B.L	als	Deutschland
B.L	als	Diplom-Sozialwirt
B.L	als	Europäische Union
B.L	als	Europäisches Parlament
B.L	als	Fritz Kuhn
B.L	als	Georg-August-Universität Göttingen
B.L	als	Gerhard Schröder
B.L	als	Gunda Röstel
B.L	als	Helmut Kohl
B.L	als	Herzinfarkt
B.L	als	Joschka Fischer
B.L	als	KZ Bergen-Belsen
B.L	als	Katrin Göring-Eckardt
B.L	als	Krista Sager
B.L	als	Niedersachsen
B.L	als	Nordrhein-Westfalen
B.L	als	Politiker
B.L	als	Renate Künast
B.L	als	Sowjetunion
B.L	als	Sozialwissenschaften
B.L	als	Thomas Oppermann (Politiker)
B.L	als	Vegesack
B.L	als	Waffen-SS
B.L	als	Wehrdienst
B.L	als	Wolfgang Clement
B.L	als	Zivildienst
B.L	als	Zweiter Weltkrieg
B.L	als	Wikipedia:Personendaten
B.L	no	1954
B.L	no	25. juli
B.L	no	Angela Merkel
B.L	no	Angelika Beer
B.L	no	Antje Radcke
B.L	no	August Haußleiter
B.L	no	Bremen
B.L	no	Brigitte Zypries
B.L	no	Bündnis 90/Die Grünen
B.L	no	Cem Özdemir
B.L	no	Christian Schmidt (Grüne)
B.L	no	Christine Weiske
B.L	no	Claudia Roth
B.L	no	Dieter Burgmann
B.L	no	Edelgard Bulmahn
B.L	no	FAZ
B.L	no	Forbundsdagen
B.L	no	Fritz Kuhn
B.L	no	Gerhard Schröder
B.L	no	Gerhard Schröders andre regjering
B.L	no	Gerhard Schröders første regjering
B.L	no	Gunda Röstel
B.L	no	Hans-Christian Ströbele
B.L	no	Hans Eichel
B.L	no	Heide Rühle
B.L	no	Heidemarie Wieczorek-Zeul
B.L	no	Joschka Fischer
B.L	no	Jutta Ditfurth
B.L	no	Katrin Göring-Eckardt
B.L	no	Krista Sager
B.L	no	Library of Congress Control Number
B.L	no	Liste over Tysklands miljøvernministre
B.L	no	Ludger Volmer
B.L	no	Lukas Beckmann
B.L	no	Manfred Stolpe
B.L	no	Manon Maren-Griesebach
B.L	no	Marianne Birthler
B.L	no	Niedersachsen
B.L	no	Norbert Mann
B.L	no	Otto Schily
B.L	no	Personennamendatei
B.L	no	Peter Struck
B.L	no	Petra Kelly
B.L	no	Rainer Trampert
B.L	no	Ralf Fücks
B.L	no	Rebekka Schmidt
B.L	no	Regina Michalik
B.L	no	Reinhard Bütikofer
B.L	no	Renate Damus
B.L	no	Renate Künast
B.L	no	Renate Schmidt
B.L	no	Ruth Hammerbacher
B.L	no	Sigmar Gabriel
B.L	no	Tyskland
B.L	no	Tysklands valg
B.L	no	Ulla Schmidt
B.L	no	Valget i Tyskland 2013
B.L	no	Valgkrets
B.L	no	Verena Krieger
B.L	no	Virtual International Authority File
B.L	no	Wikimedia Commons
B.L	no	Wilhelm Knabe
B.L	no	Wolfgang Clement
B.L	no	Wikipedia:Portaler
B.L	no	Mal:Partiledere for Bündnis 90/Die Grünen
B.L	no	Mal:Schröders andre kabinett
B.L	no	Maldiskusjon:Partiledere for Bündnis 90/Die Grünen
B.L	no	Maldiskusjon:Schröders andre kabinett
B.L	no	Portal:Tyskland
B.L	oc	Aliança 90/Los Verds
B.L	oc	Gemeinsame Normdatei
B.L	oc	ISNI
B.L	oc	LCCN
B.L	oc	Modèl discussion:Infobox
B.L	oc	NDL
B.L	oc	VIAF
B.L	oc	Wikidata
B.L	oc	Wikimedia Commons
B.L	oc	Òme
B.L	oc	Utilizaire:BoulaurBot
B.L	oc	Modèl:Infobox
B.L	oc	Discussion Modèl:Infobox
B.L	oc	Ajuda:Esbòs
B.L	pl	1954
B.L	pl	1998
B.L	pl	2002
B.L	pl	2005
B.L	pl	25 lipca
B.L	pl	Andrea Fischer
B.L	pl	Biblioteka Kongresu Stanów Zjednoczonych
B.L	pl	Bodo Hombach
B.L	pl	Brema
B.L	pl	Brigitte Zypries
B.L	pl	Bundestag
B.L	pl	Christine Bergmann
B.L	pl	Dolna Saksonia
B.L	pl	Drugi rząd Gerharda Schrödera
B.L	pl	Edelgard Bulmahn
B.L	pl	Franz Müntefering
B.L	pl	Gemeinsame Normdatei
B.L	pl	Gerhard Schröder
B.L	pl	Getynga
B.L	pl	Hans Eichel
B.L	pl	Heidemarie Wieczorek-Zeul
B.L	pl	Herta Däubler-Gmelin
B.L	pl	Joschka Fischer
B.L	pl	Karl-Heinz Funke
B.L	pl	Kontrola autorytatywna
B.L	pl	Kurt Bodewig
B.L	pl	Manfred Stolpe
B.L	pl	Maoizm
B.L	pl	Niemcy
B.L	pl	Online Computer Library Center
B.L	pl	Oskar Lafontaine
B.L	pl	Otto Schily
B.L	pl	Peter Struck
B.L	pl	Pierwszy rząd Gerharda Schrödera
B.L	pl	Reinhard Klimmt
B.L	pl	Renate Künast
B.L	pl	Renate Schmidt
B.L	pl	Rudolf Scharping
B.L	pl	Ulla Schmidt
B.L	pl	Walter Riester
B.L	pl	Werner Müller
B.L	pl	Wolfgang Clement
B.L	pl	Związek 90/Zieloni
B.L	pl	Szablon:Drugi rząd Gerharda Schrödera
B.L	pl	Szablon:Pierwszy rząd Gerharda Schrödera
B.L	pl	Dyskusja szablonu:Drugi rząd Gerharda Schrödera
B.L	pl	Dyskusja szablonu:Pierwszy rząd Gerharda Schrödera
B.L	be-x-old	1954
B.L	be-x-old	1990
B.L	be-x-old	1994
B.L	be-x-old	1998
B.L	be-x-old	2005
B.L	be-x-old	2009
B.L	be-x-old	25 ліпеня
B.L	be-x-old	Брэмэн
B.L	be-x-old	Бундэстаг
B.L	be-x-old	Нямецкая мова
B.L	be-x-old	Нямеччына
B.L	be-x-old	Ніжняя Саксонія
B.L	be-x-old	Палітык
B.L	be-x-old	Хаўрус 90/Зялёныя
B.L	be-x-old	Вікіпэдыя:Ізаляваныя артыкулы
B.L	be-x-old	Вікіпэдыя:Артыкул
B.L	be-x-old	Вікіпэдыя:Артыкулы-сіраціны
B.L	be-x-old	Вікіпэдыя:Накід
B.L	ko	1954년
B.L	ko	1990
B.L	ko	1994
B.L	ko	1998
B.L	ko	2005
B.L	ko	7월 25일
B.L	ko	니더작센
B.L	ko	독일
B.L	ko	독일 녹색당
B.L	ko	독일연방공화국
B.L	ko	독일연방하원
B.L	ko	원내대표
B.L	ko	원자력
B.L	ko	위키미디어 공용
B.L	ko	정치인
B.L	ko	환경부
B.L	ko	위키백과:토막글
B.L	ko	틀:토막글/그림/정치인
B.L	la	10 Novembris
B.L	la	1954
B.L	la	1973
B.L	la	1980
B.L	la	1984
B.L	la	1990
B.L	la	1994
B.L	la	1995
B.L	la	1998
B.L	la	2005
B.L	la	2009
B.L	la	2012
B.L	la	25 Iulii
B.L	la	Administer Foederalis Oecologiae
B.L	la	Andrea Fischer
B.L	la	Angela Merkel
B.L	la	Anscharius Lafontaine
B.L	la	Bodo Hombach
B.L	la	Brema
B.L	la	Brigitta Zypries
B.L	la	Carolus-Hinricus Funke
B.L	la	Catharina Göring-Eckardt
B.L	la	Christina Bergmann
B.L	la	Curtus Bodewig
B.L	la	Dieta Foederalis Germaniae
B.L	la	Edelgarda Bulmahn
B.L	la	Foedus 90/Virides
B.L	la	Franciscus Müntefering
B.L	la	Gerardus Schröder
B.L	la	Gerhardus Schröder
B.L	la	Goettinga
B.L	la	Gualterius Wallmann
B.L	la	Gualterus Riester
B.L	la	Heidemaria Wieczorek-Zeul
B.L	la	Herta Däubler-Gmelin
B.L	la	Ioannes Eichel
B.L	la	Iosephus Fischer
B.L	la	Manfredus Stolpe
B.L	la	Nicolaus Töpfer
B.L	la	Norbertus Röttgen
B.L	la	Otto Schily
B.L	la	Petrus Altmaier
B.L	la	Petrus Struck
B.L	la	Reinhardus Klimmt
B.L	la	Renata Künast
B.L	la	Renata Schmidt
B.L	la	Rudolphus Scharping
B.L	la	SPD
B.L	la	Saxonia Inferior
B.L	la	Sigmarius Gabriel
B.L	la	Ulla Schmidt
B.L	la	Ursula Schmidt
B.L	la	Werner Müller
B.L	la	Wolfgangus Clement
B.L	ja	1954年
B.L	ja	1990年
B.L	ja	1994年
B.L	ja	1998年
B.L	ja	2005年
B.L	ja	2030年
B.L	ja	7月25日
B.L	ja	アビトゥーア
B.L	ja	アンゲラ・メルケル
B.L	ja	アンティエ・ラートケ
B.L	ja	ゲアハルト・シュレーダー
B.L	ja	ゲオルク・アウグスト大学ゲッティンゲン
B.L	ja	ゲッティンゲン
B.L	ja	ジグマール・ガブリエル
B.L	ja	ジャーナリスト
B.L	ja	ドイツ
B.L	ja	ドイツの秋
B.L	ja	ドイツキリスト教民主同盟
B.L	ja	ドイツ人
B.L	ja	ドイツ社会民主党
B.L	ja	ドイツ赤軍
B.L	ja	ドイツ連邦環境・自然保護・原子力安全省
B.L	ja	ドイツ連邦議会
B.L	ja	ドイツ連邦議会2009年選挙
B.L	ja	ニーダーザクセン州
B.L	ja	ネオナチ
B.L	ja	ブレーメン
B.L	ja	ペットボトル
B.L	ja	ルドガー・フォルマー
B.L	ja	レナーテ・キューナスト
B.L	ja	党首
B.L	ja	共産主義
B.L	ja	原子力発電
B.L	ja	同盟90/緑の党
B.L	ja	大連立
B.L	ja	政治家
B.L	ja	欧州連合
B.L	ja	社会経済学
B.L	ja	緑の党 (ドイツ)
B.L	ja	良心的兵役忌避
B.L	ja	連邦首相 (ドイツ)
B.L	ja	風力発電
B.L	sv	1954
B.L	sv	25 juli
B.L	sv	Allians 90/De gröna
B.L	sv	Angela Merkel
B.L	sv	Bremen
B.L	sv	Frankfurter Allgemeine Zeitung
B.L	sv	Göttingen
B.L	sv	Journalist
B.L	sv	Klaus Töpfer
B.L	sv	Kärnkraft
B.L	sv	Miljöminister
B.L	sv	Niedersachsen
B.L	sv	Norbert Röttgen
B.L	sv	Peter Altmaier
B.L	sv	Samhällsvetenskap
B.L	sv	Sigmar Gabriel
B.L	sv	Tyskland
B.L	sv	Walter Wallmann
B.L	sv	Mall:Tysklands miljöministrar
B.L	sv	Malldiskussion:Tysklands miljöministrar
B.L	ru	1954
B.L	ru	1954 год
B.L	ru	1990
B.L	ru	1994
B.L	ru	1998
B.L	ru	2005
B.L	ru	22 ноября
B.L	ru	25 июля
B.L	ru	27 октября
B.L	ru	Bild
B.L	ru	Frankfurter Rundschau
B.L	ru	Альтмайер, Петер
B.L	ru	Бремен
B.L	ru	Вальман, Вальтер
B.L	ru	Викисклад
B.L	ru	Габриэль, Зигмар
B.L	ru	Германия
B.L	ru	Германский бундестаг
B.L	ru	Гёттинген
B.L	ru	Гёттингенский университет
B.L	ru	Катрина (ураган)
B.L	ru	Киотский протокол
B.L	ru	Меркель, Ангела
B.L	ru	Немецкий язык
B.L	ru	Нижняя Саксония
B.L	ru	Партия зелёных (Германия)
B.L	ru	Рёттген, Норберт
B.L	ru	Социал-демократическая партия Германии
B.L	ru	Список министров по охране окружающей среды Германии
B.L	ru	Тёпфер, Клаус
B.L	ru	Шрёдер, Герхард
B.L	ru	Шаблон:Цвет/Германия
CN	de	Jürgen_Trittin
IWL	fr	Jürgen Trittin
IWL	eo	Jürgen Trittin
IWL	en	Jürgen Trittin
IWL	es	Jürgen Trittin
IWL	nds	Jürgen Trittin
IWL	als	Jürgen Trittin
IWL	no	Jürgen Trittin
IWL	oc	Jürgen Trittin
IWL	pl	Jürgen Trittin
IWL	be-x-old	Юрген Трытын
IWL	ko	위르겐 트리틴
IWL	la	Georgius Trittin
IWL	ja	ユルゲン・トリッティン
IWL	sv	Jürgen Trittin
IWL	ru	Триттин, Юрген
