A.L	de	Amt Stollberg
A.L	de	Barbara Stollberg-Rilinger
A.L	de	Bordelum
A.L	de	Burgruine Stollburg
A.L	de	Dietrich Stollberg
A.L	de	Dirk Stollberg
A.L	de	Erhard Stollberg
A.L	de	Fritz Stollberg
A.L	de	Gustav Stollberg (Niedersachsen)
A.L	de	Gustav Stollberg (Preußen)
A.L	de	Landkreis Stollberg
A.L	de	Littau LU
A.L	de	Steigerwald
A.L	de	Stolberg
A.L	de	Stollberg/Erzgeb.
A.L	de	Stollberg (Berg)
A.L	de	Stollberg (Gemeinde Brand-Laaben)
A.L	de	Stollberg (Nordfriesland)
A.L	de	Untergriesbach
A.L	de	Wikipedia:Begriffsklärung
B.L	fr	Arrondissement de Stollberg
B.L	fr	Saxe (Land)
B.L	fr	Stollberg (Saxe)
B.L	fr	Aide:Homonymie
B.L	en	Stolberg (disambiguation)
B.L	en	Stollberg
B.L	en	Stollberg (Amt)
B.L	en	Help:Disambiguation
B.L	pl	Erzgebirgskreis
B.L	pl	Powiat Stollberg
B.L	pl	Saksonia
B.L	pl	Stolberg
B.L	pl	Stollberg/Erzgeb.
B.L	pl	Wspólnota administracyjna Stollberg (Erzgebirge)
B.L	pl	Wikipedia:Strona ujednoznaczniająca
B.L	nl	Stollberg/Erzgeb.
B.L	nl	Stollberg (Noord-Friesland)
B.L	nl	Stollberg (district)
B.L	nl	Wikipedia:Doorverwijspagina
B.L	ro	Sachsen
B.L	ro	Stollberg/Erzgeb.
B.L	ro	Stollberg (district)
B.L	ro	Wikipedia:Articol
B.L	ro	Wikipedia:Dezambiguizare
B.L	ro	Wikipedia:Liste
B.L	ro	Wikipedia:Manual de stil
B.L	ro	Wikipedia:Titluri
CN	de	Stollberg
IWL	fr	Stollberg
IWL	en	Stollberg (disambiguation)
IWL	pl	Stollberg
IWL	nl	Stollberg
IWL	ro	Stollberg (dezambiguizare)
