A.L	de	Antisemitismus
A.L	de	Bad Teinach
A.L	de	Bluna
A.L	de	Charles Wilp
A.L	de	Charts (Musik)
A.L	de	Claim (Werbung)
A.L	de	Coca-Cola
A.L	de	Cola
A.L	de	Deutschland
A.L	de	Deutschland Tour
A.L	de	Die Zeit
A.L	de	Düsseldorf
A.L	de	Energy-Drink
A.L	de	Fachingen
A.L	de	Fotografie
A.L	de	Frankreich
A.L	de	Ghana
A.L	de	Güstrow
A.L	de	Hans Schwippert
A.L	de	Internationale Afri-Cola Deutschland-Rundfahrt 1960
A.L	de	Internationale Afri-Cola Deutschland-Rundfahrt 1961
A.L	de	Internationale Afri-Cola Deutschland-Rundfahrt 1962
A.L	de	Jahrhundertwende
A.L	de	Jupp Ernst
A.L	de	Karl Flach (Unternehmer)
A.L	de	Katholische Kirche
A.L	de	Kißlegg
A.L	de	Koffein
A.L	de	Kult (Status)
A.L	de	Kurzfilm
A.L	de	Köln-Braunsfeld
A.L	de	Liste von Cola-Marken
A.L	de	Lizenz
A.L	de	Markenrecht
A.L	de	Max Keith
A.L	de	Mineralbrunnen Überkingen-Teinach
A.L	de	Nonne
A.L	de	Retro
A.L	de	Saudi-Arabien
A.L	de	Schweiz
A.L	de	Slogan
A.L	de	Soundalike
A.L	de	Spiegel Online
A.L	de	Südafrika
A.L	de	The Flames
A.L	de	Tschechien
A.L	de	Warenmarke
A.L	de	Warenzeichen
A.L	de	Westdeutsche Zeitung
A.L	de	Wettbewerb (Wirtschaft)
A.L	de	Wilhelm Wagenfeld
A.L	de	Willem Sandberg
A.L	de	Wim Wenders
A.L	de	Zucker
A.L	de	Österreich
B.L	fi	1931
B.L	fi	Bluna
B.L	fi	Charles Paul Wilp
B.L	fi	Juoma
B.L	fi	Kolajuoma
B.L	fi	Ravinto
B.L	fi	Ruoka
B.L	fi	Saksa
B.L	fi	Wikipedia:Tynkä
B.L	fi	Luokka:Ruokatyngät
B.L	fr	1931
B.L	fr	Allemagne
B.L	fr	Alp'Cola
B.L	fr	Amrat Cola
B.L	fr	Anjou Cola
B.L	fr	Années 1960
B.L	fr	Arab Cola
B.L	fr	Auvergnat Cola
B.L	fr	Barr Cola
B.L	fr	Beuk Cola
B.L	fr	Bluna
B.L	fr	Bougnat Cola
B.L	fr	Breizh Cola
B.L	fr	Britt Cola
B.L	fr	Caféine
B.L	fr	Campa Cola
B.L	fr	Charles Wilp
B.L	fr	Chek
B.L	fr	Chero-Cola
B.L	fr	China Cola
B.L	fr	Chtilà Cola
B.L	fr	Classic Cola
B.L	fr	Coca-Cola
B.L	fr	Coca Colla
B.L	fr	Cockta
B.L	fr	Cola
B.L	fr	Cola'rdèche
B.L	fr	Cola Occitan
B.L	fr	Cola Turka
B.L	fr	Corsica Cola
B.L	fr	Count Cola
B.L	fr	Cricket Cola
B.L	fr	Cuba Cola
B.L	fr	Diet Rite
B.L	fr	Double Cola
B.L	fr	El Che Cola
B.L	fr	Elsass Cola
B.L	fr	Evoca Cola
B.L	fr	Fada Cola
B.L	fr	Faygo
B.L	fr	Feichang Cola
B.L	fr	Frescolita
B.L	fr	Hard Spark Cola
B.L	fr	Imazighen Cola
B.L	fr	Inca Kola
B.L	fr	Jolly Cola
B.L	fr	Jolt Cola
B.L	fr	Just Cola
B.L	fr	Kofola
B.L	fr	Kola Real
B.L	fr	Like Cola
B.L	fr	Limouzi Cola
B.L	fr	Look Cola
B.L	fr	Marque commerciale
B.L	fr	Mecca Cola
B.L	fr	Meuh Cola
B.L	fr	Montania Cola
B.L	fr	Olvi Cola
B.L	fr	OpenCola
B.L	fr	Pepsi-Cola
B.L	fr	Poitou Cola
B.L	fr	Premium-cola
B.L	fr	Qibla Cola
B.L	fr	RC Cola
B.L	fr	Red Bull Cola
B.L	fr	Red Kola
B.L	fr	River Cola
B.L	fr	Rola Cola
B.L	fr	Royal Cola
B.L	fr	Rutto Cola
B.L	fr	Salva Cola
B.L	fr	Sam's Choice
B.L	fr	Selecto
B.L	fr	Shasta (soft drink)
B.L	fr	Sinalco
B.L	fr	Soda
B.L	fr	Sugar Cane Cola
B.L	fr	Tab (soft drink)
B.L	fr	Thums Up
B.L	fr	TuKola
B.L	fr	Ubuntu Cola
B.L	fr	Ugarit Cola
B.L	fr	Vendée Cola
B.L	fr	Virgin Cola
B.L	fr	Vita-Cola
B.L	fr	Zam Zam Cola
B.L	fr	Zelal Cola
B.L	fr	Überkingen-Teinach AG
B.L	fr	Modèle:Palette Colas
B.L	fr	Discussion modèle:Palette Colas
B.L	fr	Catégorie:Portail:Alimentation et gastronomie/Articles liés
B.L	fr	Catégorie:Portail:Allemagne/Articles liés
B.L	fr	Catégorie:Portail:Entreprises/Articles liés
B.L	fr	Portail:Alimentation et gastronomie
B.L	fr	Portail:Allemagne
B.L	fr	Portail:Entreprises
B.L	en	Aktiengesellschaft
B.L	en	Amrat Cola
B.L	en	Apotekarnes Cola
B.L	en	Austria
B.L	en	Baikal (drink)
B.L	en	Barr Cola
B.L	en	Beed Cola
B.L	en	Big 8 Cola
B.L	en	Bluna
B.L	en	Breizh Cola
B.L	en	Bubba Cola
B.L	en	Caffeine
B.L	en	Campa Cola
B.L	en	Cassinelli (soft drink)
B.L	en	Cavan Cola
B.L	en	China Cola
B.L	en	Classic Cola (Sainsbury's)
B.L	en	Club Cola
B.L	en	Coca-Cola
B.L	en	Coca Cola
B.L	en	Cockta
B.L	en	Cola
B.L	en	Cola Turka
B.L	en	Cole Cold
B.L	en	Cologne
B.L	en	Corsica Cola
B.L	en	Count Cola
B.L	en	Cricket Cola
B.L	en	Cuba Cola
B.L	en	Czech Republic
B.L	en	Diet Coke
B.L	en	Diet Rite
B.L	en	Double Cola
B.L	en	El Ché-Cola
B.L	en	Evoca Cola
B.L	en	Export Cola
B.L	en	Fada cola
B.L	en	Fanta
B.L	en	Faygo
B.L	en	Fentimans Curiosity Cola
B.L	en	France
B.L	en	Frescolita
B.L	en	Fruti Kola
B.L	en	Fuji-Cola
B.L	en	Fukola Cola
B.L	en	Germany
B.L	en	Guaranito
B.L	en	Isaac Kola
B.L	en	Jolly Cola
B.L	en	Jolt Cola
B.L	en	Kitty Kola
B.L	en	Kofola
B.L	en	Kola Real
B.L	en	Kola Román
B.L	en	Kristal Kola
B.L	en	LA Ice Cola
B.L	en	Lava Cola
B.L	en	Like Cola
B.L	en	Mecca-Cola
B.L	en	Mineralbrunnen Überkingen-Teinach
B.L	en	Mr. Cola
B.L	en	New Coke
B.L	en	Olvi Cola
B.L	en	OpenCola (drink)
B.L	en	Pakola
B.L	en	Parsi Cola
B.L	en	Pepsi
B.L	en	Perú Cola
B.L	en	Polo-Cockta
B.L	en	Pran Cola
B.L	en	Premium-Cola
B.L	en	Qibla Cola
B.L	en	RC Cola
B.L	en	Red Bull Cola
B.L	en	Red Kola
B.L	en	Rola Cola
B.L	en	Sam's Cola
B.L	en	Saudi Arabia
B.L	en	Schweppes Cola
B.L	en	Second World War
B.L	en	Sinalco
B.L	en	Soft drink
B.L	en	Switzerland
B.L	en	Tab (soft drink)
B.L	en	Thums Up
B.L	en	Topsia Cola
B.L	en	Trademark
B.L	en	Triple Kola
B.L	en	TuKola
B.L	en	Ubuntu Cola
B.L	en	Virgin Cola
B.L	en	Vita Cola
B.L	en	Wirtschaftswunder
B.L	en	XL Cola
B.L	en	Zam Zam Cola
B.L	en	Zelal Cola
B.L	en	Zevia Cola
B.L	en	Wikipedia:No original research
B.L	en	Wikipedia:Verifiability
B.L	en	Template:Citation needed
B.L	en	Template:Colas
B.L	en	Template talk:Colas
B.L	en	Help:Introduction to referencing/1
B.L	en	Category:Articles lacking reliable references from January 2007
B.L	en	Category:Articles needing additional references from December 2007
B.L	es	1931
B.L	es	Alemania
B.L	es	Años 1960
B.L	es	Bebida de cola
B.L	es	Bluna
B.L	es	Cafeína
B.L	es	Coca-Cola
B.L	es	Naranja (fruto)
B.L	es	Pepsi
B.L	es	Refresco
B.L	pl	Niemcy
B.L	nl	1931
B.L	nl	1960-1969
B.L	nl	1990-1999
B.L	nl	1998
B.L	nl	1 april
B.L	nl	2005
B.L	nl	2006
B.L	nl	3ES
B.L	nl	Alter Cola
B.L	nl	Amrat Cola
B.L	nl	Apotekarnes Cola
B.L	nl	Arab Cola
B.L	nl	Barr Cola
B.L	nl	Beuk Cola
B.L	nl	Boylan
B.L	nl	Breizh Cola
B.L	nl	Bubba Cola
B.L	nl	C&C Cola
B.L	nl	Cafeïne
B.L	nl	Campa Cola
B.L	nl	Cat Cola
B.L	nl	Chek
B.L	nl	Chtilà Cola
B.L	nl	Classic Cola
B.L	nl	Club Cola
B.L	nl	Coca-Cola
B.L	nl	Cola
B.L	nl	Cola Turka
B.L	nl	Cole Cold
B.L	nl	Corsica Cola
B.L	nl	Count Cola
B.L	nl	Cricket Cola
B.L	nl	Cuba Cola
B.L	nl	Dixi Cola
B.L	nl	Double Cola
B.L	nl	Duitsland
B.L	nl	El Ché Cola
B.L	nl	Elsass Cola
B.L	nl	Evoca Cola
B.L	nl	Fada Cola
B.L	nl	Faygo
B.L	nl	Feichang Cola
B.L	nl	First Choice Cola
B.L	nl	Frankrijk
B.L	nl	Freeway Cola
B.L	nl	Frescolita
B.L	nl	Fritz-kola
B.L	nl	Fruti Kola
B.L	nl	Fuji-Cola
B.L	nl	Fukola Cola
B.L	nl	Herschi
B.L	nl	Highway (frisdrank)
B.L	nl	Honey Saps Cola
B.L	nl	Icy-Cola
B.L	nl	Imazighen Cola
B.L	nl	Inca Kola
B.L	nl	Isaac Kola
B.L	nl	Jolly Cola
B.L	nl	Jolt Cola
B.L	nl	Just Cola
B.L	nl	Kiri
B.L	nl	Kitty Kola
B.L	nl	Kofola
B.L	nl	Kola Real
B.L	nl	Kola Román
B.L	nl	Kola Shaler
B.L	nl	Kristal Kola
B.L	nl	LA Ice Cola
B.L	nl	Libella
B.L	nl	Like Cola
B.L	nl	Master Choice
B.L	nl	Mecca-Cola
B.L	nl	Moxie
B.L	nl	Muslim Up
B.L	nl	OK Soda
B.L	nl	Odina
B.L	nl	Oostenrijk
B.L	nl	OpenCola
B.L	nl	Parsi Cola
B.L	nl	Pepsi
B.L	nl	Perú Cola
B.L	nl	Polo-Cockta
B.L	nl	Pop Cola
B.L	nl	Pran Cola
B.L	nl	Premium-Cola
B.L	nl	President's Choice Cola
B.L	nl	Qibla Cola
B.L	nl	R.C. Cola
B.L	nl	Raak (frisdrankmerk)
B.L	nl	Raak Kindercola
B.L	nl	Red Kola
B.L	nl	Reyna Kola
B.L	nl	River Cola
B.L	nl	Rola Cola
B.L	nl	Salva Cola
B.L	nl	Saoedi-Arabië
B.L	nl	Schweppes Cola
B.L	nl	Seattle
B.L	nl	Shasta (frisdrank)
B.L	nl	Sinalco
B.L	nl	Supermarkt
B.L	nl	TaB Cola
B.L	nl	Thums Up
B.L	nl	Tropicola
B.L	nl	Tsjechië
B.L	nl	TuKola
B.L	nl	Ubuntu Cola
B.L	nl	Ugarit Cola
B.L	nl	Uludağ Cola
B.L	nl	Verenigde Staten van Amerika
B.L	nl	Virgin Cola
B.L	nl	Vita Cola
B.L	nl	Viva Cola
B.L	nl	XL Cola
B.L	nl	ZOOB
B.L	nl	Zam Zam Cola
B.L	nl	Zelal Cola
B.L	nl	Zwitserland
B.L	it	1931
B.L	it	Acido fosforico
B.L	it	Acido malico
B.L	it	Acqua
B.L	it	Amrat Cola
B.L	it	Anni 1960
B.L	it	Arab Cola
B.L	it	Aromi
B.L	it	Barr Cola
B.L	it	Beuk Cola
B.L	it	Bibita
B.L	it	Bluna
B.L	it	Breizh Cola
B.L	it	Bubba Cola
B.L	it	Caffeina
B.L	it	Campa Cola
B.L	it	Canada Dry Cola
B.L	it	Caramello
B.L	it	Charles Wilp
B.L	it	Chek
B.L	it	Chero-Cola
B.L	it	China Cola
B.L	it	Chtilà Cola
B.L	it	Classic Cola
B.L	it	Coca-Cola
B.L	it	Cola
B.L	it	Cola (bevanda)
B.L	it	Cola Coop
B.L	it	Cola Turka
B.L	it	Coloranti
B.L	it	Corsica Cola
B.L	it	Cricket Cola
B.L	it	Cuba Cola
B.L	it	Diet Rite
B.L	it	Double Cola
B.L	it	El Che Cola
B.L	it	Elsass Cola
B.L	it	Evoca Cola
B.L	it	Faygo
B.L	it	Feichang Cola
B.L	it	Freeway Cola
B.L	it	Frescolita
B.L	it	Fuji-Cola
B.L	it	Germania
B.L	it	Imazighen Cola
B.L	it	Inca Kola
B.L	it	Isaac Kola
B.L	it	Jolly Cola
B.L	it	Jolt Cola
B.L	it	Just Cola
B.L	it	Kitty Kola
B.L	it	Kofola
B.L	it	Kola Real
B.L	it	Marchio
B.L	it	Mecca-Cola
B.L	it	Milan Cola
B.L	it	Mineralbrunnen Überkingen-Teinach AG
B.L	it	Olvi Cola
B.L	it	One O One
B.L	it	OpenCola
B.L	it	Pepsi-Cola
B.L	it	Premium-cola
B.L	it	Primia-cola
B.L	it	Qibla Cola
B.L	it	R.C. Cola
B.L	it	Red Bull Cola
B.L	it	Red Kola
B.L	it	Rola Cola
B.L	it	Sam's Choice
B.L	it	Shasta Cola
B.L	it	Sinalco
B.L	it	Spumador
B.L	it	Sugar Cane Cola
B.L	it	Tab (cola)
B.L	it	Thums Up
B.L	it	TuKola
B.L	it	Ubuntu Cola
B.L	it	Ugarit Cola
B.L	it	Virgin Cola
B.L	it	Vita-Cola
B.L	it	Zam Zam Cola
B.L	it	Zelal Cola
B.L	it	Zucchero
B.L	it	Überkingen-Teinach AG
B.L	it	Template:Cola
B.L	it	Discussioni template:Cola
B.L	ja	1931年
B.L	ja	1968年
B.L	ja	1998年
B.L	ja	2005年
B.L	ja	2006年
B.L	ja	インカ・コーラ
B.L	ja	カフェイン
B.L	ja	カールスバーグ (ドイツ)
B.L	ja	グロテスク
B.L	ja	コカコーラ
B.L	ja	コーラ (飲料)
B.L	ja	サイケ
B.L	ja	ザムザム・コーラ
B.L	ja	チェリーコーク
B.L	ja	ドイツ
B.L	ja	リンゴ酸
B.L	ja	ヴァージン・コーラ
B.L	ja	不協和音
B.L	ja	主要国首脳会議
B.L	ja	前衛
B.L	ja	第33回主要国首脳会議
B.L	sv	1931
B.L	sv	1960-talet
B.L	sv	Amanda Lear
B.L	sv	Bluna
B.L	sv	Charles Paul Wilp
B.L	sv	Coca-Cola
B.L	sv	Cola
B.L	sv	Die Zeit
B.L	sv	Donna Summer
B.L	sv	Karl Flach
B.L	sv	Koffein
B.L	sv	Kultstatus
B.L	sv	Marianne Faithfull
B.L	sv	Marsha Hunt
B.L	sv	Mineralbrunnen Überkingen-Teinach AG
B.L	sv	Reklam
B.L	sv	Slogan
B.L	sv	Tyskland
B.L	sv	Wim Wenders
B.L	sq	1931
B.L	sq	1998
B.L	sq	1 Prill
B.L	sq	2005
B.L	sq	Aktiengesellschaft
B.L	sq	Alter Cola
B.L	sq	Amrat Cola
B.L	sq	Amrat Tonk Asam Cola
B.L	sq	Apotekarnes Cola
B.L	sq	Arabia Saudite
B.L	sq	Austria
B.L	sq	Barr Cola
B.L	sq	Big 8 Cola
B.L	sq	Big Cola
B.L	sq	Big K Cola
B.L	sq	Bluna
B.L	sq	Boylan Bottling Company
B.L	sq	Breizh Cola
B.L	sq	Bubba Cola
B.L	sq	Campa Cola
B.L	sq	Cat Cola
B.L	sq	Celeste (soft drink)
B.L	sq	Charles Wilp
B.L	sq	Chek
B.L	sq	Chero-Cola
B.L	sq	China Cola
B.L	sq	Classic Cola
B.L	sq	Club Cola
B.L	sq	Coca-Cola
B.L	sq	Cola
B.L	sq	Cola Turka
B.L	sq	Compliments Cola
B.L	sq	Corsica Cola
B.L	sq	Count Cola
B.L	sq	Cricket Cola
B.L	sq	Cuba tonk asam Cola
B.L	sq	Diet Rite
B.L	sq	Dixi Cola
B.L	sq	Dixi keala Cola
B.L	sq	Double Cola
B.L	sq	El Ché-Cola
B.L	sq	Evoca Cola
B.L	sq	Faygo
B.L	sq	Feichang Cola
B.L	sq	Franca
B.L	sq	Freeway Cola
B.L	sq	Frescolita
B.L	sq	Fuji-Cola
B.L	sq	Fukola Cola
B.L	sq	Gjermania
B.L	sq	Great Value Cola
B.L	sq	Hoop Cola
B.L	sq	Inca Kola
B.L	sq	Jazz Cola
B.L	sq	Jolly Cola
B.L	sq	Jolt Cola
B.L	sq	Just Cola
B.L	sq	Kelpsi
B.L	sq	Kiri
B.L	sq	Kitty Kola
B.L	sq	Kofola
B.L	sq	Kola Inglesa
B.L	sq	Kola Kristal
B.L	sq	Kola Loka
B.L	sq	Kola Real
B.L	sq	Kola Román
B.L	sq	LA Ice Cola
B.L	sq	Life cola
B.L	sq	Like Cola
B.L	sq	Master Choice Cola
B.L	sq	Mecca-Cola
B.L	sq	Mr. Cola
B.L	sq	OK Soda
B.L	sq	Olvi Cola
B.L	sq	OpenCola
B.L	sq	Panda Cola
B.L	sq	Parsi Cola
B.L	sq	Pepsi
B.L	sq	Polo-Cockta
B.L	sq	Pop Cola
B.L	sq	Premium-cola
B.L	sq	Primo Schincariol
B.L	sq	Qibla Cola
B.L	sq	R.C. Cola
B.L	sq	Red Kola
B.L	sq	Republika Çeke
B.L	sq	Schweppes Cola
B.L	sq	Shasta (soft drink)
B.L	sq	Tab (soft drink)
B.L	sq	Thums Up
B.L	sq	TuKola
B.L	sq	Uludağ Cola
B.L	sq	Virgin Cola
B.L	sq	Vita-Cola
B.L	sq	XL Cola
B.L	sq	Zam Zam Cola
B.L	sq	Zelal Cola
B.L	sq	Zvicra
CN	de	Afri-Cola
IWL	fi	Afri-Cola
IWL	fr	Afri-Cola
IWL	en	Afri-Cola
IWL	es	Afri-Cola
IWL	pl	Afri-cola
IWL	nl	Afri-Cola
IWL	it	Afri-Cola
IWL	ja	アフリ・コーラ
IWL	sv	Afri-Cola
IWL	sq	Afri-Cola
