A.L	de	1945
A.L	de	22. Juni
A.L	de	Abgeordnetenwatch.de
A.L	de	Abitur
A.L	de	Angela Merkel
A.L	de	Annette Schavan
A.L	de	Atom-Moratorium
A.L	de	August-Martin Euler
A.L	de	Berlin
A.L	de	Bernhard Vogel (Ministerpräsident)
A.L	de	Birgit Homburger
A.L	de	Birgit Kelle
A.L	de	Brüderle (Begriffsklärung)
A.L	de	Bundesministerium für Wirtschaft und Technologie
A.L	de	Bundestagswahl 1994
A.L	de	Bundestagswahl 1998
A.L	de	Bundestagswahl 2013
A.L	de	Bundesverband der Deutschen Industrie
A.L	de	Carl-Ludwig Wagner
A.L	de	Christlich Demokratische Union Deutschlands
A.L	de	Daniel Bahr
A.L	de	Der Freitag
A.L	de	Deutsche Nationalbibliothek
A.L	de	Deutschland
A.L	de	Dezernent
A.L	de	Diplom-Volkswirt
A.L	de	Dirk Niebel
A.L	de	ELENA-Verfahren
A.L	de	Erich Mende
A.L	de	Eveline Lemke
A.L	de	FDP-Fraktion
A.L	de	Financial Times Deutschland
A.L	de	Fraktion (Bundestag)
A.L	de	Frankfurter Allgemeine Zeitung
A.L	de	Frankfurter Rundschau
A.L	de	Franz Josef Jung
A.L	de	Freie Demokratische Partei
A.L	de	Fritz Neumayer
A.L	de	Gemeinsame Normdatei
A.L	de	Gentlemen’s Quarterly
A.L	de	Georg-Scheu-Plakette
A.L	de	Guido Westerwelle
A.L	de	Günter Rexrodt
A.L	de	Handelsblatt
A.L	de	Hanns Haberer
A.L	de	Hanns Neubauer
A.L	de	Hans-Artur Bauckhage
A.L	de	Hans-Peter Friedrich
A.L	de	Hans Friderichs
A.L	de	Heinrich Holkenbrink
A.L	de	Helmut Haussmann
A.L	de	Helmut Schmidt
A.L	de	Hendrik Hering
A.L	de	Hermann Otto Solms
A.L	de	Hermann Schäfer
A.L	de	Ilse Aigner
A.L	de	Johanna Wanka
A.L	de	Johannes Gutenberg-Universität Mainz
A.L	de	Jürgen Morlok
A.L	de	Jürgen Möllemann
A.L	de	Kabinett Beck I
A.L	de	Kabinett Beck II
A.L	de	Kabinett Merkel II
A.L	de	Kabinett Scharping
A.L	de	Kabinett Vogel IV (Rheinland-Pfalz)
A.L	de	Kabinett Wagner (Rheinland-Pfalz)
A.L	de	Karl-Theodor zu Guttenberg
A.L	de	Karl Schiller
A.L	de	Kernkraftwerk Fukushima Daiichi
A.L	de	Klonen
A.L	de	Knut von Kühlmann-Stumm
A.L	de	Kristina Schröder
A.L	de	Kurt Beck
A.L	de	Kurt Schmücker
A.L	de	Landau in der Pfalz
A.L	de	Landtagswahl in Rheinland-Pfalz 1991
A.L	de	Laura Himmelreich
A.L	de	Library of Congress Control Number
A.L	de	Liste der deutschen Wirtschaftsminister
A.L	de	Ludwig Erhard
A.L	de	Mainz
A.L	de	Mainz-Gonsenheim
A.L	de	Manfred Lahnstein
A.L	de	Markt intern
A.L	de	Martin Bangemann
A.L	de	Max Becker
A.L	de	Michael Glos
A.L	de	Mindestarbeitsbedingungen (Pflegebranche)
A.L	de	Ministerium für Wirtschaft, Verkehr, Landwirtschaft und Weinbau RLP
A.L	de	Ministerpräsident
A.L	de	Mitglied des Deutschen Bundestages
A.L	de	Norbert Röttgen
A.L	de	Nuklearkatastrophe von Fukushima
A.L	de	Oppositionsführer
A.L	de	Oskar Stübinger
A.L	de	Otto Graf Lambsdorff
A.L	de	Peter Altmaier
A.L	de	Peter Altmeier
A.L	de	Peter Ramsauer
A.L	de	Philipp Rösler
A.L	de	Politiker
A.L	de	Politikwissenschaft
A.L	de	Publizistikwissenschaft
A.L	de	Rechtsverordnung
A.L	de	Rechtswissenschaft
A.L	de	Rheinhessen
A.L	de	Rheinland-Pfalz
A.L	de	Rheinland-Pfälzischer Landtag
A.L	de	Ronald Pofalla
A.L	de	Rudi Geil
A.L	de	Rudolf Scharping
A.L	de	Sabine Leutheusser-Schnarrenberger
A.L	de	Schweizer Monatshefte
A.L	de	Sexismus
A.L	de	Sozialdemokratische Partei Deutschlands
A.L	de	Spiegel Online
A.L	de	Stern (Zeitschrift)
A.L	de	Süddeutsche Zeitung
A.L	de	The European
A.L	de	Theodor Heuss
A.L	de	Thomas Dehler
A.L	de	Thomas de Maizière
A.L	de	Ursula von der Leyen
A.L	de	Verdienstorden der Bundesrepublik Deutschland
A.L	de	Virtual International Authority File
A.L	de	Volker Rühe
A.L	de	Volkswirtschaftslehre
A.L	de	Vorderpfalz
A.L	de	Werner Müller (Politiker)
A.L	de	Werner Schnappauf
A.L	de	Wirtschaftspolitik
A.L	de	Wolfgang Clement
A.L	de	Wolfgang Gerhardt
A.L	de	Wolfgang Mischnick
A.L	de	Wolfgang Schäuble
A.L	de	ZDF
A.L	de	ZDF-Fernsehrat
A.L	de	Hilfe:Personendaten
B.L	fi	1945
B.L	fi	1998
B.L	fi	22. kesäkuuta
B.L	fi	Berliini
B.L	fi	Merkelin II hallitus
B.L	fi	Poliitikko
B.L	fi	Saksa
B.L	fi	Saksan liittopäivät
B.L	fi	Vapaa demokraattinen puolue
B.L	fi	Wikimedia Commons
B.L	fi	Wikipedia:Tynkä
B.L	fi	Luokka:Poliitikkotyngät
B.L	fr	10 mai
B.L	fr	12 mai
B.L	fr	12 novembre
B.L	fr	17 mai
B.L	fr	1917
B.L	fr	1918
B.L	fr	1933
B.L	fr	1945
B.L	fr	1949
B.L	fr	1951
B.L	fr	1964
B.L	fr	1971
B.L	fr	1973
B.L	fr	1975
B.L	fr	1981
B.L	fr	1983
B.L	fr	1987
B.L	fr	1994
B.L	fr	1995
B.L	fr	1998
B.L	fr	2001
B.L	fr	2009
B.L	fr	2010
B.L	fr	2011
B.L	fr	2012
B.L	fr	2013
B.L	fr	21 janvier
B.L	fr	22 juin
B.L	fr	23 janvier
B.L	fr	23 juin
B.L	fr	23 mars
B.L	fr	24 janvier
B.L	fr	26 octobre
B.L	fr	27 octobre
B.L	fr	27 septembre
B.L	fr	28 janvier
B.L	fr	28 mars
B.L	fr	28 octobre
B.L	fr	5 mars
B.L	fr	Abitur
B.L	fr	Accidents nucléaires de Fukushima
B.L	fr	Agriculture
B.L	fr	Albert Neuhaus
B.L	fr	Albert Speer (père)
B.L	fr	Alfred Hugenberg
B.L	fr	Allemagne
B.L	fr	Allemagne de l'Ouest
B.L	fr	Angela Merkel
B.L	fr	Annette Schavan
B.L	fr	August Martin Euler
B.L	fr	August Müller
B.L	fr	Berlin
B.L	fr	Bernhard Vogel (homme politique)
B.L	fr	Birgit Homburger
B.L	fr	Brigitte Zypries
B.L	fr	Bundestag
B.L	fr	Cabinet Beck I
B.L	fr	Cabinet Beck II
B.L	fr	Cabinet Merkel I
B.L	fr	Cabinet Merkel II
B.L	fr	Cabinet Scharping
B.L	fr	Cabinet Schröder II
B.L	fr	Cabinet Vogel IV (Rhénanie-Palatinat)
B.L	fr	Cabinet Wagner
B.L	fr	Carl-Ludwig Wagner
B.L	fr	Chancelier fédéral (Allemagne)
B.L	fr	Chancellerie fédérale (Allemagne)
B.L	fr	Coalition noire-jaune
B.L	fr	Coalition sociale-libérale
B.L	fr	Daniel Bahr
B.L	fr	Diplôme
B.L	fr	Dirk Niebel
B.L	fr	Droit
B.L	fr	Eduard Hamm
B.L	fr	Empire allemand
B.L	fr	Erich Mende
B.L	fr	Ernst Scholz
B.L	fr	Ernst Trendelenburg
B.L	fr	Frank-Walter Steinmeier
B.L	fr	Frankfurter Allgemeine Zeitung
B.L	fr	Franz Josef Jung
B.L	fr	Franz Müntefering
B.L	fr	Gonsenheim
B.L	fr	Gouvernement fédéral (Allemagne)
B.L	fr	Groupe FDP au Bundestag
B.L	fr	Grèce
B.L	fr	Guido Westerwelle
B.L	fr	Günter Rexrodt
B.L	fr	Hans-Peter Friedrich
B.L	fr	Hans Friderichs
B.L	fr	Hans Karl Freiherr von Stein zu Nord- und Ostheim
B.L	fr	Hans von Raumer
B.L	fr	Heidemarie Wieczorek-Zeul
B.L	fr	Helmut Haussmann
B.L	fr	Helmut Schmidt
B.L	fr	Hermann Dietrich (DDP)
B.L	fr	Hermann Göring
B.L	fr	Hermann Otto Solms
B.L	fr	Hermann Schäfer
B.L	fr	Hermann Warmbold
B.L	fr	Hjalmar Schacht
B.L	fr	Homme politique
B.L	fr	Horst Seehofer
B.L	fr	Ilse Aigner
B.L	fr	Janvier 2013
B.L	fr	Johann Becker
B.L	fr	Johanna Wanka
B.L	fr	Joseph Koeth
B.L	fr	Journalisme
B.L	fr	Juin 1945
B.L	fr	Juin 1987
B.L	fr	Julius Curtius
B.L	fr	Jürgen Möllemann
B.L	fr	Karl-Theodor zu Guttenberg
B.L	fr	Karl Schiller
B.L	fr	Knut von Kühlmann-Stumm
B.L	fr	Kristina Schröder
B.L	fr	Kurt Beck
B.L	fr	Kurt Schmitt
B.L	fr	Kurt Schmücker
B.L	fr	Landtag de Rhénanie-Palatinat
B.L	fr	Le Figaro
B.L	fr	Le Monde
B.L	fr	Libéralisme économique
B.L	fr	Ludwig Erhard
B.L	fr	Mai 1987
B.L	fr	Mai 2011
B.L	fr	Mars 2010
B.L	fr	Mars 2011
B.L	fr	Martin Bangemann
B.L	fr	Max Becker
B.L	fr	Mayence
B.L	fr	Michael Glos
B.L	fr	Ministre fédéral avec attributions spéciales
B.L	fr	Ministère du Reich à l'Économie
B.L	fr	Ministère fédéral de l'Agriculture (Allemagne)
B.L	fr	Ministère fédéral de l'Environnement (Allemagne)
B.L	fr	Ministère fédéral de l'Intérieur (Allemagne)
B.L	fr	Ministère fédéral de l'Économie (Allemagne)
B.L	fr	Ministère fédéral de l'Éducation et de la Recherche (Allemagne)
B.L	fr	Ministère fédéral de la Coopération économique (Allemagne)
B.L	fr	Ministère fédéral de la Défense (Allemagne)
B.L	fr	Ministère fédéral de la Famille (Allemagne)
B.L	fr	Ministère fédéral de la Justice (Allemagne)
B.L	fr	Ministère fédéral de la Santé (Allemagne)
B.L	fr	Ministère fédéral des Finances (Allemagne)
B.L	fr	Ministère fédéral des Transports et de la Construction (Allemagne)
B.L	fr	Ministère fédéral du Travail (Allemagne)
B.L	fr	Norbert Röttgen
B.L	fr	Novembre 1998
B.L	fr	Octobre
B.L	fr	Octobre 1994
B.L	fr	Octobre 2009
B.L	fr	Office des Affaires étrangères (Allemagne)
B.L	fr	Office du Reich à l'Économie
B.L	fr	Olaf Scholz
B.L	fr	Otto Lambsdorff
B.L	fr	Parti libéral-démocrate (Allemagne)
B.L	fr	Parti social-démocrate d'Allemagne
B.L	fr	Paul Moldenhauer
B.L	fr	Peer Steinbrück
B.L	fr	Peter Altmaier
B.L	fr	Peter Ramsauer
B.L	fr	Petites et moyennes entreprises
B.L	fr	Philipp Rösler
B.L	fr	Politique de l'Allemagne
B.L	fr	Rhénanie-Palatinat
B.L	fr	Robert Schmidt
B.L	fr	Ronald Pofalla
B.L	fr	Rudolf Krohne
B.L	fr	Rudolf Scharping
B.L	fr	Rudolf Schwander
B.L	fr	Rudolf Wissell
B.L	fr	République de Weimar
B.L	fr	Sabine Leutheusser-Schnarrenberger
B.L	fr	Schleswig-Holstein
B.L	fr	Sciences politiques
B.L	fr	Septembre
B.L	fr	Septembre 2009
B.L	fr	Sigmar Gabriel
B.L	fr	Silvana Koch-Mehrin
B.L	fr	Société de l'information
B.L	fr	Sortie du nucléaire civil
B.L	fr	Stern
B.L	fr	Süddeutsche Zeitung
B.L	fr	Theodor Heuss
B.L	fr	Thomas Dehler
B.L	fr	Thomas de Maizière
B.L	fr	Troisième Reich
B.L	fr	Ulla Schmidt
B.L	fr	Université Johannes Gutenberg de Mayence
B.L	fr	Ursula von der Leyen
B.L	fr	Vice-chancelier (Allemagne)
B.L	fr	Ville-arrondissement (Allemagne)
B.L	fr	Viticulture
B.L	fr	Walther Funk
B.L	fr	Werner Müller
B.L	fr	Wolfgang Clement
B.L	fr	Wolfgang Gerhardt
B.L	fr	Wolfgang Mischnick
B.L	fr	Wolfgang Schäuble
B.L	fr	Wolfgang Tiefensee
B.L	fr	Économie
B.L	fr	Économie de l'Allemagne
B.L	fr	Économie politique
B.L	fr	Économiste
B.L	fr	Élections fédérales allemandes de 2009
B.L	fr	Élections fédérales allemandes de 2013
B.L	fr	Élections législatives régionales de 2011 en Rhénanie-Palatinat
B.L	fr	Élections législatives régionales de 2013 en Basse-Saxe
B.L	fr	Énergie nucléaire
B.L	fr	Épiphanie
B.L	fr	Modèle:Palette Cabinet Merkel
B.L	fr	Modèle:Palette Ministres de l'Économie allemands
B.L	fr	Modèle:Palette Présidents du groupe FDP
B.L	fr	Discussion modèle:Palette Cabinet Merkel
B.L	fr	Discussion modèle:Palette Ministres de l'Économie allemands
B.L	fr	Discussion modèle:Palette Présidents du groupe FDP
B.L	fr	Catégorie:Portail:Allemagne/Articles liés
B.L	fr	Catégorie:Portail:Mayence/Articles liés
B.L	fr	Catégorie:Portail:Politique/Articles liés
B.L	fr	Catégorie:Portail:Économie/Articles liés
B.L	fr	Portail:Allemagne
B.L	fr	Portail:Mayence
B.L	fr	Portail:Politique
B.L	fr	Portail:Économie
B.L	eo	1945
B.L	eo	1987
B.L	eo	1995
B.L	eo	1998
B.L	eo	2009
B.L	eo	22-an de junio
B.L	eo	28-a de oktobro
B.L	eo	Berlino
B.L	eo	Bundestag
B.L	eo	Federacia lando (Germanio)
B.L	eo	Freie Demokratische Partei
B.L	eo	Germana politikisto
B.L	eo	Germanoj
B.L	eo	Ministraro dua de Angela Merkel
B.L	eo	Parlamenta baloto en Germanio 2009
B.L	eo	Politikisto
B.L	eo	Rejnlando-Palatinato
B.L	eo	Vikipedio:La perfekta ĝermo de artikolo
B.L	eo	Vikipedio:Tradukoj
B.L	eo	Vikipedio:Trovi aŭ kreskigi ĝermojn
B.L	eo	Kategorio:Ĝermoj pri Germana politikisto
B.L	eo	Kategorio:Ĝermoj pri germana politikisto
B.L	eo	Kategorio:Ĝermoj pri germana politikistoj
B.L	eo	Kategorio:Ĝermoj pri germanaj politikistoj
B.L	en	Albert Neuhaus
B.L	en	Alfred Hugenberg
B.L	en	Allied-occupied Germany
B.L	en	Alma mater
B.L	en	Angela Merkel
B.L	en	Annette Schavan
B.L	en	August Müller (SPD policitian)
B.L	en	Authority control
B.L	en	Bankruptcy
B.L	en	Berlin
B.L	en	Bundestag
B.L	en	Cabinet Merkel II
B.L	en	Chancellor of Germany
B.L	en	Christa Luft
B.L	en	Daniel Bahr
B.L	en	Die Welt
B.L	en	Diplom
B.L	en	Dirk Niebel
B.L	en	East Germany
B.L	en	Economics
B.L	en	Eduard Hamm
B.L	en	Ernst Scholz
B.L	en	Ernst Trendelenburg
B.L	en	Federal Minister of Economics and Technology
B.L	en	Federal Ministry of Economics and Technology
B.L	en	Federal Ministry of Economics and Technology (Germany)
B.L	en	Federal Ministry of Health (Germany)
B.L	en	Franz Josef Jung
B.L	en	Free Democratic Party (Germany)
B.L	en	Gerhard Pohl
B.L	en	German Democratic Republic
B.L	en	German Empire
B.L	en	German federal election, 1998
B.L	en	German federal election, 2009
B.L	en	Germans
B.L	en	Germany
B.L	en	Guido Westerwelle
B.L	en	Günter Rexrodt
B.L	en	Hans-Peter Friedrich
B.L	en	Hans Friderichs
B.L	en	Hans Karl Freiherr von Stein zu Nord- und Ostheim
B.L	en	Hans von Raumer
B.L	en	Helmut Haussmann
B.L	en	Helmut Schmidt
B.L	en	Hermann Dietrich
B.L	en	Hermann Göring
B.L	en	Hermann Warmbold
B.L	en	Hjalmar Schacht
B.L	en	Ilse Aigner
B.L	en	Integrated Authority File
B.L	en	Johann Becker (politician)
B.L	en	Johanna Wanka
B.L	en	Joseph Koeth
B.L	en	Julius Curtius
B.L	en	Jürgen Möllemann
B.L	en	Karl-Theodor zu Guttenberg
B.L	en	Karl Schiller
B.L	en	Kristina Schröder
B.L	en	Kurt Schmitt
B.L	en	Kurt Schmücker
B.L	en	Ludwig Erhard
B.L	en	Mainz (electoral district)
B.L	en	Manfred Lahnstein
B.L	en	Martin Bangemann
B.L	en	Michael Glos
B.L	en	Nazi Germany
B.L	en	Norbert Röttgen
B.L	en	Otto Graf Lambsdorff
B.L	en	Paul Moldenhauer
B.L	en	Peter Altmaier
B.L	en	Peter Ramsauer
B.L	en	Philipp Rösler
B.L	en	Politician
B.L	en	Rhineland-Palatinate
B.L	en	Robert Schmidt (politician)
B.L	en	Ronald Pofalla
B.L	en	Rudolf Krohne
B.L	en	Rudolf Schwander
B.L	en	Rudolf Wissell
B.L	en	Sabine Leutheusser-Schnarrenberger
B.L	en	Sustainable Development
B.L	en	Thomas de Maizière
B.L	en	University of Mainz
B.L	en	Ursula von der Leyen
B.L	en	Vice Chancellor of Germany
B.L	en	Virtual International Authority File
B.L	en	Walther Funk
B.L	en	Weimar Republic
B.L	en	Werner Müller (politician)
B.L	en	Wolfgang Clement
B.L	en	Wolfgang Schäuble
B.L	en	ZDF
B.L	en	Talk:Rainer Brüderle
B.L	en	Wikipedia:Citation needed
B.L	en	Wikipedia:Copying within Wikipedia
B.L	en	Wikipedia:Persondata
B.L	en	Wikipedia:Stub
B.L	en	Wikipedia:Translation
B.L	en	Template:Cabinet Merkel II
B.L	en	Template:Economy Ministers of Germany
B.L	en	Template:Germany-FDP-politician-stub
B.L	en	Template:ISO 639 name de
B.L	en	Template talk:Cabinet Merkel II
B.L	en	Template talk:Economy Ministers of Germany
B.L	en	Template talk:Germany-FDP-politician-stub
B.L	en	Category:Articles needing translation from German Wikipedia
B.L	en	Category:Articles to be expanded from March 2011
B.L	en	Category:Articles with unsourced statements from May 2012
B.L	nds	1945
B.L	nds	1948
B.L	nds	1964
B.L	nds	1971
B.L	nds	1973
B.L	nds	1975
B.L	nds	1977
B.L	nds	1981
B.L	nds	1987
B.L	nds	1995
B.L	nds	1998
B.L	nds	2009
B.L	nds	22. Juni
B.L	nds	28. Oktober
B.L	nds	Abitur
B.L	nds	Berlin
B.L	nds	Bundsministerium för Weertschop un Technologie
B.L	nds	Bundsrepubliek Düütschland
B.L	nds	Dezernent
B.L	nds	Diplom-Volksweert
B.L	nds	Düütsch Bundsdag
B.L	nds	Düütschland
B.L	nds	FDP
B.L	nds	Fraktschoon
B.L	nds	Günter Rexrodt
B.L	nds	Hans Friderichs
B.L	nds	Helmut Haussmann
B.L	nds	Helmut Schmidt
B.L	nds	Johannes Gutenberg-Universität Mainz
B.L	nds	Jürgen Möllemann
B.L	nds	Kabinett Merkel II
B.L	nds	Karl-Theodor zu Guttenberg
B.L	nds	Karl Schiller
B.L	nds	Kurt Schmücker
B.L	nds	Landau in de Palz
B.L	nds	Ludwig Erhard
B.L	nds	Mainz
B.L	nds	Mainz-Gonsenheim
B.L	nds	Manfred Lahnstein
B.L	nds	Martin Bangemann
B.L	nds	Michael Glos
B.L	nds	Otto Graf Lambsdorff
B.L	nds	Philipp Rösler
B.L	nds	Politikwetenschop
B.L	nds	Publizistik
B.L	nds	Rechtswetenschop
B.L	nds	Rhienhessen
B.L	nds	Rhienland-Palz
B.L	nds	Volksweertschopslehr
B.L	nds	Vöörste Palz
B.L	nds	Weertschop
B.L	nds	Werner Müller
B.L	nds	Wolfgang Clement
B.L	no	1945
B.L	no	2011
B.L	no	22. juni
B.L	no	Angela Merkels andre regjering
B.L	no	Annette Schavan
B.L	no	Berlin
B.L	no	Daniel Bahr
B.L	no	Dirk Niebel
B.L	no	Forbundsdagen
B.L	no	Franz Josef Jung
B.L	no	Freie Demokratische Partei
B.L	no	Guido Westerwelle
B.L	no	Hans-Peter Friedrich
B.L	no	Ilse Aigner
B.L	no	Johanna Wanka
B.L	no	Karl-Theodor zu Guttenberg
B.L	no	Kristina Schröder
B.L	no	Liste over Tysklands næringsministre
B.L	no	Norbert Röttgen
B.L	no	Peter Altmaier
B.L	no	Peter Ramsauer
B.L	no	Philipp Rösler
B.L	no	Rheinland-Pfalz
B.L	no	Ronald Pofalla
B.L	no	Sabine Leutheusser-Schnarrenberger
B.L	no	Thomas de Maizière
B.L	no	Tyskland
B.L	no	Ursula von der Leyen
B.L	no	Wolfgang Schäuble
B.L	no	Mal:Merkels andre kabinett
B.L	no	Maldiskusjon:Merkels andre kabinett
B.L	pl	10 maja
B.L	pl	12 maja
B.L	pl	1945
B.L	pl	2009
B.L	pl	2011
B.L	pl	22 czerwca
B.L	pl	28 października
B.L	pl	Angela Merkel
B.L	pl	Annette Schavan
B.L	pl	Berlin
B.L	pl	Biblioteka Kongresu Stanów Zjednoczonych
B.L	pl	Birgit Homburger
B.L	pl	Bundestag
B.L	pl	Daniel Bahr
B.L	pl	Decernent
B.L	pl	Dirk Niebel
B.L	pl	Drugi rząd Angeli Merkel
B.L	pl	Franz Josef Jung
B.L	pl	Gemeinsame Normdatei
B.L	pl	Guido Westerwelle
B.L	pl	Hans-Peter Friedrich
B.L	pl	Hesja Reńska
B.L	pl	Ilse Aigner
B.L	pl	Johanna Wanka
B.L	pl	Język niemiecki
B.L	pl	Karl-Theodor zu Guttenberg
B.L	pl	Kontrola autorytatywna
B.L	pl	Kristina Schröder
B.L	pl	Landau in der Pfalz
B.L	pl	Moguncja
B.L	pl	Nadrenia-Palatynat
B.L	pl	Norbert Röttgen
B.L	pl	Online Computer Library Center
B.L	pl	Palatynat
B.L	pl	Peter Altmaier
B.L	pl	Peter Ramsauer
B.L	pl	Philipp Rösler
B.L	pl	Ronald Pofalla
B.L	pl	Sabine Leutheusser-Schnarrenberger
B.L	pl	Socjaldemokratyczna Partia Niemiec
B.L	pl	Thomas de Maizière
B.L	pl	Unia Chrześcijańsko-Demokratyczna (Niemcy)
B.L	pl	Uniwersytet Jana Gutenberga w Moguncji
B.L	pl	Ursula von der Leyen
B.L	pl	Wolfgang Schäuble
B.L	pl	Wolna Partia Demokratyczna
B.L	pl	Wybory parlamentarne w Niemczech w 1998 roku
B.L	pl	Wybory parlamentarne w Niemczech w 2002 roku
B.L	pl	Wybory parlamentarne w Niemczech w 2005 roku
B.L	pl	Wybory parlamentarne w Niemczech w 2009 roku
B.L	pl	Szablon:Drugi rząd Angeli Merkel
B.L	pl	Dyskusja szablonu:Drugi rząd Angeli Merkel
B.L	la	10 Maii
B.L	la	12 Maii
B.L	la	1945
B.L	la	1948
B.L	la	1971
B.L	la	1973
B.L	la	1987
B.L	la	1995
B.L	la	1998
B.L	la	2009
B.L	la	2011
B.L	la	22 Iunii
B.L	la	27 Septembris
B.L	la	28 Octobris
B.L	la	Administer Foederalis Oeconomiae
B.L	la	Administratio Merkel 2
B.L	la	Angela Merkel
B.L	la	Annetta Schavan
B.L	la	Augustus-Martinus Euler
B.L	la	Bernhardus Vogel
B.L	la	Berolinum
B.L	la	Brigitta Homburger
B.L	la	Carolus-Ludovicus Wagner
B.L	la	Carolus Schiller
B.L	la	Carolus Theodorus zu Guttenberg
B.L	la	Christina Schröder
B.L	la	Curtius Schmücker
B.L	la	Curtus Beck
B.L	la	Daniel Bahr
B.L	la	Dieta Foederalis Germaniae
B.L	la	Ericus Mende
B.L	la	FDP
B.L	la	Factio Democratica Liberalis Germaniae
B.L	la	Franciscus Josephus Jung
B.L	la	Georgius Möllemann
B.L	la	Germania
B.L	la	Gualphangus Clement
B.L	la	Guido Westerwelle
B.L	la	Gunterus Rexrodt
B.L	la	Helimutus Haussmann
B.L	la	Helimutus Schmidt
B.L	la	Hermannus Otto Solms
B.L	la	Hermannus Schäfer
B.L	la	Ilse Aigner
B.L	la	Ioanna Wanka
B.L	la	Ioannes-Petrus Friedrich
B.L	la	Ioannes Friderichs
B.L	la	Knutus de Kühlmann-Stumm
B.L	la	Landavia
B.L	la	Ludovicus Erhard
B.L	la	Manfredus Lahnstein
B.L	la	Martinus Bangemann
B.L	la	Maximilianus Becker
B.L	la	Michael Glos
B.L	la	Moguntiacum
B.L	la	Norbertus Röttgen
B.L	la	Otto Comes Lambsdorff
B.L	la	Petrus Altmaier
B.L	la	Petrus Ramsauer
B.L	la	Philippus Rösler
B.L	la	Rhenania-Palatinatus
B.L	la	Ronaldus Pofalla
B.L	la	Rudolphus Scharping
B.L	la	Sabina Leutheusser-Schnarrenberger
B.L	la	Theodericus Niebel
B.L	la	Theodorus Heuss
B.L	la	Thomas Dehler
B.L	la	Thomas de Maizière
B.L	la	Ursula de Leyen
B.L	la	Volfgangus Schäuble
B.L	la	Werner Müller
B.L	la	Wolfgangus Gerhardt
B.L	la	Wolfgangus Mischnick
B.L	it	1945
B.L	it	1998
B.L	it	22 giugno
B.L	it	Berlino
B.L	it	Bundestag
B.L	it	Consiglio di amministrazione
B.L	it	Germania
B.L	it	Governo Merkel II
B.L	it	Mainz
B.L	it	Partito Liberale Democratico
B.L	it	Politico
B.L	it	Renania-Palatinato
B.L	it	Università
B.L	it	ZDF
B.L	it	Wikipedia:Regole per la cancellazione
B.L	it	Aiuto:Voci da aiutare
B.L	it	Categoria:Aiutare - agosto 2013
B.L	it	Categoria:Aiutare - biografie
B.L	it	Categoria:Nati a Berlino
B.L	it	Categoria:Nati il 22 giugno
B.L	it	Categoria:Nati nel 1945
B.L	it	Categoria:Politici tedeschi del XXI secolo
B.L	it	Categoria:Politici tedeschi del XX secolo
B.L	it	Progetto:Biografie
B.L	ja	1945年
B.L	ja	2009年
B.L	ja	2011年
B.L	ja	6月22日
B.L	ja	アビトゥーア
B.L	ja	アンゲラ・メルケル
B.L	ja	カール＝テオドール・ツー・グッテンベルク
B.L	ja	カール＝ルートヴィヒ・ヴァーグナー
B.L	ja	クルト・ベック
B.L	ja	ドイツ
B.L	ja	ドイツキリスト教民主同盟
B.L	ja	ドイツ社会民主党
B.L	ja	ドイツ連邦共和国功労勲章
B.L	ja	ドイツ連邦議会
B.L	ja	フィリップ・レスラー
B.L	ja	ベルリン
B.L	ja	ベルンハルト・フォーゲル
B.L	ja	マインツ
B.L	ja	ヨハネス・グーテンベルク大学マインツ
B.L	ja	ラインラント＝プファルツ州
B.L	ja	ランダウ・イン・デア・プファルツ
B.L	ja	ルドルフ・シャーピング
B.L	ja	政治家
B.L	ja	自由民主党 (ドイツ)
B.L	sv	1945
B.L	sv	22 juni
B.L	sv	Angela Merkel
B.L	sv	Annette Schavan
B.L	sv	Berlin
B.L	sv	Daniel Bahr
B.L	sv	Dirk Niebel
B.L	sv	Franz Josef Jung
B.L	sv	Freie Demokratische Partei
B.L	sv	Förbundsdagen
B.L	sv	Guido Westerwelle
B.L	sv	Hans-Peter Friedrich
B.L	sv	Ilse Aigner
B.L	sv	Johanna Wanka
B.L	sv	Karl-Theodor zu Guttenberg
B.L	sv	Kristina Schröder
B.L	sv	Norbert Röttgen
B.L	sv	Partigrupp
B.L	sv	Peter Altmaier
B.L	sv	Peter Ramsauer
B.L	sv	Philipp Rösler
B.L	sv	Politiker
B.L	sv	Regeringen Merkel II
B.L	sv	Rheinland-Pfalz
B.L	sv	Ronald Pofalla
B.L	sv	Sabine Leutheusser-Schnarrenberger
B.L	sv	Thomas de Maizière
B.L	sv	Tysk
B.L	sv	Tysklands förbundsregering
B.L	sv	Ursula von der Leyen
B.L	sv	Wolfgang Schäuble
B.L	sv	Mall:Regeringen Merkel II
B.L	sv	Malldiskussion:Regeringen Merkel II
B.L	ru	12 мая
B.L	ru	1945
B.L	ru	1945 год
B.L	ru	2009
B.L	ru	2009 год
B.L	ru	2011 год
B.L	ru	22 июня
B.L	ru	28 октября
B.L	ru	Берлин
B.L	ru	Викисклад
B.L	ru	Германия
B.L	ru	Германия в 1945—1949 годах
B.L	ru	Гуттенберг, Карл-Теодор цу
B.L	ru	Майнцский университет Иоганна Гутенберга
B.L	ru	Меркель, Ангела
B.L	ru	Немецкий язык
B.L	ru	Орден «За заслуги перед Федеративной Республикой Германия»
B.L	ru	Парламентские выборы в Германии (2013)
B.L	ru	Политик
B.L	ru	Рёслер, Филипп
B.L	ru	Свободная демократическая партия (Германия)
B.L	ru	Список министров экономики Германии
B.L	ru	Экономист
CN	de	Rainer_Brüderle
IWL	fi	Rainer Brüderle
IWL	fr	Rainer Brüderle
IWL	eo	Rainer Brüderle
IWL	en	Rainer Brüderle
IWL	nds	Rainer Brüderle
IWL	no	Rainer Brüderle
IWL	pl	Rainer Brüderle
IWL	la	Rainer Brüderle
IWL	it	Rainer Brüderle
IWL	ja	ライナー・ブリューデルレ
IWL	sv	Rainer Brüderle
IWL	ru	Брюдерле, Райнер
