A.L	de	Adidas
A.L	de	Aktiengesellschaft (Deutschland)
A.L	de	Allianz SE
A.L	de	Altana
A.L	de	Altdeutsche Staaten
A.L	de	Angela Titzrath
A.L	de	Aufsichtsratsvorsitzender
A.L	de	BASF
A.L	de	BMW
A.L	de	Babcock Borsig
A.L	de	Bad Liebenstein
A.L	de	Bayer AG
A.L	de	Bayerische Hypotheken- und Wechsel-Bank
A.L	de	Bayerische Vereinsbank
A.L	de	Beiersdorf AG
A.L	de	Bilanz
A.L	de	Bilanzsumme
A.L	de	Bonn
A.L	de	Briefmonopol (Deutschland)
A.L	de	Briefzentrum (Deutsche Post AG)
A.L	de	Bruce A. Edwards
A.L	de	Bundesanstalt für Post und Telekommunikation Deutsche Bundespost
A.L	de	Bundesministerium für Post und Telekommunikation
A.L	de	Bundesrat (Deutschland)
A.L	de	Büromaterial
A.L	de	Commerzbank
A.L	de	Continental AG
A.L	de	DAX
A.L	de	DHL
A.L	de	DHL Exel Supply Chain
A.L	de	Daimler AG
A.L	de	Danzas
A.L	de	De-Mail
A.L	de	Deutsch-Österreichischer Postverein
A.L	de	Deutsche Bank
A.L	de	Deutsche Bundespost
A.L	de	Deutsche Börse
A.L	de	Deutsche Post (DDR)
A.L	de	Deutsche Post DHL
A.L	de	Deutsche Post Fleet GmbH
A.L	de	Deutsche Postgeschichte
A.L	de	Deutsche Postgeschichte 1919–1945
A.L	de	Deutsche Telekom
A.L	de	Deutscher Bundestag
A.L	de	Deutschland
A.L	de	Dividende
A.L	de	Dresdner Bank
A.L	de	E-Postbrief
A.L	de	E.ON
A.L	de	EBIT
A.L	de	EPost (Markenname)
A.L	de	Electroreturn
A.L	de	Epcos
A.L	de	Erlös
A.L	de	Euro
A.L	de	Europäische Union
A.L	de	Evonik Degussa
A.L	de	FedEx
A.L	de	Feldmühle (Unternehmen)
A.L	de	First Mail
A.L	de	Frachtzentrum (Deutsche Post DHL)
A.L	de	Frank Appel
A.L	de	Frankfurter Wertpapierbörse
A.L	de	Fresenius (Unternehmen)
A.L	de	Fresenius Medical Care
A.L	de	Gemeinsame Normdatei
A.L	de	Geschichte der Post
A.L	de	Gewinn
A.L	de	Gründung (Recht)
A.L	de	Hallig
A.L	de	Hannover Rück
A.L	de	HeidelbergCement
A.L	de	Henkel (Unternehmen)
A.L	de	Hoechst
A.L	de	Hypo Real Estate
A.L	de	Infineon
A.L	de	Infopost-Manager
A.L	de	Institut zur Zukunft der Arbeit
A.L	de	International Securities Identification Number
A.L	de	John Mullen
A.L	de	Jürgen Gerdes
A.L	de	K+S
A.L	de	Kabinett Merkel I
A.L	de	Karstadt
A.L	de	Ken Allen
A.L	de	KfW Bankengruppe
A.L	de	Klaus Zumwinkel
A.L	de	Konzern
A.L	de	Konzernabschluss
A.L	de	Lanxess
A.L	de	Lawrence A. Rosen
A.L	de	Linde AG
A.L	de	Logistik
A.L	de	Logistikunternehmen
A.L	de	Lufthansa
A.L	de	MAN
A.L	de	MLP AG
A.L	de	Mailing
A.L	de	Mannesmann
A.L	de	McPaper
A.L	de	Merck KGaA
A.L	de	Metro AG
A.L	de	Mitarbeiter
A.L	de	Munich Re
A.L	de	Napoleonische Post in Norddeutschland
A.L	de	Netzwerk Europäische Bewegung
A.L	de	Nixdorf Computer
A.L	de	Norddeutscher Postbezirk
A.L	de	Packstation
A.L	de	Philatelie
A.L	de	Post Tower
A.L	de	Postagentur
A.L	de	Postbank
A.L	de	Postbox (Expo 2000)
A.L	de	Postgeschichte des Großherzogtums Berg
A.L	de	Postgeschichte des Königreichs Westphalen
A.L	de	Postgeschichte und Briefmarken Badens
A.L	de	Postgeschichte und Briefmarken Bayerns
A.L	de	Postgeschichte und Briefmarken Bergedorfs
A.L	de	Postgeschichte und Briefmarken Berlins
A.L	de	Postgeschichte und Briefmarken Braunschweigs
A.L	de	Postgeschichte und Briefmarken Bremens
A.L	de	Postgeschichte und Briefmarken Deutschlands unter alliierter Besetzung
A.L	de	Postgeschichte und Briefmarken Hamburgs
A.L	de	Postgeschichte und Briefmarken Hannovers
A.L	de	Postgeschichte und Briefmarken Lübecks
A.L	de	Postgeschichte und Briefmarken Mecklenburgs
A.L	de	Postgeschichte und Briefmarken Oldenburgs
A.L	de	Postgeschichte und Briefmarken Preußens
A.L	de	Postgeschichte und Briefmarken Sachsens
A.L	de	Postgeschichte und Briefmarken Schleswig-Holsteins
A.L	de	Postgeschichte und Briefmarken Württembergs
A.L	de	Postgesetz
A.L	de	Postreform
A.L	de	Postunternehmen
A.L	de	Postwertzeichen
A.L	de	Preussag
A.L	de	Preußisches Postwesen
A.L	de	Privatisierung
A.L	de	RWE
A.L	de	Radio Frequency Identification
A.L	de	Rechtsform
A.L	de	Regulierungsbehörde für Telekommunikation und Post
A.L	de	Reichspost
A.L	de	Renten Service
A.L	de	Roger A. Crook
A.L	de	SAP
A.L	de	Salzgitter AG
A.L	de	Siemens
A.L	de	Sitz (juristische Person)
A.L	de	Sperrminorität
A.L	de	Spiegel Online
A.L	de	Steuerhinterziehung (Deutschland)
A.L	de	Streubesitz
A.L	de	TUI
A.L	de	Thurn und Taxis
A.L	de	ThyssenKrupp
A.L	de	Troisdorf
A.L	de	Umsatzsteuer
A.L	de	Umsatzsteuergesetz (Deutschland)
A.L	de	United Parcel Service
A.L	de	Unternehmensführung
A.L	de	VEBA
A.L	de	VIAG
A.L	de	Versandverpackung
A.L	de	Vital in Deutschland
A.L	de	Volkswagen AG
A.L	de	Vorstandsvorsitzender
A.L	de	Website
A.L	de	Weiden in der Oberpfalz
A.L	de	Weingarten (Württemberg)
A.L	de	Williams Lea
A.L	de	Wirtschaftszweig
A.L	de	Wulf von Schimmelmann
A.L	de	Diskussion:Deutsche Post AG
A.L	de	Benutzer:Jochen2707
A.L	de	Benutzer Diskussion:Jochen2707
A.L	de	Wikipedia:Lückenhaft
A.L	de	Wikipedia:Urheberrechte beachten
A.L	de	Wikipedia:Wie schreibe ich gute Artikel
B.L	fi	1995
B.L	fi	2000
B.L	fi	Adidas
B.L	fi	Allianz
B.L	fi	BASF
B.L	fi	BMW
B.L	fi	Bayer
B.L	fi	Beiersdorf
B.L	fi	Bonn
B.L	fi	Commerzbank
B.L	fi	DAX-indeksi
B.L	fi	DHL
B.L	fi	Daimler
B.L	fi	Deutsche Bahn
B.L	fi	Deutsche Bank
B.L	fi	Deutsche Börse
B.L	fi	Deutsche Telekom
B.L	fi	E.ON
B.L	fi	Euro
B.L	fi	Frankfurtin pörssi
B.L	fi	Fresenius
B.L	fi	Fresenius Medical Care
B.L	fi	Hannover Re
B.L	fi	Henkel
B.L	fi	Julkinen osakeyhtiö
B.L	fi	K+S
B.L	fi	KfW
B.L	fi	Liikevaihto
B.L	fi	Linde
B.L	fi	Logistiikka
B.L	fi	Lufthansa
B.L	fi	Länsi-Saksa
B.L	fi	MAN (yritys)
B.L	fi	METRO AG
B.L	fi	Merck KGaA
B.L	fi	Munich Re
B.L	fi	Osake
B.L	fi	Post Tower
B.L	fi	Posti
B.L	fi	Postilaatikko
B.L	fi	RWE
B.L	fi	SAP (yritys)
B.L	fi	Saksa
B.L	fi	Salzgitter (yritys)
B.L	fi	Siemens
B.L	fi	ThyssenKrupp
B.L	fi	Toimiala
B.L	fi	Volkswagen
B.L	fi	Yhtiömuoto
B.L	fi	Yritys
B.L	fi	Wikipedia:Tynkä
B.L	fi	Luokka:Yritystyngät
B.L	fr	1995
B.L	fr	Adidas
B.L	fr	Allemagne
B.L	fr	Allianz
B.L	fr	BASF
B.L	fr	Bayer (entreprise)
B.L	fr	Bayerische Motoren Werke
B.L	fr	Beiersdorf
B.L	fr	Bonn
B.L	fr	Chef d'entreprise
B.L	fr	Chiffre d'affaires
B.L	fr	Commerzbank
B.L	fr	Continental AG
B.L	fr	Courrier
B.L	fr	DAX
B.L	fr	DHL
B.L	fr	Daimler (entreprise)
B.L	fr	Danzas
B.L	fr	Darmstadt
B.L	fr	Deutsche Bank
B.L	fr	Deutsche Bundespost
B.L	fr	Deutsche Börse
B.L	fr	Deutsche Post (homonymie)
B.L	fr	Deutsche Post World Net
B.L	fr	Deutsche Telekom
B.L	fr	E.ON
B.L	fr	Europe
B.L	fr	Filiale
B.L	fr	Frank Appel
B.L	fr	Fresenius
B.L	fr	Fresenius Medical Care
B.L	fr	HeidelbergCement
B.L	fr	Henkel
B.L	fr	Infineon Technologies
B.L	fr	K+S
B.L	fr	Lanxess
B.L	fr	Linde AG
B.L	fr	Logistique
B.L	fr	Lufthansa
B.L	fr	Merck KGaA
B.L	fr	Munich Re
B.L	fr	Post Tower
B.L	fr	Privatisation
B.L	fr	RWE
B.L	fr	SAP (entreprise)
B.L	fr	Secteur d'activité
B.L	fr	Siemens (entreprise)
B.L	fr	Site web
B.L	fr	Siège social
B.L	fr	Slogan publicitaire
B.L	fr	ThyssenKrupp
B.L	fr	Volkswagen (entreprise)
B.L	fr	Discussion:Deutsche Post/À faire
B.L	fr	Wikipédia:Notoriété des entreprises, sociétés et produits
B.L	fr	Wikipédia:Pages à fusionner
B.L	fr	Modèle:Infobox Société
B.L	fr	Modèle:Palette DAX
B.L	fr	Modèle:À fusionner
B.L	fr	Modèle:Ébauche/paramètres entreprise allemande
B.L	fr	Discussion modèle:Palette DAX
B.L	fr	Aide:Comment modifier une page
B.L	fr	Aide:Homonymie
B.L	fr	Aide:Ébauche
B.L	fr	Catégorie:Entreprise par date de fondation
B.L	fr	Catégorie:Portail:Entreprises/Articles liés
B.L	fr	Catégorie:Portail:Philatélie/Articles liés
B.L	fr	Catégorie:Portail:Rhénanie-du-Nord-Westphalie/Articles liés
B.L	fr	Portail:Allemagne
B.L	fr	Portail:Entreprises
B.L	fr	Portail:Philatélie
B.L	fr	Portail:Rhénanie-du-Nord-Westphalie
B.L	fr	Projet:Accueil
B.L	fa	آدیداس
B.L	fa	آلمان
B.L	fa	آلیانتس
B.L	fa	ا.آن
B.L	fa	ار وه ئه
B.L	fa	اس آ پ
B.L	fa	اینفینئون
B.L	fa	ب آ اس اف
B.L	fa	ب ام و
B.L	fa	بایر (شرکت)
B.L	fa	بایرسدورف
B.L	fa	بن
B.L	fa	تیسن‌کروپ
B.L	fa	دایملر آ گ
B.L	fa	درآمد
B.L	fa	دستگاه مختصات جغرافیایی
B.L	fa	دویچه بانک
B.L	fa	دویچه بورزه
B.L	fa	دویچه تلکوم
B.L	fa	رایش‌پست
B.L	fa	زبان آلمانی
B.L	fa	زبان انگلیسی
B.L	fa	زیمنس
B.L	fa	شرکت سهامی عام
B.L	fa	فرزنیوس
B.L	fa	فرزنیوس مدیکال کر
B.L	fa	لانکسس
B.L	fa	لوفت‌هانزا
B.L	fa	لینده
B.L	fa	مرک
B.L	fa	میلیارد
B.L	fa	میونیک ره
B.L	fa	هایدلبرگ‌سمنت
B.L	fa	هنکل
B.L	fa	وب‌گاه
B.L	fa	کا+اس
B.L	fa	کومرتس‌بانک
B.L	fa	کونتیننتال آ گ
B.L	fa	گروه فولکس‌واگن
B.L	fa	یورو
B.L	fa	۱۹۹۵ (میلادی)
B.L	fa	ویکی‌پدیا:مقالهٔ خرد
B.L	fa	الگو:آلمان-خرد
B.L	fa	الگو:شرکت‌های دکس
B.L	fa	بحث الگو:آلمان-خرد
B.L	fa	بحث الگو:شرکت‌های دکس
B.L	el	NSDAP
B.L	el	SS
B.L	el	Όσναμπρικ
B.L	el	Όττο φον Μπίσμαρκ
B.L	el	Α' Παγκόσμιος Πόλεμος
B.L	el	Ατλαντικός Ωκεανός
B.L	el	ΒΠΠ
B.L	el	Βίλχελμ Ονεζόργκε
B.L	el	Βερολίνο
B.L	el	Γ' Ράιχ
B.L	el	Γιόζεφ Γκέμπελς
B.L	el	Γραφείο Στρατηγικών Υπηρεσιών
B.L	el	Δίκη της Νυρεμβέργης
B.L	el	Εβραίοι
B.L	el	Ελβετία
B.L	el	Ευρώπη
B.L	el	ΗΠΑ
B.L	el	Καίνιξμπεργκ
B.L	el	Καγκελάριος
B.L	el	Κλέβε
B.L	el	Μέγας Ναπολέων
B.L	el	Μίνστερ
B.L	el	Μεγάλη Βρετανία
B.L	el	Μπέργκαμο
B.L	el	Ναζί
B.L	el	Ναζιστική Γερμανία
B.L	el	Πρωσία
B.L	el	Ρέγκενσμπουργκ
B.L	el	Σεντάν
B.L	el	Στάζι
B.L	el	Συνθήκη των Βερσαλλιών
B.L	el	Τείχος του Βερολίνου
B.L	el	Τριακονταετής Πόλεμος
B.L	el	Φραγκλίνος Ρούζβελτ
B.L	el	Φραντς φον Τάξις
B.L	el	Χίτλερ
B.L	en	Adidas
B.L	en	Airborne Express
B.L	en	Aktiengesellschaft
B.L	en	Allianz
B.L	en	Americas
B.L	en	An Post
B.L	en	Asia-Pacific
B.L	en	Asset
B.L	en	Azərpoçt
B.L	en	BASF
B.L	en	BH Pošta
B.L	en	BMW
B.L	en	Bayer AG
B.L	en	Beiersdorf
B.L	en	Belposhta
B.L	en	Bonn
B.L	en	Bpost
B.L	en	Bring CityMail
B.L	en	Bulgarian Posts
B.L	en	CTT Correios de Portugal, S.A.
B.L	en	Cargo
B.L	en	Chairman
B.L	en	Chief executive officer
B.L	en	Chief financial officer
B.L	en	Cologne
B.L	en	Commerzbank
B.L	en	Continental AG
B.L	en	Correos
B.L	en	Courier
B.L	en	Cyprus Postal Services
B.L	en	DAX
B.L	en	DHL Exel Supply Chain
B.L	en	DHL Express
B.L	en	DHL Freight
B.L	en	DHL GlobalMail UK
B.L	en	DHL Global Forwarding
B.L	en	DHL Global Mail
B.L	en	DHL Parcel Germany
B.L	en	DHL Supply Chain
B.L	en	Daimler AG
B.L	en	Danzas
B.L	en	De-Mail
B.L	en	Delivery (commerce)
B.L	en	Deutsche Bank
B.L	en	Deutsche Bundespost
B.L	en	Deutsche Börse
B.L	en	Deutsche Post (brand)
B.L	en	Deutsche Post (disambiguation)
B.L	en	Deutsche Post of the GDR
B.L	en	Deutsche Telekom
B.L	en	Digital signature
B.L	en	Direct marketing
B.L	en	Doing business as
B.L	en	E.ON
B.L	en	Earnings before interest and taxes
B.L	en	Eesti Post
B.L	en	Equity (finance)
B.L	en	Euro
B.L	en	Europe
B.L	en	Europe, the Middle East and Africa
B.L	en	Exel
B.L	en	Express mail
B.L	en	Frank Appel
B.L	en	Frankfurt Stock Exchange
B.L	en	Franking
B.L	en	Fresenius (company)
B.L	en	Fresenius Medical Care
B.L	en	Geographic coordinate system
B.L	en	Georgian Post
B.L	en	Germany
B.L	en	Guernsey Post
B.L	en	HayPost
B.L	en	HeidelbergCement
B.L	en	Hellenic Post
B.L	en	Henkel
B.L	en	Hrvatska Pošta Mostar
B.L	en	Hrvatska pošta
B.L	en	Infineon Technologies
B.L	en	Initial public offering
B.L	en	Institutional investor
B.L	en	Isle of Man Post Office
B.L	en	Itella
B.L	en	Jersey Post
B.L	en	K+S
B.L	en	KfW
B.L	en	La Poste (France)
B.L	en	La Poste Monaco
B.L	en	Lanxess
B.L	en	Latvijas Pasts
B.L	en	Letter monopoly
B.L	en	Liechtensteinische Post
B.L	en	Lietuvos paštas
B.L	en	Logistics
B.L	en	Lufthansa
B.L	en	Magyar Posta
B.L	en	Mail
B.L	en	Makedonska Pošta
B.L	en	MaltaPost
B.L	en	Merck KGaA
B.L	en	Mercury International
B.L	en	Monopoly
B.L	en	Munich Re
B.L	en	Nedlloyd
B.L	en	Net income
B.L	en	New media
B.L	en	P&TLuxembourg
B.L	en	PIN Group
B.L	en	PTT (Turkey)
B.L	en	Packstation
B.L	en	Parcel post
B.L	en	Personal computer
B.L	en	Poczta Polska
B.L	en	PostNL
B.L	en	Post Danmark
B.L	en	Post Greenland
B.L	en	Post Tower
B.L	en	Post office
B.L	en	Posta (company)
B.L	en	Posta Shqiptare
B.L	en	Posta e Kosovës
B.L	en	Postage stamps and postal history of Germany
B.L	en	Postal administration
B.L	en	Postal services in Andorra
B.L	en	Poste Vaticane
B.L	en	Poste italiane
B.L	en	Poste sammarinesi
B.L	en	Posten AB
B.L	en	Posten Norge
B.L	en	Posten Åland
B.L	en	Pošta Crne Gore
B.L	en	Pošta Slovenije
B.L	en	Pošta Srbije
B.L	en	Pošte Srpske
B.L	en	Poșta Moldovei
B.L	en	Poșta Română
B.L	en	Privatization
B.L	en	RWE
B.L	en	Reichspost
B.L	en	Royal Gibraltar Post Office
B.L	en	Royal Mail
B.L	en	Russia
B.L	en	Russian Post
B.L	en	SAP AG
B.L	en	SMS
B.L	en	Seattle
B.L	en	Siemens
B.L	en	Slovenská pošta
B.L	en	Stock market index
B.L	en	Supervisory board
B.L	en	Swiss Post
B.L	en	TNT N.V.
B.L	en	Telecommunications in Germany
B.L	en	The Linde Group
B.L	en	Third-party logistics
B.L	en	ThyssenKrupp
B.L	en	Ticker symbol
B.L	en	Types of business entity
B.L	en	UK Mail
B.L	en	Ukrposhta
B.L	en	United Kingdom
B.L	en	Value-added service
B.L	en	Van Gend & Loos
B.L	en	Volkswagen Group
B.L	en	Williams Lea
B.L	en	Íslandspóstur
B.L	en	Österreichische Post
B.L	en	Česká pošta
B.L	en	Wikipedia:Citation needed
B.L	en	Wikipedia:Please clarify
B.L	en	Template:DAX companies
B.L	en	Template:Deutsche Post
B.L	en	Template:Portal/Images/Companies
B.L	en	Template:Postal administrations of Europe
B.L	en	Template talk:DAX companies
B.L	en	Template talk:Deutsche Post
B.L	en	Template talk:Postal administrations of Europe
B.L	en	Category:Articles with unsourced statements from April 2013
B.L	en	Category:Wikipedia articles needing clarification from April 2013
B.L	en	Portal:Companies
B.L	es	14 de junio
B.L	es	1989
B.L	es	1995
B.L	es	Agencia Federal de Comunicaciones
B.L	es	Alemania
B.L	es	Beneficio económico
B.L	es	Bonn
B.L	es	Correo
B.L	es	Correo aéreo
B.L	es	DHL
B.L	es	Der Spiegel
B.L	es	Deutsche Bundespost
B.L	es	Deutsche Postbank
B.L	es	Deutsche Telekom
B.L	es	Deutsche Welle
B.L	es	Empresa
B.L	es	Europäische Bewegung Deutschland
B.L	es	Evasión de impuestos
B.L	es	Finanzas
B.L	es	Frank Appel
B.L	es	Industria
B.L	es	Ingreso
B.L	es	KfW Bankengruppe
B.L	es	Klaus Zumwinkel
B.L	es	Logística
B.L	es	Mercado de capitales
B.L	es	Millón
B.L	es	Ministerio de Correos y Telecomunicaciones
B.L	es	Movimiento Europeo
B.L	es	Multinacional
B.L	es	Opinión pública
B.L	es	Post Tower
B.L	es	Privatización
B.L	es	Rascacielos
B.L	es	Servicio expreso de correos
B.L	es	Servicio postal
B.L	es	Sitio web
B.L	es	Sociedad anónima
B.L	es	Telecomunicaciones
B.L	es	Wikimedia Commons
B.L	es	Wikipedia:Texto de la Licencia Creative Commons Atribución-CompartirIgual 3.0 Unported
B.L	es	Wikipedia:Texto de la Licencia de documentación libre de GNU
B.L	ca	1995
B.L	ca	2005
B.L	ca	2006
B.L	ca	20 de setembre
B.L	ca	Adidas
B.L	ca	Airborne Express
B.L	ca	Aktiengesellschaft
B.L	ca	Alemanya
B.L	ca	Allianz
B.L	ca	Amèrica
B.L	ca	BASF
B.L	ca	BMW
B.L	ca	Bandera d'Alemanya
B.L	ca	Bandera de Germany
B.L	ca	Bayer
B.L	ca	Beiersdorf
B.L	ca	Bonn
B.L	ca	Borsa de Frankfurt
B.L	ca	Borsa de Londres
B.L	ca	Carta de monopoli
B.L	ca	Chief executive officer
B.L	ca	Chief financial officer
B.L	ca	Commerzbank
B.L	ca	Correu
B.L	ca	Correu exprés
B.L	ca	DAX
B.L	ca	DHL
B.L	ca	DHL Express
B.L	ca	DHL Freight
B.L	ca	DHL GlobalMail Regne Unit
B.L	ca	DHL Global Forwarding
B.L	ca	Daimler AG
B.L	ca	Deutsche Bank
B.L	ca	Deutsche Bundespost
B.L	ca	Deutsche Börse
B.L	ca	Deutsche Postbank
B.L	ca	Deutsche Telekom
B.L	ca	Distribució
B.L	ca	E.ON
B.L	ca	EEMEA
B.L	ca	Entregues
B.L	ca	Euro
B.L	ca	Europa
B.L	ca	Exel
B.L	ca	Fresenius Medical Care
B.L	ca	Fresenius SE
B.L	ca	Germany
B.L	ca	Henkel
B.L	ca	Infineon Technologies
B.L	ca	Ingressos nets
B.L	ca	K+S
B.L	ca	KfW
B.L	ca	Logística
B.L	ca	Lufthansa
B.L	ca	MAN SE
B.L	ca	Mercaderies
B.L	ca	Merck KGaA
B.L	ca	Mercury International
B.L	ca	Metro AG
B.L	ca	Munich Re
B.L	ca	Màrqueting directe
B.L	ca	Oficina de correus
B.L	ca	PIN Group
B.L	ca	President
B.L	ca	Producte (màrqueting)
B.L	ca	Public company
B.L	ca	RWE
B.L	ca	Regne Unit
B.L	ca	Royal Mail
B.L	ca	SAP AG
B.L	ca	Salzgitter AG
B.L	ca	Siemens AG
B.L	ca	TNT NV
B.L	ca	The Linde Group
B.L	ca	ThyssenKrupp
B.L	ca	Tipus d'entitat empresarial
B.L	ca	VP:REF
B.L	ca	Volkswagen Group
B.L	ca	Àsia i el Pacífic
B.L	ca	Plantilla:Bandera/Alemanya
B.L	ca	Plantilla:Bandera/Germany
B.L	ca	Plantilla:Empreses DAX
B.L	be	1990-я
B.L	be	1995
B.L	be	Adidas
B.L	be	Allianz
B.L	be	BASF
B.L	be	BMW
B.L	be	Bayer
B.L	be	Beiersdorf
B.L	be	Bertrandt
B.L	be	CEO
B.L	be	Commerzbank
B.L	be	DAX
B.L	be	DHL
B.L	be	Daimler
B.L	be	Deutsche Bank
B.L	be	Deutsche Börse
B.L	be	Deutsche Post DHL
B.L	be	Deutsche Post World Net
B.L	be	Deutsche Telekom
B.L	be	E.ON
B.L	be	Fresenius
B.L	be	Fresenius SE
B.L	be	Hannover Re
B.L	be	Henkel
B.L	be	K+S
B.L	be	Lufthansa
B.L	be	MAN
B.L	be	Merck KGaA
B.L	be	Metro AG
B.L	be	Munich Re
B.L	be	Postbank
B.L	be	RWE
B.L	be	SAP
B.L	be	Salzgitter AG
B.L	be	Siemens
B.L	be	The Linde Group
B.L	be	ThyssenKrupp
B.L	be	Volkswagen Group
B.L	be	XX
B.L	be	Бон
B.L	be	ВікіСховішча
B.L	be	Германія
B.L	be	Гісторыя пошты і паштовых марак Германіі
B.L	be	Еўропа
B.L	be	Лагістыка
B.L	be	Мяжа Еўропа-Азія
B.L	be	Непрызнаныя і часткова прызнаныя дзяржавы
B.L	be	Паштовы аператар
B.L	be	Паштовыя індэксы ў Германіі
B.L	be	Пошта
B.L	be	Пошта Ірландыі
B.L	be	Пошта Ісландыі
B.L	be	Пошта Іспаніі
B.L	be	Пошта Італіі
B.L	be	Пошта Абхазіі
B.L	be	Пошта Азербайджана
B.L	be	Пошта Азорскіх астравоў
B.L	be	Пошта Аландскіх астравоў
B.L	be	Пошта Албаніі
B.L	be	Пошта Андоры
B.L	be	Пошта Аўстрыі
B.L	be	Пошта Балгарыі
B.L	be	Пошта Беларусі
B.L	be	Пошта Бельгіі
B.L	be	Пошта Босніі і Герцагавіны
B.L	be	Пошта Ватыкана
B.L	be	Пошта Венгрыі
B.L	be	Пошта Вострава Мэн
B.L	be	Пошта Вялікабрытаніі
B.L	be	Пошта Германіі
B.L	be	Пошта Гернсі
B.L	be	Пошта Грузіі
B.L	be	Пошта Грэцыі
B.L	be	Пошта Гібралтара
B.L	be	Пошта Даніі
B.L	be	Пошта Джэрсі
B.L	be	Пошта Казахстана
B.L	be	Пошта Косава
B.L	be	Пошта Кіпра
B.L	be	Пошта Латвіі
B.L	be	Пошта Люксембурга
B.L	be	Пошта Літвы
B.L	be	Пошта Ліхтэнштэйна
B.L	be	Пошта Македоніі
B.L	be	Пошта Малдовы
B.L	be	Пошта Мальты
B.L	be	Пошта Манака
B.L	be	Пошта Нагорна-Карабахскай Рэспублікі
B.L	be	Пошта Нарвегіі
B.L	be	Пошта Нідэрландаў
B.L	be	Пошта Партугаліі
B.L	be	Пошта Паўднёвай Асеціі
B.L	be	Пошта Польшчы
B.L	be	Пошта Прыднястроўскай Малдаўскай Рэспублікі
B.L	be	Пошта Расіі
B.L	be	Пошта Румыніі
B.L	be	Пошта Сан-Марына
B.L	be	Пошта Сербіі
B.L	be	Пошта Славакіі
B.L	be	Пошта Славеніі
B.L	be	Пошта Турцыі
B.L	be	Пошта Украіны
B.L	be	Пошта Фарэрскіх астравоў
B.L	be	Пошта Францыі
B.L	be	Пошта Фінляндыі
B.L	be	Пошта Харватыі
B.L	be	Пошта Чарнагорыі
B.L	be	Пошта Чэхіі
B.L	be	Пошта Швейцарыі
B.L	be	Пошта Швецыі
B.L	be	Пошта Шпіцбергена
B.L	be	Пошта Эстоніі
B.L	be	Пошта Ян-Маена
B.L	be	Прадпрыемства
B.L	be	Прыватызацыя
B.L	be	Сайт
B.L	be	Спіс дзяржаў і залежных тэрыторый Еўропы
B.L	be	Сувязь, тэхніка
B.L	be	Франкфурцкая фондавая біржа
B.L	be	Холдынг
B.L	be	Штаб-кватэра
B.L	be	Юрыдычная асоба
B.L	be	Вікіпедыя:Накід
B.L	be	Вікіпедыя:Як правіць артыкул
B.L	be	Шаблон:Ref-de
B.L	be	Шаблон:Паштовыя і філатэлістычныя арганізацыі і кампаніі
B.L	da	1995
B.L	da	1998
B.L	da	2000
B.L	da	2002
B.L	da	2004
B.L	da	Adidas
B.L	da	Allianz
B.L	da	BASF
B.L	da	BMW
B.L	da	Bayer
B.L	da	Beiersdorf AG
B.L	da	Bonn
B.L	da	Commerzbank
B.L	da	Continental AG
B.L	da	DAX
B.L	da	DHL
B.L	da	Daimler AG
B.L	da	Deutsche Bank
B.L	da	Deutsche Börse
B.L	da	Deutsche Telekom
B.L	da	E.ON
B.L	da	EUR
B.L	da	Frankfurter Wertpapierbörse
B.L	da	Fresenius Medical Care
B.L	da	Fresenius SE
B.L	da	HeidelbergCement
B.L	da	Henkel
B.L	da	Hovedkvarter
B.L	da	Infineon Technologies
B.L	da	K+S
B.L	da	KfW Bankengruppe
B.L	da	Lanxess
B.L	da	Linde AG
B.L	da	Logistik
B.L	da	Lufthansa
B.L	da	Medarbejder
B.L	da	Merck KGaA
B.L	da	Munich Re
B.L	da	Omsætning
B.L	da	Post
B.L	da	Post Danmark
B.L	da	Post Tower
B.L	da	Postbank
B.L	da	Privatisering
B.L	da	RWE
B.L	da	SAP AG
B.L	da	Siemens AG
B.L	da	ThyssenKrupp
B.L	da	Tyskland
B.L	da	Volkswagen Aktiengesellschaft
B.L	da	Wikimedia Commons
B.L	cv	1995
B.L	cv	DHL
B.L	cv	Deutsche Post World Net
B.L	cv	Postbank
B.L	cv	XX ĕмĕр
B.L	cv	Бонн
B.L	cv	Германи
B.L	cv	Франкфурт тĕплĕх биржа
B.L	cv	Штаб-хваттер
B.L	no	1995
B.L	no	Bonn
B.L	no	DHL
B.L	no	Danzas
B.L	no	Deutsche Bundespost
B.L	no	Deutsche Post DHL
B.L	no	Deutsche Postbank
B.L	no	Deutsche Telekom
B.L	no	Deutscher Aktienindex
B.L	no	Postvesen
B.L	no	Tyskland
B.L	nn	1995
B.L	nn	Bonn
B.L	nn	Deutsche Bundespost
B.L	nn	Deutsche Telekom
B.L	nn	Postbank
B.L	pl	Adidas
B.L	pl	Airborne Express
B.L	pl	Allianz
B.L	pl	BASF
B.L	pl	BMW
B.L	pl	Bayer AG
B.L	pl	Beiersdorf AG
B.L	pl	Bonn
B.L	pl	Branża
B.L	pl	Chief Financial Officer
B.L	pl	Chief executive officer
B.L	pl	Commerzbank
B.L	pl	DAX
B.L	pl	DHL
B.L	pl	DHL Express
B.L	pl	DHL Freight
B.L	pl	DHL GlobalMail
B.L	pl	DHL Global Forwarding
B.L	pl	Daimler AG
B.L	pl	Deutsche Bank
B.L	pl	Deutsche Bundespost
B.L	pl	Deutsche Börse
B.L	pl	Deutsche Postbank
B.L	pl	Deutsche Telekom
B.L	pl	Dystrybucja (ekonomia)
B.L	pl	E.ON
B.L	pl	EUR
B.L	pl	Euro
B.L	pl	Exel
B.L	pl	Finanse
B.L	pl	Formy prawne przedsiębiorstw
B.L	pl	Fortune 500
B.L	pl	Frankfurter Wertpapierbörse
B.L	pl	Fresenius
B.L	pl	Fresenius Medical Care
B.L	pl	Funt szterling
B.L	pl	Gram
B.L	pl	Handel
B.L	pl	Henkel
B.L	pl	Indeks giełdowy
B.L	pl	Infineon
B.L	pl	Inwestor instytucjonalny
B.L	pl	Język niemiecki
B.L	pl	K+S
B.L	pl	KfW
B.L	pl	Kolonia (Niemcy)
B.L	pl	Linde AG
B.L	pl	List
B.L	pl	Logistyka
B.L	pl	Lufthansa
B.L	pl	MAN SE
B.L	pl	Merck KGaA
B.L	pl	Mercury International
B.L	pl	Metro Group
B.L	pl	Munich Re
B.L	pl	Niemcy
B.L	pl	Obrót
B.L	pl	PIN Group
B.L	pl	Packstation
B.L	pl	Poczta
B.L	pl	Polska
B.L	pl	Prywatyzacja
B.L	pl	Przychód (ekonomia)
B.L	pl	RWE (koncern)
B.L	pl	Royal Mail
B.L	pl	SAP AG
B.L	pl	Salzgitter AG
B.L	pl	Siedziba (prawo)
B.L	pl	Siemens AG
B.L	pl	Spółka publiczna
B.L	pl	Spółka z ograniczoną odpowiedzialnością
B.L	pl	TNT Express Worldwide
B.L	pl	ThyssenKrupp
B.L	pl	Unia Europejska
B.L	pl	Volkswagen AG
B.L	pl	Zatrudnienie
B.L	pl	Szablon:DAX
B.L	pl	Dyskusja szablonu:DAX
B.L	nl	1995
B.L	nl	Adidas
B.L	nl	Airborne Express
B.L	nl	Allianz
B.L	nl	BASF (chemieconcern)
B.L	nl	BMW
B.L	nl	Bayer
B.L	nl	Beiersdorf AG
B.L	nl	Bondsrepubliek Duitsland (1949-1990)
B.L	nl	Bonn
B.L	nl	Chief Executive Officer
B.L	nl	Chief Financial Officer
B.L	nl	Commerzbank
B.L	nl	Continental AG
B.L	nl	DAX-index
B.L	nl	DHL
B.L	nl	DHL Express
B.L	nl	Daimler (Duitsland)
B.L	nl	Deutsche Bank
B.L	nl	Deutsche Bundespost
B.L	nl	Deutsche Börse
B.L	nl	Deutsche Postbank
B.L	nl	Deutsche Telekom
B.L	nl	Duitsland
B.L	nl	E.ON
B.L	nl	Euro
B.L	nl	Exel (onderneming)
B.L	nl	Expresdiensten
B.L	nl	Frank Appel
B.L	nl	Fresenius
B.L	nl	Fresenius Medical Care
B.L	nl	HeidelbergCement
B.L	nl	Henkel KGaA
B.L	nl	Infineon
B.L	nl	John Allan
B.L	nl	K+S
B.L	nl	KfW
B.L	nl	Lanxess
B.L	nl	Linde AG
B.L	nl	Logistiek
B.L	nl	Lufthansa
B.L	nl	Merck KGaA
B.L	nl	Münchener Rück
B.L	nl	Naamloze vennootschap
B.L	nl	Omzet
B.L	nl	Post Tower
B.L	nl	Postbezorging
B.L	nl	RWE (energie)
B.L	nl	SAP AG
B.L	nl	Siemens AG
B.L	nl	Third-party logistiek
B.L	nl	ThyssenKrupp
B.L	nl	Volkswagen AG
B.L	nl	Voorzitter
B.L	nl	Vrachtvervoer
B.L	nl	Wikimedia Commons
B.L	nl	Winst (onderneming)
B.L	nl	Wulf von Schimmelmann
B.L	nl	Portaal:Economie
B.L	ko	1990년
B.L	ko	1995년
B.L	ko	1997년
B.L	ko	2002년
B.L	ko	2006년
B.L	ko	BASF
B.L	ko	BMW
B.L	ko	DAX
B.L	ko	DHL
B.L	ko	E.ON
B.L	ko	K+S
B.L	ko	MAN SE
B.L	ko	RWE
B.L	ko	SAP AG
B.L	ko	네덜란드
B.L	ko	다임러 AG
B.L	ko	도이체 방크
B.L	ko	도이체 뵈르제
B.L	ko	도이체 텔레콤
B.L	ko	독일
B.L	ko	독일 연방우정
B.L	ko	독일 우정은행
B.L	ko	독일 텔레콤
B.L	ko	독일어
B.L	ko	런던 증권거래소
B.L	ko	루프트한자
B.L	ko	린데 AG
B.L	ko	메르크
B.L	ko	메트로 AG
B.L	ko	뮤닉 리
B.L	ko	미국
B.L	ko	미국 달러
B.L	ko	바이어스도르프
B.L	ko	바이엘 (기업)
B.L	ko	본
B.L	ko	아디다스
B.L	ko	알리안츠
B.L	ko	우편
B.L	ko	이탈리아
B.L	ko	인피니온 테크놀로지스
B.L	ko	일본의 우정민영화
B.L	ko	지멘스 AG
B.L	ko	코메르츠방크
B.L	ko	티센크루프
B.L	ko	폭스바겐 AG
B.L	ko	프랑크푸르트 증권거래소
B.L	ko	프레제니우스 (기업)
B.L	ko	프레제니우스 메디컬 케어
B.L	ko	하이델베르그시멘트
B.L	ko	헨켈
B.L	ko	틀:DAX
B.L	ko	틀토론:DAX
B.L	id	1995
B.L	id	Adidas
B.L	id	Aktiengesellschaft
B.L	id	Allianz
B.L	id	BASF
B.L	id	BMW
B.L	id	Bayer AG
B.L	id	Beiersdorf
B.L	id	Bonn
B.L	id	Bursa Saham London
B.L	id	Commerzbank
B.L	id	Continental AG
B.L	id	Courier
B.L	id	DAX
B.L	id	Daimler AG
B.L	id	Deutsche Bank
B.L	id	Deutsche Börse
B.L	id	Deutsche Telekom
B.L	id	E.ON
B.L	id	Frank Appel
B.L	id	Fresenius (perusahaan)
B.L	id	Fresenius Medical Care
B.L	id	HeidelbergCement
B.L	id	Henkel
B.L	id	Infineon Technologies
B.L	id	Institutional
B.L	id	International Securities Identifying Number
B.L	id	Jasa
B.L	id	Jenis entitas bisnis
B.L	id	Jerman
B.L	id	K+S
B.L	id	KfW
B.L	id	Korporasi
B.L	id	Lanxess
B.L	id	Logistik
B.L	id	Lufthansa
B.L	id	Merck KGaA
B.L	id	Munich Re
B.L	id	Perusahaan (hukum)
B.L	id	Perusahaan publik
B.L	id	Postal Service
B.L	id	Private investor
B.L	id	RWE
B.L	id	SAP AG
B.L	id	Siemens
B.L	id	The Linde Group
B.L	id	ThyssenKrupp
B.L	id	Volkswagen Group
B.L	id	Wikipedia:Rintisan
B.L	id	Templat:Perusahaan DAX
B.L	id	Pembicaraan Templat:Perusahaan DAX
B.L	it	1989
B.L	it	1996
B.L	it	2006
B.L	it	2007
B.L	it	2010
B.L	it	Adidas
B.L	it	Allianz
B.L	it	Amministratore delegato
B.L	it	An Post
B.L	it	Azərpoçt
B.L	it	BASF
B.L	it	BH Pošta
B.L	it	BMW
B.L	it	Bayer
B.L	it	Beiersdorf (azienda)
B.L	it	Belgian Post Group
B.L	it	Belpochta
B.L	it	Blue chip
B.L	it	Bonn
B.L	it	Borsa di Francoforte
B.L	it	Borsa valori
B.L	it	Bring CityMail
B.L	it	Bulgarian Posts
B.L	it	CTT Correios de Portugal
B.L	it	Commerzbank
B.L	it	Correos
B.L	it	Cyprus Postal Services
B.L	it	DAX 30
B.L	it	DHL
B.L	it	Daimler (azienda)
B.L	it	Deutsche Bank
B.L	it	Deutsche Börse
B.L	it	Deutsche Postbank
B.L	it	Deutsche Telekom
B.L	it	E.ON
B.L	it	Eesti Post
B.L	it	Euro
B.L	it	Europa
B.L	it	Fatturato
B.L	it	Frank Appel
B.L	it	Fresenius
B.L	it	Fresenius Medical Care
B.L	it	Georgian Post
B.L	it	Germania
B.L	it	Gruppo Volkswagen
B.L	it	Guernsey Post
B.L	it	HayPost
B.L	it	Heidelberg Cement
B.L	it	Hellenic Post
B.L	it	Henkel
B.L	it	Hrvatska Pošta Mostar
B.L	it	Hrvatska pošta
B.L	it	Impresa
B.L	it	Indice azionario
B.L	it	Infineon Technologies
B.L	it	Isle of Man Post
B.L	it	Itella
B.L	it	Jersey Post
B.L	it	K+S
B.L	it	KfW
B.L	it	Koninklijke TNT Post
B.L	it	La Posta Svizzera
B.L	it	La Poste
B.L	it	La Poste Monaco
B.L	it	Latvijas Pasts
B.L	it	Liechtensteinische Post
B.L	it	Lietuvos paštas
B.L	it	Linde AG
B.L	it	Logistica
B.L	it	Lufthansa
B.L	it	MAN SE
B.L	it	Magyar Posta
B.L	it	Makedonska Pošta
B.L	it	MaltaPost
B.L	it	Merck KGaA
B.L	it	Metro (azienda)
B.L	it	Miliardo
B.L	it	Munich Re
B.L	it	Nazioni Unite
B.L	it	P&TLuxembourg
B.L	it	PIN Group
B.L	it	Poczta Polska
B.L	it	Post Greenland
B.L	it	Post Tower
B.L	it	Posta
B.L	it	Posta Shqiptare
B.L	it	Posta Telefon Telgraf
B.L	it	Posta e Kosovës
B.L	it	Poste San Marino
B.L	it	Poste italiane
B.L	it	Poste vaticane
B.L	it	Posten AB
B.L	it	Posten Norge
B.L	it	Posten Åland
B.L	it	Postverk Føroya
B.L	it	Poşta Moldovei
B.L	it	Poşta Română
B.L	it	Pošta Crne Gore
B.L	it	Pošta Slovenije
B.L	it	Pošta Srbije
B.L	it	Pošte Srpske
B.L	it	Profitto
B.L	it	Public company
B.L	it	RWE (azienda)
B.L	it	Royal Gibraltar Post Office
B.L	it	Royal Mail
B.L	it	Russian Post
B.L	it	SAP (azienda)
B.L	it	Serbia
B.L	it	Siemens (azienda)
B.L	it	Sito web
B.L	it	Slovenská pošta
B.L	it	Stato
B.L	it	ThyssenKrupp
B.L	it	Trasporto di merci
B.L	it	UK Mail
B.L	it	Ukrposhta
B.L	it	Íslandspóstur
B.L	it	Österreichische Post
B.L	it	Česká pošta
B.L	it	File:Stub .png
B.L	it	File:Stub aziende tedesche.png
B.L	it	Template:Aziende DAX 30
B.L	it	Template:Poste europee
B.L	it	Discussioni template:Aziende DAX 30
B.L	it	Discussioni template:Poste europee
B.L	it	Aiuto:Abbozzo
B.L	it	Aiuto:Manuale di stile
B.L	it	Categoria:Stub - aziende tedesche
B.L	it	Progetto:Aziende tedesche
B.L	ja	1990年
B.L	ja	1990年代
B.L	ja	1995年
B.L	ja	1997年
B.L	ja	2002年
B.L	ja	2008年
B.L	ja	2009年
B.L	ja	BASF
B.L	ja	BMW
B.L	ja	DHL
B.L	ja	E.ON
B.L	ja	K+S
B.L	ja	McPaper (企業)
B.L	ja	RWE
B.L	ja	SAP (企業)
B.L	ja	アディダス
B.L	ja	アメリカ合衆国
B.L	ja	アリアンツ
B.L	ja	イタリア
B.L	ja	インフィニオン・テクノロジーズ
B.L	ja	オランダ
B.L	ja	クラウス・ツムヴィンケル
B.L	ja	コメルツ銀行
B.L	ja	コンチネンタル (自動車部品製造業)
B.L	ja	シーメンス
B.L	ja	ダイムラー (自動車メーカー)
B.L	ja	ティッセンクルップ
B.L	ja	ドイツ
B.L	ja	ドイツテレコム
B.L	ja	ドイツ・ポストバンク
B.L	ja	ドイツ株価指数
B.L	ja	ドイツ証券取引所
B.L	ja	ドイツ語
B.L	ja	ドイツ銀行
B.L	ja	ハイポ・リアル・エステート
B.L	ja	バイエル (企業)
B.L	ja	フォルクスワーゲングループ
B.L	ja	フランクフルト証券取引所
B.L	ja	フレゼニウス
B.L	ja	ヘンケル
B.L	ja	ボン
B.L	ja	マン (企業)
B.L	ja	ミュンヘン再保険
B.L	ja	メトロ (小売業)
B.L	ja	メルク (ドイツ)
B.L	ja	リンデ
B.L	ja	ルフトハンザドイツ航空
B.L	ja	ロジスティクス
B.L	ja	ロンドン証券取引所
B.L	ja	企業
B.L	ja	会社
B.L	ja	宅配便
B.L	ja	最高経営責任者
B.L	ja	株式会社
B.L	ja	業種
B.L	ja	物流
B.L	ja	郵便
B.L	ja	郵政民営化
B.L	ja	Template:DAX
B.L	ja	Template:基礎情報 会社
B.L	ja	Template‐ノート:DAX
B.L	uk	1995
B.L	uk	2010
B.L	uk	Aktiengesellschaft
B.L	uk	CEO
B.L	uk	Forbes Global 2000
B.L	uk	Євро
B.L	uk	Бонн
B.L	uk	Валовий дохід
B.L	uk	Династія Габсбургів
B.L	uk	Компанія
B.L	uk	Кур'єр
B.L	uk	Німеччина
B.L	uk	Поштова вежа
B.L	uk	Сайт
B.L	uk	Форбс (журнал)
B.L	uk	Франц фон Таксіс
B.L	uk	Чистий прибуток
B.L	uk	Штаб-квартира
B.L	uk	Вікіпедія:Як редагувати статтю
B.L	uk	Шаблон:Назва країни GER
B.L	tr	1995
B.L	tr	2005
B.L	tr	Alman
B.L	tr	Bonn
B.L	tr	DHL
B.L	tr	Finans
B.L	tr	Lojistik
B.L	tr	Post Tower
B.L	tr	Postbank
B.L	tr	Şirket
B.L	tr	Vikipedi:Madde
B.L	tr	Vikipedi:Taslak madde
B.L	sv	1995
B.L	sv	Adidas
B.L	sv	Aktiengesellschaft
B.L	sv	Allianz
B.L	sv	BASF
B.L	sv	BMW
B.L	sv	Bayer AG
B.L	sv	Beiersdorf AG
B.L	sv	Bonn
B.L	sv	Commerzbank
B.L	sv	DHL
B.L	sv	Daimler AG
B.L	sv	Danzas
B.L	sv	Deutsche Bank
B.L	sv	Deutsche Bundespost
B.L	sv	Deutsche Börse
B.L	sv	Deutsche Postbank AG
B.L	sv	Deutsche Reichspost
B.L	sv	Deutsche Telekom
B.L	sv	Deutsche Telekom AG
B.L	sv	Deutscher Aktienindex
B.L	sv	E.ON
B.L	sv	Fresenius
B.L	sv	Fresenius Medical Care
B.L	sv	Hannover Re
B.L	sv	Henkel
B.L	sv	Infineon
B.L	sv	K+S
B.L	sv	Linde AG
B.L	sv	Lufthansa
B.L	sv	MAN AG
B.L	sv	Merck KGaA
B.L	sv	Metro AG
B.L	sv	Munich Re
B.L	sv	Post
B.L	sv	RWE
B.L	sv	SAP AG
B.L	sv	Siemens AG
B.L	sv	ThyssenKrupp
B.L	sv	Volkswagen AG
B.L	sv	Mall:DAX
B.L	sv	Malldiskussion:DAX
B.L	ru	1990-е
B.L	ru	1995
B.L	ru	2009 год
B.L	ru	30 сентября
B.L	ru	Adidas
B.L	ru	Allianz
B.L	ru	BASF
B.L	ru	BMW
B.L	ru	Bayer
B.L	ru	Beiersdorf
B.L	ru	Bertrandt
B.L	ru	Bhutan Postal Corporation Ltd.
B.L	ru	CEO
B.L	ru	CEPT
B.L	ru	Campost
B.L	ru	Commerzbank
B.L	ru	Correo Argentino
B.L	ru	DAX
B.L	ru	DHL
B.L	ru	Daimler
B.L	ru	De La Rue
B.L	ru	Deutsche Bank
B.L	ru	Deutsche Börse
B.L	ru	Deutsche Post (ГДР)
B.L	ru	Deutsche Post DHL
B.L	ru	Deutsche Post World Net
B.L	ru	Deutsche Telekom
B.L	ru	E.ON
B.L	ru	EMS
B.L	ru	Eesti Post
B.L	ru	FedEx
B.L	ru	Fresenius
B.L	ru	Fresenius SE
B.L	ru	GeoPost
B.L	ru	Hannover Re
B.L	ru	Henkel
B.L	ru	Isle of Man Post Office
B.L	ru	Itella
B.L	ru	Japan Post Holdings
B.L	ru	Japan Post Service
B.L	ru	K+S
B.L	ru	KNBF Bondsbibliotheek
B.L	ru	KfW Bankengruppe
B.L	ru	Korea Post
B.L	ru	La Poste
B.L	ru	La Société Mauritanienne des Postes
B.L	ru	Latvijas Pasts
B.L	ru	Lufthansa
B.L	ru	MAN
B.L	ru	Merck KGaA
B.L	ru	Metro AG
B.L	ru	Munich Re
B.L	ru	Nigerian Postal Service
B.L	ru	P&TLuxembourg
B.L	ru	Philatelic Music Circle
B.L	ru	Poczta Polska
B.L	ru	PostNL
B.L	ru	Post Danmark
B.L	ru	Postbank
B.L	ru	Poste sammarinesi
B.L	ru	Posten (Швеция)
B.L	ru	Posten Norge
B.L	ru	Poşta Moldovei
B.L	ru	Poşta Română
B.L	ru	Pošta Crne Gore
B.L	ru	RWE
B.L	ru	SAP
B.L	ru	Salzgitter AG
B.L	ru	Siemens
B.L	ru	Singapore Post
B.L	ru	Sri Lanka Post
B.L	ru	TNT Express
B.L	ru	TNT N.V.
B.L	ru	TNT Post
B.L	ru	The Linde Group
B.L	ru	ThyssenKrupp
B.L	ru	UPAEP
B.L	ru	United Parcel Service
B.L	ru	Volkswagen Group
B.L	ru	XX век
B.L	ru	Česká pošta
B.L	ru	Азермарка
B.L	ru	Азерпочта
B.L	ru	Акционер
B.L	ru	Американская библиотека филателистических исследований
B.L	ru	Американское филателистическое общество
B.L	ru	Армпочта
B.L	ru	Афинса
B.L	ru	Аэропосталь
B.L	ru	Белпочта
B.L	ru	Библиотека Кроуфорда
B.L	ru	Бонн
B.L	ru	Британский почтовый музей и архив
B.L	ru	Великобритания
B.L	ru	Викисклад
B.L	ru	Всемирная ассоциация по развитию филателии
B.L	ru	Всемирный почтовый союз
B.L	ru	Всероссийское общество филателистов
B.L	ru	Всесоюзное общество филателистов
B.L	ru	Гавайское филателистическое общество
B.L	ru	Генеральный директор
B.L	ru	Германия
B.L	ru	Главная почтовая дирекция
B.L	ru	Главное управление почт и телеграфов
B.L	ru	Главный центр магистральных перевозок почты
B.L	ru	Гознак
B.L	ru	Государственная компания почт и телекоммуникаций (Ливия)
B.L	ru	Государственная типография Венгрии
B.L	ru	Граница между Европой и Азией
B.L	ru	Греческая почта
B.L	ru	Департамент почтовых услуг Брунея
B.L	ru	Дирекция по изданию и экспедированию знаков почтовой оплаты
B.L	ru	Дом станционного смотрителя
B.L	ru	Евро
B.L	ru	Европа
B.L	ru	Европейская академия филателии
B.L	ru	Западная филателистическая библиотека
B.L	ru	Земли Германии
B.L	ru	Издательско-торговый центр «Марка»
B.L	ru	Институциональный инвестор
B.L	ru	Иракская телекоммуникационная и почтовая компания
B.L	ru	История почты и почтовых марок Германии
B.L	ru	Итальянская ассоциация филателистической прессы
B.L	ru	Казпочта
B.L	ru	Канадский почтовый музей
B.L	ru	Капитализация
B.L	ru	Королевское филателистическое общество Лондона
B.L	ru	Литовское филателистическое общество
B.L	ru	Логистика
B.L	ru	Лондонская пенни-почта
B.L	ru	Лондонская почтовая железная дорога
B.L	ru	Международная ассоциация филателистических библиотек
B.L	ru	Международная федерация аэрофилателистических обществ
B.L	ru	Международная федерация филателии
B.L	ru	Министерство почт и телеграфов Ирландии
B.L	ru	Министерство почт и телеграфов Российской империи
B.L	ru	Министерство связи Израиля
B.L	ru	Министерство связи СССР
B.L	ru	Министерство связи Туркмении
B.L	ru	Министерство связи и информатизации Белоруссии
B.L	ru	Министерство связи и массовых коммуникаций Российской Федерации
B.L	ru	Министерство транспорта и связи Украины
B.L	ru	Монгол Шуудан (компания)
B.L	ru	Московское городское общество коллекционеров
B.L	ru	Московское общество собирателей почтовых знаков
B.L	ru	Московское общество филателистов и коллекционеров
B.L	ru	Музей Голубого Маврикия
B.L	ru	Музей банкнот и почтовых марок (Токио)
B.L	ru	Музей марок и монет Монако
B.L	ru	Музей почтовой связи и Московского почтамта
B.L	ru	Музей почты (Париж)
B.L	ru	Музей связи Тверской области
B.L	ru	Народный комиссариат почт и телеграфов РСФСР
B.L	ru	Народный комиссариат почт и телеграфов СССР
B.L	ru	Народный комиссариат связи СССР
B.L	ru	Национальная академия филателии
B.L	ru	Национальный почтовый музей (США)
B.L	ru	Непризнанные и частично признанные государства
B.L	ru	Организация Уполномоченного по филателии и бонам в СССР
B.L	ru	Пони-экспресс
B.L	ru	Почта
B.L	ru	Почта Австрии
B.L	ru	Почта Азербайджана
B.L	ru	Почта Аландских островов
B.L	ru	Почта Албании
B.L	ru	Почта Андорры
B.L	ru	Почта Белоруссии
B.L	ru	Почта Бельгии
B.L	ru	Почта Болгарии
B.L	ru	Почта Боснии и Герцеговины
B.L	ru	Почта Ватикана
B.L	ru	Почта Великобритании
B.L	ru	Почта Венгрии
B.L	ru	Почта Германии
B.L	ru	Почта Гернси
B.L	ru	Почта Гибралтара
B.L	ru	Почта Греции
B.L	ru	Почта Грузии
B.L	ru	Почта Дании
B.L	ru	Почта Джерси
B.L	ru	Почта Ирландии
B.L	ru	Почта Исландии
B.L	ru	Почта Испании
B.L	ru	Почта Италии
B.L	ru	Почта Казахстана
B.L	ru	Почта Латвии
B.L	ru	Почта Литвы
B.L	ru	Почта Лихтенштейна
B.L	ru	Почта Люксембурга
B.L	ru	Почта Мальты
B.L	ru	Почта Молдавии
B.L	ru	Почта Монако
B.L	ru	Почта Нидерландов
B.L	ru	Почта Норвегии
B.L	ru	Почта Польши
B.L	ru	Почта Португалии
B.L	ru	Почта Приднестровской Молдавской Республики
B.L	ru	Почта Приднестровья
B.L	ru	Почта Республики Косово
B.L	ru	Почта Республики Македонии
B.L	ru	Почта России
B.L	ru	Почта Румынии
B.L	ru	Почта Сан-Марино
B.L	ru	Почта Сербии
B.L	ru	Почта Словакии
B.L	ru	Почта Словении
B.L	ru	Почта Турн-и-Таксис
B.L	ru	Почта Турции
B.L	ru	Почта Украины
B.L	ru	Почта Фарерских островов
B.L	ru	Почта Финляндии
B.L	ru	Почта Франции
B.L	ru	Почта Хорватии
B.L	ru	Почта Черногории
B.L	ru	Почта Чехии
B.L	ru	Почта Швейцарии
B.L	ru	Почта Швеции
B.L	ru	Почта Шпицбергена
B.L	ru	Почта Эстонии
B.L	ru	Почта Ян-Майена
B.L	ru	Почта острова Мэн
B.L	ru	Почтовая администрация ООН
B.L	ru	Почтовая служба США
B.L	ru	Почтовая служба британских войск
B.L	ru	Почтовое управление Бангладеш
B.L	ru	Почтовые индексы в Германии
B.L	ru	Почтовый музей
B.L	ru	Почтовый музей Бата
B.L	ru	Почтовый музей Княжества Лихтенштейн
B.L	ru	Почтовый оператор
B.L	ru	Предприятие
B.L	ru	Приватизация
B.L	ru	Российское бюро филателии
B.L	ru	США
B.L	ru	Сайт
B.L	ru	Северо-Западная филателистическая библиотека
B.L	ru	Сингапурский филателистический музей
B.L	ru	Советская филателистическая ассоциация
B.L	ru	Союз московских филателистов
B.L	ru	Союз украинских филателистов и нумизматов
B.L	ru	Союз филателистов России
B.L	ru	Союз филателистов Украины
B.L	ru	Союзпечать
B.L	ru	Список государств и зависимых территорий Европы
B.L	ru	Список почтовых и филателистических музеев мира
B.L	ru	Список филателистических библиотек
B.L	ru	Стандарт-Коллекция
B.L	ru	Туркменпочта
B.L	ru	Укрпочта
B.L	ru	Федеральное агентство связи
B.L	ru	Фестиниогская железнодорожная почта
B.L	ru	Филателистическая библиотека Скалистых гор
B.L	ru	Филателистический интернационал
B.L	ru	Филателистическое общество Индии
B.L	ru	Филателия
B.L	ru	Франкфуртская фондовая биржа
B.L	ru	Холдинг
B.L	ru	Центральная курьерская служба
B.L	ru	Центральный музей связи имени А. С. Попова
B.L	ru	Шанхайский почтовый музей
B.L	ru	ЮНЕСКО
B.L	ru	Юридическое лицо
B.L	ru	Википедия:Заготовка статьи
B.L	ru	Шаблон:Ref-de
B.L	ru	Шаблон:Виды почтовых штемпелей, гашений и пометок
B.L	ru	Шаблон:Легендарные почтовые марки
B.L	ru	Шаблон:Непочтовые марки
B.L	ru	Шаблон:Почта
B.L	ru	Шаблон:Почта и филателия: персоналии
B.L	ru	Шаблон:Почтовые и филателистические организации и компании
B.L	ru	Шаблон:Почтовые марки
B.L	ru	Шаблон:Тематическая филателия
B.L	ru	Шаблон:Филателистические и почтовые издания и ресурсы
B.L	ru	Шаблон:Филателистические и почтовые праздники
B.L	ru	Шаблон:Филателия
B.L	ru	Шаблон:Цвет/Германия
B.L	ru	Категория:История почты по странам
B.L	ru	Категория:Полиграфия
B.L	ru	Категория:Почта
B.L	ru	Категория:Филателия
B.L	ru	Портал:Филателия
B.L	ru	Портал:Филателия/Статьи по филателии и почте
B.L	ru	Проект:Филателия и почта
B.L	ro	1995
B.L	ro	2005
B.L	ro	2007
B.L	ro	Companie
B.L	ro	Comunicații
B.L	ro	Corporație
B.L	ro	Germania
B.L	ro	Wikipedia:Articolul ciot perfect
B.L	ro	Wikipedia:Găsește și repară un ciot
B.L	pt	Adidas
B.L	pt	Aktiengesellschaft
B.L	pt	Alemanha
B.L	pt	Allianz
B.L	pt	BASF
B.L	pt	BMW
B.L	pt	Banco
B.L	pt	Bayer
B.L	pt	Beiersdorf
B.L	pt	Bonn
B.L	pt	Commerzbank
B.L	pt	Continental AG
B.L	pt	DAX-30
B.L	pt	DHL
B.L	pt	Daimler AG
B.L	pt	Deutsche Bank
B.L	pt	Deutsche Börse
B.L	pt	Deutsche Telekom
B.L	pt	E.ON
B.L	pt	Empresa
B.L	pt	Frank Appel
B.L	pt	Fresenius
B.L	pt	Fresenius Medical Care
B.L	pt	Grupo Volkswagen
B.L	pt	HeidelbergCement
B.L	pt	Henkel
B.L	pt	Infineon Technologies
B.L	pt	K+S
B.L	pt	Linde AG
B.L	pt	Lufthansa
B.L	pt	MAN SE
B.L	pt	METRO AG
B.L	pt	Merck KGaA
B.L	pt	Munich Re
B.L	pt	RWE
B.L	pt	SAP AG
B.L	pt	Siemens AG
B.L	pt	ThyssenKrupp
B.L	pt	Wikipédia:Esboço
B.L	pt	Predefinição:DAX
B.L	zh	1995年
B.L	zh	2005年
B.L	zh	6月14日
B.L	zh	BMW
B.L	zh	DAX指数
B.L	zh	DHL
B.L	zh	Danzas
B.L	zh	E.ON
B.L	zh	First Mail
B.L	zh	Frank Appel
B.L	zh	K+S
B.L	zh	KfW
B.L	zh	Lanxess
B.L	zh	RWE
B.L	zh	SAP公司
B.L	zh	丹麦邮政
B.L	zh	主权国
B.L	zh	乌克兰邮政
B.L	zh	亚速尔群岛邮政
B.L	zh	伦敦证券交易所
B.L	zh	俄罗斯邮政
B.L	zh	保加利亚邮政
B.L	zh	克罗地亚邮政
B.L	zh	克里米亚自治共和国邮政
B.L	zh	公司
B.L	zh	冰岛邮政
B.L	zh	列支敦士登邮政
B.L	zh	加泰隆尼亚邮政
B.L	zh	匈牙利邮政
B.L	zh	北塞浦路斯邮政
B.L	zh	北爱尔兰邮政
B.L	zh	南奥塞梯邮政
B.L	zh	卢森堡邮政
B.L	zh	哈萨克斯坦邮政
B.L	zh	土耳其邮政
B.L	zh	圣马力诺邮政
B.L	zh	塞尔维亚邮政
B.L	zh	塞族共和国邮政
B.L	zh	塞浦路斯邮政
B.L	zh	大众集团
B.L	zh	大陆集团
B.L	zh	奥兰群岛邮政
B.L	zh	奥地利邮政
B.L	zh	威尔士邮政
B.L	zh	安联
B.L	zh	安道尔邮政
B.L	zh	巴斯夫
B.L	zh	希腊邮政
B.L	zh	德国
B.L	zh	德国商业银行
B.L	zh	德国电信
B.L	zh	德国邮政大厦
B.L	zh	德国邮政银行
B.L	zh	德國證券交易所
B.L	zh	德意志银行
B.L	zh	德涅斯特河沿岸共和国邮政
B.L	zh	意大利邮政
B.L	zh	愛迪達
B.L	zh	慕尼黑再保险
B.L	zh	戴姆勒
B.L	zh	拉脱维亚邮政
B.L	zh	拜尔斯道夫
B.L	zh	拜耳
B.L	zh	挪威邮政
B.L	zh	捷克邮政
B.L	zh	摩尔多瓦邮政
B.L	zh	摩纳哥邮政
B.L	zh	斯洛伐克邮政
B.L	zh	斯洛文尼亚邮政
B.L	zh	斯瓦尔巴群岛邮政
B.L	zh	未被普遍承认的国家列表
B.L	zh	杜塞尔多夫
B.L	zh	林德
B.L	zh	格鲁吉亚邮政
B.L	zh	梵蒂冈邮政
B.L	zh	欧洲
B.L	zh	欧盟邮政
B.L	zh	比利时邮政
B.L	zh	汉莎航空
B.L	zh	汉高公司
B.L	zh	法国邮政
B.L	zh	法罗群岛邮政
B.L	zh	波兰邮政
B.L	zh	波恩
B.L	zh	波斯尼亚和黑塞哥维那邮政
B.L	zh	泽西岛邮政
B.L	zh	海外属地
B.L	zh	海德堡水泥
B.L	zh	爱尔兰邮政
B.L	zh	爱沙尼亚邮政
B.L	zh	瑞典邮政
B.L	zh	瑞士邮政
B.L	zh	白俄罗斯邮政
B.L	zh	直布罗陀邮政
B.L	zh	私有制
B.L	zh	私有化
B.L	zh	科索沃邮政
B.L	zh	立陶宛邮政
B.L	zh	纳戈尔诺-卡拉巴赫邮政
B.L	zh	罗马尼亚邮政
B.L	zh	自治地方
B.L	zh	芬兰邮政
B.L	zh	苏格兰邮政
B.L	zh	英国邮政
B.L	zh	英格兰邮政
B.L	zh	英飞凌
B.L	zh	荷兰邮政
B.L	zh	葡萄牙邮政
B.L	zh	蒂森克虏伯
B.L	zh	西班牙邮政
B.L	zh	西门子公司
B.L	zh	费森尤斯
B.L	zh	费森尤斯医疗
B.L	zh	车臣共和国邮政
B.L	zh	达吉斯坦邮政
B.L	zh	邮政银行
B.L	zh	郵政
B.L	zh	重建信贷银行
B.L	zh	阿塞拜疆邮政
B.L	zh	阿尔巴尼亚邮政
B.L	zh	阿布哈兹邮政
B.L	zh	马其顿共和国邮政
B.L	zh	马德拉群岛邮政
B.L	zh	马恩岛邮政
B.L	zh	马耳他邮政
B.L	zh	马耳他骑士团邮政
B.L	zh	黑山邮政
B.L	zh	默克集團
B.L	zh	Template:DAX指数成份公司
B.L	zh	Template:欧洲题目
B.L	zh	Template talk:DAX指数成份公司
B.L	zh	Template talk:欧洲题目
CN	de	Deutsche_Post_AG
IWL	fi	Deutsche Post
IWL	fr	Deutsche Post
IWL	fa	دویچه پست
IWL	el	Γερμανικά Ταχυδρομεία
IWL	en	Deutsche Post
IWL	es	Deutsche Post
IWL	ca	Deutsche Post
IWL	be	Deutsche Post
IWL	da	Deutsche Post
IWL	cv	Deutsche Post
IWL	no	Deutsche Post
IWL	nn	Deutsche Post
IWL	pl	Deutsche Post
IWL	nl	Deutsche Post
IWL	ko	도이체 포스트
IWL	id	Deutsche Post
IWL	it	Deutsche Post
IWL	ja	ドイツポスト
IWL	uk	Deutsche Post
IWL	tr	Deutsche Post
IWL	sv	Deutsche Post
IWL	ru	Deutsche Post AG
IWL	ro	Deutsche Post
IWL	pt	Deutsche Post
IWL	zh	德国邮政
