A.L	de	AG Betrieb & Gewerkschaft
A.L	de	AG Bildungspolitik
A.L	de	Abgeordnetenhaus von Berlin
A.L	de	Abrüstung
A.L	de	Abschreibung
A.L	de	Agenda 2010
A.L	de	Akademischer Mittelbau
A.L	de	Aktuelle Stunde (Parlament)
A.L	de	Alban Werner
A.L	de	Alexander Ulrich
A.L	de	Allgemeiner Deutscher Arbeiterverein
A.L	de	Allgemeines Gleichbehandlungsgesetz
A.L	de	Alliierte
A.L	de	Alte Bundesländer
A.L	de	Amtsgericht Charlottenburg
A.L	de	Ananeotiki Kommounistiki ke Ikologiki Aristera
A.L	de	Andrea Ypsilanti
A.L	de	Anorthotiko Komma Ergazomenou Laou
A.L	de	Antifaschismus
A.L	de	Antikapitalistische Linke
A.L	de	Antisemitismus (nach 1945)
A.L	de	Antizionismus
A.L	de	Arbeit & soziale Gerechtigkeit – Die Wahlalternative
A.L	de	Arbeit für Bremen und Bremerhaven
A.L	de	Arbeiterbewegung in Deutschland
A.L	de	Arbeitsgemeinschaft
A.L	de	Arbeitslosengeld II
A.L	de	Arbeitsmarkt
A.L	de	Arbeitsproduktivität
A.L	de	Armut
A.L	de	Arzneimittel
A.L	de	Atomausstieg
A.L	de	Aus Politik und Zeitgeschichte
A.L	de	Ausbildungsplatzabgabe
A.L	de	Auslandseinsätze der Bundeswehr
A.L	de	Axel Troost
A.L	de	BAG Rote Reporter/innen
A.L	de	Balgarskata Lewiza
A.L	de	Bayerischer Landtag
A.L	de	Bayernpartei
A.L	de	Beate Klarsfeld
A.L	de	Bedarfsorientierte Grundsicherung
A.L	de	Bedingungsloses Grundeinkommen
A.L	de	Beisitzer
A.L	de	Benjamin-Immanuel Hoff
A.L	de	Berlin
A.L	de	Berlin-Friedrichshain
A.L	de	Bernd Riexinger
A.L	de	Berufsausbildung
A.L	de	Berufsgruppe
A.L	de	Beschäftigungsverhältnis
A.L	de	Bildungsgemeinschaft Salz
A.L	de	Bildungssystem
A.L	de	Biokraftstoff
A.L	de	Birke Bull
A.L	de	Birleşik Kıbrıs Partisi
A.L	de	Bloco de Esquerda
A.L	de	Bodo Ramelow
A.L	de	Borna
A.L	de	Brandenburg
A.L	de	Bremer Demokratische Volkspartei
A.L	de	Bremer Grüne Liste
A.L	de	Bruno Mahlow junior
A.L	de	Bundesamt für Verfassungsschutz
A.L	de	Bundesministerium der Finanzen
A.L	de	Bundesministerium des Innern
A.L	de	Bundestag
A.L	de	Bundestagsfraktion Bündnis 90/Die Grünen
A.L	de	Bundestagswahl 1990
A.L	de	Bundestagswahl 1994
A.L	de	Bundestagswahl 1998
A.L	de	Bundestagswahl 2002
A.L	de	Bundestagswahl 2005
A.L	de	Bundestagswahl 2009
A.L	de	Bundesverfassungsgericht
A.L	de	Bundesversammlung (Deutschland)
A.L	de	Bundesverwaltungsgericht (Deutschland)
A.L	de	Bundeswehr
A.L	de	Bündnis 90/Die Grünen
A.L	de	Bündnis 90/Die Grünen Nordrhein-Westfalen
A.L	de	Bündnis 90/Die Grünen Thüringen
A.L	de	Bürger in Wut
A.L	de	Bürgerhaushalt
A.L	de	Bürgerrechte
A.L	de	Bürgerschaftswahl in Bremen 2007
A.L	de	Bürgerschaftswahl in Bremen 2011
A.L	de	Bürgerschaftswahl in Hamburg 2008
A.L	de	Bürgerschaftswahl in Hamburg 2011
A.L	de	Bürgerversicherung
A.L	de	Bürokratie
A.L	de	CDU/CSU-Bundestagsfraktion
A.L	de	CDU Hessen
A.L	de	CDU Thüringen
A.L	de	CSU
A.L	de	Caren Lay
A.L	de	Chancengleichheit
A.L	de	Christel Wegner
A.L	de	Christine Buchholz
A.L	de	Christlich-Soziale Union in Bayern
A.L	de	Christlich Demokratische Union Deutschlands
A.L	de	Christliche Volkspartei des Saarlandes
A.L	de	Christoph Spehr
A.L	de	Cottbus
A.L	de	Cuba Sí
A.L	de	Dagmar Enkelmann
A.L	de	Dagmar Zoschke
A.L	de	Das Parlament
A.L	de	Demokratie
A.L	de	Demokratie Jetzt
A.L	de	Demokratische Partei (Baden)
A.L	de	Demokratische Partei Saar
A.L	de	Demokratische Volkspartei
A.L	de	Demokratischer Sozialismus
A.L	de	DerWesten
A.L	de	Der Spiegel
A.L	de	Der Tagesspiegel
A.L	de	Detlef Hensche
A.L	de	Deutsche Demokratische Republik
A.L	de	Deutsche Demokratische Union
A.L	de	Deutsche Kommunistische Partei
A.L	de	Deutsche Konservative Partei – Deutsche Rechtspartei
A.L	de	Deutsche Partei
A.L	de	Deutsche Reichspartei
A.L	de	Deutsche Volksunion
A.L	de	Deutsche Zentrumspartei
A.L	de	Deutscher Bundestag
A.L	de	Deutsches Reich 1933 bis 1945
A.L	de	Deutschland
A.L	de	Dezentrale Stromerzeugung
A.L	de	Die-Linke-Parteivorstand
A.L	de	Die Linke.SDS
A.L	de	Die Linke Baden-Württemberg
A.L	de	Die Linke Bayern
A.L	de	Die Linke Berlin
A.L	de	Die Linke Brandenburg
A.L	de	Die Linke Bremen
A.L	de	Die Linke Hamburg
A.L	de	Die Linke Hessen
A.L	de	Die Linke Mecklenburg-Vorpommern
A.L	de	Die Linke Niedersachsen
A.L	de	Die Linke Nordrhein-Westfalen
A.L	de	Die Linke Rheinland-Pfalz
A.L	de	Die Linke Saarland
A.L	de	Die Linke Sachsen
A.L	de	Die Linke Sachsen-Anhalt
A.L	de	Die Linke Schleswig-Holstein
A.L	de	Die Linke Thüringen
A.L	de	Die Republikaner
A.L	de	Die Welt
A.L	de	Diether Dehm
A.L	de	Dietmar Bartsch
A.L	de	Direkte Demokratie
A.L	de	Direktmandat
A.L	de	Dortmund
A.L	de	Dreigliedriges Schulsystem
A.L	de	Déi Lénk
A.L	de	EU-Anleihe
A.L	de	Eckhard Jesse
A.L	de	Eesti Vasakpartei
A.L	de	Ehegattensplitting
A.L	de	Einkommensteuer (Deutschland)
A.L	de	Eisenach
A.L	de	Emanzipation
A.L	de	Emanzipatorische Linke
A.L	de	Energieverbrauch
A.L	de	Enhedslisten – de rød-grønne
A.L	de	Entschuldung (Völkerrecht)
A.L	de	Entwicklungszusammenarbeit
A.L	de	Erbschaftssteuer
A.L	de	Erfurt
A.L	de	Erich Hahn
A.L	de	Erich Meinike
A.L	de	Erneuerbare Energie
A.L	de	Esquerra Unida i Alternativa
A.L	de	Essen
A.L	de	Eurokommunismus
A.L	de	Eurokrise
A.L	de	Europawahl 2009
A.L	de	Europawahl in Deutschland 2009
A.L	de	Europäische Linke
A.L	de	Europäische Union
A.L	de	Europäische Zentralbank
A.L	de	Europäischer Stabilitätsmechanismus
A.L	de	Europäisches Parlament
A.L	de	Eva Bulling-Schröter
A.L	de	Existenzrecht Israels
A.L	de	Extremismus
A.L	de	FDP-Fraktion
A.L	de	FDP Hessen
A.L	de	Fidel Castro
A.L	de	Finanzielle Fördermittel
A.L	de	Fiskalpakt
A.L	de	Fiskalpolitik
A.L	de	Flächentarifvertrag
A.L	de	Focus Online
A.L	de	Folter
A.L	de	Forum Demokratischer Sozialismus
A.L	de	Forum der Neuen Europäischen Linken
A.L	de	Fraktion (Bundestag)
A.L	de	Fraktion im Europäischen Parlament
A.L	de	Fraktionsvorsitzender
A.L	de	Frank Decker
A.L	de	Frankfurter Allgemeine Zeitung
A.L	de	Frankfurter Rundschau
A.L	de	Franz Walter (Politikwissenschaftler)
A.L	de	Frauenquote
A.L	de	Freie Demokratische Partei
A.L	de	Freie Deutsche Jugend
A.L	de	Freie Wähler (Bundesvereinigung)
A.L	de	Freiheit
A.L	de	Freiheitliche demokratische Grundordnung
A.L	de	Freiheitsrecht
A.L	de	Föderalismus
A.L	de	Fünf-Prozent-Hürde
A.L	de	Gabi Zimmer
A.L	de	Gauche Unitaire
A.L	de	Geheimgefängnis
A.L	de	Geldpolitik
A.L	de	Gemeinde
A.L	de	Gemeinsame Außen- und Sicherheitspolitik
A.L	de	Gemeinsame Normdatei
A.L	de	Gemeinwohl
A.L	de	Genossenschaft
A.L	de	Georg Fülberth
A.L	de	Geraer Dialog
A.L	de	Geraer Dialog/Sozialistischer Dialog
A.L	de	Gericht
A.L	de	Gerrymandering
A.L	de	Gesamtdeutsche Partei
A.L	de	Gesamtdeutscher Block/Bund der Heimatvertriebenen und Entrechteten
A.L	de	Gesamtschule
A.L	de	Gesamtwirtschaftliche Nachfrage
A.L	de	Gesetzliche Rentenversicherung (Deutschland)
A.L	de	Gesine Lötzsch
A.L	de	Gewerkschaft
A.L	de	Gregor Gysi
A.L	de	Gregor Schirmer
A.L	de	Gretchen Binus
A.L	de	Grundgesetz für die Bundesrepublik Deutschland
A.L	de	Grundlagenforschung
A.L	de	Grundrechte
A.L	de	Grundsatzentscheidung
A.L	de	Gunhild Böth
A.L	de	Göttingen
A.L	de	Güterverkehr
A.L	de	HKS-Farbfächer
A.L	de	Halberstadt
A.L	de	Halina Wawzyniak
A.L	de	Hamburg-Block
A.L	de	Hans-Peter Friedrich
A.L	de	Hans Modrow
A.L	de	Hans Watzek (Politiker)
A.L	de	Harri Czepuck
A.L	de	Hartz-Konzept
A.L	de	Heidemarie Scheuch-Paschkewitz
A.L	de	Heidrun Bluhm
A.L	de	Heiner Halberstadt
A.L	de	Heinz Bierbaum
A.L	de	Helma Chrenko
A.L	de	Helmuth Markov
A.L	de	Heribert Rech
A.L	de	Hermann Klenner
A.L	de	Hessischer Landtag
A.L	de	Historische Jugendstrukturen der Partei Die Linke
A.L	de	Historische Kommission
A.L	de	Hochschule
A.L	de	Hubertus Knabe
A.L	de	Ida Schillen
A.L	de	Ilm-Kreis
A.L	de	Inflationsrate
A.L	de	Informationelle Selbstbestimmung
A.L	de	Integration (Soziologie)
A.L	de	Irene Müller (Politikerin)
A.L	de	Islamfeindlichkeit
A.L	de	Israelfeindlichkeit
A.L	de	Izquierda Unida
A.L	de	Jamaika-Koalition
A.L	de	Jan Korte
A.L	de	Jan van Aken (Politiker)
A.L	de	Janine Wissler
A.L	de	Julia Bonk
A.L	de	Junge Union
A.L	de	Junge Welt
A.L	de	Juristische Person
A.L	de	Jörg Roesler
A.L	de	Jürgen Klute
A.L	de	Jürgen P. Lang
A.L	de	Jürgen W. Falter
A.L	de	Kabinett Platzeck III
A.L	de	Kabinett Ringstorff I
A.L	de	Kabinett Ringstorff II
A.L	de	Kalter Krieg
A.L	de	Kamenz
A.L	de	Kandidaturmodelle der WASG/PDS zur Bundestagswahl 2005
A.L	de	Kapitalismus
A.L	de	Kapitalismuskritik
A.L	de	Karl-Liebknecht-Haus
A.L	de	Karl Dietz Verlag Berlin
A.L	de	Karl Liebknecht
A.L	de	Kartellrecht
A.L	de	Katina Schubert
A.L	de	Katja Kipping
A.L	de	Katrin Werner
A.L	de	Kerosin
A.L	de	Kerosinsteuer
A.L	de	Kerstin Kaiser
A.L	de	Keynesianismus
A.L	de	Kinderbetreuung
A.L	de	Klaus Ernst
A.L	de	Klaus Lederer (Politiker)
A.L	de	Knut Korschewsky
A.L	de	Koalition (Politik)
A.L	de	Kommunale Selbstverwaltung
A.L	de	Kommunismus
A.L	de	Kommunistische Partei Deutschlands
A.L	de	Kommunistische Partei Finnlands
A.L	de	Kommunistische Partei Saar
A.L	de	Kommunistische Partei Österreichs
A.L	de	Kommunistische Partij
A.L	de	Kommunistische Plattform
A.L	de	Komunistická strana Slovenska (1992)
A.L	de	Komunistická strana Čech a Moravy
A.L	de	Krieg gegen den Terror
A.L	de	Kulturkreis
A.L	de	La Sinistra Europea
A.L	de	Land (Deutschland)
A.L	de	Landesbehörde für Verfassungsschutz
A.L	de	Landesparlament
A.L	de	Landesregierung (Deutschland)
A.L	de	Landkreis
A.L	de	Landkreis Altenburger Land
A.L	de	Landkreis Nordhausen
A.L	de	Landkreis Vorpommern-Greifswald
A.L	de	Landkreis Wittenberg
A.L	de	Landtag Brandenburg
A.L	de	Landtag Mecklenburg-Vorpommern
A.L	de	Landtag Nordrhein-Westfalen
A.L	de	Landtag Rheinland-Pfalz
A.L	de	Landtag Sachsen-Anhalt
A.L	de	Landtag Schleswig-Holstein
A.L	de	Landtag von Baden-Württemberg
A.L	de	Landtagswahl im Saarland 2009
A.L	de	Landtagswahl im Saarland 2012
A.L	de	Landtagswahl in Baden-Württemberg 2011
A.L	de	Landtagswahl in Bayern 2008
A.L	de	Landtagswahl in Brandenburg 2009
A.L	de	Landtagswahl in Hessen 2008
A.L	de	Landtagswahl in Hessen 2009
A.L	de	Landtagswahl in Mecklenburg-Vorpommern 2011
A.L	de	Landtagswahl in Niedersachsen 2008
A.L	de	Landtagswahl in Niedersachsen 2013
A.L	de	Landtagswahl in Nordrhein-Westfalen 2005
A.L	de	Landtagswahl in Nordrhein-Westfalen 2010
A.L	de	Landtagswahl in Nordrhein-Westfalen 2012
A.L	de	Landtagswahl in Rheinland-Pfalz 2011
A.L	de	Landtagswahl in Sachsen-Anhalt 2011
A.L	de	Landtagswahl in Sachsen 2009
A.L	de	Landtagswahl in Schleswig-Holstein 2009
A.L	de	Landtagswahl in Schleswig-Holstein 2012
A.L	de	Landtagswahl in Thüringen 2009
A.L	de	Landtagswahlen (Niedersachsen)
A.L	de	Landtagswahlergebnisse aus Nordrhein-Westfalen
A.L	de	Lebensstandard
A.L	de	Linksbündnis (Finnland)
A.L	de	Linksextremismus
A.L	de	Linksfraktion
A.L	de	Linksjugend 'solid
A.L	de	Linksjugend Solid
A.L	de	Linksliberalismus
A.L	de	Liste der Landtagswahlergebnisse in Bayern
A.L	de	Liste der Mitglieder des Deutschen Bundestages (17. Wahlperiode)
A.L	de	Lohnpolitik
A.L	de	Lothar Bisky
A.L	de	Luc Jochimsen
A.L	de	Lutz Heilmann
A.L	de	Manfred Coppik
A.L	de	Manfred Sohn
A.L	de	Mario Keßler
A.L	de	Marxismus
A.L	de	Marxistisches Forum
A.L	de	Matthias Bärwolff
A.L	de	Matthias Höhn
A.L	de	Mauerbau
A.L	de	Mecklenburg-Vorpommern
A.L	de	Menschenrechte
A.L	de	Menschenrechtsabkommen
A.L	de	Michael Brie
A.L	de	Michael Schlecht
A.L	de	Militarisierung
A.L	de	Militärbasis
A.L	de	Mindestlohn
A.L	de	Ministerium für Staatssicherheit
A.L	de	Mitbestimmung
A.L	de	Mitglied des Deutschen Bundestages
A.L	de	Młodzi Socjaliści
A.L	de	NATO
A.L	de	Nachhaltige Entwicklung
A.L	de	Nachkriegszeit
A.L	de	Nachrichtendienst
A.L	de	Nationaldemokratische Partei Deutschlands
A.L	de	Nationalsozialismus
A.L	de	Netzwerk Reformlinke
A.L	de	Neue Bundesländer
A.L	de	Neue Zypern Partei
A.L	de	Neues Deutschland
A.L	de	Neues Forum
A.L	de	Niedersächsischer Landtag
A.L	de	Notenbank
A.L	de	OWUS
A.L	de	Offene Ganztagsschule
A.L	de	Open Access
A.L	de	Open Source
A.L	de	Opposition (Politik)
A.L	de	Organstreit
A.L	de	Oskar Lafontaine
A.L	de	Oskar Niedermayer
A.L	de	Ostdeutschland
A.L	de	Otto von Bismarck
A.L	de	Palästinensische Autonomiegebiete
A.L	de	Panorama (Magazin)
A.L	de	Parlamentarischer Geschäftsführer
A.L	de	Parlamentarisches Regierungssystem
A.L	de	Partei Rechtsstaatlicher Offensive
A.L	de	Partei der Arbeit der Schweiz
A.L	de	Partei der Kommunisten der Republik Moldau
A.L	de	Partei des Demokratischen Sozialismus
A.L	de	Parteichef
A.L	de	Parteienfinanzierung
A.L	de	Parteiprogramm
A.L	de	Parteispende
A.L	de	Parteitag
A.L	de	Parti Communiste
A.L	de	Parti communiste français
A.L	de	Parti de Gauche
A.L	de	Partido Comunista de España
A.L	de	Partidul Alianța Socialistă
A.L	de	Partito dei Comunisti Italiani
A.L	de	Partito della Rifondazione Comunista
A.L	de	Patent
A.L	de	Patrick Moreau
A.L	de	Personalkosten
A.L	de	Peter Sodann
A.L	de	Peter Ullrich
A.L	de	Petra Pau
A.L	de	Piratenpartei Deutschland
A.L	de	Politik in Hamburg
A.L	de	Politikwissenschaft
A.L	de	Politische Linke
A.L	de	Politische Partei
A.L	de	Politische Partei auf europäischer Ebene
A.L	de	Politische Parteien in Deutschland
A.L	de	Politologe
A.L	de	Polizei (Deutschland)
A.L	de	Pressefreiheit
A.L	de	Primärrecht
A.L	de	Privatisierung
A.L	de	Produktivität
A.L	de	Präsident des Deutschen Bundestages
A.L	de	Radikaldemokratie
A.L	de	Raju Sharma
A.L	de	Ralf Krämer (Politiker)
A.L	de	Realer Sozialismus
A.L	de	Reallohn
A.L	de	Realsozialismus
A.L	de	Rechtsextremismus
A.L	de	Rechtsnachfolge
A.L	de	Rechtsstaat
A.L	de	Relative Armut
A.L	de	Renteneintrittsalter
A.L	de	Rico Gebhardt
A.L	de	Rifondazione Comunista Sammarinese
A.L	de	Ring politischer Jugend
A.L	de	Rolf Linsler
A.L	de	Rosa-Luxemburg-Stiftung
A.L	de	Rosa Luxemburg
A.L	de	Rostock
A.L	de	Rot-grüne Koalition
A.L	de	Rot-rot-grüne Koalition
A.L	de	Rot-rote Koalition
A.L	de	Rüdiger Sagel
A.L	de	SPD-Fraktion
A.L	de	SPD Brandenburg
A.L	de	SPD Nordrhein-Westfalen
A.L	de	SPD Thüringen
A.L	de	Sabine Lösing
A.L	de	Sabine Wils
A.L	de	Sabine Zimmermann (Politikerin)
A.L	de	Sachsen
A.L	de	Sachsen-Anhalt
A.L	de	Sahra Wagenknecht
A.L	de	Samuel Salzborn
A.L	de	Schlagwortnormdatei
A.L	de	Schleswig-Holsteinische Gemeinschaft
A.L	de	Schleswig-Holsteinischer Landtag
A.L	de	Schulsystem
A.L	de	Schwangerschaftsabbruch
A.L	de	Schwarz-gelbe Koalition
A.L	de	Schwerin
A.L	de	Selbstbestimmung
A.L	de	Selbstverwaltung
A.L	de	Die Linke"><links><pl ns="0
A.L	de	Senat Wowereit II
A.L	de	Senat Wowereit III
A.L	de	Sicherheitsrat der Vereinten Nationen
A.L	de	Simone Luedtke
A.L	de	Socialistische Partij
A.L	de	Solidarische Ökonomie
A.L	de	Solidarität
A.L	de	Solidarpakt
A.L	de	Sowjetische Besatzungszone
A.L	de	Sozialabbau
A.L	de	Sozialdemokratie
A.L	de	Sozialdemokratische Arbeiterpartei (Deutschland)
A.L	de	Sozialdemokratische Partei Deutschlands
A.L	de	Sozialdemokratische Partei des Saarlandes
A.L	de	Soziale Gerechtigkeit
A.L	de	Sozialer Wohnungsbau
A.L	de	Sozialismus
A.L	de	Sozialistengesetz
A.L	de	Sozialistische Einheitspartei Deutschlands
A.L	de	Sozialistische Jugend Deutschlands – Die Falken
A.L	de	Sozialistische Linke
A.L	de	Sozialistische Reichspartei
A.L	de	Sozialstaat
A.L	de	Sozialstaatspostulat
A.L	de	Spartakusbund
A.L	de	Spiegel (Zeitschrift)
A.L	de	Spiegel Online
A.L	de	Statt Partei
A.L	de	Stefan Liebich
A.L	de	Stefan Ludwig
A.L	de	Steffen Kailitz
A.L	de	Steuerreform 2000
A.L	de	Steuerschlupfloch
A.L	de	Strafgesetzbuch (Deutschland)
A.L	de	Strana demokratického socialismu
A.L	de	Studiengebühren in Deutschland
A.L	de	Sueddeutsche.de
A.L	de	Synaspismos
A.L	de	Sächsischer Landtag
A.L	de	Südschleswigscher Wählerverband
A.L	de	Taz.de
A.L	de	Thomas Händel
A.L	de	Thomas Klein
A.L	de	Thomas Nord
A.L	de	Thüringen
A.L	de	Thüringer Landtag
A.L	de	Tierschutzgesetz (Deutschland)
A.L	de	Tobias Pflüger
A.L	de	Tom Strohschneider
A.L	de	UN-Generalversammlung
A.L	de	Ulla Jelpke
A.L	de	Ulrich Maurer (Politiker)
A.L	de	Ulrich Wilken
A.L	de	Umwandlungsgesetz
A.L	de	Umweltbildung
A.L	de	Unabhängige Sozialdemokratische Partei Deutschlands
A.L	de	Une Autre Gauche
A.L	de	Ungarische Arbeiterpartei 2006
A.L	de	Unionsbürger
A.L	de	Unionsparteien
A.L	de	Uwe Jun
A.L	de	Uwe Schünemann
A.L	de	VS Verlag für Sozialwissenschaften
A.L	de	Vaterstädtischer Bund Hamburg
A.L	de	Verband (Recht)
A.L	de	Verbandsklage
A.L	de	Vereinigte Kommunistische Partei Deutschlands
A.L	de	Vereinte Europäische Linke/Nordische Grüne Linke
A.L	de	Vereinte Nationen
A.L	de	Verfassungsbeschwerde
A.L	de	Verfassungsfeindlichkeit
A.L	de	Verfassungsschutz
A.L	de	Verfassungsschutzbericht
A.L	de	Verfassungswidrigkeit
A.L	de	Verlagsgebäude Neues Deutschland
A.L	de	Vermögen von Parteien und Verbänden der DDR
A.L	de	Vermögensteuer (Deutschland)
A.L	de	Verschleppung
A.L	de	Verstaatlichung
A.L	de	Vertrag von Lissabon
A.L	de	Verwaltungsgericht Köln
A.L	de	Viola Neu
A.L	de	Volksbegehren (Deutschland)
A.L	de	Volksentscheid
A.L	de	Volkspartei (Deutschland)
A.L	de	Vollbeschäftigung
A.L	de	WASG
A.L	de	Wahl des deutschen Bundespräsidenten 2009
A.L	de	Wahl des deutschen Bundespräsidenten 2010
A.L	de	Wahl des deutschen Bundespräsidenten 2012
A.L	de	Wahl zum Abgeordnetenhaus von Berlin 2011
A.L	de	Wahlalternative Arbeit und soziale Gerechtigkeit
A.L	de	Wahlen im Saarland
A.L	de	Wahlen in Berlin
A.L	de	Wahlen zum Brandenburger Landtag
A.L	de	Wahlergebnisse und Landesregierungen in Sachsen
A.L	de	Wahlergebnisse und Landesregierungen in Thüringen
A.L	de	Wahlergebnisse und Senate in Bremen
A.L	de	Wahlkreis
A.L	de	Wahlrecht
A.L	de	Weiße Liste
A.L	de	Weißrussische vereinigte Linkspartei „Gerechte Welt“
A.L	de	Welt Online
A.L	de	Weltbank
A.L	de	Welthandelsorganisation
A.L	de	Weltwirtschaftskrise
A.L	de	Wende (DDR)
A.L	de	Werdau
A.L	de	Westdeutschland
A.L	de	Willy Brandt
A.L	de	Wirtschaftliche Aufbau-Vereinigung (Partei)
A.L	de	Wirtschaftskreislauf
A.L	de	Wirtschaftswachstum
A.L	de	Wolfgang Gehrcke
A.L	de	Wolfgang Methling
A.L	de	Wolfgang Schäuble
A.L	de	Wolfgang Zimmermann (Die Linke)
A.L	de	Wolfram Adolphi
A.L	de	Wulf Gallert
A.L	de	Wurzen
A.L	de	Zeitschrift für Politik
A.L	de	Zentrum für Zeithistorische Forschung
A.L	de	Zwangsvereinigung von SPD und KPD zur SED
A.L	de	Öffentliche Daseinsvorsorge
A.L	de	Öffentlicher Personennahverkehr
A.L	de	Öffentliches Vermögen
A.L	de	Öffentliches Versorgungsunternehmen
A.L	de	Ökologische Plattform
A.L	de	Özgürlük ve Dayanışma Partisi
A.L	de	Ümit Yazıcıoğlu
A.L	de	Vorlage:Parteien in deutschen Parlamenten
A.L	de	Vorlage Diskussion:Parteien in deutschen Parlamenten
B.L	fi	2007
B.L	fi	Demokraattinen sosialismi
B.L	fi	Demokraattisen sosialismin puolue
B.L	fi	Demokratia
B.L	fi	Euroopan parlamentti
B.L	fi	Euroopan vasemmistopuolue
B.L	fi	Euroopan yhtyneen vasemmiston konfederaatioryhmä / Pohjoismaiden vihreä vasemmisto
B.L	fi	GUE/NGL
B.L	fi	Puheenjohtaja
B.L	fi	Saksa
B.L	fi	Saksan kieli
B.L	fi	Saksan liittopäivät
B.L	fi	Saksan sosiaalidemokraattinen puolue
B.L	fi	Sosialismi
B.L	fi	Vasemmisto
B.L	fr	13 mai
B.L	fr	16 juin
B.L	fr	16 mai
B.L	fr	18 mai
B.L	fr	1990
B.L	fr	2005
B.L	fr	2007
B.L	fr	2008
B.L	fr	2009
B.L	fr	2010
B.L	fr	27 janvier
B.L	fr	30 août
B.L	fr	Allemagne
B.L	fr	Allemagne de l'Ouest
B.L	fr	Alliance 90 / Les Verts
B.L	fr	Alternative socialiste (Allemagne)
B.L	fr	Alternative électorale travail et justice sociale
B.L	fr	Angela Merkel
B.L	fr	Anticapitalisme
B.L	fr	Antilibéralisme
B.L	fr	Août 2009
B.L	fr	Axel Troost
B.L	fr	Basse-Saxe
B.L	fr	Bavière
B.L	fr	Berlin
B.L	fr	Bernd Riexinger
B.L	fr	Brandebourg
B.L	fr	Brême (Land)
B.L	fr	Bundesrat (Allemagne)
B.L	fr	Bundestag
B.L	fr	Caren Lay
B.L	fr	Catholicisme politique
B.L	fr	Clémentine Autain
B.L	fr	Coalition en Allemagne
B.L	fr	Coalition noire-jaune
B.L	fr	Coalition rouge-verte
B.L	fr	Communisme
B.L	fr	Communiste
B.L	fr	Conservatisme
B.L	fr	Couleur politique
B.L	fr	Droite (politique)
B.L	fr	Député européen
B.L	fr	Extrême droite
B.L	fr	Frankfurter Allgemeine Zeitung
B.L	fr	Front de gauche (France)
B.L	fr	Fukushima
B.L	fr	Gauche
B.L	fr	Gauche unitaire
B.L	fr	Gauche unitaire européenne/Gauche verte nordique
B.L	fr	Gerhard Schröder
B.L	fr	Gert Winkelmeier
B.L	fr	Gesine Lötzsch
B.L	fr	Grande coalition (Allemagne)
B.L	fr	Gregor Gysi
B.L	fr	Groupe Die Linke au Bundestag
B.L	fr	Hambourg
B.L	fr	Hesse (Land)
B.L	fr	IG Metall
B.L	fr	Italie
B.L	fr	Jan van Aken
B.L	fr	Janvier 2008
B.L	fr	Jean-Luc Mélenchon
B.L	fr	Juillet
B.L	fr	Juin 2007
B.L	fr	Karl Liebknecht
B.L	fr	Katja Kipping
B.L	fr	Klaus Ernst
B.L	fr	Land (Allemagne)
B.L	fr	Landtag
B.L	fr	Le Nouvel Obs
B.L	fr	Les Républicains
B.L	fr	Libéralisme
B.L	fr	Lothar Bisky
B.L	fr	Lucy Redler
B.L	fr	Mai 2007
B.L	fr	Mai 2010
B.L	fr	Matthias Platzeck
B.L	fr	Militarisme
B.L	fr	Ministère de la Sécurité d'État
B.L	fr	Mondialisation
B.L	fr	Mouvement ouvrier
B.L	fr	Mouvements sociaux
B.L	fr	Mur de Berlin
B.L	fr	Organisation des Nations unies
B.L	fr	Oskar Lafontaine
B.L	fr	Parlement européen
B.L	fr	Parti communiste allemand (DKP)
B.L	fr	Parti communiste d'Allemagne (1990)
B.L	fr	Parti communiste français
B.L	fr	Parti de gauche (France)
B.L	fr	Parti de la gauche européenne
B.L	fr	Parti de la refondation communiste
B.L	fr	Parti du socialisme démocratique (Allemagne)
B.L	fr	Parti libéral-démocrate (Allemagne)
B.L	fr	Parti national-démocrate d'Allemagne
B.L	fr	Parti pirate allemand
B.L	fr	Parti politique
B.L	fr	Parti social-démocrate d'Allemagne
B.L	fr	Parti socialiste (Pays-Bas)
B.L	fr	Parti socialiste unifié d'Allemagne
B.L	fr	Parti écologiste-démocrate
B.L	fr	Pays-Bas
B.L	fr	Petra Pau
B.L	fr	Police politique
B.L	fr	Politique étrangère
B.L	fr	Privatisation
B.L	fr	Rhénanie-du-Nord-Westphalie
B.L	fr	Rostock
B.L	fr	Rouge
B.L	fr	République démocratique allemande
B.L	fr	Sahra Wagenknecht
B.L	fr	Salaire minimum
B.L	fr	Sarre (Land)
B.L	fr	Saxe (Land)
B.L	fr	Schleswig-Holstein
B.L	fr	Social-démocratie
B.L	fr	Socialisme
B.L	fr	Socialisme démocratique
B.L	fr	Socialisme libertaire
B.L	fr	Syndicalisme
B.L	fr	Thuringe
B.L	fr	Union chrétienne-démocrate d'Allemagne
B.L	fr	Union chrétienne-sociale en Bavière
B.L	fr	Union européenne
B.L	fr	Union populaire allemande
B.L	fr	Vereinte Dienstleistungsgewerkschaft
B.L	fr	Zentrum
B.L	fr	Écologie politique
B.L	fr	Élections européennes de 2009 en Allemagne
B.L	fr	Élections fédérales allemandes de 2005
B.L	fr	Élections fédérales allemandes de 2009
B.L	fr	Élections régionales allemandes de 2009
B.L	fr	Modèle:De
B.L	fr	Modèle:Palette Partis politiques allemands
B.L	fr	Modèle:Palette Présidents Die Linke
B.L	fr	Discussion modèle:Palette Partis politiques allemands
B.L	fr	Discussion modèle:Palette Présidents Die Linke
B.L	fr	Aide:Homonymie
B.L	fr	Aide:Référence nécessaire
B.L	fr	Catégorie:Portail:Allemagne/Articles liés
B.L	fr	Catégorie:Portail:Politique/Articles liés
B.L	fr	Portail:Allemagne
B.L	fr	Portail:Politique
B.L	he	16 ביוני
B.L	he	1989
B.L	he	2005
B.L	he	2007
B.L	he	2008
B.L	he	2009
B.L	he	אג'נדה
B.L	he	אדום
B.L	he	אוסקר לפונטיין
B.L	he	אידאולוגיה
B.L	he	אירו
B.L	he	אנגלה מרקל
B.L	he	אנטי-ציונות
B.L	he	אנטישמיות
B.L	he	אנרגיה אטומית
B.L	he	אפגניסטן
B.L	he	אתר אינטרנט
B.L	he	בונדסטג
B.L	he	ברלין
B.L	he	ברנד ריקסינגר
B.L	he	גרהרד שרדר
B.L	he	גרמניה
B.L	he	גרמנית
B.L	he	דמוקרטיה
B.L	he	המפלגה הסוציאל-דמוקרטית של גרמניה
B.L	he	יוון
B.L	he	להט"ב
B.L	he	מזרח גרמניה
B.L	he	מפלגה
B.L	he	מפלגת האיחוד הסוציאליסטי של גרמניה
B.L	he	מפלגת הסוציאליזם הדמוקרטי
B.L	he	סוציאליזם
B.L	he	סוציאליזם דמוקרטי
B.L	he	ספרד
B.L	he	עבודה וצדק חברתי - האלטרנטיבה האלקטורלית
B.L	he	עיראק
B.L	he	פוליטיקה של גרמניה
B.L	he	קומוניזם
B.L	he	קטיה קיפינג
B.L	he	קרל ליבקנכט
B.L	he	שמאל וימין בפוליטיקה
B.L	he	ויקיפדיה:ברוכים הבאים
B.L	he	ויקיפדיה:קצרמר
B.L	he	תבנית:קצרמר/הרחבה/גרמניה
B.L	he	קטגוריה:קצרמר גרמניה
B.L	gl	16 de xuño
B.L	gl	2007
B.L	gl	2008
B.L	gl	Alemaña
B.L	gl	Alternativa Electoral polo Traballo e a Xustiza Social
B.L	gl	Baixa Saxonia
B.L	gl	Berlín
B.L	gl	Bremen
B.L	gl	Bundestag
B.L	gl	Bundeswehr
B.L	gl	Bündnis 90 / Die Grünen
B.L	gl	Die Linkspartei.
B.L	gl	Ecoloxismo
B.L	gl	Eleccións Federais Alemás de 2005
B.L	gl	Esquerda (política)
B.L	gl	Esquerda Unitaria Europea - Esquerda Verde Nórdica
B.L	gl	Eurocomunismo
B.L	gl	Gregor Gysi
B.L	gl	Hamburgo
B.L	gl	Hesse
B.L	gl	Lingua alemá
B.L	gl	Linkspartei
B.L	gl	Lothar Bisky
B.L	gl	ONU
B.L	gl	OTAN
B.L	gl	Oskar Lafontaine
B.L	gl	Partido Socialdemócrata de Alemaña
B.L	gl	Partido Socialista Unificado de Alemaña
B.L	gl	Partidos políticos de Alemaña
B.L	gl	Política de Alemaña
B.L	gl	República Democrática Alemá
B.L	gl	Socialismo democrático
B.L	eu	2007
B.L	eu	90 Aliantza/Berdeak
B.L	eu	Alderdi Demokratiko Askea
B.L	eu	Aleman
B.L	eu	Alemania
B.L	eu	Alemaniako Alderdi Sozialdemokrata
B.L	eu	Alemaniako Alderdi Sozialista Bateratua
B.L	eu	Alemaniako Batasun Demokrata Kristaua
B.L	eu	Bavariako Batasun Kristau eta Soziala
B.L	eu	Berlin
B.L	eu	Bremen (estatua)
B.L	eu	Bundestag
B.L	eu	Ekainak 16
B.L	eu	Ekainaren 16
B.L	eu	Ekologismo
B.L	eu	Europako Ezker Batu
B.L	eu	Europako Ezkerreko Alderdia
B.L	eu	Ezkerreko Alderdia (Alemania)
B.L	eu	Hanburgo
B.L	eu	Hessen
B.L	eu	Linkspartei.PDS
B.L	eu	Lothar Bisky
B.L	eu	Oskar Lafontaine
B.L	eu	Saxonia Beherea
B.L	eu	Sozialismo demokratiko
B.L	eu	WASG
B.L	fa	آلمان
B.L	fa	آلمان شرقی
B.L	fa	حزب اتحاد سوسیالیستی آلمان
B.L	fa	حزب سوسیالیسم دموکراتیک
B.L	fa	حزب چپ اروپا
B.L	fa	حزب کارگر و عدالت اجتماعی
B.L	fa	زبان آلمانی
B.L	fa	چپ متحد اروپا و چپ سبز اسکاندیناوی
B.L	fa	ویکی‌پدیا:مقالهٔ خرد
B.L	fa	الگو:سیاست-خرد
B.L	fa	بحث الگو:سیاست-خرد
B.L	el	16 Ιουνίου
B.L	el	2007
B.L	el	2008
B.L	el	Bundestag
B.L	el	GUE/NGL
B.L	el	Όσκαρ Λαφοντέν
B.L	el	Ανατολική Γερμανία
B.L	el	Γερμανία
B.L	el	Γερμανική γλώσσα
B.L	el	Δημοκρατικός σοσιαλισμός
B.L	el	Εκλογές Γερμανίας
B.L	el	Εκλογική Εναλλακτική για την Κοινωνική Δικαιοσύνη
B.L	el	Ελεύθερο Δημοκρατικό Κόμμα (FDP)
B.L	el	Ευρωπαϊκή Ενωτική Αριστερά-Βόρεια Πράσινη Αριστερά
B.L	el	Ευρωπαϊκό Κοινοβούλιο
B.L	el	Ιδεολογία
B.L	el	Κάτια Κίπινγκ
B.L	el	Κατάλογος πολιτικών κομμάτων Γερμανίας
B.L	el	Κόμμα Δημοκρατικού Σοσιαλισμού (Γερμανία)
B.L	el	Κόμμα της Ευρωπαϊκής Αριστεράς
B.L	el	Λόταρ Μπίσκυ
B.L	el	Μπερντ Ρίξινγκερ
B.L	el	Οι Πράσινοι (Γερμανία)
B.L	el	Πολιτικό σύστημα Γερμανίας
B.L	el	ΣΥΝ
B.L	el	Σεπτέμβριος
B.L	el	Σοσιαλδημοκρατικό Κόμμα της Γερμανίας (SPD)
B.L	el	Χριστιανοδημοκρατική Ένωση της Γερμανίας (CDU)
B.L	el	Χριστιανοκοινωνική Ένωση της Γερμανίας (CSU)
B.L	eo	16-an de junio
B.L	eo	1990
B.L	eo	2007
B.L	eo	Axel Troost
B.L	eo	Baden-Virtembergo
B.L	eo	Bavario
B.L	eo	Berlino
B.L	eo	Bernd Riexinger
B.L	eo	Bolivio
B.L	eo	Brandenburgio
B.L	eo	Bremeno
B.L	eo	Bundestag
B.L	eo	Bündnis 90/Die Grünen
B.L	eo	Caren Lay
B.L	eo	Christlich Demokratische Union Deutschlands
B.L	eo	Demokrata socialismo
B.L	eo	Die Linke.SDS
B.L	eo	Distrikto (Germanio)
B.L	eo	Dortmund
B.L	eo	Eŭropa Maldekstro
B.L	eo	Eŭropa Unio
B.L	eo	Eŭropa politika partio
B.L	eo	FRG
B.L	eo	Forumo de Novaj Eŭropaj Maldekstroj
B.L	eo	Frakcio
B.L	eo	Frakcio (Eŭropa Parlamento)
B.L	eo	GDR
B.L	eo	Germana lingvo
B.L	eo	Germanio
B.L	eo	Gesine Lötzsch
B.L	eo	Gregor Gysi
B.L	eo	Hamburgo
B.L	eo	Hesio
B.L	eo	Israelo
B.L	eo	Jan van Aken
B.L	eo	Katja Kipping
B.L	eo	Klaus Ernst
B.L	eo	Konfederacia Frakcio de la Unuiĝintaj Eŭropaj Maldekstruloj
B.L	eo	Kubo
B.L	eo	Linksjugend 'solid
B.L	eo	Lothar Bisky
B.L	eo	Malsupra Saksio
B.L	eo	Matthias Höhn
B.L	eo	Meklenburgo-Antaŭpomerio
B.L	eo	Nordrejn-Vestfalio
B.L	eo	Novaj federaciaj landoj
B.L	eo	Oskar Lafontaine
B.L	eo	Parlamenta baloto en Germanio 2009
B.L	eo	Politika maldekstro
B.L	eo	Politika partio
B.L	eo	Raju Sharma
B.L	eo	Rejnlando-Palatinato
B.L	eo	Sahra Wagenknecht
B.L	eo	Saksio
B.L	eo	Saksio-Anhalto
B.L	eo	Sarlando
B.L	eo	Sindikato
B.L	eo	Sozialdemokratische Partei Deutschlands
B.L	eo	Sozialistische Einheitspartei Deutschlands
B.L	eo	Turingio
B.L	eo	Unuiĝintaj Nacioj
B.L	eo	Venezuelo
B.L	eo	Ŝlesvig-Holstinio
B.L	eo	Vikipedio:Informkestoj
B.L	eo	Ŝablono:Informkesto politika partio
B.L	eo	Ŝablono-Diskuto:Informkesto politika partio
B.L	en	Abgeordnetenhaus von Berlin
B.L	en	Agence France-Presse
B.L	en	Alekos Alavanos
B.L	en	Alliance '90/The Greens
B.L	en	Alliance 90/The Greens
B.L	en	Alliance for Germany
B.L	en	Alonso José Puerta
B.L	en	Alternative for Germany
B.L	en	Anarchist Pogo Party of Germany
B.L	en	Andrea Ypsilanti
B.L	en	Another Left
B.L	en	Anti-capitalism
B.L	en	Austria
B.L	en	Baden-Württemberg state election, 2011
B.L	en	Basic Law for the Federal Republic of Germany
B.L	en	Bavaria Party
B.L	en	Bavaria state election, 2008
B.L	en	Belarus
B.L	en	Belarusian Left Party "A Just World"
B.L	en	Belgium
B.L	en	Berlin
B.L	en	Berlin state election, 2006
B.L	en	Berlin state election, 2011
B.L	en	Berlin wall
B.L	en	Bernd Riexinger
B.L	en	Bodo Ramelow
B.L	en	Brandenburg state election, 2009
B.L	en	Bremen
B.L	en	Bremen state election, 2007
B.L	en	Bremen state election, 2011
B.L	en	Bulgaria
B.L	en	Bulgarian Left
B.L	en	Bundesamt für Verfassungsschutz
B.L	en	Bundesrat (Germany)
B.L	en	Bundestag
B.L	en	Bundesversammlung (Germany)
B.L	en	Bundeswehr
B.L	en	Business cycle
B.L	en	Bürgerrechtsbewegung Solidarität
B.L	en	Capitalism
B.L	en	Caren Lay
B.L	en	Caucus
B.L	en	Centre Party (Germany)
B.L	en	Christian Centre
B.L	en	Christian Democratic Union (Germany)
B.L	en	Christian Democratic Union of Germany
B.L	en	Christian Social Union of Bavaria
B.L	en	Christian Wulff
B.L	en	Christoph Spehr
B.L	en	Citizens in Rage
B.L	en	Coalition government
B.L	en	Coalition of Left Movements and Ecology
B.L	en	Communism
B.L	en	Communist Party (Flanders)
B.L	en	Communist Party (Wallonia)
B.L	en	Communist Party of Austria
B.L	en	Communist Party of Bohemia and Moravia
B.L	en	Communist Party of Finland (1997)
B.L	en	Communist Party of Germany (1990)
B.L	en	Communist Party of Germany (Roter Morgen)
B.L	en	Communist Party of Slovakia
B.L	en	Communist Party of Spain
B.L	en	Communist Platform
B.L	en	Communist Refoundation Party
B.L	en	Competition law
B.L	en	Composition of the German Regional Parliaments
B.L	en	Conservative liberalism
B.L	en	Cooperatives
B.L	en	Corporations
B.L	en	Cyprus
B.L	en	Czech Republic
B.L	en	Democratic socialism
B.L	en	Denmark
B.L	en	Der Spiegel
B.L	en	Die PARTEI
B.L	en	Disarmament
B.L	en	East German general election, 1990
B.L	en	East Germany
B.L	en	Ecological Democratic Party
B.L	en	Egon Krenz
B.L	en	Elections in Germany
B.L	en	Erich Honecker
B.L	en	Estonia
B.L	en	Estonian United Left Party
B.L	en	Eurocommunism
B.L	en	European Central Bank
B.L	en	European Parliament
B.L	en	European Parliament election, 2009 (Germany)
B.L	en	European Union
B.L	en	European United Left - Nordic Green Left
B.L	en	European United Left–Nordic Green Left
B.L	en	Extremism
B.L	en	Family Party of Germany
B.L	en	Far-left
B.L	en	Far-right politics
B.L	en	Federal Commissioner for the Stasi Archives
B.L	en	Feminist Party of Germany
B.L	en	Finland
B.L	en	France
B.L	en	Francis Wurtz
B.L	en	Free Democratic Party (Germany)
B.L	en	Free Voters
B.L	en	Freedom (German political party)
B.L	en	Freedom and Solidarity Party
B.L	en	French Communist Party
B.L	en	Gabi Zimmer
B.L	en	Gabriele Zimmer
B.L	en	Gaffe
B.L	en	German Communist Party
B.L	en	German Democratic Republic
B.L	en	German Social Union (East Germany)
B.L	en	German federal election, 1990
B.L	en	German federal election, 1994
B.L	en	German federal election, 2002
B.L	en	German federal election, 2005
B.L	en	German federal election, 2009
B.L	en	German language
B.L	en	German presidential election, 2009
B.L	en	German presidential election, 2010
B.L	en	German presidential election, 2012
B.L	en	German reunification
B.L	en	Germany
B.L	en	Gerrymandering
B.L	en	Gesine Lötzsch
B.L	en	Gianni Cervetti
B.L	en	Giorgio Amendola
B.L	en	Glasnost
B.L	en	Globalization
B.L	en	Government spending
B.L	en	Great Depression
B.L	en	Greece
B.L	en	Gregor Gysi
B.L	en	Guido Fanti
B.L	en	Hamburg
B.L	en	Hamburg state election, 2008
B.L	en	Hamburg state election, 2011
B.L	en	Hans Modrow
B.L	en	Hesse state election, 2008
B.L	en	Hesse state election, 2009
B.L	en	Hessen
B.L	en	Hubertus Knabe
B.L	en	Human Environment Animal Protection
B.L	en	Hungary
B.L	en	Income tax
B.L	en	Inheritance tax
B.L	en	International Marxist Tendency
B.L	en	Iraq War
B.L	en	Italy
B.L	en	Joachim Gauck
B.L	en	Joaquim Miranda
B.L	en	Julia Bonk
B.L	en	Karl Marx
B.L	en	Katja Kipping
B.L	en	Keynesian economics
B.L	en	Klaus Ernst
B.L	en	Labour and Social Justice - The Electoral Alternative
B.L	en	Labour and Social Justice – The Electoral Alternative
B.L	en	Landesbehörden für Verfassungsschutz
B.L	en	Landtag
B.L	en	Landtag of Brandenburg
B.L	en	Landtag of Mecklenburg-Vorpommern
B.L	en	Landtag of North Rhine-Westphalia
B.L	en	Landtag of Saxony
B.L	en	Landtag of Saxony-Anhalt
B.L	en	Landtag of Thuringia
B.L	en	Left-wing politics
B.L	en	Left Alliance (Finland)
B.L	en	Left Bloc
B.L	en	Left Party (France)
B.L	en	Libertarian socialism
B.L	en	Linksruck
B.L	en	Lisbon Treaty
B.L	en	List of political ideologies
B.L	en	List of political parties by country
B.L	en	List of political parties in Germany
B.L	en	Lothar Bisky
B.L	en	Lower Saxony
B.L	en	Lower Saxony state election, 2008
B.L	en	Lower Saxony state election, 2013
B.L	en	Luc Jochimsen
B.L	en	Lucy Redler
B.L	en	Luigi Alberto Colajanni
B.L	en	Luxembourg
B.L	en	Marx21
B.L	en	Marxism–Leninism
B.L	en	Marxist–Leninist Party of Germany
B.L	en	Master contract (labor)
B.L	en	Mecklenburg-Vorpommern state election, 2006
B.L	en	Mecklenburg-Vorpommern state election, 2011
B.L	en	Members of parliament
B.L	en	Mikhail Gorbachev
B.L	en	Minimum wage
B.L	en	Minority government
B.L	en	Moldova
B.L	en	Myocardial infarction
B.L	en	NATO
B.L	en	National Democratic Party of Germany
B.L	en	Neo-Marxism
B.L	en	Neoliberalism
B.L	en	New Cyprus Party
B.L	en	North Rhine-Westphalia state election, 2005
B.L	en	North Rhine-Westphalia state election, 2010
B.L	en	North Rhine-Westphalia state election, 2012
B.L	en	Northern Cyprus
B.L	en	Oskar Lafontaine
B.L	en	Party discipline
B.L	en	Party of Bible-abiding Christians
B.L	en	Party of Communists of the Republic of Moldova
B.L	en	Party of Democratic Socialism (Czech Republic)
B.L	en	Party of Democratic Socialism (Germany)
B.L	en	Party of Italian Communists
B.L	en	Party of Reason
B.L	en	Party of the European Left
B.L	en	Peaceful Revolution
B.L	en	Perestroika
B.L	en	Peter Sodann
B.L	en	Petra Pau
B.L	en	Pierre Laurent (politician)
B.L	en	Pirate Party Germany
B.L	en	Platform (European politics)
B.L	en	Poland
B.L	en	Political spectrum
B.L	en	Politics of Germany
B.L	en	Populism
B.L	en	Portugal
B.L	en	President of Germany
B.L	en	President of the Soviet Union
B.L	en	Privatization
B.L	en	Pro Germany Citizens' Movement
B.L	en	Progressive Party of Working People
B.L	en	Real socialism
B.L	en	Red (colour)
B.L	en	Red–Green Alliance (Denmark)
B.L	en	Reform of the United Nations
B.L	en	Renewing Communist Ecological Left
B.L	en	René-Emile Piquet
B.L	en	Revolutionary Socialist League (Germany)
B.L	en	Rhineland-Palatinate state election, 2006
B.L	en	Rhineland-Palatinate state election, 2011
B.L	en	Romania
B.L	en	Rudolf Bahro
B.L	en	SPD
B.L	en	Saarland state election, 2009
B.L	en	Saarland state election, 2012
B.L	en	Sahra Wagenknecht
B.L	en	Sammarinese Communist Refoundation
B.L	en	San Marino
B.L	en	Saxony-Anhalt state election, 2006
B.L	en	Saxony-Anhalt state election, 2011
B.L	en	Saxony state election, 2009
B.L	en	Schleswig-Holstein state election, 2009
B.L	en	Schleswig-Holstein state election, 2012
B.L	en	Sigmar Gabriel
B.L	en	Slovakia
B.L	en	Social Democratic Party of Germany
B.L	en	Social Equality Party (Germany)
B.L	en	Social democracy
B.L	en	Social movement
B.L	en	Socialist Alliance Party
B.L	en	Socialist Alternative (Germany)
B.L	en	Socialist Left (Germany)
B.L	en	Socialist Party (Netherlands)
B.L	en	Socialist Unity Party of Germany
B.L	en	South Schleswig Voter Federation
B.L	en	Spain
B.L	en	Stalinism
B.L	en	Statt party (Germany)
B.L	en	Stefan Heym
B.L	en	Swiss Party of Labour
B.L	en	Switzerland
B.L	en	Tatort
B.L	en	The Friesen
B.L	en	The Left (Luxembourg)
B.L	en	The Republicans (Germany)
B.L	en	Thorsten Schäfer-Gümbel
B.L	en	Thuringia state election, 2009
B.L	en	Tobias Pflüger
B.L	en	Trade unions in Germany
B.L	en	Turkey
B.L	en	Ulla Jelpke
B.L	en	Unitarian Left
B.L	en	United Cyprus Party
B.L	en	United Left (Spain)
B.L	en	United Nations
B.L	en	United and Alternative Left
B.L	en	Verfassungsschutz
B.L	en	War in Afghanistan (2001–present)
B.L	en	Workers' Party of Hungary 2006
B.L	en	World Bank
B.L	en	World Trade Organization
B.L	en	Young Socialists (Poland)
B.L	en	Wikipedia:Link rot
B.L	en	Template:German political parties
B.L	en	Template:ISO 639 name de
B.L	en	Template:ISO 639 name en
B.L	en	Template:Party of the European Left
B.L	en	Template talk:German political parties
B.L	en	Template talk:Party of the European Left
B.L	en	Category:Articles with dead external links from June 2012
B.L	en	Portal:Politics
B.L	et	16. juuni
B.L	et	2005
B.L	et	2007
B.L	et	2009
B.L	et	27. september
B.L	et	Brandenburg
B.L	et	Demokraatliku Sotsialismi Partei
B.L	et	Gesine Lötzsch
B.L	et	Gregor Gysi
B.L	et	Kaasesimees
B.L	et	Klaus Ernst
B.L	et	Oscar Lafontaine
B.L	et	Partei
B.L	et	Riigipäev
B.L	et	Saksa DV
B.L	et	Saksa keel
B.L	et	Saksamaa
B.L	et	Saksamaa 2009. aasta Riigipäeva valimised
B.L	et	Saksamaa Sotsiaaldemokraatlik Partei
B.L	et	Saksamaa Sotsialistlik Ühtsuspartei
B.L	et	Saksi-Anhalt
B.L	et	Sotsialism
B.L	et	Töö ja Sotsiaalse Õigluse Partei
B.L	et	Vasakpartei
B.L	es	16 de junio
B.L	es	2003
B.L	es	2006
B.L	es	2007
B.L	es	Alianza 90/Los Verdes
B.L	es	Alternativa Electoral por el Trabajo y la Justicia Social
B.L	es	Anticapitalismo
B.L	es	Baden-Wurtemberg
B.L	es	Baja Sajonia
B.L	es	Baviera
B.L	es	Berlín
B.L	es	Brandeburgo
B.L	es	Bremen
B.L	es	Bundestag
B.L	es	Bundeswehr
B.L	es	Capitalismo
B.L	es	Comité por una Internacional de los Trabajadores
B.L	es	Comunismo
B.L	es	Corriente
B.L	es	Descentralización
B.L	es	Die Linkspartei
B.L	es	Elecciones Federales Alemanas de 2005
B.L	es	Europarlamento
B.L	es	Extrema izquierda
B.L	es	Freie Demokratische Partei
B.L	es	Fundación Rosa Luxemburgo
B.L	es	Gerhard Schröder
B.L	es	Gobierno de coalición
B.L	es	Gregor Gysi
B.L	es	Hamburgo
B.L	es	Hesse
B.L	es	Holanda
B.L	es	Idioma alemán
B.L	es	Imperialismo
B.L	es	International Socialist Tendency
B.L	es	Italia
B.L	es	Izquierda
B.L	es	Izquierda Unitaria Europea - Izquierda Verde Nórdica
B.L	es	Izquierda política
B.L	es	Keynesianismo
B.L	es	Landtag
B.L	es	Leninismo
B.L	es	Linkspartei
B.L	es	Marxismo
B.L	es	Mecklemburgo-Pomerania Occidental
B.L	es	Ministro-presidente
B.L	es	Movimiento obrero
B.L	es	Movimientos sociales
B.L	es	Neoliberalismo
B.L	es	Neues Deutschland
B.L	es	ONU
B.L	es	OTAN
B.L	es	Oficina Federal de Elecciones del Estado de la Renania
B.L	es	Oficina Federal de Protección de la Constitución
B.L	es	Oskar Lafontaine
B.L	es	Partido Comunista Alemán
B.L	es	Partido Marxista-Leninista de Alemania
B.L	es	Partido Socialdemócrata de Alemania
B.L	es	Partido Socialista (Holanda)
B.L	es	Partido Socialista Unificado de Alemania
B.L	es	Partido de la Izquierda (desambiguación)
B.L	es	Partido de la Izquierda Europea
B.L	es	Partido de la Refundación Comunista
B.L	es	Partidos políticos de Alemania
B.L	es	Petra Pau
B.L	es	Política de Alemania
B.L	es	Privatización
B.L	es	Reformismo
B.L	es	Renania-Palatinado
B.L	es	Renania del Norte-Westfalia
B.L	es	República Democrática Alemana
B.L	es	Sahra Wagenknecht
B.L	es	Sajonia
B.L	es	Sajonia-Anhalt
B.L	es	Sarre
B.L	es	Schleswig-Holstein
B.L	es	Socialdemocracia
B.L	es	Socialismo
B.L	es	Socialismo Democrático
B.L	es	Socialismo democrático
B.L	es	Socialismo libertario
B.L	es	Socialismo real
B.L	es	Trotskismo
B.L	es	Turingia
B.L	es	Unión Demócrata Cristiana de Alemania
B.L	ca	16 de juny
B.L	ca	18 de gener
B.L	ca	2007
B.L	ca	2008
B.L	ca	2009
B.L	ca	2010
B.L	ca	27 de gener
B.L	ca	27 de setembre
B.L	ca	30 d'agost
B.L	ca	9 de maig
B.L	ca	Alemany
B.L	ca	Alemanya
B.L	ca	Aliança 90/Els Verds
B.L	ca	Alternativa Electoral pel Treball i la Justícia Social
B.L	ca	Associació de Votants de Slesvig Meridional
B.L	ca	Baden-Württemberg
B.L	ca	Baixa Saxònia
B.L	ca	Baviera
B.L	ca	Berlín
B.L	ca	Bernd Riexinger
B.L	ca	Brandenburg
B.L	ca	Bremen
B.L	ca	Bundestag
B.L	ca	Ciutadans en Ira
B.L	ca	Comunisme
B.L	ca	Democràcia
B.L	ca	Die Linkspartei
B.L	ca	Eleccions al Parlament de l'Estat de Bremen de 2007
B.L	ca	Esquerra
B.L	ca	Esquerra Unida Europea-Esquerra Verda Nòrdica
B.L	ca	Gesine Lötzsch
B.L	ca	Gregor Gysi
B.L	ca	Hamburg (estat)
B.L	ca	Hans Modrow
B.L	ca	Hessen
B.L	ca	Ideologia
B.L	ca	Katja Kipping
B.L	ca	Klaus Ernst
B.L	ca	Linksjugend 'solid
B.L	ca	Lothar Bisky
B.L	ca	Mecklemburg-Pomerània Occidental
B.L	ca	NPD
B.L	ca	Oskar Lafontaine
B.L	ca	Parlament Europeu
B.L	ca	Partit Democràtic Lliure
B.L	ca	Partit Socialdemòcrata d'Alemanya
B.L	ca	Partit Socialista Unificat d'Alemanya
B.L	ca	Partit de l'Esquerra Europea
B.L	ca	Política
B.L	ca	Renània-Palatinat
B.L	ca	República Democràtica Alemanya
B.L	ca	Rin del Nord-Westfàlia
B.L	ca	Rin del Nord - Westfàlia
B.L	ca	Saarland
B.L	ca	Sahra Wagenknecht
B.L	ca	Saxònia
B.L	ca	Saxònia-Anhalt
B.L	ca	Slesvig-Holstein
B.L	ca	Socialisme
B.L	ca	Turíngia
B.L	ca	Unió Demòcrata Cristiana d'Alemanya
B.L	ca	Unió Social Cristiana de Baviera
B.L	ca	Votants Lliures (Alemanya)
B.L	ca	Plantilla:Partits Polítics Alemanya
B.L	bg	Бундестаг
B.L	bg	Гезине Льоч
B.L	bg	Германия
B.L	bg	Германска единна социалистическа партия
B.L	bg	Германска социалдемократическа партия
B.L	bg	Герхард Шрьодер
B.L	bg	Демократичен социализъм
B.L	bg	Европейска обединена левица - Северна зелена левица
B.L	bg	Европейски парламент
B.L	bg	Източна Германия
B.L	bg	Клаус Ернст
B.L	bg	Ландтаг
B.L	bg	Немски език
B.L	bg	Партия на европейската левица
B.L	bg	Политика
B.L	bg	Политическа партия
B.L	bg	Уикипедия:Мъниче
B.L	pdc	Deitschland
B.L	be	16 чэрвеня
B.L	be	2007
B.L	be	Бернд Рыксінгер
B.L	be	Бундэстаг Германіі
B.L	be	Германскі бундэстаг
B.L	be	Германія
B.L	be	Грамадзяне ў гневе
B.L	be	Каця Кіпінг
B.L	be	Ландтаг
B.L	be	Левыя, партыя, Германія
B.L	be	Нацыянал-дэмакратычная партыя Германіі
B.L	be	Нямецкая мова
B.L	be	Палітычныя партыі Германіі
B.L	be	Партыя зялёных, Германія
B.L	be	Пірацкая партыя Германіі
B.L	be	Сацыял-дэмакратычная партыя Германіі
B.L	be	Саюз паўднёвашлезвігскіх выбаршчыкаў
B.L	be	Свабодная дэмакратычная партыя, Германія
B.L	be	Хрысціянска-дэмакратычны саюз Германіі
B.L	be	Хрысціянска-сацыяльны саюз
B.L	da	Berlin
B.L	da	Bernd Riexinger
B.L	da	DDR
B.L	da	De tyske delstatsparlamenter
B.L	da	Die Linkspartei
B.L	da	Folketinget
B.L	da	Forbundsdagen
B.L	da	Katja Kipping
B.L	da	Oskar Lafontaine
B.L	da	Partiavis
B.L	da	Partibogstav
B.L	da	Partiet for Demokratisk Socialisme
B.L	da	Politisk parti
B.L	da	SED
B.L	da	Socialisme
B.L	da	Sozialistische Einheitspartei Deutschlands
B.L	da	Tyskland
B.L	da	Venstrefløj
B.L	da	WASG
B.L	nds	Bernd Riexinger
B.L	nds	Düütschland
B.L	nds	Katja Kipping
B.L	nds	Linke Politik
B.L	nds	Partei vun’n Demokraatschen Sozialismus
B.L	nds	WASG
B.L	nds	Wikipedia:Stubben
B.L	cs	16. červen
B.L	cs	2005
B.L	cs	2006
B.L	cs	2007
B.L	cs	Arbeit & soziale Gerechtigkeit - Die Wahlalternative
B.L	cs	Berlín
B.L	cs	Bílá
B.L	cs	Demokratický socialismus
B.L	cs	Die Linkspartei.PDS
B.L	cs	Eurokomunismus
B.L	cs	Evropská politická strana
B.L	cs	Evropská sjednocená levice a Severská zelená levice
B.L	cs	Gesine Lötzsch
B.L	cs	Gregor Gysi
B.L	cs	Klaus Ernst
B.L	cs	Levice
B.L	cs	Lothar Bisky
B.L	cs	Meklenbursko-Přední Pomořansko
B.L	cs	Německo
B.L	cs	Německá demokratická republika
B.L	cs	Německé federální volby 2009
B.L	cs	Oskar Lafontaine
B.L	cs	Pacifismus
B.L	cs	Politická ideologie
B.L	cs	Politická skupina Evropského parlamentu
B.L	cs	Politické strany v Německu
B.L	cs	Strana demokratického socialismu (Německo)
B.L	cs	Strana evropské levice
B.L	cs	Volby do Evropského parlamentu v Německu 2009
B.L	cs	WASG
B.L	cs	Černá
B.L	cs	Červená
B.L	ar	ألمانيا
B.L	ar	الاشتراكية الديمقراطية
B.L	ar	حزب اليسار (توضيح)
B.L	ar	سياسي
B.L	ar	لغة ألمانية
B.L	no	16. juni
B.L	no	2007
B.L	no	Arbeit & soziale Gerechtigkeit – Die Wahlalternative
B.L	no	Axel Troost
B.L	no	Baden-Württemberg
B.L	no	Bayern
B.L	no	Berlin
B.L	no	Berlinmuren
B.L	no	Bernd Riexinger
B.L	no	Brandenburg
B.L	no	Bremen
B.L	no	Bundesamt für Verfassungsschutz
B.L	no	Bundesverfassungsgericht
B.L	no	Bundesverfassungsgesetz
B.L	no	Bündnis 90/Die Grünen
B.L	no	Caren Lay
B.L	no	Christel Wegner
B.L	no	Christlich-Soziale Union in Bayern
B.L	no	Christlich Demokratische Union
B.L	no	DDR
B.L	no	Delstatsparlament (Tyskland)
B.L	no	Demokratisk sosialisme
B.L	no	Det europeiske venstrepartiet
B.L	no	Deutsche Kommunistische Partei
B.L	no	Deutsche Volksunion
B.L	no	Die Linkspartei
B.L	no	Forbundsdagen
B.L	no	Forbundsdagspresident
B.L	no	Forbundsforsamlingen (Tyskland)
B.L	no	Forbundsminister (Tyskland)
B.L	no	Forbundsrepublikken Tyskland
B.L	no	Forbundsrådet (Tyskland)
B.L	no	Freie Demokratische Partei
B.L	no	Gesellschaft zur Rechtlichen und Humanitären Unterstützung
B.L	no	Gesine Lötzsch
B.L	no	Hubertus Knabe
B.L	no	Jan van Aken
B.L	no	Karl Liebknecht
B.L	no	Karl Liebknecht-huset
B.L	no	Katja Kipping
B.L	no	Klaus Ernst
B.L	no	Krigen i Afghanistan (2001–)
B.L	no	Linksjugend Solid
B.L	no	Linkspartei.PDS
B.L	no	Liste over Landkreise i Tyskland
B.L	no	Liste over politiske partier i Tyskland
B.L	no	Lothar Bisky
B.L	no	Marianne Birthler
B.L	no	Matthias Höhn
B.L	no	Mecklenburg-Vorpommern
B.L	no	Minstelønn
B.L	no	Nationaldemokratische Partei Deutschlands
B.L	no	Neues Deutschland
B.L	no	Oskar Lafontaine
B.L	no	Parlamentsmedlem
B.L	no	Partileder
B.L	no	Piratenpartei Deutschland
B.L	no	Politisk parti
B.L	no	Republikanerne (Tyskland)
B.L	no	Rheinland-Pfalz
B.L	no	Rosa Luxemburg
B.L	no	SED
B.L	no	SPD
B.L	no	Saarlands landdag
B.L	no	Sachsen
B.L	no	Sachsen-Anhalt
B.L	no	Sachsens landdag
B.L	no	Sahra Wagenknecht
B.L	no	Skolesystemet i Tyskland
B.L	no	Sozialdemokratische Partei Deutschlands
B.L	no	Stalinismen
B.L	no	Stasi
B.L	no	Thüringen
B.L	no	Tyskland
B.L	no	Tysklands delstater
B.L	no	Tysklands kanslere
B.L	no	Tysklands politiske system
B.L	no	Tysklands president
B.L	no	Tysklands regjering
B.L	no	Tysklands valg
B.L	no	Valget i Tyskland 2005
B.L	no	Valget i Tyskland 2009
B.L	no	Verfassungsschutzbericht
B.L	no	WASG
B.L	no	Wolfgang Schäuble
B.L	no	Wikipedia:Portaler
B.L	no	Portal:Tyskland
B.L	nn	16. juni
B.L	nn	1989
B.L	nn	1990
B.L	nn	1994
B.L	nn	1998
B.L	nn	2000
B.L	nn	2002
B.L	nn	2004
B.L	nn	2007
B.L	nn	2009
B.L	nn	Autoritær
B.L	nn	Berlin
B.L	nn	Christa Wolf
B.L	nn	Demokrati
B.L	nn	Demokratisk sosialisme
B.L	nn	Den tyske Forbundsdagen
B.L	nn	Den tyske demokratiske republikken
B.L	nn	Det europeiske venstrepartiet
B.L	nn	Det tyske sosialdemokratiske partiet
B.L	nn	EU
B.L	nn	Erich Honecker
B.L	nn	Gesine Lötzsch
B.L	nn	Gregor Gysi
B.L	nn	Kommunisme
B.L	nn	Kristelegdemokratane
B.L	nn	Lothar Bisky
B.L	nn	Mecklenburg-Vorpommern
B.L	nn	Mikhail Gorbatsjov
B.L	nn	Oskar Lafontaine
B.L	nn	Petra Pau
B.L	nn	Politikk
B.L	nn	SPD
B.L	nn	Solid – die sozialistische Jugend
B.L	nn	Sosialisme
B.L	nn	Sovjetunionen
B.L	nn	Stefan Heym
B.L	nn	Tyskland
B.L	nn	Venstresida
B.L	nn	WASG
B.L	pl	16 czerwca
B.L	pl	2007
B.L	pl	2010
B.L	pl	2 kwietnia
B.L	pl	Alternatywa Wyborcza Praca i Sprawiedliwość Społeczna
B.L	pl	Andreas Voßkuhle
B.L	pl	Angela Merkel
B.L	pl	Antykapitalizm
B.L	pl	Berlin
B.L	pl	Bernd Riexinger
B.L	pl	Brandenburgia
B.L	pl	Brema (kraj związkowy)
B.L	pl	Bundesrat
B.L	pl	Bundestag
B.L	pl	Bundeswehra
B.L	pl	Demokracja
B.L	pl	Deutsche Bundesbank
B.L	pl	Die Linkspartei.PDS
B.L	pl	Dieter Engels
B.L	pl	Dolna Saksonia
B.L	pl	Drugi rząd Angeli Merkel
B.L	pl	Eurokomunizm
B.L	pl	Federalny Sąd Administracyjny (Niemcy)
B.L	pl	Federalny Sąd Pracy (Niemcy)
B.L	pl	Federalny Trybunał Finansowy (Niemcy)
B.L	pl	Federalny Trybunał Konstytucyjny
B.L	pl	Federalny Trybunał Obrachunkowy
B.L	pl	Federalny Trybunał Sprawiedliwości (Niemcy)
B.L	pl	Francis Wurtz
B.L	pl	Gesine Lötzsch
B.L	pl	Guido Westerwelle
B.L	pl	Hamburg
B.L	pl	Harald Range
B.L	pl	Heroina
B.L	pl	Hesja
B.L	pl	Horst Seehofer
B.L	pl	Ingrid Schmidt
B.L	pl	Jens Weidmann
B.L	pl	Joachim Gauck
B.L	pl	Język niemiecki
B.L	pl	Kanclerze Niemiec
B.L	pl	Kapitał (ekonomia)
B.L	pl	Karl-Liebknecht-Haus
B.L	pl	Karol Marks
B.L	pl	Katja Kipping
B.L	pl	Keynesizm
B.L	pl	Klaus Ernst
B.L	pl	Klaus Tolksdorfv
B.L	pl	Klaus Wowereit
B.L	pl	Kokaina
B.L	pl	Konstytucja Niemiec
B.L	pl	Kontrola Państwowa w Niemczech
B.L	pl	Kraje związkowe Niemiec
B.L	pl	Landtag
B.L	pl	Lewica
B.L	pl	Linksjugend 'solid
B.L	pl	Lothar Bisky
B.L	pl	Marion Eckertz-Höfer
B.L	pl	Marksizm
B.L	pl	Meklemburgia-Pomorze Przednie
B.L	pl	Ministerstwo Spraw Zagranicznych Niemiec
B.L	pl	NATO
B.L	pl	Neoliberalizm
B.L	pl	Niemcy
B.L	pl	Niemiecka Partia Komunistyczna
B.L	pl	Niemiecka Republika Demokratyczna
B.L	pl	Niemieckie referenda
B.L	pl	Norbert Lammert
B.L	pl	Odrodzenie Komunistyczne
B.L	pl	Oskar Lafontaine
B.L	pl	Parlament Europejski
B.L	pl	Partia Demokratycznego Socjalizmu
B.L	pl	Partia Europejskich Socjalistów
B.L	pl	Partia Socjalistyczna (Holandia)
B.L	pl	Partia polityczna
B.L	pl	Partie polityczne Niemiec
B.L	pl	Polityka zagraniczna Niemiec
B.L	pl	Postkomunizm
B.L	pl	Prezydenci Niemiec
B.L	pl	Prokurator generalny (Niemcy)
B.L	pl	Prywatyzacja
B.L	pl	Przewodniczący Bundesratu
B.L	pl	Przewodniczący Bundestagu
B.L	pl	Płaca minimalna
B.L	pl	Realny socjalizm
B.L	pl	Referendum w sprawie akceptacji przyłączenia Austrii do Niemiec w 1938
B.L	pl	Rudolf Mellinghoff
B.L	pl	Rynek finansowy
B.L	pl	Rząd federalny Niemiec
B.L	pl	Saksonia
B.L	pl	Saksonia-Anhalt
B.L	pl	Samorząd terytorialny w Niemczech
B.L	pl	Socjaldemokracja
B.L	pl	Socjaldemokratyczna Partia Niemiec
B.L	pl	Socjalizm
B.L	pl	Socjalizm demokratyczny
B.L	pl	Sojusz 90/Zieloni
B.L	pl	System prawny Niemiec
B.L	pl	System wyborczy w Niemczech
B.L	pl	Trockizm
B.L	pl	Turyngia
B.L	pl	Unia Chrześcijańsko-Demokratyczna (Niemcy)
B.L	pl	Unia Chrześcijańsko-Społeczna w Bawarii
B.L	pl	Ustrój polityczny Niemiec
B.L	pl	Wojna w Afganistanie (2001-)
B.L	pl	Wolna Partia Demokratyczna
B.L	pl	Wolnościowy socjalizm
B.L	pl	Wybory do Parlamentu Europejskiego w Niemczech
B.L	pl	Wybory do Parlamentu Europejskiego w Niemczech w 1994 roku
B.L	pl	Wybory do Parlamentu Europejskiego w Niemczech w 1999 roku
B.L	pl	Wybory do Parlamentu Europejskiego w Niemczech w 2004 roku
B.L	pl	Wybory do Parlamentu Europejskiego w Niemczech w 2009 roku
B.L	pl	Wybory parlamentarne w Nieczech
B.L	pl	Wybory parlamentarne w Niemczech w 1990 roku
B.L	pl	Wybory parlamentarne w Niemczech w 1994 roku
B.L	pl	Wybory parlamentarne w Niemczech w 1998 roku
B.L	pl	Wybory parlamentarne w Niemczech w 2002 roku
B.L	pl	Wybory parlamentarne w Niemczech w 2005 roku
B.L	pl	Wybory parlamentarne w Niemczech w 2009 roku
B.L	pl	Wybory parlamentarne w Niemczech w 2013 roku
B.L	pl	Wybory prezydenckie w Niemczech
B.L	pl	Wybory prezydenckie w Niemczech w 2012 roku
B.L	pl	Wybory samorządowe w Niemczech
B.L	pl	Wybory samorządowe w Niemczech w 2009 roku
B.L	pl	Zjednoczona Lewica Europejska - Nordycka Zielona Lewica
B.L	pl	Związek 90/Zieloni
B.L	pl	Szablon:Partie polityczne Niemiec
B.L	pl	Dyskusja szablonu:Partie polityczne Niemiec
B.L	pl	Kategoria:Polityka Niemiec
B.L	pl	Wikiprojekt:Polityka
B.L	bar	Axel Troost
B.L	bar	Berlin
B.L	bar	Bernd Riexinger
B.L	bar	Caren Lay
B.L	bar	Deitschland
B.L	bar	Europäische Linke
B.L	bar	Forum der Neuen Europäischen Linken
B.L	bar	HKS-Farbfächer
B.L	bar	Jan van Aken
B.L	bar	Katja Kipping
B.L	bar	Linkspartei.PDS
B.L	bar	Matthias Höhn
B.L	bar	Politische Partei
B.L	bar	SED
B.L	bar	Sahra Wagenknecht
B.L	bar	Sozialismus
B.L	bar	Vereinte Europäische Linke/Nordische Grüne Linke
B.L	bar	WASG
B.L	ms	Bahasa Jerman
B.L	ms	Bundestag
B.L	ms	Buruh dan Keadilan Sosial - Pemilih Alternatif
B.L	ms	Fraktion
B.L	ms	Jerman
B.L	ms	Jerman Timur
B.L	ms	Lothar Bisky
B.L	ms	Oskar Lafontaine
B.L	ms	Parlimen Eropah
B.L	ms	Parti Kiri Eropah Bersatu-Parti Kiri Hijau Nordic
B.L	ms	Parti Perpaduan Sosialis Jerman
B.L	ms	Parti Sayap Kiri Eropah
B.L	ms	Parti Sosialisme Demokratik (Jerman)
B.L	ms	Politik kiri
B.L	ms	Wikipedia:Rencana tunas
B.L	nl	16 juni
B.L	nl	2007
B.L	nl	Allgemeiner Deutscher Arbeiterverein
B.L	nl	Anarchistische Pogo-Partei Deutschlands
B.L	nl	Arbeit & soziale Gerechtigkeit - Die Wahlalternative
B.L	nl	Beieren
B.L	nl	Beierse Volkspartij
B.L	nl	Berlijn
B.L	nl	Blokpartij
B.L	nl	Bondsdag
B.L	nl	Bondsdagverkiezingen van 2009
B.L	nl	Bondsrepubliek Duitsland (1949-1990)
B.L	nl	Bremen (stad)
B.L	nl	Bundesamt für Verfassungsschutz
B.L	nl	Bündnis 90/Die Grünen
B.L	nl	Christlich-Demokratische Union Deutschlands (DDR)
B.L	nl	Christlich-Soziale Union
B.L	nl	Christlich Demokratische Union Deutschlands (Bondsrepubliek)
B.L	nl	Christliche Volkspartei des Saarlandes
B.L	nl	Communisme
B.L	nl	Communistisch Platform
B.L	nl	Conservatisme
B.L	nl	Cornelia Hirsch
B.L	nl	Deelstaten van Duitsland
B.L	nl	Democratisch socialisme
B.L	nl	Demokratische Bauernpartei Deutschlands
B.L	nl	Demokratischer Frauenbund Deutschlands
B.L	nl	Deutsche Demokratische Partei
B.L	nl	Deutsche Fortschrittspartei
B.L	nl	Deutsche Friedensunion
B.L	nl	Deutsche Kommunistische Partei
B.L	nl	Deutsche Soziale Union
B.L	nl	Deutsche Volkspartei
B.L	nl	Deutsche Volksunion
B.L	nl	Deutsche Zentrumspartei
B.L	nl	Die Linkspartei
B.L	nl	Die Republikaner
B.L	nl	Die Tierschutzpartei
B.L	nl	Duits-Hannoveraanse Partij
B.L	nl	Duitse Boerenpartij
B.L	nl	Duitse Bondsdagverkiezingen 1990
B.L	nl	Duitse Bondsdagverkiezingen 1994
B.L	nl	Duitse Bondsdagverkiezingen 1998
B.L	nl	Duitse Bondsdagverkiezingen 2002
B.L	nl	Duitse Bondsdagverkiezingen 2005
B.L	nl	Duitse Bondsdagverkiezingen 2009
B.L	nl	Duitse Democratische Republiek
B.L	nl	Duitse Grondwet
B.L	nl	Duitse Nationale Volkspartij
B.L	nl	Duitse Partij
B.L	nl	Duitse bondsdagverkiezingen 2002
B.L	nl	Duitse bondsdagverkiezingen 2005
B.L	nl	Duitse hereniging
B.L	nl	Duitsland
B.L	nl	Europees Parlement
B.L	nl	Europees Unitair Links/Noords Groen Links
B.L	nl	Europees parlement
B.L	nl	Europese Linkse Partij
B.L	nl	Europese Parlementsverkiezingen 1994 in Duitsland
B.L	nl	Europese Parlementsverkiezingen 1999 in Duitsland
B.L	nl	Europese Parlementsverkiezingen 2004 in Duitsland
B.L	nl	Europese Parlementsverkiezingen 2009 in Duitsland
B.L	nl	Extreemlinks
B.L	nl	Extreemrechts
B.L	nl	Freie Demokratische Partei
B.L	nl	Freie Deutsche Jugend
B.L	nl	Freie Wähler
B.L	nl	Freier Deutscher Gewerkschaftsbund
B.L	nl	Freikonservative Partei
B.L	nl	Geschiedenis van de politieke partijen in Duitsland
B.L	nl	Gesine Lötzsch
B.L	nl	Gregor Gysi
B.L	nl	Hamburg
B.L	nl	Hessen
B.L	nl	Kiesdrempel
B.L	nl	Klaus Ernst
B.L	nl	Kommunistische Partei Deutschlands
B.L	nl	Kort geding
B.L	nl	Kulturbund
B.L	nl	Leninisme
B.L	nl	Liberaldemokratische Partei Deutschlands
B.L	nl	Liberalisme
B.L	nl	Links (politiek)
B.L	nl	Lothar Bisky
B.L	nl	Lutz Heilmann
B.L	nl	Maoïstische partijen in Duitsland
B.L	nl	Mecklenburg-Voor-Pommeren
B.L	nl	Militarisme
B.L	nl	Minimumloon
B.L	nl	Nationaal-Liberale Partij (Duitsland)
B.L	nl	Nationaalsocialistische Duitse Arbeiderspartij
B.L	nl	Nationaldemokratische Partei Deutschlands
B.L	nl	Nationaldemokratische Partei Deutschlands (DDR)
B.L	nl	Nederlands
B.L	nl	Nedersaksen
B.L	nl	Oorlog in Afghanistan
B.L	nl	Oskar Lafontaine
B.L	nl	Partei Bibeltreuer Christen
B.L	nl	Partei der Vernunft
B.L	nl	Partei des Demokratischen Sozialismus
B.L	nl	Partei für Soziale Gerechtigkeit
B.L	nl	Piratenpartij Duitsland
B.L	nl	Politieke partij
B.L	nl	Politieke partijen in Duitsland
B.L	nl	Privatisering
B.L	nl	Regionalisme (politiek)
B.L	nl	Saarbrücken (district)
B.L	nl	Sahra Wagenknecht
B.L	nl	Saksen (deelstaat)
B.L	nl	Sleeswijk-Holstein
B.L	nl	Socialisme
B.L	nl	Sozialdemokratische Arbeiterpartei (Duitsland)
B.L	nl	Sozialdemokratische Partei Deutschlands
B.L	nl	Sozialistische Arbeiterpartei Deutschlands
B.L	nl	Sozialistische Einheitspartei Deutschlands
B.L	nl	Stasi
B.L	nl	Südschleswigscher Wählerverband
B.L	nl	Tobias Pflüger
B.L	nl	Ulla Jelpke
B.L	nl	Unabhängige Sozialdemokratische Partei Deutschlands
B.L	nl	Union (Duitsland)
B.L	nl	Val van de Berlijnse muur
B.L	nl	Verdrag van Lissabon (2007)
B.L	nl	Vereinigung der gegenseitigen Bauernhilfe
B.L	nl	Verenigde Naties
B.L	nl	Völkischer Block
B.L	nl	WASG
B.L	nl	Wikimedia chapter
B.L	nl	Portaal:Politiek
B.L	ku	16'ê pûşper
B.L	ku	2007
B.L	ku	Alman
B.L	ku	Almanî
B.L	ku	Axel Troost
B.L	ku	Berlin
B.L	ku	Bernd Riexinger
B.L	ku	Caren Lay
B.L	ku	Die Linke.SDS
B.L	ku	Gregor Gysi
B.L	ku	Jan van Aken
B.L	ku	Katja Kipping
B.L	ku	Linksjugend 'solid
B.L	ku	PDS
B.L	ku	Polîtîk
B.L	ku	Raju Sharma
B.L	ku	WASG
B.L	ku	Werner Dreibus
B.L	ku	Îdarekirina partiyê ya aborî
B.L	ko	12월
B.L	ko	1989년
B.L	ko	1990년
B.L	ko	1990년 독일 연방선거
B.L	ko	1994년
B.L	ko	1994년 독일 연방 선거
B.L	ko	1998년
B.L	ko	1999년
B.L	ko	1월
B.L	ko	1월 16일
B.L	ko	1월 17일
B.L	ko	2000년
B.L	ko	2002년
B.L	ko	2002년 독일 연방선거
B.L	ko	2003년
B.L	ko	2004년
B.L	ko	2005년
B.L	ko	2005년 독일 연방선거
B.L	ko	2006년
B.L	ko	2007년
B.L	ko	2008년
B.L	ko	2009 헤센 주 선거
B.L	ko	2009년
B.L	ko	2009년 독일 연방선거
B.L	ko	2009년 브란덴부르크 주 선거
B.L	ko	2009년 슐레스비히홀슈타인 주 선거
B.L	ko	2009년 자를란트 주 선거
B.L	ko	2009년 작센 주 선거
B.L	ko	2009년 튀링겐 주 선거
B.L	ko	2월
B.L	ko	3월
B.L	ko	3월 18일
B.L	ko	3월 27일
B.L	ko	6월
B.L	ko	6월 16일
B.L	ko	6월 18일
B.L	ko	7월
B.L	ko	8월
B.L	ko	9월 27일
B.L	ko	게지네 뢰취
B.L	ko	공산주의
B.L	ko	공산주의자 플랫폼
B.L	ko	교섭단체
B.L	ko	국제 연합
B.L	ko	그레고르 기지
B.L	ko	그레고어 기지
B.L	ko	글라스노스트
B.L	ko	급진주의
B.L	ko	기본소득제
B.L	ko	나치주의
B.L	ko	네덜란드
B.L	ko	노동과 사회정의를 위한 선거대안
B.L	ko	니더작센
B.L	ko	니더작센 주
B.L	ko	독일
B.L	ko	독일 공산당
B.L	ko	독일 기독교 민주연합
B.L	ko	독일 기독민주연합
B.L	ko	독일 동맹
B.L	ko	독일 마르크스-레닌주의당
B.L	ko	독일 민주공화국
B.L	ko	독일 사회민주당
B.L	ko	독일 연방기본법
B.L	ko	독일 연방하원
B.L	ko	독일 연방헌법보호청
B.L	ko	독일 통일사회당
B.L	ko	독일 해적당
B.L	ko	독일어
B.L	ko	독일연방공화국
B.L	ko	독일의 노동조합
B.L	ko	독일의 정당
B.L	ko	동독
B.L	ko	동맹 90/녹색당
B.L	ko	레닌주의
B.L	ko	로타 비스키
B.L	ko	루돌프 바로
B.L	ko	루시 레들러
B.L	ko	리스본 조약
B.L	ko	링스룩
B.L	ko	미하일 고르바초프
B.L	ko	민주 사회주의
B.L	ko	민주사회당 (독일)
B.L	ko	민주사회주의
B.L	ko	바덴뷔르템베르크 주
B.L	ko	바이에른 기독교 사회연합
B.L	ko	바이에른 기독사회연합
B.L	ko	바이에른 주
B.L	ko	베를린
B.L	ko	보수주의
B.L	ko	브란덴부르크 주
B.L	ko	브레멘
B.L	ko	빨강
B.L	ko	사회당 (네덜란드)
B.L	ko	사회민주주의
B.L	ko	사회주의자 대안 (독일)
B.L	ko	사회주의자 좌파 (독일)
B.L	ko	서독
B.L	ko	선동
B.L	ko	세계화
B.L	ko	소비에트 연방
B.L	ko	슐레스비히홀슈타인 주
B.L	ko	신마르크스주의
B.L	ko	심장마비
B.L	ko	아프가니스탄전
B.L	ko	에리히 호네커
B.L	ko	연립 정부
B.L	ko	연방주 헌법보호국
B.L	ko	연합 정부
B.L	ko	오스카어 라퐁텐
B.L	ko	유럽 단일좌파-북유럽 녹색좌파
B.L	ko	유럽 연합
B.L	ko	유럽 의회
B.L	ko	유럽 좌파당
B.L	ko	유럽연합좌파-북유럽녹색좌파
B.L	ko	유로 코뮤니즘
B.L	ko	자를란트 주
B.L	ko	자유 사회주의
B.L	ko	자유민주당 (독일)
B.L	ko	자유주의
B.L	ko	작센 주
B.L	ko	재건공산당
B.L	ko	좌파
B.L	ko	케인시언
B.L	ko	클라우스 에른스트
B.L	ko	튀링겐 주
B.L	ko	트로츠키주의
B.L	ko	페레스트로이카
B.L	ko	포퓰리즘
B.L	ko	한스 모드로프
B.L	ko	함부르크
B.L	ko	헤센
B.L	ko	헤센 주
B.L	ko	현실 공산주의
B.L	ko	토론:좌파당 (독일)
B.L	ko	위키백과:번역
B.L	ko	틀:독일의 정당
B.L	ko	틀토론:독일의 정당
B.L	la	10 Aprilis
B.L	la	15 Iunii
B.L	la	16 Iunii
B.L	la	2007
B.L	la	2010
B.L	la	2012
B.L	la	2 Iunii
B.L	la	Alexander Troost
B.L	la	Anscharius Lafontaine
B.L	la	Bernhardus Riexinger
B.L	la	Berolinum
B.L	la	Carina Lay
B.L	la	Carina Ley
B.L	la	Carolus Marx
B.L	la	Catharina Kipping
B.L	la	Dietmarius Bartsch
B.L	la	Euro
B.L	la	Factio Alternativa Labori Rebusque Socialibus
B.L	la	Factio Democratici Socialismi
B.L	la	Factio Piratica Germaniae
B.L	la	Factio democratica liberalis Germaniae
B.L	la	Factio democratica socialis Germaniae
B.L	la	Foedus 90/Virides
B.L	la	Germania
B.L	la	Gesina Lötzsch
B.L	la	Goettinga
B.L	la	Gregorius Gysi
B.L	la	Ioannes van Aken
B.L	la	Iohannes Meginhardus Keynes
B.L	la	Iunii
B.L	la	Katharina Kipping
B.L	la	Lingua Theodisca
B.L	la	Lotharius Bisky
B.L	la	Nicolaus Ernst
B.L	la	Oeconomia
B.L	la	Organisatio
B.L	la	Raju Sharma
B.L	la	Sara Wagenknecht
B.L	la	Sinister
B.L	la	Sinistra.SDS
B.L	la	Sinistra Iuventa 'solid
B.L	la	Unio Democratica Christiana Germaniae
B.L	la	Unio socialis Christiana Bavariensis
B.L	la	Wernerus Dreibus
B.L	hr	Ljevica
B.L	hr	Lothar Bisky
B.L	hr	Oskar Lafontaine
B.L	hr	PDS
B.L	hr	Politička stranka
B.L	hr	WASG
B.L	hr	Wikipedija:Stil
B.L	hu	1990
B.L	hu	2005
B.L	hu	2005-ös németországi parlamenti választások
B.L	hu	2007
B.L	hu	2009-es németországi parlamenti választások
B.L	hu	2010
B.L	hu	2012
B.L	hu	Alsó-Szászország
B.L	hu	Antifasizmus
B.L	hu	Baloldal
B.L	hu	Berlin
B.L	hu	Bernd Riexinger
B.L	hu	Demokratikus Szocializmus Pártja
B.L	hu	Demokrácia
B.L	hu	Der Spiegel
B.L	hu	Diszkrimináció
B.L	hu	Eurokommunizmus
B.L	hu	Európa
B.L	hu	Európai Baloldal
B.L	hu	Európai Baloldal – Északi Baloldali Zöldek
B.L	hu	Európai Egyesült Baloldal/Északi Zöld Baloldal
B.L	hu	Európai Parlament
B.L	hu	Fasizmus
B.L	hu	Feleknas Uca
B.L	hu	Francia Kommunista Párt
B.L	hu	Gesine Lötzsch
B.L	hu	Hamburg
B.L	hu	Hessen
B.L	hu	Homofóbia
B.L	hu	Homoszexualitás
B.L	hu	Idegengyűlölet
B.L	hu	Irak
B.L	hu	Jezidi
B.L	hu	Jog
B.L	hu	Július 17.
B.L	hu	Június 16.
B.L	hu	Katja Kipping
B.L	hu	Kereszténydemokrata Unió
B.L	hu	Klaus Ernst
B.L	hu	Kommunizmus
B.L	hu	Koreai Munkáspárt
B.L	hu	Kozmopolitanizmus
B.L	hu	Lothar Bisky
B.L	hu	Munka és Szociális Igazság Párt
B.L	hu	NDK
B.L	hu	Nacionalizmus
B.L	hu	Nemzet
B.L	hu	Nemzetiszocializmus
B.L	hu	Neues Deutschland
B.L	hu	Nyugat-Németország
B.L	hu	Német Demokratikus Köztársaság
B.L	hu	Német Szocialista Egységpárt
B.L	hu	Német nyelv
B.L	hu	Németország
B.L	hu	Németország Szociáldemokrata Pártja
B.L	hu	Népszava
B.L	hu	Nő
B.L	hu	Oskar Lafontaine
B.L	hu	Politikai párt
B.L	hu	Politikus
B.L	hu	Progresszivizmus
B.L	hu	Pártok Németországban
B.L	hu	Rasszizmus
B.L	hu	Szocializmus
B.L	hu	Transzneműség
B.L	hu	Vörös
B.L	hu	Wikimédia Commons
B.L	hu	Állampárt
B.L	hu	Örökbefogadás
B.L	hu	Portál:Németország
B.L	hu	Portál:Németország/ikon
B.L	it	2005
B.L	it	2007
B.L	it	2008
B.L	it	2009
B.L	it	Alleanza '90 - I Verdi
B.L	it	Berlino
B.L	it	Bernd Riexinger
B.L	it	Blocco di Sinistra
B.L	it	Bundestag
B.L	it	Cipro
B.L	it	Coalizione della Sinistra Radicale
B.L	it	Danimarca
B.L	it	Euronews
B.L	it	Francia
B.L	it	Fronte di Sinistra (Francia)
B.L	it	Germania
B.L	it	Grecia
B.L	it	Irlanda
B.L	it	Italia
B.L	it	Katja Kipping
B.L	it	La Sinistra (Germania)
B.L	it	Lavoro e Giustizia sociale - Alternativa elettorale
B.L	it	Lettonia
B.L	it	Lingua tedesca
B.L	it	Movimento Popolare contro l'UE
B.L	it	Oskar Lafontaine
B.L	it	Paesi Bassi
B.L	it	Parlamento europeo
B.L	it	Partito Comunista Greco
B.L	it	Partito Comunista Portoghese
B.L	it	Partito Comunista di Boemia e Moravia
B.L	it	Partito Liberale Democratico (Germania)
B.L	it	Partito Progressista dei Lavoratori
B.L	it	Partito Socialdemocratico Tedesco
B.L	it	Partito Socialista (Irlanda)
B.L	it	Partito Socialista (Paesi Bassi)
B.L	it	Partito Socialista Lettone
B.L	it	Partito della Sinistra (Germania)
B.L	it	Partito della Sinistra (Svezia)
B.L	it	Partito della Sinistra Europea
B.L	it	Partito politico
B.L	it	Politica della Germania
B.L	it	Portogallo
B.L	it	Regno Unito
B.L	it	Repubblica Ceca
B.L	it	Repubblica Democratica tedesca
B.L	it	Rifondazione Comunista
B.L	it	SPD
B.L	it	Saarland
B.L	it	Sassonia
B.L	it	Sinistra (politica)
B.L	it	Sinistra Unita (Spagna)
B.L	it	Sinistra Unitaria Europea - Sinistra Verde Nordica
B.L	it	Sinn Féin
B.L	it	Socialdemocrazia
B.L	it	Socialismo democratico
B.L	it	Spagna
B.L	it	Stati federati della Germania
B.L	it	Svezia
B.L	it	Turingia
B.L	it	Unione Cristiano-Sociale in Baviera
B.L	it	Unione Cristiano Democratica (Germania)
B.L	it	Wikipedia:Uso delle fonti
B.L	it	Template:AggNaz/DEU
B.L	it	Template:En
B.L	it	Template:Membri della Sinistra Unitaria Europea - Sinistra Verde Nordica
B.L	it	Template:Partiti politici in Germania
B.L	it	Discussioni template:Membri della Sinistra Unitaria Europea - Sinistra Verde Nordica
B.L	it	Discussioni template:Partiti politici in Germania
B.L	it	Portale:Socialismo
B.L	ja	1月
B.L	ja	1月27日
B.L	ja	1月29日
B.L	ja	2004年欧州議会議員選挙 (ドイツ)
B.L	ja	2005年
B.L	ja	2006年
B.L	ja	2007年
B.L	ja	2008年
B.L	ja	2009年
B.L	ja	2009年欧州議会議員選挙 (ドイツ)
B.L	ja	2月24日
B.L	ja	2月26日
B.L	ja	5月13日
B.L	ja	6月17日
B.L	ja	6月7日
B.L	ja	7月7日
B.L	ja	9月
B.L	ja	9月18日
B.L	ja	9月27日
B.L	ja	WASG
B.L	ja	しんぶん赤旗
B.L	ja	アンゲリカ・グラムコウ
B.L	ja	オスカー・ラフォンテーヌ
B.L	ja	カール・リープクネヒト
B.L	ja	キリスト教社会同盟
B.L	ja	クラウス・エルンスト
B.L	ja	クラウス・ヴォーヴェライト
B.L	ja	グレゴール・ギジ
B.L	ja	グローバリゼーション
B.L	ja	ケインズ経済学
B.L	ja	ゲアハルト・シュレーダー
B.L	ja	ゲジーネ・レッチュ
B.L	ja	ザクセン人民党
B.L	ja	ザールラント州
B.L	ja	シュタージ
B.L	ja	シュレースヴィヒ＝ホルシュタイン
B.L	ja	シュレースヴィヒ＝ホルシュタイン州
B.L	ja	シュヴェリーン
B.L	ja	スターリン主義
B.L	ja	ソ連型社会主義
B.L	ja	トロツキスト
B.L	ja	ドイツ
B.L	ja	ドイツの州
B.L	ja	ドイツの政党
B.L	ja	ドイツの政治
B.L	ja	ドイツキリスト教民主同盟
B.L	ja	ドイツキリスト教民主同盟 (東ドイツ)
B.L	ja	ドイツ・フォーラム党
B.L	ja	ドイツ中産階級帝国党
B.L	ja	ドイツ人民党
B.L	ja	ドイツ党
B.L	ja	ドイツ共産党
B.L	ja	ドイツ共産党 (DKP)
B.L	ja	ドイツ再統一
B.L	ja	ドイツ労働者党
B.L	ja	ドイツ国家人民党
B.L	ja	ドイツ国家民主党
B.L	ja	ドイツ国家民主党 (東ドイツ)
B.L	ja	ドイツ家族党
B.L	ja	ドイツ民主党
B.L	ja	ドイツ民主共和国
B.L	ja	ドイツ民主農民党
B.L	ja	ドイツ民族同盟
B.L	ja	ドイツ民族自由党
B.L	ja	ドイツ海賊党
B.L	ja	ドイツ無政府主義ポゴ党
B.L	ja	ドイツ独立社会民主党
B.L	ja	ドイツ社会主義労働者党
B.L	ja	ドイツ社会主義統一党
B.L	ja	ドイツ社会同盟
B.L	ja	ドイツ社会民主党
B.L	ja	ドイツ自由民主党
B.L	ja	ドイツ語
B.L	ja	ドイツ連邦議会
B.L	ja	ドイツ連邦議会2005年選挙
B.L	ja	ドイツ連邦議会2009年選挙
B.L	ja	ニーダーザクセン州
B.L	ja	ノルトライン＝ヴェストファーレン州
B.L	ja	ハンス・モドロウ
B.L	ja	ハンブルク
B.L	ja	バイエルン人民党
B.L	ja	バイエルン州
B.L	ja	バイエルン民族党
B.L	ja	バーデン＝ヴュルテンベルク州
B.L	ja	ブレーメン州
B.L	ja	ヘッセン州
B.L	ja	ベルリン
B.L	ja	ベルリン市
B.L	ja	マルクス・レーニン主義
B.L	ja	マルクス主義
B.L	ja	メクレンブルク＝フォアポンメルン州
B.L	ja	ユーロコミュニズム
B.L	ja	ラインラント＝プファルツ州
B.L	ja	リバタリアン
B.L	ja	リバタリアン社会主義
B.L	ja	ロタール・ビスキー
B.L	ja	ヴァイマル共和国
B.L	ja	中央党 (ドイツ)
B.L	ja	中央集権
B.L	ja	全体主義
B.L	ja	共和党 (ドイツ)
B.L	ja	共産主義
B.L	ja	共産主義再建党
B.L	ja	共産党
B.L	ja	前衛党
B.L	ja	労働者インターナショナルのための委員会
B.L	ja	労働運動
B.L	ja	南シュレースヴィヒ選挙人同盟
B.L	ja	反共主義
B.L	ja	反戦
B.L	ja	右派
B.L	ja	各国の政党
B.L	ja	同盟90
B.L	ja	同盟90/緑の党
B.L	ja	名誉党首
B.L	ja	国家社会主義ドイツ労働者党
B.L	ja	国家社会主義自由運動
B.L	ja	国民自由党 (ドイツ)
B.L	ja	国際マルクス主義潮流
B.L	ja	大ドイツ民族共同体
B.L	ja	左派
B.L	ja	左派アナキズム
B.L	ja	左派リバタリアニズム
B.L	ja	左翼
B.L	ja	平和と人権イニシアティヴ
B.L	ja	改革
B.L	ja	政党
B.L	ja	政党連合
B.L	ja	新フォーラム
B.L	ja	新左翼
B.L	ja	新自由主義
B.L	ja	日本語
B.L	ja	東ドイツ
B.L	ja	東ドイツ緑の党
B.L	ja	極左
B.L	ja	欧州左翼党
B.L	ja	欧州統一左派・北方緑の左派同盟
B.L	ja	民主主義
B.L	ja	民主主義の出発
B.L	ja	民主主義を今
B.L	ja	民主人民党 (ドイツ)
B.L	ja	民主社会主義
B.L	ja	民主社会党 (ドイツ)
B.L	ja	民主集中制
B.L	ja	民営化
B.L	ja	派閥
B.L	ja	無政府主義
B.L	ja	現実社会主義
B.L	ja	社会主義
B.L	ja	社会主義帝国党
B.L	ja	社会主義統一党
B.L	ja	社会党 (オランダ)
B.L	ja	社会民主主義
B.L	ja	社会的無政府主義
B.L	ja	社会運動
B.L	ja	福祉
B.L	ja	第四インターナショナル
B.L	ja	組織 (社会科学)
B.L	ja	統一会派
B.L	ja	統一戦線
B.L	ja	緑の党
B.L	ja	自由な有権者
B.L	ja	自由意思社会主義
B.L	ja	自由民主党 (ドイツ)
B.L	ja	西ドイツ
B.L	ja	財務大臣
B.L	ja	資本主義
B.L	ja	連立
B.L	ja	連立与党
B.L	ja	連立政権
B.L	ja	連邦参議院
B.L	ja	連邦憲法擁護庁
B.L	ja	連邦憲法裁判所
B.L	ja	鉄兜団、前線兵士同盟
B.L	ja	閣僚評議会議長 (東ドイツ)
B.L	ja	阻止条項
B.L	ja	首相
B.L	ja	Template:ドイツの政党
B.L	ja	Template:政党
B.L	ja	Template‐ノート:ドイツの政党
B.L	ja	Portal:政治学
B.L	simple	Alliance '90/The Greens
B.L	simple	Berlin
B.L	simple	Christian Democratic Union of Germany
B.L	simple	Christian Social Union of Bavaria
B.L	simple	Democratic Socialism
B.L	simple	Elections in Germany
B.L	simple	Electoral Alternative for Labour and Social Justice
B.L	simple	European United Left – Nordic Green Left
B.L	simple	Free Democratic Party (Germany)
B.L	simple	Germany
B.L	simple	Gesine Lötzsch
B.L	simple	Klaus Ernst
B.L	simple	List of political ideologies
B.L	simple	List of political parties in Germany
B.L	simple	Party of the European Left
B.L	simple	Pirate Party of Germany
B.L	simple	Political party
B.L	simple	Politics of Germany
B.L	simple	Red (colour)
B.L	simple	Social Democratic Party of Germany
B.L	simple	Socialist Unity Party of Germany
B.L	simple	The Left Party.PDS
B.L	simple	WASG
B.L	simple	Wikipedia:Stub
B.L	simple	Template:Parties of Germany
B.L	simple	Template talk:Parties of Germany
B.L	uk	16 червня
B.L	uk	2007
B.L	uk	Європарламент
B.L	uk	Європейський центральний банк
B.L	uk	Європейські об'єднані ліві/Ліво-зелені Півночі
B.L	uk	Єрусалим
B.L	uk	Альянс за Німеччину
B.L	uk	Берлін
B.L	uk	Берлінська стіна
B.L	uk	Болгарська лівиця
B.L	uk	Бранденбург
B.L	uk	Бремен
B.L	uk	Брюссель
B.L	uk	Бундесвер
B.L	uk	Білоруська партія лівих «Справедливий світ»
B.L	uk	Варшава
B.L	uk	Велика депресія
B.L	uk	Вибори до Бундестагу 2009
B.L	uk	Війна в Іраку
B.L	uk	Війна в Афганістані (з 2001)
B.L	uk	Вільна демократична партія
B.L	uk	Габі Ціммер
B.L	uk	Гамбург
B.L	uk	Ганс Модров
B.L	uk	Гессен
B.L	uk	Глобалізація
B.L	uk	Горбачов Михайло Сергійович
B.L	uk	Грегор Гізі
B.L	uk	Демократичний соціалізм
B.L	uk	Дериватив
B.L	uk	Економічний цикл
B.L	uk	Еріх Хонеккер
B.L	uk	Естоська об'єднана ліва партія
B.L	uk	Институт глобализации и социальных движений
B.L	uk	Йоганнесбург
B.L	uk	Капіталізм
B.L	uk	Карл Маркс
B.L	uk	Катя Кіппінг
B.L	uk	Кейнсіанство
B.L	uk	Комунізм
B.L	uk	Комуністична партія (Валонія)
B.L	uk	Комуністична партія (Фландрія)
B.L	uk	Комуністична партія Іспанії
B.L	uk	Комуністична партія Австрії
B.L	uk	Комуністична партія Фінляндії
B.L	uk	Комуністичне відродження Сан-Маріно
B.L	uk	Лотар Біскі
B.L	uk	Ліва партія (Франція)
B.L	uk	Лівий блок (Португалія)
B.L	uk	Лівий союз (Фінляндія)
B.L	uk	Ліві (Люксембург)
B.L	uk	Лісабонський договір
B.L	uk	Мехіко
B.L	uk	Москва
B.L	uk	НАТО
B.L	uk	НДР
B.L	uk	Немецкая волна
B.L	uk	Нижня Саксонія
B.L	uk	Німецька комуністична партія
B.L	uk	Німецька мова
B.L	uk	Німеччина
B.L	uk	Об'єднані ліві
B.L	uk	Об'єднані ліві і альтернатива
B.L	uk	Організація Об'єднаних Націй
B.L	uk	Оскар Лафонтен
B.L	uk	Партія демократичного соціалізму (Чехія)
B.L	uk	Партія комуністичного відродження
B.L	uk	Партія комуністів Республіки Молдова
B.L	uk	Партія свободи і солідарності
B.L	uk	Партія європейських лівих
B.L	uk	Пекін
B.L	uk	Рамалла
B.L	uk	Робітнича партія Угорщини 2006
B.L	uk	Рудольф Баро
B.L	uk	Румунська комуністична партія
B.L	uk	Рух за лівих
B.L	uk	Саар
B.L	uk	Саксонія
B.L	uk	Сан-Паулу
B.L	uk	Світова організація торгівлі
B.L	uk	Світовий банк
B.L	uk	Соціал-демократична партія Німеччини
B.L	uk	Соціал-демократія
B.L	uk	Соціалістична партія (Нідерланди)
B.L	uk	Соціалістична єдина партія Німеччини
B.L	uk	Союз 90/Зелені
B.L	uk	Стефан Гейм
B.L	uk	Сінаспісмос
B.L	uk	Тель-Авів
B.L	uk	Тюрінгія
B.L	uk	Унітарна ліва
B.L	uk	Французька комуністична партія
B.L	uk	Ханой
B.L	uk	Християнсько-демократичний союз (Німеччина)
B.L	uk	Червоно-зелена коаліція (Данія)
B.L	uk	Швейцарська партія праці
B.L	uk	Шлезвіг-Гольштейн
B.L	uk	Штазі
B.L	uk	Вікіпедія:Статті, що необхідно поліпшити
B.L	uk	Шаблон:Партія європейських лівих
B.L	uk	Обговорення шаблону:Партія європейських лівих
B.L	lmo	Germania
B.L	lmo	Lumbard ucidental
B.L	lmo	Suzialism
B.L	lmo	Urtugrafia insübrica ünificada
B.L	tr	16 Haziran
B.L	tr	2007
B.L	tr	Alman Bölge Parlamentoları
B.L	tr	Almanca
B.L	tr	Almanya
B.L	tr	Avrupa
B.L	tr	Avrupa Parlamentosu
B.L	tr	Avrupa Solu Partisi
B.L	tr	Avusturya
B.L	tr	Berlin
B.L	tr	Bernd Riexinger
B.L	tr	Bundestag
B.L	tr	Demokratik sosyalizm
B.L	tr	Katja Kipping
B.L	tr	Merkez sol
B.L	tr	Siyasi parti
B.L	tr	Vikipedi:Madde
B.L	tr	Vikipedi:Taslak madde
B.L	sv	16 juni
B.L	sv	2007
B.L	sv	Andraröst
B.L	sv	Andrej Hermlin
B.L	sv	Baden-Württemberg
B.L	sv	Bayern
B.L	sv	Berlin
B.L	sv	Bernd Riexinger
B.L	sv	Bodo Zeuner
B.L	sv	Borna
B.L	sv	Brandenburg
B.L	sv	Christel Wegner
B.L	sv	Cottbus
B.L	sv	Demokratisk socialism
B.L	sv	Die Linkspartei
B.L	sv	Eckhard Jesse
B.L	sv	Eisenach
B.L	sv	Elmar Altvater
B.L	sv	Erwin Geschonneck
B.L	sv	Europeiska vänsterpartiet
B.L	sv	Extremism
B.L	sv	Femprocentspärren
B.L	sv	Folkrörelse
B.L	sv	Frank Decker
B.L	sv	Frank Deppe
B.L	sv	Frigga Haug
B.L	sv	Förbundsdagen
B.L	sv	Förbundsdagsvalet 2005
B.L	sv	Förbundsdagsvalet 2009
B.L	sv	Gesine Lötzsch
B.L	sv	Gregor Gysi
B.L	sv	Gruppen Europeiska enade vänstern/Nordisk grön vänster
B.L	sv	Gustav-Adolf Schur
B.L	sv	Halberstadt
B.L	sv	Hans Modrow
B.L	sv	Ideologi
B.L	sv	Ilm-Kreis
B.L	sv	Ingeborg Hunzinger
B.L	sv	Joachim Bischoff
B.L	sv	Jürgen P. Lang
B.L	sv	Kapitalism
B.L	sv	Karl-Liebknecht-Haus
B.L	sv	Katja Kipping
B.L	sv	Klaus Ernst
B.L	sv	Kommunism
B.L	sv	Landkreis Altenburger Land
B.L	sv	Landkreis Nordhausen
B.L	sv	Landkreis Vorpommern-Greifswald
B.L	sv	Landkreis Wittenberg
B.L	sv	Landrat
B.L	sv	Lantdag
B.L	sv	Lothar Bisky
B.L	sv	Matthias Höhn
B.L	sv	Matthias Platzeck
B.L	sv	Mecklenburg-Vorpommern
B.L	sv	Niedersachsen
B.L	sv	Nordrhein-Westfalen
B.L	sv	Nya europeiska vänsterforumet
B.L	sv	Opposition
B.L	sv	Oskar Lafontaine
B.L	sv	PDS
B.L	sv	Panorama (Magazin)
B.L	sv	Politisk vänster
B.L	sv	Raju Sharma
B.L	sv	Rheinland-Pfalz
B.L	sv	Ruth Fuchs
B.L	sv	Röd
B.L	sv	Sachsen
B.L	sv	Sachsen-Anhalt
B.L	sv	Schleswig-Holstein
B.L	sv	Schwerin
B.L	sv	Statsvetenskap
B.L	sv	Steffen Kailitz
B.L	sv	Theodor Bergmann
B.L	sv	Thüringen
B.L	sv	Tyska kommunistpartiet
B.L	sv	Tyskland
B.L	sv	Tysklands socialistiska enhetsparti
B.L	sv	Tysklands återförening
B.L	sv	VS Verlag für Sozialwissenschaften
B.L	sv	Verfassungsschutz
B.L	sv	Viola Neu
B.L	sv	WASG
B.L	sv	Wolfgang Fritz Haug
B.L	sv	Östtyskland
B.L	sr	2007
B.L	sr	Бернд Риксингер
B.L	sr	Бундестаг
B.L	sr	Демократски социјализам
B.L	sr	Европска уједињена левица-Нордијска зелена левица
B.L	sr	Европски парламент
B.L	sr	Источна Немачка
B.L	sr	Катја Кипинг
B.L	sr	Левица
B.L	sr	Лотар Биски
B.L	sr	Национал-демократска партија Немачке
B.L	sr	Немачка
B.L	sr	Немачка комунистичка партија
B.L	sr	Немачки језик
B.L	sr	Оскар Лафонтен
B.L	sr	Партија европске левице
B.L	sr	Политика Немачке
B.L	sr	Политичка партија
B.L	sr	Савез 90/Зелени
B.L	sr	Социјалдемократска партија Немачке
B.L	sr	Социјализам
B.L	sr	Странка слободних демократа (Немачка)
B.L	sr	Хришћанско-демократска унија Немачке
B.L	sr	Хришћанско-социјална унија Баварске
B.L	sr	Шаблон:Политичке партије у Немачкој
B.L	sr	Разговор о шаблону:Политичке партије у Немачкој
B.L	sr	Категорија:Немачки политичари
B.L	sr	Категорија:Политичке партије у Немачкој
B.L	stq	Düütsklound
B.L	ru	16 июня
B.L	ru	2007 год
B.L	ru	24 марта
B.L	ru	25 марта
B.L	ru	BBC
B.L	ru	Jusos
B.L	ru	Антикапиталистические левые (Германия)
B.L	ru	Антифа
B.L	ru	Антифашизм
B.L	ru	Ассоциация за единую перспективу
B.L	ru	Бавария
B.L	ru	Баден-Вюртемберг
B.L	ru	Баро, Рудольф
B.L	ru	Берлин
B.L	ru	Бернд Риксингер
B.L	ru	Биски, Лотар
B.L	ru	Бонк, Юлия
B.L	ru	Бранденбург
B.L	ru	Брюссель
B.L	ru	Бундестаг Германии
B.L	ru	Бухгольц, Кристина
B.L	ru	Бэрвольф, Матиас
B.L	ru	Вавциняк, Галина
B.L	ru	Вагенкнехт, Сара
B.L	ru	Варшава
B.L	ru	Вернер Дрейбус
B.L	ru	Война в Афганистане (с 2001)
B.L	ru	Воссоединенный Четвёртый интернационал
B.L	ru	Выборы в Европарламент 2009 года
B.L	ru	Выборы в бундестаг (2009)
B.L	ru	ГДР
B.L	ru	Гезине Лётш
B.L	ru	Гейм, Стефан
B.L	ru	Георгиос Маринос
B.L	ru	Германия
B.L	ru	Германская коммунистическая партия
B.L	ru	Германский бундестаг
B.L	ru	Гессен
B.L	ru	Гизи, Грегор
B.L	ru	Глейсс, Тиес
B.L	ru	Граждане в гневе
B.L	ru	Грегор Гизи
B.L	ru	Дем, Дитер
B.L	ru	Демократический социализм
B.L	ru	Демократический социалистический форум (Германия)
B.L	ru	Дортмунд
B.L	ru	Еврокоммунизм
B.L	ru	Европейские левые
B.L	ru	Европейские объединённые левые/Лево-зелёные северных стран
B.L	ru	Европейский союз
B.L	ru	Епке, Улла
B.L	ru	Иерусалим
B.L	ru	Институт глобализации и социальных движений
B.L	ru	Интернационализм
B.L	ru	Йоханнесбург
B.L	ru	Капитализм
B.L	ru	Карен Лай
B.L	ru	Кейнсианство
B.L	ru	Киппинг, Катя
B.L	ru	Клуте, Юрген
B.L	ru	Комитет за рабочий интернационал
B.L	ru	Коммунистическая партия Германии
B.L	ru	Коммунистическая партия Германии/Марксистско-ленинская
B.L	ru	Коммунистическая партия Греции
B.L	ru	Коммунистическая платформа (Германия)
B.L	ru	Корте, Ян
B.L	ru	Ландтаг
B.L	ru	Ландтаг (Саксония)
B.L	ru	Лафонтен, Оскар
B.L	ru	Левая партия
B.L	ru	Левая партия. ПДС (Германия)
B.L	ru	Левые
B.L	ru	Левые (политика)
B.L	ru	Либертарный социализм
B.L	ru	Либих, Стефан
B.L	ru	Лиссабонский договор
B.L	ru	Лэй, Карен
B.L	ru	Лёзинг, Сабина
B.L	ru	Маоизм
B.L	ru	Маркс, Карл
B.L	ru	Марксизм
B.L	ru	Марксизм-ленинизм
B.L	ru	Международная марксистская группа (Германия)
B.L	ru	Международная социалистическая тенденция
B.L	ru	Международные социалистические левые (Германия)
B.L	ru	Мехико
B.L	ru	Модров, Ханс
B.L	ru	Москва
B.L	ru	Национал-демократическая партия Германии
B.L	ru	Немецкая волна
B.L	ru	Немецкий язык
B.L	ru	Неолиберализм
B.L	ru	Нитц, Инга
B.L	ru	Организация Объединённых Наций
B.L	ru	Оскар Лафонтен
B.L	ru	Партия европейских левых
B.L	ru	Партия зелёных (Германия)
B.L	ru	Партия коммунистического возрождения
B.L	ru	Партия пиратов Германии
B.L	ru	Пау, Петра
B.L	ru	Пекин
B.L	ru	Политические партии Германии
B.L	ru	Пфлюгер, Тобиас
B.L	ru	Раджу Шарма
B.L	ru	Рамалла
B.L	ru	Революционная социалистическая лига (Германия)
B.L	ru	Редлер, Люси
B.L	ru	Рейнланд-Пфальц
B.L	ru	Реформаторская левая сеть (Германия)
B.L	ru	СДПГ
B.L	ru	Саар
B.L	ru	Саксония-Ангальт
B.L	ru	Саксония-Анхальт
B.L	ru	Сан-Паулу
B.L	ru	Сара Вагенкнехт
B.L	ru	Свободная демократическая партия (Германия)
B.L	ru	Свободное государство Саксония
B.L	ru	Северный Рейн-Вестфалия
B.L	ru	Солидарность
B.L	ru	Социал-демократическая партия Германии
B.L	ru	Социализм
B.L	ru	Социалистическая альтернатива (Германия)
B.L	ru	Социалистическая единая партия Германии
B.L	ru	Социалистическая партия (Нидерланды)
B.L	ru	Социалистические левые (Германия)
B.L	ru	Союз 90/Зелёные
B.L	ru	Союз южношлезвигских избирателей
B.L	ru	Тель-Авив
B.L	ru	Троцкизм
B.L	ru	Труд и социальная справедливость — Избирательная альтернатива
B.L	ru	Тюрингия
B.L	ru	Федеральная служба защиты конституции Германии
B.L	ru	Фонд Розы Люксембург
B.L	ru	Форум новых европейских левых
B.L	ru	ХДС/ХСС
B.L	ru	Хайнц Бирбаум
B.L	ru	Ханой
B.L	ru	Хендель, Томас
B.L	ru	Хирш, Корнелиа
B.L	ru	Христианско-демократический союз Германии
B.L	ru	Христианско-социальный союз
B.L	ru	Шлезвиг-Гольштейн
B.L	ru	Шпер, Кристофер
B.L	ru	Штази
B.L	ru	Эмансипативные левые (Германия)
B.L	ru	Энтризм
B.L	ru	Шаблон:Политические партии Германии
B.L	ru	Категория:Члены партии «Левые»
B.L	ro	16 iunie
B.L	ro	2007
B.L	ro	Alegeri în Germania
B.L	ro	Alegerile federale germane, 2005
B.L	ro	Alegerile federale germane, 2009
B.L	ro	Berlin
B.L	ro	Engleză
B.L	ro	Germania
B.L	ro	Germană
B.L	ro	Gesine Lötzsch
B.L	ro	Klaus Ernst
B.L	ro	Listă de partide politice din Germania
B.L	ro	NELF
B.L	ro	Politica Germaniei
B.L	ro	RDG
B.L	ro	Roșu
B.L	ro	Uniunea Europeană
B.L	hsb	2007
B.L	hsb	Berlin
B.L	hsb	Bernd Riexinger
B.L	hsb	Die Linke.PDS
B.L	hsb	Karl-Liebknecht-Haus
B.L	hsb	Katja Kipping
B.L	hsb	Linksjugend 'solid
B.L	hsb	Němska
B.L	hsb	Němčina
B.L	hsb	Politiska strona
B.L	hsb	WASG
B.L	hsb	Wikipedija:Infokašćik
B.L	hsb	Předłoha:Infokašćik politiska strona
B.L	hsb	Předłoha:Rq
B.L	hsb	Diskusija k předłoze:Infokašćik politiska strona
B.L	hsb	Kategorija:Zarodk
B.L	pt	16 de junho
B.L	pt	1946
B.L	pt	2007
B.L	pt	21 de abril
B.L	pt	Alemanha
B.L	pt	Alemanha Oriental
B.L	pt	Alternativa Eleitoral para o Trabalho e a Justiça Social
B.L	pt	Assistência social
B.L	pt	Berlim
B.L	pt	Bernd Riexinger
B.L	pt	Bundesamt für Verfassungsschutz
B.L	pt	Bundestag
B.L	pt	Comunista
B.L	pt	Eleições federais na Alemanha em 2009
B.L	pt	Esquerda (política)
B.L	pt	Esquerda Unitária Europeia/Esquerda Nórdica Verde
B.L	pt	Eurocomunismo
B.L	pt	Eurocomunistas
B.L	pt	Extrema-esquerda
B.L	pt	Gesine Lötzsch
B.L	pt	Guerra
B.L	pt	Holanda
B.L	pt	Italiano
B.L	pt	Katja Kipping
B.L	pt	Klaus Ernst
B.L	pt	Klaus Wowereit
B.L	pt	Lothar Bisky
B.L	pt	Língua alemã
B.L	pt	Língua portuguesa
B.L	pt	Marxismo
B.L	pt	Oskar Lafontaine
B.L	pt	Parlamento Europeu
B.L	pt	Partido Social-Democrata da Alemanha
B.L	pt	Partido Socialista Unificado da Alemanha
B.L	pt	Partido da Esquerda Europeia
B.L	pt	Partido da Refundação Comunista
B.L	pt	Partido do Socialismo Democrático
B.L	pt	Partido político
B.L	pt	Privatização
B.L	pt	Saxônia
B.L	pt	Social-democrata
B.L	pt	Socialismo
B.L	pt	Socialismo democrático
B.L	pt	Socialismo libertário
B.L	dsb	2007
B.L	dsb	Berlin
B.L	dsb	Bernd Riexinger
B.L	dsb	Die Linke.PDS
B.L	dsb	Karl-Liebknecht-Haus
B.L	dsb	Katja Kipping
B.L	dsb	Linksjugend 'solid
B.L	dsb	Nimska
B.L	dsb	Nimšćina
B.L	dsb	Politiska strona
B.L	dsb	WASG
B.L	dsb	Wikipedija:Infokašćik
B.L	dsb	Pśedłoga:Infokašćik politiska strona
B.L	dsb	Diskusija wó pśedłoze:Infokašćik politiska strona
B.L	zh	1998年
B.L	zh	Berlin
B.L	zh	下萨克森
B.L	zh	不萊梅
B.L	zh	东德
B.L	zh	亲德公民运动
B.L	zh	人类环境动物保护
B.L	zh	保守主义
B.L	zh	共产主义
B.L	zh	共和主义者党
B.L	zh	军国主义
B.L	zh	农业联盟
B.L	zh	勃兰登堡
B.L	zh	勞工與社會正義–選舉選擇
B.L	zh	北莱茵－威斯特法伦
B.L	zh	南石勒苏益格选民联盟
B.L	zh	国家社会主义自由运动
B.L	zh	图林根
B.L	zh	基督徒圣经永久党
B.L	zh	基督教中间党
B.L	zh	基督教国家佃农和农民党
B.L	zh	基督教社会人民服务党
B.L	zh	天主教
B.L	zh	奥斯卡·拉方丹
B.L	zh	左派
B.L	zh	巴伐利亚
B.L	zh	巴伐利亚人民党
B.L	zh	巴伐利亚党
B.L	zh	巴伐利亚农民联盟
B.L	zh	巴登-符腾堡
B.L	zh	帝国主义
B.L	zh	平均地权论
B.L	zh	弗里森党
B.L	zh	德国
B.L	zh	德国中产阶级帝国党
B.L	zh	德国中央党
B.L	zh	德国中间党
B.L	zh	德国人民党
B.L	zh	德国人民党 (1868)
B.L	zh	德国保守人民党
B.L	zh	德国保守党
B.L	zh	德国共产主义工人党
B.L	zh	德国共产党
B.L	zh	德国共产党 (1990)
B.L	zh	德国共产党 (反对派)
B.L	zh	德国共产党 (罗特·摩根)
B.L	zh	德国农民党
B.L	zh	德国农民民主党
B.L	zh	德国国家人民党
B.L	zh	德国国家党
B.L	zh	德国国家民主党 (东德)
B.L	zh	德国国家自由党
B.L	zh	德国基督教民主联盟
B.L	zh	德国基督教民主联盟 (东德)
B.L	zh	德国基督教社会党
B.L	zh	德国女权主义党
B.L	zh	德国家庭党
B.L	zh	德国工人党
B.L	zh	德国工人总协会
B.L	zh	德国政党
B.L	zh	德国政党列表
B.L	zh	德国民主党
B.L	zh	德国汉诺威党
B.L	zh	德国独立社会民主党
B.L	zh	德国社会主义工人党
B.L	zh	德国社会党
B.L	zh	德国社会平等党
B.L	zh	德国社会民主党
B.L	zh	德国社会民主工人党
B.L	zh	德国社会联盟 (东德)
B.L	zh	德国种族自由党
B.L	zh	德国统一社会党
B.L	zh	德国绿党
B.L	zh	德国联邦议院
B.L	zh	德国自由保守党
B.L	zh	德国自由奔放党
B.L	zh	德国自由民主党
B.L	zh	德国自由民主党 (东德)
B.L	zh	德国进步人民党
B.L	zh	德国进步党
B.L	zh	德国革命社会主义联盟
B.L	zh	德国马列主义党
B.L	zh	德國國家民主黨
B.L	zh	德國政治
B.L	zh	德國社會民主黨
B.L	zh	德國行政區劃
B.L	zh	德國选举
B.L	zh	德语
B.L	zh	意识形态
B.L	zh	憤怒公民黨
B.L	zh	拜仁基督教社会联盟
B.L	zh	政党列表
B.L	zh	政治光譜
B.L	zh	斯塔特党
B.L	zh	施罗德
B.L	zh	无忧党人民党
B.L	zh	无政府主义朋克党
B.L	zh	柏林
B.L	zh	梅克伦堡-前波美拉尼亚
B.L	zh	歐洲左派黨
B.L	zh	歐洲聯合左派–北歐綠色左派
B.L	zh	歐洲議會
B.L	zh	歐洲議會黨團
B.L	zh	民主社会主义
B.L	zh	民主社會主義
B.L	zh	民主社會主義黨 (德國)
B.L	zh	民权和通货紧缩帝国党
B.L	zh	民权运动团结党
B.L	zh	汉堡
B.L	zh	法西斯主义
B.L	zh	海盗党
B.L	zh	理由党
B.L	zh	生态民主党
B.L	zh	石勒苏益格－荷尔斯泰因
B.L	zh	社会主义
B.L	zh	社会民主主义
B.L	zh	种族主义
B.L	zh	第三条道路
B.L	zh	紅色
B.L	zh	纳粹党
B.L	zh	自由 (德国政党)
B.L	zh	自由主义
B.L	zh	自由选民
B.L	zh	莱茵兰－普法尔茨
B.L	zh	萨克森
B.L	zh	萨克森－安哈尔特
B.L	zh	萨尔
B.L	zh	选择德国党
B.L	zh	黑森
B.L	zh	Template:德国政党
B.L	zh	Template:德國政黨
B.L	zh	Template talk:德国政党
B.L	zh	Portal:政治
B.L	diq	Almanki
B.L	diq	Almanya
B.L	diq	Partiyê Almanya
CN	de	Die_Linke
IWL	fi	Vasemmisto (saksalainen puolue)
IWL	fr	Die Linke
IWL	he	די לינקה
IWL	gl	Die Linke
IWL	eu	Die Linke
IWL	fa	حزب چپ (آلمان)
IWL	el	Η Αριστερά (Γερμανία)
IWL	eo	La Maldekstro
IWL	en	The Left (Germany)
IWL	et	Vasakpartei (Saksamaa)
IWL	es	Die Linke
IWL	ca	L'Esquerra (Alemanya)
IWL	bg	Левица (Германия)
IWL	pdc	Die Linke
IWL	be	Левыя, партыя Германіі
IWL	da	Die Linke
IWL	nds	De Linke
IWL	cs	Die Linke
IWL	ar	الحزب اليساري الألماني
IWL	no	Die Linke
IWL	nn	Die Linke
IWL	pl	Die Linke
IWL	bar	De Linke
IWL	ms	Parti Kiri (Jerman)
IWL	nl	Die Linke
IWL	ku	Partiya Çepgir
IWL	ko	좌파당 (독일)
IWL	la	Sinistra (factio politica Germaniae)
IWL	hr	Die Linke
IWL	hu	Baloldali Párt (Németország)
IWL	it	Die Linke
IWL	ja	左翼党 (ドイツ)
IWL	simple	Die Linke
IWL	uk	Ліві (Німеччина)
IWL	lmo	Die Linke
IWL	tr	Sol Parti (Almanya)
IWL	sv	Die Linke
IWL	sr	Левица (Немачка)
IWL	stq	Linkspaatäi
IWL	ru	Левые (партия, Германия)
IWL	ro	Die Linke
IWL	hsb	Lěwica
IWL	pt	A Esquerda
IWL	dsb	Die Linke
IWL	zh	德国左派党
IWL	diq	Çhepıci
