A.L	de	Acetylen
A.L	de	Adidas
A.L	de	Air Liquide
A.L	de	Air Products
A.L	de	Air Products & Chemicals
A.L	de	Aktiebolaget Gas-Accumulator
A.L	de	Aktiengesellschaft (Deutschland)
A.L	de	Allianz SE
A.L	de	Altana
A.L	de	Anlagenbau
A.L	de	Arzneimittel
A.L	de	Aschaffenburg
A.L	de	Atlas Copco
A.L	de	Aufsichtsratsvorsitzender
A.L	de	Australien
A.L	de	BASF
A.L	de	BMW
A.L	de	Babcock Borsig
A.L	de	Bayer AG
A.L	de	Bayerische Hypotheken- und Wechsel-Bank
A.L	de	Bayerische Vereinsbank
A.L	de	Beatmung
A.L	de	Beiersdorf AG
A.L	de	Bilanzsumme
A.L	de	Brasilien
A.L	de	Börse
A.L	de	Carl von Linde
A.L	de	Carrier (Unternehmen)
A.L	de	Commerzbank
A.L	de	Continental AG
A.L	de	DAX
A.L	de	Daimler AG
A.L	de	Der Angerhof
A.L	de	Deutsche Bank
A.L	de	Deutsche Börse
A.L	de	Deutsche Post AG
A.L	de	Deutsche Telekom
A.L	de	Deutschland
A.L	de	Dieselmotor
A.L	de	Dresdner Bank
A.L	de	Druckwechsel-Adsorption
A.L	de	E.ON
A.L	de	Elf Aquitaine
A.L	de	Endoskop
A.L	de	Epcos
A.L	de	Erlös
A.L	de	Euro
A.L	de	Europäische Arzneimittelagentur
A.L	de	Europäisches Patentamt
A.L	de	Evonik Degussa
A.L	de	Feldmühle (Unternehmen)
A.L	de	Flurfördergerät
A.L	de	Flüssigerdgas
A.L	de	Frankfurter Wertpapierbörse
A.L	de	Fred Butler
A.L	de	Fresenius (Unternehmen)
A.L	de	Fresenius Medical Care
A.L	de	Frischen
A.L	de	Fördertechnik
A.L	de	Gabelstapler
A.L	de	Gas
A.L	de	Gasmotor
A.L	de	Georg von Krauss
A.L	de	Gewinn
A.L	de	Goldman Sachs
A.L	de	Gründung (Recht)
A.L	de	Guinness (Bier)
A.L	de	Gymnasiale Oberstufe
A.L	de	Güldner
A.L	de	Hamburg
A.L	de	Hannover Rück
A.L	de	Hans-Liudger Dienel
A.L	de	HeidelbergCement
A.L	de	Henkel (Unternehmen)
A.L	de	Hessen
A.L	de	Hoechst
A.L	de	Hugo Güldner
A.L	de	Hypo Real Estate
A.L	de	Höllriegelskreuth
A.L	de	INO Therapeutics
A.L	de	Infineon
A.L	de	Inhaberaktie
A.L	de	Internat
A.L	de	International Securities Identification Number
A.L	de	Internatsschule Schloss Hansenberg
A.L	de	K+S
A.L	de	Karstadt
A.L	de	Kion Group
A.L	de	Kohlberg Kravis Roberts & Co.
A.L	de	Kohlenstoffdioxid
A.L	de	Kohlenstoffmonoxid
A.L	de	Kryotechnik
A.L	de	Lagertechnik
A.L	de	Lanxess
A.L	de	Leuna
A.L	de	Leunawerke
A.L	de	Lidingö (Gemeinde)
A.L	de	Linde-Verfahren
A.L	de	Linde Engineering Dresden GmbH
A.L	de	Linde Material Handling
A.L	de	Luft
A.L	de	Lufthansa
A.L	de	Luftverflüssigung
A.L	de	MAN
A.L	de	MLP AG
A.L	de	Manfred Schneider (Manager)
A.L	de	Mannesmann
A.L	de	Maschinenfabrik Fahr
A.L	de	Mehrheitsbeteiligung
A.L	de	Merck KGaA
A.L	de	Metro AG
A.L	de	Mexiko
A.L	de	Mitarbeiter
A.L	de	Mitteldeutsche Erdoel-Raffinerie GmbH
A.L	de	Monopol
A.L	de	Munich Re
A.L	de	München
A.L	de	Münchner Sicherheitskonferenz
A.L	de	Niederlande
A.L	de	Nixdorf Computer
A.L	de	Officine Meccaniche
A.L	de	Parts per million
A.L	de	Patent
A.L	de	Pemex
A.L	de	Pharmazie
A.L	de	Postbank
A.L	de	Preussag
A.L	de	Public Private Partnership
A.L	de	RWE
A.L	de	Rechtsform
A.L	de	Respiratorische Insuffizienz
A.L	de	SAP
A.L	de	Salzburg
A.L	de	Salzgitter AG
A.L	de	Sauerstoff
A.L	de	Schweden
A.L	de	Siemens
A.L	de	Sitz (juristische Person)
A.L	de	Spaten (Brauerei)
A.L	de	Statoil
A.L	de	Stickstoff
A.L	de	Stickstoffmonoxid
A.L	de	Still GmbH
A.L	de	Strömungsgetriebe
A.L	de	Säuglingsheilkunde
A.L	de	TUI
A.L	de	TU München
A.L	de	The BOC Group
A.L	de	ThyssenKrupp
A.L	de	Traktor
A.L	de	Umwelttechnik
A.L	de	Union Carbide
A.L	de	Universitätsklinikum Heidelberg
A.L	de	Unternehmensführung
A.L	de	VEBA
A.L	de	VIAG
A.L	de	Vereinigte Staaten
A.L	de	Volksrepublik China
A.L	de	Volkswagen AG
A.L	de	Vorstandsvorsitzender
A.L	de	Wasserstoff
A.L	de	Wasserstofftankstelle
A.L	de	Website
A.L	de	Wiesbaden
A.L	de	Winterthur
A.L	de	Wirtschaftszweig
A.L	de	Wolfgang Reitzle
A.L	de	Wärmeübertrager
A.L	de	Xiamen
A.L	de	Zugmaschine
A.L	de	Zürich
A.L	de	Österreich
B.L	fr	16 janvier
B.L	fr	1879
B.L	fr	2004
B.L	fr	2006
B.L	fr	2012
B.L	fr	21 juin
B.L	fr	Adidas
B.L	fr	Air liquide
B.L	fr	AkzoNobel
B.L	fr	Allemagne
B.L	fr	Allianz
B.L	fr	Anlagenbau
B.L	fr	BASF
B.L	fr	Bayer (entreprise)
B.L	fr	Bayerische Motoren Werke
B.L	fr	Beiersdorf
B.L	fr	Braskem
B.L	fr	Carl von Linde
B.L	fr	Carrier (société)
B.L	fr	Chiffre d'affaires
B.L	fr	Commerzbank
B.L	fr	Continental AG
B.L	fr	DAX
B.L	fr	Daimler (entreprise)
B.L	fr	Der Spiegel
B.L	fr	Deutsche Bank
B.L	fr	Deutsche Börse
B.L	fr	Deutsche Post
B.L	fr	Deutsche Telekom
B.L	fr	Dow Chemical
B.L	fr	DuPont
B.L	fr	E.ON
B.L	fr	Euro
B.L	fr	Evonik
B.L	fr	ExxonMobil
B.L	fr	Fenwick-Linde
B.L	fr	Fresenius
B.L	fr	Fresenius Medical Care
B.L	fr	Fördertechnik
B.L	fr	Gaz
B.L	fr	HeidelbergCement
B.L	fr	Henkel
B.L	fr	Ineos
B.L	fr	Infineon Technologies
B.L	fr	Janvier 2012
B.L	fr	Juin
B.L	fr	Juin 1879
B.L	fr	K+S
B.L	fr	KION Group
B.L	fr	Lanxess
B.L	fr	Linde
B.L	fr	Lufthansa
B.L	fr	LyondellBasell
B.L	fr	Merck KGaA
B.L	fr	Mitsubishi Chemical Holdings
B.L	fr	Mitsui Chemicals
B.L	fr	Munich
B.L	fr	Munich Re
B.L	fr	RWE
B.L	fr	SAP (entreprise)
B.L	fr	Sabic
B.L	fr	Secteur d'activité
B.L	fr	Shell (entreprise)
B.L	fr	Siemens (entreprise)
B.L	fr	Sinopec
B.L	fr	Site web
B.L	fr	Siège social
B.L	fr	Sumitomo Chemical
B.L	fr	ThyssenKrupp
B.L	fr	Toray Industries
B.L	fr	Total (entreprise)
B.L	fr	Volkswagen (entreprise)
B.L	fr	Wolfgang Reitzle
B.L	fr	Modèle:Infobox Société
B.L	fr	Modèle:Palette DAX
B.L	fr	Modèle:Palette Société chimie
B.L	fr	Discussion modèle:Palette DAX
B.L	fr	Discussion modèle:Palette Société chimie
B.L	fr	Aide:Homonymie
B.L	fr	Aide:Référence nécessaire
B.L	fr	Catégorie:Entreprise par date de fondation
B.L	fr	Catégorie:Portail:Allemagne/Articles liés
B.L	fr	Catégorie:Portail:Chimie/Articles liés
B.L	fr	Catégorie:Portail:Entreprises/Articles liés
B.L	fr	Catégorie:Portail:Munich/Articles liés
B.L	fr	Portail:Allemagne
B.L	fr	Portail:Chimie
B.L	fr	Portail:Entreprises
B.L	fr	Portail:Munich
B.L	fa	آدیداس
B.L	fa	آلمان
B.L	fa	آلکن
B.L	fa	آلیانتس
B.L	fa	آکزونوبل
B.L	fa	ا.آن
B.L	fa	ار وه ئه
B.L	fa	اس آ پ
B.L	fa	انگلستان
B.L	fa	اوونیک
B.L	fa	اکسان‌موبیل
B.L	fa	ایر لیکوئید
B.L	fa	اینفینئون
B.L	fa	اینیوس
B.L	fa	ب آ اس اف
B.L	fa	ب ام و
B.L	fa	بایر (شرکت)
B.L	fa	بایرسدورف
B.L	fa	براسکم
B.L	fa	بورس فرانکفورت
B.L	fa	بی‌پی
B.L	fa	توتال
B.L	fa	تورای
B.L	fa	تیسن‌کروپ
B.L	fa	جهان
B.L	fa	دایملر آ گ
B.L	fa	دوپونت
B.L	fa	دویچه بانک
B.L	fa	دویچه بورزه
B.L	fa	دویچه تلکوم
B.L	fa	دویچه پست
B.L	fa	رویال داچ شل
B.L	fa	زبان آلمانی
B.L	fa	زیمنس
B.L	fa	سابیک
B.L	fa	ساری (انگلستان)
B.L	fa	ساینوپک
B.L	fa	سومیتومو کمیکال
B.L	fa	شرکت داو کمیکال
B.L	fa	شرکت چندملیتی
B.L	fa	صنایع شیمیایی
B.L	fa	فرزنیوس
B.L	fa	فرزنیوس مدیکال کر
B.L	fa	لانکسس
B.L	fa	لجستیک
B.L	fa	لوفت‌هانزا
B.L	fa	لیوندل‌باسل
B.L	fa	مرک
B.L	fa	مهندسی
B.L	fa	مونیخ
B.L	fa	میتسوبیشی کمیکال
B.L	fa	میتسویی کمیکال
B.L	fa	میونیک ره
B.L	fa	هایدلبرگ‌سمنت
B.L	fa	هنکل
B.L	fa	کا+اس
B.L	fa	کومرتس‌بانک
B.L	fa	کونتیننتال آ گ
B.L	fa	گاز
B.L	fa	گاز طبیعی
B.L	fa	گروه فولکس‌واگن
B.L	fa	یورو
B.L	fa	۱۸۷۹ (میلادی)
B.L	fa	الگو:شرکت‌های دکس
B.L	fa	الگو:شرکت‌های شیمیایی
B.L	fa	بحث الگو:شرکت‌های دکس
B.L	fa	بحث الگو:شرکت‌های شیمیایی
B.L	en	AGA AB
B.L	en	Adidas
B.L	en	Air Liquide
B.L	en	Air Products & Chemicals
B.L	en	Airgas
B.L	en	Aktiengesellschaft
B.L	en	Alkene
B.L	en	Allianz
B.L	en	Altlußheim
B.L	en	Anaesthesia
B.L	en	Argon
B.L	en	Arthur Rudolph
B.L	en	Asset
B.L	en	Asthma
B.L	en	BASF
B.L	en	BMW
B.L	en	BOC Group
B.L	en	Bakkavör
B.L	en	Banten
B.L	en	Bayer AG
B.L	en	Beiersdorf
B.L	en	British Airways
B.L	en	CCMP Capital
B.L	en	Carbon dioxide
B.L	en	Carbon monoxide
B.L	en	Carl von Linde
B.L	en	Carlsberg Group
B.L	en	Carrier Corporation
B.L	en	Chairman
B.L	en	Chemical industry
B.L	en	Chief executive officer
B.L	en	Chronic obstructive pulmonary disease
B.L	en	Cilegon
B.L	en	Commerzbank
B.L	en	Continental AG
B.L	en	DAX
B.L	en	Daimler AG
B.L	en	Dairy Crest
B.L	en	Deutsche Bank
B.L	en	Deutsche Börse
B.L	en	Deutsche Post
B.L	en	Deutsche Telekom
B.L	en	E.ON
B.L	en	Earnings before interest and taxes
B.L	en	Employee
B.L	en	Energy
B.L	en	Engineering
B.L	en	Engineering, procurement and construction
B.L	en	England
B.L	en	Enterprise value
B.L	en	Equity (finance)
B.L	en	Euro
B.L	en	Fork lift
B.L	en	Frankfurt Stock Exchange
B.L	en	Fresenius (company)
B.L	en	Fresenius Medical Care
B.L	en	Gas separation
B.L	en	German language
B.L	en	Germany
B.L	en	Goldman Sachs
B.L	en	Hamburg-Wilhelmsburg
B.L	en	Health care
B.L	en	HeidelbergCement
B.L	en	Henkel
B.L	en	Hydrogen
B.L	en	Indonesia
B.L	en	Industrial gas
B.L	en	Infineon Technologies
B.L	en	K+S
B.L	en	KION Group
B.L	en	Kohlberg Kravis Roberts
B.L	en	Krakatau Steel
B.L	en	Lanxess
B.L	en	Lincare Holdings Inc.
B.L	en	Liquefied petroleum gas
B.L	en	Logistics
B.L	en	Lufthansa
B.L	en	Marks & Spencer
B.L	en	Merck KGaA
B.L	en	Messer Group
B.L	en	Mittelwerk
B.L	en	Mox-Linde Gases
B.L	en	Munich
B.L	en	Munich Re
B.L	en	Museum Autovision
B.L	en	Natural gas
B.L	en	Net income
B.L	en	Nippon Sanso
B.L	en	Nitrogen
B.L	en	Noble gas
B.L	en	Olefin
B.L	en	Oxygen
B.L	en	Oxygen therapy
B.L	en	Physical plant
B.L	en	Praxair
B.L	en	RWE
B.L	en	SAP AG
B.L	en	SWX Swiss Exchange
B.L	en	Shielding gas
B.L	en	Siemens
B.L	en	Sleep apnoea
B.L	en	Supervisory board
B.L	en	Supply chain
B.L	en	Surrey
B.L	en	Sweden
B.L	en	The BOC Group
B.L	en	ThyssenKrupp
B.L	en	Ticker symbol
B.L	en	Types of business entity
B.L	en	Uniq
B.L	en	Volkswagen Group
B.L	en	Water gas
B.L	en	Welding
B.L	en	Wolfgang Reitzle
B.L	en	Wikipedia:Citation needed
B.L	en	Wikipedia:Link rot
B.L	en	Wikipedia:Verifiability
B.L	en	Template:Citation needed
B.L	en	Template:DAX companies
B.L	en	Template:Portal/Images/Companies
B.L	en	Template talk:DAX companies
B.L	en	Help:Introduction to referencing/1
B.L	en	Category:Articles needing additional references from May 2013
B.L	en	Category:Articles with dead external links from May 2013
B.L	en	Category:Articles with unsourced statements from May 2013
B.L	en	Portal:Companies
B.L	es	1879
B.L	es	AGA (empresa)
B.L	es	Aktiengesellschaft
B.L	es	Alemania
B.L	es	Alqueno
B.L	es	Argón
B.L	es	Años 2000
B.L	es	BBC
B.L	es	Bebida alcohólica
B.L	es	Bolsa de Fráncfort
B.L	es	Bolsa de Zúrich
B.L	es	Camión cisterna
B.L	es	Carl von Linde
B.L	es	Carretilla elevadora
B.L	es	Cilindro
B.L	es	Cosechadora
B.L	es	Gas
B.L	es	Gas de agua
B.L	es	Gas industrial
B.L	es	Gas licuado del petróleo
B.L	es	Gas natural
B.L	es	Gas natural licuado
B.L	es	Gasoducto
B.L	es	Handelsblatt
B.L	es	Heladera
B.L	es	Hidrógeno
B.L	es	Hidrógeno líquido
B.L	es	Höllriegelskreuth
B.L	es	ISBN
B.L	es	Industria
B.L	es	Licuefacción
B.L	es	Linde-Hampson
B.L	es	Maquinaria
B.L	es	Monóxido de carbono
B.L	es	Múnich
B.L	es	Nitrógeno
B.L	es	Oxígeno
B.L	es	Patente
B.L	es	Química
B.L	es	Refrigeración
B.L	es	Reino Unido
B.L	es	Sitio web
B.L	es	The BOC Group
B.L	es	Tractor
B.L	es	Wikimedia Commons
B.L	da	Adidas
B.L	da	Alken
B.L	da	Allianz
B.L	da	Altlußheim
B.L	da	Argon
B.L	da	BASF
B.L	da	BMW
B.L	da	Bayer
B.L	da	Beiersdorf AG
B.L	da	Carl von Linde
B.L	da	Commerzbank
B.L	da	Continental AG
B.L	da	DAX
B.L	da	Daimler AG
B.L	da	Deutsche Bank
B.L	da	Deutsche Börse
B.L	da	Deutsche Post
B.L	da	Deutsche Telekom
B.L	da	E.ON
B.L	da	England
B.L	da	Fresenius Medical Care
B.L	da	Fresenius SE
B.L	da	Gas
B.L	da	HeidelbergCement
B.L	da	Henkel
B.L	da	Hydrogen
B.L	da	Industriel gas
B.L	da	Infineon Technologies
B.L	da	Ingeniør
B.L	da	Ingeniørvidenskab
B.L	da	K+S
B.L	da	Kulilte
B.L	da	Lanxess
B.L	da	Linde
B.L	da	Lufthansa
B.L	da	Merck KGaA
B.L	da	Mox-Linde Gases
B.L	da	Munich Re
B.L	da	Museum Autovision
B.L	da	München
B.L	da	Nitrogen
B.L	da	Oxygen
B.L	da	RWE
B.L	da	SAP AG
B.L	da	SIX Swiss Exchange
B.L	da	Siemens AG
B.L	da	Surrey
B.L	da	The BOC Group
B.L	da	ThyssenKrupp
B.L	da	Tyskland
B.L	da	Volkswagen Aktiengesellschaft
B.L	no	1879
B.L	no	21. juni
B.L	no	Aksjeselskap
B.L	no	England
B.L	no	Industrigass
B.L	no	Ingeniørvitenskap
B.L	no	München
B.L	no	Surrey
B.L	no	Tyskland
B.L	pl	1879
B.L	pl	1993
B.L	pl	2000
B.L	pl	2006
B.L	pl	Adidas
B.L	pl	Allianz
B.L	pl	Altlußheim
B.L	pl	BASF
B.L	pl	BMW
B.L	pl	BOC Gazy
B.L	pl	Bayer AG
B.L	pl	Beiersdorf AG
B.L	pl	Branża
B.L	pl	Carl von Linde
B.L	pl	Commerzbank
B.L	pl	DAX
B.L	pl	Daimler AG
B.L	pl	Deutsche Bank
B.L	pl	Deutsche Börse
B.L	pl	Deutsche Post
B.L	pl	Deutsche Telekom
B.L	pl	E.ON
B.L	pl	Formy prawne przedsiębiorstw
B.L	pl	Fresenius
B.L	pl	Fresenius Medical Care
B.L	pl	Gaz techniczny
B.L	pl	Gazy techniczne
B.L	pl	Henkel
B.L	pl	Infineon
B.L	pl	K+S
B.L	pl	Lufthansa
B.L	pl	MAN SE
B.L	pl	Merck KGaA
B.L	pl	Metro Group
B.L	pl	Monachium
B.L	pl	Munich Re
B.L	pl	Museum Autovision
B.L	pl	Niemcy
B.L	pl	Niemcy Zachodnie
B.L	pl	Produkt (marketing)
B.L	pl	Przemysł chemiczny w Polsce
B.L	pl	Pullach im Isartal
B.L	pl	RWE (koncern)
B.L	pl	SAP AG
B.L	pl	Salzgitter AG
B.L	pl	Siedziba (prawo)
B.L	pl	Siemens AG
B.L	pl	Spółka akcyjna
B.L	pl	ThyssenKrupp
B.L	pl	Volkswagen AG
B.L	pl	Wodór
B.L	pl	Zatrudnienie
B.L	pl	Szablon:DAX
B.L	pl	Dyskusja szablonu:DAX
B.L	nl	Adidas
B.L	nl	Air Liquide
B.L	nl	Allianz
B.L	nl	BASF (chemieconcern)
B.L	nl	BMW
B.L	nl	Bayer
B.L	nl	Beiersdorf AG
B.L	nl	Carl von Linde
B.L	nl	Commerzbank
B.L	nl	Continental AG
B.L	nl	DAX-index
B.L	nl	Daimler (Duitsland)
B.L	nl	Deutsche Bank
B.L	nl	Deutsche Börse
B.L	nl	Deutsche Post
B.L	nl	Deutsche Telekom
B.L	nl	E.ON
B.L	nl	Fresenius
B.L	nl	Fresenius Medical Care
B.L	nl	HeidelbergCement
B.L	nl	Henkel KGaA
B.L	nl	Hoek Loos
B.L	nl	Infineon
B.L	nl	K+S
B.L	nl	Lanxess
B.L	nl	Linde Gas Benelux
B.L	nl	Lufthansa
B.L	nl	Merck KGaA
B.L	nl	München
B.L	nl	Münchener Rück
B.L	nl	RWE (energie)
B.L	nl	SAP AG
B.L	nl	Siemens AG
B.L	nl	ThyssenKrupp
B.L	nl	Verenigd Koninkrijk
B.L	nl	Volkswagen AG
B.L	nl	Wikimedia Commons
B.L	nl	Zürich (stad)
B.L	ja	1879年
B.L	ja	2000年
B.L	ja	2006年
B.L	ja	9月
B.L	ja	BASF
B.L	ja	BMW
B.L	ja	BOCグループ
B.L	ja	E.ON
B.L	ja	Euro
B.L	ja	K+S
B.L	ja	RWE
B.L	ja	SAP (企業)
B.L	ja	アディダス
B.L	ja	アリアンツ
B.L	ja	イギリス
B.L	ja	インフィニオン・テクノロジーズ
B.L	ja	カール・フォン・リンデ
B.L	ja	コメルツ銀行
B.L	ja	コンチネンタル (自動車部品製造業)
B.L	ja	シーメンス
B.L	ja	スウェーデン
B.L	ja	ダイムラー (自動車メーカー)
B.L	ja	ティッセンクルップ
B.L	ja	ドイツ
B.L	ja	ドイツテレコム
B.L	ja	ドイツポスト
B.L	ja	ドイツ・ポストバンク
B.L	ja	ドイツ株価指数
B.L	ja	ドイツ証券取引所
B.L	ja	ドイツ銀行
B.L	ja	ハイポ・リアル・エステート
B.L	ja	バイエル (企業)
B.L	ja	フォルクスワーゲングループ
B.L	ja	フランクフルト証券取引所
B.L	ja	フレゼニウス
B.L	ja	ヘンケル
B.L	ja	マン (企業)
B.L	ja	ミュンヘン
B.L	ja	ミュンヘン再保険
B.L	ja	メトロ (小売業)
B.L	ja	メルク (ドイツ)
B.L	ja	リンデ
B.L	ja	ルフトハンザドイツ航空
B.L	ja	化学工業
B.L	ja	工業化学
B.L	ja	株式会社 (ドイツ)
B.L	ja	Template:DAX
B.L	ja	Template‐ノート:DAX
B.L	uk	1878
B.L	uk	1879
B.L	uk	1895
B.L	uk	1903
B.L	uk	2000
B.L	uk	2004
B.L	uk	2006
B.L	uk	2007
B.L	uk	21 червня
B.L	uk	AGA AB
B.L	uk	Carrier Corporation
B.L	uk	The BOC Group
B.L	uk	Інжинірінг
B.L	uk	Азот
B.L	uk	Альтлусхайм
B.L	uk	Аргон
B.L	uk	Ацетилен
B.L	uk	Балон
B.L	uk	Бренд
B.L	uk	Бізнес
B.L	uk	Валовий дохід
B.L	uk	Водень
B.L	uk	Вуглекислий газ
B.L	uk	Газ
B.L	uk	Дніпропетровськ
B.L	uk	Карл фон Лінде
B.L	uk	Кисень
B.L	uk	Київ
B.L	uk	Медичні гази
B.L	uk	Музей Autovision
B.L	uk	Мюнхен
B.L	uk	Німеччина
B.L	uk	Патент
B.L	uk	Повітря
B.L	uk	Продукція
B.L	uk	Промислові гази
B.L	uk	Публічна компанія
B.L	uk	США
B.L	uk	Сайт
B.L	uk	Скраплення
B.L	uk	Чистий прибуток
B.L	uk	Швеція
B.L	uk	Штаб-квартира
B.L	uk	Шаблон:Назва країни Germany
B.L	tr	1871
B.L	tr	1873
B.L	tr	1879
B.L	tr	1891
B.L	tr	1903
B.L	tr	2004
B.L	tr	2006
B.L	tr	2007
B.L	tr	Allianz
B.L	tr	Almanya
B.L	tr	BOC
B.L	tr	Carrier Corporation
B.L	tr	Commerzbank
B.L	tr	DAX
B.L	tr	Deutsche Bank
B.L	tr	Frankfurter Papierbörse
B.L	tr	Münih
B.L	tr	Spaten-Brauerei
B.L	tr	Zürih
B.L	tr	İsviçre
B.L	sv	AGA (gasbolag)
B.L	sv	Adidas
B.L	sv	Air Liquide
B.L	sv	Allianz
B.L	sv	Altlußheim
B.L	sv	BASF
B.L	sv	BMW
B.L	sv	Bayer AG
B.L	sv	Beiersdorf AG
B.L	sv	Carl von Linde
B.L	sv	Commerzbank
B.L	sv	Daimler AG
B.L	sv	Deutsche Bank
B.L	sv	Deutsche Börse
B.L	sv	Deutsche Post
B.L	sv	Deutsche Telekom
B.L	sv	Deutscher Aktienindex
B.L	sv	E.ON
B.L	sv	Euro
B.L	sv	Fresenius
B.L	sv	Fresenius Medical Care
B.L	sv	Hannover Re
B.L	sv	Henkel
B.L	sv	Infineon
B.L	sv	K+S
B.L	sv	Lufthansa
B.L	sv	MAN AG
B.L	sv	Merck KGaA
B.L	sv	Metro AG
B.L	sv	Munich Re
B.L	sv	Museum Autovision
B.L	sv	München
B.L	sv	RWE
B.L	sv	SAP AG
B.L	sv	Siemens AG
B.L	sv	ThyssenKrupp
B.L	sv	Tyskland
B.L	sv	Volkswagen AG
B.L	sv	Mall:DAX
B.L	sv	Malldiskussion:DAX
B.L	ru	1878
B.L	ru	1878 год
B.L	ru	2004 год
B.L	ru	2005 год
B.L	ru	2006 год
B.L	ru	2008 год
B.L	ru	Adidas
B.L	ru	Allianz
B.L	ru	BASF
B.L	ru	BMW
B.L	ru	BOC Group
B.L	ru	Bayer
B.L	ru	Beiersdorf
B.L	ru	Bertrandt
B.L	ru	Commerzbank
B.L	ru	DAX
B.L	ru	Daimler
B.L	ru	Deutsche Bank
B.L	ru	Deutsche Börse
B.L	ru	Deutsche Post AG
B.L	ru	Deutsche Telekom
B.L	ru	E.ON
B.L	ru	Fresenius
B.L	ru	Fresenius SE
B.L	ru	Hannover Re
B.L	ru	Henkel
B.L	ru	K+S
B.L	ru	Lufthansa
B.L	ru	MAN
B.L	ru	Merck KGaA
B.L	ru	Metro AG
B.L	ru	Munich Re
B.L	ru	RWE
B.L	ru	SAP
B.L	ru	Salzgitter AG
B.L	ru	Siemens
B.L	ru	ThyssenKrupp
B.L	ru	Volkswagen Group
B.L	ru	Австралия
B.L	ru	Азия
B.L	ru	Африка
B.L	ru	Ацетилен
B.L	ru	Бавария
B.L	ru	Балашихинский кислородный завод
B.L	ru	Водород
B.L	ru	Водородная заправочная станция
B.L	ru	Водородная энергетика
B.L	ru	Выручка
B.L	ru	Германия
B.L	ru	Евро
B.L	ru	Европа
B.L	ru	Екатеринбург
B.L	ru	Карл фон Линде
B.L	ru	Кислород
B.L	ru	Листинг (экономика)
B.L	ru	Мюнхен
B.L	ru	Операционная прибыль
B.L	ru	Погрузчик
B.L	ru	Публичная компания
B.L	ru	Сайт
B.L	ru	Самарский кислородный завод
B.L	ru	Санкт-Петербург
B.L	ru	Северная Америка
B.L	ru	Франкфуртская фондовая биржа
B.L	ru	Чистая прибыль
B.L	ru	Штабелёр
B.L	ru	Южная Америка
B.L	ru	Юридическое лицо
B.L	ro	2006
B.L	ro	2007
B.L	ro	Carrier Corporation (UTC)
B.L	ro	Euro
B.L	ro	Gaz
B.L	ro	Germania
B.L	ro	ISDN
B.L	ro	München
B.L	ro	Web site
B.L	ro	Wikimedia Commons
B.L	ro	Wikipedia:Articolul ciot perfect
B.L	ro	Wikipedia:Găsește și repară un ciot
B.L	ro	Format:CapCutie
B.L	ro	Discuție Format:CapCutie
B.L	pt	1840
B.L	pt	2006
B.L	pt	Adidas
B.L	pt	Aktiengesellschaft
B.L	pt	Alemanha
B.L	pt	Allianz
B.L	pt	Altlußheim
B.L	pt	BASF
B.L	pt	BMW
B.L	pt	Bayer
B.L	pt	Beiersdorf
B.L	pt	Commerzbank
B.L	pt	Continental AG
B.L	pt	Coordenadas geográficas
B.L	pt	DAX-30
B.L	pt	Daimler AG
B.L	pt	Deutsche Bank
B.L	pt	Deutsche Börse
B.L	pt	Deutsche Post
B.L	pt	Deutsche Telekom
B.L	pt	E.ON
B.L	pt	Empresa
B.L	pt	Fresenius
B.L	pt	Fresenius Medical Care
B.L	pt	Grupo Volkswagen
B.L	pt	HeidelbergCement
B.L	pt	Henkel
B.L	pt	Infineon Technologies
B.L	pt	K+S
B.L	pt	Lufthansa
B.L	pt	MAN SE
B.L	pt	METRO AG
B.L	pt	Merck KGaA
B.L	pt	Munich Re
B.L	pt	Museum Autovision
B.L	pt	RWE
B.L	pt	SAP AG
B.L	pt	Siemens AG
B.L	pt	The BOC Group
B.L	pt	The Linde Group
B.L	pt	ThyssenKrupp
B.L	pt	Wikipédia:Esboço
B.L	pt	Predefinição:DAX
CN	de	Linde_AG
IWL	fr	Linde AG
IWL	fa	لینده
IWL	en	The Linde Group
IWL	es	The Linde Group
IWL	da	Linde AG
IWL	no	Linde AG
IWL	pl	Linde AG
IWL	nl	Linde AG
IWL	ja	リンデグループ
IWL	uk	Лінде
IWL	tr	Linde AG
IWL	sv	Linde AG
IWL	ru	The Linde Group
IWL	ro	Linde AG
IWL	pt	Linde AG
