A.L	de	Barnewitz
A.L	de	Borne Sulinowo
A.L	de	Bronckhorst
A.L	de	Deventer
A.L	de	Dłusko Gryfiński
A.L	de	Linde (Drenthe)
A.L	de	Linde (Familienname)
A.L	de	Linde (Heraldik)
A.L	de	Linde (Hückeswagen)
A.L	de	Linde (Lena)
A.L	de	Linde (Lindlar)
A.L	de	Linde (Löwenberger Land)
A.L	de	Linde (Nümbrecht)
A.L	de	Linde (Radevormwald)
A.L	de	Linde (Tollense)
A.L	de	Linde (Wuppertal)
A.L	de	Linde AG
A.L	de	Linde Hydraulics
A.L	de	Linde Material Handling
A.L	de	Linde Verlag
A.L	de	Linden (Botanik)
A.L	de	Linia (Powiat Wejherowski)
A.L	de	Lipka (Dolice)
A.L	de	Lipka (Powiat Złotowski)
A.L	de	Lynde
A.L	de	Lípa nad Dřevnicí
A.L	de	Michailowka (Kaliningrad, Prawdinsk)
A.L	de	Schwalmtal (Niederrhein)
A.L	de	Twenterand
A.L	de	Wiele (Barwice)
A.L	de	Wikipedia:Begriffsklärung
B.L	fr	Allemagne
B.L	fr	Anders Bo Leif Linde
B.L	fr	Andrei Linde
B.L	fr	Antonius van der Linde
B.L	fr	Bronckhorst
B.L	fr	Carl von Linde
B.L	fr	Commune de Gotland
B.L	fr	De Wolden
B.L	fr	Dennis Linde
B.L	fr	Deventer
B.L	fr	Edward Linde-Lubaszenko
B.L	fr	Fenwick-Linde
B.L	fr	Gunnel Linde
B.L	fr	Hans-Martin Linde
B.L	fr	Hans A. Linde
B.L	fr	Heinrich Eduard Linde-Walther
B.L	fr	Horst Linde
B.L	fr	Hubert Linde
B.L	fr	Justin von Linde
B.L	fr	Lena
B.L	fr	Linda
B.L	fr	Linde (Den Ham)
B.L	fr	Linde (Deventer)
B.L	fr	Linde (Drenthe)
B.L	fr	Linde (Gueldre)
B.L	fr	Linde (Pays-Bas)
B.L	fr	Linde (commune de Gotland)
B.L	fr	Linde AG
B.L	fr	Lindia
B.L	fr	Lindt
B.L	fr	Max Linde
B.L	fr	Mecklembourg-Poméranie-Occidentale
B.L	fr	Pays-Bas
B.L	fr	Russie
B.L	fr	République de Sakha
B.L	fr	Samuel Bogumił Linde
B.L	fr	Sieglinde
B.L	fr	Suède
B.L	fr	Tollense
B.L	fr	Twenterand
B.L	fr	Vienne (Autriche)
B.L	fr	Aide:Homonymie
B.L	eo	Administra distrikto Emme-Valo
B.L	eo	Carl von Linde
B.L	eo	Germana lingvo
B.L	eo	Kantono Berno
B.L	eo	Linde (Svedio)
B.L	eo	Linde (Utzenstof)
B.L	eo	Linde (firmao)
B.L	eo	Linde (rivero)
B.L	eo	Linden
B.L	eo	Lindi (apartigilo)
B.L	eo	Sam Jansson
B.L	eo	Svislando
B.L	eo	Tilio
B.L	eo	Utzenstorf
B.L	eo	Vikipedio:Apartigiloj
B.L	en	Andrei Linde
B.L	en	Bo Linde
B.L	en	Carl von Linde
B.L	en	Dennis Linde
B.L	en	German language
B.L	en	Hans-Martin Linde
B.L	en	Hans A. Linde
B.L	en	Johan Linde
B.L	en	Lena River
B.L	en	Lind (disambiguation)
B.L	en	Linde (Deventer)
B.L	en	Linde (Drenthe)
B.L	en	Linde (Friesland)
B.L	en	Linde (Gelderland)
B.L	en	Linde (Lena)
B.L	en	Linde (Twenterand)
B.L	en	Lindeman
B.L	en	Lindemann
B.L	en	Lindesberg Municipality
B.L	en	Linde–Buzo–Gray algorithm
B.L	en	Lindner
B.L	en	Lipka, Złotów County
B.L	en	Mercedes-Benz Championship (European Tour)
B.L	en	Mikko Lindström
B.L	en	The Linde Group
B.L	en	Tilia
B.L	en	Weststellingswerf
B.L	en	Help:Disambiguation
B.L	es	Campo de estudio
B.L	es	Conocimiento
B.L	es	Frontera
B.L	es	Imaginación
B.L	es	Limes
B.L	es	Mikko Lindström
B.L	es	Parcela
B.L	es	Problema de la demarcación
B.L	es	The Linde Group
B.L	es	Wikipedia:Ambigüedad en títulos
B.L	es	Wikipedia:Manual de estilo/páginas de desambiguación
B.L	da	Asp Sogn
B.L	da	Linde (Randers Kommune)
B.L	da	Linde (Struer Kommune)
B.L	da	Linde (adelsslægt)
B.L	da	Linde AG
B.L	da	Linde Sogn
B.L	pl	Carl von Linde
B.L	pl	Edward Linde-Lubaszenko
B.L	pl	Gabriel Arvesen Linde
B.L	pl	Hanna Poznańska-Linde
B.L	pl	Heidi Linde
B.L	pl	Horst Linde
B.L	pl	Hubert Linde
B.L	pl	Ireneusz Linde
B.L	pl	Lena
B.L	pl	Linde (dopływ Leny)
B.L	pl	Linde (dopływ Tollense)
B.L	pl	Linde AG
B.L	pl	Lorens von der Linde
B.L	pl	Mieczysław Linde
B.L	pl	Samuel Linde
B.L	pl	Tollense
B.L	pl	Wikipedia:Strona ujednoznaczniająca
B.L	nl	Linde (Bronckhorst)
B.L	nl	Linde (De Wolden)
B.L	nl	Linde (Deventer)
B.L	nl	Linde (Frankrijk)
B.L	nl	Linde (Gotland)
B.L	nl	Linde (Letland)
B.L	nl	Linde (Peer)
B.L	nl	Linde (Struer)
B.L	nl	Linde (Twenterand)
B.L	nl	Linde (geslacht)
B.L	nl	Linde (parochie)
B.L	nl	Linde (rivier)
B.L	nl	Linde (voornaam)
B.L	nl	Linde AG
B.L	nl	Mikko Lindström
B.L	nl	Wikipedia:Doorverwijspagina
B.L	nds-nl	Daeventer
B.L	nds-nl	Lende
B.L	nds-nl	Linde (Bronckhorst)
B.L	nds-nl	Linde (Daeventer)
B.L	nds-nl	Linde (De Wolden)
B.L	nds-nl	Linde (Frankriek)
B.L	nds-nl	Linde (Tweanteraand)
B.L	nds-nl	Linde (veurnaam)
B.L	nds-nl	Lindeboom
B.L	it	Andrej Dmitrievič Linde
B.L	it	Azienda
B.L	it	Carl von Linde
B.L	it	Cognome
B.L	it	Linda
B.L	it	Linde (fiume)
B.L	it	Linde AG
B.L	it	Lingua tedesca
B.L	it	Lipka
B.L	it	Processo Linde
B.L	it	Aiuto:Disambigua
B.L	it	Aiuto:Voce
B.L	it	Aiuto:Wikilink
B.L	sv	Linde, Gotlands kommun
B.L	sv	Linde, Stockholm
B.L	sv	Linde (namn)
B.L	sv	Linde AG
B.L	sv	Linde församling, Västerås stift
B.L	sv	Linde landskommun, Västmanland
B.L	sv	Lindesbergs socken
B.L	sv	Wikipedia:Förgreningssida
B.L	sv	Wikipedia:Wikilänkar
B.L	ru	HIM
B.L	ru	Linde
B.L	ru	Линде, Андрей Дмитриевич
B.L	ru	Линде, Самуил Богумил
B.L	ru	Линде, Фёдор Фёдорович
B.L	ru	Линде (река)
B.L	ru	Линдстрём, Микко
B.L	ru	Википедия:Неоднозначность
B.L	ru	Википедия:Статья
B.L	ru	Википедия:Толкование ссылок
CN	de	Linde
IWL	fr	Linde
IWL	eo	Linde
IWL	en	Linde
IWL	es	Linde
IWL	da	Linde
IWL	pl	Linde
IWL	nl	Linde
IWL	nds-nl	Linde
IWL	it	Linde
IWL	sv	Linde
IWL	ru	Линде
