A.L	de	AEG
A.L	de	Aareal Bank
A.L	de	Adidas
A.L	de	Adtranz
A.L	de	AfE-Turm
A.L	de	Allianz AG
A.L	de	Allianz SE
A.L	de	Alliierte
A.L	de	Altana
A.L	de	Anleger (Finanzmarkt)
A.L	de	Anton von Rieppel
A.L	de	Ariane (Rakete)
A.L	de	Atlantic Richfield Company
A.L	de	Audi
A.L	de	Audi BKK
A.L	de	Aufrüstung der Wehrmacht
A.L	de	Aufsichtsratsvorsitzender
A.L	de	Augsburg
A.L	de	Aurubis
A.L	de	AutoMuseum Volkswagen
A.L	de	AutoUni Wolfsburg
A.L	de	Auto 5000
A.L	de	Autostadt
A.L	de	Axel Springer AG
A.L	de	BASF
A.L	de	BMW
A.L	de	Babcock Borsig
A.L	de	BayWa
A.L	de	Bayer AG
A.L	de	Bayerische Hypotheken- und Wechsel-Bank
A.L	de	Bayerische Vereinsbank
A.L	de	Beiersdorf AG
A.L	de	Beiwagen (Straßenbahn)
A.L	de	Bentley
A.L	de	Bilanzsumme
A.L	de	Bilfinger (Unternehmen)
A.L	de	Bombardier Transportation
A.L	de	Booster (Raketenantrieb)
A.L	de	Brasilien
A.L	de	Braunschweiger Löwe
A.L	de	Brenntag
A.L	de	Buchdruck
A.L	de	Bugatti Automobiles
A.L	de	Burmeister & Wain
A.L	de	Büssing AG
A.L	de	Carl August Reichenbach
A.L	de	Celesio
A.L	de	Commerzbank
A.L	de	Continental AG
A.L	de	DAX
A.L	de	DR-Baureihe ET 25
A.L	de	DR 137 901 bis 903
A.L	de	Daimler AG
A.L	de	Deutsch-Amerikanische Petroleum Gesellschaft
A.L	de	Deutsche Bank
A.L	de	Deutsche Bundesbahn
A.L	de	Deutsche Börse
A.L	de	Deutsche EuroShop
A.L	de	Deutsche Post AG
A.L	de	Deutsche Reichsbahn (1920–1945)
A.L	de	Deutsche Telekom
A.L	de	Deutsche Werft
A.L	de	Deutsche Wohnen
A.L	de	Deutsches Reich 1933 bis 1945
A.L	de	Deutschland
A.L	de	Dieselmotor
A.L	de	Dresdner Bank
A.L	de	Dresdner Verkehrsbetriebe
A.L	de	Druckmaschine
A.L	de	Ducati
A.L	de	Dürr AG
A.L	de	E.ON
A.L	de	EADS
A.L	de	ERF (Lkw)
A.L	de	Eisengießerei Klett & Comp.
A.L	de	ElringKlinger
A.L	de	Epcos
A.L	de	Erlös
A.L	de	Erster Weltkrieg
A.L	de	Euro
A.L	de	Europäische Gesellschaft
A.L	de	Europäische Kommission
A.L	de	Evonik Degussa
A.L	de	Faber & Schleicher
A.L	de	Familie Wallenberg
A.L	de	Feldmühle (Unternehmen)
A.L	de	Ferdinand Piëch
A.L	de	Ferrostaal
A.L	de	Fielmann
A.L	de	Force Motors
A.L	de	Franz Haniel & Cie. GmbH
A.L	de	Fraport
A.L	de	Fresenius (Unternehmen)
A.L	de	Fresenius Medical Care
A.L	de	Fuchs Petrolub
A.L	de	GAGFAH
A.L	de	GEA Group
A.L	de	GSW Immobilien
A.L	de	Georg Pachta-Reyhofen
A.L	de	Gerresheimer
A.L	de	Gerry Weber
A.L	de	Getriebe
A.L	de	Gewinn
A.L	de	Gildemeister AG
A.L	de	Gläserne Manufaktur
A.L	de	Großhesseloher Brücke
A.L	de	Gräf & Stift
A.L	de	Gründung (Recht)
A.L	de	Gutehoffnungshütte
A.L	de	Halbinsel Kertsch
A.L	de	Hamburger Hafen und Logistik
A.L	de	Hannover Rück
A.L	de	HeidelbergCement
A.L	de	Heinrich von Buz
A.L	de	Henkel (Unternehmen)
A.L	de	Henninger Turm
A.L	de	Hochregallager
A.L	de	Hochtief
A.L	de	Hoechst
A.L	de	Hugo Boss
A.L	de	Hypo Real Estate
A.L	de	Håkan Samuelsson
A.L	de	ICE 3
A.L	de	Infineon
A.L	de	International Securities Identification Number
A.L	de	Iran
A.L	de	Islamische Republik
A.L	de	Jinhua Youngman Vehicle
A.L	de	Joint-Venture
A.L	de	K+S
A.L	de	KUKA AG
A.L	de	Kabel Deutschland
A.L	de	KaiLi
A.L	de	Kardex
A.L	de	Karstadt
A.L	de	Kirnitzschtalbahn
A.L	de	Klaus Götte
A.L	de	Klöckner & Co
A.L	de	Konkurrenzfähigkeit
A.L	de	Koordination
A.L	de	Krones AG
A.L	de	Lamborghini
A.L	de	Landtechnik
A.L	de	Lanxess
A.L	de	Leoni AG
A.L	de	Linde AG
A.L	de	Logo (Unternehmen)
A.L	de	Ludwig Sander
A.L	de	Luftangriffe auf Augsburg
A.L	de	Luftangriffe auf Nürnberg
A.L	de	Lufthansa
A.L	de	MAN-Schienenbus
A.L	de	MAN Ackerdiesel
A.L	de	MAN DWE
A.L	de	MAN Diesel
A.L	de	MAN Diesel & Turbo
A.L	de	MAN Heiztechnik
A.L	de	MAN Latin America
A.L	de	MAN SE
A.L	de	MAN Truck & Bus
A.L	de	MAN Turbo
A.L	de	MDAX
A.L	de	MHG Heiztechnik
A.L	de	MLP AG
A.L	de	MTU Aero Engines
A.L	de	MT Aerospace
A.L	de	Man
A.L	de	Management-Buy-out
A.L	de	Manfred Lennings
A.L	de	Mannesmann
A.L	de	Manroland
A.L	de	Marktkapitalisierung
A.L	de	Maschinenbau
A.L	de	Merck KGaA
A.L	de	Metro AG
A.L	de	Mitarbeiter
A.L	de	Montanindustrie
A.L	de	Munich Re
A.L	de	München
A.L	de	Müngstener Brücke
A.L	de	Namibia
A.L	de	Neoplan
A.L	de	Neuenstadt am Kocher
A.L	de	Nixdorf Computer
A.L	de	Norma Group
A.L	de	Nutzfahrzeug
A.L	de	Nürnberg
A.L	de	Oberhausen
A.L	de	Oelhag
A.L	de	Orderbuchumsatz
A.L	de	Original Teile Center
A.L	de	Panzerkampfwagen V Panther
A.L	de	Paul Reusch
A.L	de	Porsche
A.L	de	Porsche Traktor
A.L	de	Postbank
A.L	de	Preussag
A.L	de	ProSiebenSat.1 Media
A.L	de	Puma (Unternehmen)
A.L	de	RWE
A.L	de	Rational AG
A.L	de	Rechtsform
A.L	de	Renault
A.L	de	Renk AG
A.L	de	Rheinmetall
A.L	de	Rheinmetall MAN Military Vehicles
A.L	de	Rhenania-Ossag
A.L	de	Rhön-Klinikum
A.L	de	Rudolf Diesel
A.L	de	Ruhrbesetzung
A.L	de	Ruhrgebiet
A.L	de	SAP
A.L	de	SGL Carbon
A.L	de	SMS GmbH
A.L	de	Salzgitter AG
A.L	de	Scania
A.L	de	Scania AB
A.L	de	Schwäbische Hüttenwerke
A.L	de	Seat
A.L	de	Siemens
A.L	de	Sinotruk
A.L	de	Sitz (juristische Person)
A.L	de	Sky Deutschland
A.L	de	St.-Antony-Hütte
A.L	de	Stada Arzneimittel
A.L	de	Stadthaus (Bonn)
A.L	de	Stammaktie
A.L	de	Star Trucks
A.L	de	Steyr Daimler Puch
A.L	de	Straßenbahn Bremen
A.L	de	Straßenbahn Plauen
A.L	de	Straßenbahnmuseum Halle
A.L	de	Streubesitz
A.L	de	Sulzer AG
A.L	de	Suzuki
A.L	de	Symrise
A.L	de	Südzucker
A.L	de	TAG Immobilien
A.L	de	TUI
A.L	de	Talanx
A.L	de	Tantos
A.L	de	ThyssenKrupp
A.L	de	Traktor
A.L	de	U-Bahn Nürnberg
A.L	de	Uerdinger Schienenbus
A.L	de	Unternehmensführung
A.L	de	VAG-Baureihe DT1
A.L	de	VEBA
A.L	de	VIAG
A.L	de	VW AG
A.L	de	Volksrepublik China
A.L	de	Volkswagen
A.L	de	Volkswagen AG
A.L	de	Volkswagen Air Service
A.L	de	Volkswagen Bank
A.L	de	Volkswagen Coaching
A.L	de	Volkswagen Financial Services
A.L	de	Volkswagen Immobilien
A.L	de	Volkswagen Logistics
A.L	de	Volkswagen Nutzfahrzeuge
A.L	de	Volkswagen Original Teile Logistik
A.L	de	Volkswagen R
A.L	de	Volkswagen Sachsen
A.L	de	Volkswagen Trucks and Buses
A.L	de	Vorstandsvorsitzender
A.L	de	Vorzugsaktie
A.L	de	Wacker Chemie
A.L	de	Wagner Hochdruck-Dampfturbinen
A.L	de	Website
A.L	de	Weimarer Republik
A.L	de	Weltmarkt
A.L	de	Weltwirtschaftskrise
A.L	de	Wertpapiererwerbs- und Übernahmegesetz
A.L	de	Wincor Nixdorf
A.L	de	Wirtschaftszweig
A.L	de	Wolffkran
A.L	de	Wuppertaler Schwebebahn
A.L	de	Zweiter Weltkrieg
A.L	de	Öffentlicher Personennahverkehr
A.L	de	Ölkrise
A.L	de	Škoda Auto
A.L	de	Vorlage:Commonscat/WikiData/Difference
B.L	fi	1758
B.L	fi	1897
B.L	fi	Adidas
B.L	fi	Allianz
B.L	fi	Ariane 1
B.L	fi	Ariane 5
B.L	fi	Audi
B.L	fi	Auto Union
B.L	fi	BASF
B.L	fi	BMW
B.L	fi	Bayer
B.L	fi	Beiersdorf
B.L	fi	Bentley
B.L	fi	Bugatti
B.L	fi	Commerzbank
B.L	fi	DAX-indeksi
B.L	fi	DKW
B.L	fi	Daimler
B.L	fi	Deutsche Bank
B.L	fi	Deutsche Börse
B.L	fi	Deutsche Post
B.L	fi	Deutsche Telekom
B.L	fi	Dieselmoottori
B.L	fi	E.ON
B.L	fi	Eurooppayhtiö
B.L	fi	Ferdinand Piëch
B.L	fi	Frankfurtin pörssi
B.L	fi	Fresenius
B.L	fi	Fresenius Medical Care
B.L	fi	Georg Pachta-Reyhofen
B.L	fi	Hannover Re
B.L	fi	Henkel
B.L	fi	History of Volkswagen in Ireland
B.L	fi	Horch
B.L	fi	Höyryturbiini
B.L	fi	IAV
B.L	fi	K+S
B.L	fi	Kaksitahtimoottori
B.L	fi	Konekesko
B.L	fi	Kuorma-auto
B.L	fi	Lamborghini
B.L	fi	Liikevaihto
B.L	fi	Linde
B.L	fi	Linja-auto
B.L	fi	Lufthansa
B.L	fi	METRO AG
B.L	fi	Merck KGaA
B.L	fi	Munich Re
B.L	fi	München
B.L	fi	NSU
B.L	fi	Nelitahtimoottori
B.L	fi	OHB
B.L	fi	Osake
B.L	fi	Porsche
B.L	fi	Quattro GmbH
B.L	fi	RWE
B.L	fi	Rudolf Diesel
B.L	fi	SAP (yritys)
B.L	fi	SEAT
B.L	fi	Saksa
B.L	fi	Salzgitter (yritys)
B.L	fi	Scania
B.L	fi	Siemens
B.L	fi	ThyssenKrupp
B.L	fi	Toimitusjohtaja
B.L	fi	VW Electronics Research Laboratory
B.L	fi	Volkswagen
B.L	fi	Volkswagen Commercial Vehicles
B.L	fi	Volkswagen Group
B.L	fi	Volkswagen Group China
B.L	fi	Volkswagen Group India
B.L	fi	Volkswagen Group of America
B.L	fi	Volkswagen do Brasil
B.L	fi	Wanderer (yritys)
B.L	fi	Wikimedia Commons
B.L	fi	Yhtiömuoto
B.L	fi	Škoda Auto
B.L	fi	Wikipedia:Merkitse lähteet
B.L	fr	1758
B.L	fr	1782
B.L	fr	1873
B.L	fr	1897
B.L	fr	1898
B.L	fr	1908
B.L	fr	1986
B.L	fr	2008
B.L	fr	Aareal Bank
B.L	fr	Acceleration Slip Regulation
B.L	fr	Action (finance)
B.L	fr	Afrique
B.L	fr	Afrique du Sud
B.L	fr	Aktiengesellschaft
B.L	fr	Allemagne
B.L	fr	Allianz
B.L	fr	Amérique Latine
B.L	fr	Années 1990
B.L	fr	Antiblockiersystem
B.L	fr	Ashok Leyland
B.L	fr	Asie
B.L	fr	Astra SpA
B.L	fr	Audi
B.L	fr	Augsbourg
B.L	fr	Aurubis
B.L	fr	Autobus
B.L	fr	Autriche
B.L	fr	Axel Springer Verlag
B.L	fr	BGM-109G Gryphon
B.L	fr	BTP
B.L	fr	Bavière
B.L	fr	BayWa
B.L	fr	Bentley Motors
B.L	fr	Berlin
B.L	fr	BharatBenz
B.L	fr	Biens et services marchands
B.L	fr	Bilfinger Berger
B.L	fr	Biélorussie
B.L	fr	Bourse de Francfort
B.L	fr	Braunschweig
B.L	fr	Brenntag
B.L	fr	Brésil
B.L	fr	Bugatti
B.L	fr	Cabine
B.L	fr	Camion
B.L	fr	Camions
B.L	fr	Capot (véhicule)
B.L	fr	Celesio
B.L	fr	Championnat d'Europe : Course de camions
B.L	fr	Chaîne (mécanique)
B.L	fr	Chef d'entreprise
B.L	fr	Chevaux
B.L	fr	Chevrolet
B.L	fr	Chiffre d'affaires
B.L	fr	Chine
B.L	fr	Coentreprise
B.L	fr	Constructeur
B.L	fr	Copenhague
B.L	fr	Cylindre
B.L	fr	DAC
B.L	fr	DAF (entreprise)
B.L	fr	DAX
B.L	fr	Daimler (entreprise)
B.L	fr	Danemark
B.L	fr	Deutsche EuroShop
B.L	fr	Deutsche Wohnen
B.L	fr	Deutz AG
B.L	fr	Dodge
B.L	fr	Dongfeng Motor Corporation
B.L	fr	Douglas Holding
B.L	fr	Ducati
B.L	fr	Dürr AG
B.L	fr	Eicher (Fabricant)
B.L	fr	ElringKlinger AG
B.L	fr	Empattement (véhicule)
B.L	fr	Entreprise nationale des véhicules industriels
B.L	fr	Essence (hydrocarbure)
B.L	fr	Essieux
B.L	fr	Euro
B.L	fr	Europe
B.L	fr	European Aeronautic Defence and Space Company
B.L	fr	EvoBus
B.L	fr	Famille Wallenberg
B.L	fr	Fiat Group
B.L	fr	Fiat V.I.
B.L	fr	Fielmann
B.L	fr	Filiale
B.L	fr	Ford
B.L	fr	France
B.L	fr	Fraport
B.L	fr	Freightliner LLC
B.L	fr	Frein
B.L	fr	Fuchs Petrolub
B.L	fr	GAGFAH
B.L	fr	GAZ (entreprise)
B.L	fr	GEA Group
B.L	fr	GMC
B.L	fr	GM Daewoo
B.L	fr	GSW Immobilien AG
B.L	fr	General Motors
B.L	fr	Gerresheimer
B.L	fr	Gerry Weber
B.L	fr	Gildemeister (entreprise)
B.L	fr	Györ
B.L	fr	Génératrice
B.L	fr	Hamburger Hafen und Logistik
B.L	fr	Hannover Re
B.L	fr	Heuliez Bus
B.L	fr	Hino Motors
B.L	fr	Hochtief
B.L	fr	Holding
B.L	fr	Hong Kong
B.L	fr	Hongrie
B.L	fr	Hongyan
B.L	fr	Hugo Boss
B.L	fr	Hybride
B.L	fr	Hyundai
B.L	fr	Hyundai Motor
B.L	fr	ISIN
B.L	fr	IVECO
B.L	fr	Imprimerie
B.L	fr	Inde
B.L	fr	Injection (moteur)
B.L	fr	International trucks
B.L	fr	Irisbus
B.L	fr	Isuzu
B.L	fr	Iveco Bus
B.L	fr	KUKA
B.L	fr	Kabel Deutschland AG
B.L	fr	KamAZ
B.L	fr	Karosa
B.L	fr	Kenworth
B.L	fr	Klöckner
B.L	fr	Krones
B.L	fr	Lamborghini
B.L	fr	Leoni
B.L	fr	Leyland
B.L	fr	Lindau
B.L	fr	Litre
B.L	fr	MAN Lion's City
B.L	fr	MAN Lion's Regio
B.L	fr	MAZ
B.L	fr	MDAX
B.L	fr	MTU Aero Engines
B.L	fr	MTU Friedrichshafen
B.L	fr	Machine
B.L	fr	Mack Trucks
B.L	fr	Man
B.L	fr	Mercedes-Benz
B.L	fr	Metro AG
B.L	fr	Mexique
B.L	fr	Minsk
B.L	fr	Mitsubishi Fuso Truck and Bus Corporation
B.L	fr	Moteur Diesel
B.L	fr	Moteur deux temps
B.L	fr	Moteur quatre temps
B.L	fr	Moteurs Diesel
B.L	fr	Moteurs diesel
B.L	fr	Munich
B.L	fr	Mètre
B.L	fr	Navistar International
B.L	fr	Neoplan
B.L	fr	New Flyer
B.L	fr	Nova Bus
B.L	fr	Nuremberg
B.L	fr	Offre publique d'achat
B.L	fr	Opel
B.L	fr	Orion International
B.L	fr	PTAC
B.L	fr	PTRA
B.L	fr	Paccar
B.L	fr	Panzerkampfwagen V Panther
B.L	fr	Peterbilt
B.L	fr	Pologne
B.L	fr	Porsche
B.L	fr	Porteur
B.L	fr	ProSiebenSat.1 Media
B.L	fr	Production d'électricité
B.L	fr	Prévost Car
B.L	fr	Puma (équipementier)
B.L	fr	Rallye Dakar
B.L	fr	Rapport
B.L	fr	Rational AG
B.L	fr	Remorque
B.L	fr	Renault Trucks
B.L	fr	Rheinmetall
B.L	fr	Rhön-Klinikum
B.L	fr	Roumanie
B.L	fr	Royaume-Uni
B.L	fr	Rudolf Diesel
B.L	fr	Russie
B.L	fr	République populaire de Chine
B.L	fr	Résultat net
B.L	fr	SGL Carbon
B.L	fr	Saint-Nazaire
B.L	fr	Salzgitter AG
B.L	fr	Saurer
B.L	fr	Saviem
B.L	fr	Scania
B.L	fr	Seat
B.L	fr	Seconde Guerre mondiale
B.L	fr	Secteur d'activité
B.L	fr	Semi-remorque
B.L	fr	Setra
B.L	fr	Sinotruk
B.L	fr	Site web
B.L	fr	Siège social
B.L	fr	Sky Deutschland
B.L	fr	Slogan publicitaire
B.L	fr	Societas Europaea
B.L	fr	Société européenne
B.L	fr	Solaris Bus & Coach
B.L	fr	Solbus
B.L	fr	Stada Arzneimittel
B.L	fr	Sterling Trucks
B.L	fr	Steyr (entreprise)
B.L	fr	Suisse
B.L	fr	Suède
B.L	fr	Symrise
B.L	fr	São Paulo
B.L	fr	Södertälje
B.L	fr	Südzucker
B.L	fr	T-34
B.L	fr	TAG Immobilien
B.L	fr	TUI
B.L	fr	Tata Daewoo Commercial Vehicle
B.L	fr	Tata Group
B.L	fr	Tata Hispano
B.L	fr	Tata Motors
B.L	fr	Tatra (entreprise)
B.L	fr	Tognum
B.L	fr	Tonne (unité)
B.L	fr	Toyota (entreprise)
B.L	fr	Tracteur
B.L	fr	Transmission (mécanique)
B.L	fr	Turbine à vapeur
B.L	fr	Turbines à vapeur
B.L	fr	Turbocompresseur
B.L	fr	Turquie
B.L	fr	UD Trucks
B.L	fr	Unimog
B.L	fr	UralAZ
B.L	fr	Van Hool
B.L	fr	Vienne (Autriche)
B.L	fr	Villepinte (Seine-Saint-Denis)
B.L	fr	Vitesse
B.L	fr	Volkswagen
B.L	fr	Volkswagen (entreprise)
B.L	fr	Volkswagen AG
B.L	fr	Volkswagen Nutzfahrzeuge
B.L	fr	Volvo
B.L	fr	Vossloh
B.L	fr	Véhicule
B.L	fr	Wacker Chemie
B.L	fr	Wehrmacht
B.L	fr	Western Star
B.L	fr	Wincor Nixdorf
B.L	fr	Zavod Imeni Likhacheva
B.L	fr	Énergie pneumatique
B.L	fr	Équipe cycliste
B.L	fr	Évry
B.L	fr	ÖAF
B.L	fr	Škoda Auto
B.L	fr	Modèle:Country data Allemagne
B.L	fr	Modèle:Country data Belgique
B.L	fr	Modèle:Country data Canada
B.L	fr	Modèle:Country data Corée du Sud
B.L	fr	Modèle:Country data Inde
B.L	fr	Modèle:Country data Italie
B.L	fr	Modèle:Country data Japon
B.L	fr	Modèle:Country data Pologne
B.L	fr	Modèle:Country data Russie
B.L	fr	Modèle:Country data Suède
B.L	fr	Modèle:Country data États-Unis
B.L	fr	Modèle:Infobox Société
B.L	fr	Modèle:Palette Constructeurs autobus
B.L	fr	Modèle:Palette Constructeurs camions
B.L	fr	Modèle:Palette Groupe Volkswagen
B.L	fr	Modèle:Palette Mid Cap DAX (MDAX)
B.L	fr	Discussion modèle:Palette Constructeurs autobus
B.L	fr	Discussion modèle:Palette Constructeurs camions
B.L	fr	Discussion modèle:Palette Groupe Volkswagen
B.L	fr	Discussion modèle:Palette Mid Cap DAX (MDAX)
B.L	fr	Aide:Homonymie
B.L	fr	Catégorie:Entreprise par date de fondation
B.L	fr	Catégorie:Forme juridique des entreprises
B.L	fr	Catégorie:Portail:Allemagne/Articles liés
B.L	fr	Catégorie:Portail:Camion/Articles liés
B.L	fr	Catégorie:Portail:Entreprises/Articles liés
B.L	fr	Catégorie:Portail:Munich/Articles liés
B.L	fr	Catégorie:Portail:Transports en commun/Articles liés
B.L	fr	Portail:Allemagne
B.L	fr	Portail:Camion
B.L	fr	Portail:Entreprises
B.L	fr	Portail:Munich
B.L	fr	Portail:Transports en commun
B.L	he	1758
B.L	he	1840
B.L	he	1893
B.L	he	1897
B.L	he	1924
B.L	he	1929
B.L	he	1971
B.L	he	1986
B.L	he	2006
B.L	he	2008
B.L	he	MAN EL
B.L	he	MAN NG
B.L	he	MAN NL
B.L	he	MAN SG
B.L	he	MAN SL
B.L	he	MAN SR
B.L	he	MAN SU
B.L	he	אוברהאוזן
B.L	he	אירו
B.L	he	אירופה
B.L	he	באסינג
B.L	he	בעלות הברית
B.L	he	ברלין
B.L	he	גרמניה
B.L	he	גרמנית
B.L	he	דן חברה לתחבורה ציבורית
B.L	he	הארגז
B.L	he	ויקישיתוף
B.L	he	חבל הרוהר
B.L	he	ישראל
B.L	he	מינכן
B.L	he	מלחמת העולם השנייה
B.L	he	מנוע דיזל
B.L	he	מרכבים
B.L	he	סקאניה (חברה)
B.L	he	צה"ל
B.L	he	קרן ויקימדיה
B.L	he	שבדיה
B.L	fa	آئودی
B.L	fa	آدیداس
B.L	fa	آرو
B.L	fa	آریل (خودرو)
B.L	fa	آسکاری
B.L	fa	آسیا
B.L	fa	آلفا رومئو
B.L	fa	آلمان
B.L	fa	آلیانتس
B.L	fa	آمریکای شمالی
B.L	fa	آنادول
B.L	fa	آوتوواز
B.L	fa	ا.آن
B.L	fa	اتوبوس
B.L	fa	ار وه ئه
B.L	fa	اروپا
B.L	fa	اس آ پ
B.L	fa	استون مارتین
B.L	fa	اسمارت
B.L	fa	اسکانیا
B.L	fa	اشکودا
B.L	fa	اقیانوسیه
B.L	fa	ام‌جی کارز
B.L	fa	اواز
B.L	fa	اولدزموبیل
B.L	fa	اپترا موتورز
B.L	fa	اکیورا
B.L	fa	ایالات متحده
B.L	fa	ایران خودرو
B.L	fa	ایسوزو
B.L	fa	ایشیا موتورز
B.L	fa	اینفینئون
B.L	fa	اینفینیتی
B.L	fa	ایوکو
B.L	fa	ب آ اس اف
B.L	fa	ب ام و
B.L	fa	بایر (شرکت)
B.L	fa	بایرسدورف
B.L	fa	بایرن
B.L	fa	بریتیش لیلاند
B.L	fa	بریلیانس
B.L	fa	بنتلی
B.L	fa	بوگاتی
B.L	fa	بیوک
B.L	fa	بی‌ام‌سی
B.L	fa	بی‌ام‌سی (ترکیه)
B.L	fa	بی‌وای‌دی خودرو
B.L	fa	تاتا موتورز
B.L	fa	ترکیه
B.L	fa	تسلا موتورز
B.L	fa	توفاش
B.L	fa	تویوتا
B.L	fa	تیسن‌کروپ
B.L	fa	جگوار (خودرو)
B.L	fa	جیلی
B.L	fa	جیپ
B.L	fa	جی‌ام کره
B.L	fa	جی‌ام‌سی
B.L	fa	جی‌ای‌سی
B.L	fa	داتسون
B.L	fa	داف تراکس
B.L	fa	داچیا
B.L	fa	دایملر آ گ
B.L	fa	دایهاتسو
B.L	fa	دتوماسو
B.L	fa	درآمد
B.L	fa	دوج
B.L	fa	دوو باس
B.L	fa	دویچه بانک
B.L	fa	دویچه بورزه
B.L	fa	دویچه تلکوم
B.L	fa	دویچه پست
B.L	fa	رخش خودرو دیزل
B.L	fa	رنو
B.L	fa	رنو سامسونگ موتورز
B.L	fa	روا (شرکت خودرو)
B.L	fa	رولز-رویس موتور کارز
B.L	fa	روور
B.L	fa	زاستاوا
B.L	fa	زبان آلمانی
B.L	fa	زیمنس
B.L	fa	ساب
B.L	fa	ساترن (شرکت)
B.L	fa	سانگ‌یونگ
B.L	fa	سایون
B.L	fa	سایپا
B.L	fa	سایپا دیزل
B.L	fa	سوبارو
B.L	fa	سوزوکی
B.L	fa	سیات
B.L	fa	سیتروئن
B.L	fa	شرکت خودروسازی اپل
B.L	fa	شرکت دانگفنگ موتور
B.L	fa	شرکت صنایع خودروسازی شانگهای
B.L	fa	شورولت
B.L	fa	صنایع سنگین فوجی
B.L	fa	صنعت خودروسازی
B.L	fa	فراری
B.L	fa	فرزنیوس
B.L	fa	فرزنیوس مدیکال کر
B.L	fa	فورد
B.L	fa	فولکس‌واگن
B.L	fa	فیات
B.L	fa	فیسکر آتوموتیو
B.L	fa	لادا
B.L	fa	لامبورگینی
B.L	fa	لانچیا
B.L	fa	لانکسس
B.L	fa	لندرور
B.L	fa	لهستان
B.L	fa	لوتوس کارز
B.L	fa	لوفت‌هانزا
B.L	fa	لکسوس
B.L	fa	لیلاند موتورز
B.L	fa	لینده
B.L	fa	لینکلن (شرکت)
B.L	fa	ماروتی سوزوکی
B.L	fa	مازراتی
B.L	fa	ماشین آلات توربینی
B.L	fa	ماهیندرا
B.L	fa	ماک
B.L	fa	مایباخ
B.L	fa	مرسدس بنز
B.L	fa	مرک
B.L	fa	مرکوری (خودرو)
B.L	fa	مزدا
B.L	fa	موتور دیزل
B.L	fa	مورگان
B.L	fa	مونیخ
B.L	fa	مک‌لارن
B.L	fa	میتسوبیشی موتورز
B.L	fa	میلیارد
B.L	fa	مینی (بی‌ام‌و)
B.L	fa	میونیک ره
B.L	fa	نیسان
B.L	fa	هالدن
B.L	fa	هامر
B.L	fa	هایدلبرگ‌سمنت
B.L	fa	هند
B.L	fa	هندوستان (شرکت خودرو)
B.L	fa	هنکل
B.L	fa	هوندا
B.L	fa	هیوندای موتور
B.L	fa	وابیس
B.L	fa	وارتبورگ
B.L	fa	واکسهال
B.L	fa	وب‌گاه
B.L	fa	ولوو
B.L	fa	پارس خودرو
B.L	fa	پانوز
B.L	fa	پاگانی
B.L	fa	پروتو موتورز
B.L	fa	پروتون (خودرو)
B.L	fa	پرودوآ
B.L	fa	پورشه
B.L	fa	پونتیاک
B.L	fa	پژو
B.L	fa	پژو سیتروئن
B.L	fa	پکن (شرکت خودرو)
B.L	fa	پینینفارینا
B.L	fa	چانگان موتورز
B.L	fa	چری (خودرو)
B.L	fa	کا+اس
B.L	fa	کادیلاک
B.L	fa	کاماز
B.L	fa	کامیون
B.L	fa	کرایسلر
B.L	fa	کرمان خودرو
B.L	fa	کنوورث
B.L	fa	کومرتس‌بانک
B.L	fa	کونتیننتال آ گ
B.L	fa	کیا موتورز
B.L	fa	گاز (خودرو)
B.L	fa	گروه فاو
B.L	fa	گروه فولکس‌واگن
B.L	fa	گریت وال موتور
B.L	fa	یاماها موتور
B.L	fa	یورو
B.L	fa	الگو:برندهای خودرو
B.L	fa	الگو:شرکت‌های دکس
B.L	fa	بحث الگو:برندهای خودرو
B.L	fa	بحث الگو:شرکت‌های دکس
B.L	eo	1758
B.L	eo	Aŭgsburgo
B.L	eo	Eŭro
B.L	eo	Eŭropa Kompanio
B.L	eo	Germanio
B.L	eo	Monda ekomia krizo de 1929
B.L	eo	Munkeno
B.L	eo	Nurenbergo
B.L	eo	Oberhausen
B.L	eo	Rudolf Diesel
B.L	eo	Ruhr-Regiono
B.L	eo	Volkswagen AG
B.L	eo	Ŝvebotrajno de Wuppertal
B.L	eo	Vikipedio:Informkestoj
B.L	eo	Ŝablono:Informkesto firmao
B.L	eo	Ŝablono-Diskuto:Informkesto firmao
B.L	en	1000000000 (number)
B.L	en	4motion
B.L	en	Aareal Bank
B.L	en	Asset
B.L	en	Audi
B.L	en	Augsburg
B.L	en	Aurubis
B.L	en	Auto Union
B.L	en	Automotive industry
B.L	en	Autostadt
B.L	en	Axel Springer AG
B.L	en	Bavaria
B.L	en	BayWa
B.L	en	Bentley
B.L	en	Bernd Pischetsrieder
B.L	en	Bilfinger
B.L	en	BlueMotion
B.L	en	Brand
B.L	en	Braunschweig
B.L	en	Brazil
B.L	en	Brenntag
B.L	en	Bugatti Automobiles
B.L	en	Bus
B.L	en	Büssing
B.L	en	Campervan
B.L	en	Carl Hahn
B.L	en	Celesio
B.L	en	Chairman
B.L	en	Chief executive officer
B.L	en	China National Heavy Duty Truck Group
B.L	en	Commercial Motor
B.L	en	Company
B.L	en	Concept vehicle
B.L	en	DAX
B.L	en	Dampf-Kraft-Wagen
B.L	en	Deutsche EuroShop
B.L	en	Deutsche Wohnen
B.L	en	Diesel engine
B.L	en	Digifant Engine Management system
B.L	en	Direct-Shift Gearbox
B.L	en	Ducati
B.L	en	Dürr AG
B.L	en	EADS
B.L	en	ETKA
B.L	en	Earnings before interest and taxes
B.L	en	Ehra-Lessien
B.L	en	ElringKlinger
B.L	en	Engine
B.L	en	Equity (finance)
B.L	en	Euro
B.L	en	European Company Regulation
B.L	en	European Company Statute
B.L	en	FAW-Volkswagen
B.L	en	Ferdinand Piëch
B.L	en	Ferdinand Porsche
B.L	en	Fielmann
B.L	en	Force Motors
B.L	en	Frankfurt Stock Exchange
B.L	en	Fraport
B.L	en	Fuchs Petrolub
B.L	en	Fuel Stratified Injection
B.L	en	GAGFAH
B.L	en	GEA Group
B.L	en	GSW Immobilien
B.L	en	Germany
B.L	en	Gerresheimer
B.L	en	Gerry Weber International
B.L	en	Gildemeister AG
B.L	en	Gräf & Stift
B.L	en	HHLA
B.L	en	Hannover Re
B.L	en	Heereswaffenamt
B.L	en	Heinrich Nordhoff
B.L	en	Hochtief
B.L	en	Holding company
B.L	en	Hong Kong
B.L	en	Horch
B.L	en	Hugo Boss
B.L	en	IAV
B.L	en	India
B.L	en	Italdesign Giugiaro
B.L	en	Ivan Hirst
B.L	en	Joint venture
B.L	en	K98
B.L	en	KUKA
B.L	en	Kabel Deutschland
B.L	en	Klöckner
B.L	en	Krones
B.L	en	Kurt Lotz
B.L	en	Lamborghini
B.L	en	Leoni AG
B.L	en	Light commercial vehicle
B.L	en	List of North American Volkswagen engines
B.L	en	List of Volkswagen Group diesel engines
B.L	en	List of Volkswagen Group engines
B.L	en	List of Volkswagen Group factories
B.L	en	List of Volkswagen Group petrol engines
B.L	en	List of Volkswagen Group platforms
B.L	en	List of discontinued Volkswagen Group diesel engines
B.L	en	List of discontinued Volkswagen Group petrol engines
B.L	en	MAN Diesel
B.L	en	MAN Diesel & Turbo
B.L	en	MAN Group
B.L	en	MAN Latin America
B.L	en	MAN Truck & Bus
B.L	en	MDAX
B.L	en	MTU Aero Engines
B.L	en	Madhya Pradesh
B.L	en	Man Group
B.L	en	Manufacturing
B.L	en	Martin Winterkorn
B.L	en	Mauser
B.L	en	Mechanical engineering
B.L	en	Metro AG
B.L	en	Munich
B.L	en	Müngsten Bridge
B.L	en	NSU Motorenwerke AG
B.L	en	Naval architecture
B.L	en	Net income
B.L	en	Norma Group
B.L	en	Nuremberg
B.L	en	Oberhausen
B.L	en	Panther tank
B.L	en	Panzers
B.L	en	Parent company
B.L	en	Pithampur
B.L	en	Porsche
B.L	en	ProSiebenSat.1 Media
B.L	en	Puma SE
B.L	en	Quattro GmbH
B.L	en	Rational AG
B.L	en	Renk
B.L	en	Rheinmetall
B.L	en	Rhön-Klinikum
B.L	en	Rudolf Diesel
B.L	en	Rudolf Leiding
B.L	en	Ruhr area
B.L	en	Ruhr region
B.L	en	SDI (engine)
B.L	en	SEAT
B.L	en	SGL Carbon
B.L	en	Salzgitter AG
B.L	en	Scania AB
B.L	en	Shanghai Volkswagen
B.L	en	Sinotruk (Hong Kong)
B.L	en	Sky Deutschland
B.L	en	Staatsanwaltschaft
B.L	en	Stada Arzneimittel
B.L	en	States of Germany
B.L	en	Steam turbine
B.L	en	Subsidiary
B.L	en	Supervisory board
B.L	en	Suzuki
B.L	en	Symrise
B.L	en	Südzucker
B.L	en	TAG Tegernsee Immobilien und Beteiligung
B.L	en	TUI AG
B.L	en	Talanx
B.L	en	Ticker symbol
B.L	en	Toni Schmücker
B.L	en	Truck
B.L	en	Turbocharged Direct Injection
B.L	en	Turbomachinery
B.L	en	Types of business entity
B.L	en	Unit Injector
B.L	en	VAG-COM
B.L	en	VW Electronics Research Laboratory
B.L	en	Voith
B.L	en	Volkswagen
B.L	en	Volkswagen AG
B.L	en	Volkswagen Amarok
B.L	en	Volkswagen Caddy
B.L	en	Volkswagen California
B.L	en	Volkswagen Commercial Vehicles
B.L	en	Volkswagen Constellation
B.L	en	Volkswagen Crafter
B.L	en	Volkswagen EA489 Basistransporter
B.L	en	Volkswagen Gol
B.L	en	Volkswagen Group
B.L	en	Volkswagen Group China
B.L	en	Volkswagen Group Sales India
B.L	en	Volkswagen Group of America
B.L	en	Volkswagen LT
B.L	en	Volkswagen Microbus Concept
B.L	en	Volkswagen Plattenwagen
B.L	en	Volkswagen Robust
B.L	en	Volkswagen Taro
B.L	en	Volkswagen Transporter
B.L	en	Volkswagen Transporter (T4)
B.L	en	Volkswagen Transporter (T5)
B.L	en	Volkswagen Trucks and Buses
B.L	en	Volkswagen Type 147 Kleinlieferwagen
B.L	en	Volkswagen Type 2
B.L	en	Volkswagen Type 2 (T3)
B.L	en	Volkswagen Westfalia Campers
B.L	en	Volkswagen air cooled engine
B.L	en	Volkswagen do Brasil
B.L	en	Wacker Chemie
B.L	en	Wanderer (car)
B.L	en	Water cooling
B.L	en	Wincor Nixdorf
B.L	en	World War I
B.L	en	World War II
B.L	en	World War I reparations
B.L	en	Wuppertal Schwebebahn
B.L	en	ZF Friedrichshafen
B.L	en	ÖAF
B.L	en	Škoda Auto
B.L	en	Wikipedia:Link rot
B.L	en	Template:MDAX companies
B.L	en	Template:Portal/Images/Companies
B.L	en	Template:Portal/Images/Trucks
B.L	en	Template:Volkswagen Commercial Vehicles
B.L	en	Template:Volkswagen Group
B.L	en	Template talk:MDAX companies
B.L	en	Template talk:Volkswagen Commercial Vehicles
B.L	en	Template talk:Volkswagen Group
B.L	en	Category:Articles with dead external links from December 2012
B.L	en	Category:Volkswagen Group
B.L	en	Category:Volkswagen people
B.L	en	Category:Volkswagen vehicles
B.L	en	Portal:Companies
B.L	en	Portal:Trucks
B.L	et	1758
B.L	et	1808
B.L	et	1840
B.L	et	1841
B.L	et	1898
B.L	et	1908
B.L	et	1921
B.L	et	2008
B.L	et	Adidas
B.L	et	Allianz
B.L	et	Augsburg
B.L	et	BASF
B.L	et	BMW
B.L	et	Bayer
B.L	et	Beiersdorf AG
B.L	et	Commerzbank
B.L	et	DAX
B.L	et	Daimler
B.L	et	Deutsche Bank
B.L	et	Deutsche Börse
B.L	et	Deutsche Post
B.L	et	Deutsche Telekom
B.L	et	Diiselmootor
B.L	et	E.ON
B.L	et	Euro
B.L	et	Frankfurdi börs
B.L	et	Fresenius
B.L	et	Fresenius Medical Care
B.L	et	HeidelbergCement
B.L	et	Henkel
B.L	et	Infineon Technologies
B.L	et	K+S
B.L	et	Lufthansa
B.L	et	Merck KGaA
B.L	et	Metro AG
B.L	et	Munich Re
B.L	et	München
B.L	et	Nürnberg
B.L	et	Oberhausen
B.L	et	Püha Anton
B.L	et	RWE
B.L	et	Rasketööstus
B.L	et	Ruhr
B.L	et	SAP
B.L	et	Siemens
B.L	et	The Linde Group
B.L	et	ThyssenKrupp
B.L	et	Volkswagen Group
B.L	es	Acero
B.L	es	Alemania
B.L	es	Ankara
B.L	es	Augsburgo
B.L	es	Aurangabad (Maharashtra)
B.L	es	Austria
B.L	es	Autobús
B.L	es	Berlín
B.L	es	Brasil
B.L	es	Caja de cambios
B.L	es	Camión
B.L	es	Changzhou
B.L	es	Copenhague
B.L	es	Cracovia
B.L	es	DAX
B.L	es	Deggendorf
B.L	es	Dinamarca
B.L	es	Estados Unidos
B.L	es	Francia
B.L	es	Frederikshavn
B.L	es	Gas industrial
B.L	es	Grupo Volkswagen
B.L	es	Hamburgo
B.L	es	Hannover
B.L	es	Hierro
B.L	es	Holding
B.L	es	India
B.L	es	Industria
B.L	es	Industria automovilística
B.L	es	International Petroleum Investment Company
B.L	es	MAN AG Buses
B.L	es	Motor
B.L	es	Munich
B.L	es	México
B.L	es	Múnich
B.L	es	NEOMAN Bus
B.L	es	Neoplan
B.L	es	Nuremberg
B.L	es	Oberhauser
B.L	es	Olifantsfontein
B.L	es	Petroquímica
B.L	es	Pinetown
B.L	es	Pithampur
B.L	es	Plauen
B.L	es	Polonia
B.L	es	Poznan
B.L	es	Querétaro
B.L	es	Renk AG
B.L	es	República Checa
B.L	es	República Popular China
B.L	es	Resende
B.L	es	Rheine
B.L	es	Rudolf Diesel
B.L	es	Saint-Nazaire
B.L	es	Salzgitter
B.L	es	Sitio web
B.L	es	Starachowice
B.L	es	Steyr
B.L	es	Sudáfrica
B.L	es	Suiza
B.L	es	Transporte
B.L	es	Turbina
B.L	es	Turbomáquina
B.L	es	Turquía
B.L	es	Velká Bíteš
B.L	es	Viena
B.L	es	Volkswagen Trucks and Buses
B.L	es	Wikimedia Commons
B.L	es	Winterthur
B.L	es	Zurich
B.L	es	€
B.L	es	Categoría:Empresas fundadas en 1758
B.L	bg	1758
B.L	bg	2003
B.L	bg	Автобус
B.L	bg	Бавария
B.L	bg	Германия
B.L	bg	Камион
B.L	bg	Мюнхен
B.L	bg	Оберхаузен
B.L	bg	Общомедия
B.L	bg	Свети Антон
B.L	bg	Холдинг
B.L	be	1758
B.L	be	Adidas
B.L	be	Allianz
B.L	be	Audi
B.L	be	BASF
B.L	be	BMW
B.L	be	Bayer
B.L	be	Beiersdorf
B.L	be	Bentley, кампанія
B.L	be	Bertrandt
B.L	be	Bugatti
B.L	be	Commerzbank
B.L	be	DAX
B.L	be	Daimler
B.L	be	Deutsche Bank
B.L	be	Deutsche Börse
B.L	be	Deutsche Post
B.L	be	Deutsche Telekom
B.L	be	E.ON
B.L	be	Fresenius
B.L	be	Fresenius SE
B.L	be	Hannover Re
B.L	be	Henkel
B.L	be	K+S
B.L	be	Lamborghini
B.L	be	Lufthansa
B.L	be	MAN
B.L	be	Merck KGaA
B.L	be	Metro AG
B.L	be	Munich Re
B.L	be	RWE
B.L	be	SAP
B.L	be	SEAT, кампанія
B.L	be	Salzgitter AG
B.L	be	Scania
B.L	be	Siemens
B.L	be	The Linde Group
B.L	be	ThyssenKrupp
B.L	be	Volkswagen AG
B.L	be	Volkswagen Commercial Vehicles
B.L	be	Volkswagen Group
B.L	be	Škoda Auto
B.L	be	Аперацыйны прыбытак
B.L	be	Аўтобус
B.L	be	Выручка
B.L	be	ВікіСховішча
B.L	be	Германія
B.L	be	Еўра
B.L	be	Еўрапейская кампанія
B.L	be	Колпіна
B.L	be	Лістынг, эканоміка
B.L	be	МАЗ-MAN
B.L	be	Мюнхен
B.L	be	Польшча
B.L	be	Прадукт, бізнес
B.L	be	Расія
B.L	be	Сайт
B.L	be	Турцыя
B.L	be	Франкфурцкая фондавая біржа
B.L	be	Чысты прыбытак
B.L	be	Юрыдычная асоба
B.L	da	1758
B.L	da	2006
B.L	da	2008
B.L	da	Aareal Bank
B.L	da	Alexander Dennis
B.L	da	Aurubis
B.L	da	Axel Springer AG
B.L	da	BayWa
B.L	da	Benzin
B.L	da	Bilfinger Berger
B.L	da	Brenntag
B.L	da	Bus
B.L	da	Celesio
B.L	da	Continental AG
B.L	da	DAX
B.L	da	Deutsche EuroShop
B.L	da	Deutsche Wohnen
B.L	da	Deutz AG
B.L	da	Dieselolie
B.L	da	Douglas Holding
B.L	da	EADS
B.L	da	ElringKlinger
B.L	da	Euro
B.L	da	Europa
B.L	da	Fielmann
B.L	da	Firetaktsmotor
B.L	da	Fraport
B.L	da	Fuchs Petrolub
B.L	da	GAGFAH
B.L	da	GEA Group
B.L	da	GSW Immobilien
B.L	da	Gerresheimer
B.L	da	Gerry Weber International
B.L	da	Gildemeister AG
B.L	da	HHLA
B.L	da	Hannover Re
B.L	da	Heidelberger Druckmaschinen
B.L	da	Hochtief
B.L	da	Hugo Boss
B.L	da	Isbryder
B.L	da	Jernbane
B.L	da	KUKA
B.L	da	Kabel Deutschland
B.L	da	Klöckner
B.L	da	Kompressor
B.L	da	Kraftværk
B.L	da	Krones
B.L	da	Lanxess
B.L	da	Lastbil
B.L	da	Leoni AG
B.L	da	MDAX
B.L	da	MTU Aero Engines
B.L	da	Mercedes-Benz
B.L	da	Motor
B.L	da	Passagerskib
B.L	da	ProSiebenSat.1 Media
B.L	da	Puma SE
B.L	da	Rational AG
B.L	da	Rheinmetall
B.L	da	Rhön-Klinikum
B.L	da	Ruhr
B.L	da	SGL Carbon
B.L	da	STADA Arzneimittel
B.L	da	Salzgitter AG
B.L	da	Scania
B.L	da	Setra
B.L	da	Skibe
B.L	da	Sky Deutschland
B.L	da	Symrise
B.L	da	Südzucker
B.L	da	TUI
B.L	da	Tankskib
B.L	da	Totaktsmotor
B.L	da	Turbine
B.L	da	Tyskland
B.L	da	Van Hool
B.L	da	Volkswagen Group
B.L	da	Volvo
B.L	da	Vossloh
B.L	da	Wacker Chemie
B.L	da	Wincor Nixdorf
B.L	da	Wrightbus
B.L	da	Yachts
B.L	cs	1840
B.L	cs	1841
B.L	cs	1898
B.L	cs	1908
B.L	cs	1921
B.L	cs	1963
B.L	cs	2006
B.L	cs	2008
B.L	cs	Autobus
B.L	cs	Burzovní index
B.L	cs	Büssing
B.L	cs	Chladič
B.L	cs	DAX
B.L	cs	Diesel-elektrický pohon
B.L	cs	Dopravní prostředek
B.L	cs	Elektrárna
B.L	cs	Euro
B.L	cs	Holding
B.L	cs	Logo
B.L	cs	Lokomotiva
B.L	cs	Loď
B.L	cs	MAN (automobilka)
B.L	cs	MAN Ackerdiesel
B.L	cs	MAN Diesel
B.L	cs	Metropolitan Area Network
B.L	cs	Nákladní automobil
B.L	cs	Německo
B.L	cs	Němčina
B.L	cs	Ocel
B.L	cs	Počítačová síť
B.L	cs	Průmysl
B.L	cs	Přeplňovaný motor
B.L	cs	Scania
B.L	cs	Silniční doprava
B.L	cs	Spalovací motor
B.L	cs	Strojírenství
B.L	cs	Traktor
B.L	cs	Turbína
B.L	cs	Volkswagen
B.L	cs	Vznětový motor
B.L	cs	Wikimedia Commons
B.L	cs	Wikipedie:WikiProjekt Překlad/Rady
B.L	az	1758
B.L	az	1908
B.L	az	AC
B.L	az	Acura
B.L	az	Aleko
B.L	az	Alfa Romeo
B.L	az	Alpine
B.L	az	Ariel
B.L	az	Aro
B.L	az	Artega
B.L	az	Ascari
B.L	az	Asia
B.L	az	Aston Martin
B.L	az	Audi
B.L	az	Auqsburq
B.L	az	Avstiya
B.L	az	Avtomobil markaları
B.L	az	BMW
B.L	az	B Engineering
B.L	az	Bentley
B.L	az	Bristol
B.L	az	Bugatti
B.L	az	Buick
B.L	az	Cadillac
B.L	az	Callaway
B.L	az	Caparo
B.L	az	Carver
B.L	az	Caterham
B.L	az	Chery
B.L	az	Chevrolet
B.L	az	Chrysler
B.L	az	Cizeta
B.L	az	Coggiola
B.L	az	Cunningham
B.L	az	Dacia
B.L	az	Daewoo
B.L	az	Daihatsu
B.L	az	Dauer
B.L	az	De Tomaso
B.L	az	Derways
B.L	az	Dodge
B.L	az	Doninvest
B.L	az	ERF (lorry manufacturer)
B.L	az	Eagle
B.L	az	FAW
B.L	az	FPV
B.L	az	FSO
B.L	az	Ferrari
B.L	az	Fiat
B.L	az	Ford
B.L	az	GMC
B.L	az	Gillet
B.L	az	Ginetta
B.L	az	Great Wall
B.L	az	Gumpert
B.L	az	Hispano-Suiza
B.L	az	Honda
B.L	az	Hummer
B.L	az	Hyundai
B.L	az	IKCO
B.L	az	Infiniti
B.L	az	Invicta
B.L	az	Isuzu
B.L	az	Jaguar (avtomobil)
B.L	az	Jeep
B.L	az	Jensen
B.L	az	KTM
B.L	az	Kamaz
B.L	az	Kia
B.L	az	Koenig
B.L	az	Koenigsegg
B.L	az	Lamborghini
B.L	az	Lancia
B.L	az	Land Rover
B.L	az	Laraki
B.L	az	Le blanc
B.L	az	Lexus
B.L	az	Lincoln
B.L	az	Lotus (firma)
B.L	az	MG
B.L	az	Magna Steyr
B.L	az	Mahindra
B.L	az	Man Fortuna
B.L	az	Marcos
B.L	az	Maserati
B.L	az	Maybach
B.L	az	Mazda
B.L	az	Mc Laren
B.L	az	Mega
B.L	az	Mercedes-Benz
B.L	az	Mercury
B.L	az	Mini
B.L	az	Mitsubishi
B.L	az	Morgan
B.L	az	Mosler
B.L	az	Nissan
B.L	az	Noble
B.L	az	Nürnberq
B.L	az	Opel
B.L	az	Pagani
B.L	az	Panoz
B.L	az	Perodua
B.L	az	Peugeot
B.L	az	Pontiac
B.L	az	Porsche
B.L	az	Proton (avtomobil)
B.L	az	Renault
B.L	az	Rolls-Royce
B.L	az	Rover
B.L	az	Rur
B.L	az	SSC
B.L	az	Saab
B.L	az	Saleen
B.L	az	Samsung
B.L	az	Scion
B.L	az	Seat
B.L	az	Shelby
B.L	az	Sitroen
B.L	az	Skoda
B.L	az	Smart
B.L	az	Spectre
B.L	az	Spyker
B.L	az	SsangYong
B.L	az	Subaru
B.L	az	Suzuki
B.L	az	TGA Serisi
B.L	az	TVR
B.L	az	Tata
B.L	az	Tianma
B.L	az	Tianye
B.L	az	Toyota
B.L	az	Ultima
B.L	az	Vector
B.L	az	Venturi
B.L	az	Volkswagen
B.L	az	Volvo
B.L	az	Weineck
B.L	az	Wiesmann
B.L	az	Yamaha
B.L	az	آرو
B.L	az	آریل
B.L	az	آسکاری
B.L	az	آسیا
B.L	az	آلکو
B.L	az	آوتوموبیل مارکا‌لاری
B.L	az	آکورا
B.L	az	آیودی
B.L	az	استون مارتین
B.L	az	ام جی
B.L	az	اوپل
B.L	az	ایسوز
B.L	az	اینفینیتی
B.L	az	بنتلی
B.L	az	بوگاتی
B.L	az	بی ام و
B.L	az	تاتا
B.L	az	تویوتا
B.L	az	جگوار
B.L	az	جیپ
B.L	az	داج
B.L	az	دتوماسو
B.L	az	دوو
B.L	az	ساب
B.L	az	سیتروئن
B.L	az	شورولت
B.L	az	فراری
B.L	az	فورد
B.L	az	فیات
B.L	az	لامبورگینی
B.L	az	لندرور
B.L	az	لوتوس
B.L	az	لکسوس
B.L	az	لینکولن
B.L	az	مازدا
B.L	az	مازراتی
B.L	az	مایباخ
B.L	az	مگا
B.L	az	میتسوبیشی
B.L	az	مینی
B.L	az	نیسان
B.L	az	هایوندا
B.L	az	هوندا
B.L	az	ولوو
B.L	az	پروتون
B.L	az	پورشه
B.L	az	پونتیاک
B.L	az	پژو
B.L	az	کادیلاک
B.L	az	کرایسلر
B.L	az	کیا
B.L	az	یاماها
B.L	ar	1758
B.L	ar	ألمانيا
B.L	ar	ألمانية
B.L	ar	أوبرهاوزن
B.L	ar	الأرباح
B.L	ar	الهند
B.L	ar	الولايات المتحدة
B.L	ar	بولندا
B.L	ar	تركيا
B.L	ar	تصنيع
B.L	ar	حافلة
B.L	ar	حوض الرور
B.L	ar	داكس 30
B.L	ar	شاحنة
B.L	ar	شاحنة العام
B.L	ar	شركة عامة
B.L	ar	لشركة الدولية للاستثمارات البترولية
B.L	ar	لغة ألمانية
B.L	ar	محركات ديزل
B.L	ar	ميونخ
B.L	no	1758
B.L	no	1897
B.L	no	1908
B.L	no	1921
B.L	no	1935
B.L	no	1936
B.L	no	1940
B.L	no	1960-årene
B.L	no	1966
B.L	no	1973
B.L	no	1976
B.L	no	1980
B.L	no	2001
B.L	no	2007
B.L	no	2010
B.L	no	Andre verdenskrig
B.L	no	Augsburg
B.L	no	Bergen
B.L	no	Diesel
B.L	no	Dieselmotor
B.L	no	Hønefoss
B.L	no	MAN nyttekjøretøyer
B.L	no	Man (andre betydninger)
B.L	no	München
B.L	no	Neoplan
B.L	no	SE-selskap
B.L	no	Saurer
B.L	no	Traktor
B.L	no	Tyskland
B.L	no	Volkswagen LT
B.L	no	Wikimedia Commons
B.L	pl	1758
B.L	pl	2008
B.L	pl	2011
B.L	pl	Adidas
B.L	pl	Allianz
B.L	pl	Ameryka Południowa
B.L	pl	Augsburg
B.L	pl	Autobus
B.L	pl	BASF
B.L	pl	BMW
B.L	pl	Bawaria
B.L	pl	Bayer AG
B.L	pl	Beiersdorf AG
B.L	pl	Bolechowo-Osiedle
B.L	pl	Branża
B.L	pl	Brazylia
B.L	pl	Büssing
B.L	pl	Commerzbank
B.L	pl	DAX
B.L	pl	Daimler AG
B.L	pl	Deutsche Bank
B.L	pl	Deutsche Börse
B.L	pl	Deutsche Post
B.L	pl	Deutsche Telekom
B.L	pl	E.ON
B.L	pl	Eksport
B.L	pl	Euro
B.L	pl	Fabryka
B.L	pl	Fabryka Samochodów Ciężarowych "Star"
B.L	pl	Force Motors
B.L	pl	Formy prawne przedsiębiorstw
B.L	pl	Fresenius
B.L	pl	Fresenius Medical Care
B.L	pl	Gräf & Stift
B.L	pl	Henkel
B.L	pl	Indie
B.L	pl	Infineon
B.L	pl	Język polski
B.L	pl	K+S
B.L	pl	Krzysztof Olszewski (inżynier)
B.L	pl	Linde AG
B.L	pl	Lufthansa
B.L	pl	MAN-VW G90
B.L	pl	MAN B4
B.L	pl	MAN Bus
B.L	pl	MAN EL 283
B.L	pl	MAN F2000
B.L	pl	MAN F90
B.L	pl	MAN FRH 352 Lion's Star
B.L	pl	MAN FRH 353 Lion's Coach
B.L	pl	MAN FRH 362
B.L	pl	MAN FRH 402 Lion's Top Coach
B.L	pl	MAN L2000
B.L	pl	MAN L90
B.L	pl	MAN Lion's City
B.L	pl	MAN Lion's City DD
B.L	pl	MAN Lion's City G
B.L	pl	MAN Lion's City GL
B.L	pl	MAN Lion's City GXL
B.L	pl	MAN Lion's City LE
B.L	pl	MAN Lion's City LL
B.L	pl	MAN Lion's City M
B.L	pl	MAN Lion's City Single
B.L	pl	MAN Lion's Classic
B.L	pl	MAN Lion's Classic G
B.L	pl	MAN Lion's Classic U
B.L	pl	MAN Lion's Coach
B.L	pl	MAN Lion's Regio
B.L	pl	MAN Lion's Regio L
B.L	pl	MAN Lion's Star
B.L	pl	MAN Lion's Top Coach
B.L	pl	MAN Lion's Top Star
B.L	pl	MAN M2000
B.L	pl	MAN M90
B.L	pl	MAN NG 232CNG
B.L	pl	MAN NG 262
B.L	pl	MAN NG 263
B.L	pl	MAN NG 272
B.L	pl	MAN NG 273
B.L	pl	MAN NG 282
B.L	pl	MAN NG 312
B.L	pl	MAN NG 313
B.L	pl	MAN NL 2x2
B.L	pl	MAN NL 312
B.L	pl	MAN NL 313-15
B.L	pl	MAN NL xx3
B.L	pl	MAN NM 222
B.L	pl	MAN NM 223
B.L	pl	MAN NM 223.3
B.L	pl	MAN NÜ 312
B.L	pl	MAN NÜ 313
B.L	pl	MAN R 292
B.L	pl	MAN Roland Druckmaschinen
B.L	pl	MAN SD 202
B.L	pl	MAN SG 192
B.L	pl	MAN SG 242
B.L	pl	MAN SL 192
B.L	pl	MAN SL 200
B.L	pl	MAN SL 202
B.L	pl	MAN SU 242
B.L	pl	MAN T4
B.L	pl	MAN TGA
B.L	pl	MAN TGL
B.L	pl	MAN TGM
B.L	pl	MAN TGS
B.L	pl	MAN TGX
B.L	pl	MAN TGX V8
B.L	pl	MAN Trucks
B.L	pl	MAN Tw
B.L	pl	MAN UL 242
B.L	pl	Merck KGaA
B.L	pl	Metro Group
B.L	pl	Monachium
B.L	pl	Motoryzacja
B.L	pl	Munich Re
B.L	pl	N8S-NF
B.L	pl	Neoplan
B.L	pl	Neoplan Polska
B.L	pl	Niemcy
B.L	pl	Niepołomice
B.L	pl	Norymberga
B.L	pl	Polska
B.L	pl	Poznań
B.L	pl	Produkt (marketing)
B.L	pl	Przychód (ekonomia)
B.L	pl	RWE (koncern)
B.L	pl	Resende
B.L	pl	Robert Bosch GmbH
B.L	pl	Rudolf Diesel
B.L	pl	SAP AG
B.L	pl	Sady (powiat poznański)
B.L	pl	Salzgitter AG
B.L	pl	Samochód
B.L	pl	Scania
B.L	pl	Siedziba (prawo)
B.L	pl	Siemens AG
B.L	pl	Silnik o zapłonie samoczynnym
B.L	pl	Silnik spalinowy
B.L	pl	Solaris Bus & Coach
B.L	pl	Spółka europejska
B.L	pl	Starachowice
B.L	pl	Steyr-Daimler-Puch
B.L	pl	ThyssenKrupp
B.L	pl	Turcja
B.L	pl	VT627
B.L	pl	VT628
B.L	pl	Volkswagen
B.L	pl	Volkswagen AG
B.L	pl	Volkswagen Caminhōes e Ônibus
B.L	pl	Warszawa
B.L	pl	Wolica (województwo mazowieckie)
B.L	pl	Zatrudnienie
B.L	pl	ÖAF
B.L	pl	Szablon:DAX
B.L	pl	Dyskusja szablonu:DAX
B.L	lt	1758
B.L	lt	1808
B.L	lt	1921
B.L	lt	1971
B.L	lt	2006
B.L	lt	2007 m. Dakaro ralis
B.L	lt	2008
B.L	lt	Adidas
B.L	lt	Allianz
B.L	lt	Autobusas
B.L	lt	BASF
B.L	lt	BMW
B.L	lt	Bayer
B.L	lt	Beiersdorf
B.L	lt	Commerzbank
B.L	lt	DAX
B.L	lt	Daimler AG
B.L	lt	Dakaro ralis
B.L	lt	Deutsche Bank
B.L	lt	Deutsche Börse
B.L	lt	Deutsche Post
B.L	lt	Deutsche Telekom
B.L	lt	Dyzelinis variklis
B.L	lt	E.ON
B.L	lt	Fresenius (company)
B.L	lt	Fresenius Medical Care
B.L	lt	Hans Stacey
B.L	lt	HeidelbergCement
B.L	lt	Henkel
B.L	lt	Indija
B.L	lt	Infineon Technologies
B.L	lt	JAV
B.L	lt	K+S
B.L	lt	Kompanija
B.L	lt	Lenkija
B.L	lt	Liūtas
B.L	lt	Lufthansa
B.L	lt	Merck KGaA
B.L	lt	Metro AG
B.L	lt	Miunchenas
B.L	lt	Munich Re
B.L	lt	Oberhauzenas
B.L	lt	Organizacinė-teisinė forma
B.L	lt	Pramonė
B.L	lt	RWE
B.L	lt	Rinka
B.L	lt	Rūro sritis
B.L	lt	SAP AG
B.L	lt	Siemens
B.L	lt	Sunkvežimis
B.L	lt	The Linde Group
B.L	lt	ThyssenKrupp
B.L	lt	Turkija
B.L	lt	Visuomeninė bendrovė
B.L	lt	Vokietija
B.L	lt	Vokiečių kalba
B.L	lt	Volkswagen Group
B.L	lt	Šablonas:DAX companies
B.L	lt	Šablono aptarimas:DAX companies
B.L	nl	1166
B.L	nl	1231
B.L	nl	1300
B.L	nl	1898
B.L	nl	1900
B.L	nl	Alstom
B.L	nl	Augsburg (stad)
B.L	nl	Autobus
B.L	nl	Beieren
B.L	nl	Brandenburg (provincie)
B.L	nl	Braunschweig (stad)
B.L	nl	Büssing
B.L	nl	Cabine
B.L	nl	Conglomeraat (bedrijf)
B.L	nl	Dieselmotor
B.L	nl	Duitsland
B.L	nl	ERF
B.L	nl	Graafwielbagger
B.L	nl	Harvard University
B.L	nl	Hendrik de Leeuw
B.L	nl	Kurt Seeleke
B.L	nl	MANAŞ
B.L	nl	MAN Caetano
B.L	nl	MAN Diesel & Turbo
B.L	nl	MAN Lion's City
B.L	nl	MAN Lion's Regio
B.L	nl	MAN Scout
B.L	nl	MAN TGL
B.L	nl	MAN TGM
B.L	nl	MAN TGS
B.L	nl	MAN TGX
B.L	nl	München
B.L	nl	Naamloze vennootschap
B.L	nl	Neoplan Bus GmbH
B.L	nl	Neurenberg
B.L	nl	Panzerkampfwagen V
B.L	nl	Rudolf Diesel
B.L	nl	Scania (motorvoertuigenmerk)
B.L	nl	Star (Polen)
B.L	nl	Steyr (vrachtwagenmerk)
B.L	nl	Tractor
B.L	nl	Treingewicht
B.L	nl	Truck van het jaar
B.L	nl	Turbine
B.L	nl	Tweede Wereldoorlog
B.L	nl	VDL Bus Heerenveen
B.L	nl	Volkswagen
B.L	nl	Vrachtauto
B.L	nl	Wikimedia Commons
B.L	nl	ÖAF
B.L	ko	1758년
B.L	ko	1808년
B.L	ko	1841년
B.L	ko	1893년
B.L	ko	1897년
B.L	ko	1898년
B.L	ko	1908년
B.L	ko	1986년
B.L	ko	2006년
B.L	ko	2008년
B.L	ko	9월 18일
B.L	ko	BASF
B.L	ko	BMW
B.L	ko	DAX
B.L	ko	E.ON
B.L	ko	K+S
B.L	ko	RWE
B.L	ko	SAP AG
B.L	ko	기계
B.L	ko	뉘른베르크
B.L	ko	다임러 AG
B.L	ko	도이체 방크
B.L	ko	도이체 뵈르제
B.L	ko	도이체 텔레콤
B.L	ko	도이체 포스트
B.L	ko	독일
B.L	ko	독일어
B.L	ko	디젤 엔진
B.L	ko	루돌프 디젤
B.L	ko	루프트한자
B.L	ko	린데 AG
B.L	ko	메르크
B.L	ko	메트로 AG
B.L	ko	뮌헨
B.L	ko	뮤닉 리
B.L	ko	미국
B.L	ko	바이어스도르프
B.L	ko	바이에른 주
B.L	ko	바이엘 (기업)
B.L	ko	버스
B.L	ko	브라질
B.L	ko	스웨덴
B.L	ko	스카니아
B.L	ko	아디다스
B.L	ko	아우크스부르크
B.L	ko	알리안츠
B.L	ko	위키미디어 공용
B.L	ko	인도
B.L	ko	인피니온 테크놀로지스
B.L	ko	주식회사
B.L	ko	지멘스 AG
B.L	ko	코메르츠방크
B.L	ko	터보
B.L	ko	터키
B.L	ko	트럭
B.L	ko	티센크루프
B.L	ko	폭스바겐
B.L	ko	폭스바겐 AG
B.L	ko	폴란드
B.L	ko	프레제니우스 (기업)
B.L	ko	프레제니우스 메디컬 케어
B.L	ko	하이델베르그시멘트
B.L	ko	헨켈
B.L	ko	틀:DAX
B.L	ko	틀토론:DAX
B.L	hr	1758
B.L	hr	1971.
B.L	hr	Audi
B.L	hr	Augsburg
B.L	hr	Autobus
B.L	hr	Autotrolej
B.L	hr	Bentley
B.L	hr	Brod
B.L	hr	Bugatti
B.L	hr	Dizelski motor
B.L	hr	Euro
B.L	hr	Europa
B.L	hr	Europsko dioničko društvo
B.L	hr	Indija
B.L	hr	Italija
B.L	hr	Kamion
B.L	hr	Lamborghini
B.L	hr	Lav
B.L	hr	MAN AG
B.L	hr	MAN SG 220 (Avtomontaža)
B.L	hr	Muenchen
B.L	hr	München
B.L	hr	Njemačka
B.L	hr	Nürnberg
B.L	hr	Poljska
B.L	hr	Rudolf Diesel
B.L	hr	SAD
B.L	hr	SEAT
B.L	hr	Scania
B.L	hr	Stroj
B.L	hr	Turska
B.L	hr	Venezia
B.L	hr	Volkswagen
B.L	hr	Volkswagen Grupa
B.L	hr	Volkswagen Nutzfahrzeuge
B.L	hr	Volkswagen grupa
B.L	hr	Škoda Auto
B.L	hr	Predložak:Volkswagen grupa
B.L	hr	Razgovor o predlošku:Volkswagen grupa
B.L	hu	1758
B.L	hu	2005
B.L	hu	2008
B.L	hu	2 ütemű
B.L	hu	4 ütemű
B.L	hu	Acél
B.L	hu	Autóbusz
B.L	hu	Benzin
B.L	hu	Bányászat
B.L	hu	Cég
B.L	hu	DAX
B.L	hu	Dízel
B.L	hu	Dízelmotor
B.L	hu	Energia előállítás
B.L	hu	Euro
B.L	hu	Euró
B.L	hu	Európa
B.L	hu	Finomító
B.L	hu	Földgáz
B.L	hu	Gyártás
B.L	hu	Gáz kompresszor
B.L	hu	Hajó
B.L	hu	Haszongépjármű
B.L	hu	Haszongépjárművek
B.L	hu	Håkan Samuelsson
B.L	hu	Ipar
B.L	hu	Ipar gáz
B.L	hu	Ipari telep
B.L	hu	Jégtörő
B.L	hu	Kémiai
B.L	hu	Kőolaj
B.L	hu	MAN 14.220
B.L	hu	MAN 18.220
B.L	hu	MAN 24.310
B.L	hu	MAN Diesel
B.L	hu	MAN Ferrostaal
B.L	hu	MAN Lion's City
B.L	hu	MAN Lion's Classic
B.L	hu	MAN Lion's Regio
B.L	hu	MAN Nutzfahrzeuge
B.L	hu	MAN Turbo
B.L	hu	Motor
B.L	hu	München
B.L	hu	Műtrágyagyártás
B.L	hu	Nyitott
B.L	hu	Németek
B.L	hu	Németország
B.L	hu	Petrokémiai
B.L	hu	Ruhr-vidék
B.L	hu	Saarland
B.L	hu	Személyhazózás
B.L	hu	Szolgáltatás
B.L	hu	Tartály (hajó)
B.L	hu	Tehergépjármű
B.L	hu	Turbiná
B.L	hu	Vas
B.L	hu	Wikimédia Commons
B.L	hu	Xetra DAX
B.L	hu	Yacht
B.L	hu	Wikipédia:Helyesírás
B.L	hu	Wikipédia:Korrektúra
B.L	hu	Wikipédia:Stilisztikai útmutató
B.L	hu	Wikipédia:Tüntesd fel forrásaidat!
B.L	hu	Wikipédia:Átírás
B.L	hu	Kategória:Forráshivatkozásra váró lapok valamint 2008-ban ismét „Az év tehergépjárműve” díjat
B.L	id	1000000000 (angka)
B.L	id	1000000000 (number)
B.L	id	1758
B.L	id	2005
B.L	id	Adidas
B.L	id	Aktiengesellschaft
B.L	id	Allianz
B.L	id	Audi
B.L	id	Augsburg
B.L	id	Auto Union
B.L	id	Autostadt
B.L	id	BASF
B.L	id	BMW
B.L	id	Bahasa Jerman
B.L	id	Bayer AG
B.L	id	Beiersdorf
B.L	id	Bentley
B.L	id	Bernd Pischetsrieder
B.L	id	BlueMotion
B.L	id	Bugatti
B.L	id	Bursa Saham Frankfurt
B.L	id	Bus
B.L	id	CEO
B.L	id	Carl Hahn
B.L	id	Commerce
B.L	id	Commerzbank
B.L	id	Continental AG
B.L	id	DAX
B.L	id	Daftar mesin Grup Volkswagen
B.L	id	Daftar mesin Volkswagen Amerika Utara
B.L	id	Daftar mesin bensin Grup Volkswagen
B.L	id	Daftar mesin solar Grup Volkswagen
B.L	id	Daftar pabrik Grup Volkswagen
B.L	id	Daftar peron Grup Volkswagen
B.L	id	Daimler AG
B.L	id	Dampf-Kraft-Wagen
B.L	id	Deutsche Bank
B.L	id	Deutsche Börse
B.L	id	Deutsche Post
B.L	id	Deutsche Telekom
B.L	id	Diesel
B.L	id	Digifant
B.L	id	Direct-Shift Gearbox
B.L	id	Ducati
B.L	id	E.ON
B.L	id	ETKA
B.L	id	Ehra-Lessien
B.L	id	Euro
B.L	id	FAW-Volkswagen
B.L	id	Ferdinand Piëch
B.L	id	Ferdinand Porsche
B.L	id	Fresenius (perusahaan)
B.L	id	Fresenius Medical Care
B.L	id	Fuel Stratified Injection
B.L	id	Grup Volkswagen
B.L	id	Grup Volkswagen Amerika
B.L	id	Grup Volkswagen Brazil
B.L	id	Grup Volkswagen Cina
B.L	id	Grup Volkswagen India
B.L	id	HeidelbergCement
B.L	id	Heinrich Nordhoff
B.L	id	Henkel
B.L	id	Horch
B.L	id	Hybrid truck
B.L	id	Håkan Samuelsson
B.L	id	IAV
B.L	id	Industry
B.L	id	Infineon Technologies
B.L	id	International Securities Identifying Number
B.L	id	Italdesign Giugiaro
B.L	id	Ivan Hirst
B.L	id	Jenis entitas bisnis
B.L	id	Jerman
B.L	id	K+S
B.L	id	Kurt Lotz
B.L	id	Lamborghini
B.L	id	Lanxess
B.L	id	Lufthansa
B.L	id	Manufacturing
B.L	id	Martin Winterkorn
B.L	id	Merck KGaA
B.L	id	Munich
B.L	id	Munich Re
B.L	id	NSU Motorenwerke AG
B.L	id	Perusahaan induk
B.L	id	Perusahaan publik
B.L	id	Porsche
B.L	id	Quattro GmbH
B.L	id	RWE
B.L	id	Rudolf Leiding
B.L	id	Ruhr area
B.L	id	SAP AG
B.L	id	SDI (engine)
B.L	id	SEAT
B.L	id	Scania AB
B.L	id	Service
B.L	id	Shanghai Volkswagen
B.L	id	Siemens
B.L	id	Suzuki
B.L	id	The Linde Group
B.L	id	ThyssenKrupp
B.L	id	Toni Schmücker
B.L	id	Transportasi
B.L	id	Truk
B.L	id	Turbocharged Direct Injection
B.L	id	Turbomachines
B.L	id	Ultracap
B.L	id	Umum:Kategori:Grup Volkswagen
B.L	id	Unit Injector
B.L	id	VAG-COM
B.L	id	VW Electronics Research Laboratory
B.L	id	Vehicle
B.L	id	Volkswagen
B.L	id	Volkswagen Commercial Vehicles
B.L	id	Volkswagen Group
B.L	id	Wanderer (car)
B.L	id	Wikimedia Commons
B.L	id	ZF Friedrichscafen
B.L	id	Škoda Auto
B.L	id	Templat:FWB2
B.L	id	Templat:Grup Volkswagen
B.L	id	Templat:Perusahaan DAX
B.L	id	Pembicaraan Templat:Grup Volkswagen
B.L	id	Pembicaraan Templat:Perusahaan DAX
B.L	id	Kategori:Grup Volkswagen
B.L	id	Kategori:Kendaraan Volkswagen
B.L	id	Kategori:Tokoh Volkswagen
B.L	is	2010
B.L	is	6. október
B.L	is	Adidas
B.L	is	Allianz
B.L	is	BASF
B.L	is	BMW
B.L	is	Bayer
B.L	is	Beiersdorf
B.L	is	Bíll
B.L	is	Commerzbank
B.L	is	DAX
B.L	is	Daimler
B.L	is	Deutsche Bank
B.L	is	Deutsche Börse
B.L	is	Deutsche Lufthansa
B.L	is	Deutsche Post
B.L	is	Deutsche Telekom
B.L	is	E.ON
B.L	is	Evrópa
B.L	is	Fresenius
B.L	is	Fresenius Medical Care
B.L	is	Fyrirtæki
B.L	is	HeidelbergCement
B.L	is	Henkel
B.L	is	Infineon Technologies
B.L	is	K+S
B.L	is	Linde
B.L	is	METRO
B.L	is	Merck (þýskt fyrirtæki)
B.L	is	Munich Re
B.L	is	München
B.L	is	RWE
B.L	is	SAP
B.L	is	Siemens
B.L	is	ThyssenKrupp
B.L	is	Volkswagen
B.L	is	Vél
B.L	is	Vöruflutningabíll
B.L	is	Wikimedia Commons
B.L	is	Wikipedia:Stubbur
B.L	is	Snið:DAX
B.L	is	Sniðaspjall:DAX
B.L	it	1758
B.L	it	1808
B.L	it	19 maggio
B.L	it	2009
B.L	it	Acronimo
B.L	it	Adidas
B.L	it	Aktiengesellschaft
B.L	it	Allianz
B.L	it	Amburgo
B.L	it	Audi
B.L	it	Austria
B.L	it	Autobus
B.L	it	Autocarro
B.L	it	BASF
B.L	it	BMW
B.L	it	Bayer
B.L	it	Beiersdorf (azienda)
B.L	it	Bentley
B.L	it	Berlino
B.L	it	Blue chip
B.L	it	Borsa di Francoforte
B.L	it	Borsa valori
B.L	it	Bugatti
B.L	it	Carro armato
B.L	it	Cina
B.L	it	Commerzbank
B.L	it	Compressore
B.L	it	DAX 30
B.L	it	Daimler (azienda)
B.L	it	Deutsche Bank
B.L	it	Deutsche Börse
B.L	it	Deutsche Post
B.L	it	Deutsche Telekom
B.L	it	Ducati
B.L	it	E.ON
B.L	it	Emirati Arabi
B.L	it	Euro
B.L	it	Europa
B.L	it	Fatturato
B.L	it	Fresenius
B.L	it	Fresenius Medical Care
B.L	it	Germania
B.L	it	Gruppo Volkswagen
B.L	it	Heidelberg Cement
B.L	it	Henkel
B.L	it	Impresa
B.L	it	India
B.L	it	Indice azionario
B.L	it	Infineon Technologies
B.L	it	Italia
B.L	it	K+S
B.L	it	Lamborghini
B.L	it	Linde AG
B.L	it	Lufthansa
B.L	it	MAN 630
B.L	it	MAN Diesel
B.L	it	MAN Lion's City
B.L	it	MAN NL202
B.L	it	MAN TGA
B.L	it	MAN TGX
B.L	it	Merck KGaA
B.L	it	Metro (azienda)
B.L	it	Miliardo
B.L	it	Monaco di Baviera
B.L	it	Motore
B.L	it	Motore Diesel
B.L	it	Munich Re
B.L	it	Neoplan
B.L	it	Oberhausen
B.L	it	Panzer V Panther
B.L	it	Polonia
B.L	it	Porsche
B.L	it	Portogallo
B.L	it	Profitto
B.L	it	RWE (azienda)
B.L	it	Risultato operativo
B.L	it	Rudolf Diesel
B.L	it	SAP (azienda)
B.L	it	SEAT
B.L	it	Scania AB
B.L	it	Schio
B.L	it	Siemens (azienda)
B.L	it	Sito web
B.L	it	Società Europea
B.L	it	Stato
B.L	it	Sudafrica
B.L	it	Svizzera
B.L	it	ThyssenKrupp
B.L	it	Turbina
B.L	it	Turchia
B.L	it	USA
B.L	it	Veicolo
B.L	it	Volkswagen
B.L	it	Volkswagen-Porsche 914
B.L	it	Volkswagen CC
B.L	it	Volkswagen Caddy
B.L	it	Volkswagen Caravelle
B.L	it	Volkswagen Corrado
B.L	it	Volkswagen Crafter
B.L	it	Volkswagen Eos
B.L	it	Volkswagen Fox
B.L	it	Volkswagen Gol
B.L	it	Volkswagen Golf
B.L	it	Volkswagen Iltis
B.L	it	Volkswagen Jetta
B.L	it	Volkswagen K 70
B.L	it	Volkswagen Karmann Ghia
B.L	it	Volkswagen Kübelwagen
B.L	it	Volkswagen LT
B.L	it	Volkswagen Lupo
B.L	it	Volkswagen Maggiolino
B.L	it	Volkswagen Maggiolino (2011)
B.L	it	Volkswagen New Beetle
B.L	it	Volkswagen Passat
B.L	it	Volkswagen Phaeton
B.L	it	Volkswagen Polo
B.L	it	Volkswagen Schwimmwagen
B.L	it	Volkswagen Scirocco
B.L	it	Volkswagen Sharan
B.L	it	Volkswagen Tiguan
B.L	it	Volkswagen Tipo 181
B.L	it	Volkswagen Tipo 3
B.L	it	Volkswagen Tipo 4
B.L	it	Volkswagen Touareg
B.L	it	Volkswagen Touran
B.L	it	Volkswagen Transporter
B.L	it	Volkswagen W12
B.L	it	Volkswagen up!
B.L	it	XIX secolo
B.L	it	Zurigo
B.L	it	Škoda Auto
B.L	it	Template:Aziende DAX 30
B.L	it	Discussioni template:Aziende DAX 30
B.L	it	Portale:Aziende
B.L	it	Portale:Aziende/icona
B.L	it	Portale:Trasporti
B.L	it	Portale:Trasporti/icona
B.L	ja	2000年
B.L	ja	2008年
B.L	ja	BASF
B.L	ja	BMW
B.L	ja	E.ON
B.L	ja	EDA
B.L	ja	ERF
B.L	ja	K+S
B.L	ja	RWE
B.L	ja	SAP (企業)
B.L	ja	Western Star
B.L	ja	アウクスブルク
B.L	ja	アディダス
B.L	ja	アドトランツ
B.L	ja	アリアン
B.L	ja	アリアンツ
B.L	ja	インフィニオン・テクノロジーズ
B.L	ja	コメルツ銀行
B.L	ja	コンチネンタル (自動車部品製造業)
B.L	ja	シーメンス
B.L	ja	ジパング (大阪府)
B.L	ja	スカニア
B.L	ja	スルザー
B.L	ja	ターボチャージャー
B.L	ja	ダイムラー (自動車メーカー)
B.L	ja	ティッセンクルップ
B.L	ja	ディーゼルエンジン
B.L	ja	デザインライン
B.L	ja	ドイツ
B.L	ja	ドイツテレコム
B.L	ja	ドイツポスト
B.L	ja	ドイツ・ポストバンク
B.L	ja	ドイツ株価指数
B.L	ja	ドイツ証券取引所
B.L	ja	ドイツ銀行
B.L	ja	ニュルンベルク
B.L	ja	ネオプラン
B.L	ja	ネオプラン・セントロライナー
B.L	ja	ネオプラン・トランスライナー
B.L	ja	ネオプラン・ユーロライナー
B.L	ja	ハイブリッド
B.L	ja	ハイポ・リアル・エステート
B.L	ja	バイエル (企業)
B.L	ja	バイエルン州
B.L	ja	バス (交通機関)
B.L	ja	バンホール
B.L	ja	フォルクスワーゲン
B.L	ja	フォルクスワーゲングループ
B.L	ja	フォルクスワーゲン・ド・ブラジル
B.L	ja	フォーチュン (雑誌)
B.L	ja	フライトライナー
B.L	ja	フランクフルト証券取引所
B.L	ja	フレゼニウス
B.L	ja	ブッシンク
B.L	ja	ブラジル
B.L	ja	ヘンケル
B.L	ja	ボンバルディア・トランスポーテーション
B.L	ja	マン・TGLシリーズ
B.L	ja	マン・グループ
B.L	ja	マン・ライオンズシティ
B.L	ja	ミュンヘン
B.L	ja	ミュンヘン再保険
B.L	ja	ミュンヘン国際空港
B.L	ja	メトロ (小売業)
B.L	ja	メルク (ドイツ)
B.L	ja	モノレール
B.L	ja	ライオン
B.L	ja	ライトレール
B.L	ja	リベリオン
B.L	ja	リンデ
B.L	ja	ルドルフ・ディーゼル
B.L	ja	ルフトハンザドイツ航空
B.L	ja	ヴッパータール
B.L	ja	企業
B.L	ja	会社
B.L	ja	兵器
B.L	ja	印刷機
B.L	ja	国鉄DD50形ディーゼル機関車
B.L	ja	国鉄DF40形ディーゼル機関車
B.L	ja	国鉄DF50形ディーゼル機関車
B.L	ja	川崎重工業
B.L	ja	日本国有鉄道
B.L	ja	業種
B.L	ja	機械
B.L	ja	武器
B.L	ja	水素自動車
B.L	ja	法人
B.L	ja	海上自衛隊
B.L	ja	発電
B.L	ja	発電機
B.L	ja	直接噴射式
B.L	ja	神奈川中央交通
B.L	ja	自動車
B.L	ja	自動車の車種名一覧
B.L	ja	船
B.L	ja	超低床電車
B.L	ja	輪転機
B.L	ja	連節バス
B.L	ja	鉄道
B.L	ja	鉄道車両
B.L	ja	青函連絡船
B.L	ja	Wikipedia:「要出典」をクリックされた方へ
B.L	ja	Wikipedia:スタブ
B.L	ja	Template:DAX
B.L	ja	Template:基礎情報 会社
B.L	ja	Template‐ノート:DAX
B.L	ja	Category:バス関連のスタブ記事
B.L	ja	Category:モータースポーツ
B.L	ja	Category:企業関連のスタブ
B.L	ja	Category:出典を必要とする記述のある記事/2012年5月
B.L	ja	Category:武器・兵器関連のスタブ
B.L	ja	Category:自動車の歴史
B.L	ja	Category:自動車の車種
B.L	ja	Category:自動車メーカー・ブランド
B.L	ja	Category:自動車画像
B.L	ja	Category:自動車関連のスタブ項目
B.L	ja	Category:船関連のスタブ項目
B.L	ja	Category:鉄道関連のスタブ項目
B.L	ja	Portal:バス
B.L	ja	Portal:交通
B.L	ja	Portal:自動車
B.L	ja	Portal:軍事
B.L	ja	Portal:鉄道
B.L	ja	プロジェクト:バス
B.L	ja	プロジェクト:バス車種
B.L	ja	プロジェクト:乗用車
B.L	ja	プロジェクト:経済
B.L	ja	プロジェクト:自動車
B.L	ja	プロジェクト:船
B.L	ja	プロジェクト:軍事
B.L	ja	プロジェクト:鉄道
B.L	uk	1897
B.L	uk	1915
B.L	uk	1923
B.L	uk	1924
B.L	uk	1925
B.L	uk	1937
B.L	uk	1941
B.L	uk	1943
B.L	uk	1951
B.L	uk	1954
B.L	uk	1962
B.L	uk	1986
B.L	uk	1988
B.L	uk	1989
B.L	uk	1992
B.L	uk	1993
B.L	uk	1994
B.L	uk	1995
B.L	uk	1996
B.L	uk	1997
B.L	uk	2000
B.L	uk	2001
B.L	uk	2002
B.L	uk	2003
B.L	uk	2004
B.L	uk	2005
B.L	uk	2006
B.L	uk	2007
B.L	uk	2008
B.L	uk	2010
B.L	uk	ERF
B.L	uk	Gutehoffnungshütte Aktienverein (компанія)
B.L	uk	ISSN
B.L	uk	MAN (значення)
B.L	uk	MAN Diesel & Turbo SE
B.L	uk	MAN F2000
B.L	uk	MAN F90
B.L	uk	MAN Ferrostaal AG
B.L	uk	MAN G90
B.L	uk	MAN L2000
B.L	uk	MAN Latin America
B.L	uk	MAN Lion's City
B.L	uk	MAN Lion's Coach
B.L	uk	MAN Lion's Star
B.L	uk	MAN M2000
B.L	uk	MAN M90
B.L	uk	MAN Nutzfahrzeuge
B.L	uk	MAN TGA
B.L	uk	MAN TGL
B.L	uk	MAN TGM
B.L	uk	MAN TGS
B.L	uk	MAN TGX
B.L	uk	MAN Trucknology ®
B.L	uk	NEOPLAN
B.L	uk	Porsche Diesel Motorenbau GmbH
B.L	uk	SLW 2000
B.L	uk	STAR
B.L	uk	Scania
B.L	uk	Volkswagen AG
B.L	uk	Volkswagen Trucks and Buses
B.L	uk	Volvo
B.L	uk	Європа
B.L	uk	Автобус
B.L	uk	Автобуси MAN
B.L	uk	Аугсбург
B.L	uk	Валовий дохід
B.L	uk	Вантажний автомобіль
B.L	uk	Вантажівка року
B.L	uk	Двигун внутрішнього згоряння
B.L	uk	Дизельний двигун
B.L	uk	Клаус Гетте
B.L	uk	Мюнхен
B.L	uk	Нюрнберг
B.L	uk	Німецька мова
B.L	uk	Німеччина
B.L	uk	Пантера (танк)
B.L	uk	Природний газ
B.L	uk	Проста акція
B.L	uk	Публічна компанія
B.L	uk	Ралі Дакар
B.L	uk	Рудольф Руппрехт
B.L	uk	Сайт
B.L	uk	Сміттєвоз
B.L	uk	Фердинанд Пієх
B.L	uk	Хакан Самуельссон
B.L	uk	Холдингова компанія
B.L	uk	Штаб-квартира
B.L	uk	Шаблон:Вантажні автомобілі MAN
B.L	uk	Обговорення шаблону:Вантажні автомобілі MAN
B.L	tr	1758
B.L	tr	Almanya
B.L	tr	Audi
B.L	tr	Auto Union
B.L	tr	Bentley
B.L	tr	Bugatti
B.L	tr	DKW
B.L	tr	Doğalgaz
B.L	tr	EGO Genel Müdürlüğü
B.L	tr	FAW-VW Automobile
B.L	tr	Horch
B.L	tr	Håkan Samuelsson
B.L	tr	IAV
B.L	tr	Italdesign Giugiaro
B.L	tr	Kamyon
B.L	tr	Lamborghini
B.L	tr	MAN
B.L	tr	MAN SE
B.L	tr	Man Fortuna
B.L	tr	Münih
B.L	tr	NSU
B.L	tr	Otobüs
B.L	tr	Otomobil
B.L	tr	Otomotiv
B.L	tr	Porsche
B.L	tr	Rahmi M. Koç Müzesi
B.L	tr	SEAT
B.L	tr	Scania
B.L	tr	Shanghai Volkswagen Automotive
B.L	tr	Slogan
B.L	tr	Suzuki
B.L	tr	Volkswagen
B.L	tr	Volkswagen Commercial Vehicles
B.L	tr	Volkswagen grubu
B.L	tr	Wanderer
B.L	tr	Škoda Auto
B.L	tr	Vikipedi:Biçem el kitabı (bağlantı)
B.L	tr	Vikipedi:Madde
B.L	tr	Vikipedi:Taslak madde
B.L	tr	Vikipedi:Vikipedi standartları
B.L	tr	Şablon:Volkswagen
B.L	tr	Şablon tartışma:Volkswagen
B.L	tr	Kategori:Audi otomobilleri
B.L	tr	Kategori:Bugatti otomobilleri
B.L	tr	Kategori:Lamborghini taşıtları
B.L	tr	Kategori:Seat otomobilleri
B.L	tr	Kategori:Volkswagen taşıtları
B.L	tr	Kategori:Škoda Auto otomobilleri
B.L	sv	1758
B.L	sv	1782
B.L	sv	1808
B.L	sv	1873
B.L	sv	1898
B.L	sv	1903
B.L	sv	1908
B.L	sv	1920
B.L	sv	1923
B.L	sv	1934
B.L	sv	1945
B.L	sv	1951
B.L	sv	1978
B.L	sv	1980
B.L	sv	1986
B.L	sv	2000
B.L	sv	2005
B.L	sv	2006
B.L	sv	2008
B.L	sv	AC Schnitzer
B.L	sv	AG
B.L	sv	Adidas
B.L	sv	Aktiebolag
B.L	sv	Allianz
B.L	sv	Alpina
B.L	sv	Ariane
B.L	sv	Audi
B.L	sv	Augsburg
B.L	sv	Auto Union
B.L	sv	BASF
B.L	sv	BMW
B.L	sv	BMW M
B.L	sv	Barkas
B.L	sv	Bayer AG
B.L	sv	Beiersdorf AG
B.L	sv	Benz & Cie.
B.L	sv	Bilmärke
B.L	sv	Bitter (biltillverkare)
B.L	sv	Bolag
B.L	sv	Borgward
B.L	sv	Brabus
B.L	sv	Braunschweig
B.L	sv	Braunschweiger Löwe
B.L	sv	Bundeswehr
B.L	sv	Burmeister & Wain
B.L	sv	Buss
B.L	sv	Börsintroduktion
B.L	sv	Büssing
B.L	sv	Carlsson
B.L	sv	Commerzbank
B.L	sv	DKW
B.L	sv	Daimler AG
B.L	sv	Deutsche Bank
B.L	sv	Deutsche Börse
B.L	sv	Deutsche Post
B.L	sv	Deutsche Telekom
B.L	sv	Deutscher Aktienindex
B.L	sv	E.ON
B.L	sv	EMW
B.L	sv	Euro
B.L	sv	Europa
B.L	sv	Ferdinand Piëch
B.L	sv	Fresenius
B.L	sv	Fresenius Medical Care
B.L	sv	GHH
B.L	sv	Gemballa
B.L	sv	Glas (bilmärke)
B.L	sv	Gräf & Stift
B.L	sv	Gutehoffnungshütte
B.L	sv	Götaverken
B.L	sv	Hamann Motorsport
B.L	sv	Hannover Re
B.L	sv	Hanomag
B.L	sv	Hartge
B.L	sv	Henkel
B.L	sv	Horch
B.L	sv	Industrieverband Fahrzeugbau
B.L	sv	Infineon
B.L	sv	Investor
B.L	sv	K+S
B.L	sv	Kockums
B.L	sv	Koenig Specials
B.L	sv	Lastbil
B.L	sv	Linde AG
B.L	sv	Lufthansa
B.L	sv	MAN AG
B.L	sv	MAN Nutzfahrzeuge
B.L	sv	Maybach
B.L	sv	Melkus
B.L	sv	Mercedes-Benz
B.L	sv	Merck KGaA
B.L	sv	Messerschmitt
B.L	sv	Metro AG
B.L	sv	Miljard
B.L	sv	Mini 2001-
B.L	sv	Motor
B.L	sv	Multicar
B.L	sv	Munich Re
B.L	sv	München
B.L	sv	NEOPLAN
B.L	sv	NSU Motorenwerke AG
B.L	sv	Neoman
B.L	sv	Neoplan
B.L	sv	Nürnberg
B.L	sv	Oberhausen
B.L	sv	Omsättning
B.L	sv	Opel
B.L	sv	Porsche
B.L	sv	RUF
B.L	sv	RWE
B.L	sv	Rudolf Diesel
B.L	sv	SAP AG
B.L	sv	Scania
B.L	sv	Siemens AG
B.L	sv	Smart (personbil)
B.L	sv	Steyr-Daimler-Puch
B.L	sv	Steyr Nutzfahrzeuge
B.L	sv	Styrelseordförande
B.L	sv	Techart
B.L	sv	ThyssenKrupp
B.L	sv	Trabant
B.L	sv	Tyskland
B.L	sv	Volkswagen
B.L	sv	Volkswagen AG
B.L	sv	Wanderer
B.L	sv	Wartburg (bilmärke)
B.L	sv	Wiesmann
B.L	sv	ÖAF
B.L	sv	Wikipedia:Introduktion till källhänvisningar
B.L	sv	Mall:DAX
B.L	sv	Mall:Tyska bilmärken
B.L	sv	Malldiskussion:DAX
B.L	sv	Malldiskussion:Tyska bilmärken
B.L	sl	1000000000 (number)
B.L	sl	1840
B.L	sl	1841
B.L	sl	1897
B.L	sl	1898
B.L	sl	1908
B.L	sl	1963
B.L	sl	1971
B.L	sl	1986
B.L	sl	1990
B.L	sl	2001
B.L	sl	2005
B.L	sl	Augsburg
B.L	sl	Avtobus
B.L	sl	Avtomobilska industrija
B.L	sl	Brazilija
B.L	sl	Delniška družba
B.L	sl	Dieselski motor
B.L	sl	Drsni ležaj
B.L	sl	Druga svetovna vojna
B.L	sl	Dvotaktni dieselski stroj
B.L	sl	Evro
B.L	sl	Georg Pachta-Reyhofen
B.L	sl	Gospodarsko vozilo
B.L	sl	Hannover
B.L	sl	Južna Koreja
B.L	sl	Kopenhagen
B.L	sl	Kotel
B.L	sl	MAN SG 220 (Avtomontaža)
B.L	sl	MAN SG 240 (Avtomontaža)
B.L	sl	Menjalnik
B.L	sl	Motor
B.L	sl	München
B.L	sl	Nemčija
B.L	sl	Nürnberg
B.L	sl	Plinska turbina
B.L	sl	Plinski gorilnik
B.L	sl	Rheine
B.L	sl	Romunija
B.L	sl	Rudolf Diesel
B.L	sl	Seznam avtomobilskih znamk
B.L	sl	Sklopka
B.L	sl	Stuttgart
B.L	sl	Tajvan
B.L	sl	Tovornjak
B.L	sl	Traktor
B.L	sl	Turčija
B.L	sl	Vesoljska tehnologija
B.L	sl	Vrste podjetij
B.L	sl	Združene države Amerike
B.L	sl	Združeni arabski emirati
B.L	sk	Autobus
B.L	sk	Automobil
B.L	sk	MAN Nutzfahrzeuge
B.L	sk	Motor
B.L	sk	Turbomotor
B.L	ru	1758
B.L	ru	1758 год
B.L	ru	Adidas
B.L	ru	Allianz
B.L	ru	Audi
B.L	ru	BASF
B.L	ru	BMW
B.L	ru	Bayer
B.L	ru	Beiersdorf
B.L	ru	Bentley Motors
B.L	ru	Bertrandt
B.L	ru	Bugatti Automobiles
B.L	ru	CEPSA
B.L	ru	Commerzbank
B.L	ru	DAX
B.L	ru	DUEWAG
B.L	ru	Daimler
B.L	ru	Deutsche Bank
B.L	ru	Deutsche Börse
B.L	ru	Deutsche Post AG
B.L	ru	Deutsche Telekom
B.L	ru	E.ON
B.L	ru	ERF
B.L	ru	Fresenius
B.L	ru	Fresenius SE
B.L	ru	Gutehoffnungshütte Aktienverein (компания)
B.L	ru	Hannover Re
B.L	ru	Henkel
B.L	ru	ISSN
B.L	ru	K+S
B.L	ru	Lamborghini
B.L	ru	Lion's Star
B.L	ru	Lufthansa
B.L	ru	MAN B4
B.L	ru	MAN Diesel & Turbo SE
B.L	ru	MAN Ferrostaal AG
B.L	ru	MAN Latin America
B.L	ru	MAN N8S-NF
B.L	ru	MAN T4
B.L	ru	MAN Truck & Bus
B.L	ru	MAN Trucknology®
B.L	ru	Man (значения)
B.L	ru	Merck KGaA
B.L	ru	Metro AG
B.L	ru	Munich Re
B.L	ru	Neoplan
B.L	ru	Porsche Diesel Motorenbau
B.L	ru	RWE
B.L	ru	SAP
B.L	ru	SEAT
B.L	ru	SLW 2000
B.L	ru	STAR
B.L	ru	Salzgitter AG
B.L	ru	Scania
B.L	ru	Siemens
B.L	ru	TG-A
B.L	ru	The Linde Group
B.L	ru	ThyssenKrupp
B.L	ru	Truck of the Year
B.L	ru	Volkswagen AG
B.L	ru	Volkswagen Commercial Vehicles
B.L	ru	Volkswagen Group
B.L	ru	Volvo
B.L	ru	ZF Friedrichshafen AG
B.L	ru	Škoda Auto
B.L	ru	АКПП
B.L	ru	Автобус
B.L	ru	Аугсбург
B.L	ru	Викисклад
B.L	ru	Выручка
B.L	ru	Газораспределительный механизм
B.L	ru	Германия
B.L	ru	Грузовой автомобиль
B.L	ru	Двигатель внутреннего сгорания
B.L	ru	Деловой Петербург
B.L	ru	Дизельный двигатель
B.L	ru	Евро
B.L	ru	Европа
B.L	ru	Европейская компания
B.L	ru	Клаус Гётте
B.L	ru	Колпино
B.L	ru	Листинг (экономика)
B.L	ru	Лошадиная сила
B.L	ru	Мусоровоз
B.L	ru	Мюнхен
B.L	ru	Нюрнберг
B.L	ru	Операционная прибыль
B.L	ru	Пантера (танк)
B.L	ru	Польша
B.L	ru	Природный газ
B.L	ru	Продукт (бизнес)
B.L	ru	Ралли Дакар
B.L	ru	Россия
B.L	ru	Рудольф Руппрехт
B.L	ru	Сайт
B.L	ru	Турция
B.L	ru	Узбекистан
B.L	ru	Франкфуртская фондовая биржа
B.L	ru	Хакан Самуэльссон
B.L	ru	Чип тюнинг
B.L	ru	Чистая прибыль
B.L	ru	Шушары (Санкт-Петербург)
B.L	ru	Юридическое лицо
B.L	ru	Википедия:Ссылки на источники
B.L	ro	1758
B.L	ro	1840
B.L	ro	1841
B.L	ro	1894
B.L	ro	1897
B.L	ro	1898
B.L	ro	1921
B.L	ro	1962
B.L	ro	1963
B.L	ro	1972
B.L	ro	1986
B.L	ro	1989
B.L	ro	1990
B.L	ro	1 aprilie
B.L	ro	2001
B.L	ro	2005
B.L	ro	2006
B.L	ro	2007
B.L	ro	2008
B.L	ro	2009
B.L	ro	2010
B.L	ro	Al Doilea Război Mondial
B.L	ro	Allianz
B.L	ro	Anii 1980
B.L	ro	Augsburg
B.L	ro	Austria
B.L	ro	Autobuz
B.L	ro	Bavaria
B.L	ro	Braunschweig
B.L	ro	Brazilia
B.L	ro	Bursa din Frankfurt
B.L	ro	Cal putere
B.L	ro	Camion
B.L	ro	Cifra de afaceri
B.L	ro	Cifră de afaceri
B.L	ro	Comisia Europeană
B.L	ro	Common rail
B.L	ro	Compresor
B.L	ro	Concern
B.L	ro	Cracovia
B.L	ro	Criza economică mondială din 2007–2009
B.L	ro	DAX
B.L	ro	Euro
B.L	ro	Europa
B.L	ro	Geneva
B.L	ro	Germania
B.L	ro	Iaht
B.L	ro	Industrie
B.L	ro	Joint venture
B.L	ro	Listă de companii din Germania
B.L	ro	MAN Diesel
B.L	ro	MAN Diesel & Turbo
B.L	ro	MAN Latin America
B.L	ro	MAN Truck & Bus
B.L	ro	MAN Turbo
B.L	ro	Miliard
B.L	ro	Motor diesel
B.L	ro	München
B.L	ro	Niepolomice
B.L	ro	Nürnberg
B.L	ro	Oberhausen
B.L	ro	Ofertă
B.L	ro	Panther
B.L	ro	Polonia
B.L	ro	Poznań
B.L	ro	Presiune
B.L	ro	Produs (marketing)
B.L	ro	Raoul Wallenberg
B.L	ro	Renania de Nord-Westfalia
B.L	ro	Renk AG
B.L	ro	Rudolf Diesel
B.L	ro	Sao Paulo
B.L	ro	Scania
B.L	ro	Societate pe acțiuni
B.L	ro	Societate pe acțiuni europeană
B.L	ro	Starachowice
B.L	ro	Stuttgart
B.L	ro	Suedia
B.L	ro	Tractor
B.L	ro	Transport rutier
B.L	ro	Tren de mare viteză
B.L	ro	Turbină cu abur
B.L	ro	Turbină cu gaze
B.L	ro	U-Bahn
B.L	ro	VW
B.L	ro	Vapor
B.L	ro	Vehicul
B.L	ro	Wikimedia Commons
B.L	ro	Categorie:Tipuri de companii
B.L	pt	1758
B.L	pt	Adidas
B.L	pt	Alemanha
B.L	pt	Allianz
B.L	pt	Autocarro
B.L	pt	BASF
B.L	pt	BMW
B.L	pt	Bayer
B.L	pt	Beiersdorf
B.L	pt	Camião
B.L	pt	Commerzbank
B.L	pt	Continental AG
B.L	pt	DAX-30
B.L	pt	Daimler AG
B.L	pt	Deutsche Bank
B.L	pt	Deutsche Börse
B.L	pt	Deutsche Post
B.L	pt	Deutsche Telekom
B.L	pt	E.ON
B.L	pt	Empresa
B.L	pt	Estados Unidos
B.L	pt	Fresenius
B.L	pt	Fresenius Medical Care
B.L	pt	Grupo Volkswagen
B.L	pt	HeidelbergCement
B.L	pt	Henkel
B.L	pt	Hong Kong
B.L	pt	Infineon Technologies
B.L	pt	Joint venture
B.L	pt	K+S
B.L	pt	Linde AG
B.L	pt	Lista de fabricantes de caminhões
B.L	pt	Lufthansa
B.L	pt	Língua alemã
B.L	pt	METRO AG
B.L	pt	Mannheim
B.L	pt	Merck KGaA
B.L	pt	Munich Re
B.L	pt	Munique
B.L	pt	Polónia
B.L	pt	RWE
B.L	pt	República Popular da China
B.L	pt	Resende (Rio de Janeiro)
B.L	pt	SAP AG
B.L	pt	Siemens AG
B.L	pt	ThyssenKrupp
B.L	pt	Índia
B.L	pt	Wikipédia:Esboço
B.L	pt	Wikipédia:Livro de estilo
B.L	pt	Wikipédia:Livro de estilo/Como escrever um bom artigo
B.L	pt	Wikipédia:Reciclagem
B.L	pt	Predefinição:DAX
B.L	zh	1758年
B.L	zh	1840年
B.L	zh	1841年
B.L	zh	1873年
B.L	zh	1893年
B.L	zh	1897年
B.L	zh	1898年
B.L	zh	1908年
B.L	zh	1924年
B.L	zh	1930年代
B.L	zh	1940年代
B.L	zh	1942年
B.L	zh	1972年
B.L	zh	1986年
B.L	zh	1987年
B.L	zh	1991年
B.L	zh	2002年
B.L	zh	2004年
B.L	zh	2006年
B.L	zh	2008年
B.L	zh	2009年
B.L	zh	5月19日
B.L	zh	9月18日
B.L	zh	BMW
B.L	zh	Berkhof
B.L	zh	CEO
B.L	zh	DAX指数
B.L	zh	E.ON
B.L	zh	K+S
B.L	zh	Lanxess
B.L	zh	Neoplan
B.L	zh	RWE
B.L	zh	SAP公司
B.L	zh	一汽
B.L	zh	上海汽车工业(集团)总公司
B.L	zh	东风汽车
B.L	zh	中国
B.L	zh	中國重型汽車集團
B.L	zh	中國重汽
B.L	zh	中國重汽集團
B.L	zh	中國重汽（香港）
B.L	zh	中華人民共和國
B.L	zh	乌兹别克斯坦
B.L	zh	二冲程
B.L	zh	产品线
B.L	zh	依维柯
B.L	zh	利润
B.L	zh	南非
B.L	zh	博大汽車
B.L	zh	卡車
B.L	zh	卡车和巴士制造公司
B.L	zh	印度
B.L	zh	压缩机
B.L	zh	厦门
B.L	zh	商业车辆
B.L	zh	四冲程
B.L	zh	土耳其
B.L	zh	埃及
B.L	zh	埃尔朗根
B.L	zh	大众公司
B.L	zh	大众汽车
B.L	zh	大众汽车集团
B.L	zh	大众集团
B.L	zh	大昌行集團
B.L	zh	大眾
B.L	zh	大眾汽車
B.L	zh	大陆集团
B.L	zh	太平洋战争
B.L	zh	奥地利
B.L	zh	奥格斯堡
B.L	zh	子公司
B.L	zh	安联
B.L	zh	客車
B.L	zh	富豪集團
B.L	zh	巴伐利亚州
B.L	zh	巴伐利亚邮政局
B.L	zh	巴伐利亞
B.L	zh	巴士
B.L	zh	巴斯夫
B.L	zh	市场份额
B.L	zh	康采恩
B.L	zh	德国
B.L	zh	德国DAX指数
B.L	zh	德国商业银行
B.L	zh	德国电信
B.L	zh	德国莱茵金属-博尔西希
B.L	zh	德国邮政
B.L	zh	德國
B.L	zh	德國證券交易所
B.L	zh	德意志银行
B.L	zh	意大利
B.L	zh	愛迪達
B.L	zh	慕尼黑
B.L	zh	慕尼黑再保险
B.L	zh	戴姆勒
B.L	zh	拜尔斯道夫
B.L	zh	拜耳
B.L	zh	控股公司
B.L	zh	斐迪南·皮耶
B.L	zh	斯堪尼亚
B.L	zh	林德
B.L	zh	柏林汽车展
B.L	zh	柴油发动机
B.L	zh	柴油機
B.L	zh	欧元
B.L	zh	欧洲
B.L	zh	欧洲股份公司
B.L	zh	汉莎航空
B.L	zh	汉高公司
B.L	zh	汽油发动机
B.L	zh	汽车工業
B.L	zh	法兰克福证券交易所
B.L	zh	波兰
B.L	zh	浙江
B.L	zh	海德堡水泥
B.L	zh	渦輪機
B.L	zh	潜艇
B.L	zh	澳大利亚
B.L	zh	炮塔
B.L	zh	燃氣渦輪機
B.L	zh	營業額
B.L	zh	瑞典
B.L	zh	第二次世界大战
B.L	zh	纽伦堡
B.L	zh	维也纳
B.L	zh	维基共享资源
B.L	zh	美国
B.L	zh	股东
B.L	zh	股份
B.L	zh	股份公司
B.L	zh	股東權益
B.L	zh	股權
B.L	zh	臺灣
B.L	zh	英国
B.L	zh	英飞凌
B.L	zh	葡萄牙
B.L	zh	董事會主席
B.L	zh	蒂森克虏伯
B.L	zh	西欧
B.L	zh	西门子公司
B.L	zh	豹式戰車
B.L	zh	資產
B.L	zh	费森尤斯
B.L	zh	费森尤斯医疗
B.L	zh	重型車輛
B.L	zh	重庆红岩
B.L	zh	金华青年集团
B.L	zh	金龙汽车
B.L	zh	销售额
B.L	zh	阿联酋
B.L	zh	陕西重型汽车
B.L	zh	陕重汽
B.L	zh	除税及利息前盈利
B.L	zh	首席执行官
B.L	zh	鲁尔区
B.L	zh	鲁道夫·狄塞尔
B.L	zh	默克集團
B.L	zh	Talk:MAN集團
B.L	zh	Wikipedia:如何審核校對
B.L	zh	Template:DAX指数成份公司
B.L	zh	Template talk:DAX指数成份公司
B.L	zh	Help:编辑
B.L	zh	Category:公司
CN	de	MAN
IWL	fi	MAN (yritys)
IWL	fr	MAN (constructeur)
IWL	he	מאן (חברה)
IWL	fa	ام آ ان
IWL	eo	MAN
IWL	en	MAN SE
IWL	et	MAN SE
IWL	es	MAN SE
IWL	bg	МАН Груп
IWL	be	MAN SE
IWL	da	MAN SE
IWL	cs	MAN
IWL	az	MAN
IWL	ar	مان (شركة)
IWL	no	MAN (bil)
IWL	pl	MAN SE
IWL	lt	MAN SE
IWL	nl	MAN SE
IWL	ko	MAN SE
IWL	hr	MAN SE
IWL	hu	MAN SE
IWL	id	MAN SE
IWL	is	MAN
IWL	it	MAN SE
IWL	ja	マン (企業)
IWL	uk	MAN
IWL	tr	MAN Truck & Bus AG
IWL	sv	MAN SE
IWL	sl	MAN SE
IWL	sk	MAN (podnik)
IWL	ru	MAN
IWL	ro	MAN SE
IWL	pt	MAN SE
IWL	zh	MAN集團
