A.L	de	ABAP
A.L	de	AIX
A.L	de	AMD
A.L	de	AS/400
A.L	de	Accenture
A.L	de	Adidas
A.L	de	Adobe Systems
A.L	de	Air Liquide
A.L	de	Akronym
A.L	de	Aktiengesellschaft (Deutschland)
A.L	de	Allianz SE
A.L	de	Alstom
A.L	de	Altana
A.L	de	Anheuser-Busch InBev
A.L	de	Anwender
A.L	de	Applikationsserver
A.L	de	Arbeitssicherheit
A.L	de	ArcelorMittal
A.L	de	Assicurazioni Generali
A.L	de	Atos Origin
A.L	de	Aufsichtsratsvorsitzender
A.L	de	Australien
A.L	de	Axa
A.L	de	BASF
A.L	de	BMW
A.L	de	BNP Paribas
A.L	de	Babcock Borsig
A.L	de	Baden-Württemberg
A.L	de	Banco Bilbao Vizcaya Argentaria
A.L	de	Banco Santander
A.L	de	Barbara Kux
A.L	de	Bayer AG
A.L	de	Bayerische Hypotheken- und Wechsel-Bank
A.L	de	Bayerische Vereinsbank
A.L	de	Beiersdorf AG
A.L	de	Berlin
A.L	de	Betriebsrat
A.L	de	Bilanzsumme
A.L	de	Bill McDermott
A.L	de	Blog
A.L	de	Branchenlösung
A.L	de	Buchführung
A.L	de	Bulgarien
A.L	de	BusinessObjects
A.L	de	Business Intelligence
A.L	de	Business Objects
A.L	de	Börse Stuttgart
A.L	de	CA Technologies
A.L	de	CProjects
A.L	de	Carrefour (Unternehmen)
A.L	de	Cartesis
A.L	de	CeBIT
A.L	de	Cement Roadstone Holding
A.L	de	Chief Executive Officer
A.L	de	Cisco
A.L	de	Claus E. Heinrich
A.L	de	Claus Wellenreuther
A.L	de	Client-Server-Prinzip
A.L	de	Commerzbank
A.L	de	Compagnie de Saint-Gobain
A.L	de	Computerwoche
A.L	de	Continental AG
A.L	de	Controlling
A.L	de	Cronacle
A.L	de	Crédit Agricole (Unternehmen)
A.L	de	Customer-Relationship-Management
A.L	de	Customizing
A.L	de	DATEV
A.L	de	DAX
A.L	de	DBMS
A.L	de	DEIG
A.L	de	Daimler AG
A.L	de	Danone
A.L	de	Datenbank
A.L	de	Datenschutz
A.L	de	Datenschutzbeauftragter
A.L	de	Datenschutzgesetz 2000
A.L	de	Datensicherheit
A.L	de	Datenträgeraustauschverfahren
A.L	de	Deutsche Bank
A.L	de	Deutsche Börse
A.L	de	Deutsche Post AG
A.L	de	Deutsche Telekom
A.L	de	Deutschsprachige SAP-Anwendergruppe
A.L	de	Development Infrastructure
A.L	de	Die Zeit
A.L	de	Dietmar Hopp
A.L	de	Dow Jones Euro Stoxx 50
A.L	de	Dresdner Bank
A.L	de	E.ON
A.L	de	ELSTER
A.L	de	EURO STOXX 50
A.L	de	Echtzeit
A.L	de	Einkauf
A.L	de	Enel
A.L	de	Eni (Unternehmen)
A.L	de	Enterprise Job Scheduling
A.L	de	Enterprise Portal
A.L	de	Enterprise Resource Planning
A.L	de	Epcos
A.L	de	Erlös
A.L	de	Euro
A.L	de	European Research Center for Information Systems
A.L	de	Evonik Degussa
A.L	de	Feindliche Übernahme
A.L	de	Feldmühle (Unternehmen)
A.L	de	France Telecom
A.L	de	Frankfurt am Main
A.L	de	Frankfurter Wertpapierbörse
A.L	de	Frankreich
A.L	de	Fresenius (Unternehmen)
A.L	de	Fresenius Medical Care
A.L	de	GDF Suez
A.L	de	Gartner Inc.
A.L	de	Geschäftsprozess
A.L	de	Gesellschaft bürgerlichen Rechts (Deutschland)
A.L	de	Gesundheitsschutz
A.L	de	Gewinn
A.L	de	Grafische Benutzeroberfläche
A.L	de	Großrechner
A.L	de	Großunternehmen
A.L	de	Gründung (Recht)
A.L	de	HP-UX
A.L	de	Handelszeitung
A.L	de	Hannover Rück
A.L	de	Hans-Werner Hector
A.L	de	Hasso Plattner
A.L	de	Hauptversammlung
A.L	de	HeidelbergCement
A.L	de	Henkel (Unternehmen)
A.L	de	Henning Kagermann
A.L	de	Hewlett-Packard
A.L	de	Hoechst
A.L	de	House of IT
A.L	de	Hypo Real Estate
A.L	de	IBM
A.L	de	IBM DB2
A.L	de	ICON-SCM
A.L	de	IDS Scheer
A.L	de	ING Groep
A.L	de	Iberdrola
A.L	de	Imperial Chemical Industries
A.L	de	Indien
A.L	de	Infineon
A.L	de	Informix Dynamic Server
A.L	de	Intel
A.L	de	International Securities Identification Number
A.L	de	Intesa Sanpaolo
A.L	de	Israel
A.L	de	Japan
A.L	de	Java EE
A.L	de	Jim Hagemann Snabe
A.L	de	K+S
A.L	de	Kanada
A.L	de	Karstadt
A.L	de	Kartellrecht
A.L	de	Klaus Tschira
A.L	de	Kleine und mittlere Unternehmen
A.L	de	Kunde
A.L	de	Lagerhaltung
A.L	de	Lanxess
A.L	de	Layout
A.L	de	Linde AG
A.L	de	Linux
A.L	de	List & Label
A.L	de	Loans Management
A.L	de	Lochkarte
A.L	de	Lufthansa
A.L	de	Léo Apotheker
A.L	de	L’Oréal
A.L	de	MAN
A.L	de	MLP AG
A.L	de	Mandantenfähigkeit
A.L	de	Mannesmann
A.L	de	Mannheim
A.L	de	Markdorf
A.L	de	Marktanteil
A.L	de	Merck KGaA
A.L	de	Metro AG
A.L	de	Microsoft
A.L	de	Microsoft Dynamics NAV
A.L	de	Microsoft SQL Server
A.L	de	Microsoft Windows
A.L	de	Mitarbeiter
A.L	de	Mobile Infrastructure
A.L	de	Modul (Software)
A.L	de	Moët Hennessy Louis Vuitton
A.L	de	Munich Re
A.L	de	NetApp
A.L	de	New York Stock Exchange
A.L	de	Nixdorf Computer
A.L	de	Nokia
A.L	de	Novell
A.L	de	OS/400
A.L	de	Oakland
A.L	de	Online Transaction Processing
A.L	de	Open Text
A.L	de	Oracle
A.L	de	Organisches Wachstum
A.L	de	Orlando (Florida)
A.L	de	Outlooksoft
A.L	de	Personalwesen
A.L	de	Philips
A.L	de	Polen
A.L	de	Polyamide
A.L	de	Postbank
A.L	de	Potsdam
A.L	de	Preussag
A.L	de	Product-Lifecycle-Management
A.L	de	Produktion
A.L	de	RWE
A.L	de	Rechenzentrum
A.L	de	Rechtsform
A.L	de	Replizierung
A.L	de	Reporting
A.L	de	Repsol YPF
A.L	de	Reuven Agassi
A.L	de	Richtlinie 95/46 EG
A.L	de	SAP Business Suite
A.L	de	SAP ERP
A.L	de	SAP HANA
A.L	de	SAP MaxDB
A.L	de	SAP NetWeaver
A.L	de	SAP Process Integration
A.L	de	SAP R/2
A.L	de	SAP R/3
A.L	de	SAP for Retail
A.L	de	SAP for Utilities
A.L	de	SASPF
A.L	de	SUN
A.L	de	Sage Group
A.L	de	Salzgitter AG
A.L	de	Sanofi-Aventis
A.L	de	Sap
A.L	de	Schneider Electric
A.L	de	Serviceorientierte Architektur
A.L	de	Shai Agassi
A.L	de	Siemens
A.L	de	Sitz (juristische Person)
A.L	de	Slowakei
A.L	de	Societe Generale
A.L	de	Software
A.L	de	Softwarearchitektur
A.L	de	Solaris (Betriebssystem)
A.L	de	Spiegel Online
A.L	de	Squeeze-out
A.L	de	Standardsoftware
A.L	de	Steeb Anwendungssysteme
A.L	de	Supplier Relationship Management
A.L	de	Supply-Chain-Management
A.L	de	Sybase
A.L	de	Systems
A.L	de	T-Systems
A.L	de	TUI
A.L	de	Telecom Italia
A.L	de	Telefónica
A.L	de	ThyssenKrupp
A.L	de	Total (Unternehmen)
A.L	de	UNIX
A.L	de	Umweltmanagement
A.L	de	Ungarn
A.L	de	UniCredit Group
A.L	de	Unibail-rodamco
A.L	de	Unilever
A.L	de	Unternehmensführung
A.L	de	Unternehmenslogo
A.L	de	VEBA
A.L	de	VIAG
A.L	de	Vereinigte Staaten
A.L	de	Vertrieb
A.L	de	Vinci (Unternehmen)
A.L	de	Vivendi
A.L	de	Volksrepublik China
A.L	de	Volkswagen AG
A.L	de	Walldorf (Baden)
A.L	de	Wartung
A.L	de	Web Dynpro
A.L	de	Website
A.L	de	Weinheim
A.L	de	Werner Brandt
A.L	de	Windows NT
A.L	de	Wirtschaftszweig
A.L	de	Workstation
A.L	de	Z/OS
B.L	fy	1972
B.L	fy	Enterprice Resource Planning
B.L	fy	IBM
B.L	fy	Microsoft
B.L	fy	Oracle
B.L	fy	Weinheim
B.L	fi	1972
B.L	fi	2005
B.L	fi	Adidas
B.L	fi	Allianz
B.L	fi	BASF
B.L	fi	BMW
B.L	fi	Bayer
B.L	fi	Beiersdorf
B.L	fi	Commerzbank
B.L	fi	DAX-indeksi
B.L	fi	Daimler
B.L	fi	Deutsche Bank
B.L	fi	Deutsche Börse
B.L	fi	Deutsche Post
B.L	fi	Deutsche Telekom
B.L	fi	E.ON
B.L	fi	Eurooppa
B.L	fi	Frankfurtin pörssi
B.L	fi	Fresenius
B.L	fi	Fresenius Medical Care
B.L	fi	Hannover Re
B.L	fi	Henkel
B.L	fi	IBM
B.L	fi	K+S
B.L	fi	Liikevaihto
B.L	fi	Linde
B.L	fi	Lufthansa
B.L	fi	Lyhenne
B.L	fi	MAN (yritys)
B.L	fi	METRO AG
B.L	fi	Mannheim
B.L	fi	Merck KGaA
B.L	fi	Munich Re
B.L	fi	New Yorkin pörssi
B.L	fi	Osake
B.L	fi	RWE
B.L	fi	Saksa
B.L	fi	Salzgitter (yritys)
B.L	fi	Siemens
B.L	fi	ThyssenKrupp
B.L	fi	Toimiala
B.L	fi	Toiminnanohjausjärjestelmä
B.L	fi	Volkswagen
B.L	fi	Walldorf
B.L	fi	Wikimedia Commons
B.L	fi	Yhtiömuoto
B.L	fi	Yritys
B.L	fi	Wikipedia:Tynkä
B.L	fi	Luokka:Yritystyngät
B.L	fr	.NET
B.L	fr	1972
B.L	fr	2007
B.L	fr	2008
B.L	fr	2010
B.L	fr	2012
B.L	fr	ABAP
B.L	fr	Accenture
B.L	fr	Action (finance)
B.L	fr	Activision Blizzard
B.L	fr	Adidas
B.L	fr	Allemagne
B.L	fr	Allianz
B.L	fr	Amérique du Nord
B.L	fr	BASF
B.L	fr	Bade-Wurtemberg
B.L	fr	Bangalore
B.L	fr	Bases de données
B.L	fr	Bayer (entreprise)
B.L	fr	Bayerische Motoren Werke
B.L	fr	Beiersdorf
B.L	fr	Biens et services marchands
B.L	fr	Blogs
B.L	fr	Bonn
B.L	fr	Bourse de Francfort
B.L	fr	Bourse de New York
B.L	fr	Bulgarie
B.L	fr	Business Objects
B.L	fr	Business Suite
B.L	fr	Canada
B.L	fr	Capgemini
B.L	fr	CeBIT
B.L	fr	Chef d'entreprise
B.L	fr	Chiffre d'affaires
B.L	fr	Chine
B.L	fr	Commerce électronique
B.L	fr	Commerzbank
B.L	fr	Continental AG
B.L	fr	DAX
B.L	fr	Daimler (entreprise)
B.L	fr	Danemark
B.L	fr	Deloitte
B.L	fr	Deutsche Bank
B.L	fr	Deutsche Börse
B.L	fr	Deutsche Post
B.L	fr	Deutsche Telekom
B.L	fr	Dietmar Hopp
B.L	fr	E.ON
B.L	fr	EMC Corporation
B.L	fr	Entreprise
B.L	fr	Ericsson
B.L	fr	Filiales
B.L	fr	Fondation
B.L	fr	Fondation de France
B.L	fr	Francfort
B.L	fr	Fresenius
B.L	fr	Fresenius Medical Care
B.L	fr	Gurgaon
B.L	fr	HCL Technologies
B.L	fr	Hasso Plattner
B.L	fr	Heidelberg
B.L	fr	HeidelbergCement
B.L	fr	Henkel
B.L	fr	Henning Kagermann
B.L	fr	Hewlett-Packard
B.L	fr	Hongrie
B.L	fr	Hyderâbâd (Andhra Pradesh)
B.L	fr	IBM
B.L	fr	Imperial Chemical Industries
B.L	fr	Inde
B.L	fr	Infineon Technologies
B.L	fr	Informatique
B.L	fr	International Business Machines
B.L	fr	Internet
B.L	fr	Israël
B.L	fr	Italie
B.L	fr	Java (langage)
B.L	fr	K+S
B.L	fr	Karmiel
B.L	fr	Lanxess
B.L	fr	Linde AG
B.L	fr	Liste de progiciels de gestion intégrés
B.L	fr	Logiciel
B.L	fr	Lufthansa
B.L	fr	Léo Apotheker
B.L	fr	Mannheim
B.L	fr	Merck KGaA
B.L	fr	Microsoft
B.L	fr	Montréal
B.L	fr	Munich Re
B.L	fr	NASDAQ
B.L	fr	NYSE Euronext
B.L	fr	Netweaver
B.L	fr	Nintendo
B.L	fr	Oracle Corporation
B.L	fr	Palo Alto
B.L	fr	Pennsylvanie
B.L	fr	Petites et moyennes entreprises
B.L	fr	PricewaterhouseCoopers
B.L	fr	Progiciel
B.L	fr	Progiciel de gestion intégré
B.L	fr	Progiciels de gestion intégrés
B.L	fr	RWE
B.L	fr	Ra'anana
B.L	fr	Recherche et développement
B.L	fr	Responsabilité sociale
B.L	fr	SAP
B.L	fr	SAP (entreprise)
B.L	fr	SAP ERP
B.L	fr	SAP Research
B.L	fr	SOA
B.L	fr	Secteur d'activité
B.L	fr	Shai Agassi
B.L	fr	Shanghai
B.L	fr	Siemens (entreprise)
B.L	fr	Siemens IT Solutions and Services
B.L	fr	Site web
B.L	fr	Siège social
B.L	fr	Slogan publicitaire
B.L	fr	Société anonyme
B.L	fr	Sophia
B.L	fr	Suède
B.L	fr	Sybase
B.L	fr	Symantec
B.L	fr	Systems, applications, and products for data processing
B.L	fr	ThyssenKrupp
B.L	fr	Turquie
B.L	fr	Volkswagen (entreprise)
B.L	fr	Walldorf
B.L	fr	États-Unis
B.L	fr	Discussion:SAP (entreprise)
B.L	fr	Wikipédia:Neutralité de point de vue
B.L	fr	Modèle:ISIN
B.L	fr	Modèle:Infobox Société
B.L	fr	Modèle:Palette DAX
B.L	fr	Modèle:Palette Société logiciel
B.L	fr	Discussion modèle:Palette DAX
B.L	fr	Discussion modèle:Palette Société logiciel
B.L	fr	Aide:Homonymie
B.L	fr	Catégorie:Forme juridique des entreprises
B.L	fr	Catégorie:Portail:Bade-Wurtemberg/Articles liés
B.L	fr	Catégorie:Portail:Entreprises/Articles liés
B.L	fr	Catégorie:Portail:Logiciel/Articles liés
B.L	fr	Portail:Bade-Wurtemberg
B.L	fr	Portail:Entreprises
B.L	fr	Portail:Logiciel
B.L	he	1972
B.L	he	2002
B.L	he	2007
B.L	he	2008
B.L	he	2009
B.L	he	Business Objects
B.L	he	CRM
B.L	he	Enterprise resource planning
B.L	he	IBM
B.L	he	Microsoft Biztalk Server
B.L	he	SAP R/3
B.L	he	Sybase
B.L	he	אירו
B.L	he	אירופה
B.L	he	ארכיטקטורה רב-שכבתית (תוכנה)
B.L	he	ארכיטקטורת תוכנה
B.L	he	בולגריה
B.L	he	בטר פלייס
B.L	he	גרמניה
B.L	he	הבורסה לניירות ערך בניו יורק
B.L	he	הודו
B.L	he	הונגריה
B.L	he	וולדורף
B.L	he	וולדורף (גרמניה)
B.L	he	ויקישיתוף
B.L	he	חברת הזנק
B.L	he	חברת מנהל
B.L	he	יישומים
B.L	he	ישראל
B.L	he	כרמיאל
B.L	he	ממשק משתמש
B.L	he	מסד נתונים
B.L	he	נס טכנולוגיות
B.L	he	סין
B.L	he	עיבוד נתונים
B.L	he	עסקים קטנים ובינוניים
B.L	he	פרנקפורט
B.L	he	צד לקוח
B.L	he	קליפורניה
B.L	he	קנדה
B.L	he	קרן ויקימדיה
B.L	he	ראשי תיבות
B.L	he	רעננה
B.L	he	שי אגסי
B.L	he	שרת יישומים
B.L	he	תובנה עסקית
B.L	he	תוכנה
B.L	gl	1972
B.L	gl	2005
B.L	gl	Alemaña
B.L	gl	Alemaña - Deutschland
B.L	gl	ERP
B.L	gl	IBM
B.L	gl	Industria
B.L	gl	Lingua
B.L	gl	R3
B.L	gl	Sociedade Anónima
B.L	gl	Software
B.L	gl	Walldorf
B.L	fa	3Com
B.L	fa	Actuate Corporation
B.L	fa	Adaptec
B.L	fa	Agilent Technologies
B.L	fa	Amdahl Corporation
B.L	fa	Applied Materials
B.L	fa	Aricent
B.L	fa	BEA Systems
B.L	fa	Brocade Communications Systems
B.L	fa	Business Objects
B.L	fa	Carnegie Mellon Silicon Valley
B.L	fa	Cogswell College
B.L	fa	Computer Literacy Bookstore
B.L	fa	Cypress Semiconductor
B.L	fa	De Anza College
B.L	fa	Evergreen Valley College
B.L	fa	Foothill College
B.L	fa	Foundry Networks
B.L	fa	Fry's Electronics
B.L	fa	Geeknet
B.L	fa	Hitachi Global Storage Technologies
B.L	fa	International Technological University
B.L	fa	Intuit
B.L	fa	Juniper Networks
B.L	fa	Knight Ridder
B.L	fa	LSI Corporation
B.L	fa	Magellan Navigation
B.L	fa	Marvell Technology Group
B.L	fa	Maxtor
B.L	fa	Memorex
B.L	fa	Menlo College
B.L	fa	Mission College (Santa Clara, California)
B.L	fa	National Hispanic University
B.L	fa	NetApp
B.L	fa	Netscape
B.L	fa	Nortel
B.L	fa	Northwestern Polytechnic University
B.L	fa	OPPO Digital
B.L	fa	Ohlone College
B.L	fa	Palm, Inc.
B.L	fa	PalmSource
B.L	fa	Rambus
B.L	fa	Redback Networks
B.L	fa	Reputation.com
B.L	fa	SRI International
B.L	fa	San Jose City College
B.L	fa	Santa Clara University
B.L	fa	Silicon Graphics
B.L	fa	Silicon Image Inc.
B.L	fa	Silicon Valley Technical Institute
B.L	fa	Silicon Valley University
B.L	fa	Solectron
B.L	fa	Symyx Technologies
B.L	fa	Taligent
B.L	fa	TiVo
B.L	fa	Veritas Software
B.L	fa	آتاری
B.L	fa	آتوس
B.L	fa	آدیداس
B.L	fa	آرسلور میتال
B.L	fa	آفریقا
B.L	fa	آلترا
B.L	fa	آلمان
B.L	fa	آلکاتل-لوسنت
B.L	fa	آلیانتس
B.L	fa	آمازون.کام
B.L	fa	آمریکا موویل
B.L	fa	آمریکای لاتین
B.L	fa	آنهویزر-بوش انبیو
B.L	fa	آویا
B.L	fa	آکسا
B.L	fa	آی‌ای‌سی
B.L	fa	آی‌بی‌ام
B.L	fa	ئی‌بی
B.L	fa	ا.آن
B.L	fa	اتمل
B.L	fa	ادوبی
B.L	fa	ار وه ئه
B.L	fa	ارتباطات همراه سونی
B.L	fa	اروپا
B.L	fa	اریکسون
B.L	fa	استرالیا
B.L	fa	اسپرینت نکستل
B.L	fa	اسیلور
B.L	fa	اس‌ام‌آی‌سی
B.L	fa	اس‌ای‌آی‌سی
B.L	fa	اس‌تی‌میکروالکترونیکز
B.L	fa	اس‌کی تلکام
B.L	fa	اشنایدر الکتریک
B.L	fa	اقیانوس آرام
B.L	fa	ال و ام هاش
B.L	fa	الپیدا مموری
B.L	fa	الکترونیک آرتس
B.L	fa	ال‌جی الکترونیکس
B.L	fa	ام‌تی‌اس
B.L	fa	انل
B.L	fa	انی
B.L	fa	ان‌ایکس‌پی
B.L	fa	ان‌ای‌سی
B.L	fa	ان‌ای‌سی کاسیو
B.L	fa	ان‌تی‌تی دوکومو
B.L	fa	ان‌تی‌تی دیتا
B.L	fa	ان‌سی‌آر
B.L	fa	ان‌ویدیا
B.L	fa	اوراکل
B.L	fa	اورنج
B.L	fa	اوپتوس
B.L	fa	اپل (شرکت)
B.L	fa	اچ‌تی‌سی
B.L	fa	اچ‌سی‌ال
B.L	fa	اچ‌پی
B.L	fa	اکسنچر
B.L	fa	ایالات متحده آمریکا
B.L	fa	ایبردرولا
B.L	fa	ایر لیکوئید
B.L	fa	ایست پالو آلتو، کالیفرنیا
B.L	fa	ایستمن کداک
B.L	fa	ایسر
B.L	fa	اینتسا سانپائولو
B.L	fa	اینتل
B.L	fa	اینتویت
B.L	fa	ایندرا(شرکت)
B.L	fa	ایندیتکس
B.L	fa	اینفوسیس
B.L	fa	اینفینئون
B.L	fa	ای‌اس‌ام‌ال هولدینگ
B.L	fa	ای‌ام‌دی
B.L	fa	ای‌ام‌سی
B.L	fa	ای‌تی اند تی
B.L	fa	ای‌سوز
B.L	fa	ب آ اس اف
B.L	fa	ب ام و
B.L	fa	ب ان پ پاریبا
B.L	fa	بادن-وورتمبرگ
B.L	fa	بازاریابی
B.L	fa	بانکو بیلبائو
B.L	fa	بایدو
B.L	fa	بایر (شرکت)
B.L	fa	بایرسدورف
B.L	fa	برنامه‌ریزی منابع سازمان
B.L	fa	برودکام
B.L	fa	بل کانادا
B.L	fa	بلک‌بری (شرکت)
B.L	fa	بهارتی ایرتل
B.L	fa	بورس فرانکفورت
B.L	fa	بوزآلن هامیلتون
B.L	fa	بیل مک‌درموت
B.L	fa	بی‌تی(شرکت)
B.L	fa	بی‌تی گروپ
B.L	fa	تاورجاز
B.L	fa	تسلا موتورز
B.L	fa	تلفونیکا
B.L	fa	تله‌نور
B.L	fa	تلکام ایتالیا
B.L	fa	تلیاسونرا
B.L	fa	تنسنت هولدینگز
B.L	fa	توتال
B.L	fa	توشیبا
B.L	fa	تگزاس اینسترومنتس
B.L	fa	تی-موبایل
B.L	fa	تیسن‌کروپ
B.L	fa	تی‌اس‌ام‌سی
B.L	fa	تی‌سیستمز
B.L	fa	تی‌سی‌اس
B.L	fa	تی‌پی‌وی تکنولوژی
B.L	fa	جنرالی
B.L	fa	جنوب شرق آسیا
B.L	fa	جونیپر
B.L	fa	خاورمیانه
B.L	fa	دانشگاه استنفورد
B.L	fa	دانشگاه ایالتی سن خوزه
B.L	fa	دانشگاه کالیفرنیا، برکلی
B.L	fa	دانشگاه کالیفرنیا، سانتا کروز
B.L	fa	دانون
B.L	fa	دایملر آ گ
B.L	fa	دره سیلیکون
B.L	fa	دل (شرکت)
B.L	fa	دویچه بانک
B.L	fa	دویچه بورزه
B.L	fa	دویچه تلکوم
B.L	fa	دویچه پست
B.L	fa	دیتمار هوپ
B.L	fa	دیلویت
B.L	fa	راجرز
B.L	fa	راکوتن
B.L	fa	ردوود سیتی، کالیفرنیا
B.L	fa	رنساس
B.L	fa	رپسول
B.L	fa	ریکو
B.L	fa	زایلینکس
B.L	fa	زبان آلمانی
B.L	fa	زدتی‌ای
B.L	fa	زلاندنو
B.L	fa	زیراکس (شرکت)
B.L	fa	زیمنس
B.L	fa	ساراتوگا، کالیفرنیا
B.L	fa	سافت‌بانک
B.L	fa	سامانه سازمانی
B.L	fa	سامسونگ الکترونیکس
B.L	fa	سان دیسک
B.L	fa	سان ماتیو، کالیفرنیا
B.L	fa	سان مایکروسیستمز
B.L	fa	سانتا کلارا، کالیفرنیا
B.L	fa	سانتاندر گروپ
B.L	fa	سانوفی
B.L	fa	سانی ویل، کالیفرنیا
B.L	fa	سانیمینا-اس‌سی‌آی
B.L	fa	سان‌خوزه٬ کالیفرنیا
B.L	fa	سعودی تلکام
B.L	fa	سلستیکا
B.L	fa	سن-گوبن
B.L	fa	سنچری‌لینک
B.L	fa	سوئیس‌کام
B.L	fa	سوسیته ژنرال
B.L	fa	سونی
B.L	fa	سیسکو سیستمز
B.L	fa	سیمنتک
B.L	fa	سینگ‌تل
B.L	fa	سیکو اپسون
B.L	fa	سیگیت
B.L	fa	سی‌آراچ
B.L	fa	سی‌اس‌سی
B.L	fa	سی‌ای
B.L	fa	سی‌جی‌آی گروپ
B.L	fa	شارپ
B.L	fa	شرکت سهامی عام
B.L	fa	شرکت متحده میکروالکترونیک
B.L	fa	شرکت نرم‌افزاری اپرا
B.L	fa	فاکس‌کان
B.L	fa	فرانس تلکوم
B.L	fa	فرزنیوس
B.L	fa	فرزنیوس مدیکال کر
B.L	fa	فریمانت، کالیفرنیا
B.L	fa	فری‌اسکیل
B.L	fa	فلکسترونیکز
B.L	fa	فناوری اطلاعات
B.L	fa	فهرست بزرگترین شرکت‌های فناوری اطلاعات
B.L	fa	فهرست محصولات اس آ پ
B.L	fa	فوجیتسو
B.L	fa	فیس‌بوک
B.L	fa	فیلیپس
B.L	fa	لاجیتک
B.L	fa	لاجیکا
B.L	fa	لانکسس
B.L	fa	لنوو
B.L	fa	لورئال
B.L	fa	لوس آلتوس
B.L	fa	لوس آلتوس هیلز، کالیفرنیا
B.L	fa	لوس گاتوس، کالیفرنیا
B.L	fa	لوفت‌هانزا
B.L	fa	لگزمارک
B.L	fa	لینده
B.L	fa	مارول
B.L	fa	مانتین ویو
B.L	fa	مانهایم
B.L	fa	مایکروسافت
B.L	fa	مدیاتک
B.L	fa	مدیریت روابط با مشتری
B.L	fa	مرک
B.L	fa	منلو پارک، کالیفرنیا
B.L	fa	موتورولا سولوشنز
B.L	fa	موتورولا موبیلیتی
B.L	fa	مک‌آفی (شرکت)
B.L	fa	میتسوبیشی الکتریک
B.L	fa	میلپیتاس
B.L	fa	میونیک ره
B.L	fa	میکرون تکنولوژی
B.L	fa	نت‌اپ
B.L	fa	نت‌ایز
B.L	fa	نرم افزار
B.L	fa	نرم‌افزارهای سازمانی
B.L	fa	نزدک
B.L	fa	نشنال سمی‌کنداکتر
B.L	fa	نورتروپ گرومن
B.L	fa	نوکیا
B.L	fa	نوکیا زیمنس نتورکز
B.L	fa	نکست
B.L	fa	نینتندو
B.L	fa	نیوارک، کالیفرنیا
B.L	fa	نیپون تلگراف اند تلفن
B.L	fa	هاسو پلاتنر
B.L	fa	هایدلبرگ‌سمنت
B.L	fa	هاینیکس
B.L	fa	هند
B.L	fa	هنکل
B.L	fa	هواوی
B.L	fa	هوتچیسن
B.L	fa	هیتاچی
B.L	fa	والدورف
B.L	fa	واینهایم
B.L	fa	وبکس
B.L	fa	ورایزون
B.L	fa	وری‌ساین
B.L	fa	وسترن دیجیتال
B.L	fa	وودافون
B.L	fa	ویا تکنولوژی
B.L	fa	ویسترون
B.L	fa	وینچی
B.L	fa	ویوندی
B.L	fa	ویپرو
B.L	fa	وی‌ام‌ویر
B.L	fa	پالو آلتو
B.L	fa	پاناسونیک
B.L	fa	پین‌ترست
B.L	fa	پی‌پل
B.L	fa	چاینا تلکام
B.L	fa	چاینا موبایل
B.L	fa	چاینا یونی‌کام
B.L	fa	چین
B.L	fa	ژ د اف سوئز
B.L	fa	ژابیل
B.L	fa	ژاپن
B.L	fa	کا+اس
B.L	fa	کاتی
B.L	fa	کادی‌دی‌آی
B.L	fa	کارائیب
B.L	fa	کارفور
B.L	fa	کالیفرنیا
B.L	fa	کامکست
B.L	fa	کانادا
B.L	fa	کانن (شرکت)
B.L	fa	کره
B.L	fa	کلاس ولنروتر
B.L	fa	کلاوس شیرا
B.L	fa	کمپبل، کالیفرنیا
B.L	fa	کوالکام
B.L	fa	کوانت کامپیوتر
B.L	fa	کومرتس‌بانک
B.L	fa	کومپال الکترونیک
B.L	fa	کونتیننتال آ گ
B.L	fa	کونیکا منتولا
B.L	fa	کوپرتینو، کالیفرنیا
B.L	fa	کوگنیزانت
B.L	fa	کیوسرا
B.L	fa	کی‌پی‌ان
B.L	fa	گایا آنلاین
B.L	fa	گترونیکس
B.L	fa	گروه فولکس‌واگن
B.L	fa	گروپون
B.L	fa	گلوبال فوندریز
B.L	fa	گوگل
B.L	fa	یاندکس
B.L	fa	یاهو!
B.L	fa	یورو
B.L	fa	یورو استاکس ۵۰
B.L	fa	یونیبیل-رودآمکو
B.L	fa	یونیلیور
B.L	fa	یونی‌سیس
B.L	fa	یونی‌کردیت
B.L	fa	ویکی‌پدیا:اثبات‌پذیری
B.L	fa	ویکی‌پدیا:تمیزکاری
B.L	fa	ویکی‌پدیا:شیوه ارجاع به منابع
B.L	fa	الگو:ISIN
B.L	fa	الگو:سیلیکون ولی
B.L	fa	الگو:شرکت‌های دکس
B.L	fa	الگو:شرکت‌های مهم فناوری اطلاعات
B.L	fa	الگو:شرکت‌های یورو استاکس ۵۰
B.L	fa	بحث الگو:سیلیکون ولی
B.L	fa	بحث الگو:شرکت‌های دکس
B.L	fa	بحث الگو:شرکت‌های مهم فناوری اطلاعات
B.L	fa	بحث الگو:شرکت‌های یورو استاکس ۵۰
B.L	fa	رده:شرکت‌های مستقر در سیلیکون ولی
B.L	el	1972
B.L	el	ERP
B.L	el	Java
B.L	el	Βάλντορφ
B.L	el	Γερμανία
B.L	el	Εταιρεία
B.L	el	Ευρώπη
B.L	el	Λογισμικό
B.L	eo	1972
B.L	eo	Akcia societo
B.L	eo	Baden-Virtembergo
B.L	eo	Germanio
B.L	eo	ISIN
B.L	eo	Walldorf
B.L	eo	Weinheim
B.L	eo	Vikipedio:Informkestoj
B.L	eo	Ŝablono:Informkesto firmao
B.L	eo	Ŝablono-Diskuto:Informkesto firmao
B.L	en	3-tier architecture
B.L	en	360buy
B.L	en	ABAP
B.L	en	ACE Limited
B.L	en	ASML Holding
B.L	en	ASUG
B.L	en	AT&T Inc.
B.L	en	AXA
B.L	en	Accenture
B.L	en	Acer Inc.
B.L	en	Acme Markets
B.L	en	Acronym
B.L	en	Adidas
B.L	en	Adobe Systems
B.L	en	Advanced Micro Devices
B.L	en	Africa
B.L	en	AgustaWestland
B.L	en	Air Liquide
B.L	en	Airgas
B.L	en	Aktiengesellschaft
B.L	en	Alcatel-Lucent
B.L	en	Alibaba Group
B.L	en	Allianz
B.L	en	AlliedBarton
B.L	en	Amazon.com
B.L	en	American Express
B.L	en	Americas' SAP Users' Group
B.L	en	AmerisourceBergen
B.L	en	Amoroso's Baking Company
B.L	en	América Móvil
B.L	en	Andy Roddick
B.L	en	Anheuser-Busch InBev
B.L	en	Annual general meeting
B.L	en	Apple Inc.
B.L	en	Application lifecycle management
B.L	en	Application server
B.L	en	Aqua America
B.L	en	Aramark
B.L	en	Arcelor Mittal
B.L	en	Ashland Inc.
B.L	en	Asia Pacific
B.L	en	Asset
B.L	en	Assicurazioni Generali
B.L	en	AstraZeneca
B.L	en	Asus
B.L	en	Atos
B.L	en	Australia
B.L	en	Avaya
B.L	en	BASF
B.L	en	BBVA
B.L	en	BMW
B.L	en	BNP Paribas
B.L	en	BT Global Services
B.L	en	BT Group
B.L	en	Baidu
B.L	en	Ballard Spahr
B.L	en	Banco Santander
B.L	en	Bangalore
B.L	en	Bayer AG
B.L	en	Beiersdorf
B.L	en	Bell Canada
B.L	en	Beneficial Bank
B.L	en	Bentley Systems
B.L	en	Bernard Liautaud
B.L	en	Bharti Airtel
B.L	en	Bill McDermott
B.L	en	BlackBerry (company)
B.L	en	Blackstone Group
B.L	en	Blank Rome
B.L	en	Booz Allen Hamilton
B.L	en	Boscov's
B.L	en	Brandywine Realty Trust
B.L	en	Brazil
B.L	en	Broadcom
B.L	en	Bulgaria
B.L	en	Burlington Coat Factory
B.L	en	Business Intelligence
B.L	en	Business Objects
B.L	en	Business Objects (company)
B.L	en	Business Suite
B.L	en	Börse Stuttgart
B.L	en	CACI
B.L	en	CA Technologies
B.L	en	CGI Group
B.L	en	CRH plc
B.L	en	California
B.L	en	Campbell Soup Company
B.L	en	Canada
B.L	en	Canon Inc.
B.L	en	Capgemini
B.L	en	Caribbean
B.L	en	Carpenter Technology Corporation
B.L	en	Carrefour
B.L	en	Celestica
B.L	en	Centocor
B.L	en	CenturyLink
B.L	en	Cephalon
B.L	en	China Mobile
B.L	en	China Telecom
B.L	en	China Unicom
B.L	en	Christiana Care Health System
B.L	en	Cirque du Soleil
B.L	en	Cisco Systems
B.L	en	Claus Wellenreuther
B.L	en	Client-server architecture
B.L	en	Cloud computing
B.L	en	Coghead
B.L	en	Cognizant Technology Solutions
B.L	en	Colonial Penn
B.L	en	Comcast
B.L	en	Commerzbank
B.L	en	Compal Electronics
B.L	en	Computer Sciences Corporation
B.L	en	Conseco
B.L	en	Continental AG
B.L	en	Converse (shoe company)
B.L	en	Cozen O'Connor
B.L	en	Crown Holdings
B.L	en	Crozer Keystone Health System
B.L	en	Customer Relationship Management
B.L	en	DAX
B.L	en	Daimler AG
B.L	en	Database
B.L	en	Day & Zimmermann
B.L	en	Dechert
B.L	en	Delaware Investments
B.L	en	Delaware Valley
B.L	en	Dell
B.L	en	Delmarva Power
B.L	en	Deloitte
B.L	en	Deutsche Bank
B.L	en	Deutsche Börse
B.L	en	Deutsche Post
B.L	en	Deutsche Telekom
B.L	en	Dietmar Hopp
B.L	en	Digital China
B.L	en	Dow Chemical
B.L	en	Drinker Biddle & Reath
B.L	en	DuPont
B.L	en	Duane Morris
B.L	en	E.ON
B.L	en	EBay
B.L	en	EMC Corporation
B.L	en	ENFOS, Inc.
B.L	en	Earnings before interest and taxes
B.L	en	Eastman Kodak
B.L	en	Enel
B.L	en	Eni
B.L	en	Enterprise Resource Planning
B.L	en	Enterprise mobility management
B.L	en	Enterprise modelling
B.L	en	Enterprise software
B.L	en	Equity (finance)
B.L	en	Ericsson
B.L	en	Ernie Els
B.L	en	Essilor
B.L	en	Euro
B.L	en	Euro Stoxx 50
B.L	en	Europe
B.L	en	Exelon
B.L	en	Facebook
B.L	en	First Round Capital
B.L	en	Flextronics
B.L	en	Flowers Foods
B.L	en	Forman Mills
B.L	en	Fortune 500
B.L	en	Foxconn
B.L	en	France
B.L	en	France Télécom
B.L	en	Frankfurt Stock Exchange
B.L	en	Freescale Semiconductor
B.L	en	Fresenius (company)
B.L	en	Fresenius Medical Care
B.L	en	Fujitsu
B.L	en	GDF Suez
B.L	en	GSI Commerce
B.L	en	Gartner
B.L	en	Germany
B.L	en	Girl Distribution Company
B.L	en	GlaxoSmithKline
B.L	en	GlobalFoundries
B.L	en	GmbH
B.L	en	Google
B.L	en	Governance, risk management, and compliance
B.L	en	Greater China
B.L	en	Groupe Danone
B.L	en	Groupon
B.L	en	Gurgaon
B.L	en	HCL Technologies
B.L	en	HIV
B.L	en	HP Enterprise Services
B.L	en	HP Software Division
B.L	en	HSBC Bank USA
B.L	en	HTC
B.L	en	Hamilton Lane
B.L	en	Hartmut Mehdorn
B.L	en	Hasso Plattner
B.L	en	HeidelbergCement
B.L	en	Henkel
B.L	en	Hercules Inc.
B.L	en	Hewlett-Packard
B.L	en	Hitachi Consulting
B.L	en	Hitachi Data Systems
B.L	en	Huawei
B.L	en	Human resource management
B.L	en	Hungary
B.L	en	Hutchison Telecommunications International Limited
B.L	en	IAC (company)
B.L	en	IBM
B.L	en	IBM Global Services
B.L	en	ICON-SCM
B.L	en	IDS Scheer
B.L	en	ING Group
B.L	en	Iberdrola
B.L	en	Imperial Chemical Industries
B.L	en	In-memory database
B.L	en	India
B.L	en	Inditex
B.L	en	Indra Sistemas
B.L	en	Infineon Technologies
B.L	en	Information technology
B.L	en	Infosys
B.L	en	Intel
B.L	en	International Securities Identification Number
B.L	en	Intesa Sanpaolo
B.L	en	Intuit
B.L	en	Ireland
B.L	en	Israel
B.L	en	Jabil Circuit
B.L	en	Japan
B.L	en	Joachim Milberg
B.L	en	Johnson & Johnson
B.L	en	Juniper Networks
B.L	en	K+S
B.L	en	KDDI
B.L	en	KPN
B.L	en	KT Corporation
B.L	en	Karmiel
B.L	en	Kerberos (protocol)
B.L	en	Klaus Tschira
B.L	en	Konica Minolta
B.L	en	Korea
B.L	en	Kyocera
B.L	en	L'Oréal
B.L	en	LG Electronics
B.L	en	LVMH
B.L	en	Lanxess
B.L	en	Latin America
B.L	en	Lenovo
B.L	en	Lexmark
B.L	en	Liberty Media
B.L	en	Liberty Property Trust
B.L	en	Lincoln National Corporation
B.L	en	List of ERP software packages
B.L	en	List of SAP products
B.L	en	List of companies based in the Philadelphia area
B.L	en	List of the largest information technology companies
B.L	en	List of the largest software companies
B.L	en	List of users' groups
B.L	en	Lufthansa
B.L	en	MAB Paints
B.L	en	MTN Group
B.L	en	MTS (network provider)
B.L	en	Mainframe computer
B.L	en	Mannheim
B.L	en	Marfrig
B.L	en	Marvell Technology Group
B.L	en	McNeil Laboratories
B.L	en	MediaTek
B.L	en	Merck KGaA
B.L	en	Micron Technology
B.L	en	Microsoft
B.L	en	Middle East
B.L	en	Mitsubishi Electric
B.L	en	Montreal
B.L	en	Morgan, Lewis & Bockius
B.L	en	Motorola Mobility
B.L	en	Motorola Solutions
B.L	en	Multinational corporation
B.L	en	Munich Re
B.L	en	NCR Corporation
B.L	en	NEC
B.L	en	NEC Casio Mobile Communications
B.L	en	NHN Corporation
B.L	en	NTT Data
B.L	en	NTT DoCoMo
B.L	en	NXP Semiconductors
B.L	en	Neoware
B.L	en	NetApp
B.L	en	NetEase
B.L	en	Net income
B.L	en	New York Stock Exchange
B.L	en	New York Yankees
B.L	en	New Zealand
B.L	en	Newtown Township, Delaware County, Pennsylvania
B.L	en	Nike Inc.
B.L	en	Nikon
B.L	en	Nippon Telegraph and Telephone
B.L	en	Nokia
B.L	en	Nokia Siemens Networks
B.L	en	Nvidia
B.L	en	Oi (telecommunications)
B.L	en	Olympus Corporation
B.L	en	OpenText
B.L	en	Oracle Corp.
B.L	en	Oracle Corporation
B.L	en	Oracle Corporation v. SAP AG
B.L	en	Orange Business Services
B.L	en	PECO Energy Company
B.L	en	Palo Alto
B.L	en	Palo Alto, California
B.L	en	Panasonic
B.L	en	Paula Creamer
B.L	en	Pekka Ala-Pietilä
B.L	en	Penn Mutual
B.L	en	Pennsylvania Real Estate Investment Trust
B.L	en	Pep Boys
B.L	en	Pepco Holdings
B.L	en	Pepper Hamilton
B.L	en	Philadelphia
B.L	en	Philadelphia Media Network
B.L	en	Philips
B.L	en	Pinnacle Foods
B.L	en	Polish Water Ice
B.L	en	Product Lifecycle Management
B.L	en	Product Red
B.L	en	QVC
B.L	en	Qualcomm
B.L	en	Quanta Computer
B.L	en	RFID
B.L	en	RWE
B.L	en	Ra'anana
B.L	en	Radian Group
B.L	en	Rakuten
B.L	en	Renesas Electronics
B.L	en	Repsol S.A.
B.L	en	Research and development
B.L	en	Ricoh
B.L	en	Rio Grande do Sul
B.L	en	Rita's Italian Ice
B.L	en	Rogers Communications
B.L	en	Rohm and Haas
B.L	en	SAP AG
B.L	en	SAP BW
B.L	en	SAP Business All-in-One
B.L	en	SAP Business ByDesign
B.L	en	SAP Business One
B.L	en	SAP Community Network
B.L	en	SAP ERP
B.L	en	SAP HANA
B.L	en	SAP Implementation
B.L	en	SAP NetWeaver
B.L	en	SAP Open
B.L	en	SAP R/2
B.L	en	SAP R/3
B.L	en	SAPgui
B.L	en	SEI Investments Company
B.L	en	SK Hynix
B.L	en	SK Telecom
B.L	en	SLM Corporation
B.L	en	STMicroelectronics
B.L	en	Saint-Gobain
B.L	en	Samsung Electronics
B.L	en	San Jose Sharks
B.L	en	Sanmina-SCI Corporation
B.L	en	Sanofi
B.L	en	Saudi Telecom Company
B.L	en	Saul Ewing
B.L	en	Schneider Electric
B.L	en	Seagate Technology
B.L	en	Seiko Epson
B.L	en	Semiconductor sales leaders by year
B.L	en	Service-oriented architecture
B.L	en	Shanghai
B.L	en	Sharp Corporation
B.L	en	Sherwin-Williams
B.L	en	Shire plc
B.L	en	Siemens
B.L	en	Siemens Medical Solutions
B.L	en	Sikorsky Aircraft
B.L	en	SingTel
B.L	en	Singapore
B.L	en	Single Sign-On
B.L	en	Small and Medium-sized Enterprise
B.L	en	Société Générale
B.L	en	SoftBank Mobile
B.L	en	Software
B.L	en	Software piracy
B.L	en	Sony
B.L	en	Sony Ericsson Open
B.L	en	Sony Mobile Communications
B.L	en	Sophia-Antipolis
B.L	en	Sophia Antipolis
B.L	en	Southeast Asia
B.L	en	Sovereign Bank
B.L	en	Sprint Nextel
B.L	en	Subaru of America
B.L	en	SuccessFactors
B.L	en	SunGard
B.L	en	Sunoco
B.L	en	SuperValu (United States)
B.L	en	Supplier Relationship Management
B.L	en	Supply Chain Management
B.L	en	Susquehanna International Group
B.L	en	Swisscom
B.L	en	Sybase
B.L	en	Symantec
B.L	en	São Leopoldo
B.L	en	T-Systems
B.L	en	TD Bank, N.A.
B.L	en	TPV Technology
B.L	en	TSMC
B.L	en	Tastykake
B.L	en	Tata Consultancy Services
B.L	en	Telecom Italia
B.L	en	Telefónica
B.L	en	Telenor
B.L	en	TeliaSonera
B.L	en	Tencent Holdings
B.L	en	Teva Pharmaceutical Industries
B.L	en	Texas Instruments
B.L	en	The Linde Group
B.L	en	The Vanguard Group
B.L	en	Thin client
B.L	en	ThyssenKrupp
B.L	en	Ticker symbol
B.L	en	TomorrowNow
B.L	en	Toshiba
B.L	en	Total SA
B.L	en	Tribeca Film Festival
B.L	en	Triple Point Technology
B.L	en	Turkey
B.L	en	Types of business entity
B.L	en	UGI Corporation
B.L	en	USD
B.L	en	UniCredit
B.L	en	Unibail-Rodamco
B.L	en	Unilever
B.L	en	Unisys
B.L	en	United States
B.L	en	United Technologies Corporation
B.L	en	Universal Health Services
B.L	en	Urban Outfitters
B.L	en	VMware
B.L	en	Vancouver
B.L	en	Verizon Communications
B.L	en	VimpelCom Ltd.
B.L	en	Vinci (construction)
B.L	en	ViroPharma
B.L	en	Vishal Sikka
B.L	en	Vistex Inc.
B.L	en	Vivendi
B.L	en	Vodafone
B.L	en	Volkswagen Group
B.L	en	WSFS Bank
B.L	en	Walldorf
B.L	en	Wawa Food Market
B.L	en	Weinheim
B.L	en	Western Digital
B.L	en	White and Williams LLP
B.L	en	Wilhelm Haarmann
B.L	en	Wilmington Trust
B.L	en	Wipro
B.L	en	Wistron Corporation
B.L	en	Xerox
B.L	en	Yahoo!
B.L	en	ZTE
B.L	en	Talk:SAP AG
B.L	en	Wikipedia:Avoid peacock terms
B.L	en	Wikipedia:Citation needed
B.L	en	Wikipedia:Cleanup
B.L	en	Wikipedia:Conflict of interest
B.L	en	Wikipedia:EL
B.L	en	Wikipedia:NOT
B.L	en	Wikipedia:Neutral point of view
B.L	en	Template:DAX companies
B.L	en	Template:Euro Stoxx 50 Companies
B.L	en	Template:Major information technology companies
B.L	en	Template:Philadelphia Corporations
B.L	en	Template:Portal/Images/Companies
B.L	en	Template:Portal/Images/Computer science
B.L	en	Template:SAP AG
B.L	en	Template talk:DAX companies
B.L	en	Template talk:Euro Stoxx 50 Companies
B.L	en	Template talk:Major information technology companies
B.L	en	Template talk:Philadelphia Corporations
B.L	en	Template talk:SAP AG
B.L	en	Category:Articles with a promotional tone from May 2011
B.L	en	Category:Articles with peacock terms from May 2011
B.L	en	Category:Articles with unsourced statements from December 2008
B.L	en	Category:Articles with unsourced statements from February 2008
B.L	en	Category:Articles with unsourced statements from January 2012
B.L	en	Category:Use dmy dates from January 2013
B.L	en	Category:Wikipedia articles with possible conflicts of interest from February 2013
B.L	en	Portal:Companies
B.L	en	Portal:Computer Science
B.L	es	1972
B.L	es	1973
B.L	es	1976
B.L	es	1979
B.L	es	1981
B.L	es	1985
B.L	es	1988
B.L	es	1990
B.L	es	1995
B.L	es	1999
B.L	es	2003
B.L	es	2005
B.L	es	2008
B.L	es	2010
B.L	es	2011
B.L	es	22 de septiembre
B.L	es	2 de diciembre
B.L	es	4 de noviembre
B.L	es	9 de septiembre
B.L	es	ABAP
B.L	es	AG
B.L	es	Acrónimo
B.L	es	Activo (contabilidad)
B.L	es	Administración de la cadena de suministro
B.L	es	Administración del ciclo de vida de productos
B.L	es	Agosto de 1988
B.L	es	Aktiengesellschaft
B.L	es	Alemana
B.L	es	Alemania
B.L	es	América Latina
B.L	es	Arquitectura orientada a servicios
B.L	es	Asia
B.L	es	Base de datos
B.L	es	Bolsa de Fráncfort
B.L	es	Bolsa de Stuttgart
B.L	es	Brasil
B.L	es	Bulgaria
B.L	es	Business Intelligence
B.L	es	Business Objects
B.L	es	Business Suite
B.L	es	California
B.L	es	Canadá
B.L	es	Capital social
B.L	es	Capitalización bursátil
B.L	es	China
B.L	es	Claus Wellenreuther
B.L	es	Cliente/servidor
B.L	es	Cliente liviano
B.L	es	Coghead
B.L	es	Computación en la nube
B.L	es	Computerworld
B.L	es	Customer relationship management
B.L	es	DAX
B.L	es	Diciembre de 2011
B.L	es	Dietmar Hopp
B.L	es	Dow Jones
B.L	es	Década de 1990
B.L	es	El Caribe
B.L	es	El País
B.L	es	Emprendedor
B.L	es	Enterprise software
B.L	es	Estados Unidos
B.L	es	Euro
B.L	es	Europa
B.L	es	Febrero de 2009
B.L	es	Fortune 500
B.L	es	Francia
B.L	es	Fráncfort del Meno
B.L	es	GmbH
B.L	es	Gobierno, Riesgo y Cumplimiento
B.L	es	Hans-Werner Hector
B.L	es	Hasso Plattner
B.L	es	Hungría
B.L	es	IBM
B.L	es	Idioma alemán
B.L	es	Imperial Chemical Industries
B.L	es	India
B.L	es	Industria
B.L	es	Irlanda
B.L	es	Israel
B.L	es	Japón
B.L	es	Julio de 2010
B.L	es	Junio de 1972
B.L	es	Junta general de accionistas
B.L	es	Kerberos
B.L	es	Klaus Tschira
B.L	es	Mainframe
B.L	es	Mannheim
B.L	es	Mayo de 2010
B.L	es	Mayo de 2012
B.L	es	Multinacional
B.L	es	NYSE
B.L	es	Noviembre de 2010
B.L	es	Octubre de 2010
B.L	es	Oracle
B.L	es	Oracle Corporation
B.L	es	Oriente medio
B.L	es	Pequeñas y medianas empresas
B.L	es	Phyllis J. Hamilton
B.L	es	Planificación de Recursos Empresariales
B.L	es	Planificación de recursos empresariales
B.L	es	Programación por capas
B.L	es	R/2
B.L	es	RFID
B.L	es	Recursos humanos
B.L	es	SAP (desambiguación)
B.L	es	SAP BW
B.L	es	SAP Business All-in-One
B.L	es	SAP Business ByDesign
B.L	es	SAP Business One
B.L	es	SAP Business Suite
B.L	es	SAP ERP
B.L	es	SAP GUI
B.L	es	SAP HANA
B.L	es	SAP NetWeaver
B.L	es	SAP R/3
B.L	es	Servidor de aplicaciones
B.L	es	Single Sign-On
B.L	es	Sitio web
B.L	es	Software
B.L	es	SuccessFactors
B.L	es	Sunnyvale
B.L	es	Supplier Relationship Management
B.L	es	Supplier relationship management
B.L	es	Sybase
B.L	es	TechniData
B.L	es	TomorrowNow
B.L	es	Turquía
B.L	es	Walldorf
B.L	es	Weinheim
B.L	es	Wikimedia Commons
B.L	es	África
B.L	es	Anexo:Lista de productos de SAP
B.L	ca	1972
B.L	ca	1976
B.L	ca	2005
B.L	ca	Acrònim
B.L	ca	Adidas
B.L	ca	Aktiengesellschaft
B.L	ca	Aktiengesellschaft = S.A.
B.L	ca	Alemanya
B.L	ca	Allianz
B.L	ca	BASF
B.L	ca	BMW
B.L	ca	Baden-Württemberg
B.L	ca	Bayer
B.L	ca	Beiersdorf
B.L	ca	Borsa de Frankfurt
B.L	ca	Commerzbank
B.L	ca	DAX
B.L	ca	Daimler AG
B.L	ca	Deutsche Bank
B.L	ca	Deutsche Börse
B.L	ca	Deutsche Post
B.L	ca	Deutsche Telekom
B.L	ca	E.ON
B.L	ca	Europa
B.L	ca	Fresenius Medical Care
B.L	ca	Fresenius SE
B.L	ca	GmbH
B.L	ca	Hasso Plattner
B.L	ca	Henkel
B.L	ca	Henning Kagermann
B.L	ca	IBM
B.L	ca	Infineon Technologies
B.L	ca	International Securities Identifying Number
B.L	ca	Junta general anual
B.L	ca	K+S
B.L	ca	Leo Apotheker
B.L	ca	Lufthansa
B.L	ca	MAN SE
B.L	ca	Mannheim
B.L	ca	Merck KGaA
B.L	ca	Metro AG
B.L	ca	Munich Re
B.L	ca	New York Stock Exchange
B.L	ca	Producte (màrqueting)
B.L	ca	Programari
B.L	ca	RWE
B.L	ca	SAP Business All-in-One
B.L	ca	SAP Business ByDesign
B.L	ca	SAP Business One
B.L	ca	SAP Business Suite
B.L	ca	SAP Customer Relationship Management (SAP CRM)
B.L	ca	SAP ERP
B.L	ca	SAP NetWeaver
B.L	ca	SAP Product Lifecycle Management (SAP PLM)
B.L	ca	SAP Supplier Relationship Management (SAP SRM)
B.L	ca	SAP Supply Chain Management (SAP SCM)
B.L	ca	Salzgitter AG
B.L	ca	Seu
B.L	ca	Siemens AG
B.L	ca	The Linde Group
B.L	ca	ThyssenKrupp
B.L	ca	Tipus d'entitat empresarial
B.L	ca	Volkswagen Group
B.L	ca	Walldorf
B.L	ca	Weinheim
B.L	ca	Discussió:SAP AG
B.L	ca	Viquipèdia:Citau les fonts
B.L	ca	Viquipèdia:Consens
B.L	ca	Viquipèdia:Punt de vista neutral
B.L	ca	Plantilla:Bandera/Germany
B.L	ca	Plantilla:Empreses DAX
B.L	bs	Adidas
B.L	bs	Allianz
B.L	bs	BASF
B.L	bs	BMW
B.L	bs	Bayer AG
B.L	bs	Beiersdorf
B.L	bs	Commerzbank
B.L	bs	DAX
B.L	bs	Daimler AG
B.L	bs	Deutsche Bank
B.L	bs	Deutsche Börse
B.L	bs	Deutsche Post
B.L	bs	Deutsche Telekom
B.L	bs	E.ON
B.L	bs	ERP
B.L	bs	Fresenius (company)
B.L	bs	Fresenius Medical Care
B.L	bs	HeidelbergCement
B.L	bs	Henkel
B.L	bs	Infineon Technologies
B.L	bs	K+S
B.L	bs	Lufthansa
B.L	bs	MAN SE
B.L	bs	Merck KGaA
B.L	bs	Metro AG
B.L	bs	Munich Re
B.L	bs	Njemačka
B.L	bs	RWE
B.L	bs	Računar
B.L	bs	Siemens
B.L	bs	Softver
B.L	bs	The Linde Group
B.L	bs	ThyssenKrupp
B.L	bs	Volkswagen Group
B.L	bs	Walldorf
B.L	bs	Weinheim
B.L	bs	Zastava Njemačke
B.L	bs	Šablon:DAX kompanije
B.L	bs	Razgovor o šablonu:DAX kompanije
B.L	bg	ABAP
B.L	bg	Accenture
B.L	bg	CSC
B.L	bg	Capgemini
B.L	bg	Customer relationship management
B.L	bg	DAX
B.L	bg	Deloitte
B.L	bg	Dietmar Hopp
B.L	bg	ERP
B.L	bg	Enterprise Resource Planning
B.L	bg	Hasso Plattner
B.L	bg	Hewlett-Packard
B.L	bg	IBM
B.L	bg	Imperial Chemical Industries
B.L	bg	Klaus Tschira
B.L	bg	PricewaterhouseCoopers
B.L	bg	RFID
B.L	bg	SAPE
B.L	bg	SAP Business All-in-One
B.L	bg	SAP Business One
B.L	bg	SAP Business Suite
B.L	bg	SAP Concept
B.L	bg	SAP Customer Relationship Management (SAP CRM)
B.L	bg	SAP ERP
B.L	bg	SAP NetWeaver
B.L	bg	SAP Product Lifecycle Management (SAP PLM)
B.L	bg	SAP R/2
B.L	bg	SAP R/3
B.L	bg	SAP Supplier Relationship Management (SAP SRM)
B.L	bg	SAP Supply Chain Management (SAP SCM)
B.L	bg	SAPgui
B.L	bg	SOA
B.L	bg	Siemens IT Solutions and Services
B.L	bg	Supplier relationship management
B.L	bg	Supply chain management
B.L	bg	Xerox
B.L	bg	Баден-Вюртемберг
B.L	bg	База данни
B.L	bg	Вайнхайм
B.L	bg	Валдорф
B.L	bg	Германия
B.L	bg	Европа
B.L	bg	Клиент-сървър
B.L	bg	Криейтив Комънс
B.L	bg	Лиценз за свободна документация на ГНУ
B.L	bg	Малки и средни предприятия
B.L	bg	Манхайм
B.L	bg	Мейнфрейм
B.L	bg	Мейнфрейм компютър
B.L	bg	Общомедия
B.L	bg	Приложен сървър
B.L	bg	Софтуер
B.L	bg	Трислойна архитектура
B.L	bg	Тънък клиент
B.L	bg	Уеб услуги
B.L	bg	Уикипедия:Превод
B.L	da	1972
B.L	da	2005
B.L	da	Adidas
B.L	da	Allianz
B.L	da	BASF
B.L	da	BMW
B.L	da	Bayer
B.L	da	Beiersdorf AG
B.L	da	Bundesliga
B.L	da	Commerzbank
B.L	da	Continental AG
B.L	da	DAX
B.L	da	Daimler AG
B.L	da	Deutsche Bank
B.L	da	Deutsche Börse
B.L	da	Deutsche Post
B.L	da	Deutsche Telekom
B.L	da	Dietmar Hopp
B.L	da	E.ON
B.L	da	Europa
B.L	da	Fresenius Medical Care
B.L	da	Fresenius SE
B.L	da	HeidelbergCement
B.L	da	Henkel
B.L	da	IBM
B.L	da	Infineon Technologies
B.L	da	K+S
B.L	da	Lanxess
B.L	da	Linde AG
B.L	da	Lufthansa
B.L	da	Mainframe
B.L	da	Merck KGaA
B.L	da	Microsoft
B.L	da	Munich Re
B.L	da	Oracle
B.L	da	Planlægning
B.L	da	RWE
B.L	da	SAP Business One
B.L	da	Siemens AG
B.L	da	Software
B.L	da	TSG 1899 Hoffenheim
B.L	da	ThyssenKrupp
B.L	da	Tyskland
B.L	da	Volkswagen Aktiengesellschaft
B.L	da	Walldorf
B.L	da	Wikimedia Commons
B.L	da	Økonomi
B.L	cs	1972
B.L	cs	ABAP
B.L	cs	AIX
B.L	cs	AS/400
B.L	cs	CRM
B.L	cs	Dietmar Hopp
B.L	cs	Enterprise resource planning
B.L	cs	HP-UX
B.L	cs	Hans-Werner Hector
B.L	cs	Hasso Plattner
B.L	cs	IBM
B.L	cs	IBM DB/400
B.L	cs	IBM DB2
B.L	cs	Informix
B.L	cs	Klaus Tschira
B.L	cs	Klaus Wellenreuther
B.L	cs	Linux
B.L	cs	MS SQL
B.L	cs	MaxDB
B.L	cs	Microsoft Windows
B.L	cs	MySAP
B.L	cs	Německo
B.L	cs	Oracle
B.L	cs	SAP DB
B.L	cs	SAP NetWeaver
B.L	cs	SAP R/3
B.L	cs	SRM
B.L	cs	Solaris (operační systém)
B.L	cs	Supply Chain Management
B.L	cs	Unix
B.L	cs	Walldorf
B.L	cs	Wikimedia Commons
B.L	az	1972
B.L	az	Adidas
B.L	az	Allianz
B.L	az	Almaniya
B.L	az	Almanya
B.L	az	Avropa
B.L	az	Azərbaycanca
B.L	az	BASF
B.L	az	BMW
B.L	az	Bayer
B.L	az	Beiersdorf
B.L	az	Commerzbank
B.L	az	DAX
B.L	az	Daimler AG
B.L	az	Deutsche Bank
B.L	az	Deutsche Börse
B.L	az	Deutsche Post
B.L	az	Deutsche Telekom
B.L	az	E.ON
B.L	az	ERP
B.L	az	Fresenius Medical Care
B.L	az	Fresenius SE
B.L	az	Henkel
B.L	az	IBM
B.L	az	Infineon Technologies
B.L	az	K+S
B.L	az	Lufthansa
B.L	az	MAN SE
B.L	az	Merck KGaA
B.L	az	Metro AG
B.L	az	Munich Re
B.L	az	Proqramlaşdırma
B.L	az	RWE
B.L	az	Salzgitter
B.L	az	Siemens
B.L	az	The Linde Group
B.L	az	ThyssenKrupp
B.L	az	Volkswagen
B.L	az	Şablon:DAX
B.L	az	Şablon müzakirəsi:DAX
B.L	ar	Bill McDermott
B.L	ar	Chairman
B.L	ar	Chief operating officer
B.L	ar	Chief technical officer
B.L	ar	Dietmar Hopp
B.L	ar	Euro
B.L	ar	Hasso Plattner
B.L	ar	Klaus Tschira
B.L	ar	List of SAP products
B.L	ar	SAP Business All-in-One
B.L	ar	SAP Business ByDesign
B.L	ar	SAP Business One
B.L	ar	SAP Business Suite
B.L	ar	SAP ERP
B.L	ar	SAP NetWeaver
B.L	ar	Supervisory board
B.L	ar	Vishal Sikka
B.L	ar	آس آم تي سي شركة
B.L	ar	آي بي إم
B.L	ar	آي‌بي‌إم
B.L	ar	أبل كمبيوتر
B.L	ar	أتلس (شركة)
B.L	ar	أدوبي سيستمز
B.L	ar	أسوس
B.L	ar	أسوس (شركة حوسبة)
B.L	ar	أفايا
B.L	ar	أكتيفيجن
B.L	ar	أكتيفيجن بليزارد
B.L	ar	ألكاتل-لوسنت
B.L	ar	ألمانيا
B.L	ar	أمازون دوت كوم
B.L	ar	أوراكل
B.L	ar	أوروبا
B.L	ar	أيديالاب
B.L	ar	إتش تى سى
B.L	ar	إتش‌بي
B.L	ar	إريكسون
B.L	ar	إل جي أليكترونيكس
B.L	ar	إلكترونيات سامسونج
B.L	ar	إلكترونيك آرتس
B.L	ar	إن إي سي
B.L	ar	إنتل
B.L	ar	إنتويت
B.L	ar	إنفيديا
B.L	ar	إي أو إل
B.L	ar	إيباي
B.L	ar	إيسر
B.L	ar	إيمرسن الكهربائية
B.L	ar	إيه إم دي
B.L	ar	إيه تي آي تكنولوجيز
B.L	ar	اتصالات
B.L	ar	اس تي ميكرو
B.L	ar	الأرباح
B.L	ar	الإنجليزية
B.L	ar	العالم
B.L	ar	الكوتيك
B.L	ar	بالم المتحده
B.L	ar	باناسونيك
B.L	ar	برمجيات
B.L	ar	برمجية حاسوب
B.L	ar	تايتو
B.L	ar	تقنية المعلومات
B.L	ar	توشيبا
B.L	ar	تيك-تو إنترأكتيف
B.L	ar	ثري كوم
B.L	ar	ثومسون إس آي
B.L	ar	جابيل سيركوي
B.L	ar	جاي في سي
B.L	ar	جنرال إلكتريك
B.L	ar	جوجل
B.L	ar	خدمات مصنعي الإلكترونيات
B.L	ar	خدمة وب
B.L	ar	دويتشه تيليكوم
B.L	ar	ديل
B.L	ar	ديمن وير
B.L	ar	ذاكرة (حاسوب)
B.L	ar	ريد هات
B.L	ar	ريسيرش إن موشين
B.L	ar	ساب (توضيح)
B.L	ar	سامسونج
B.L	ar	سانمينا-SCI شركة
B.L	ar	سوني
B.L	ar	سوني إريكسون
B.L	ar	سي آي المتحده
B.L	ar	سيجا
B.L	ar	سيسكو سيستمز
B.L	ar	سيليستيكا
B.L	ar	سيمانتك
B.L	ar	سيمينز
B.L	ar	شبكات الحاسوب
B.L	ar	شبه موصل
B.L	ar	شركة ألعاب
B.L	ar	شركة أم
B.L	ar	شركة إن سي أر
B.L	ar	شركة باراميتريك تيكنولوجي
B.L	ar	شركة بلوكسوس
B.L	ar	شركة دوت كوم
B.L	ar	شركة شارب
B.L	ar	شركة كوريل
B.L	ar	شركة ماتسوشيتا للصناعات الإلكترونية
B.L	ar	شركة نيوز
B.L	ar	شركة ياماها
B.L	ar	عتاد الحاسوب
B.L	ar	فالدورف
B.L	ar	فلكسترونيكس
B.L	ar	فوكسكون
B.L	ar	فيفيندي
B.L	ar	فيليبس
B.L	ar	فينهايم
B.L	ar	قاعدة البيانات
B.L	ar	قوالكوم
B.L	ar	كابكوم
B.L	ar	كاسبرسكي لاب
B.L	ar	كوانتا كومبيوتر
B.L	ar	كومبيووير
B.L	ar	كيمبل العالمية
B.L	ar	ماكافي
B.L	ar	مايتل
B.L	ar	مايكروسوفت
B.L	ar	موارد بشرية
B.L	ar	موتورولا
B.L	ar	نورتل نيتووركس
B.L	ar	نوفل
B.L	ar	نوكيا
B.L	ar	نينتندو
B.L	ar	هاتف نقال
B.L	ar	هوليت-باكارد
B.L	ar	هيتاشي
B.L	ar	هيندوستان كومبيوترز
B.L	ar	ويسترن ديجيتال
B.L	ar	ويكيميديا كومنز
B.L	ar	ويندوز لايف
B.L	ar	ياهو!
B.L	ar	يوبي سوفت
B.L	ar	يوليد سيستيمز
B.L	ar	ڤودافون
B.L	ar	قالب:Cite web
B.L	ar	قالب:شركات تقنية المعلومات
B.L	ar	نقاش القالب:شركات تقنية المعلومات
B.L	af	Duitse
B.L	af	MySAP
B.L	af	SAP R/3
B.L	af	Sagteware
B.L	af	Wikimedia Commons
B.L	af	Wikipedia:Saadjie
B.L	no	1972
B.L	no	Baden-Württemberg
B.L	no	ERP
B.L	no	Euro
B.L	no	Europa
B.L	no	Forsvaret
B.L	no	Henning Kagermann
B.L	no	IBM
B.L	no	Leo Apotheker
B.L	no	Logistikk
B.L	no	Lysaker
B.L	no	Oracle (selskap)
B.L	no	Personalbehandling
B.L	no	Produksjon
B.L	no	Regnskap
B.L	no	SAP Business One
B.L	no	Tyskland
B.L	no	Walldorf
B.L	no	Weinheim
B.L	no	Wikimedia Commons
B.L	no	Økonomi
B.L	nn	ADB
B.L	nn	Det tyske sosialistiske arbeidarpartiet
B.L	nn	Tyskland
B.L	nn	Wikimedia Commons
B.L	nn	Wikipedia:Spire
B.L	nn	Kategori:Dataspirer
B.L	pl	Adidas
B.L	pl	Aktywa
B.L	pl	Allianz
B.L	pl	BASF
B.L	pl	BMW
B.L	pl	Bayer AG
B.L	pl	Beiersdorf AG
B.L	pl	Branża
B.L	pl	Business Objects
B.L	pl	Claus Wellenreuther
B.L	pl	Commerzbank
B.L	pl	Czas rzeczywisty
B.L	pl	DAX
B.L	pl	Daimler AG
B.L	pl	Deutsche Bank
B.L	pl	Deutsche Börse
B.L	pl	Deutsche Post
B.L	pl	Deutsche Telekom
B.L	pl	Dietmar Hopp
B.L	pl	E.ON
B.L	pl	EBIT
B.L	pl	Formy prawne przedsiębiorstw
B.L	pl	Fresenius
B.L	pl	Fresenius Medical Care
B.L	pl	Hans-Werner Hector
B.L	pl	Hasso Plattner
B.L	pl	Henkel
B.L	pl	Infineon
B.L	pl	International Securities Identification Number
B.L	pl	Język angielski
B.L	pl	Język niemiecki
B.L	pl	K+S
B.L	pl	Klaus Tschira
B.L	pl	Linde AG
B.L	pl	Lufthansa
B.L	pl	MAN SE
B.L	pl	Mainframe
B.L	pl	Master Data Management
B.L	pl	Merck KGaA
B.L	pl	Metro Group
B.L	pl	Munich Re
B.L	pl	New York Stock Exchange
B.L	pl	Niemcy
B.L	pl	Planowanie zasobów przedsiębiorstwa
B.L	pl	Produkt (marketing)
B.L	pl	Przychód (ekonomia)
B.L	pl	RWE (koncern)
B.L	pl	SAP-Arena
B.L	pl	SAP BI
B.L	pl	SAP BW
B.L	pl	SAP Business All-in-One
B.L	pl	SAP Business ByDesign
B.L	pl	SAP Business One
B.L	pl	SAP CRM
B.L	pl	SAP EP
B.L	pl	SAP ERP
B.L	pl	SAP HCM
B.L	pl	SAP MDM
B.L	pl	SAP Mobility
B.L	pl	SAP NetWeaver
B.L	pl	SAP PLM
B.L	pl	SAP R/3
B.L	pl	SAP SCEM
B.L	pl	SAP SCM
B.L	pl	SAP SRM
B.L	pl	SAP XI
B.L	pl	Salzgitter AG
B.L	pl	Siedziba (prawo)
B.L	pl	Siemens AG
B.L	pl	Spółka akcyjna
B.L	pl	ThyssenKrupp
B.L	pl	Volkswagen AG
B.L	pl	Walldorf (Badenia-Wirtembergia)
B.L	pl	Zatrudnienie
B.L	pl	Wikipedia:Weryfikowalność
B.L	pl	Szablon:DAX
B.L	pl	Dyskusja szablonu:DAX
B.L	lt	Adidas
B.L	lt	Allianz
B.L	lt	BASF
B.L	lt	BMW
B.L	lt	Bayer
B.L	lt	Beiersdorf
B.L	lt	CRM
B.L	lt	Commerzbank
B.L	lt	DAX
B.L	lt	Daimler AG
B.L	lt	Deutsche Bank
B.L	lt	Deutsche Börse
B.L	lt	Deutsche Post
B.L	lt	Deutsche Telekom
B.L	lt	E.ON
B.L	lt	ERP
B.L	lt	Europa
B.L	lt	Fresenius (company)
B.L	lt	Fresenius Medical Care
B.L	lt	HeidelbergCement
B.L	lt	Henkel
B.L	lt	IBM
B.L	lt	Infineon Technologies
B.L	lt	K+S
B.L	lt	Lietuvos Geležinkeliai
B.L	lt	Lietuvos Respublikos Finansų ministerija
B.L	lt	Lufthansa
B.L	lt	MAN SE
B.L	lt	Merck KGaA
B.L	lt	Metro AG
B.L	lt	Munich Re
B.L	lt	PLM
B.L	lt	RWE
B.L	lt	SAP AG
B.L	lt	SBA
B.L	lt	SCM
B.L	lt	SRM
B.L	lt	Siemens
B.L	lt	Statoil
B.L	lt	The Linde Group
B.L	lt	ThyssenKrupp
B.L	lt	Verslo valdymo sistema
B.L	lt	Vokietija
B.L	lt	Volkswagen Group
B.L	lt	Šablonas:DAX companies
B.L	lt	Šablono aptarimas:DAX companies
B.L	mn	30 January 2011
B.L	mn	Adaptive Server Enterprise
B.L	mn	Business Objects
B.L	mn	List of SAP products
B.L	mn	SAP Business All-in-One
B.L	mn	SAP Business ByDesign
B.L	mn	SAP Business One
B.L	mn	SAP Business Suite
B.L	mn	SAP CRM
B.L	mn	SAP ERP
B.L	mn	SAP NetWeaver
B.L	mn	SAP PLM
B.L	mn	SAP Rapid Deployment Solutions
B.L	mn	SAP SCM
B.L	mn	SAP SRM
B.L	mn	Ажиллах хүч
B.L	mn	Барьцаа хөрөнгө
B.L	mn	Бизнесийн эрхлэлтийн зүйл, анги
B.L	mn	Билл Макдермотт
B.L	mn	Вайнхайм
B.L	mn	Валлдорф
B.L	mn	Дитмар Хопп
B.L	mn	Зөвлөхүүдийн зөвлөл
B.L	mn	Клаус Вэллэнройтэр
B.L	mn	Клаус Чира
B.L	mn	Нью-Йоркийн Хөрөнгийн бирж
B.L	mn	Орлого
B.L	mn	Франкфуртын Хөрөнгийн Бирж
B.L	mn	Ханс-Вэрнэр Хэктор
B.L	mn	Хассо Платтнэр
B.L	mn	Хувьцааны нийт үнэ (санхүү)
B.L	mn	Хувьцаат компани
B.L	mn	Хүү болон татварын хэмжээ
B.L	mn	Цахим хаяг
B.L	mn	Цэвэр орлого
B.L	mn	Энтерпрайс софтвэйр
B.L	mn	Үйлдвэрлэлийн үйл ажиллагаа
B.L	mn	Загвар:ISIN
B.L	mr	आ़ज्ञावली
B.L	mr	ए.बी.ए.पी.
B.L	mr	ऑरॅकल
B.L	mr	पिपलसॉफ्ट
B.L	mr	मराठी
B.L	mr	मायक्रोसॉफ्ट डायनॅमिक्स
B.L	mr	व्यवसाय व्यवस्थापन प्रणाली
B.L	mr	सॅप
B.L	mr	सॅप आर थ्री
B.L	mr	सॅप बिझिनेस ऑल इन वन
B.L	mr	सॅप बिझिनेस वन
B.L	mr	सेज
B.L	nl	's-Hertogenbosch
B.L	nl	1972
B.L	nl	1987
B.L	nl	1989
B.L	nl	2010
B.L	nl	Acroniem
B.L	nl	Adidas
B.L	nl	Advies
B.L	nl	Allianz
B.L	nl	BASF (chemieconcern)
B.L	nl	BMW
B.L	nl	Bayer
B.L	nl	Beiersdorf AG
B.L	nl	België
B.L	nl	Beursnotering
B.L	nl	Brussel-Stad
B.L	nl	Commerzbank
B.L	nl	Consultancy
B.L	nl	Continental AG
B.L	nl	Customer Relationship Management
B.L	nl	DAX-index
B.L	nl	Daimler (Duitsland)
B.L	nl	Deutsche Bank
B.L	nl	Deutsche Börse
B.L	nl	Deutsche Post
B.L	nl	Deutsche Telekom
B.L	nl	Duitsland
B.L	nl	E.ON
B.L	nl	Enterprise Resource Planning
B.L	nl	Enterprise resource planning
B.L	nl	Fresenius
B.L	nl	Fresenius Medical Care
B.L	nl	HeidelbergCement
B.L	nl	Heidelberg (Duitsland)
B.L	nl	Henkel KGaA
B.L	nl	IBM
B.L	nl	Infineon
B.L	nl	K+S
B.L	nl	Lanxess
B.L	nl	Linde AG
B.L	nl	Lufthansa
B.L	nl	Luxemburg (land)
B.L	nl	MRP
B.L	nl	Merck KGaA
B.L	nl	MySAP ERP
B.L	nl	Münchener Rück
B.L	nl	NYSE
B.L	nl	NetWeaver
B.L	nl	Omzet
B.L	nl	RWE (energie)
B.L	nl	Siemens AG
B.L	nl	Software
B.L	nl	Supply Chain Management
B.L	nl	Supply chain management
B.L	nl	ThyssenKrupp
B.L	nl	Training
B.L	nl	Volkswagen AG
B.L	nl	Walldorf (Baden-Württemberg)
B.L	nl	Weinheim
B.L	nl	Wikimedia Commons
B.L	nl	Winst (onderneming)
B.L	nl	Wikipedia:Bronvermelding
B.L	nl	Portaal:Economie
B.L	ko	1972년
B.L	ko	BASF
B.L	ko	BMW
B.L	ko	DAX
B.L	ko	E.ON
B.L	ko	IBM
B.L	ko	K+S
B.L	ko	MAN SE
B.L	ko	RWE
B.L	ko	다임러 AG
B.L	ko	도이체 방크
B.L	ko	도이체 뵈르제
B.L	ko	도이체 텔레콤
B.L	ko	도이체 포스트
B.L	ko	독일
B.L	ko	루프트한자
B.L	ko	린데 AG
B.L	ko	메르크
B.L	ko	메트로 AG
B.L	ko	뮤닉 리
B.L	ko	바이어스도르프
B.L	ko	바이엘 (기업)
B.L	ko	아디다스
B.L	ko	알리안츠
B.L	ko	위키미디어 공용
B.L	ko	인피니온 테크놀로지스
B.L	ko	지멘스 AG
B.L	ko	코메르츠방크
B.L	ko	티센크루프
B.L	ko	폭스바겐 AG
B.L	ko	프레제니우스 (기업)
B.L	ko	프레제니우스 메디컬 케어
B.L	ko	하이델베르그시멘트
B.L	ko	헨켈
B.L	ko	틀:DAX
B.L	ko	틀토론:DAX
B.L	kk	1972
B.L	kk	AT&T Inc.
B.L	kk	Accenture
B.L	kk	Acer Inc.
B.L	kk	Adobe Systems
B.L	kk	Advanced Micro Devices
B.L	kk	Alcatel-Lucent
B.L	kk	Amazon.com
B.L	kk	América Móvil
B.L	kk	Apple Inc.
B.L	kk	Asus
B.L	kk	Atos
B.L	kk	Avaya
B.L	kk	BT Global Services
B.L	kk	BT Group
B.L	kk	Baidu
B.L	kk	Bell Canada
B.L	kk	Bharti Airtel
B.L	kk	Booz Allen Hamilton
B.L	kk	Broadcom
B.L	kk	CACI
B.L	kk	CA Technologies
B.L	kk	CGI Group
B.L	kk	Canon Inc.
B.L	kk	Capgemini
B.L	kk	Celestica
B.L	kk	CenturyLink
B.L	kk	China Mobile
B.L	kk	China Telecom
B.L	kk	China Unicom
B.L	kk	Cisco Systems
B.L	kk	Co-CEO
B.L	kk	Cognizant Technology Solutions
B.L	kk	Comcast
B.L	kk	Compal Electronics
B.L	kk	Computer Sciences Corporation
B.L	kk	Datang Telecom
B.L	kk	Dell
B.L	kk	Deloitte
B.L	kk	Deutsche Telekom
B.L	kk	EBay
B.L	kk	EMC Corporation
B.L	kk	Eastman Kodak
B.L	kk	Ericsson
B.L	kk	Flextronics
B.L	kk	Foxconn
B.L	kk	France Télécom
B.L	kk	Freescale Semiconductor
B.L	kk	Fujitsu
B.L	kk	GlobalFoundries
B.L	kk	Google
B.L	kk	HCL Technologies
B.L	kk	HP Enterprise Services
B.L	kk	HP Software Division
B.L	kk	HTC
B.L	kk	Hewlett-Packard
B.L	kk	Hitachi Consulting
B.L	kk	Hitachi Data Systems
B.L	kk	Huawei
B.L	kk	Hutchison Telecommunications International Limited
B.L	kk	IAC (company)
B.L	kk	IBM
B.L	kk	IBM Global Services
B.L	kk	Indra Sistemas
B.L	kk	Infineon Technologies
B.L	kk	Infosys
B.L	kk	Intel
B.L	kk	Intuit
B.L	kk	Jabil Circuit
B.L	kk	Juniper Networks
B.L	kk	KDDI
B.L	kk	KPN
B.L	kk	KT Corporation
B.L	kk	Konica Minolta
B.L	kk	Kyocera
B.L	kk	LG Electronics
B.L	kk	Lenovo
B.L	kk	Lexmark
B.L	kk	MTS (network provider)
B.L	kk	Marvell Technology Group
B.L	kk	MediaTek
B.L	kk	Micron Technology
B.L	kk	Microsoft
B.L	kk	Mitsubishi Electric
B.L	kk	Motorola Mobility
B.L	kk	Motorola Solutions
B.L	kk	NCR Corporation
B.L	kk	NEC
B.L	kk	NEC Casio Mobile Communications
B.L	kk	NHN Corporation
B.L	kk	NTT Data
B.L	kk	NTT DoCoMo
B.L	kk	NXP Semiconductors
B.L	kk	NetApp
B.L	kk	NetEase
B.L	kk	Nikon
B.L	kk	Nippon Telegraph and Telephone
B.L	kk	Nokia
B.L	kk	Nokia Siemens Networks
B.L	kk	Nvidia
B.L	kk	Oracle Corporation
B.L	kk	Orange Business Services
B.L	kk	Panasonic
B.L	kk	Qualcomm
B.L	kk	Quanta Computer
B.L	kk	Rakuten
B.L	kk	Renesas Electronics
B.L	kk	Research In Motion
B.L	kk	Ricoh
B.L	kk	Rogers Communications
B.L	kk	SAP ERP
B.L	kk	SAP HANA
B.L	kk	SK Hynix
B.L	kk	SK Telecom
B.L	kk	STMicroelectronics
B.L	kk	Samsung Electronics
B.L	kk	Sanmina-SCI Corporation
B.L	kk	Seagate Technology
B.L	kk	Seiko Epson
B.L	kk	Sharp Corporation
B.L	kk	SingTel
B.L	kk	SoftBank Mobile
B.L	kk	Sony
B.L	kk	Sony Mobile Communications
B.L	kk	Sprint Nextel
B.L	kk	Swisscom
B.L	kk	Symantec
B.L	kk	T-Systems
B.L	kk	TPV Technology
B.L	kk	TSMC
B.L	kk	Tata Consultancy Services
B.L	kk	Telecom Italia
B.L	kk	Telefónica
B.L	kk	Telenor
B.L	kk	TeliaSonera
B.L	kk	Tencent Holdings
B.L	kk	Texas Instruments
B.L	kk	Toshiba
B.L	kk	Unisys
B.L	kk	VIA Technologies
B.L	kk	VMware
B.L	kk	Verizon Communications
B.L	kk	VimpelCom Ltd.
B.L	kk	Vivendi
B.L	kk	Vodafone
B.L	kk	Walldorf
B.L	kk	Western Digital
B.L	kk	Wipro
B.L	kk	Wistron Corporation
B.L	kk	Xerox
B.L	kk	Yahoo!
B.L	kk	ZTE
B.L	kk	Ірі ақпарат технологиясы компанияларының тізімі
B.L	kk	Айналым қаражаты
B.L	kk	Ақпарат технологиясы
B.L	kk	Германия
B.L	kk	Италиян қор биржасы
B.L	kk	Меншікті өткізгіштер сатушы компаниялары
B.L	kk	Нью-Йорк қор биржасы
B.L	kk	Таза табыс
B.L	kk	Франкфурт қор биржасы
B.L	kk	Әлемнің ең ірі бағдарламалық жасақтама мекемелері
B.L	kk	Өнім
B.L	kk	Үлгі:Ақпарат технологиясы компаниялары
B.L	kk	Үлгі талқылауы:Ақпарат технологиясы компаниялары
B.L	kn	2007-10-15
B.L	kn	2008-04-02
B.L	kn	3-ಪದರ ಸಂರಚನೆ
B.L	kn	ABAP
B.L	kn	Accenture
B.L	kn	Aktiengesellschaft
B.L	kn	Associated Press
B.L	kn	Business Objects (ಕಂಪೆನಿ)
B.L	kn	CSC
B.L	kn	Capgemini
B.L	kn	Cognizant Technology Solutions
B.L	kn	Computer software
B.L	kn	DAX
B.L	kn	Deloitte
B.L	kn	ERP ತಂತ್ರಾಂಶ ಪ್ಯಾಕೇಜ್‌ಗಳ ಪಟ್ಟಿ
B.L	kn	Frankfurt Stock Exchange
B.L	kn	Germany
B.L	kn	GmbH
B.L	kn	HCL Technologies
B.L	kn	Hasso Plattner
B.L	kn	Hewlett-Packard
B.L	kn	IBM
B.L	kn	International Securities Identification Number
B.L	kn	Leo Apotheker
B.L	kn	New York Stock Exchange
B.L	kn	Oracle Corporation
B.L	kn	PricewaterhouseCoopers
B.L	kn	RFID
B.L	kn	SAPE
B.L	kn	SAP Business All-in-One
B.L	kn	SAP Business ByDesign
B.L	kn	SAP Business One
B.L	kn	SAP Business Suite
B.L	kn	SAP Customer Relationship Management (SAP CRM)
B.L	kn	SAP ERP
B.L	kn	SAP Labs
B.L	kn	SAP NetWeaver
B.L	kn	SAP Product Lifecycle Management (SAP PLM)
B.L	kn	SAP R/2
B.L	kn	SAP R/3
B.L	kn	SAP Supplier Relationship Management (SAP SRM)
B.L	kn	SAP Supply Chain Management (SAP SCM)
B.L	kn	SAP ಅಳವಡಿಕೆ
B.L	kn	SAP ಉತ್ಪನ್ನಗಳ ಪಟ್ಟಿ
B.L	kn	SAP ಬಿಸಿನೆಸ್‌ ಆಲ್‌-ಇನ್‌-ಒನ್‌
B.L	kn	SAP ಬಿಸಿನೆಸ್‌ ಒನ್‌
B.L	kn	SAP ಸಂಶೋಧನೆ
B.L	kn	SAPgui
B.L	kn	Siemens IT Solutions and Services
B.L	kn	Walldorf
B.L	kn	Weinheim
B.L	kn	Xerox
B.L	kn	ಅಂತರಜಾಲ ತಾಣ
B.L	kn	ಅನ್ವಯಿಕ ನಿರ್ವಾಹಕ
B.L	kn	ಅಮೇರಿಕಾಗಳ SAP ಬಳಕೆದಾರರ ಗುಂಪು
B.L	kn	ಆಕ್ತಿಯೆಂಜೆಸೆಲ್ಲ್ಸ್‌ಚಾಫ್ಟ್‌
B.L	kn	ಆದಾಯ
B.L	kn	ಇಂಪೀರಿಯಲ್‌ ಕೆಮಿಕಲ್‌ ಇಂಡಸ್ಟ್ರೀಸ್‌
B.L	kn	ಉತ್ಪನ
B.L	kn	ಉತ್ಪನ್ನ ಜೀವನಚಕ್ರ ನಿರ್ವಹಣೆ
B.L	kn	ಉದ್ಯಮ
B.L	kn	ಉದ್ಯಮ ಅನ್ವಯಿಕೆ
B.L	kn	ಉದ್ಯಮ ಘಟಕದ ಪ್ರಕಾರಗಳು
B.L	kn	ಉದ್ಯಮ ಸಂಪನ್ಮೂಲ ಯೋಜನೆ
B.L	kn	ಉದ್ಯೋಗ
B.L	kn	ಏಕ ಸೈನ್‌-ಆನ್‌
B.L	kn	ಕರ್ಮಿಯೆಲ್‌
B.L	kn	ಕ್ಲಾಸ್‌ ಟ್ಸ್ಚಿರಾ
B.L	kn	ಗಾರ್ಟ್‌ನರ್‌
B.L	kn	ಗುಡಗಾಂವ್‌
B.L	kn	ಗ್ರಾಹಕ ಸಾಹಚರ್ಯ ನಿರ್ವಹಣೆ
B.L	kn	ಜರ್ಮನಿ
B.L	kn	ಟುಮಾರೋನೌ
B.L	kn	ಡಿಯೆಟ್ಮರ್‌ ಹಾಪ್‌
B.L	kn	ತಂತ್ರಾಂಶ
B.L	kn	ಥಿನ್‌ ಕ್ಲೈಂಟ್‌
B.L	kn	ದತ್ತಸಂಚಯ
B.L	kn	ನ್ಯೂಟನ್‌ ಚೌಕ, ಪೆನ್ಸಿಲ್‌ವೇನಿಯಾ
B.L	kn	ಪಾಲೋ ಆಲ್ಟೊ, ಕ್ಯಾಲಿಫೋರ್ನಿಯಾ
B.L	kn	ಪೂರೈಕೆ ಸರಣಿ ನಿರ್ವಹಣೆ
B.L	kn	ಪೂರೈಕೆದಾರ ಸಾಹಚರ್ಯ ನಿರ್ವಹಣೆ
B.L	kn	ಪ್ರತಿಸ್ಪರ್ಧಿಗಳು
B.L	kn	ಪ್ರಧಾನಕಚೇರಿ
B.L	kn	ಫಾರ್ಚೂನ್‌ 500
B.L	kn	ಬಲ್ಗೇರಿಯಾ
B.L	kn	ಬಳಕೆದಾರರ ಗುಂಪುಗಳ ಪಟ್ಟಿ
B.L	kn	ಬಾಡನ್‌-ವುರ್‌ಟೆಂಬರ್ಗ್‌
B.L	kn	ಬೌದ್ಧಿಕ ಆಸ್ತಿ
B.L	kn	ಬ್ಯಾಂಗಲೋರ್
B.L	kn	ಮನ್‌ಹೇಮ್‌
B.L	kn	ಮಾಂಟ್ರಿಯಲ್‌
B.L	kn	ಮುಖ್ಯ ಕಾರ್ಯಕಾರಿ ಅಧಿಕಾರಿ
B.L	kn	ಮೇನ್‌ಫ್ರೇಂ ಗಣಕ
B.L	kn	ಯುರೋಪ್‌
B.L	kn	ರಾನನ
B.L	kn	ಲಿಯೊ ಅಪೊಥೆಕರ್‌
B.L	kn	ವಾರ್ಷಿಕ ಸರ್ವಸದಸ್ಯ ಸಭೆ
B.L	kn	ವಾಲ್‌ಡಾರ್ಫ್‌
B.L	kn	ವಾಲ್‌ಡಾರ್ಫ್‌‌
B.L	kn	ಶಾಂಘಾಯ್‌
B.L	kn	ಷೈ ಅಗಾಸ್ಸಿ
B.L	kn	ಸಂಕ್ಷಿಪ್ತ ರೂಪ
B.L	kn	ಸಂಶೋಧನೆ ಮತ್ತು ಅಭಿವೃದ್ಧಿ
B.L	kn	ಸಣ್ಣ ಮತ್ತು ಮಧ್ಯಮ ಗಾತ್ರದ ಉದ್ಯಮ
B.L	kn	ಸುಸಂಘಟಿತ ಬೆಳವಣಿಗೆ
B.L	kn	ಸೇವಾ -ಸಂಬಂಧಿತ ಸಂರಚನೆ
B.L	kn	ಸೋಫಿಯಾ
B.L	kn	ಹ್ಯಾಸ್ಸೋ ಪ್ಲಾಟ್‌ನರ್‌
B.L	kn	ವಿಕಿಪೀಡಿಯ:ಉಲ್ಲೇಖನ
B.L	kn	ಟೆಂಪ್ಲೇಟು:Citation needed
B.L	kn	ಟೆಂಪ್ಲೇಟು:DAX companies
B.L	kn	ವರ್ಗ:ಜಡ ಬಾಹ್ಯ ಸಂಪರ್ಕವಿರುವ ಲೇಖನಗಳು from December 2008
B.L	hr	1972.
B.L	hr	Claus Wellenreuther
B.L	hr	Dietmar Hopp
B.L	hr	Hans-Werner Hector
B.L	hr	Hasso Plattner
B.L	hr	Informatika
B.L	hr	Klaus Tschira
B.L	hr	Njemačka
B.L	hr	Software
B.L	hr	Walldorf (Baden)
B.L	hr	Weinheim
B.L	hu	1972
B.L	hu	ABAP
B.L	hu	ASUS
B.L	hu	Accenture
B.L	hu	Acer
B.L	hu	Adobe Systems
B.L	hu	Advanced Micro Devices
B.L	hu	Alcatel-Lucent
B.L	hu	Amazon.com
B.L	hu	Amentra
B.L	hu	Amerikai dollár
B.L	hu	Apple Inc.
B.L	hu	Asus
B.L	hu	Avaya
B.L	hu	BearingPoint
B.L	hu	Bing
B.L	hu	Broadcom
B.L	hu	Capgemini
B.L	hu	Cisco Systems
B.L	hu	Cray
B.L	hu	Dell
B.L	hu	Deloitte
B.L	hu	EBay
B.L	hu	EMC Corporation
B.L	hu	ERP
B.L	hu	Elpida Memory
B.L	hu	Ericsson
B.L	hu	Euro
B.L	hu	Frankfurt Stock Exchange
B.L	hu	Freescale Semiconductor
B.L	hu	Fujitsu
B.L	hu	Google Inc.
B.L	hu	Groupe Bull
B.L	hu	Hardver
B.L	hu	Hasso Plattner
B.L	hu	Henning Kagermann
B.L	hu	Hewlett-Packard
B.L	hu	Hitachi
B.L	hu	Huawei
B.L	hu	Hynix
B.L	hu	IAC/InterActiveCorp
B.L	hu	IBM
B.L	hu	Infineon Technologies
B.L	hu	Intel
B.L	hu	International Securities Identifying Number
B.L	hu	JVC
B.L	hu	Juniper Networks
B.L	hu	Lenovo
B.L	hu	Leo Apotheker
B.L	hu	Marvell Technology Group
B.L	hu	MediaTek
B.L	hu	Micron Technology
B.L	hu	Microsoft
B.L	hu	Mitsubishi Electric
B.L	hu	Motorola
B.L	hu	NEC
B.L	hu	NVidia
B.L	hu	NXP Semiconductors
B.L	hu	New York Stock Exchange
B.L	hu	Nokia
B.L	hu	Nokia Siemens Networks
B.L	hu	Nortel
B.L	hu	Novell
B.L	hu	Nvidia
B.L	hu	Németország
B.L	hu	Oracle Corporation
B.L	hu	Panasonic Corporation
B.L	hu	Qualcomm
B.L	hu	Renesas Electronics
B.L	hu	Rt
B.L	hu	SAP Hungary Kft
B.L	hu	STMicroelectronics
B.L	hu	Samsung
B.L	hu	Shai Agassi
B.L	hu	Siemens AG
B.L	hu	Silicon Graphics
B.L	hu	Sony Corporation
B.L	hu	Sun Microsystems
B.L	hu	Symantec
B.L	hu	Szoftver
B.L	hu	Texas Instruments
B.L	hu	Toshiba
B.L	hu	VIA Technologies
B.L	hu	Vállalatirányítási információs rendszerek
B.L	hu	Weinheim
B.L	hu	Wikimédia Commons
B.L	hu	Yahoo!
B.L	hu	ZTE (vállalat)
B.L	hu	Portál:Németország
B.L	hu	Portál:Németország/ikon
B.L	hi	2008-04-02
B.L	hi	3-स्तरीय संरचना
B.L	hi	ABAP
B.L	hi	Accenture
B.L	hi	Adidas
B.L	hi	Aktiengesellschaft
B.L	hi	Allianz
B.L	hi	Associated Press
B.L	hi	BASF
B.L	hi	BMW
B.L	hi	Bayer AG
B.L	hi	Beiersdorf
B.L	hi	CSC
B.L	hi	Capgemini
B.L	hi	Cognizant Technology Solutions
B.L	hi	Commerzbank
B.L	hi	Computer software
B.L	hi	DAX
B.L	hi	Daimler AG
B.L	hi	Deloitte
B.L	hi	Deutsche Bank
B.L	hi	Deutsche Börse
B.L	hi	Deutsche Post
B.L	hi	Deutsche Telekom
B.L	hi	E.ON
B.L	hi	ERP सॉफ्टवेयर पैकेज की सूची
B.L	hi	Frankfurt Stock Exchange
B.L	hi	Fresenius (company)
B.L	hi	Fresenius Medical Care
B.L	hi	Germany
B.L	hi	GmbH
B.L	hi	HCL Technologies
B.L	hi	Hasso Plattner
B.L	hi	HeidelbergCement
B.L	hi	Henkel
B.L	hi	Hewlett-Packard
B.L	hi	IBM
B.L	hi	Infineon Technologies
B.L	hi	K+S
B.L	hi	Leo Apotheker
B.L	hi	Lufthansa
B.L	hi	MAN SE
B.L	hi	Merck KGaA
B.L	hi	Metro AG
B.L	hi	Munich Re
B.L	hi	Oracle Corporation
B.L	hi	PricewaterhouseCoopers
B.L	hi	RFID
B.L	hi	RWE
B.L	hi	Ra'anana
B.L	hi	SAPE
B.L	hi	SAP Business All-in-One
B.L	hi	SAP Business ByDesign
B.L	hi	SAP Business One
B.L	hi	SAP Business Suite
B.L	hi	SAP Customer Relationship Management (SAP CRM)
B.L	hi	SAP ERP
B.L	hi	SAP Labs
B.L	hi	SAP NetWeaver
B.L	hi	SAP Product Lifecycle Management (SAP PLM)
B.L	hi	SAP R/2
B.L	hi	SAP R/3
B.L	hi	SAP Supplier Relationship Management (SAP SRM)
B.L	hi	SAP Supply Chain Management (SAP SCM)
B.L	hi	SAP अनुसंधान
B.L	hi	SAP उत्पादों की सूची
B.L	hi	SAP कार्यान्वयन
B.L	hi	SAPgui
B.L	hi	Siemens
B.L	hi	Siemens IT Solutions and Services
B.L	hi	The Linde Group
B.L	hi	ThyssenKrupp
B.L	hi	TomorrowNow
B.L	hi	Types of business entity
B.L	hi	Volkswagen Group
B.L	hi	Walldorf
B.L	hi	Weinheim
B.L	hi	Xerox
B.L	hi	अक्टीएनगेज़ेलशाफ्ट
B.L	hi	अनुप्रयोग सर्वर
B.L	hi	अनुसंधान और विकास
B.L	hi	अमेरीका का 'SAP उपयोगकर्ता' समूह
B.L	hi	आई॰ऍस॰बी॰ऍन॰
B.L	hi	आपूर्ति श्रृंखला प्रबंधन
B.L	hi	इम्पीरियल केमिकल इंडसट्रीस
B.L	hi	उत्पाद जीवन चक्र प्रबंधन
B.L	hi	उपयोगकर्ताओं की सूची' समूह
B.L	hi	एंटरप्राइस रिसोर्स प्लानिंग
B.L	hi	एकल साइन-ऑन
B.L	hi	करमील
B.L	hi	कार्बनिक वृद्धि
B.L	hi	गार्टनर
B.L	hi	गुड़गांव
B.L	hi	ग्राहक संबंध प्रबंधन
B.L	hi	जर्मनी,
B.L	hi	डाटाबेस
B.L	hi	न्यूटन स्क्वायर, पेंसिल्वेनिया
B.L	hi	न्यूयॉर्क शेयर बाज़ार
B.L	hi	पतला ग्राहक
B.L	hi	पालो अल्टो, कैलिफोर्निया
B.L	hi	प्रतियोगी
B.L	hi	बिजनेस स्वीट
B.L	hi	बुल्गारिया
B.L	hi	बैंगलोर
B.L	hi	बौद्धिक संपदा
B.L	hi	मुख्य कार्यकारी अधिकारी
B.L	hi	मुख्यालय
B.L	hi	मेनफ्रेम कंप्यूटर
B.L	hi	मॉन्ट्रियल
B.L	hi	यूरोप:
B.L	hi	लियो अपोथेकर
B.L	hi	वार्षिक सामान्य बैठक
B.L	hi	वाल्डोर्फ
B.L	hi	व्यापार ऑब्जेक्ट (कंपनी)
B.L	hi	शंघाई
B.L	hi	शाई अगासी
B.L	hi	संक्षिप्त
B.L	hi	सप्लायर संबंध प्रबंधन
B.L	hi	सेवा-उन्मुख संरचना
B.L	hi	सॉफ्टवेयर
B.L	hi	सोफिया
B.L	hi	विकिपीडिया:Citation needed
B.L	hi	साँचा:Companies portal
B.L	hi	साँचा:Country data Germany
B.L	hi	साँचा:DAX companies
B.L	hi	साँचा:ISIN
B.L	hi	साँचा वार्ता:DAX companies
B.L	hi	श्रेणी:लेख जिनमें December 2008 से असत्यापित तथ्य हैं
B.L	hi	श्रेणी:लेख जिनमें December 2008 से मृत कड़ियाँ हैं
B.L	hi	श्रेणी:लेख जिनमें February 2008 से असत्यापित तथ्य हैं
B.L	hi	श्रेणी:लेख जिन्हें May 2009 से अतिरिक्त संदर्भ की आवश्यकता है
B.L	id	1972
B.L	id	2005
B.L	id	AT&T
B.L	id	Accenture
B.L	id	Acer Inc.
B.L	id	Adobe Systems
B.L	id	Advanced Micro Devices
B.L	id	Alcatel-Lucent
B.L	id	Amazon.com
B.L	id	América Móvil
B.L	id	Apple Inc.
B.L	id	Asus
B.L	id	Atos
B.L	id	Avaya
B.L	id	BT Global Services
B.L	id	BT Group
B.L	id	Baidu
B.L	id	Bell Canada
B.L	id	Bharti Airtel
B.L	id	Booz Allen Hamilton
B.L	id	Broadcom
B.L	id	Bursa Saham Frankfurt
B.L	id	Bursa Saham New York
B.L	id	CACI
B.L	id	CA Technologies
B.L	id	CGI Group
B.L	id	Canon (perusahaan)
B.L	id	Capgemini
B.L	id	Celestica
B.L	id	CenturyLink
B.L	id	China Mobile
B.L	id	China Telecom
B.L	id	China Unicom
B.L	id	Cisco Systems
B.L	id	Cognizant Technology Solutions
B.L	id	Comcast
B.L	id	Compal Electronics
B.L	id	Computer Sciences Corporation
B.L	id	Daftar perusahaan perangkat lunak besar
B.L	id	Daftar perusahaan teknologi besar
B.L	id	Datang Telecom
B.L	id	Dell
B.L	id	Deloitte
B.L	id	Deutsche Telekom
B.L	id	EBay
B.L	id	EMC Corporation
B.L	id	Eastman Kodak
B.L	id	Ericsson
B.L	id	Eropa
B.L	id	Flextronics
B.L	id	Foxconn
B.L	id	France Télécom
B.L	id	Freescale Semiconductor
B.L	id	Fujitsu
B.L	id	GlobalFoundries
B.L	id	Google
B.L	id	HCL Technologies
B.L	id	HP Enterprise Services
B.L	id	HP Software Division
B.L	id	HTC
B.L	id	Hewlett-Packard
B.L	id	Hitachi Consulting
B.L	id	Hitachi Data Systems
B.L	id	Huawei
B.L	id	Hutchison Telecommunications International Limited
B.L	id	IAC (perusahaan)
B.L	id	IBM
B.L	id	Indra Sistemas
B.L	id	Infineon Technologies
B.L	id	Infosys
B.L	id	Intel
B.L	id	Intuit
B.L	id	Jabil Circuit
B.L	id	Jerman
B.L	id	Juniper Networks
B.L	id	KDDI
B.L	id	KPN
B.L	id	KT Corporation
B.L	id	Konica Minolta
B.L	id	Korporasi
B.L	id	Kyocera
B.L	id	LG Electronics
B.L	id	Lenovo
B.L	id	Lexmark
B.L	id	MTS (penyedia jaringan)
B.L	id	Mannheim
B.L	id	Marvell Technology Group
B.L	id	MediaTek
B.L	id	Micron Technology
B.L	id	Microsoft
B.L	id	Mitsubishi Electric
B.L	id	Motorola Mobility
B.L	id	Motorola Solutions
B.L	id	NCR Corporation
B.L	id	NEC
B.L	id	NEC Casio Mobile Communications
B.L	id	NHN Corporation
B.L	id	NTT Data
B.L	id	NTT DoCoMo
B.L	id	NXP Semiconductors
B.L	id	NetApp
B.L	id	NetEase
B.L	id	Nippon Telegraph and Telephone
B.L	id	Nokia
B.L	id	Nokia Siemens Networks
B.L	id	Nvidia
B.L	id	Oracle Corporation
B.L	id	Orange Business Services
B.L	id	Panasonic
B.L	id	Perangkat lunak
B.L	id	Peringkat penjualan semikonduktor menurut tahun
B.L	id	Perusahaan
B.L	id	Perusahaan (hukum)
B.L	id	Qualcomm
B.L	id	Quanta Computer
B.L	id	Rakuten
B.L	id	Renesas Electronics
B.L	id	Research In Motion
B.L	id	Ricoh
B.L	id	Rogers Communications
B.L	id	SK Hynix
B.L	id	SK Telecom
B.L	id	STMicroelectronics
B.L	id	Samsung Electronics
B.L	id	Sanmina-SCI Corporation
B.L	id	Seagate Technology
B.L	id	Seiko Epson
B.L	id	Sharp Corporation
B.L	id	SingTel
B.L	id	SoftBank Mobile
B.L	id	Sony
B.L	id	Sony Mobile Communications
B.L	id	Sprint Nextel
B.L	id	Swisscom
B.L	id	Symantec
B.L	id	T-Systems
B.L	id	TPV Technology
B.L	id	TSMC
B.L	id	Tata Consultancy Services
B.L	id	Teknologi informasi
B.L	id	Telecom Italia
B.L	id	Telefónica
B.L	id	Telenor
B.L	id	TeliaSonera
B.L	id	Tencent Holdings
B.L	id	Texas Instruments
B.L	id	Toshiba
B.L	id	Unisys
B.L	id	VIA Technologies
B.L	id	VMware
B.L	id	Verizon Communications
B.L	id	VimpelCom Ltd.
B.L	id	Vivendi
B.L	id	Vodafone
B.L	id	Walldorf
B.L	id	Western Digital
B.L	id	Wikimedia Commons
B.L	id	Wipro
B.L	id	Wistron Corporation
B.L	id	Xerox
B.L	id	Yahoo!
B.L	id	Yandex
B.L	id	ZTE
B.L	id	Wikipedia:Rintisan
B.L	id	Templat:Perusahaan teknologi informasi besar
B.L	id	Pembicaraan Templat:Perusahaan teknologi informasi besar
B.L	it	1972
B.L	it	1980
B.L	it	2011
B.L	it	2012
B.L	it	ABAP
B.L	it	Acronimo
B.L	it	Adidas
B.L	it	Aktiengesellschaft
B.L	it	Allianz
B.L	it	BASF
B.L	it	BMW
B.L	it	Bayer
B.L	it	Beiersdorf (azienda)
B.L	it	Blue chip
B.L	it	Borsa di Francoforte
B.L	it	Borsa valori
B.L	it	Business Objects
B.L	it	Client-server
B.L	it	Commerzbank
B.L	it	Customer Relationship Management
B.L	it	DAX 30
B.L	it	Daimler (azienda)
B.L	it	Data warehouse
B.L	it	Deutsche Bank
B.L	it	Deutsche Börse
B.L	it	Deutsche Post
B.L	it	Deutsche Telekom
B.L	it	E.ON
B.L	it	Enterprise Resource Planning
B.L	it	Enterprise portal
B.L	it	Enterprise resource planning
B.L	it	Fatturato
B.L	it	Frankfurt Stock Exchange
B.L	it	Fresenius
B.L	it	Fresenius Medical Care
B.L	it	Germania
B.L	it	Gruppo Volkswagen
B.L	it	Hardware
B.L	it	Hasso Plattner
B.L	it	Heidelberg Cement
B.L	it	Henkel
B.L	it	Impresa
B.L	it	Indice azionario
B.L	it	Infineon Technologies
B.L	it	Italia
B.L	it	K+S
B.L	it	Linde AG
B.L	it	Lingua inglese
B.L	it	Lufthansa
B.L	it	MAN SE
B.L	it	Merck KGaA
B.L	it	Metro (azienda)
B.L	it	Multinazionale
B.L	it	Munich Re
B.L	it	Prodotti SAP
B.L	it	Product Lifecycle Management
B.L	it	Profitto
B.L	it	RWE (azienda)
B.L	it	Real-time
B.L	it	SAP (software)
B.L	it	SAP BW
B.L	it	SAP Business One
B.L	it	SAP Exchange Infrastructure
B.L	it	SAP NetWeaver
B.L	it	Siemens (azienda)
B.L	it	Sito web
B.L	it	Software
B.L	it	Software House
B.L	it	Stato
B.L	it	Supplier Relationship Management
B.L	it	Supply Chain Management
B.L	it	ThyssenKrupp
B.L	it	Walldorf
B.L	it	Walldorf (Baden-Württemberg)
B.L	it	Weinheim
B.L	it	Wikipedia:Fonti attendibili
B.L	it	Wikipedia:Uso delle fonti
B.L	it	Template:Aziende DAX 30
B.L	it	Discussioni template:Aziende DAX 30
B.L	it	Categoria:Senza fonti - aziende
B.L	it	Categoria:Senza fonti - dicembre 2012
B.L	it	Progetto:Aziende
B.L	ja	12月3日
B.L	ja	1972年
B.L	ja	1976年
B.L	ja	1月15日
B.L	ja	2005年
B.L	ja	2006年
B.L	ja	2008年
B.L	ja	2010年
B.L	ja	2011年
B.L	ja	5月12日
B.L	ja	ABAP
B.L	ja	BASF
B.L	ja	BMW
B.L	ja	CRM
B.L	ja	E.ON
B.L	ja	EXTRA
B.L	ja	IBM
B.L	ja	K+S
B.L	ja	NECパーソナルプロダクツ
B.L	ja	PLM
B.L	ja	RWE
B.L	ja	SAP All-in-One
B.L	ja	SAP Business One
B.L	ja	SAP ERP
B.L	ja	SAP NetWeaver
B.L	ja	SAP R/2
B.L	ja	SAP R/3
B.L	ja	SAPアレーナ
B.L	ja	SAPオープン
B.L	ja	SCM
B.L	ja	SQL
B.L	ja	SuccessFactors
B.L	ja	Sybase
B.L	ja	TSG1899ホッフェンハイム
B.L	ja	アディダス
B.L	ja	アリアンツ
B.L	ja	インフィニオン・テクノロジーズ
B.L	ja	ウィスコンシン大学マディソン校
B.L	ja	エンジニア
B.L	ja	オラクル (企業)
B.L	ja	コメルツ銀行
B.L	ja	コンチネンタル (自動車部品製造業)
B.L	ja	サーバ
B.L	ja	サービス指向アーキテクチャ
B.L	ja	システム
B.L	ja	シーメンス
B.L	ja	スウェーデン王立工科大学
B.L	ja	ソフトウェア
B.L	ja	ダイムラー (自動車メーカー)
B.L	ja	ティッセンクルップ
B.L	ja	ディートマー・ホップ
B.L	ja	データベース
B.L	ja	ドイツ
B.L	ja	ドイツテレコム
B.L	ja	ドイツポスト
B.L	ja	ドイツ・ポストバンク
B.L	ja	ドイツ株価指数
B.L	ja	ドイツ証券取引所
B.L	ja	ドイツ語
B.L	ja	ドイツ銀行
B.L	ja	ニューヨーク証券取引所
B.L	ja	ハイポ・リアル・エステート
B.L	ja	バイエル (企業)
B.L	ja	ビジネスインテリジェンス
B.L	ja	フォルクスワーゲングループ
B.L	ja	フレゼニウス
B.L	ja	プログラム (コンピュータ)
B.L	ja	ヘンケル
B.L	ja	マイクロソフト
B.L	ja	マイクロソフト支援技術ベンダプログラム
B.L	ja	マクロメディア
B.L	ja	マン (企業)
B.L	ja	ミュンヘン再保険
B.L	ja	メトロ (小売業)
B.L	ja	メルク (ドイツ)
B.L	ja	ヨーロッパ
B.L	ja	リンデ
B.L	ja	ルフトハンザドイツ航空
B.L	ja	ヴァルドルフ (バーデン)
B.L	ja	三層アーキテクチャ
B.L	ja	企業
B.L	ja	企業資源計画
B.L	ja	分析
B.L	ja	外国法人
B.L	ja	富士通
B.L	ja	日本アイ・ビー・エム
B.L	ja	日立ケーイーシステムズ
B.L	ja	日立製作所
B.L	ja	東京大学
B.L	ja	開発
B.L	ja	静岡県立大学
B.L	ja	Wikipedia:スタブ
B.L	ja	Template:DAX
B.L	ja	Template:MATvp
B.L	ja	Template‐ノート:DAX
B.L	ja	Template‐ノート:MATvp
B.L	ja	Help:脚注/読者向け
B.L	ja	Category:企業関連のスタブ
B.L	ja	プロジェクト:経済
B.L	vi	1972
B.L	vi	1973
B.L	vi	1976
B.L	vi	1977
B.L	vi	1979
B.L	vi	1988
B.L	vi	1990
B.L	vi	1991
B.L	vi	1999
B.L	vi	2003
B.L	vi	2004
B.L	vi	AT&T
B.L	vi	Accenture
B.L	vi	Acer Inc.
B.L	vi	Adobe Systems
B.L	vi	Advanced Micro Devices
B.L	vi	Alcatel-Lucent
B.L	vi	Amazon.com
B.L	vi	América Móvil
B.L	vi	Apple Inc.
B.L	vi	Asus
B.L	vi	Atos
B.L	vi	Avaya
B.L	vi	BT Global Services
B.L	vi	BT Group
B.L	vi	Baidu
B.L	vi	Bell Canada
B.L	vi	Bharti Airtel
B.L	vi	Booz Allen Hamilton
B.L	vi	Broadcom
B.L	vi	CACI
B.L	vi	CA Technologies
B.L	vi	CGI Group
B.L	vi	Canon (company)
B.L	vi	Capgemini
B.L	vi	CeBIT
B.L	vi	Celestica
B.L	vi	CenturyLink
B.L	vi	China Mobile
B.L	vi	China Telecom
B.L	vi	China Unicom
B.L	vi	Châu Âu
B.L	vi	Cisco Systems
B.L	vi	Claus Wellenreuther
B.L	vi	Cognizant Technology Solutions
B.L	vi	Comcast
B.L	vi	Compal Electronics
B.L	vi	Computer Sciences Corporation
B.L	vi	Các công ty công nghệ lớn nhất
B.L	vi	Các công ty phần mềm lớn nhất
B.L	vi	Công nghệ thông tin
B.L	vi	Công ty cổ phần
B.L	vi	Công ty trách nhiệm hữu hạn
B.L	vi	Cổ phần
B.L	vi	Cổ phần ưu đãi
B.L	vi	Danh sách dẫn đầu doanh số bán hàng sản phẩm bán dẫn theo năm
B.L	vi	Datang Telecom
B.L	vi	Dell
B.L	vi	Deloitte
B.L	vi	Deutsche Telekom
B.L	vi	Dietmar Hopp
B.L	vi	EBay
B.L	vi	EMC Corporation
B.L	vi	Eastman Kodak
B.L	vi	Elpida Memory
B.L	vi	Ericsson
B.L	vi	Euro
B.L	vi	Facebook
B.L	vi	Flextronics
B.L	vi	Foxconn
B.L	vi	France Télécom
B.L	vi	Freescale Semiconductor
B.L	vi	Fujitsu
B.L	vi	Getronics
B.L	vi	GlobalFoundries
B.L	vi	Google
B.L	vi	HCL Technologies
B.L	vi	HP Enterprise Services
B.L	vi	HP Software Division
B.L	vi	HTC
B.L	vi	Hannover
B.L	vi	Hans-Werner Hector
B.L	vi	Hasso Plattner
B.L	vi	Hewlett-Packard
B.L	vi	Hitachi
B.L	vi	Hoạch định tài nguyên doanh nghiệp
B.L	vi	Huawei
B.L	vi	Hutchison Telecommunications International Limited
B.L	vi	Hynix
B.L	vi	IBM
B.L	vi	IBM Global Services
B.L	vi	Indra Sistemas
B.L	vi	Infineon Technologies
B.L	vi	Infosys
B.L	vi	Intel
B.L	vi	Intuit
B.L	vi	Jabil Circuit
B.L	vi	Juniper Networks
B.L	vi	KDDI
B.L	vi	KPN
B.L	vi	KT Corporation
B.L	vi	Klaus Tschira
B.L	vi	Kyocera
B.L	vi	LG Electronics
B.L	vi	Lenovo
B.L	vi	Lexmark
B.L	vi	Logica
B.L	vi	MTS (network provider)
B.L	vi	Mannheim
B.L	vi	Mark Đức
B.L	vi	Marvell Technology Group
B.L	vi	McAfee
B.L	vi	MediaTek
B.L	vi	Micron Technology
B.L	vi	Microsoft
B.L	vi	Mitsubishi Electric
B.L	vi	Motorola Mobility
B.L	vi	Motorola Solutions
B.L	vi	NCR Corporation
B.L	vi	NEC
B.L	vi	NEC Casio Mobile Communications
B.L	vi	NTT Data
B.L	vi	NTT DoCoMo
B.L	vi	NXP Semiconductors
B.L	vi	NetApp
B.L	vi	Nippon Telegraph and Telephone
B.L	vi	Nokia
B.L	vi	Nokia Siemens Networks
B.L	vi	Nvidia
B.L	vi	Oracle Corporation
B.L	vi	Orange Business Services
B.L	vi	Panasonic Corporation
B.L	vi	Qualcomm
B.L	vi	Quanta Computer
B.L	vi	Quản lý dây chuyền cung cấp
B.L	vi	Quản lý quan hệ khách hàng
B.L	vi	Quản lý quan hệ người cung cấp
B.L	vi	RedHat
B.L	vi	Reliance Communications
B.L	vi	Renesas Electronics
B.L	vi	Research In Motion
B.L	vi	Ricoh
B.L	vi	Rogers Communications
B.L	vi	SAP AG
B.L	vi	SK Telecom
B.L	vi	STMicroelectronics
B.L	vi	Samsung Electronics
B.L	vi	Sanmina-SCI Corporation
B.L	vi	Seagate Technology
B.L	vi	Seiko Epson
B.L	vi	Semiconductor Manufacturing International Corporation
B.L	vi	Sharp Corporation
B.L	vi	SingTel
B.L	vi	SoftBank
B.L	vi	Sony
B.L	vi	Sony Mobile Communications
B.L	vi	Sprint Nextel
B.L	vi	Swisscom
B.L	vi	Symantec
B.L	vi	T-Systems
B.L	vi	TPV Technology
B.L	vi	TSMC
B.L	vi	Tata Consultancy Services
B.L	vi	Telecom Italia
B.L	vi	Telefónica
B.L	vi	Telenor
B.L	vi	TeliaSonera
B.L	vi	Texas Instruments
B.L	vi	Thị trường chứng khoán
B.L	vi	Tieto
B.L	vi	Tiếng Anh
B.L	vi	Tiếng Đức
B.L	vi	Toshiba
B.L	vi	Tower Semiconductor
B.L	vi	Tích hợp ứng dụng doanh nghiệp
B.L	vi	Unisys
B.L	vi	United Microelectronics Corporation
B.L	vi	VIA Technologies
B.L	vi	Verizon Communications
B.L	vi	Vivendi
B.L	vi	Vodafone
B.L	vi	Vốn điều lệ
B.L	vi	Western Digital
B.L	vi	Wipro
B.L	vi	Wistron Corporation
B.L	vi	Xerox
B.L	vi	Yahoo!
B.L	vi	ZTE
B.L	vi	Đức
B.L	vi	Bản mẫu:Các công ty công nghệ thông tin chủ chốt
B.L	vi	Thảo luận Bản mẫu:Các công ty công nghệ thông tin chủ chốt
B.L	uz	VikiOmbor
B.L	uk	1972
B.L	uk	2009
B.L	uk	AT&T
B.L	uk	Accenture
B.L	uk	Acer Inc.
B.L	uk	Adobe Systems
B.L	uk	Advanced Micro Devices
B.L	uk	Aktiengesellschaft
B.L	uk	Alcatel-Lucent
B.L	uk	Amazon.com
B.L	uk	América Móvil
B.L	uk	Apple
B.L	uk	Asus
B.L	uk	Atos
B.L	uk	Avaya
B.L	uk	BT Global Services
B.L	uk	BT Group
B.L	uk	Baidu
B.L	uk	Bell Canada
B.L	uk	Bharti Airtel
B.L	uk	Booz Allen Hamilton
B.L	uk	Broadcom
B.L	uk	CACI
B.L	uk	CA Technologies
B.L	uk	CGI Group
B.L	uk	Canon (company)
B.L	uk	Capgemini
B.L	uk	Celestica
B.L	uk	CenturyLink
B.L	uk	China Mobile
B.L	uk	China Telecom
B.L	uk	China Unicom
B.L	uk	Cisco Systems
B.L	uk	Co-CEO
B.L	uk	Cognizant Technology Solutions
B.L	uk	Comcast
B.L	uk	Compal Electronics
B.L	uk	Computer Sciences Corporation
B.L	uk	Dell
B.L	uk	Deloitte
B.L	uk	Deutsche Telekom
B.L	uk	EBay
B.L	uk	EMC Corporation
B.L	uk	ERP
B.L	uk	Eastman Kodak
B.L	uk	Elpida Memory
B.L	uk	Ericsson
B.L	uk	Facebook
B.L	uk	Flextronics
B.L	uk	Foxconn
B.L	uk	France Télécom
B.L	uk	Freescale Semiconductor
B.L	uk	Fujitsu
B.L	uk	Getronics
B.L	uk	GlobalFoundries
B.L	uk	Google
B.L	uk	HCL Technologies
B.L	uk	HP Enterprise Services
B.L	uk	HP Software Division
B.L	uk	HTC
B.L	uk	Hewlett-Packard
B.L	uk	Hitachi
B.L	uk	Huawei
B.L	uk	Hutchison Telecommunications International Limited
B.L	uk	Hynix
B.L	uk	IBM
B.L	uk	IBM Global Services
B.L	uk	Indra Sistemas
B.L	uk	Infineon Technologies
B.L	uk	Infosys
B.L	uk	Intel
B.L	uk	Intuit
B.L	uk	Jabil Circuit
B.L	uk	Juniper Networks
B.L	uk	KDDI
B.L	uk	KPN
B.L	uk	KT Corporation
B.L	uk	Kyocera
B.L	uk	LG Electronics
B.L	uk	Lenovo
B.L	uk	Lexmark
B.L	uk	Logica
B.L	uk	MTS (network provider)
B.L	uk	Marvell Technology Group
B.L	uk	McAfee
B.L	uk	MediaTek
B.L	uk	Micron Technology
B.L	uk	Microsoft
B.L	uk	Mitsubishi Electric
B.L	uk	Motorola Mobility
B.L	uk	Motorola Solutions
B.L	uk	NCR Corporation
B.L	uk	NEC
B.L	uk	NEC Casio Mobile Communications
B.L	uk	NTT Data
B.L	uk	NTT DoCoMo
B.L	uk	NXP Semiconductors
B.L	uk	NetApp
B.L	uk	Nippon Telegraph and Telephone
B.L	uk	Nokia
B.L	uk	Nokia Siemens Networks
B.L	uk	Northrop Grumman
B.L	uk	Nvidia
B.L	uk	Oracle Corporation
B.L	uk	Orange Business Services
B.L	uk	Panasonic Corporation
B.L	uk	Qualcomm
B.L	uk	Quanta Computer
B.L	uk	Reliance Communications
B.L	uk	Renesas Electronics
B.L	uk	Research In Motion
B.L	uk	Ricoh
B.L	uk	Rogers Communications
B.L	uk	SAIC (company)
B.L	uk	SAP ERP
B.L	uk	SK Telecom
B.L	uk	STMicroelectronics
B.L	uk	Samsung Electronics
B.L	uk	Sanmina-SCI Corporation
B.L	uk	Seagate Technology
B.L	uk	Seiko Epson
B.L	uk	Semiconductor Manufacturing International Corporation
B.L	uk	Sharp Corporation
B.L	uk	Singapore Telecommunications
B.L	uk	SoftBank
B.L	uk	Sony
B.L	uk	Sony Mobile Communications
B.L	uk	Sprint Nextel
B.L	uk	Swisscom
B.L	uk	Symantec
B.L	uk	T-Systems
B.L	uk	TPV Technology
B.L	uk	TSMC
B.L	uk	Tata Consultancy Services
B.L	uk	Telecom Italia
B.L	uk	Telefónica
B.L	uk	Telenor
B.L	uk	TeliaSonera
B.L	uk	Texas Instruments
B.L	uk	Tieto
B.L	uk	Toshiba
B.L	uk	Tower Semiconductor
B.L	uk	Unisys
B.L	uk	United Microelectronics Corporation
B.L	uk	VIA Technologies
B.L	uk	Verizon Communications
B.L	uk	Vivendi
B.L	uk	Vodafone
B.L	uk	Western Digital
B.L	uk	Wipro
B.L	uk	Wistron Corporation
B.L	uk	Xerox
B.L	uk	Yahoo!
B.L	uk	ZTE
B.L	uk	Євро
B.L	uk	Інформаційні технології
B.L	uk	Активи
B.L	uk	Вайнхайм
B.L	uk	Валовий дохід
B.L	uk	Вальдорф
B.L	uk	Виробництво програмного забезпечення
B.L	uk	Власний капітал
B.L	uk	ВікіСховище
B.L	uk	Міжнародний ідентифікаційний номер цінного паперу
B.L	uk	Мільярд
B.L	uk	Нью-Йоркська фондова біржа
B.L	uk	Німеччина
B.L	uk	Продукція
B.L	uk	Сайт
B.L	uk	Список найбільших софтверних компаній
B.L	uk	Франкфуртська фондова біржа
B.L	uk	Чистий прибуток
B.L	uk	Штаб-квартира
B.L	uk	Вікіпедія:Шаблони:Незавершені статті
B.L	uk	Вікіпедія:Як редагувати статтю
B.L	uk	Шаблон:Назва країни DEU
B.L	uk	Шаблон:Найбільші ІТ компанії
B.L	uk	Обговорення шаблону:Найбільші ІТ компанії
B.L	tr	1972
B.L	tr	Afrika
B.L	tr	Almanya
B.L	tr	Amerika
B.L	tr	Anonim Şirket
B.L	tr	Asya Pasifik
B.L	tr	Avrupa
B.L	tr	Bilgisayar Ağları
B.L	tr	Brezilya
B.L	tr	Bulgaristan
B.L	tr	Business Objects
B.L	tr	Cem Yeker
B.L	tr	Database
B.L	tr	Depolama Sistemleri
B.L	tr	ERP
B.L	tr	Euro
B.L	tr	Fortune 500
B.L	tr	Gelir
B.L	tr	Hindistan
B.L	tr	IBM
B.L	tr	Japonya
B.L	tr	Kanada
B.L	tr	Karayipler
B.L	tr	Kuzey Amerika
B.L	tr	Latin Amerika
B.L	tr	Lütfi Kırdar Kongre ve Sergi Sarayı
B.L	tr	Macaristan
B.L	tr	Mobil İşlem Sistemleri
B.L	tr	Orta Doğu
B.L	tr	Robert Kaplan
B.L	tr	Türkiye
B.L	tr	Walldorf
B.L	tr	Yazılım
B.L	tr	Çin
B.L	tr	Ürün
B.L	tr	İsrail
B.L	tr	Şirket
B.L	tr	Vikipedi:Madde
B.L	tr	Vikipedi:Taslak madde
B.L	te	2007-03-29
B.L	te	2007-09-03
B.L	te	2007-10-11
B.L	te	2007-10-15
B.L	te	2008-01-29
B.L	te	2008-02-12
B.L	te	2008-04-02
B.L	te	3-స్థాయి నిర్మాణం
B.L	te	ABAP
B.L	te	Accenture
B.L	te	Aktiengesellschaft
B.L	te	Associated Press
B.L	te	Business Objects (సంస్థ)
B.L	te	CSC
B.L	te	Capgemini
B.L	te	Cognizant Technology Solutions
B.L	te	Computer software
B.L	te	DAX
B.L	te	Deloitte
B.L	te	ERP సాఫ్ట్‌వేర్ ప్యాకేజీల జాబితా
B.L	te	Germany
B.L	te	GmbH
B.L	te	HCL టెక్నాలజీస్
B.L	te	Hasso Plattner
B.L	te	Hewlett-Packard
B.L	te	IBM
B.L	te	Leo Apotheker
B.L	te	Oracle Corporation
B.L	te	PricewaterhouseCoopers
B.L	te	RFID
B.L	te	SAPE
B.L	te	SAP Business All-in-One
B.L	te	SAP Business ByDesign
B.L	te	SAP Business One
B.L	te	SAP Business Suite
B.L	te	SAP Customer Relationship Management (SAP CRM)
B.L	te	SAP ERP
B.L	te	SAP NetWeaver
B.L	te	SAP Product Lifecycle Management (SAP PLM)
B.L	te	SAP R/2
B.L	te	SAP R/3
B.L	te	SAP Supplier Relationship Management (SAP SRM)
B.L	te	SAP Supply Chain Management (SAP SCM)
B.L	te	SAP అమలులు
B.L	te	SAP ఉత్పత్తుల జాబితా
B.L	te	SAP పరిశోధన
B.L	te	SAP ల్యాబ్స్
B.L	te	SAPgui
B.L	te	Siemens IT Solutions and Services
B.L	te	TomorrowNow
B.L	te	Walldorf
B.L	te	Weinheim
B.L	te	Xerox
B.L	te	అక్తియెంజ్సెల్స్‌ఛాఫ్ట్
B.L	te	అప్లికేషన్ సర్వర్
B.L	te	అమెరికాస్' SAP వినియోగదారుల' సమూహం
B.L	te	ఉత్పత్తి జీవితచక్ర నిర్వహణ
B.L	te	ఉపాధి
B.L	te	ఏకైక సైన్-ఆన్
B.L	te	కెర్మియాల్
B.L	te	క్లాజ్ ట్సిచిరా
B.L	te	గార్ట్నెర్
B.L	te	గుర్గాన్
B.L	te	గొలుసు సరఫరా నిర్వహణ
B.L	te	చిన్న క్లయింట్
B.L	te	చిన్న మరియు మధ్య స్థాయి-పరిమాణ సంస్థ
B.L	te	జర్మనీ
B.L	te	డేటాబేస్
B.L	te	డైట్మార్ హోప్
B.L	te	న్యూటౌన్ స్క్వేర్, పెన్స్స్‌ల్వేనియా
B.L	te	పరిశోధన మరియు అభివృద్ధి
B.L	te	పాలో ఆల్టో, కాలిఫోర్నియా
B.L	te	పోటీదారులు
B.L	te	ప్రధాన కార్యాలయాలు
B.L	te	ప్రముఖ 500
B.L	te	బల్గేరియా
B.L	te	బాడెన్-య్యుర్టెంబర్గ్
B.L	te	బెంగుళూరు
B.L	te	మాన్హెయిమ్
B.L	te	ముఖ్య కార్యనిర్వాహర అధికారి
B.L	te	మెయిన్‌ఫ్రేమ్ కంప్యూటర్
B.L	te	మేధో సంపత్తి
B.L	te	మోంటిరియల్
B.L	te	యూరోప్
B.L	te	రానాన
B.L	te	రెవిన్యూ
B.L	te	వాణిజ్య సూట్
B.L	te	వార్షిక సర్వసభ్య సమావేశం
B.L	te	వాల్డోర్ఫ్
B.L	te	వినియోగదారుల సంబంధ నిర్వహణ
B.L	te	వినియోగదారుల సమూహాల జాబితా'
B.L	te	వెబ్ సైటు
B.L	te	షాంఘై
B.L	te	షాయి అగస్సీ
B.L	te	సంక్షిప్త వాదం
B.L	te	సంస్థ వనరు ప్రణాళిక
B.L	te	సంస్థ వనరుల ప్రణాళిక
B.L	te	సరఫరాదారు సంబంధ నిర్వహణ
B.L	te	సహజ పెరుగుదల
B.L	te	సాఫ్ట్‌వేర్
B.L	te	సామ్రాజ్యవాద రసాయన పరిశ్రమలు
B.L	te	సేవా సంబంధిత నిర్మాణం
B.L	te	సోఫియా
B.L	te	హస్సో ప్లాట్నెర్
B.L	te	వికీపీడియా:చెడిన లింకు
B.L	te	వికీపీడియా:మూలాలు
B.L	te	మూస:Companies portal
B.L	te	మూస:DAX companies
B.L	te	మూస:FWB
B.L	te	మూస:ISIN
B.L	te	మూస:Unreferenced section
B.L	te	వర్గం:అచేతన బాహ్యలింకులు గల వ్యాసాలు from December 2008
B.L	th	ASRock
B.L	th	AT&T
B.L	th	Advanced Micro Devices
B.L	th	Alcatel-Lucent
B.L	th	Amazon.com
B.L	th	América Móvil
B.L	th	BT Corporation
B.L	th	Bell Canada
B.L	th	Bharti Airtel
B.L	th	Biostar
B.L	th	Broadcom
B.L	th	CA Technologies
B.L	th	Celestica
B.L	th	CenturyLink
B.L	th	China Mobile
B.L	th	China Telecom
B.L	th	China Unicom
B.L	th	Comcast
B.L	th	Compal Electronics
B.L	th	Deutsche Telekom
B.L	th	EBay
B.L	th	ERP
B.L	th	Ericsson
B.L	th	Flextronics
B.L	th	France Télécom
B.L	th	Freescale Semiconductor
B.L	th	Hutchison
B.L	th	IAC
B.L	th	Infineon Technologies
B.L	th	Jabil
B.L	th	KDDI
B.L	th	KPN
B.L	th	KT
B.L	th	Konica Minolta
B.L	th	Kyocera
B.L	th	Lexmark
B.L	th	MTS
B.L	th	Marvell Technology Group
B.L	th	MediaTek
B.L	th	Melco
B.L	th	Micron Technology
B.L	th	Mitsubishi Electric
B.L	th	Motorola Solutions
B.L	th	NEC
B.L	th	NHN
B.L	th	NTT
B.L	th	NTT DoCoMo
B.L	th	NXP
B.L	th	NetApp
B.L	th	NetEase
B.L	th	Nokia Siemens
B.L	th	OEMs
B.L	th	Qualcomm
B.L	th	Quanta
B.L	th	RIM
B.L	th	Rakuten
B.L	th	Renesas Electronics
B.L	th	Ricoh
B.L	th	Rogers
B.L	th	SAP R/3
B.L	th	SAPgui
B.L	th	SK Hynix
B.L	th	SK Telecom
B.L	th	STMicroelectronics
B.L	th	Sanmina-SCI
B.L	th	Sharp Corporation
B.L	th	SoftBank Mobile
B.L	th	Sprint Nextel
B.L	th	Swisscom
B.L	th	Symantec
B.L	th	TPV Technology
B.L	th	Telefónica
B.L	th	TeliaSonera
B.L	th	Texas Instruments
B.L	th	Toshiba
B.L	th	VIA Technologies
B.L	th	VMware
B.L	th	Verizon
B.L	th	VimpelCom
B.L	th	Vivendi
B.L	th	Vodafone
B.L	th	WP:RS
B.L	th	Wistron
B.L	th	ZTE
B.L	th	การประชุมสามัญประจำปี
B.L	th	การประมวลผลภาพดิจิทัล
B.L	th	กิกะไบต์เทคโนโลยี
B.L	th	กูเกิล
B.L	th	ค.ศ. 1972
B.L	th	ค.ศ. 2005
B.L	th	จัสมิน
B.L	th	จูนิเปอร์
B.L	th	ชิน คอร์ปอเรชั่น
B.L	th	ซอฟต์แวร์
B.L	th	ซัมซุง
B.L	th	ซิมโฟนี่ คอมมูนิเคชั่น
B.L	th	ซิสโก้
B.L	th	ซีเกต
B.L	th	ฐานข้อมูล
B.L	th	ดาต้าสโตเรจ
B.L	th	ตลาดหลักทรัพย์นิวยอร์ก
B.L	th	ตลาดหลักทรัพย์แฟรงเฟิอร์ต
B.L	th	ต้าถัง เทเลคอม
B.L	th	ทรู คอร์ปอเรชั่น
B.L	th	ทวิตเตอร์
B.L	th	ทวีปยุโรป
B.L	th	นิคอน
B.L	th	ประเทศเยอรมนี
B.L	th	ผู้ให้บริการอินเทอร์เน็ต
B.L	th	พานาโซนิค คอร์ปอเรชั่น
B.L	th	พีซี
B.L	th	ฟอร์ติเน็ต
B.L	th	ฟูจิตสึ
B.L	th	ฟ็อกซ์คอนน์
B.L	th	มูลค่าตามราคาตลาด
B.L	th	ยานเดกซ์
B.L	th	ยาฮู
B.L	th	สิงเทล
B.L	th	สิทธิบัตรซอฟต์แวร์
B.L	th	หัวเว่ย
B.L	th	อวาย่า
B.L	th	ออราเคิล
B.L	th	ออราเคิล คอร์ปอเรชัน
B.L	th	อะโดบีซิสเต็มส์
B.L	th	อินเทล
B.L	th	อินเทอร์เน็ต
B.L	th	อินเทอร์เน็ตไทยแลนด์
B.L	th	อีสต์แมนโกดัก
B.L	th	อีเอ็มซี
B.L	th	ฮาร์ดแวร์
B.L	th	ฮิตาชิ
B.L	th	ฮิวเลตต์-แพคการ์ด
B.L	th	เครือข่ายคอมพิวเตอร์
B.L	th	เซมิคอนดักเตอร์
B.L	th	เซิร์ฟเวอร์
B.L	th	เดลล์
B.L	th	เทคโนโลยีสารสนเทศ
B.L	th	เทนเซ็นต์
B.L	th	เทเลคอม อิตาเลีย
B.L	th	เทเลนอร์
B.L	th	เบญจจินดา
B.L	th	เฟซบุ๊ก
B.L	th	เมนเฟรมคอมพิวเตอร์
B.L	th	เลอโนโว
B.L	th	เวสเทิร์น ดิจิตอล
B.L	th	เอชทีซี
B.L	th	เอซุส
B.L	th	เอปสัน
B.L	th	เอเซอร์
B.L	th	เอเอ็มดี
B.L	th	เอ็นวีเดีย
B.L	th	แคนนอน
B.L	th	แคสเปอร์สกีแล็บ
B.L	th	แอนดรอยด์ (ระบบปฏิบัติการ)
B.L	th	แอนตี้ไวรัส
B.L	th	แอปพลิเคชันเซิร์ฟเวอร์
B.L	th	แอปเปิล (บริษัท)
B.L	th	แอลจี
B.L	th	โซนี่
B.L	th	โทรคมนาคม
B.L	th	โทรศัพท์มือถือ
B.L	th	โทเทิ่ล แอ็คเซ็ส คอมมูนิเคชั่น
B.L	th	โนเกีย
B.L	th	โมโตโรล่า
B.L	th	ไคลเอนต์
B.L	th	ไป่ตู้
B.L	th	ไมโครซอฟท์
B.L	th	ไอบีเอ็ม
B.L	th	วิกิพีเดีย:การพิสูจน์ยืนยันได้
B.L	th	วิกิพีเดีย:การอ้างอิงแหล่งที่มา
B.L	th	แม่แบบ:บริษัทไอทีขนาดใหญ่
B.L	th	คุยเรื่องแม่แบบ:บริษัทไอทีขนาดใหญ่
B.L	ta	2003-09-01
B.L	ta	2007-03-22
B.L	ta	2007-09-03
B.L	ta	2007-10-15
B.L	ta	3-அடுக்கு கட்டமைப்பு
B.L	ta	Aktiengesellschaft
B.L	ta	Associated Press
B.L	ta	Computer software
B.L	ta	Frankfurt Stock Exchange
B.L	ta	Germany
B.L	ta	Hasso Plattner
B.L	ta	International Securities Identification Number
B.L	ta	Leo Apotheker
B.L	ta	News release
B.L	ta	SAP 2011 logo.svg
B.L	ta	SAP Business All-in-One
B.L	ta	SAP Business ByDesign
B.L	ta	SAP Business One
B.L	ta	SAP Business Suite
B.L	ta	SAP Customer Relationship Management (SAP CRM)
B.L	ta	SAP ERP
B.L	ta	SAP NetWeaver
B.L	ta	SAP Product Lifecycle Management (SAP PLM)
B.L	ta	SAP R/2
B.L	ta	SAP Supplier Relationship Management (SAP SRM)
B.L	ta	SAP Supply Chain Management (SAP SCM)
B.L	ta	SAP பிசினஸ் ஆல் இன் ஒன்
B.L	ta	SAP லாப்ஸ்
B.L	ta	Walldorf
B.L	ta	Weinheim
B.L	ta	Xerox
B.L	ta	அமெரிக்காவின் 'SAP பயனர்' குழு
B.L	ta	அறிவுசார் சொத்து
B.L	ta	ஆக்சியன்கெசல்சாப்ட்
B.L	ta	ஆராய்ச்சி மற்றும் மேம்பாடு
B.L	ta	இணையத்தளம்
B.L	ta	உற்பத்தி
B.L	ta	ஐரோப்பா
B.L	ta	கார்மைய்ல்
B.L	ta	குர்கான்
B.L	ta	க்ளாஸ் சிர்ரா
B.L	ta	சர்வதேசத் தர புத்தக எண்
B.L	ta	சிறிய மற்றும் இடைநிலை-அளவிலான நிறுவனம்
B.L	ta	சோஃபியா
B.L	ta	தரவுத்தளம்
B.L	ta	தலைமை நிர்வாக அதிகாரி
B.L	ta	தலைமையகம்
B.L	ta	தொழில்துறை
B.L	ta	நியூட்டன் சதுக்கம், பென்சில்வேனியா
B.L	ta	நியூயார்க் பங்குச் சந்தை
B.L	ta	நிறுவன வளம் திட்டமிடல்
B.L	ta	படென்-உர்டெம்பெர்க்
B.L	ta	பணியாளர்
B.L	ta	பயனர் குழுக்களின் பட்டியல்
B.L	ta	பலோ ஆல்டோ, கலிபோர்னியா
B.L	ta	பல்கேரியா
B.L	ta	பிசினஸ் ஆப்ஜெக்ட்ஸ் (நிறுவனம்)
B.L	ta	பெங்களூர்
B.L	ta	மென்பொருள்
B.L	ta	மெயின்ஃப்ரேம் கணினி
B.L	ta	மெல்லிய கிளையண்ட்
B.L	ta	மேன்ஹெய்ம்
B.L	ta	ராஅனானா
B.L	ta	லியோ அபோத்தெகெர்
B.L	ta	வணிக அமைப்பு வகைகள்
B.L	ta	வணிக வளர்ச்சி
B.L	ta	வணிகத் தொகுமம்
B.L	ta	வருடாந்திர பொதுக்கூட்டம்
B.L	ta	வாடிக்கையாளர் உறவு மேலாண்மை
B.L	ta	வால்டோர்ப்
B.L	ta	ஷாங்காய்
B.L	ta	ஷாய் அகாசி
B.L	ta	ஹேஸ்ஸோ பிளாட்னெர்
B.L	ta	விக்கிப்பீடியா:Citing sources
B.L	ta	விக்கிப்பீடியா:தானியங்கித் தமிழாக்கம்
B.L	sv	1972
B.L	sv	1976
B.L	sv	1988
B.L	sv	2005
B.L	sv	2010
B.L	sv	2011
B.L	sv	Accenture
B.L	sv	Adidas
B.L	sv	Affärssystem
B.L	sv	Aktiebolag
B.L	sv	Allianz
B.L	sv	BASF
B.L	sv	BMW
B.L	sv	Bayer AG
B.L	sv	Beiersdorf AG
B.L	sv	Bolag
B.L	sv	Commerzbank
B.L	sv	Customer relationship management
B.L	sv	Daimler AG
B.L	sv	Detaljhandel
B.L	sv	Deutsche Bank
B.L	sv	Deutsche Börse
B.L	sv	Deutsche Post
B.L	sv	Deutsche Telekom
B.L	sv	Deutscher Aktienindex
B.L	sv	Dietmar Hopp
B.L	sv	E.ON
B.L	sv	Euro
B.L	sv	Finansindustri
B.L	sv	Fresenius
B.L	sv	Fresenius Medical Care
B.L	sv	Företag
B.L	sv	Försvarsmakten
B.L	sv	Försäkringskassan
B.L	sv	Gesellschaft mit beschränkter Haftung
B.L	sv	Hannover Re
B.L	sv	Henkel
B.L	sv	Infineon
B.L	sv	K+S
B.L	sv	Linde AG
B.L	sv	Lufthansa
B.L	sv	MAN AG
B.L	sv	Merck KGaA
B.L	sv	Metro AG
B.L	sv	Miljard
B.L	sv	Mjukvara
B.L	sv	Munich Re
B.L	sv	Offentlig sektor
B.L	sv	Omsättning
B.L	sv	Processindustri
B.L	sv	Programvara
B.L	sv	RWE
B.L	sv	Resursplanering
B.L	sv	Siemens AG
B.L	sv	Statskontoret
B.L	sv	Supply chain management
B.L	sv	ThyssenKrupp
B.L	sv	Tjänst
B.L	sv	Tyskland
B.L	sv	Volkswagen AG
B.L	sv	Walldorf
B.L	sv	Wikipedia:Introduktion till källhänvisningar
B.L	sv	Wikipedia:Stubbar
B.L	sv	Mall:DAX
B.L	sv	Malldiskussion:DAX
B.L	sk	Akciová spoločnosť
B.L	sk	SAP
B.L	sk	SAP Business Suite
B.L	sk	Walldorf (Bádensko)
B.L	sr	1976
B.L	sr	Akronim
B.L	sr	Analitika
B.L	sr	Aplikacija
B.L	sr	ERP
B.L	sr	Finansije
B.L	sr	IBM
B.L	sr	Microsoft
B.L	sr	Promena
B.L	sr	Valdorf
B.L	sr	Време
B.L	sr	Индустрија
B.L	sr	Инфраструктура
B.L	sr	Лидер
B.L	sr	Логистика
B.L	sr	Манхајм
B.L	sr	Немачка
B.L	sr	Немачки језик
B.L	sr	Платформа
B.L	sr	Процес
B.L	sr	Систем
B.L	sr	Софтвер
B.L	sr	Тржиште
B.L	sr	Управљање
B.L	sh	1976
B.L	sh	Akronim
B.L	sh	Analitika
B.L	sh	Aplikacija
B.L	sh	ERP
B.L	sh	Finansije
B.L	sh	IBM
B.L	sh	Industrija
B.L	sh	Infrastruktura
B.L	sh	Lider
B.L	sh	Logistika
B.L	sh	Manhajm
B.L	sh	Microsoft
B.L	sh	Nemačka
B.L	sh	Nemački jezik
B.L	sh	Platforma
B.L	sh	Proces
B.L	sh	Promena
B.L	sh	Sistem
B.L	sh	Softver
B.L	sh	Tržište
B.L	sh	Upravljanje
B.L	sh	Valdorf
B.L	sh	Vreme
B.L	ru	1972
B.L	ru	1976 год
B.L	ru	1992
B.L	ru	2007
B.L	ru	2008 год
B.L	ru	ABAP/4
B.L	ru	AXA
B.L	ru	AcceleratedSAP
B.L	ru	Adidas
B.L	ru	Aegon
B.L	ru	Air Liquide
B.L	ru	Alcatel-Lucent
B.L	ru	Allianz
B.L	ru	ArcelorMittal
B.L	ru	Assicurazioni Generali
B.L	ru	BASF
B.L	ru	BBVA
B.L	ru	BMW
B.L	ru	BNP Paribas
B.L	ru	Bayer
B.L	ru	Beiersdorf
B.L	ru	Bertrandt
B.L	ru	Carrefour
B.L	ru	Co-CEO
B.L	ru	Commerzbank
B.L	ru	Crédit Agricole
B.L	ru	DAX
B.L	ru	Daimler
B.L	ru	Danone
B.L	ru	Deutsche Bank
B.L	ru	Deutsche Börse
B.L	ru	Deutsche Post AG
B.L	ru	Deutsche Telekom
B.L	ru	Dow Jones Euro Stoxx 50
B.L	ru	E.ON
B.L	ru	ENEL
B.L	ru	Eni
B.L	ru	Fortis
B.L	ru	France Télécom
B.L	ru	Fresenius
B.L	ru	Fresenius SE
B.L	ru	GDF Suez
B.L	ru	Grupo Santander
B.L	ru	Hannover Re
B.L	ru	Henkel
B.L	ru	IBM
B.L	ru	ING Groep N.V.
B.L	ru	Iberdrola
B.L	ru	Intesa Sanpaolo
B.L	ru	K+S
B.L	ru	L'Oréal
B.L	ru	LVMH
B.L	ru	Lufthansa
B.L	ru	MAN
B.L	ru	Merck KGaA
B.L	ru	Metro AG
B.L	ru	Munich Re
B.L	ru	Nokia
B.L	ru	Philips
B.L	ru	RWE
B.L	ru	Renault
B.L	ru	Repsol YPF
B.L	ru	SAP BusinessOne
B.L	ru	Saint-Gobain
B.L	ru	Salzgitter AG
B.L	ru	Sanofi-Aventis
B.L	ru	Schneider Electric
B.L	ru	Siemens
B.L	ru	Société Générale
B.L	ru	Sybase
B.L	ru	Telecom Italia
B.L	ru	Telefónica
B.L	ru	The Linde Group
B.L	ru	ThyssenKrupp
B.L	ru	Total
B.L	ru	US GAAP
B.L	ru	UniCredit
B.L	ru	Unilever
B.L	ru	Vinci
B.L	ru	Vivendi
B.L	ru	Volkswagen Group
B.L	ru	Алма-Ата
B.L	ru	Английский язык
B.L	ru	Бухгалтерский учет
B.L	ru	Вайнгейм
B.L	ru	Вальдорф
B.L	ru	Викисклад
B.L	ru	Выручка
B.L	ru	Германия
B.L	ru	Екатеринбург
B.L	ru	Израиль
B.L	ru	Итальянская фондовая биржа
B.L	ru	Казначейские акции
B.L	ru	Киев
B.L	ru	Красное сторно
B.L	ru	Листинг (экономика)
B.L	ru	МСФО
B.L	ru	Маннгейм
B.L	ru	Международная стандартная отраслевая классификация
B.L	ru	Мейнфрейм
B.L	ru	Минск
B.L	ru	НСИ
B.L	ru	Немецкий язык
B.L	ru	Новосибирск
B.L	ru	Нью-Йоркская фондовая биржа
B.L	ru	Операционная прибыль
B.L	ru	Правовой контекст
B.L	ru	Программное обеспечение
B.L	ru	Продукт (бизнес)
B.L	ru	Производство
B.L	ru	Публичная компания
B.L	ru	Раанана
B.L	ru	Разработка программного обеспечения
B.L	ru	Ростов-на-Дону
B.L	ru	Русский язык
B.L	ru	Сайт
B.L	ru	Санкт-Петербург
B.L	ru	Система управления складом
B.L	ru	Сколково (Московская область)
B.L	ru	Счёт-фактура
B.L	ru	Торговля
B.L	ru	Трёхуровневая архитектура
B.L	ru	Управление персоналом
B.L	ru	Финансы
B.L	ru	Франкфуртская фондовая биржа
B.L	ru	Чистая прибыль
B.L	ru	Юридическое лицо
B.L	ro	2002
B.L	ro	2003
B.L	ro	2004
B.L	ro	2006
B.L	ro	2008
B.L	ro	2009
B.L	ro	2010
B.L	ro	Aktiengesellschaft
B.L	ro	Antreprenor
B.L	ro	Cifra de afaceri
B.L	ro	Companie
B.L	ro	Corporație
B.L	ro	Danemarca
B.L	ro	Euro
B.L	ro	Germania
B.L	ro	Industrie
B.L	ro	Septembrie
B.L	ro	Software
B.L	ro	Statele Unite
B.L	ro	Walldorf
B.L	ro	Weinheim
B.L	ro	Wikimedia Commons
B.L	ro	Wikipedia:Articolul ciot perfect
B.L	ro	Wikipedia:Găsește și repară un ciot
B.L	ro	Categorie:Tipuri de companii
B.L	hsb	ABAP
B.L	hsb	Blog
B.L	hsb	Business Intelligence
B.L	hsb	Client-serwer-architektura
B.L	hsb	Enterprise Portal
B.L	hsb	Enterprise Resource Planning
B.L	hsb	Europa
B.L	hsb	GUI
B.L	hsb	Hospodarska branša
B.L	hsb	IBM
B.L	hsb	International Securities Identification Number
B.L	hsb	Internetowa strona
B.L	hsb	J2EE
B.L	hsb	Knihiwjednistwo
B.L	hsb	Mobile Infrastructure
B.L	hsb	Prawniska forma
B.L	hsb	Proces
B.L	hsb	Relacijonalna datowa banka
B.L	hsb	Rjad k tworjenju hódnoty
B.L	hsb	SAP R/3
B.L	hsb	Sobudźěłaćer
B.L	hsb	Software
B.L	hsb	Sydło předewzaća
B.L	hsb	Terminal (komputer)
B.L	hsb	Walldorf (Badenska)
B.L	hsb	Weinheim (Badenska)
B.L	hsb	Windows
B.L	hsb	Wulkoličak
B.L	hsb	Wunošk
B.L	hsb	Załoženje (prawo)
B.L	hsb	Wikipedija:Infokašćik
B.L	hsb	Předłoha:Infokašćik předewzaće
B.L	hsb	Předłoha:Rq
B.L	hsb	Diskusija k předłoze:Infokašćik předewzaće
B.L	hsb	Kategorija:Zarodk
B.L	pt	1972
B.L	pt	1989
B.L	pt	1995
B.L	pt	2007
B.L	pt	3CORP Technology
B.L	pt	3Com
B.L	pt	7 de outubro
B.L	pt	AOL
B.L	pt	ASUS
B.L	pt	AT&T
B.L	pt	Accenture
B.L	pt	Acer (empresa)
B.L	pt	Activision Blizzard
B.L	pt	Actuate Corporation
B.L	pt	Adaptec
B.L	pt	Adidas
B.L	pt	Adobe Systems
B.L	pt	Advanced Micro Devices
B.L	pt	Affiliated Computer Services
B.L	pt	Agilent Technologies
B.L	pt	Aktiengesellschaft
B.L	pt	Alcatel-Lucent
B.L	pt	Alemanha
B.L	pt	Allianz
B.L	pt	Allied Telesis
B.L	pt	Amazon
B.L	pt	Amdahl Corporation
B.L	pt	América Móvil
B.L	pt	Analog Devices
B.L	pt	Apple Inc.
B.L	pt	Applied Materials
B.L	pt	Aricent
B.L	pt	Asus
B.L	pt	Atari
B.L	pt	Atmel
B.L	pt	Atos Origin
B.L	pt	Avanade
B.L	pt	Avaya
B.L	pt	BASF
B.L	pt	BEA Systems
B.L	pt	BMW
B.L	pt	BT Group
B.L	pt	Bayer
B.L	pt	BearingPoint
B.L	pt	Beiersdorf
B.L	pt	Bharat Sanchar Nigam Limited
B.L	pt	Bharti Airtel
B.L	pt	Booz Allen Hamilton
B.L	pt	Brasil
B.L	pt	Broadcom
B.L	pt	Business Objects
B.L	pt	CGI Group
B.L	pt	CPM Braxis
B.L	pt	Cablevision
B.L	pt	Califórnia
B.L	pt	Campbell (Califórnia)
B.L	pt	Capgemini
B.L	pt	Celestica
B.L	pt	China Mobile
B.L	pt	Cisco Systems
B.L	pt	Citrix
B.L	pt	Cloud computing
B.L	pt	Cognizant Technology Solutions
B.L	pt	Comcast
B.L	pt	Commerzbank
B.L	pt	Companhia
B.L	pt	Computer Associates
B.L	pt	Computer Literacy Bookstore
B.L	pt	Computer Sciences Corporation
B.L	pt	Compuware
B.L	pt	Conglomerado (economia)
B.L	pt	Cupertino
B.L	pt	Customer relationship management
B.L	pt	Cypress Semiconductor
B.L	pt	DAX-30
B.L	pt	Daimler AG
B.L	pt	Dell
B.L	pt	Deloitte
B.L	pt	Deutsche Bank
B.L	pt	Deutsche Börse
B.L	pt	Deutsche Post
B.L	pt	Deutsche Telekom
B.L	pt	E.ON
B.L	pt	EBay
B.L	pt	EDS
B.L	pt	EMC Corporation
B.L	pt	ERP
B.L	pt	EarthLink
B.L	pt	East Palo Alto
B.L	pt	Elcoteq
B.L	pt	Electronic Arts
B.L	pt	Elpida Memory
B.L	pt	Empresa
B.L	pt	Empresas ponto com
B.L	pt	Enterprise resource planning
B.L	pt	Ericsson
B.L	pt	Euro
B.L	pt	Fairchild Semiconductor
B.L	pt	First Data
B.L	pt	Flextronics
B.L	pt	Foundry Networks
B.L	pt	Foxconn
B.L	pt	France Télécom
B.L	pt	Freescale Semiconductor
B.L	pt	Fremont (Califórnia)
B.L	pt	Fresenius
B.L	pt	Fresenius Medical Care
B.L	pt	Fry's Electronics
B.L	pt	Fujitsu
B.L	pt	Fujitsu Siemens Computers
B.L	pt	GMS Consulting
B.L	pt	Gaia Online
B.L	pt	General Electric
B.L	pt	Getronics
B.L	pt	Google
B.L	pt	Grupo Volkswagen
B.L	pt	HCL Technologies
B.L	pt	Hannover
B.L	pt	Hardware
B.L	pt	HeidelbergCement
B.L	pt	Henkel
B.L	pt	Hewlett-Packard
B.L	pt	High Tech Computer Corporation
B.L	pt	Hindustan Computers Limited
B.L	pt	Hitachi (empresa)
B.L	pt	Hitachi Global Storage Technologies
B.L	pt	Huawei
B.L	pt	Human Capital management
B.L	pt	Hynix
B.L	pt	I-flex Solutions
B.L	pt	IBM
B.L	pt	Indra
B.L	pt	Infineon Technologies
B.L	pt	Infosys
B.L	pt	Integração Vertical
B.L	pt	Intel Corporation
B.L	pt	Intuit
B.L	pt	Jabil Circuit
B.L	pt	Juniper Networks
B.L	pt	K+S
B.L	pt	KPN
B.L	pt	KT (telecommunication company)
B.L	pt	Keane (company)
B.L	pt	Kimball International
B.L	pt	Knight Ridder
B.L	pt	LG Group
B.L	pt	LSI Logic
B.L	pt	Lenovo
B.L	pt	Linde AG
B.L	pt	Logica
B.L	pt	Logitech
B.L	pt	Los Altos (Califórnia)
B.L	pt	Los Altos Hills
B.L	pt	Los Gatos (Califórnia)
B.L	pt	Lufthansa
B.L	pt	Língua alemã
B.L	pt	Língua inglesa
B.L	pt	Língua portuguesa
B.L	pt	MAN SE
B.L	pt	METRO AG
B.L	pt	MS B.S.
B.L	pt	Mannheim
B.L	pt	Matsushita
B.L	pt	Maxtor
B.L	pt	McAfee
B.L	pt	Memorex
B.L	pt	Memória (computador)
B.L	pt	Menlo Park
B.L	pt	Merck KGaA
B.L	pt	Micron Technology
B.L	pt	Microsoft
B.L	pt	Milpitas
B.L	pt	Motorola
B.L	pt	Mountain View (condado de Santa Clara)
B.L	pt	Munich Re
B.L	pt	NCR
B.L	pt	NEC Corporation
B.L	pt	NXP Semiconductors
B.L	pt	National Semiconductor
B.L	pt	NeXT
B.L	pt	Netscape Communications Corp
B.L	pt	Network Appliance
B.L	pt	Neusoft Group
B.L	pt	New York Stock Exchange
B.L	pt	Newark (Califórnia)
B.L	pt	News Corporation
B.L	pt	Nintendo
B.L	pt	Nintendo of America
B.L	pt	Nippon Telegraph and Telephone
B.L	pt	Nokia
B.L	pt	Nokia Siemens Networks
B.L	pt	Nortel
B.L	pt	Northwestern Polytechnic University
B.L	pt	Novell (empresa)
B.L	pt	Nvidia
B.L	pt	OPPO Digital
B.L	pt	Opera Software
B.L	pt	Optimus
B.L	pt	Oracle
B.L	pt	Oracle Corporation
B.L	pt	PA Consulting Group
B.L	pt	Palm, Inc.
B.L	pt	PalmSource
B.L	pt	Palo Alto
B.L	pt	Pantech Curitel
B.L	pt	PayPal
B.L	pt	Peoplesoft
B.L	pt	Perot Systems
B.L	pt	Philips
B.L	pt	Plexus Corporation
B.L	pt	Politec
B.L	pt	Portugal Telecom
B.L	pt	Procurement & Sourcing
B.L	pt	Qimonda
B.L	pt	Qualcomm
B.L	pt	Quanta Computer
B.L	pt	Qwest
B.L	pt	RCN Corporation
B.L	pt	RWE
B.L	pt	Rambus
B.L	pt	Red Hat
B.L	pt	Redback Networks
B.L	pt	Rede de computadores
B.L	pt	Rede de telefonia celular
B.L	pt	Redwood City
B.L	pt	Renesas Technology
B.L	pt	Research In Motion
B.L	pt	Rogers Communications
B.L	pt	Rohm
B.L	pt	SAP
B.L	pt	SAP ERP
B.L	pt	SCM
B.L	pt	SK Telecom
B.L	pt	SMTC Corporation
B.L	pt	SRI International
B.L	pt	SRM
B.L	pt	STMicroelectronics
B.L	pt	Safesoft Global
B.L	pt	Sage-Best
B.L	pt	Samsung
B.L	pt	Samsung SDS
B.L	pt	SanDisk
B.L	pt	San José State University
B.L	pt	San Mateo (Califórnia)
B.L	pt	Sanmina-SCI Corporation
B.L	pt	Santa Clara (Califórnia)
B.L	pt	Sapient (company)
B.L	pt	Saratoga (Califórnia)
B.L	pt	Satyam Computer Services Ltd.
B.L	pt	Science Applications International Corporation
B.L	pt	Seagate Technology
B.L	pt	Sega
B.L	pt	Semicondutor
B.L	pt	Sharp Corporation
B.L	pt	Siemens AG
B.L	pt	Silicon Graphics
B.L	pt	Silicon Image
B.L	pt	Skyworks Solutions
B.L	pt	Software
B.L	pt	Solectron
B.L	pt	Sony
B.L	pt	Sony Ericsson
B.L	pt	Sprint Nextel
B.L	pt	Steria
B.L	pt	Sun Microsystems
B.L	pt	Sunnyvale (Califórnia)
B.L	pt	Supply Chain Management
B.L	pt	Swisscom
B.L	pt	Symantec
B.L	pt	Syntel
B.L	pt	São José (Califórnia)
B.L	pt	T-Systems
B.L	pt	TOTVS
B.L	pt	TSMC
B.L	pt	Take-Two Interactive
B.L	pt	Tata Consultancy Services
B.L	pt	Tecnologia da informação
B.L	pt	Telecom Italia
B.L	pt	Telecomunicação
B.L	pt	Telefónica
B.L	pt	Telenor
B.L	pt	Tellme Networks
B.L	pt	Telmex
B.L	pt	Telstra
B.L	pt	Tesla Motors
B.L	pt	Texas Instruments
B.L	pt	The Walt Disney Company
B.L	pt	Thomson SA
B.L	pt	ThoughtWorks
B.L	pt	ThyssenKrupp
B.L	pt	TiVo
B.L	pt	TietoEnator
B.L	pt	Time Warner
B.L	pt	Titan Corp.
B.L	pt	Toshiba
B.L	pt	Turkcell
B.L	pt	Ubisoft
B.L	pt	Unisys
B.L	pt	Universidade Carnegie Mellon
B.L	pt	Universidade Stanford
B.L	pt	Universidade da Califórnia em Berkeley
B.L	pt	Universidade da Califórnia em Santa Cruz
B.L	pt	Universidade de Santa Clara
B.L	pt	UpLexis
B.L	pt	VAIO
B.L	pt	VA Software
B.L	pt	VIA Technologies
B.L	pt	VMware
B.L	pt	Vale do Silício
B.L	pt	Valve Corporation
B.L	pt	VeriSign
B.L	pt	Veritas Software
B.L	pt	Verizon Communications
B.L	pt	Viacom
B.L	pt	Virgin Media
B.L	pt	Vivendi
B.L	pt	Vodafone
B.L	pt	Walldorf (Baden)
B.L	pt	WebEx
B.L	pt	Web service
B.L	pt	Western Digital
B.L	pt	Windows Live
B.L	pt	Wipro Technologies
B.L	pt	Xilinx
B.L	pt	Yahoo!
B.L	pt	ZTE
B.L	pt	Discussão:SAP AG
B.L	pt	Wikipédia:Esboço
B.L	pt	Wikipédia:Princípio da imparcialidade
B.L	pt	Predefinição:DAX
B.L	pt	Predefinição:Gigantes de TI
B.L	pt	Predefinição:Vale do Silício
B.L	zh	1972年
B.L	zh	1976年
B.L	zh	1993年
B.L	zh	2005年
B.L	zh	2007年
B.L	zh	2010年
B.L	zh	AT&T
B.L	zh	Adobe Systems
B.L	zh	Amazon.com
B.L	zh	América Móvil
B.L	zh	Atos
B.L	zh	BMW
B.L	zh	BT Global Services
B.L	zh	Bell Canada
B.L	zh	Booz Allen Hamilton
B.L	zh	CACI
B.L	zh	CA公司
B.L	zh	CGI Group
B.L	zh	Celestica
B.L	zh	Cognizant Technology Solutions
B.L	zh	Computer Sciences Corporation
B.L	zh	DAX指数
B.L	zh	E.ON
B.L	zh	EBay
B.L	zh	EMC
B.L	zh	Facebook
B.L	zh	GmbH
B.L	zh	Google
B.L	zh	Groupon
B.L	zh	HCL Technologies
B.L	zh	Hasso Plattner
B.L	zh	Hitachi Data Systems
B.L	zh	IAC
B.L	zh	IBM
B.L	zh	Indra Sistemas
B.L	zh	Infosys
B.L	zh	Intuit
B.L	zh	Jabil Circuit
B.L	zh	K+S
B.L	zh	KDDI
B.L	zh	KPN
B.L	zh	LG集团
B.L	zh	Lanxess
B.L	zh	NCR
B.L	zh	NHN
B.L	zh	NTT
B.L	zh	NTT DoCoMo
B.L	zh	Orange Business Services
B.L	zh	RWE
B.L	zh	Rakuten
B.L	zh	SAP中國研究院
B.L	zh	SAP全球研發服務中心(成都)
B.L	zh	SK海力士
B.L	zh	Sanmina-SCI Corporation
B.L	zh	SoftBank
B.L	zh	Sprint Nextel
B.L	zh	T-Systems
B.L	zh	TSMC
B.L	zh	Tata Consultancy Services
B.L	zh	Telenor
B.L	zh	TeliaSonera
B.L	zh	Twitter
B.L	zh	Unisys
B.L	zh	VMware
B.L	zh	Wipro
B.L	zh	三星電子
B.L	zh	上海
B.L	zh	上海浦東軟件園
B.L	zh	中兴通讯
B.L	zh	中国电信
B.L	zh	中国移动
B.L	zh	中国联通
B.L	zh	中國
B.L	zh	亚美亚
B.L	zh	京东商城
B.L	zh	京瓷
B.L	zh	仁寶電腦
B.L	zh	企业资源规划
B.L	zh	企業管理軟件
B.L	zh	伊士曼柯达公司
B.L	zh	佳能
B.L	zh	供應商
B.L	zh	信息技术
B.L	zh	偉創力
B.L	zh	全球二十大半導體廠商
B.L	zh	冠捷科技
B.L	zh	凯捷
B.L	zh	利盟
B.L	zh	北京
B.L	zh	华为
B.L	zh	华硕电脑
B.L	zh	博通
B.L	zh	埃森哲
B.L	zh	夏普
B.L	zh	大众集团
B.L	zh	大型计算机
B.L	zh	大陆集团
B.L	zh	威讯
B.L	zh	安联
B.L	zh	宏碁
B.L	zh	宏達國際電子
B.L	zh	富士康國際
B.L	zh	富士通
B.L	zh	尼康
B.L	zh	巴斯夫
B.L	zh	希捷科技
B.L	zh	康卡斯特
B.L	zh	廣達電腦
B.L	zh	张江
B.L	zh	微软
B.L	zh	德勤
B.L	zh	德国
B.L	zh	德国商业银行
B.L	zh	德国电信
B.L	zh	德国邮政
B.L	zh	德國
B.L	zh	德國證券交易所
B.L	zh	德州仪器
B.L	zh	德意志银行
B.L	zh	思科系统
B.L	zh	恩智浦半导体
B.L	zh	惠普
B.L	zh	意大利电信
B.L	zh	意法半導體
B.L	zh	愛迪達
B.L	zh	慕尼黑再保险
B.L	zh	成都
B.L	zh	成都高新技术产业开发区
B.L	zh	戴姆勒
B.L	zh	戴尔
B.L	zh	拜尔斯道夫
B.L	zh	拜耳
B.L	zh	摩托罗拉移动
B.L	zh	摩托罗拉解决方案
B.L	zh	施乐
B.L	zh	日本電信電話
B.L	zh	日本電氣
B.L	zh	日立
B.L	zh	晶圓代工
B.L	zh	最大的信息技术公司列表
B.L	zh	最大的软件公司列表
B.L	zh	服务器
B.L	zh	東芝
B.L	zh	松下電器
B.L	zh	林德
B.L	zh	格羅方德
B.L	zh	汉莎航空
B.L	zh	汉高公司
B.L	zh	沃尔多夫
B.L	zh	沃达丰
B.L	zh	法兰克福证券交易所
B.L	zh	法國電信
B.L	zh	浦東
B.L	zh	海尔
B.L	zh	海德堡水泥
B.L	zh	營業額
B.L	zh	爱立信
B.L	zh	理光
B.L	zh	瑞薩電子
B.L	zh	產業
B.L	zh	甲骨文公司
B.L	zh	电子数据系统公司
B.L	zh	百度
B.L	zh	瞻博網路
B.L	zh	神州数码
B.L	zh	精工爱普生
B.L	zh	紐約證券交易所
B.L	zh	索尼
B.L	zh	索尼移动通信
B.L	zh	網絡器械公司
B.L	zh	纬创资通
B.L	zh	维基共享资源
B.L	zh	维旺迪
B.L	zh	网易
B.L	zh	美光科技
B.L	zh	联想集团
B.L	zh	聯發科技
B.L	zh	股份有限公司
B.L	zh	腾讯
B.L	zh	英伟达
B.L	zh	英國電信
B.L	zh	英特爾
B.L	zh	英语
B.L	zh	英飞凌
B.L	zh	苹果公司
B.L	zh	蒂森克虏伯
B.L	zh	西班牙電信
B.L	zh	西部数据
B.L	zh	西门子公司
B.L	zh	诺基亚
B.L	zh	诺基亚西门子通信
B.L	zh	贴牌生产
B.L	zh	费森尤斯
B.L	zh	费森尤斯医疗
B.L	zh	赛门铁克
B.L	zh	超威半导体
B.L	zh	迈威尔科技
B.L	zh	銷售時點情報系統
B.L	zh	阿尔卡特-朗讯
B.L	zh	阿里巴巴集团
B.L	zh	雅虎
B.L	zh	電腦軟體
B.L	zh	韩国通信
B.L	zh	飞思卡尔
B.L	zh	高通公司
B.L	zh	魏因海姆
B.L	zh	魏因海姆(Weinheim)
B.L	zh	黑莓 (公司)
B.L	zh	默克集團
B.L	zh	Template:DAX指数成份公司
B.L	zh	Template:信息技术大公司
B.L	zh	Template talk:DAX指数成份公司
B.L	zh	Template talk:信息技术大公司
B.L	zh	Category:公司
CN	de	SAP
IWL	fy	SAP AG
IWL	fi	SAP (yritys)
IWL	fr	SAP (entreprise)
IWL	he	SAP (חברה)
IWL	gl	SAP AG
IWL	fa	اس آ پ
IWL	el	SAP
IWL	eo	SAP AG
IWL	en	SAP AG
IWL	es	SAP AG
IWL	ca	SAP AG
IWL	bs	SAP AG
IWL	bg	SAP AG
IWL	da	SAP AG
IWL	cs	SAP (společnost)
IWL	az	SAP AG
IWL	ar	ساب إيه جي
IWL	af	SAP (maatskappy)
IWL	no	SAP (selskap)
IWL	nn	SAP
IWL	pl	SAP AG
IWL	lt	SAP
IWL	mn	SAP
IWL	mr	व्यवसाय व्यवस्थापन प्रणाली - सॅप (एस.ए.पी.)
IWL	nl	SAP AG
IWL	ko	SAP AG
IWL	kk	SAP AG
IWL	kn	SAP AG
IWL	hr	SAP AG
IWL	hu	SAP AG
IWL	hi	SAP AG
IWL	id	SAP AG
IWL	it	SAP (azienda)
IWL	ja	SAP (企業)
IWL	vi	Công ty Cổ phần SAP
IWL	uz	SAP
IWL	uk	SAP AG
IWL	tr	SAP
IWL	te	SAP AG
IWL	th	เอสเอพี เอจี
IWL	ta	சாப்
IWL	sv	SAP AG
IWL	sk	SAP (softvérový podnik)
IWL	sr	SAP AG
IWL	sh	SAP AG
IWL	ru	SAP
IWL	ro	SAP AG
IWL	hsb	SAP
IWL	pt	SAP AG
IWL	zh	SAP公司
