A.L	de	Akklamation
A.L	de	Albrecht von Lucke
A.L	de	Alexander Dilger
A.L	de	Alexander Gauland
A.L	de	Alexander Häusler (Sozialwissenschaftler)
A.L	de	Andreas Kemper
A.L	de	Asyl
A.L	de	Autonome
A.L	de	Baden-Württemberg
A.L	de	Badische Zeitung
A.L	de	Bayern
A.L	de	Beisitzer
A.L	de	Berlin
A.L	de	Bernd Lucke
A.L	de	Binnenmarkt
A.L	de	Blätter für deutsche und internationale Politik
A.L	de	Brandenburg
A.L	de	Bremen
A.L	de	Budgetrecht
A.L	de	Bund der Steuerzahler (Deutschland)
A.L	de	Bundestagswahl 2013
A.L	de	Bundeswahlausschuss
A.L	de	Bündnis 90/Die Grünen
A.L	de	Bürgerrechtspartei für mehr Freiheit und Demokratie – Die Freiheit
A.L	de	Campus-Verlag
A.L	de	Carsten Herrmann-Pillath
A.L	de	Christlich-Soziale Union in Bayern
A.L	de	Christlich Demokratische Union Deutschlands
A.L	de	Christoph Schwennicke
A.L	de	Clemens Fuest
A.L	de	Conservative Party
A.L	de	Darmstadt
A.L	de	David Cameron
A.L	de	Der Bund
A.L	de	Deutsche Mark
A.L	de	Deutsche Volksunion
A.L	de	Deutscher Bundestag
A.L	de	Die Freiheit
A.L	de	Die Republikaner
A.L	de	Die Welt
A.L	de	Dieter Spethmann
A.L	de	Dirk Meyer (Ökonom)
A.L	de	EU-Skepsis
A.L	de	Ehe
A.L	de	Eigenverantwortung
A.L	de	Einwanderung
A.L	de	Erneuerbare-Energien-Gesetz
A.L	de	Euro-Rettungsschirm
A.L	de	Europäischer Stabilitätsmechanismus
A.L	de	Eurozone
A.L	de	Familiensplitting
A.L	de	Finanzen.net
A.L	de	Focus
A.L	de	Frank Decker
A.L	de	Frankfurt am Main
A.L	de	Frankfurter Allgemeine Zeitung
A.L	de	Frankfurter Rundschau
A.L	de	Frauke Petry
A.L	de	Freie Demokratische Partei
A.L	de	Freie Hansestadt Bremen
A.L	de	Freie Wähler (Bundesvereinigung)
A.L	de	Freie Wähler Bayern
A.L	de	Fünf-Prozent-Hürde in Deutschland
A.L	de	Gernot Gutmann
A.L	de	Gustav Horn
A.L	de	Günther Lachmann
A.L	de	Hamburg
A.L	de	Hamburger Sparkasse
A.L	de	Hamburgisches WeltWirtschaftsInstitut
A.L	de	Handelsblatt
A.L	de	Hans-Olaf Henkel
A.L	de	Hans Peter Grüner
A.L	de	Hans Werner Sinn
A.L	de	Hedgefonds
A.L	de	Helga Luckenbach
A.L	de	Herbert Frohnhofen
A.L	de	Hessen
A.L	de	Hessischer Landtag
A.L	de	Hoheitsrecht
A.L	de	Homophobie
A.L	de	Hubert Aiwanger
A.L	de	Ifo Institut für Wirtschaftsforschung
A.L	de	Ilm-Kreis
A.L	de	Institut der deutschen Wirtschaft
A.L	de	Institut für Makroökonomie und Konjunkturforschung
A.L	de	Joachim Starbatty
A.L	de	Jochen Paulus
A.L	de	Junge Freiheit
A.L	de	Jörg Rocholl
A.L	de	Jürgen Habermas
A.L	de	Kanada
A.L	de	Karl Albrecht Schachtschneider
A.L	de	Kirchhof-Modell
A.L	de	Komplementärwährung
A.L	de	Konrad Adam
A.L	de	Konservatismus
A.L	de	Land (Deutschland)
A.L	de	Landtagswahl in Bayern 2013
A.L	de	Landtagswahl in Hessen 2013
A.L	de	Landtagswahl in Niedersachsen 2013
A.L	de	Lehrstuhl
A.L	de	Marcel Fratzscher
A.L	de	Massenmedien
A.L	de	Mecklenburg-Vorpommern
A.L	de	Michael Hüther
A.L	de	N-tv
A.L	de	Nationaldemokratische Partei Deutschlands
A.L	de	Nationalkonservatismus
A.L	de	Niedersachsen
A.L	de	Nord-Euro und Süd-Euro
A.L	de	Nordrhein-Westfalen
A.L	de	Oberursel (Taunus)
A.L	de	Oskar Niedermayer
A.L	de	Parteienfinanzierung
A.L	de	Parteivorsitzender
A.L	de	Paul Latussek
A.L	de	Pfefferspray
A.L	de	Piratenpartei Deutschland
A.L	de	Politische Parteien in Deutschland
A.L	de	Pro-Bewegung
A.L	de	Pro Köln
A.L	de	Pro NRW
A.L	de	Protestpartei
A.L	de	Rechtskonservatismus
A.L	de	Rechtspopulismus
A.L	de	Regionalversammlung des Verbands Region Stuttgart
A.L	de	Rheinland-Pfalz
A.L	de	Rhetorik
A.L	de	Roland Vaubel
A.L	de	Rudolf Hickel
A.L	de	Saarland
A.L	de	Sachsen
A.L	de	Sachsen-Anhalt
A.L	de	Schatzmeister
A.L	de	Schill-Partei
A.L	de	Schleswig-Holstein
A.L	de	Schuldenerlass
A.L	de	Sonntagsfrage
A.L	de	Sozialdemokratische Partei Deutschlands
A.L	de	Sozialsystem
A.L	de	Spiegel Online
A.L	de	Staatsverschuldung Deutschlands
A.L	de	Stefan Homburg
A.L	de	Steuerrecht
A.L	de	Stuttgarter Zeitung
A.L	de	Subvention
A.L	de	Südkurier
A.L	de	Taz
A.L	de	Tea-Party-Bewegung
A.L	de	Telepolis
A.L	de	The Daily Telegraph
A.L	de	The Economist
A.L	de	Thilo Sarrazin
A.L	de	Thomas Straubhaar
A.L	de	Thüringen
A.L	de	Ulrich Blum
A.L	de	Unterstützungsunterschrift
A.L	de	Ursula Braun-Moser
A.L	de	Uwe Woltemath
A.L	de	Verfassungsbeschwerde
A.L	de	Volksabstimmung (Deutschland)
A.L	de	Volksabstimmung (Schweiz)
A.L	de	Volksverhetzung
A.L	de	Volkswirtschaftslehre
A.L	de	Wilhelm Hankel
A.L	de	Wirtschaft Deutschlands
A.L	de	Wirtschaftswoche
A.L	de	Woche
A.L	de	Wutbürger
A.L	de	Währungsunion
A.L	de	Zweitstimme
B.L	fr	2013
B.L	fr	6 février
B.L	fr	Alexander Gauland
B.L	fr	Allemagne
B.L	fr	Allemand
B.L	fr	Alliance 90 / Les Verts
B.L	fr	Angela Merkel
B.L	fr	Berlin
B.L	fr	Bernd Lucke
B.L	fr	Bleu
B.L	fr	Bundesverband der Deutschen Industrie
B.L	fr	Conservatisme
B.L	fr	Couleur politique
B.L	fr	Critères de convergence
B.L	fr	Deutsche Mark
B.L	fr	Die Welt
B.L	fr	Droite
B.L	fr	Droite (politique)
B.L	fr	Establishment
B.L	fr	Euroscepticisme
B.L	fr	Extrême droite
B.L	fr	Francfort-sur-le-Main
B.L	fr	Frankfurter Allgemeine Zeitung
B.L	fr	Frauke Petry
B.L	fr	Février 2013
B.L	fr	Hans-Olaf Henkel
B.L	fr	Hesse (Land)
B.L	fr	International Business Machines
B.L	fr	Intégration européenne
B.L	fr	Joachim Starbatty
B.L	fr	Karlsruhe
B.L	fr	Konrad Adam
B.L	fr	Le Figaro
B.L	fr	Oberursel (Taunus)
B.L	fr	Parti des pirates (Allemagne)
B.L	fr	Parti libéral-démocrate (Allemagne)
B.L	fr	Parti social-démocrate d'Allemagne
B.L	fr	Populisme
B.L	fr	Rouge
B.L	fr	Tribunal constitutionnel fédéral
B.L	fr	Union chrétienne-démocrate d'Allemagne
B.L	fr	Union chrétienne-sociale en Bavière
B.L	fr	Université de Hambourg
B.L	fr	Zone euro
B.L	fr	Élections fédérales allemandes de 2013
B.L	fr	Catégorie:Portail:Allemagne/Articles liés
B.L	fr	Catégorie:Portail:Politique/Articles liés
B.L	fr	Portail:Allemagne
B.L	fr	Portail:Politique
B.L	el	Business Insider
B.L	el	The Economist
B.L	el	The Sunday Times
B.L	el	Άμεση δημοκρατία
B.L	el	Γερμανική γλώσσα
B.L	el	Εκλογές Γερμανίας
B.L	el	Ευρωζώνη
B.L	el	Ευρωπαϊκή Ένωση
B.L	el	Ευρωπαϊκή ενοποίηση
B.L	el	Ευρωσκεπτικισμός
B.L	el	Ευρώ
B.L	el	Ιδεολογία
B.L	el	Κατάλογος πολιτικών κομμάτων Γερμανίας
B.L	el	Πολιτική
B.L	el	Πολιτική επιστήμη
B.L	el	Πολιτικό σύστημα Γερμανίας
B.L	el	Συντηρητισμός
B.L	el	Φιλελευθερισμός
B.L	en	Alliance '90/The Greens
B.L	en	Anarchist Pogo Party of Germany
B.L	en	Angela Merkel
B.L	en	Austrian Freedom Party
B.L	en	BHF Bank
B.L	en	Bailout
B.L	en	Bavaria Party
B.L	en	Beppe Grillo
B.L	en	Berlin
B.L	en	Bernd Lucke
B.L	en	Bild
B.L	en	Bremen
B.L	en	Bruges Group
B.L	en	Bundestag
B.L	en	Bürgerrechtsbewegung Solidarität
B.L	en	CDU/CSU
B.L	en	Centre Party (Germany)
B.L	en	Centre for Eastern Studies
B.L	en	Christian Centre
B.L	en	Christian Democratic Union (Germany)
B.L	en	Christian Social Union of Bavaria
B.L	en	Citizens in Rage
B.L	en	Clemens Fuest
B.L	en	Communist Party of Germany (1990)
B.L	en	Communist Party of Germany (Roter Morgen)
B.L	en	Composition of the German Regional Parliaments
B.L	en	Conservatism
B.L	en	Conservative
B.L	en	Conservative Party (UK)
B.L	en	David Cameron
B.L	en	Der Spiegel
B.L	en	Die PARTEI
B.L	en	Die Welt
B.L	en	Direct democracy
B.L	en	Ecological Democratic Party
B.L	en	Elections in Germany
B.L	en	Euro
B.L	en	European Central Bank
B.L	en	European Conservatives and Reformists
B.L	en	European Parliament election, 2009 (Germany)
B.L	en	European Parliament election, 2014
B.L	en	European Stability Mechanism
B.L	en	European Union
B.L	en	European integration
B.L	en	European sovereign-debt crisis
B.L	en	Euroscepticism
B.L	en	Eurozone
B.L	en	Facebook
B.L	en	Family Party of Germany
B.L	en	Far-right politics
B.L	en	Feminist Party of Germany
B.L	en	Five Star Movement
B.L	en	Focus (German magazine)
B.L	en	Forsa Institute
B.L	en	Frank Schäffler
B.L	en	Frankfurter Allgemeine Zeitung
B.L	en	Frauke Petry
B.L	en	Free Democratic Party (Germany)
B.L	en	Free Voters
B.L	en	Freedom (German political party)
B.L	en	German Chancellor
B.L	en	German Communist Party
B.L	en	German Constitutional Court
B.L	en	German Council of Economic Experts
B.L	en	German Social Union (East Germany)
B.L	en	German federal election, 2013
B.L	en	German language
B.L	en	German parliament
B.L	en	Germany
B.L	en	Green Youth (Germany)
B.L	en	Göttingen
B.L	en	Hesse
B.L	en	Human Environment Animal Protection
B.L	en	Junge Freiheit
B.L	en	Jörg Haider
B.L	en	Jürgen Trittin
B.L	en	Karl Albrecht Schachtschneider
B.L	en	Klaus-Peter Willsch
B.L	en	Konrad Adam
B.L	en	Konrad Adenauer Foundation
B.L	en	L'Humanité
B.L	en	Landtag of Saxony
B.L	en	List of political ideologies
B.L	en	List of political parties by country
B.L	en	List of political parties in Germany
B.L	en	Lubeck
B.L	en	Maastricht Treaty
B.L	en	Manifesto
B.L	en	Marxist–Leninist Party of Germany
B.L	en	National Democratic Party of Germany
B.L	en	New York Times
B.L	en	New states of Germany
B.L	en	Nigel Farage
B.L	en	Nuremburg
B.L	en	Opinion polling for the German federal election, 2013
B.L	en	Optimum currency area
B.L	en	Party of Bible-abiding Christians
B.L	en	Party of Reason
B.L	en	Peter Bofinger
B.L	en	Peter Gauweiler
B.L	en	Philipp Rösler
B.L	en	Pirate Party Germany
B.L	en	Politics of Germany
B.L	en	Portcullis House
B.L	en	Prime Minister of the United Kingdom
B.L	en	Pro Germany Citizens' Movement
B.L	en	Referendum
B.L	en	Reuters
B.L	en	Revolutionary Socialist League (Germany)
B.L	en	Rheinische Post
B.L	en	Rule of law
B.L	en	Sahra Wagenknecht
B.L	en	Social Democratic Party of Germany
B.L	en	Social Equality Party (Germany)
B.L	en	South Schleswig Voter Federation
B.L	en	Statt party (Germany)
B.L	en	Stratfor
B.L	en	Stuttgarter Zeitung
B.L	en	Tabloid (newspaper format)
B.L	en	Tea Party movement
B.L	en	The Daily Telegraph
B.L	en	The Economist
B.L	en	The Friesen
B.L	en	The Left (Germany)
B.L	en	The New York Times
B.L	en	The Republicans (Germany)
B.L	en	The Sunday Times
B.L	en	Think tank
B.L	en	UK Independence Party
B.L	en	University of Hanover
B.L	en	Welt am Sonntag
B.L	en	Wolfgang Bosbach
B.L	en	World Bank
B.L	en	ZEW
B.L	en	Wikipedia:Citation needed
B.L	en	Template:German political parties
B.L	en	Template:ISO 639 name de
B.L	en	Template talk:German political parties
B.L	en	Category:Articles with unsourced statements from August 2013
B.L	en	Category:Use dmy dates from May 2013
B.L	en	Portal:Politics
B.L	es	2013
B.L	es	Alemania
B.L	es	Alexander Gauland
B.L	es	Berlin
B.L	es	Berlín
B.L	es	Bernd Lucke
B.L	es	Centroderecha política
B.L	es	Conservadurismo
B.L	es	Elecciones federales de Alemania de 2013
B.L	es	Euro
B.L	es	Euroescepticismo
B.L	es	Eurozona
B.L	es	Frankfurter Allgemeine Zeitung
B.L	es	Konrad Adam
B.L	es	Marco alemán
B.L	es	Partido Democrático Liberal
B.L	es	Política
B.L	es	Universidad de Hamburgo
B.L	es	Unión Demócrata Cristiana (Alemania)
B.L	es	Wikipedia:Manual de estilo
B.L	es	Ayuda:Wikificar
B.L	es	Categoría:Wikipedia:Wikificar política
B.L	es	Wikiproyecto:Wikificar
B.L	nds	Anduern-Energie-Gesett
B.L	nds	Asyl
B.L	nds	Bad Nauheim
B.L	nds	Berlin
B.L	nds	Bernd Lucke
B.L	nds	Binnenmarkt
B.L	nds	Budgetrecht
B.L	nds	Bundsdagswahl 2013
B.L	nds	Bündnis 90/De Grönen
B.L	nds	CDU
B.L	nds	CSU
B.L	nds	D-Mark
B.L	nds	David Cameron
B.L	nds	Dirk Meyer (Ökonom)
B.L	nds	Euro
B.L	nds	Europääsch Bestännigkeitsmechanismus
B.L	nds	Europääsche Union
B.L	nds	Euroskepsis
B.L	nds	FDP
B.L	nds	Familiensplitting
B.L	nds	Focus
B.L	nds	Frankfurter Allgemeine Zeitung
B.L	nds	Frankfurter Rundschau
B.L	nds	Frauke Petry
B.L	nds	Fre’e Wählers
B.L	nds	Hedgefonds
B.L	nds	Helga Luckenbach
B.L	nds	Hoheitsrecht
B.L	nds	Hoochtaunuskreis
B.L	nds	Inwannern
B.L	nds	Joachim Starbatty
B.L	nds	Jörn Kruse
B.L	nds	Kirchhof-Model
B.L	nds	Konrad Adam
B.L	nds	Konservatismus
B.L	nds	Landdagswahl in Neddersassen 2013
B.L	nds	Lüttpartei
B.L	nds	Noord-Euro un Süüd-Euro
B.L	nds	Oberursel
B.L	nds	Piratenpartei Düütschland
B.L	nds	Pro-Parteien
B.L	nds	Rechtspopulismus
B.L	nds	Rechtspopupolismus
B.L	nds	Regionalversammlung vun’n Verband Region Stuttgart
B.L	nds	Roland Vaubel
B.L	nds	SPD
B.L	nds	Schullensnitt
B.L	nds	Sozialsystem
B.L	nds	Staatsverschullen
B.L	nds	Stuttgarter Zeitung
B.L	nds	Stüerrecht
B.L	nds	Subventschonen
B.L	nds	Volksafstimmen
B.L	nds	Volksafstimmen (Swiez)
B.L	nds	Wirtschaftswoche
B.L	no	2013
B.L	no	6. februar
B.L	no	Berlin
B.L	no	Euro
B.L	no	Tyskland
B.L	no	Wikipedia:Portaler
B.L	no	Portal:Tyskland
B.L	pl	2013
B.L	pl	6 lutego
B.L	pl	Berlin
B.L	pl	Bernd Lucke
B.L	pl	Die Linke
B.L	pl	Eurosceptycyzm
B.L	pl	Frauke Petry
B.L	pl	Język niemiecki
B.L	pl	Konrad Adam
B.L	pl	Konserwatyzm
B.L	pl	Niemcy
B.L	pl	Partie polityczne Niemiec
B.L	pl	Socjaldemokratyczna Partia Niemiec
B.L	pl	Unia Chrześcijańsko-Demokratyczna (Niemcy)
B.L	pl	Unia Chrześcijańsko-Społeczna w Bawarii
B.L	pl	Wolna Partia Demokratyczna
B.L	pl	Związek 90/Zieloni
B.L	pl	Szablon:Partie polityczne Niemiec
B.L	pl	Dyskusja szablonu:Partie polityczne Niemiec
B.L	bar	Berlin
B.L	bar	Boarisch
B.L	bar	Euro
B.L	bar	Wiazburg
B.L	uk	2010
B.L	uk	2013
B.L	uk	6 лютого
B.L	uk	DIE WELT
B.L	uk	Frankfurter Allgemeine
B.L	uk	SPIEGEL
B.L	uk	Євро
B.L	uk	Єврозона
B.L	uk	Європейська боргова криза
B.L	uk	Євроскептицизм
B.L	uk	Бад-Наухайм
B.L	uk	Бернд Луке
B.L	uk	Бундестаг
B.L	uk	ВДП
B.L	uk	Вільна держава Саксонія
B.L	uk	Гамбурзький університет
B.L	uk	Гессен
B.L	uk	Гіссенський університет
B.L	uk	Маастрихтський договір
B.L	uk	Макроекономіка
B.L	uk	Національна економіка
B.L	uk	Німецька мова
B.L	uk	Німецька хвиля
B.L	uk	Орден «За заслуги перед Федеративною Республикою Німеччина»
B.L	uk	Радіо Свобода
B.L	uk	Речник
B.L	uk	СДПН
B.L	uk	Союз 90/Зелені
B.L	uk	Тюбінгенський університет
B.L	uk	ХДС
B.L	uk	ХСС
B.L	sv	2013
B.L	sv	Berlin
B.L	sv	CDU
B.L	sv	Euro
B.L	sv	Eurokrisen
B.L	sv	Europa
B.L	sv	Euroskepticism
B.L	sv	Frankfurter Allgemeine Zeitung
B.L	sv	Hedgefond
B.L	sv	Ideologi
B.L	sv	Konservatism
B.L	sv	Politisk organisation
B.L	sv	Politiskt parti
B.L	sv	Tyskland
B.L	sv	Wikipedia:Stubbar
B.L	ru	2013
B.L	ru	Moskauer Deutsche Zeitung
B.L	ru	Бад-Наухайм
B.L	ru	Бернд Луке
B.L	ru	Германия
B.L	ru	Германский бундестаг
B.L	ru	Граждане в гневе
B.L	ru	Джордж Сорос
B.L	ru	Институт Европы РАН
B.L	ru	Ирина Сергеевна Смирнова
B.L	ru	Ландтаг
B.L	ru	Левые (партия, Германия)
B.L	ru	Меркель, Ангела
B.L	ru	Национал-демократическая партия Германии
B.L	ru	Немецкая марка
B.L	ru	Немецкий язык
B.L	ru	Партия зелёных (Германия)
B.L	ru	Партия пиратов Германии
B.L	ru	Политическая партия
B.L	ru	Политические партии Германии
B.L	ru	Республика Кипр
B.L	ru	СПбГУ
B.L	ru	Свободная демократическая партия (Германия)
B.L	ru	Социал-демократическая партия Германии
B.L	ru	Союз южношлезвигских избирателей
B.L	ru	Христианско-демократический союз Германии
B.L	ru	Христианско-социальный союз
B.L	ru	Шаблон:Политические партии Германии
B.L	ro	2013
B.L	ro	6 Februarie
B.L	ro	6 februarie
B.L	ro	Alegeri în Germania
B.L	ro	Berlin
B.L	ro	Conservatorism
B.L	ro	Euro
B.L	ro	Europa
B.L	ro	Euroscepticism
B.L	ro	Germania
B.L	ro	Listă de partide politice din Germania
B.L	ro	Partid politic
B.L	ro	Politica Germaniei
B.L	ro	Wikipedia:Articolul ciot perfect
B.L	ro	Wikipedia:Găsește și repară un ciot
B.L	csb	Eùro
B.L	csb	Miemiecczi jãzëk
B.L	csb	Wiki:Ùzémk artikla
B.L	pt	2013
B.L	pt	6 de fevereiro
B.L	pt	Alemanha
B.L	pt	Alexander Gauland
B.L	pt	Berlim
B.L	pt	Berlin
B.L	pt	Bernd Lucke
B.L	pt	Bundestag
B.L	pt	Centro-direita
B.L	pt	Conservadorismo
B.L	pt	Crise da dívida pública da Zona Euro
B.L	pt	Direito
B.L	pt	Economia
B.L	pt	Eleições federais na Alemanha em 2013
B.L	pt	Estado de direito
B.L	pt	Euro
B.L	pt	Euroceticismo
B.L	pt	Europa
B.L	pt	Frankfurter Allgemeine Zeitung
B.L	pt	Hans-Olaf Henkel
B.L	pt	IBM
B.L	pt	Joachim Starbatty
B.L	pt	Karl Albrecht Schachschneider
B.L	pt	Konrad Adam
B.L	pt	Língua alemã
B.L	pt	Moeda
B.L	pt	Professor
B.L	pt	Tratado de Maastricht
B.L	pt	Tribunal Constitucional Federal da Alemanha
B.L	pt	Universidade de Hamburgo
B.L	pt	União Democrata-Cristã
B.L	pt	União Europeia
B.L	pt	União monetária
B.L	pt	Wilhelm Hankel
B.L	pt	Zona Euro
B.L	pt	Portal:Política
B.L	zh	2013年
B.L	zh	2月6日
B.L	zh	保守主義
B.L	zh	商業觀察者
B.L	zh	大眾傳媒
B.L	zh	德国政党列表
B.L	zh	德國政治
B.L	zh	德國选举
B.L	zh	德语
B.L	zh	意识形态
B.L	zh	欧元区
B.L	zh	歐洲懷疑主義
B.L	zh	歐洲融合
B.L	zh	直接民主
B.L	zh	自由主義
B.L	zh	貨幣
CN	de	Alternative_für_Deutschland
IWL	fr	Alternative pour l'Allemagne
IWL	el	Εναλλακτική για τη Γερμανία
IWL	en	Alternative for Germany
IWL	es	Alternativa para Alemania
IWL	nds	Alternative för Düütschland
IWL	no	Alternativ for Tyskland
IWL	pl	Alternatywa dla Niemiec
IWL	bar	Alternative für Deutschland
IWL	uk	Альтернатива для Німеччини
IWL	sv	Alternativ för Tyskland
IWL	ru	Альтернатива для Германии
IWL	ro	Alternativă pentru Germania
IWL	csb	Alternatiwa dlô Miemiecczi
IWL	pt	Alternativa para Alemanha
IWL	zh	德國新選項黨
