A.L	de	Adidas
A.L	de	Aktiengesellschaft (Deutschland)
A.L	de	Allianz SE
A.L	de	Altana
A.L	de	Antisemitismus
A.L	de	BASF
A.L	de	BMW
A.L	de	Babcock Borsig
A.L	de	Bayer AG
A.L	de	Bayerische Hypo- und Vereinsbank
A.L	de	Bayerische Notenbank
A.L	de	Bayerische Vereinsbank
A.L	de	Bayerischer Landtag
A.L	de	Bayern
A.L	de	Beiersdorf AG
A.L	de	Commerzbank
A.L	de	Continental AG
A.L	de	DAX
A.L	de	Daimler AG
A.L	de	Der Stürmer
A.L	de	Deutsche Bank
A.L	de	Deutsche Börse
A.L	de	Deutsche Post AG
A.L	de	Deutsche Telekom
A.L	de	Deutschland
A.L	de	Dresdner Bank
A.L	de	E.ON
A.L	de	Effekten
A.L	de	Epcos
A.L	de	Evonik Degussa
A.L	de	Feldmühle (Unternehmen)
A.L	de	Fresenius (Unternehmen)
A.L	de	Fresenius Medical Care
A.L	de	Gebrüder Riezler
A.L	de	Gemeinsame Normdatei
A.L	de	Gründung (Recht)
A.L	de	Gulden
A.L	de	Hannover Rück
A.L	de	HeidelbergCement
A.L	de	Henkel (Unternehmen)
A.L	de	Hoechst
A.L	de	Hypo Real Estate
A.L	de	Hypothekenbank
A.L	de	Hypothekendarlehen
A.L	de	Infineon
A.L	de	Israel
A.L	de	K+S
A.L	de	Karstadt
A.L	de	Kontokorrent
A.L	de	Kunsthalle der Hypo-Kulturstiftung
A.L	de	Künstlerhaus Kempten
A.L	de	Lanxess
A.L	de	Linde AG
A.L	de	Liquidation
A.L	de	Ludwig I. (Bayern)
A.L	de	Lufthansa
A.L	de	MAN
A.L	de	MLP AG
A.L	de	Machtergreifung
A.L	de	Mannesmann
A.L	de	Merck KGaA
A.L	de	Metro AG
A.L	de	Mitarbeiter
A.L	de	Munich Re
A.L	de	München
A.L	de	Nationalsozialistische Deutsche Arbeiterpartei
A.L	de	Nixdorf Computer
A.L	de	Notenprivileg
A.L	de	Palais Preysing
A.L	de	Pfandbrief
A.L	de	Postbank
A.L	de	Preussag
A.L	de	RWE
A.L	de	Rechtsform
A.L	de	SAP
A.L	de	Salzgitter AG
A.L	de	Siemens
A.L	de	Simon von Eichthal
A.L	de	Sitz (juristische Person)
A.L	de	TUI
A.L	de	ThyssenKrupp
A.L	de	Universalbank
A.L	de	VEBA
A.L	de	VIAG
A.L	de	Volkswagen AG
A.L	de	Website
A.L	de	Wechsel (Urkunde)
A.L	de	Wiedergutmachung
A.L	de	Wirtschaftszweig
A.L	de	Zeit des Nationalsozialismus
A.L	de	Zweiter Weltkrieg
CN	de	Bayerische_Hypotheken-_und_Wechsel-Bank
