A.L	de	1889
A.L	de	3. Oktober
A.L	de	Abfallentsorgung
A.L	de	Adidas
A.L	de	Agrochemie
A.L	de	Aktiengesellschaft (Deutschland)
A.L	de	Aller
A.L	de	Allianz SE
A.L	de	Altana
A.L	de	Andrei Igorewitsch Melnitschenko
A.L	de	Arisierung
A.L	de	Aufsichtsratsvorsitzender
A.L	de	August Rosterg
A.L	de	Autarkie
A.L	de	BASF
A.L	de	BMW
A.L	de	Babcock Borsig
A.L	de	Bad Salzdetfurth
A.L	de	Bayer AG
A.L	de	Bayerische Hypotheken- und Wechsel-Bank
A.L	de	Bayerische Vereinsbank
A.L	de	Beiersdorf AG
A.L	de	Bergbau
A.L	de	Bergrecht
A.L	de	Bergrechtliche Gewerkschaft
A.L	de	Berlin
A.L	de	Bilanzsumme
A.L	de	BlackRock
A.L	de	Bode (Saale)
A.L	de	Bokeloh (Wunstorf)
A.L	de	Brasilien
A.L	de	Braunschweig
A.L	de	Burbach-Kaliwerke AG
A.L	de	Chemische Fabrik Kalk
A.L	de	Chile
A.L	de	Commerzbank
A.L	de	Compo
A.L	de	Continental AG
A.L	de	DAX
A.L	de	Daimler AG
A.L	de	Deutsche Bank
A.L	de	Deutsche Börse
A.L	de	Deutsche Demokratische Republik
A.L	de	Deutsche Inflation 1914 bis 1923
A.L	de	Deutsche Post AG
A.L	de	Deutsche Telekom
A.L	de	Deutsches Kalisyndikat GmbH
A.L	de	Deutsches Reich
A.L	de	Dresdner Bank
A.L	de	Dünger
A.L	de	E.ON
A.L	de	E.ON Ruhrgas
A.L	de	Einwendung
A.L	de	Elektronische Datenverarbeitung
A.L	de	Epcos
A.L	de	Erdgas
A.L	de	Erdöl
A.L	de	Erlös
A.L	de	Erster Weltkrieg
A.L	de	Euro
A.L	de	EuroChem
A.L	de	European Salt Company
A.L	de	Evonik Degussa
A.L	de	Feldmühle (Unternehmen)
A.L	de	Fresenius (Unternehmen)
A.L	de	Fresenius Medical Care
A.L	de	Fulda
A.L	de	Gerd Grimmig
A.L	de	Gerstungen
A.L	de	Gewinn
A.L	de	Gewinnschwelle
A.L	de	Goslar
A.L	de	Grubenunglück
A.L	de	Grundwasser
A.L	de	Gründerzeit
A.L	de	Gründung (Recht)
A.L	de	Guido Henckel von Donnersmarck
A.L	de	Haber-Bosch-Verfahren
A.L	de	Hamburger Hafen und Logistik
A.L	de	Hannover
A.L	de	Hannover Rück
A.L	de	HeidelbergCement
A.L	de	Henkel (Unternehmen)
A.L	de	Heringen (Werra)
A.L	de	Hermann Julius Grüneberg
A.L	de	Hessen
A.L	de	Hessischer Landtag
A.L	de	Hoechst
A.L	de	Hypo Real Estate
A.L	de	I.G. Farben
A.L	de	Infineon
A.L	de	International Securities Identification Number
A.L	de	Internet Archive
A.L	de	Joint Venture
A.L	de	Justus von Liebig
A.L	de	Jürgen Räuschel
A.L	de	Kalisalz
A.L	de	Kaliumchlorid
A.L	de	Kanada
A.L	de	Karstadt
A.L	de	Kartell
A.L	de	Kassel
A.L	de	Kleine und mittlere Unternehmen
A.L	de	Krefeld
A.L	de	Köln
A.L	de	Lanxess
A.L	de	Limburgerhof
A.L	de	Linde AG
A.L	de	Lufthansa
A.L	de	Lutherstadt Eisleben
A.L	de	MAN
A.L	de	MDAX
A.L	de	MLP AG
A.L	de	Mannesmann
A.L	de	Mannheim
A.L	de	Merck KGaA
A.L	de	Merkers
A.L	de	Metro AG
A.L	de	Minimumgesetz
A.L	de	Mitarbeiter
A.L	de	Monopol
A.L	de	Monte Kali
A.L	de	Monte Kali (Heringen)
A.L	de	Munich Re
A.L	de	Mülhausen (Elsass)
A.L	de	Neuhof (bei Fulda)
A.L	de	Niederlande
A.L	de	Nixdorf Computer
A.L	de	Norbert Steiner
A.L	de	Oligopol
A.L	de	Petschek (Familie)
A.L	de	Philippsthal (Werra)
A.L	de	Phosphate
A.L	de	Pipeline
A.L	de	Postbank
A.L	de	Preussag
A.L	de	Preußen
A.L	de	Provinz Hannover
A.L	de	Prudential plc
A.L	de	Quandt (Familie)
A.L	de	RWE
A.L	de	Ralf Bethke
A.L	de	Rechtsform
A.L	de	Recycling
A.L	de	Regierungsbezirk Kassel
A.L	de	Reichsland Elsaß-Lothringen
A.L	de	Rohm and Haas
A.L	de	SAP
A.L	de	Sachsen-Anhalt
A.L	de	Salzbergwerk
A.L	de	Salzgitter AG
A.L	de	Salzlandkreis
A.L	de	Schlesien
A.L	de	Sehnde
A.L	de	Siemens
A.L	de	Sitz (juristische Person)
A.L	de	Skandinavien
A.L	de	Société Commerciale des Potasses et de l'Azote
A.L	de	Solvay
A.L	de	Sowjetische Besatzungszone
A.L	de	Sowjetunion
A.L	de	Speisesalz
A.L	de	Staßfurt
A.L	de	Steinsalz
A.L	de	Stickstoff
A.L	de	Stiftung „Erinnerung, Verantwortung und Zukunft“
A.L	de	Streubesitz
A.L	de	TUI
A.L	de	ThyssenKrupp
A.L	de	Thüringen
A.L	de	Treuhandanstalt
A.L	de	Unterbreizbach
A.L	de	Unternehmensführung
A.L	de	VEBA
A.L	de	VIAG
A.L	de	Vereinigte Staaten
A.L	de	Volatilität
A.L	de	Volkswagen AG
A.L	de	Vorstandsvorsitzender
A.L	de	Walbeck (Oebisfelde-Weferlingen)
A.L	de	Wasserstoff
A.L	de	Website
A.L	de	Werra
A.L	de	Weser
A.L	de	Wintershall
A.L	de	Wirtschaftszweig
A.L	de	Wunstorf
A.L	de	Zielitz
A.L	de	Zweiter Weltkrieg
A.L	de	Öchsenberg
A.L	de	Ökologisches Gleichgewicht
A.L	de	Wikipedia:Lesenswerte Artikel
A.L	de	Datei:Oechsen panorama nordwest.jpg
B.L	fr	1889
B.L	fr	3 octobre
B.L	fr	Adidas
B.L	fr	Aktiengesellschaft
B.L	fr	Allemagne
B.L	fr	Allianz
B.L	fr	BASF
B.L	fr	Bayer (entreprise)
B.L	fr	Bayerische Motoren Werke
B.L	fr	Beiersdorf
B.L	fr	Biens et services marchands
B.L	fr	Cassel (Hesse)
B.L	fr	Chef d'entreprise
B.L	fr	Chiffre d'affaires
B.L	fr	Commerzbank
B.L	fr	Continental AG
B.L	fr	DAX
B.L	fr	Daimler (entreprise)
B.L	fr	Deutsche Bank
B.L	fr	Deutsche Börse
B.L	fr	Deutsche Post
B.L	fr	Deutsche Telekom
B.L	fr	E.ON
B.L	fr	Fresenius
B.L	fr	Fresenius Medical Care
B.L	fr	HeidelbergCement
B.L	fr	Henkel
B.L	fr	Infineon Technologies
B.L	fr	Lanxess
B.L	fr	Linde AG
B.L	fr	Litière
B.L	fr	Logotype
B.L	fr	Lufthansa
B.L	fr	Merck KGaA
B.L	fr	Munich Re
B.L	fr	RWE
B.L	fr	SAP (entreprise)
B.L	fr	Siemens (entreprise)
B.L	fr	Site web
B.L	fr	Siège social
B.L	fr	Slogan publicitaire
B.L	fr	ThyssenKrupp
B.L	fr	Volkswagen (entreprise)
B.L	fr	Discussion:K+S
B.L	fr	Discussion:K+S/À faire
B.L	fr	Wikipédia:Notoriété des entreprises, sociétés et produits
B.L	fr	Modèle:Infobox Société
B.L	fr	Modèle:Palette DAX
B.L	fr	Modèle:Ébauche/paramètres entreprise allemande
B.L	fr	Discussion modèle:Palette DAX
B.L	fr	Aide:Comment modifier une page
B.L	fr	Aide:Recyclage
B.L	fr	Aide:Ébauche
B.L	fr	Catégorie:Entreprise par date de fondation
B.L	fr	Catégorie:Forme juridique des entreprises
B.L	fr	Catégorie:Portail:Allemagne/Articles liés
B.L	fr	Catégorie:Portail:Entreprises/Articles liés
B.L	fr	Portail:Allemagne
B.L	fr	Portail:Entreprises
B.L	fa	آدیداس
B.L	fa	آلمان
B.L	fa	آلیانتس
B.L	fa	ا.آن
B.L	fa	ار وه ئه
B.L	fa	اروپا
B.L	fa	اس آ پ
B.L	fa	اینفینئون
B.L	fa	ب آ اس اف
B.L	fa	ب ام و
B.L	fa	بایر (شرکت)
B.L	fa	بایرسدورف
B.L	fa	بورس فرانکفورت
B.L	fa	تیسن‌کروپ
B.L	fa	جهان
B.L	fa	دایملر آ گ
B.L	fa	دویچه بانک
B.L	fa	دویچه بورزه
B.L	fa	دویچه تلکوم
B.L	fa	دویچه پست
B.L	fa	زبان آلمانی
B.L	fa	زیمنس
B.L	fa	شرکت
B.L	fa	فرزنیوس
B.L	fa	فرزنیوس مدیکال کر
B.L	fa	لانکسس
B.L	fa	لوفت‌هانزا
B.L	fa	لینده
B.L	fa	مرک
B.L	fa	منیزیم
B.L	fa	مواد شیمیایی
B.L	fa	میونیک ره
B.L	fa	نمک
B.L	fa	هایدلبرگ‌سمنت
B.L	fa	هنکل
B.L	fa	پتاس
B.L	fa	کاسل
B.L	fa	کشاورزی
B.L	fa	کود
B.L	fa	کومرتس‌بانک
B.L	fa	کونتیننتال آ گ
B.L	fa	گروه فولکس‌واگن
B.L	fa	گیاه
B.L	fa	یورو
B.L	fa	۱۹۹۳ (میلادی)
B.L	fa	الگو:شرکت‌های دکس
B.L	fa	بحث الگو:شرکت‌های دکس
B.L	en	Adidas
B.L	en	Agrichemical
B.L	en	Aktiengesellschaft
B.L	en	Allianz
B.L	en	Asset
B.L	en	Austria
B.L	en	BASF
B.L	en	BMW
B.L	en	Bayer AG
B.L	en	Beiersdorf
B.L	en	Belgium
B.L	en	Canada
B.L	en	Chairman
B.L	en	Chemical substance
B.L	en	Chemische Fabrik Kalk
B.L	en	Chief executive officer
B.L	en	Chile
B.L	en	Commerzbank
B.L	en	Continental AG
B.L	en	Czech Republic
B.L	en	DAX
B.L	en	Daimler AG
B.L	en	Deutsche Bank
B.L	en	Deutsche Börse
B.L	en	Deutsche Post
B.L	en	Deutsche Telekom
B.L	en	E.ON
B.L	en	Earnings before interest and taxes
B.L	en	Equity (finance)
B.L	en	Euro
B.L	en	Fertilizer
B.L	en	France
B.L	en	Frankfurt Stock Exchange
B.L	en	Fresenius (company)
B.L	en	Fresenius Medical Care
B.L	en	Full-time equivalent
B.L	en	Germany
B.L	en	Greece
B.L	en	Haaretz
B.L	en	HeidelbergCement
B.L	en	Henkel
B.L	en	Infineon Technologies
B.L	en	Italy
B.L	en	Kassel
B.L	en	Lanxess
B.L	en	Lufthansa
B.L	en	Magnesium
B.L	en	Merck KGaA
B.L	en	Morton Salt
B.L	en	Munich Re
B.L	en	Net income
B.L	en	Netherlands
B.L	en	Nutrient
B.L	en	Plant
B.L	en	Poland
B.L	en	Portugal
B.L	en	Potash
B.L	en	Potting soil
B.L	en	RWE
B.L	en	Reuters
B.L	en	SAP AG
B.L	en	Salt
B.L	en	Salt (chemistry)
B.L	en	Siemens
B.L	en	Spain
B.L	en	Supervisory board
B.L	en	Sweden
B.L	en	Switzerland
B.L	en	The Linde Group
B.L	en	The US
B.L	en	ThyssenKrupp
B.L	en	Ticker symbol
B.L	en	Types of business entity
B.L	en	UK
B.L	en	Volkswagen Group
B.L	en	Wintershall
B.L	en	Wikipedia:Stub
B.L	en	Template:DAX companies
B.L	en	Template:Germany-company-stub
B.L	en	Template:Portal/Images/Companies
B.L	en	Template talk:DAX companies
B.L	en	Template talk:Germany-company-stub
B.L	en	Portal:Companies
B.L	es	1889
B.L	es	AG
B.L	es	Abono
B.L	es	Agroquímico
B.L	es	Alemania
B.L	es	Austria
B.L	es	Basf
B.L	es	Bélgica
B.L	es	Chile
B.L	es	Creative Commons
B.L	es	España
B.L	es	Euro
B.L	es	Fertilizante
B.L	es	Francia
B.L	es	Fusiones y adquisiciones
B.L	es	GmbH
B.L	es	Grecia
B.L	es	ISBN
B.L	es	Industria
B.L	es	Italia
B.L	es	Kassel
B.L	es	Licencia de documentación libre de GNU
B.L	es	Magnesio
B.L	es	Multinacional
B.L	es	Nutriente
B.L	es	Países Bajos
B.L	es	Polonia
B.L	es	Portugal
B.L	es	Potasa
B.L	es	Química
B.L	es	Reino Unido
B.L	es	República Checa
B.L	es	Sal
B.L	es	Sitio web
B.L	es	Sociedad anónima
B.L	es	Subsidiaria
B.L	es	Suecia
B.L	es	Suiza
B.L	es	Wintershall
B.L	da	Adidas
B.L	da	Allianz
B.L	da	BASF
B.L	da	BMW
B.L	da	Bayer
B.L	da	Beiersdorf AG
B.L	da	Belgien
B.L	da	Canada
B.L	da	Chile
B.L	da	Commerzbank
B.L	da	Continental AG
B.L	da	DAX
B.L	da	Daimler AG
B.L	da	Deutsche Bank
B.L	da	Deutsche Börse
B.L	da	Deutsche Post
B.L	da	Deutsche Telekom
B.L	da	E.ON
B.L	da	Frankrig
B.L	da	Fresenius Medical Care
B.L	da	Fresenius SE
B.L	da	Grækenland
B.L	da	Gødning
B.L	da	Haaretz
B.L	da	HeidelbergCement
B.L	da	Henkel
B.L	da	Holland
B.L	da	Infineon Technologies
B.L	da	Italien
B.L	da	Kalium
B.L	da	Kassel
B.L	da	Kemisk
B.L	da	Lanxess
B.L	da	Linde AG
B.L	da	Lufthansa
B.L	da	Magnesium
B.L	da	Merck KGaA
B.L	da	Morton Salt
B.L	da	Munich Re
B.L	da	Polen
B.L	da	Portugal
B.L	da	Potaske
B.L	da	RWE
B.L	da	Reuters
B.L	da	SAP AG
B.L	da	Salt
B.L	da	Schweiz
B.L	da	Siemens AG
B.L	da	Spanien
B.L	da	Storbritannien
B.L	da	Sverige
B.L	da	ThyssenKrupp
B.L	da	Tjekkiet
B.L	da	Tyskland
B.L	da	USA
B.L	da	Volkswagen Aktiengesellschaft
B.L	da	Wintershall
B.L	da	Østrig
B.L	sv	Adidas
B.L	sv	Allianz
B.L	sv	BASF
B.L	sv	BMW
B.L	sv	Bayer AG
B.L	sv	Beiersdorf AG
B.L	sv	Commerzbank
B.L	sv	Daimler AG
B.L	sv	Deutsche Bank
B.L	sv	Deutsche Börse
B.L	sv	Deutsche Post
B.L	sv	Deutsche Telekom
B.L	sv	Deutscher Aktienindex
B.L	sv	E.ON
B.L	sv	Fresenius
B.L	sv	Fresenius Medical Care
B.L	sv	Företag
B.L	sv	Hannover Re
B.L	sv	Henkel
B.L	sv	Infineon
B.L	sv	Kassel
B.L	sv	Linde AG
B.L	sv	Lufthansa
B.L	sv	MAN AG
B.L	sv	Merck KGaA
B.L	sv	Metro AG
B.L	sv	Munich Re
B.L	sv	RWE
B.L	sv	SAP AG
B.L	sv	Siemens AG
B.L	sv	ThyssenKrupp
B.L	sv	Tyskland
B.L	sv	Volkswagen AG
B.L	sv	Wikipedia:Stubbar
B.L	sv	Mall:DAX
B.L	sv	Malldiskussion:DAX
B.L	ru	Adidas
B.L	ru	Allianz
B.L	ru	BASF
B.L	ru	BMW
B.L	ru	Bayer
B.L	ru	Beiersdorf
B.L	ru	Bertrandt
B.L	ru	Chairman
B.L	ru	Chief executive officer
B.L	ru	Commerzbank
B.L	ru	DAX
B.L	ru	Daimler
B.L	ru	Deutsche Bank
B.L	ru	Deutsche Börse
B.L	ru	Deutsche Post AG
B.L	ru	Deutsche Telekom
B.L	ru	E.ON
B.L	ru	Fresenius
B.L	ru	Fresenius SE
B.L	ru	Hannover Re
B.L	ru	Henkel
B.L	ru	Lufthansa
B.L	ru	MAN
B.L	ru	Merck KGaA
B.L	ru	Metro AG
B.L	ru	Munich Re
B.L	ru	RWE
B.L	ru	SAP
B.L	ru	Salzgitter AG
B.L	ru	Siemens
B.L	ru	Supervisory board
B.L	ru	The Linde Group
B.L	ru	ThyssenKrupp
B.L	ru	Volkswagen Group
B.L	ru	Выручка
B.L	ru	Германия
B.L	ru	Кассель
B.L	ru	Листинг (экономика)
B.L	ru	Операционная прибыль
B.L	ru	Продукт (бизнес)
B.L	ru	Публичная компания
B.L	ru	Сайт
B.L	ru	Франкфуртская фондовая биржа
B.L	ru	Чистая прибыль
B.L	ru	Юридическое лицо
B.L	ru	Википедия:Авторитетные источники
B.L	ru	Википедия:Проверяемость
B.L	ru	Википедия:Ссылки на источники
B.L	pt	AG
B.L	pt	Adidas
B.L	pt	Alemanha
B.L	pt	Allianz
B.L	pt	BASF
B.L	pt	BMW
B.L	pt	Bayer
B.L	pt	Beiersdorf
B.L	pt	Commerzbank
B.L	pt	DAX-30
B.L	pt	Daimler AG
B.L	pt	Deutsche Bank
B.L	pt	Deutsche Börse
B.L	pt	Deutsche Post
B.L	pt	Deutsche Telekom
B.L	pt	E.ON
B.L	pt	Empresa
B.L	pt	Fresenius
B.L	pt	Fresenius Medical Care
B.L	pt	GmbH
B.L	pt	Grupo Volkswagen
B.L	pt	HeidelbergCement
B.L	pt	Henkel
B.L	pt	Infineon Technologies
B.L	pt	Kassel
B.L	pt	Linde AG
B.L	pt	Lufthansa
B.L	pt	MAN SE
B.L	pt	METRO AG
B.L	pt	Merck KGaA
B.L	pt	Munich Re
B.L	pt	RWE
B.L	pt	SAP AG
B.L	pt	Siemens AG
B.L	pt	ThyssenKrupp
B.L	pt	Wikipédia:Esboço
B.L	pt	Predefinição:DAX
CN	de	K+S
IWL	fr	K+S
IWL	fa	کا+اس
IWL	en	K+S
IWL	es	K+S
IWL	da	K+S
IWL	sv	K+S
IWL	ru	K+S
IWL	pt	K+S
