A.L	de	APPD
A.L	de	ARD
A.L	de	Akronym
A.L	de	Angela Merkel
A.L	de	Arbeitspolitik
A.L	de	Art Directors Club
A.L	de	Artikel (Wortart)
A.L	de	Baden-Württemberg
A.L	de	Bayern
A.L	de	Bayernkurier
A.L	de	Bela B.
A.L	de	Bergische Universität Wuppertal
A.L	de	Berlin
A.L	de	Berlin-Neukölln
A.L	de	Berliner Abgeordnetenhaus
A.L	de	Berliner Mauer
A.L	de	Bezirk Friedrichshain-Kreuzberg
A.L	de	Bezirk Neukölln
A.L	de	Bezirksverordnetenversammlung
A.L	de	Bild-Zeitung
A.L	de	Billigfluggesellschaft
A.L	de	Bremen
A.L	de	Brüderlichkeit
A.L	de	Bundestagswahl 2002
A.L	de	Bundestagswahl 2005
A.L	de	Bundestagswahl 2009
A.L	de	Bundestagswahl 2013
A.L	de	Bundeswahlausschuss
A.L	de	Bundeswahlleiter
A.L	de	Bündnis 90/Die Grünen
A.L	de	Bürgerschaftswahl in Bremen 2011
A.L	de	Bürgerschaftswahl in Hamburg 2011
A.L	de	Chlodwig Poth
A.L	de	Christlich-Soziale Union in Bayern
A.L	de	Corporate Design
A.L	de	Deutsche Demokratische Republik
A.L	de	Deutsche Volksunion
A.L	de	Deutscher Bundestag
A.L	de	Die PARTEI (Film)
A.L	de	Die Partei hat immer recht
A.L	de	Direkte Demokratie
A.L	de	Dirk Bach
A.L	de	Ebay
A.L	de	Endlager
A.L	de	Ergebnisse der Landtagswahlen in der Bundesrepublik Deutschland
A.L	de	Ernst-Moritz-Arndt-Universität Greifswald
A.L	de	FH Gießen-Friedberg
A.L	de	Fax
A.L	de	Frankfurt am Main
A.L	de	Freie Demokratische Partei
A.L	de	Freie Deutsche Jugend
A.L	de	Freie Universität Berlin
A.L	de	Freiheit
A.L	de	Georg-August-Universität Göttingen
A.L	de	Georgische Arbeiterpartei
A.L	de	Gesetz über die politischen Parteien
A.L	de	Gesundheitspolitik
A.L	de	Gleichheit
A.L	de	Gleichstellung
A.L	de	Grundgesetz für die Bundesrepublik Deutschland
A.L	de	Guildo Horn
A.L	de	Gunnar Folke Schuppert
A.L	de	Hamburg
A.L	de	Hapag-Lloyd Express GmbH
A.L	de	Heinrich-Heine-Universität Düsseldorf
A.L	de	Heinz Strunk
A.L	de	Hella von Sinnen
A.L	de	Hessen
A.L	de	Hitlergruß
A.L	de	Hitlerjugend
A.L	de	Humboldt-Universität zu Berlin
A.L	de	Impressum
A.L	de	K.I.Z.
A.L	de	KPD/RZ
A.L	de	Karlsruher Institut für Technologie
A.L	de	Koalition (Politik)
A.L	de	Kommunalwahlen in Schleswig-Holstein 2013
A.L	de	Krefeld
A.L	de	Kulturnews
A.L	de	Landesliste
A.L	de	Landkreis Marburg-Biedenkopf
A.L	de	Landtagswahl im Saarland 2012
A.L	de	Landtagswahl in Baden-Württemberg 2011
A.L	de	Landtagswahl in Bayern 2003
A.L	de	Landtagswahl in Bayern 2008
A.L	de	Landtagswahl in Hessen 2009
A.L	de	Landtagswahl in Mecklenburg-Vorpommern 2011
A.L	de	Landtagswahl in Niedersachsen 2008
A.L	de	Landtagswahl in Nordrhein-Westfalen 2005
A.L	de	Landtagswahl in Nordrhein-Westfalen 2010
A.L	de	Landtagswahl in Nordrhein-Westfalen 2012
A.L	de	Landtagswahl in Rheinland-Pfalz 2011
A.L	de	Landtagswahl in Schleswig-Holstein 2009
A.L	de	Landtagswahl in Thüringen 2009
A.L	de	Leo Fischer (Satiriker)
A.L	de	Leverkusen
A.L	de	Liechtenstein
A.L	de	Lohnausgleich
A.L	de	Lübeck
A.L	de	Mannheim
A.L	de	Mark Benecke
A.L	de	Martin Sonneborn
A.L	de	National-Zeitung – Deutsche Wochenzeitung
A.L	de	Nationalsozialismus
A.L	de	Nationalsozialistische Deutsche Arbeiterpartei
A.L	de	Niedersachsen
A.L	de	Norbert Lammert
A.L	de	Nordrhein-Westfalen
A.L	de	OSZE
A.L	de	Offenbach am Main
A.L	de	Oliver Maria Schmitt
A.L	de	Parteienfinanzierung
A.L	de	Parteiprogramm
A.L	de	Philipps-Universität Marburg
A.L	de	Pionierorganisation
A.L	de	Piratenpartei Deutschland
A.L	de	Politische Partei
A.L	de	Populismus
A.L	de	Prenzlauer Berg
A.L	de	Productplacement
A.L	de	Präambel
A.L	de	RWTH Aachen
A.L	de	Ratifikation
A.L	de	Redakteur
A.L	de	Rheinland-Pfalz
A.L	de	Rocko Schamoni
A.L	de	Roderich Egeler
A.L	de	Rodrigo González
A.L	de	Ruhr-Universität Bochum
A.L	de	Saarland
A.L	de	Saarlouis
A.L	de	Samira El Ouassil
A.L	de	Satire
A.L	de	Schalwa Natelaschwili
A.L	de	Schleswig-Holstein
A.L	de	Scholz & Friends
A.L	de	Sowjetische Besatzungszone
A.L	de	Sozialdemokratische Partei Deutschlands
A.L	de	Sozialistische Einheitspartei Deutschlands
A.L	de	Staatsratsvorsitzender
A.L	de	Studierendenparlament
A.L	de	Synonymie
A.L	de	Technische Universität Berlin
A.L	de	Technische Universität Dortmund
A.L	de	Thomas Hintner
A.L	de	Thüringen
A.L	de	Titanic (Magazin)
A.L	de	Umweltpolitik
A.L	de	Universität Bayreuth
A.L	de	Universität Bielefeld
A.L	de	Universität Bremen
A.L	de	Universität Hamburg
A.L	de	Universität Trier
A.L	de	Universität zu Köln
A.L	de	Wahl zum Abgeordnetenhaus von Berlin 2011
A.L	de	Wahlwerbung
A.L	de	Waldhambach (Pfalz)
A.L	de	Walter Ulbricht
A.L	de	Watzmann
A.L	de	Wiesbaden
A.L	de	Wolfgang Wendland
A.L	de	ZDF
A.L	de	Zeltlager
B.L	fr	2004
B.L	fr	2005
B.L	fr	Berlin
B.L	fr	Christlich Demokratische Union Deutschlands
B.L	fr	Der Spiegel
B.L	fr	Diète (politique)
B.L	fr	Hambourg
B.L	fr	Länder de l'Allemagne
B.L	fr	Mur de Berlin
B.L	fr	Parti national-socialiste des travailleurs allemands
B.L	fr	Rhénanie-Westphalie
B.L	fr	République démocratique allemande
B.L	fr	SPD
B.L	fr	Troisième Reich
B.L	fr	Élections fédérales allemandes de 2005
B.L	fr	Catégorie:Portail:Allemagne/Articles liés
B.L	fr	Catégorie:Portail:Politique/Articles liés
B.L	fr	Catégorie:Portail:Époque contemporaine/Articles liés
B.L	fr	Portail:Allemagne
B.L	fr	Portail:Politique
B.L	fr	Portail:Époque contemporaine
B.L	en	Adolf Hitler's 50th birthday
B.L	en	Agenda 2010
B.L	en	Anarchist Pogo Party of Germany
B.L	en	Article (grammar)
B.L	en	Baden-Württemberg
B.L	en	Basic Law for the Federal Republic of Germany
B.L	en	Bavaria
B.L	en	Berlin
B.L	en	Berlin Wall
B.L	en	Bild
B.L	en	Bremen
B.L	en	Bundesamt für Verfassungsschutz
B.L	en	Bundeswahlleiter
B.L	en	Christian Democratic Union (Germany)
B.L	en	Christian Social Union in Bavaria
B.L	en	Dirk Bach
B.L	en	East Germany
B.L	en	Elections in Germany
B.L	en	Federal Returning Officer
B.L	en	Federal Statistical Office of Germany
B.L	en	Free Democratic Party (Germany)
B.L	en	Freie Deutsche Jugend
B.L	en	Frivolous political party
B.L	en	Gerhard Schröder
B.L	en	German federal election, 2002
B.L	en	German federal election, 2005
B.L	en	German federal election, 2009
B.L	en	Germany
B.L	en	Grassroot
B.L	en	Grey
B.L	en	Guildo Horn
B.L	en	Hamburg
B.L	en	Hamburg state election, 2011
B.L	en	Hartz IV
B.L	en	Heinz Strunk
B.L	en	Hella von Sinnen
B.L	en	Helmut Kohl
B.L	en	Hesse
B.L	en	Hitlergruss
B.L	en	Information technology
B.L	en	International Standard Book Number
B.L	en	Iron Curtain
B.L	en	K.I.Z.
B.L	en	Krefeld
B.L	en	Left-right politics
B.L	en	Leverkusen
B.L	en	Liechtenstein
B.L	en	List of frivolous political parties
B.L	en	List of political ideologies
B.L	en	List of political parties in Germany
B.L	en	Lower Saxony
B.L	en	Mark Benecke
B.L	en	Martin Sonneborn
B.L	en	Mecklenburg-Vorpommern
B.L	en	National Socialist German Workers Party
B.L	en	Neoliberal
B.L	en	New Frankfurt School
B.L	en	North Rhine-Westphalia
B.L	en	Organization for Security and Co-operation in Europe
B.L	en	Political party
B.L	en	Political spectrum
B.L	en	Politics of Germany
B.L	en	Populism
B.L	en	Radical center (politics)
B.L	en	Red
B.L	en	Rhineland-Palatinate
B.L	en	Rocko Schamoni
B.L	en	Rodrigo Andrés González Espindola
B.L	en	Saarland
B.L	en	Schleswig-Holstein
B.L	en	Social Democratic Party of Germany
B.L	en	Socialist Unity Party of Germany
B.L	en	Soviet Occupation Zone
B.L	en	St. Pauli
B.L	en	States of Germany
B.L	en	The Left (Germany)
B.L	en	Thuringia
B.L	en	Titanic (magazine)
B.L	en	Walter Ulbricht
B.L	en	Watzmann
B.L	en	Youth wing
B.L	no	Akronym
B.L	no	Apronym
B.L	no	Baden-Württemberg
B.L	no	Berlin
B.L	no	Bündnis 90/Die Grünen
B.L	no	DDR
B.L	no	Delstatsparlament (Tyskland)
B.L	no	Die Linke
B.L	no	FDP
B.L	no	Forbundsdagen
B.L	no	Freie Deutsche Jugend
B.L	no	Hamburg
B.L	no	Hitlerhilsen
B.L	no	Hitlerjugend
B.L	no	Leverkusen
B.L	no	Martin Sonneborn
B.L	no	Mecklenburg-Vorpommern
B.L	no	NSDAP
B.L	no	Nordrhein-Westfalen
B.L	no	Partileder
B.L	no	Populisme
B.L	no	Thomas Hintner
B.L	no	Titanic (satiremagasin)
B.L	no	Tyskland
B.L	no	Tysklands valg
B.L	no	Wikipedia:Portaler
B.L	no	Portal:Tyskland
B.L	bar	Bündnis 90/De Greanan
B.L	bar	Radio Fritz
B.L	bar	Thomas Hintner
B.L	bar	Titanic (Magazin)
B.L	pfl	Bolidischi Badai
B.L	pfl	FDP
B.L	pfl	Kurpalz
B.L	pfl	Martin Sonneborn
B.L	pfl	Monnem
B.L	pfl	Rhoilond-Palz
B.L	pfl	Schbaya
B.L	hu	2004
B.L	hu	2005
B.L	hu	Berlini fal
B.L	hu	Ebay
B.L	hu	Gerhard Schröder
B.L	hu	Hartz IV
B.L	hu	Munka és Szociális Igazság Párt
B.L	hu	NSDAP
B.L	hu	Német Anarchista Pogo Párt
B.L	hu	Német Szocialista Egységpárt
B.L	hu	Titanic (magazin)
B.L	hu	Portál:Németország
B.L	hu	Portál:Németország/ikon
CN	de	Partei_für_Arbeit,_Rechtsstaat,_Tierschutz,_Elitenförderung_und_basisdemokratische_Initiative
IWL	fr	Parti pour le travail, l'État de droit, la protection des animaux, l'élitisme et l'initiative démocratique
IWL	en	Die PARTEI
IWL	no	PARTIET (Tyskland)
IWL	bar	Partei fia Arwad, Rechtsstoot, Tiaschutz, Elitenförderung und basisdemokratische Initiative
IWL	pfl	Badai fir Aabaid, Räschds'schdaad, Tiaschutz, Elidäföddarung unn basisdemokratischa Initsiatiwä
IWL	hu	Die PARTEI
