A.L	de	1979
A.L	de	27.+August
A.L	de	Abensberg
A.L	de	Athen
A.L	de	Brasilien
A.L	de	Bronzemedaille
A.L	de	Bundestrainer
A.L	de	Detlef+Ultsch
A.L	de	Deutscher+Judo-Bund
A.L	de	Deutscher+Meister
A.L	de	Deutschland
A.L	de	Djamel+Bouras
A.L	de	D%EF%BF%BDsseldorf
A.L	de	Florian+Wanner
A.L	de	Frank+Wieneke
A.L	de	Goldmedaille
A.L	de	Gunter+Bischof
A.L	de	Hidehiko+Yoshida
A.L	de	Ilias+Iliadis
A.L	de	Istanbul
A.L	de	Japan
A.L	de	Judo
A.L	de	Judo-Europameisterschaften
A.L	de	Judo-Europameisterschaften+2004
A.L	de	Judo-Europameisterschaften+2005
A.L	de	Judo-Europameisterschaften+2011
A.L	de	Judo-Weltmeisterschaft+2003
A.L	de	Judo-Weltmeisterschaften
A.L	de	Judo-Weltmeisterschaften+2009
A.L	de	Judoka
A.L	de	Kim+Jae-bum
A.L	de	Liste+der+Olympiasieger+im+Judo
A.L	de	Los+Angeles
A.L	de	Luxemburg
A.L	de	Makoto+Takimoto
A.L	de	Montenegro
A.L	de	Olympiasieger
A.L	de	Olympische+Sommerspiele+2004
A.L	de	Olympische+Sommerspiele+2008
A.L	de	Olympische+Sommerspiele+2008%2FJudo
A.L	de	Olympische+Sommerspiele+2012%2FJudo
A.L	de	Olympische+Spiele
A.L	de	PricewaterhouseCoopers
A.L	de	Reutlingen
A.L	de	Rotterdam
A.L	de	Russland
A.L	de	Schlag+den+Raab
A.L	de	Schota+Chabareli
A.L	de	Schweiz
A.L	de	Silbermedaille
A.L	de	Silbernes+Lorbeerblatt
A.L	de	Stefan+Raab
A.L	de	S%EF%BF%BDdkorea
A.L	de	TSG+Reutlingen
A.L	de	TSV+Abensberg
A.L	de	Tiago+Camilo
A.L	de	Toyokazu+Nomura
A.L	de	Tschechien
A.L	de	Universit%EF%BF%BDt+zu+K%EF%BF%BDln
A.L	de	Usbekistan
A.L	de	Volkswirtschaftslehre
A.L	de	Waldemar+Legie%3F
A.L	de	Weltrangliste
A.L	de	Wladimir+Michailowitsch+Newsorow
A.L	de	%3Fsaka
A.L	de	Hilfe%3APersonendaten
B.L	fi	1979
B.L	fi	27.+elokuuta
B.L	fi	Belgrad
B.L	fi	Boris+Novotn%EF%BF%BD
B.L	fi	Bukarest
B.L	fi	Ilias+Iliadis
B.L	fi	Jeju
B.L	fi	Judo
B.L	fi	Judo+kes%EF%BF%BDolympialaisissa+2008
B.L	fi	Judo+kes%EF%BF%BDolympialaisissa+2012
B.L	fi	Judon+Euroopan-mestaruuskilpailut
B.L	fi	Judon+Euroopan-mestaruuskilpailut+2004
B.L	fi	Judon+Euroopan-mestaruuskilpailut+2005
B.L	fi	Judon+Euroopan-mestaruuskilpailut+2011
B.L	fi	Judon+maailmanmestaruuskilpailut
B.L	fi	Judon+maailmanmestaruuskilpailut+2009
B.L	fi	Kes%EF%BF%BDolympialaiset+2008
B.L	fi	Kes%EF%BF%BDolympialaiset+2012
B.L	fi	Kim+Jae-Bum
B.L	fi	Olympialaiset
B.L	fi	Reutlingen
B.L	fi	Rotterdam
B.L	fi	Saksa
B.L	fi	Saksan+liittotasavalta
B.L	fi	Tampere
B.L	fi	Tbilisi
B.L	fi	Universiadit
B.L	fr	1979+en+sport
B.L	fr	27+ao%EF%BF%BDt+en+sport
B.L	fr	Allemagne
B.L	fr	Ao%EF%BF%BDt
B.L	fr	Ao%EF%BF%BDt+1979
B.L	fr	Ao%EF%BF%BDt+1979+en+sport
B.L	fr	Bischof
B.L	fr	Bucarest
B.L	fr	Championnats+d%27Europe+de+judo+2004
B.L	fr	Championnats+d%27Europe+de+judo+2005
B.L	fr	Championnats+d%27Europe+de+judo+2006
B.L	fr	Championnats+d%27Europe+de+judo+2007
B.L	fr	Championnats+du+monde+de+judo+2005
B.L	fr	Djamel+Bouras
B.L	fr	Florian+Wanner
B.L	fr	Frank+Wieneke
B.L	fr	Hambourg
B.L	fr	Hamm
B.L	fr	Hidehiko+Yoshida
B.L	fr	Ilias+Iliadis
B.L	fr	Il%EF%BF%BDas+Ili%EF%BF%BDdis
B.L	fr	Jeux+olympiques+d%27%EF%BF%BDt%EF%BF%BD+de+2004
B.L	fr	Jeux+olympiques+d%27%EF%BF%BDt%EF%BF%BD+de+2008
B.L	fr	Judo
B.L	fr	Judo+aux+Jeux+olympiques+d%27%EF%BF%BDt%EF%BF%BD+de+2008
B.L	fr	Judo+aux+Jeux+olympiques+d%27%EF%BF%BDt%EF%BF%BD+de+2012
B.L	fr	Judo+aux+Jeux+olympiques+de+1972
B.L	fr	Judo+aux+Jeux+olympiques+de+1976
B.L	fr	Judo+aux+Jeux+olympiques+de+1980
B.L	fr	Judo+aux+Jeux+olympiques+de+1984
B.L	fr	Judo+aux+Jeux+olympiques+de+1988
B.L	fr	Judo+aux+Jeux+olympiques+de+1992
B.L	fr	Judo+aux+Jeux+olympiques+de+1996
B.L	fr	Judo+aux+Jeux+olympiques+de+2000
B.L	fr	Judo+aux+Jeux+olympiques+de+2004
B.L	fr	Judo+aux+Jeux+olympiques+de+2008
B.L	fr	Kim+Jae-Bum
B.L	fr	Kim+Jae-bum
B.L	fr	Le+Caire
B.L	fr	Liste+des+m%EF%BF%BDdaill%EF%BF%BDs+olympiques+masculins+en+judo
B.L	fr	Makoto+Takimoto
B.L	fr	P%EF%BF%BDkin
B.L	fr	Roman+Gontyuk
B.L	fr	Rotterdam
B.L	fr	R%EF%BF%BDpublique+populaire+de+Chine
B.L	fr	Shota+Khabareli
B.L	fr	Tiago+Camilo
B.L	fr	Tournoi+World+Cup+de+Budapest
B.L	fr	Tournoi+de+Paris+de+judo
B.L	fr	Toyokazu+Nomura
B.L	fr	Vladimir+Nevzorov
B.L	fr	Waldemar+Legien
B.L	fr	Discussion%3AOle+Bischof%2F%EF%BF%BD+faire
B.L	fr	Mod%EF%BF%BDle%3APalette+Champions+olympiques+judo+poids+mi-moyens
B.L	fr	Mod%EF%BF%BDle%3A%EF%BF%BDbauche%2Fparam%EF%BF%BDtres+judo
B.L	fr	Mod%EF%BF%BDle%3A%EF%BF%BDbauche%2Fparam%EF%BF%BDtres+personnalit%EF%BF%BD+allemande
B.L	fr	Discussion+mod%EF%BF%BDle%3APalette+Champions+olympiques+judo+poids+mi-moyens
B.L	fr	Aide%3AComment+modifier+une+page
B.L	fr	Aide%3AHomonymie
B.L	fr	Aide%3A%EF%BF%BDbauche
B.L	fr	Cat%EF%BF%BDgorie%3APersonnalit%EF%BF%BD+allemande
B.L	fr	Cat%EF%BF%BDgorie%3APortail%3AAllemagne%2FArticles+li%EF%BF%BDs
B.L	fr	Cat%EF%BF%BDgorie%3APortail%3AJudo%2FArticles+li%EF%BF%BDs
B.L	fr	Portail%3AAllemagne
B.L	fr	Portail%3AJudo
B.L	fr	Projet%3AAccueil
B.L	en	2004+European+Judo+Championships
B.L	en	2005+European+Judo+Championships
B.L	en	2006+European+Judo+Championships
B.L	en	2007+European+Judo+Championships
B.L	en	2008+Summer+Olympics
B.L	en	2009+European+Judo+Championships
B.L	en	2009+World+Judo+Championships
B.L	en	2011+European+Judo+Championships
B.L	en	2012+Summer+Olympics
B.L	en	Diplom+Volkswirt
B.L	en	European+Judo+Championships
B.L	en	Florian+Wanner
B.L	en	Frank+Wieneke
B.L	en	Germany
B.L	en	Judo
B.L	en	Judo+at+the+2003+Summer+Universiade
B.L	en	Judo+at+the+2008+Summer+Olympics
B.L	en	Judo+at+the+2008+Summer+Olympics%EF%BF%BDMen%27s+81+kg
B.L	en	Judo+at+the+2012+Summer+Olympics
B.L	en	Judo+at+the+2012+Summer+Olympics+%EF%BF%BD+Men%27s+81+kg
B.L	en	Judoka
B.L	en	Kim+Jae-Bum
B.L	en	Olympic+Games
B.L	en	PricewaterhouseCoopers
B.L	en	Reutlingen
B.L	en	Roman+Gontyuk
B.L	en	Tiago+Camilo
B.L	en	World+Judo+Championships
B.L	en	Wikipedia%3APersondata
B.L	en	Wikipedia%3AStub
B.L	en	Template%3AGermany-Olympic-medalist-stub
B.L	en	Template%3AGermany-judo-bio-stub
B.L	en	Template+talk%3AGermany-Olympic-medalist-stub
B.L	en	Template+talk%3AGermany-judo-bio-stub
B.L	cs	1979
B.L	cs	27.+srpen
B.L	cs	Antonio+Ciano
B.L	cs	Florian+Wanner
B.L	cs	Islam+Bozbayev
B.L	cs	Judo
B.L	cs	Kim+%3Fe-pom
B.L	cs	Letn%EF%BF%BD+olympijsk%EF%BF%BD+hry+2008
B.L	cs	Letn%EF%BF%BD+olympijsk%EF%BF%BD+hry+2012
B.L	cs	Mistrovstv%EF%BF%BD+Evropy
B.L	cs	Mistrovstv%EF%BF%BD+sv%3Fta
B.L	cs	Olympijsk%EF%BF%BD+hry
B.L	cs	Reutlingen
B.L	cs	Roman+Hon%3Fuk
B.L	cs	Seoi-nage
B.L	cs	Seznam+olympijsk%EF%BF%BDch+medailist%3F+v+judu
B.L	cs	Sven+Maresch
B.L	cs	Takahiro+Nakai
B.L	cs	Tiago+Camilo
B.L	cs	Travis+Stevens
B.L	cs	Z%EF%BF%BDpadn%EF%BF%BD+N%3Fmecko
B.L	cs	Port%EF%BF%BDl%3AObsah
B.L	cs	Port%EF%BF%BDl%3ASport
B.L	no	1979
B.L	no	27.+august
B.L	no	Beijing
B.L	no	Europamesterskapet+i+judo
B.L	no	Europamesterskapet+i+judo+2004
B.L	no	Europamesterskapet+i+judo+2005
B.L	no	Europamesterskapet+i+judo+2011
B.L	no	Frank+Wieneke
B.L	no	Judo
B.L	no	Judo+under+Sommer-OL+2008
B.L	no	Judo+under+Sommer-OL+2012+-+81+kg+menn
B.L	no	Judo+under+Sommer-OL+2012+%EF%BF%BD+81+kg+menn
B.L	no	Judoka
B.L	no	Kim+Jae-Bum
B.L	no	London
B.L	no	OL
B.L	no	Reutlingen
B.L	no	Sommer-OL+1984
B.L	no	Sommer-OL+2008
B.L	no	Sommer-OL+2012
B.L	no	Tyskland
B.L	no	Verdensmesterskapet+i+judo
B.L	no	Verdensmesterskapet+i+judo+2009
B.L	pl	1979
B.L	pl	2004
B.L	pl	2005
B.L	pl	27+sierpnia
B.L	pl	Frank+Wieneke
B.L	pl	Igrzyska+olimpijskie
B.L	pl	Judo
B.L	pl	Judo+na+Letnich+Igrzyskach+Olimpijskich+2008
B.L	pl	Judo+na+Letnich+Igrzyskach+Olimpijskich+2012
B.L	pl	Kim+Jae-Bum
B.L	pl	Korea+Po%3Fudniowa
B.L	pl	Letnie+Igrzyska+Olimpijskie+1984
B.L	pl	Letnie+Igrzyska+Olimpijskie+2008
B.L	pl	Letnie+Igrzyska+Olimpijskie+2012
B.L	pl	Mistrzostwa+Europy+w+Judo+2004
B.L	pl	Mistrzostwa+Europy+w+Judo+2005
B.L	pl	Mistrzostwa+Europy+w+Judo+2011
B.L	pl	Mistrzostwa+Europy+w+judo
B.L	pl	Mistrzostwa+%3Fwiata+w+Judo+2009
B.L	pl	Mistrzostwa+%3Fwiata+w+judo
B.L	pl	Niemcy
B.L	pl	Reutlingen
B.L	pl	Yuko
B.L	mn	1979
B.L	mn	2004+%3F%3F%3F+%3F%3F%3F%3F%3F%3F%3F%3F+%3F%3F%3F%3F%3F%3F%3F+%3F%3F%3F%3F%3F%3F+%3F%3F%3F%3F%3F%3F%3F%3F%3F%3F%3F+%3F%3F%3F%3F%3F%3F%3F
B.L	mn	2005+%3F%3F%3F+%3F%3F%3F%3F%3F%3F%3F%3F+%3F%3F%3F%3F%3F%3F%3F+%3F%3F%3F%3F%3F%3F+%3F%3F%3F%3F%3F%3F%3F%3F%3F%3F%3F+%3F%3F%3F%3F%3F%3F%3F
B.L	mn	2009+%3F%3F%3F+%3F%3F%3F%3F%3F%3F%3F%3F+%3F%3F%3F%3F%3F%3F%3F+%3F%3F%3F%3F%3F%3F+%3F%3F%3F%3F%3F%3F%3F%3F%3F%3F%3F+%3F%3F%3F%3F%3F%3F%3F
B.L	mn	2011+%3F%3F%3F+%3F%3F%3F%3F%3F%3F%3F%3F+%3F%3F%3F%3F%3F%3F%3F+%3F%3F%3F%3F%3F%3F+%3F%3F%3F%3F%3F%3F%3F%3F%3F%3F%3F+%3F%3F%3F%3F%3F%3F%3F
B.L	mn	8+%3F%3F%3F%3F%3F+27
B.L	mn	%3F%3F%3F%3F%3F%3F%3F%3F%3F%3F+%3F%3F%3F%3F%3F
B.L	mn	%3F%3F%3F%3F%3F%3F
B.L	mn	%3F%3F%3F%3F%3F%3F+%3F%3F%3F
B.L	mn	%3F%3F%3F%3F
B.L	mn	%3F%3F%3F%3F%3F%3F%3F%3F+%3F%3F%3F%3F%3F%3F%3F+%3F%3F%3F%3F%3F%3F+%3F%3F%3F%3F%3F%3F%3F%3F%3F%3F%3F+%3F%3F%3F%3F%3F%3F%3F
B.L	mn	%3F%3F%3F%3F%3F%3F%3F%3F+%3F%3F%3F%3F%3F%3F%3F+%3F%3F%3F%3F%3F%3F+%3F%3F%3F%3F%3F%3F%3F%3F%3F%3F%3F+%3F%3F%3F%3F%3F%3F%3F
B.L	mn	%3F%3F%3F%3F%3F
B.L	mn	%3F%3F%3F%3F+%3F%3F%3F%3F%3F
B.L	mn	%3F%3F%3F%3F%3F%3F%3F+%3F%3F%3F%3F%3F+%282012+%3F%3F%29
B.L	mn	%3F%3F%3F%3F%3F%3F%3F%3F%3F%3F
B.L	mn	%3F%3F%3F%3F%3F+%3F%3F%3F%3F%3F%3F%3F
B.L	ka	1979
B.L	ka	27+%3F%3F%3F%3F%3F%3F%3F
B.L	ka	%3F%3F%3F%3F%3F%3F%3F%3F%3F%3F%3F
B.L	ka	%3F%3F%3F%3F%3F%3F%3F%3F
B.L	ka	%3F%3F%3F%3F%3F%3F%3F%3F%3F+%3F%3F%3F
B.L	ka	%3F%3F%3F%3F%3F%3F%3F%3F%3F%3F%3F
B.L	ka	%3F%3F%3F%3F%3F%3F%3F%3F+%3F%3F%3F%3F%3F%3F%3F%3F%3F+%3F%3F%3F%3F%3F%3F%3F%3F+2008
B.L	ka	%3F%3F%3F%3F%3F%3F%3F%3F+%3F%3F%3F%3F%3F%3F%3F%3F%3F+%3F%3F%3F%3F%3F%3F%3F%3F+2012
B.L	ka	%3F%3F%3F%3F%3F%3F%3F%3F%3F+%3F%3F%3F%3F%3F%3F%3F%3F
B.L	ka	%3F%3F%3F%3F%3F%3F%3F%3F%3F%3F%3F
B.L	ka	%3F%3F%3F%3F%3F
B.L	ka	%3F%3F%3F%3F%3F%3F+%3F%3F%3F%3F%3F%3F%3F+%3F%3F%3F%3F%3F%3F%3F%3F%3F%3F
B.L	ka	%3F%3F%3F%3F%3F%3F+%3F%3F%3F%3F%3F%3F%3F+%3F%3F%3F%3F%3F%3F%3F%3F%3F%3F+2004
B.L	ka	%3F%3F%3F%3F%3F%3F+%3F%3F%3F%3F%3F%3F%3F+%3F%3F%3F%3F%3F%3F%3F%3F%3F%3F+2005
B.L	ka	%3F%3F%3F%3F%3F%3F+%3F%3F%3F%3F%3F%3F%3F+%3F%3F%3F%3F%3F%3F%3F%3F%3F%3F+2011
B.L	ka	%3F%3F%3F%3F%3F%3F+%3F%3F%3F%3F%3F%3F%3F+%3F%3F%3F%3F%3F%3F%3F%3F%3F%3F
B.L	ka	%3F%3F%3F%3F%3F%3F+%3F%3F%3F%3F%3F%3F%3F+%3F%3F%3F%3F%3F%3F%3F%3F%3F%3F+2009
B.L	ko	1979%3F
B.L	ko	2008%3F+%3F%3F+%3F%3F%3F
B.L	ko	2012%3F+%3F%3F+%3F%3F%3F
B.L	ko	8%3F+27%3F
B.L	ko	%3F%3F
B.L	ko	%3F%3F%3F
B.L	ko	%3F%3F%3F%3F%3F+%3F%3F
B.L	ko	%3F%3F
B.L	ko	%3F%3F%3F%3F%3A%3F%3F%3F
B.L	ko	%3F%3A%3F%3F%3F%2F%3F%3F%2F%3F%3F%3F
B.L	hu	1979
B.L	hu	1984.+%EF%BF%BDvi+ny%EF%BF%BDri+olimpiai+j%EF%BF%BDt%EF%BF%BDkok
B.L	hu	1997
B.L	hu	2002
B.L	hu	2004
B.L	hu	2005
B.L	hu	2006
B.L	hu	2008.+%EF%BF%BDvi+ny%EF%BF%BDri+olimpiai+j%EF%BF%BDt%EF%BF%BDkok
B.L	hu	2012.+%EF%BF%BDvi+ny%EF%BF%BDri+olimpiai+j%EF%BF%BDt%EF%BF%BDkok
B.L	hu	Augusztus+27.
B.L	hu	Budapest
B.L	hu	Cselg%EF%BF%BDncs
B.L	hu	Frank+Wienke
B.L	hu	F%EF%BF%BDrfi+v%EF%BF%BDlt%EF%BF%BDs%EF%BF%BDly%EF%BF%BD+cselg%EF%BF%BDncs+a+2008.+%EF%BF%BDvi+ny%EF%BF%BDri+olimpiai+j%EF%BF%BDt%EF%BF%BDkokon
B.L	hu	F%EF%BF%BDrfi+v%EF%BF%BDlt%EF%BF%BDs%EF%BF%BDly%EF%BF%BD+cselg%EF%BF%BDncs+a+2012.+%EF%BF%BDvi+ny%EF%BF%BDri+olimpiai+j%EF%BF%BDt%EF%BF%BDkokon
B.L	hu	Nyugat-N%EF%BF%BDmetorsz%EF%BF%BDg
B.L	hu	N%EF%BF%BDmetorsz%EF%BF%BDg
B.L	hu	Olimpiai+j%EF%BF%BDt%EF%BF%BDkok
B.L	hu	Reutlingen
B.L	hu	Port%EF%BF%BDl%3AN%EF%BF%BDmetorsz%EF%BF%BDg
B.L	hu	Port%EF%BF%BDl%3AN%EF%BF%BDmetorsz%EF%BF%BDg%2Fikon
B.L	hu	Port%EF%BF%BDl%3AOlimpia
B.L	hu	Port%EF%BF%BDl%3AOlimpia%2Fikon
B.L	it	1979
B.L	it	2004
B.L	it	2005
B.L	it	2009
B.L	it	27+agosto
B.L	it	Bucarest
B.L	it	Campionati+europei+di+judo
B.L	it	Campionati+europei+di+judo+2011
B.L	it	Campionato+mondiale+di+judo
B.L	it	Centimetro
B.L	it	Chilogrammo
B.L	it	Daegu
B.L	it	Germania
B.L	it	Giochi+della+XXIX+Olimpiade
B.L	it	Giochi+della+XXX+Olimpiade
B.L	it	Giochi+olimpici+estivi
B.L	it	Istanbul
B.L	it	Judo
B.L	it	Judo+ai+Giochi+della+XXIX+Olimpiade+-+81+kg+maschile
B.L	it	Londra
B.L	it	Pechino
B.L	it	Reutlingen
B.L	it	Rotterdam
B.L	it	Universiadi
B.L	it	XXII+Universiade
B.L	it	File%3AStub+judo.png
B.L	it	File%3AStub+sportivi+tedeschi.png
B.L	it	Template%3AIcona+Judo
B.L	it	Aiuto%3AAbbozzo
B.L	it	Aiuto%3AManuale+di+stile
B.L	it	Categoria%3AJudoka+tedeschi
B.L	it	Categoria%3ANati+a+Reutlingen
B.L	it	Categoria%3ANati+ad+Reutlingen
B.L	it	Categoria%3ANati+il+27+agosto
B.L	it	Categoria%3ANati+nel+1979
B.L	it	Categoria%3AStub+-+judo
B.L	it	Categoria%3AStub+-+sportivi+tedeschi
B.L	it	Portale%3ABiografie
B.L	it	Portale%3ABiografie%2Ficona
B.L	it	Portale%3ASport
B.L	it	Portale%3ASport%2Ficona
B.L	it	Progetto%3AJudo
B.L	it	Progetto%3ASportivi+tedeschi
B.L	ja	10%3F11%3F
B.L	ja	10%3F15%3F
B.L	ja	10%3F18%3F
B.L	ja	10%3F19%3F
B.L	ja	10%3F21%3F
B.L	ja	10%3F24%3F
B.L	ja	10%3F26%3F
B.L	ja	10%3F9%3F
B.L	ja	11%3F25%3F
B.L	ja	11%3F3%3F
B.L	ja	12%3F17%3F
B.L	ja	12%3F18%3F
B.L	ja	12%3F5%3F
B.L	ja	12%3F6%3F
B.L	ja	1979%3F
B.L	ja	1996%3F
B.L	ja	1997%3F
B.L	ja	1998%3F
B.L	ja	1%3F27%3F
B.L	ja	2000%3F
B.L	ja	2001%3F
B.L	ja	2002%3F
B.L	ja	2003%3F
B.L	ja	2004%3F
B.L	ja	2005%3F
B.L	ja	2006%3F
B.L	ja	2007%3F
B.L	ja	2008%3F
B.L	ja	2009%3F
B.L	ja	2%3F11%3F
B.L	ja	2%3F14%3F
B.L	ja	2%3F16%3F
B.L	ja	2%3F20%3F
B.L	ja	2%3F21%3F
B.L	ja	2%3F22%3F
B.L	ja	2%3F25%3F
B.L	ja	3%3F15%3F
B.L	ja	3%3F20%3F
B.L	ja	3%3F21%3F
B.L	ja	3%3F26%3F
B.L	ja	4%3F25%3F
B.L	ja	4%3F7%3F
B.L	ja	4%3F8%3F
B.L	ja	4%3F9%3F
B.L	ja	5%3F10%3F
B.L	ja	5%3F15%3F
B.L	ja	5%3F20%3F
B.L	ja	5%3F21%3F
B.L	ja	5%3F28%3F
B.L	ja	5%3F31%3F
B.L	ja	5%3F6%3F
B.L	ja	5%3F7%3F
B.L	ja	6%3F17%3F
B.L	ja	6%3F28%3F
B.L	ja	6%3F7%3F
B.L	ja	7%3F26%3F
B.L	ja	7%3F2%3F
B.L	ja	7%3F6%3F
B.L	ja	8%3F10%3F
B.L	ja	8%3F12%3F
B.L	ja	8%3F27%3F
B.L	ja	8%3F28%3F
B.L	ja	8%3F7%3F
B.L	ja	9%3F21%3F
B.L	ja	9%3F29%3F
B.L	ja	IJF
B.L	ja	%3F%3F%3F%3F%3F%3F%3F%3F%3F%3F%3F
B.L	ja	%3F%3F%3F%3F%3F%3F%3F%3F%3F%3F%3F%3F
B.L	ja	%3F%3F%3F%3F%3F%3F%3F%3F%3F%3F
B.L	ja	%3F%3F%3F%3F%3F%3F%3F%3F%3F%3F%3F%3F%3F%3F%3F%3F%3F
B.L	ja	%3F%3F%3F%3F%3F%3F%3F+%28%3F%3F%29
B.L	ja	%3F%3F%3F%3F%3F+%28%3F%3F%29
B.L	ja	%3F%3F%3F%3F%3F%3F%3F%3F%3F%3F
B.L	ja	%3F%3F%3F%3F%3F%3F%3F%3F
B.L	ja	%3F%3F%3F
B.L	ja	%3F%3F%3F%3F%3F%3F%3F%3F%3F%3F%3F
B.L	ja	%3F%3F%3F%3F%3F%3F%3F%3F%3F%3F%3F%3F%3F%3F
B.L	ja	%3F%3F%3F%3F%3F%3F%3F%3F%3F
B.L	ja	%3F%3F%3F%3F
B.L	ja	%3F%3F%3F%3F%3F%3F%3F%3F%3F%3F+%282012%3F%29+%3F%3F%3F%3F%3F%3F%3F%3F
B.L	ja	%3F%3F%3F%3F%3F%3F%3F+%28%3F%3F%29
B.L	ja	%3F%3F%3F%3F%3F%3F%3F%3F%3F
B.L	ja	%3F%3F%3F%3F%3F%3F%3F%3F
B.L	ja	%3F%3F%3F%3F
B.L	ja	%3F%3F%3F%3F%3F%3F%3F+%28%3F%3F%29
B.L	ja	%3F%3F%3F%3F%3F+%28%3F%3F%29
B.L	ja	%3F%3F
B.L	ja	%3F%3F%3F
B.L	ja	%3F%3F%3F
B.L	ja	%3F%3F%3F%3F
B.L	ja	%3F%3F%3F%3F
B.L	ja	%3F%3F%3F
B.L	ja	%3F%3F%3F%3F
B.L	ja	%3F%3F%3F%3F
B.L	ja	Wikipedia%3A%3F%3F%3F
B.L	ja	Category%3A%3F%3F%3F%3F%3F%3F%3F%3F%3F%3F%3F
B.L	ja	%3F%3F%3F%3F%3F%3F%3A%3F%3F
B.L	uk	1979
B.L	uk	27+%3F%3F%3F%3F%3F%3F
B.L	uk	%3F%3F%3F%3F%3F-%3F%3F%3F%3F%3F%3F%3F%3F%3F%3F
B.L	uk	%3F%3F%3F%3F%3F
B.L	uk	%3F%3F%3F%3F%3F+%3F%3F%3F%3F%3F%3F%3F%3F%3F%3F%3F+%3F%3F%3F%3F+2008
B.L	uk	%3F%3F%3F%3F%3F+%3F%3F%3F%3F%3F%3F%3F%3F%3F%3F%3F+%3F%3F%3F%3F+2012
B.L	uk	%3F%3F%3F%3F%3F%3F%3F%3F+%3F%3F%3F%3F
B.L	uk	%3F%3F%3F%3F%3F%3F%3F%3F%3F
B.L	uk	%3F%3F%3F%3F%3F
B.L	uk	%3F%3F%3F%3F%3F%3F%3F%3F%3F%3F%3F%3F+%3F%3F%3F%3F%3F%3F%3F
B.L	uk	%3F%3F%3F%3F%3F%3F%3F%3F%3F%3F%3F+%3F%3F%3F%3F
B.L	uk	%3F%3F%3F%3F%3F%3F%3F%3F%3F%3F
B.L	uk	%3F%3F%3F%3F%3F%3F%3F%3F%3F%3A%3F%3F+%3F%3F%3F%3F%3F%3F%3F%3F%3F%3F+%3F%3F%3F%3F%3F%3F
B.L	sv	Biografi
B.L	sv	Judo
B.L	sv	Judo+vid+olympiska+sommarspelen
B.L	sv	K%EF%BF%BDln
B.L	sv	London
B.L	sv	Nationalekonomi
B.L	sv	Olympiska+sommarspelen+2008
B.L	sv	Olympiska+sommarspelen+2012
B.L	sv	Peking
B.L	sv	Reutlingen
B.L	sv	Sport
B.L	sv	Tyskland
B.L	sv	Vem+kan+sl%EF%BF%BD+Filip+och+Fredrik
B.L	sv	Wikipedia%3AStubbar
B.L	ru	1979+%3F%3F%3F
B.L	ru	2005+%3F%3F%3F
B.L	ru	2008+%3F%3F%3F
B.L	ru	2012
B.L	ru	27+%3F%3F%3F%3F%3F%3F%3F
B.L	ru	%3F%3F%3F%3F%3F
B.L	ru	%3F%3F%3F%3F%3F%3F%3F%3F
B.L	ru	%3F%3F%3F%3F%3F
B.L	ru	%3F%3F%3F%3F%3F+%3F%3F+%3F%3F%3F%3F%3F%3F+%3F%3F%3F%3F%3F%3F%3F%3F%3F%3F%3F+%3F%3F%3F%3F%3F+2008+%EF%BF%BD+%3F%3F+81+%3F%3F+%28%3F%3F%3F%3F%3F%3F%3F%29
B.L	ru	%3F%3F%3F%3F%3F+%3F%3F+%3F%3F%3F%3F%3F%3F+%3F%3F%3F%3F%3F%3F%3F%3F%3F%3F%3F+%3F%3F%3F%3F%3F+2012+%EF%BF%BD+%3F%3F+81+%3F%3F+%28%3F%3F%3F%3F%3F%3F%3F%29
B.L	ru	%3F%3F%3F%3F%3F%3F+%3F%3F%3F%3F%3F%3F%3F%3F%3F%3F%3F+%3F%3F%3F%3F
B.L	ru	%3F%3F%3F%3F%3F%3F+%3F%3F%3F%3F%3F%3F%3F%3F%3F%3F%3F+%3F%3F%3F%3F+2008
B.L	ru	%3F%3F%3F%3F%3F%3F+%3F%3F%3F%3F%3F%3F%3F%3F%3F%3F%3F+%3F%3F%3F%3F+2012
B.L	ru	%3F%3F%3F%3F%3F%3F%3F%3F+%3F%3F%3F%3F
B.L	ru	%3F%3F%3F%3F%3F%3F%3F%3F%3F%3F%3F+%3F%3F%3F%3F
B.L	ru	%3F%3F%3F%3F%3F%3F%3F%3F%3F%3F
B.L	ru	%3F%3F%3F%3F%3F
B.L	ru	%3F%3F%3F%3F%3F%3F
B.L	ru	%3F%3F%3F%3F%3F%3F%3F%3F%3F+%3F%3F%3F%3F%3F%3F+%3F%3F+%3F%3F%3F%3F%3F
B.L	ru	%3F%3F%3F%3F%3F%3F%3F%3F%3F+%3F%3F%3F%3F%3F%3F+%3F%3F+%3F%3F%3F%3F%3F+2004
B.L	ru	%3F%3F%3F%3F%3F%3F%3F%3F%3F+%3F%3F%3F%3F%3F%3F+%3F%3F+%3F%3F%3F%3F%3F+2005
B.L	ru	%3F%3F%3F%3F%3F%3F%3F%3F%3F+%3F%3F%3F%3F%3F%3F+%3F%3F+%3F%3F%3F%3F%3F+2011
B.L	ru	%3F%3F%3F%3F%3F%3F%3F%3F%3F+%3F%3F%3F%3F+%3F%3F+%3F%3F%3F%3F%3F
B.L	ru	%3F%3F%3F%3F%3F%3F%3F%3F%3F+%3F%3F%3F%3F+%3F%3F+%3F%3F%3F%3F%3F+2009
B.L	ru	%3F%3F%3F%3F%3F%3F%3F%3F%3F%3A%3F%3F%3F%3F%3F%3F%3F%3F%3F+%3F%3F%3F%3F%3F%3F
B.L	ru	%3F%3F%3F%3F%3F%3F%3F%3F%3F%3A%3F%3F%3F%3F%3F%3F%3F+%3F+%3F%3F%3F%3F%3F%3F%3F%3F
B.L	pt	12+de+agosto
B.L	pt	1979
B.L	pt	27+de+agosto
B.L	pt	Alemanha
B.L	pt	Baden-W%EF%BF%BDrttemberg
B.L	pt	Brasil
B.L	pt	Campeonato+Europeu+de+Jud%EF%BF%BD
B.L	pt	Campeonato+Europeu+de+Jud%EF%BF%BD+de+2004
B.L	pt	Campeonato+Europeu+de+Jud%EF%BF%BD+de+2005
B.L	pt	Campeonato+Mundial+de+Jud%EF%BF%BD
B.L	pt	Campeonato+Mundial+de+Jud%EF%BF%BD+de+2009
B.L	pt	Coreia+do+Sul
B.L	pt	Economia
B.L	pt	Jogos+Ol%EF%BF%BDmpicos
B.L	pt	Jogos+Ol%EF%BF%BDmpicos+de+2012
B.L	pt	Jogos+Ol%EF%BF%BDmpicos+de+Ver%EF%BF%BDo+de+2008
B.L	pt	Jud%EF%BF%BD
B.L	pt	Jud%EF%BF%BD+nos+Jogos+Ol%EF%BF%BDmpicos+de+Ver%EF%BF%BDo+de+2008+-+At%EF%BF%BD+81+kg+masculino
B.L	pt	Jud%EF%BF%BD+nos+Jogos+Ol%EF%BF%BDmpicos+de+Ver%EF%BF%BDo+de+2012
B.L	pt	Kim+Jae-Bum
B.L	pt	L%EF%BF%BDngua+alem%EF%BF%BD
B.L	pt	L%EF%BF%BDngua+inglesa
B.L	pt	Reutlingen
B.L	pt	Tiago+Camilo
B.L	pt	Universidade+de+Col%EF%BF%BDnia
B.L	pt	Yuko
B.L	pt	Wikip%EF%BF%BDdia%3AEsbo%EF%BF%BDo
B.L	pt	Wikip%EF%BF%BDdia%3AProjetos%2FArtes+Marciais
B.L	zh	1979%3F
B.L	zh	2004%3F%3F%3F%3F%3F%3F%3F%3F
B.L	zh	2005%3F%3F%3F%3F%3F%3F%3F%3F
B.L	zh	2008%3F%3F%3F%3F%3F%3F%3F%3F%3F%3F
B.L	zh	8%3F27%3F
B.L	zh	%3F%3F%3F%3F%3F%3F%3F
B.L	zh	%3F%3F
B.L	zh	%3F%3F%3F
B.L	zh	%3F%3F
B.L	zh	%3F%3F
B.L	zh	%3F%3F%3F%3F%3F
B.L	zh	Wikipedia%3A%3F%3F%3F
CN	de	Ole_Bischof
IWL	fi	Ole+Bischof
IWL	fr	Ole+Bischof
IWL	en	Ole+Bischof
IWL	cs	Ole+Bischof
IWL	no	Ole+Bischof
IWL	pl	Ole+Bischof
IWL	mn	%3F%3F%3F+%3F%3F%3F%3F%3F
IWL	ka	%3F%3F%3F+%3F%3F%3F%3F%3F%3F
IWL	ko	%3F%3F+%3F%3F%3F
IWL	hu	Ole+Bischof
IWL	it	Ole+Bischof
IWL	ja	%3F%3F%3F%3F%3F%3F%3F%3F
IWL	uk	%3F%3F%3F+%3F%3F%3F%3F%3F
IWL	sv	Ole+Bischof
IWL	ru	%3F%3F%3F%3F%3F%2C+%3F%3F%3F
IWL	pt	Ole+Bischof
IWL	zh	%3F%3F%EF%BF%BD%3F%3F%3F
