A.L	de	1963
A.L	de	29. März
A.L	de	Abgeordnetenwatch.de
A.L	de	Angela Merkel
A.L	de	Annette Schavan
A.L	de	Arbeitsamt
A.L	de	Arbeitslosenversicherung
A.L	de	Arbeitsvermittler
A.L	de	Baden-Württemberg
A.L	de	Bettina Röhl
A.L	de	Blankenese
A.L	de	Bundesagentur für Arbeit
A.L	de	Bundesminister (Deutschland)
A.L	de	Bundesministerium für wirtschaftliche Zusammenarbeit und Entwicklung
A.L	de	Bundesnachrichtendienst
A.L	de	Bundestagswahl 2013
A.L	de	Bundeszollverwaltung
A.L	de	Calw
A.L	de	Carl-Dieter Spranger
A.L	de	Christian Lindner
A.L	de	Christlich Demokratische Union Deutschlands
A.L	de	Cornelia Pieper
A.L	de	Cornelia Schmalz-Jacobsen
A.L	de	Daniel Bahr
A.L	de	Der Spiegel
A.L	de	Der Tagesspiegel
A.L	de	Deutsch-Israelische Gesellschaft
A.L	de	Deutsche Atlantische Gesellschaft
A.L	de	Deutsche Gesellschaft für Internationale Zusammenarbeit
A.L	de	Deutsche Gesellschaft für Technische Zusammenarbeit
A.L	de	Deutscher Bundestag
A.L	de	Deutscher Entwicklungsdienst
A.L	de	Deutscher Rugby-Verband
A.L	de	Deutschland
A.L	de	Die Zeit
A.L	de	Diplom-Verwaltungswirt
A.L	de	Division Spezielle Operationen
A.L	de	Dockenhuden
A.L	de	Dritte Welt
A.L	de	Egon Bahr
A.L	de	Ehrenamtlicher Richter
A.L	de	Einfuhrumsatzsteuer (Deutschland)
A.L	de	Erhard Eppler
A.L	de	Ettlingen
A.L	de	FDP Baden-Württemberg
A.L	de	Fachhochschule
A.L	de	Fachhochschule des Bundes für öffentliche Verwaltung
A.L	de	Fachhochschulreife
A.L	de	Fallschirmjägertruppe (Bundeswehr)
A.L	de	Focus
A.L	de	Fraktion (Bundestag)
A.L	de	Franz Josef Jung
A.L	de	Freie Demokratische Partei
A.L	de	Friedrich-Naumann-Stiftung für die Freiheit
A.L	de	Gabriela Büssemaker
A.L	de	Gehobener Dienst
A.L	de	Generalsekretär
A.L	de	Guido Westerwelle
A.L	de	Günter Verheugen
A.L	de	Hamburg
A.L	de	Hamburg-Bahrenfeld
A.L	de	Hans-Jürgen Wischnewski
A.L	de	Hans-Peter Friedrich
A.L	de	Hans Herbert von Arnim
A.L	de	Hans Klein
A.L	de	Hauptmann (Offizier)
A.L	de	Heidemarie Wieczorek-Zeul
A.L	de	Helmut Haussmann
A.L	de	Ilse Aigner
A.L	de	InWEnt
A.L	de	Inspektor
A.L	de	Internet Archive
A.L	de	Irmgard Schwaetzer
A.L	de	Israel
A.L	de	Johanna Wanka
A.L	de	Junge Liberale
A.L	de	Junge Union
A.L	de	Jürgen Warnke
A.L	de	Kabinett Merkel II
A.L	de	Karl-Hermann Flach
A.L	de	Karl-Theodor zu Guttenberg
A.L	de	Kfar Giladi
A.L	de	Kibbuz
A.L	de	Kriegsdienstverweigerung in Deutschland
A.L	de	Kristina Schröder
A.L	de	Landesliste
A.L	de	Landgericht Heidelberg
A.L	de	Least Developed Countries
A.L	de	Ludolf Herbst
A.L	de	Luftlandeaufklärer (Bundeswehr)
A.L	de	Luftlandebrigade 25
A.L	de	Luftlandebrigade 26
A.L	de	Marie Schlei
A.L	de	Martin Bangemann
A.L	de	Max-Planck-Institut für Kernphysik
A.L	de	Mitglied des Deutschen Bundestages
A.L	de	Mittlere Reife
A.L	de	Monitor (Fernsehmagazin)
A.L	de	Munzinger-Archiv
A.L	de	Norbert Röttgen
A.L	de	Oberfeldwebel
A.L	de	Parteitag
A.L	de	Patrick Döring
A.L	de	Peter Altmaier
A.L	de	Peter Ramsauer
A.L	de	Philipp Rösler
A.L	de	Politiker
A.L	de	Rainer Brüderle
A.L	de	Rainer Offergeld
A.L	de	Report München
A.L	de	Reserve (Militärwesen)
A.L	de	Ronald Pofalla
A.L	de	Rudolf Vierhaus
A.L	de	Rugby
A.L	de	Sabine Leutheusser-Schnarrenberger
A.L	de	Sascha Raabe
A.L	de	Sinsheim
A.L	de	Soldat auf Zeit
A.L	de	Stabsdienst
A.L	de	Standortkommando Berlin
A.L	de	Stern (Zeitschrift)
A.L	de	Süddeutsche Zeitung
A.L	de	Taz
A.L	de	Teppich
A.L	de	Thomas de Maizière
A.L	de	Untreue (Deutschland)
A.L	de	Ursula von der Leyen
A.L	de	Uwe Lühr
A.L	de	Verband der Beschäftigten der obersten und oberen Bundesbehörden
A.L	de	Vetternwirtschaft
A.L	de	Volksrepublik China
A.L	de	Walter Scheel
A.L	de	Werner Dollinger
A.L	de	Werner Hoyer
A.L	de	Wirtschaftswissenschaftler
A.L	de	Wolfgang Kubicki
A.L	de	Wolfgang Schäuble
A.L	de	Zugführer (Militär)
A.L	de	Hilfe:Personendaten
B.L	fr	1961
B.L	fr	1963
B.L	fr	1981
B.L	fr	1983
B.L	fr	1984
B.L	fr	1990
B.L	fr	1993
B.L	fr	1994
B.L	fr	1996
B.L	fr	1997
B.L	fr	1998
B.L	fr	19 mars
B.L	fr	2002
B.L	fr	2003
B.L	fr	2004
B.L	fr	2005
B.L	fr	2007
B.L	fr	2009
B.L	fr	27 septembre
B.L	fr	28 octobre
B.L	fr	29 octobre
B.L	fr	5 mai
B.L	fr	Allemagne
B.L	fr	Allemagne de l'Ouest
B.L	fr	Altenstadt
B.L	fr	Angela Merkel
B.L	fr	Annette Schavan
B.L	fr	Bade-Wurtemberg
B.L	fr	Brigitte Zypries
B.L	fr	Bundestag
B.L	fr	Bundeswehr
B.L	fr	Cabinet Merkel I
B.L	fr	Cabinet Merkel II
B.L	fr	Cabinet Schröder II
B.L	fr	Calw
B.L	fr	Carl-Dieter Spranger
B.L	fr	Chancelier fédéral (Allemagne)
B.L	fr	Chancellerie fédérale (Allemagne)
B.L	fr	Coalition noire-jaune
B.L	fr	Conseil municipal
B.L	fr	Daniel Bahr
B.L	fr	Egon Bahr
B.L	fr	Erhard Eppler
B.L	fr	Fachhochschule
B.L	fr	Fonctionnaire
B.L	fr	Fondation (institution)
B.L	fr	Frank-Walter Steinmeier
B.L	fr	Franz Josef Jung
B.L	fr	Franz Müntefering
B.L	fr	Gouvernement fédéral (Allemagne)
B.L	fr	Guido Westerwelle
B.L	fr	Hambourg
B.L	fr	Hans-Jürgen Wischnewski
B.L	fr	Hans-Peter Friedrich
B.L	fr	Hans Klein
B.L	fr	Heidelberg
B.L	fr	Heidemarie Wieczorek-Zeul
B.L	fr	Homme politique
B.L	fr	Horst Seehofer
B.L	fr	Ilse Aigner
B.L	fr	Institut
B.L	fr	Israël
B.L	fr	Johanna Wanka
B.L	fr	Juge
B.L	fr	Jürgen Warnke
B.L	fr	Karl-Theodor zu Guttenberg
B.L	fr	Karlsruhe
B.L	fr	Kristina Schröder
B.L	fr	Mai 2005
B.L	fr	Mannheim
B.L	fr	Marie Schlei
B.L	fr	Mars 1963
B.L	fr	Michael Glos
B.L	fr	Ministre fédéral avec attributions spéciales
B.L	fr	Ministère fédéral de l'Agriculture (Allemagne)
B.L	fr	Ministère fédéral de l'Environnement (Allemagne)
B.L	fr	Ministère fédéral de l'Intérieur (Allemagne)
B.L	fr	Ministère fédéral de l'Économie (Allemagne)
B.L	fr	Ministère fédéral de l'Éducation et de la Recherche (Allemagne)
B.L	fr	Ministère fédéral de la Coopération économique (Allemagne)
B.L	fr	Ministère fédéral de la Défense (Allemagne)
B.L	fr	Ministère fédéral de la Famille (Allemagne)
B.L	fr	Ministère fédéral de la Justice (Allemagne)
B.L	fr	Ministère fédéral de la Santé (Allemagne)
B.L	fr	Ministère fédéral des Finances (Allemagne)
B.L	fr	Ministère fédéral des Transports et de la Construction (Allemagne)
B.L	fr	Ministère fédéral du Travail (Allemagne)
B.L	fr	Norbert Röttgen
B.L	fr	Objection de conscience
B.L	fr	Octobre 2007
B.L	fr	Octobre 2009
B.L	fr	Office des Affaires étrangères (Allemagne)
B.L	fr	Olaf Scholz
B.L	fr	Parachutiste
B.L	fr	Parti libéral-démocrate (Allemagne)
B.L	fr	Peer Steinbrück
B.L	fr	Peter Altmaier
B.L	fr	Peter Ramsauer
B.L	fr	Philipp Rösler
B.L	fr	Politique de l'Allemagne
B.L	fr	Rainer Brüderle
B.L	fr	Rainer Offergeld
B.L	fr	Ronald Pofalla
B.L	fr	Réserve militaire
B.L	fr	Sabine Leutheusser-Schnarrenberger
B.L	fr	Septembre 1998
B.L	fr	Service militaire
B.L	fr	Sigmar Gabriel
B.L	fr	Sonthofen
B.L	fr	Sous-officier
B.L	fr	Thomas de Maizière
B.L	fr	Travail
B.L	fr	Ulla Schmidt
B.L	fr	Ursula von der Leyen
B.L	fr	Vice-chancelier (Allemagne)
B.L	fr	Walter Scheel
B.L	fr	Werner Dollinger
B.L	fr	Wolfgang Schäuble
B.L	fr	Wolfgang Tiefensee
B.L	fr	Études secondaires
B.L	fr	Modèle:Palette Cabinet Merkel
B.L	fr	Modèle:Palette Ministres de la Coopération allemands
B.L	fr	Discussion modèle:Palette Cabinet Merkel
B.L	fr	Discussion modèle:Palette Ministres de la Coopération allemands
B.L	fr	Catégorie:Portail:Allemagne/Articles liés
B.L	fr	Catégorie:Portail:Libéralisme/Articles liés
B.L	fr	Catégorie:Portail:Politique/Articles liés
B.L	fr	Portail:Allemagne
B.L	fr	Portail:Libéralisme
B.L	fr	Portail:Politique
B.L	eo	1963
B.L	eo	2005
B.L	eo	2007
B.L	eo	2009
B.L	eo	28-a de oktobro
B.L	eo	29-an de marto
B.L	eo	Freie Demokratische Partei
B.L	eo	Germana politikisto
B.L	eo	Germanoj
B.L	eo	Hamburgo
B.L	eo	Ministraro dua de Angela Merkel
B.L	eo	Parlamenta baloto en Germanio 2009
B.L	eo	Politikisto
B.L	eo	Vikipedio:La perfekta ĝermo de artikolo
B.L	eo	Vikipedio:Tradukoj
B.L	eo	Vikipedio:Trovi aŭ kreskigi ĝermojn
B.L	eo	Kategorio:Ĝermoj pri Germana politikisto
B.L	eo	Kategorio:Ĝermoj pri germana politikisto
B.L	eo	Kategorio:Ĝermoj pri germana politikistoj
B.L	eo	Kategorio:Ĝermoj pri germanaj politikistoj
B.L	en	Abitur
B.L	en	Afghan rug
B.L	en	Afghanistan
B.L	en	Airborne infantry
B.L	en	Angela Merkel
B.L	en	Annette Schavan
B.L	en	Baden-Württemberg
B.L	en	Bundesnachrichtendienst
B.L	en	Bundestag
B.L	en	Bundeswehr
B.L	en	Cabinet Merkel II
B.L	en	Calw
B.L	en	Chancellor of Germany
B.L	en	Christian Democratic Union (Germany)
B.L	en	Daniel Bahr
B.L	en	Danny Ayalon
B.L	en	Deutsch-Israelische Gesellschaft
B.L	en	Federal Employment Office
B.L	en	Federal Minister of Economics and Technology
B.L	en	Federal Ministry of Economic Cooperation and Development (Germany)
B.L	en	Federal Ministry of Health (Germany)
B.L	en	Franz Josef Jung
B.L	en	Free Democratic Party (Germany)
B.L	en	Friedrich Naumann Foundation
B.L	en	Germany
B.L	en	Good governance
B.L	en	Guido Westerwelle
B.L	en	Hamburg
B.L	en	Hans-Peter Friedrich
B.L	en	Heidelberg
B.L	en	Heidelberg (electoral district)
B.L	en	Heidemarie Wieczorek-Zeul
B.L	en	Ilse Aigner
B.L	en	Incumbent
B.L	en	Israel
B.L	en	Johanna Wanka
B.L	en	Junge Union
B.L	en	Kabul
B.L	en	Karl-Theodor zu Guttenberg
B.L	en	Kenya
B.L	en	Kibbutz
B.L	en	Kristina Schröder
B.L	en	Labor Policy
B.L	en	Lake Victoria
B.L	en	Mannheim
B.L	en	Master of Public Administration
B.L	en	Norbert Röttgen
B.L	en	Parliamentary group
B.L	en	Peter Altmaier
B.L	en	Peter Ramsauer
B.L	en	Philipp Rösler
B.L	en	Rainer Brüderle
B.L	en	Republic of South Sudan
B.L	en	Ronald Pofalla
B.L	en	Sabine Leutheusser-Schnarrenberger
B.L	en	Sinsheim
B.L	en	Sustainable development
B.L	en	Thomas de Maizière
B.L	en	Unemployment insurance
B.L	en	Ursula von der Leyen
B.L	en	Vice Chancellor of Germany
B.L	en	Wolfgang Schäuble
B.L	en	Young Liberals (Germany)
B.L	en	Wikipedia:Persondata
B.L	en	Template:Cabinet Merkel II
B.L	en	Template talk:Cabinet Merkel II
B.L	no	1963
B.L	no	29. mars
B.L	no	Angela Merkels andre regjering
B.L	no	Annette Schavan
B.L	no	Bundeswehr
B.L	no	Christlich Demokratische Union
B.L	no	Daniel Bahr
B.L	no	Forbundsdagen
B.L	no	Franz Josef Jung
B.L	no	Freie Demokratische Partei
B.L	no	Guido Westerwelle
B.L	no	Hamburg
B.L	no	Hans-Peter Friedrich
B.L	no	Heidelberg
B.L	no	Heidemarie Wieczorek-Zeul
B.L	no	Ilse Aigner
B.L	no	Johanna Wanka
B.L	no	Junge Union
B.L	no	Karl-Theodor zu Guttenberg
B.L	no	Kristina Schröder
B.L	no	Norbert Röttgen
B.L	no	Peter Altmaier
B.L	no	Peter Ramsauer
B.L	no	Philipp Rösler
B.L	no	Rainer Brüderle
B.L	no	Ronald Pofalla
B.L	no	Sabine Leutheusser-Schnarrenberger
B.L	no	Thomas de Maizière
B.L	no	Tyskland
B.L	no	Ursula von der Leyen
B.L	no	Wolfgang Schäuble
B.L	no	Mal:Merkels andre kabinett
B.L	no	Maldiskusjon:Merkels andre kabinett
B.L	pl	1963
B.L	pl	29 marca
B.L	pl	Angela Merkel
B.L	pl	Annette Schavan
B.L	pl	Badenia-Wirtembergia
B.L	pl	Bundestag
B.L	pl	Bundeswehra
B.L	pl	Daniel Bahr
B.L	pl	Drugi rząd Angeli Merkel
B.L	pl	Franz Josef Jung
B.L	pl	Guido Westerwelle
B.L	pl	Hamburg
B.L	pl	Hans-Peter Friedrich
B.L	pl	Heidelberg
B.L	pl	Heidemarie Wieczorek-Zeul
B.L	pl	Ilse Aigner
B.L	pl	Izrael
B.L	pl	Johanna Wanka
B.L	pl	Język niemiecki
B.L	pl	Karl-Theodor zu Guttenberg
B.L	pl	Kristina Schröder
B.L	pl	Mannheim
B.L	pl	Niemcy
B.L	pl	Norbert Röttgen
B.L	pl	Peter Altmaier
B.L	pl	Peter Ramsauer
B.L	pl	Philipp Rösler
B.L	pl	Rainer Brüderle
B.L	pl	Ronald Pofalla
B.L	pl	Sabine Leutheusser-Schnarrenberger
B.L	pl	Sinsheim
B.L	pl	Thomas de Maizière
B.L	pl	Unia Chrześcijańsko-Demokratyczna (Niemcy)
B.L	pl	Ursula von der Leyen
B.L	pl	Wolfgang Schäuble
B.L	pl	Wolna Partia Demokratyczna
B.L	pl	Wybory parlamentarne w Niemczech w 1998 roku
B.L	pl	Wybory parlamentarne w Niemczech w 2002 roku
B.L	pl	Wybory parlamentarne w Niemczech w 2005 roku
B.L	pl	Wybory parlamentarne w Niemczech w 2009 roku
B.L	pl	Szablon:Drugi rząd Angeli Merkel
B.L	pl	Dyskusja szablonu:Drugi rząd Angeli Merkel
B.L	la	1963
B.L	la	1977
B.L	la	1979
B.L	la	1981
B.L	la	1983
B.L	la	1990
B.L	la	1991
B.L	la	1993
B.L	la	1998
B.L	la	2005
B.L	la	2009
B.L	la	28 Octobris
B.L	la	29 Martii
B.L	la	Administer Foederalis Collaborationis Oeconomicae
B.L	la	Administratio Merkel 2
B.L	la	Angela Merkel
B.L	la	Annetta Schavan
B.L	la	CDU
B.L	la	Carolus-Hermannus Flach
B.L	la	Carolus-Theodericus Spranger
B.L	la	Carolus Theodorus zu Guttenberg
B.L	la	Christianus Lindner
B.L	la	Christina Schröder
B.L	la	Cornelia Pieper
B.L	la	Cornelia Schmalz-Jacobsen
B.L	la	Daniel Bahr
B.L	la	Dieta Foederalis Germaniae
B.L	la	Egon Bahr
B.L	la	Erhardus Eppler
B.L	la	Factio Democratica Liberalis Germaniae
B.L	la	Franciscus Blücher
B.L	la	Franciscus Josephus Jung
B.L	la	Georgius Warnke
B.L	la	Gualterus Scheel
B.L	la	Guido Westerwelle
B.L	la	Gunterus Verheugen
B.L	la	Hamburgum
B.L	la	Heidelberga
B.L	la	Heidemaria Wieczorek-Zeul
B.L	la	Helimutus Haussmann
B.L	la	Ilse Aigner
B.L	la	Ioanna Wanka
B.L	la	Ioannes-Georgius Wischnewski
B.L	la	Ioannes-Petrus Friedrich
B.L	la	Ioannes Klein
B.L	la	Irmgarda Adam-Schwaetzer
B.L	la	Manhemium
B.L	la	Maria Schlei
B.L	la	Martinus Bangemann
B.L	la	Norbertus Röttgen
B.L	la	Patricius Döring
B.L	la	Petrus Altmaier
B.L	la	Petrus Ramsauer
B.L	la	Philippus Rösler
B.L	la	Rainer Brüderle
B.L	la	Rainerus Offergeld
B.L	la	Ronaldus Pofalla
B.L	la	Sabina Leutheusser-Schnarrenberger
B.L	la	Secretarius generalis FDP
B.L	la	Thomas de Maizière
B.L	la	Unio iuvenilis
B.L	la	Ursula de Leyen
B.L	la	Uwe Lühr
B.L	la	Volfgangus Schäuble
B.L	la	Wernerus Dollinger
B.L	la	Wernerus Hoyer
B.L	ja	1963年
B.L	ja	2009年
B.L	ja	3月29日
B.L	ja	アフリカ
B.L	ja	アンゲラ・メルケル
B.L	ja	イスラエル
B.L	ja	インド
B.L	ja	キブツ
B.L	ja	ギド・ヴェスターヴェレ
B.L	ja	ジンスハイム
B.L	ja	デア・シュピーゲル
B.L	ja	ドイツ
B.L	ja	ドイツキリスト教民主同盟
B.L	ja	ドイツ外務省
B.L	ja	ドイツ連邦議会
B.L	ja	ドイツ連邦議会2009年選挙
B.L	ja	ドイツ連邦軍
B.L	ja	ハイデマリー・ヴィーチョレック＝ツォイル
B.L	ja	ハイデルベルク
B.L	ja	ハンブルク
B.L	ja	中東
B.L	ja	中華人民共和国
B.L	ja	小隊
B.L	ja	政治家
B.L	ja	自由民主党 (ドイツ)
B.L	ja	降下猟兵
B.L	sv	1963
B.L	sv	29 mars
B.L	sv	Angela Merkel
B.L	sv	Annette Schavan
B.L	sv	Biståndsminister
B.L	sv	Cicero (Magazin)
B.L	sv	Daniel Bahr
B.L	sv	Franz Josef Jung
B.L	sv	Freie Demokratische Partei
B.L	sv	Generalsekreterare
B.L	sv	Guido Westerwelle
B.L	sv	Hamburg
B.L	sv	Hans-Peter Friedrich
B.L	sv	Ilse Aigner
B.L	sv	Johanna Wanka
B.L	sv	Karl-Theodor zu Guttenberg
B.L	sv	Kristina Schröder
B.L	sv	Norbert Röttgen
B.L	sv	Peter Altmaier
B.L	sv	Peter Ramsauer
B.L	sv	Philipp Rösler
B.L	sv	Politik i Tyskland
B.L	sv	Politiker
B.L	sv	Rainer Brüderle
B.L	sv	Regeringen Merkel II
B.L	sv	Ronald Pofalla
B.L	sv	Sabine Leutheusser-Schnarrenberger
B.L	sv	Thomas de Maizière
B.L	sv	Tysk
B.L	sv	Tysklands förbundsregering
B.L	sv	Ursula von der Leyen
B.L	sv	Wolfgang Schäuble
B.L	sv	Wikipedia:Stubbar
B.L	sv	Mall:Regeringen Merkel II
B.L	sv	Malldiskussion:Regeringen Merkel II
B.L	ru	1963
B.L	ru	1963 год
B.L	ru	2009
B.L	ru	2009 год
B.L	ru	28 октября
B.L	ru	29 марта
B.L	ru	Баден-Вюртемберг
B.L	ru	Бундестаг
B.L	ru	Вечорек-Цойль, Хайдемари
B.L	ru	Викисклад
B.L	ru	Гамбург
B.L	ru	Германия
B.L	ru	Израиль
B.L	ru	Капитан (воинское звание)
B.L	ru	Маннхайм
B.L	ru	Меркель, Ангела
B.L	ru	Молодёжный союз Германии
B.L	ru	Немецкий язык
B.L	ru	Политик
B.L	ru	Свободная демократическая партия (Германия)
B.L	ru	Список министров экономического сотрудничества и развития Германии
B.L	ru	Федеративная Республика Германии (до 1990)
B.L	ru	Христианско-демократический союз Германии
CN	de	Dirk_Niebel
IWL	fr	Dirk Niebel
IWL	eo	Dirk Niebel
IWL	en	Dirk Niebel
IWL	no	Dirk Niebel
IWL	pl	Dirk Niebel
IWL	la	Theodericus Niebel
IWL	ja	ディルク・ニーベル
IWL	sv	Dirk Niebel
IWL	ru	Нибель, Дирк
