A.L	de	AT&T
A.L	de	Abbott Laboratories
A.L	de	Acciona
A.L	de	Adidas
A.L	de	Air Liquide
A.L	de	Allianz SE
A.L	de	Alpha ventus
A.L	de	Alstom
A.L	de	Altana
A.L	de	Alternativenergie
A.L	de	Anheuser-Busch InBev
A.L	de	Apple
A.L	de	ArcelorMittal
A.L	de	Assicurazioni Generali
A.L	de	Atom-Moratorium
A.L	de	Atomausstieg
A.L	de	Atomkraftwerk
A.L	de	Atompolitik
A.L	de	Aufsichtsratsvorsitzender
A.L	de	Axa
A.L	de	BASF
A.L	de	BHP Billiton
A.L	de	BMW
A.L	de	BNP Paribas
A.L	de	BP
A.L	de	BT Group
A.L	de	Babcock Borsig
A.L	de	Bahnstrom
A.L	de	Baltic Cable
A.L	de	Banco Bilbao Vizcaya Argentaria
A.L	de	Banco Santander
A.L	de	Bank of America
A.L	de	Bayer AG
A.L	de	Bayerische Hypotheken- und Wechsel-Bank
A.L	de	Bayerische Vereinsbank
A.L	de	Bayernwerk
A.L	de	Beiersdorf AG
A.L	de	Bernhard Reutersberg
A.L	de	Bilanzsumme
A.L	de	Biomasse
A.L	de	BlackRock
A.L	de	Braunkohle
A.L	de	Brennelementesteuer
A.L	de	Bundeskartellamt
A.L	de	Börsenkurs
A.L	de	Capital Group Companies
A.L	de	Carrefour (Unternehmen)
A.L	de	Cement Roadstone Holding
A.L	de	Chevron Corporation
A.L	de	Cisco Systems
A.L	de	Citigroup
A.L	de	Comisión Nacional de Energía (Spanien)
A.L	de	Commerzbank
A.L	de	Compagnie de Saint-Gobain
A.L	de	ConocoPhillips
A.L	de	Continental AG
A.L	de	Coventry
A.L	de	Crédit Agricole (Unternehmen)
A.L	de	DAX
A.L	de	Daimler AG
A.L	de	Danone
A.L	de	Degussa
A.L	de	Desinvestition
A.L	de	Deutsche Bank
A.L	de	Deutsche Börse
A.L	de	Deutsche Post AG
A.L	de	Deutsche Telekom
A.L	de	Deutschland
A.L	de	Dividende
A.L	de	Dow Jones Global Titans
A.L	de	Dresdner Bank
A.L	de	Druckluftspeicherkraftwerk
A.L	de	Duisburger Versorgungs- und Verkehrsgesellschaft
A.L	de	Düsseldorf
A.L	de	E.ON Avacon
A.L	de	E.ON Bayern
A.L	de	E.ON Benelux
A.L	de	E.ON Energie
A.L	de	E.ON Energie AG
A.L	de	E.ON Energy Trading
A.L	de	E.ON Energy from Waste
A.L	de	E.ON España
A.L	de	E.ON Hanse
A.L	de	E.ON IT
A.L	de	E.ON Italia
A.L	de	E.ON Kernkraft
A.L	de	E.ON Kraftwerke
A.L	de	E.ON Mitte
A.L	de	E.ON Netz
A.L	de	E.ON Nordic
A.L	de	E.ON Ruhrgas
A.L	de	E.ON Russia Power
A.L	de	E.ON Sverige
A.L	de	E.ON Thüringer Energie
A.L	de	E.ON UK
A.L	de	E.ON Wasserkraft
A.L	de	E.ON Westfalen Weser
A.L	de	E.ON edis
A.L	de	EBIT
A.L	de	EBITDA
A.L	de	EQT (Unternehmen)
A.L	de	EURO STOXX 50
A.L	de	EWE AG
A.L	de	Eindhoven
A.L	de	Elbekreuzung 1
A.L	de	Elbekreuzung 2
A.L	de	Elektrische Energie
A.L	de	EnWG
A.L	de	Endesa
A.L	de	Enel
A.L	de	Energiekonzern
A.L	de	Energiemarkt
A.L	de	Eni (Unternehmen)
A.L	de	Epcos
A.L	de	Erdgas
A.L	de	Erdöl
A.L	de	Erlös
A.L	de	Erneuerbare Energie
A.L	de	Essen
A.L	de	Euro
A.L	de	Europäische Gesellschaft
A.L	de	Europäische Kommission
A.L	de	Europäisches Parlament
A.L	de	Evonik Degussa
A.L	de	ExxonMobil
A.L	de	Feldmühle (Unternehmen)
A.L	de	Fennovoima
A.L	de	Flüssigerdgas
A.L	de	Fossile Energie
A.L	de	France Telecom
A.L	de	Frankfurter Allgemeine Zeitung
A.L	de	Frankreich
A.L	de	Free Cashflow
A.L	de	Fresenius (Unternehmen)
A.L	de	Fresenius Medical Care
A.L	de	GDF Suez
A.L	de	GKK Etzenricht
A.L	de	Gas Natural
A.L	de	Gazprom
A.L	de	Geldbuße
A.L	de	Gelsenwasser AG
A.L	de	Gemeinsame Normdatei
A.L	de	Gemeinschaftskraftwerk Veltheim
A.L	de	General Electric
A.L	de	Gewinn
A.L	de	Gezeitenkraftwerk
A.L	de	GlaxoSmithKline
A.L	de	Google Inc.
A.L	de	Greenwashing
A.L	de	Gronau (Westf.)
A.L	de	Gründung (Recht)
A.L	de	HSBC
A.L	de	HSE
A.L	de	Handelsblatt
A.L	de	Handelsregister
A.L	de	Hannover
A.L	de	Hannover Rück
A.L	de	HeidelbergCement
A.L	de	Henkel (Unternehmen)
A.L	de	Herrenwyk
A.L	de	Hewlett-Packard
A.L	de	Hoechst
A.L	de	Hoffmann-La Roche
A.L	de	Holding
A.L	de	Horizon Nuclear Power
A.L	de	Hybridkraftwerk
A.L	de	Hybridkraftwerk Pellworm
A.L	de	Hypo Real Estate
A.L	de	IBM
A.L	de	ING Groep
A.L	de	IT-Dienstleister
A.L	de	Iberdrola
A.L	de	Infineon
A.L	de	Intel
A.L	de	Interconnector
A.L	de	International Securities Identification Number
A.L	de	Intervention (Politik)
A.L	de	Intesa Sanpaolo
A.L	de	Itzehoe
A.L	de	JPMorgan Chase
A.L	de	Johannes Teyssen
A.L	de	Johnson & Johnson
A.L	de	K+S
A.L	de	Kabinett Merkel II
A.L	de	Kaltreserve
A.L	de	Karstadt
A.L	de	Kernenergie
A.L	de	Kernkraftwerk Brokdorf
A.L	de	Kernkraftwerk Brunsbüttel
A.L	de	Kernkraftwerk Emsland
A.L	de	Kernkraftwerk Forsmark
A.L	de	Kernkraftwerk Grafenrheinfeld
A.L	de	Kernkraftwerk Grohnde
A.L	de	Kernkraftwerk Gundremmingen
A.L	de	Kernkraftwerk Isar
A.L	de	Kernkraftwerk Krümmel
A.L	de	Kernkraftwerk Oskarshamn
A.L	de	Kernkraftwerk Ringhals
A.L	de	Kernkraftwerk Stade
A.L	de	Kernkraftwerk Unterweser
A.L	de	Kernkraftwerk Würgassen
A.L	de	Kiel
A.L	de	Kohlenstoffdioxid
A.L	de	Kom9
A.L	de	Kommissar für Wettbewerb
A.L	de	Kraftwerk Buer
A.L	de	Kraftwerk Buschhaus
A.L	de	Kraftwerk Datteln
A.L	de	Kraftwerk Franken I
A.L	de	Kraftwerk Franken II
A.L	de	Kraftwerk Gustav Knepper
A.L	de	Kraftwerk Heyden
A.L	de	Kraftwerk Huntorf
A.L	de	Kraftwerk Ingolstadt
A.L	de	Kraftwerk Irsching
A.L	de	Kraftwerk Kirchlengern
A.L	de	Kraftwerk Kirchmöser
A.L	de	Kraftwerk Schkopau
A.L	de	Kraftwerk Scholven
A.L	de	Kraftwerk Staudinger
A.L	de	Kraftwerk Staudinger Großkrotzenburg
A.L	de	Kraftwerk Wilhelmshaven (E.ON)
A.L	de	Kunde
A.L	de	Königreich Norwegen
A.L	de	Lanxess
A.L	de	Laufzeitverlängerung
A.L	de	Linde AG
A.L	de	Liste deutscher Kraftwerke
A.L	de	London Array
A.L	de	London Borough of Enfield
A.L	de	Los Angeles
A.L	de	Lufthansa
A.L	de	L’Oréal
A.L	de	MAN
A.L	de	MEGAL
A.L	de	MLP AG
A.L	de	MSD Sharp & Dohme
A.L	de	MVM Hungarian Electricity
A.L	de	Madrid
A.L	de	Mailand
A.L	de	Malmö
A.L	de	Mannesmann
A.L	de	Marktkapitalisierung
A.L	de	Mehrum
A.L	de	Merck KGaA
A.L	de	Metro AG
A.L	de	Microsoft
A.L	de	Minderheitsaktionär
A.L	de	Ministererlaubnis
A.L	de	Mitarbeiter
A.L	de	Mitsubishi UFJ Financial Group
A.L	de	Mobilfunkgesellschaft
A.L	de	Moskau
A.L	de	Moët Hennessy Louis Vuitton
A.L	de	Munich Re
A.L	de	München
A.L	de	Neelie Kroes
A.L	de	Nestlé
A.L	de	Nettoschulden
A.L	de	New York City
A.L	de	Nixdorf Computer
A.L	de	Nokia
A.L	de	Nord Stream
A.L	de	Novartis
A.L	de	Nuklearkatastrophe von Fukushima
A.L	de	Offshore-Windpark
A.L	de	Oligopol
A.L	de	Open Grid Europe
A.L	de	Oracle
A.L	de	Orange Austria
A.L	de	Oslo
A.L	de	PPL (Unternehmen)
A.L	de	PepsiCo
A.L	de	Petrobras
A.L	de	Pfizer
A.L	de	Philip Morris International
A.L	de	Philips
A.L	de	Photovoltaik
A.L	de	Postbank
A.L	de	Preussag
A.L	de	PreussenElektra
A.L	de	Privatisierung
A.L	de	Procter & Gamble
A.L	de	Pumpspeicherkraftwerk
A.L	de	Pumpspeicherkraftwerk Erzhausen
A.L	de	Pumpspeicherkraftwerk Happurg
A.L	de	Pumpspeicherkraftwerk Reisach
A.L	de	Pumpspeicherkraftwerk Tanzmühle
A.L	de	Pumpspeicherkraftwerk Waldeck
A.L	de	RAG Aktiengesellschaft
A.L	de	RWE
A.L	de	Rechtsform
A.L	de	Regine Stachelhaus
A.L	de	Repsol YPF
A.L	de	Royal Dutch Shell
A.L	de	Ruhrgas
A.L	de	Ruhrgas Industries
A.L	de	Rückstellung
A.L	de	SAP
A.L	de	Salzgitter AG
A.L	de	Samsung Electronics
A.L	de	Sanierung (Wirtschaft)
A.L	de	Sanofi-Aventis
A.L	de	Schacht-Audorf
A.L	de	Schlumberger (Unternehmen)
A.L	de	Schneider Electric
A.L	de	Schweden
A.L	de	ScottishPower
A.L	de	Siemens
A.L	de	Sitz (juristische Person)
A.L	de	Slovenský plynárenský priemysel
A.L	de	Societe Generale
A.L	de	Solarfarm Le Lauzet
A.L	de	Sonderdividende
A.L	de	Spitzenlast
A.L	de	Stadtwerke Bielefeld
A.L	de	Stadtwerke Hannover
A.L	de	Stadtwerke München
A.L	de	Statkraft
A.L	de	Steinkohle
A.L	de	Streubesitz
A.L	de	Stromkennzeichnung
A.L	de	Stromnetz
A.L	de	TUI
A.L	de	Telecom Italia
A.L	de	Telefónica
A.L	de	Telefónica Germany
A.L	de	Tennet (Unternehmen)
A.L	de	The Coca-Cola Company
A.L	de	ThyssenKrupp
A.L	de	Thüga
A.L	de	Total (Unternehmen)
A.L	de	Toyota
A.L	de	Transfergesellschaft
A.L	de	Transpower Stromübertragungs GmbH
A.L	de	UniCredit Group
A.L	de	Unibail-rodamco
A.L	de	Unilever
A.L	de	Unternehmensführung
A.L	de	Uran-Anreicherung
A.L	de	Urenco
A.L	de	VEBA
A.L	de	VIAG
A.L	de	Vattenfall Europe
A.L	de	Verizon Communications
A.L	de	Viag Interkom
A.L	de	Vinci (Unternehmen)
A.L	de	Viterra
A.L	de	Vivendi
A.L	de	Vodafone
A.L	de	Volkswagen AG
A.L	de	Vorstandsvorsitzender
A.L	de	Walmart
A.L	de	Watt (Einheit)
A.L	de	Wattstunde
A.L	de	Website
A.L	de	Werner Wenning
A.L	de	Westdeutsche Zeitung
A.L	de	Wettbewerb (Wirtschaft)
A.L	de	Wettbewerbsabrede
A.L	de	Windenergie
A.L	de	Wirtschaftszweig
A.L	de	Wulf Bernotat
A.L	de	Wächterpreis der deutschen Tagespresse
A.L	de	Zeit.de
A.L	de	Äon (Philosophie)
A.L	de	Österreich
B.L	fi	Acciona
B.L	fi	Adidas
B.L	fi	Allianz
B.L	fi	BASF
B.L	fi	BMW
B.L	fi	Bayer
B.L	fi	Beiersdorf
B.L	fi	Commerzbank
B.L	fi	DAX-indeksi
B.L	fi	DEH
B.L	fi	Daimler
B.L	fi	Deutsche Bank
B.L	fi	Deutsche Börse
B.L	fi	Deutsche Post
B.L	fi	Deutsche Telekom
B.L	fi	Düsseldorf
B.L	fi	E.ON Ruhrgas
B.L	fi	EnBW
B.L	fi	Endesa
B.L	fi	Enel
B.L	fi	Espanja
B.L	fi	Espoon Sähkö
B.L	fi	Euro
B.L	fi	Fennovoima
B.L	fi	Fortum
B.L	fi	Frankfurtin pörssi
B.L	fi	Fresenius
B.L	fi	Fresenius Medical Care
B.L	fi	Gazprom
B.L	fi	Hannover Re
B.L	fi	Henkel
B.L	fi	Italia
B.L	fi	K+S
B.L	fi	Kilpailuvirasto
B.L	fi	Korkein hallinto-oikeus
B.L	fi	Liikevaihto
B.L	fi	Linde
B.L	fi	Lufthansa
B.L	fi	MAN (yritys)
B.L	fi	METRO AG
B.L	fi	Maakaasu
B.L	fi	Markkinaoikeus
B.L	fi	Merck KGaA
B.L	fi	Munich Re
B.L	fi	OGK-4
B.L	fi	Puola
B.L	fi	Pyhäjoen ydinvoimalaitos
B.L	fi	RWE
B.L	fi	Ranska
B.L	fi	SAP (yritys)
B.L	fi	Salzgitter (yritys)
B.L	fi	Siemens
B.L	fi	ThyssenKrupp
B.L	fi	Toimiala
B.L	fi	Toimitusjohtaja
B.L	fi	Turkki
B.L	fi	Vattenfall
B.L	fi	Volkswagen
B.L	fi	Yhtiömuoto
B.L	fr	2000
B.L	fr	Adidas
B.L	fr	Allemagne
B.L	fr	Allianz
B.L	fr	BASF
B.L	fr	Bayer (entreprise)
B.L	fr	Bayerische Motoren Werke
B.L	fr	Beiersdorf
B.L	fr	Bouches-du-Rhône
B.L	fr	Bulgarie
B.L	fr	Chef d'entreprise
B.L	fr	Chiffre d'affaires
B.L	fr	Classement mondial des entreprises leader par secteur
B.L	fr	Commerzbank
B.L	fr	Commission européenne
B.L	fr	Continental AG
B.L	fr	DAX
B.L	fr	Daimler (entreprise)
B.L	fr	Dettes financières
B.L	fr	Deutsche Bank
B.L	fr	Deutsche Börse
B.L	fr	Deutsche Post
B.L	fr	Deutsche Telekom
B.L	fr	Distrigaz Nord
B.L	fr	Düsseldorf
B.L	fr	ENEL
B.L	fr	Effectifs
B.L	fr	Endesa
B.L	fr	Entente illégale
B.L	fr	Francfort
B.L	fr	Fresenius
B.L	fr	Fresenius Medical Care
B.L	fr	GDF-Suez
B.L	fr	Gardanne
B.L	fr	Gas Natural
B.L	fr	Gaz naturel
B.L	fr	Gazoduc
B.L	fr	Gazprom Neft
B.L	fr	HeidelbergCement
B.L	fr	Henkel
B.L	fr	Hongrie
B.L	fr	Hornaing
B.L	fr	Infineon Technologies
B.L	fr	K+S
B.L	fr	Lanxess
B.L	fr	Le Figaro
B.L	fr	Linde AG
B.L	fr	Louisville Gas and Electric
B.L	fr	Lufthansa
B.L	fr	Marcus Schenk
B.L	fr	Merck KGaA
B.L	fr	Meyreuil
B.L	fr	Midwest
B.L	fr	Montceau-les-Mines
B.L	fr	Munich Re
B.L	fr	OPA
B.L	fr	Pologne
B.L	fr	Powergen
B.L	fr	Quotas d'émissions de gaz à effet de serre
B.L	fr	RWE
B.L	fr	Roumanie
B.L	fr	Royaume-Uni
B.L	fr	Russie
B.L	fr	Résultat d'exploitation
B.L	fr	Résultat net
B.L	fr	SAP (entreprise)
B.L	fr	Saint-Avold
B.L	fr	Saône-et-Loire
B.L	fr	Scandinavie
B.L	fr	Secteur d'activité
B.L	fr	Secteur énergétique
B.L	fr	Siemens (entreprise)
B.L	fr	Site web
B.L	fr	Siège social
B.L	fr	Société nationale d'électricité et de thermique
B.L	fr	Société par actions
B.L	fr	Suez (groupe)
B.L	fr	SydKraft
B.L	fr	ThyssenKrupp
B.L	fr	Tranche à cycle combiné gaz
B.L	fr	Télécommunications
B.L	fr	Ulrich Hartmann
B.L	fr	Union Fenosa
B.L	fr	Union européenne
B.L	fr	Veolia Environnement
B.L	fr	Volkswagen (entreprise)
B.L	fr	Wulf H. Bernotat
B.L	fr	Énergie en Allemagne
B.L	fr	États-Unis
B.L	fr	Discussion:E.ON/À faire
B.L	fr	Wikipédia:Notoriété des entreprises, sociétés et produits
B.L	fr	Modèle:Infobox Société
B.L	fr	Modèle:Palette DAX
B.L	fr	Modèle:Ébauche/paramètres entreprise allemande
B.L	fr	Discussion modèle:Palette DAX
B.L	fr	Aide:Comment modifier une page
B.L	fr	Aide:Ébauche
B.L	fr	Catégorie:Entreprise par date de fondation
B.L	fr	Catégorie:Forme juridique des entreprises
B.L	fr	Catégorie:Portail:Allemagne/Articles liés
B.L	fr	Catégorie:Portail:Entreprises/Articles liés
B.L	fr	Catégorie:Portail:Énergie/Articles liés
B.L	fr	Portail:Allemagne
B.L	fr	Portail:Entreprises
B.L	fr	Portail:Énergie
B.L	fa	آئروفلوت
B.L	fa	آدیداس
B.L	fa	آرسلور میتال
B.L	fa	آلمان
B.L	fa	آلیانتس
B.L	fa	آنهویزر-بوش انبیو
B.L	fa	آکرون
B.L	fa	آکسا
B.L	fa	ار وه ئه
B.L	fa	اروپا
B.L	fa	اس آ پ
B.L	fa	اسبربانک
B.L	fa	اسیلور
B.L	fa	اشنایدر الکتریک
B.L	fa	اف‌جی‌سی یوای‌اس
B.L	fa	ال و ام هاش
B.L	fa	الروسا
B.L	fa	الکتریسیته
B.L	fa	ال‌اس‌آر گروپ
B.L	fa	ام.ویدئو
B.L	fa	ام‌ام‌کی
B.L	fa	ام‌تی‌اس
B.L	fa	انل
B.L	fa	انی (شرکت)
B.L	fa	اوجی‌کی-۲
B.L	fa	اورال‌کالی
B.L	fa	ایالات متحده آمریکا
B.L	fa	ایبردرولا
B.L	fa	ایر لیکوئید
B.L	fa	اینتر رائو
B.L	fa	اینتسا سانپائولو
B.L	fa	ایندیتکس
B.L	fa	اینفینئون
B.L	fa	ای‌اس‌ام‌ال هولدینگ
B.L	fa	ب آ اس اف
B.L	fa	ب ام و
B.L	fa	ب ان پ پاریبا
B.L	fa	باش‌نفت
B.L	fa	بانکو بیلبائو
B.L	fa	بایر (شرکت)
B.L	fa	بایرسدورف
B.L	fa	بندر تجاری نووراسییسک
B.L	fa	بورس مسکو
B.L	fa	تات‌نفت
B.L	fa	ترانس‌نفت
B.L	fa	تلفونیکا
B.L	fa	توتال
B.L	fa	تولید برق
B.L	fa	تیسن‌کروپ
B.L	fa	جنرالی
B.L	fa	دانون
B.L	fa	دایملر آ گ
B.L	fa	دلار
B.L	fa	دوسلدورف
B.L	fa	دویچه بانک
B.L	fa	دویچه بورزه
B.L	fa	دویچه تلکوم
B.L	fa	دویچه پست
B.L	fa	دیکسی
B.L	fa	رئیس هیئت مدیره
B.L	fa	راسپادسکایا
B.L	fa	روسیه
B.L	fa	روس‌تلکام
B.L	fa	روس‌نفت
B.L	fa	روس‌گیدرو
B.L	fa	رپسول
B.L	fa	زبان آلمانی
B.L	fa	زیمنس
B.L	fa	سانتاندر گروپ
B.L	fa	سانوفی
B.L	fa	سرمایه گذار
B.L	fa	سن-گوبن
B.L	fa	سورگوت‌نفته‌گس
B.L	fa	سوسیته ژنرال
B.L	fa	سولرس
B.L	fa	سیستما
B.L	fa	سیورستال
B.L	fa	سی‌آراچ
B.L	fa	شبکه روسی
B.L	fa	فارم‌استاندارد
B.L	fa	فرانس تلکوم
B.L	fa	فرزنیوس
B.L	fa	فرزنیوس مدیکال کر
B.L	fa	فیلیپس
B.L	fa	لانکسس
B.L	fa	لورئال
B.L	fa	لوفت‌هانزا
B.L	fa	لوک اویل
B.L	fa	لینده
B.L	fa	ماستوترست
B.L	fa	ماگنیت
B.L	fa	مدیرعامل
B.L	fa	مرک
B.L	fa	موئسک
B.L	fa	موس‌انرگو
B.L	fa	میونیک ره
B.L	fa	میچل
B.L	fa	نوردراین-وستفالن
B.L	fa	نوریلسک نیکل
B.L	fa	نوواتک
B.L	fa	نوولیپتسک استیل
B.L	fa	نوکیا
B.L	fa	هایدلبرگ‌سمنت
B.L	fa	هنکل
B.L	fa	وینچی
B.L	fa	ویوندی
B.L	fa	وی‌اس‌ام‌پی‌او-آویسما
B.L	fa	وی‌تی‌بی بانک
B.L	fa	پتروشیمی
B.L	fa	پی‌آی‌کی گروپ
B.L	fa	ژ د اف سوئز
B.L	fa	کا+اس
B.L	fa	کارفور
B.L	fa	کومرتس‌بانک
B.L	fa	کونتیننتال آ گ
B.L	fa	گاز طبیعی
B.L	fa	گازپروم
B.L	fa	گروه فولکس‌واگن
B.L	fa	یورو استاکس ۵۰
B.L	fa	یونانی
B.L	fa	یونیبیل-رودآمکو
B.L	fa	یونیلیور
B.L	fa	یونی‌کردیت
B.L	fa	۲۰۰۰
B.L	fa	۲۰۱۰
B.L	fa	الگو:شاخص بورس مسکو
B.L	fa	الگو:شرکت‌های دکس
B.L	fa	الگو:شرکت‌های یورو استاکس ۵۰
B.L	fa	بحث الگو:شاخص بورس مسکو
B.L	fa	بحث الگو:شرکت‌های دکس
B.L	fa	بحث الگو:شرکت‌های یورو استاکس ۵۰
B.L	en	AG
B.L	en	ASML Holding
B.L	en	AXA
B.L	en	Acciona
B.L	en	Adidas
B.L	en	Aeon
B.L	en	Air Liquide
B.L	en	Allianz
B.L	en	Alpha Ventus Offshore Wind Farm
B.L	en	Anheuser-Busch InBev
B.L	en	ArcelorMittal
B.L	en	Asset
B.L	en	Assicurazioni Generali
B.L	en	BASF
B.L	en	BBL Pipeline
B.L	en	BBVA
B.L	en	BKW FMB Energie
B.L	en	BMW
B.L	en	BNP Paribas
B.L	en	Baltic-Cable
B.L	en	Baltic Cable
B.L	en	Banco Santander
B.L	en	Bayer
B.L	en	Bayer AG
B.L	en	Beiersdorf
B.L	en	Bexbach Power Station
B.L	en	Biathlon
B.L	en	Blood Hill wind farm
B.L	en	Borussia Dortmund
B.L	en	Broadstairs
B.L	en	Brokdorf Nuclear Power Plant
B.L	en	Brunsbüttel Nuclear Power Plant
B.L	en	CRH plc
B.L	en	Carrefour
B.L	en	Central Europe
B.L	en	Chairman
B.L	en	Chief executive officer
B.L	en	Commerzbank
B.L	en	Continental AG
B.L	en	DAX
B.L	en	Daimler AG
B.L	en	Debt
B.L	en	Deutsche Bank
B.L	en	Deutsche Börse
B.L	en	Deutsche Gesellschaft zum Bau und Betrieb von Endlagern für Abfallstoffe
B.L	en	Deutsche Post
B.L	en	Deutsche Telekom
B.L	en	Divestment
B.L	en	Dow Jones Global Titans 50
B.L	en	Drakelow Power Station
B.L	en	Düsseldorf
B.L	en	E.ON Arena
B.L	en	E.ON Energy Trading
B.L	en	E.ON Gaz Romania
B.L	en	E.ON IT
B.L	en	E.ON Kernkraft
B.L	en	E.ON Russia
B.L	en	E.ON Sverige
B.L	en	E.ON UK
B.L	en	EBITDA
B.L	en	EOL Săcele Wind Farm
B.L	en	Earnings before interest and taxes
B.L	en	Eesti Gaas
B.L	en	Elbe Crossing 1
B.L	en	Elbe Crossing 2
B.L	en	Electric utility
B.L	en	Electricity distribution
B.L	en	Electricity generation
B.L	en	Employment
B.L	en	Emsland Nuclear Power Plant
B.L	en	Endesa (Spain)
B.L	en	Enel
B.L	en	Energy production
B.L	en	Enfield Power Station
B.L	en	Eni
B.L	en	Equity (finance)
B.L	en	Eredivisie
B.L	en	Eredivisie 2007–08
B.L	en	Essilor
B.L	en	Euro
B.L	en	Euro Stoxx 50
B.L	en	Europe
B.L	en	European Commission
B.L	en	European Commissioner for Competition
B.L	en	European Transmission System Operators
B.L	en	FA Cup
B.L	en	FA Women's Cup
B.L	en	FA Youth Cup
B.L	en	Financial Times
B.L	en	Five (TV channel)
B.L	en	France Télécom
B.L	en	Frankfurt Stock Exchange
B.L	en	Fresenius (company)
B.L	en	Fresenius Medical Care
B.L	en	Fußball-Bundesliga
B.L	en	GDF Suez
B.L	en	GKK Etzenricht
B.L	en	Gasum
B.L	en	Gazprom
B.L	en	Germany
B.L	en	Gesellschaft für Nuklear-Service
B.L	en	Gesellschaft für Nuklear Service
B.L	en	Grafenrheinfeld Nuclear Power Plant
B.L	en	Grain Power Station
B.L	en	Great Eppleton Wind Farm
B.L	en	Greek language
B.L	en	Grohnde Nuclear Power Plant
B.L	en	Groupe Danone
B.L	en	Großkrotzenburg Power Station
B.L	en	Gundremmingen Nuclear Power Plant
B.L	en	HeidelbergCement
B.L	en	Henkel
B.L	en	Herrenwyk power station
B.L	en	Heyden Power Station
B.L	en	Holmside Hall Wind Farm
B.L	en	Horizon Nuclear Power
B.L	en	Humber Gateway Wind Farm
B.L	en	Hydrocarbon exploration
B.L	en	ITV Weather
B.L	en	Iberdrola
B.L	en	Ice hockey
B.L	en	Inditex
B.L	en	Infineon Technologies
B.L	en	International Biathlon Union
B.L	en	Interpunct
B.L	en	Intesa Sanpaolo
B.L	en	Ipswich Town F.C.
B.L	en	Ironbridge power stations
B.L	en	Irsching Power Station
B.L	en	Isar Nuclear Power Plant
B.L	en	K+S
B.L	en	Kingsnorth power station
B.L	en	Krümmel Nuclear Power Plant
B.L	en	L'Oréal
B.L	en	LG&E and KU Energy
B.L	en	LVMH
B.L	en	Lanxess
B.L	en	Latvijas Gāze
B.L	en	Lietuvos Dujos
B.L	en	List of European power companies by carbon intensity
B.L	en	London Array
B.L	en	Louisville, Kentucky
B.L	en	Lufthansa
B.L	en	MEGAL pipeline
B.L	en	MPX Energia
B.L	en	Market
B.L	en	Merck KGaA
B.L	en	Munich Re
B.L	en	NEL pipeline
B.L	en	Natural gas
B.L	en	Net income
B.L	en	Netherlands
B.L	en	Netra
B.L	en	Nokia
B.L	en	Nord Stream
B.L	en	Nord Stream AG
B.L	en	North Rhine-Westphalia
B.L	en	OGK-4
B.L	en	OPAL pipeline
B.L	en	OTC Markets Group
B.L	en	Oskarshamn Nuclear Power Plant
B.L	en	PPL (utility)
B.L	en	PSV Eindhoven
B.L	en	Pennsylvania
B.L	en	Philips
B.L	en	Powergen
B.L	en	PreussenElektra
B.L	en	Public utility
B.L	en	RWE
B.L	en	Rampion Wind Farm
B.L	en	Ratcliffe-on-Soar power station
B.L	en	Repsol S.A.
B.L	en	Robin Rigg Wind Farm
B.L	en	Rostock Power Station
B.L	en	Ruhrgas
B.L	en	Russia
B.L	en	SAP AG
B.L	en	SE
B.L	en	Saint-Gobain
B.L	en	Sales
B.L	en	Sanofi
B.L	en	Scandinavia
B.L	en	Schkopau Power Station
B.L	en	Schneider Electric
B.L	en	Scholven Power Station
B.L	en	Scroby Sands Wind Farm
B.L	en	Scroby Sands wind farm
B.L	en	Siemens
B.L	en	Ski jumping World Cup
B.L	en	Slovenský plynárenský priemysel
B.L	en	Societas Europaea
B.L	en	Société Générale
B.L	en	Société nationale d'électricité et de thermique
B.L	en	South German natural gas pipeline
B.L	en	Stade Nuclear Power Plant
B.L	en	Stock index
B.L	en	Subsidiary
B.L	en	Supervisory board
B.L	en	Sweden
B.L	en	Sydkraft
B.L	en	TWh
B.L	en	Telefónica
B.L	en	Thames estuary
B.L	en	The Football League
B.L	en	The Guardian
B.L	en	The Linde Group
B.L	en	The Wall Street Journal
B.L	en	ThyssenKrupp
B.L	en	Ticker symbol
B.L	en	Timrå IK
B.L	en	Total S.A.
B.L	en	Trans Europa Naturgas Pipeline
B.L	en	Triton Knoll
B.L	en	Types of business entity
B.L	en	UniCredit
B.L	en	Unibail-Rodamco
B.L	en	Unilever
B.L	en	United Kingdom
B.L	en	United States
B.L	en	Unterweser Nuclear Power Plant
B.L	en	Uranit
B.L	en	VEBA
B.L	en	VIAG
B.L	en	VIAG (company)
B.L	en	Vinci (construction)
B.L	en	Vivendi
B.L	en	Volkswagen Group
B.L	en	Westerholt Power Station
B.L	en	Wilhelmshaven Power Station (E.ON)
B.L	en	Yuzhno-Russkoye field
B.L	en	Wikipedia:Link rot
B.L	en	Wikipedia:Manual of Style/Dates and numbers
B.L	en	Template:DAX companies
B.L	en	Template:E.ON
B.L	en	Template:Euro Stoxx 50 Companies
B.L	en	Template:Portal/Images/Companies
B.L	en	Template talk:DAX companies
B.L	en	Template talk:E.ON
B.L	en	Template talk:Euro Stoxx 50 Companies
B.L	en	Category:Articles with dead external links from October 2010
B.L	en	Category:E.ON
B.L	en	Category:Vague or ambiguous time from November 2009
B.L	en	Portal:Companies
B.L	es	2000
B.L	es	Alemania
B.L	es	Bolsa de Fráncfort
B.L	es	Bolsa de valores
B.L	es	Bulgaria
B.L	es	DAX
B.L	es	Director ejecutivo
B.L	es	Distribución de energía eléctrica
B.L	es	Düsseldorf
B.L	es	E.ON España
B.L	es	Empresa
B.L	es	Empresa pública
B.L	es	Endesa
B.L	es	Energía
B.L	es	España
B.L	es	Europa
B.L	es	Fráncfort
B.L	es	Gas natural
B.L	es	Generación de energía eléctrica
B.L	es	Hungría
B.L	es	Industria
B.L	es	Millón
B.L	es	Polonia
B.L	es	Powergen
B.L	es	RWE
B.L	es	Reino Unido
B.L	es	Rumanía
B.L	es	Rusia
B.L	es	Sitio web
B.L	es	Suecia
B.L	es	Sydkraft
B.L	es	Unión Europea
B.L	es	Wikimedia Commons
B.L	es	€
B.L	da	2000
B.L	da	2002
B.L	da	2003
B.L	da	2008
B.L	da	Adidas
B.L	da	Allianz
B.L	da	BASF
B.L	da	BMW
B.L	da	Bayer
B.L	da	Beiersdorf AG
B.L	da	Commerzbank
B.L	da	Continental AG
B.L	da	DAX
B.L	da	Daimler AG
B.L	da	Datterselskab
B.L	da	Deutsche Bank
B.L	da	Deutsche Börse
B.L	da	Deutsche Post
B.L	da	Deutsche Telekom
B.L	da	Düsseldorf
B.L	da	Euro
B.L	da	Europa-Kommissionen
B.L	da	Frankfurter Wertpapierbörse
B.L	da	Fresenius Medical Care
B.L	da	Fresenius SE
B.L	da	Fusion
B.L	da	GDF Suez
B.L	da	Gas
B.L	da	Græsk (sprog)
B.L	da	HeidelbergCement
B.L	da	Henkel
B.L	da	Infineon Technologies
B.L	da	K+S
B.L	da	Konkurrenceklausul
B.L	da	Lanxess
B.L	da	Linde AG
B.L	da	Lufthansa
B.L	da	Merck KGaA
B.L	da	Munich Re
B.L	da	Omsætning
B.L	da	RWE
B.L	da	Roscoe Vindmøllepark
B.L	da	SAP AG
B.L	da	Siemens AG
B.L	da	Sjælland
B.L	da	Sverige
B.L	da	ThyssenKrupp
B.L	da	Tyskland
B.L	da	Volkswagen Aktiengesellschaft
B.L	da	Wikimedia Commons
B.L	nds	Alpha ventus
B.L	nds	Ardgas
B.L	nds	Ardöl
B.L	nds	Audorf
B.L	nds	Bexbeek
B.L	nds	Biomass
B.L	nds	Boschhus
B.L	nds	Brokdörp
B.L	nds	Brunsbüttel
B.L	nds	Bruunkolle
B.L	nds	Bulgarien
B.L	nds	Coventry
B.L	nds	DAX
B.L	nds	Datteln
B.L	nds	Druckluftspiekerkraftwerk
B.L	nds	Düsseldörp
B.L	nds	Düütschland
B.L	nds	EWE AG
B.L	nds	Eindhoven
B.L	nds	Emden
B.L	nds	Emsland
B.L	nds	Erlangen-Frauenaurach
B.L	nds	Erzhausen 1–4
B.L	nds	Essen
B.L	nds	Europa
B.L	nds	Franken I
B.L	nds	Frankriek
B.L	nds	Grafenrheinfeld
B.L	nds	Greeksche Spraak
B.L	nds	Grohnde
B.L	nds	Gundremmingen B und C
B.L	nds	Gustav Knepper
B.L	nds	Happurg 1–4
B.L	nds	Heyden
B.L	nds	Holding
B.L	nds	Huntorf
B.L	nds	Hybridkraftwerk
B.L	nds	Hybridkraftwerk Pellworm
B.L	nds	Ingolstadt 3 und 4
B.L	nds	Irsching 3 un 5
B.L	nds	Itzehoe
B.L	nds	Kernenergie
B.L	nds	Kiel
B.L	nds	Kirchmöser
B.L	nds	Kraftwerk Huntorf
B.L	nds	Krümmel
B.L	nds	Madrid
B.L	nds	Mailand
B.L	nds	Malmö
B.L	nds	Moskau
B.L	nds	München
B.L	nds	Nedderlannen
B.L	nds	Offshore-Windpark
B.L	nds	Onnerweser
B.L	nds	Pumpspiekerkraftwerk
B.L	nds	RWE
B.L	nds	Reisach-Tanzmühle
B.L	nds	Reisach 1–3
B.L	nds	Rumänien
B.L	nds	Schkopau A un B
B.L	nds	Scholven B-E un F
B.L	nds	Scholven G un H
B.L	nds	Slowakei
B.L	nds	Stadtwerke Bielefeld
B.L	nds	Stadtwerke München
B.L	nds	Staudinger 1, 3 un 5
B.L	nds	Steenkolle
B.L	nds	Stood
B.L	nds	Swiez
B.L	nds	Tschechien
B.L	nds	Ungarn
B.L	nds	Vattenfall Europe
B.L	nds	Veltheim 2 un 3
B.L	nds	Veltheim 4
B.L	nds	Waldeck 1
B.L	nds	Willemshaven
B.L	nds	Windenergie
B.L	nds	Österriek
B.L	cs	2000
B.L	cs	Akciová společnost
B.L	cs	Benelux
B.L	cs	Cena Přístav
B.L	cs	Düsseldorf
B.L	cs	E.ON Energie, a.s.
B.L	cs	Elektrická energie
B.L	cs	Energetika
B.L	cs	Evropa
B.L	cs	Holding
B.L	cs	Maďarsko
B.L	cs	Německo
B.L	cs	Polsko
B.L	cs	RWE
B.L	cs	Rakousko
B.L	cs	Slovensko
B.L	cs	Wikimedia Commons
B.L	cs	Zemní plyn
B.L	cs	ČEZ
B.L	cs	Česko
B.L	cs	Česká rada dětí a mládeže
B.L	cs	Švýcarsko
B.L	no	2000
B.L	no	2007
B.L	no	Düsseldorf
B.L	no	Euro
B.L	no	Naturgass
B.L	no	Njord-feltet
B.L	no	Norge
B.L	no	Skarv/Idun
B.L	no	VEBA
B.L	no	VIAG
B.L	pl	2000
B.L	pl	2003
B.L	pl	2006
B.L	pl	Acciona
B.L	pl	Adidas
B.L	pl	Allianz
B.L	pl	BASF
B.L	pl	BMW
B.L	pl	Bayer AG
B.L	pl	Beiersdorf AG
B.L	pl	Branża
B.L	pl	Commerzbank
B.L	pl	DAX
B.L	pl	Daimler AG
B.L	pl	Deutsche Bank
B.L	pl	Deutsche Börse
B.L	pl	Deutsche Post
B.L	pl	Deutsche Telekom
B.L	pl	Düsseldorf
B.L	pl	E.ON UK
B.L	pl	E. ON Sverige
B.L	pl	ENEL
B.L	pl	Elektryczność
B.L	pl	Endesa
B.L	pl	Energetyka
B.L	pl	Euro
B.L	pl	Europa
B.L	pl	Formy prawne przedsiębiorstw
B.L	pl	Fresenius
B.L	pl	Fresenius Medical Care
B.L	pl	Gaz
B.L	pl	Henkel
B.L	pl	Indeks
B.L	pl	Infineon
B.L	pl	K+S
B.L	pl	Linde AG
B.L	pl	Lufthansa
B.L	pl	MAN SE
B.L	pl	Merck KGaA
B.L	pl	Metro Group
B.L	pl	Munich Re
B.L	pl	Niemcy
B.L	pl	Powergen
B.L	pl	Produkt (marketing)
B.L	pl	Przychód (ekonomia)
B.L	pl	RWE (koncern)
B.L	pl	Ruhrgas
B.L	pl	SAP AG
B.L	pl	Salzgitter AG
B.L	pl	Siedziba (prawo)
B.L	pl	Siemens AG
B.L	pl	Spółka akcyjna
B.L	pl	Sydkraft
B.L	pl	Szwecja
B.L	pl	ThyssenKrupp
B.L	pl	VEBA
B.L	pl	VIAG
B.L	pl	Volkswagen AG
B.L	pl	Wielka Brytania
B.L	pl	Zatrudnienie
B.L	pl	Szablon:DAX
B.L	pl	Dyskusja szablonu:DAX
B.L	lt	Adidas
B.L	lt	Allianz
B.L	lt	BASF
B.L	lt	BMW
B.L	lt	Bayer
B.L	lt	Beiersdorf
B.L	lt	Commerzbank
B.L	lt	DAX
B.L	lt	Daimler AG
B.L	lt	Deutsche Bank
B.L	lt	Deutsche Börse
B.L	lt	Deutsche Post
B.L	lt	Deutsche Telekom
B.L	lt	Diuseldorfas
B.L	lt	E.ON Energie AG
B.L	lt	E.ON Ruhrgas
B.L	lt	E.ON U.S.
B.L	lt	E.ON UK
B.L	lt	Energetikos koncernas
B.L	lt	Esenas
B.L	lt	Europa
B.L	lt	FAZ
B.L	lt	Fresenius (company)
B.L	lt	Fresenius Medical Care
B.L	lt	HeidelbergCement
B.L	lt	Henkel
B.L	lt	Holdingas
B.L	lt	Infineon Technologies
B.L	lt	K+S
B.L	lt	Koventris
B.L	lt	Lufthansa
B.L	lt	Luizvilis
B.L	lt	MAN SE
B.L	lt	Malmė
B.L	lt	Merck KGaA
B.L	lt	Metro AG
B.L	lt	Miunchenas
B.L	lt	Munich Re
B.L	lt	RWE
B.L	lt	SAP AG
B.L	lt	Siemens
B.L	lt	Susijungimai
B.L	lt	The Linde Group
B.L	lt	ThyssenKrupp
B.L	lt	VEBA
B.L	lt	VIAG
B.L	lt	Vokietija
B.L	lt	Volkswagen Group
B.L	lt	Įmonių grupė
B.L	lt	Šablonas:DAX companies
B.L	lt	Šablono aptarimas:DAX companies
B.L	nl	2000
B.L	nl	Aardgas
B.L	nl	Adidas
B.L	nl	Allianz
B.L	nl	BASF (chemieconcern)
B.L	nl	BMW
B.L	nl	Bayer
B.L	nl	Beiersdorf AG
B.L	nl	België
B.L	nl	Biomassa
B.L	nl	CEO
B.L	nl	Commerzbank
B.L	nl	Continental AG
B.L	nl	DAX-index
B.L	nl	Daimler (Duitsland)
B.L	nl	Deutsche Bank
B.L	nl	Deutsche Börse
B.L	nl	Deutsche Post
B.L	nl	Deutsche Telekom
B.L	nl	Duitsland
B.L	nl	Düsseldorf
B.L	nl	E.ON-centrale Leiden
B.L	nl	Economische sector
B.L	nl	Electrabel
B.L	nl	Elektriciteit
B.L	nl	Fresenius
B.L	nl	Fresenius Medical Care
B.L	nl	Generator (energietechniek)
B.L	nl	HeidelbergCement
B.L	nl	Henkel KGaA
B.L	nl	Infineon
B.L	nl	K+S
B.L	nl	Lanxess
B.L	nl	Lijst van elektriciteitscentrales in België
B.L	nl	Lijst van elektriciteitscentrales in Nederland
B.L	nl	Linde AG
B.L	nl	Lufthansa
B.L	nl	Maasvlakte
B.L	nl	Merck KGaA
B.L	nl	Münchener Rück
B.L	nl	NRE
B.L	nl	Nederland (hoofdbetekenis)
B.L	nl	Omzet
B.L	nl	RWE (energie)
B.L	nl	SAP AG
B.L	nl	Siemens AG
B.L	nl	Steenkool
B.L	nl	ThyssenKrupp
B.L	nl	Turbine
B.L	nl	VEBA
B.L	nl	VIAG
B.L	nl	Volkswagen AG
B.L	nl	Wikimedia Commons
B.L	nl	Portaal:Economie
B.L	hu	1995
B.L	hu	1998
B.L	hu	1999
B.L	hu	2000
B.L	hu	2001
B.L	hu	2002
B.L	hu	2004
B.L	hu	2005
B.L	hu	2006
B.L	hu	2007
B.L	hu	2008
B.L	hu	2009
B.L	hu	2012
B.L	hu	Acciona
B.L	hu	Alfred Tacke
B.L	hu	Amerikai Egyesült Államok
B.L	hu	Anglia
B.L	hu	Arizona
B.L	hu	Ausztria
B.L	hu	BASF
B.L	hu	Bayernwerk
B.L	hu	Bayernwerk AG
B.L	hu	Brazília
B.L	hu	Bulgária
B.L	hu	Csehország
B.L	hu	Cseppfolyós földgáz
B.L	hu	Distrigaz Nord
B.L	hu	Distrigaz Sud
B.L	hu	Dél-dunántúli Gázszolgáltató Rt.
B.L	hu	Dél-dunántúli Áramszolgáltató
B.L	hu	Düsseldorf
B.L	hu	E.ON Distribuce, a.s.
B.L	hu	E.ON Energie, a.s.
B.L	hu	E.ON Energie AG
B.L	hu	E.ON Földgáz Storage
B.L	hu	E.ON Földgáz Trade
B.L	hu	E.ON Földgáz Trade Zrt.
B.L	hu	E.ON Gaz Romania
B.L	hu	E.ON Hungária Zrt.
B.L	hu	E.ON Moldova
B.L	hu	E.ON Ruhrgas
B.L	hu	E.ON Ruhrgas AG
B.L	hu	E.ON Trend s.r.o.
B.L	hu	E.ON Česká republika s.r.o.
B.L	hu	Elektromos áram
B.L	hu	Endesa
B.L	hu	Enel
B.L	hu	Essen
B.L	hu	Euro
B.L	hu	Euró
B.L	hu	Európai Bizottság
B.L	hu	Európai részvénytársaság
B.L	hu	Franciaország
B.L	hu	Földgáz
B.L	hu	Fővárosi Gázművek Rt.
B.L	hu	Gas Natural
B.L	hu	Gasunie
B.L	hu	Gaz de France
B.L	hu	Gazprom
B.L	hu	Gelsenwasser AG
B.L	hu	Hannover
B.L	hu	Holding
B.L	hu	Hollandia
B.L	hu	Horvátország
B.L	hu	I. Frigyes Vilmos porosz király
B.L	hu	Jászvásár
B.L	hu	Kalinyingrád
B.L	hu	Kartell
B.L	hu	Katalónia
B.L	hu	Konszern
B.L	hu	Konzorcium
B.L	hu	Krk (sziget)
B.L	hu	Közép-dunántúli Gázszolgáltató Rt
B.L	hu	Közép-dunántúli Gázszolgáltató Rt.
B.L	hu	Kőolaj
B.L	hu	MOL Földgázellátó Zrt.
B.L	hu	MOL Földgáztároló Zrt.
B.L	hu	Magyarország
B.L	hu	Marosvásárhely
B.L	hu	Megújuló energiaforrás
B.L	hu	Nafta (vállalat)
B.L	hu	Naperőmű
B.L	hu	Német nyelv
B.L	hu	Németország
B.L	hu	Olaszország
B.L	hu	One (vállalat)
B.L	hu	Oroszország
B.L	hu	Panrusgaz
B.L	hu	Portable Document Format
B.L	hu	PreussenElektra
B.L	hu	RWE
B.L	hu	Rohöl-Aufsuchungs AG
B.L	hu	Román nyelv
B.L	hu	Románia
B.L	hu	Ruhrgas AG
B.L	hu	SPP (vállalat)
B.L	hu	Salzburg
B.L	hu	Scottish Power
B.L	hu	Spanyolok
B.L	hu	Spanyolország
B.L	hu	Svédország
B.L	hu	Szentpétervár
B.L	hu	Szeptember 27.
B.L	hu	Sziget
B.L	hu	Szlovák nyelv
B.L	hu	Szlovákia
B.L	hu	Szélfarm
B.L	hu	Texas
B.L	hu	Tiszántúli Áramszolgáltató
B.L	hu	Törökország
B.L	hu	VIAG Interkom
B.L	hu	Viterra
B.L	hu	Vállalat
B.L	hu	Várna (Bulgária)
B.L	hu	Wulf Bernotat
B.L	hu	Západoslovenská energetika a.s.
B.L	hu	Észak-dunántúli Áramszolgáltató
B.L	hu	Észak-dunántúli Áramszolgáltató Rt.-
B.L	hu	Északi Áramlat
B.L	hu	České Budějovice
B.L	hu	Portál:Németország
B.L	hu	Portál:Németország/ikon
B.L	id	2000
B.L	id	2005
B.L	id	Adidas
B.L	id	Aktiengesellschaft
B.L	id	Allianz
B.L	id	BASF
B.L	id	BMW
B.L	id	Bayer AG
B.L	id	Beiersdorf
B.L	id	Bursa Saham London
B.L	id	Bursa Saham New York
B.L	id	Commerzbank
B.L	id	Continental AG
B.L	id	DAX
B.L	id	Daimler AG
B.L	id	Dana kelolaan
B.L	id	Deutsche Bank
B.L	id	Deutsche Börse
B.L	id	Deutsche Post
B.L	id	Deutsche Telekom
B.L	id	Distribusi listrik
B.L	id	Dusseldorf
B.L	id	Düsseldorf
B.L	id	Eksplorasi minyak
B.L	id	Ekuitas (keuangan)
B.L	id	English language
B.L	id	Euro
B.L	id	Fresenius (perusahaan)
B.L	id	Fresenius Medical Care
B.L	id	Gas alam
B.L	id	German language
B.L	id	HeidelbergCement
B.L	id	Henkel
B.L	id	Infineon Technologies
B.L	id	International Securities Identifying Number
B.L	id	Jenis entitas bisnis
B.L	id	Jerman
B.L	id	K+S
B.L	id	Korporasi
B.L	id	Laba bersih
B.L	id	Laba kotor
B.L	id	Lanxess
B.L	id	Lufthansa
B.L	id	Merck KGaA
B.L	id	Moldavia
B.L	id	Munich Re
B.L	id	Pengembangan energi
B.L	id	Perusahaan (hukum)
B.L	id	Perusahaan energi
B.L	id	Perusahaan publik
B.L	id	Produksi listrik
B.L	id	RWE
B.L	id	Renewable energy
B.L	id	SAP AG
B.L	id	Siemens
B.L	id	The Linde Group
B.L	id	ThyssenKrupp
B.L	id	Utility
B.L	id	Volkswagen Group
B.L	id	Wikipedia:Rintisan
B.L	id	Templat:Perusahaan DAX
B.L	id	Pembicaraan Templat:Perusahaan DAX
B.L	it	2000
B.L	it	2011
B.L	it	Adidas
B.L	it	Allianz
B.L	it	BASF
B.L	it	BMW
B.L	it	Bayer
B.L	it	Beiersdorf (azienda)
B.L	it	Blue chip
B.L	it	Borsa di Francoforte
B.L	it	Borsa valori
B.L	it	Chairman and Chief Executive Officer
B.L	it	Commerzbank
B.L	it	DAX 30
B.L	it	Daimler (azienda)
B.L	it	Deutsche Bank
B.L	it	Deutsche Börse
B.L	it	Deutsche Post
B.L	it	Deutsche Telekom
B.L	it	Dr. Johannes Teyssen
B.L	it	Düsseldorf
B.L	it	EUR
B.L	it	Elettricità
B.L	it	Energia
B.L	it	Fatturato
B.L	it	Fresenius
B.L	it	Fresenius Medical Care
B.L	it	Gas
B.L	it	Germania
B.L	it	Gruppo Volkswagen
B.L	it	Heidelberg Cement
B.L	it	Henkel
B.L	it	Indice azionario
B.L	it	Infineon Technologies
B.L	it	K+S
B.L	it	Linde AG
B.L	it	Lufthansa
B.L	it	MAN SE
B.L	it	Merck KGaA
B.L	it	Metro (azienda)
B.L	it	Miliardo
B.L	it	Munich Re
B.L	it	RWE (azienda)
B.L	it	SAP (azienda)
B.L	it	Siemens (azienda)
B.L	it	Sito web
B.L	it	Stato
B.L	it	ThyssenKrupp
B.L	it	VEBA
B.L	it	VIAG
B.L	it	Template:Aziende DAX 30
B.L	it	Discussioni template:Aziende DAX 30
B.L	ja	1923年
B.L	ja	1929年
B.L	ja	1965年
B.L	ja	1986年
B.L	ja	1987年
B.L	ja	1998年
B.L	ja	2000年
B.L	ja	2002年
B.L	ja	2003年
B.L	ja	2006年
B.L	ja	BASF
B.L	ja	BMW
B.L	ja	K+S
B.L	ja	RWE
B.L	ja	SAP (企業)
B.L	ja	アディダス
B.L	ja	アメリカ合衆国
B.L	ja	アリアンツ
B.L	ja	イギリス
B.L	ja	イタリア
B.L	ja	インフィニオン・テクノロジーズ
B.L	ja	エッセン
B.L	ja	エネル
B.L	ja	エンデサ
B.L	ja	カールスルーエ
B.L	ja	ガスプロム
B.L	ja	ガス燃料
B.L	ja	ケンタッキー州
B.L	ja	コメルツ銀行
B.L	ja	コンチネンタル (自動車部品製造業)
B.L	ja	コヴェントリー
B.L	ja	シーメンス
B.L	ja	スウェーデン
B.L	ja	スカンジナビア
B.L	ja	スペイン
B.L	ja	ダイムラー (自動車メーカー)
B.L	ja	ティッカーシンボル
B.L	ja	ティッセンクルップ
B.L	ja	デュッセルドルフ
B.L	ja	ドイツ
B.L	ja	ドイツテレコム
B.L	ja	ドイツポスト
B.L	ja	ドイツ・ポストバンク
B.L	ja	ドイツ国
B.L	ja	ドイツ株価指数
B.L	ja	ドイツ証券取引所
B.L	ja	ドイツ銀行
B.L	ja	ドルトムント
B.L	ja	ニューヨーク証券取引所
B.L	ja	ハイポ・リアル・エステート
B.L	ja	ハンブルク
B.L	ja	バイエル (企業)
B.L	ja	バッテンフォール
B.L	ja	フォルクスワーゲングループ
B.L	ja	フランクフルト証券取引所
B.L	ja	フランス
B.L	ja	フランス電力
B.L	ja	フレゼニウス
B.L	ja	プロイセン州
B.L	ja	ヘンケル
B.L	ja	ベネルクス
B.L	ja	マルメ
B.L	ja	マン (企業)
B.L	ja	ミュンヘン
B.L	ja	ミュンヘン再保険
B.L	ja	メトロ (小売業)
B.L	ja	メルク (ドイツ)
B.L	ja	モルダヴィア
B.L	ja	ヨーロッパ大陸
B.L	ja	リンデ
B.L	ja	ルイビル
B.L	ja	ルフトハンザドイツ航空
B.L	ja	ロシア
B.L	ja	ロンドン証券取引所
B.L	ja	中央ヨーロッパ
B.L	ja	企業
B.L	ja	原子力発電所
B.L	ja	天然ガス
B.L	ja	東ヨーロッパ
B.L	ja	欧州会社法
B.L	ja	水力発電所
B.L	ja	火力発電所
B.L	ja	西ドイツ
B.L	ja	電力会社
B.L	ja	電力自由化
B.L	ja	Wikipedia:スタブ
B.L	ja	Template:DAX
B.L	ja	Template‐ノート:DAX
B.L	ja	Category:ドイツ関連のスタブ項目
B.L	ja	Category:企業関連のスタブ
B.L	ja	Portal:ドイツ
B.L	ja	プロジェクト:ドイツ
B.L	ja	プロジェクト:経済
B.L	tr	Almanca
B.L	tr	Almanya
B.L	tr	Avro
B.L	tr	Borsa
B.L	tr	Borç
B.L	tr	DAX
B.L	tr	Doğal gaz
B.L	tr	Düsseldorf
B.L	tr	Elektrik üretimi
B.L	tr	Enerji
B.L	tr	Gelir
B.L	tr	Kâr (ekonomi)
B.L	tr	Yenilenebilir enerji
B.L	tr	Yunanca
B.L	tr	Ürün
B.L	tr	İcra kurulu başkanı
B.L	tr	İngilizce
B.L	tr	Şirket
B.L	tr	Vikipedi:Madde
B.L	tr	Vikipedi:Taslak madde
B.L	sv	1920-talet
B.L	sv	1960-talet
B.L	sv	1980-talet
B.L	sv	2000
B.L	sv	Adidas
B.L	sv	Aktiebolag
B.L	sv	Allianz
B.L	sv	BASF
B.L	sv	BMW
B.L	sv	Bayer AG
B.L	sv	Beiersdorf AG
B.L	sv	Bioenergi
B.L	sv	Bolag
B.L	sv	British Telecom
B.L	sv	Commerzbank
B.L	sv	Daimler AG
B.L	sv	Deutsche Bank
B.L	sv	Deutsche Börse
B.L	sv	Deutsche Post
B.L	sv	Deutsche Telekom
B.L	sv	Deutscher Aktienindex
B.L	sv	Dotterbolag
B.L	sv	Düsseldorf
B.L	sv	E.ON
B.L	sv	Eget kapital
B.L	sv	Energi
B.L	sv	Energigaser
B.L	sv	Eon Sverige AB
B.L	sv	Euro
B.L	sv	Fjärrkyla
B.L	sv	Fjärrvärme
B.L	sv	Fordonsgas
B.L	sv	Frankfurter Wertpapierbörse
B.L	sv	Fresenius
B.L	sv	Fresenius Medical Care
B.L	sv	Fusion (ekonomi)
B.L	sv	Hannover Re
B.L	sv	Henkel
B.L	sv	Infineon
B.L	sv	K+S
B.L	sv	Kärnkraft
B.L	sv	Liber
B.L	sv	Linde AG
B.L	sv	Lufthansa
B.L	sv	MAN AG
B.L	sv	Merck KGaA
B.L	sv	Metro AG
B.L	sv	Munich Re
B.L	sv	O2 plc
B.L	sv	Olja
B.L	sv	Omsättning
B.L	sv	Publikt aktiebolag
B.L	sv	RWE
B.L	sv	Rörelseresultat
B.L	sv	SAP AG
B.L	sv	Siemens AG
B.L	sv	Solenergi
B.L	sv	Styrelseordförande
B.L	sv	ThyssenKrupp
B.L	sv	Tillgång
B.L	sv	Tyskland
B.L	sv	VEBA
B.L	sv	VIAG
B.L	sv	Vattenkraft
B.L	sv	Verkställande direktör
B.L	sv	Vindkraft
B.L	sv	Vinst
B.L	sv	Volkswagen AG
B.L	sv	Mall:DAX
B.L	sv	Malldiskussion:DAX
B.L	ru	2000
B.L	ru	2000 год
B.L	ru	2008 год
B.L	ru	AT&T
B.L	ru	AXA
B.L	ru	Abbott Laboratories
B.L	ru	Adidas
B.L	ru	Aegon
B.L	ru	Air Liquide
B.L	ru	Alcatel-Lucent
B.L	ru	Allianz
B.L	ru	Apple
B.L	ru	ArcelorMittal
B.L	ru	Assicurazioni Generali
B.L	ru	BASF
B.L	ru	BBVA
B.L	ru	BHP Billiton
B.L	ru	BMW
B.L	ru	BNP Paribas
B.L	ru	BP
B.L	ru	Bank of America
B.L	ru	Bayer
B.L	ru	Beiersdorf
B.L	ru	Bertrandt
B.L	ru	Carrefour
B.L	ru	Chevron
B.L	ru	Cisco Systems
B.L	ru	Commerzbank
B.L	ru	ConocoPhillips
B.L	ru	Crédit Agricole
B.L	ru	DAX
B.L	ru	Daimler
B.L	ru	Danone
B.L	ru	Deutsche Bank
B.L	ru	Deutsche Börse
B.L	ru	Deutsche Post AG
B.L	ru	Deutsche Telekom
B.L	ru	Dow Jones Euro Stoxx 50
B.L	ru	Dow Jones Global Titans 50
B.L	ru	E.ON Ruhrgas
B.L	ru	ENEL
B.L	ru	Eni
B.L	ru	Exxon Mobil
B.L	ru	Fennovoima
B.L	ru	Fortis
B.L	ru	France Télécom
B.L	ru	Fresenius
B.L	ru	Fresenius SE
B.L	ru	GDF Suez
B.L	ru	General Electric
B.L	ru	GlaxoSmithKline
B.L	ru	Google (компания)
B.L	ru	Grupo Santander
B.L	ru	HSBC
B.L	ru	Hannover Re
B.L	ru	Henkel
B.L	ru	Hewlett-Packard
B.L	ru	Hoffmann-La Roche
B.L	ru	IBM
B.L	ru	ING Groep N.V.
B.L	ru	Iberdrola
B.L	ru	Intel
B.L	ru	Intesa Sanpaolo
B.L	ru	JPMorgan Chase
B.L	ru	Johnson & Johnson
B.L	ru	K+S
B.L	ru	L'Oréal
B.L	ru	LVMH
B.L	ru	Lufthansa
B.L	ru	MAN
B.L	ru	Merck & Co.
B.L	ru	Merck KGaA
B.L	ru	Metro AG
B.L	ru	Microsoft
B.L	ru	Mitsubishi UFJ Financial Group
B.L	ru	Munich Re
B.L	ru	Nestlé
B.L	ru	Nokia
B.L	ru	Novartis
B.L	ru	Oracle Corporation
B.L	ru	PepsiCo
B.L	ru	Petrobras
B.L	ru	Pfizer
B.L	ru	Philip Morris International
B.L	ru	Philips
B.L	ru	Procter & Gamble
B.L	ru	RWE
B.L	ru	Renault
B.L	ru	Repsol YPF
B.L	ru	Royal Dutch Shell
B.L	ru	SAP
B.L	ru	Saint-Gobain
B.L	ru	Salzgitter AG
B.L	ru	Samsung Electronics
B.L	ru	Sanofi-Aventis
B.L	ru	Schlumberger
B.L	ru	Schneider Electric
B.L	ru	Siemens
B.L	ru	Société Générale
B.L	ru	Telecom Italia
B.L	ru	Telefónica
B.L	ru	The Coca-Cola Company
B.L	ru	The Linde Group
B.L	ru	ThyssenKrupp
B.L	ru	Total
B.L	ru	Toyota
B.L	ru	UniCredit
B.L	ru	Unilever
B.L	ru	VEBA
B.L	ru	VIAG
B.L	ru	Verizon Communications
B.L	ru	Vinci
B.L	ru	Vivendi
B.L	ru	Vodafone
B.L	ru	Volkswagen Group
B.L	ru	Wal-Mart
B.L	ru	Yle
B.L	ru	АЭС Пюхяйоки
B.L	ru	Великобритания
B.L	ru	Викисклад
B.L	ru	Внешэкономбанк
B.L	ru	Выручка
B.L	ru	Газпром
B.L	ru	Географические координаты
B.L	ru	Германия
B.L	ru	Дюссельдорф
B.L	ru	Итальянская фондовая биржа
B.L	ru	Кент
B.L	ru	Кингснорт
B.L	ru	Листинг (экономика)
B.L	ru	Лондонская фондовая биржа
B.L	ru	Нью-Йоркская фондовая биржа
B.L	ru	ОГК-4
B.L	ru	Природный газ
B.L	ru	Продукт (бизнес)
B.L	ru	Публичная компания
B.L	ru	Сайт
B.L	ru	Северо-европейский газопровод
B.L	ru	Уголь
B.L	ru	Франкфуртская фондовая биржа
B.L	ru	Чистая прибыль
B.L	ru	Швеция
B.L	ru	Электричество
B.L	ru	Энергетика
B.L	ru	Юридическое лицо
B.L	ro	2003
B.L	ro	2005
B.L	ro	2009
B.L	ro	2011
B.L	ro	Distrigaz Nord
B.L	ro	Electrica Moldova
B.L	ro	Euro
B.L	ro	Europa
B.L	ro	RON
B.L	ro	Statele Unite
B.L	pt	11 de janeiro
B.L	pt	2000
B.L	pt	2006
B.L	pt	2008
B.L	pt	2011
B.L	pt	29 de novembro
B.L	pt	Acciona
B.L	pt	Adidas
B.L	pt	Aktiengesellschaft
B.L	pt	Alemanha
B.L	pt	Alienação
B.L	pt	Allianz
B.L	pt	Ambientalistas
B.L	pt	Aquecimento global
B.L	pt	Ashford (Kent)
B.L	pt	Asinara
B.L	pt	Ativos
B.L	pt	BASF
B.L	pt	BMW
B.L	pt	Bayer
B.L	pt	Beiersdorf
B.L	pt	CEO
B.L	pt	CO2
B.L	pt	Campaign to Protect Rural England
B.L	pt	Captura e sequestro de carbono
B.L	pt	Carvão
B.L	pt	Christian Aid
B.L	pt	Combustíveis fósseis
B.L	pt	Comissão Europeia
B.L	pt	Comissão Européia
B.L	pt	Commerzbank
B.L	pt	Concorrência (economia)
B.L	pt	Continental AG
B.L	pt	Coordenadas geográficas
B.L	pt	DAX-30
B.L	pt	Daimler AG
B.L	pt	Deutsche Bank
B.L	pt	Deutsche Börse
B.L	pt	Deutsche Post
B.L	pt	Deutsche Telekom
B.L	pt	Dióxido de carbono
B.L	pt	Düsseldorf
B.L	pt	Ecossistema
B.L	pt	Emissões de CO2
B.L	pt	Empresa
B.L	pt	Endesa
B.L	pt	Enel
B.L	pt	Energia elétrica
B.L	pt	Europa
B.L	pt	Fonte de energia
B.L	pt	Fresenius
B.L	pt	Fresenius Medical Care
B.L	pt	Governo espanhol
B.L	pt	Greenpeace
B.L	pt	Grupo Volkswagen
B.L	pt	Grã-Bretanha
B.L	pt	Gás natural
B.L	pt	HeidelbergCement
B.L	pt	Henkel
B.L	pt	Infineon Technologies
B.L	pt	Inglaterra
B.L	pt	Itália
B.L	pt	K+S
B.L	pt	La repubblica
B.L	pt	Linde AG
B.L	pt	Lufthansa
B.L	pt	Língua inglesa
B.L	pt	MAN SE
B.L	pt	METRO AG
B.L	pt	Maré negra
B.L	pt	Merck KGaA
B.L	pt	Mudança climática
B.L	pt	Munich Re
B.L	pt	NASA
B.L	pt	Navio cargueiro
B.L	pt	Poluição do ar
B.L	pt	Porto Torres
B.L	pt	RWE
B.L	pt	Reino Unido
B.L	pt	Royal Society
B.L	pt	Royal Society for the Protection of Birds
B.L	pt	Rwanda
B.L	pt	SAP AG
B.L	pt	Sardenha
B.L	pt	Sassari (província)
B.L	pt	Siemens AG
B.L	pt	The Economist
B.L	pt	ThyssenKrupp
B.L	pt	Tonelada
B.L	pt	Usina termoelétrica
B.L	pt	World Development Movement
B.L	pt	World Wide Fund for Nature
B.L	pt	Wulf Bernotat
B.L	pt	€
B.L	pt	Wikipédia:Esboço
B.L	pt	Predefinição:DAX
B.L	zh	2000年
B.L	zh	2007年
B.L	zh	6月16日
B.L	zh	BMW
B.L	zh	Christoph Dänzer-Vanotti
B.L	zh	DAX指数
B.L	zh	Johannes Teyssen
B.L	zh	K+S
B.L	zh	Lanxess
B.L	zh	Marcus Schenck
B.L	zh	O2
B.L	zh	RWE
B.L	zh	SAP公司
B.L	zh	Wulf H. Bernotat
B.L	zh	大众集团
B.L	zh	大陆集团
B.L	zh	天然气
B.L	zh	安联
B.L	zh	巴斯夫
B.L	zh	康采恩
B.L	zh	德国
B.L	zh	德国商业银行
B.L	zh	德国电信
B.L	zh	德国邮政
B.L	zh	德國證券交易所
B.L	zh	德意志银行
B.L	zh	愛迪達
B.L	zh	慕尼黑再保险
B.L	zh	戴姆勒
B.L	zh	拜尔斯道夫
B.L	zh	拜耳
B.L	zh	杜塞尔多夫
B.L	zh	林德
B.L	zh	欧元
B.L	zh	汉莎航空
B.L	zh	汉高公司
B.L	zh	海德堡水泥
B.L	zh	營業額
B.L	zh	產業
B.L	zh	电力
B.L	zh	股份公司
B.L	zh	能源
B.L	zh	英国电信
B.L	zh	英飞凌
B.L	zh	蒂森克虏伯
B.L	zh	西门子公司
B.L	zh	费森尤斯
B.L	zh	费森尤斯医疗
B.L	zh	默克集團
B.L	zh	Template:DAX指数成份公司
B.L	zh	Template talk:DAX指数成份公司
B.L	zh	Category:公司
CN	de	E.ON
IWL	fi	E.ON
IWL	fr	E.ON
IWL	fa	ا.آن
IWL	en	E.ON
IWL	es	E.ON
IWL	da	E.ON
IWL	nds	E.ON
IWL	cs	E.ON
IWL	no	E.ON
IWL	pl	E.ON
IWL	lt	E.ON
IWL	nl	E.ON
IWL	hu	E.ON
IWL	id	E.ON
IWL	it	E.ON
IWL	ja	E.ON
IWL	tr	E.ON
IWL	sv	Eon AG
IWL	ru	E.ON
IWL	ro	E.ON AG
IWL	pt	E.ON
IWL	zh	E.ON
