A.L	de	1. FC Nürnberg
A.L	de	AC Mailand
A.L	de	AS Saint-Étienne
A.L	de	Adidas Stan Smith
A.L	de	Adidas Superstar
A.L	de	Adidas World of Football
A.L	de	Adolf Dassler
A.L	de	Ajax Amsterdam
A.L	de	Aktiengesellschaft
A.L	de	Aktiengesellschaft (Deutschland)
A.L	de	Alexander Wladimirowitsch Popow (Schwimmer)
A.L	de	Allianz SE
A.L	de	Altana
A.L	de	Amer Sports
A.L	de	Argentinische Fußballnationalmannschaft
A.L	de	Aufsichtsratsvorsitzender
A.L	de	Ausbildungsquote
A.L	de	BASF
A.L	de	BMW
A.L	de	Babcock Borsig
A.L	de	Bank of New York Mellon
A.L	de	Bayer 04 Leverkusen
A.L	de	Bayer AG
A.L	de	Bayerische Hypotheken- und Wechsel-Bank
A.L	de	Bayerische Vereinsbank
A.L	de	Beiersdorf AG
A.L	de	Benfica Lissabon
A.L	de	Bern
A.L	de	Bernard Tapie
A.L	de	Bernd Venohr
A.L	de	Betriebsergebnis
A.L	de	Beşiktaş Istanbul
A.L	de	Bilanzsumme
A.L	de	BlackRock
A.L	de	Capital Group Companies
A.L	de	Chief Executive Officer
A.L	de	Chinesische Fußballnationalmannschaft
A.L	de	Clean-Clothes-Kampagne
A.L	de	Commerzbank
A.L	de	Continental AG
A.L	de	Crédit Lyonnais
A.L	de	DAX
A.L	de	DGB-Jugend
A.L	de	Daimler AG
A.L	de	David Beckham
A.L	de	Designelement
A.L	de	Deutsche Bank
A.L	de	Deutsche Börse
A.L	de	Deutsche Fußballnationalmannschaft
A.L	de	Deutsche Mark
A.L	de	Deutsche Post AG
A.L	de	Deutsche Telekom
A.L	de	Deutschland
A.L	de	Die tageszeitung
A.L	de	Dividende
A.L	de	Dresdner Bank
A.L	de	Dynamo Kiew
A.L	de	Dänische Fußballnationalmannschaft
A.L	de	E.ON
A.L	de	EBITDA
A.L	de	Eigenkapital
A.L	de	Epcos
A.L	de	Erima
A.L	de	Erlös
A.L	de	Euro
A.L	de	Europäischer Gerichtshof
A.L	de	Evonik Degussa
A.L	de	FC Bayern München
A.L	de	FC Chelsea
A.L	de	FC Ingolstadt
A.L	de	FC Liverpool
A.L	de	FC Red Bull Salzburg
A.L	de	FC Schalke 04
A.L	de	FK Partizan Belgrad
A.L	de	Fabrikverkauf
A.L	de	Feldmühle (Unternehmen)
A.L	de	Fenerbahçe Istanbul
A.L	de	Finnische Fußballnationalmannschaft
A.L	de	Finnland
A.L	de	Florian Langenscheidt
A.L	de	Frankfurter Wertpapierbörse
A.L	de	Französischer Franc
A.L	de	Fresenius (Unternehmen)
A.L	de	Fresenius Medical Care
A.L	de	Fußball-Weltmeisterschaft 1954
A.L	de	Fußball-Weltmeisterschaft 2010
A.L	de	Fußball-Weltmeisterschaft der Frauen
A.L	de	Fußball (Sportgerät)
A.L	de	Fußballnationalmannschaft von Trinidad und Tobago
A.L	de	Galatasaray Istanbul
A.L	de	Gewerkschaft
A.L	de	Gewinn
A.L	de	Grasshopper Club Zürich
A.L	de	Griechische Fußballnationalmannschaft
A.L	de	Gründung (Recht)
A.L	de	Gumball 3000
A.L	de	Hamburger SV
A.L	de	Hand Gottes (Fußball)
A.L	de	Hannover Rück
A.L	de	HeidelbergCement
A.L	de	Henkel (Unternehmen)
A.L	de	Herbert Hainer
A.L	de	Herzogenaurach
A.L	de	Hoechst
A.L	de	Horst Dassler
A.L	de	Hypo Real Estate
A.L	de	Infineon
A.L	de	International Securities Identification Number
A.L	de	Japanische Fußballnationalmannschaft
A.L	de	Jelena Gadschijewna Issinbajewa
A.L	de	Johan Cruyff
A.L	de	Jolly (Adidas)
A.L	de	Junioren-Fußballweltmeisterschaft
A.L	de	K+S
A.L	de	Kadawittfeldarchitektur
A.L	de	Karstadt
A.L	de	Kinderarbeit
A.L	de	Korn (Band)
A.L	de	Kubanische Fußballnationalmannschaft
A.L	de	Laces
A.L	de	Lacrosse
A.L	de	Lanxess
A.L	de	Le Coq Sportif
A.L	de	Liechtensteiner Fußballnationalmannschaft
A.L	de	Linde AG
A.L	de	Lokomotive Moskau
A.L	de	London Organising Committee of the Olympic Games and Paralympic Games
A.L	de	Lufthansa
A.L	de	MAN
A.L	de	MLP AG
A.L	de	Madonna (Künstlerin)
A.L	de	Major League Soccer
A.L	de	Mannesmann
A.L	de	Marke (Recht)
A.L	de	Merck KGaA
A.L	de	Metro AG
A.L	de	Mexikanische Fußballnationalmannschaft
A.L	de	Mitarbeiter
A.L	de	Mitbestimmungsgesetz
A.L	de	Munich Re
A.L	de	Nigerianische Fußballnationalmannschaft
A.L	de	Nike (Unternehmen)
A.L	de	Nixdorf Computer
A.L	de	O Globo
A.L	de	Olympique Lyon
A.L	de	Olympique Marseille
A.L	de	Olympische Sommerspiele 2012
A.L	de	Panathinaikos Athen (Fußball)
A.L	de	Panzerschreck
A.L	de	Paraguayische Fußballnationalmannschaft
A.L	de	Paralympische Spiele
A.L	de	Pastellmalerei
A.L	de	Pentland Group
A.L	de	Postbank
A.L	de	Preussag
A.L	de	Puma (Sportartikel)
A.L	de	RWE
A.L	de	Raketenpanzerbüchse 54
A.L	de	Rap
A.L	de	Real Madrid
A.L	de	Rechtsform
A.L	de	Reebok
A.L	de	Retrowelle
A.L	de	Robert Louis-Dreyfus
A.L	de	Rudolf Dassler
A.L	de	Rumänische Fußballnationalmannschaft
A.L	de	Run-D.M.C.
A.L	de	Russische Fußballnationalmannschaft
A.L	de	SAP
A.L	de	SK Rapid Wien
A.L	de	Salomon (Sportartikelhersteller)
A.L	de	Salzgitter AG
A.L	de	Samba (Schuh)
A.L	de	Schottische Fußballnationalmannschaft
A.L	de	Schwarzbuch Markenfirmen
A.L	de	Siemens
A.L	de	Sitz (juristische Person)
A.L	de	Slowakische Fußballnationalmannschaft
A.L	de	Spanische Fußballnationalmannschaft
A.L	de	Stoke City
A.L	de	Stollen (Schuh)
A.L	de	Sweatshop
A.L	de	Sweety
A.L	de	Südafrika
A.L	de	Süddeutsche Zeitung
A.L	de	TUI
A.L	de	TaylorMade
A.L	de	Tennisschläger
A.L	de	Textilie
A.L	de	ThyssenKrupp
A.L	de	Turnschuh
A.L	de	Ukrainische Fußballnationalmannschaft
A.L	de	Unternehmensführung
A.L	de	Unternehmensübernahme
A.L	de	VEBA
A.L	de	VIAG
A.L	de	Vatikanische Fußballnationalmannschaft
A.L	de	Venezolanische Fußballnationalmannschaft
A.L	de	Vereinigtes Königreich
A.L	de	VfL Wolfsburg
A.L	de	VfR Aalen
A.L	de	Volkswagen AG
A.L	de	Vorstandsvorsitzender
A.L	de	Website
A.L	de	Weltverband der Sportartikelindustrie
A.L	de	Wintersport
A.L	de	Wirtschaftsprüfer
A.L	de	Wirtschaftszweig
A.L	de	Wunder von Bern
A.L	de	Yue Yuen Industrial
A.L	de	Wikipedia:Lückenhaft
A.L	de	Wikipedia:Urheberrechte beachten
A.L	de	Wikipedia:Wie schreibe ich gute Artikel
B.L	ga	An Ghearmáin
B.L	ga	Chelsea F.C.
B.L	ga	Cómhaoin Wikimedia
B.L	ga	FWB
B.L	ga	Gaeilge
B.L	ga	Ghearmáin
B.L	ga	Herzogenaurach
B.L	ga	Liverpool Football Club
B.L	ga	Newcastle United F.C.
B.L	ga	Real Madrid
B.L	ga	Vicipéid
B.L	ga	Vicipéid:Síol
B.L	fi	1949
B.L	fi	Adi Dassler
B.L	fi	Allianz
B.L	fi	Amer
B.L	fi	BASF
B.L	fi	BMW
B.L	fi	Bayer
B.L	fi	Beiersdorf
B.L	fi	Commerzbank
B.L	fi	DAX-indeksi
B.L	fi	Daimler
B.L	fi	Deutsche Bank
B.L	fi	Deutsche Börse
B.L	fi	Deutsche Post
B.L	fi	Deutsche Telekom
B.L	fi	E.ON
B.L	fi	Fresenius
B.L	fi	Fresenius Medical Care
B.L	fi	Golf
B.L	fi	Hannover Re
B.L	fi	Henkel
B.L	fi	Herbert Hainer
B.L	fi	Herzogenaurach
B.L	fi	K+S
B.L	fi	Linde
B.L	fi	Lufthansa
B.L	fi	MAN (yritys)
B.L	fi	METRO AG
B.L	fi	Merck KGaA
B.L	fi	Munich Re
B.L	fi	Play Fair
B.L	fi	Puma
B.L	fi	RWE
B.L	fi	Reebok
B.L	fi	SAP (yritys)
B.L	fi	Saksa
B.L	fi	Salzgitter (yritys)
B.L	fi	Siemens
B.L	fi	Taylor Made
B.L	fi	ThyssenKrupp
B.L	fi	Toimiala
B.L	fi	Toimitusjohtaja
B.L	fi	Urheilujalkine
B.L	fi	Volkswagen
B.L	fi	Wikimedia Commons
B.L	fi	Yritys
B.L	fi	Yue Yuen
B.L	fi	Wikipedia:Tynkä
B.L	fi	Luokka:Yritystyngät
B.L	fr	11 juillet
B.L	fr	12 avril
B.L	fr	12 novembre
B.L	fr	13 juillet
B.L	fr	14 décembre
B.L	fr	15 février
B.L	fr	17 novembre
B.L	fr	18 août
B.L	fr	1936
B.L	fr	1944
B.L	fr	1945
B.L	fr	1948
B.L	fr	1949
B.L	fr	1987
B.L	fr	1990
B.L	fr	1992
B.L	fr	1993
B.L	fr	1994
B.L	fr	1995
B.L	fr	1996
B.L	fr	1997
B.L	fr	2004
B.L	fr	2005
B.L	fr	2006
B.L	fr	2006 en sport
B.L	fr	2007
B.L	fr	2008
B.L	fr	2010
B.L	fr	2011
B.L	fr	24 octobre
B.L	fr	26 décembre
B.L	fr	30 septembre
B.L	fr	31 décembre
B.L	fr	4 juillet
B.L	fr	7 juillet
B.L	fr	7 novembre
B.L	fr	8 décembre
B.L	fr	8 novembre
B.L	fr	9 octobre
B.L	fr	AC Milan
B.L	fr	Adidas : Adidas Original
B.L	fr	Adidas Performance
B.L	fr	Adidas Stan Smith
B.L	fr	Adidas Style
B.L	fr	Adilette
B.L	fr	Adolf Dassler
B.L	fr	Affaire Adidas
B.L	fr	Affaire Tapie-Crédit lyonnais
B.L	fr	Aironi Rugby
B.L	fr	Al Ahly
B.L	fr	Allemagne
B.L	fr	Allianz
B.L	fr	Ana Ivanović
B.L	fr	Anabel Medina Garrigues
B.L	fr	Andrea Lo Cicero
B.L	fr	Andy Murray
B.L	fr	Anna Chakvetadze
B.L	fr	Années 1920
B.L	fr	Années 1960
B.L	fr	Antonie Claassen
B.L	fr	Août
B.L	fr	Août 1949
B.L	fr	Association sportive de Saint-Étienne Loire
B.L	fr	Aurach
B.L	fr	Avril 2005
B.L	fr	BASF
B.L	fr	Ballon d'or 2007
B.L	fr	Ballon d'or 2009
B.L	fr	Ballon d'or 2010
B.L	fr	Ballon d'or 2011
B.L	fr	Ballon d'or 2012
B.L	fr	Bavière
B.L	fr	Bayer (entreprise)
B.L	fr	Bayerische Motoren Werke
B.L	fr	Bayern Munich
B.L	fr	Beiersdorf
B.L	fr	Benfica Lisbonne
B.L	fr	Benjamin Fall
B.L	fr	Bernard Tapie
B.L	fr	Beşiktaş Jimnastik Kulübü (football)
B.L	fr	Biens et services marchands
B.L	fr	Blues (rugby)
B.L	fr	Bourse (économie)
B.L	fr	Brian O'Driscoll
B.L	fr	Bryan Habana
B.L	fr	Byron Kelleher
B.L	fr	CA River Plate
B.L	fr	Caroline Wozniacki
B.L	fr	Celtic League (organisation celtique)
B.L	fr	Championnat d'Europe de football 2008
B.L	fr	Championnat d'Europe de football 2012
B.L	fr	Championnat d'Italie de rugby à XV
B.L	fr	Championnat de France de rugby à XV
B.L	fr	Championnat de France de rugby à XV de 2e division
B.L	fr	Chef d'entreprise
B.L	fr	Chelsea Football Club
B.L	fr	Chiefs (rugby à XV)
B.L	fr	Chiffre d'affaires
B.L	fr	Chris Martin
B.L	fr	Clube de Regatas do Flamengo
B.L	fr	Coldplay
B.L	fr	Commerzbank
B.L	fr	Conseil de surveillance
B.L	fr	Consortium de réalisation
B.L	fr	Continental AG
B.L	fr	Coupe d'Afrique des nations de football
B.L	fr	Coupe du monde de la FIFA
B.L	fr	Crusaders
B.L	fr	Crédit lyonnais
B.L	fr	DAX
B.L	fr	Daimler (entreprise)
B.L	fr	Damian lillard
B.L	fr	Daniel Carter
B.L	fr	Danny Cipriani
B.L	fr	David Beckham
B.L	fr	David Rudisha
B.L	fr	David Villa
B.L	fr	Dayron Robles
B.L	fr	Delhi Daredevils
B.L	fr	Derrick Rose
B.L	fr	Dette
B.L	fr	Dettes financières
B.L	fr	Deutsche Bank
B.L	fr	Deutsche Börse
B.L	fr	Deutsche Post
B.L	fr	Deutsche Telekom
B.L	fr	Deuxième Guerre mondiale
B.L	fr	Dinara Safina
B.L	fr	Dollar américain
B.L	fr	Droit des marques
B.L	fr	Dwight Howard
B.L	fr	Décembre 1992
B.L	fr	Décembre 1994
B.L	fr	Décembre 2010
B.L	fr	E.ON
B.L	fr	EMN
B.L	fr	Erich Stamminger
B.L	fr	Espadrille
B.L	fr	Europe
B.L	fr	FC Barcelone (football)
B.L	fr	FC Schalke 04
B.L	fr	Fenerbahçe Spor Kulübü (football)
B.L	fr	Fernando González
B.L	fr	Fernando Verdasco
B.L	fr	Filiale
B.L	fr	Five Ten
B.L	fr	Football
B.L	fr	Frank Lampard
B.L	fr	François Steyn
B.L	fr	Fresenius
B.L	fr	Fresenius Medical Care
B.L	fr	Février 1993
B.L	fr	Gazélec Ajaccio
B.L	fr	Gilles Simon
B.L	fr	Gold Coast Titans
B.L	fr	Grande école
B.L	fr	Greenpeace
B.L	fr	Harvard Business School
B.L	fr	HeidelbergCement
B.L	fr	Henkel
B.L	fr	Herbert Hainer
B.L	fr	Herzogenaurach
B.L	fr	Highlanders
B.L	fr	Hitler
B.L	fr	Horst Dassler
B.L	fr	Hurricanes (rugby)
B.L	fr	Infineon Technologies
B.L	fr	JS Kabylie
B.L	fr	James Haskell
B.L	fr	Jamiroquai
B.L	fr	Jason Kay
B.L	fr	Jeremy Wariner
B.L	fr	Jesse Owens
B.L	fr	Jessica Ennis
B.L	fr	Jeux olympiques d'été de 1936
B.L	fr	Jimmy Vicaut
B.L	fr	Jo-Wilfried Tsonga
B.L	fr	Joe Frazier
B.L	fr	Jonny Wilkinson
B.L	fr	Josh Smith (basket-ball)
B.L	fr	Juan Mónaco
B.L	fr	Juillet 1990
B.L	fr	Juillet 1995
B.L	fr	Juillet 2008
B.L	fr	Juillet 2011
B.L	fr	K+S
B.L	fr	Kaká
B.L	fr	Karim Benzema
B.L	fr	Kayserispor
B.L	fr	Kobe Steel Kobelco Steelers
B.L	fr	L'Aquila Rugby
B.L	fr	Lacoste (entreprise)
B.L	fr	Lanxess
B.L	fr	Le Devoir
B.L	fr	Le Monde
B.L	fr	Leigh Halfpenny
B.L	fr	Les Échos
B.L	fr	Ligue des Champions de l'UEFA
B.L	fr	Linde AG
B.L	fr	Lionel Messi
B.L	fr	Liverpool Football Club
B.L	fr	Lufthansa
B.L	fr	Ma'a Nonu
B.L	fr	Mahiedine Mekhissi-Benabbad
B.L	fr	Mai 2005
B.L	fr	Major League Soccer
B.L	fr	Manchester United
B.L	fr	Marat Safin
B.L	fr	Maria Kirilenko
B.L	fr	Mario Ančić
B.L	fr	Marque commerciale
B.L	fr	Mathieu Bastareaud
B.L	fr	Merck KGaA
B.L	fr	Metro
B.L	fr	Mohamed Ali (boxe)
B.L	fr	Morgan Parra
B.L	fr	Mumbai Indians
B.L	fr	Munich Re
B.L	fr	Munster Rugby
B.L	fr	Márcos Baghdatís
B.L	fr	National Basketball Association
B.L	fr	New York
B.L	fr	Nike (entreprise)
B.L	fr	Novembre 1994
B.L	fr	Novembre 1995
B.L	fr	Novembre 1996
B.L	fr	Novembre 2004
B.L	fr	Nuremberg
B.L	fr	Octobre 2006
B.L	fr	Octobre 2007
B.L	fr	Offre publique
B.L	fr	Olympique de Marseille
B.L	fr	Olympique lyonnais
B.L	fr	Pantoufle
B.L	fr	Paris Saint-Germain FC
B.L	fr	Patty Schnyder
B.L	fr	Paul-Henri Mathieu
B.L	fr	Philipp Kohlschreiber
B.L	fr	Polo Ralph Lauren
B.L	fr	Puma (équipementier)
B.L	fr	Pune Warriors India
B.L	fr	RC Lens
B.L	fr	RWE
B.L	fr	Real Madrid CF
B.L	fr	Reebok
B.L	fr	Richie McCaw
B.L	fr	Robert Louis-Dreyfus
B.L	fr	Romain Barras
B.L	fr	Ronan O'Gara
B.L	fr	Royal Sporting Club Anderlecht
B.L	fr	Rugby Parme
B.L	fr	Rugby à XIII
B.L	fr	Run-DMC
B.L	fr	Rémy Martin (rugby)
B.L	fr	Résultat net
B.L	fr	Rétroacronymie
B.L	fr	SAP (entreprise)
B.L	fr	SE Palmeiras
B.L	fr	SKG GRAN Parma Rugby
B.L	fr	Sabine Lisicki
B.L	fr	Sachin Tendulkar
B.L	fr	Sally Pearson
B.L	fr	Salomon (entreprise)
B.L	fr	Salomon (ski)
B.L	fr	Savetier
B.L	fr	Schutzstaffel
B.L	fr	Secteur d'activité
B.L	fr	Septembre 2005
B.L	fr	Siemens (entreprise)
B.L	fr	Site web
B.L	fr	Sivasspor
B.L	fr	Siège social
B.L	fr	Sky Professional Cycling Team
B.L	fr	Slogan publicitaire
B.L	fr	Société anonyme
B.L	fr	Sponsor
B.L	fr	St. George Illawarra Dragons
B.L	fr	Stade français Paris rugby
B.L	fr	Steven Gerrard
B.L	fr	Stormers
B.L	fr	Suntory Sungoliath
B.L	fr	Super 14
B.L	fr	Suresh Raina
B.L	fr	Taylormade Golf
B.L	fr	ThyssenKrupp
B.L	fr	Tim Duncan
B.L	fr	Top League
B.L	fr	Tribunal de commerce de Paris
B.L	fr	Tyson Gay
B.L	fr	USM Alger
B.L	fr	Union sportive dacquoise
B.L	fr	Virender Sehwag
B.L	fr	Volkswagen (entreprise)
B.L	fr	Warrior Sports
B.L	fr	Wehrmacht
B.L	fr	Women's National Basketball Association
B.L	fr	Wydad de Casablanca
B.L	fr	Yoann Gourcuff
B.L	fr	Yoann Huget
B.L	fr	Yohan Blake
B.L	fr	Zamalek Sporting Club
B.L	fr	Équipe d'Afrique du Sud de cricket
B.L	fr	Équipe d'Allemagne de football
B.L	fr	Équipe d'Angleterre de cricket
B.L	fr	Équipe d'Argentine de football
B.L	fr	Équipe d'Australie de cricket
B.L	fr	Équipe d'Espagne de football
B.L	fr	Équipe d'Haïti de football
B.L	fr	Équipe d'Israël de football
B.L	fr	Équipe d'Italie de rugby à XV
B.L	fr	Équipe d'égypte de football
B.L	fr	Équipe de Colombie de football
B.L	fr	Équipe de Finlande de football
B.L	fr	Équipe de France de rugby à XV
B.L	fr	Équipe de Grèce de football
B.L	fr	Équipe de Malaisie de cricket
B.L	fr	Équipe de Nouvelle-Zélande de rugby à XV
B.L	fr	Équipe de Roumanie de football
B.L	fr	Équipe de Russie de football
B.L	fr	Équipe des Comores de football
B.L	fr	Équipe du Danemark de football
B.L	fr	Équipe du Japon de football
B.L	fr	Équipe du Maroc de football
B.L	fr	Équipe du Mexique de football
B.L	fr	Équipe du Nigeria de football
B.L	fr	Équipe du Portugal de rugby à XV
B.L	fr	Équipe du Venezuela de football
B.L	fr	États-Unis
B.L	fr	Wikipédia:Citez vos sources
B.L	fr	Wikipédia:Sections anecdotiques
B.L	fr	Wikipédia:Vérifiabilité
B.L	fr	Wikipédia:Wikipédia est une encyclopédie
B.L	fr	Modèle:Country data Angleterre
B.L	fr	Modèle:Country data Australie
B.L	fr	Modèle:Country data Inde
B.L	fr	Modèle:Country data Malaisie
B.L	fr	Modèle:Country data Nigeria
B.L	fr	Modèle:Infobox Société
B.L	fr	Modèle:Palette DAX
B.L	fr	Discussion modèle:Palette DAX
B.L	fr	Aide:Note
B.L	fr	Aide:Référence nécessaire
B.L	fr	Catégorie:Article manquant de référence depuis juillet 2008
B.L	fr	Catégorie:Entreprise par date de fondation
B.L	fr	Catégorie:Forme juridique des entreprises
B.L	fr	Catégorie:Portail:Bavière/Articles liés
B.L	fr	Catégorie:Portail:Entreprises/Articles liés
B.L	fr	Catégorie:Portail:Mode/Articles liés
B.L	fr	Catégorie:Portail:Sport/Articles liés
B.L	fr	Portail:Bavière
B.L	fr	Portail:Entreprises
B.L	fr	Portail:Mode
B.L	fr	Portail:Sport
B.L	he	1949
B.L	he	1972
B.L	he	2005
B.L	he	2006
B.L	he	אדולף דסלר
B.L	he	אדידס גולף
B.L	he	אולימפיק ליון
B.L	he	אי-פי
B.L	he	אירו
B.L	he	באיירן מינכן
B.L	he	גולף
B.L	he	גרמניה
B.L	he	דולר
B.L	he	הארץ
B.L	he	טיילורמייד
B.L	he	לוגו
B.L	he	מוטיב (רעיון)
B.L	he	מילאן (כדורגל)
B.L	he	מקספליי
B.L	he	נעליים
B.L	he	ספורט
B.L	he	פומה (חברה)
B.L	he	צ'לסי (כדורגל)
B.L	he	קבוצת אדידס
B.L	he	רודולף דסלר
B.L	he	ריאל מדריד
B.L	he	ריבוק
B.L	he	שנות ה-20 של המאה ה-20
B.L	he	ויקיפדיה:ברוכים הבאים
B.L	he	ויקיפדיה:קצרמר
B.L	he	תבנית:קצרמר/הרחבה/כלכלה
B.L	he	קטגוריה:קצרמר כלכלה
B.L	gl	*Nike
B.L	gl	11 de abril
B.L	gl	18 de agosto
B.L	gl	1920
B.L	gl	1948
B.L	gl	1949
B.L	gl	1970
B.L	gl	1986
B.L	gl	1987
B.L	gl	1990
B.L	gl	1992
B.L	gl	1996
B.L	gl	1997
B.L	gl	19 de xaneiro
B.L	gl	2001
B.L	gl	2004
B.L	gl	2005
B.L	gl	2006
B.L	gl	2010
B.L	gl	2014
B.L	gl	3 de maio
B.L	gl	Adidas 1
B.L	gl	Adidas Fevernova
B.L	gl	Adidas Finale
B.L	gl	Adidas Roteiro
B.L	gl	Adidas Teamgeist
B.L	gl	Adolf Dassler
B.L	gl	Agosto
B.L	gl	Alemaña
B.L	gl	Amer Sports
B.L	gl	Ano (astronomía)
B.L	gl	Baviera
B.L	gl	Benjamín Rojas
B.L	gl	Bernard Tapie
B.L	gl	Copa Mundial de Fútbol
B.L	gl	Coty, Inc.
B.L	gl	Crédit Lyonnais
B.L	gl	Débeda
B.L	gl	Dólar estadounidense
B.L	gl	Empresa multinacional
B.L	gl	Esquí (deporte)
B.L	gl	Estados Unidos de América - United States of America
B.L	gl	Euro
B.L	gl	Finlandia
B.L	gl	Footing
B.L	gl	Franco francés
B.L	gl	Herbert Hainer
B.L	gl	Herzogenaurach
B.L	gl	Horst Dassler
B.L	gl	Importe neto da cifra de negocios
B.L	gl	Industria
B.L	gl	Jamiroquai
B.L	gl	Julia Louis-Dreyfus
B.L	gl	Korn
B.L	gl	Lingua castelá
B.L	gl	Lingua inglesa
B.L	gl	Nicolás Caberei
B.L	gl	Nike
B.L	gl	Nu metal
B.L	gl	OIBDA
B.L	gl	Olympique de Marseille
B.L	gl	Puma (marca)
B.L	gl	Reebok
B.L	gl	Resultado Neto
B.L	gl	Robbie Williams
B.L	gl	Robert Louis-Dreyfus
B.L	gl	Rudolf Dassler
B.L	gl	Run DMC
B.L	gl	Seinfeld
B.L	gl	Stella Mc Cartney
B.L	gu	A.D.I.D.A.S.
B.L	gu	Adolf Dassler
B.L	gu	Aktiengesellschaft
B.L	gu	American Depositary Receipt
B.L	gu	Bloomberg L.P.
B.L	gu	Chief executive officer
B.L	gu	Chief financial officer
B.L	gu	Clothing
B.L	gu	Der Spiegel
B.L	gu	Earnings before interest and taxes
B.L	gu	Euro
B.L	gu	Final goods
B.L	gu	Footwear
B.L	gu	Frankfurt Stock Exchange
B.L	gu	Germany
B.L	gu	Herbert Hainer
B.L	gu	Herzogenaurach
B.L	gu	International Standard Book Number
B.L	gu	Korn
B.L	gu	List of Adidas sponsorships
B.L	gu	Manufacturing
B.L	gu	Net income
B.L	gu	Portal:Companies
B.L	gu	Robin Stalker
B.L	gu	San Diego Business Journal
B.L	gu	Sports equipment
B.L	gu	Sportswear
B.L	gu	Supervisory board
B.L	gu	The San Diego Union-Tribune
B.L	gu	Toiletries
B.L	gu	Types of business entity
B.L	gu	એશિયા
B.L	gu	ક્રિકેટ
B.L	gu	પૅરિસ
B.L	gu	ફ્રાન્સ
B.L	gu	બૅન્ક
B.L	gu	માર્કેટિંગ
B.L	gu	યુનાઇટેડ કિંગડમ
B.L	gu	યુરોપ
B.L	gu	વિકિમીડિયા કૉમન્સ
B.L	gu	સંદર્ભ આપો
B.L	gu	સંયુક્ત રાજ્ય અમેરિકા
B.L	gu	સચિન તેંડુલકર
B.L	gu	ઢાંચો:DAX companies
B.L	gu	ઢાંચો:Fr icon
B.L	gu	ઢાંચો:Pinksheets
B.L	gu	ઢાંચો:Portal/Images/Companies
B.L	gu	ઢાંચો:Refimprove
B.L	gu	શ્રેણી:Articles with dead external links from October 2010
B.L	eu	1924
B.L	eu	1946
B.L	eu	Adolf Dassler
B.L	eu	Alemania
B.L	eu	Baviera
B.L	eu	Europa
B.L	eu	Herzogenaurach
B.L	eu	Mundua
B.L	eu	Puma SE
B.L	eu	Rudolf Dassler
B.L	fa	آدولف داسلر
B.L	fa	آرمین هری
B.L	fa	آلمان
B.L	fa	آلیانتس
B.L	fa	آمر اسپورت
B.L	fa	ا.آن
B.L	fa	ار وه ئه
B.L	fa	اس آ پ
B.L	fa	اس اس مسلح
B.L	fa	استلا مک‌کارتنی
B.L	fa	اینفینئون
B.L	fa	ب آ اس اف
B.L	fa	ب ام و
B.L	fa	بانک اطلاعات اینترنتی فیلم‌ها
B.L	fa	باواریان
B.L	fa	بایر (شرکت)
B.L	fa	بایرسدورف
B.L	fa	بایرن
B.L	fa	برنارد تاپی
B.L	fa	بلومبرگ ال.پی.
B.L	fa	تیسن‌کروپ
B.L	fa	تیلورمید
B.L	fa	جسی اونز
B.L	fa	جنگ جهانی اول
B.L	fa	جنگ جهانی دوم
B.L	fa	جوزی بارتل
B.L	fa	حزب نازی
B.L	fa	دایملر آ گ
B.L	fa	درآمد
B.L	fa	دویچه بانک
B.L	fa	دویچه بورزه
B.L	fa	دویچه تلکوم
B.L	fa	دویچه پست
B.L	fa	رادلف "رودی" داسلر
B.L	fa	راک پورت
B.L	fa	روبرت لوییس دریفوس
B.L	fa	ریباک
B.L	fa	ریبوک
B.L	fa	زبان آلمانی
B.L	fa	زیمنس
B.L	fa	سالامون
B.L	fa	شابک
B.L	fa	شرکت سهامی عام
B.L	fa	فرزنیوس
B.L	fa	فرزنیوس مدیکال کر
B.L	fa	فیفا
B.L	fa	لانکسس
B.L	fa	لوفت‌هانزا
B.L	fa	لوگزامورگ
B.L	fa	لینده
B.L	fa	لیگ برتر بسکتبال آمریکا
B.L	fa	ماکس‌فلی
B.L	fa	متفقین
B.L	fa	مدونا
B.L	fa	مرک
B.L	fa	میونیک ره
B.L	fa	نایک
B.L	fa	نورنبرگ
B.L	fa	هایدلبرگ‌سمنت
B.L	fa	هربرت بوردنسکی
B.L	fa	هرتزوگن‌آوراخ
B.L	fa	هرتسوگن‌آوراخ
B.L	fa	هنکل
B.L	fa	وب‌گاه
B.L	fa	پوما
B.L	fa	چرم
B.L	fa	کا+اس
B.L	fa	کارهو اسپورت
B.L	fa	کرایست‌چرچ
B.L	fa	کومرتس‌بانک
B.L	fa	کونتیننتال آ گ
B.L	fa	گاردین
B.L	fa	گروه سالامون
B.L	fa	گروه فولکس‌واگن
B.L	fa	۱۸ اوت
B.L	fa	۱۹۴۳ (میلادی)
B.L	fa	۱۹۴۹ (میلادی)
B.L	fa	ویکی‌پدیا:پیوندهای مرده
B.L	fa	الگو:شرکت‌های دکس
B.L	fa	بحث الگو:شرکت‌های دکس
B.L	fa	رده:صفحه‌های دارای پیوند مرده تا July 2012
B.L	fa	رده:صفحه‌های دارای پیوند مرده تا October 2010
B.L	el	2010
B.L	el	Ashworth (ένδυση)
B.L	el	Bloomberg L.P.
B.L	el	International Standard Book Number
B.L	el	Karhu Sports
B.L	el	Puma AG
B.L	el	Reebok
B.L	el	Rockport (εταιρεία)
B.L	el	TaylorMade-Adidas
B.L	el	Άντολφ Ντάσλερ
B.L	el	Γκολφ
B.L	el	Ευρώ
B.L	el	Ευρώπη
B.L	el	Ρούντολφ Ντάσλερ
B.L	el	Χερζόγκεναουραχ
B.L	el	Βικιπαίδεια:Λήμματα προς επέκταση
B.L	en	1. FC Nuremberg
B.L	en	1000000000 (number)
B.L	en	1500 metres
B.L	en	1936 Summer Olympics
B.L	en	1952 Summer Olympics
B.L	en	1960 Summer Olympics
B.L	en	2006 FIFA World Cup
B.L	en	2010 FIFA World Cup
B.L	en	A.D.I.D.A.S.
B.L	en	AC Milan
B.L	en	AFC Ajax
B.L	en	ASV Herzogenaurach
B.L	en	Acronym
B.L	en	AdiPure
B.L	en	Adi Dassler
B.L	en	Adidas 1
B.L	en	Adidas Championship Football
B.L	en	Adidas Copa Mundial
B.L	en	Adidas F50
B.L	en	Adidas Jabulani
B.L	en	Adidas Originals
B.L	en	Adidas Predator
B.L	en	Adidas Teamgeist
B.L	en	Adolf Dassler
B.L	en	Aftershave
B.L	en	Aktiengesellschaft
B.L	en	Alessandro Del Piero
B.L	en	Alicia Molik
B.L	en	All Blacks
B.L	en	Allianz
B.L	en	Alpine skiing
B.L	en	Amer Sports
B.L	en	Amiga
B.L	en	Ana Ivanovic
B.L	en	André Schürrle
B.L	en	Andy Murray
B.L	en	Argentina national football team
B.L	en	Arjen Robben
B.L	en	Armenia national football team
B.L	en	Armin Hary
B.L	en	Ashworth (clothing)
B.L	en	Asset
B.L	en	Association of Tennis Professionals
B.L	en	Atsuto Uchida
B.L	en	Australia cricket team
B.L	en	BASF
B.L	en	BMW
B.L	en	Backronym
B.L	en	Ball boy
B.L	en	Baseball cap
B.L	en	Bastian Schweinsteiger
B.L	en	Bavaria
B.L	en	Bayer 04 Leverkusen
B.L	en	Bayer AG
B.L	en	Beeston Hockey Club
B.L	en	Beiersdorf
B.L	en	Bernard Tapie
B.L	en	Bloomberg L.P.
B.L	en	Brandon Knight (basketball)
B.L	en	CA River Plate
B.L	en	CEO
B.L	en	CR Flamengo
B.L	en	Callaway Golf Company
B.L	en	Carlsbad, California
B.L	en	Caroline Wozniacki
B.L	en	Chairman
B.L	en	Chauncey Billups
B.L	en	Chelsea F.C
B.L	en	Chelsea F.C.
B.L	en	Christchurch
B.L	en	Chuck D
B.L	en	Cincinnati
B.L	en	Clothing
B.L	en	Collective bargaining
B.L	en	Commerzbank
B.L	en	Continental AG
B.L	en	Craig Johnston
B.L	en	Cricket South Africa
B.L	en	Cricket World Cup 2011
B.L	en	Crédit Lyonnais
B.L	en	DAX
B.L	en	Daimler AG
B.L	en	Dallas Cowboys
B.L	en	Damian Lillard
B.L	en	Daniela Hantuchová
B.L	en	Daniele De Rossi
B.L	en	Darren Cahill
B.L	en	David Stern
B.L	en	David Villa
B.L	en	Debt
B.L	en	Delhi Daredevils
B.L	en	Deodorant
B.L	en	Derrick Rose
B.L	en	Deutsche Bank
B.L	en	Deutsche Börse
B.L	en	Deutsche Post
B.L	en	Deutsche Telekom
B.L	en	Dwayne Bravo
B.L	en	Dwight Howard
B.L	en	E.ON
B.L	en	EBITDA
B.L	en	Earnings before interest and taxes
B.L	en	East Grinstead Hockey Club
B.L	en	Ekklesia (think tank)
B.L	en	England cricket team
B.L	en	Equity (finance)
B.L	en	Eric Gordon
B.L	en	Ethics
B.L	en	Euro
B.L	en	Euro sign
B.L	en	FC Bayern Munich
B.L	en	FC Herzogenaurach
B.L	en	FC Schalke 04
B.L	en	FIFA
B.L	en	FIFA World Cup
B.L	en	Fashion accessory
B.L	en	Fernando González
B.L	en	Fernando Torres
B.L	en	Fernando Verdasco
B.L	en	Flavia Pennetta
B.L	en	Flip flops
B.L	en	Football team
B.L	en	France national rugby union team
B.L	en	Frank Lampard
B.L	en	Frankfurt Stock Exchange
B.L	en	French franc
B.L	en	Fresenius (company)
B.L	en	Fresenius Medical Care
B.L	en	Fußball-Bundesliga
B.L	en	Germany
B.L	en	Germany national football team
B.L	en	Gilbert Arenas
B.L	en	Gilles Simon
B.L	en	Glasses
B.L	en	Hamburger SV
B.L	en	HeidelbergCement
B.L	en	Heineken Cup
B.L	en	Helsinki
B.L	en	Henkel
B.L	en	Herbert Burdenski
B.L	en	Herbert Hainer
B.L	en	Herzogenaurach
B.L	en	Hip hop fashion
B.L	en	Hiroshi Kiyotake
B.L	en	Holding company
B.L	en	Horst Dassler
B.L	en	Ian Bell
B.L	en	Indian Premier League
B.L	en	Infineon Technologies
B.L	en	International Standard Book Number
B.L	en	Internet Movie Database
B.L	en	Italian national rugby team
B.L	en	Java
B.L	en	Javi Martínez
B.L	en	Jesse Owens
B.L	en	Jessie Jackson
B.L	en	Jo-Wilfried Tsonga
B.L	en	Josh Smith
B.L	en	Josy Barthel
B.L	en	José Mourinho
B.L	en	Juan Mata
B.L	en	Justine Henin
B.L	en	K+S
B.L	en	Kaká
B.L	en	Kareem Abdul-Jabbar
B.L	en	Karim Benzema
B.L	en	Kevin Garnett
B.L	en	Kevin Pietersen
B.L	en	Kieron Pollard
B.L	en	Kobe Bryant
B.L	en	Korn
B.L	en	La Santé
B.L	en	Labour Behind the Label
B.L	en	Lacrosse
B.L	en	Lanxess
B.L	en	Lasith Malinga
B.L	en	Laura Robson
B.L	en	Lem Villemin
B.L	en	Lionel Messi
B.L	en	List of Adidas sponsorships
B.L	en	List of swimwear brands
B.L	en	Lotion
B.L	en	Loughborough University
B.L	en	Lufthansa
B.L	en	Luis Suárez
B.L	en	Luxembourg
B.L	en	Madonna (entertainer)
B.L	en	Major League Baseball
B.L	en	Major League Soccer
B.L	en	Marcos Baghdatis
B.L	en	Maria Kirilenko
B.L	en	Mark Gonzales
B.L	en	Match fixing
B.L	en	Mats Hummels
B.L	en	Maxfli
B.L	en	Melanie Oudin
B.L	en	Merck KGaA
B.L	en	Michael Beasley
B.L	en	Microprocessor
B.L	en	Multinational corporation
B.L	en	Mumbai Indians
B.L	en	Munich Re
B.L	en	Munster Rugby
B.L	en	NBDL
B.L	en	NCAA
B.L	en	Nani
B.L	en	National Basketball Association
B.L	en	Net income
B.L	en	New York Yankees
B.L	en	New Zealand Rugby Union
B.L	en	Nike, Inc.
B.L	en	Nippon Professional Baseball
B.L	en	Nuremberg
B.L	en	OTC Markets Group
B.L	en	Offshoring
B.L	en	Olympique Lyonnais
B.L	en	Olympique de Marseille
B.L	en	Opta Sports
B.L	en	Oxfam
B.L	en	Pakistan cricket team
B.L	en	Perfume
B.L	en	Philipp Lahm
B.L	en	Political minister
B.L	en	Porcelain
B.L	en	Portmanteau
B.L	en	Puma AG
B.L	en	Puma SE
B.L	en	Quincy Pondexter
B.L	en	RWE
B.L	en	Racquet
B.L	en	Ravindra Jadeja
B.L	en	Reading Hockey Club
B.L	en	Real Madrid
B.L	en	Rebel Sport
B.L	en	Reebok
B.L	en	Revenue
B.L	en	Robert Louis-Dreyfus
B.L	en	Rockport (company)
B.L	en	Rudolf Dassler
B.L	en	SAP AG
B.L	en	SE Palmeiras
B.L	en	SL Benfica
B.L	en	SOS Children's Villages
B.L	en	Sachin Tendulkar
B.L	en	Salman Butt
B.L	en	Salomon Group
B.L	en	San Diego Business Journal
B.L	en	Sandals
B.L	en	Scottish people
B.L	en	Shinji Kagawa
B.L	en	Siemens
B.L	en	Slide (footwear)
B.L	en	Slogan
B.L	en	Sock
B.L	en	Sony PlayStation
B.L	en	Sorana Cîrstea
B.L	en	South African Cricket Team
B.L	en	South Korea national cricket team
B.L	en	Southampton F.C
B.L	en	Spain national football team
B.L	en	Sponsor (commercial)
B.L	en	Sports equipment
B.L	en	Sportswear (activewear)
B.L	en	Sprint (race)
B.L	en	State-owned
B.L	en	Stella McCartney
B.L	en	Steven Gerrard
B.L	en	Stock
B.L	en	Stormers
B.L	en	Super Rugby
B.L	en	Suresh Raina
B.L	en	Sven Groeneveld
B.L	en	Sweatshops
B.L	en	TaylorMade-Adidas
B.L	en	The Linde Group
B.L	en	The San Diego Union-Tribune
B.L	en	Thomas Müller
B.L	en	Three stripes
B.L	en	ThyssenKrupp
B.L	en	Ticker symbol
B.L	en	Tim Duncan
B.L	en	Toiletries
B.L	en	Toni Kroos
B.L	en	Tracy McGrady
B.L	en	Tualatin, Oregon
B.L	en	Types of business entity
B.L	en	USA Gymnastics
B.L	en	Velcro
B.L	en	VfL Wolfsburg
B.L	en	Volkswagen Group
B.L	en	Waffen SS
B.L	en	War on Want
B.L	en	Waseda University
B.L	en	West Germany national football team
B.L	en	West Ham United
B.L	en	Western Province (rugby team)
B.L	en	Women's National Basketball Association
B.L	en	Woodworm Cricket Company
B.L	en	World War I
B.L	en	Xabi Alonso
B.L	en	Xavi
B.L	en	Yomiuri Giants
B.L	en	Wikipedia:Citation needed
B.L	en	Wikipedia:Link rot
B.L	en	Wikipedia:Manual of Style/Dates and numbers
B.L	en	Wikipedia:Verifiability
B.L	en	Template:Citation needed
B.L	en	Template:DAX companies
B.L	en	Template:Portal/Images/Companies
B.L	en	Template talk:DAX companies
B.L	en	Help:IPA for German
B.L	en	Help:Introduction to referencing/1
B.L	en	Category:Articles needing additional references from October 2010
B.L	en	Category:Articles with dead external links from December 2012
B.L	en	Category:Articles with dead external links from July 2012
B.L	en	Category:Articles with dead external links from October 2010
B.L	en	Category:Articles with unsourced statements from August 2008
B.L	en	Category:Articles with unsourced statements from December 2008
B.L	en	Category:Articles with unsourced statements from June 2012
B.L	en	Category:Articles with unsourced statements from October 2010
B.L	en	Category:Articles with unsourced statements from October 2011
B.L	en	Category:Use dmy dates from January 2013
B.L	en	Category:Wikipedia articles in need of updating from October 2012
B.L	en	Portal:Companies
B.L	et	1949
B.L	et	1956. aasta suveolümpiamängud
B.L	et	1983
B.L	et	2001
B.L	et	2006
B.L	et	2011
B.L	et	Adidas
B.L	et	Adolf Dassler
B.L	et	Aktsiaselts
B.L	et	Allianz
B.L	et	Amer Sports Corp.
B.L	et	BASF
B.L	et	BMW
B.L	et	Bayer
B.L	et	Beiersdorf AG
B.L	et	Bernard Tapie
B.L	et	Commerzbank
B.L	et	DAX
B.L	et	Daimler
B.L	et	Deutsche Bank
B.L	et	Deutsche Börse
B.L	et	Deutsche Post
B.L	et	Deutsche Telekom
B.L	et	E.ON
B.L	et	Ettevõte
B.L	et	FIFA
B.L	et	Frankfurdi börs
B.L	et	Fresenius
B.L	et	Fresenius Medical Care
B.L	et	Golf
B.L	et	HeidelbergCement
B.L	et	Henkel
B.L	et	Herbert Hainer
B.L	et	Herzogenaurach
B.L	et	Horst Dassler
B.L	et	Igor Landau
B.L	et	Infineon Technologies
B.L	et	International Sports, Culture and Leisure
B.L	et	Jalanõud
B.L	et	João Havelange
B.L	et	Juan Antonio Samaranch
B.L	et	K+S
B.L	et	Kaká
B.L	et	Kaubamärk
B.L	et	Kodulehekülg
B.L	et	Käive
B.L	et	Käthe Dassler
B.L	et	Lufthansa
B.L	et	MAN SE
B.L	et	Majandusharu
B.L	et	Merck KGaA
B.L	et	Metro AG
B.L	et	Munich Re
B.L	et	Nani
B.L	et	Nike (ettevõte)
B.L	et	Pall
B.L	et	Puhaskasum
B.L	et	ROK
B.L	et	RWE
B.L	et	Reebok
B.L	et	Reebok International Ltd.
B.L	et	Robin van Persie
B.L	et	SAP
B.L	et	Saksamaa
B.L	et	Salomon S. A.
B.L	et	Siemens
B.L	et	Spordijalatsid
B.L	et	Spordirõivad
B.L	et	Sporditarbed
B.L	et	TaylorMade
B.L	et	The Linde Group
B.L	et	ThyssenKrupp
B.L	et	Tooted
B.L	et	Tunnuslause
B.L	et	Töötaja
B.L	et	Vabaajarõivad
B.L	et	Volkswagen Group
B.L	es	11 de abril
B.L	es	18 de agosto
B.L	es	1920
B.L	es	1948
B.L	es	1949
B.L	es	1970
B.L	es	1987
B.L	es	1990
B.L	es	1992
B.L	es	1997
B.L	es	19 de enero
B.L	es	2001
B.L	es	2004
B.L	es	2005
B.L	es	2006
B.L	es	2010
B.L	es	2014
B.L	es	3 de mayo
B.L	es	Adidas 1
B.L	es	Adidas Jabulani
B.L	es	Adolf Dassler
B.L	es	Agosto
B.L	es	Alemania
B.L	es	Amer Sports
B.L	es	Argentina
B.L	es	Beneficio económico
B.L	es	Bernard Tapie
B.L	es	Club América
B.L	es	Club Atlético River Plate
B.L	es	Copa Mundial de Fútbol
B.L	es	Copa Mundial de Fútbol de 1990
B.L	es	Copa Mundial de Fútbol de 2010
B.L	es	Crédit Lyonnais
B.L	es	Derrick Rose
B.L	es	Deuda activa
B.L	es	Dwight Howard
B.L	es	Dólar estadounidense
B.L	es	EBITDA
B.L	es	Emprendedor
B.L	es	Esquí
B.L	es	Estados Unidos
B.L	es	Euro
B.L	es	FIFA
B.L	es	Finlandia
B.L	es	Franco francés
B.L	es	Fútbol
B.L	es	Herbert Hainer
B.L	es	Herzogenaurach
B.L	es	Horst Dassler
B.L	es	Industria
B.L	es	Ingreso
B.L	es	Jeremy Scott
B.L	es	Julia Louis-Dreyfus
B.L	es	Kevin Garnett
B.L	es	Multinacional
B.L	es	Mundial de fútbol de 1994
B.L	es	México
B.L	es	NBA
B.L	es	Nike
B.L	es	Olympique de Marseille
B.L	es	Porsche
B.L	es	Premier
B.L	es	Puma (marca)
B.L	es	Reebok
B.L	es	Robert Louis-Dreyfus
B.L	es	Rockport (marca)
B.L	es	Rudolf Dassler
B.L	es	Seinfeld
B.L	es	Selección de fútbol de Alemania
B.L	es	Sitio web
B.L	es	Sociedad anónima
B.L	es	Stella McCartney
B.L	es	Stella Mc Cartney
B.L	es	Taylormade
B.L	es	Tim Duncan
B.L	es	Topper
B.L	es	Tracy McGrady
B.L	es	Umbro (marca)
B.L	es	Wikimedia Commons
B.L	es	Portal:Actualidad/18 de agosto de 1949
B.L	es	Anexo:Patrocinios de Adidas
B.L	ca	1920
B.L	ca	1924
B.L	ca	1990
B.L	ca	1993
B.L	ca	2001
B.L	ca	2005
B.L	ca	2006
B.L	ca	2007
B.L	ca	Adolf Dassler
B.L	ca	Aktiengesellschaft
B.L	ca	Alemanya
B.L	ca	Allianz
B.L	ca	BASF
B.L	ca	BMW
B.L	ca	Bandera de Germany
B.L	ca	Bayer
B.L	ca	Beiersdorf
B.L	ca	Borsa de Frankfurt
B.L	ca	Commerzbank
B.L	ca	DAX
B.L	ca	Daimler AG
B.L	ca	Deutsche Bank
B.L	ca	Deutsche Börse
B.L	ca	Deutsche Post
B.L	ca	Deutsche Telekom
B.L	ca	Disseny
B.L	ca	E.ON
B.L	ca	Emprenedor
B.L	ca	Executiu en cap
B.L	ca	Fresenius Medical Care
B.L	ca	Fresenius SE
B.L	ca	Germany
B.L	ca	Henkel
B.L	ca	Herbert Hainer
B.L	ca	Herzogenaurach
B.L	ca	Igor Landau
B.L	ca	Infineon Technologies
B.L	ca	Ingressos nets
B.L	ca	K+S
B.L	ca	Lufthansa
B.L	ca	MAN SE
B.L	ca	Manufacturació
B.L	ca	Merck KGaA
B.L	ca	Metro AG
B.L	ca	Munich Re
B.L	ca	Producte (màrqueting)
B.L	ca	RWE
B.L	ca	SAP AG
B.L	ca	Salzgitter AG
B.L	ca	Siemens AG
B.L	ca	Societat anònima
B.L	ca	The Linde Group
B.L	ca	ThyssenKrupp
B.L	ca	Tipus d'entitat empresarial
B.L	ca	Volkswagen Group
B.L	ca	Plantilla:Bandera/Germany
B.L	ca	Plantilla:Empreses DAX
B.L	bn	Adolf Dassler
B.L	bn	Aktiengesellschaft
B.L	bn	Asset
B.L	bn	CEO
B.L	bn	Chairman
B.L	bn	Clothing
B.L	bn	Earnings before interest and taxes
B.L	bn	Equity (finance)
B.L	bn	Fashion accessory
B.L	bn	Germany
B.L	bn	Herbert Hainer
B.L	bn	Net income
B.L	bn	Sports equipment
B.L	bn	Sportswear (activewear)
B.L	bn	Toiletries
B.L	bn	আডল্‌ফ ডাসলার
B.L	bn	জার্মানি
B.L	bn	টিকার চিহ্ন
B.L	bn	ব্যবসার ধরণ
B.L	bn	সহায়িকা:সূচী
B.L	bn	১৯৪৮
B.L	bn	উইকিপিডিয়া:RS
B.L	bn	উইকিপিডিয়া:Verifiability
B.L	bn	উইকিপিডিয়া:অসম্পূর্ণ
B.L	bn	উইকিপিডিয়া:উৎসনির্দেশ
B.L	bn	উইকিপিডিয়া:যাচাইযোগ্যতা
B.L	bn	টেমপ্লেট:FWB
B.L	bn	টেমপ্লেট:OTCQX
B.L	bn	টেমপ্লেট:অসম্পূর্ণ
B.L	bn	টেমপ্লেট আলোচনা:অসম্পূর্ণ
B.L	bg	18 август
B.L	bg	1949
B.L	bg	1954
B.L	bg	1978
B.L	bg	Азия
B.L	bg	Бавария
B.L	bg	Байерн Мюнхен
B.L	bg	Берн
B.L	bg	Германия
B.L	bg	Дейвид Бекъм
B.L	bg	Димитър Бербатов
B.L	bg	Зимни олимпийски игри 2006
B.L	bg	Зинедин Зидан
B.L	bg	Йордан Лечков
B.L	bg	Кака
B.L	bg	Компания
B.L	bg	Красимир Балъков
B.L	bg	Кристиано Роналдо
B.L	bg	Мадона
B.L	bg	Международен олимпийски комитет
B.L	bg	Михаел Балак
B.L	bg	Мюнхен
B.L	bg	Обувка
B.L	bg	Пума (компания)
B.L	bg	Спортно облекло
B.L	bg	Стивън Джерард
B.L	bg	Фернандо Торес
B.L	bg	Франк Лампард
B.L	bg	Херцогенаурах
B.L	be	1924
B.L	be	Allianz
B.L	be	BASF
B.L	be	BMW
B.L	be	Bayer
B.L	be	Beiersdorf
B.L	be	Bertrandt
B.L	be	Commerzbank
B.L	be	DAX
B.L	be	Daimler
B.L	be	Deutsche Bank
B.L	be	Deutsche Börse
B.L	be	Deutsche Post
B.L	be	Deutsche Telekom
B.L	be	E.ON
B.L	be	Fresenius
B.L	be	Fresenius SE
B.L	be	Hannover Re
B.L	be	Henkel
B.L	be	K+S
B.L	be	Lufthansa
B.L	be	MAN
B.L	be	Merck KGaA
B.L	be	Metro AG
B.L	be	Munich Re
B.L	be	RBK & CCM Hockey
B.L	be	RWE
B.L	be	Reebok
B.L	be	Rockport
B.L	be	SAP
B.L	be	Salzgitter AG
B.L	be	Siemens
B.L	be	Taylor-Made Golf
B.L	be	The Linde Group
B.L	be	ThyssenKrupp
B.L	be	Volkswagen Group
B.L	be	Y-3
B.L	be	Абутак
B.L	be	Адзежа
B.L	be	Англійская мова
B.L	be	Аперацыйны прыбытак
B.L	be	Выручка
B.L	be	Герберт Хайнер
B.L	be	Германія
B.L	be	Канцэрн
B.L	be	Лістынг, эканоміка
B.L	be	Прадукт, бізнес
B.L	be	Публічная кампанія
B.L	be	Сайт
B.L	be	Спартыўны інвентар
B.L	be	Спорт
B.L	be	Франкфурцкая фондавая біржа
B.L	be	Херцогенаўрах
B.L	be	Чысты прыбытак
B.L	be	Юрыдычная асоба
B.L	da	2004
B.L	da	2009
B.L	da	2012
B.L	da	30. juni
B.L	da	AC Milan
B.L	da	AaB
B.L	da	Adolf Dassler
B.L	da	Allianz
B.L	da	BASF
B.L	da	BMW
B.L	da	Bayer
B.L	da	Bayern München
B.L	da	Beiersdorf AG
B.L	da	Chelsea F.C
B.L	da	Commerzbank
B.L	da	Continental AG
B.L	da	DAX
B.L	da	Daimler AG
B.L	da	Deutsche Bank
B.L	da	Deutsche Börse
B.L	da	Deutsche Post
B.L	da	Deutsche Telekom
B.L	da	E.ON
B.L	da	Firma
B.L	da	Fodbold
B.L	da	Fresenius Medical Care
B.L	da	Fresenius SE
B.L	da	HeidelbergCement
B.L	da	Henkel
B.L	da	Hummel
B.L	da	Infineon Technologies
B.L	da	K+S
B.L	da	Lanxess
B.L	da	Linde AG
B.L	da	Liverpool F.C.
B.L	da	Lufthansa
B.L	da	Merck KGaA
B.L	da	Munich Re
B.L	da	Puma AG
B.L	da	RWE
B.L	da	Real Madrid
B.L	da	Reebok
B.L	da	Rudolph Dassler
B.L	da	SAP AG
B.L	da	Siemens AG
B.L	da	Sport
B.L	da	ThyssenKrupp
B.L	da	Tyskland
B.L	da	Virksomhed
B.L	da	Volkswagen Aktiengesellschaft
B.L	da	Wikimedia Commons
B.L	da	Wikipedia:Kildeangivelser
B.L	da	Hjælp:Artikeludvidelse
B.L	da	Hjælp:Stub
B.L	cs	1948
B.L	cs	1972
B.L	cs	20. století
B.L	cs	Adolf Dassler
B.L	cs	Akciová společnost
B.L	cs	Bota
B.L	cs	Firma
B.L	cs	Herzogenaurach
B.L	cs	Německo
B.L	cs	Puma (značka)
B.L	cs	Rudolf Dassler
B.L	cs	Sportovní oblečení
B.L	cs	Sportovní potřeby
B.L	cs	Wikimedia Commons
B.L	az	18 avqust
B.L	az	1924
B.L	az	1928
B.L	az	1936
B.L	az	1948
B.L	az	1949
B.L	az	2007
B.L	az	2008
B.L	az	2009
B.L	az	Adolf Dassler
B.L	az	Allianz
B.L	az	Almaniya
B.L	az	Amerika Birləşmiş Ştatları
B.L	az	Amsterdam
B.L	az	BASF
B.L	az	BMW
B.L	az	Bavariya
B.L	az	Bayer
B.L	az	Beiersdorf
B.L	az	Bekronim
B.L	az	Commerzbank
B.L	az	DAX
B.L	az	Daimler AG
B.L	az	Deutsche Bank
B.L	az	Deutsche Börse
B.L	az	Deutsche Post
B.L	az	Deutsche Telekom
B.L	az	E.ON
B.L	az	Fresenius Medical Care
B.L	az	Fresenius SE
B.L	az	Henkel
B.L	az	II Dünya müharibəsi
B.L	az	I Dünya müharibəsi
B.L	az	Infineon Technologies
B.L	az	K+S
B.L	az	Lufthansa
B.L	az	MAN SE
B.L	az	Merck KGaA
B.L	az	Metro AG
B.L	az	Munich Re
B.L	az	Puma şirkəti
B.L	az	Qolf
B.L	az	RWE
B.L	az	Reebok
B.L	az	Rudolf Dassler
B.L	az	SAP AG
B.L	az	Salzgitter
B.L	az	Siemens
B.L	az	The Linde Group
B.L	az	ThyssenKrupp
B.L	az	Veb-sayt
B.L	az	Volkswagen
B.L	az	Yay Olimpiya Oyunları 1936
B.L	az	Yay Olimpiya oyunları
B.L	az	İngilis dili
B.L	az	Şablon:DAX
B.L	az	Şablon müzakirəsi:DAX
B.L	ar	Der Spiegel
B.L	ar	The Daily Telegraph
B.L	ar	أدولف داسلر
B.L	ar	ألمانيا
B.L	ar	الإيرادات
B.L	ar	التيجرز
B.L	ar	الدين
B.L	ar	بوما
B.L	ar	بيسيكاتس (نادى رياضى تركى)
B.L	ar	تايلورميد
B.L	ar	تايلورميد- أديداس
B.L	ar	تشلسي
B.L	ar	تصميم
B.L	ar	تصنيع
B.L	ar	روكبورت (شركة)
B.L	ar	ريبوك
B.L	ar	شركة محدودة الاسهم
B.L	ar	صافي الدخل
B.L	ar	لغة ألمانية
B.L	ar	ليفربول
B.L	ar	ماراثون لندن
B.L	ar	مصطلح
B.L	ar	منتخب أسبانيا لكرة القدم
B.L	ar	منتخب ألمانيا لكرة القدم
B.L	ar	منتخب الأرجنتين لكرة القدم
B.L	ar	منتخب المكسيك لكرة القدم
B.L	ar	منتخب اليابان لكرة القدم
B.L	ar	منتخب اليونان لكرة القدم
B.L	ar	منتخب روسيا لكرة القدم
B.L	ar	منتخب رومانيا لكرة القدم
B.L	ar	منتخب نيجيريا لكرة القدم
B.L	ar	نادي الزمالك
B.L	ar	نادي الهلال السعودي
B.L	ar	هيرتسوجيناوراخ
B.L	ar	ويكيبيديا:بحاجة لمصدر
B.L	af	Duitsland
B.L	af	Gholf
B.L	af	Maxfli
B.L	af	Reebok
B.L	af	Taylormade
B.L	af	Wikimedia Commons
B.L	no	12. april
B.L	no	16. januar
B.L	no	18. august
B.L	no	1920
B.L	no	1948
B.L	no	1949
B.L	no	2005
B.L	no	2006
B.L	no	2008
B.L	no	21. mars
B.L	no	AC Milan
B.L	no	Adolf Dassler
B.L	no	Akronym
B.L	no	Argentina
B.L	no	Barbara Smit
B.L	no	Berlin
B.L	no	Bloomberg
B.L	no	Chelsea
B.L	no	David Beckham
B.L	no	Den andre verdenskrig
B.L	no	Den første verdenskrig
B.L	no	Euro
B.L	no	Fallskjerm
B.L	no	Golf
B.L	no	Hamarkameratene
B.L	no	Hellas
B.L	no	Jesse Owens
B.L	no	Kaka
B.L	no	Logo
B.L	no	Lær
B.L	no	Michael Ballack
B.L	no	Odd Grenland
B.L	no	Puma (selskap)
B.L	no	Real Madrid
B.L	no	Reebok
B.L	no	Rockport
B.L	no	Rosenborg Ballklub
B.L	no	Rudolf Dassler
B.L	no	Seilduk
B.L	no	Silke
B.L	no	Sommer-OL 1928
B.L	no	Sommer-OL 1936
B.L	no	Stabæk
B.L	no	Steven Gerrard
B.L	no	Taylormade
B.L	no	The Wall Street Journal
B.L	no	Tyskland
B.L	no	USA
B.L	no	Viking
B.L	oc	Alemanha
B.L	oc	BNF
B.L	oc	CALIS
B.L	oc	CiNii
B.L	oc	Entrepresa
B.L	oc	GND
B.L	oc	ISNI
B.L	oc	ISO standard
B.L	oc	LCCN
B.L	oc	Modèl discussion:Infobox
B.L	oc	NDL
B.L	oc	Q1615401
B.L	oc	Q76751
B.L	oc	SUDOC
B.L	oc	ULAN
B.L	oc	Wikimedia Commons
B.L	oc	Modèl:Infobox
B.L	oc	Discussion Modèl:Infobox
B.L	pl	1924
B.L	pl	A.D.I.D.A.S.
B.L	pl	Adidas Jabulani
B.L	pl	Adolf Dassler
B.L	pl	Allianz
B.L	pl	BASF
B.L	pl	BMW
B.L	pl	Bawaria
B.L	pl	Bayer AG
B.L	pl	Beiersdorf AG
B.L	pl	Branża
B.L	pl	Clean Clothes Campaign
B.L	pl	Commerzbank
B.L	pl	DAX
B.L	pl	Daimler AG
B.L	pl	Deutsche Bank
B.L	pl	Deutsche Börse
B.L	pl	Deutsche Post
B.L	pl	Deutsche Telekom
B.L	pl	E.ON
B.L	pl	Euro
B.L	pl	Formy prawne przedsiębiorstw
B.L	pl	Franz Beckenbauer
B.L	pl	Fresenius
B.L	pl	Fresenius Medical Care
B.L	pl	Henkel
B.L	pl	Herzogenaurach
B.L	pl	Infineon
B.L	pl	International Textile Garment and Leather Workers Federation
B.L	pl	Język angielski
B.L	pl	Język polski
B.L	pl	K+S
B.L	pl	Letnie Igrzyska Olimpijskie 2008
B.L	pl	Levi Strauss & Co.
B.L	pl	Linde AG
B.L	pl	Lufthansa
B.L	pl	MAN SE
B.L	pl	Merck KGaA
B.L	pl	Metro Group
B.L	pl	Munich Re
B.L	pl	Niemcy
B.L	pl	Niemcy Zachodnie
B.L	pl	Nike (firma)
B.L	pl	Oxfam
B.L	pl	Produkt (marketing)
B.L	pl	Przychód (ekonomia)
B.L	pl	Puma AG
B.L	pl	RWE (koncern)
B.L	pl	Reebok
B.L	pl	SAP AG
B.L	pl	Salzgitter AG
B.L	pl	Siedziba (prawo)
B.L	pl	Siemens AG
B.L	pl	Spółka akcyjna
B.L	pl	ThyssenKrupp
B.L	pl	Volkswagen AG
B.L	pl	Zatrudnienie
B.L	pl	Wikipedia:Weryfikowalność
B.L	pl	Szablon:DAX
B.L	pl	Dyskusja szablonu:DAX
B.L	bar	Aktiengesellschaft
B.L	bar	Bayern
B.L	bar	DAX
B.L	bar	Firmensitz
B.L	bar	Frankfurter Wertpapierbörse
B.L	bar	Gründung (Recht)
B.L	bar	Gschäftsleitung
B.L	bar	Herzogenaurach
B.L	bar	Horst Dassler
B.L	bar	International Securities Identification Number
B.L	bar	Mitarbeiter
B.L	bar	Nike (Unternehmen)
B.L	bar	Produkt (Wirtschaft)
B.L	bar	Rechtsform
B.L	bar	Umsatz
B.L	bar	Website
B.L	bar	Westmittelbairisch
B.L	bar	Vorlog:Coordinate/Wartung/elevation
B.L	bar	Vorlog:Info ISO-3166-2:DE
B.L	lv	1924. gads
B.L	lv	Aksesuāri
B.L	lv	Bloomberg L.P.
B.L	lv	Eiro
B.L	lv	Hercogenauraha
B.L	lv	Nike
B.L	lv	Reebok
B.L	lv	Sporta apavi
B.L	lv	Sporta apģērbi
B.L	lv	Sports
B.L	lv	Tekstils
B.L	lv	Vācija
B.L	lv	Vikipēdija:Aizmetnis
B.L	lv	Palīdzība:Rediģēšana, noformēšana
B.L	lt	1924
B.L	lt	1949 m.
B.L	lt	Akcinė bendrovė
B.L	lt	Allianz
B.L	lt	Avalynė
B.L	lt	BASF
B.L	lt	BMW
B.L	lt	Bayer
B.L	lt	Beiersdorf
B.L	lt	Commerzbank
B.L	lt	DAX
B.L	lt	Daimler AG
B.L	lt	Deutsche Bank
B.L	lt	Deutsche Börse
B.L	lt	Deutsche Post
B.L	lt	Deutsche Telekom
B.L	lt	Drabužiai
B.L	lt	E.ON
B.L	lt	Europa
B.L	lt	Fresenius (company)
B.L	lt	Fresenius Medical Care
B.L	lt	HeidelbergCement
B.L	lt	Henkel
B.L	lt	Herzogenaurach
B.L	lt	Infineon Technologies
B.L	lt	K+S
B.L	lt	Lufthansa
B.L	lt	MAN SE
B.L	lt	Merck KGaA
B.L	lt	Metro AG
B.L	lt	Munich Re
B.L	lt	Organizacinė-teisinė forma
B.L	lt	Pramonė
B.L	lt	Puma AG
B.L	lt	RWE
B.L	lt	SAP AG
B.L	lt	Siemens
B.L	lt	Sportas
B.L	lt	The Linde Group
B.L	lt	ThyssenKrupp
B.L	lt	Vokietija
B.L	lt	Volkswagen Group
B.L	lt	Šablonas:DAX companies
B.L	lt	Šablono aptarimas:DAX companies
B.L	mk	1948
B.L	mk	1949
B.L	mk	2009
B.L	mk	AFC Ајакс
B.L	mk	AdiPure
B.L	mk	AdidasGolf
B.L	mk	Adidas Group
B.L	mk	Amer Sports
B.L	mk	Anta
B.L	mk	Argentinian Pumas
B.L	mk	Ashworth
B.L	mk	Beшикташ
B.L	mk	Callaway Golf company
B.L	mk	Collingwood
B.L	mk	Delhi Daredevils
B.L	mk	Eagles
B.L	mk	Essendon
B.L	mk	F50
B.L	mk	Feather
B.L	mk	Fitness World
B.L	mk	GK Elite Sportswear
B.L	mk	Gold Coast Titans
B.L	mk	Irish Munster Rugby
B.L	mk	Jabulani
B.L	mk	Major League Soccer
B.L	mk	Maxfli
B.L	mk	Mumbai Indians
B.L	mk	NCAA
B.L	mk	NRL
B.L	mk	New Zealand All Blacks
B.L	mk	Official sport
B.L	mk	Predator
B.L	mk	Pro Model
B.L	mk	Reebok
B.L	mk	Response
B.L	mk	Run-DMC
B.L	mk	Salomon Group
B.L	mk	South African Stormers
B.L	mk	Stade Français
B.L	mk	Superstar
B.L	mk	TaylorMade
B.L	mk	Traxion
B.L	mk	Under Armour
B.L	mk	Western Province
B.L	mk	Јужен Мелбурн ФК
B.L	mk	Ал-АХЛИ
B.L	mk	Ал-Хилал
B.L	mk	Ана Ивановиќ
B.L	mk	Ахли Џеда
B.L	mk	Баерн Минхен
B.L	mk	Бенфика
B.L	mk	Галатасарај
B.L	mk	Германија
B.L	mk	Динамо Киев
B.L	mk	Енди Мареј
B.L	mk	ИФК Гетеборг
B.L	mk	Каракас
B.L	mk	Ливерпул
B.L	mk	Лион, Марсеј
B.L	mk	Марија Кириленко
B.L	mk	Металист
B.L	mk	Милан
B.L	mk	НБА
B.L	mk	Најк
B.L	mk	Палмеира
B.L	mk	Панатинаикос
B.L	mk	Партизан од Белград
B.L	mk	Пума АГ
B.L	mk	Рапид Виена
B.L	mk	Реал Мадрид
B.L	mk	Риверплејт
B.L	mk	СП 2010
B.L	mk	Спорт
B.L	mk	Стоук Сити
B.L	mk	ФИФА
B.L	mk	Фенербахче
B.L	mk	Финска
B.L	mk	Флуминезе
B.L	mk	ЦРС Андерлехт
B.L	mk	Челзи
B.L	mk	Шалке 04
B.L	mk	Википедија:Направете мрежа
B.L	mk	Википедија:Правете само врски што се поврзани со контекстот
B.L	mk	Википедија:Прирачник за стилот
B.L	mk	Категорија:Статии за викифицирање
B.L	ml	Adidas
B.L	ml	Aktiengesellschaft
B.L	ml	Asset
B.L	ml	CEO
B.L	ml	Chairman
B.L	ml	Clothing
B.L	ml	Earnings before interest and taxes
B.L	ml	Equity (finance)
B.L	ml	Euro
B.L	ml	Fashion accessory
B.L	ml	Frankfurt Stock Exchange
B.L	ml	Germany
B.L	ml	Herbert Hainer
B.L	ml	Sports equipment
B.L	ml	Sportswear (activewear)
B.L	ml	Ticker symbol
B.L	ml	Toiletries
B.L	ml	Types of business entity
B.L	ml	അഡൊൾഫ് ഡാസ്ലർ
B.L	ml	അഡോൾഫ് ഡാസ്‌ലർ
B.L	ml	ആകെ വരുമാനം
B.L	ml	ജർമനി
B.L	ml	യൂറോപ്പ്
B.L	ml	റീബോക്ക്
B.L	ml	ഫലകം:OTCQX
B.L	ml	ഫലകം:Prettyurl
B.L	mr	बहुराष्ट्रीय कंपनी
B.L	mr	चर्चा:आदिदास
B.L	mr	विकिपीडिया:अपूर्ण लेख
B.L	mr	वर्ग:विस्तार विनंती
B.L	ms	A.D.I.D.A.S.
B.L	ms	Adolf Dassler
B.L	ms	Aktiengesellschaft
B.L	ms	Barangan akhir
B.L	ms	Bloomberg L.P.
B.L	ms	Chief executive officer
B.L	ms	Eropah
B.L	ms	Euro
B.L	ms	Frankfurt Stock Exchange
B.L	ms	Herbert Hainer
B.L	ms	Herzogenaurach
B.L	ms	Jenis entiti bisnes
B.L	ms	Jerman
B.L	ms	Kasut
B.L	ms	Korn
B.L	ms	Lembaga penyeliaan
B.L	ms	Nike
B.L	ms	Pakaian
B.L	ms	Pakaian sukan
B.L	ms	Pendapatan bersih
B.L	ms	Peralatan sukan
B.L	ms	Perkakas mandian
B.L	ms	Perkilangan
B.L	ms	Perolehan sebelum faedah dan cukai
B.L	ne	2009-05-14
B.L	ne	22 October 2010
B.L	ne	Adolf Dassler
B.L	ne	Aktiengesellschaft
B.L	ne	Chief executive officer
B.L	ne	Chief financial officer
B.L	ne	Clothing
B.L	ne	Der Spiegel
B.L	ne	Earnings before interest and taxes
B.L	ne	Equity (finance)
B.L	ne	Euro
B.L	ne	Final goods
B.L	ne	Footwear
B.L	ne	Frankfurt Stock Exchange
B.L	ne	Germany
B.L	ne	Herbert Hainer
B.L	ne	Herzogenaurach
B.L	ne	Manufacturing
B.L	ne	Nepali Wikipedia Translator
B.L	ne	Portal:Companies
B.L	ne	Robin Stalker
B.L	ne	San Diego Business Journal
B.L	ne	Sports equipment
B.L	ne	Sportswear
B.L	ne	Supervisory board
B.L	ne	Toiletries
B.L	ne	अना इवानोविच
B.L	ne	अफ्रीकी अमेरिकी
B.L	ne	अमेरिकी डलर
B.L	ne	अस्ट्रेलिया क्रिकेट टीम
B.L	ne	आइरल्याण्ड
B.L	ne	आचारशास्त्र
B.L	ne	आम्दानी
B.L	ne	आयरलैण्ड
B.L	ne	इंग्ल्याण्ड
B.L	ne	इंग्ल्याण्ड क्रिकेट टीम
B.L	ne	इंडियन प्रीमियर लीग
B.L	ne	उत्पादन
B.L	ne	उद्योग
B.L	ne	एन्डी मरे
B.L	ne	एलीशिया मलिक
B.L	ne	एशिया
B.L	ne	औरिगन
B.L	ne	कामदार
B.L	ne	क्यालिफोर्निया
B.L	ne	क्रिकेट
B.L	ne	गल्फ
B.L	ne	घडी
B.L	ne	चेल्सी एफ.सी.
B.L	ne	जर्मनी
B.L	ne	जस्टिन हेनिन
B.L	ne	जाइल्स सिमौं
B.L	ne	डेनियला हंचुकोवा
B.L	ne	दक्षिण अफ्रीका
B.L	ne	दिनारा सफीना
B.L	ne	दिवाला
B.L	ne	देल्ही डेयरडेविल्स
B.L	ne	नारा
B.L	ne	नेशनल बास्केटबल असोसिएशन
B.L	ne	न्यूजीलैण्ड
B.L	ne	पैरिस
B.L	ne	प्रथम विश्वयुद्ध
B.L	ne	फर्नान्डो भर्डास्को
B.L	ne	फाइदा
B.L	ne	फीफा
B.L	ne	फीफा विश्व कप
B.L	ne	फ्रान्स
B.L	ne	बजट
B.L	ne	बीजिंग २००८ ओलंपिक्स
B.L	ne	बेयर्न
B.L	ne	बैंक
B.L	ne	माइक्रोप्रोसेसर
B.L	ne	मारिया किरिलैंको
B.L	ne	मुंबई इंडियंस
B.L	ne	मैडोना (मनोरंजनकर्ता)
B.L	ne	यूरो
B.L	ne	यूरोप
B.L	ne	रग्बी लीग
B.L	ne	लगानी
B.L	ne	लिभरपूल एफ.सी.
B.L	ne	लोशन
B.L	ne	विपणन
B.L	ne	वीरेन्द्र सहवाग
B.L	ne	वेबसाइट
B.L	ne	व्यवस्थापक
B.L	ne	व्यापारको प्रकार
B.L	ne	संयुक्त राजशाही (ब्रिटेन)
B.L	ne	संयुक्त राज्य अमेरिका
B.L	ne	सचिन तेंदुलकर
B.L	ne	सरकार
B.L	ne	विकिपीडिया:Linkrot
B.L	ne	विकिपीडिया:स्रोत नखुलेको
B.L	ne	ढाँचा:Citation needed
B.L	ne	ढाँचा:Portal/Images/Companies
B.L	nl	18 september
B.L	nl	1949
B.L	nl	1972
B.L	nl	1996
B.L	nl	AC Milan
B.L	nl	AFC Ajax
B.L	nl	Acroniem
B.L	nl	Adidas Fevernova
B.L	nl	Adidas Jabulani
B.L	nl	Adidas Questra
B.L	nl	Adidas Roteiro
B.L	nl	Adidas Teamgeist
B.L	nl	Adidas Terrestra Silverstream
B.L	nl	Adidas Tricolore
B.L	nl	Adolf Dassler
B.L	nl	Allianz
B.L	nl	Amer Sports
B.L	nl	Amerikaanse
B.L	nl	Andre Agassi
B.L	nl	Argentinië
B.L	nl	BASF (chemieconcern)
B.L	nl	BMW
B.L	nl	Bayer
B.L	nl	Bayern München
B.L	nl	Beieren
B.L	nl	Beiersdorf AG
B.L	nl	Besiktas JK
B.L	nl	Bestuursvoorzitter
B.L	nl	Chelsea FC
B.L	nl	Commerzbank
B.L	nl	Continental AG
B.L	nl	DAX-index
B.L	nl	Daimler (Duitsland)
B.L	nl	David Beckham
B.L	nl	Deutsche Bank
B.L	nl	Deutsche Börse
B.L	nl	Deutsche Post
B.L	nl	Deutsche Telekom
B.L	nl	Duitsland
B.L	nl	E.ON
B.L	nl	Effectenbeurs
B.L	nl	Euro
B.L	nl	Europass (voetbal)
B.L	nl	Europees kampioenschap voetbal
B.L	nl	FC Barcelona
B.L	nl	FC Schalke 04
B.L	nl	FIFA
B.L	nl	Fenerbahçe SK
B.L	nl	Frankfurter Wertpapierbörse
B.L	nl	Fresenius
B.L	nl	Fresenius Medical Care
B.L	nl	Golf (sport)
B.L	nl	Haile Gebrselassie
B.L	nl	Hamburger SV
B.L	nl	HeidelbergCement
B.L	nl	Henkel KGaA
B.L	nl	Herbert Hainer
B.L	nl	Herzogenaurach
B.L	nl	Infineon
B.L	nl	Jan Ullrich
B.L	nl	Jesse Owens
B.L	nl	Johan Cruijff
B.L	nl	Jonah Lomu
B.L	nl	Jonny Wilkinson
B.L	nl	Justine Henin
B.L	nl	K+S
B.L	nl	Kleding
B.L	nl	Korn (band)
B.L	nl	Lanxess
B.L	nl	Linde AG
B.L	nl	Lionel Messi
B.L	nl	Lufthansa
B.L	nl	Luis Alberto Suárez
B.L	nl	Marokko
B.L	nl	Martina Hingis
B.L	nl	Merck KGaA
B.L	nl	Mexico (land)
B.L	nl	Michael Ballack
B.L	nl	Muhammad Ali
B.L	nl	Münchener Rück
B.L	nl	Nationaalsocialistische Duitse Arbeiderspartij
B.L	nl	National Basketball Association
B.L	nl	Nederlands voetbalelftal
B.L	nl	Nederlandse hockeyploeg (mannen)
B.L	nl	Nederlandse hockeyploeg (vrouwen)
B.L	nl	Neurenberg
B.L	nl	Nieuw-Zeelands rugbyteam
B.L	nl	Nike, Inc.
B.L	nl	Olympique Lyonnais
B.L	nl	Olympique Marseille
B.L	nl	Olympische Winterspelen 2006
B.L	nl	Omzet
B.L	nl	Puma (concern)
B.L	nl	RSC Anderlecht
B.L	nl	RWE (energie)
B.L	nl	Real Madrid
B.L	nl	Reebok
B.L	nl	Robin van Persie
B.L	nl	Rudolf Dassler
B.L	nl	Run-D.M.C.
B.L	nl	SAP AG
B.L	nl	SE Palmeiras
B.L	nl	SL Benfica (voetbalclub)
B.L	nl	Salomon Group
B.L	nl	Schutzstaffel
B.L	nl	Siemens AG
B.L	nl	Skiën
B.L	nl	Snoop Lion
B.L	nl	Snowboard
B.L	nl	Spanje
B.L	nl	Sponsor
B.L	nl	Sport
B.L	nl	Sportschoen
B.L	nl	Stella McCartney
B.L	nl	Super 15
B.L	nl	Tango 12
B.L	nl	TaylorMade
B.L	nl	Team Deutsche Telekom
B.L	nl	Team HTC-High Road
B.L	nl	Team Sky
B.L	nl	ThyssenKrupp
B.L	nl	UEFA
B.L	nl	Venezuela
B.L	nl	VfL Wolfsburg
B.L	nl	Volkswagen AG
B.L	nl	Wehrmacht
B.L	nl	Wereldkampioenschap voetbal
B.L	nl	Wikimedia Commons
B.L	nl	Winst (onderneming)
B.L	nl	Wintersport
B.L	nl	Zinédine Zidane
B.L	nl	Portaal:Economie
B.L	jv	1949
B.L	jv	2003
B.L	jv	2005
B.L	jv	Adidas Predator
B.L	jv	Adidas Superstar
B.L	jv	Aksesoris
B.L	jv	Allianz Group
B.L	jv	Altana
B.L	jv	BASF
B.L	jv	BMW
B.L	jv	Bayer AG
B.L	jv	Berkas:green up.png
B.L	jv	Commerzbank AG
B.L	jv	Continental AG
B.L	jv	DAX
B.L	jv	DaimlerChrysler
B.L	jv	Deutsche Bank
B.L	jv	Deutsche Börse Group
B.L	jv	Deutsche Post
B.L	jv	Deutsche Telekom
B.L	jv	Dolar Amerika Serikat
B.L	jv	E.ON
B.L	jv	Fresenius AG
B.L	jv	Henkel
B.L	jv	Herbert Hainer
B.L	jv	Herzogenaurach
B.L	jv	Hoechst
B.L	jv	HypoVereinsbank
B.L	jv	Infineon Technologies
B.L	jv	Jerman
B.L	jv	Linde
B.L	jv	Lufthansa
B.L	jv	MAN SE
B.L	jv	Metro Group
B.L	jv	Münchener Rück
B.L	jv	Nike
B.L	jv	Nuremberg
B.L	jv	Perusahaan
B.L	jv	Perusahaan publik
B.L	jv	Puma AG
B.L	jv	RWE AG
B.L	jv	Reebok
B.L	jv	Rudolf Dassler
B.L	jv	SAP Aktiengesellschaft
B.L	jv	Schering
B.L	jv	Sepatu
B.L	jv	Siemens AG
B.L	jv	Situs
B.L	jv	Slogan
B.L	jv	TUI AG
B.L	jv	Tekstil
B.L	jv	ThyssenKrupp
B.L	jv	Volkswagen
B.L	jv	Panganggo:Legobot
B.L	jv	Wikipedia:Diakritik
B.L	jv	Wikipedia:Gambar
B.L	jv	Wikipedia:Interwiki
B.L	jv	Wikipedia:Kategori
B.L	jv	Wikipedia:Ngrapèkaké artikel
B.L	jv	Wikipedia:Rintisan
B.L	jv	Wikipedia:Wikifikasi
B.L	jv	Cithakan:DAX companies
B.L	jv	Dhiskusi Cithakan:DAX companies
B.L	ka	2007
B.L	ko	1. FC 뉘른베르크
B.L	ko	1924년
B.L	ko	1948년
B.L	ko	1949년
B.L	ko	1963년
B.L	ko	1970년 멕시코 월드컵
B.L	ko	1997년
B.L	ko	2005년
B.L	ko	8월 18일
B.L	ko	AC 밀란
B.L	ko	AFC 아약스
B.L	ko	AS 생테티엔
B.L	ko	BASF
B.L	ko	BMW
B.L	ko	DAX
B.L	ko	E.ON
B.L	ko	FC 도쿄
B.L	ko	FC 디나모 키예프
B.L	ko	FC 레드불 잘츠부르크
B.L	ko	FC 바이에른 뮌헨
B.L	ko	FC 바이에른 뮌헨 (농구)
B.L	ko	FC 바젤
B.L	ko	FC 바테
B.L	ko	FC 샬케 04
B.L	ko	FC 안지 마하치칼라
B.L	ko	FK 파르티잔
B.L	ko	K+S
B.L	ko	MAN SE
B.L	ko	PFC CSKA 모스크바
B.L	ko	RSC 안더레흐트
B.L	ko	RWE
B.L	ko	SAP AG
B.L	ko	SE 파우메이라스
B.L	ko	SL 벤피카
B.L	ko	VfL 볼프스부르크
B.L	ko	구자철
B.L	ko	그리스
B.L	ko	그리스 축구 국가대표팀
B.L	ko	나이지리아
B.L	ko	나이지리아 축구 국가대표팀
B.L	ko	나이키
B.L	ko	네덜란드
B.L	ko	뉘른베르크
B.L	ko	뉴질랜드
B.L	ko	뉴질랜드 럭비 유니온 국가대표팀
B.L	ko	다임러 AG
B.L	ko	대한민국
B.L	ko	대한민국 핸드볼 국가대표팀
B.L	ko	덴마크
B.L	ko	덴마크 축구 국가대표팀
B.L	ko	도이체 방크
B.L	ko	도이체 뵈르제
B.L	ko	도이체 텔레콤
B.L	ko	도이체 포스트
B.L	ko	독일
B.L	ko	독일 축구 국가대표팀
B.L	ko	디나모 모스크바
B.L	ko	라트비아
B.L	ko	러시아
B.L	ko	러시아 축구 국가대표팀
B.L	ko	레알 마드리드 CF
B.L	ko	레알 마드리드 발론세스토
B.L	ko	로토 스포르트 이탈리아
B.L	ko	롯데 자이언츠
B.L	ko	루돌프 다슬러
B.L	ko	루마니아
B.L	ko	루마니아 축구 국가대표팀
B.L	ko	루프트한자
B.L	ko	르꼬끄 스포르티브
B.L	ko	리버 플레이트
B.L	ko	리복
B.L	ko	린데 AG
B.L	ko	메르크
B.L	ko	메이저 리그 사커
B.L	ko	메트로 AG
B.L	ko	멕시코
B.L	ko	멕시코 축구 국가대표팀
B.L	ko	모로코
B.L	ko	모로코 축구 국가대표팀
B.L	ko	뮤닉 리
B.L	ko	미국
B.L	ko	미국 프로 농구 협회
B.L	ko	미즈노
B.L	ko	바이어 04 레버쿠젠
B.L	ko	바이어스도르프
B.L	ko	바이엘 (기업)
B.L	ko	박종우 (1989년)
B.L	ko	베식타쉬 JK
B.L	ko	벨기에
B.L	ko	벨라루스
B.L	ko	볼턴 원더러스 FC
B.L	ko	북아일랜드
B.L	ko	북아일랜드 축구 국가대표팀
B.L	ko	브라질
B.L	ko	살로몬
B.L	ko	선덜랜드 AFC
B.L	ko	세르비아
B.L	ko	셀타 비고
B.L	ko	손흥민
B.L	ko	수원 삼성 블루윙즈
B.L	ko	스완지 시티 AFC
B.L	ko	스웨덴
B.L	ko	스웨덴 축구 국가대표팀
B.L	ko	스위스
B.L	ko	스코틀랜드
B.L	ko	스코틀랜드 축구 국가대표팀
B.L	ko	스토크 시티 FC
B.L	ko	스페인
B.L	ko	스페인 축구 국가대표팀
B.L	ko	스포츠
B.L	ko	아돌프 다슬러
B.L	ko	아르헨티나
B.L	ko	아르헨티나 축구 국가대표팀
B.L	ko	아머 스포츠
B.L	ko	아식스
B.L	ko	알리안츠
B.L	ko	알비렉스 니가타
B.L	ko	엄브로
B.L	ko	영국
B.L	ko	오스트리아
B.L	ko	올랭피크 드 마르세유
B.L	ko	올랭피크 리옹
B.L	ko	요코하마 F. 마리노스
B.L	ko	우크라이나
B.L	ko	우크라이나 축구 국가대표팀
B.L	ko	웨스트 브로미치 앨비언 FC
B.L	ko	웨일스
B.L	ko	위키미디어 공용
B.L	ko	이집트
B.L	ko	이집트 축구 국가대표팀
B.L	ko	이탈리아
B.L	ko	인피니온 테크놀로지스
B.L	ko	일본
B.L	ko	일본 축구 국가대표팀
B.L	ko	잉글랜드
B.L	ko	자코
B.L	ko	제2차 세계 대전
B.L	ko	조마
B.L	ko	중국
B.L	ko	중국 축구 국가대표팀
B.L	ko	지멘스 AG
B.L	ko	차두리
B.L	ko	첼시 FC
B.L	ko	치바스 과달라하라
B.L	ko	카파 (기업)
B.L	ko	캐나다
B.L	ko	코메르츠방크
B.L	ko	콜롬비아
B.L	ko	콜롬비아 축구 국가대표팀
B.L	ko	크로아티아
B.L	ko	크로아티아 농구 국가대표팀
B.L	ko	터키
B.L	ko	텔스타 (축구공)
B.L	ko	티센크루프
B.L	ko	파나티나이코스 BC
B.L	ko	파나티나이코스 FC
B.L	ko	파라과이
B.L	ko	파라과이 축구 국가대표팀
B.L	ko	페네르바흐체 SK
B.L	ko	포르투갈
B.L	ko	폭스바겐 AG
B.L	ko	푸마
B.L	ko	프랑스
B.L	ko	프랑크푸르트 증권거래소
B.L	ko	프레제니우스 (기업)
B.L	ko	프레제니우스 메디컬 케어
B.L	ko	핀란드
B.L	ko	핀란드 축구 국가대표팀
B.L	ko	하이델베르그시멘트
B.L	ko	함부르크 SV
B.L	ko	험멜
B.L	ko	헝가리
B.L	ko	헝가리 축구 국가대표팀
B.L	ko	헤르초게나우라흐
B.L	ko	헨켈
B.L	ko	휠라
B.L	ko	틀:DAX
B.L	ko	틀토론:DAX
B.L	kk	1920
B.L	kk	1954
B.L	kk	Айналым қаражаты
B.L	kk	Аяқкиім
B.L	kk	Бірінші дүниежүзілік соғыс
B.L	kk	Герберт Хайнер
B.L	kk	Германия
B.L	kk	Жүгіру
B.L	kk	Иіссулар
B.L	kk	Киім
B.L	kk	Соңғы тауар
B.L	kk	Спорт
B.L	kk	Спорт аспаптары
B.L	kk	Спорт киімі
B.L	kk	Таза табыс
B.L	kk	Теннис
B.L	kk	Франкфурт қор биржасы
B.L	kk	Футбол
B.L	kk	Херцогенаурах
B.L	kk	Өндіріс
B.L	kk	Өнім
B.L	kn	2009-05-14
B.L	kn	22 October 2010
B.L	kn	A.D.I.D.A.S.
B.L	kn	Adolf Dassler
B.L	kn	Aktiengesellschaft
B.L	kn	American Depositary Receipt
B.L	kn	Bloomberg L.P.
B.L	kn	Chief executive officer
B.L	kn	Chief financial officer
B.L	kn	Clothing
B.L	kn	Der Spiegel
B.L	kn	Euro
B.L	kn	Final goods
B.L	kn	Footwear
B.L	kn	Frankfurt Stock Exchange
B.L	kn	Germany
B.L	kn	Herbert Hainer
B.L	kn	Herzogenaurach
B.L	kn	Korn
B.L	kn	List of Adidas sponsorships
B.L	kn	Manufacturing
B.L	kn	Robin Stalker
B.L	kn	San Diego Business Journal
B.L	kn	Sports equipment
B.L	kn	Sportswear
B.L	kn	Supervisory board
B.L	kn	Toiletries
B.L	kn	ಅಂತರಜಾಲ ತಾಣ
B.L	kn	ಅಮೇರಿಕ ಸಂಯುಕ್ತ ಸಂಸ್ಥಾನ
B.L	kn	ಆದಾಯ
B.L	kn	ಆರೆಗನ್
B.L	kn	ಆಸ್ಟ್ರೇಲಿಯಾ ಕ್ರಿಕೆಟ್ ತಂಡ
B.L	kn	ಇಂಗ್ಲೆಂಡ್ ಕ್ರಿಕೆಟ್ ತಂಡ
B.L	kn	ಉತ್ಪನ
B.L	kn	ಉದ್ಯಮ
B.L	kn	ಉದ್ಯಮ ಘಟಕದ ಪ್ರಕಾರಗಳು
B.L	kn	ಉದ್ಯಮಿ
B.L	kn	ಉದ್ಯೋಗ
B.L	kn	ಏಷ್ಯಾ
B.L	kn	ಕನ್ನಡಕ
B.L	kn	ಕ್ಯಾಲಿಫೊರ್ನಿಯ
B.L	kn	ಕ್ರಿಕೆಟ್
B.L	kn	ಜರ್ಮನಿ
B.L	kn	ದಕ್ಷಿಣ ಆಫ್ರಿಕಾ
B.L	kn	ನಿವ್ವಳ ಆದಾಯ
B.L	kn	ನೈಕ್‌, Inc.
B.L	kn	ನ್ಯೂ ಜೀಲ್ಯಾಂಡ್
B.L	kn	ಪ್ಯಾರಿಸ್
B.L	kn	ಫ್ರಾನ್ಸ್
B.L	kn	ಬಡ್ಡಿ ಮತ್ತು ತೆರಿಗೆಯ ಮುನ್ನ ಆದಾಯ
B.L	kn	ಬ್ಯಾಂಕ್
B.L	kn	ಭಾರತೀಯ ಪ್ರಿಮಿಯರ್ ಲೀಗ್
B.L	kn	ಮೈಕ್ರೊಪ್ರೊಸೆಸರ್
B.L	kn	ಮೊದಲನೇ ಮಹಾಯುದ್ಧ
B.L	kn	ಯುನೈಟೆಡ್ ಕಿಂಗ್‍ಡಮ್
B.L	kn	ಯುರೋ
B.L	kn	ಯುರೋಪ್
B.L	kn	ವ್ಯಾಪಾರೋದ್ಯಮ
B.L	kn	ಸಂಯುಕ್ತ ಸಂಸ್ಥಾನದ ಡಾಲರ್
B.L	kn	ಸಚಿನ್ ತೆಂಡೂಲ್ಕರ್
B.L	kn	೨೦೦೮ ಒಲಂಪಿಕ್ ಕ್ರೀಡಾಕೂಟ
B.L	kn	ವಿಕಿಪೀಡಿಯ:ಉಲ್ಲೇಖನ ನೀಡುವಿಕೆ
B.L	kn	ಟೆಂಪ್ಲೇಟು:Citation needed
B.L	kn	ಟೆಂಪ್ಲೇಟು:DAX companies
B.L	kn	ಟೆಂಪ್ಲೇಟು:Fr icon
B.L	kn	ಟೆಂಪ್ಲೇಟು:Pinksheets
B.L	kn	ವರ್ಗ:Wikipedia articles needing cleanup from November 2010
B.L	kn	ವರ್ಗ:ಜಡ ಬಾಹ್ಯ ಸಂಪರ್ಕವಿರುವ ಲೇಖನಗಳು from October 2010
B.L	hr	18. kolovoza
B.L	hr	1924.
B.L	hr	1936
B.L	hr	1948
B.L	hr	1949
B.L	hr	1999.
B.L	hr	2007.
B.L	hr	2008
B.L	hr	2009.
B.L	hr	AC Milan
B.L	hr	Ana Ivanović
B.L	hr	Argentinska nogometna reprezentacija
B.L	hr	Atletika
B.L	hr	Bavarska
B.L	hr	Chelsea FC
B.L	hr	Dodatna
B.L	hr	Drugi svjetski rat
B.L	hr	Europa
B.L	hr	Francuska nogometna reprezentacija
B.L	hr	Golf
B.L	hr	Herzogenaurach
B.L	hr	IX. Olimpijske igre - Amsterdam 1928.
B.L	hr	Informatika
B.L	hr	Jesse Owens
B.L	hr	Korporacija
B.L	hr	Kriket
B.L	hr	Lacrosse
B.L	hr	Liverpool FC
B.L	hr	Marcos Baghdatis
B.L	hr	Marija Šarapova
B.L	hr	Milijun
B.L	hr	Nike, Inc.
B.L	hr	Njemačka
B.L	hr	Nogomet
B.L	hr	Odjeća
B.L	hr	Oprema
B.L	hr	Proizvod
B.L	hr	Prvi svjetski rat
B.L	hr	Puma AG
B.L	hr	Real Madrid
B.L	hr	Reebok
B.L	hr	Rockport
B.L	hr	SAD
B.L	hr	Sport
B.L	hr	Svijet
B.L	hr	Svjetsko prvenstvo u nogometu - Njemačka 2006.
B.L	hr	TaylorMade-adidas
B.L	hr	Tenis
B.L	hr	Tenisice
B.L	hr	XI. Olimpijske igre - Berlin 1936.
B.L	hr	XXIX. Olimpijske igre - Peking 2008.
B.L	hr	Španjolska nogometna reprezentacija
B.L	hr	€
B.L	hu	1920
B.L	hu	1920-as évek
B.L	hu	1928. évi nyári olimpiai játékok
B.L	hu	1930-as évek
B.L	hu	1936
B.L	hu	1936. évi nyári olimpiai játékok
B.L	hu	1952
B.L	hu	1954-es labdarúgó-világbajnokság
B.L	hu	1960-as évek
B.L	hu	1963
B.L	hu	1967
B.L	hu	1970
B.L	hu	1971
B.L	hu	1972
B.L	hu	1974
B.L	hu	1978
B.L	hu	1987
B.L	hu	1989
B.L	hu	1990
B.L	hu	1990-es évek
B.L	hu	1991
B.L	hu	1992
B.L	hu	1993
B.L	hu	1995
B.L	hu	1997
B.L	hu	1998
B.L	hu	2000
B.L	hu	2001
B.L	hu	2002
B.L	hu	2005
B.L	hu	2006
B.L	hu	2007
B.L	hu	Adolf Dassler
B.L	hu	Aranycsapat
B.L	hu	Első világháború
B.L	hu	Franz Beckenbauer
B.L	hu	Gazdasági rendszer
B.L	hu	Herbert Hainer
B.L	hu	Herzogenaurach
B.L	hu	Jesse Owens
B.L	hu	Muhammad Ali
B.L	hu	Második világháború
B.L	hu	Németország
B.L	hu	Reebok
B.L	hu	Rudolf Dassler
B.L	hu	Részvény
B.L	hu	Streetball
B.L	hu	TaylorMade
B.L	hu	Taylormade
B.L	hu	Tőzsde
B.L	hu	Védjegy
B.L	hu	Wikimédia Commons
B.L	hu	Wikipédia:Csonk
B.L	hi	Bloomberg L.P.
B.L	hi	Der Spiegel
B.L	hi	Frankfurt Stock Exchange
B.L	hi	San Diego Business Journal
B.L	hi	The San Diego Union-Tribune
B.L	hi	अना इवानोविच
B.L	hi	अफ़्रीकी अमेरिकी
B.L	hi	अमेरिकी डॉलर
B.L	hi	आई॰ऍस॰बी॰ऍन॰
B.L	hi	आचारशास्त्र
B.L	hi	आयरलैण्ड
B.L	hi	इंग्लैंड
B.L	hi	इंग्लैंड क्रिकेट टीम
B.L	hi	इंडियन प्रीमियर लीग
B.L	hi	एंडी मरे
B.L	hi	एलीशिया मॉलिक
B.L	hi	एशिया
B.L	hi	ऑस्ट्रेलिया क्रिकेट टीम
B.L	hi	औरिगन
B.L	hi	कैलिफ़ोर्निया
B.L	hi	क्रिकेट
B.L	hi	गॉल्फ़
B.L	hi	घड़ी
B.L	hi	चेल्सी एफ़.सी.
B.L	hi	जर्मनी
B.L	hi	जस्टिन हेनिन
B.L	hi	जाइल्स सिमौं
B.L	hi	डेनियला हंचुकोवा
B.L	hi	दक्षिण अफ़्रीका
B.L	hi	दिनारा सफीना
B.L	hi	दिवाला
B.L	hi	देल्ही डेयरडेविल्स
B.L	hi	नारा
B.L	hi	नेशनल बास्केटबॉल असोसिएशन
B.L	hi	न्यूज़ीलैण्ड
B.L	hi	पैरिस
B.L	hi	प्रथम विश्वयुद्ध
B.L	hi	फर्नान्डो वर्डास्को
B.L	hi	फ़ीफा विश्व कप
B.L	hi	फ़्रांस
B.L	hi	फीफा
B.L	hi	बजट
B.L	hi	बीजिंग २००८ ओलंपिक्स
B.L	hi	बेयर्न
B.L	hi	बैंक
B.L	hi	माइक्रोप्रोसेसर
B.L	hi	मारिया किरिलैंको
B.L	hi	मुंबई इंडियंस
B.L	hi	मैडोना (मनोरंजनकर्ता)
B.L	hi	यूरो
B.L	hi	यूरोप
B.L	hi	रग्बी लीग
B.L	hi	लिवरपूल एफ़.सी.
B.L	hi	लोशन
B.L	hi	विपणन
B.L	hi	वीरेन्द्र सहवाग
B.L	hi	संयुक्त राजशाही (ब्रिटेन)
B.L	hi	संयुक्त राज्य अमेरिका
B.L	hi	सचिन तेंदुलकर
B.L	hi	सरकार
B.L	hi	विकिपीडिया:उद्धरण आवश्यक
B.L	hi	साँचा:Portal/Images/Companies
B.L	hi	श्रेणी:लेख जिनमें August 2008 से स्रोतहीन कथन हैं
B.L	hi	श्रेणी:लेख जिनमें December 2008 से स्रोतहीन कथन हैं
B.L	hi	श्रेणी:लेख जिनमें October 2010 से मृत कड़ियाँ हैं
B.L	hi	श्रेणी:लेख जिनमें October 2010 से स्रोतहीन कथन हैं
B.L	hi	श्रेणी:लेख जिनमें September 2010 से मृत कड़ियाँ हैं
B.L	hi	श्रेणी:लेख जिन्हें October 2010 से अतिरिक्त संदर्भ की आवश्यकता है
B.L	hi	प्रवेशद्वार:Companies
B.L	id	1920-an
B.L	id	1949
B.L	id	2003
B.L	id	2005
B.L	id	Adidas Predator
B.L	id	Adidas Superstar
B.L	id	Aksesoris
B.L	id	Allianz
B.L	id	BASF
B.L	id	BMW
B.L	id	Bayer AG
B.L	id	Beiersdorf
B.L	id	Commerzbank
B.L	id	Continental AG
B.L	id	DAX
B.L	id	Daimler AG
B.L	id	Deutsche Bank
B.L	id	Deutsche Börse
B.L	id	Deutsche Post
B.L	id	Deutsche Telekom
B.L	id	Dolar Amerika Serikat
B.L	id	E.ON
B.L	id	Fresenius (perusahaan)
B.L	id	Fresenius Medical Care
B.L	id	HeidelbergCement
B.L	id	Henkel
B.L	id	Herbert Hainer
B.L	id	Herzogenaurach
B.L	id	Infineon Technologies
B.L	id	Jenis entitas bisnis
B.L	id	Jerman
B.L	id	K+S
B.L	id	Lanxess
B.L	id	Lufthansa
B.L	id	Merck KGaA
B.L	id	Munich Re
B.L	id	Nike
B.L	id	Nuremberg
B.L	id	Perusahaan
B.L	id	Perusahaan publik
B.L	id	Puma AG
B.L	id	RWE
B.L	id	Reebok
B.L	id	SAP AG
B.L	id	Sepatu
B.L	id	Siemens
B.L	id	Tekstil
B.L	id	The Linde Group
B.L	id	ThyssenKrupp
B.L	id	Volkswagen Group
B.L	id	Wikipedia:Kutip sumber tulisan
B.L	id	Wikipedia:Rintisan
B.L	id	Templat:Perusahaan DAX
B.L	id	Pembicaraan Templat:Perusahaan DAX
B.L	hy	Անգլերեն
B.L	hy	Եվրոպա
B.L	hy	Սպորտային հագուստ
B.L	hy	Վիքիպահեստ
B.L	is	2010
B.L	is	6. október
B.L	is	Allianz
B.L	is	BASF
B.L	is	BMW
B.L	is	Bayer
B.L	is	Beiersdorf
B.L	is	CCM
B.L	is	Commerzbank
B.L	is	DAX
B.L	is	Daimler
B.L	is	Deutsche Bank
B.L	is	Deutsche Börse
B.L	is	Deutsche Lufthansa
B.L	is	Deutsche Post
B.L	is	Deutsche Telekom
B.L	is	E.ON
B.L	is	Fatnaður
B.L	is	Fresenius
B.L	is	Fresenius Medical Care
B.L	is	Fyrirtæki
B.L	is	HeidelbergCement
B.L	is	Henkel
B.L	is	Herzogenaurach
B.L	is	Infineon Technologies
B.L	is	K+S
B.L	is	Linde
B.L	is	MAN
B.L	is	METRO
B.L	is	Merck (þýskt fyrirtæki)
B.L	is	Munich Re
B.L	is	RWE
B.L	is	Reebok
B.L	is	Rockport
B.L	is	SAP
B.L	is	Siemens
B.L	is	TaylorMade
B.L	is	ThyssenKrupp
B.L	is	Volkswagen
B.L	is	Íþrótt
B.L	is	Þýskaland
B.L	is	Wikipedia:Stubbur
B.L	is	Snið:DAX
B.L	is	Sniðaspjall:DAX
B.L	it	1936
B.L	it	1948
B.L	it	1949
B.L	it	1995
B.L	it	1997
B.L	it	2006
B.L	it	2010
B.L	it	2011
B.L	it	Adolf Dassler
B.L	it	Allianz
B.L	it	Amsterdam
B.L	it	BASF
B.L	it	BMW
B.L	it	Bayer
B.L	it	Beiersdorf (azienda)
B.L	it	Blue chip
B.L	it	Borsa di Francoforte
B.L	it	Borsa valori
B.L	it	Campionato europeo di calcio
B.L	it	Campionato mondiale di calcio
B.L	it	Carlsbad (California)
B.L	it	Commerzbank
B.L	it	Coppa d'Africa
B.L	it	DAX 30
B.L	it	Daimler (azienda)
B.L	it	Deutsche Bank
B.L	it	Deutsche Börse
B.L	it	Deutsche Post
B.L	it	Deutsche Telekom
B.L	it	E.ON
B.L	it	Euro
B.L	it	Fatturato
B.L	it	Five Ten
B.L	it	Francoforte sul Meno
B.L	it	Fresenius
B.L	it	Fresenius Medical Care
B.L	it	Gennaio
B.L	it	Germania
B.L	it	Giochi olimpici
B.L	it	Gruppo Volkswagen
B.L	it	Heidelberg Cement
B.L	it	Henkel
B.L	it	Herzogenaurach
B.L	it	Hong Kong
B.L	it	Indice azionario
B.L	it	Infineon Technologies
B.L	it	Jesse Owens
B.L	it	K+S
B.L	it	Linde AG
B.L	it	Lufthansa
B.L	it	MAN SE
B.L	it	Merck KGaA
B.L	it	Metro (azienda)
B.L	it	Miliardi
B.L	it	Milioni
B.L	it	Munich Re
B.L	it	Novembre
B.L	it	Panama (città)
B.L	it	Parigi
B.L	it	Portland
B.L	it	Prima guerra mondiale
B.L	it	Profitto
B.L	it	Puma (abbigliamento)
B.L	it	RWE (azienda)
B.L	it	Reebok
B.L	it	Rudolf Dassler
B.L	it	SAP (azienda)
B.L	it	Salomon Group
B.L	it	Siemens (azienda)
B.L	it	Sito web
B.L	it	Slogan
B.L	it	Stato
B.L	it	ThyssenKrupp
B.L	it	Wikipedia:Fonti attendibili
B.L	it	Wikipedia:Uso delle fonti
B.L	it	Template:Aziende DAX 30
B.L	it	Discussioni template:Aziende DAX 30
B.L	it	Categoria:Senza fonti - aziende
B.L	it	Categoria:Senza fonti - maggio 2013
B.L	it	Portale:Aziende
B.L	it	Portale:Aziende/icona
B.L	it	Portale:Moda
B.L	it	Portale:Moda/icona
B.L	it	Portale:Sport
B.L	it	Portale:Sport/icona
B.L	it	Progetto:Aziende
B.L	ja	1900年
B.L	ja	1920年
B.L	ja	1948年
B.L	ja	1949年
B.L	ja	1965年
B.L	ja	1970年
B.L	ja	1972年
B.L	ja	1987年
B.L	ja	1990年
B.L	ja	1990年代
B.L	ja	1991年
B.L	ja	1993年
B.L	ja	1995年
B.L	ja	1997年
B.L	ja	1998 FIFAワールドカップ
B.L	ja	1998年
B.L	ja	2002年
B.L	ja	2005年
B.L	ja	2010年
B.L	ja	2月19日
B.L	ja	4月10日
B.L	ja	ABCマート
B.L	ja	AG (ドイツ)
B.L	ja	Arena
B.L	ja	BASF
B.L	ja	BMW
B.L	ja	E.ON
B.L	ja	FC東京
B.L	ja	FIFAワールドカップ
B.L	ja	G Legend
B.L	ja	Google+
B.L	ja	International Sports and Leisure
B.L	ja	K+S
B.L	ja	RUN D.M.C.
B.L	ja	RWE
B.L	ja	SAP (企業)
B.L	ja	TBWA\CHIAT\DAY
B.L	ja	TBWA\HAKUHODO
B.L	ja	Twitter
B.L	ja	アドルフ・ダスラー
B.L	ja	アメアスポーツコーポレーション
B.L	ja	アリアンツ
B.L	ja	アルビレックス新潟
B.L	ja	インフィニオン・テクノロジーズ
B.L	ja	ウイニングイレブン
B.L	ja	エース (鞄)
B.L	ja	コメルツ銀行
B.L	ja	コンチネンタル (自動車部品製造業)
B.L	ja	コーセー
B.L	ja	サッカーボール
B.L	ja	サッカー日本代表
B.L	ja	サロモン
B.L	ja	サントリーサンゴリアス
B.L	ja	シーメンス
B.L	ja	ジャブラニ
B.L	ja	ジョアン・アヴェランジェ
B.L	ja	スタン・スミス
B.L	ja	ストライプ
B.L	ja	スポーツ
B.L	ja	ダイムラー (自動車メーカー)
B.L	ja	チームガイスト
B.L	ja	ティッセンクルップ
B.L	ja	テーラーメイドゴルフ
B.L	ja	デサント
B.L	ja	トリコロール (サッカー)
B.L	ja	ドイツ
B.L	ja	ドイツテレコム
B.L	ja	ドイツポスト
B.L	ja	ドイツ・ポストバンク
B.L	ja	ドイツ株価指数
B.L	ja	ドイツ証券取引所
B.L	ja	ドイツ銀行
B.L	ja	ナイキ
B.L	ja	ニュルンベルク
B.L	ja	ハイポ・リアル・エステート
B.L	ja	バイエル (企業)
B.L	ja	バイエルン州
B.L	ja	パキスタン
B.L	ja	フアン・アントニオ・サマランチ
B.L	ja	フォルクスワーゲングループ
B.L	ja	フランクフルト証券取引所
B.L	ja	フレゼニウス
B.L	ja	プリモ･ネビオロ
B.L	ja	プーマ
B.L	ja	ヘルツォーゲンアウラハ
B.L	ja	ヘンケル
B.L	ja	ベルナール・タピ
B.L	ja	ホルスト・ダスラー
B.L	ja	ボルチモア・オリオールズ
B.L	ja	マン (企業)
B.L	ja	マンチェスター・ユナイテッド
B.L	ja	ミッテルフランケン
B.L	ja	ミュンヘン再保険
B.L	ja	ミルウォーキー・ブルワーズ
B.L	ja	メトロ (小売業)
B.L	ja	メルク (ドイツ)
B.L	ja	メーカー
B.L	ja	モルテン
B.L	ja	ユーロ
B.L	ja	リンデ
B.L	ja	リーボック
B.L	ja	ルフトハンザドイツ航空
B.L	ja	中島裕之
B.L	ja	伊藤忠商事
B.L	ja	会社
B.L	ja	六本木
B.L	ja	兼松
B.L	ja	内海哲也
B.L	ja	和田毅
B.L	ja	国際オリンピック委員会
B.L	ja	国際サッカー連盟
B.L	ja	国際労働機関
B.L	ja	国際連合児童基金
B.L	ja	国際陸上競技連盟
B.L	ja	坂本勇人
B.L	ja	埼玉西武ライオンズ
B.L	ja	広告代理店
B.L	ja	日本プロサッカーリーグ
B.L	ja	早稲田大学
B.L	ja	早稲田大学ラグビー蹴球部
B.L	ja	早稲田大学野球部
B.L	ja	月桂樹
B.L	ja	東京都
B.L	ja	松本山雅FC
B.L	ja	業種
B.L	ja	横浜DeNAベイスターズ
B.L	ja	横浜F・マリノス
B.L	ja	水
B.L	ja	水着
B.L	ja	江戸川橋
B.L	ja	港区 (東京都)
B.L	ja	片岡易之
B.L	ja	神戸製鋼コベルコスティーラーズ
B.L	ja	第一生命
B.L	ja	藤井秀悟
B.L	ja	西岡剛 (内野手)
B.L	ja	読売ジャイアンツ
B.L	ja	近代オリンピック
B.L	ja	阪神タイガース
B.L	ja	電通
B.L	ja	青木宣親
B.L	ja	香川真司
B.L	ja	Template:DAX
B.L	ja	Template:基礎情報 会社
B.L	ja	Template‐ノート:DAX
B.L	ja	Help:脚注/読者向け
B.L	ja	Category:日本の工業製品メーカー
B.L	vi	18 tháng 8
B.L	vi	1949
B.L	vi	Adolf Dassler
B.L	vi	Công nghiệp
B.L	vi	Doanh thu
B.L	vi	Dụng cụ thể thao
B.L	vi	German language
B.L	vi	Herbert Hainer
B.L	vi	Herzogenaurach
B.L	vi	Khẩu hiệu
B.L	vi	Limited
B.L	vi	Maxfli
B.L	vi	Nürnberg
B.L	vi	Puma AG
B.L	vi	Quần áo thể thao
B.L	vi	Reebok
B.L	vi	Rudolf Dassler
B.L	vi	Sản phẩm
B.L	vi	Taylormade
B.L	vi	Tổng giám đốc điều hành
B.L	vi	Website
B.L	vi	Đức
B.L	simple	Accomplishment
B.L	simple	Adidas logo
B.L	simple	Adolf Dassler
B.L	simple	Aktiengesellschaft
B.L	simple	Challenge
B.L	simple	Collection line
B.L	simple	Diversity
B.L	simple	Future-oriented
B.L	simple	Geometrically
B.L	simple	Germany
B.L	simple	Lifestyle
B.L	simple	Maxfli
B.L	simple	Modern
B.L	simple	Mountain
B.L	simple	Originals
B.L	simple	Peter Moore
B.L	simple	Potentiality
B.L	simple	Reebok
B.L	simple	Self-esteem
B.L	simple	Sportism
B.L	simple	Sports performance
B.L	simple	Sports style
B.L	simple	Taylormade
B.L	simple	Three stripes
B.L	simple	Trademark
B.L	simple	Trefoil
B.L	simple	Wikimedia Commons
B.L	simple	Yohji Yamamoto
B.L	uz	1924
B.L	uz	2008
B.L	uz	Daromad
B.L	uz	Gerbert Hayner
B.L	uz	Germaniya
B.L	uz	Herzogenaurach
B.L	uz	Ingliz tili
B.L	uz	Ommabop kompaniya
B.L	uz	OʻzME
B.L	uz	Oʻzbekiston milliy ensiklopediyasi
B.L	uz	RBK & CCM Hockey
B.L	uz	Reebok
B.L	uz	Rockport
B.L	uz	Sof Foyda
B.L	uz	Taylor-Made Golf
B.L	uz	Vebsayt
B.L	uz	Y-3
B.L	uz	Yillik aylanma mablagʻ
B.L	uk	13 квітня
B.L	uk	17 березня
B.L	uk	18 серпня
B.L	uk	1920
B.L	uk	1924
B.L	uk	1925
B.L	uk	1927
B.L	uk	1928
B.L	uk	1929
B.L	uk	1931
B.L	uk	1932
B.L	uk	1934
B.L	uk	1936
B.L	uk	1938
B.L	uk	1939
B.L	uk	1945
B.L	uk	1946
B.L	uk	1948
B.L	uk	1949
B.L	uk	1950
B.L	uk	1952
B.L	uk	1954
B.L	uk	1956
B.L	uk	1960
B.L	uk	1961
B.L	uk	1963
B.L	uk	1968
B.L	uk	1970
B.L	uk	1972
B.L	uk	1974
B.L	uk	1975
B.L	uk	1976
B.L	uk	1978
B.L	uk	1979
B.L	uk	1982
B.L	uk	1984
B.L	uk	1986
B.L	uk	1989
B.L	uk	1990
B.L	uk	1991
B.L	uk	1993
B.L	uk	1994
B.L	uk	1996
B.L	uk	1997
B.L	uk	1 липня
B.L	uk	2001
B.L	uk	2004
B.L	uk	2005
B.L	uk	2006
B.L	uk	2007
B.L	uk	2008
B.L	uk	2009
B.L	uk	2010
B.L	uk	2 травня
B.L	uk	8 вересня
B.L	uk	ASICS
B.L	uk	Adidas Europass
B.L	uk	Adidas Jabulani Angola
B.L	uk	Adidas Predator
B.L	uk	Adidas Tango Durlast
B.L	uk	Adidas Telstar
B.L	uk	Adidas Wawa Aba
B.L	uk	African Cup of Nations 2008
B.L	uk	Amer Sports
B.L	uk	Bershka
B.L	uk	Bonfire Snowboarding Company
B.L	uk	Burberry
B.L	uk	CCM
B.L	uk	Chanel
B.L	uk	Clarks
B.L	uk	Coach
B.L	uk	Columbia (виробник одягу)
B.L	uk	Daedo
B.L	uk	Dassler
B.L	uk	Diadora
B.L	uk	Dolce & Gabbana
B.L	uk	Dr. Martens
B.L	uk	Ecco (компанія)
B.L	uk	Ellesse
B.L	uk	Esprit
B.L	uk	Everlast
B.L	uk	Fila
B.L	uk	Fred Perry
B.L	uk	Furla
B.L	uk	Gucci
B.L	uk	Hip-hop
B.L	uk	Hugo Boss
B.L	uk	Jako
B.L	uk	Kappa
B.L	uk	LVMH
B.L	uk	Lacoste
B.L	uk	Le Coq Sportif
B.L	uk	Levi's
B.L	uk	Lonsdale
B.L	uk	Lotto
B.L	uk	Massimo Dutti
B.L	uk	Mexx
B.L	uk	Mizuno
B.L	uk	Mooto
B.L	uk	New Balance
B.L	uk	Nike
B.L	uk	Nyxeye
B.L	uk	OGGI
B.L	uk	Oakley
B.L	uk	Oysho
B.L	uk	Pit Bull
B.L	uk	Polo Ralph Lauren
B.L	uk	Porsche Design
B.L	uk	Prada
B.L	uk	Pull and Bear
B.L	uk	Puma
B.L	uk	Quiksilver
B.L	uk	RBK & CCM Hockey
B.L	uk	Ralf Ringer
B.L	uk	Reebok
B.L	uk	Rockport
B.L	uk	Salomon Sports
B.L	uk	Sergio Tacchini
B.L	uk	Stradivarius
B.L	uk	Taylor-Made Golf
B.L	uk	Taylor Made Golf
B.L	uk	Thor Steinar
B.L	uk	Tommy Hilfiger
B.L	uk	Umbro
B.L	uk	Uterque
B.L	uk	Van Laack
B.L	uk	Vans
B.L	uk	Yonex
B.L	uk	Zara
B.L	uk	Zoo York
B.L	uk	Євро
B.L	uk	Європа
B.L	uk	Ігор Акінфєєв
B.L	uk	Інвалід
B.L	uk	Індонезія
B.L	uk	Автомобіль
B.L	uk	Адольф Дасслер
B.L	uk	Амстердам
B.L	uk	Ана Іванович
B.L	uk	Ар'єн Роббен
B.L	uk	Артур Йонат
B.L	uk	Баварія (футбольний клуб)
B.L	uk	Баскетбол
B.L	uk	Берлін
B.L	uk	Боб Бімон
B.L	uk	Бутси
B.L	uk	Біг
B.L	uk	В'єтнам
B.L	uk	Валерій Борзов
B.L	uk	Великобританія
B.L	uk	Велосипед
B.L	uk	Весілля
B.L	uk	Взуття
B.L	uk	Вільма Рудольф
B.L	uk	Галатасарай
B.L	uk	Гандбол
B.L	uk	Герцогенаурах
B.L	uk	Гунде Сван
B.L	uk	Давід Вілья
B.L	uk	Девід Бекхем
B.L	uk	Дезодорант
B.L	uk	День
B.L	uk	Джессі Овенс
B.L	uk	Джо Фрейзер
B.L	uk	Динамо Київ
B.L	uk	Долар
B.L	uk	Ейсебіо
B.L	uk	Еміль Затопек
B.L	uk	Збірна Іспанії з футболу
B.L	uk	Збірна Аргентини з футболу
B.L	uk	Збірна Німеччини з футболу
B.L	uk	Збірна Росії з футболу
B.L	uk	Збірна України з футболу
B.L	uk	Збірна Франції з футболу
B.L	uk	Зінедін Зідан
B.L	uk	Кака
B.L	uk	Канада
B.L	uk	Кевін Гарнетт
B.L	uk	Китай
B.L	uk	Команда
B.L	uk	Компанія
B.L	uk	Конкурент
B.L	uk	Континент
B.L	uk	Концерн
B.L	uk	Країна
B.L	uk	Кросівки
B.L	uk	Кубок африканських націй 2010
B.L	uk	Лев Яшин
B.L	uk	Локомотив
B.L	uk	Лукас Подольскі
B.L	uk	Ліверпуль (футбольний клуб)
B.L	uk	Ліонель Мессі
B.L	uk	Літні Олімпійські ігри
B.L	uk	М'яч
B.L	uk	Магазин
B.L	uk	Марат Сафін
B.L	uk	Маріо Анчіч
B.L	uk	Монарх (взуття)
B.L	uk	Мухамед Алі
B.L	uk	Мюнхен
B.L	uk	Мілан (футбольний клуб)
B.L	uk	Мільярд
B.L	uk	Міссі Еліот
B.L	uk	Міхаель Баллак
B.L	uk	Мішель Платіні
B.L	uk	Новак Джокович
B.L	uk	Німецька мова
B.L	uk	Німеччина
B.L	uk	Одяг
B.L	uk	Окупація
B.L	uk	ПАР
B.L	uk	Патент
B.L	uk	Плавання
B.L	uk	Публічна компанія
B.L	uk	Реал Мадрид
B.L	uk	Рудольф Дасслер
B.L	uk	СРСР
B.L	uk	США
B.L	uk	Сайт
B.L	uk	Світ
B.L	uk	Сноуборд
B.L	uk	Сніг
B.L	uk	Спонсор
B.L	uk	Спорт
B.L	uk	Спортивна індустрія
B.L	uk	Спортсмен
B.L	uk	Спорядження
B.L	uk	Стефан Едберг
B.L	uk	Стрітбол
B.L	uk	Стівен Джеррард
B.L	uk	Таїланд
B.L	uk	Теніс
B.L	uk	Товар
B.L	uk	Трейсі Макгреді
B.L	uk	Україна
B.L	uk	Фабрика
B.L	uk	Фенербахче (футбольний клуб)
B.L	uk	Франція
B.L	uk	Фронт
B.L	uk	Футбол
B.L	uk	Футбольні бутси
B.L	uk	Фітнес
B.L	uk	Хорст Дасслер
B.L	uk	Хіп-хоп
B.L	uk	Челсі (футбольний клуб)
B.L	uk	Чемпіонат Європи з футболу
B.L	uk	Чемпіонат Європи з футболу 2008
B.L	uk	Чемпіонат світу з футболу
B.L	uk	Чемпіонат світу з футболу 1978
B.L	uk	Чемпіонат світу з футболу 2006
B.L	uk	Чистий прибуток
B.L	uk	Штаб-квартира
B.L	uk	Штеффі Граф
B.L	uk	Вікіпедія:Статті, що необхідно поліпшити
B.L	uk	Шаблон:Виробники одягу і взуття
B.L	uk	Шаблон:Назва країни GER
B.L	uk	Шаблон:Назва країни Індонезія
B.L	uk	Шаблон:Назва країни В'єтнам
B.L	uk	Шаблон:Назва країни Китай
B.L	uk	Шаблон:Назва країни Таїланд
B.L	uk	Обговорення шаблону:Виробники одягу і взуття
B.L	pnb	جرمنی
B.L	tr	Adidas F50
B.L	tr	Adidas Fevernova
B.L	tr	Adidas Predator
B.L	tr	Adolf Dassler
B.L	tr	Almanya
B.L	tr	Amerika Birleşik Devletleri
B.L	tr	Ayakkabı
B.L	tr	Bernard Tapie
B.L	tr	CEO
B.L	tr	Coty, Inc.
B.L	tr	Euro
B.L	tr	Gelir
B.L	tr	Herbert Hainer
B.L	tr	Herzogenaurach
B.L	tr	Kâr (ekonomi)
B.L	tr	Lakros
B.L	tr	Major League Soccer
B.L	tr	NBA
B.L	tr	Nürnberg
B.L	tr	Olympique de Marseille
B.L	tr	Puma AG
B.L	tr	Reebok
B.L	tr	Rudolf Dassler
B.L	tr	TaylorMade
B.L	tr	Ürün
B.L	tr	İngiliz
B.L	tr	Şirket
B.L	tr	Vikipedi:Madde
B.L	tr	Vikipedi:Taslak madde
B.L	te	2009-05-14
B.L	te	22 October 2010
B.L	te	Adolf Dassler
B.L	te	Aktiengesellschaft
B.L	te	American Depositary Receipt
B.L	te	Bloomberg L.P.
B.L	te	Chief executive officer
B.L	te	Chief financial officer
B.L	te	Clothing
B.L	te	Der Spiegel
B.L	te	Euro
B.L	te	Final goods
B.L	te	Footwear
B.L	te	Germany
B.L	te	Herbert Hainer
B.L	te	Herzogenaurach
B.L	te	Manufacturing
B.L	te	Net income
B.L	te	Robin Stalker
B.L	te	San Diego Business Journal
B.L	te	Sports equipment
B.L	te	Sportswear
B.L	te	Supervisory board
B.L	te	Toiletries
B.L	te	Types of business entity
B.L	te	అమెరికా సంయుక్త రాష్ట్రాలు
B.L	te	ఆదాయం
B.L	te	ఆసియా
B.L	te	ఇండియన్ ప్రీమియర్ లీగ్
B.L	te	ఉత్పత్తులు
B.L	te	ఉద్యోగులు
B.L	te	ఐరోపా
B.L	te	కళ్ళద్దాలు
B.L	te	కాలిఫోర్నియా
B.L	te	క్రికెట్
B.L	te	గడియారం
B.L	te	గోల్ఫ్
B.L	te	జర్మనీ
B.L	te	ఢిల్లీ డేర్ డెవిల్స్
B.L	te	దక్షిణ ఆఫ్రికా
B.L	te	నిర్వహణ రాబడి
B.L	te	న్యూజీలాండ్
B.L	te	పరిశ్రమ
B.L	te	పారిస్
B.L	te	ఫ్రాన్స్
B.L	te	బ్యాంకు
B.L	te	ముంబై ఇండియన్స్
B.L	te	మొదటి ప్రపంచ యుద్ధం
B.L	te	యునైటెడ్ కింగ్‌డమ్
B.L	te	యూరో
B.L	te	రీబాక్
B.L	te	రీబాక్‌
B.L	te	లాభం
B.L	te	విక్రయం
B.L	te	వీరేంద్ర సెహ్వాగ్
B.L	te	వెబ్‌సైటు
B.L	te	వ్యవస్థాపకు(లు)
B.L	te	సచిన్ టెండుల్కర్
B.L	te	వికీపీడియా:Citation needed
B.L	te	వికీపీడియా:Verifiability
B.L	te	వికీపీడియా:చెడిన లింకు
B.L	te	మూస:Citation needed
B.L	te	మూస:FWB
B.L	te	మూస:Fr icon
B.L	te	మూస:Official
B.L	te	మూస:Pinksheets
B.L	te	మూస:Rp
B.L	te	మూస:Sec link auto
B.L	te	సహాయం:Introduction to referencing/1
B.L	te	వర్గం:Articles needing additional references from October 2010
B.L	te	వర్గం:Articles with unsourced statements from August 2008
B.L	te	వర్గం:Articles with unsourced statements from December 2008
B.L	te	వర్గం:Articles with unsourced statements from October 2010
B.L	te	వర్గం:అచేతన బాహ్యలింకులు గల వ్యాసాలు from October 2010
B.L	th	International Standard Book Number
B.L	th	Puma
B.L	th	Reebok
B.L	th	ธนาคาร
B.L	th	ธนาคารเครดิตลีอองส์
B.L	th	ฟินแลนด์
B.L	th	รองเท้ากีฬา
B.L	th	สกี
B.L	th	สงครามโลกครั้งที่ 2
B.L	th	สงครามโลกครั้งที่หนึ่ง
B.L	th	อังกฤษ
B.L	th	เยอรมัน
B.L	th	ไนกี้
B.L	sv	1920
B.L	sv	1920-talet
B.L	sv	1924
B.L	sv	1925
B.L	sv	1927
B.L	sv	1928
B.L	sv	1930-talet
B.L	sv	1932
B.L	sv	1936
B.L	sv	1948
B.L	sv	1949
B.L	sv	1954
B.L	sv	1962
B.L	sv	1970
B.L	sv	1972
B.L	sv	1974
B.L	sv	1975
B.L	sv	1978
B.L	sv	1986
B.L	sv	1987
B.L	sv	1995
B.L	sv	1996
B.L	sv	1997
B.L	sv	2001
B.L	sv	2005
B.L	sv	2006
B.L	sv	Adi Dassler
B.L	sv	Aktiesplit
B.L	sv	Allianz
B.L	sv	Amer Sports
B.L	sv	Amer Sports Corporation
B.L	sv	Arthur Jonath
B.L	sv	BASF
B.L	sv	BMW
B.L	sv	Barbara Smit
B.L	sv	Bayer AG
B.L	sv	Bayern München
B.L	sv	Beckenbauer-shorts
B.L	sv	Beiersdorf AG
B.L	sv	Berlin
B.L	sv	Bernard Tapie
B.L	sv	Bolag
B.L	sv	CCM (ishockey)
B.L	sv	Chelsea FC
B.L	sv	Christoph Bieber
B.L	sv	Commerzbank
B.L	sv	Daimler AG
B.L	sv	David Beckham
B.L	sv	Deutsche Bank
B.L	sv	Deutsche Börse
B.L	sv	Deutsche Post
B.L	sv	Deutsche Telekom
B.L	sv	Deutscher Aktienindex
B.L	sv	Deutscher Fussball-Bund
B.L	sv	Dotterbolag
B.L	sv	E.ON
B.L	sv	Eget kapital
B.L	sv	Emil Zátopek
B.L	sv	Euro
B.L	sv	FC Bayern München
B.L	sv	Fabriksbutik
B.L	sv	Fotboll
B.L	sv	Frankfurtbörsen
B.L	sv	Frankfurter Wertpapierbörse
B.L	sv	Fresenius
B.L	sv	Fresenius Medical Care
B.L	sv	Hannover Re
B.L	sv	Henkel
B.L	sv	Herbert Hainer
B.L	sv	Herzogenaurach
B.L	sv	Horst Dassler
B.L	sv	Infineon
B.L	sv	K+S
B.L	sv	Kläder
B.L	sv	Käthe Dassler
B.L	sv	Le Coq Sportif
B.L	sv	Linde AG
B.L	sv	Liverpool FC
B.L	sv	Lufthansa
B.L	sv	MAN AG
B.L	sv	Merck KGaA
B.L	sv	Meter
B.L	sv	Metro AG
B.L	sv	Missy Elliott
B.L	sv	Moderbolag
B.L	sv	Munich Re
B.L	sv	Neal Heard
B.L	sv	Nike (företag)
B.L	sv	OS 1936
B.L	sv	Olympiska sommarspelen 1936
B.L	sv	Olympiska sommarspelen 1972
B.L	sv	Omsättning
B.L	sv	Publikt aktiebolag
B.L	sv	Puma AG
B.L	sv	RWE
B.L	sv	Reebok
B.L	sv	René Jäggi
B.L	sv	Robert Louis-Dreyfus
B.L	sv	Rockport (skomärke)
B.L	sv	Rudolf Dassler
B.L	sv	Run DMC
B.L	sv	Rörelseresultat
B.L	sv	SAP AG
B.L	sv	Salomon
B.L	sv	Salomon (företag)
B.L	sv	Siemens AG
B.L	sv	Sko
B.L	sv	Sport
B.L	sv	Stella McCartney
B.L	sv	Styrelseordförande
B.L	sv	TaylorMade
B.L	sv	Teamgeist
B.L	sv	ThyssenKrupp
B.L	sv	Tillgång
B.L	sv	Tyskland
B.L	sv	Tysklands fotbollslandslag
B.L	sv	Tysklands herrlandslag i fotboll
B.L	sv	VM i fotboll
B.L	sv	Verkställande direktör
B.L	sv	Vinst
B.L	sv	Volkswagen AG
B.L	sv	Wilma Rudolph
B.L	sv	Yohji Yamamoto
B.L	sv	Mall:DAX
B.L	sv	Malldiskussion:DAX
B.L	sk	1920
B.L	sk	1948
B.L	sk	1949
B.L	sk	1972
B.L	sk	1993
B.L	sk	1995
B.L	sk	1997
B.L	sk	2001
B.L	sk	2006
B.L	sk	Adidas Group
B.L	sk	Adolf Dassler
B.L	sk	Akciová spoločnosť
B.L	sk	Alessandro del Piero
B.L	sk	Amer Sports Corporation
B.L	sk	Anna Kurnikovová
B.L	sk	Arc´Tyrex
B.L	sk	Barclays
B.L	sk	Basketbal
B.L	sk	Belgicko
B.L	sk	Bernard Tapie
B.L	sk	Bonfire
B.L	sk	Box
B.L	sk	Burza
B.L	sk	Cliché
B.L	sk	DAX
B.L	sk	David Beckham
B.L	sk	Erich Samminger
B.L	sk	Európa
B.L	sk	FC Bayern Mníchov
B.L	sk	FC Chelsea
B.L	sk	FIFA
B.L	sk	FINA
B.L	sk	Francúzsko
B.L	sk	Franz Beckenbauer
B.L	sk	Futbal
B.L	sk	Fínsko
B.L	sk	Golf
B.L	sk	Grécko
B.L	sk	Herbert Hainer
B.L	sk	Herzogenaurach
B.L	sk	Hokej
B.L	sk	Holandsko
B.L	sk	Horst Dassler
B.L	sk	ISL
B.L	sk	Joe Frazier
B.L	sk	Kengura
B.L	sk	Kobe Bryant
B.L	sk	Kuba
B.L	sk	LOH
B.L	sk	Latinská Amerika
B.L	sk	Los Angeles
B.L	sk	Lotyšsko
B.L	sk	MacGregor Golf Company
B.L	sk	Madonna
B.L	sk	Marketing
B.L	sk	Mavic
B.L	sk	Max Morlock
B.L	sk	Mexiko
B.L	sk	Muhammad Ali
B.L	sk	NBA
B.L	sk	Nemecko
B.L	sk	New York (mesto)
B.L	sk	Norimberg
B.L	sk	Obchodná značka
B.L	sk	Olympijské hry
B.L	sk	Outlet
B.L	sk	Peking
B.L	sk	Polar
B.L	sk	Polyamid
B.L	sk	Polyuretán
B.L	sk	Porsche Design Group
B.L	sk	Portland
B.L	sk	Portugalsko
B.L	sk	Prevádzkový príjem
B.L	sk	Produkcia
B.L	sk	Reebok
B.L	sk	Robert Louis-Dreyfus
B.L	sk	Ríšska marka
B.L	sk	Salomon
B.L	sk	Scheinfeld
B.L	sk	Severná Amerika
B.L	sk	Slogan
B.L	sk	Spojené štáty
B.L	sk	Stella McCartney
B.L	sk	Sydney
B.L	sk	TaylorMade
B.L	sk	Turín
B.L	sk	Ulrike Meyfarth
B.L	sk	Webová stránka
B.L	sk	Wilson
B.L	sk	Yohji Yamamoto
B.L	sk	Zisk
B.L	sk	Ázia
B.L	sk	Španielsko
B.L	sk	Švajčiarsko
B.L	sk	Žralok
B.L	sr	1948
B.L	sr	Адидас Телстар
B.L	sr	Адолф Даслер
B.L	sr	Козметика
B.L	sr	Лого
B.L	sr	Најки
B.L	sr	Обућа
B.L	sr	Патике
B.L	sr	Продавница
B.L	sr	Спортска опрема
B.L	sr	Фабрика
B.L	sh	18. kolovoza
B.L	sh	1924.
B.L	sh	1936
B.L	sh	1948
B.L	sh	1949
B.L	sh	1999.
B.L	sh	2007.
B.L	sh	2008
B.L	sh	2009.
B.L	sh	AC Milan
B.L	sh	Ana Ivanović
B.L	sh	Argentinska nogometna reprezentacija
B.L	sh	Atletika
B.L	sh	Bavarska
B.L	sh	Chelsea FC
B.L	sh	Dodatna
B.L	sh	Drugi svjetski rat
B.L	sh	Europa
B.L	sh	Francuska nogometna reprezentacija
B.L	sh	Golf
B.L	sh	Herzogenaurach
B.L	sh	IX. Olimpijske igre - Amsterdam 1928.
B.L	sh	Informatika
B.L	sh	Jesse Owens
B.L	sh	Korporacija
B.L	sh	Kriket
B.L	sh	Lacrosse
B.L	sh	Liverpool FC
B.L	sh	Marcos Baghdatis
B.L	sh	Marija Šarapova
B.L	sh	Milijun
B.L	sh	Nike, Inc.
B.L	sh	Njemačka
B.L	sh	Nogomet
B.L	sh	Odjeća
B.L	sh	Oprema
B.L	sh	Proizvod
B.L	sh	Prvi svjetski rat
B.L	sh	Puma AG
B.L	sh	Real Madrid
B.L	sh	Reebok
B.L	sh	Rockport
B.L	sh	SAD
B.L	sh	Sport
B.L	sh	Svijet
B.L	sh	Svjetsko prvenstvo u nogometu - Njemačka 2006.
B.L	sh	TaylorMade-adidas
B.L	sh	Tenis
B.L	sh	Tenisice
B.L	sh	XI. Olimpijske igre - Berlin 1936.
B.L	sh	XXIX. Olimpijske igre - Peking 2008.
B.L	sh	Španjolska nogometna reprezentacija
B.L	sh	€
B.L	ru	13 апреля
B.L	ru	17 марта
B.L	ru	18 августа
B.L	ru	1920
B.L	ru	1920 год
B.L	ru	1924
B.L	ru	1924 год
B.L	ru	1925 год
B.L	ru	1927 год
B.L	ru	1928 год
B.L	ru	1929 год
B.L	ru	1931 год
B.L	ru	1932 год
B.L	ru	1934 год
B.L	ru	1936 год
B.L	ru	1938 год
B.L	ru	1939 год
B.L	ru	1945 год
B.L	ru	1946 год
B.L	ru	1948 год
B.L	ru	1949 год
B.L	ru	1950 год
B.L	ru	1952 год
B.L	ru	1954 год
B.L	ru	1956 год
B.L	ru	1960 год
B.L	ru	1961 год
B.L	ru	1963 год
B.L	ru	1968 год
B.L	ru	1970 год
B.L	ru	1972 год
B.L	ru	1974 год
B.L	ru	1975 год
B.L	ru	1976 год
B.L	ru	1978 год
B.L	ru	1979 год
B.L	ru	1982 год
B.L	ru	1984 год
B.L	ru	1986 год
B.L	ru	1989 год
B.L	ru	1990 год
B.L	ru	1991 год
B.L	ru	1993 год
B.L	ru	1994 год
B.L	ru	1996 год
B.L	ru	1997 год
B.L	ru	19 октября
B.L	ru	1 июля
B.L	ru	2001 год
B.L	ru	2002 год
B.L	ru	2004 год
B.L	ru	2005
B.L	ru	2005 год
B.L	ru	2006 год
B.L	ru	2007
B.L	ru	2007 год
B.L	ru	2008
B.L	ru	2008 год
B.L	ru	2009 год
B.L	ru	2010 год
B.L	ru	2012 год
B.L	ru	28 апреля
B.L	ru	2 мая
B.L	ru	4 июля
B.L	ru	8 сентября
B.L	ru	A.D.I.D.A.S.
B.L	ru	Adidas (значения)
B.L	ru	Adidas +Teamgeist
B.L	ru	Adidas Adilibria
B.L	ru	Adidas Azteca
B.L	ru	Adidas Bounce
B.L	ru	Adidas Competition
B.L	ru	Adidas Europa League
B.L	ru	Adidas Finale Moscow
B.L	ru	Adidas Jabulani
B.L	ru	Adidas Jabulani Angola
B.L	ru	Adidas Predator
B.L	ru	Adidas Purah
B.L	ru	Adidas Questra
B.L	ru	Adidas Roteiro
B.L	ru	Adidas Superstar
B.L	ru	Adidas Tango
B.L	ru	Adidas Tango 12
B.L	ru	Adidas Tango España
B.L	ru	Adidas Techfit
B.L	ru	Adidas Telstar
B.L	ru	Adidas Telstar II
B.L	ru	Adidas Terrapass
B.L	ru	Adidas Terrex
B.L	ru	Adidas Top Ten
B.L	ru	Adidas Torfabrik
B.L	ru	Adidas Trail
B.L	ru	Adidas Wawa Aba
B.L	ru	Allianz
B.L	ru	Amer Sports
B.L	ru	Arc'Teryx
B.L	ru	BASF
B.L	ru	BMW
B.L	ru	Bayer
B.L	ru	Beiersdorf
B.L	ru	Bertrandt
B.L	ru	Bonfire Snowboarding Company
B.L	ru	CCM (ice hockey)
B.L	ru	Casual
B.L	ru	ClimaCool
B.L	ru	ClimaLite
B.L	ru	ClimaProof
B.L	ru	ClimaWarm
B.L	ru	Commerzbank
B.L	ru	Copa Mundial
B.L	ru	DAX
B.L	ru	Daimler
B.L	ru	Deutsche Bank
B.L	ru	Deutsche Börse
B.L	ru	Deutsche Post AG
B.L	ru	Deutsche Telekom
B.L	ru	E.ON
B.L	ru	Europass (мяч)
B.L	ru	Fresenius
B.L	ru	Fresenius SE
B.L	ru	Hannover Re
B.L	ru	Henkel
B.L	ru	Hip-hop
B.L	ru	Jam Master Jay
B.L	ru	K+S
B.L	ru	KoRn
B.L	ru	Lufthansa
B.L	ru	MAN
B.L	ru	Mavic
B.L	ru	Maxfli
B.L	ru	Merck KGaA
B.L	ru	Metro AG
B.L	ru	Munich Re
B.L	ru	My Adidas
B.L	ru	NBA
B.L	ru	Nike
B.L	ru	Pininfarina
B.L	ru	Public Enemy
B.L	ru	Puma AG
B.L	ru	RBK & CCM Hockey
B.L	ru	RWE
B.L	ru	Reebok
B.L	ru	Rockport
B.L	ru	Run DMC
B.L	ru	SAP
B.L	ru	Salomon
B.L	ru	Salomon Sports
B.L	ru	Salzgitter AG
B.L	ru	Siemens
B.L	ru	Taylor-Made Golf
B.L	ru	Taylor Made Golf
B.L	ru	The Beatles
B.L	ru	The Linde Group
B.L	ru	ThyssenKrupp
B.L	ru	Volkswagen Group
B.L	ru	Y-3
B.L	ru	Yahoo!
B.L	ru	Австрия
B.L	ru	Адидас
B.L	ru	Алессандро Дель Пьеро
B.L	ru	Америка
B.L	ru	Американская зона оккупации Германии
B.L	ru	Ана Иванович
B.L	ru	Ангарск
B.L	ru	Английский язык
B.L	ru	Артур Йонат
B.L	ru	Арьен Роббен
B.L	ru	Аэропорт
B.L	ru	Бавария
B.L	ru	Бавария (футбольный клуб, Мюнхен)
B.L	ru	Баскетбол
B.L	ru	Беккенбауэр, Франц
B.L	ru	Бернард Тапи
B.L	ru	Боб Бимон
B.L	ru	Валерий Борзов
B.L	ru	Ведомости
B.L	ru	Великобритания
B.L	ru	Вера Звонарёва
B.L	ru	Викисклад
B.L	ru	Вилли Зельтенрайх
B.L	ru	Вильма Рудольф
B.L	ru	Военное обмундирование
B.L	ru	Вторая мировая война
B.L	ru	Выручка
B.L	ru	Герберт Хайнер
B.L	ru	Германия
B.L	ru	Гимнастические тапочки
B.L	ru	Главный управляющий
B.L	ru	Гольф
B.L	ru	Греция
B.L	ru	Гунде Сван
B.L	ru	Гьорвик
B.L	ru	Давид Вилья
B.L	ru	Деррик Роуз
B.L	ru	Джеррард, Стивен
B.L	ru	Джесси Оуэнс
B.L	ru	Джо Фрэйзер
B.L	ru	Джозеф Вайтцер
B.L	ru	Диверсификация
B.L	ru	Динамо (футбольный клуб, Москва)
B.L	ru	Динамо Киев (футбольный клуб)
B.L	ru	Доллар США
B.L	ru	Дуайт Ховард
B.L	ru	Дэвид Бекхэм
B.L	ru	Затопек, Эмиль
B.L	ru	Зидан, Зинедин
B.L	ru	Золотая медаль
B.L	ru	Икер Касильяс
B.L	ru	Индонезия
B.L	ru	Кака
B.L	ru	Кан, Оливер
B.L	ru	Канада
B.L	ru	Катарина Дасслер
B.L	ru	Кевин Гарнетт
B.L	ru	Китай
B.L	ru	Китайская подделка
B.L	ru	Контрибуция
B.L	ru	Конфискация
B.L	ru	Концерн
B.L	ru	Коньки
B.L	ru	Красная Пресня
B.L	ru	Красная Пресня (улица)
B.L	ru	Кубок африканских наций 2008
B.L	ru	Кубок африканских наций 2010
B.L	ru	Кэти Перри
B.L	ru	Лагерь для военнопленных
B.L	ru	Лев Яшин
B.L	ru	Летние Олимпийские игры 1928
B.L	ru	Летние Олимпийские игры 1932
B.L	ru	Летние Олимпийские игры 1936
B.L	ru	Летние Олимпийские игры 1952
B.L	ru	Летние Олимпийские игры 1956
B.L	ru	Летние Олимпийские игры 1960
B.L	ru	Летние Олимпийские игры 1968
B.L	ru	Летние Олимпийские игры 1972
B.L	ru	Летние Олимпийские игры 1976
B.L	ru	Летние Олимпийские игры 1996
B.L	ru	Ливерпуль (футбольный клуб)
B.L	ru	Лига Европы УЕФА 2010-2011
B.L	ru	Лионель Месси
B.L	ru	Листинг (экономика)
B.L	ru	Лукас Подольски
B.L	ru	Лэмпард, Фрэнк
B.L	ru	Лягушонок Кермит
B.L	ru	МОК
B.L	ru	Магдалена Нойнер
B.L	ru	Макгрэди, Трэйси
B.L	ru	Маккартни, Стелла
B.L	ru	Марат Сафин
B.L	ru	Марафон
B.L	ru	Марио Анчич
B.L	ru	Международный олимпийский комитет
B.L	ru	Международный фонетический алфавит
B.L	ru	Мексика
B.L	ru	Месси, Лионель
B.L	ru	Метание копья
B.L	ru	Милан (футбольный клуб)
B.L	ru	Мировой рекорд
B.L	ru	Мисси Эллиот
B.L	ru	Михальски, Майкл
B.L	ru	Михаэль Баллак
B.L	ru	Мишель Платини
B.L	ru	Мохаммед Али
B.L	ru	Мюнхен
B.L	ru	Нацистская партия
B.L	ru	Немецкая марка
B.L	ru	Немецкий язык
B.L	ru	Новак Джокович
B.L	ru	Нью-метал
B.L	ru	Обувь
B.L	ru	Одежда
B.L	ru	Окуяма, Киёюки
B.L	ru	Олимпик Марсель
B.L	ru	Операционная прибыль
B.L	ru	Первая мировая война
B.L	ru	Питер Мур
B.L	ru	Покрышка
B.L	ru	Продукт (бизнес)
B.L	ru	Публичная компания
B.L	ru	Рабочая сила
B.L	ru	Реал Мадрид (футбольный клуб)
B.L	ru	Роб Страссер
B.L	ru	Российский футбольный союз
B.L	ru	Россия
B.L	ru	Рудольф Дасслер
B.L	ru	Ручной противотанковый гранатомёт
B.L	ru	Рэп
B.L	ru	СССР
B.L	ru	США
B.L	ru	Сайт
B.L	ru	Сборная Андорры по футболу
B.L	ru	Сборная Аргентины по футболу
B.L	ru	Сборная Армении по футболу
B.L	ru	Сборная Венгрии по футболу
B.L	ru	Сборная Германии по футболу
B.L	ru	Сборная Греции по футболу
B.L	ru	Сборная Дании по футболу
B.L	ru	Сборная Израиля по футболу
B.L	ru	Сборная Испании по футболу
B.L	ru	Сборная Кипра по футболу
B.L	ru	Сборная Латвии по футболу
B.L	ru	Сборная Лихтенштейна по футболу
B.L	ru	Сборная Мексики по футболу
B.L	ru	Сборная Нигерии по футболу
B.L	ru	Сборная Парагвая по футболу
B.L	ru	Сборная России по футболу
B.L	ru	Сборная Румынии по футболу
B.L	ru	Сборная Словакии по футболу
B.L	ru	Сборная Украины по футболу
B.L	ru	Сборная Фарерских островов по футболу
B.L	ru	Сборная Шотландии по футболу
B.L	ru	Сборная ЮАР по футболу
B.L	ru	Сборная Японии по футболу
B.L	ru	Свадьба
B.L	ru	Спорт
B.L	ru	Спортивный инвентарь
B.L	ru	Стефан Эдберг
B.L	ru	Стритбол
B.L	ru	Таиланд
B.L	ru	Театр военных действий
B.L	ru	Теннис
B.L	ru	Трилистник
B.L	ru	Финал Лиги чемпионов УЕФА 2008
B.L	ru	Фитнес
B.L	ru	Франкфуртская фондовая биржа
B.L	ru	Франция
B.L	ru	Футбольные бутсы Adidas
B.L	ru	Хави
B.L	ru	Херцогенаурах
B.L	ru	Хип-хоп
B.L	ru	Хорст Дасслер
B.L	ru	ЦСКА (футбольный клуб, Москва)
B.L	ru	Целяйн
B.L	ru	Челси (футбольный клуб)
B.L	ru	Чемпионат Германии по футболу 2010-2011
B.L	ru	Чемпионат Европы по футболу 2004
B.L	ru	Чемпионат Европы по футболу 2008
B.L	ru	Чемпионат Европы по футболу 2012
B.L	ru	Чемпионат Европы по футболу среди женщин 2009
B.L	ru	Чемпионат Мира по футболу 1954
B.L	ru	Чемпионат мира по футболу 1970
B.L	ru	Чемпионат мира по футболу 1974
B.L	ru	Чемпионат мира по футболу 1978
B.L	ru	Чемпионат мира по футболу 1982
B.L	ru	Чемпионат мира по футболу 1986
B.L	ru	Чемпионат мира по футболу 1994
B.L	ru	Чемпионат мира по футболу 2006
B.L	ru	Чемпионат мира по футболу 2010
B.L	ru	Чистая прибыль
B.L	ru	Швейцария
B.L	ru	Шенкланд, Мартин
B.L	ru	Штеффи Граф
B.L	ru	Эйсебио
B.L	ru	Экономика Германии
B.L	ru	Эмиль Затопек
B.L	ru	Эссен
B.L	ru	ЮАР
B.L	ru	Юридическое лицо
B.L	ru	Ямамото, Ёдзи
B.L	ru	Википедия:Авторитетные источники
B.L	ru	Википедия:Проверяемость
B.L	ru	Википедия:Ссылки на источники
B.L	ru	Шаблон:Ref-en
B.L	ru	Шаблон:Ref-ru
B.L	ro	1924
B.L	ro	2005
B.L	ro	2006
B.L	ro	Active
B.L	ro	Aktiengesellschaft
B.L	ro	Bunuri finite
B.L	ro	Cifra de afaceri
B.L	ro	Companie
B.L	ro	Corporație
B.L	ro	Euro
B.L	ro	Germania
B.L	ro	Herbert Hainer
B.L	ro	Herzogenaurach
B.L	ro	Industrie
B.L	ro	Lista produselor Adidas
B.L	ro	Munchen
B.L	ro	Nike
B.L	ro	Nike, Inc.
B.L	ro	Produs (marketing)
B.L	ro	Profit brut
B.L	ro	Puma AG
B.L	ro	Reebok International
B.L	ro	Robin Stalker
B.L	ro	Slogan
B.L	ro	Supervisory board
B.L	ro	USD
B.L	ro	Wikipedia:Articolul ciot perfect
B.L	ro	Wikipedia:Găsește și repară un ciot
B.L	ro	Categorie:Tipuri de companii
B.L	pt	1. FC Nuremberg
B.L	pt	1920
B.L	pt	1924
B.L	pt	1992
B.L	pt	1993
B.L	pt	1994
B.L	pt	1997
B.L	pt	2001
B.L	pt	2010
B.L	pt	29 de Dezembro
B.L	pt	AC Omonia
B.L	pt	AIK Fotboll
B.L	pt	Aberdeen Football Club
B.L	pt	Acre
B.L	pt	Adidas Jabulani
B.L	pt	Adolf Dassler
B.L	pt	Al-Ahly Sporting Club
B.L	pt	Al-Jazira Club
B.L	pt	Al Hilal
B.L	pt	Albirex Niigata
B.L	pt	Alemanha
B.L	pt	Allianz
B.L	pt	Amsterdamsche Football Club Ajax
B.L	pt	América do Sul
B.L	pt	Argentina
B.L	pt	Artmedia Bratislava
B.L	pt	Arábia Saudita
B.L	pt	Asociación Deportivo Cali
B.L	pt	Association Sportive de Saint-Étienne Loire
B.L	pt	Associazione Calcio Milan
B.L	pt	Austrália
B.L	pt	BASF
B.L	pt	BMW
B.L	pt	Banco
B.L	pt	Baviera
B.L	pt	Bayer
B.L	pt	Bayer Leverkusen
B.L	pt	Beckham
B.L	pt	Beiersdorf
B.L	pt	Belo Horizonte
B.L	pt	Belém (Pará)
B.L	pt	Bernard Tapie
B.L	pt	Beşiktaş Jimnastik Kulübü
B.L	pt	Bielorrússia
B.L	pt	Bola
B.L	pt	Bolton Wanderers Football Club
B.L	pt	Brasil
B.L	pt	Brasília
B.L	pt	Bristol City Football Club
B.L	pt	Campinas
B.L	pt	Canadá
B.L	pt	Caracas Fútbol Club
B.L	pt	Chelsea Football Club
B.L	pt	Chicago Fire Soccer Club
B.L	pt	Chief executive officer
B.L	pt	Chile
B.L	pt	Chipre
B.L	pt	Chuteira
B.L	pt	Chuteiras
B.L	pt	Club Atlético River Plate
B.L	pt	Club Deportivo Chivas USA
B.L	pt	Club Deportivo Guadalajara
B.L	pt	Club Deportivo Los Millonarios
B.L	pt	Club Estudiantes de La Plata
B.L	pt	Club Sporting Cristal
B.L	pt	Club Universidad de Chile
B.L	pt	Clube Desportivo Feirense
B.L	pt	Clube de Desportos da Costa do Sol
B.L	pt	Clube de Futebol Os Belenenses
B.L	pt	Clube de Regatas Flamengo
B.L	pt	Clube de Regatas do Flamengo
B.L	pt	Clube de futebol
B.L	pt	Colorado Rapids
B.L	pt	Columbus Crew
B.L	pt	Colômbia
B.L	pt	Commerzbank
B.L	pt	Conselho fiscal
B.L	pt	Continental AG
B.L	pt	Copa Libertadores da América de 2013
B.L	pt	Copa do Mundo FIFA
B.L	pt	Copa do Mundo FIFA 2010
B.L	pt	Copa do Mundo FIFA de 1970
B.L	pt	Coreia do Sul
B.L	pt	Corporación de Fútbol Profesional de la Universidad de Chile
B.L	pt	Crédit Lyonnais
B.L	pt	Curitiba
B.L	pt	D.C. United
B.L	pt	DAX-30
B.L	pt	Daimler AG
B.L	pt	Deutsche Bank
B.L	pt	Deutsche Börse
B.L	pt	Deutsche Post
B.L	pt	Deutsche Telekom
B.L	pt	Década
B.L	pt	E.ON
B.L	pt	Egito
B.L	pt	Emirados Árabes Unidos
B.L	pt	Empresa
B.L	pt	Escócia
B.L	pt	Eslováquia
B.L	pt	Espanha
B.L	pt	Esporte Clube Pelotas
B.L	pt	Esqui
B.L	pt	Estados Unidos
B.L	pt	Estatal
B.L	pt	Euro
B.L	pt	Europa
B.L	pt	F.C. Tokyo
B.L	pt	FC Anzhi Makhachkala
B.L	pt	FC BATE Borisov
B.L	pt	FC Basel
B.L	pt	FC Bayern München
B.L	pt	FC Dinamo Moscovo
B.L	pt	FC Dynamo Kyiv
B.L	pt	FC Metalist Kharkiv
B.L	pt	FC Terek Grozny
B.L	pt	FC Vaduz
B.L	pt	FIFA
B.L	pt	Fenerbahçe Spor Kulübü
B.L	pt	Fluminense Football Club
B.L	pt	Football Club Dallas
B.L	pt	França
B.L	pt	Fresenius
B.L	pt	Fresenius Medical Care
B.L	pt	Futebol
B.L	pt	Fußball-Club Bayern München
B.L	pt	Gazélec Football Club Olympique Ajaccio
B.L	pt	Goiânia
B.L	pt	Governo
B.L	pt	Grasshopper Club
B.L	pt	Grupo Volkswagen
B.L	pt	Grécia
B.L	pt	Hamburger SV
B.L	pt	Heart of Midlothian Football Club
B.L	pt	HeidelbergCement
B.L	pt	Henkel
B.L	pt	Herzogenaurach
B.L	pt	Houston Dynamo
B.L	pt	Hull City Association Football Club
B.L	pt	IFK Göteborg
B.L	pt	IF Brommapojkarna
B.L	pt	Infineon Technologies
B.L	pt	Inglaterra
B.L	pt	Israel
B.L	pt	Itaperuna
B.L	pt	Itália
B.L	pt	Japão
B.L	pt	Jesse Owens
B.L	pt	Jogadores
B.L	pt	Jogos Olímpicos de Verão de 1936
B.L	pt	Julia Louis-Dreyfus
B.L	pt	K+S
B.L	pt	Kaká
B.L	pt	Linde AG
B.L	pt	Londrina
B.L	pt	Los Angeles Galaxy
B.L	pt	Lufthansa
B.L	pt	MAN SE
B.L	pt	METRO AG
B.L	pt	MLS
B.L	pt	Maceió
B.L	pt	Madonna
B.L	pt	Manaus
B.L	pt	Melbourne Victory Football Club
B.L	pt	Merck KGaA
B.L	pt	Messi
B.L	pt	Miami Heat
B.L	pt	Middlesbrough Football Club
B.L	pt	Ministro
B.L	pt	Moçambique
B.L	pt	Mundo
B.L	pt	Munich Re
B.L	pt	México
B.L	pt	Natal (Rio Grande do Norte)
B.L	pt	New England Revolution
B.L	pt	New York Red Bulls
B.L	pt	Nike
B.L	pt	Noruega
B.L	pt	Nova Zelândia
B.L	pt	Nuremberg
B.L	pt	Olympique Lyonnais
B.L	pt	Olympique de Marseille
B.L	pt	Orlando Pirates Football Club
B.L	pt	PFC CSKA Moscovo
B.L	pt	Panathinaikos
B.L	pt	Paris
B.L	pt	País de Gales
B.L	pt	Países Baixos
B.L	pt	Peru
B.L	pt	Philadelphia Union
B.L	pt	Portland Timbers
B.L	pt	Porto Alegre
B.L	pt	Portugal
B.L	pt	Primeira Guerra Mundial
B.L	pt	Produção
B.L	pt	Projeto
B.L	pt	Puma AG
B.L	pt	RWE
B.L	pt	Racing Club de Lens
B.L	pt	Real Madrid CF
B.L	pt	Real Madrid Club de Fútbol
B.L	pt	Real Salt Lake
B.L	pt	Recife
B.L	pt	Red Bull Brasil
B.L	pt	Red Bull Futebol e Entretenimento Ltda.
B.L	pt	Red Bull Salzburg
B.L	pt	Reebok
B.L	pt	Ribeirão Preto
B.L	pt	Ricardo Quaresma
B.L	pt	Rio de Janeiro (cidade)
B.L	pt	Rosenborg Ballklub
B.L	pt	Rudolf Dassler
B.L	pt	Rússia
B.L	pt	SAP AG
B.L	pt	Salvador (Bahia)
B.L	pt	San José Earthquakes
B.L	pt	Schalke 04
B.L	pt	Seattle Sounders FC
B.L	pt	Seinfeld
B.L	pt	Selecção Angolana de Futebol
B.L	pt	Seleção Alemã de Futebol
B.L	pt	Seleção Argentina de Futebol
B.L	pt	Seleção Chinesa de Futebol
B.L	pt	Seleção Colombiana de Futebol
B.L	pt	Seleção Cubana de Futebol
B.L	pt	Seleção Dinamarquesa de Futebol
B.L	pt	Seleção Egípcia de Futebol
B.L	pt	Seleção Escocesa de Futebol
B.L	pt	Seleção Espanhola de Futebol
B.L	pt	Seleção Finlandesa de Futebol
B.L	pt	Seleção Grega de Futebol
B.L	pt	Seleção Húngara de Futebol
B.L	pt	Seleção Israelense de Futebol
B.L	pt	Seleção Japonesa de Futebol
B.L	pt	Seleção Letã de Futebol
B.L	pt	Seleção Marroquina de Futebol
B.L	pt	Seleção Mexicana de Futebol
B.L	pt	Seleção Nigeriana de Futebol
B.L	pt	Seleção Paraguaia de Futebol
B.L	pt	Seleção Romena de Futebol
B.L	pt	Seleção Russa de Futebol
B.L	pt	Seleção Sueca de Futebol
B.L	pt	Seleção São-Marinhense de Futebol
B.L	pt	Seleção Ucraniana de Futebol
B.L	pt	Seleção Venezuelana de Futebol
B.L	pt	Siemens AG
B.L	pt	Slovan Bratislava
B.L	pt	Sociedade Esportiva Palmeiras
B.L	pt	Sorocaba
B.L	pt	Sport Lisboa e Benfica
B.L	pt	Sporting Kansas City
B.L	pt	Sportklub Rapid Wien
B.L	pt	Stella McCartney
B.L	pt	Stoke City
B.L	pt	Sunderland Association Football Club
B.L	pt	Suwon Samsung Bluewings
B.L	pt	Suécia
B.L	pt	Suíça
B.L	pt	Swansea City Association Football Club
B.L	pt	Swindon Town
B.L	pt	Sydney Football Club
B.L	pt	São Bernardo do Campo
B.L	pt	São Paulo (cidade)
B.L	pt	TP Mazembe
B.L	pt	Tel Aviv
B.L	pt	ThyssenKrupp
B.L	pt	Tigres de la Universidad Autónoma de Nuevo León
B.L	pt	Toronto FC
B.L	pt	Turquia
B.L	pt	UEFA
B.L	pt	Uberlândia
B.L	pt	Ucrânia
B.L	pt	Unión Atlético Maracaibo
B.L	pt	Vancouver Whitecaps
B.L	pt	Venezuela
B.L	pt	Vestuário
B.L	pt	VfL Wolfsburg
B.L	pt	Vitória (Espírito Santo)
B.L	pt	Vorskla Poltava
B.L	pt	Wellington Phoenix Football Club
B.L	pt	West Bromwich Albion Football Club
B.L	pt	Wikimedia Foundation
B.L	pt	Xavi
B.L	pt	Yokohama F·Marinos
B.L	pt	África do Sul
B.L	pt	Árbitro
B.L	pt	Ásia
B.L	pt	Áustria
B.L	pt	Wikipédia:Livro de estilo/Cite as fontes
B.L	pt	Predefinição:DAX
B.L	arz	WP:BUILD
B.L	arz	ويكيبيديا:تصنيف
B.L	zh	1920年
B.L	zh	1949年
B.L	zh	1954年世界杯
B.L	zh	1970年世界杯
B.L	zh	1970年世界盃足球賽
B.L	zh	1974年世界盃足球賽
B.L	zh	1978年世界盃足球賽
B.L	zh	1982年世界盃足球賽
B.L	zh	1986年世界盃足球賽
B.L	zh	1990年世界盃足球賽
B.L	zh	1994年世界盃足球賽
B.L	zh	1998年世界盃足球賽
B.L	zh	2002年世界盃足球賽
B.L	zh	2004年歐洲國家盃
B.L	zh	2005年
B.L	zh	2006年世界盃足球賽
B.L	zh	2010年世界盃足球賽
B.L	zh	2NE1
B.L	zh	361度
B.L	zh	8月18日
B.L	zh	AC米蘭
B.L	zh	Adidas
B.L	zh	Air Jordan
B.L	zh	Angelababy
B.L	zh	BMW
B.L	zh	DAX指数
B.L	zh	E.ON
B.L	zh	FC東京
B.L	zh	K+S
B.L	zh	Kappa (公司)
B.L	zh	Lanxess
B.L	zh	Lotto
B.L	zh	Nike
B.L	zh	PUMA
B.L	zh	Puma
B.L	zh	RWE
B.L	zh	Reebok
B.L	zh	SAP公司
B.L	zh	上市公司
B.L	zh	上海回力鞋业
B.L	zh	中國國家足球隊
B.L	zh	丹麥國家足球隊
B.L	zh	乔丹体育
B.L	zh	亞瑟士
B.L	zh	代言人
B.L	zh	以色列國家足球隊
B.L	zh	俄羅斯國家足球隊
B.L	zh	俄羅斯超級足球聯賽
B.L	zh	全球代言人
B.L	zh	公雞牌
B.L	zh	切塞纳足球俱乐部
B.L	zh	列支敦士登國家足球隊
B.L	zh	利昂内尔·梅西
B.L	zh	利润
B.L	zh	利華古遜
B.L	zh	劉心悠
B.L	zh	加卡
B.L	zh	匈牙利國家足球隊
B.L	zh	北愛爾蘭足球代表隊
B.L	zh	北美洲
B.L	zh	匡威
B.L	zh	匹克體育
B.L	zh	南華
B.L	zh	台灣
B.L	zh	史浩克04
B.L	zh	史篤城
B.L	zh	史雲斯城足球會
B.L	zh	吳彥祖
B.L	zh	周柏豪
B.L	zh	哥倫比亞國家足球隊
B.L	zh	国际足联
B.L	zh	土耳其足球超級聯賽
B.L	zh	埃及國家足球隊
B.L	zh	基輔戴拿模
B.L	zh	塞尔维亚足球超级联赛
B.L	zh	塞浦路斯國家足球隊
B.L	zh	墨西哥國家足球隊
B.L	zh	大众集团
B.L	zh	大埔足球會
B.L	zh	大陆集团
B.L	zh	太陽飛馬
B.L	zh	奈及利亞國家足球隊
B.L	zh	委內瑞拉國家足球隊
B.L	zh	姜棟元
B.L	zh	孫燕姿
B.L	zh	安哥拉國家足球隊
B.L	zh	安德列治
B.L	zh	安联
B.L	zh	安踏體育
B.L	zh	官恩娜
B.L	zh	富明尼斯
B.L	zh	屯門足球隊
B.L	zh	巴拉圭國家足球隊
B.L	zh	巴斯夫
B.L	zh	巴素利足球會
B.L	zh	巴西甲組足球聯賽
B.L	zh	彭美拉斯
B.L	zh	德国
B.L	zh	德国商业银行
B.L	zh	德国电信
B.L	zh	德国邮政
B.L	zh	德國
B.L	zh	德國國家足球隊
B.L	zh	德國甲組足球聯賽
B.L	zh	德國證券交易所
B.L	zh	德怀特·霍华德
B.L	zh	德意志银行
B.L	zh	德瑞克·羅斯
B.L	zh	意大利甲組足球聯賽
B.L	zh	慕尼黑再保险
B.L	zh	戴姆勒
B.L	zh	拜仁慕尼黑
B.L	zh	拜尔斯道夫
B.L	zh	拜耳
B.L	zh	摩洛哥國家足球隊
B.L	zh	斐乐
B.L	zh	斯里蘭卡國家足球隊
B.L	zh	新加坡
B.L	zh	新潟天鵝
B.L	zh	新特蘭足球會
B.L	zh	日之泉JC晨曦
B.L	zh	日本
B.L	zh	日本國家足球隊
B.L	zh	日本職業足球聯賽
B.L	zh	智利大學足球俱樂部
B.L	zh	智利足球甲级联赛
B.L	zh	李宁有限公司
B.L	zh	林德
B.L	zh	林柏特
B.L	zh	柏迪遜
B.L	zh	楊丞琳
B.L	zh	橫濱水手
B.L	zh	欖球
B.L	zh	歌手
B.L	zh	比利時足球甲級聯賽
B.L	zh	比錫達斯體育會
B.L	zh	水原三星藍翼
B.L	zh	汉堡体育俱乐部
B.L	zh	汉莎航空
B.L	zh	汉高公司
B.L	zh	沙灘排球
B.L	zh	河床隊
B.L	zh	法兰克福证券交易所
B.L	zh	法國甲組足球聯賽
B.L	zh	法羅群島國家足球隊
B.L	zh	洛桑竞技
B.L	zh	海德堡水泥
B.L	zh	淺尾美和
B.L	zh	演員
B.L	zh	潮田玲子
B.L	zh	烏克蘭國家足球隊
B.L	zh	烏克蘭足球超級聯賽
B.L	zh	營業額
B.L	zh	特步國際
B.L	zh	特立尼达和多巴哥国家足球队
B.L	zh	瑞典國家足球隊
B.L	zh	瑞士足球超级联赛
B.L	zh	產業
B.L	zh	田馥甄
B.L	zh	皇家馬德里
B.L	zh	盧塞恩足球會
B.L	zh	盧彥勳
B.L	zh	禾夫斯堡
B.L	zh	紐倫堡
B.L	zh	纽伦堡足球俱乐部
B.L	zh	维基共享资源
B.L	zh	羅馬尼亞國家足球隊
B.L	zh	美元
B.L	zh	美國場外交易集團
B.L	zh	美國職業足球大聯盟
B.L	zh	美津浓
B.L	zh	羽毛球
B.L	zh	耐克
B.L	zh	聖伊天足球會
B.L	zh	芬蘭國家足球隊
B.L	zh	英格蘭超級足球聯賽
B.L	zh	英飞凌
B.L	zh	茵宝
B.L	zh	荷蘭甲組足球聯賽
B.L	zh	莫斯科戴拿模
B.L	zh	葡萄牙足球超級聯賽
B.L	zh	蒂森克虏伯
B.L	zh	蔡依林
B.L	zh	蔡卓妍
B.L	zh	藝人
B.L	zh	蘇格蘭足球代表隊
B.L	zh	蘇格蘭足球超級聯賽
B.L	zh	西布朗足球會
B.L	zh	西班牙國家足球隊
B.L	zh	西班牙甲組足球聯賽
B.L	zh	西门子公司
B.L	zh	謝拉特
B.L	zh	費倫巴治
B.L	zh	賓菲加
B.L	zh	贝克汉姆
B.L	zh	费森尤斯
B.L	zh	费森尤斯医疗
B.L	zh	赫爾伯特·海內
B.L	zh	足球
B.L	zh	車路士
B.L	zh	迪亚多纳
B.L	zh	運動用品
B.L	zh	運動鞋
B.L	zh	里昂足球會
B.L	zh	锐步
B.L	zh	阿根廷國家足球隊
B.L	zh	阿根廷足球甲级联赛
B.L	zh	阿積士
B.L	zh	阿道夫·达斯勒
B.L	zh	陳奕迅
B.L	zh	雅科
B.L	zh	青岛双星
B.L	zh	韓國
B.L	zh	韓國職業足球聯賽
B.L	zh	韩国职业足球联赛
B.L	zh	香港
B.L	zh	香港甲組足球聯賽
B.L	zh	馬爾代夫國家足球隊
B.L	zh	馬賽足球會
B.L	zh	鲁道夫·达斯勒
B.L	zh	鴨巴甸足球會
B.L	zh	鸿星尔克
B.L	zh	黎巴嫩國家足球隊
B.L	zh	黑措根奥拉赫
B.L	zh	默克集團
B.L	zh	Template:DAX指数成份公司
B.L	zh	Template:体育用品品牌
B.L	zh	Template talk:DAX指数成份公司
B.L	zh	Template talk:体育用品品牌
B.L	zh	Category:公司
CN	de	Adidas
IWL	ga	Adidas
IWL	fi	Adidas
IWL	fr	Adidas
IWL	he	אדידס
IWL	gl	Adidas
IWL	gu	એડિડાસ
IWL	eu	Adidas
IWL	fa	آدیداس
IWL	el	Adidas
IWL	en	Adidas
IWL	et	Adidas AG
IWL	es	Adidas
IWL	ca	Adidas
IWL	bn	আডিডাস
IWL	bg	Адидас
IWL	be	Adidas
IWL	da	Adidas
IWL	cs	Adidas
IWL	az	Adidas
IWL	ar	أديداس
IWL	af	Adidas
IWL	no	Adidas
IWL	oc	Adidas
IWL	pl	Adidas
IWL	bar	Adidas
IWL	lv	Adidas
IWL	lt	Adidas
IWL	mk	Адидас
IWL	ml	അഡിഡാസ്
IWL	mr	आदिदास
IWL	ms	Adidas
IWL	ne	एडिडास (कम्पनी)
IWL	nl	Adidas
IWL	jv	Adidas
IWL	ka	Adidas
IWL	ko	아디다스
IWL	kk	Adidas
IWL	kn	ಅಡೀಡಸ್
IWL	hr	Adidas
IWL	hu	Adidas
IWL	hi	एडिडास
IWL	id	Adidas
IWL	hy	Ադիդաս
IWL	is	Adidas
IWL	it	Adidas
IWL	ja	アディダス
IWL	vi	Adidas
IWL	simple	Adidas
IWL	uz	Adidas
IWL	uk	Adidas
IWL	pnb	ایڈیڈاس
IWL	tr	Adidas
IWL	te	అడిడాస్
IWL	th	อาดิดาส
IWL	sv	Adidas
IWL	sk	Adidas
IWL	sr	Адидас
IWL	sh	Adidas
IWL	ru	Adidas
IWL	ro	Adidas
IWL	pt	Adidas
IWL	arz	اديداس
IWL	zh	愛迪達
