A.L	de	1668
A.L	de	Adidas
A.L	de	Aktie
A.L	de	Allianz SE
A.L	de	Altana
A.L	de	Angela Merkel
A.L	de	Angiogenese
A.L	de	Aufsichtsrat
A.L	de	BASF
A.L	de	BMW
A.L	de	Babcock Borsig
A.L	de	Bayer AG
A.L	de	Bayerische Hypotheken- und Wechsel-Bank
A.L	de	Bayerische Vereinsbank
A.L	de	Beiersdorf AG
A.L	de	Bilanzsumme
A.L	de	Biotechnologie
A.L	de	Bisoprolol
A.L	de	Boehringer Ingelheim
A.L	de	Börse
A.L	de	Cetuximab
A.L	de	Chemische Industrie
A.L	de	Chief Financial Officer
A.L	de	Chief Human Resources Officer
A.L	de	Cilengitide
A.L	de	Commerzbank
A.L	de	Continental AG
A.L	de	DAX
A.L	de	Daimler AG
A.L	de	Darmstadt
A.L	de	Degussa
A.L	de	Deutsche Bank
A.L	de	Deutsche Börse
A.L	de	Deutsche Post AG
A.L	de	Deutsche Telekom
A.L	de	Deutscher Zukunftspreis
A.L	de	Deutschland
A.L	de	Dresdner Bank
A.L	de	DuPont
A.L	de	E.ON
A.L	de	Enteignung
A.L	de	Epcos
A.L	de	Erlös
A.L	de	Erster Weltkrieg
A.L	de	Euro
A.L	de	Evonik Degussa
A.L	de	Feldmühle (Unternehmen)
A.L	de	Flüssigkristall
A.L	de	Frank Stangenberg-Haverkamp
A.L	de	Frankfurter Wertpapierbörse
A.L	de	Fresenius (Unternehmen)
A.L	de	Fresenius Medical Care
A.L	de	Friedrich Pützer
A.L	de	Gernsheim
A.L	de	Geschichte der Merck KGaA
A.L	de	Gewinn
A.L	de	Gründung (Recht)
A.L	de	Hannover Rück
A.L	de	Hans Dieter Tylle
A.L	de	Hauptversammlung
A.L	de	HeidelbergCement
A.L	de	Henkel (Unternehmen)
A.L	de	Hidden Champion
A.L	de	Hoechst
A.L	de	Hoechst AG
A.L	de	Hoffmann-La Roche
A.L	de	Hypo Real Estate
A.L	de	Immunologie
A.L	de	Immunzytokin
A.L	de	Industrieller
A.L	de	Infineon
A.L	de	Interferon
A.L	de	International Securities Identification Number
A.L	de	Johannes Rau
A.L	de	Jon Baumhauer
A.L	de	K+S
A.L	de	Karl-Ludwig Kley
A.L	de	Karstadt
A.L	de	Kommanditgesellschaft auf Aktien
A.L	de	Kommanditist
A.L	de	Komplementär (Gesellschaftsrecht)
A.L	de	Krebsimmuntherapie
A.L	de	Krebszelle
A.L	de	Lanxess
A.L	de	Linde AG
A.L	de	Lufthansa
A.L	de	MAN
A.L	de	MLP AG
A.L	de	MSD Sharp & Dohme
A.L	de	Manager Magazin
A.L	de	Mannesmann
A.L	de	Medizinische Kohle
A.L	de	Merck Millipore
A.L	de	Metformin
A.L	de	Metro AG
A.L	de	Mitarbeiter
A.L	de	Molekularbiologie
A.L	de	Monoklonaler Antikörper
A.L	de	Multiple Sklerose
A.L	de	Munich Re
A.L	de	Nahrungsergänzungsmittel
A.L	de	Neurodegenerative Erkrankung
A.L	de	Nixdorf Computer
A.L	de	Nordamerika
A.L	de	OLED
A.L	de	OTC-Arzneimittel
A.L	de	Onkologie
A.L	de	Originalpräparat
A.L	de	Pharmaindustrie
A.L	de	Pharmaunternehmen
A.L	de	Phenylketonurie
A.L	de	Photovoltaik
A.L	de	Pigment
A.L	de	Postbank
A.L	de	Praziquantel
A.L	de	Prednison
A.L	de	Preussag
A.L	de	RWE
A.L	de	Rechtsform
A.L	de	Rheumatologie
A.L	de	Rolf Krebs
A.L	de	SAP
A.L	de	Salzgitter AG
A.L	de	Sapropterindihydrochlorid
A.L	de	Schistosomiasis
A.L	de	Selbstmedikation
A.L	de	Serono
A.L	de	Siemens
A.L	de	Sitz (juristische Person)
A.L	de	Somatropin
A.L	de	Stimuvax
A.L	de	Süddeutsche Zeitung
A.L	de	TFT-Display
A.L	de	TH-302
A.L	de	TUI
A.L	de	Theo Siegert
A.L	de	Therapie
A.L	de	Thyroxin
A.L	de	ThyssenKrupp
A.L	de	Tochtergesellschaft
A.L	de	USA
A.L	de	Unternehmen
A.L	de	Unternehmensführung
A.L	de	VEBA
A.L	de	VIAG
A.L	de	Vakzin
A.L	de	Volker Bouffier
A.L	de	Volkswagen AG
A.L	de	Vorstandsvorsitzender
A.L	de	Wallstreet Journal
A.L	de	Website
A.L	de	Weltgesundheitsorganisation
A.L	de	Wirtschaftszweig
A.L	de	Ärzte Zeitung
B.L	fr	Adidas
B.L	fr	Alcaloïde
B.L	fr	Allemagne
B.L	fr	Allianz
B.L	fr	BASF
B.L	fr	Bayer (entreprise)
B.L	fr	Bayerische Motoren Werke
B.L	fr	Beiersdorf
B.L	fr	Bourse des valeurs
B.L	fr	Chiffre d'affaires
B.L	fr	Chimie
B.L	fr	Chromatographie
B.L	fr	Commerzbank
B.L	fr	Continental AG
B.L	fr	Cristal liquide
B.L	fr	DAX
B.L	fr	Daimler (entreprise)
B.L	fr	Darmstadt
B.L	fr	Deutsche Bank
B.L	fr	Deutsche Börse
B.L	fr	Deutsche Post
B.L	fr	Deutsche Telekom
B.L	fr	E.ON
B.L	fr	Fresenius
B.L	fr	Fresenius Medical Care
B.L	fr	Gernsheim
B.L	fr	HeidelbergCement
B.L	fr	Henkel
B.L	fr	Hesse (Land)
B.L	fr	Infineon Technologies
B.L	fr	K+S
B.L	fr	Lanxess
B.L	fr	Linde AG
B.L	fr	Lufthansa
B.L	fr	Merck & Co.
B.L	fr	Merck Millipore
B.L	fr	Merck Serono
B.L	fr	Morphine
B.L	fr	Munich Re
B.L	fr	Mylan
B.L	fr	Médicament générique
B.L	fr	New Jersey
B.L	fr	Online Computer Library Center
B.L	fr	Pharmacie
B.L	fr	Première Guerre mondiale
B.L	fr	RWE
B.L	fr	Résultat net
B.L	fr	SAP (entreprise)
B.L	fr	Secteur d'activité
B.L	fr	Siemens (entreprise)
B.L	fr	Site web
B.L	fr	Siège social
B.L	fr	ThyssenKrupp
B.L	fr	Vitamine C
B.L	fr	Volkswagen (entreprise)
B.L	fr	Écran à cristaux liquides
B.L	fr	Discussion:Merck KGaA
B.L	fr	Wikipédia:Citez vos sources
B.L	fr	Wikipédia:Neutralité de point de vue
B.L	fr	Modèle:Infobox Société
B.L	fr	Modèle:Palette DAX
B.L	fr	Discussion modèle:Palette DAX
B.L	fr	Aide:Note
B.L	fr	Catégorie:Article manquant de référence depuis juillet 2008
B.L	fr	Catégorie:Entreprise par date de fondation
B.L	fr	Catégorie:Portail:Chimie/Articles liés
B.L	fr	Catégorie:Portail:Entreprises/Articles liés
B.L	fr	Catégorie:Portail:Hesse/Articles liés
B.L	fr	Catégorie:Portail:Pharmacie/Articles liés
B.L	fr	Portail:Chimie
B.L	fr	Portail:Entreprises
B.L	fr	Portail:Hesse
B.L	fr	Portail:Pharmacie
B.L	fa	آدیداس
B.L	fa	آلمان
B.L	fa	آلیانتس
B.L	fa	ا.آن
B.L	fa	ار وه ئه
B.L	fa	اس آ پ
B.L	fa	اینفینئون
B.L	fa	ب آ اس اف
B.L	fa	ب ام و
B.L	fa	بایر (شرکت)
B.L	fa	بایرسدورف
B.L	fa	تیسن‌کروپ
B.L	fa	دارمشتات
B.L	fa	دارو
B.L	fa	دایملر آ گ
B.L	fa	درآمد
B.L	fa	دویچه بانک
B.L	fa	دویچه بورزه
B.L	fa	دویچه تلکوم
B.L	fa	دویچه پست
B.L	fa	زبان آلمانی
B.L	fa	زیمنس
B.L	fa	شیمی
B.L	fa	فرزنیوس
B.L	fa	فرزنیوس مدیکال کر
B.L	fa	لانکسس
B.L	fa	لوفت‌هانزا
B.L	fa	لینده
B.L	fa	میلیارد
B.L	fa	میونیک ره
B.L	fa	هایدلبرگ‌سمنت
B.L	fa	هسن
B.L	fa	هنکل
B.L	fa	وب‌گاه
B.L	fa	کا+اس
B.L	fa	کومرتس‌بانک
B.L	fa	کونتیننتال آ گ
B.L	fa	گروه فولکس‌واگن
B.L	fa	یورو
B.L	fa	۱۶۶۸ (میلادی)
B.L	fa	ویکی‌پدیا:اثبات‌پذیری
B.L	fa	ویکی‌پدیا:شیوه ارجاع به منابع
B.L	fa	الگو:شرکت‌های دکس
B.L	fa	بحث الگو:شرکت‌های دکس
B.L	en	Adidas
B.L	en	Alkaloids
B.L	en	Allianz
B.L	en	Alumina effect pigment
B.L	en	Analytical chemistry
B.L	en	Antibiotics
B.L	en	Apothecary
B.L	en	BASF
B.L	en	BMW
B.L	en	Bayer
B.L	en	Bayer AG
B.L	en	Beiersdorf
B.L	en	Billerica, Massachusetts
B.L	en	Biologic medical product
B.L	en	Biopharmaceutical
B.L	en	Bisoprolol
B.L	en	Bristol-Myers Squibb
B.L	en	Cetuximab
B.L	en	Chairman
B.L	en	Chemical
B.L	en	Chemical industry
B.L	en	Chief executive officer
B.L	en	Chromatography
B.L	en	Cocaine
B.L	en	Commerzbank
B.L	en	Conspiracy (civil)
B.L	en	Continental AG
B.L	en	Corticoid
B.L	en	DAX
B.L	en	Daimler AG
B.L	en	Darmstadt
B.L	en	Department of Health
B.L	en	Deutsche Bank
B.L	en	Deutsche Börse
B.L	en	Deutsche Post
B.L	en	Deutsche Telekom
B.L	en	Dexamethasone
B.L	en	Digital object identifier
B.L	en	Digitoxin
B.L	en	Doing business as
B.L	en	E.ON
B.L	en	Earnings before interest and taxes
B.L	en	Economic miracle
B.L	en	Ecstasy (drug)
B.L	en	Ernesto Bertarelli
B.L	en	Euro
B.L	en	Factory
B.L	en	Frankfurt Stock Exchange
B.L	en	Fresenius (company)
B.L	en	Fresenius Medical Care
B.L	en	Generic drugs
B.L	en	Germany
B.L	en	HeidelbergCement
B.L	en	Henkel
B.L	en	Imclone Systems
B.L	en	Industrial Cooperation Day
B.L	en	Infineon Technologies
B.L	en	K+S
B.L	en	Kommanditgesellschaft auf Aktien
B.L	en	Laboratory
B.L	en	Lanxess
B.L	en	Latin America
B.L	en	Levothyroxine
B.L	en	Life science
B.L	en	Liquid crystal
B.L	en	Liquid crystals
B.L	en	Lufthansa
B.L	en	MDMA
B.L	en	Merck & Co.
B.L	en	Merck Serono
B.L	en	Metformin
B.L	en	Millipore Corporation
B.L	en	Morphine
B.L	en	Munich Re
B.L	en	National Health Service
B.L	en	Norton Healthcare
B.L	en	Oceania
B.L	en	Oligopoly
B.L	en	Oncology
B.L	en	Opium
B.L	en	Out-of-court settlement
B.L	en	Over-the-counter drug
B.L	en	Penicillin
B.L	en	Peptic ulcer
B.L	en	Pharmaceutical
B.L	en	Pharmaceutical company
B.L	en	Pharmaceutical industry
B.L	en	Pharmacy
B.L	en	Pigments
B.L	en	Price fixing
B.L	en	Product (business)
B.L	en	Public company
B.L	en	RWE
B.L	en	Ranbaxy
B.L	en	SAP AG
B.L	en	Schering
B.L	en	Schering-Plough
B.L	en	Senior management
B.L	en	Serious Fraud Office (United Kingdom)
B.L	en	Serono
B.L	en	Siemens
B.L	en	Sigmund Freud
B.L	en	Small molecule
B.L	en	Subsidiary
B.L	en	Supervisory board
B.L	en	The Guardian
B.L	en	The Linde Group
B.L	en	The Times
B.L	en	ThyssenKrupp
B.L	en	Ticker symbol
B.L	en	Types of business entity
B.L	en	Vigantol
B.L	en	Vitamins
B.L	en	Volkswagen Group
B.L	en	Warfarin
B.L	en	Wirtschaftswunder
B.L	en	World War I
B.L	en	World War II
B.L	en	Zantac
B.L	en	Wikipedia:Citation needed
B.L	en	Template:DAX companies
B.L	en	Template:Portal/Images/Companies
B.L	en	Template talk:DAX companies
B.L	en	Category:Articles with unsourced statements from September 2011
B.L	en	Portal:Companies
B.L	et	Adidas
B.L	et	Allianz
B.L	et	Ameerika Ühendriigid
B.L	et	BASF
B.L	et	BMW
B.L	et	Bayer
B.L	et	Beiersdorf AG
B.L	et	Commerzbank
B.L	et	DAX
B.L	et	Daimler
B.L	et	Darmstadt
B.L	et	Deutsche Bank
B.L	et	Deutsche Börse
B.L	et	Deutsche Post
B.L	et	Deutsche Telekom
B.L	et	E.ON
B.L	et	Frankfurdi börs
B.L	et	Fresenius
B.L	et	Fresenius Medical Care
B.L	et	HeidelbergCement
B.L	et	Henkel
B.L	et	Infineon Technologies
B.L	et	K+S
B.L	et	Kanada
B.L	et	Lufthansa
B.L	et	MAN SE
B.L	et	Merck & Co.
B.L	et	Metro AG
B.L	et	Munich Re
B.L	et	Püramiid
B.L	et	RWE
B.L	et	Ravimitööstus
B.L	et	SAP
B.L	et	Saksamaa
B.L	et	Siemens
B.L	et	The Linde Group
B.L	et	ThyssenKrupp
B.L	et	Volkswagen Group
B.L	es	1668
B.L	es	Alemania
B.L	es	Darmstadt
B.L	es	Emprendedor
B.L	es	Euro
B.L	es	Farmacología
B.L	es	Industria
B.L	es	Industria farmacéutica
B.L	es	Industria química
B.L	es	Merck & Co
B.L	es	Merck & Co.
B.L	es	Merck Serono
B.L	es	Primera Guerra Mundial
B.L	es	Sitio web
B.L	es	Sociedad anónima
B.L	es	Discusión:Merck KGaA
B.L	es	Wikipedia:Fusiones
B.L	es	Wikipedia:Tablón de anuncios de los bibliotecarios/Portal/Archivo/Fusión de historiales/Actual
B.L	bg	1668
B.L	bg	1891
B.L	bg	1917
B.L	bg	1995
B.L	bg	Акционерно дружество
B.L	bg	България
B.L	bg	Български език
B.L	bg	Германия
B.L	bg	Дармщадт
B.L	bg	Дармщат
B.L	bg	Евро
B.L	bg	Конфискация
B.L	bg	Предприятие
B.L	bg	Първата световна война
B.L	bg	САЩ
B.L	bg	Северна Америка
B.L	bg	Фармацевтика
B.L	bg	Фридрих Якоб Мерк
B.L	bg	Хесен
B.L	bg	Уикипедия:Мъниче
B.L	da	1. verdenskrig
B.L	da	1668
B.L	da	1827
B.L	da	1995
B.L	da	2009
B.L	da	Adidas
B.L	da	Alkaloid
B.L	da	Allianz
B.L	da	Apotek
B.L	da	BASF
B.L	da	BMW
B.L	da	Bayer
B.L	da	Beiersdorf AG
B.L	da	Canada
B.L	da	Commerzbank
B.L	da	Continental AG
B.L	da	DAX
B.L	da	Daimler AG
B.L	da	Darmstadt
B.L	da	Deutsche Bank
B.L	da	Deutsche Börse
B.L	da	Deutsche Post
B.L	da	Deutsche Telekom
B.L	da	E.ON
B.L	da	Frankfurter Wertpapierbörse
B.L	da	Fresenius Medical Care
B.L	da	Fresenius SE
B.L	da	HeidelbergCement
B.L	da	Henkel
B.L	da	Infineon Technologies
B.L	da	K+S
B.L	da	Kemi
B.L	da	Lanxess
B.L	da	Linde AG
B.L	da	Lufthansa
B.L	da	Medicinalvirksomhed
B.L	da	Merck & Co.
B.L	da	Munich Re
B.L	da	Nordamerika
B.L	da	Omsætning
B.L	da	RWE
B.L	da	SAP AG
B.L	da	Siemens AG
B.L	da	ThyssenKrupp
B.L	da	Tyskland
B.L	da	USA
B.L	da	Volkswagen Aktiengesellschaft
B.L	no	Darmstadt
B.L	no	Hessen
B.L	no	Merck & Co.
B.L	nn	1668
B.L	nn	1889
B.L	nn	Darmstadt
B.L	nn	Hessen
B.L	nn	Merck & Co.
B.L	nn	USA
B.L	pl	1668
B.L	pl	1816
B.L	pl	1827
B.L	pl	1855
B.L	pl	1860
B.L	pl	1884
B.L	pl	1887
B.L	pl	1891
B.L	pl	1903
B.L	pl	1904
B.L	pl	1912
B.L	pl	1917
B.L	pl	1961
B.L	pl	1969
B.L	pl	2006
B.L	pl	3,4-metylenodioksymetamfetamina
B.L	pl	Adidas
B.L	pl	Alkaloidy
B.L	pl	Allianz
B.L	pl	Apollo 11
B.L	pl	BASF
B.L	pl	BMW
B.L	pl	Bayer AG
B.L	pl	Beiersdorf AG
B.L	pl	Berlin
B.L	pl	Biotechnologia
B.L	pl	Branża
B.L	pl	CN Biosciences
B.L	pl	Ciekłe kryształy
B.L	pl	Commerzbank
B.L	pl	Cukrzyca
B.L	pl	DAX
B.L	pl	Daimler AG
B.L	pl	Darmstadt
B.L	pl	Deutsche Bank
B.L	pl	Deutsche Börse
B.L	pl	Deutsche Post
B.L	pl	Deutsche Telekom
B.L	pl	E.ON
B.L	pl	Ecstasy
B.L	pl	Formy prawne przedsiębiorstw
B.L	pl	Fresenius
B.L	pl	Fresenius Medical Care
B.L	pl	Friedrich Jacob Merck
B.L	pl	Georg Merck
B.L	pl	Heinrich Emanuel Merck
B.L	pl	Henkel
B.L	pl	I wojna światowa
B.L	pl	Infineon
B.L	pl	Inżynieria genetyczna
B.L	pl	K+S
B.L	pl	Kokaina
B.L	pl	Linde AG
B.L	pl	Londyn
B.L	pl	Lufthansa
B.L	pl	MAN SE
B.L	pl	Merck & Co.
B.L	pl	Metro Group
B.L	pl	Morfina
B.L	pl	Moskwa
B.L	pl	Munich Re
B.L	pl	Niemcy
B.L	pl	Nowy Jork
B.L	pl	Oksymetazolina
B.L	pl	Opium
B.L	pl	Pigment
B.L	pl	RWE (koncern)
B.L	pl	SAP AG
B.L	pl	Salzgitter AG
B.L	pl	Schweinfurt
B.L	pl	Serono
B.L	pl	Siemens AG
B.L	pl	Spółka komandytowo-akcyjna
B.L	pl	Substancja psychoaktywna
B.L	pl	ThyssenKrupp
B.L	pl	Volkswagen AG
B.L	pl	Wiedeń
B.L	pl	Witamina C
B.L	pl	Witamina D
B.L	pl	XIX wiek
B.L	pl	XX wiek
B.L	pl	Zatrudnienie
B.L	pl	Zygmunt Freud
B.L	pl	Szablon:DAX
B.L	pl	Dyskusja szablonu:DAX
B.L	nl	Adidas
B.L	nl	Allianz
B.L	nl	BASF (chemieconcern)
B.L	nl	BMW
B.L	nl	Bayer
B.L	nl	Beiersdorf AG
B.L	nl	Commerzbank
B.L	nl	Continental AG
B.L	nl	DAX-index
B.L	nl	Daimler (Duitsland)
B.L	nl	Darmstadt
B.L	nl	Deutsche Bank
B.L	nl	Deutsche Börse
B.L	nl	Deutsche Post
B.L	nl	Deutsche Telekom
B.L	nl	E.ON
B.L	nl	Eerste Wereldoorlog
B.L	nl	Fresenius
B.L	nl	Fresenius Medical Care
B.L	nl	HeidelbergCement
B.L	nl	Heinrich Emanuel Merck
B.L	nl	Henkel KGaA
B.L	nl	Infineon
B.L	nl	K+S
B.L	nl	Lanxess
B.L	nl	Linde AG
B.L	nl	Lufthansa
B.L	nl	Merck & Co.
B.L	nl	Münchener Rück
B.L	nl	RWE (energie)
B.L	nl	SAP AG
B.L	nl	Serono
B.L	nl	Siemens AG
B.L	nl	ThyssenKrupp
B.L	nl	Verenigde Staten
B.L	nl	Volkswagen AG
B.L	nl	Wikimedia Commons
B.L	ko	17세기
B.L	ko	1888년
B.L	ko	19세기
B.L	ko	2010년
B.L	ko	5월 4일
B.L	ko	BASF
B.L	ko	BMW
B.L	ko	DAX
B.L	ko	E.ON
B.L	ko	K+S
B.L	ko	MAN SE
B.L	ko	MSD
B.L	ko	RWE
B.L	ko	SAP AG
B.L	ko	다름슈타트
B.L	ko	다임러 AG
B.L	ko	도이체 방크
B.L	ko	도이체 뵈르제
B.L	ko	도이체 텔레콤
B.L	ko	도이체 포스트
B.L	ko	독일
B.L	ko	독일어
B.L	ko	루프트한자
B.L	ko	린데 AG
B.L	ko	머니투데이
B.L	ko	머크앤드컴퍼니
B.L	ko	메르크 (동음이의)
B.L	ko	메트로 AG
B.L	ko	뮤닉 리
B.L	ko	미국
B.L	ko	바이어스도르프
B.L	ko	바이엘 (기업)
B.L	ko	아디다스
B.L	ko	알리안츠
B.L	ko	액정
B.L	ko	인피니온 테크놀로지스
B.L	ko	제약
B.L	ko	지멘스 AG
B.L	ko	캐나다
B.L	ko	코메르츠방크
B.L	ko	특수안료
B.L	ko	티센크루프
B.L	ko	폭스바겐 AG
B.L	ko	프랑크푸르트 증권거래소
B.L	ko	프레제니우스 (기업)
B.L	ko	프레제니우스 메디컬 케어
B.L	ko	하이델베르그시멘트
B.L	ko	헨켈
B.L	ko	화학
B.L	ko	위키백과:동음이의어 문서
B.L	ko	틀:DAX
B.L	ko	틀토론:DAX
B.L	hu	1668
B.L	hu	17. század
B.L	hu	Alkaloidák
B.L	hu	Amerikai Egyesült Államok
B.L	hu	Analitikai kémia
B.L	hu	Bisoprolol
B.L	hu	Cebion
B.L	hu	Cetuximab
B.L	hu	Darmstadt
B.L	hu	Digitoxin
B.L	hu	Dél-amerika
B.L	hu	Ecstasy
B.L	hu	Első világháború
B.L	hu	Emanuel Merck
B.L	hu	Európa
B.L	hu	Folyadékkristály
B.L	hu	Fortecortin
B.L	hu	Friedrich Jacob Merck
B.L	hu	Gazdasági csoda
B.L	hu	Georg Merck
B.L	hu	Gestafortin
B.L	hu	Gyógyszergyár
B.L	hu	Gyógyszeripar
B.L	hu	Gyógyszertár
B.L	hu	Gyógyszerész
B.L	hu	Kanada
B.L	hu	Kardio-metabolikus
B.L	hu	Kokain
B.L	hu	Kortikoid
B.L	hu	Kromatográfia
B.L	hu	Laboratórium
B.L	hu	Levothyroxine
B.L	hu	MDMA
B.L	hu	Magyarország
B.L	hu	Menova
B.L	hu	Merck & Co.
B.L	hu	Merck (egyértelműsítő lap)
B.L	hu	Metformin
B.L	hu	Morfin
B.L	hu	Második világháború
B.L	hu	Nasivin
B.L	hu	New York
B.L	hu	Németország
B.L	hu	Oncológia
B.L	hu	Pigment
B.L	hu	Sigmund Freud
B.L	hu	Terápiás területen
B.L	hu	Vegyi gyár
B.L	hu	Vegyipar
B.L	hu	Vigantol
B.L	hu	Vitamin
B.L	hu	Wilhelm Adam Sertürner
B.L	hu	Ázsia
B.L	hu	Észak-Amerika
B.L	hu	Ópium
B.L	hu	Über Coca
B.L	id	1668
B.L	id	Darmstadt
B.L	id	Farmasi
B.L	id	Jenis entitas bisnis
B.L	id	Jerman
B.L	id	KGaA
B.L	id	Kimia
B.L	id	Kommanditgesellschaft auf Aktien
B.L	id	Korporasi
B.L	id	Multinasional
B.L	id	Perusahaan (hukum)
B.L	id	Wikipedia:Rintisan
B.L	it	1668
B.L	it	Adidas
B.L	it	Allianz
B.L	it	BASF
B.L	it	BMW
B.L	it	Bayer
B.L	it	Beiersdorf (azienda)
B.L	it	Blue chip
B.L	it	Borsa di Francoforte
B.L	it	Borsa valori
B.L	it	Cetuximab
B.L	it	Commerzbank
B.L	it	DAX 30
B.L	it	Daimler (azienda)
B.L	it	Darmstadt
B.L	it	Deutsche Bank
B.L	it	Deutsche Börse
B.L	it	Deutsche Post
B.L	it	Deutsche Telekom
B.L	it	E.ON
B.L	it	Emanuel Merck
B.L	it	Europa
B.L	it	Farmaco
B.L	it	Fresenius
B.L	it	Fresenius Medical Care
B.L	it	Germania
B.L	it	Gruppo Volkswagen
B.L	it	Heidelberg Cement
B.L	it	Henkel
B.L	it	Indice azionario
B.L	it	Industria farmaceutica
B.L	it	Infineon Technologies
B.L	it	K+S
B.L	it	Linde AG
B.L	it	Lufthansa
B.L	it	MAN SE
B.L	it	Merck & Co.
B.L	it	Metro (azienda)
B.L	it	Munich Re
B.L	it	Prima guerra mondiale
B.L	it	RWE (azienda)
B.L	it	SAP (azienda)
B.L	it	Siemens (azienda)
B.L	it	Sito web
B.L	it	Stati Uniti
B.L	it	Stato
B.L	it	ThyssenKrupp
B.L	it	Wikipedia:Fonti attendibili
B.L	it	Wikipedia:Uso delle fonti
B.L	it	File:Stub .png
B.L	it	File:Stub aziende tedesche.png
B.L	it	Template:Aziende DAX 30
B.L	it	Discussioni template:Aziende DAX 30
B.L	it	Aiuto:Abbozzo
B.L	it	Aiuto:Manuale di stile
B.L	it	Categoria:Senza fonti - aziende
B.L	it	Categoria:Senza fonti - febbraio 2011
B.L	it	Categoria:Stub - aziende tedesche
B.L	it	Portale:Aziende
B.L	it	Portale:Aziende/icona
B.L	it	Portale:Germania
B.L	it	Portale:Germania/icona
B.L	it	Progetto:Aziende
B.L	it	Progetto:Aziende tedesche
B.L	ja	1668年
B.L	ja	17世紀
B.L	ja	1950年
B.L	ja	1968年
B.L	ja	1975年
B.L	ja	1976年
B.L	ja	1991年
B.L	ja	1998年
B.L	ja	19世紀
B.L	ja	2001年
B.L	ja	2002年
B.L	ja	2005年
B.L	ja	2006年
B.L	ja	2007年
B.L	ja	2008年
B.L	ja	2011年
B.L	ja	7月
B.L	ja	BASF
B.L	ja	BMW
B.L	ja	E.ON
B.L	ja	K+S
B.L	ja	RWE
B.L	ja	SAP (企業)
B.L	ja	アストラ
B.L	ja	アディダス
B.L	ja	アナフィラキシーショック
B.L	ja	アメリカ合衆国
B.L	ja	アリアンツ
B.L	ja	アルカロイド
B.L	ja	インフィニオン・テクノロジーズ
B.L	ja	エピペン
B.L	ja	エレクトロニクス
B.L	ja	コメルツ銀行
B.L	ja	コンチネンタル (自動車部品製造業)
B.L	ja	シーメンス
B.L	ja	ジェネリック医薬品
B.L	ja	スウェーデン
B.L	ja	ダイムラー (自動車メーカー)
B.L	ja	ダルムシュタット
B.L	ja	ティッセンクルップ
B.L	ja	ドイツ
B.L	ja	ドイツテレコム
B.L	ja	ドイツポスト
B.L	ja	ドイツ・ポストバンク
B.L	ja	ドイツ株価指数
B.L	ja	ドイツ証券取引所
B.L	ja	ドイツ銀行
B.L	ja	ニュージャージー州
B.L	ja	ニューヨーク
B.L	ja	ハイポ・リアル・エステート
B.L	ja	バイエル (企業)
B.L	ja	バイオサイエンス
B.L	ja	バイオテクノロジー
B.L	ja	フォルクスワーゲングループ
B.L	ja	フランクフルト証券取引所
B.L	ja	フレゼニウス
B.L	ja	ヘンケル
B.L	ja	マイラン
B.L	ja	マサチューセッツ州
B.L	ja	マン (企業)
B.L	ja	ミュンヘン再保険
B.L	ja	メトロ (小売業)
B.L	ja	メルク (曖昧さ回避)
B.L	ja	メルクセローノ
B.L	ja	メルク・アンド・カンパニー
B.L	ja	メーカー
B.L	ja	モスクワ
B.L	ja	ユーロ
B.L	ja	リストラ
B.L	ja	リンデ
B.L	ja	ルフトハンザドイツ航空
B.L	ja	ロンドン
B.L	ja	不妊治療
B.L	ja	不妊症
B.L	ja	代謝
B.L	ja	会社
B.L	ja	内分泌
B.L	ja	化学品
B.L	ja	化粧品
B.L	ja	北米
B.L	ja	医薬品
B.L	ja	印刷
B.L	ja	厚木市
B.L	ja	塗料
B.L	ja	平成
B.L	ja	心血管疾患
B.L	ja	昭和
B.L	ja	東京都
B.L	ja	株式
B.L	ja	株式合資会社
B.L	ja	業種
B.L	ja	液晶ディスプレイ
B.L	ja	港区 (東京都)
B.L	ja	炎症
B.L	ja	癌
B.L	ja	目黒区
B.L	ja	神奈川県
B.L	ja	神経変性疾患
B.L	ja	第一次世界大戦
B.L	ja	自己免疫疾患
B.L	ja	連合国 (第一次世界大戦)
B.L	ja	食品
B.L	ja	Template:DAX
B.L	ja	Template:基礎情報 会社
B.L	ja	Template‐ノート:DAX
B.L	sv	Adidas
B.L	sv	Allianz
B.L	sv	BASF
B.L	sv	BMW
B.L	sv	Bayer AG
B.L	sv	Beiersdorf AG
B.L	sv	Commerzbank
B.L	sv	Daimler AG
B.L	sv	Darmstadt
B.L	sv	Deutsche Bank
B.L	sv	Deutsche Börse
B.L	sv	Deutsche Post
B.L	sv	Deutsche Telekom
B.L	sv	Deutscher Aktienindex
B.L	sv	E.ON
B.L	sv	Fresenius
B.L	sv	Fresenius Medical Care
B.L	sv	Friedrich Jacob Merck
B.L	sv	Hannover Re
B.L	sv	Henkel
B.L	sv	Infineon
B.L	sv	K+S
B.L	sv	Linde AG
B.L	sv	Lufthansa
B.L	sv	MAN AG
B.L	sv	Merck & Co.
B.L	sv	Metro AG
B.L	sv	Munich Re
B.L	sv	RWE
B.L	sv	SAP AG
B.L	sv	Siemens AG
B.L	sv	ThyssenKrupp
B.L	sv	Volkswagen AG
B.L	sv	Mall:DAX
B.L	sv	Malldiskussion:DAX
B.L	sr	1668
B.L	sr	1995
B.L	sr	Akcijski kapital
B.L	sr	Aktiva
B.L	sr	Frankfurtska berza
B.L	sr	Izvršni direktor
B.L	sr	Javna kompanija
B.L	sr	Kommanditgesellschaft auf Aktien
B.L	sr	Merck & Co.
B.L	sr	Merck Serono
B.L	sr	Neto prihod
B.L	sr	Podružnica
B.L	sr	Tečni kristal
B.L	sr	Tiker simbol berze
B.L	sr	Zarada pre kamate i poreza
B.L	sr	Врсте предузећа по државама
B.L	sr	Дармштат
B.L	sr	Еуро
B.L	sr	Латинска Америка
B.L	sr	Океанија
B.L	sr	Први светски рат
B.L	sr	Фармацеутска индустрија
B.L	sr	Хемијска индустрија
B.L	ru	1668
B.L	ru	1668 год
B.L	ru	1892 год
B.L	ru	1995 год
B.L	ru	2011 год
B.L	ru	Adidas
B.L	ru	Allianz
B.L	ru	BASF
B.L	ru	BMW
B.L	ru	Bayer
B.L	ru	Beiersdorf
B.L	ru	Bertrandt
B.L	ru	Calbiochem
B.L	ru	Commerzbank
B.L	ru	DAX
B.L	ru	Daimler
B.L	ru	Deutsche Bank
B.L	ru	Deutsche Börse
B.L	ru	Deutsche Post AG
B.L	ru	Deutsche Telekom
B.L	ru	E.ON
B.L	ru	Fresenius
B.L	ru	Fresenius SE
B.L	ru	Hannover Re
B.L	ru	Henkel
B.L	ru	K+S
B.L	ru	Lufthansa
B.L	ru	MAN
B.L	ru	Merck (значения)
B.L	ru	Metro AG
B.L	ru	Munich Re
B.L	ru	RWE
B.L	ru	SAP
B.L	ru	Salzgitter AG
B.L	ru	Siemens
B.L	ru	The Linde Group
B.L	ru	ThyssenKrupp
B.L	ru	Volkswagen Group
B.L	ru	ВЭЖХ
B.L	ru	Выручка
B.L	ru	Габоксадол
B.L	ru	Германия
B.L	ru	Дармштадт
B.L	ru	Евро
B.L	ru	Листинг (экономика)
B.L	ru	Мерк, Фридрих Якоб
B.L	ru	Мерк (значения)
B.L	ru	Немецкий язык
B.L	ru	Операционная прибыль
B.L	ru	Первая мировая война
B.L	ru	Публичная компания
B.L	ru	Сайт
B.L	ru	Северная Америка
B.L	ru	ТСХ
B.L	ru	Фармацевтика
B.L	ru	Франкфуртская фондовая биржа
B.L	ru	Химия
B.L	ru	Чистая прибыль
B.L	ru	Юридическое лицо
B.L	ro	1997
B.L	ro	2006
B.L	ro	Companie
B.L	ro	Corporație
B.L	ro	Euro
B.L	ro	Frankfurt Stock Exchange
B.L	ro	Germania
B.L	ro	Merck & Co., Inc.
B.L	ro	Mylan Laboratories
B.L	ro	Statele Unite
B.L	ro	Wikipedia:Articolul ciot perfect
B.L	ro	Wikipedia:Găsește și repară un ciot
B.L	qu	1668
B.L	qu	Alimanya
B.L	qu	Chaqllisinchi
B.L	qu	Darmstadt
B.L	qu	Heinrich Emanuel Merck
B.L	qu	Ruruchina
B.L	pt	14 de fevereiro
B.L	pt	15 de junho
B.L	pt	1668
B.L	pt	1892
B.L	pt	2006
B.L	pt	2007
B.L	pt	2008
B.L	pt	Adidas
B.L	pt	Alemanha
B.L	pt	Allianz
B.L	pt	América do Norte
B.L	pt	BASF
B.L	pt	BMW
B.L	pt	Bayer
B.L	pt	Beiersdorf
B.L	pt	Biotecnologia
B.L	pt	Bolsa de Valores de Frankfurt
B.L	pt	Brasil
B.L	pt	Commerzbank
B.L	pt	Continental AG
B.L	pt	Cristal líquido
B.L	pt	DAX-30
B.L	pt	Daimler AG
B.L	pt	Darmstadt
B.L	pt	Deutsche Bank
B.L	pt	Deutsche Börse
B.L	pt	Deutsche Post
B.L	pt	Deutsche Telekom
B.L	pt	E.ON
B.L	pt	EUA
B.L	pt	Empresa
B.L	pt	Europa
B.L	pt	Fresenius
B.L	pt	Fresenius Medical Care
B.L	pt	Grupo Volkswagen
B.L	pt	HeidelbergCement
B.L	pt	Henkel
B.L	pt	Indústria farmacêutica
B.L	pt	Indústria química
B.L	pt	Infineon Technologies
B.L	pt	K+S
B.L	pt	Linde AG
B.L	pt	Lufthansa
B.L	pt	Língua alemã
B.L	pt	Língua castelhana
B.L	pt	Língua francesa
B.L	pt	Língua inglesa
B.L	pt	MAN SE
B.L	pt	METRO AG
B.L	pt	Marca
B.L	pt	Merck Sharp and Dohme
B.L	pt	Munich Re
B.L	pt	Portugal
B.L	pt	Primeira Guerra Mundial
B.L	pt	RWE
B.L	pt	SAP AG
B.L	pt	Serono S.A.
B.L	pt	Siemens AG
B.L	pt	Suíça
B.L	pt	ThyssenKrupp
B.L	pt	Wikimedia
B.L	pt	Índice de Bolsa de Valores
B.L	pt	Wikipédia:Esboço
B.L	pt	Predefinição:DAX
B.L	pt	Portal:Farmácia
B.L	zh	1668年
B.L	zh	2007年
B.L	zh	4月2日
B.L	zh	BMW
B.L	zh	DAX指数
B.L	zh	E.ON
B.L	zh	Euro
B.L	zh	K+S
B.L	zh	Lanxess
B.L	zh	RWE
B.L	zh	SAP公司
B.L	zh	上市公司
B.L	zh	利润
B.L	zh	制药
B.L	zh	創辦人
B.L	zh	化工
B.L	zh	大众集团
B.L	zh	大陆集团
B.L	zh	奧大那
B.L	zh	子公司
B.L	zh	安联
B.L	zh	巴斯夫
B.L	zh	德固沙
B.L	zh	德国
B.L	zh	德国商业银行
B.L	zh	德国电信
B.L	zh	德国邮政
B.L	zh	德國
B.L	zh	德國證券交易所
B.L	zh	德意志银行
B.L	zh	愛迪達
B.L	zh	慕尼黑再保险
B.L	zh	戴姆勒
B.L	zh	拜尔斯道夫
B.L	zh	拜耳
B.L	zh	杜邦
B.L	zh	林德
B.L	zh	柏靈英格函
B.L	zh	汉莎航空
B.L	zh	汉高公司
B.L	zh	法兰克福证券交易所
B.L	zh	海德堡水泥
B.L	zh	液晶
B.L	zh	營業額
B.L	zh	產業
B.L	zh	羅氏藥廠
B.L	zh	股東權益
B.L	zh	英飞凌
B.L	zh	荷斯特
B.L	zh	蒂森克虏伯
B.L	zh	行政總裁
B.L	zh	西门子公司
B.L	zh	資產
B.L	zh	费森尤斯
B.L	zh	费森尤斯医疗
B.L	zh	達姆施塔特
B.L	zh	除税及利息前盈利
B.L	zh	非處方藥
B.L	zh	Template:DAX指数成份公司
B.L	zh	Template talk:DAX指数成份公司
B.L	zh	Category:公司
CN	de	Merck_KGaA
IWL	fr	Merck KGaA
IWL	fa	مرک
IWL	en	Merck KGaA
IWL	et	Merck KGaA
IWL	es	Merck KGaA
IWL	bg	Merck KGaA
IWL	da	Merck KGaA
IWL	no	Merck (tysk selskap)
IWL	nn	Merck KGaA
IWL	pl	Merck KGaA
IWL	nl	Merck KGaA
IWL	ko	메르크
IWL	hu	Merck
IWL	id	Merck KGaA
IWL	it	Merck KGaA
IWL	ja	メルク (ドイツ)
IWL	sv	Merck KGaA
IWL	sr	Merk KGaA
IWL	ru	Merck KGaA
IWL	ro	Merck KGaA
IWL	qu	Merck
IWL	pt	Merck KGaA
IWL	zh	默克集團
