A.L	de	A. Schaaffhausen'scher Bankverein
A.L	de	A. Schaaffhausen’scher Bankverein
A.L	de	ABN Amro
A.L	de	ADAC
A.L	de	AEG
A.L	de	AT&T
A.L	de	Abbey Life
A.L	de	Abdülhamid II.
A.L	de	Abraham-Geiger-Kolleg
A.L	de	Accenture
A.L	de	Adelbert Delbrück
A.L	de	Adidas
A.L	de	Adler & Oppenheimer
A.L	de	Adler (Wappentier)
A.L	de	Adolf Hitler
A.L	de	Adolf vom Rath
A.L	de	Adolph vom Rath
A.L	de	Adolph von Hansemann
A.L	de	Aero Lloyd
A.L	de	Air Liquide
A.L	de	Aktie
A.L	de	Aktiengesellschaft
A.L	de	Aktiengesellschaft (Deutschland)
A.L	de	Aktiengesetz (Deutschland)
A.L	de	Aktienrückkauf
A.L	de	Aktientausch
A.L	de	Alan Cloete
A.L	de	Alfred-Herrhausen-Gesellschaft
A.L	de	Alfred Herrhausen
A.L	de	Allianz SE
A.L	de	Alstom
A.L	de	Altana
A.L	de	American International Group
A.L	de	Amsterdam
A.L	de	Anatolische Eisenbahn
A.L	de	Andrea Ypsilanti
A.L	de	Angela Merkel
A.L	de	Anheuser-Busch InBev
A.L	de	Ankara
A.L	de	Anleihe
A.L	de	Anrechnungsverfahren
A.L	de	Anshu Jain
A.L	de	Anton Stankowski
A.L	de	Arcandor
A.L	de	ArcelorMittal
A.L	de	Argentinien
A.L	de	Arisierung
A.L	de	Arthur Salomonsohn
A.L	de	Arthur von Gwinner
A.L	de	Assicurazioni Generali
A.L	de	Asunción
A.L	de	Aufbauorganisation
A.L	de	Aufsichtsrat
A.L	de	Aufsichtsratsvorsitzender
A.L	de	Augsburg
A.L	de	August Thyssen
A.L	de	Auto Union
A.L	de	Avraham Barkai
A.L	de	Axa
A.L	de	Axel Wieandt
A.L	de	BASF
A.L	de	BKK Deutsche Bank
A.L	de	BMW
A.L	de	BNP Paribas
A.L	de	Babcock Borsig
A.L	de	Bagdadbahn
A.L	de	Bahía Blanca
A.L	de	Baisse
A.L	de	Banca Commerciale Italiana
A.L	de	Banco Alemán Transatlántico
A.L	de	Banco Bilbao Vizcaya Argentaria
A.L	de	Banco Santander
A.L	de	Banco Santander Central Hispano
A.L	de	Bangalore
A.L	de	Bank- und Handelshaus Splitgerber & Daum
A.L	de	Bank 24
A.L	de	Bank für Chile und Deutschland
A.L	de	Bank of America
A.L	de	Bankers Trust
A.L	de	Bankhaus Bondi & Maron
A.L	de	Bankhaus Böcking, Karcher & Cie
A.L	de	Bankhaus Delbrück
A.L	de	Bankhaus L. Pfeiffer
A.L	de	Bankhaus Magnus
A.L	de	Bankhaus Mendelssohn
A.L	de	Bankhaus Neelmeyer
A.L	de	Bankleitzahl
A.L	de	Banque BEC
A.L	de	Basel I
A.L	de	Basel II
A.L	de	Basel III
A.L	de	Basra
A.L	de	Bayer AG
A.L	de	Bayerische Creditbank
A.L	de	Bayerische Hypotheken- und Wechsel-Bank
A.L	de	Bayerische Vereinsbank
A.L	de	Beiersdorf AG
A.L	de	Bell Ville
A.L	de	Bergisch-Märkische Bank
A.L	de	Berliner Bank
A.L	de	Berliner Bankverein
A.L	de	Berliner Philharmoniker
A.L	de	Bilanzsumme
A.L	de	Birmingham
A.L	de	BlackRock
A.L	de	Blackfoot
A.L	de	Bochumer Verein
A.L	de	Bolivien
A.L	de	Booz Allen Hamilton
A.L	de	Brasilien
A.L	de	Braunschweiger Privatbank AG
A.L	de	Bremen
A.L	de	Breslau
A.L	de	Brigitte Seebacher-Brandt
A.L	de	Broker
A.L	de	Buderus
A.L	de	Buenos Aires
A.L	de	Buna-Werke
A.L	de	Bundesanstalt für Finanzdienstleistungsaufsicht
A.L	de	Bundesnachrichtendienst
A.L	de	Bundesverband deutscher Banken
A.L	de	Böhmische Union-Bank
A.L	de	Börsen-Zeitung
A.L	de	Börsengang
A.L	de	Bündnis 90/Die Grünen
A.L	de	CBS Corporation
A.L	de	CEMS
A.L	de	Carl Klönne
A.L	de	Carl Levin
A.L	de	Carrefour (Unternehmen)
A.L	de	Cash Group
A.L	de	Cash Management
A.L	de	Cement Roadstone Holding
A.L	de	Chief Financial Officer
A.L	de	Chief Operating Officer
A.L	de	Chile
A.L	de	Christlich Demokratische Union Deutschlands
A.L	de	City of London
A.L	de	Clemens Börsig
A.L	de	Colin Fan
A.L	de	Comdirect
A.L	de	Commerzbank
A.L	de	Compagnie de Saint-Gobain
A.L	de	Concepción (Chile)
A.L	de	Continental AG
A.L	de	Controlling
A.L	de	Cordoba (Argentinien)
A.L	de	Corporate Design
A.L	de	Corporate Social Responsibility
A.L	de	Credit Suisse
A.L	de	Creditanstalt-Bankverein
A.L	de	Crédit Agricole (Unternehmen)
A.L	de	DAB Bank
A.L	de	DAX
A.L	de	DWS Investments
A.L	de	Daimler-Benz
A.L	de	Daimler AG
A.L	de	Danone
A.L	de	Darmstädter und Nationalbank
A.L	de	Debitor
A.L	de	DekaBank
A.L	de	Denkfabrik
A.L	de	Depotstimmrecht
A.L	de	Deutsch-Asiatische Bank
A.L	de	Deutsche-Bank-Hochhaus
A.L	de	Deutsche Bank Building
A.L	de	Deutsche Bank Privat- und Geschäftskunden
A.L	de	Deutsche Bank Research
A.L	de	Deutsche Bank Skyliners
A.L	de	Deutsche Bank Stiftung
A.L	de	Deutsche Bankenkrise
A.L	de	Deutsche Beteiligungs AG
A.L	de	Deutsche Bundesbank
A.L	de	Deutsche Börse
A.L	de	Deutsche Freisinnige Partei
A.L	de	Deutsche Gesellschaft für Wertpapiersparen
A.L	de	Deutsche Kolonien
A.L	de	Deutsche Mark
A.L	de	Deutsche Petroleum-Aktiengesellschaft
A.L	de	Deutsche Post AG
A.L	de	Deutsche Postbank
A.L	de	Deutsche Telekom
A.L	de	Deutsche Ueberseeische Bank
A.L	de	Deutsche Union-Bank
A.L	de	Deutsche Vermögensberatung
A.L	de	Deutsche Volkspartei
A.L	de	Deutsche Wiedervereinigung
A.L	de	Deutsche Überseeische Bank
A.L	de	Deutscher Herold
A.L	de	Deutsches Bankwesen
A.L	de	Deutsches Kaiserreich
A.L	de	Deutschland
A.L	de	Devisenhandel
A.L	de	Didier-Werke AG
A.L	de	Die Verfolgung und Ermordung der europäischen Juden durch das nationalsozialistische Deutschland 1933–1945
A.L	de	Die Zeit
A.L	de	Die tageszeitung
A.L	de	Disconto-Gesellschaft
A.L	de	Disconto Bank
A.L	de	Diskonto-Gesellschaft
A.L	de	Doertenbach & Cie
A.L	de	Dresden
A.L	de	Dresdner Bank
A.L	de	Düsseldorf
A.L	de	E.ON
A.L	de	E. Ladenburg
A.L	de	EKD
A.L	de	ELX Futures
A.L	de	ETH Zürich
A.L	de	EURIBOR
A.L	de	EURO STOXX 50
A.L	de	Eduard Mosler
A.L	de	Eigenfertigung oder Fremdbezug
A.L	de	Eigenkapital
A.L	de	Eigenkapitalrendite
A.L	de	Elberfeld
A.L	de	Elberfelder Bankverein
A.L	de	Electronic Banking
A.L	de	Emder Bank
A.L	de	Emil Georg von Stauß
A.L	de	Emil Rathenau
A.L	de	Emission (Wirtschaft)
A.L	de	Enel
A.L	de	Eni (Unternehmen)
A.L	de	Epcos
A.L	de	Erich Bechtolf
A.L	de	Erlös
A.L	de	Ernst Karl Sippell
A.L	de	Ernst Uhrlau
A.L	de	Erster Weltkrieg
A.L	de	Eschborn
A.L	de	Essener Credit-Anstalt
A.L	de	Euro
A.L	de	Eurohypo
A.L	de	Eurohypo AG
A.L	de	Europäische Bankaufsichtsbehörde
A.L	de	Evonik Degussa
A.L	de	Facilitymanagement
A.L	de	Feldmühle (Unternehmen)
A.L	de	Financial Stability Board
A.L	de	Financial Times
A.L	de	Finanzkrise ab 2007
A.L	de	Finanzstabilitätsrat
A.L	de	Finanzvertrieb
A.L	de	Florida
A.L	de	Fokus
A.L	de	Foodwatch
A.L	de	Forschungsstelle Osteuropa
A.L	de	Forschungsverbund SED-Staat
A.L	de	France Telecom
A.L	de	Frankfurt am Main
A.L	de	Frankfurter Bankverein
A.L	de	Frankfurter Wertpapierbörse
A.L	de	Franz Heinrich Ulrich
A.L	de	Franz Hertel
A.L	de	Franz Urbig
A.L	de	Franz von Papen
A.L	de	Freiburg im Breisgau
A.L	de	Freie Demokratische Partei
A.L	de	Fresenius (Unternehmen)
A.L	de	Fresenius Medical Care
A.L	de	Freundeskreis Reichsführer SS
A.L	de	Friedrich Flick
A.L	de	Friedrich Karl Flick
A.L	de	Friedrich Krupp AG
A.L	de	Friedrich Wilhelm Christians
A.L	de	Fritz Wintermantel
A.L	de	Fusion (Wirtschaft)
A.L	de	Future
A.L	de	GDF Suez
A.L	de	GEFA-Leasing GmbH
A.L	de	Gebäudekomplex der Deutschen Bank
A.L	de	Gelsenberg
A.L	de	Gemeinsame Normdatei
A.L	de	Genf
A.L	de	Georg Solmssen
A.L	de	Georg von Siemens
A.L	de	Gerald D. Feldman
A.L	de	Geschichte Rumäniens
A.L	de	Geschäftsbereich
A.L	de	Girmes
A.L	de	Global Compact
A.L	de	Golddiskontbank
A.L	de	Goldman Sachs
A.L	de	Goldmark
A.L	de	Goldwährung
A.L	de	Gotthardtunnel
A.L	de	Great Northern Railway (USA)
A.L	de	Großbank
A.L	de	Grundkapital
A.L	de	Gründerkrise
A.L	de	Gunit Chadha
A.L	de	Gustaf Schlieper
A.L	de	Gustav Müller (Kaufmann)
A.L	de	Götzendienst
A.L	de	Günter Henle
A.L	de	Günter Vogelsang
A.L	de	H-Soz-u-Kult
A.L	de	Haftendes Eigenkapital
A.L	de	Hagen
A.L	de	Hamburg
A.L	de	Hannover
A.L	de	Hannover Rück
A.L	de	Hannoversche Bank
A.L	de	Hans Büschgen
A.L	de	Hans Imhoff
A.L	de	Hans Lutz Merkle
A.L	de	Hans Rummel
A.L	de	Hardware
A.L	de	Harold James
A.L	de	Harpen AG
A.L	de	Hauck & Aufhäuser
A.L	de	Hausbank
A.L	de	Hedgegeschäft
A.L	de	HeidelbergCement
A.L	de	Heinrich Friedrich von Itzenplitz
A.L	de	Heinrich Lanz AG
A.L	de	Heinz Nixdorf
A.L	de	Helmut Horten
A.L	de	Helmut Kohl
A.L	de	Helpdesk
A.L	de	Henkel (Unternehmen)
A.L	de	Henry Ritchotte
A.L	de	Henry Villard
A.L	de	Hermann-Josef Lamberti
A.L	de	Hermann Göring
A.L	de	Hermann Josef Abs
A.L	de	Hermann Wallich
A.L	de	Hessische Bank
A.L	de	Hildesheimer Bank
A.L	de	Hilmar Kopper
A.L	de	Hjalmar Schacht
A.L	de	Hoechst
A.L	de	Hoesch AG
A.L	de	Hoffmann’s Stärkefabriken
A.L	de	Holding
A.L	de	Hongkong
A.L	de	Hosting
A.L	de	Hua Xia Bank
A.L	de	Hub and Spoke
A.L	de	Hugo Stinnes GmbH
A.L	de	Human Resources
A.L	de	Hyperinflation
A.L	de	Hypo Real Estate
A.L	de	Hypothekenbank
A.L	de	I.G. Farben
A.L	de	IBM
A.L	de	IFRS
A.L	de	IKB Deutsche Industriebank
A.L	de	ING Groep
A.L	de	Iberdrola
A.L	de	Ignaz Petschek
A.L	de	Industrie
A.L	de	Infineon
A.L	de	Ingo Pies
A.L	de	Initial Public Offering
A.L	de	Institutionelle Anleger
A.L	de	International Securities Identification Number
A.L	de	Interne Revision
A.L	de	Intesa Sanpaolo
A.L	de	Investment Banking
A.L	de	Investmentbank
A.L	de	Investor Relations
A.L	de	Iquique
A.L	de	Iran
A.L	de	Islamisches Bankwesen
A.L	de	Italien
A.L	de	J. Frank & Cie
A.L	de	JPMorgan Chase & Co.
A.L	de	Jacksonville (Florida)
A.L	de	Jaipur
A.L	de	James J. Hill
A.L	de	Joachim Funk
A.L	de	John D. Rockefeller
A.L	de	Josef Ackermann
A.L	de	Joseph Anton von Maffei
A.L	de	Junkers & Co.
A.L	de	Juristische Person
A.L	de	Jürgen Fitschen
A.L	de	Jürgen Schneider (Bauunternehmer)
A.L	de	K+S
A.L	de	KZ Auschwitz
A.L	de	KZ Auschwitz III Monowitz
A.L	de	Kaffer
A.L	de	Kaiserslautern
A.L	de	Kapitalanlagegesellschaft
A.L	de	Karl Blessing (Bankier)
A.L	de	Karl Helfferich
A.L	de	Karl Kimmich
A.L	de	Karl Klasen
A.L	de	Karl Ritter von Halt
A.L	de	Karstadt
A.L	de	Kernkapital
A.L	de	Kernkompetenz
A.L	de	Kiautschou
A.L	de	Kilian von Steiner
A.L	de	Klaus Esser
A.L	de	Kolkata
A.L	de	Kommunalobligation
A.L	de	Komparativer Kostenvorteil
A.L	de	Konjunktur
A.L	de	Konrad Adenauer
A.L	de	Konsortialkredit
A.L	de	Konstantinopel
A.L	de	Konya
A.L	de	Konzession
A.L	de	Koreakrieg
A.L	de	Kosmopolitismus
A.L	de	Krakau
A.L	de	Krauss-Maffei
A.L	de	Kurt Fiebig
A.L	de	Kurt von Schleicher
A.L	de	Kuwait
A.L	de	Köln
A.L	de	Königsberg (Preußen)
A.L	de	Kōbe
A.L	de	LIBOR
A.L	de	Land Grabbing
A.L	de	Lanxess
A.L	de	Leipziger Bank
A.L	de	Leo Kirch
A.L	de	Linde AG
A.L	de	Lissabon
A.L	de	Liste der Vorstandsmitglieder der Deutsche Bank AG
A.L	de	Liste systemrelevanter Banken gemäß FSR
A.L	de	Lloyds Banking Group
A.L	de	Lloyds TSB
A.L	de	London
A.L	de	Londoner Schuldenabkommen
A.L	de	Lothar Gall
A.L	de	Ludwig Bamberger
A.L	de	Ludwig Poullain
A.L	de	Ludwig Roland-Lücke
A.L	de	Ludwigshafen
A.L	de	Lufthansa
A.L	de	Luup International
A.L	de	Luxemburg
A.L	de	Luxemburger Abkommen
A.L	de	Lübecker Privatbank
A.L	de	L’Oréal
A.L	de	M&A
A.L	de	MAN
A.L	de	MLP AG
A.L	de	Macht
A.L	de	Mailand
A.L	de	Malaysia
A.L	de	Manager (Wirtschaft)
A.L	de	Manager Magazin
A.L	de	Manfred Pohl (Ökonom)
A.L	de	Mannesmann
A.L	de	Mannesmann-Prozess
A.L	de	Mannesmannröhren-Werke
A.L	de	Mannheim
A.L	de	Marcus Bierich
A.L	de	Marktkapitalisierung
A.L	de	Martin-Luther-Universität Halle-Wittenberg
A.L	de	Maschinenfabrik Esslingen
A.L	de	Matrixorganisation
A.L	de	Max-Planck-Institut für Gesellschaftsforschung
A.L	de	Max Steinthal
A.L	de	Max von Schinckel
A.L	de	Mein Kampf
A.L	de	Mendoza (Stadt)
A.L	de	Mercedes-Automobil Holding AG
A.L	de	Merck KGaA
A.L	de	Mergers & Acquisitions
A.L	de	Metro AG
A.L	de	Mexiko
A.L	de	Michele Faissola
A.L	de	Midland Bank
A.L	de	Mikrofinanzierung
A.L	de	Monopol
A.L	de	Morgan Grenfell
A.L	de	Morgan Stanley
A.L	de	MortgageIT
A.L	de	Moët Hennessy Louis Vuitton
A.L	de	Mumbai
A.L	de	Munich Re
A.L	de	München
A.L	de	NS-Regime
A.L	de	NSDAP
A.L	de	Nachhaltigkeit
A.L	de	Namensaktie
A.L	de	Nationale Anti-Doping Agentur Deutschland
A.L	de	Nationalliberale Partei
A.L	de	Nationalsozialismus
A.L	de	Nationalsozialistische Betriebszellenorganisation
A.L	de	Netzwerk
A.L	de	Neue Zürcher Zeitung
A.L	de	Neuss
A.L	de	New Deal
A.L	de	New York City
A.L	de	New York Stock Exchange
A.L	de	Nichtregierungsorganisation
A.L	de	Niederlausitzer Kredit- und Sparbank
A.L	de	Nixdorf Computer
A.L	de	Nokia
A.L	de	Norddeutsche Bank
A.L	de	Norddeutsche Bank AG
A.L	de	Norddeutsche Creditanstalt
A.L	de	Deutsche Bank"><links><pl ns="0
A.L	de	Nordwestbank
A.L	de	Norisbank
A.L	de	Northern Pacific Railroad
A.L	de	Nürnberg
A.L	de	Nürnberger Prozess
A.L	de	OMGUS
A.L	de	Oberrheinische Bank
A.L	de	Offshoring
A.L	de	Oldenburgischen Spar- und Leihbank
A.L	de	Opel
A.L	de	Organisationsentwicklung
A.L	de	Oscar Schlitter
A.L	de	Oscar Wassermann
A.L	de	Osmanisches Reich
A.L	de	Osnabrücker Bank
A.L	de	Oswald Rösler
A.L	de	Otto Schniewind
A.L	de	Otto von Bismarck
A.L	de	Outsourcing
A.L	de	Oviedo
A.L	de	Oxfam
A.L	de	Palmöl
A.L	de	Pari
A.L	de	Paris
A.L	de	Parteispende
A.L	de	Paul Achleitner
A.L	de	Paul Mankiewitz
A.L	de	Peanuts
A.L	de	Personalentwicklung
A.L	de	Personalmanagement
A.L	de	Peru
A.L	de	Peter Brunswig
A.L	de	Peter Klöckner
A.L	de	Peter Sodann
A.L	de	Pforzheim
A.L	de	Pfälzische Bank
A.L	de	Philipp Fürchtegott Reemtsma
A.L	de	Philipp Holzmann
A.L	de	Philippinen
A.L	de	Philips
A.L	de	Pirelli
A.L	de	Portfolio
A.L	de	Postbank
A.L	de	Preussag
A.L	de	Preußen
A.L	de	Preußisches Herrenhaus
A.L	de	Primus inter Pares
A.L	de	Privatbank zu Gotha
A.L	de	Private Banking
A.L	de	Private Equity
A.L	de	Private Wealth Management
A.L	de	Protektorat Böhmen und Mähren
A.L	de	Provision
A.L	de	Präferenz
A.L	de	Publikumsfonds
A.L	de	Quandt (Familie)
A.L	de	RWE
A.L	de	Rainer Neske
A.L	de	Rainer Offergeld
A.L	de	Ratingagentur
A.L	de	Real-Estate-Investment-Trust
A.L	de	Rechenzentrum
A.L	de	Recht auf angemessene Ernährung
A.L	de	Rechtsform
A.L	de	Reichsbank
A.L	de	Reichstag (Deutsches Kaiserreich)
A.L	de	Reichswerke Hermann Göring
A.L	de	Reparationen
A.L	de	Reporting
A.L	de	Repsol YPF
A.L	de	Restquote
A.L	de	Retailgeschäft
A.L	de	Reuters
A.L	de	Reutlingen
A.L	de	Rheinisch-Westfälische Bank AG
A.L	de	Rheinische Creditbank
A.L	de	Rheinische Kreditbank
A.L	de	Rio de Janeiro
A.L	de	Risikomanagement
A.L	de	Risikomanager
A.L	de	Robert Rankin (Manager)
A.L	de	Rolf-E. Breuer
A.L	de	Rosario (Santa Fe)
A.L	de	Rudolf Hickel
A.L	de	Rudolf von Koch
A.L	de	Rudolph von Koch
A.L	de	Ruhrbesetzung
A.L	de	Ruhrorter Bank
A.L	de	Rüd, Blass & Cie
A.L	de	SAP
A.L	de	SBZ
A.L	de	SPD
A.L	de	SWIFT-BIC
A.L	de	Sal. Oppenheim
A.L	de	Salamander (Schuhe)
A.L	de	Salzgitter AG
A.L	de	San Miguel de Tucumán
A.L	de	Sanofi-Aventis
A.L	de	Santiago de Chile
A.L	de	Sarbanes Oxley Act
A.L	de	Schachtelprivileg
A.L	de	Schalker Verein
A.L	de	Schering AG
A.L	de	Schlagwortnormdatei
A.L	de	Schlesischer Bankverein
A.L	de	Schneider Electric
A.L	de	Schutzstaffel
A.L	de	Shanghai
A.L	de	Shareholder Value
A.L	de	Siegener Bank
A.L	de	Siemens
A.L	de	Siemens-Schuckertwerke
A.L	de	Siemens & Halske
A.L	de	Singapur
A.L	de	Sitz (juristische Person)
A.L	de	Societe Generale
A.L	de	Société Générale
A.L	de	Société Générale Belgique
A.L	de	Software
A.L	de	Sowjetunion
A.L	de	Special Olympics
A.L	de	Sponsor
A.L	de	Staatsanleihe
A.L	de	Staatsbank der DDR
A.L	de	Standard Oil Company
A.L	de	State Street
A.L	de	Steaua Romana
A.L	de	Stefan Krause (Manager)
A.L	de	Steuerrecht
A.L	de	Stiftung Deutsche Sporthilfe
A.L	de	Stiftung „Erinnerung, Verantwortung und Zukunft“
A.L	de	Stollwerck
A.L	de	Streubesitz
A.L	de	Stuart Lewis
A.L	de	Stuttgart
A.L	de	Städel Museum
A.L	de	Stückaktie
A.L	de	Subprime-Krise
A.L	de	Sudetenland
A.L	de	Swap (Wirtschaft)
A.L	de	Sydney
A.L	de	São Paulo
A.L	de	Südamerika
A.L	de	Süddeutsche Bank AG
A.L	de	Süddeutsche Disconto-Gesellschaft
A.L	de	Südwestbank (Deutsche Bank)
A.L	de	TUI
A.L	de	Tagesschau.de
A.L	de	Telecom Italia
A.L	de	Telefónica
A.L	de	Terroranschläge am 11. September 2001
A.L	de	Testamentsvollstreckung
A.L	de	Textilindustrie
A.L	de	Theodor Frank (Bankier)
A.L	de	Thin client
A.L	de	ThyssenKrupp
A.L	de	Tokio
A.L	de	Toronto
A.L	de	Toskana
A.L	de	Total (Unternehmen)
A.L	de	Transaktion (Informatik)
A.L	de	Turbokapitalismus
A.L	de	UFA
A.L	de	UN-Sonderbeauftragter
A.L	de	US-GAAP
A.L	de	Ullstein Verlag
A.L	de	Umsatzrendite
A.L	de	Umweltprogramm der Vereinten Nationen
A.L	de	UniCredit Group
A.L	de	Unibail-rodamco
A.L	de	Unicredit Bank
A.L	de	Unilever
A.L	de	Univers
A.L	de	Universalbank
A.L	de	Unternehmensberatung
A.L	de	Unternehmenskultur
A.L	de	Unternehmensleitbild
A.L	de	Unternehmenslogo
A.L	de	Unternehmensplanung
A.L	de	Unternehmensstrategie
A.L	de	Uruguay
A.L	de	VEBA
A.L	de	VEJ
A.L	de	VIAG
A.L	de	Valdivia
A.L	de	Valparaíso
A.L	de	Vereinigte Staaten von Amerika
A.L	de	Vereinigte Stahlwerke
A.L	de	Vereinigtes Königreich
A.L	de	Vereinte Nationen
A.L	de	Verwaltungskosten
A.L	de	Veränderungsmanagement
A.L	de	Victor Karl Magnus
A.L	de	Victory-Zeichen
A.L	de	Vinci (Unternehmen)
A.L	de	Vivendi
A.L	de	Vodafone
A.L	de	Volkswagen AG
A.L	de	Vollzeitäquivalent
A.L	de	Vorstand
A.L	de	Vorstandsvorsitzende
A.L	de	Vorstandsvorsitzender
A.L	de	Wall Street
A.L	de	Weimarer Republik
A.L	de	Weizen
A.L	de	Weltwirtschaftskrise
A.L	de	Werner Steinmüller
A.L	de	Werner von Siemens
A.L	de	West-Berlin
A.L	de	Westdeutsche Landesbank
A.L	de	Westdeutscher Rundfunk Köln
A.L	de	Westzone
A.L	de	Wettbewerb (Wirtschaft)
A.L	de	Wien
A.L	de	Wiener Bankverein
A.L	de	Wilfried Guth
A.L	de	Wilhelm Herz (Bankier)
A.L	de	Wilhelm I. (Deutsches Reich)
A.L	de	Wilhelm II. (Deutsches Reich)
A.L	de	Willy Brandt
A.L	de	Wirtschaft im nationalsozialistischen Deutschen Reich
A.L	de	Wolfgang Huber
A.L	de	World Trade Center
A.L	de	Württembergische Vereinsbank
A.L	de	Würzburg
A.L	de	XETRA
A.L	de	Yokohama
A.L	de	Zeche König Wilhelm
A.L	de	Zeit des Nationalsozialismus
A.L	de	Zertifikat (Wirtschaft)
A.L	de	Zinsspanne
A.L	de	Zurich Gruppe
A.L	de	Zwei-plus-Vier-Vertrag
A.L	de	Zweiter Weltkrieg
A.L	de	Österreich
A.L	de	Überzeichnung
A.L	de	Diskussion:Deutsche Bank
A.L	de	Wikipedia:Lesenswerte Artikel
A.L	de	Wikipedia:Wie schreibe ich gute Artikel
A.L	de	Kategorie:Person (Deutsche Bank AG)
B.L	fi	Adidas
B.L	fi	Allianz
B.L	fi	BASF
B.L	fi	BMW
B.L	fi	Bayer
B.L	fi	Beiersdorf
B.L	fi	Commerzbank
B.L	fi	DAX-indeksi
B.L	fi	Daimler
B.L	fi	Deutsche Börse
B.L	fi	Deutsche Post
B.L	fi	Deutsche Telekom
B.L	fi	E.ON
B.L	fi	Frankfurt am Main
B.L	fi	Fresenius
B.L	fi	Fresenius Medical Care
B.L	fi	Hannover Re
B.L	fi	Helsinki
B.L	fi	Henkel
B.L	fi	Investointipankki
B.L	fi	K+S
B.L	fi	Linde
B.L	fi	Lufthansa
B.L	fi	MAN (yritys)
B.L	fi	METRO AG
B.L	fi	Merck KGaA
B.L	fi	Munich Re
B.L	fi	New Yorkin pörssi
B.L	fi	Pankki
B.L	fi	RWE
B.L	fi	SAP (yritys)
B.L	fi	Saksa
B.L	fi	Saksan kieli
B.L	fi	Salzgitter (yritys)
B.L	fi	Siemens
B.L	fi	ThyssenKrupp
B.L	fi	Toimiala
B.L	fi	Volkswagen
B.L	fi	Yhtiömuoto
B.L	fi	Yritys
B.L	fi	Wikipedia:Tynkä
B.L	fi	Luokka:Yritystyngät
B.L	fr	1870
B.L	fr	1872
B.L	fr	1873
B.L	fr	1974
B.L	fr	2010
B.L	fr	22 janvier
B.L	fr	Adidas
B.L	fr	Aktiengesellschaft
B.L	fr	Allemagne
B.L	fr	Allianz
B.L	fr	American Express
B.L	fr	American International Group
B.L	fr	Anshu Jain
B.L	fr	Anton Stankowski
B.L	fr	BASF
B.L	fr	BB&T
B.L	fr	BBVA
B.L	fr	BMO Capital Markets
B.L	fr	BNP Paribas
B.L	fr	BOK Financial Corporation
B.L	fr	BPCE
B.L	fr	Banco Santander
B.L	fr	Bank of America
B.L	fr	Bank of China
B.L	fr	Bank of New York Mellon
B.L	fr	Bank of the West
B.L	fr	Bankers Trust
B.L	fr	Banque
B.L	fr	Banque Mizuho
B.L	fr	Banque Toronto-Dominion
B.L	fr	Banque d'investissement
B.L	fr	Banque de Montréal
B.L	fr	Banque systémique
B.L	fr	Barclays
B.L	fr	Barclays Capital
B.L	fr	Barre oblique
B.L	fr	Bayer (entreprise)
B.L	fr	Bayerische Motoren Werke
B.L	fr	Beiersdorf
B.L	fr	Belgique
B.L	fr	Berlin
B.L	fr	Bilan comptable
B.L	fr	CIBC World Markets
B.L	fr	CIT Group
B.L	fr	Caisse des dépôts et consignations
B.L	fr	Cantor Fitzgerald
B.L	fr	Capital One
B.L	fr	Charles Schwab Corporation
B.L	fr	Chef d'entreprise
B.L	fr	Chronologie de l'histoire des banques en Europe
B.L	fr	Citigroup
B.L	fr	City National
B.L	fr	Classement mondial des entreprises leader par secteur
B.L	fr	Comerica
B.L	fr	Commerzbank
B.L	fr	Conseil de stabilité financière
B.L	fr	Continental AG
B.L	fr	Credit Suisse
B.L	fr	Crise des subprimes
B.L	fr	Crédit agricole
B.L	fr	DAX
B.L	fr	Daimler (entreprise)
B.L	fr	Daiwa Securities SMBC Co.Ltd.
B.L	fr	Deutsche Bank Place
B.L	fr	Deutsche Börse
B.L	fr	Deutsche Post
B.L	fr	Deutsche Postbank
B.L	fr	Deutsche Telekom
B.L	fr	Discover Financial
B.L	fr	E-Trade
B.L	fr	E.ON
B.L	fr	Euro
B.L	fr	Fifth Third Bank
B.L	fr	First Niagara
B.L	fr	Francfort-sur-le-Main
B.L	fr	Fresenius
B.L	fr	Fresenius Medical Care
B.L	fr	GMAC
B.L	fr	General Electric Capital
B.L	fr	Goldman Sachs
B.L	fr	Grupo Santander
B.L	fr	HSBC
B.L	fr	HeidelbergCement
B.L	fr	Henkel
B.L	fr	Hermann-Josef Lamberti
B.L	fr	Houlihan Lokey
B.L	fr	Hudson City
B.L	fr	Hugo Bänziger
B.L	fr	Huntington Bancshares
B.L	fr	ING Group
B.L	fr	ISO 13616
B.L	fr	ISO 6166
B.L	fr	ISO 9362
B.L	fr	Infineon Technologies
B.L	fr	Internationale Nederlanden Groep
B.L	fr	JPMorgan Chase
B.L	fr	JP Morgan Chase
B.L	fr	Jefferies & Co.
B.L	fr	John Deere Capital
B.L	fr	Josef Ackermann
B.L	fr	Jürgen Fitschen
B.L	fr	K+S
B.L	fr	KBC Bank
B.L	fr	KeyBank
B.L	fr	LCL
B.L	fr	Lanxess
B.L	fr	Lazard
B.L	fr	Linde AG
B.L	fr	Londres
B.L	fr	Lufthansa
B.L	fr	M&T Bank
B.L	fr	Macquarie Group
B.L	fr	Mediobanca
B.L	fr	Merck KGaA
B.L	fr	Mistsubishi UFJ
B.L	fr	Mitsubishi UFJ Financial Group
B.L	fr	Mizuho Corporate Bank
B.L	fr	Morgan Grenfell
B.L	fr	Morgan Stanley
B.L	fr	Munich Re
B.L	fr	Natixis
B.L	fr	New York
B.L	fr	New York Community Bank
B.L	fr	New York Times
B.L	fr	Nomura Securities Co.
B.L	fr	Nordea
B.L	fr	Northern Trust
B.L	fr	Orchestre Philharmonique de Berlin
B.L	fr	PNC Financial Services
B.L	fr	People's United Financial
B.L	fr	Pierre de Weck
B.L	fr	Popular, Inc.
B.L	fr	Principal Financial
B.L	fr	Quartier d'affaires de Francfort
B.L	fr	RBC Capital Markets
B.L	fr	RWE
B.L	fr	Rabobank
B.L	fr	Rainer Neske
B.L	fr	Regions Financial
B.L	fr	Royal Bank of Scotland
B.L	fr	Royal Bank of Scotland Group
B.L	fr	Royaume-Uni
B.L	fr	Réserve fédérale américaine
B.L	fr	Résultat net
B.L	fr	SAP (entreprise)
B.L	fr	Shanghai
B.L	fr	Siemens (entreprise)
B.L	fr	Singapour
B.L	fr	Site web
B.L	fr	Siège social
B.L	fr	Slogan publicitaire
B.L	fr	Société générale
B.L	fr	Solar Impulse
B.L	fr	Sponsor
B.L	fr	Spécialiste en valeurs du Trésor
B.L	fr	Standard Chartered
B.L	fr	State Street Corporation
B.L	fr	Stefan Krause
B.L	fr	Stifel Nicolaus
B.L	fr	Sumitomo Mitsui
B.L	fr	SunTrust Banks
B.L	fr	Système communautaire d'échange de quotas d'émission
B.L	fr	TD Securities
B.L	fr	The Blackstone Group
B.L	fr	ThyssenKrupp
B.L	fr	Tours jumelles de la Deutsche Bank
B.L	fr	U.S. Bancorp
B.L	fr	UBS
B.L	fr	USAA
B.L	fr	UniCredit
B.L	fr	Unicredit
B.L	fr	Union chrétienne-démocrate d'Allemagne
B.L	fr	Univers (police d'écriture)
B.L	fr	Volker Bouffier
B.L	fr	Volkswagen (entreprise)
B.L	fr	Wells Fargo
B.L	fr	Werner Steinmüller
B.L	fr	Yokohama
B.L	fr	Zions Bancorporation
B.L	fr	États-Unis
B.L	fr	Wikipédia:Citez vos sources
B.L	fr	Modèle:Country data Allemagne
B.L	fr	Modèle:Country data Belgique
B.L	fr	Modèle:Country data France
B.L	fr	Modèle:Infobox Société
B.L	fr	Modèle:Palette Banque systémique
B.L	fr	Modèle:Palette DAX
B.L	fr	Modèle:Palette Grande banque des États-Unis
B.L	fr	Modèle:Palette Principales banques d'investissement
B.L	fr	Discussion modèle:Palette Banque systémique
B.L	fr	Discussion modèle:Palette DAX
B.L	fr	Discussion modèle:Palette Grande banque des États-Unis
B.L	fr	Discussion modèle:Palette Principales banques d'investissement
B.L	fr	Aide:Note
B.L	fr	Catégorie:Article manquant de référence depuis janvier 2009
B.L	fr	Catégorie:Entreprise par date de fondation
B.L	fr	Catégorie:Forme juridique des entreprises
B.L	fr	Catégorie:Portail:Allemagne/Articles liés
B.L	fr	Catégorie:Portail:Entreprises/Articles liés
B.L	fr	Catégorie:Portail:Francfort-sur-le-Main/Articles liés
B.L	fr	Portail:Allemagne
B.L	fr	Portail:Entreprises
B.L	fr	Portail:Francfort-sur-le-Main
B.L	he	10 במרץ
B.L	he	1870
B.L	he	1871
B.L	he	1872
B.L	he	1933
B.L	he	1938
B.L	he	1948
B.L	he	1999
B.L	he	2002
B.L	he	2009
B.L	he	2011
B.L	he	2013
B.L	he	22 בינואר
B.L	he	אדולף היטלר
B.L	he	אושוויץ
B.L	he	אי גה פארבן
B.L	he	אירופה
B.L	he	אמסטרדם
B.L	he	אמריקה
B.L	he	אמריקה הלטינית
B.L	he	אנגליה
B.L	he	אנגלית
B.L	he	אריזציה
B.L	he	בגדאד
B.L	he	בעלות הברית
B.L	he	ברזל
B.L	he	ברלין
B.L	he	ברמן
B.L	he	גסטפו
B.L	he	גרמניה
B.L	he	דבלין
B.L	he	דולר אמריקני
B.L	he	הבורסה לניירות ערך בניו יורק
B.L	he	הבורסה לניירות ערך בפרנקפורט
B.L	he	הונג קונג
B.L	he	המבורג
B.L	he	המזרח התיכון
B.L	he	הנדסת חשמל
B.L	he	הסנאט האמריקאי
B.L	he	הרייך השלישי
B.L	he	חברה ציבורית
B.L	he	טוקיו
B.L	he	טורונטו
B.L	he	טורקיה
B.L	he	יהדות
B.L	he	לונדון
B.L	he	מומבאי
B.L	he	מוסקבה
B.L	he	מזרח אירופה
B.L	he	מטבע חוץ
B.L	he	מימון
B.L	he	מלחמת העולם השנייה
B.L	he	מרכז אירופה
B.L	he	ניו יורק
B.L	he	ניצולי השואה
B.L	he	סאו פאולו
B.L	he	סידני
B.L	he	סינגפור
B.L	he	פיגועי 11 בספטמבר
B.L	he	פלדה
B.L	he	פרוסיה
B.L	he	פריז
B.L	he	פרנקפורט
B.L	he	שוק מתעורר
B.L	he	שנגחאי
B.L	he	תאגיד
B.L	fa	آدیداس
B.L	fa	آرسلور میتال
B.L	fa	آسیا
B.L	fa	آلمان
B.L	fa	آلیانتس
B.L	fa	آمریکا
B.L	fa	آنهویزر-بوش انبیو
B.L	fa	آکسا
B.L	fa	ا.آن
B.L	fa	ار وه ئه
B.L	fa	اروپا
B.L	fa	اس آ پ
B.L	fa	اسیلور
B.L	fa	اشنایدر الکتریک
B.L	fa	ال و ام هاش
B.L	fa	انل
B.L	fa	انی
B.L	fa	ایبردرولا
B.L	fa	ایر لیکوئید
B.L	fa	اینتسا سانپائولو
B.L	fa	ایندیتکس
B.L	fa	اینفینئون
B.L	fa	ای‌اس‌ام‌ال هولدینگ
B.L	fa	ب آ اس اف
B.L	fa	ب ام و
B.L	fa	ب ان پ پاریبا
B.L	fa	بانکو بیلبائو
B.L	fa	بایر (شرکت)
B.L	fa	بایرسدورف
B.L	fa	تلفونیکا
B.L	fa	توتال
B.L	fa	توکیو
B.L	fa	تیسن‌کروپ
B.L	fa	جنرالی
B.L	fa	دانون
B.L	fa	دایملر آ گ
B.L	fa	درآمد
B.L	fa	دویچه بورزه
B.L	fa	دویچه تلکوم
B.L	fa	دویچه پست
B.L	fa	رپسول
B.L	fa	زبان آلمانی
B.L	fa	زیمنس
B.L	fa	سانتاندر گروپ
B.L	fa	سانوفی
B.L	fa	سن-گوبن
B.L	fa	سنگاپور
B.L	fa	سوسیته ژنرال
B.L	fa	سیدنی
B.L	fa	سی‌آراچ
B.L	fa	فرانس تلکوم
B.L	fa	فرانکفورت
B.L	fa	فرزنیوس
B.L	fa	فرزنیوس مدیکال کر
B.L	fa	فیلیپس
B.L	fa	لانکسس
B.L	fa	لندن
B.L	fa	لورئال
B.L	fa	لوفت‌هانزا
B.L	fa	لینده
B.L	fa	مرک
B.L	fa	مسکو
B.L	fa	میلیارد
B.L	fa	میونیک ره
B.L	fa	نوکیا
B.L	fa	نیویورک
B.L	fa	هایدلبرگ‌سمنت
B.L	fa	هنکل
B.L	fa	هنگ کنگ
B.L	fa	وب‌گاه
B.L	fa	وینچی
B.L	fa	ویوندی
B.L	fa	ژ د اف سوئز
B.L	fa	ژانویه
B.L	fa	کا+اس
B.L	fa	کارفور
B.L	fa	کومرتس‌بانک
B.L	fa	کونتیننتال آ گ
B.L	fa	گروه فولکس‌واگن
B.L	fa	یورو
B.L	fa	یورو استاکس ۵۰
B.L	fa	یونیبیل-رودآمکو
B.L	fa	یونیلیور
B.L	fa	یونی‌کردیت
B.L	fa	۱۸۷۰ (میلادی)
B.L	fa	الگو:شرکت‌های دکس
B.L	fa	الگو:شرکت‌های یورو استاکس ۵۰
B.L	fa	بحث الگو:شرکت‌های دکس
B.L	fa	بحث الگو:شرکت‌های یورو استاکس ۵۰
B.L	el	Βερολίνο
B.L	el	Τράπεζα
B.L	el	Φρανκφούρτη
B.L	el	Βικιπαίδεια:Επαληθευσιμότητα
B.L	el	Βικιπαίδεια:Λήμματα προς επέκταση
B.L	el	Βικιπαίδεια:Παράθεση πηγών
B.L	en	9/11
B.L	en	ABN AMRO
B.L	en	AIG
B.L	en	ASML Holding
B.L	en	AXA
B.L	en	Acatech
B.L	en	Adidas
B.L	en	Adolf Hitler
B.L	en	Air Liquide
B.L	en	Aktia Bank
B.L	en	Aktiengesellschaft
B.L	en	Alex. Brown & Sons
B.L	en	Alfred Herrhausen
B.L	en	Allen & Company
B.L	en	Allgemeine Sparkasse Oberösterreich
B.L	en	Allianz
B.L	en	Allied Irish Banks
B.L	en	Ally Financial
B.L	en	Alpha Bank
B.L	en	Amagerbanken
B.L	en	American Express
B.L	en	Ameriprise Financial
B.L	en	Amsterdam
B.L	en	Anheuser-Busch InBev
B.L	en	Anshu Jain
B.L	en	Anton Stankowski
B.L	en	Arbejdernes Landsbank
B.L	en	Arcelor Mittal
B.L	en	Aryanization
B.L	en	Asset
B.L	en	Asset management
B.L	en	Assicurazioni Generali
B.L	en	Athens
B.L	en	Auschwitz
B.L	en	BASF
B.L	en	BB&T
B.L	en	BBVA
B.L	en	BBVA Compass
B.L	en	BHF Bank
B.L	en	BKS Bank AG
B.L	en	BMO Capital Markets
B.L	en	BMO Harris Bank
B.L	en	BMW
B.L	en	BNP Paribas
B.L	en	BNP Paribas CIB
B.L	en	BOC International
B.L	en	BOK Financial Corporation
B.L	en	BPCE
B.L	en	BTG Pactual
B.L	en	BaFin
B.L	en	Baghdad Railway
B.L	en	Banca Agricola Popolare di Ragusa
B.L	en	Banca Monte Parma
B.L	en	Banca Nazionale del Lavoro
B.L	en	Banca Popolare del Lazio
B.L	en	Banca Popolare dell'Emilia Romagna
B.L	en	Banca Popolare di Lecco
B.L	en	Banca Popolare di Milano
B.L	en	Banca Popolare di Novara
B.L	en	Banca Popolare di Sondrio
B.L	en	Banca Popolare di Spoleto
B.L	en	Banca Popolare di Vicenza
B.L	en	Banca Sella
B.L	en	Banca d'Italia
B.L	en	Banca del Fucino
B.L	en	Banca del Piemonte
B.L	en	Banca dell'Italia Meridionale
B.L	en	Banca delle Marche S.p.A.
B.L	en	Banca di Imola S.p.A.
B.L	en	Banca di Romagna S.p.A.
B.L	en	Banca d’America e d’Italia
B.L	en	Bancaperta S.p.A.
B.L	en	Banco Bilbao Vizcaya Argentaria
B.L	en	Banco Comercial Português
B.L	en	Banco Espírito Santo
B.L	en	Banco Pastor
B.L	en	Banco Popolare
B.L	en	Banco Popular Español
B.L	en	Banco Português de Investimento
B.L	en	Banco Sabadell
B.L	en	Banco Santander
B.L	en	Banesto
B.L	en	Bangkok
B.L	en	Bank
B.L	en	Bank BPH
B.L	en	Bank für Tirol und Vorarlberg AG
B.L	en	Bank of America
B.L	en	Bank of America Merrill Lynch
B.L	en	Bank of China
B.L	en	Bank of Cyprus
B.L	en	Bank of Ireland
B.L	en	Bank of Slovenia
B.L	en	Bank of the West
B.L	en	Bank of Åland
B.L	en	Bank van de Post
B.L	en	Bankers Trust
B.L	en	Bankia
B.L	en	Banking
B.L	en	Banking in the United States
B.L	en	Bankinter
B.L	en	Banque Michel Inchauspé - BAMI
B.L	en	Banque Palatine
B.L	en	Banque Raiffeisen
B.L	en	Banque et Caisse d'Épargne de l'État
B.L	en	Barclays
B.L	en	Barclays Investment Bank
B.L	en	Bayer
B.L	en	Bayer AG
B.L	en	Beiersdorf
B.L	en	Belgrade
B.L	en	Berenberg Bank
B.L	en	Berlin
B.L	en	Bilbao Bizkaia Kutxa
B.L	en	Bill of exchange
B.L	en	Blackstone Group
B.L	en	Boaz Weinstein
B.L	en	Bremen
B.L	en	Bremer Landesbank
B.L	en	Brewin Dolphin
B.L	en	Brown, Shipley & Co.
B.L	en	Bub Gauweiler & Partner
B.L	en	Bucharest
B.L	en	Bulgaria
B.L	en	Bulge bracket
B.L	en	CIBC World Markets
B.L	en	CITIC Securities
B.L	en	CIT Group
B.L	en	CLSA
B.L	en	CRH plc
B.L	en	Caixa Central de Crédito Agrícola Mútuo
B.L	en	Caixa Geral de Depósitos
B.L	en	Caja Laboral
B.L	en	Caja Rural
B.L	en	Capital One
B.L	en	Carrefour
B.L	en	Cassa di Risparmio della Provincia di Chieti S.p.A.
B.L	en	Cassa di Risparmio della Provincia di Teramo S.p.A.
B.L	en	Cassa di Risparmio di Cesena S.p.A.
B.L	en	Cassa di Risparmio di Fermo S.p.A.
B.L	en	Cassa di Risparmio di Ferrara S.p.A.
B.L	en	Cassa di Risparmio di Loreto S.p.A.
B.L	en	Cassa di Risparmio di Ravenna S.p.A.
B.L	en	CatalunyaCaixa
B.L	en	Centerview Partners
B.L	en	Charles Schwab Corporation
B.L	en	China International Capital Corp
B.L	en	Citibank
B.L	en	Citigroup
B.L	en	Citizens Financial Group
B.L	en	City National Bank (California)
B.L	en	Cleary Gottlieb Steen & Hamilton
B.L	en	Close Brothers Group
B.L	en	Collateralized debt obligation
B.L	en	Comerica
B.L	en	Commercial bank
B.L	en	Commerzbank
B.L	en	Continental AG
B.L	en	Corporate finance
B.L	en	Credit Mutuel CIC Banque
B.L	en	Credit Suisse
B.L	en	Credit card
B.L	en	Credit default swap index
B.L	en	Creditanstalt
B.L	en	Credito Emiliano S.p.A.
B.L	en	Croatia
B.L	en	Crédit Agricole
B.L	en	Crédit Agricole Corporate and Investment Bank
B.L	en	Crédit Coopératif
B.L	en	Crédit Mutuel Arkéa
B.L	en	Crédit du Nord
B.L	en	Cyprus Popular Bank
B.L	en	DAX
B.L	en	DZ Bank
B.L	en	Daewoo Securities
B.L	en	Daimler AG
B.L	en	Daiwa Securities Capital Markets
B.L	en	Danske Andelskassers Bank
B.L	en	Danske Bank
B.L	en	De Nederlandsche Bank
B.L	en	Derivative (finance)
B.L	en	Deutsche Bank
B.L	en	Deutsche Bank Alex. Brown
B.L	en	Deutsche Bank Prize in Financial Economics
B.L	en	Deutsche Bank Twin Towers
B.L	en	Deutsche Bundesbank
B.L	en	Deutsche Börse
B.L	en	Deutsche Post
B.L	en	Deutsche Postbank
B.L	en	Deutsche Telekom
B.L	en	Dexia
B.L	en	Dexia Banque Internationale à Luxembourg SA
B.L	en	DiBa Bank A/S
B.L	en	Discover Financial
B.L	en	Dividend
B.L	en	Djurslands Bank A/S
B.L	en	DnB NOR
B.L	en	Dow Jones & Company
B.L	en	Dubai
B.L	en	Dublin
B.L	en	E-Trade
B.L	en	E.ON
B.L	en	EUR
B.L	en	Earnings before interest and taxes
B.L	en	Emerging markets
B.L	en	Encyclopedia Americana
B.L	en	Enel
B.L	en	Eni
B.L	en	Equity (finance)
B.L	en	Erste Group
B.L	en	Essilor
B.L	en	Euro
B.L	en	Euro Banking Association
B.L	en	Euro Stoxx 50
B.L	en	Eurobank EFG
B.L	en	Euromoney Institutional Investor
B.L	en	Europe
B.L	en	Europe Arab Bank Frankfurt
B.L	en	European Banking Authority
B.L	en	European Financial Services Roundtable
B.L	en	European sovereign-debt crisis
B.L	en	Evercore Partners
B.L	en	FBR Capital Markets
B.L	en	Fifth Third Bank
B.L	en	Financial centre
B.L	en	Financial services
B.L	en	First Niagara Bank
B.L	en	Foreign exchange market
B.L	en	Fortis (finance)
B.L	en	Fortis Bank Nederland
B.L	en	France Télécom
B.L	en	Frankfurt
B.L	en	Frankfurt Stock Exchange
B.L	en	Fresenius (company)
B.L	en	Fresenius Medical Care
B.L	en	Fund management
B.L	en	GDF Suez
B.L	en	GE Capital
B.L	en	Geographic coordinate system
B.L	en	Georg Siemens
B.L	en	Georg von Siemens
B.L	en	George Town, Cayman Islands
B.L	en	Germany
B.L	en	Gestapo
B.L	en	Goldman Sachs
B.L	en	Greece
B.L	en	Greenhill & Co.
B.L	en	Groupe Banque Populaire
B.L	en	Groupe Danone
B.L	en	Grupo Santander
B.L	en	HSBC
B.L	en	HSBC Bank (Europe)
B.L	en	HSBC Bank USA
B.L	en	HSBC France
B.L	en	Hamburg
B.L	en	Hamburger Sparkasse AG
B.L	en	Handelsbanken
B.L	en	Harris Williams & Co.
B.L	en	HeidelbergCement
B.L	en	Helaba
B.L	en	Hellenic Bank
B.L	en	Henkel
B.L	en	Hermann Josef Abs
B.L	en	Hermann Wallich
B.L	en	Hesse
B.L	en	High net worth individual
B.L	en	Hollandsche Bank-Unie
B.L	en	Hong Kong
B.L	en	Houlihan Lokey
B.L	en	Hudson City Bancorp
B.L	en	Hungarian National Bank
B.L	en	Huntington Bancshares
B.L	en	ICCREA Banca
B.L	en	IG Farben
B.L	en	ING Group
B.L	en	Iberdrola
B.L	en	Inditex
B.L	en	Infineon Technologies
B.L	en	International Standard Book Number
B.L	en	Intesa Sanpaolo
B.L	en	Investec Bank
B.L	en	Investment banking
B.L	en	Is Investment
B.L	en	Istanbul
B.L	en	Istituto Centrale delle Banche Popolari Italiane
B.L	en	Italy
B.L	en	J.P. Morgan & Co.
B.L	en	J.P. Morgan Cazenove
B.L	en	JPMorgan Chase
B.L	en	Jefferies & Company
B.L	en	Jewish
B.L	en	John Deere
B.L	en	Josef Ackermann
B.L	en	Juergen Fitschen
B.L	en	Jyske Bank
B.L	en	K+S
B.L	en	KBC Bank
B.L	en	KBL European Private Bankers
B.L	en	KB Kookmin Bank
B.L	en	Karachi
B.L	en	Karl Kimmich
B.L	en	Keefe, Bruyette & Woods
B.L	en	KeyBank
B.L	en	Korea Development Bank
B.L	en	Krupp
B.L	en	Kuala Lumpur
B.L	en	Kutxa
B.L	en	L'Oréal
B.L	en	LVMH
B.L	en	La Banque postale
B.L	en	La Caixa
B.L	en	Landesbank Baden-Württemberg
B.L	en	Landesbank Berlin Holding
B.L	en	Lanxess
B.L	en	Lazard
B.L	en	Leadership in Energy and Environmental Design
B.L	en	Leo Kirch
B.L	en	List of investment banks
B.L	en	Lloyds Banking Group
B.L	en	Lloyds TSB
B.L	en	London
B.L	en	Lothar Gall
B.L	en	Ludwig Bamberger
B.L	en	Lufthansa
B.L	en	M&T Bank
B.L	en	Macquarie Group
B.L	en	Madrid
B.L	en	Magnetar Capital
B.L	en	Manila
B.L	en	Mashreq (Bank)
B.L	en	Mediobanca
B.L	en	Merck KGaA
B.L	en	Mergers and acquisitions
B.L	en	MetLife
B.L	en	Michael Bohndorf
B.L	en	Michael Cohrs
B.L	en	Milan
B.L	en	Mitsubishi UFJ Securities
B.L	en	Mizuho Corporate Bank
B.L	en	Moelis & Company
B.L	en	Mole (espionage)
B.L	en	Monte dei Paschi di Siena
B.L	en	Morgan, Grenfell & Co.
B.L	en	Morgan, Grenfell & Company
B.L	en	Morgan Grenfell
B.L	en	Morgan Stanley
B.L	en	MortgageIT
B.L	en	Mortgage loan
B.L	en	Moscow
B.L	en	Mumbai
B.L	en	Munich Re
B.L	en	NYSE
B.L	en	NYSE Arca
B.L	en	N M Rothschild & Sons
B.L	en	National Australia Bank
B.L	en	National Bank of Austria
B.L	en	National Bank of Greece
B.L	en	National Bank of Poland
B.L	en	National Westminster Bank
B.L	en	Natixis
B.L	en	Net income
B.L	en	New York City
B.L	en	New York Community Bank
B.L	en	New York Stock Exchange
B.L	en	Nokia
B.L	en	Nomura Securities
B.L	en	Nordea
B.L	en	Nordjyske Bank
B.L	en	Northern Pacific Railroad
B.L	en	Northern Trust
B.L	en	Novagalicia Banco
B.L	en	Nørresundby Bank
B.L	en	OP-Pohjola Group
B.L	en	OTP Bank
B.L	en	Oberbank AG
B.L	en	Oldenburgische Landesbank
B.L	en	Oppenheimer Holdings
B.L	en	Otto Hermann Kahn
B.L	en	PNC Financial Services
B.L	en	Paris
B.L	en	Paul Achleitner
B.L	en	People's United Bank
B.L	en	Perella Weinberg Partners
B.L	en	Peter Gauweiler
B.L	en	Philips
B.L	en	Piper Jaffray
B.L	en	Piraeus Bank
B.L	en	Popular, Inc.
B.L	en	Prague
B.L	en	Principal Financial Group
B.L	en	Private banking
B.L	en	Private equity
B.L	en	Prussia
B.L	en	Public domain
B.L	en	RBC Capital Markets
B.L	en	ROTH Capital Partners
B.L	en	RWE
B.L	en	Rabobank
B.L	en	Raiffeisen-Landesbank Tirol Aktiengesellschaft
B.L	en	Raiffeisen Landesbank Südtirol – Cassa Centrale Raiffeisen dell'Alto Adige
B.L	en	Raiffeisen Zentralbank
B.L	en	Raiffeisenlandesbank Oberösterreich AG
B.L	en	Raymond James Financial
B.L	en	Regions Financial Corporation
B.L	en	Renaissance Capital (Russian company)
B.L	en	Repsol S.A.
B.L	en	Retail banking
B.L	en	Return on Equity
B.L	en	Return on equity
B.L	en	Revenues
B.L	en	Ringkjøbing Landbobank
B.L	en	Risk management
B.L	en	Riyadh
B.L	en	Roskilde Bank
B.L	en	Royal Bank of Canada
B.L	en	Royal Bank of Scotland
B.L	en	S-Bank
B.L	en	SAP AG
B.L	en	SECB Swiss EURO CLEARING Bank GmbH
B.L	en	Saint-Gobain
B.L	en	Sal. Oppenheim
B.L	en	Salam Investment Ltd.
B.L	en	Sandler O'Neill and Partners
B.L	en	Sanofi
B.L	en	Savings
B.L	en	Schneider Electric
B.L	en	Second World War
B.L	en	Securities
B.L	en	Senior debt
B.L	en	Serbia
B.L	en	Siemens
B.L	en	Singapore
B.L	en	Sir John Craven
B.L	en	Skandinaviska Enskilda Banken
B.L	en	Skjern Bank
B.L	en	Slovakia
B.L	en	Société Générale
B.L	en	Société Générale Bank & Trust
B.L	en	Sovereign Bank
B.L	en	Spain
B.L	en	Spanish Confederation of Savings Banks
B.L	en	Spar Nord
B.L	en	Sparekassen Sjælland
B.L	en	Standard Chartered
B.L	en	State Street Corporation
B.L	en	Steiermärkische Bank und Sparkassen AG
B.L	en	Stifel Nicolaus
B.L	en	Stone Key Partners
B.L	en	SunTrust Banks
B.L	en	Swedbank
B.L	en	Sydbank A/S
B.L	en	Sydney
B.L	en	Synthetic CDO
B.L	en	São Paulo
B.L	en	Südtiroler Volksbank – Banca Popolare dell'Alto Adige
B.L	en	TD Bank, N.A.
B.L	en	TD Securities
B.L	en	Tapiola Bank
B.L	en	Taxpayers
B.L	en	Telefónica
B.L	en	The Bank of New York Mellon
B.L	en	The Bank of Tokyo-Mitsubishi UFJ
B.L	en	The Big Short
B.L	en	The Economic Times
B.L	en	The Linde Group
B.L	en	The New York Times
B.L	en	The Royal Bank of Scotland Group
B.L	en	Third Reich
B.L	en	ThyssenKrupp
B.L	en	Ticker symbol
B.L	en	Tokyo
B.L	en	Toronto
B.L	en	Total SA
B.L	en	Troika Dialog
B.L	en	Turkey
B.L	en	Types of business entity
B.L	en	U.S. Bancorp
B.L	en	UBI Banca
B.L	en	UBS
B.L	en	UBS Investment Bank
B.L	en	USAA
B.L	en	UniCredit
B.L	en	Unibail-Rodamco
B.L	en	Unilever
B.L	en	UnionBanCal Corporation
B.L	en	Unipol
B.L	en	Universal bank
B.L	en	Utrecht-America Holdings
B.L	en	VTB Bank
B.L	en	VTB Capital
B.L	en	Veneto Banca
B.L	en	Vereinte Dienstleistungsgewerkschaft
B.L	en	Vestfyns Bank A/S
B.L	en	Vestjysk Bank
B.L	en	Vinci (construction)
B.L	en	Vivendi
B.L	en	Volkswagen Group
B.L	en	Wall Street Journal
B.L	en	Warsaw
B.L	en	Wealth management
B.L	en	Wells Fargo
B.L	en	Deutsche Bank"><links><pl ns="0
B.L	en	Wells Fargo Securities
B.L	en	Werner von Siemens
B.L	en	WestLB
B.L	en	William Blair & Company
B.L	en	World War II
B.L	en	Yugoslavia
B.L	en	Zions Bancorporation
B.L	en	Østjydsk Bank A/S
B.L	en	Wikipedia:Citation needed
B.L	en	Wikipedia:Link rot
B.L	en	Wikipedia:Manual of Style/Dates and numbers
B.L	en	Template:50 largest US banks
B.L	en	Template:DAX companies
B.L	en	Template:Deutsche Bank
B.L	en	Template:Euro Stoxx 50 Companies
B.L	en	Template:Investment banks
B.L	en	Template:Members of Euro Banking Association
B.L	en	Template:Portal/Images/Companies
B.L	en	Template talk:50 largest US banks
B.L	en	Template talk:DAX companies
B.L	en	Template talk:Deutsche Bank
B.L	en	Template talk:Euro Stoxx 50 Companies
B.L	en	Template talk:Investment banks
B.L	en	Template talk:Members of Euro Banking Association
B.L	en	Help:IPA for German
B.L	en	Category:Articles with dead external links from August 2011
B.L	en	Category:Articles with unsourced statements from February 2012
B.L	en	Category:Articles with unsourced statements from March 2009
B.L	en	Category:Investment banks
B.L	en	Category:Use dmy dates from August 2010
B.L	en	Category:Vague or ambiguous time from February 2012
B.L	en	Portal:Companies
B.L	et	1870
B.L	et	Adidas
B.L	et	Allianz
B.L	et	BASF
B.L	et	BMW
B.L	et	Bayer
B.L	et	Beiersdorf AG
B.L	et	Commerzbank
B.L	et	DAX
B.L	et	Daimler
B.L	et	Deutsche Börse
B.L	et	Deutsche Post
B.L	et	Deutsche Telekom
B.L	et	Divisjon
B.L	et	E.ON
B.L	et	Euro
B.L	et	Finantsteenused
B.L	et	Frankfurdi börs
B.L	et	Frankfurt
B.L	et	Fresenius
B.L	et	Fresenius Medical Care
B.L	et	HeidelbergCement
B.L	et	Henkel
B.L	et	Infineon Technologies
B.L	et	Josef Ackermann
B.L	et	K+S
B.L	et	Kodulehekülg
B.L	et	Käive
B.L	et	Lufthansa
B.L	et	MAN SE
B.L	et	Majandusharu
B.L	et	Merck KGaA
B.L	et	Metro AG
B.L	et	Munich Re
B.L	et	Pank
B.L	et	Puhaskasum
B.L	et	RWE
B.L	et	SAP
B.L	et	Saksamaa
B.L	et	Siemens
B.L	et	Teenus
B.L	et	Tegevuskasum
B.L	et	The Linde Group
B.L	et	ThyssenKrupp
B.L	et	Töötaja
B.L	et	Volkswagen Group
B.L	es	1870
B.L	es	1889
B.L	es	1904
B.L	es	1907
B.L	es	1914
B.L	es	1928
B.L	es	1950
B.L	es	1952
B.L	es	1953
B.L	es	1957
B.L	es	1971
B.L	es	1988
B.L	es	1989
B.L	es	1993
B.L	es	1994
B.L	es	2002
B.L	es	2006
B.L	es	2009
B.L	es	Alemania
B.L	es	Alemán
B.L	es	Anshu Jain
B.L	es	Arrendamiento financiero
B.L	es	Asia del Este
B.L	es	BanCorreos
B.L	es	Banca de inversión
B.L	es	Banco Alemán Transatlántico
B.L	es	Banco Comercial Transatlántico
B.L	es	Banco central
B.L	es	Banco de Madrid
B.L	es	Bancotrans
B.L	es	Banesto
B.L	es	Barcelona
B.L	es	Berlín
B.L	es	BlackRock
B.L	es	Bolsa de Fráncfort
B.L	es	Bolsa de Nueva York
B.L	es	Bono (finanzas)
B.L	es	Bremen
B.L	es	CEO
B.L	es	Capital (economía)
B.L	es	Clemens Börsig
B.L	es	Cobertura (finanzas)
B.L	es	Comercio internacional
B.L	es	Consejo de supervisión
B.L	es	Credit Suisse
B.L	es	Crisis económica de 2008-2009
B.L	es	Derivado financiero
B.L	es	Deutsche Bundesbank
B.L	es	Director Financiero
B.L	es	Director Operativo
B.L	es	Director de riesgos
B.L	es	Divisa
B.L	es	Estado de situación patrimonial
B.L	es	Estados Unidos
B.L	es	Europa
B.L	es	Fondo común de inversión
B.L	es	Fráncfort del Meno
B.L	es	Fusiones y adquisiciones
B.L	es	Hamburgo
B.L	es	Hermann-Josef Lamberti
B.L	es	Hugo Banziger
B.L	es	ISIN
B.L	es	Industria
B.L	es	Joint venture
B.L	es	Josef Ackermann
B.L	es	Jürgen Fitschen
B.L	es	Kevin Parker (banquero)
B.L	es	Londres
B.L	es	Madrid
B.L	es	Mercancía (economía)
B.L	es	Oriente Próximo
B.L	es	Oviedo
B.L	es	Pequeña y mediana empresa
B.L	es	Pierre de Weck
B.L	es	Plan de pensiones
B.L	es	Presidente
B.L	es	Primera Guerra Mundial
B.L	es	Rainer Neske
B.L	es	Renta variable
B.L	es	Riesgo financiero
B.L	es	Segunda Guerra Mundial
B.L	es	Servicios financieros
B.L	es	Sevilla
B.L	es	Siglo XIX
B.L	es	Sitio web
B.L	es	Sociedad Estatal Correos y Telégrafos
B.L	es	Sociedad anónima
B.L	es	Stefan Krause
B.L	es	Sudamérica
B.L	es	Tesorería
B.L	es	Turquía
B.L	es	Valencia
B.L	es	Valor (finanzas)
B.L	es	Zurich Financial Services
B.L	ca	1904
B.L	ca	2007
B.L	ca	Adidas
B.L	ca	Aktiengesellschaft
B.L	ca	Alemanya
B.L	ca	Allianz
B.L	ca	BASF
B.L	ca	BMW
B.L	ca	Banc (empresa)
B.L	ca	Barcelona
B.L	ca	Bayer
B.L	ca	Beiersdorf
B.L	ca	Borsa de Frankfurt
B.L	ca	Borsa de Nova York
B.L	ca	Commerzbank
B.L	ca	DAX
B.L	ca	Daimler AG
B.L	ca	Deutsche Börse
B.L	ca	Deutsche Post
B.L	ca	Deutsche Telekom
B.L	ca	E.ON
B.L	ca	Frankfurt del Main
B.L	ca	Fresenius Medical Care
B.L	ca	Fresenius SE
B.L	ca	Henkel
B.L	ca	Infineon Technologies
B.L	ca	International Securities Identifying Number
B.L	ca	K+S
B.L	ca	Lufthansa
B.L	ca	MAN SE
B.L	ca	Madrid
B.L	ca	Merck KGaA
B.L	ca	Metro AG
B.L	ca	Munich Re
B.L	ca	New York Stock Exchange
B.L	ca	RWE
B.L	ca	SAP AG
B.L	ca	Salzgitter AG
B.L	ca	Siemens AG
B.L	ca	The Linde Group
B.L	ca	ThyssenKrupp
B.L	ca	Volkswagen Group
B.L	ca	Viquipèdia:Citau les fonts
B.L	ca	Viquipèdia:Esborrany
B.L	ca	Plantilla:Bandera/Germany
B.L	ca	Plantilla:Empreses DAX
B.L	ca	Categoria:Empreses
B.L	ca	Viquiprojecte:Coordenades geogràfiques
B.L	bg	Fitch
B.L	bg	Moody's Investors Service
B.L	bg	Standard & Poor's
B.L	bg	Банка
B.L	bg	Бургас
B.L	bg	България
B.L	bg	Българска кредитна банка
B.L	bg	Варна
B.L	bg	Германия
B.L	bg	Гърция
B.L	bg	Данък
B.L	bg	Държавни ценни книжа
B.L	bg	Евро
B.L	bg	Европа
B.L	bg	Източни железници
B.L	bg	Икономика на Германия
B.L	bg	Йозеф Акерман
B.L	bg	Кредит
B.L	bg	Кредитен рейтинг
B.L	bg	Манхатън
B.L	bg	Немски език
B.L	bg	Ню Йорк
B.L	bg	Общомедия
B.L	bg	Пловдив
B.L	bg	Русе
B.L	bg	САЩ
B.L	bg	Световна финансова криза (2008-2011)
B.L	bg	София
B.L	bg	Търговска банка
B.L	bg	Финансова криза в Гърция
B.L	bg	Франкфурт на Майн
B.L	bg	Щатски долар
B.L	bg	Уикипедия:Мъниче
B.L	bg	Шаблон:De икона
B.L	be	1870
B.L	be	AXA
B.L	be	Adidas
B.L	be	Aegon
B.L	be	Air Liquide
B.L	be	Alcatel-Lucent
B.L	be	Allianz
B.L	be	ArcelorMittal
B.L	be	Assicurazioni Generali
B.L	be	BASF
B.L	be	BBVA
B.L	be	BMW
B.L	be	BNP Paribas
B.L	be	Bayer
B.L	be	Beiersdorf
B.L	be	Bertrandt
B.L	be	Carrefour
B.L	be	Commerzbank
B.L	be	Crédit Agricole
B.L	be	DAX
B.L	be	Daimler
B.L	be	Danone
B.L	be	Deutsche Börse
B.L	be	Deutsche Post
B.L	be	Deutsche Telekom
B.L	be	Dow Jones Euro Stoxx 50
B.L	be	E.ON
B.L	be	ENEL
B.L	be	Eni
B.L	be	Fortis
B.L	be	France Télécom
B.L	be	Fresenius
B.L	be	Fresenius SE
B.L	be	GDF Suez
B.L	be	Gemeinsame Körperschaftsdatei
B.L	be	Grupo Santander
B.L	be	Hannover Re
B.L	be	Henkel
B.L	be	ING Groep N.V.
B.L	be	Iberdrola
B.L	be	Intesa Sanpaolo
B.L	be	K+S
B.L	be	L'Oréal
B.L	be	LVMH
B.L	be	Lufthansa
B.L	be	MAN
B.L	be	Merck KGaA
B.L	be	Metro AG
B.L	be	Munich Re
B.L	be	Nokia
B.L	be	Philips
B.L	be	RWE
B.L	be	Renault
B.L	be	Repsol YPF
B.L	be	SAP
B.L	be	Saint-Gobain
B.L	be	Salzgitter AG
B.L	be	Sanofi-Aventis
B.L	be	Schlagwortnormdatei
B.L	be	Schneider Electric
B.L	be	Siemens
B.L	be	Société Générale
B.L	be	Telecom Italia
B.L	be	Telefónica
B.L	be	The Linde Group
B.L	be	ThyssenKrupp
B.L	be	Total
B.L	be	UniCredit
B.L	be	Unilever
B.L	be	Vinci
B.L	be	Vivendi
B.L	be	Volkswagen Group
B.L	be	Італьянская фондавая біржа
B.L	be	Германія
B.L	be	Джозеф Акерман
B.L	be	Нью-Ёркская фондавая біржа
B.L	be	Нямецкая мова
B.L	be	Публічная кампанія
B.L	be	Сайт
B.L	be	Франкфурт-на-Майне
B.L	be	Франкфурцкая фондавая біржа
B.L	be	Чысты прыбытак
B.L	be	Штаб-кватэра
B.L	be	Юрыдычная асоба
B.L	be	€
B.L	be	Шаблон:Бібліяінфармацыя
B.L	da	1870
B.L	da	Adidas
B.L	da	Allianz
B.L	da	BASF
B.L	da	BMW
B.L	da	Bayer
B.L	da	Beiersdorf AG
B.L	da	Berlin
B.L	da	Commerzbank
B.L	da	Continental AG
B.L	da	DAX
B.L	da	Daimler AG
B.L	da	Deutsche Banks hovedkvarter
B.L	da	Deutsche Börse
B.L	da	Deutsche Post
B.L	da	Deutsche Telekom
B.L	da	E.ON
B.L	da	Finansiel rådgiver
B.L	da	Firma
B.L	da	Frankfurt am Main
B.L	da	Fresenius Medical Care
B.L	da	Fresenius SE
B.L	da	HeidelbergCement
B.L	da	Henkel
B.L	da	Infineon Technologies
B.L	da	K+S
B.L	da	Lanxess
B.L	da	Linde AG
B.L	da	Lufthansa
B.L	da	Merck KGaA
B.L	da	Munich Re
B.L	da	Norge
B.L	da	RWE
B.L	da	SAP AG
B.L	da	Siemens AG
B.L	da	Statens petroleumsfond
B.L	da	ThyssenKrupp
B.L	da	Tyskland
B.L	da	Virksomhed
B.L	da	Volkswagen Aktiengesellschaft
B.L	da	Wikimedia Commons
B.L	da	Hjælp:Artikeludvidelse
B.L	da	Hjælp:Stub
B.L	cy	2005
B.L	cy	Banc
B.L	cy	Economi'r Almaen
B.L	cy	Frankfurt am Main
B.L	cy	Yr Almaen
B.L	cy	Wicipedia:Eginyn
B.L	cv	1870
B.L	cv	Çĕнĕ Йорк тĕплĕх биржи
B.L	cv	Германи
B.L	cv	Нимĕç чĕлхи
B.L	cv	Сидней
B.L	cv	Франкфурт-Майн-çинчи
B.L	cv	Франкфурт тĕплĕх биржа
B.L	cs	1870
B.L	cs	Banka
B.L	cs	Frankfurt nad Mohanem
B.L	cs	Německo
B.L	cs	Praha
B.L	cs	Diskuse:Deutsche Bank
B.L	cs	Wikipedie:Pahýl
B.L	ar	1870
B.L	ar	2005
B.L	ar	2007
B.L	ar	Aktiengesellschaft
B.L	ar	Euro
B.L	ar	Full-time equivalent
B.L	ar	أديلبرت ديلبروك
B.L	ar	ألمانيا
B.L	ar	الأرباح
B.L	ar	بنك
B.L	ar	بورصة فرانكفورت
B.L	ar	جوزيف أكيرمان
B.L	ar	فرانكفورت
B.L	ar	لغة ألمانية
B.L	ar	لندن
B.L	ar	مركز دبي المالي العالمي
B.L	ar	مصرف
B.L	ar	ويكيميديا كومنز
B.L	ar	يناير
B.L	ar	يورو
B.L	ar	ويكيبيديا:بذرة
B.L	ar	قالب:إحداث/كوائف
B.L	ar	قالب:بورصة نيويورك
B.L	af	1870
B.L	af	Berlyn
B.L	af	Duitsland
B.L	af	Frankfurt am Main
B.L	af	Hessen
B.L	af	Wikipedia:Saadjie
B.L	no	1870
B.L	no	Berlin
B.L	no	Deutsche Banks tvillingtårn
B.L	no	Finansiell rådgiver
B.L	no	Frankfurt am Main
B.L	no	Statens petroleumsfond
B.L	pl	1870
B.L	pl	1872
B.L	pl	1873
B.L	pl	1948
B.L	pl	1957
B.L	pl	1974
B.L	pl	1989
B.L	pl	1990
B.L	pl	1995
B.L	pl	1999
B.L	pl	1 kwietnia
B.L	pl	ABN AMRO
B.L	pl	Adidas
B.L	pl	Adolf Hitler
B.L	pl	Aktiengesellschaft (Niemcy)
B.L	pl	Allianz
B.L	pl	Anton Stankowski
B.L	pl	BASF
B.L	pl	BMW
B.L	pl	BNP Paribas
B.L	pl	Banco Santander
B.L	pl	Bank
B.L	pl	Bank inwestycyjny
B.L	pl	Bank komercyjny
B.L	pl	Bank of America
B.L	pl	Bankers Trust
B.L	pl	Barclays
B.L	pl	Bayer AG
B.L	pl	Beiersdorf AG
B.L	pl	Berlin
B.L	pl	Chief executive officer
B.L	pl	China Construction Bank
B.L	pl	Citigroup
B.L	pl	Commerzbank
B.L	pl	Credit Suisse
B.L	pl	Crédit Agricole
B.L	pl	Crédit Lyonnais
B.L	pl	DAX
B.L	pl	Daimler AG
B.L	pl	Deutsche Bank PBC
B.L	pl	Deutsche Bank Polska
B.L	pl	Deutsche Börse
B.L	pl	Deutsche Post
B.L	pl	Deutsche Telekom
B.L	pl	E.ON
B.L	pl	Frankfurt nad Menem
B.L	pl	Fresenius
B.L	pl	Fresenius Medical Care
B.L	pl	Gestapo
B.L	pl	Goldman Sachs
B.L	pl	HBOS
B.L	pl	HSBC
B.L	pl	Henkel
B.L	pl	ICBC
B.L	pl	ING Group
B.L	pl	Infineon
B.L	pl	JPMorgan Chase
B.L	pl	Jokohama
B.L	pl	Josef Ackermann
B.L	pl	Język niemiecki
B.L	pl	K+S
B.L	pl	Linde AG
B.L	pl	Londyn
B.L	pl	Lufthansa
B.L	pl	MAN SE
B.L	pl	Merck KGaA
B.L	pl	Merrill Lynch
B.L	pl	Metro Group
B.L	pl	Mitsubishi Tokyo Financial Group
B.L	pl	Mizuho Financial Group
B.L	pl	Morgan Grenfell
B.L	pl	Morgan Stanley
B.L	pl	Munich Re
B.L	pl	Niemcy
B.L	pl	Nowy Jork
B.L	pl	Oświęcim
B.L	pl	RWE (koncern)
B.L	pl	Rabobank
B.L	pl	Royal Bank of Scotland
B.L	pl	SAP AG
B.L	pl	Salzgitter AG
B.L	pl	Siemens AG
B.L	pl	Szanghaj
B.L	pl	ThyssenKrupp
B.L	pl	UBS
B.L	pl	Volkswagen AG
B.L	pl	Szablon:Banki na Świecie
B.L	pl	Szablon:DAX
B.L	pl	Dyskusja szablonu:Banki na Świecie
B.L	pl	Dyskusja szablonu:DAX
B.L	lt	1870
B.L	lt	Adidas
B.L	lt	Akcinė bendrovė
B.L	lt	Allianz
B.L	lt	BASF
B.L	lt	BMW
B.L	lt	Bankininkystė Vokietijoje
B.L	lt	Bayer
B.L	lt	Beiersdorf
B.L	lt	Berlynas
B.L	lt	Clemens Börsig
B.L	lt	Commerzbank
B.L	lt	DAX
B.L	lt	Daimler AG
B.L	lt	Deutsche-Bank-Hochhaus
B.L	lt	Deutsche Börse
B.L	lt	Deutsche Post
B.L	lt	Deutsche Telekom
B.L	lt	E.ON
B.L	lt	Frankfurt am Main
B.L	lt	Frankfurtas prie Maino
B.L	lt	Fresenius (company)
B.L	lt	Fresenius Medical Care
B.L	lt	Full Time Equivalent
B.L	lt	HeidelbergCement
B.L	lt	Henkel
B.L	lt	Infineon Technologies
B.L	lt	Josef Ackermann
B.L	lt	K+S
B.L	lt	Kredito įstaiga
B.L	lt	Londonas
B.L	lt	Lufthansa
B.L	lt	MAN SE
B.L	lt	Merck KGaA
B.L	lt	Metro AG
B.L	lt	Munich Re
B.L	lt	Niujorkas
B.L	lt	RWE
B.L	lt	SAP AG
B.L	lt	Siemens
B.L	lt	Singapūras
B.L	lt	Stebėtojų tarybos pirmininkas
B.L	lt	The Linde Group
B.L	lt	ThyssenKrupp
B.L	lt	Universalusis bankas
B.L	lt	Valdybos pirmininkas
B.L	lt	Vokietija
B.L	lt	Volkswagen Group
B.L	lt	Šablonas:DAX companies
B.L	lt	Šablono aptarimas:DAX companies
B.L	ml	ABN AMRO
B.L	ml	Aktiengesellschaft
B.L	ml	Asset
B.L	ml	Automated teller machine
B.L	ml	Bank of Tokyo Mitsubishi UFJ
B.L	ml	Banking in India
B.L	ml	Central bank
B.L	ml	Citibank India
B.L	ml	DB (വിവക്ഷകൾ)
B.L	ml	Deutsche Bank
B.L	ml	Equity (finance)
B.L	ml	Financial Services
B.L	ml	Foreign bank
B.L	ml	Frankfurt Stock Exchange
B.L	ml	Full-time equivalent
B.L	ml	National Electronic Fund Transfer
B.L	ml	Net income
B.L	ml	Private bank
B.L	ml	Real Time Gross Settlement
B.L	ml	Regional Rural bank
B.L	ml	Structured Financial Messaging System
B.L	ml	Types of business entity
B.L	ml	അബുദാബി കൊമേർഷ്യൽ ബാങ്ക്
B.L	ml	അറബ് ബംഗ്ലാദേശ് ബാങ്ക്
B.L	ml	അലഹബാദ് ബാങ്ക്
B.L	ml	അസറ്റ് മാനേജ്മെന്റ്
B.L	ml	ആംസ്റ്റർഡാം
B.L	ml	ആക്സിസ് ബാങ്ക്
B.L	ml	ആന്ധ്രാ ബാങ്ക്
B.L	ml	ആന്റ്വെപ് ഡയമണ്ട് ബാങ്ക്
B.L	ml	ഇന്ത്യ
B.L	ml	ഇന്ത്യൻ ഓവർസീസ് ബാങ്ക്
B.L	ml	ഇന്ത്യൻ ബാങ്ക്
B.L	ml	ഇൻഡസ്ഇൻഡ് ബാങ്ക്
B.L	ml	ഇൻവെസ്റ്റ്മെന്റ് ബാങ്ക്
B.L	ml	എച്ച്.എസ്.ബി.സി.
B.L	ml	എച്ച്.ഡി.എഫ്.സി. ബാങ്ക്
B.L	ml	എസ്.ബി.ഐ. കൊമേർഷ്യൽ ആന്റ് ഇന്റർനാഷണൽ ബാങ്ക്
B.L	ml	ഐ.എൻ.ജി. വൈശ്യ ബാങ്ക്
B.L	ml	ഐ.ഡി.ബി.ഐ. ബാങ്ക്
B.L	ml	ഐ.സി.ഐ.സി.ഐ. ബാങ്ക്
B.L	ml	ഓറിയന്റൽ ബാങ്ക് ഓഫ് കൊമേഴ്സ്
B.L	ml	കരൂർ വൈശ്യ ബാങ്ക്
B.L	ml	കാത്തലിക് സിറിയൻ ബാങ്ക്
B.L	ml	കാനറ ബാങ്ക്
B.L	ml	കൊട്ടക് മഹീന്ദ്ര ബാങ്ക്
B.L	ml	കൊമേഴ്സ്യൽ ബാങ്ക്
B.L	ml	കോർപ്പറേഷൻ ബാങ്ക്
B.L	ml	ക്യാഷ് ട്രീ
B.L	ml	ക്യാഷ്നെറ്റ്
B.L	ml	ക്ലെമൻസ് ബോർസിഗ്
B.L	ml	കർണ്ണാടക ബാങ്ക്
B.L	ml	ഗണേഷ് ബാങ്ക് ഓഫ് കുരുന്ദ്‌വാദ്
B.L	ml	ചീഫ് എക്സിക്യൂട്ടിവ് ഓഫീസർ
B.L	ml	ജമ്മു & കാശ്മീർ ബാങ്ക്
B.L	ml	ജെർമനി
B.L	ml	ജോസഫ് അക്കർമാൻ
B.L	ml	ജർമ്മനി
B.L	ml	ജർമ്മൻ
B.L	ml	ടൊറോണ്ടോ
B.L	ml	ടോക്യോ
B.L	ml	ഡെവലപ്മെന്റ് ക്രെഡിറ്റ് ബാങ്ക്
B.L	ml	തമിഴ്നാട് മെർക്കന്റൈൽ ബാങ്ക് ലിമിറ്റഡ്
B.L	ml	ദേനാ ബാങ്ക്
B.L	ml	ധനകാര്യ സ്ഥാപനം
B.L	ml	ധനലക്ഷ്മി ബാങ്ക്
B.L	ml	നൈനിഷാൽ ബാങ്ക്
B.L	ml	നോർത്ത് മലബാർ ഗ്രാമീൺ ബാങ്ക്
B.L	ml	ന്യൂ യോർക്ക് സ്റ്റോക്ക് എക്സ്ചേഞ്ച്
B.L	ml	ന്യൂയോർക്ക് നഗരം
B.L	ml	പഞ്ചാബ് & സിന്ധ് ബാങ്ക്
B.L	ml	പഞ്ചാബ് നാഷണൽ ബാങ്ക്
B.L	ml	പാരിസ്
B.L	ml	പ്രഗതി ഗ്രാമീൺ ബാങ്ക്
B.L	ml	പ്രൈവറ്റ് ബാങ്ക്
B.L	ml	ഫെഡറൽ ബാങ്ക്
B.L	ml	ഫ്രാങ്ക്ഫർട്ട്
B.L	ml	ഫ്രാങ്ക്ഫർട്ട് എഎം മെയിൻ
B.L	ml	ബാങ്ക്
B.L	ml	ബാങ്ക് ഇന്റർനാഷണൽ ഇന്തോനേഷ്യ
B.L	ml	ബാങ്ക് ഓഫ് അമേരിക്ക
B.L	ml	ബാങ്ക് ഓഫ് ഇന്ത്യ
B.L	ml	ബാങ്ക് ഓഫ് നോവ സ്കോട്ടിയ
B.L	ml	ബാങ്ക് ഓഫ് ബറോഡ
B.L	ml	ബാങ്ക് ഓഫ് ബഹറിൻ & കുവൈറ്റ്
B.L	ml	ബാങ്ക് ഓഫ് മഹാരാഷ്ട്ര
B.L	ml	ബാങ്ക് ഓഫ് രാജസ്ഥാൻ
B.L	ml	ബാങ്ക് ഓഫ് സിലോൺ
B.L	ml	ബാർക്ലെയ്സ് ബാങ്ക്
B.L	ml	ഭാരത് ഓവർസീസ് ബാങ്ക്
B.L	ml	മോസ്കൊ
B.L	ml	യുണൈറ്റഡ് ബാങ്ക് ഓഫ് ഇന്ത്യ
B.L	ml	യൂക്കോ ബാങ്ക്
B.L	ml	യൂണിയൻ ബാങ്ക് ഓഫ് ഇന്ത്യ
B.L	ml	യൂറോ
B.L	ml	യെസ് ബാങ്ക്
B.L	ml	രത്നകർ ബാങ്ക്
B.L	ml	റിസർവ്‌ ബാങ്ക്‌ ഓഫ് ഇന്ത്യ
B.L	ml	റീട്ടെയിൽ ബാങ്ക്
B.L	ml	റുപ്പീ ബാങ്ക്
B.L	ml	റോയൽ ബാങ്ക് ഓഫ് സ്കോട്ട്‌ലൻഡ്
B.L	ml	ലക്ഷ്മി വിലാസ് ബാങ്ക്
B.L	ml	ലണ്ടൻ
B.L	ml	വിജയാ ബാങ്ക്
B.L	ml	ശ്രേയസ് ഗ്രാമീൺ ബാങ്ക്
B.L	ml	സരസ്വത് ബാങ്ക്
B.L	ml	സാവൊ പോളൊ
B.L	ml	സിഡ്നി
B.L	ml	സിറ്റി യൂണിയൻ ബാങ്ക്
B.L	ml	സിൻഡിക്കേറ്റ് ബാങ്ക്
B.L	ml	സെൻട്രൽ ബാങ്ക് ഓഫ് ഇന്ത്യ
B.L	ml	സ്റ്റേറ്റ് ബാങ്ക് ഓഫ് ഇന്ത്യ
B.L	ml	സ്റ്റേറ്റ് ബാങ്ക് ഓഫ് ഇൻഡോർ
B.L	ml	സ്റ്റേറ്റ് ബാങ്ക് ഓഫ് ട്രാവൻകൂർ
B.L	ml	സ്റ്റേറ്റ് ബാങ്ക് ഓഫ് പട്യാല
B.L	ml	സ്റ്റേറ്റ് ബാങ്ക് ഓഫ് ബിക്കനേർ & ജയ്പൂർ
B.L	ml	സ്റ്റേറ്റ് ബാങ്ക് ഓഫ് മൈസൂർ
B.L	ml	സ്റ്റേറ്റ് ബാങ്ക് ഓഫ് ഹൈദരാബാദ്
B.L	ml	സ്റ്റൻഡേർഡ് ചാർട്ടേർഡ്
B.L	ml	സൗത്ത് ഇന്ത്യൻ ബാങ്ക്
B.L	ml	സൗത്ത് മലബാർ ഗ്രാമീൺ ബാങ്ക്
B.L	ml	ഫലകം:Banking in India
B.L	ml	ഫലകം:Prettyurl
B.L	ml	ഫലകത്തിന്റെ സംവാദം:Banking in India
B.L	ml	വർഗ്ഗം:Government-owned banks in India
B.L	nl	1870
B.L	nl	2011
B.L	nl	ABN AMRO Group N.V.
B.L	nl	AMRO Bank
B.L	nl	Adidas
B.L	nl	Allianz
B.L	nl	Anshu Jain
B.L	nl	BASF (chemieconcern)
B.L	nl	BMW
B.L	nl	Banco Santander
B.L	nl	Bank (financiële instelling)
B.L	nl	Bayer
B.L	nl	Beiersdorf AG
B.L	nl	Berlijn
B.L	nl	Commerzbank
B.L	nl	Continental AG
B.L	nl	Credit Suisse
B.L	nl	DAX-index
B.L	nl	Daimler (Duitsland)
B.L	nl	Deutsche Börse
B.L	nl	Deutsche Post
B.L	nl	Deutsche Telekom
B.L	nl	Duitsland
B.L	nl	E.ON
B.L	nl	Effectenbeurs
B.L	nl	Europese Commissie
B.L	nl	Factoring
B.L	nl	Financiën
B.L	nl	Fortis
B.L	nl	Frankfurt am Main
B.L	nl	Fresenius
B.L	nl	Fresenius Medical Care
B.L	nl	Fte
B.L	nl	Goldman Sachs
B.L	nl	HeidelbergCement
B.L	nl	Henkel KGaA
B.L	nl	Hollandsche Bank-Unie
B.L	nl	Infineon
B.L	nl	Investment banking
B.L	nl	JP Morgan Chase
B.L	nl	Jurgen Fitschen
B.L	nl	K+S
B.L	nl	Lanxess
B.L	nl	Linde AG
B.L	nl	Lufthansa
B.L	nl	Merck KGaA
B.L	nl	Midden- en Kleinbedrijf
B.L	nl	Ministerie van Financiën (Nederland)
B.L	nl	Morgan Stanley
B.L	nl	Münchener Rück
B.L	nl	Nationalisatie
B.L	nl	New York Stock Exchange
B.L	nl	Omzet
B.L	nl	RWE (energie)
B.L	nl	Royal Bank of Scotland
B.L	nl	SAP AG
B.L	nl	Siemens AG
B.L	nl	ThyssenKrupp
B.L	nl	Tweede Wereldoorlog
B.L	nl	UBS AG
B.L	nl	Volkswagen AG
B.L	nl	Wikimedia Commons
B.L	nl	Winst (onderneming)
B.L	nl	Portaal:Economie
B.L	zh-min-nan	Frankfurt
B.L	zh-min-nan	Tek-kok
B.L	zh-min-nan	Wikipedia:Phí
B.L	ko	1870년
B.L	ko	BASF
B.L	ko	BMW
B.L	ko	DAX
B.L	ko	E.ON
B.L	ko	K+S
B.L	ko	MAN SE
B.L	ko	RWE
B.L	ko	SAP AG
B.L	ko	다임러 AG
B.L	ko	도이체 뵈르제
B.L	ko	도이체 텔레콤
B.L	ko	도이체 포스트
B.L	ko	도이체방크 호흐하우스
B.L	ko	독일
B.L	ko	독일어
B.L	ko	두산세계대백과사전
B.L	ko	루프트한자
B.L	ko	린데 AG
B.L	ko	메르크
B.L	ko	메트로 AG
B.L	ko	뮤닉 리
B.L	ko	바이어스도르프
B.L	ko	바이엘 (기업)
B.L	ko	아디다스
B.L	ko	알리안츠
B.L	ko	위키미디어 공용
B.L	ko	인피니온 테크놀로지스
B.L	ko	지멘스 AG
B.L	ko	코메르츠방크
B.L	ko	티센크루프
B.L	ko	폭스바겐 AG
B.L	ko	프랑크푸르트
B.L	ko	프레제니우스 (기업)
B.L	ko	프레제니우스 메디컬 케어
B.L	ko	하이델베르그시멘트
B.L	ko	헨켈
B.L	ko	틀:DAX
B.L	ko	틀토론:DAX
B.L	kn	Aktiengesellschaft
B.L	kn	Asset management
B.L	kn	Chairman
B.L	kn	Chief executive officer
B.L	kn	Clemens Börsig
B.L	kn	Commercial bank
B.L	kn	Euro
B.L	kn	Financial services
B.L	kn	Frankfurt Stock Exchange
B.L	kn	Frankfurt am Main
B.L	kn	Full-time equivalent
B.L	kn	Investment bank
B.L	kn	Josef Ackermann
B.L	kn	New York Stock Exchange
B.L	kn	Ownership equity
B.L	kn	Private banking
B.L	kn	Retail bank
B.L	kn	Supervisory board
B.L	kn	WP:IPA for German
B.L	kn	ಅಂತರಜಾಲ ತಾಣ
B.L	kn	ಅಡೋಲ್ಫ್ ಹಿಟ್ಲರ್
B.L	kn	ಅಥೆನ್ಸ್
B.L	kn	ಆಂಸ್ಟರ್ಡ್ಯಾಮ್
B.L	kn	ಆದಾಯ
B.L	kn	ಆಸ್ತಿಗಳು
B.L	kn	ಇಸ್ತಾಂಬುಲ್
B.L	kn	ಉತ್ಪನ
B.L	kn	ಉತ್ಪನ್ನ (ಹಣಕಾಸು)
B.L	kn	ಉದ್ಯಮ
B.L	kn	ಉದ್ಯಮ ಘಟಕದ ಪ್ರಕಾರಗಳು
B.L	kn	ಉದ್ಯೋಗ
B.L	kn	ಎರಡನೇ ಮಹಾಯುದ್ಧ
B.L	kn	ಕ್ರೊಯೆಶಿಯ
B.L	kn	ಟರ್ಕಿ
B.L	kn	ನಿವ್ವಳ ಆದಾಯ
B.L	kn	ಪ್ರಾಗ್
B.L	kn	ಬಲ್ಗೇರಿಯ
B.L	kn	ಮಿಲನ್‌
B.L	kn	ಲ್ಯಾಟಿನ್ ಅಮೇರಿಕ
B.L	kn	ಸಾವೊ ಪಾಲೊ
B.L	kn	ಸಿಂಗಾಪುರ್
B.L	kn	ವಿಕಿಪೀಡಿಯ:ಉಲ್ಲೇಖನ ನೀಡುವಿಕೆ
B.L	kn	ಟೆಂಪ್ಲೇಟು:50 largest US banks
B.L	kn	ಟೆಂಪ್ಲೇಟು:DAX companies
B.L	kn	ಟೆಂಪ್ಲೇಟು:Major investment banks
B.L	kn	ಟೆಂಪ್ಲೇಟು:Members of Euro Banking Association
B.L	kn	ವರ್ಗ:Use dmy dates from August 2010
B.L	kn	ವರ್ಗ:ಜಡ ಬಾಹ್ಯ ಸಂಪರ್ಕವಿರುವ ಲೇಖನಗಳು from September 2010
B.L	lb	Economie
B.L	lb	Frankfurt am Main
B.L	lb	Wikipedia:FAQ
B.L	lb	Kategorie:Wikipedia:Skizzen
B.L	hu	1870
B.L	hu	Frankfurt
B.L	hu	Hong Kong
B.L	hu	Josef Ackermann
B.L	hu	London
B.L	hu	Moszkva
B.L	hu	New York
B.L	hu	Németország
B.L	hu	Sao Paulo
B.L	hu	Sydney
B.L	hu	Szingapúr
B.L	hu	Tokió
B.L	hu	Torontó
B.L	hi	Adidas
B.L	hi	Aktiengesellschaft
B.L	hi	Allianz
B.L	hi	Ally Financial
B.L	hi	American Express
B.L	hi	Asset management
B.L	hi	Associated Banc-Corp
B.L	hi	BASF
B.L	hi	BB&T
B.L	hi	BBVA Compass
B.L	hi	BMO Harris Bank
B.L	hi	BMW
B.L	hi	BOK Financial Corporation
B.L	hi	Bank of America
B.L	hi	Bank of the West
B.L	hi	Banking in the United States
B.L	hi	Bayer AG
B.L	hi	Beiersdorf
B.L	hi	CIT Group
B.L	hi	Capital One
B.L	hi	Chairman
B.L	hi	Chief executive officer
B.L	hi	Citigroup
B.L	hi	Citizens Financial Group
B.L	hi	City National Bank (California)
B.L	hi	Clemens Börsig
B.L	hi	Comerica
B.L	hi	Commerce Bancshares
B.L	hi	Commercial bank
B.L	hi	Commerzbank
B.L	hi	DAX
B.L	hi	Daimler AG
B.L	hi	Deutsche Bank
B.L	hi	Deutsche Börse
B.L	hi	Deutsche Post
B.L	hi	Deutsche Telekom
B.L	hi	Discover Financial
B.L	hi	E.ON
B.L	hi	East West Bank
B.L	hi	Euro
B.L	hi	Fifth Third Bank
B.L	hi	Financial services
B.L	hi	First Citizens BancShares
B.L	hi	First Horizon National Corporation
B.L	hi	First Niagara Bank
B.L	hi	Frankfurt Stock Exchange
B.L	hi	Frankfurt am Main
B.L	hi	Fresenius (company)
B.L	hi	Fresenius Medical Care
B.L	hi	Full-time equivalent
B.L	hi	Germany
B.L	hi	Goldman Sachs
B.L	hi	HSBC Bank USA
B.L	hi	HeidelbergCement
B.L	hi	Henkel
B.L	hi	Huntington Bancshares
B.L	hi	Infineon Technologies
B.L	hi	Investment bank
B.L	hi	JPMorgan Chase
B.L	hi	Josef Ackermann
B.L	hi	K+S
B.L	hi	KeyBank
B.L	hi	Lufthansa
B.L	hi	M&T Bank
B.L	hi	MAN SE
B.L	hi	Marshall & Ilsley
B.L	hi	Merck KGaA
B.L	hi	MetLife
B.L	hi	Metro AG
B.L	hi	Morgan Stanley
B.L	hi	Munich Re
B.L	hi	New York Community Bank
B.L	hi	Northern Trust
B.L	hi	PNC Financial Services
B.L	hi	Popular, Inc.
B.L	hi	Private banking
B.L	hi	RBC Bank
B.L	hi	RWE
B.L	hi	Regions Financial Corporation
B.L	hi	Retail bank
B.L	hi	SAP AG
B.L	hi	Siemens
B.L	hi	State Street Corporation
B.L	hi	SunTrust Banks
B.L	hi	Supervisory board
B.L	hi	Synovus
B.L	hi	TCF Financial Corporation
B.L	hi	TD Bank, N.A.
B.L	hi	Taunus Corporation
B.L	hi	The Bank of New York Mellon
B.L	hi	The Linde Group
B.L	hi	ThyssenKrupp
B.L	hi	U.S. Bancorp
B.L	hi	UnionBanCal Corporation
B.L	hi	Utrecht-America Holdings
B.L	hi	Volkswagen Group
B.L	hi	Webster Bank
B.L	hi	Wells Fargo
B.L	hi	Zions Bancorporation
B.L	hi	इस्तांबुल
B.L	hi	उद्योग
B.L	hi	एडोल्फ हिटलर
B.L	hi	एथेंस
B.L	hi	ऐम्स्टर्डैम
B.L	hi	क्रोएशिया
B.L	hi	जालस्थल
B.L	hi	तुर्की
B.L	hi	द्वितीय विश्वयुद्ध
B.L	hi	न्यूयॉर्क शेयर बाज़ार
B.L	hi	बुखारेस्ट
B.L	hi	बुल्गारिया
B.L	hi	महाअमेरिका
B.L	hi	मिलानो
B.L	hi	रोजगार
B.L	hi	लाभांश
B.L	hi	व्युत्पादन (वित्त)
B.L	hi	संपत्ति
B.L	hi	साओ पाउलो
B.L	hi	सिंगापुर
B.L	hi	स्लोवाकिया
B.L	hi	स्वामित्व
B.L	hi	विकिपीडिया:उद्धरण आवश्यक
B.L	hi	साँचा:50 largest US banks
B.L	hi	साँचा:Country data Germany
B.L	hi	साँचा:DAX companies
B.L	hi	साँचा:Major investment banks
B.L	hi	साँचा:Members of Euro Banking Association
B.L	hi	साँचा वार्ता:50 largest US banks
B.L	hi	साँचा वार्ता:DAX companies
B.L	hi	श्रेणी:लेख जिनमें August 2010 से dmy तिथि format प्रयोग करने की आवशकता है
B.L	hi	श्रेणी:लेख जिनमें March 2009 से स्रोतहीन कथन हैं
B.L	id	ABN AMRO
B.L	id	ASML Holding
B.L	id	AXA
B.L	id	Adidas
B.L	id	Air Liquide
B.L	id	Aktia Bank
B.L	id	Aktiengesellschaft
B.L	id	Alex. Brown & Sons
B.L	id	Alfred Herrhausen
B.L	id	Allgemeine Sparkasse Oberösterreich
B.L	id	Allianz
B.L	id	Allied Irish Banks
B.L	id	Ally Financial
B.L	id	Alpha Bank
B.L	id	Amagerbanken
B.L	id	American Express
B.L	id	Ameriprise Financial
B.L	id	Amsterdam
B.L	id	Anheuser-Busch InBev
B.L	id	Anshu Jain
B.L	id	Arbejdernes Landsbank
B.L	id	Arcelor Mittal
B.L	id	Assicurazioni Generali
B.L	id	BASF
B.L	id	BB&T
B.L	id	BBVA
B.L	id	BBVA Compass
B.L	id	BHF Bank
B.L	id	BKS Bank AG
B.L	id	BMO Capital Markets
B.L	id	BMO Harris Bank
B.L	id	BMW
B.L	id	BNP Paribas
B.L	id	BNP Paribas CIB
B.L	id	BOC International Holdings
B.L	id	BOK Financial Corporation
B.L	id	BPCE
B.L	id	BTG Pactual
B.L	id	Banca Agricola Popolare di Ragusa
B.L	id	Banca Monte Parma
B.L	id	Banca Nazionale del Lavoro
B.L	id	Banca Popolare del Lazio
B.L	id	Banca Popolare dell'Emilia Romagna
B.L	id	Banca Popolare di Lecco
B.L	id	Banca Popolare di Milano
B.L	id	Banca Popolare di Sondrio
B.L	id	Banca Popolare di Spoleto
B.L	id	Banca Popolare di Vicenza
B.L	id	Banca Sella
B.L	id	Banca d'Italia
B.L	id	Banca del Fucino
B.L	id	Banca del Piemonte
B.L	id	Banca delle Marche S.p.A.
B.L	id	Banca di Imola S.p.A.
B.L	id	Banca di Romagna S.p.A.
B.L	id	Bancaperta S.p.A.
B.L	id	Banco Bilbao Vizcaya Argentaria
B.L	id	Banco Comercial Português
B.L	id	Banco Espírito Santo
B.L	id	Banco Pastor
B.L	id	Banco Popolare
B.L	id	Banco Popular Español
B.L	id	Banco Português de Investimento
B.L	id	Banco Sabadell
B.L	id	Banco Santander
B.L	id	Banesto
B.L	id	Bangkok
B.L	id	Bank
B.L	id	Bank BPH
B.L	id	Bank für Tirol und Vorarlberg AG
B.L	id	Bank komersial
B.L	id	Bank of America
B.L	id	Bank of America Merrill Lynch
B.L	id	Bank of China
B.L	id	Bank of Cyprus
B.L	id	Bank of Ireland
B.L	id	Bank of Slovenia
B.L	id	Bank of the West
B.L	id	Bank of Åland
B.L	id	Bank universal
B.L	id	Bank van de Post
B.L	id	Bankers Trust
B.L	id	Bankia
B.L	id	Bankinter
B.L	id	Banque Michel Inchauspé - BAMI
B.L	id	Banque Palatine
B.L	id	Banque Raiffeisen
B.L	id	Banque et Caisse d'Épargne de l'État
B.L	id	Barclays
B.L	id	Barclays Capital
B.L	id	Bayer AG
B.L	id	Beiersdorf
B.L	id	Belgrade
B.L	id	Berenberg Bank
B.L	id	Bilbao Bizkaia Kutxa
B.L	id	Blackstone Group
B.L	id	Boaz Weinstein
B.L	id	Bremer Landesbank
B.L	id	Brewin Dolphin
B.L	id	Brown, Shipley & Co.
B.L	id	Bursa Saham Frankfurt
B.L	id	Bursa Saham New York
B.L	id	CIBC World Markets
B.L	id	CITIC Securities
B.L	id	CIT Group
B.L	id	CLSA
B.L	id	CRH plc
B.L	id	Caixa Central de Crédito Agrícola Mútuo
B.L	id	Caixa Geral de Depósitos
B.L	id	Caja Laboral
B.L	id	Caja Rural
B.L	id	Capital One
B.L	id	Carrefour
B.L	id	Cassa di Risparmio della Provincia di Chieti S.p.A.
B.L	id	Cassa di Risparmio della Provincia di Teramo S.p.A.
B.L	id	Cassa di Risparmio di Cesena S.p.A.
B.L	id	Cassa di Risparmio di Fermo S.p.A.
B.L	id	Cassa di Risparmio di Ferrara S.p.A.
B.L	id	Cassa di Risparmio di Loreto S.p.A.
B.L	id	Cassa di Risparmio di Ravenna S.p.A.
B.L	id	CatalunyaCaixa
B.L	id	Centerview Partners
B.L	id	Charles Schwab Corporation
B.L	id	Citibank
B.L	id	Citigroup
B.L	id	Citizens Financial Group
B.L	id	City National Bank (California)
B.L	id	Close Brothers Group
B.L	id	Comerica
B.L	id	Commerzbank
B.L	id	Continental AG
B.L	id	Credit Mutuel CIC Banque
B.L	id	Credit Suisse
B.L	id	Credito Emiliano S.p.A.
B.L	id	Crédit Agricole
B.L	id	Crédit Agricole Corporate and Investment Bank
B.L	id	Crédit Coopératif
B.L	id	Crédit Mutuel Arkéa
B.L	id	Crédit du Nord
B.L	id	Cyprus Popular Bank
B.L	id	DAX
B.L	id	DZ Bank
B.L	id	Daewoo Securities
B.L	id	Daimler AG
B.L	id	Daiwa Securities SMBC Co.Ltd.
B.L	id	Dana kelolaan
B.L	id	Danske Andelskassers Bank
B.L	id	Danske Bank
B.L	id	De Nederlandsche Bank
B.L	id	Deutsche Bank
B.L	id	Deutsche Bank Alex. Brown
B.L	id	Deutsche Bank Prize in Financial Economics
B.L	id	Deutsche Bank Twin Towers
B.L	id	Deutsche Bundesbank
B.L	id	Deutsche Börse
B.L	id	Deutsche Post
B.L	id	Deutsche Postbank
B.L	id	Deutsche Telekom
B.L	id	Dexia
B.L	id	Dexia Banque Internationale à Luxembourg SA
B.L	id	DiBa Bank A/S
B.L	id	Discover Financial
B.L	id	Djurslands Bank A/S
B.L	id	DnB NOR
B.L	id	Dow Jones & Company
B.L	id	Dubai
B.L	id	Dublin
B.L	id	E-Trade
B.L	id	E.ON
B.L	id	Ekuitas (keuangan)
B.L	id	Ekuitas swasta
B.L	id	Enel
B.L	id	Eni
B.L	id	Eropa
B.L	id	Erste Group
B.L	id	Essilor
B.L	id	Euro
B.L	id	Euro Banking Association
B.L	id	Euro Stoxx 50
B.L	id	Eurobank EFG
B.L	id	Euromoney Institutional Investor
B.L	id	Europe Arab Bank Frankfurt
B.L	id	European Financial Services Roundtable
B.L	id	Evercore Partners
B.L	id	FBR Capital Markets
B.L	id	Fifth Third Bank
B.L	id	First Niagara Bank
B.L	id	Fortis (finance)
B.L	id	France Télécom
B.L	id	Frankfurt
B.L	id	Frankfurt Stock Exchange
B.L	id	Frankfurt am Main
B.L	id	Fresenius (perusahaan)
B.L	id	Fresenius Medical Care
B.L	id	GDF Suez
B.L	id	GE Capital
B.L	id	Gadai pinjam
B.L	id	Georg von Siemens
B.L	id	George Town, Kepulauan Cayman
B.L	id	Goldman Sachs
B.L	id	Golongan gemuk
B.L	id	Greenhill & Co.
B.L	id	Groupe Banque Populaire
B.L	id	Groupe Danone
B.L	id	Grupo Santander
B.L	id	HSBC
B.L	id	HSBC Bank (Europe)
B.L	id	HSBC Bank USA
B.L	id	HSBC France
B.L	id	Hamburger Sparkasse AG
B.L	id	Handelsbanken
B.L	id	Harris Williams & Co.
B.L	id	HeidelbergCement
B.L	id	Helaba
B.L	id	Hellenic Bank
B.L	id	Henkel
B.L	id	Hermann Josef Abs
B.L	id	Hermann Wallich
B.L	id	Hesse
B.L	id	Hong Kong
B.L	id	Houlihan Lokey Howard & Zukin
B.L	id	Hudson City Bancorp
B.L	id	Hungarian National Bank
B.L	id	Huntington Bancshares
B.L	id	ICCREA Banca
B.L	id	ING Group
B.L	id	Iberdrola
B.L	id	Inditex
B.L	id	Indonesia
B.L	id	Infineon Technologies
B.L	id	Intesa Sanpaolo
B.L	id	Investec Bank
B.L	id	Istanbul
B.L	id	Istituto Centrale delle Banche Popolari Italiane
B.L	id	J.P. Morgan & Co.
B.L	id	J.P. Morgan Cazenove
B.L	id	JPMorgan Chase
B.L	id	Jakarta
B.L	id	Jasa keuangan
B.L	id	Jefferies & Company
B.L	id	Jenis entitas bisnis
B.L	id	Jerman
B.L	id	John Deere
B.L	id	Josef Ackermann
B.L	id	Juergen Fitschen
B.L	id	Jyske Bank
B.L	id	K+S
B.L	id	KBC Bank
B.L	id	KBL European Private Bankers
B.L	id	KB Kookmin Bank
B.L	id	Karl Kimmich
B.L	id	Kartu kredit
B.L	id	Keefe, Bruyette & Woods
B.L	id	KeyBank
B.L	id	Korea Development Bank
B.L	id	Kuala Lumpur
B.L	id	Kutxa
B.L	id	L'Oréal
B.L	id	LVMH
B.L	id	La Banque postale
B.L	id	La Caixa
B.L	id	Laba bersih
B.L	id	Laba kotor
B.L	id	Landesbank Baden-Württemberg
B.L	id	Landesbank Berlin Holding
B.L	id	Lanxess
B.L	id	Lazard
B.L	id	Lloyds Banking Group
B.L	id	Lloyds TSB
B.L	id	London
B.L	id	Lufthansa
B.L	id	M&T Bank
B.L	id	Macquarie Group
B.L	id	Madrid
B.L	id	Manajemen aset
B.L	id	Manajemen kekayaan
B.L	id	Manajemen risiko
B.L	id	Manila
B.L	id	Mashreq (Bank)
B.L	id	Mediobanca
B.L	id	Merck KGaA
B.L	id	Merger dan akuisisi
B.L	id	MetLife
B.L	id	Michael Cohrs
B.L	id	Mitsubishi UFJ Securities
B.L	id	Mizuho Corporate Bank
B.L	id	Moelis & Company
B.L	id	Monte dei Paschi di Siena
B.L	id	Morgan, Grenfell & Co.
B.L	id	Morgan, Grenfell & Company
B.L	id	Morgan Keegan & Company
B.L	id	Morgan Stanley
B.L	id	MortgageIT
B.L	id	Moskwa
B.L	id	Mumbai
B.L	id	Munich Re
B.L	id	NYSE
B.L	id	N M Rothschild & Sons
B.L	id	National Australia Bank
B.L	id	National Bank of Austria
B.L	id	National Bank of Greece
B.L	id	National Bank of Poland
B.L	id	National Westminster Bank
B.L	id	Natixis
B.L	id	New York City
B.L	id	New York Community Bank
B.L	id	Nokia
B.L	id	Nomura Securities Co.
B.L	id	Nordea
B.L	id	Nordjyske Bank
B.L	id	Northern Trust
B.L	id	Novagalicia Banco
B.L	id	Nørresundby Bank
B.L	id	OP-Pohjola Group
B.L	id	OTP Bank
B.L	id	Oberbank AG
B.L	id	Oldenburgische Landesbank
B.L	id	Oppenheimer Holdings
B.L	id	Otto Hermann Kahn
B.L	id	PNC Financial Services
B.L	id	Paris
B.L	id	Pasar berkembang
B.L	id	Pasar valuta asing
B.L	id	Paul Achleitner
B.L	id	People's United Bank
B.L	id	Perbankan
B.L	id	Perbankan di Amerika Serikat
B.L	id	Perbankan investasi
B.L	id	Perbankan ritel
B.L	id	Perbankan swasta
B.L	id	Perella Weinberg Partners
B.L	id	Philips
B.L	id	Piper Jaffray
B.L	id	Piraeus Bank
B.L	id	Popular, Inc.
B.L	id	Principal Financial Group
B.L	id	RBC Capital Markets
B.L	id	ROTH Capital Partners
B.L	id	RWE
B.L	id	Rabobank
B.L	id	Raiffeisen-Landesbank Tirol Aktiengesellschaft
B.L	id	Raiffeisen Landesbank Südtirol – Cassa Centrale Raiffeisen dell'Alto Adige
B.L	id	Raiffeisen Zentralbank
B.L	id	Raiffeisenlandesbank Oberösterreich AG
B.L	id	Raymond James Financial
B.L	id	Regions Financial Corporation
B.L	id	Renaissance Capital (Russian company)
B.L	id	Repsol S.A.
B.L	id	Ringkjøbing Landbobank
B.L	id	Riyadh
B.L	id	Roskilde Bank
B.L	id	Royal Bank of Scotland
B.L	id	Royal Bank of Scotland Group
B.L	id	S-Bank
B.L	id	SAP AG
B.L	id	SECB Swiss EURO CLEARING Bank GmbH
B.L	id	Saint-Gobain
B.L	id	Sal. Oppenheim
B.L	id	Sandler O'Neill and Partners
B.L	id	Sanofi
B.L	id	Schneider Electric
B.L	id	Sekuritas
B.L	id	Siaran pers
B.L	id	Siemens
B.L	id	Simbol saham
B.L	id	Simpanan
B.L	id	Singapore
B.L	id	Sir John Craven
B.L	id	Sistem koordinat geografi
B.L	id	Skandinaviska Enskilda Banken
B.L	id	Skjern Bank
B.L	id	Société Générale
B.L	id	Société Générale Bank & Trust
B.L	id	Sovereign Bank
B.L	id	Spanish Confederation of Savings Banks
B.L	id	Spar Nord
B.L	id	Sparekassen Sjælland
B.L	id	Standard Chartered
B.L	id	State Street Corporation
B.L	id	Steiermärkische Bank und Sparkassen AG
B.L	id	Stifel Nicolaus
B.L	id	SunTrust Banks
B.L	id	Swedbank
B.L	id	Sydbank A/S
B.L	id	Sydney
B.L	id	São Paulo
B.L	id	Südtiroler Volksbank – Banca Popolare dell'Alto Adige
B.L	id	TD Bank, N.A.
B.L	id	TD Securities
B.L	id	Tapiola Bank
B.L	id	Telefónica
B.L	id	The Bank of New York Mellon
B.L	id	The Bank of Tokyo-Mitsubishi UFJ
B.L	id	The Economic Times
B.L	id	The Linde Group
B.L	id	The New York Times
B.L	id	ThyssenKrupp
B.L	id	Tokyo
B.L	id	Toronto
B.L	id	Total SA
B.L	id	Troika Dialog
B.L	id	U.S. Bancorp
B.L	id	UBI Banca
B.L	id	UBS
B.L	id	UBS Investment Bank
B.L	id	USAA
B.L	id	UniCredit
B.L	id	Unibail-Rodamco
B.L	id	Unilever
B.L	id	UnionBanCal Corporation
B.L	id	Unipol
B.L	id	Utrecht-America Holdings
B.L	id	VTB Bank
B.L	id	Veneto Banca
B.L	id	Vestfyns Bank A/S
B.L	id	Vestjysk Bank
B.L	id	Vinci (konstruksi)
B.L	id	Vivendi
B.L	id	Volkswagen Group
B.L	id	Warsawa
B.L	id	Wells Fargo
B.L	id	Wells Fargo Securities
B.L	id	WestLB
B.L	id	Wikimedia Commons
B.L	id	William Blair & Company
B.L	id	Zions Bancorporation
B.L	id	Østjydsk Bank A/S
B.L	id	Wikipedia:IPA untuk bahasa Jerman
B.L	id	Templat:50 bank terbesar AS
B.L	id	Templat:Anggota Euro Banking Association
B.L	id	Templat:Bank investasi
B.L	id	Templat:Deutsche Bank
B.L	id	Templat:Euro Stoxx 50 Companies
B.L	id	Templat:Perusahaan DAX
B.L	id	Pembicaraan Templat:50 bank terbesar AS
B.L	id	Pembicaraan Templat:Anggota Euro Banking Association
B.L	id	Pembicaraan Templat:Bank investasi
B.L	id	Pembicaraan Templat:Deutsche Bank
B.L	id	Pembicaraan Templat:Euro Stoxx 50 Companies
B.L	id	Pembicaraan Templat:Perusahaan DAX
B.L	id	Kategori:Bank investasi
B.L	is	2010
B.L	is	6. október
B.L	is	Adidas
B.L	is	Allianz
B.L	is	BASF
B.L	is	BMW
B.L	is	Bayer
B.L	is	Beiersdorf
B.L	is	Commerzbank
B.L	is	DAX
B.L	is	Daimler
B.L	is	Deutsche Börse
B.L	is	Deutsche Lufthansa
B.L	is	Deutsche Post
B.L	is	Deutsche Telekom
B.L	is	E.ON
B.L	is	Frankfurt
B.L	is	Fresenius
B.L	is	Fresenius Medical Care
B.L	is	Fyrirtæki
B.L	is	HeidelbergCement
B.L	is	Henkel
B.L	is	Infineon Technologies
B.L	is	K+S
B.L	is	Linde
B.L	is	MAN
B.L	is	METRO
B.L	is	Merck (þýskt fyrirtæki)
B.L	is	Munich Re
B.L	is	RWE
B.L	is	SAP
B.L	is	Siemens
B.L	is	ThyssenKrupp
B.L	is	Volkswagen
B.L	is	Þýskaland
B.L	is	Wikipedia:Stubbur
B.L	is	Snið:DAX
B.L	is	Sniðaspjall:DAX
B.L	it	2007
B.L	it	2009
B.L	it	Adidas
B.L	it	Allianz
B.L	it	BASF
B.L	it	BMW
B.L	it	Bank of America
B.L	it	Bayer
B.L	it	Beiersdorf (azienda)
B.L	it	Blue chip
B.L	it	Borsa Italiana
B.L	it	Borsa di Francoforte
B.L	it	Borsa valori
B.L	it	Classifica per capitalizzazione dei gruppi bancari della zona Euro
B.L	it	Commerzbank
B.L	it	DAX 30
B.L	it	Daimler (azienda)
B.L	it	Deutsche Börse
B.L	it	Deutsche Post
B.L	it	Deutsche Telekom
B.L	it	E.ON
B.L	it	Francoforte sul Meno
B.L	it	Fresenius
B.L	it	Fresenius Medical Care
B.L	it	Germania
B.L	it	Gruppo Volkswagen
B.L	it	Heidelberg Cement
B.L	it	Henkel
B.L	it	Indice azionario
B.L	it	Infineon Technologies
B.L	it	Italia
B.L	it	Josef Ackermann
B.L	it	K+S
B.L	it	Linde AG
B.L	it	Lufthansa
B.L	it	MAN SE
B.L	it	Merck KGaA
B.L	it	Metro (azienda)
B.L	it	Munich Re
B.L	it	Prestitempo
B.L	it	RWE (azienda)
B.L	it	SAP (azienda)
B.L	it	Siemens (azienda)
B.L	it	ThyssenKrupp
B.L	it	File:Stub .png
B.L	it	File:Stub banche.png
B.L	it	Template:Aziende DAX 30
B.L	it	Discussioni template:Aziende DAX 30
B.L	it	Aiuto:Abbozzo
B.L	it	Aiuto:Manuale di stile
B.L	it	Categoria:Stub - banche
B.L	it	Progetto:Banche
B.L	ja	1870年
B.L	ja	1872年
B.L	ja	1876年
B.L	ja	1933年
B.L	ja	1938年
B.L	ja	1948年
B.L	ja	1952年
B.L	ja	1957年
B.L	ja	1979年
B.L	ja	1989年
B.L	ja	1995年
B.L	ja	1998年
B.L	ja	1999年
B.L	ja	1月22日
B.L	ja	2005年
B.L	ja	2006年
B.L	ja	2008年
B.L	ja	2009年
B.L	ja	3月10日
B.L	ja	BASF
B.L	ja	BMW
B.L	ja	BNPパリバ
B.L	ja	BTGパクチュアル
B.L	ja	CEO
B.L	ja	CIBC
B.L	ja	E.ON
B.L	ja	FBRキャピタル・マーケッツ
B.L	ja	HSBCホールディングス
B.L	ja	IG・ファルベンインドゥストリー
B.L	ja	INGグループ
B.L	ja	ISO 9362
B.L	ja	JPモルガン・チェース
B.L	ja	K+S
B.L	ja	KBC銀行
B.L	ja	Natixis
B.L	ja	N・M・ロスチャイルド&サンズ
B.L	ja	ROTHキャピタル・パートナーズ
B.L	ja	RWE
B.L	ja	SAP (企業)
B.L	ja	UBS
B.L	ja	VTBバンク
B.L	ja	さくら銀行
B.L	ja	みずほコーポレート銀行
B.L	ja	アウシュヴィッツ＝ビルケナウ強制収容所
B.L	ja	アセットマネジメント
B.L	ja	アディダス
B.L	ja	アドルフ・ヒトラー
B.L	ja	アメリカ合衆国
B.L	ja	アリアンツ
B.L	ja	アーリア化
B.L	ja	インフィニオン・テクノロジーズ
B.L	ja	インベステック銀行
B.L	ja	ウィリアム・ブレア・アンド・カンパニー
B.L	ja	ウェルズ・ファーゴ
B.L	ja	ウニクレーディト・イタリアーノ
B.L	ja	エバーコア・パートナーズ
B.L	ja	オスマン帝国
B.L	ja	オッペンハイマー・ホールディングス
B.L	ja	カナダ・ロイヤル銀行
B.L	ja	キーフ・ブルエット・アンド・ウッズ
B.L	ja	クルップ
B.L	ja	クレディ・アグリコル
B.L	ja	クレディ・スイス
B.L	ja	クローズ・ブラザーズ・グループ
B.L	ja	グリーンヒル・アンド・カンパニー
B.L	ja	ゲオルク・フォン・ジーメンス
B.L	ja	ゲシュタポ
B.L	ja	コメルツ銀行
B.L	ja	コンチネンタル (自動車部品製造業)
B.L	ja	ゴールドマン・サックス
B.L	ja	ゴールドマン・サックス証券
B.L	ja	サンドラー・オニール・アンド・パートナー
B.L	ja	シティグループ
B.L	ja	シュティーフェル・ニコラス
B.L	ja	シーメンス
B.L	ja	ジェフェリーズ&カンパニー
B.L	ja	スタンダードチャータード銀行
B.L	ja	センタービュー・パートナーズ
B.L	ja	ソシエテ・ジェネラル
B.L	ja	ソフトバンク
B.L	ja	ソフトバンクモバイル
B.L	ja	ダイムラー (自動車メーカー)
B.L	ja	ティッカーシンボル
B.L	ja	ティッセンクルップ
B.L	ja	トロイカ・ダイアログ
B.L	ja	トロント・ドミニオン銀行
B.L	ja	ドイツ
B.L	ja	ドイツテレコム
B.L	ja	ドイツポスト
B.L	ja	ドイツ・ポストバンク
B.L	ja	ドイツ再統一
B.L	ja	ドイツ帝国
B.L	ja	ドイツ株価指数
B.L	ja	ドイツ証券取引所
B.L	ja	ドイツ語
B.L	ja	ドイツ銀行ツインタワー
B.L	ja	ドイツ銀行選手権
B.L	ja	ドレスナー銀行
B.L	ja	ナチ党の権力掌握
B.L	ja	ニューヨーク証券取引所
B.L	ja	ノーザン・パシフィック鉄道
B.L	ja	ハイポ・リアル・エステート
B.L	ja	ハリス・ウィリアムズ
B.L	ja	バイエル (企業)
B.L	ja	バグダード鉄道
B.L	ja	バルジ・ブラケット
B.L	ja	バンカース・トラスト
B.L	ja	バンク・オブ・アメリカ
B.L	ja	バークレイズ
B.L	ja	パイパー・ジャフリー
B.L	ja	フォルクスワーゲングループ
B.L	ja	フォルティス・グループ
B.L	ja	フランクフルト・アム・マイン
B.L	ja	フランクフルト証券取引所
B.L	ja	フレゼニウス
B.L	ja	フーリハン・ローキー
B.L	ja	ブラウン・シプリー
B.L	ja	ブラックストーン・グループ
B.L	ja	ブリュッセル
B.L	ja	ブレウィン・ドルフィン
B.L	ja	ヘンケル
B.L	ja	ベアリングス銀行
B.L	ja	ベアー・スターンズ
B.L	ja	ベネルクス三国
B.L	ja	ベルリン
B.L	ja	ペレラ・ワインバーグ・パートナーズ
B.L	ja	ホロコースト
B.L	ja	ボーダフォン
B.L	ja	マッコーリー銀行
B.L	ja	マン (企業)
B.L	ja	ミュンヘン再保険
B.L	ja	メディオ・バンカ
B.L	ja	メトロ (小売業)
B.L	ja	メリルリンチ
B.L	ja	メルク (ドイツ)
B.L	ja	モルガン・キーガン&カンパニー
B.L	ja	モルガン・スタンレー
B.L	ja	モントリオール銀行
B.L	ja	モーリス&カンパニー
B.L	ja	ユダヤ人
B.L	ja	ユニバーサルバンク
B.L	ja	ラザード
B.L	ja	リンデ
B.L	ja	リーマン・ブラザーズ
B.L	ja	ルネッサンス・キャピタル
B.L	ja	ルフトハンザドイツ航空
B.L	ja	レイモンド・ジェームズ・フィナンシャル
B.L	ja	ロイズTSB
B.L	ja	ロイヤルバンク・オブ・スコットランド
B.L	ja	ロンドン
B.L	ja	三井グループ
B.L	ja	三井住友銀行
B.L	ja	三菱UFJモルガン・スタンレー証券
B.L	ja	上海市
B.L	ja	中国中信集団公司
B.L	ja	中国銀行 (中華人民共和国)
B.L	ja	企業メセナ
B.L	ja	会社
B.L	ja	反ユダヤ
B.L	ja	商業銀行
B.L	ja	国家社会主義ドイツ労働者党
B.L	ja	大和証券キャピタル・マーケッツ
B.L	ja	山王パークタワー
B.L	ja	市中銀行
B.L	ja	投資銀行
B.L	ja	日経BP
B.L	ja	杉村太蔵
B.L	ja	東アジア
B.L	ja	東ヨーロッパ
B.L	ja	株式会社 (ドイツ)
B.L	ja	業種
B.L	ja	横浜市
B.L	ja	派遣社員
B.L	ja	第二次世界大戦
B.L	ja	統一金融機関コード
B.L	ja	自己資本利益率
B.L	ja	西ドイツ
B.L	ja	証券
B.L	ja	資本主義
B.L	ja	連合国 (第二次世界大戦)
B.L	ja	連合軍軍政期 (ドイツ)
B.L	ja	野村証券
B.L	ja	野村證券
B.L	ja	銀行
B.L	ja	韓国産業銀行
B.L	ja	Template:DAX
B.L	ja	Template:Major Investment banks
B.L	ja	Template:基礎情報 会社
B.L	ja	Template‐ノート:DAX
B.L	ja	Template‐ノート:Major Investment banks
B.L	ja	Help:脚注/読者向け
B.L	vi	1870
B.L	vi	Aktiengesellschaft
B.L	vi	CEO
B.L	vi	Chủ tịch
B.L	vi	Clemens Börsig
B.L	vi	Công nghiệp
B.L	vi	Doanh thu
B.L	vi	Dịch vụ Tài chính
B.L	vi	Euro
B.L	vi	Frankfurt am Main
B.L	vi	Full-time equivalent
B.L	vi	Josef Ackermann
B.L	vi	Ngân hàng bán lẻ
B.L	vi	Ngân hàng thương mại
B.L	vi	Ngân hàng đầu tư
B.L	vi	Quản lý tài sản
B.L	vi	Sàn giao dịch chứng khoán Frankfurt
B.L	vi	Sản phẩm
B.L	vi	Sở giao dịch chứng khoán New York
B.L	vi	Tiếng Đức
B.L	vi	Tài sản
B.L	vi	Tín dụng cá nhân
B.L	vi	Website
B.L	vi	Đức
B.L	simple	Aktiengesellschaft
B.L	simple	Bank
B.L	simple	Frankfurt am Main
B.L	simple	Germany
B.L	simple	Headquarter
B.L	simple	Twin tower
B.L	simple	Wikipedia:Stub
B.L	uk	Aktiengesellschaft
B.L	uk	Інвестиційний банк
B.L	uk	Активи
B.L	uk	Валовий дохід
B.L	uk	Власний капітал
B.L	uk	ВікіСховище
B.L	uk	Головний виконавчий директор
B.L	uk	Евро
B.L	uk	Еквівалент повної зайнятості
B.L	uk	Йозеф Аккерманн
B.L	uk	Комерційний банк
B.L	uk	Лістинг
B.L	uk	Нью-Йоркська фондова біржа
B.L	uk	Німеччина
B.L	uk	Продукція
B.L	uk	Підприємство
B.L	uk	Роздрібний банк
B.L	uk	Сайт
B.L	uk	Список банків Швеції
B.L	uk	Спостережна рада
B.L	uk	Управління активами
B.L	uk	Управління власністю
B.L	uk	Фондова біржа
B.L	uk	Франкфурт-на-Майні
B.L	uk	Франкфуртська фондова біржа
B.L	uk	Фінансові послуги
B.L	uk	Чистий прибуток
B.L	uk	Штаб-квартира
B.L	uk	Вікіпедія:Як редагувати статтю
B.L	tr	1870
B.L	tr	1884
B.L	tr	1889
B.L	tr	1914
B.L	tr	1929
B.L	tr	1957
B.L	tr	1989
B.L	tr	2002
B.L	tr	2006
B.L	tr	Almanya
B.L	tr	Amerikan
B.L	tr	Banka
B.L	tr	Coğrafi koordinat sistemi
B.L	tr	Deutsche Bank ikiz kuleleri
B.L	tr	EBITDA
B.L	tr	Euro
B.L	tr	Frankfurt
B.L	tr	Frankfurt am Main
B.L	tr	Karl Heinz Roth
B.L	tr	Londra
B.L	tr	Net Results
B.L	tr	New York
B.L	tr	Revenue
B.L	tr	Singapur
B.L	tr	Staff
B.L	tr	Sydney
B.L	tr	İngiltere
B.L	tr	Şirket
B.L	tr	Vikipedi:Madde
B.L	tr	Vikipedi:Taslak madde
B.L	te	2010-07-12
B.L	te	4 February 2010
B.L	te	Aktiengesellschaft
B.L	te	Asset management
B.L	te	Chairman
B.L	te	Chief executive officer
B.L	te	Clemens Börsig
B.L	te	Comes and Goes
B.L	te	Commercial bank
B.L	te	Dallas Smith (singer)
B.L	te	Default (band)
B.L	te	Deny (Default song)
B.L	te	Elocation
B.L	te	Euro
B.L	te	Financial services
B.L	te	Frankfurt am Main
B.L	te	Full-time equivalent
B.L	te	Investment bank
B.L	te	Josef Ackermann
B.L	te	Net income
B.L	te	One Thing Remains
B.L	te	Ownership equity
B.L	te	Portal:Companies
B.L	te	Private banking
B.L	te	Retail bank
B.L	te	Supervisory board
B.L	te	TVT Records
B.L	te	The Fallout
B.L	te	Types of business entity
B.L	te	Wasting My Time (Default song)
B.L	te	ఆదాయం
B.L	te	ఆస్తులు
B.L	te	ఇస్తాంబుల్
B.L	te	ఉత్పత్తులు
B.L	te	ఉద్యోగులు
B.L	te	ఎడాల్ఫ్ హిట్లర్
B.L	te	ఏథెన్స్
B.L	te	టర్కీ
B.L	te	పరిశ్రమ
B.L	te	బల్గేరియా
B.L	te	రెండవ ప్రపంచ యుద్ధం
B.L	te	వెబ్‌సైటు
B.L	te	సింగపూరు
B.L	te	మూస:50 largest US banks
B.L	te	మూస:DAX companies
B.L	te	మూస:Default
B.L	te	మూస:FWB
B.L	te	మూస:IPA-de
B.L	te	మూస:Link GA
B.L	te	మూస:Major investment banks
B.L	te	మూస:Members of Euro Banking Association
B.L	te	మూస:Portal/Images/Companies
B.L	te	మూస:Use dmy dates
B.L	te	మూస చర్చ:Default
B.L	sv	1870
B.L	sv	AEG
B.L	sv	Adidas
B.L	sv	Aktiebolag
B.L	sv	Allianz
B.L	sv	Andra världskriget
B.L	sv	BASF
B.L	sv	BMW
B.L	sv	Bank
B.L	sv	Bayer AG
B.L	sv	Beiersdorf AG
B.L	sv	Berlin
B.L	sv	Bolag
B.L	sv	Bremen
B.L	sv	Böhmen
B.L	sv	Commerzbank
B.L	sv	Daimler AG
B.L	sv	Deutsche Bank-Hochhaus
B.L	sv	Deutsche Börse
B.L	sv	Deutsche Post
B.L	sv	Deutsche Telekom
B.L	sv	Deutscher Aktienindex
B.L	sv	Disconto-Gesellschaft
B.L	sv	E.ON
B.L	sv	Euro
B.L	sv	Frankfurt am Main
B.L	sv	Fresenius
B.L	sv	Fresenius Medical Care
B.L	sv	Hamburg
B.L	sv	Hannover Re
B.L	sv	Henkel
B.L	sv	Infineon
B.L	sv	Josef Ackermann
B.L	sv	K+S
B.L	sv	Kruppkoncernen
B.L	sv	Linde AG
B.L	sv	London
B.L	sv	Lufthansa
B.L	sv	MAN AG
B.L	sv	Mannesmann
B.L	sv	Merck KGaA
B.L	sv	Metro AG
B.L	sv	Miljard
B.L	sv	Munich Re
B.L	sv	Mähren
B.L	sv	Nazityskland
B.L	sv	Northern Pacific Railroad
B.L	sv	Omsättning
B.L	sv	RWE
B.L	sv	Reichswerke Hermann Göring
B.L	sv	SAP AG
B.L	sv	SS
B.L	sv	Shanghai
B.L	sv	Siemens AG
B.L	sv	Sudetområdet
B.L	sv	ThyssenKrupp
B.L	sv	Tyska riket
B.L	sv	Tyskland
B.L	sv	Universum Film AG
B.L	sv	Volkswagen AG
B.L	sv	Västberlin
B.L	sv	Weimarrepubliken
B.L	sv	Yokohama
B.L	sv	Österrike
B.L	sv	Mall:DAX
B.L	sv	Malldiskussion:DAX
B.L	sk	Banka (inštitúcia)
B.L	sk	Frankfurt nad Mohanom
B.L	sk	Nemecko
B.L	sk	Wikipédia:Výhonok
B.L	sh	1870
B.L	sh	2007
B.L	sh	Aktiengesellschaft
B.L	sh	Banka
B.L	sh	Euro
B.L	sh	Financijske usluge
B.L	sh	Frankfurt
B.L	sh	Frankfurt na Majni
B.L	sh	Josef Ackermann
B.L	sh	Prihod
B.L	sh	Proizvod (posao)
B.L	sh	Slogan
B.L	sh	Vrste preduzeća
B.L	sh	Web-stranica
B.L	sh	Zaposlenik
B.L	ru	1870
B.L	ru	1881 год
B.L	ru	1904
B.L	ru	1907
B.L	ru	1926 год
B.L	ru	1970-е
B.L	ru	1972 год
B.L	ru	1998 год
B.L	ru	2001 год
B.L	ru	2003 год
B.L	ru	2005 год
B.L	ru	2006 год
B.L	ru	2008 год
B.L	ru	2009 год
B.L	ru	2011 год
B.L	ru	AXA
B.L	ru	Adidas
B.L	ru	Aegon
B.L	ru	Air Liquide
B.L	ru	Alcatel-Lucent
B.L	ru	Allianz
B.L	ru	ArcelorMittal
B.L	ru	Assicurazioni Generali
B.L	ru	BASF
B.L	ru	BBVA
B.L	ru	BMW
B.L	ru	BNP Paribas
B.L	ru	Bankers Trust
B.L	ru	Bayer
B.L	ru	Beiersdorf
B.L	ru	Bertrandt
B.L	ru	Carrefour
B.L	ru	Commerzbank
B.L	ru	Crédit Agricole
B.L	ru	DAX
B.L	ru	DWS Investments
B.L	ru	Daimler
B.L	ru	Danone
B.L	ru	Deutsche Bank Place
B.L	ru	Deutsche Börse
B.L	ru	Deutsche Post AG
B.L	ru	Deutsche Postbank
B.L	ru	Deutsche Telekom
B.L	ru	Disconto-Gesellschaft
B.L	ru	Dow Jones Euro Stoxx 50
B.L	ru	E.ON
B.L	ru	ENEL
B.L	ru	Eni
B.L	ru	Fortis
B.L	ru	France Télécom
B.L	ru	Fresenius
B.L	ru	Fresenius SE
B.L	ru	GDF Suez
B.L	ru	Grupo Santander
B.L	ru	Hannover Re
B.L	ru	Henkel
B.L	ru	ING Groep N.V.
B.L	ru	Iberdrola
B.L	ru	Intesa Sanpaolo
B.L	ru	K+S
B.L	ru	L'Oréal
B.L	ru	LVMH
B.L	ru	Lloyds Banking Group
B.L	ru	Lufthansa
B.L	ru	MAN
B.L	ru	Merck KGaA
B.L	ru	Metro AG
B.L	ru	Morgan Grenfell
B.L	ru	Munich Re
B.L	ru	Nokia
B.L	ru	Philips
B.L	ru	RWE
B.L	ru	Renault
B.L	ru	Repsol YPF
B.L	ru	SAP
B.L	ru	Saint-Gobain
B.L	ru	Sal. Oppenheim
B.L	ru	Salzgitter AG
B.L	ru	Sanofi-Aventis
B.L	ru	Schneider Electric
B.L	ru	Siemens
B.L	ru	Société Générale
B.L	ru	Telecom Italia
B.L	ru	Telefónica
B.L	ru	The Linde Group
B.L	ru	ThyssenKrupp
B.L	ru	Total
B.L	ru	UniCredit
B.L	ru	Unilever
B.L	ru	Vinci
B.L	ru	Vivendi
B.L	ru	Volkswagen Group
B.L	ru	Активы банка
B.L	ru	Аншу Джейн
B.L	ru	Валютный рынок
B.L	ru	Геноцид племён гереро и нама
B.L	ru	Германия
B.L	ru	Германия в период национал-социализма
B.L	ru	Инвестиционный банк
B.L	ru	Итальянская фондовая биржа
B.L	ru	Концентрационный лагерь
B.L	ru	Кёльн
B.L	ru	Лондон
B.L	ru	Мировой финансовый кризис
B.L	ru	Москва
B.L	ru	Немецкий язык
B.L	ru	Нью-Йорк
B.L	ru	Нью-Йоркская фондовая биржа
B.L	ru	ОФГ
B.L	ru	Освенцим
B.L	ru	Пенсионный фонд Российской Федерации
B.L	ru	Публичная компания
B.L	ru	Русский для внешней торговли банк
B.L	ru	Сайт
B.L	ru	Санкт-Петербург
B.L	ru	Сидней
B.L	ru	Сингапур
B.L	ru	Собственный капитал
B.L	ru	Совет по финансовой стабильности
B.L	ru	Транснациональный банк
B.L	ru	Третий рейх
B.L	ru	Универсальный банк
B.L	ru	Управление крупным частным капиталом
B.L	ru	Финансовый конгломерат
B.L	ru	Франкфурт-на-Майне
B.L	ru	Франкфуртская фондовая биржа
B.L	ru	Ценная бумага
B.L	ru	Чистая прибыль
B.L	ru	Экспорт
B.L	ru	Юрген Фитчен
B.L	ru	Юридическое лицо
B.L	ru	€
B.L	ru	Википедия:Как править статьи
B.L	ru	Википедия:Правила и указания
B.L	ru	Википедия:Сноски
B.L	ru	Википедия:Ссылки на источники
B.L	ru	Шаблон:Rq/cleanup
B.L	ru	Шаблон:Rq/global
B.L	ru	Шаблон:Rq/refless
B.L	ru	Шаблон:Rq/renew
B.L	ru	Шаблон:Rq/style
B.L	ru	Шаблон:Rq/Пояснения
B.L	ro	1870
B.L	ro	1873
B.L	ro	2007
B.L	ro	2008
B.L	ro	2011
B.L	ro	Active
B.L	ro	Alfred Herrhausen
B.L	ro	Anshu Jain
B.L	ro	Arthur von Gwinner
B.L	ro	Berlinul de Vest
B.L	ro	Bursa din Frankfurt
B.L	ro	Capital propriu
B.L	ro	Cifra de afaceri
B.L	ro	Companie
B.L	ro	Corporație
B.L	ro	Der Spiegel
B.L	ro	Deutsche Bundesbank
B.L	ro	Eduard Mosler
B.L	ro	Euro
B.L	ro	Frankfurt am Main
B.L	ro	Frankfurt pe Main
B.L	ro	Franz Heinrich Ulrich
B.L	ro	Friedrich Wilhelm Christians
B.L	ro	Georg Solmssen
B.L	ro	Georg von Siemens
B.L	ro	Germania
B.L	ro	Global
B.L	ro	Hermann Josef Abs
B.L	ro	Hilmar Kopper
B.L	ro	Industrie
B.L	ro	Josef Ackermann
B.L	ro	Juergen Fitschen
B.L	ro	Jürgen Fitschen
B.L	ro	Karl Kimmich
B.L	ro	Karl Klasen
B.L	ro	Londra
B.L	ro	Marcă germană
B.L	ro	New York Stock Exchange
B.L	ro	Oscar Wassermann
B.L	ro	Oswald Rösler
B.L	ro	Paul Achleitner
B.L	ro	Paul Mankiewitz
B.L	ro	Produs (marketing)
B.L	ro	RDG
B.L	ro	Rolf-E. Breuer
B.L	ro	Rudolf von Koch
B.L	ro	Siemens AG
B.L	ro	Simbol bursier
B.L	ro	Slogan
B.L	ro	Societate pe acțiuni
B.L	ro	Venit
B.L	ro	Wilfried Guth
B.L	ro	Wikipedia:Articolul ciot perfect
B.L	ro	Wikipedia:Găsește și repară un ciot
B.L	ro	Categorie:Tipuri de companii
B.L	rm	Francfurt
B.L	rm	Germania
B.L	pt	1870
B.L	pt	18 de março
B.L	pt	1911
B.L	pt	1994
B.L	pt	2010
B.L	pt	2011
B.L	pt	22 de janeiro
B.L	pt	Adidas
B.L	pt	Alemanha
B.L	pt	Allianz
B.L	pt	Anshu Jain
B.L	pt	Avenida Brigadeiro Faria Lima
B.L	pt	BASF
B.L	pt	BMW
B.L	pt	Banco
B.L	pt	Bayer
B.L	pt	Beiersdorf
B.L	pt	Berlim
B.L	pt	Berlin
B.L	pt	Brasil
B.L	pt	CEO
B.L	pt	Commerzbank
B.L	pt	DAX-30
B.L	pt	Daimler AG
B.L	pt	Deutsche Bank (edifício)
B.L	pt	Deutsche Börse
B.L	pt	Deutsche Post
B.L	pt	Deutsche Telekom
B.L	pt	E.ON
B.L	pt	Frankfurt am Main
B.L	pt	Fresenius
B.L	pt	Fresenius Medical Care
B.L	pt	Georg von Siemens
B.L	pt	Grupo Volkswagen
B.L	pt	HeidelbergCement
B.L	pt	Henkel
B.L	pt	Indústria bancária
B.L	pt	Infineon Technologies
B.L	pt	Instituição financeira
B.L	pt	Jürgen Fitschen
B.L	pt	K+S
B.L	pt	Linde AG
B.L	pt	Lufthansa
B.L	pt	Língua portuguesa
B.L	pt	MAN SE
B.L	pt	METRO AG
B.L	pt	Merck KGaA
B.L	pt	Munich Re
B.L	pt	NYSE
B.L	pt	Paul Achleitner
B.L	pt	Portugal
B.L	pt	RWE
B.L	pt	Rio de Janeiro
B.L	pt	SAP AG
B.L	pt	Siemens AG
B.L	pt	Sociedade anónima
B.L	pt	Subsidiária
B.L	pt	São Paulo
B.L	pt	São Paulo (cidade)
B.L	pt	ThyssenKrupp
B.L	pt	Wikipédia:Esboço
B.L	pt	Predefinição:DAX
B.L	sah	Aktiengesellschaft
B.L	sah	Asset management
B.L	sah	Chairman
B.L	sah	Chief executive officer
B.L	sah	Clemens Bцrsig
B.L	sah	Commercial bank
B.L	sah	Euro
B.L	sah	Financial services
B.L	sah	Frankfurt am Main
B.L	sah	Full-time equivalent
B.L	sah	Investment bank
B.L	sah	Josef Ackermann
B.L	sah	Net income
B.L	sah	New York Stock Exchange
B.L	sah	Private banking
B.L	sah	Retail bank
B.L	sah	Supervisory board
B.L	sah	Актив
B.L	sah	Барыс
B.L	sah	Бас билии капитала
B.L	sah	Германия
B.L	sah	Индустрия
B.L	sah	Уэбсайт
B.L	sah	Халыып:FWB
B.L	zh-yue	德國
B.L	zh-yue	德文
B.L	zh-yue	投資銀行
B.L	zh-yue	法蘭克福
B.L	zh-yue	紐約證券交易所
B.L	zh-yue	經濟
B.L	zh-yue	總部
B.L	zh-yue	銀行
B.L	zh-yue	Wikipedia:楔位文章
B.L	zh	10月28日
B.L	zh	11月30日
B.L	zh	1870年
B.L	zh	1872年
B.L	zh	1873年
B.L	zh	1876年
B.L	zh	1948年
B.L	zh	1952年
B.L	zh	1957年
B.L	zh	1989年
B.L	zh	1990年
B.L	zh	1998年
B.L	zh	1999年
B.L	zh	1月22日
B.L	zh	2001年
B.L	zh	2004年
B.L	zh	2005年
B.L	zh	2007年－2009年環球金融危機
B.L	zh	2008年
B.L	zh	2009年
B.L	zh	2010年
B.L	zh	911恐怖袭击
B.L	zh	9月11日
B.L	zh	9月12日
B.L	zh	9月13日
B.L	zh	BMW
B.L	zh	Berliner Bank
B.L	zh	DAX指数
B.L	zh	E.ON
B.L	zh	Euro
B.L	zh	Full-time equivalent
B.L	zh	Houlihan Lokey
B.L	zh	K+S
B.L	zh	Lanxess
B.L	zh	Lazard
B.L	zh	Norisbank
B.L	zh	Onex
B.L	zh	PNC金融服務
B.L	zh	Postbank
B.L	zh	RBC銀行
B.L	zh	RWE
B.L	zh	Raymond James
B.L	zh	Rued Blass & Cie
B.L	zh	SAP公司
B.L	zh	Sal. Oppenheim Group
B.L	zh	Scudder Investments
B.L	zh	Thomas Weisel Partners
B.L	zh	UBS
B.L	zh	United Finanncial Group
B.L	zh	上市公司
B.L	zh	上海
B.L	zh	东京
B.L	zh	中信證券
B.L	zh	中国国际金融有限公司
B.L	zh	中国投资有限责任公司
B.L	zh	中银国际
B.L	zh	主权基金
B.L	zh	伦敦
B.L	zh	信孚銀行
B.L	zh	克虏伯
B.L	zh	利润
B.L	zh	加拿大帝国商业银行批發银行
B.L	zh	加拿大皇家銀行
B.L	zh	北京
B.L	zh	北太平洋铁路
B.L	zh	华夏银行
B.L	zh	喬治·西門思
B.L	zh	国泰君安证券
B.L	zh	国际贸易
B.L	zh	国际音标
B.L	zh	大众集团
B.L	zh	大華繼顯
B.L	zh	大都會人壽保險
B.L	zh	大陆集团
B.L	zh	奥斯维辛集中营
B.L	zh	威廉·皮勒尼斯
B.L	zh	安联
B.L	zh	富國銀行
B.L	zh	巴克莱银行
B.L	zh	巴克萊資本
B.L	zh	巴斯夫
B.L	zh	巴格达铁路
B.L	zh	巴黎
B.L	zh	布鲁塞尔
B.L	zh	广州
B.L	zh	德利佳华
B.L	zh	德国
B.L	zh	德国商业银行
B.L	zh	德国电信
B.L	zh	德国统一
B.L	zh	德国邮政
B.L	zh	德国邮政银行
B.L	zh	德國證券交易所
B.L	zh	德州太平洋
B.L	zh	德意志第三帝国
B.L	zh	德意志联邦银行
B.L	zh	德意志銀行
B.L	zh	德意志银行 (消歧义)
B.L	zh	德意志银行大厦
B.L	zh	意大利中期银行
B.L	zh	意大利裕信银行
B.L	zh	愛迪達
B.L	zh	慕尼黑再保险
B.L	zh	戴姆勒
B.L	zh	投资银行
B.L	zh	拜尔斯道夫
B.L	zh	拜耳
B.L	zh	摩根·葛瑞菲爾
B.L	zh	摩根士丹利
B.L	zh	摩根大通
B.L	zh	新加坡政府投资公司
B.L	zh	曼哈頓下城發展集團
B.L	zh	林德
B.L	zh	柏林
B.L	zh	标准银行
B.L	zh	格林希尔 (投资银行)
B.L	zh	横滨
B.L	zh	民主德国国家银行
B.L	zh	汉莎航空
B.L	zh	汉高公司
B.L	zh	法兰克福
B.L	zh	法兰克福证券交易所
B.L	zh	法国东方汇理银行
B.L	zh	法国农业信贷银行
B.L	zh	法國巴黎銀行
B.L	zh	法國興業銀行
B.L	zh	洛希尔父子
B.L	zh	济南
B.L	zh	海德堡水泥
B.L	zh	淡馬錫控股
B.L	zh	滙豐
B.L	zh	滿地可銀行
B.L	zh	營業額
B.L	zh	瑞士信贷集團
B.L	zh	瑞穗實業銀行
B.L	zh	產業
B.L	zh	私募基金
B.L	zh	科尔伯格－克拉维斯－罗伯茨
B.L	zh	第一資本
B.L	zh	第五第三銀行
B.L	zh	米兰
B.L	zh	紐約社區銀行
B.L	zh	紐約證券交易所
B.L	zh	總部
B.L	zh	约瑟夫·阿克曼
B.L	zh	纽约
B.L	zh	纽约市
B.L	zh	羅爾夫·布魯爾
B.L	zh	美元
B.L	zh	美国
B.L	zh	美国银行
B.L	zh	美國市民金融集團
B.L	zh	美國滙豐銀行
B.L	zh	美國紐約銀行梅隆公司
B.L	zh	美國聯邦銀行
B.L	zh	美國運通
B.L	zh	美國銀行
B.L	zh	美林证券
B.L	zh	美联银行
B.L	zh	股東權益
B.L	zh	花旗銀行
B.L	zh	花旗集团
B.L	zh	英飞凌
B.L	zh	荷蘭合作銀行
B.L	zh	荷蘭銀行
B.L	zh	莫斯科
B.L	zh	蒂森克虏伯
B.L	zh	蘇格蘭皇家銀行
B.L	zh	西班牙對外銀行 (BBVA)
B.L	zh	西门子公司
B.L	zh	貼現公司
B.L	zh	資產
B.L	zh	贝尔斯登
B.L	zh	费森尤斯
B.L	zh	费森尤斯医疗
B.L	zh	赫爾曼·沃利克
B.L	zh	路德維希·班相格
B.L	zh	通用國際財務管理股份有限公司
B.L	zh	里昂信貸銀行
B.L	zh	里昂證券
B.L	zh	野村證券
B.L	zh	金融和保险
B.L	zh	银行
B.L	zh	阿爾伯特·德爾布拉克
B.L	zh	雅利安
B.L	zh	雷曼兄弟
B.L	zh	韓國投資公司
B.L	zh	首席執行官
B.L	zh	香港
B.L	zh	高盛
B.L	zh	麥格理
B.L	zh	麥格理銀行
B.L	zh	黑石集团
B.L	zh	默克集團
B.L	zh	Talk:德意志银行
B.L	zh	Wikipedia:如何審核校對
B.L	zh	Template:50 largest US banks
B.L	zh	Template:DAX指数成份公司
B.L	zh	Template:主要投资银行
B.L	zh	Template talk:50 largest US banks
B.L	zh	Template talk:DAX指数成份公司
B.L	zh	Template talk:主要投资银行
B.L	zh	Help:编辑
B.L	zh	Category:公司
CN	de	Deutsche_Bank
IWL	fi	Deutsche Bank
IWL	fr	Deutsche Bank
IWL	he	דויטשה בנק
IWL	fa	دویچه بانک
IWL	el	Deutsche Bank
IWL	en	Deutsche Bank
IWL	et	Deutsche Bank
IWL	es	Deutsche Bank
IWL	ca	Deutsche Bank
IWL	bg	Дойче банк
IWL	be	Deutsche Bank
IWL	da	Deutsche Bank
IWL	cy	Deutsche Bank
IWL	cv	Дойче Банк
IWL	cs	Deutsche Bank
IWL	ar	البنك الألماني
IWL	af	Deutsche Bank
IWL	no	Deutsche Bank
IWL	pl	Deutsche Bank
IWL	lt	Deutsche Bank
IWL	ml	ഡോയ്ചെ ബാങ്ക്
IWL	nl	Deutsche Bank
IWL	zh-min-nan	Deutsche Bank
IWL	ko	도이체 방크
IWL	kn	ಡಾಯ್ಚ ಬ್ಯಾಂಕ್
IWL	lb	Deutsche Bank
IWL	hu	Deutsche Bank
IWL	hi	ड्यूश बैंक
IWL	id	Deutsche Bank
IWL	is	Deutsche Bank
IWL	it	Deutsche Bank
IWL	ja	ドイツ銀行
IWL	vi	Deutsche Bank
IWL	simple	Deutsche Bank
IWL	uk	Deutsche Bank
IWL	tr	Deutsche Bank
IWL	te	డ్యుయిష్ బ్యాంక్
IWL	sv	Deutsche Bank
IWL	sk	Deutsche Bank
IWL	sh	Deutsche Bank
IWL	ru	Deutsche Bank
IWL	ro	Deutsche Bank
IWL	rm	Deutsche Bank
IWL	pt	Deutsche Bank
IWL	sah	Deutsche Bank
IWL	zh-yue	德意志銀行
IWL	zh	德意志银行
