A.L	de	Abfindung
A.L	de	Adidas
A.L	de	Aktiengesellschaft
A.L	de	Allianz SE
A.L	de	Altana
A.L	de	Arcor
A.L	de	Atecs Mannesmann
A.L	de	Aufsichtsrat
A.L	de	Aufsichtsratsvorsitzender
A.L	de	BASF
A.L	de	BMW
A.L	de	Babcock Borsig
A.L	de	Barter
A.L	de	Bayer AG
A.L	de	Bayerische Hypotheken- und Wechsel-Bank
A.L	de	Bayerische Vereinsbank
A.L	de	Beiersdorf AG
A.L	de	Berlin
A.L	de	Boge GmbH
A.L	de	Bosch Rexroth
A.L	de	Boulogne-Billancourt
A.L	de	Bous (Saar)
A.L	de	Chomutov
A.L	de	Commerzbank
A.L	de	Connie Walther
A.L	de	Continental AG
A.L	de	DAX
A.L	de	Daimler AG
A.L	de	Demag
A.L	de	Deutsch-sowjetische Röhren-Erdgas-Geschäfte
A.L	de	Deutsche Bank
A.L	de	Deutsche Börse
A.L	de	Deutsche Post AG
A.L	de	Deutsche Telekom
A.L	de	Deutschland
A.L	de	Diversifikation (Wirtschaft)
A.L	de	Dorothee Schön
A.L	de	Dresdner Bank
A.L	de	Duisburg
A.L	de	Düsseldorf
A.L	de	E.ON
A.L	de	E.ON Ruhrgas
A.L	de	Egon Overbeck
A.L	de	Epcos
A.L	de	Erlös
A.L	de	Euro
A.L	de	Evonik Degussa
A.L	de	Feindliche Übernahme
A.L	de	Feldmühle (Unternehmen)
A.L	de	Fichtel & Sachs
A.L	de	Firma
A.L	de	France Télécom
A.L	de	Franz Josef Weisweiler
A.L	de	Frau Böhm sagt Nein
A.L	de	Fresenius (Unternehmen)
A.L	de	Fresenius Medical Care
A.L	de	Gelsenkirchen
A.L	de	Giftpille (Wirtschaft)
A.L	de	Gründung (Recht)
A.L	de	Hannover Rück
A.L	de	Hauptversammlung
A.L	de	HeidelbergCement
A.L	de	Henkel (Unternehmen)
A.L	de	Hermann Winkhaus
A.L	de	Hoechst
A.L	de	Hypo Real Estate
A.L	de	Hüttenwerke Krupp Mannesmann
A.L	de	Induser
A.L	de	Infineon
A.L	de	Joachim Funk
A.L	de	Josef Ackermann
A.L	de	K+S
A.L	de	Karstadt
A.L	de	Kienzle Apparate
A.L	de	Klaus Esser
A.L	de	Konsortium
A.L	de	Krauss-Maffei
A.L	de	Landgericht Düsseldorf
A.L	de	Lanxess
A.L	de	Linde AG
A.L	de	Liquidation
A.L	de	Lufthansa
A.L	de	MAN
A.L	de	MLP AG
A.L	de	Mannesmann-Haus
A.L	de	Mannesmann-Prozess
A.L	de	Mannesmann-Verfahren
A.L	de	Mannesmann (Begriffsklärung)
A.L	de	Mannesmann Mobilfunk
A.L	de	Mannesmann Sachs
A.L	de	Mannesmannröhren-Werke
A.L	de	Mannesmannröhren Logistic
A.L	de	Mannesmannröhren Service GmbH
A.L	de	Maschinenbau
A.L	de	Merck KGaA
A.L	de	Metro AG
A.L	de	Mitarbeiter
A.L	de	Mobilfunk
A.L	de	Munich Re
A.L	de	Mülheim an der Ruhr
A.L	de	Nixdorf Computer
A.L	de	Orange (Unternehmen)
A.L	de	Paul Schneider-Esleben
A.L	de	Peter Behrens
A.L	de	Pilgerschrittverfahren
A.L	de	Postbank
A.L	de	Preussag
A.L	de	RWE
A.L	de	Ratingen
A.L	de	Rechtsform
A.L	de	Reinhard Mannesmann
A.L	de	Remscheid
A.L	de	Robert Bosch GmbH
A.L	de	Rohr (Technik)
A.L	de	Ruhrkohle
A.L	de	SAP
A.L	de	Saarbrücken
A.L	de	Salzgitter AG
A.L	de	Senta Berger
A.L	de	Siemens
A.L	de	Sitz (juristische Person)
A.L	de	Squeeze-out
A.L	de	Stahl
A.L	de	Synonymie
A.L	de	TUI
A.L	de	Technip
A.L	de	Telekommunikation
A.L	de	ThyssenKrupp
A.L	de	Unternehmensführung
A.L	de	VDO Automotive
A.L	de	VEBA
A.L	de	VIAG
A.L	de	Vallourec
A.L	de	Vallourec & Mannesmann Tubes
A.L	de	Vereinigtes Königreich
A.L	de	Vodafone
A.L	de	Vodafone-Hochhaus
A.L	de	Vodafone D2
A.L	de	Volkswagen AG
A.L	de	Vorstand
A.L	de	Vorstandsvorsitzender
A.L	de	Walzen
A.L	de	Wasserversorgungsanlage
A.L	de	Werner H. Dieter
A.L	de	Wilhelm Zangen
A.L	de	Wirtschaftszweig
A.L	de	Wolfgang Pohle
A.L	de	ZF Friedrichshafen
A.L	de	ZF Sachs
B.L	fr	Acier
B.L	fr	Adduction d'eau
B.L	fr	Allemand
B.L	fr	Basse und Selve
B.L	fr	Berlin
B.L	fr	Boge
B.L	fr	Bous (Sarre)
B.L	fr	Chomutov
B.L	fr	Conseil d'administration
B.L	fr	Conseil de surveillance
B.L	fr	DAX
B.L	fr	Demag
B.L	fr	Deutsche Bank
B.L	fr	Diversification
B.L	fr	Duisburg
B.L	fr	Düsseldorf
B.L	fr	Fichtel & Sachs
B.L	fr	Gelsenkirchen
B.L	fr	Gratte-ciel Mannesmann
B.L	fr	Hercules (moto)
B.L	fr	Kienzle Apparate
B.L	fr	Krauss-Maffei
B.L	fr	Kronprinz AG
B.L	fr	Laminage
B.L	fr	Paul Schneider-Esleben
B.L	fr	Peter Behrens
B.L	fr	Procédé Mannesmann
B.L	fr	RAG Aktiengesellschaft
B.L	fr	Reinhard Mannesmann
B.L	fr	Remscheid
B.L	fr	Revue d'histoire moderne et contemporaine
B.L	fr	Rexroth
B.L	fr	Ruhrgas
B.L	fr	STO
B.L	fr	Saarbrücken
B.L	fr	Seconde Guerre mondiale
B.L	fr	Siemens
B.L	fr	Siège social de Mannesmann
B.L	fr	Société par actions
B.L	fr	Thyssen
B.L	fr	Troc
B.L	fr	Union soviétique
B.L	fr	VDO
B.L	fr	Vodafone
B.L	fr	Wikipédia:Citez vos sources
B.L	fr	Aide:Note
B.L	fr	Catégorie:Article manquant de référence depuis janvier 2013
B.L	fr	Catégorie:Portail:Allemagne/Articles liés
B.L	fr	Catégorie:Portail:Entreprises/Articles liés
B.L	fr	Portail:Allemagne
B.L	fr	Portail:Entreprises
B.L	en	AirTouch
B.L	en	Airtel-Vodafone
B.L	en	Alan Jebson
B.L	en	Andy Halford
B.L	en	Anne Lauvergeon
B.L	en	Arcor (Telecommunications)
B.L	en	Arcor (telecommunications)
B.L	en	Belo Horizonte
B.L	en	Betavine
B.L	en	Bharti Airtel
B.L	en	Bite GSM
B.L	en	Board of directors
B.L	en	CYTA
B.L	en	Celcom
B.L	en	Cheeka (dog)
B.L	en	Chris Gent
B.L	en	Chunghwa Telecom
B.L	en	Corporation
B.L	en	Deutsche Bahn
B.L	en	Deutsche Bank
B.L	en	Deutsche Telekom
B.L	en	Dialog Telekom
B.L	en	Digicel
B.L	en	Dtac
B.L	en	Du (telco)
B.L	en	Düsseldorf
B.L	en	Elisa Oyj
B.L	en	Entel PCS
B.L	en	Forced labor in Germany during World War II
B.L	en	Frankfurt Stock Exchange
B.L	en	Gerard Kleisterlee
B.L	en	Germany
B.L	en	Goldman Sachs
B.L	en	Ihug
B.L	en	John Buchanan (businessman)
B.L	en	KKTC Telsim
B.L	en	Landline
B.L	en	Luc Vandevelde
B.L	en	M-Pesa
B.L	en	M1 Limited
B.L	en	McLaren
B.L	en	Michel Combes
B.L	en	Mobile TeleSystems
B.L	en	Mobile Telecommunications Company
B.L	en	Mobilkom Austria
B.L	en	Mobiltel
B.L	en	NTT docomo
B.L	en	Nar Mobile
B.L	en	Nazi Party
B.L	en	Nick Land (businessman)
B.L	en	Partnership
B.L	en	Philip Yea
B.L	en	Plus (telecommunications Poland)
B.L	en	Proximus
B.L	en	Roshan (telco)
B.L	en	Rotary piercing
B.L	en	Safaricom
B.L	en	Salzgitter AG
B.L	en	Sam E. Jonah
B.L	en	Scott Mead
B.L	en	Si.mobil
B.L	en	Simon Murray
B.L	en	SmarTone-Vodafone
B.L	en	Steve Pusey
B.L	en	Subsidiaries
B.L	en	Swisscom
B.L	en	T-Mobile
B.L	en	TDC A/S
B.L	en	Tango (telecom)
B.L	en	Telenor
B.L	en	Tony Watson (businessman)
B.L	en	Triple Eight Race Engineering (Australia)
B.L	en	VIP Operator
B.L	en	VIPnet
B.L	en	Vallourec
B.L	en	Verizon Wireless
B.L	en	Vip mobile
B.L	en	Vittorio Colao
B.L	en	Vodacom
B.L	en	Vodafone
B.L	en	Vodafone Albania
B.L	en	Vodafone Australia
B.L	en	Vodafone Czech Republic
B.L	en	Vodafone D2
B.L	en	Vodafone Egypt
B.L	en	Vodafone Faroe Islands
B.L	en	Vodafone Fiji
B.L	en	Vodafone Germany
B.L	en	Vodafone Ghana
B.L	en	Vodafone Global Enterprise
B.L	en	Vodafone Greece
B.L	en	Vodafone Hungary
B.L	en	Vodafone Iceland
B.L	en	Vodafone India
B.L	en	Vodafone Ireland
B.L	en	Vodafone Italy
B.L	en	Vodafone Malta
B.L	en	Vodafone Netherlands
B.L	en	Vodafone New Zealand
B.L	en	Vodafone Portugal
B.L	en	Vodafone Qatar
B.L	en	Vodafone Romania
B.L	en	Vodafone Spain
B.L	en	Vodafone Turkey
B.L	en	Vodafone UK
B.L	en	Vodafone live!
B.L	en	Wilhelm Zangen
B.L	en	World War II
B.L	en	Wikipedia:Citation needed
B.L	en	Template:Vodafone
B.L	en	Template talk:Vodafone
B.L	en	Category:Articles with unsourced statements from March 2009
B.L	en	Category:Vodafone
B.L	nl	1886
B.L	nl	1890
B.L	nl	1893
B.L	nl	1955
B.L	nl	1990
B.L	nl	1999
B.L	nl	2000
B.L	nl	Bosch (bedrijf)
B.L	nl	Demag
B.L	nl	Duitsland
B.L	nl	Düsseldorf
B.L	nl	Helmond
B.L	nl	Krauss-Maffei
B.L	nl	Metaalindustrie
B.L	nl	Peter Behrens
B.L	nl	Priem (gereedschap)
B.L	nl	Salzgitter (bedrijf)
B.L	nl	Siemens AG
B.L	nl	ThyssenKrupp
B.L	nl	Tweede Wereldoorlog
B.L	nl	Van Thiel
B.L	nl	Vodafone
B.L	it	1885
B.L	it	1890
B.L	it	1906
B.L	it	1908
B.L	it	1995
B.L	it	1997
B.L	it	1999
B.L	it	2000
B.L	it	2001
B.L	it	Azienda
B.L	it	Borsa di Francoforte
B.L	it	Borsa valori
B.L	it	Dalmine (azienda)
B.L	it	ENEL
B.L	it	Francia
B.L	it	Germania
B.L	it	IRI
B.L	it	Italimpianti
B.L	it	Meccanico
B.L	it	Metallurgia
B.L	it	Novembre
B.L	it	Olivetti
B.L	it	Orange SA
B.L	it	Settembre
B.L	it	Stato
B.L	it	Telecomunicazioni
B.L	it	Vodafone
B.L	it	Vodafone Italia
B.L	it	Portale:Aziende
B.L	it	Portale:Aziende/icona
B.L	tr	1856
B.L	tr	1885
B.L	tr	1886
B.L	tr	1990
B.L	tr	2000
B.L	tr	Alman
B.L	tr	Almanya
B.L	tr	DAX
B.L	tr	Düsseldorf
B.L	tr	Vodafone
B.L	sv	Boge GmbH
B.L	sv	Bosch
B.L	sv	Bosch Rexroth
B.L	sv	Demag
B.L	sv	Duisburg
B.L	sv	Düsseldorf
B.L	sv	Fichtel & Sachs
B.L	sv	Gelsenkirchen
B.L	sv	Kienzle Apparate
B.L	sv	Krauss-Maffei
B.L	sv	Mannesmann-Mulag
B.L	sv	Mannesmann Atecs
B.L	sv	Mannesmann Mobilfunk
B.L	sv	Mannesmannröhren-Werke AG
B.L	sv	Paul Schneider-Esleben
B.L	sv	Peter Behrens
B.L	sv	Remscheid
B.L	sv	Saarbrücken
B.L	sv	Salzgitter AG
B.L	sv	Siemens AG
B.L	sv	VDO
B.L	sv	Vodafone
B.L	sv	ZF Sachs AG
B.L	ru	16 июля
B.L	ru	1890 год
B.L	ru	Dematic GmbH
B.L	ru	Robert Bosch GmbH
B.L	ru	Salzgitter AG
B.L	ru	Siemens AG
B.L	ru	Vodafone Group
B.L	ru	Берлин
B.L	ru	Дюссельдорф
B.L	ru	Предприятие
B.L	ru	Сайт
B.L	ru	Юридическое лицо
B.L	ru	Википедия:Авторитетные источники
B.L	ru	Википедия:Заготовка статьи
B.L	ru	Википедия:Проверяемость
B.L	ru	Википедия:Ссылки на источники
B.L	pt	Alemanha
B.L	pt	Avenida Nossa Senhora do Carmo
B.L	pt	Belo Horizonte
B.L	pt	Conselheiro Lafaiete
B.L	pt	Empresa
B.L	pt	Jeceaba
B.L	pt	Língua inglesa
B.L	pt	Siderurgia
B.L	pt	V&M do Brasil
B.L	pt	Vallourec
B.L	pt	Vallourec Sumitomo
B.L	pt	Discussão:Mannesmann
B.L	pt	Wikipédia:Esboço
B.L	pt	Wikipédia:Projetos
B.L	pt	Predefinição:Revisão-sobre
CN	de	Mannesmann
IWL	fr	Mannesmann
IWL	en	Mannesmann
IWL	nl	Mannesmann
IWL	it	Mannesmann
IWL	tr	Mannesmann
IWL	sv	Mannesmann
IWL	ru	Mannesmann AG
IWL	pt	Mannesmann
