A.L	de	Adidas
A.L	de	Agrarsubvention
A.L	de	Air Liquide
A.L	de	Aktiengesellschaft
A.L	de	Alfred Thiel
A.L	de	Allianz SE
A.L	de	Alstom
A.L	de	Altana
A.L	de	Alwin Fitting
A.L	de	American Water Works Company
A.L	de	Amprion
A.L	de	Anheuser-Busch InBev
A.L	de	ArcelorMittal
A.L	de	Arnheim
A.L	de	Arthur Koepchen
A.L	de	Assicurazioni Generali
A.L	de	Atom-Moratorium
A.L	de	Atomausstieg
A.L	de	Aufsichtsrat
A.L	de	August Thyssen
A.L	de	Axa
A.L	de	BASF
A.L	de	BIAG Zukunft
A.L	de	BMW
A.L	de	BNP Paribas
A.L	de	Babcock Borsig
A.L	de	Banco Bilbao Vizcaya Argentaria
A.L	de	Banco Santander
A.L	de	Bayer AG
A.L	de	Bayerische Hypotheken- und Wechsel-Bank
A.L	de	Bayerische Vereinsbank
A.L	de	Beiersdorf AG
A.L	de	Belegschaftsaktionäre
A.L	de	Bergheim
A.L	de	Bergschaden
A.L	de	Berlin
A.L	de	Berliner Wasserbetriebe
A.L	de	Bernhard Goldenberg
A.L	de	Bernhard Günther
A.L	de	Bilanzsumme
A.L	de	BlackRock
A.L	de	Braunkohle
A.L	de	Brauweiler (Pulheim)
A.L	de	Brennelementesteuer
A.L	de	Brikett
A.L	de	Budget
A.L	de	CONSOL Energy
A.L	de	Carrefour (Unternehmen)
A.L	de	Cement Roadstone Holding
A.L	de	Commerzbank
A.L	de	Compagnie de Saint-Gobain
A.L	de	Continental AG
A.L	de	Crédit Agricole (Unternehmen)
A.L	de	DAX
A.L	de	Daimler AG
A.L	de	Danone
A.L	de	Darmstadt
A.L	de	Desertec
A.L	de	Deutsche Bank
A.L	de	Deutsche Börse
A.L	de	Deutsche Nationalbibliothek
A.L	de	Deutsche Post AG
A.L	de	Deutsche Telekom
A.L	de	Devastierung
A.L	de	Die Zeit
A.L	de	Disconto-Gesellschaft
A.L	de	Dortmund
A.L	de	Dresdner Bank
A.L	de	Duisburg
A.L	de	E-Mobility
A.L	de	E.ON
A.L	de	EU-Emissionshandel
A.L	de	EU-Kommission
A.L	de	EURO STOXX 50
A.L	de	Eemshaven
A.L	de	Eifel
A.L	de	Elektrizitäts-AG vormals W. Lahmeyer & Co
A.L	de	Elektrothek Osterath
A.L	de	Elmenhorst (Waltrop)
A.L	de	EnBW
A.L	de	Enel
A.L	de	Energiedienst Holding
A.L	de	Energieeffizienz
A.L	de	Energieversorger
A.L	de	Energieversorgung
A.L	de	Energiewende
A.L	de	Eni (Unternehmen)
A.L	de	EnviaM
A.L	de	Epcos
A.L	de	Eprimo
A.L	de	Erdgas
A.L	de	Erdgaskraftwerk Emsland
A.L	de	Erlös
A.L	de	Erneuerbare Energie
A.L	de	Essen
A.L	de	Essen-Karnap
A.L	de	Essent
A.L	de	Euro
A.L	de	Europäische Kommission
A.L	de	Evonik Degussa
A.L	de	Feldmühle (Unternehmen)
A.L	de	Fossile Energie
A.L	de	France Telecom
A.L	de	Frankfurt am Main
A.L	de	Frechen
A.L	de	Freileitungsmast
A.L	de	Fresenius (Unternehmen)
A.L	de	Fresenius Medical Care
A.L	de	Fußball-Weltmeisterschaft 2006 der Menschen mit Behinderung
A.L	de	GDF Suez
A.L	de	Gasunie
A.L	de	Gelsenwasser
A.L	de	Gemeinsame Normdatei
A.L	de	Gemischtwirtschaftliches Unternehmen
A.L	de	Gerald D. Feldman
A.L	de	Gersteinwerk
A.L	de	Gewinn
A.L	de	Gezeitenkraftwerk
A.L	de	Greenwashing
A.L	de	Gründung (Recht)
A.L	de	Gwynt y Môr
A.L	de	Gänsehalsturm
A.L	de	Hambachbahn
A.L	de	Hamborn
A.L	de	Hamburg
A.L	de	Hamm
A.L	de	Hamm-Uentrop
A.L	de	Handelsblatt
A.L	de	Hannover Rück
A.L	de	Harry Roels
A.L	de	HeidelbergCement
A.L	de	Heidelberger Druckmaschinen
A.L	de	Heinrich Mandel
A.L	de	Henkel (Unternehmen)
A.L	de	Herdecke
A.L	de	Hochspannung
A.L	de	Hochspannungs-Gleichstrom-Übertragung
A.L	de	Hochtief
A.L	de	Hoechst
A.L	de	Hugo Stinnes
A.L	de	Hypo Real Estate
A.L	de	Hürth-Knapsack
A.L	de	ING Groep
A.L	de	Iberdrola
A.L	de	Infineon
A.L	de	Institutionelle Investoren
A.L	de	International Securities Identification Number
A.L	de	Intesa Sanpaolo
A.L	de	Jung von Matt
A.L	de	Jürgen Großmann
A.L	de	K+S
A.L	de	Karstadt
A.L	de	Kartellamt
A.L	de	Kernenergie
A.L	de	Kernkraftwerk
A.L	de	Kernkraftwerk Biblis
A.L	de	Kernkraftwerk Borssele
A.L	de	Kernkraftwerk Emsland
A.L	de	Kernkraftwerk Gundremmingen
A.L	de	Kernkraftwerk Kahl
A.L	de	Kernkraftwerk Lingen
A.L	de	Kernkraftwerk Mülheim-Kärlich
A.L	de	Klartextverlag
A.L	de	Koblenz
A.L	de	Koblenzer Elektrizitätswerk und Verkehrs-AG
A.L	de	Koepchenwerk
A.L	de	Kohlendioxid
A.L	de	Kohlenstaub
A.L	de	Kohleveredlungsbetrieb Fortuna-Nord
A.L	de	Kohleveredlungsbetrieb Frechen
A.L	de	Kohleveredlungsbetrieb Ville/Berrenrath
A.L	de	Koks
A.L	de	Kommissar für Wettbewerb
A.L	de	Konventionelle Energie
A.L	de	Konzession
A.L	de	Kraftwerk Dortmund
A.L	de	Kraftwerk Duisburg-Huckingen
A.L	de	Kraftwerk Frimmersdorf
A.L	de	Kraftwerk Goldenberg
A.L	de	Kraftwerk Heimbach
A.L	de	Kraftwerk Ibbenbüren
A.L	de	Kraftwerk Mátra
A.L	de	Kraftwerk Neurath
A.L	de	Kraftwerk Niederaußem
A.L	de	Kraftwerk Weisweiler
A.L	de	Kraftwerk Westfalen
A.L	de	Köln
A.L	de	Lanxess
A.L	de	Laufwasserkraftwerk
A.L	de	Laufzeitverlängerung
A.L	de	Lausitzer Braunkohle AG
A.L	de	Lechwerke
A.L	de	Lennep
A.L	de	Leonhard Birnbaum
A.L	de	Library of Congress Control Number
A.L	de	Linde AG
A.L	de	Lingen (Ems)
A.L	de	Liste der Moselstaustufen
A.L	de	Liste deutscher Kraftwerke
A.L	de	Lobbyismus
A.L	de	Logo (Unternehmen)
A.L	de	London
A.L	de	Lufthansa
A.L	de	Lutz Mez
A.L	de	L’Oréal
A.L	de	MAN
A.L	de	MLP AG
A.L	de	Manfred Schneider (Manager)
A.L	de	Mannesmann
A.L	de	Merck KGaA
A.L	de	Metro AG
A.L	de	Mitarbeiter
A.L	de	Mondrian Investment Partners
A.L	de	Monopol
A.L	de	Moët Hennessy Louis Vuitton
A.L	de	Munich Re
A.L	de	Müllverbrennung
A.L	de	Münsterländer Schneechaos
A.L	de	Nahe (Fluss)
A.L	de	Neelie Kroes
A.L	de	Net4Gas
A.L	de	New Jersey
A.L	de	New York City
A.L	de	Niederaußem
A.L	de	Niederlande
A.L	de	Niedersächsische Kraftwerke
A.L	de	Nixdorf Computer
A.L	de	Nokia
A.L	de	Nord-Süd-Bahn (Garzweiler)
A.L	de	Nord-Süd-Leitung
A.L	de	Nordsee Ost
A.L	de	North Hoyle
A.L	de	Nuklearkatastrophe von Fukushima
A.L	de	Ochtrup
A.L	de	Offshore-Windpark Greater Gabbard
A.L	de	Peter Terium
A.L	de	Philips
A.L	de	Photovoltaik
A.L	de	Postbank
A.L	de	Prag
A.L	de	Preussag
A.L	de	Privataktionäre
A.L	de	Pumpspeicherwerk
A.L	de	Pumpspeicherwerk Vianden
A.L	de	Quiet Revolution
A.L	de	RWE-Affäre
A.L	de	RWE-Turm
A.L	de	RWE (Begriffsklärung)
A.L	de	RWE Aqua
A.L	de	RWE Dea
A.L	de	RWE East
A.L	de	RWE Effizienz
A.L	de	RWE Gasspeicher
A.L	de	RWE Generation
A.L	de	RWE Innogy
A.L	de	RWE Polska
A.L	de	RWE Power AG
A.L	de	RWE Power International
A.L	de	RWE Supply & Trading
A.L	de	RWE Technology
A.L	de	RWE Tower
A.L	de	RWE Transgas
A.L	de	RWE Transportnetz Strom
A.L	de	RWE Turkas Güney
A.L	de	RWE Vertrieb
A.L	de	RWE Westfalen-Weser-Ems Netzservice
A.L	de	RWE npower
A.L	de	Radioaktiver Abfall
A.L	de	Reading
A.L	de	Rechtsform
A.L	de	Remondis
A.L	de	Repsol YPF
A.L	de	Rhein-Freileitungskreuzung Voerde
A.L	de	Rhein-Ruhr Verteilnetz
A.L	de	Rheinbraun
A.L	de	Rheinhausen (Duisburg)
A.L	de	Rheinisch-Westfälische Straßen- und Kleinbahnen GmbH
A.L	de	Rheinisches Braunkohlerevier
A.L	de	Rheinland
A.L	de	Rhyl Flats
A.L	de	Riese
A.L	de	Rolf Martin Schmitz
A.L	de	Rolf Pohlig
A.L	de	Rommerskirchen
A.L	de	Ruhr
A.L	de	Ruhrgebiet
A.L	de	S'Hertogenbosch
A.L	de	SAP
A.L	de	Saar
A.L	de	Salzgitter AG
A.L	de	Sanofi-Aventis
A.L	de	Schienenfahrzeuge von Rheinbraun
A.L	de	Schloss Paffendorf
A.L	de	Schloss Türnich
A.L	de	Schluchseewerk
A.L	de	Schneider Electric
A.L	de	Senftenberg
A.L	de	Sieg (Fluss)
A.L	de	Siemens
A.L	de	Sitz (juristische Person)
A.L	de	Societe Generale
A.L	de	Solarenergie
A.L	de	Solingen
A.L	de	Sponsor
A.L	de	Stadtwerke Bochum
A.L	de	Steinkohle
A.L	de	Straße der Energie
A.L	de	Strombörse
A.L	de	Stromkennzeichnung
A.L	de	Strommix
A.L	de	Swb AG
A.L	de	Swindon
A.L	de	Süddeutsche Eisenbahn-Gesellschaft
A.L	de	Süddeutsche Zeitung
A.L	de	Süwag Energie
A.L	de	TUI
A.L	de	Tagebau Garzweiler
A.L	de	Tagebau Hambach
A.L	de	Tagebau Inden
A.L	de	Telecom Italia
A.L	de	Telefónica
A.L	de	Thames Water
A.L	de	ThyssenKrupp
A.L	de	Thyssengas
A.L	de	Total (Unternehmen)
A.L	de	UN-Klimakonferenz in Kopenhagen
A.L	de	Umspannanlage
A.L	de	Umspannanlage Brauweiler
A.L	de	Umspannanlage Uchtelfangen
A.L	de	Umspannwerk Recklinghausen
A.L	de	Umweltschutz
A.L	de	UniCredit Group
A.L	de	Unibail-rodamco
A.L	de	Unilever
A.L	de	Unternehmensführung
A.L	de	Unternehmensübernahme
A.L	de	Upstream
A.L	de	VEBA
A.L	de	VIAG
A.L	de	VSE
A.L	de	Veolia
A.L	de	Vereinigte Elektrizitätswerke Westfalen
A.L	de	Vianden (Luxemburg)
A.L	de	Vinci (Unternehmen)
A.L	de	Virtual International Authority File
A.L	de	Vivendi
A.L	de	Volkswagen AG
A.L	de	Voorhees Township
A.L	de	Vorstandsvorsitzender
A.L	de	Východoslovenská energetika
A.L	de	Waltrop
A.L	de	Warschau
A.L	de	Website
A.L	de	Werbespot
A.L	de	Werne
A.L	de	Wesel
A.L	de	Westfalen-Weser-Ems Verteilnetz
A.L	de	Westnetz
A.L	de	Windkraftanlage
A.L	de	Windpark
A.L	de	Windpark Little Cheyne Court
A.L	de	Windpark Thornton Bank
A.L	de	Wirtschaftszweig
A.L	de	Zeche Victoria Mathias
A.L	de	Übertragungsnetz
A.L	de	Diskussion:RWE
A.L	de	Wikipedia:Defekte Weblinks
A.L	de	Wikipedia:Sei mutig
A.L	de	Wikipedia:Wie schreibe ich gute Artikel
A.L	de	Wikipedia:WikiProjekt Ereignisse/Vergangenheit
A.L	de	Wikipedia:WikiProjekt Ereignisse/Vergangenheit/2013-01-01
A.L	de	Wikipedia:WikiProjekt Ereignisse/Vergangenheit/fehlend
B.L	fi	Adidas
B.L	fi	Allianz
B.L	fi	BASF
B.L	fi	BMW
B.L	fi	Bayer
B.L	fi	Beiersdorf
B.L	fi	Commerzbank
B.L	fi	DAX-indeksi
B.L	fi	Daimler
B.L	fi	Deutsche Bank
B.L	fi	Deutsche Börse
B.L	fi	Deutsche Post
B.L	fi	Deutsche Telekom
B.L	fi	E.ON
B.L	fi	EnBW
B.L	fi	Essen
B.L	fi	Fresenius
B.L	fi	Fresenius Medical Care
B.L	fi	Hannover Re
B.L	fi	Henkel
B.L	fi	K+S
B.L	fi	Liikevaihto
B.L	fi	Linde
B.L	fi	Lufthansa
B.L	fi	MAN (yritys)
B.L	fi	METRO AG
B.L	fi	Merck KGaA
B.L	fi	Munich Re
B.L	fi	SAP (yritys)
B.L	fi	Salzgitter (yritys)
B.L	fi	Siemens
B.L	fi	Sähköntuotanto
B.L	fi	ThyssenKrupp
B.L	fi	Toimiala
B.L	fi	Toimitusjohtaja
B.L	fi	Vattenfall
B.L	fi	Volkswagen
B.L	fi	Yhtiömuoto
B.L	fi	Yritys
B.L	fi	Wikipedia:Tynkä
B.L	fi	Luokka:Yritystyngät
B.L	fr	1898
B.L	fr	Adidas
B.L	fr	Agence France-Presse
B.L	fr	Allemagne
B.L	fr	Allianz
B.L	fr	Amérique du Nord
B.L	fr	Angleterre
B.L	fr	BASF
B.L	fr	Bayer (entreprise)
B.L	fr	Bayerische Motoren Werke
B.L	fr	Beiersdorf
B.L	fr	Charbon
B.L	fr	Chiffre d'affaires
B.L	fr	Classement mondial des entreprises leader par secteur
B.L	fr	Commerzbank
B.L	fr	Conglomérat (économie)
B.L	fr	Continental AG
B.L	fr	DAX
B.L	fr	Daimler (entreprise)
B.L	fr	Dettes financières
B.L	fr	Deutsche Bank
B.L	fr	Deutsche Börse
B.L	fr	Deutsche Post
B.L	fr	Deutsche Telekom
B.L	fr	E.ON
B.L	fr	E.ON AG
B.L	fr	Eau
B.L	fr	Effectifs
B.L	fr	Essen
B.L	fr	Europe
B.L	fr	Fresenius
B.L	fr	Fresenius Medical Care
B.L	fr	Gaz
B.L	fr	HeidelbergCement
B.L	fr	Henkel
B.L	fr	Infineon Technologies
B.L	fr	K+S
B.L	fr	Lanxess
B.L	fr	Le Devoir
B.L	fr	Linde AG
B.L	fr	Lufthansa
B.L	fr	Merck KGaA
B.L	fr	Munich Re
B.L	fr	RWE Energy
B.L	fr	RWE Power
B.L	fr	RWE Trading
B.L	fr	RWE npower
B.L	fr	Résultat d'exploitation
B.L	fr	Résultat net
B.L	fr	SAP (entreprise)
B.L	fr	Siemens (entreprise)
B.L	fr	Site web
B.L	fr	Siège social
B.L	fr	ThyssenKrupp
B.L	fr	Volkswagen (entreprise)
B.L	fr	Électricité
B.L	fr	Énergie en Allemagne
B.L	fr	Discussion:RWE/À faire
B.L	fr	Wikipédia:Notoriété des entreprises, sociétés et produits
B.L	fr	Modèle:Infobox Société
B.L	fr	Modèle:Palette DAX
B.L	fr	Modèle:Ébauche/paramètres entreprise allemande
B.L	fr	Modèle:Ébauche/paramètres énergie
B.L	fr	Discussion modèle:Palette DAX
B.L	fr	Aide:Comment modifier une page
B.L	fr	Aide:Ébauche
B.L	fr	Catégorie:Entreprise par date de fondation
B.L	fr	Catégorie:Portail:Allemagne/Articles liés
B.L	fr	Catégorie:Portail:Entreprises/Articles liés
B.L	fr	Portail:Allemagne
B.L	fr	Portail:Entreprises
B.L	fr	Portail:Énergie
B.L	fa	آدیداس
B.L	fa	آرسلور میتال
B.L	fa	آلمان
B.L	fa	آلیانتس
B.L	fa	آنهویزر-بوش انبیو
B.L	fa	آکسا
B.L	fa	ا.آن
B.L	fa	اروپا
B.L	fa	اس آ پ
B.L	fa	اسن
B.L	fa	اسیلور
B.L	fa	اشنایدر الکتریک
B.L	fa	ال و ام هاش
B.L	fa	انرژی
B.L	fa	انل
B.L	fa	انی (شرکت)
B.L	fa	ایبردرولا
B.L	fa	ایر لیکوئید
B.L	fa	اینتسا سانپائولو
B.L	fa	ایندیتکس
B.L	fa	اینفینئون
B.L	fa	ای‌اس‌ام‌ال هولدینگ
B.L	fa	ب آ اس اف
B.L	fa	ب ام و
B.L	fa	ب ان پ پاریبا
B.L	fa	بانکو بیلبائو
B.L	fa	بایر (شرکت)
B.L	fa	بایرسدورف
B.L	fa	تلفونیکا
B.L	fa	توتال
B.L	fa	تولید انرژی الکتریکی
B.L	fa	تیسن‌کروپ
B.L	fa	جنرالی
B.L	fa	دانون
B.L	fa	دایملر آ گ
B.L	fa	درآمد
B.L	fa	دویچه بانک
B.L	fa	دویچه بورزه
B.L	fa	دویچه تلکوم
B.L	fa	دویچه پست
B.L	fa	رپسول
B.L	fa	زبان آلمانی
B.L	fa	زیمنس
B.L	fa	سانتاندر گروپ
B.L	fa	سانوفی
B.L	fa	سن-گوبن
B.L	fa	سوسیته ژنرال
B.L	fa	سی‌آراچ
B.L	fa	شرکت سهامی عام
B.L	fa	فرانس تلکوم
B.L	fa	فرزنیوس
B.L	fa	فرزنیوس مدیکال کر
B.L	fa	فیلیپس
B.L	fa	لانکسس
B.L	fa	لورئال
B.L	fa	لوفت‌هانزا
B.L	fa	لینده
B.L	fa	مرک
B.L	fa	میلیارد
B.L	fa	میونیک ره
B.L	fa	نوردراین-وستفالن
B.L	fa	نوکیا
B.L	fa	هایدلبرگ‌سمنت
B.L	fa	هنکل
B.L	fa	وب‌گاه
B.L	fa	وینچی
B.L	fa	ویوندی
B.L	fa	ژ د اف سوئز
B.L	fa	کا+اس
B.L	fa	کارفور
B.L	fa	کومرتس‌بانک
B.L	fa	کونتیننتال آ گ
B.L	fa	گاز طبیعی
B.L	fa	گروه فولکس‌واگن
B.L	fa	یورو
B.L	fa	یورو استاکس ۵۰
B.L	fa	یونیبیل-رودآمکو
B.L	fa	یونیلیور
B.L	fa	یونی‌کردیت
B.L	fa	الگو:شرکت‌های دکس
B.L	fa	الگو:شرکت‌های یورو استاکس ۵۰
B.L	fa	بحث الگو:شرکت‌های دکس
B.L	fa	بحث الگو:شرکت‌های یورو استاکس ۵۰
B.L	en	ASML Holding
B.L	en	AXA
B.L	en	Aberthaw power stations
B.L	en	Adidas
B.L	en	Advanced Plant Management System
B.L	en	Air Liquide
B.L	en	Aktiengesellschaft
B.L	en	Allianz
B.L	en	Amercentrale
B.L	en	American Water (company)
B.L	en	Amprion
B.L	en	Anheuser-Busch InBev
B.L	en	ArcelorMittal
B.L	en	Asset
B.L	en	Assicurazioni Generali
B.L	en	Atlantic Array
B.L	en	BASF
B.L	en	BBVA
B.L	en	BMW
B.L	en	BNP Paribas
B.L	en	Banco Santander
B.L	en	Barrel of oil equivalent
B.L	en	Bayer
B.L	en	Bayer AG
B.L	en	Beiersdorf
B.L	en	Biblis Nuclear Power Plant
B.L	en	British Government
B.L	en	CEO
B.L	en	CO2 emissions
B.L	en	CRH plc
B.L	en	Carbon Market Data
B.L	en	Carrefour
B.L	en	Chairman
B.L	en	Charging station
B.L	en	Chief executive officer
B.L	en	Commerzbank
B.L	en	Continental AG
B.L	en	DAX
B.L	en	Daimler AG
B.L	en	Debt
B.L	en	Deutsche Bank
B.L	en	Deutsche Börse
B.L	en	Deutsche Gesellschaft zum Bau und Betrieb von Endlagern für Abfallstoffe
B.L	en	Deutsche Post
B.L	en	Deutsche Telekom
B.L	en	Didcot power stations
B.L	en	Dutch government
B.L	en	E.ON
B.L	en	E.On
B.L	en	EBITDA
B.L	en	Earnings before interest and taxes
B.L	en	EdF
B.L	en	Electric utilities
B.L	en	Electric utility
B.L	en	Electricity distribution
B.L	en	Electricity generation
B.L	en	Elektriciteits Produktiemaatschappij Zuid-Nederland
B.L	en	Enel
B.L	en	Energy production
B.L	en	Eni
B.L	en	Equity (finance)
B.L	en	Essen
B.L	en	Essent
B.L	en	Essilor
B.L	en	Euro
B.L	en	Euro Stoxx 50
B.L	en	Ferrybridge power stations
B.L	en	France Télécom
B.L	en	Frankfurt Stock Exchange
B.L	en	Fresenius (company)
B.L	en	Fresenius Medical Care
B.L	en	Fritz Vahrenholt
B.L	en	Full-time equivalent
B.L	en	GDF Suez
B.L	en	Garzweiler surface mine
B.L	en	Gazela Pipeline
B.L	en	Germany
B.L	en	Gesellschaft für Nuklear-Service
B.L	en	Gesellschaft für Nuklear Service
B.L	en	Gjøa oilfield
B.L	en	Great Yarmouth Power Station
B.L	en	Greater Gabbard wind farm
B.L	en	Groupe Danone
B.L	en	Gundremmingen Nuclear Power Plant
B.L	en	Gwynt y Môr
B.L	en	Hambach surface mine
B.L	en	Hard coal
B.L	en	HeidelbergCement
B.L	en	Henkel
B.L	en	Horizon Nuclear Power
B.L	en	Hydrocarbon exploration
B.L	en	Ibbenbüren
B.L	en	Iberdrola
B.L	en	Inditex
B.L	en	Infineon Technologies
B.L	en	Innogy Nordsee 1
B.L	en	Intesa Sanpaolo
B.L	en	K+S
B.L	en	Kemble Water Limited
B.L	en	L'Oréal
B.L	en	LVMH
B.L	en	Lanxess
B.L	en	Lignite
B.L	en	Lingen Nuclear Power Plant
B.L	en	List of European power companies by carbon intensity
B.L	en	Lithium ion
B.L	en	Little Barford Power Station
B.L	en	Littlebrook Power Station
B.L	en	Lufthansa
B.L	en	Mercedes A-Class E-Cell
B.L	en	Merck KGaA
B.L	en	Mittelplate
B.L	en	Munich Re
B.L	en	Mülheim-Kärlich Nuclear Power Plant
B.L	en	Nabucco Gas Pipeline International GmbH
B.L	en	Nabucco pipeline
B.L	en	Nakhichevan field
B.L	en	Natural gas
B.L	en	Net income
B.L	en	Net profit
B.L	en	Neurath Power Station
B.L	en	Niederaussem Power Station
B.L	en	Nokia
B.L	en	Nordsee-Ost offshore wind farm
B.L	en	North Hoyle Offshore Wind Farm
B.L	en	North Rhine-Westphalia
B.L	en	Npower (UK)
B.L	en	Nuclear power
B.L	en	Pembroke Power Station
B.L	en	Philips
B.L	en	Pumped storage
B.L	en	RWE (disambiguation)
B.L	en	RWE Dea
B.L	en	RWE Dea AG
B.L	en	RWE Power AG
B.L	en	RWE Tower
B.L	en	RWE Transgas
B.L	en	RWE npower
B.L	en	Radioactive waste
B.L	en	Renewable energy
B.L	en	Renewables
B.L	en	Repsol S.A.
B.L	en	Rhyl Flats
B.L	en	Rostock Power Station
B.L	en	SAP AG
B.L	en	Saint-Gobain
B.L	en	Sales
B.L	en	Sanofi
B.L	en	Schneider Electric
B.L	en	Siemens
B.L	en	Smart ED
B.L	en	Société Générale
B.L	en	Staythorpe Power Station
B.L	en	Supervisory board
B.L	en	TWh
B.L	en	Telefónica
B.L	en	Thames Water
B.L	en	The Linde Group
B.L	en	ThyssenKrupp
B.L	en	Tilbury power stations
B.L	en	Total S.A.
B.L	en	Types of business entity
B.L	en	UniCredit
B.L	en	Unibail-Rodamco
B.L	en	Unilever
B.L	en	Urenco Group
B.L	en	Vinci (construction)
B.L	en	Vivendi
B.L	en	Volkswagen Group
B.L	en	Wind farm
B.L	en	Workforce
B.L	en	Template:DAX companies
B.L	en	Template:Euro Stoxx 50 Companies
B.L	en	Template:Portal/Images/Companies
B.L	en	Template:RWE
B.L	en	Template talk:DAX companies
B.L	en	Template talk:Euro Stoxx 50 Companies
B.L	en	Template talk:RWE
B.L	en	Help:CS1 errors
B.L	en	Category:RWE
B.L	en	Category:Use dmy dates from October 2010
B.L	en	Portal:Companies
B.L	es	1898
B.L	es	AG
B.L	es	Alemania
B.L	es	American Water Works
B.L	es	Comercialización
B.L	es	E.ON
B.L	es	Egipto
B.L	es	Electricidad
B.L	es	Emiratos Árabes Unidos
B.L	es	Energía eléctrica
B.L	es	Energía hidroeléctrica
B.L	es	Energía nuclear
B.L	es	Energía renovable
B.L	es	Essen
B.L	es	Estados Unidos
B.L	es	Euro
B.L	es	Gales
B.L	es	Gas natural
B.L	es	ISBN
B.L	es	Industria
B.L	es	Inglaterra
B.L	es	Kazajistán
B.L	es	Noruega
B.L	es	Polonia
B.L	es	RWE Dea
B.L	es	Servicio público
B.L	es	Sitio web
B.L	es	Sociedad anónima
B.L	es	Wikimedia Commons
B.L	es	Yacimiento petrolífero
B.L	be	2008
B.L	be	AXA
B.L	be	Adidas
B.L	be	Aegon
B.L	be	Air Liquide
B.L	be	Alcatel-Lucent
B.L	be	Allianz
B.L	be	ArcelorMittal
B.L	be	Assicurazioni Generali
B.L	be	BASF
B.L	be	BBVA
B.L	be	BMW
B.L	be	BNP Paribas
B.L	be	Bayer
B.L	be	Beiersdorf
B.L	be	Bertrandt
B.L	be	Carrefour
B.L	be	Commerzbank
B.L	be	Crédit Agricole
B.L	be	DAX
B.L	be	Daimler
B.L	be	Danone
B.L	be	Deutsche Bank
B.L	be	Deutsche Börse
B.L	be	Deutsche Post
B.L	be	Deutsche Telekom
B.L	be	Dow Jones Euro Stoxx 50
B.L	be	E.ON
B.L	be	ENEL
B.L	be	Eni
B.L	be	Fortis
B.L	be	France Télécom
B.L	be	Fresenius
B.L	be	Fresenius SE
B.L	be	GDF Suez
B.L	be	Gemeinsame Körperschaftsdatei
B.L	be	Grupo Santander
B.L	be	Hannover Re
B.L	be	Henkel
B.L	be	ING Groep N.V.
B.L	be	Iberdrola
B.L	be	Intesa Sanpaolo
B.L	be	K+S
B.L	be	L'Oréal
B.L	be	LVMH
B.L	be	Lufthansa
B.L	be	MAN
B.L	be	Merck KGaA
B.L	be	Metro AG
B.L	be	Munich Re
B.L	be	Nokia
B.L	be	Philips
B.L	be	RWE-Turm
B.L	be	Renault
B.L	be	Repsol YPF
B.L	be	SAP
B.L	be	Saint-Gobain
B.L	be	Salzgitter AG
B.L	be	Sanofi-Aventis
B.L	be	Schneider Electric
B.L	be	Siemens
B.L	be	Société Générale
B.L	be	Telecom Italia
B.L	be	Telefónica
B.L	be	The Linde Group
B.L	be	ThyssenKrupp
B.L	be	Total
B.L	be	UniCredit
B.L	be	Unilever
B.L	be	Vinci
B.L	be	Virtual International Authority File
B.L	be	Vivendi
B.L	be	Volkswagen Group
B.L	be	Італьянская фондавая біржа
B.L	be	Выручка
B.L	be	Германія
B.L	be	Кантрольны нумар Бібліятэкі Кангрэса
B.L	be	Лістынг, эканоміка
B.L	be	Нямецкая мова
B.L	be	Прадпрыемства
B.L	be	Публічная кампанія
B.L	be	Сайт
B.L	be	Франкфурцкая фондавая біржа
B.L	be	Чысты прыбытак
B.L	be	Штаб-кватэра
B.L	be	Эсэн
B.L	be	Юрыдычная асоба
B.L	be	Вікіпедыя:Накід
B.L	be	Вікіпедыя:Як правіць артыкул
B.L	be	Шаблон:Бібліяінфармацыя
B.L	da	Adidas
B.L	da	Allianz
B.L	da	American Water (virksomhed)
B.L	da	BASF
B.L	da	BMW
B.L	da	Bayer
B.L	da	Beiersdorf AG
B.L	da	Commerzbank
B.L	da	Continental AG
B.L	da	DAX
B.L	da	Daimler AG
B.L	da	Deutsche Bank
B.L	da	Deutsche Börse
B.L	da	Deutsche Post
B.L	da	Deutsche Telekom
B.L	da	E.ON
B.L	da	Egypten
B.L	da	Elektricitet
B.L	da	Energi
B.L	da	Essen
B.L	da	Fresenius Medical Care
B.L	da	Fresenius SE
B.L	da	HeidelbergCement
B.L	da	Henkel
B.L	da	Infineon Technologies
B.L	da	K+S
B.L	da	Lanxess
B.L	da	Linde AG
B.L	da	Lufthansa
B.L	da	Merck KGaA
B.L	da	Munich Re
B.L	da	Naturgas
B.L	da	Nordrhein-Westfalen
B.L	da	Offentlig forsyning
B.L	da	RWE Dea
B.L	da	RWE Dea AG
B.L	da	RWE Power AG
B.L	da	RWE Tower
B.L	da	SAP AG
B.L	da	Siemens AG
B.L	da	ThyssenKrupp
B.L	da	Tyskland
B.L	da	USA
B.L	da	Vindmøllepark
B.L	da	Volkswagen Aktiengesellschaft
B.L	cs	Aktivum (účetnictví)
B.L	cs	Americký dolar
B.L	cs	Brno
B.L	cs	Essen
B.L	cs	Euro
B.L	cs	ISIN
B.L	cs	Milín
B.L	cs	Německo
B.L	cs	Obrat (ekonomie)
B.L	cs	Plynovod
B.L	cs	Podzemní zasobník plynu Háje
B.L	cs	RWE Brno
B.L	cs	Tržní kapitalizace
B.L	cs	Zemní plyn
B.L	cs	Úřad pro ochranu hospodářské soutěže
B.L	cs	Diskuse:RWE
B.L	cs	Wikipedie:Pahýl
B.L	pl	Adidas
B.L	pl	Allianz
B.L	pl	American Water
B.L	pl	BASF
B.L	pl	BMW
B.L	pl	Bayer AG
B.L	pl	Beiersdorf AG
B.L	pl	Berlin
B.L	pl	Branża
B.L	pl	Chief Executive Officer
B.L	pl	Commerzbank
B.L	pl	DAX
B.L	pl	Daimler AG
B.L	pl	Deutsche Bank
B.L	pl	Deutsche Börse
B.L	pl	Deutsche Post
B.L	pl	Deutsche Telekom
B.L	pl	Dochód
B.L	pl	Doktor (stopień naukowy)
B.L	pl	E.ON
B.L	pl	EBITDA
B.L	pl	Energetyka
B.L	pl	Essen
B.L	pl	Europa
B.L	pl	Farma wiatrowa
B.L	pl	Fresenius
B.L	pl	Fresenius Medical Care
B.L	pl	Gaz ziemny
B.L	pl	Henkel
B.L	pl	Infineon
B.L	pl	Inżynier
B.L	pl	Język niemiecki
B.L	pl	K+S
B.L	pl	Linde AG
B.L	pl	Lufthansa
B.L	pl	MAN SE
B.L	pl	Merck KGaA
B.L	pl	Metro Group
B.L	pl	Munich Re
B.L	pl	Napęd elektryczny
B.L	pl	Niemcy
B.L	pl	Park Wiatrowy Suwałki
B.L	pl	Przychód (ekonomia)
B.L	pl	RWE Polska
B.L	pl	SAP AG
B.L	pl	Salzgitter AG
B.L	pl	Siemens AG
B.L	pl	Suwalski Park Krajobrazowy
B.L	pl	ThyssenKrupp
B.L	pl	USA
B.L	pl	Volkswagen AG
B.L	pl	Wielka Brytania
B.L	pl	Zatrudnienie
B.L	pl	Szablon:DAX
B.L	pl	Dyskusja szablonu:DAX
B.L	nl	12 februari
B.L	nl	2009
B.L	nl	20 februari
B.L	nl	Aardgas
B.L	nl	Adidas
B.L	nl	Afvalverbrandingsinstallatie
B.L	nl	Allianz
B.L	nl	BASF (chemieconcern)
B.L	nl	BMW
B.L	nl	Bayer
B.L	nl	Beiersdorf AG
B.L	nl	België
B.L	nl	Biomassa
B.L	nl	Bruinkool
B.L	nl	Centrale Moerdijk
B.L	nl	Clauscentrale
B.L	nl	Commerz Real
B.L	nl	Commerzbank
B.L	nl	Continental AG
B.L	nl	DAX-index
B.L	nl	DELTA
B.L	nl	Daimler (Duitsland)
B.L	nl	Deutsche Bank
B.L	nl	Deutsche Börse
B.L	nl	Deutsche Post
B.L	nl	Deutsche Telekom
B.L	nl	Duits
B.L	nl	E.ON
B.L	nl	Economische sector
B.L	nl	Eemshaven
B.L	nl	Elektriciteit
B.L	nl	Elia (bedrijf)
B.L	nl	EnBW
B.L	nl	Enexis
B.L	nl	Essent
B.L	nl	Essent Milieu
B.L	nl	Fresenius
B.L	nl	Fresenius Medical Care
B.L	nl	Gasunie
B.L	nl	Gesellschaft für Nuklear-Service
B.L	nl	HeidelbergCement
B.L	nl	Henkel KGaA
B.L	nl	Infineon
B.L	nl	K+S
B.L	nl	Kernenergie
B.L	nl	Kernenergiecentrale Borssele
B.L	nl	Koeltoren
B.L	nl	Koelwater
B.L	nl	Koolstofdioxide
B.L	nl	Lanxess
B.L	nl	Linde AG
B.L	nl	Lufthansa
B.L	nl	Marktkapitalisatie
B.L	nl	Megawatt
B.L	nl	Merck KGaA
B.L	nl	Ministerie van Economische Zaken, Landbouw en Innovatie
B.L	nl	Münchener Rück
B.L	nl	NRE
B.L	nl	Nederland
B.L	nl	Nederlandse elektriciteitsmarkt
B.L	nl	Netbeheerder
B.L	nl	Omzet
B.L	nl	Raad van State (Nederland)
B.L	nl	SAP AG
B.L	nl	Siemens AG
B.L	nl	Steenkool
B.L	nl	Stroometikettering
B.L	nl	TenneT
B.L	nl	Terawattuur
B.L	nl	ThyssenKrupp
B.L	nl	Volkswagen AG
B.L	nl	Vopak
B.L	nl	Wikimedia Commons
B.L	nl	Windenergie
B.L	nl	Winst (onderneming)
B.L	nl	Portaal:Economie
B.L	id	1898
B.L	id	2010
B.L	id	Aktiengesellschaft
B.L	id	Bursa Saham Frankfurt
B.L	id	Dana kelolaan
B.L	id	Ekuitas (keuangan)
B.L	id	Elektrik
B.L	id	Essen
B.L	id	Euro
B.L	id	Full-time equivalent
B.L	id	Gas alam
B.L	id	Jenis entitas bisnis
B.L	id	Jerman
B.L	id	Laba bersih
B.L	id	Laba kotor
B.L	id	Listrik
B.L	id	Perusahaan
B.L	id	Wikipedia:Rintisan
B.L	it	1898
B.L	it	1990
B.L	it	2006
B.L	it	Adidas
B.L	it	Allianz
B.L	it	BASF
B.L	it	BMW
B.L	it	Bayer
B.L	it	Beiersdorf (azienda)
B.L	it	Blue chip
B.L	it	Borsa di Francoforte
B.L	it	Borsa valori
B.L	it	Commerzbank
B.L	it	DAX 30
B.L	it	Daimler (azienda)
B.L	it	Deutsche Bank
B.L	it	Deutsche Börse
B.L	it	Deutsche Post
B.L	it	Deutsche Telekom
B.L	it	E.ON
B.L	it	Essen
B.L	it	Europa
B.L	it	Fatturato
B.L	it	Fresenius
B.L	it	Fresenius Medical Care
B.L	it	Germania
B.L	it	Gruppo Volkswagen
B.L	it	Heidelberg Cement
B.L	it	Henkel
B.L	it	Impresa
B.L	it	Indice azionario
B.L	it	Infineon Technologies
B.L	it	K+S
B.L	it	Linde AG
B.L	it	Londra
B.L	it	Lufthansa
B.L	it	MAN SE
B.L	it	Merck KGaA
B.L	it	Metro (azienda)
B.L	it	Munich Re
B.L	it	Nord America
B.L	it	Npower (UK)
B.L	it	SAP (azienda)
B.L	it	Siemens (azienda)
B.L	it	Sito web
B.L	it	Società per azioni
B.L	it	Stato
B.L	it	Thames Water
B.L	it	ThyssenKrupp
B.L	it	Template:Aziende DAX 30
B.L	it	Discussioni template:Aziende DAX 30
B.L	ja	1898年
B.L	ja	1902年
B.L	ja	1957年
B.L	ja	1990年
B.L	ja	1998年
B.L	ja	4月25日
B.L	ja	BASF
B.L	ja	BMW
B.L	ja	CEGB
B.L	ja	E.ON
B.L	ja	K+S
B.L	ja	SAP (企業)
B.L	ja	アウグスト・ティッセン
B.L	ja	アディダス
B.L	ja	アメリカ合衆国
B.L	ja	アリアンツ
B.L	ja	イギリス
B.L	ja	インターナショナル・パワー
B.L	ja	インフィニオン・テクノロジーズ
B.L	ja	エッセン
B.L	ja	カリフォルニア州
B.L	ja	カールスルーエ
B.L	ja	ガス燃料
B.L	ja	コメルツ銀行
B.L	ja	コンチネンタル (自動車部品製造業)
B.L	ja	シーメンス
B.L	ja	スウェーデン
B.L	ja	スコティッシュ・パワー
B.L	ja	ダイムラー (自動車メーカー)
B.L	ja	チェコ
B.L	ja	ティッセンクルップ
B.L	ja	ティッセン・クルップ
B.L	ja	テムズ・ウォーター
B.L	ja	デュッセルドルフ
B.L	ja	ドイツ
B.L	ja	ドイツテレコム
B.L	ja	ドイツポスト
B.L	ja	ドイツ・ポストバンク
B.L	ja	ドイツ株価指数
B.L	ja	ドイツ証券取引所
B.L	ja	ドイツ銀行
B.L	ja	ドルトムント
B.L	ja	ドレスナー銀行
B.L	ja	ナショナル・グリッド
B.L	ja	ハイポ・リアル・エステート
B.L	ja	ハンブルク
B.L	ja	バイエル (企業)
B.L	ja	バッテンフォール
B.L	ja	フォルクスワーゲングループ
B.L	ja	フランクフルト・アム・マイン
B.L	ja	フランクフルト証券取引所
B.L	ja	フランス
B.L	ja	フランス電力
B.L	ja	フレゼニウス
B.L	ja	フーゴ・シュティネス
B.L	ja	ブリティッシュ・エナジー
B.L	ja	ヘンケル
B.L	ja	マン (企業)
B.L	ja	ミュンヘン再保険
B.L	ja	メトロ (小売業)
B.L	ja	メルク (ドイツ)
B.L	ja	リンデ
B.L	ja	ルフトハンザドイツ航空
B.L	ja	ルール地方
B.L	ja	中央ヨーロッパ
B.L	ja	企業
B.L	ja	水道
B.L	ja	鉄道
B.L	ja	電力
B.L	ja	電力会社
B.L	ja	電力自由化
B.L	ja	電気鉄道
B.L	ja	Wikipedia:スタブ
B.L	ja	Template:DAX
B.L	ja	Template‐ノート:DAX
B.L	ja	Category:ドイツ関連のスタブ項目
B.L	ja	Category:企業関連のスタブ
B.L	ja	Portal:ドイツ
B.L	ja	プロジェクト:ドイツ
B.L	ja	プロジェクト:経済
B.L	uk	E.ON
B.L	uk	RWE-Turm
B.L	uk	Економіка Німеччини
B.L	uk	Ессен
B.L	uk	Лістинг
B.L	uk	Німецька мова
B.L	uk	Німеччина
B.L	uk	Природний газ
B.L	uk	Публічна компанія
B.L	uk	Сайт
B.L	uk	Фондова біржа
B.L	uk	Франкфуртська фондова біржа
B.L	uk	Чистий прибуток
B.L	uk	Штаб-квартира
B.L	uk	Шаблон:Назва країни DEU
B.L	sv	Adidas
B.L	sv	Allianz
B.L	sv	August Thyssen
B.L	sv	BASF
B.L	sv	BMW
B.L	sv	Bayer AG
B.L	sv	Beiersdorf AG
B.L	sv	Commerzbank
B.L	sv	Daimler AG
B.L	sv	Deutsche Bank
B.L	sv	Deutsche Börse
B.L	sv	Deutsche Post
B.L	sv	Deutsche Telekom
B.L	sv	Deutscher Aktienindex
B.L	sv	Dresdner Bank
B.L	sv	E.ON
B.L	sv	Energi
B.L	sv	Essen
B.L	sv	Fresenius
B.L	sv	Fresenius Medical Care
B.L	sv	Företag
B.L	sv	Hannover Re
B.L	sv	Henkel
B.L	sv	Hugo Stinnes
B.L	sv	Infineon
B.L	sv	K+S
B.L	sv	Linde AG
B.L	sv	Lufthansa
B.L	sv	MAN AG
B.L	sv	Merck KGaA
B.L	sv	Metro AG
B.L	sv	Munich Re
B.L	sv	Rhenlandet
B.L	sv	Ruhrområdet
B.L	sv	SAP AG
B.L	sv	Siemens AG
B.L	sv	ThyssenKrupp
B.L	sv	Tyskland
B.L	sv	Volkswagen AG
B.L	sv	Wikipedia:Stubbar
B.L	sv	Mall:DAX
B.L	sv	Malldiskussion:DAX
B.L	ru	2008 год
B.L	ru	AXA
B.L	ru	Adidas
B.L	ru	Aegon
B.L	ru	Air Liquide
B.L	ru	Alcatel-Lucent
B.L	ru	Allianz
B.L	ru	ArcelorMittal
B.L	ru	Assicurazioni Generali
B.L	ru	BASF
B.L	ru	BBVA
B.L	ru	BMW
B.L	ru	BNP Paribas
B.L	ru	Bayer
B.L	ru	Beiersdorf
B.L	ru	Bertrandt
B.L	ru	Carrefour
B.L	ru	Commerzbank
B.L	ru	Crédit Agricole
B.L	ru	DAX
B.L	ru	Daimler
B.L	ru	Danone
B.L	ru	Deutsche Bank
B.L	ru	Deutsche Börse
B.L	ru	Deutsche Post AG
B.L	ru	Deutsche Telekom
B.L	ru	Dow Jones Euro Stoxx 50
B.L	ru	E.ON
B.L	ru	ENEL
B.L	ru	Eni
B.L	ru	Fortis
B.L	ru	France Télécom
B.L	ru	Fresenius
B.L	ru	Fresenius SE
B.L	ru	GDF Suez
B.L	ru	Grupo Santander
B.L	ru	Hannover Re
B.L	ru	Henkel
B.L	ru	ING Groep N.V.
B.L	ru	Iberdrola
B.L	ru	Intesa Sanpaolo
B.L	ru	K+S
B.L	ru	L'Oréal
B.L	ru	LVMH
B.L	ru	Lufthansa
B.L	ru	MAN
B.L	ru	Merck KGaA
B.L	ru	Metro AG
B.L	ru	Munich Re
B.L	ru	Nokia
B.L	ru	Philips
B.L	ru	RWE-Turm
B.L	ru	Renault
B.L	ru	Repsol YPF
B.L	ru	SAP
B.L	ru	Saint-Gobain
B.L	ru	Salzgitter AG
B.L	ru	Sanofi-Aventis
B.L	ru	Schneider Electric
B.L	ru	Siemens
B.L	ru	Société Générale
B.L	ru	Telecom Italia
B.L	ru	Telefónica
B.L	ru	The Linde Group
B.L	ru	ThyssenKrupp
B.L	ru	Total
B.L	ru	UniCredit
B.L	ru	Unilever
B.L	ru	Vinci
B.L	ru	Vivendi
B.L	ru	Volkswagen Group
B.L	ru	Выручка
B.L	ru	Германия
B.L	ru	Итальянская фондовая биржа
B.L	ru	Листинг (экономика)
B.L	ru	Немецкий язык
B.L	ru	Предприятие
B.L	ru	Публичная компания
B.L	ru	Сайт
B.L	ru	Франкфуртская фондовая биржа
B.L	ru	Чистая прибыль
B.L	ru	Эссен
B.L	ru	Юридическое лицо
B.L	ru	Википедия:Заготовка статьи
B.L	ro	Companie
B.L	ro	Corporație
B.L	ro	Essen
B.L	ro	Europa
B.L	ro	Germania
B.L	ro	Wikipedia:Articolul ciot perfect
B.L	ro	Wikipedia:Găsește și repară un ciot
B.L	pt	Adidas
B.L	pt	Aktiengesellschaft
B.L	pt	Alemanha
B.L	pt	Allianz
B.L	pt	BASF
B.L	pt	BMW
B.L	pt	Bayer
B.L	pt	Beiersdorf
B.L	pt	Commerzbank
B.L	pt	Continental AG
B.L	pt	DAX-30
B.L	pt	Daimler AG
B.L	pt	Deutsche Bank
B.L	pt	Deutsche Börse
B.L	pt	Deutsche Post
B.L	pt	Deutsche Telekom
B.L	pt	E.ON
B.L	pt	Fresenius
B.L	pt	Fresenius Medical Care
B.L	pt	Grupo Volkswagen
B.L	pt	Gás natural
B.L	pt	HeidelbergCement
B.L	pt	Henkel
B.L	pt	Infineon Technologies
B.L	pt	K+S
B.L	pt	Linde AG
B.L	pt	Lufthansa
B.L	pt	MAN SE
B.L	pt	METRO AG
B.L	pt	Merck KGaA
B.L	pt	Munich Re
B.L	pt	SAP AG
B.L	pt	Siemens AG
B.L	pt	ThyssenKrupp
B.L	pt	Predefinição:DAX
B.L	zh	Chairman
B.L	zh	Chief executive officer
B.L	zh	Electricity distribution
B.L	zh	Electricity generation
B.L	zh	Energy industry
B.L	zh	Energy production
B.L	zh	Essen
B.L	zh	Euro
B.L	zh	Full-time equivalent
B.L	zh	Hydrocarbon exploration
B.L	zh	Natural gas
B.L	zh	Public utility
B.L	zh	Renewable energy
B.L	zh	Supervisory board
B.L	zh	利润
B.L	zh	天然气
B.L	zh	德国
B.L	zh	法兰克福证券交易所
B.L	zh	營業額
B.L	zh	產業
B.L	zh	电力
B.L	zh	股份有限公司
B.L	zh	股東權益
B.L	zh	資產
B.L	zh	除税及利息前盈利
B.L	zh	Category:公司
CN	de	RWE
IWL	fi	RWE
IWL	fr	RWE
IWL	fa	ار وه ئه
IWL	en	RWE
IWL	es	RWE
IWL	be	RWE
IWL	da	RWE
IWL	cs	RWE
IWL	pl	RWE (koncern)
IWL	nl	RWE (energie)
IWL	id	RWE
IWL	it	RWE (azienda)
IWL	ja	RWE
IWL	uk	RWE
IWL	sv	RWE
IWL	ru	RWE
IWL	ro	RWE
IWL	pt	RWE
IWL	zh	莱茵集团
