A.L	de	1,2-Dichlorethan
A.L	de	1963
A.L	de	Abieta Chemie
A.L	de	Ableger (Wirtschaft)
A.L	de	Abtreibungsgegner
A.L	de	Acesulfam
A.L	de	Acetaldehyd
A.L	de	Aceton
A.L	de	Acetyl
A.L	de	Acetylen
A.L	de	Acridin
A.L	de	Acryl
A.L	de	Acrylnitril
A.L	de	Adidas
A.L	de	Adolf Haeuser
A.L	de	Adolf Rollett
A.L	de	Adolf von Brüning
A.L	de	Adrenalin
A.L	de	Advent International
A.L	de	Agrevo
A.L	de	Aktiengesellschaft
A.L	de	Aktionär
A.L	de	Akzo Nobel
A.L	de	Aldehyde
A.L	de	Alfred Einhorn
A.L	de	Alizarin
A.L	de	Alkohole
A.L	de	AllessaChemie
A.L	de	Allianz Capital Partners
A.L	de	Allianz SE
A.L	de	Altana
A.L	de	Altersteilzeit
A.L	de	Alz
A.L	de	Amalgam-Verfahren
A.L	de	Amine
A.L	de	Ammoniak
A.L	de	Ammoniumnitrat
A.L	de	Anilin
A.L	de	Anorganische Chemie
A.L	de	Antidepressivum
A.L	de	Antihistaminikum
A.L	de	Arbeiter
A.L	de	Arsphenamin
A.L	de	Arthur-von-Weinberg-Steg
A.L	de	Arthur von Weinberg
A.L	de	Arzneimittel
A.L	de	AstraZeneca
A.L	de	Augsburg
A.L	de	Auramin
A.L	de	Autarkie
A.L	de	Autolack
A.L	de	Aventis
A.L	de	Azofarbstoff
A.L	de	Azoxybenzole
A.L	de	BASF
A.L	de	BK Giulini
A.L	de	BMW
A.L	de	Babcock Borsig
A.L	de	Bad Hersfeld
A.L	de	Bahnhof Frankfurt-Höchst Farbwerke
A.L	de	Bayer-Kreuz
A.L	de	Bayer AG
A.L	de	Bayerische Hypotheken- und Wechsel-Bank
A.L	de	Bayerische Vereinsbank
A.L	de	Bayerisches Chemiedreieck
A.L	de	Behringwerke
A.L	de	Beiersdorf AG
A.L	de	Berlin
A.L	de	Berufskrankheit
A.L	de	Besatzungszone
A.L	de	Betriebskrankenkasse
A.L	de	Betriebsvereinbarung
A.L	de	Bitterfeld
A.L	de	Blockbuster (Pharmazie)
A.L	de	Bobingen
A.L	de	Boehringer Mannheim
A.L	de	Bolongaropalast
A.L	de	Bookbuilding
A.L	de	Braunkohle
A.L	de	Bretton-Woods-System
A.L	de	Buna (Kautschuk)
A.L	de	Burghausen
A.L	de	Burgkirchen an der Alz
A.L	de	Calciumcarbid
A.L	de	Caltex
A.L	de	Carbid
A.L	de	Carbonsäure
A.L	de	Carl Friedrich Wilhelm Meister
A.L	de	Carl Lautenschläger (Mediziner)
A.L	de	Carl von Weinberg
A.L	de	Carlyle Group
A.L	de	Cassella Farbwerke Mainkur
A.L	de	Cefodizim
A.L	de	Cefotaxim
A.L	de	Cefpirom
A.L	de	Cefpodoxim
A.L	de	Celanese
A.L	de	Cephalosporine
A.L	de	CeramTec
A.L	de	Ceramtec
A.L	de	Charles Best
A.L	de	Chemie
A.L	de	Chemiepark Knapsack
A.L	de	Chemische Fabrik Griesheim-Elektron
A.L	de	Chemische Fabrik Kalle
A.L	de	Chemische Werke Albert
A.L	de	Chemische Werke Hüls
A.L	de	Chemischer Reaktor
A.L	de	Chinone
A.L	de	Chlor-Alkali-Elektrolyse
A.L	de	Chloralkali-Elektrolyse
A.L	de	Chloralkalielektrolyse
A.L	de	Chloressigsäure
A.L	de	Chloropren
A.L	de	Chlororganische Verbindungen
A.L	de	Chromsäure
A.L	de	Clariant
A.L	de	Commerzbank
A.L	de	Continental AG
A.L	de	Corporate Governance
A.L	de	Cracken
A.L	de	Creil
A.L	de	Cyclo-Olefin-Copolymere
A.L	de	DAX
A.L	de	Daimler AG
A.L	de	Demontage (Reparation)
A.L	de	Depotstimmrecht
A.L	de	Der Spiegel
A.L	de	Deutsch-Amerikanische Petroleum Gesellschaft
A.L	de	Deutsche Bank
A.L	de	Deutsche Börse
A.L	de	Deutsche Demokratische Republik
A.L	de	Deutsche Inflation 1914 bis 1923
A.L	de	Deutsche Mark
A.L	de	Deutsche Post AG
A.L	de	Deutsche Telekom
A.L	de	Deutschland
A.L	de	Deutschland (U-Boot)
A.L	de	Diazotypie
A.L	de	Diclofop-methyl
A.L	de	Die Zeit
A.L	de	Digital Object Identifier
A.L	de	Diketen
A.L	de	Diltiazem
A.L	de	Diphtherie
A.L	de	Dischwefelsäure
A.L	de	Diuretikum
A.L	de	Dividende
A.L	de	Dresdner Bank
A.L	de	Druckfarbe
A.L	de	DuPont
A.L	de	Durchblutungsstörung
A.L	de	DyStar
A.L	de	Dynamit Nobel
A.L	de	Düngemittel
A.L	de	Düsseldorf
A.L	de	E.ON
A.L	de	Econ
A.L	de	Edouard Sakiz
A.L	de	Eigenkapitalrendite
A.L	de	Eigenkapitalrentabilität
A.L	de	Elektrizitäts-AG vormals W. Lahmeyer & Co
A.L	de	Elektrochemie
A.L	de	Elektron (Werkstoff)
A.L	de	Elektronenröhre
A.L	de	Elenac
A.L	de	Ellesmere Port
A.L	de	Emil Zacharias
A.L	de	Emil von Behring
A.L	de	Eosin Y
A.L	de	Epcos
A.L	de	Erdölraffinerie
A.L	de	Erlös
A.L	de	Ersatzbrennstoff
A.L	de	Erster Weltkrieg
A.L	de	Erzbistum Köln
A.L	de	Escherichia coli
A.L	de	Essigsäure
A.L	de	Essigsäureanhydrid
A.L	de	Ester
A.L	de	Ethan
A.L	de	Ethin
A.L	de	Ethylen
A.L	de	Ethylenoxid
A.L	de	Ethylgrün
A.L	de	Eugen Lucius
A.L	de	Eugénie de Montijo
A.L	de	Europäische Arzneimittelagentur
A.L	de	Evonik Degussa
A.L	de	Expressionismus
A.L	de	FCKW
A.L	de	Faktor VIII
A.L	de	Farbstoff
A.L	de	Faser
A.L	de	Feierabendhaus Knapsack
A.L	de	Feinchemikalie
A.L	de	Feindliche Übernahme
A.L	de	Feldmühle (Unternehmen)
A.L	de	Ferrosilicium
A.L	de	Fexofenadin
A.L	de	Firma
A.L	de	Firmenlogo
A.L	de	Fischer-Tropsch-Synthese
A.L	de	Fleckfieber
A.L	de	Flughafen Frankfurt am Main
A.L	de	Fluorchlorkohlenwasserstoffe
A.L	de	Flüssigkristallpolymer
A.L	de	Formaldehyd
A.L	de	Forschungsreaktor Frankfurt
A.L	de	Fotolack
A.L	de	Frankfurt-Fechenheim
A.L	de	Frankfurt-Goldstein
A.L	de	Frankfurt-Griesheim
A.L	de	Frankfurt-Höchst
A.L	de	Frankfurt-Schwanheim
A.L	de	Frankfurt-Sindlingen
A.L	de	Frankfurt-Unterliederbach
A.L	de	Frankfurt-Zeilsheim
A.L	de	Frankfurt am Main
A.L	de	Frankfurter Allgemeine Zeitung
A.L	de	Frankfurter Wertpapierbörse
A.L	de	Fraport
A.L	de	Frederick Banting
A.L	de	Freie Stadt Frankfurt
A.L	de	Freistaat Bayern
A.L	de	Fresenius (Unternehmen)
A.L	de	Fresenius Medical Care
A.L	de	Friedensvertrag von Versailles
A.L	de	Friedrich Jähne
A.L	de	Friedrich Stolz
A.L	de	Fritz Klatte
A.L	de	Frühpensionierung
A.L	de	Fuchsin
A.L	de	Fungizid
A.L	de	Furosemid
A.L	de	Fusion (Wirtschaft)
A.L	de	Färberkrapp
A.L	de	Gebärmutterschleimhaut
A.L	de	Gelb
A.L	de	Gelsenberg
A.L	de	Gentechnik
A.L	de	Gentechnikgesetz (Deutschland)
A.L	de	Gerda Hasselfeldt
A.L	de	Gersthofen
A.L	de	Gesellschaft mit beschränkter Haftung
A.L	de	Gesetzliche Rentenversicherung (Deutschland)
A.L	de	Gestagen
A.L	de	Gewichtung
A.L	de	Glaxo
A.L	de	Gleichschaltung
A.L	de	Glibenclamid
A.L	de	Glimepirid
A.L	de	Glucocorticoide
A.L	de	Glykole
A.L	de	GmbH & Co. KG
A.L	de	Goldman Sachs
A.L	de	Gründung (Recht)
A.L	de	Grüne Wiese
A.L	de	Guben
A.L	de	Gustav Ehrhart
A.L	de	HTP-Verfahren
A.L	de	Haber-Bosch-Verfahren
A.L	de	Halogenkohlenwasserstoffe
A.L	de	Hamburg
A.L	de	Hannover Rück
A.L	de	Hans Günter Schmitz
A.L	de	Harz (Material)
A.L	de	Hauptversammlung
A.L	de	Heereswaffenamt
A.L	de	HeidelbergCement
A.L	de	Henkel (Konzern)
A.L	de	Henkel (Unternehmen)
A.L	de	Herberts GmbH
A.L	de	Herbizid
A.L	de	Herzogtum Nassau
A.L	de	Hisbollah
A.L	de	Hochkommissar
A.L	de	Hoechst
A.L	de	Hoechst AG
A.L	de	Holding
A.L	de	Honeywell International
A.L	de	Hormon
A.L	de	Hugo Zinßer
A.L	de	Humaninsulin
A.L	de	Hydroformylierung
A.L	de	Hygiene-Institut der Waffen-SS
A.L	de	Hypo Real Estate
A.L	de	Hypothek
A.L	de	Höchst
A.L	de	Höchster Porzellanmanufaktur
A.L	de	Höchster Schloß
A.L	de	Hürth
A.L	de	I.G.-Farben-Haus
A.L	de	I.G.-Farben-Prozess
A.L	de	I.G. Farben
A.L	de	IBM 705
A.L	de	INEOS
A.L	de	INEOS Melamines
A.L	de	Immunserum
A.L	de	Imperial Chemical Industries
A.L	de	Indigo
A.L	de	Industriepark
A.L	de	Industriepark Gersthofen
A.L	de	Industriepark Höchst
A.L	de	Industriepark Kalle-Albert
A.L	de	Industriepark Werk Bobingen
A.L	de	Industriepark Werk Gendorf
A.L	de	Infineon
A.L	de	Infotec
A.L	de	InfraServ Gendorf
A.L	de	InfraServ Knapsack
A.L	de	InfraServ Wiesbaden
A.L	de	Infraserv Höchst
A.L	de	Ingenieurwesen
A.L	de	Inn
A.L	de	Insektizid
A.L	de	Insulin
A.L	de	Jade Cosmetic
A.L	de	Jahrhunderthalle (Frankfurt)
A.L	de	James Collip
A.L	de	Joachim Meisner
A.L	de	Johann Wolfgang Goethe-Universität Frankfurt am Main
A.L	de	John Jay McCloy
A.L	de	Joint Venture
A.L	de	Joschka Fischer
A.L	de	Jürgen Dormann
A.L	de	K+S
A.L	de	Kalkstickstoff
A.L	de	Karl Winnacker
A.L	de	Karstadt
A.L	de	Kartell
A.L	de	Karzinogen
A.L	de	Kasslerbraun
A.L	de	Kelheim
A.L	de	Kelheim Fibres
A.L	de	Kelsterbach
A.L	de	Keramik
A.L	de	Kernspeicher
A.L	de	Ketene
A.L	de	Klaus Töpfer
A.L	de	Kleister
A.L	de	Knapsack (Hürth)
A.L	de	Kohlechemie
A.L	de	Kohlenwasserstoffe
A.L	de	Koks
A.L	de	Kolonie (Frankfurt am Main)
A.L	de	Kolonne (Verfahrenstechnik)
A.L	de	Kolophonium
A.L	de	Kommanditist
A.L	de	Komplementär (Gesellschaftsrecht)
A.L	de	Kondensator (Elektrotechnik)
A.L	de	Konzentrationslager Buchenwald
A.L	de	Kraftwerk Goldenberg
A.L	de	Kriegsgefangene
A.L	de	Krisenmanagement
A.L	de	Kristallviolett
A.L	de	Kundendienst
A.L	de	Kunstfaser
A.L	de	Kunstharz
A.L	de	Kunstseide
A.L	de	Kunststoff
A.L	de	Kunststofffolie
A.L	de	Kurt Herberts
A.L	de	Kurzarbeit
A.L	de	Kuwait
A.L	de	Kältemittel
A.L	de	Kündigung
A.L	de	Kündigungsschutzgesetz
A.L	de	Küpenfärberei
A.L	de	L'Oréal
A.L	de	Lack
A.L	de	Lahnstein
A.L	de	Landgericht Frankfurt am Main
A.L	de	Langweid am Lech
A.L	de	Lanxess
A.L	de	Laufwasserkraftwerk
A.L	de	Lech
A.L	de	Leflunomid
A.L	de	Lenzing AG
A.L	de	Leo Gans
A.L	de	Lichtpause
A.L	de	Life Sciences
A.L	de	Linde AG
A.L	de	Liquidation
A.L	de	Liste der Ehrenbürger von Frankfurt am Main
A.L	de	Literatur
A.L	de	Lohntüte
A.L	de	Lokalanästhesie
A.L	de	Ludwig Hermann
A.L	de	Lufthansa
A.L	de	Lyon
A.L	de	LyondellBasell
A.L	de	Lösungsmittel
A.L	de	MAN
A.L	de	MLP AG
A.L	de	Machtergreifung
A.L	de	Magnesium
A.L	de	Main
A.L	de	Mainz-Amöneburg
A.L	de	Manager Magazin
A.L	de	Manchester
A.L	de	Mannesmann
A.L	de	Marbert
A.L	de	Marburg
A.L	de	Marketing
A.L	de	Masterbatch
A.L	de	Matrixorganisation
A.L	de	Max Bockmühl
A.L	de	Merck & Co.
A.L	de	Merck KGaA
A.L	de	Messer Griesheim
A.L	de	Messer Group
A.L	de	Metallocene
A.L	de	Metamizol
A.L	de	Methadon
A.L	de	Methan
A.L	de	Methanol
A.L	de	Methylcellulose
A.L	de	Metro AG
A.L	de	Microfaser
A.L	de	Mifepriston
A.L	de	Mindergiftig
A.L	de	Mitarbeiter
A.L	de	Mitglieder-Aufnahmesperre der NSDAP
A.L	de	Mohammed Ali Hamadi
A.L	de	Montreal-Protokoll
A.L	de	Moskau
A.L	de	Munich Re
A.L	de	NS-Zwangsarbeit
A.L	de	Naphtol AS
A.L	de	Nationalsozialismus
A.L	de	Natriumformiat
A.L	de	Natriumtripolyphosphat
A.L	de	Neunkirchen (Saar)
A.L	de	Nixdorf Computer
A.L	de	Nomifensin
A.L	de	Norbert Wollheim
A.L	de	Novartis
A.L	de	Nürnberger Prozesse
A.L	de	O-Chlornitrobenzol
A.L	de	O-Nitroanisol
A.L	de	Oberhausen
A.L	de	Oberlandesgericht Frankfurt am Main
A.L	de	Offenbach am Main
A.L	de	Ofloxacin
A.L	de	Opioid
A.L	de	Otto Eisleb
A.L	de	Otto Roelen
A.L	de	Otto Schaumann
A.L	de	Oxea
A.L	de	Ozonloch
A.L	de	Ozonschicht
A.L	de	PPG Industries
A.L	de	Parenteral
A.L	de	Paris
A.L	de	Patentblau V
A.L	de	Paul Duden
A.L	de	Paul Ehrlich
A.L	de	Penicillin
A.L	de	Pensionskasse
A.L	de	Pentoxifyllin
A.L	de	Perlon
A.L	de	Personalfreisetzung
A.L	de	Peter Behrens
A.L	de	Pethidin
A.L	de	Petrochemie
A.L	de	Pflanzenschutzmittel
A.L	de	Pharmaforschung
A.L	de	Pharmaunternehmen
A.L	de	Pharmazeutische Biotechnologie
A.L	de	Phenazon
A.L	de	Phoban
A.L	de	Phosphate
A.L	de	Phosphor
A.L	de	Phthalsäure
A.L	de	Pierre Mauroy
A.L	de	Pigment
A.L	de	Polyacrylnitril
A.L	de	Polyamide
A.L	de	Polybutylenterephthalat
A.L	de	Polychlortrifluorethylen
A.L	de	Polyester
A.L	de	Polyethylen
A.L	de	Polyethylenterephthalat
A.L	de	Polyolefin
A.L	de	Polyoxymethylen
A.L	de	Polyphenylensulfid
A.L	de	Polypropylen
A.L	de	Polytetrafluorethylen
A.L	de	Polyvinylacetat
A.L	de	Polyvinylalkohol
A.L	de	Polyvinylchlorid
A.L	de	Postbank
A.L	de	Preussag
A.L	de	Preußen
A.L	de	Private Equity
A.L	de	Procain
A.L	de	Produkt (Wirtschaft)
A.L	de	Produktpolitik
A.L	de	Progesteron
A.L	de	Hoechst"><links><pl ns="0
A.L	de	Propylen
A.L	de	Prostaglandine
A.L	de	Pyrazol
A.L	de	RWE
A.L	de	Ramipril
A.L	de	Raunheim
A.L	de	Reaktivfärbung
A.L	de	Rechnungslegung
A.L	de	Rechtsform
A.L	de	Reichsmark
A.L	de	Remazol
A.L	de	Resorcin
A.L	de	Restrukturierung
A.L	de	Rhein-Main-Gebiet
A.L	de	Rheinisches Braunkohlerevier
A.L	de	Rhodamine
A.L	de	Rhone-Poulenc
A.L	de	Rhône-Poulenc
A.L	de	Riedel-de Haën
A.L	de	Rolf Sammet
A.L	de	Rotem-Amfert-Negev
A.L	de	Roussel-Uclaf
A.L	de	Roxithromycin
A.L	de	Royal Dutch Shell
A.L	de	Rudi Angenendt
A.L	de	Ruhrchemie
A.L	de	Rutenol
A.L	de	SAP
A.L	de	SGL Carbon
A.L	de	SKW Trostberg
A.L	de	Salpetersäure
A.L	de	Salzach
A.L	de	Salzgitter AG
A.L	de	Sanofi-Aventis
A.L	de	Sanofi-Synthélabo
A.L	de	Schichtsilikate
A.L	de	Schlaufenreaktor
A.L	de	Schwangerschaft
A.L	de	Schwangerschaftsabbruch
A.L	de	Schwarzkopf (Haarkosmetik)
A.L	de	Schweiz
A.L	de	Schweizerhalle
A.L	de	Schönow (Zehlendorf)
A.L	de	Seeblockade
A.L	de	Seelze
A.L	de	Selb
A.L	de	Shareholder Value
A.L	de	Sicherheitsdatenblatt
A.L	de	Sicherheitsventil
A.L	de	Siemens
A.L	de	Sigma-Aldrich
A.L	de	Sigri
A.L	de	Silobad
A.L	de	Sitz (juristische Person)
A.L	de	Société anonyme (Frankreich)
A.L	de	Somerville (New Jersey)
A.L	de	Sorbinsäure
A.L	de	South Carolina
A.L	de	Sozialverträglichkeit
A.L	de	Spartanburg
A.L	de	Sterkrade
A.L	de	Stiftung „Erinnerung, Verantwortung und Zukunft“
A.L	de	Stolllack
A.L	de	Straßburg
A.L	de	Sulfonylharnstoffe
A.L	de	Superabsorber
A.L	de	Synthese (Chemie)
A.L	de	Säuren
A.L	de	TUI
A.L	de	Technisches Verwaltungsgebäude der Hoechst AG
A.L	de	Teer
A.L	de	Teerfarbe
A.L	de	Teerfarbenwerk Oehler
A.L	de	Telefax
A.L	de	Tenside
A.L	de	Terfenadin
A.L	de	Tetraacetylethylendiamin
A.L	de	Tetraethylblei
A.L	de	Tetrafluorethan
A.L	de	ThyssenKrupp
A.L	de	ThyssenKrupp Uhde GmbH
A.L	de	Tiaprofensäure
A.L	de	Ticona
A.L	de	Tolbutamid
A.L	de	Tonband
A.L	de	Transalpine Ölleitung
A.L	de	Treibgas
A.L	de	Treuhandgesellschaft
A.L	de	Trevira
A.L	de	Triazophos
A.L	de	Trostberg
A.L	de	Umweltbundesamt (Deutschland)
A.L	de	Union Rheinische Braunkohlen Kraftstoff AG
A.L	de	University of Toronto
A.L	de	Unternehmensführung
A.L	de	Unterschleißheim
A.L	de	Utz-Hellmuth Felcht
A.L	de	VEBA
A.L	de	VIAG
A.L	de	Verfahrenstechnik
A.L	de	Vergleich (Recht)
A.L	de	Verpuffung
A.L	de	Verstaatlichung
A.L	de	Vertrieb
A.L	de	Vierjahresplan
A.L	de	Vinylacetat
A.L	de	Vinylchlorid
A.L	de	Viskose
A.L	de	Vlissingen
A.L	de	Volkmar Mutesius
A.L	de	Volksstaat Hessen
A.L	de	Volkswagen AG
A.L	de	Wachs
A.L	de	Wacker-Verfahren
A.L	de	Wacker Chemie
A.L	de	Wacker Chemie AG
A.L	de	Walter Kolb
A.L	de	Waschmittel
A.L	de	Website
A.L	de	Werksbrücke Mitte (Höchst)
A.L	de	Werksbrücke West (Höchst)
A.L	de	Wiesbaden
A.L	de	Wiesbaden-Biebrich
A.L	de	Wirtschaftswoche
A.L	de	Wirtschaftswunder
A.L	de	Wissenschaftszentrum Berlin für Sozialforschung
A.L	de	Wohnungsbau
A.L	de	Wolfgang Hilger
A.L	de	Wuppertal
A.L	de	Wursthülle
A.L	de	Währungsreform
A.L	de	Zeit des Nationalsozialismus
A.L	de	Zellulosehydrat
A.L	de	Zentraleinheit
A.L	de	Ziegler-Natta-Verfahren
A.L	de	Zwangsarbeit in der Zeit des Nationalsozialismus
A.L	de	Zweiter Weltkrieg
A.L	de	Ölkrise
A.L	de	Wikipedia:Exzellente Artikel
B.L	fr	1863
B.L	fr	1923
B.L	fr	1925
B.L	fr	1951
B.L	fr	1964
B.L	fr	1972
B.L	fr	1974
B.L	fr	1987
B.L	fr	1998
B.L	fr	1999
B.L	fr	1er janvier
B.L	fr	2004
B.L	fr	20 décembre
B.L	fr	31 décembre
B.L	fr	4 janvier
B.L	fr	7 décembre
B.L	fr	Allemagne
B.L	fr	Aventis
B.L	fr	Carl Friedrich Wilhelm Meister
B.L	fr	Celanese
B.L	fr	Chiffre d'affaires
B.L	fr	Deutsche Mark
B.L	fr	Décembre 1951
B.L	fr	Décembre 1999
B.L	fr	Décembre 2004
B.L	fr	Eugen Lucius
B.L	fr	Filiale
B.L	fr	Francfort
B.L	fr	Histoire de Sanofi
B.L	fr	Höchst (Francfort-sur-le-Main)
B.L	fr	IG Farben
B.L	fr	Industrie pharmaceutique
B.L	fr	Insuline
B.L	fr	Interessengemeinschaft Farbenindustrie
B.L	fr	Janvier
B.L	fr	Janvier 1863
B.L	fr	Ludwig August Müller
B.L	fr	Mainz-Amöneburg
B.L	fr	Marion Merrell Dow
B.L	fr	Parc industriel Höchst
B.L	fr	Rhône-Poulenc
B.L	fr	Roussel-Uclaf
B.L	fr	Sanofi-Aventis
B.L	fr	Sanofi-Synthélabo
B.L	fr	Secteur d'activité
B.L	fr	Site web
B.L	fr	Siège social
B.L	fr	Modèle:Infobox Société
B.L	fr	Catégorie:Entreprise par date de disparition
B.L	fr	Catégorie:Entreprise par date de fondation
B.L	fr	Catégorie:Forme juridique des entreprises
B.L	fr	Catégorie:Portail:Allemagne/Articles liés
B.L	fr	Catégorie:Portail:Chimie/Articles liés
B.L	fr	Catégorie:Portail:Entreprises/Articles liés
B.L	fr	Catégorie:Portail:Francfort-sur-le-Main/Articles liés
B.L	fr	Catégorie:Portail:Pharmacie/Articles liés
B.L	fr	Portail:Allemagne
B.L	fr	Portail:Chimie
B.L	fr	Portail:Entreprises
B.L	fr	Portail:Francfort-sur-le-Main
B.L	fr	Portail:Pharmacie
B.L	en	Agfa-Gevaert
B.L	en	Altace
B.L	en	American IG
B.L	en	BASF
B.L	en	Bayer AG
B.L	en	Buna Werke
B.L	en	Carl Bosch
B.L	en	Carl Duisberg
B.L	en	Carl Krauch
B.L	en	Carl Lautenschläger
B.L	en	Carl Wurster
B.L	en	Cassella Farbwerke Mainkur Aktiengesellschaft
B.L	en	Cefotaxime
B.L	en	Celanese
B.L	en	Chief executive officer
B.L	en	Chloroquine
B.L	en	Christian Schneider
B.L	en	Clariant
B.L	en	Concerned Women For America
B.L	en	Diltiazem
B.L	en	Dye
B.L	en	Fexofenadine
B.L	en	France
B.L	en	Frankfurt
B.L	en	Fritz Gajewski
B.L	en	Fritz ter Meer
B.L	en	Furosemide
B.L	en	Georg von Schnitzler
B.L	en	German mark
B.L	en	Germany
B.L	en	Glibenclamide
B.L	en	Hans Kühne
B.L	en	Heinrich Bütefisch
B.L	en	Heinrich Gattineau
B.L	en	Heinrich Oster
B.L	en	Hermann Schmitz (industrialist)
B.L	en	Höchst (Frankfurt am Main)
B.L	en	IG Farben
B.L	en	IG Farben Building
B.L	en	IG Farben Trial
B.L	en	International Standard Book Number
B.L	en	King Pharmaceuticals
B.L	en	Marion Merrell Dow
B.L	en	Max Ilgner
B.L	en	Monarch Pharmaceuticals, Inc.
B.L	en	Monowitz concentration camp
B.L	en	National Right to Life Committee
B.L	en	Nicoderm
B.L	en	Nitrile rubber
B.L	en	Non-executive director
B.L	en	Nutrinova
B.L	en	Oil Campaign of World War II
B.L	en	Otto Ambros
B.L	en	Polyurethane
B.L	en	Prontosil
B.L	en	RU-486
B.L	en	RU486
B.L	en	Rhône-Poulenc
B.L	en	Sanofi
B.L	en	Strasbourg
B.L	en	Terfenadine
B.L	en	Ticona
B.L	en	Wacker Chemie
B.L	en	Wilhelm Rudolf Mann
B.L	en	Zyklon B
B.L	en	Template:IG Farben
B.L	en	Template talk:IG Farben
B.L	en	Help:IPA for German
B.L	en	Category:IG Farben
B.L	en	Category:IG Farben people
B.L	ca	Altace
B.L	ca	Aventis
B.L	ca	Cassella Farbwerke Mainkur Aktiengesellschaft
B.L	ca	Celanese
B.L	ca	Estrasburg
B.L	ca	Frankfurt del Main
B.L	ca	França
B.L	ca	Höchst
B.L	ca	IG Farben
B.L	ca	National Right to Life Committee
B.L	ca	Rhône-Poulenc
B.L	ca	Sanofi-Aventis
B.L	da	2.verdenskrig
B.L	da	Firma
B.L	da	I.G. Farben
B.L	da	Tyskland
B.L	da	Virksomhed
B.L	da	Hjælp:Artikeludvidelse
B.L	da	Hjælp:Stub
B.L	cs	1974
B.L	cs	Aventis
B.L	cs	Hoechstovo barvivo
B.L	cs	IG Farben
B.L	cs	Indigo
B.L	cs	Rhône-Poulenc Rorer
B.L	cs	Sanofi-Aventis
B.L	cs	Sanofi-Synthélabo
B.L	cs	Diskuse:Hoechst
B.L	cs	Wikipedie:Pahýl
B.L	cs	Portál:Fotografie
B.L	cs	Portál:Obsah
B.L	no	1974
B.L	no	Agfa
B.L	no	Andre verdenskrig
B.L	no	BASF
B.L	no	Bayer (selskap)
B.L	no	Bayer AG
B.L	no	Cassella
B.L	no	Frankfurt am Main
B.L	no	Höchst
B.L	no	IG Farben
B.L	no	Rhône-Poulenc
B.L	no	Sanofi-Aventis
B.L	no	Wikimedia Commons
B.L	nl	Acesulfaam-K
B.L	nl	Adrenaline
B.L	nl	Alizarine
B.L	nl	Antipyrine
B.L	nl	Aventis
B.L	nl	BASF (chemieconcern)
B.L	nl	Bayer
B.L	nl	Celanese
B.L	nl	Cellofaan
B.L	nl	Clariant
B.L	nl	Conglomeraat (bedrijf)
B.L	nl	DAX-index
B.L	nl	Duitse mark
B.L	nl	Endosulfan
B.L	nl	Frankfurt-Höchst
B.L	nl	Fuchsine
B.L	nl	Gesellschaft mit beschränkter Haftung
B.L	nl	Henkel KGaA
B.L	nl	Hoechst Holland
B.L	nl	Holding
B.L	nl	IG Farben
B.L	nl	Industriepark Höchst
B.L	nl	Insecticide
B.L	nl	Life sciences
B.L	nl	LyondellBasell
B.L	nl	Metamizool
B.L	nl	Methadon
B.L	nl	Naamloze vennootschap
B.L	nl	Polyester
B.L	nl	Polyethyleen
B.L	nl	Polyethyleentereftalaat
B.L	nl	Polymeer
B.L	nl	Polypropyleen
B.L	nl	Procaïne
B.L	nl	Propyleen
B.L	nl	Rhône-Poulenc
B.L	nl	Sanofi-aventis
B.L	nl	Schwarzkopf Professional
B.L	nl	Squeeze-out
B.L	nl	Straatsburg
B.L	nl	ThyssenKrupp
B.L	nl	Tweede Wereldoorlog
B.L	nl	Vlissingen
B.L	nl	Weert (stad)
B.L	nl	Ziegler-Natta-katalysator
B.L	id	Adidas
B.L	id	Allianz
B.L	id	Aventis
B.L	id	BASF
B.L	id	BMW
B.L	id	Bayer AG
B.L	id	Beiersdorf
B.L	id	Cat
B.L	id	Commerzbank
B.L	id	Continental AG
B.L	id	DAX
B.L	id	Daimler AG
B.L	id	Deutsche Bank
B.L	id	Deutsche Börse
B.L	id	Deutsche Mark
B.L	id	Deutsche Post
B.L	id	Deutsche Telekom
B.L	id	E.ON
B.L	id	Farmasi
B.L	id	Frankfurt
B.L	id	Frankfurt Stock Exchange
B.L	id	Fresenius (perusahaan)
B.L	id	Fresenius Medical Care
B.L	id	HeidelbergCement
B.L	id	Henkel
B.L	id	Höchst
B.L	id	IG Farben
B.L	id	Indonesia
B.L	id	Infineon Technologies
B.L	id	Jakarta Timur
B.L	id	Jenis entitas bisnis
B.L	id	Jerman
B.L	id	K+S
B.L	id	Kimia
B.L	id	Korporasi
B.L	id	Lanxess
B.L	id	Lufthansa
B.L	id	Merck KGaA
B.L	id	Munich Re
B.L	id	Perancis
B.L	id	Perang Dunia
B.L	id	Perusahaan (hukum)
B.L	id	Perusahaan farmasi
B.L	id	Perusahaan publik
B.L	id	Plastik
B.L	id	Pulomas
B.L	id	RWE
B.L	id	Rhône-Poulenc
B.L	id	SAP AG
B.L	id	Sanofi-Aventis
B.L	id	Serat
B.L	id	Siemens
B.L	id	The Linde Group
B.L	id	ThyssenKrupp
B.L	id	Volkswagen Group
B.L	id	Wikimedia Commons
B.L	id	Zat kimia
B.L	id	Wikipedia:Rintisan
B.L	id	Templat:Perusahaan DAX
B.L	id	Pembicaraan Templat:Perusahaan DAX
B.L	ja	1863年
B.L	ja	1910年
B.L	ja	1925年
B.L	ja	1951年
B.L	ja	1987年
B.L	ja	1995年
B.L	ja	1999年
B.L	ja	1月4日
B.L	ja	IG・ファルベンインドゥストリー
B.L	ja	アベンティス
B.L	ja	サノフィ・アベンティス
B.L	ja	サルバルサン
B.L	ja	セラニーズ
B.L	ja	ドイツ
B.L	ja	パウル・エールリヒ
B.L	ja	フランクフルト
B.L	ja	フランクフルト＝ヘーヒスト
B.L	ja	ヘキスト33258
B.L	ja	ヘキスト染色工場
B.L	ja	ヘキスト陶磁器工房
B.L	ja	ラテン語
B.L	ja	ローヌ・プーラン
B.L	ja	三菱樹脂
B.L	ja	会社
B.L	ja	染料
B.L	ja	染色 (生物学)
B.L	ja	株式会社 (ドイツ)
B.L	ja	梅毒
B.L	ja	業種
B.L	ja	砒素
B.L	ja	秦佐八郎
B.L	ja	Template:基礎情報 会社
B.L	ja	Category:日本の化学工業メーカー
B.L	sv	1974
B.L	sv	Agfa
B.L	sv	Andra världskriget
B.L	sv	Auschwitz
B.L	sv	BASF
B.L	sv	Bayer
B.L	sv	Bayer AG
B.L	sv	Cassella
B.L	sv	Chemische Fabrik Kalle
B.L	sv	Degesch
B.L	sv	Frankfurt am Main
B.L	sv	Företag
B.L	sv	Höchst
B.L	sv	IG Farben
B.L	sv	Judar
B.L	sv	Rhône-Poulenc
B.L	sv	Sanofi-Aventis
B.L	sv	Zyklon B
B.L	ru	1863
B.L	ru	1999 год
B.L	ru	Agfa
B.L	ru	BASF
B.L	ru	Bayer
B.L	ru	Celanese
B.L	ru	Clariant
B.L	ru	Cookson
B.L	ru	Dow Chemical
B.L	ru	DuPont
B.L	ru	Henkel
B.L	ru	IG Farben
B.L	ru	Krupp
B.L	ru	L'Oreal
B.L	ru	Perform
B.L	ru	Rhone-Poulenc
B.L	ru	Sanofi
B.L	ru	Sanofi-Aventis
B.L	ru	Schwarzkopf
B.L	ru	ThyssenKrupp
B.L	ru	Uhde
B.L	ru	Германия
B.L	ru	Франкфурт-на-Майне
B.L	ru	Хёхст
B.L	ru	Шаблон:Преобразование компании с 1995г.
B.L	ru	Обсуждение шаблона:Преобразование компании с 1995г.
B.L	ro	Chimie
B.L	ro	Companie
B.L	ro	Corporație
B.L	ro	Farmacologie
B.L	ro	Frankfurt am Main
B.L	ro	Franța
B.L	ro	Germania
B.L	ro	Hoechst (dezambiguizare)
B.L	ro	Strasbourg
B.L	ro	Wikipedia:Articolul ciot perfect
B.L	ro	Wikipedia:Găsește și repară un ciot
B.L	qu	1951
B.L	qu	Alimanya
B.L	qu	Chaqllisinchi
B.L	qu	Frankfurt am Main
B.L	qu	Ruruchina
B.L	qu	Wacker Chemie
B.L	pt	AGFA
B.L	pt	Aventis
B.L	pt	BASF
B.L	pt	Bayer
B.L	pt	Campo de Concentração de Auschwitz-Monowitz
B.L	pt	Carl Bosch
B.L	pt	Carl Duisberg
B.L	pt	Carl Krauch
B.L	pt	Cassella
B.L	pt	Diretor executivo
B.L	pt	Edifício IG Farben
B.L	pt	Hermann Schmitz
B.L	pt	IG Farben
B.L	pt	Julgamento IG Farben
B.L	pt	Rhône-Poulenc
B.L	pt	Sanofi-Aventis
B.L	pt	Predefinição:IG Farben
B.L	pt	Ajuda:Guia de tradução
CN	de	Hoechst
IWL	fr	Hoechst
IWL	en	Hoechst AG
IWL	ca	Hoechst AG
IWL	da	Hoechst
IWL	cs	Hoechst
IWL	no	Hoechst
IWL	nl	Hoechst
IWL	id	Hoechst
IWL	ja	ヘキスト (化学メーカー)
IWL	sv	Hoechst
IWL	ru	Hoechst
IWL	ro	Hoechst
IWL	qu	Hoechst
IWL	pt	Hoechst AG
