A.L	de	Alkoholika
A.L	de	Alte Bundesländer
A.L	de	Amt für Erfindungs- und Patentwesen der DDR
A.L	de	Apolda
A.L	de	Ascorbinsäure
A.L	de	Bad Doberan
A.L	de	Bad Muskau
A.L	de	Bad Vilbel
A.L	de	Binz
A.L	de	Brau und Brunnen
A.L	de	Brauerei
A.L	de	Brause
A.L	de	Chemische Werke Miltitz
A.L	de	Citronensäure
A.L	de	Club-Cola
A.L	de	Coca-Cola
A.L	de	Cocktail
A.L	de	Coffein
A.L	de	Cola
A.L	de	Cuba Libre
A.L	de	Design
A.L	de	Deutsche Demokratische Republik
A.L	de	Discounter
A.L	de	Dresden
A.L	de	Etikett
A.L	de	Forst (Lausitz)
A.L	de	Fünfjahresplan
A.L	de	Gebinde
A.L	de	Genossenschaft Deutscher Brunnen
A.L	de	Glashäger
A.L	de	Götterspeise
A.L	de	Hassia Mineralquellen
A.L	de	Katjes
A.L	de	Kolanuss
A.L	de	Lauchhammer
A.L	de	Lichtenau (Sachsen)
A.L	de	Limonade
A.L	de	Lübben (Spreewald)
A.L	de	Margonwasser
A.L	de	Marke
A.L	de	Mezzo Mix
A.L	de	Naturidentisches Aroma
A.L	de	Ostdeutschland
A.L	de	PET-Flasche
A.L	de	Pepsi
A.L	de	R&R Ice Cream Deutschland
A.L	de	Retrowelle
A.L	de	Sangerhausen
A.L	de	Schmalkalden
A.L	de	Schwip Schwap
A.L	de	Sirup
A.L	de	Spezi (Getränk)
A.L	de	Thüringen
A.L	de	Thüringer Waldquell Mineralbrunnen
A.L	de	Vanille (Gewürz)
A.L	de	Volkseigener Betrieb
A.L	de	Wassereis (Lebensmittel)
A.L	de	Weingummi
A.L	de	Wende (DDR)
A.L	de	Wernigerode
A.L	de	Zitronenöl
A.L	de	Ätherische Öle
B.L	fr	1957
B.L	fr	1989
B.L	fr	Afri-Cola
B.L	fr	Alp'Cola
B.L	fr	Amrat Cola
B.L	fr	Anjou Cola
B.L	fr	Arab Cola
B.L	fr	Auvergnat Cola
B.L	fr	Barr Cola
B.L	fr	Beuk Cola
B.L	fr	Bougnat Cola
B.L	fr	Breizh Cola
B.L	fr	Britt Cola
B.L	fr	Campa Cola
B.L	fr	Chek
B.L	fr	Chero-Cola
B.L	fr	China Cola
B.L	fr	Chtilà Cola
B.L	fr	Classic Cola
B.L	fr	Coca-Cola
B.L	fr	Coca Colla
B.L	fr	Cockta
B.L	fr	Cola
B.L	fr	Cola'rdèche
B.L	fr	Cola Occitan
B.L	fr	Cola Turka
B.L	fr	Corsica Cola
B.L	fr	Count Cola
B.L	fr	Cricket Cola
B.L	fr	Cuba Cola
B.L	fr	Diet Rite
B.L	fr	Double Cola
B.L	fr	El Che Cola
B.L	fr	Elsass Cola
B.L	fr	Evoca Cola
B.L	fr	Fada Cola
B.L	fr	Faygo
B.L	fr	Feichang Cola
B.L	fr	Frescolita
B.L	fr	Hard Spark Cola
B.L	fr	Imazighen Cola
B.L	fr	Inca Kola
B.L	fr	Jolly Cola
B.L	fr	Jolt Cola
B.L	fr	Just Cola
B.L	fr	Kofola
B.L	fr	Kola Real
B.L	fr	Like Cola
B.L	fr	Limouzi Cola
B.L	fr	Look Cola
B.L	fr	Mecca Cola
B.L	fr	Meuh Cola
B.L	fr	Montania Cola
B.L	fr	Mur de Berlin
B.L	fr	Olvi Cola
B.L	fr	OpenCola
B.L	fr	Pepsi-Cola
B.L	fr	Poitou Cola
B.L	fr	Premium-cola
B.L	fr	Qibla Cola
B.L	fr	RC Cola
B.L	fr	Red Bull Cola
B.L	fr	Red Kola
B.L	fr	River Cola
B.L	fr	Rola Cola
B.L	fr	Royal Cola
B.L	fr	Rutto Cola
B.L	fr	République démocratique allemande
B.L	fr	Salva Cola
B.L	fr	Sam's Choice
B.L	fr	Selecto
B.L	fr	Shasta (soft drink)
B.L	fr	Sinalco
B.L	fr	Soda
B.L	fr	Sugar Cane Cola
B.L	fr	Tab (soft drink)
B.L	fr	Thums Up
B.L	fr	Thüringer Waldquell
B.L	fr	TuKola
B.L	fr	Ubuntu Cola
B.L	fr	Ugarit Cola
B.L	fr	Vendée Cola
B.L	fr	Virgin Cola
B.L	fr	Zam Zam Cola
B.L	fr	Zelal Cola
B.L	fr	Modèle:Palette Colas
B.L	fr	Discussion modèle:Palette Colas
B.L	fr	Catégorie:Portail:Alimentation et gastronomie/Articles liés
B.L	fr	Catégorie:Portail:République démocratique allemande/Articles liés
B.L	fr	Portail:Alimentation et gastronomie
B.L	fr	Portail:République démocratique allemande
B.L	gl	14 de outubro
B.L	gl	1954
B.L	gl	1958
B.L	gl	1994
B.L	gl	Alemaña
B.L	gl	Alemaña do Leste
B.L	gl	Alemá
B.L	gl	Club Cola
B.L	gl	Coca-Cola
B.L	gl	Coca Cola
B.L	gl	FC Hansa Rostock
B.L	gl	Muro de Berlín
B.L	gl	Ostalgie
B.L	gl	Pepsi
B.L	gl	República Democrática Alemá
B.L	gl	Turingia
B.L	gl	Vitamina C
B.L	en	Afri-Cola
B.L	en	Amrat Cola
B.L	en	Apotekarnes Cola
B.L	en	Baikal (drink)
B.L	en	Barr Cola
B.L	en	Beed Cola
B.L	en	Berlin Wall
B.L	en	Big 8 Cola
B.L	en	Breizh Cola
B.L	en	Bubba Cola
B.L	en	Campa Cola
B.L	en	Cassinelli (soft drink)
B.L	en	Cavan Cola
B.L	en	China Cola
B.L	en	Classic Cola (Sainsbury's)
B.L	en	Club Cola
B.L	en	Coca-Cola
B.L	en	Cockta
B.L	en	Cola
B.L	en	Cola Turka
B.L	en	Cole Cold
B.L	en	Corsica Cola
B.L	en	Count Cola
B.L	en	Cricket Cola
B.L	en	Cuba Cola
B.L	en	Diet Coke
B.L	en	Diet Rite
B.L	en	Double Cola
B.L	en	El Ché-Cola
B.L	en	Evoca Cola
B.L	en	Export Cola
B.L	en	FC Hansa Rostock
B.L	en	Fada cola
B.L	en	Faygo
B.L	en	Fentimans Curiosity Cola
B.L	en	Frescolita
B.L	en	Fruti Kola
B.L	en	Fuji-Cola
B.L	en	German Democratic Republic
B.L	en	Germany
B.L	en	Guaranito
B.L	en	Iron Curtain
B.L	en	Isaac Kola
B.L	en	Jolly Cola
B.L	en	Jolt Cola
B.L	en	Kitty Kola
B.L	en	Kofola
B.L	en	Kola Real
B.L	en	Kola Román
B.L	en	Kristal Kola
B.L	en	LA Ice Cola
B.L	en	Lava Cola
B.L	en	Like Cola
B.L	en	Mecca-Cola
B.L	en	Mecklenburg-Vorpommern
B.L	en	Merchandise 7X
B.L	en	Mr. Cola
B.L	en	New states of Germany
B.L	en	Olvi Cola
B.L	en	OpenCola (drink)
B.L	en	Ostalgie
B.L	en	Pakola
B.L	en	Parsi Cola
B.L	en	Pepsi
B.L	en	Pepsi Cola
B.L	en	Perú Cola
B.L	en	Polo-Cockta
B.L	en	Pran Cola
B.L	en	Premium-Cola
B.L	en	Qibla Cola
B.L	en	RC Cola
B.L	en	Red Bull Cola
B.L	en	Red Kola
B.L	en	Rola Cola
B.L	en	Sam's Cola
B.L	en	Schmalkalden
B.L	en	Schweppes Cola
B.L	en	Sinalco
B.L	en	Tab (soft drink)
B.L	en	Thums Up
B.L	en	Thuringia
B.L	en	Topsia Cola
B.L	en	Triple Kola
B.L	en	TuKola
B.L	en	Ubuntu Cola
B.L	en	Virgin Cola
B.L	en	Vitasoy
B.L	en	XL Cola
B.L	en	Zam Zam Cola
B.L	en	Zelal Cola
B.L	en	Zevia Cola
B.L	en	Template:Colas
B.L	en	Template talk:Colas
B.L	es	14 de octubre
B.L	es	1954
B.L	es	1958
B.L	es	1994
B.L	es	Alemana
B.L	es	Alemania
B.L	es	Alemania Oriental
B.L	es	Bebida de cola
B.L	es	Citrus × limon
B.L	es	Club Cola
B.L	es	Coca-Cola
B.L	es	Coca Cola
B.L	es	FC Hansa Rostock
B.L	es	Muro de Berlín
B.L	es	Ostalgie
B.L	es	Pepsi
B.L	es	Refresco
B.L	es	República Democrática Alemana
B.L	es	Turingia
B.L	es	Vitamina C
B.L	sco	1994
B.L	sco	Airn Curtain
B.L	sco	Berlin Waw
B.L	sco	Coca-Cola
B.L	sco	Pepsi
B.L	sco	Yerb
B.L	sco	Wikipedia:Stub
B.L	sco	Template:Stub/Fuid
B.L	sco	Template:Stub/Germany
B.L	sco	Template talk:Stub/Fuid
B.L	sco	Template talk:Stub/Germany
B.L	nl	1957
B.L	nl	1989
B.L	nl	1994
B.L	nl	3ES
B.L	nl	Afri-Cola
B.L	nl	Alter Cola
B.L	nl	Amrat Cola
B.L	nl	Apotekarnes Cola
B.L	nl	Arab Cola
B.L	nl	Barr Cola
B.L	nl	Berlijnse Muur
B.L	nl	Beuk Cola
B.L	nl	Boylan
B.L	nl	Breizh Cola
B.L	nl	Bubba Cola
B.L	nl	C&C Cola
B.L	nl	Campa Cola
B.L	nl	Cat Cola
B.L	nl	Chek
B.L	nl	Chtilà Cola
B.L	nl	Classic Cola
B.L	nl	Club Cola
B.L	nl	Coca-Cola
B.L	nl	Cola
B.L	nl	Cola Turka
B.L	nl	Cole Cold
B.L	nl	Corsica Cola
B.L	nl	Count Cola
B.L	nl	Cricket Cola
B.L	nl	Cuba Cola
B.L	nl	Dixi Cola
B.L	nl	Double Cola
B.L	nl	Duitse Democratische Republiek
B.L	nl	Duitsland
B.L	nl	El Ché Cola
B.L	nl	Elsass Cola
B.L	nl	Evoca Cola
B.L	nl	FC Hansa Rostock
B.L	nl	Fada Cola
B.L	nl	Faygo
B.L	nl	Feichang Cola
B.L	nl	First Choice Cola
B.L	nl	Freeway Cola
B.L	nl	Frescolita
B.L	nl	Fritz-kola
B.L	nl	Fruti Kola
B.L	nl	Fuji-Cola
B.L	nl	Fukola Cola
B.L	nl	Herschi
B.L	nl	Highway (frisdrank)
B.L	nl	Honey Saps Cola
B.L	nl	IJzeren Gordijn
B.L	nl	Icy-Cola
B.L	nl	Imazighen Cola
B.L	nl	Inca Kola
B.L	nl	Internationaal Fonetisch Alfabet
B.L	nl	Isaac Kola
B.L	nl	Jolly Cola
B.L	nl	Jolt Cola
B.L	nl	Just Cola
B.L	nl	Kiri
B.L	nl	Kitty Kola
B.L	nl	Kofola
B.L	nl	Kola Real
B.L	nl	Kola Román
B.L	nl	Kola Shaler
B.L	nl	Kristal Kola
B.L	nl	LA Ice Cola
B.L	nl	Libella
B.L	nl	Like Cola
B.L	nl	Master Choice
B.L	nl	Mecca-Cola
B.L	nl	Moxie
B.L	nl	Muslim Up
B.L	nl	OK Soda
B.L	nl	Odina
B.L	nl	OpenCola
B.L	nl	Ostalgie
B.L	nl	Parsi Cola
B.L	nl	Pepsi
B.L	nl	Perú Cola
B.L	nl	Polo-Cockta
B.L	nl	Pop Cola
B.L	nl	Pran Cola
B.L	nl	Premium-Cola
B.L	nl	President's Choice Cola
B.L	nl	Qibla Cola
B.L	nl	R.C. Cola
B.L	nl	Raak (frisdrankmerk)
B.L	nl	Raak Kindercola
B.L	nl	Red Kola
B.L	nl	Reyna Kola
B.L	nl	River Cola
B.L	nl	Rola Cola
B.L	nl	Salva Cola
B.L	nl	Schweppes Cola
B.L	nl	Shasta (frisdrank)
B.L	nl	Sinalco
B.L	nl	TaB Cola
B.L	nl	Thums Up
B.L	nl	Tropicola
B.L	nl	TuKola
B.L	nl	Ubuntu Cola
B.L	nl	Ugarit Cola
B.L	nl	Uludağ Cola
B.L	nl	Virgin Cola
B.L	nl	Viva Cola
B.L	nl	XL Cola
B.L	nl	ZOOB
B.L	nl	Zam Zam Cola
B.L	nl	Zelal Cola
B.L	it	1957
B.L	it	1989
B.L	it	1994
B.L	it	Afri-Cola
B.L	it	Amrat Cola
B.L	it	Arab Cola
B.L	it	Barr Cola
B.L	it	Beuk Cola
B.L	it	Breizh Cola
B.L	it	Bubba Cola
B.L	it	Campa Cola
B.L	it	Canada Dry Cola
B.L	it	Chek
B.L	it	Chero-Cola
B.L	it	China Cola
B.L	it	Chtilà Cola
B.L	it	Classic Cola
B.L	it	Coca-Cola
B.L	it	Cola
B.L	it	Cola (bevanda)
B.L	it	Cola Coop
B.L	it	Cola Turka
B.L	it	Corsica Cola
B.L	it	Cricket Cola
B.L	it	Cuba Cola
B.L	it	Diet Rite
B.L	it	Double Cola
B.L	it	El Che Cola
B.L	it	Elsass Cola
B.L	it	Evoca Cola
B.L	it	Faygo
B.L	it	Feichang Cola
B.L	it	Freeway Cola
B.L	it	Frescolita
B.L	it	Fuji-Cola
B.L	it	Imazighen Cola
B.L	it	Inca Kola
B.L	it	Isaac Kola
B.L	it	Jolly Cola
B.L	it	Jolt Cola
B.L	it	Just Cola
B.L	it	Kitty Kola
B.L	it	Kofola
B.L	it	Kola Real
B.L	it	Limone
B.L	it	Mecca-Cola
B.L	it	Milan Cola
B.L	it	Muro di Berlino
B.L	it	Olvi Cola
B.L	it	One O One
B.L	it	OpenCola
B.L	it	Ostalgie
B.L	it	Pepsi
B.L	it	Pepsi-Cola
B.L	it	Premium-cola
B.L	it	Primia-cola
B.L	it	Qibla Cola
B.L	it	R.C. Cola
B.L	it	Red Bull Cola
B.L	it	Red Kola
B.L	it	Repubblica Democratica Tedesca
B.L	it	Rola Cola
B.L	it	Sam's Choice
B.L	it	Shasta Cola
B.L	it	Sinalco
B.L	it	Spumador
B.L	it	Sugar Cane Cola
B.L	it	Tab (cola)
B.L	it	Thums Up
B.L	it	Thüringer Waldquell
B.L	it	TuKola
B.L	it	Ubuntu Cola
B.L	it	Ugarit Cola
B.L	it	Virgin Cola
B.L	it	Zam Zam Cola
B.L	it	Zelal Cola
B.L	it	Template:Cola
B.L	it	Discussioni template:Cola
B.L	sv	Citron
B.L	sv	Club-Cola
B.L	sv	Coca-Cola
B.L	sv	Cola
B.L	sv	Thüringer Waldquell Mineralbrunnen GmbH
B.L	sv	Västtyskland
B.L	sv	Östtyskland
CN	de	Vita_Cola
IWL	fr	Vita-Cola
IWL	gl	Vita-Cola
IWL	en	Vita Cola
IWL	es	Vita Cola
IWL	sco	Vita-Cola
IWL	nl	Vita Cola
IWL	it	Vita-Cola
IWL	sv	Vita Cola
