A.L	en	360buy
A.L	en	AT&T Inc.
A.L	en	Accenture
A.L	en	Acer Inc.
A.L	en	Acxiom
A.L	en	Adobe Systems
A.L	en	Advanced Micro Devices
A.L	en	Albert Einstein
A.L	en	Alcatel-Lucent
A.L	en	Alibaba Group
A.L	en	Amazon.com
A.L	en	América Móvil
A.L	en	Apple Inc.
A.L	en	Asset
A.L	en	Asus
A.L	en	Atos
A.L	en	Avamar
A.L	en	Avaya
A.L	en	BT Global Services
A.L	en	BT Group
A.L	en	Backup
A.L	en	Baidu
A.L	en	Bell Canada
A.L	en	Bharti Airtel
A.L	en	Big data
A.L	en	BlackBerry (company)
A.L	en	Board of directors
A.L	en	Booz Allen Hamilton
A.L	en	Broadcom
A.L	en	Business intelligence
A.L	en	CACI
A.L	en	CA Technologies
A.L	en	CGI Group
A.L	en	CLARiiON
A.L	en	Canon Inc.
A.L	en	Capgemini
A.L	en	Captiva Software
A.L	en	Celerra
A.L	en	Celestica
A.L	en	CenturyLink
A.L	en	Ceres (organization)
A.L	en	Chairman
A.L	en	Chief Executive Officer
A.L	en	China Mobile
A.L	en	China Telecom
A.L	en	China Unicom
A.L	en	Cisco Systems
A.L	en	Cloud computing
A.L	en	Cognizant Technology Solutions
A.L	en	College
A.L	en	Comcast
A.L	en	Compal Electronics
A.L	en	Computer Sciences Corporation
A.L	en	Computer data storage
A.L	en	Computing platform
A.L	en	Corporation
A.L	en	Customer service
A.L	en	Customer support
A.L	en	Data Domain (corporation)
A.L	en	Data General
A.L	en	Data archive
A.L	en	Data governance
A.L	en	Data recovery
A.L	en	Data storage device
A.L	en	Data warehousing
A.L	en	Dell
A.L	en	Deloitte
A.L	en	Deutsche Telekom
A.L	en	Digital China
A.L	en	Documentum
A.L	en	EBay
A.L	en	EMC Atmos
A.L	en	EMC Corporation
A.L	en	EMC Legato Networker
A.L	en	EMC Symmetrix
A.L	en	Earnings before interest and taxes
A.L	en	Eastman Kodak
A.L	en	Enterprise content management
A.L	en	Enterprise storage
A.L	en	Equity (finance)
A.L	en	Ericsson
A.L	en	Exponentiation
A.L	en	Facebook
A.L	en	Fiscal year
A.L	en	Flextronics
A.L	en	Foxconn
A.L	en	France Télécom
A.L	en	Freescale Semiconductor
A.L	en	Fujitsu
A.L	en	GlobalFoundries
A.L	en	Global climate change
A.L	en	Globes
A.L	en	Google
A.L	en	Google Finance
A.L	en	Greenplum
A.L	en	Groupon
A.L	en	HCL Technologies
A.L	en	HP Enterprise Services
A.L	en	HP Software Division
A.L	en	HTC
A.L	en	Hardware virtualization
A.L	en	Hewlett-Packard
A.L	en	Hitachi Consulting
A.L	en	Hitachi Data Systems
A.L	en	Hoover's
A.L	en	Hopkinton, Massachusetts
A.L	en	Huawei
A.L	en	Hutchison Telecommunications International Limited
A.L	en	IAC (company)
A.L	en	IBM
A.L	en	IBM Global Services
A.L	en	IT Management
A.L	en	IT Services
A.L	en	IT management
A.L	en	IT services
A.L	en	Indra Sistemas
A.L	en	Infineon Technologies
A.L	en	Information security
A.L	en	Information storage
A.L	en	Information technology
A.L	en	Infosys
A.L	en	Infra Corporation
A.L	en	Initial public offering
A.L	en	Intel
A.L	en	Intuit
A.L	en	Iomega
A.L	en	Ireland
A.L	en	Isilon
A.L	en	Isilon Systems
A.L	en	Jabil Circuit
A.L	en	Jerusalem Venture Partners
A.L	en	Joseph M. Tucci
A.L	en	Juniper Networks
A.L	en	KDDI
A.L	en	KPN
A.L	en	KT Corporation
A.L	en	Karbonn Mobiles
A.L	en	Konica Minolta
A.L	en	Kyocera
A.L	en	LG Electronics
A.L	en	Lenovo
A.L	en	Lexmark
A.L	en	List of the largest information technology companies
A.L	en	List of the largest software companies
A.L	en	MTN Group
A.L	en	MTS (network provider)
A.L	en	Marvell Technology Group
A.L	en	Massachusetts
A.L	en	Mass–energy equivalence
A.L	en	MediaTek
A.L	en	Micromax Mobile
A.L	en	Micron Technology
A.L	en	Microsoft
A.L	en	Mitsubishi Electric
A.L	en	Moshe Yanai
A.L	en	Motorola Mobility
A.L	en	Motorola Solutions
A.L	en	Mozy
A.L	en	Multinational corporation
A.L	en	NCR Corporation
A.L	en	NEC
A.L	en	NEC Casio Mobile Communications
A.L	en	NHN Corporation
A.L	en	NLayers
A.L	en	NTT Data
A.L	en	NTT DoCoMo
A.L	en	NXP Semiconductors
A.L	en	NetApp
A.L	en	NetEase
A.L	en	NetQoS
A.L	en	Net income
A.L	en	Netwitness
A.L	en	New York Stock Exchange
A.L	en	Newsweek
A.L	en	Nikon
A.L	en	Nippon Telegraph and Telephone
A.L	en	Nokia
A.L	en	Nokia Siemens Networks
A.L	en	Non-profit
A.L	en	Nvidia
A.L	en	Oi (telecommunications)
A.L	en	Olympus Corporation
A.L	en	Oracle Corporation
A.L	en	Orange Business Services
A.L	en	Panasonic
A.L	en	Pivotal Labs
A.L	en	Pivotal Tracker
A.L	en	President
A.L	en	Prime Computer
A.L	en	Public company
A.L	en	Qualcomm
A.L	en	Quanta Computer
A.L	en	RSA (security firm)
A.L	en	RSA Security
A.L	en	Rakuten
A.L	en	RecoverPoint
A.L	en	Renesas Electronics
A.L	en	Retrospect (software)
A.L	en	Reuters
A.L	en	Richard Egan (businessman)
A.L	en	Ricoh
A.L	en	Roger Marino
A.L	en	Rogers Communications
A.L	en	S&P 500
A.L	en	SAP AG
A.L	en	SEC filings
A.L	en	SK Hynix
A.L	en	SK Telecom
A.L	en	SRDF
A.L	en	STEM fields
A.L	en	STMicroelectronics
A.L	en	Samsung Electronics
A.L	en	Sanmina-SCI Corporation
A.L	en	Saudi Telecom Company
A.L	en	Seagate Technology
A.L	en	Seiko Epson
A.L	en	Semiconductor sales leaders by year
A.L	en	Shanghai, China
A.L	en	Sharp Corporation
A.L	en	Silicium Security
A.L	en	SingTel
A.L	en	Singapore
A.L	en	SoftBank Mobile
A.L	en	Sony
A.L	en	Sony Mobile Communications
A.L	en	Sprint Nextel
A.L	en	Storage Networking Industry Association
A.L	en	Storage area network
A.L	en	Subsidiary
A.L	en	Supersize Me
A.L	en	Sustainability
A.L	en	Swisscom
A.L	en	Symantec
A.L	en	Symmetrix
A.L	en	Syncplicity
A.L	en	T-Systems
A.L	en	TPV Technology
A.L	en	TSMC
A.L	en	Tata Consultancy Services
A.L	en	Technology consulting
A.L	en	Telecom Italia
A.L	en	Telefónica
A.L	en	Telenor
A.L	en	TeliaSonera
A.L	en	Tencent Holdings
A.L	en	Texas Instruments
A.L	en	The Green Grid
A.L	en	Ticker symbol
A.L	en	Toshiba
A.L	en	Types of business entity
A.L	en	Unisys
A.L	en	United Microelectronics Corporation
A.L	en	United States Securities and Exchange Commission
A.L	en	United States dollar
A.L	en	VMware
A.L	en	VPLEX
A.L	en	Vblock
A.L	en	Verizon Communications
A.L	en	VimpelCom Ltd.
A.L	en	Virtualization
A.L	en	Vivendi
A.L	en	Vmware
A.L	en	Vodafone
A.L	en	Western Digital
A.L	en	Wipro
A.L	en	Wistron Corporation
A.L	en	World economic forum
A.L	en	Xerox
A.L	en	Yahoo!
A.L	en	Yahoo! Finance
A.L	en	ZTE
A.L	en	Wikipedia:Citation needed
A.L	en	Wikipedia:Please clarify
A.L	en	Template:EMC
A.L	en	Template:Major information technology companies
A.L	en	Template talk:EMC
A.L	en	Template talk:Major information technology companies
A.L	en	Category:Articles with unsourced statements from August 2012
A.L	en	Category:Wikipedia articles needing clarification from April 2011
A.L	en	Category:Wikipedia articles needing clarification from August 2012
B.L	fr	1979
B.L	fr	Activision Blizzard
B.L	fr	Albert Einstein
B.L	fr	Biens et services marchands
B.L	fr	Chef d'entreprise
B.L	fr	Chiffre d'affaires
B.L	fr	DiskXtender
B.L	fr	Documentum
B.L	fr	E=mc2
B.L	fr	EMC Avamar
B.L	fr	EMC Centera
B.L	fr	EMC Data Domain
B.L	fr	EMC Disk Library
B.L	fr	EMC Legato Networker
B.L	fr	EMC Symmetrix
B.L	fr	Entreprise
B.L	fr	Ericsson
B.L	fr	Fibre Channel
B.L	fr	Fibre Channel over Ethernet
B.L	fr	Filiale
B.L	fr	Gestion électronique des documents
B.L	fr	Hewlett-Packard
B.L	fr	Hopkinton (Massachusetts)
B.L	fr	ISCSI
B.L	fr	International Business Machines
B.L	fr	Microsoft
B.L	fr	Network File System
B.L	fr	Newton (Massachusetts)
B.L	fr	Nintendo
B.L	fr	Oracle Corporation
B.L	fr	Progiciel
B.L	fr	RSA Security
B.L	fr	Richard Egan (ingénieur)
B.L	fr	Réseau de stockage SAN
B.L	fr	SAP (entreprise)
B.L	fr	SRDF
B.L	fr	Secteur d'activité
B.L	fr	Server Message Block
B.L	fr	Serveur de stockage en réseau
B.L	fr	Site web
B.L	fr	Siège social
B.L	fr	Slogan publicitaire
B.L	fr	Smarts
B.L	fr	Symantec
B.L	fr	TimeFinder
B.L	fr	VMware
B.L	fr	États-Unis
B.L	fr	Discussion:EMC Corporation/À faire
B.L	fr	Modèle:Infobox Société
B.L	fr	Modèle:Palette Société logiciel
B.L	fr	Modèle:Ébauche/paramètres entreprise
B.L	fr	Discussion modèle:Palette Société logiciel
B.L	fr	Aide:Comment modifier une page
B.L	fr	Aide:Qui
B.L	fr	Aide:Ébauche
B.L	fr	Catégorie:Entreprise par date de fondation
B.L	fr	Catégorie:Portail:Entreprises/Articles liés
B.L	fr	Catégorie:Portail:Informatique/Articles liés
B.L	fr	Portail:Entreprises
B.L	fr	Portail:Informatique
B.L	fr	Projet:Accueil
B.L	he	1979
B.L	he	1981
B.L	he	2001
B.L	he	2006
B.L	he	2009
B.L	he	IBM
B.L	he	NYSE
B.L	he	RSA Security
B.L	he	S&P 500
B.L	he	SAN
B.L	he	Ynet
B.L	he	אירלנד
B.L	he	אמצעי לאחסון נתונים
B.L	he	ארצות הברית
B.L	he	בלגיה
B.L	he	ברזיל
B.L	he	ג'וזף טוצ'י
B.L	he	דירוג החברות של כתב העת Fortune
B.L	he	הבורסה לניירות ערך בניו יורק
B.L	he	הודו
B.L	he	הולנד
B.L	he	הופקינטון
B.L	he	היולט פקארד
B.L	he	היטאצ'י
B.L	he	חברה ציבורית
B.L	he	ישראל
B.L	he	כונן דיסקים
B.L	he	מחקר ופיתוח
B.L	he	מנכ"ל
B.L	he	מסצ'וסטס
B.L	he	סטארט אפ
B.L	he	סימטריקס
B.L	he	סין
B.L	he	סינגפור
B.L	he	קשיה
B.L	he	רוג'ר מרינו
B.L	he	רוסיה
B.L	he	ריצ'רד איגן
B.L	he	תאגיד רב-לאומי
B.L	he	ויקיפדיה:ברוכים הבאים
B.L	he	ויקיפדיה:קצרמר
B.L	he	תבנית:קצרמר/הרחבה/מחשבים
B.L	he	קטגוריה:קצרמר מחשבים
B.L	gl	1979
B.L	gl	1986
B.L	gl	1988
B.L	gl	2001
B.L	gl	2006
B.L	gl	2010
B.L	gl	Agami Systems
B.L	gl	Albert Einstein
B.L	gl	American Fortune 500
B.L	gl	CIO 100 Award
B.L	gl	CLARiiON
B.L	gl	Data General
B.L	gl	Estados Unidos de América - United States of America
B.L	gl	FT Global 500
B.L	gl	Fortune
B.L	gl	Hardware
B.L	gl	Hewlett-Packard
B.L	gl	Hitachi Data Systems
B.L	gl	Hopkinton
B.L	gl	IBM
B.L	gl	Intel
B.L	gl	Invista
B.L	gl	Massachusetts
B.L	gl	Moshe Yanai
B.L	gl	NASDAQ
B.L	gl	NYSE
B.L	gl	NetApp
B.L	gl	New York Stock Exchange
B.L	gl	RAID
B.L	gl	Rainfinity
B.L	gl	S&P 500
B.L	gl	Software
B.L	gl	Symmetrix
B.L	gl	VMware
B.L	gl	XIV Storage
B.L	de	1979
B.L	de	3M
B.L	de	AT&T
B.L	de	Abbott Laboratories
B.L	de	Accenture
B.L	de	Acxiom
B.L	de	Akronym
B.L	de	Albert Einstein
B.L	de	Allstate
B.L	de	Altria Group
B.L	de	Amazon.com
B.L	de	American Electric Power
B.L	de	American Express
B.L	de	Amgen
B.L	de	Anadarko Petroleum
B.L	de	Apache Corporation
B.L	de	Apple
B.L	de	Archivierung
B.L	de	Baker Hughes
B.L	de	Bank of America
B.L	de	Bank of New York Mellon
B.L	de	Baxter International
B.L	de	Berkshire Hathaway
B.L	de	Berlin
B.L	de	Big Data
B.L	de	Boeing
B.L	de	Bristol-Myers Squibb
B.L	de	Business Intelligence
B.L	de	CFO
B.L	de	CLARiiON
B.L	de	CVS Caremark
B.L	de	Capgemini
B.L	de	Capital One
B.L	de	Caterpillar
B.L	de	Chairman
B.L	de	Chevron Corporation
B.L	de	Chief Executive Officer
B.L	de	China
B.L	de	Cisco Systems
B.L	de	Citigroup
B.L	de	Cloud-Computing
B.L	de	Colgate-Palmolive
B.L	de	Comcast
B.L	de	ConocoPhillips
B.L	de	Content-Management
B.L	de	Costco Wholesale
B.L	de	Curriculum (Pädagogik)
B.L	de	Data-Warehouse
B.L	de	Data General
B.L	de	Datensicherung
B.L	de	Datenspeicher
B.L	de	Datenwiederherstellung
B.L	de	Dell
B.L	de	Deutschland
B.L	de	Devon Energy
B.L	de	Disk Array
B.L	de	Documentum
B.L	de	Dokumentenmanagement
B.L	de	Dow Chemical
B.L	de	Dresden
B.L	de	DuPont
B.L	de	EBay
B.L	de	Eli Lilly and Company
B.L	de	Emerson Electric Company
B.L	de	Enterprise-Content-Management
B.L	de	Enterprise Content Management
B.L	de	Erlös
B.L	de	Exelon
B.L	de	ExxonMobil
B.L	de	Fachhochschule Brandenburg
B.L	de	Fachhochschule Flensburg
B.L	de	FedEx
B.L	de	Ford
B.L	de	Fortune (Zeitschrift)
B.L	de	Frankreich
B.L	de	Freeport-McMoRan
B.L	de	Gartner Group
B.L	de	General Dynamics
B.L	de	General Electric
B.L	de	Gesellschaftsrecht der Vereinigten Staaten
B.L	de	Gilead Sciences
B.L	de	Globes
B.L	de	Goldman Sachs
B.L	de	Google Inc.
B.L	de	Governance
B.L	de	Gründung (Recht)
B.L	de	H. J. Heinz Company
B.L	de	Halliburton
B.L	de	Hamburg
B.L	de	Hannover
B.L	de	Hardware
B.L	de	Hewlett-Packard
B.L	de	Hitachi (Unternehmen)
B.L	de	Hochschule Darmstadt
B.L	de	Honeywell International
B.L	de	Hopkinton (Massachusetts)
B.L	de	IBM
B.L	de	IT-Berater
B.L	de	IT-Beratung
B.L	de	IT-Dienstleistung
B.L	de	IT-Management
B.L	de	Informationsmanagement
B.L	de	Informationssicherheit
B.L	de	Intel
B.L	de	International Securities Identification Number
B.L	de	Iomega
B.L	de	Irland
B.L	de	JPMorgan Chase & Co.
B.L	de	Johnson & Johnson
B.L	de	Joint Venture
B.L	de	Kraft Foods
B.L	de	Kundendienst
B.L	de	Leonberg
B.L	de	Liste der IT-Zertifikate
B.L	de	Lockheed Martin
B.L	de	Lowe’s
B.L	de	MSD Sharp & Dohme
B.L	de	Massachusetts
B.L	de	Mastercard
B.L	de	McDonald’s
B.L	de	Medtronic
B.L	de	Metropolitan Life Insurance Company
B.L	de	Microsoft
B.L	de	Mitarbeiter
B.L	de	Monsanto
B.L	de	Morgan Stanley
B.L	de	Mozy
B.L	de	München
B.L	de	National Oilwell Varco
B.L	de	NetApp
B.L	de	NetWorker
B.L	de	Neuss
B.L	de	News Corporation
B.L	de	Nike (Unternehmen)
B.L	de	Norfolk Southern Railway
B.L	de	Nürnberg
B.L	de	Occidental Petroleum
B.L	de	Oracle
B.L	de	PepsiCo
B.L	de	Pfizer
B.L	de	Philip Morris International
B.L	de	Procter & Gamble
B.L	de	Qualcomm
B.L	de	RSA Security
B.L	de	Raytheon
B.L	de	Rechtsform
B.L	de	Richard Egan (Diplomat)
B.L	de	S&P 100
B.L	de	SAP
B.L	de	Schlumberger (Unternehmen)
B.L	de	Schwalbach am Taunus
B.L	de	Simon Property
B.L	de	Singapur
B.L	de	Sitz (juristische Person)
B.L	de	Software
B.L	de	Southern Company
B.L	de	Starbucks
B.L	de	Storage
B.L	de	Storage Area Network
B.L	de	Support (Dienstleistung)
B.L	de	Symmetrix
B.L	de	Target Corporation
B.L	de	Texas Instruments
B.L	de	The Coca-Cola Company
B.L	de	The Home Depot
B.L	de	The Walt Disney Company
B.L	de	Time Warner
B.L	de	U.S. Bancorp
B.L	de	US-Dollar
B.L	de	Union Pacific Railroad
B.L	de	UnitedHealth
B.L	de	United Parcel Service
B.L	de	United Technologies Corporation
B.L	de	Unternehmensführung
B.L	de	Unternehmensübernahme
B.L	de	VMware
B.L	de	Vereinigte Staaten
B.L	de	Vereinigtes Königreich
B.L	de	Verizon Communications
B.L	de	Virtualisierung (Informatik)
B.L	de	Visa Inc.
B.L	de	Walgreens
B.L	de	Walmart
B.L	de	Website
B.L	de	Wells Fargo
B.L	de	Williams Companies
B.L	de	Wirtschaftszweig
B.L	de	Ägypten
B.L	el	10 Ιουλίου
B.L	el	11 Μαΐου
B.L	el	12 Απριλίου
B.L	el	12 Ιουλίου
B.L	el	12 Οκτωβρίου
B.L	el	14 Ιουλίου
B.L	el	14 Οκτωβρίου
B.L	el	15 Απριλίου
B.L	el	15 Δεκεμβρίου
B.L	el	16 Αυγούστου
B.L	el	17 Αυγούστου
B.L	el	18 Σεπτεμβρίου
B.L	el	1979
B.L	el	1993
B.L	el	1994
B.L	el	1995
B.L	el	1999
B.L	el	19 Ιουνίου
B.L	el	1 Νοεμβρίου
B.L	el	1 Οκτωβρίου
B.L	el	2000
B.L	el	2001
B.L	el	2002
B.L	el	2003
B.L	el	2004
B.L	el	2005
B.L	el	2006
B.L	el	2007
B.L	el	20 Οκτωβρίου
B.L	el	21 Δεκεμβρίου
B.L	el	25 Σεπτεμβρίου
B.L	el	26 Οκτωβρίου
B.L	el	29 Ιουνίου
B.L	el	2 Νοεμβρίου
B.L	el	2 Φεβρουαρίου
B.L	el	30 Αυγούστου
B.L	el	30 Οκτωβρίου
B.L	el	31 Αυγούστου
B.L	el	4 Ιουνίου
B.L	el	6 Ιανουαρίου
B.L	el	6 Φεβρουαρίου
B.L	el	7 Ιουνίου
B.L	el	8 Φεβρουαρίου
B.L	el	9 Αυγούστου
B.L	el	9 Ιανουαρίου
B.L	el	9 Μαΐου
B.L	el	9 Μαρτίου
B.L	el	Acxiom
B.L	el	Allocity
B.L	el	Array Technology Corporation
B.L	el	Astrum
B.L	el	Authentica
B.L	el	Avamar
B.L	el	Berkeley Data Systems
B.L	el	BusinessEdge Solutions
B.L	el	CLARiiON
B.L	el	Captiva Software
B.L	el	Centera
B.L	el	Copernique S.A.
B.L	el	CrosStor
B.L	el	Dantz Development
B.L	el	Data General
B.L	el	EMC Legato Networker
B.L	el	Epoch Systems Inc.
B.L	el	FilePool
B.L	el	Fortune 500
B.L	el	Geniant
B.L	el	Grid Computing
B.L	el	Hewlett-Packard
B.L	el	Hitachi Data Systems
B.L	el	Infoscape
B.L	el	Interlink Group
B.L	el	Internosis
B.L	el	Kashya
B.L	el	Legato Systems
B.L	el	Magna Computer Corporation
B.L	el	Maranti Networks
B.L	el	McData Corporation
B.L	el	Moshe Yanai
B.L	el	NLayers
B.L	el	Network Appliance
B.L	el	Network Intelligence
B.L	el	Prisa Networks
B.L	el	ProActivity
B.L	el	RSA Security
B.L	el	Rainfinity
B.L	el	Richard Egan
B.L	el	Roger Marino
B.L	el	S&P 500
B.L	el	Softworks
B.L	el	Symmetrix
B.L	el	Tablus
B.L	el	VMware
B.L	el	Valyd
B.L	el	Verid
B.L	el	Άδεια Ελεύθερης Τεκμηρίωσης GNU
B.L	el	ΗΠΑ
B.L	el	ΙΒΜ
B.L	el	Κίνα
B.L	el	Μασσαχουσέτη
B.L	el	Σαγκάη
B.L	el	Σιγκαπούρη
B.L	el	Χόπκιντον
B.L	es	1979
B.L	es	Agami Systems
B.L	es	American Fortune 500
B.L	es	CLARiiON
B.L	es	Canal de Fibra
B.L	es	Centera
B.L	es	Data General
B.L	es	Dell
B.L	es	Dólar estadounidense
B.L	es	Estados Unidos
B.L	es	Hewlett-Packard
B.L	es	Hitachi Data Systems
B.L	es	Hopkinton
B.L	es	IBM
B.L	es	Industria
B.L	es	Informática
B.L	es	Infoscape
B.L	es	Iomega
B.L	es	Lenguaje de programación Java
B.L	es	Management Arts, Inc
B.L	es	Massachusetts
B.L	es	Microsoft
B.L	es	Moshe Yanai
B.L	es	Multinacional
B.L	es	NAS
B.L	es	NASDAQ
B.L	es	NYSE
B.L	es	NetQoS
B.L	es	Network Appliance
B.L	es	Oracle
B.L	es	Países Bajos
B.L	es	Prisa Network
B.L	es	RAID
B.L	es	RSA Security
B.L	es	RSA Security, Inc.
B.L	es	Rainfinity
B.L	es	Rotterdam
B.L	es	S&P 500
B.L	es	SAN
B.L	es	SAP AG
B.L	es	SATA
B.L	es	SMARTS
B.L	es	Sitio web
B.L	es	Softworks
B.L	es	Symmetrix
B.L	es	TB
B.L	es	VMware
B.L	es	VisualSAN
B.L	es	X-Hive Corporation
B.L	es	X-X-Hive Corporation
B.L	es	XIV Storage
B.L	ca	CLARiiON
B.L	ca	Data General
B.L	ca	Fortune 500
B.L	ca	Hopkinton (Massachusetts)
B.L	ca	Maquinari
B.L	ca	Massachusetts
B.L	ca	New York Stock Exchange
B.L	ca	Programari
B.L	ca	RAID
B.L	ca	S&P 500
B.L	ca	Symmetrix
B.L	pl	1979
B.L	pl	ACS
B.L	pl	Accenture
B.L	pl	Albert Einstein
B.L	pl	Aplikacja (informatyka)
B.L	pl	Archiwizacja danych
B.L	pl	Atos Origin
B.L	pl	Avamar
B.L	pl	Biblioteki taśmowe
B.L	pl	Branża
B.L	pl	Brocade
B.L	pl	CLARiiON
B.L	pl	Capgemini
B.L	pl	Captiva Software
B.L	pl	Celerra
B.L	pl	Centera
B.L	pl	Chiny
B.L	pl	Cisco
B.L	pl	Clariion
B.L	pl	Computer Sciences Corporation
B.L	pl	Connectrix
B.L	pl	ControlCenter
B.L	pl	DataDomain
B.L	pl	Dell
B.L	pl	Deloitte Consulting
B.L	pl	DiskXtender
B.L	pl	Documentum
B.L	pl	EDS
B.L	pl	EMC Autostart
B.L	pl	EMC Disk Library
B.L	pl	EMC Legato NetWorker
B.L	pl	EMC Smarts
B.L	pl	Fujitsu Services
B.L	pl	HARDWARE
B.L	pl	HCL
B.L	pl	Hewlett-Packard
B.L	pl	Hopkinton (Massachusetts)
B.L	pl	Indie
B.L	pl	Intel
B.L	pl	International Business Machines Corporation
B.L	pl	Irlandia
B.L	pl	Macierz
B.L	pl	Massachusetts
B.L	pl	Microsoft
B.L	pl	Monitoring
B.L	pl	Mozy
B.L	pl	New York Stock Exchange
B.L	pl	Novell
B.L	pl	Oracle (firma)
B.L	pl	Perot Systems
B.L	pl	Poczta elektroniczna
B.L	pl	PowerPath
B.L	pl	Produkt (marketing)
B.L	pl	RSA Security
B.L	pl	Rainfinity
B.L	pl	RecoverPoint
B.L	pl	Replikacja
B.L	pl	Retrospect (software)
B.L	pl	Richard Egan
B.L	pl	Roger Marino
B.L	pl	Równoważność masy i energii
B.L	pl	SAP AG
B.L	pl	SOFTWARE
B.L	pl	SRDF
B.L	pl	Serwer
B.L	pl	Singapur
B.L	pl	Storage
B.L	pl	Sun Microsystems
B.L	pl	Symmetrix
B.L	pl	Tata Consultancy Services
B.L	pl	Technologia informacyjna
B.L	pl	USA
B.L	pl	Unisys Corporation
B.L	pl	VMware
B.L	pl	Wipro
B.L	ko	S&P 500
B.L	ko	VMWare
B.L	ko	뉴욕 증권거래소
B.L	ko	데이터 센터
B.L	ko	데이터 제너럴
B.L	ko	매사추세츠
B.L	ko	미국
B.L	ko	포춘 (잡지)
B.L	ko	홉킨톤
B.L	ko	위키백과:토막글
B.L	ko	틀:토막글/그림/기업
B.L	kk	2008 жыл
B.L	kk	AT&T Inc.
B.L	kk	Accenture
B.L	kk	Acer Inc.
B.L	kk	Adobe Systems
B.L	kk	Advanced Micro Devices
B.L	kk	Alcatel-Lucent
B.L	kk	Amazon.com
B.L	kk	América Móvil
B.L	kk	Apple Inc.
B.L	kk	Asus
B.L	kk	Atos
B.L	kk	Avaya
B.L	kk	BT Global Services
B.L	kk	BT Group
B.L	kk	Baidu
B.L	kk	Bell Canada
B.L	kk	Bharti Airtel
B.L	kk	Booz Allen Hamilton
B.L	kk	Broadcom
B.L	kk	CACI
B.L	kk	CA Technologies
B.L	kk	CGI Group
B.L	kk	Canon Inc.
B.L	kk	Capgemini
B.L	kk	Celestica
B.L	kk	CenturyLink
B.L	kk	China Mobile
B.L	kk	China Telecom
B.L	kk	China Unicom
B.L	kk	Cisco Systems
B.L	kk	Cognizant Technology Solutions
B.L	kk	Comcast
B.L	kk	Compal Electronics
B.L	kk	Computer Sciences Corporation
B.L	kk	Datang Telecom
B.L	kk	Dell
B.L	kk	Deloitte
B.L	kk	Deutsche Telekom
B.L	kk	EBay
B.L	kk	Eastman Kodak
B.L	kk	Ericsson
B.L	kk	FT Global 500
B.L	kk	Flextronics
B.L	kk	Fortune 500
B.L	kk	Foxconn
B.L	kk	France Télécom
B.L	kk	Freescale Semiconductor
B.L	kk	Fujitsu
B.L	kk	GlobalFoundries
B.L	kk	Google
B.L	kk	HCL Technologies
B.L	kk	HP Enterprise Services
B.L	kk	HP Software Division
B.L	kk	HTC
B.L	kk	Hewlett-Packard
B.L	kk	Hitachi Consulting
B.L	kk	Hitachi Data Systems
B.L	kk	Huawei
B.L	kk	Hutchison Telecommunications International Limited
B.L	kk	IAC (company)
B.L	kk	IBM
B.L	kk	IBM Global Services
B.L	kk	Indra Sistemas
B.L	kk	Infineon Technologies
B.L	kk	Infosys
B.L	kk	Intel
B.L	kk	Intuit
B.L	kk	Jabil Circuit
B.L	kk	Juniper Networks
B.L	kk	KDDI
B.L	kk	KPN
B.L	kk	KT Corporation
B.L	kk	Konica Minolta
B.L	kk	Kyocera
B.L	kk	LG Electronics
B.L	kk	Lenovo
B.L	kk	Lexmark
B.L	kk	MTS (network provider)
B.L	kk	Marvell Technology Group
B.L	kk	MediaTek
B.L	kk	Micron Technology
B.L	kk	Microsoft
B.L	kk	Mitsubishi Electric
B.L	kk	Motorola Mobility
B.L	kk	Motorola Solutions
B.L	kk	NCR Corporation
B.L	kk	NEC
B.L	kk	NEC Casio Mobile Communications
B.L	kk	NHN Corporation
B.L	kk	NTT Data
B.L	kk	NTT DoCoMo
B.L	kk	NXP Semiconductors
B.L	kk	NetApp
B.L	kk	NetEase
B.L	kk	New York Stock Exchange
B.L	kk	Nikon
B.L	kk	Nippon Telegraph and Telephone
B.L	kk	Nokia
B.L	kk	Nokia Siemens Networks
B.L	kk	Nvidia
B.L	kk	Oracle Corporation
B.L	kk	Orange Business Services
B.L	kk	Panasonic
B.L	kk	Qualcomm
B.L	kk	Quanta Computer
B.L	kk	Rakuten
B.L	kk	Renesas Electronics
B.L	kk	Research In Motion
B.L	kk	Ricoh
B.L	kk	Rogers Communications
B.L	kk	S&P 500
B.L	kk	SAP AG
B.L	kk	SK Hynix
B.L	kk	SK Telecom
B.L	kk	STMicroelectronics
B.L	kk	Samsung Electronics
B.L	kk	Sanmina-SCI Corporation
B.L	kk	Seagate Technology
B.L	kk	Seiko Epson
B.L	kk	Sharp Corporation
B.L	kk	SingTel
B.L	kk	SoftBank Mobile
B.L	kk	Sony
B.L	kk	Sony Mobile Communications
B.L	kk	Sprint Nextel
B.L	kk	Swisscom
B.L	kk	Symantec
B.L	kk	T-Systems
B.L	kk	TPV Technology
B.L	kk	TSMC
B.L	kk	Tata Consultancy Services
B.L	kk	Telecom Italia
B.L	kk	Telefónica
B.L	kk	Telenor
B.L	kk	TeliaSonera
B.L	kk	Tencent Holdings
B.L	kk	Texas Instruments
B.L	kk	Toshiba
B.L	kk	Unisys
B.L	kk	VIA Technologies
B.L	kk	VMware
B.L	kk	Verizon Communications
B.L	kk	VimpelCom Ltd.
B.L	kk	Vivendi
B.L	kk	Vodafone
B.L	kk	Western Digital
B.L	kk	Wipro
B.L	kk	Wistron Corporation
B.L	kk	Xerox
B.L	kk	Yahoo!
B.L	kk	ZTE
B.L	kk	Ірі ақпарат технологиясы компанияларының тізімі
B.L	kk	Айналым қаражаты
B.L	kk	АҚШ
B.L	kk	Ақпарат технологиясы
B.L	kk	Массачусетс
B.L	kk	Меншікті өткізгіштер сатушы компаниялары
B.L	kk	Нью-Йорк қор биржасы
B.L	kk	Сингапур
B.L	kk	Таза табыс
B.L	kk	Хопкингтон
B.L	kk	Әлемнің ең ірі бағдарламалық жасақтама мекемелері
B.L	kk	Үлгі:Ақпарат технологиясы компаниялары
B.L	kk	Үлгі талқылауы:Ақпарат технологиясы компаниялары
B.L	id	1979
B.L	id	2010
B.L	id	AT&T
B.L	id	Accenture
B.L	id	Acer Inc.
B.L	id	Adobe Systems
B.L	id	Advanced Micro Devices
B.L	id	Alcatel-Lucent
B.L	id	Amazon.com
B.L	id	Amerika Serikat
B.L	id	América Móvil
B.L	id	Apple Inc.
B.L	id	Asus
B.L	id	Atos
B.L	id	Avamar
B.L	id	Avaya
B.L	id	BT Global Services
B.L	id	BT Group
B.L	id	Baidu
B.L	id	Bell Canada
B.L	id	Bharti Airtel
B.L	id	Booz Allen Hamilton
B.L	id	Broadcom
B.L	id	Bursa Saham New York
B.L	id	CACI
B.L	id	CA Technologies
B.L	id	CGI Group
B.L	id	CLARiiON
B.L	id	Canon (perusahaan)
B.L	id	Capgemini
B.L	id	Captiva Software
B.L	id	Celerra
B.L	id	Celestica
B.L	id	Centera
B.L	id	CenturyLink
B.L	id	Chief Executive Officer
B.L	id	China Mobile
B.L	id	China Telecom
B.L	id	China Unicom
B.L	id	Cisco Systems
B.L	id	Cognizant Technology Solutions
B.L	id	Comcast
B.L	id	Compal Electronics
B.L	id	Computer Sciences Corporation
B.L	id	Computer data storage
B.L	id	Connectrix
B.L	id	ControlCenter
B.L	id	Daftar perusahaan perangkat lunak besar
B.L	id	Daftar perusahaan teknologi besar
B.L	id	Datang Telecom
B.L	id	Dell
B.L	id	Deloitte
B.L	id	Deutsche Telekom
B.L	id	DiskXtender
B.L	id	Documentum
B.L	id	EBay
B.L	id	EMC Autostart
B.L	id	EMC Legato NetWorker
B.L	id	EMC Smarts
B.L	id	Eastman Kodak
B.L	id	Ericsson
B.L	id	Flextronics
B.L	id	Foxconn
B.L	id	France Télécom
B.L	id	Freescale Semiconductor
B.L	id	Fujitsu
B.L	id	GlobalFoundries
B.L	id	Google
B.L	id	HCL Technologies
B.L	id	HP Enterprise Services
B.L	id	HP Software Division
B.L	id	HTC
B.L	id	Hewlett-Packard
B.L	id	Hitachi Consulting
B.L	id	Hitachi Data Systems
B.L	id	Hopkinton, Massachusetts
B.L	id	Huawei
B.L	id	Hutchison Telecommunications International Limited
B.L	id	IAC (perusahaan)
B.L	id	IBM
B.L	id	Indra Sistemas
B.L	id	Infineon Technologies
B.L	id	Infosys
B.L	id	Intel
B.L	id	Intuit
B.L	id	Jabil Circuit
B.L	id	Jenis entitas bisnis
B.L	id	Joseph M. Tucci
B.L	id	Juniper Networks
B.L	id	KDDI
B.L	id	KPN
B.L	id	KT Corporation
B.L	id	Komputer
B.L	id	Konica Minolta
B.L	id	Korporasi
B.L	id	Kyocera
B.L	id	LG Electronics
B.L	id	Laba bersih
B.L	id	Lenovo
B.L	id	Lexmark
B.L	id	MTS (penyedia jaringan)
B.L	id	Marvell Technology Group
B.L	id	MediaTek
B.L	id	Micron Technology
B.L	id	Microsoft
B.L	id	Mitsubishi Electric
B.L	id	Motorola Mobility
B.L	id	Motorola Solutions
B.L	id	Multinasional
B.L	id	NCR Corporation
B.L	id	NEC
B.L	id	NEC Casio Mobile Communications
B.L	id	NHN Corporation
B.L	id	NTT Data
B.L	id	NTT DoCoMo
B.L	id	NXP Semiconductors
B.L	id	NetApp
B.L	id	NetEase
B.L	id	Nippon Telegraph and Telephone
B.L	id	Nokia
B.L	id	Nokia Siemens Networks
B.L	id	Nvidia
B.L	id	Oracle Corporation
B.L	id	Orange Business Services
B.L	id	Panasonic
B.L	id	Peringkat penjualan semikonduktor menurut tahun
B.L	id	Perusahaan
B.L	id	Perusahaan (hukum)
B.L	id	Perusahaan publik
B.L	id	PowerPath
B.L	id	Qualcomm
B.L	id	Quanta Computer
B.L	id	Rainfinity
B.L	id	Rakuten
B.L	id	RecoverPoint
B.L	id	Renesas Electronics
B.L	id	Research In Motion
B.L	id	Retrospect
B.L	id	Ricoh
B.L	id	Rogers Communications
B.L	id	SAP AG
B.L	id	SK Hynix
B.L	id	SK Telecom
B.L	id	SRDF
B.L	id	STMicroelectronics
B.L	id	Samsung Electronics
B.L	id	Sanmina-SCI Corporation
B.L	id	Seagate Technology
B.L	id	Seiko Epson
B.L	id	Sharp Corporation
B.L	id	SingTel
B.L	id	SoftBank Mobile
B.L	id	Sony
B.L	id	Sony Mobile Communications
B.L	id	Sprint Nextel
B.L	id	Swisscom
B.L	id	Symantec
B.L	id	Symmetrix
B.L	id	T-Systems
B.L	id	TPV Technology
B.L	id	TSMC
B.L	id	Tata Consultancy Services
B.L	id	Teknologi informasi
B.L	id	Telecom Italia
B.L	id	Telefónica
B.L	id	Telenor
B.L	id	TeliaSonera
B.L	id	Tencent Holdings
B.L	id	Texas Instruments
B.L	id	Toshiba
B.L	id	Unisys
B.L	id	United States dollar
B.L	id	VIA Technologies
B.L	id	VMware
B.L	id	Verizon Communications
B.L	id	VimpelCom Ltd.
B.L	id	Vivendi
B.L	id	Vodafone
B.L	id	Western Digital
B.L	id	Wipro
B.L	id	Wistron Corporation
B.L	id	Xerox
B.L	id	Yahoo!
B.L	id	Yandex
B.L	id	ZTE
B.L	id	Wikipedia:Rintisan
B.L	id	Templat:Perusahaan teknologi informasi besar
B.L	id	Pembicaraan Templat:Perusahaan teknologi informasi besar
B.L	it	1979
B.L	it	1981
B.L	it	1990
B.L	it	2010
B.L	it	Azienda
B.L	it	Borsa valori
B.L	it	Business intelligence
B.L	it	EMC Symmetrix
B.L	it	Hardware
B.L	it	Hewlett-Packard
B.L	it	Hitachi Data Systems
B.L	it	Hopkinton
B.L	it	Hopkinton (Massachusetts)
B.L	it	IBM
B.L	it	Impresa
B.L	it	Information technology
B.L	it	Intel
B.L	it	Massachusetts
B.L	it	NetApp
B.L	it	Presidente del Consiglio di amministrazione
B.L	it	Prime Computer
B.L	it	Public company
B.L	it	Sito web
B.L	it	Stati Uniti
B.L	it	Stati Uniti d'America
B.L	it	Stato
B.L	it	Stock Exchange di New York
B.L	it	Storage
B.L	it	Virtualizzazione
B.L	it	File:Stub .png
B.L	it	File:Stub aziende statunitensi.png
B.L	it	Aiuto:Abbozzo
B.L	it	Aiuto:Manuale di stile
B.L	it	Categoria:Stub - aziende statunitensi
B.L	it	Portale:Aziende
B.L	it	Portale:Aziende/icona
B.L	it	Portale:Informatica
B.L	it	Portale:Informatica/icona
B.L	it	Portale:Telematica
B.L	it	Portale:Telematica/icona
B.L	it	Progetto:Aziende statunitensi
B.L	ja	1979年
B.L	ja	1993年
B.L	ja	1994年
B.L	ja	1995年
B.L	ja	1999年
B.L	ja	2000年
B.L	ja	2001年
B.L	ja	2002年
B.L	ja	2003年
B.L	ja	2004年
B.L	ja	2005年
B.L	ja	2006年
B.L	ja	2007年
B.L	ja	CLARiX
B.L	ja	Content Addressable Storage
B.L	ja	Documentum
B.L	ja	E=mc²
B.L	ja	Extensible Markup Language
B.L	ja	IBM
B.L	ja	Java
B.L	ja	RSAセキュリティ
B.L	ja	Symmetrix
B.L	ja	VMware
B.L	ja	アイオメガ
B.L	ja	アメリカ合衆国
B.L	ja	アーカイブ (コンピュータ)
B.L	ja	エンタープライズコンテンツ管理
B.L	ja	オランダ
B.L	ja	グリッド・コンピューティング
B.L	ja	シンガポール
B.L	ja	ストレージ
B.L	ja	ストレージエリアネットワーク
B.L	ja	ソフトウェア
B.L	ja	ディスクアレイ
B.L	ja	データセンター
B.L	ja	データゼネラル
B.L	ja	ニューヨーク証券取引所
B.L	ja	ネットアップ
B.L	ja	ネットワーク管理
B.L	ja	バッファロー (パソコン周辺機器)
B.L	ja	ヒューレット・パッカード
B.L	ja	ボストン
B.L	ja	マサチューセッツ州
B.L	ja	ロッテルダム
B.L	ja	仮想化
B.L	ja	会社
B.L	ja	公開会社
B.L	ja	情報セキュリティ
B.L	ja	情報ライフサイクル管理
B.L	ja	新宿マインズタワー
B.L	ja	日本
B.L	ja	日立データシステムズ
B.L	ja	東京都
B.L	ja	株式会社
B.L	ja	業種
B.L	ja	渋谷区
B.L	ja	英語
B.L	ja	Template:基礎情報 会社
B.L	ja	Category:日本の電気機器メーカー
B.L	vi	1979
B.L	vi	Avamar
B.L	vi	CLARiiON
B.L	vi	Captiva Software
B.L	vi	Celerra
B.L	vi	Centera
B.L	vi	Chief Executive Officer
B.L	vi	Connectrix
B.L	vi	ControlCenter
B.L	vi	Công nghiệp
B.L	vi	Công ty đại chúng
B.L	vi	DiskXtender
B.L	vi	Doanh thu
B.L	vi	Documentum
B.L	vi	EMC Autostart
B.L	vi	EMC Legato NetWorker
B.L	vi	EMC Smarts
B.L	vi	Hopkinton, Massachusetts
B.L	vi	Joseph M. Tucci
B.L	vi	Lưu trữ dữ liệu
B.L	vi	PowerPath
B.L	vi	Rainfinity
B.L	vi	RecoverPoint
B.L	vi	Retrospect
B.L	vi	SRDF
B.L	vi	Symmetrix
B.L	vi	Sản phẩm
B.L	vi	Sở giao dịch chứng khoán New York
B.L	vi	VMware
B.L	vi	Website
B.L	vi	Đô la Mỹ
B.L	vi	Wikipedia:Cẩm nang về văn phong
B.L	vi	Wikipedia:Từ điển thuật ngữ
B.L	vi	Bản mẫu:Lợi nhuận
B.L	ru	1979
B.L	ru	1979 год
B.L	ru	2008 год
B.L	ru	CLARiiON
B.L	ru	Celerra
B.L	ru	Centera
B.L	ru	Documentum
B.L	ru	EMC Legato NetWorker
B.L	ru	Hewlett-Packard
B.L	ru	Hitachi Data Systems
B.L	ru	IBM
B.L	ru	Intel
B.L	ru	Iomega
B.L	ru	NetApp
B.L	ru	RSA Security
B.L	ru	Symmetrix
B.L	ru	VMware
B.L	ru	Выручка
B.L	ru	Датацентр
B.L	ru	Екатеринбург
B.L	ru	Институциональный инвестор
B.L	ru	Массачусетс
B.L	ru	Москва
B.L	ru	Моше Янаи
B.L	ru	Новосибирск
B.L	ru	Нью-Йоркская фондовая биржа
B.L	ru	Программное обеспечение
B.L	ru	Публичная компания
B.L	ru	Ричард Иган
B.L	ru	Роджер Марино
B.L	ru	Россия
B.L	ru	США
B.L	ru	Сайт
B.L	ru	Санкт-Петербург
B.L	ru	Система хранения данных
B.L	ru	Соединённые Штаты Америки
B.L	ru	Хопкингтон
B.L	ru	Чистая прибыль
B.L	ru	Юридическое лицо
B.L	pt	1979
B.L	pt	3CORP Technology
B.L	pt	3Com
B.L	pt	AOL
B.L	pt	ASUS
B.L	pt	AT&T
B.L	pt	Accenture
B.L	pt	Acer (empresa)
B.L	pt	Activision Blizzard
B.L	pt	Adobe Systems
B.L	pt	Advanced Micro Devices
B.L	pt	Affiliated Computer Services
B.L	pt	Alcatel-Lucent
B.L	pt	Allied Telesis
B.L	pt	Amazon
B.L	pt	América Móvil
B.L	pt	Analog Devices
B.L	pt	Apple Inc.
B.L	pt	Armazenamento de dados
B.L	pt	Atos Origin
B.L	pt	Avanade
B.L	pt	Avaya
B.L	pt	BT Group
B.L	pt	BearingPoint
B.L	pt	Bharat Sanchar Nigam Limited
B.L	pt	Bharti Airtel
B.L	pt	Booz Allen Hamilton
B.L	pt	Broadcom
B.L	pt	CEO
B.L	pt	CGI Group
B.L	pt	CPM Braxis
B.L	pt	Cablevision
B.L	pt	Capgemini
B.L	pt	Celestica
B.L	pt	China
B.L	pt	China Mobile
B.L	pt	Cisco Systems
B.L	pt	Citrix
B.L	pt	Cognizant Technology Solutions
B.L	pt	Comcast
B.L	pt	Companhia
B.L	pt	Computer Associates
B.L	pt	Computer Sciences Corporation
B.L	pt	Compuware
B.L	pt	Conglomerado (economia)
B.L	pt	Data center
B.L	pt	Dell
B.L	pt	Deloitte
B.L	pt	Deutsche Telekom
B.L	pt	Disco rígido
B.L	pt	EBay
B.L	pt	EDS
B.L	pt	EUA
B.L	pt	EarthLink
B.L	pt	Elcoteq
B.L	pt	Electronic Arts
B.L	pt	Elpida Memory
B.L	pt	Empresa
B.L	pt	Empresa de capital aberto
B.L	pt	Empresas ponto com
B.L	pt	Ericsson
B.L	pt	Estados Unidos
B.L	pt	Fairchild Semiconductor
B.L	pt	First Data
B.L	pt	Flextronics
B.L	pt	Fortune
B.L	pt	Foundry Networks
B.L	pt	Foxconn
B.L	pt	France Télécom
B.L	pt	Freescale Semiconductor
B.L	pt	Fujitsu
B.L	pt	Fujitsu Siemens Computers
B.L	pt	GMS Consulting
B.L	pt	General Electric
B.L	pt	Getronics
B.L	pt	Google
B.L	pt	HCL Technologies
B.L	pt	Hardware
B.L	pt	Hewlett-Packard
B.L	pt	High Tech Computer Corporation
B.L	pt	Hindustan Computers Limited
B.L	pt	Hitachi
B.L	pt	Hitachi (empresa)
B.L	pt	Hitachi Global Storage Technologies
B.L	pt	Huawei
B.L	pt	Hynix
B.L	pt	I-flex Solutions
B.L	pt	IBM
B.L	pt	Indra
B.L	pt	Infineon Technologies
B.L	pt	Infosys
B.L	pt	Integração Vertical
B.L	pt	Intel Corporation
B.L	pt	Intuit
B.L	pt	Jabil Circuit
B.L	pt	Juniper Networks
B.L	pt	KPN
B.L	pt	KT (telecommunication company)
B.L	pt	Keane (company)
B.L	pt	Kimball International
B.L	pt	LG Group
B.L	pt	Lenovo
B.L	pt	Logica
B.L	pt	Língua inglesa
B.L	pt	Massachusetts
B.L	pt	Massachussets
B.L	pt	Matriz
B.L	pt	Matsushita
B.L	pt	Maxtor
B.L	pt	McAfee
B.L	pt	Memória (computador)
B.L	pt	Micron Technology
B.L	pt	Microsoft
B.L	pt	Motorola
B.L	pt	Multinacional
B.L	pt	NCR
B.L	pt	NEC Corporation
B.L	pt	NXP Semiconductors
B.L	pt	National Semiconductor
B.L	pt	Network Appliance
B.L	pt	Neusoft Group
B.L	pt	New York Stock Exchange
B.L	pt	News Corporation
B.L	pt	Nintendo
B.L	pt	Nippon Telegraph and Telephone
B.L	pt	Nokia
B.L	pt	Nokia Siemens Networks
B.L	pt	Norte-americana
B.L	pt	Nortel
B.L	pt	Novell (empresa)
B.L	pt	Nvidia
B.L	pt	Optimus
B.L	pt	Oracle Corporation
B.L	pt	PA Consulting Group
B.L	pt	Palm, Inc.
B.L	pt	Pantech Curitel
B.L	pt	Perot Systems
B.L	pt	Philips
B.L	pt	Plexus Corporation
B.L	pt	Politec
B.L	pt	Portugal Telecom
B.L	pt	Qimonda
B.L	pt	Qualcomm
B.L	pt	Quanta Computer
B.L	pt	Qwest
B.L	pt	RCN Corporation
B.L	pt	Red Hat
B.L	pt	Rede de computadores
B.L	pt	Rede de telefonia celular
B.L	pt	Renesas Technology
B.L	pt	Research In Motion
B.L	pt	Richard Egan (negociante)
B.L	pt	Rogers Communications
B.L	pt	Rohm
B.L	pt	S&P 500
B.L	pt	SAP AG
B.L	pt	SK Telecom
B.L	pt	SMTC Corporation
B.L	pt	STMicroelectronics
B.L	pt	Safesoft Global
B.L	pt	Samsung
B.L	pt	Samsung SDS
B.L	pt	Sanmina-SCI Corporation
B.L	pt	Sapient (company)
B.L	pt	Satyam Computer Services Ltd.
B.L	pt	Science Applications International Corporation
B.L	pt	Seagate Technology
B.L	pt	Sega
B.L	pt	Semicondutor
B.L	pt	Shanghai
B.L	pt	Sharp Corporation
B.L	pt	Siemens AG
B.L	pt	Singapura
B.L	pt	Skyworks Solutions
B.L	pt	Software
B.L	pt	Solectron
B.L	pt	Sony
B.L	pt	Sony Ericsson
B.L	pt	Sprint Nextel
B.L	pt	Steria
B.L	pt	Sun Microsystems
B.L	pt	Swisscom
B.L	pt	Symantec
B.L	pt	Syntel
B.L	pt	T-Systems
B.L	pt	TOTVS
B.L	pt	TSMC
B.L	pt	Take-Two Interactive
B.L	pt	Tata Consultancy Services
B.L	pt	Tecnologia da informação
B.L	pt	Telecom Italia
B.L	pt	Telecomunicação
B.L	pt	Telefónica
B.L	pt	Telenor
B.L	pt	Telmex
B.L	pt	Telstra
B.L	pt	Texas Instruments
B.L	pt	The Walt Disney Company
B.L	pt	Thomson SA
B.L	pt	ThoughtWorks
B.L	pt	TietoEnator
B.L	pt	Time Warner
B.L	pt	Titan Corp.
B.L	pt	Toshiba
B.L	pt	Turkcell
B.L	pt	USD
B.L	pt	Ubisoft
B.L	pt	Unisys
B.L	pt	UpLexis
B.L	pt	VAIO
B.L	pt	VIA Technologies
B.L	pt	VMware
B.L	pt	Valve Corporation
B.L	pt	Verizon Communications
B.L	pt	Viacom
B.L	pt	Virgin Media
B.L	pt	Vivendi
B.L	pt	Vodafone
B.L	pt	Web service
B.L	pt	Western Digital
B.L	pt	Windows Live
B.L	pt	Wipro Technologies
B.L	pt	Yahoo!
B.L	pt	ZTE
B.L	pt	Wikipédia:Esboço
B.L	pt	Predefinição:Gigantes de TI
B.L	zh	AT&T
B.L	zh	Adobe Systems
B.L	zh	Amazon.com
B.L	zh	Atos
B.L	zh	BT Global Services
B.L	zh	Bell Canada
B.L	zh	Booz Allen Hamilton
B.L	zh	CACI
B.L	zh	CA公司
B.L	zh	CGI Group
B.L	zh	Celestica
B.L	zh	Cognizant Technology Solutions
B.L	zh	Computer Sciences Corporation
B.L	zh	EBay
B.L	zh	EMC (消歧义)
B.L	zh	Facebook
B.L	zh	Google
B.L	zh	Groupon
B.L	zh	HCL Technologies
B.L	zh	Hitachi Data Systems
B.L	zh	IAC
B.L	zh	IBM
B.L	zh	Indra Sistemas
B.L	zh	Infosys
B.L	zh	Intuit
B.L	zh	Jabil Circuit
B.L	zh	KDDI
B.L	zh	KPN
B.L	zh	LG集团
B.L	zh	NCR
B.L	zh	NHN
B.L	zh	NTT
B.L	zh	NTT DoCoMo
B.L	zh	Orange Business Services
B.L	zh	Rakuten
B.L	zh	SAP公司
B.L	zh	SK海力士
B.L	zh	Sanmina-SCI Corporation
B.L	zh	SoftBank
B.L	zh	Sprint Nextel
B.L	zh	T-Systems
B.L	zh	TSMC
B.L	zh	Tata Consultancy Services
B.L	zh	Telenor
B.L	zh	TeliaSonera
B.L	zh	Twitter
B.L	zh	Unisys
B.L	zh	VMware
B.L	zh	Wipro
B.L	zh	三星電子
B.L	zh	中兴通讯
B.L	zh	中国电信
B.L	zh	中国移动
B.L	zh	中国联通
B.L	zh	亚美亚
B.L	zh	京东商城
B.L	zh	京瓷
B.L	zh	仁寶電腦
B.L	zh	伊士曼柯达公司
B.L	zh	佳能
B.L	zh	信息技术
B.L	zh	偉創力
B.L	zh	全球二十大半導體廠商
B.L	zh	公司
B.L	zh	冠捷科技
B.L	zh	凯捷
B.L	zh	利盟
B.L	zh	华为
B.L	zh	华硕电脑
B.L	zh	博通
B.L	zh	埃森哲
B.L	zh	夏普
B.L	zh	大型计算机
B.L	zh	威讯
B.L	zh	宏碁
B.L	zh	宏達國際電子
B.L	zh	富士康國際
B.L	zh	富士通
B.L	zh	尼康
B.L	zh	希捷科技
B.L	zh	康卡斯特
B.L	zh	廣達電腦
B.L	zh	微软
B.L	zh	德勤
B.L	zh	德国电信
B.L	zh	德州仪器
B.L	zh	思科系统
B.L	zh	恩智浦半导体
B.L	zh	惠普
B.L	zh	意大利电信
B.L	zh	意法半導體
B.L	zh	戴尔
B.L	zh	摩托罗拉移动
B.L	zh	摩托罗拉解决方案
B.L	zh	施乐
B.L	zh	日本電信電話
B.L	zh	日本電氣
B.L	zh	日立
B.L	zh	晶圓代工
B.L	zh	最大的信息技术公司列表
B.L	zh	最大的软件公司列表
B.L	zh	服务器
B.L	zh	東芝
B.L	zh	松下電器
B.L	zh	格羅方德
B.L	zh	標準普爾500指數
B.L	zh	沃达丰
B.L	zh	法國電信
B.L	zh	海尔
B.L	zh	爱立信
B.L	zh	理光
B.L	zh	瑞薩電子
B.L	zh	甲骨文公司
B.L	zh	电子数据系统公司
B.L	zh	电磁兼容
B.L	zh	百度
B.L	zh	瞻博網路
B.L	zh	神州数码
B.L	zh	精工爱普生
B.L	zh	索尼
B.L	zh	索尼移动通信
B.L	zh	網絡器械公司
B.L	zh	纬创资通
B.L	zh	维旺迪
B.L	zh	网易
B.L	zh	美光科技
B.L	zh	美国
B.L	zh	联想集团
B.L	zh	聯發科技
B.L	zh	腾讯
B.L	zh	英伟达
B.L	zh	英國電信
B.L	zh	英特爾
B.L	zh	英语
B.L	zh	英飞凌
B.L	zh	苹果公司
B.L	zh	西班牙電信
B.L	zh	西部数据
B.L	zh	诺基亚
B.L	zh	诺基亚西门子通信
B.L	zh	贴牌生产
B.L	zh	赛门铁克
B.L	zh	超威半导体
B.L	zh	迈威尔科技
B.L	zh	銷售時點情報系統
B.L	zh	阿尔卡特-朗讯
B.L	zh	阿里巴巴集团
B.L	zh	雅虎
B.L	zh	韩国通信
B.L	zh	飞思卡尔
B.L	zh	高通公司
B.L	zh	黑莓 (公司)
B.L	zh	Wikipedia:小作品
B.L	zh	Template:信息技术大公司
B.L	zh	Template talk:信息技术大公司
B.L	ckb	Advanced Micro Devices
B.L	ckb	Alcatel-Lucent
B.L	ckb	América Móvil
B.L	ckb	Avaya
B.L	ckb	BT Group
B.L	ckb	Bharti Airtel
B.L	ckb	CA Technologies
B.L	ckb	Celestica
B.L	ckb	CenturyLink
B.L	ckb	Compal Electronics
B.L	ckb	Deutsche Telekom
B.L	ckb	Elpida Memory
B.L	ckb	Flextronics
B.L	ckb	Foxconn
B.L	ckb	Freescale Semiconductor
B.L	ckb	GlobalFoundries
B.L	ckb	Hutchison Telecommunications International Limited
B.L	ckb	Infineon Technologies
B.L	ckb	Intuit
B.L	ckb	Jabil Circuit
B.L	ckb	KDDI
B.L	ckb	MTS (network provider)
B.L	ckb	Marvell Technology Group
B.L	ckb	NTT DoCoMo
B.L	ckb	NXP Semiconductors
B.L	ckb	Nippon Telegraph and Telephone
B.L	ckb	Oracle Corporation
B.L	ckb	Qualcomm
B.L	ckb	Quanta Computer
B.L	ckb	Reliance Communications
B.L	ckb	Renesas Electronics
B.L	ckb	Rogers Communications
B.L	ckb	SAP AG
B.L	ckb	SK Hynix
B.L	ckb	STMicroelectronics
B.L	ckb	Sanmina-SCI Corporation
B.L	ckb	Semiconductor Manufacturing International Corporation
B.L	ckb	Sprint Nextel
B.L	ckb	Symantec
B.L	ckb	TPV Technology
B.L	ckb	TSMC
B.L	ckb	TeliaSonera
B.L	ckb	United Microelectronics Corporation
B.L	ckb	VIA Technologies
B.L	ckb	VMware
B.L	ckb	Verizon Communications
B.L	ckb	Vivendi
B.L	ckb	Wistron Corporation
B.L	ckb	ئاسوس
B.L	ckb	ئامێرەکانی تەکساس
B.L	ckb	ئاڕ ئای ئێم
B.L	ckb	ئای ئەی سی (کۆمپانیا)
B.L	ckb	ئای بی ئێم (کۆمپانیا)
B.L	ckb	ئۆراکڵ
B.L	ckb	ئینتێل
B.L	ckb	ئیندرا
B.L	ckb	ئینفۆسیس
B.L	ckb	ئێس کەی تیلیکۆم
B.L	ckb	ئێن ئی سی
B.L	ckb	ئێن سی ئاڕ
B.L	ckb	ئێچ تی سی
B.L	ckb	ئێچ سی ئێڵ
B.L	ckb	ئێچ پی
B.L	ckb	ئێڵ جی
B.L	ckb	ئەتۆس
B.L	ckb	ئەریکسۆن
B.L	ckb	ئەکسێنتور
B.L	ckb	ئەی ئۆ ئێڵ
B.L	ckb	ئەی تی ئەند تی
B.L	ckb	ئەیسەر
B.L	ckb	بایدو
B.L	ckb	برۆدکۆم
B.L	ckb	بووز ئالەن هامیلتۆن
B.L	ckb	بێڵ کەنەدا
B.L	ckb	تۆڕەکانی سیمینس نۆکیا
B.L	ckb	تی سی ئێس
B.L	ckb	تی سیستەمس
B.L	ckb	تیلیفۆنیکا
B.L	ckb	تیلینۆر
B.L	ckb	تیلیکۆم ئیتالیا
B.L	ckb	تەنسێنت هۆڵدینز
B.L	ckb	تەکنۆلۆژیا
B.L	ckb	تەکنۆلۆژیای زانیاری
B.L	ckb	جونیپەر نێتوۆرکس
B.L	ckb	خزمەتگوزاری ئابووری ئێچ پی
B.L	ckb	خزمەتگوزاری بازرگانی ئۆرەنج
B.L	ckb	خزمەتگوزاری بی تی
B.L	ckb	خزمەتگوزاری جیهانی ئای بی ئێم
B.L	ckb	داتانگ تیلیکۆم
B.L	ckb	داتای ئێن تی تی
B.L	ckb	دیلۆیت
B.L	ckb	زیرۆکس
B.L	ckb	زێت تی ئی
B.L	ckb	زێد تی ئی
B.L	ckb	سامسۆنگ
B.L	ckb	سویسکۆم
B.L	ckb	سۆفت بانک
B.L	ckb	سی ئەی سی ئای
B.L	ckb	سیستەمی ئەدۆبی
B.L	ckb	سیسکۆ سیستەمز
B.L	ckb	سینگ تێل
B.L	ckb	سیکۆ ئیپسۆن
B.L	ckb	سیگەیت
B.L	ckb	فرانس تیلیکۆم
B.L	ckb	فوژیتسو
B.L	ckb	فەیسبووک
B.L	ckb	لۆجیکا
B.L	ckb	لینۆڤۆ
B.L	ckb	لێکسمارک
B.L	ckb	ماڵپەڕی ئی بەی
B.L	ckb	ماڵپەڕی ئەمازۆن
B.L	ckb	ماڵپەڕی سەیڵز فۆرس
B.L	ckb	مایکرۆسۆفت
B.L	ckb	مۆتۆرۆلا
B.L	ckb	میتسوبیشی ئێلەکتریک
B.L	ckb	میکرۆن
B.L	ckb	مێدیا تێک
B.L	ckb	نڤیدا
B.L	ckb	نۆکیا
B.L	ckb	نێت ئیز
B.L	ckb	نێت ئەپ
B.L	ckb	نێک کاسیۆ
B.L	ckb	نەرمەکاڵا
B.L	ckb	نەرمەکاڵای ئێچ پی
B.L	ckb	هواوی
B.L	ckb	هیتاشی
B.L	ckb	ویپرۆ
B.L	ckb	وێستێرن دیجیتاڵ
B.L	ckb	پاناسۆنیک
B.L	ckb	چاینا تیلیکۆم
B.L	ckb	چاینا مۆبایل
B.L	ckb	چاینا یونیکۆم
B.L	ckb	ڕاکوتێن
B.L	ckb	ڕیکۆ
B.L	ckb	ڤۆدافۆن
B.L	ckb	ڤۆدافۆنی ئابووری جیهانی
B.L	ckb	کاپگێمینی
B.L	ckb	کۆمپانیای ئەپڵ
B.L	ckb	کۆمپانیای تۆشیبا
B.L	ckb	کۆمپانیای تیتۆ
B.L	ckb	کۆمپانیای دێڵ
B.L	ckb	کۆمپانیای سۆنی
B.L	ckb	کۆمپانیای شارپ
B.L	ckb	کۆمپانیای کانۆن
B.L	ckb	کۆمپانیای کۆداک
B.L	ckb	کۆمپانیای کۆمکاست
B.L	ckb	کۆمەڵەی زانستە کۆمپیوتەرییەکان
B.L	ckb	کۆگنیزانت
B.L	ckb	کیۆسێرا
B.L	ckb	کەی پی
B.L	ckb	کەی پی ئێن
B.L	ckb	گرووپی سی جی ئای
B.L	ckb	گروپۆن
B.L	ckb	گووگڵ
B.L	ckb	گێترۆنیکس
B.L	ckb	یاندێکس
B.L	ckb	یاهوو!
B.L	ckb	یونیسیس
B.L	ckb	ویکیپیدیا:کۆڵکە
B.L	ckb	داڕێژە:دەروازە/وێنەکان/تەکنۆلۆژیا
B.L	ckb	داڕێژە:دەروازە/وێنەکان/زانست
B.L	ckb	داڕێژە:کۆمپانیا سەرەکییەکانی تەکنۆلۆژیای زانیاری
B.L	ckb	وتووێژی داڕێژە:کۆمپانیا سەرەکییەکانی تەکنۆلۆژیای زانیاری
B.L	ckb	دەروازە:تەکنۆلۆژیا
B.L	ckb	دەروازە:زانست
CN	en	EMC_Corporation
IWL	fr	EMC Corporation
IWL	he	EMC
IWL	gl	EMC Corporation
IWL	de	EMC Corporation
IWL	el	EMC Corporation
IWL	es	EMC Corporation
IWL	ca	EMC Corporation
IWL	pl	EMC Corporation
IWL	ko	EMC 코퍼레이션
IWL	kk	EMC Corporation
IWL	id	EMC Corporation
IWL	it	EMC Corporation
IWL	ja	EMCコーポレーション
IWL	vi	EMC Corporation
IWL	ru	EMC
IWL	pt	EMC Corporation
IWL	zh	EMC
IWL	ckb	ئی ئێم سی
