A.L	de	Abgeordnetenhaus von Berlin
A.L	de	Abschiebung (Recht)
A.L	de	Abtreibung
A.L	de	Allgäu
A.L	de	Amerikanisierung
A.L	de	Antiautoritäre Erziehung
A.L	de	Antisemitismus
A.L	de	Antisemitismus-Debatte
A.L	de	Antizyklische Finanzpolitik
A.L	de	Arbeit für Bremen und Bremerhaven
A.L	de	Asyl
A.L	de	Asylgesetz
A.L	de	Asylrecht
A.L	de	Ausländerpolitik
A.L	de	Ausweisung
A.L	de	Baden-Württemberg
A.L	de	Barockschloss Rammenau
A.L	de	Bayern
A.L	de	Bayernpartei
A.L	de	Befreiungskriege
A.L	de	Beirat (Stadtteilparlament in Bremen)
A.L	de	Beneš-Dekrete
A.L	de	Berlin
A.L	de	Bernhard Andres
A.L	de	Bierut-Dekrete
A.L	de	Björn Clemens
A.L	de	Brandanschlag von Mölln
A.L	de	Bremer Demokratische Volkspartei
A.L	de	Bremer Grüne Liste
A.L	de	Bremerhaven
A.L	de	Bremische Bürgerschaft
A.L	de	Bundesamt für Verfassungsschutz
A.L	de	Bundesnachrichtendienst
A.L	de	Bundespräsident (Deutschland)
A.L	de	Bundesstaat (Föderaler Staat)
A.L	de	Bundestagswahl 1983
A.L	de	Bundestagswahl 1987
A.L	de	Bundestagswahl 1990
A.L	de	Bundestagswahl 1994
A.L	de	Bundestagswahl 1998
A.L	de	Bundestagswahl 2002
A.L	de	Bundestagswahl 2005
A.L	de	Bundestagswahl 2009
A.L	de	Bundesverwaltungsgericht (Deutschland)
A.L	de	Bundeswehr
A.L	de	Bundeszentrale für politische Bildung
A.L	de	Bündnis 90/Die Grünen
A.L	de	Bürger in Wut
A.L	de	Bürgerbewegung Pro Chemnitz
A.L	de	Bürgerrecht
A.L	de	Bürgerschaftswahl in Bremen 1987
A.L	de	Bürgerschaftswahl in Bremen 2011
A.L	de	Bürgerschaftswahl in Hamburg 2011
A.L	de	Bürgschaft (Deutschland)
A.L	de	Bürokratieabbau
A.L	de	CDU
A.L	de	Carl-Ludwig Wagner
A.L	de	Carsten Pagel
A.L	de	Chemnitz
A.L	de	Christian Käs
A.L	de	Christlich-Soziale Union in Bayern
A.L	de	Christlich Demokratische Union Deutschlands
A.L	de	Christliche Volkspartei des Saarlandes
A.L	de	Code
A.L	de	DVU
A.L	de	Delegierte
A.L	de	Demokratie Jetzt
A.L	de	Demokratische Partei (Baden)
A.L	de	Demokratische Partei Saar
A.L	de	Demokratische Prinzipien
A.L	de	Demokratische Volkspartei
A.L	de	Der Republikaner (Parteizeitung)
A.L	de	Deutsche Demokratische Republik
A.L	de	Deutsche Demokratische Union
A.L	de	Deutsche Konservative Partei – Deutsche Rechtspartei
A.L	de	Deutsche Nationalhymne
A.L	de	Deutsche Partei
A.L	de	Deutsche Partei (ab 1993)
A.L	de	Deutsche Reichspartei
A.L	de	Deutsche Soziale Union
A.L	de	Deutsche Volksunion
A.L	de	Deutsche Wiedervereinigung
A.L	de	Deutsche Zentrumspartei
A.L	de	Deutscher Bundestag
A.L	de	Deutscher Gewerkschaftsbund
A.L	de	Deutsches Reich in den Grenzen vom 31. Dezember 1937
A.L	de	Deutschland
A.L	de	Deutschlandpakt
A.L	de	Die Linke
A.L	de	Die Republikaner
A.L	de	Die Republikaner Baden-Württemberg
A.L	de	Die Republikaner Berlin
A.L	de	Direkte Demokratie
A.L	de	Dresden
A.L	de	Droge
A.L	de	Drogenhandel
A.L	de	EU-Erweiterung 2004
A.L	de	Ehrenschutz
A.L	de	Einheitsstaat
A.L	de	Ekkehard Voigt
A.L	de	Emil Schlee
A.L	de	Enz
A.L	de	Ergebnisse der Landtagswahlen in der Bundesrepublik Deutschland
A.L	de	Erich Honecker
A.L	de	Europa
A.L	de	Europawahl 1984
A.L	de	Europawahl 1989
A.L	de	Europawahl 1994
A.L	de	Europawahl 1999
A.L	de	Europawahl 2004
A.L	de	Europawahl 2009
A.L	de	Europawahl in Deutschland 1989
A.L	de	Europawahl in Deutschland 1994
A.L	de	Europawahl in Deutschland 2009
A.L	de	Europäische Arbeiter-Partei
A.L	de	Europäische Gemeinschaft
A.L	de	Europäische Union
A.L	de	Europäisches Parlament
A.L	de	Faschismus
A.L	de	Fixerstube
A.L	de	Franken (Region)
A.L	de	Franz Glasauer
A.L	de	Franz Handlos
A.L	de	Franz Josef Strauß
A.L	de	Franz Schönhuber
A.L	de	Freie Demokratische Partei
A.L	de	Freie Hansestadt Bremen
A.L	de	Freie Kameradschaften
A.L	de	Freie Wähler (Bundesvereinigung)
A.L	de	Freiheitliche Partei Österreichs
A.L	de	Freiheitliche Volkspartei
A.L	de	Freiheitliche demokratische Grundordnung
A.L	de	Freizügigkeit
A.L	de	Front National (Frankreich)
A.L	de	Föderalismus
A.L	de	Führungszeugnis
A.L	de	Fünf-Prozent-Hürde
A.L	de	Geistig-moralische Wende
A.L	de	Gemeinsame Normdatei
A.L	de	Generalsekretär
A.L	de	Gentechnik
A.L	de	Georg Wilhelm Friedrich Hegel
A.L	de	Gerhard Frey (DVU)
A.L	de	Germersheim
A.L	de	Gesamtdeutsche Partei
A.L	de	Gesamtdeutscher Block/Bund der Heimatvertriebenen und Entrechteten
A.L	de	Gesamtschule
A.L	de	Geschichte Deutschlands
A.L	de	Gesetz über die politischen Parteien
A.L	de	Gewerkschaft der Polizei
A.L	de	Globalisierung
A.L	de	Grundgesetz für die Bundesrepublik Deutschland
A.L	de	Grundrecht
A.L	de	Gröpelingen
A.L	de	Günter Wallraff
A.L	de	Hajo Funke
A.L	de	Hamburg-Block
A.L	de	Hamburg-Harburg
A.L	de	Hans-Gerd Jaschke
A.L	de	Hans-Günter Schodruch
A.L	de	Hans Hirzel
A.L	de	Harald Neubauer
A.L	de	Heiner Kappel
A.L	de	Helmut Kohl
A.L	de	Hessischer Landtag
A.L	de	Hilton (Hotel)
A.L	de	Homosexualität
A.L	de	Hoyerswerda
A.L	de	IG Metall
A.L	de	Islam
A.L	de	Jean-Marie Le Pen
A.L	de	Johann Gottlieb Fichte
A.L	de	Johanna Grund
A.L	de	Jugendverband
A.L	de	Juristische Person
A.L	de	Jürgen Möllemann
A.L	de	Kernenergie
A.L	de	Kernkraftwerk
A.L	de	Kerstin Lorenz
A.L	de	Kirchenasyl
A.L	de	Klaus-Peter Köhler
A.L	de	Klaus Zeitler
A.L	de	Kleinpartei
A.L	de	Kollektivschuld
A.L	de	Kommunalparlament
A.L	de	Kommunalwahl
A.L	de	Kommunalwahlen in Hessen 2011
A.L	de	Kommunistische Partei Deutschlands
A.L	de	Kommunistische Partei Saar
A.L	de	Konservatismus
A.L	de	Kurt Schumacher
A.L	de	Landesparlament
A.L	de	Landkreis Esslingen
A.L	de	Landkreis Karlsruhe
A.L	de	Landtag Mecklenburg-Vorpommern
A.L	de	Landtag Rheinland-Pfalz
A.L	de	Landtag Sachsen-Anhalt
A.L	de	Landtag Schleswig-Holstein
A.L	de	Landtag von Baden-Württemberg
A.L	de	Landtagswahl im Saarland 2012
A.L	de	Landtagswahl in Baden-Württemberg 1988
A.L	de	Landtagswahl in Baden-Württemberg 1992
A.L	de	Landtagswahl in Baden-Württemberg 1996
A.L	de	Landtagswahl in Baden-Württemberg 2001
A.L	de	Landtagswahl in Baden-Württemberg 2011
A.L	de	Landtagswahl in Bayern 2008
A.L	de	Landtagswahl in Brandenburg 2009
A.L	de	Landtagswahl in Hessen 2008
A.L	de	Landtagswahl in Hessen 2009
A.L	de	Landtagswahl in Mecklenburg-Vorpommern 2011
A.L	de	Landtagswahl in Niedersachsen 2008
A.L	de	Landtagswahl in Nordrhein-Westfalen 2005
A.L	de	Landtagswahl in Nordrhein-Westfalen 2010
A.L	de	Landtagswahl in Nordrhein-Westfalen 2012
A.L	de	Landtagswahl in Rheinland-Pfalz 2011
A.L	de	Landtagswahl in Sachsen-Anhalt 2011
A.L	de	Landtagswahl in Sachsen 2009
A.L	de	Landtagswahl in Schleswig-Holstein 1988
A.L	de	Landtagswahl in Schleswig-Holstein 2012
A.L	de	Landtagswahl in Thüringen 2009
A.L	de	Landtagswahlen (Niedersachsen)
A.L	de	Landtagswahlergebnisse aus Nordrhein-Westfalen
A.L	de	Lebenspartnerschaft
A.L	de	Legalität
A.L	de	Legislaturperiode
A.L	de	Legitimation (Politikwissenschaft)
A.L	de	Leipzig
A.L	de	Liste der Landtagswahlergebnisse in Bayern
A.L	de	Liste der Mitglieder der Bremischen Bürgerschaft (11. Wahlperiode)
A.L	de	Ludwig Erhard
A.L	de	Ludwigshafen am Rhein
A.L	de	Main
A.L	de	Markus Beisicht
A.L	de	Martin Hohmann
A.L	de	Mehrparteiensystem
A.L	de	Menschenwürde
A.L	de	Michael Schomers
A.L	de	Migration (Soziologie)
A.L	de	Mordanschlag von Solingen
A.L	de	Movimento Sociale Italiano
A.L	de	Multikulturelle Gesellschaft
A.L	de	München
A.L	de	NATO
A.L	de	Nation
A.L	de	Nationaldemokratische Partei Deutschlands
A.L	de	Nationalsozialismus
A.L	de	Nationalstaat
A.L	de	Natürliche Person
A.L	de	Neckar
A.L	de	Neonazi
A.L	de	Neues Forum
A.L	de	Niederbayern
A.L	de	Niedersachsen
A.L	de	Niedersächsisches Oberverwaltungsgericht
A.L	de	Nordrhein-Westfalen
A.L	de	Oberbayern
A.L	de	Oberverwaltungsgericht Berlin-Brandenburg
A.L	de	Oberverwaltungsgericht Rheinland-Pfalz
A.L	de	Oberverwaltungsgericht für das Land Nordrhein-Westfalen
A.L	de	Oder-Neiße-Grenze
A.L	de	Ostdeutschland
A.L	de	Partei Rechtsstaatlicher Offensive
A.L	de	Parteiausschluss
A.L	de	Parteienfinanzierung
A.L	de	Parteienprivileg
A.L	de	Parteinahe Stiftung
A.L	de	Piratenpartei Deutschland
A.L	de	Pirmasens
A.L	de	Pogrom von Rostock-Lichtenhagen
A.L	de	Polen
A.L	de	Politik in Hamburg
A.L	de	Politikwissenschaft
A.L	de	Politisch korrekt
A.L	de	Politische Parteien in Deutschland
A.L	de	Politisches Spektrum
A.L	de	Politisches System Deutschlands
A.L	de	Polizei
A.L	de	Pressemitteilung
A.L	de	Preußen
A.L	de	Pro-Bewegung
A.L	de	Pro Deutsche Mitte – Initiative Pro D-Mark
A.L	de	Pro NRW
A.L	de	Rassismus
A.L	de	Rechenschaftsbericht
A.L	de	Recht auf Heimat
A.L	de	Rechtsextremismus
A.L	de	Rechtskonservatismus
A.L	de	Rechtsstaat
A.L	de	Reform der deutschen Rechtschreibung von 1996
A.L	de	Region Stuttgart
A.L	de	Revisionismus
A.L	de	Rheinland-Pfalz
A.L	de	Richard von Weizsäcker
A.L	de	Rolf Schlierer
A.L	de	Rudolf Karl Krause
A.L	de	Ruhrgebiet
A.L	de	Ruhstorf an der Rott
A.L	de	Satzung (Privatrecht)
A.L	de	Schiedsgericht
A.L	de	Schlagwortnormdatei
A.L	de	Schleswig-Holstein
A.L	de	Schleswig-Holsteinische Gemeinschaft
A.L	de	Schuluniform
A.L	de	Schutzzoll
A.L	de	Schächten
A.L	de	Siegburg
A.L	de	Siegermächte
A.L	de	Sindelfingen
A.L	de	Soldat
A.L	de	Souveränität
A.L	de	Sozialdemokratie
A.L	de	Sozialdemokratische Partei Deutschlands
A.L	de	Sozialdemokratische Partei des Saarlandes
A.L	de	Soziale Marktwirtschaft
A.L	de	Soziales Milieu
A.L	de	Soziales Pflichtjahr
A.L	de	Sozialhilfe (Deutschland)
A.L	de	Sozialistische Reichspartei
A.L	de	Spiel mir das Lied vom Tod
A.L	de	Statt Partei
A.L	de	Steffen Heitmann
A.L	de	Stigmatisierung
A.L	de	Südschleswigscher Wählerverband
A.L	de	Südtirol
A.L	de	Technische Fraktion der Europäischen Rechten
A.L	de	Tierschutz
A.L	de	Treuhandanstalt
A.L	de	Tschechien
A.L	de	Türkei
A.L	de	UN-Feindstaatenklausel
A.L	de	UN-Sicherheitsrat
A.L	de	Udo Bösch
A.L	de	Ulrich Deuschle
A.L	de	Vaterstädtischer Bund Hamburg
A.L	de	Verfassungsschutz
A.L	de	Verschwörungstheorie
A.L	de	Vertreibung
A.L	de	Verwaltungsgericht Berlin
A.L	de	Verwaltungsgericht Mainz
A.L	de	Viermächte-Status
A.L	de	Vierte Partei
A.L	de	Vlaams Belang
A.L	de	Vlaams Blok
A.L	de	Volksabstimmung (Deutschland)
A.L	de	Volkskammer
A.L	de	Vorderpfalz
A.L	de	Waffen-SS
A.L	de	Wahl zum Abgeordnetenhaus von Berlin 1989
A.L	de	Wahl zum Abgeordnetenhaus von Berlin 1990
A.L	de	Wahl zum Abgeordnetenhaus von Berlin 2011
A.L	de	Wahlen im Saarland
A.L	de	Wahlen zum Brandenburger Landtag
A.L	de	Wahlergebnisse und Landesregierungen in Sachsen
A.L	de	Wahlergebnisse und Landesregierungen in Thüringen
A.L	de	Wahlergebnisse und Senate in Bremen
A.L	de	Wahlkampfkostenerstattung
A.L	de	Walle (Bremen)
A.L	de	Weiße Rose
A.L	de	Wende (DDR)
A.L	de	Wiking-Jugend
A.L	de	Wirtschaftliche Aufbau-Vereinigung (Partei)
A.L	de	Würzburg
A.L	de	Zwei-plus-Vier-Vertrag
A.L	de	Überalterung
A.L	de	Überfremdung
A.L	de	Vorlage:Parteien in deutschen Parlamenten
A.L	de	Vorlage Diskussion:Parteien in deutschen Parlamenten
B.L	fr	1989
B.L	fr	Bade-Wurtemberg
B.L	fr	Bavière
B.L	fr	Berlin
B.L	fr	Brême (Land)
B.L	fr	Deutsche Mark
B.L	fr	Extrême droite
B.L	fr	Franz Josef Strauß
B.L	fr	Franz Schönhuber
B.L	fr	Front national (parti français)
B.L	fr	Helmut Kohl
B.L	fr	Munich
B.L	fr	Nationalisme
B.L	fr	Parlement européen
B.L	fr	Parti national-démocrate d'Allemagne
B.L	fr	Partis politiques allemands
B.L	fr	République démocratique allemande
B.L	fr	Schleswig-Holstein
B.L	fr	Union chrétienne-démocrate d'Allemagne
B.L	fr	Union chrétienne-sociale en Bavière
B.L	fr	Union populaire allemande
B.L	fr	Waffen-SS
B.L	fr	Catégorie:Portail:Allemagne/Articles liés
B.L	fr	Catégorie:Portail:Politique/Articles liés
B.L	fr	Catégorie:Portail:Époque contemporaine/Articles liés
B.L	fr	Portail:Allemagne
B.L	fr	Portail:Politique
B.L	fr	Portail:Époque contemporaine
B.L	eo	1983
B.L	eo	1989
B.L	eo	1992
B.L	eo	2001
B.L	eo	2005
B.L	eo	Baden-Virtembergo
B.L	eo	Bundestag
B.L	eo	Deutsche Volksunion
B.L	eo	Eŭropa Parlamento
B.L	eo	Germanio
B.L	eo	Ksenofobio
B.L	eo	Naciismo
B.L	eo	Nationaldemokratische Partei Deutschlands
B.L	eo	Partio
B.L	eo	Politiko
B.L	eo	Walter Ullmann
B.L	en	Alliance '90/The Greens
B.L	en	Alternative for Germany
B.L	en	Anarchist Pogo Party of Germany
B.L	en	Anti-immigration
B.L	en	Asylum seeker
B.L	en	Austria
B.L	en	Baden-Württemberg
B.L	en	Bavaria
B.L	en	Bavaria Party
B.L	en	Black
B.L	en	Bundestag
B.L	en	Bureaucracy
B.L	en	Bürgerrechtsbewegung Solidarität
B.L	en	CDU/CSU
B.L	en	Cas Mudde
B.L	en	Centre Party (Germany)
B.L	en	Christian Centre
B.L	en	Christian Democratic Union (Germany)
B.L	en	Christian Social Union of Bavaria
B.L	en	Citizens in Rage
B.L	en	Communism
B.L	en	Communist Party of Germany (1990)
B.L	en	Communist Party of Germany (Roter Morgen)
B.L	en	Composition of the German Regional Parliaments
B.L	en	Conservative
B.L	en	Czech Republic
B.L	en	Czechoslovakia
B.L	en	Deutsche Mark
B.L	en	Die PARTEI
B.L	en	East Germany
B.L	en	Eastern Europe
B.L	en	Eastern Germany
B.L	en	Ecological Democratic Party
B.L	en	Ekkehard Voigt
B.L	en	Elections in Germany
B.L	en	Electoral alliance
B.L	en	European Parliament
B.L	en	European Parliament election, 1989 (West Germany)
B.L	en	European Parliament election, 1994 (Germany)
B.L	en	European Parliament election, 1999 (Germany)
B.L	en	European Parliament election, 2004 (Germany)
B.L	en	European Parliament election, 2009 (Germany)
B.L	en	European Right (1989–1994)
B.L	en	European Union
B.L	en	European integration
B.L	en	Euroscepticism
B.L	en	Family Party of Germany
B.L	en	Federal Agency for Civic Education
B.L	en	Federal Office for the Protection of the Constitution
B.L	en	Feminist Party of Germany
B.L	en	Former eastern territories of Germany
B.L	en	Franz Handlos
B.L	en	Franz Josef Strauss
B.L	en	Franz Schönhuber
B.L	en	Free Democratic Party (Germany)
B.L	en	Free Voters
B.L	en	Freedom (German political party)
B.L	en	German Communist Party
B.L	en	German People's Union
B.L	en	German Social Union (East Germany)
B.L	en	German federal election, 1987
B.L	en	German federal election, 1990
B.L	en	German federal election, 1994
B.L	en	German federal election, 1998
B.L	en	German federal election, 2002
B.L	en	German federal election, 2005
B.L	en	German federal election, 2009
B.L	en	German language
B.L	en	German reunification
B.L	en	Germany
B.L	en	Hamburg
B.L	en	Harald Neubauer
B.L	en	Human Environment Animal Protection
B.L	en	Hungary
B.L	en	Immigration
B.L	en	International Standard Book Number
B.L	en	Italian Social Movement
B.L	en	Latvia
B.L	en	List of political ideologies
B.L	en	List of political parties by country
B.L	en	List of political parties in Germany
B.L	en	Maastricht Treaty
B.L	en	Marxist–Leninist Party of Germany
B.L	en	Munich
B.L	en	Muslim
B.L	en	National Democratic Party of Germany
B.L	en	National Front (France)
B.L	en	National conservatism
B.L	en	Nationalism
B.L	en	Nazi Party
B.L	en	Ostpolitik
B.L	en	Party of Bible-abiding Christians
B.L	en	Party of Reason
B.L	en	Pirate Party Germany
B.L	en	Poland
B.L	en	Political party
B.L	en	Political spectrum
B.L	en	Politics of Germany
B.L	en	Pro Germany Citizens' Movement
B.L	en	Protest vote
B.L	en	Red
B.L	en	Republican (disambiguation)
B.L	en	Revolutionary Socialist League (Germany)
B.L	en	Rhineland-Palatinate
B.L	en	Right-wing politics
B.L	en	Right-wing populism
B.L	en	Rolf Schlierer
B.L	en	Russia
B.L	en	Social Democratic Party of Germany
B.L	en	Social Equality Party (Germany)
B.L	en	Social market economy
B.L	en	South Germany
B.L	en	South Schleswig Voter Federation
B.L	en	South Tyrol
B.L	en	Statt party (Germany)
B.L	en	The Friesen
B.L	en	The Left (Germany)
B.L	en	The Republican (disambiguation)
B.L	en	The Republicans
B.L	en	Trade unions
B.L	en	Transylvanian Saxons
B.L	en	Ukraine
B.L	en	Vlaams Blok
B.L	en	Waffen-SS
B.L	en	Welfare state
B.L	en	West Berlin
B.L	en	Yellow
B.L	en	Template:German political parties
B.L	en	Template talk:German political parties
B.L	en	Category:Use dmy dates from August 2011
B.L	en	Portal:Politics
B.L	es	1983
B.L	es	1985
B.L	es	1989
B.L	es	1990
B.L	es	1992
B.L	es	1994
B.L	es	1996
B.L	es	2001
B.L	es	26 de noviembre
B.L	es	Alemania
B.L	es	Baden-Württemberg
B.L	es	Berlín
B.L	es	Bundesamt für Verfassungsschutz
B.L	es	Bundestag
B.L	es	Bélgica
B.L	es	Conservadurismo
B.L	es	DVU
B.L	es	Derecha política
B.L	es	Ekkehard Voigt
B.L	es	Extrema derecha
B.L	es	Franz Handlos
B.L	es	Franz Josef Strauß
B.L	es	Franz Schönhuber
B.L	es	Front National
B.L	es	Identidad, Tradición y Soberanía
B.L	es	Jean-Marie Le Pen
B.L	es	Landtag
B.L	es	Nacionalismo
B.L	es	Neonazi
B.L	es	Parlamento Europeo
B.L	es	Partido Ecológico-Democrático
B.L	es	Partido Nacionaldemócrata de Alemania
B.L	es	Partido de la Libertad de Austria
B.L	es	Partidos políticos de Alemania
B.L	es	Política de Alemania
B.L	es	Rolf Schlierer
B.L	es	Unión Demócrata Cristiana de Alemania
B.L	es	Unión Social Cristiana de Baviera
B.L	es	Vlaams Blok
B.L	es	Wikipedia:Fuentes fiables
B.L	es	Wikipedia:Verificabilidad
B.L	es	Ayuda:Cómo referenciar
B.L	nds	Afdrieven
B.L	nds	Afordentenhuus vun Berlin
B.L	nds	Afschuven (recht)
B.L	nds	Allgäu
B.L	nds	Antiautoritäre Optucht
B.L	nds	Antizyklische Investitschoon
B.L	nds	Asyl
B.L	nds	Asylrecht
B.L	nds	Atomkraftwark
B.L	nds	Baden-Württemberg
B.L	nds	Bayern
B.L	nds	Beneš-Dekreten
B.L	nds	Berlin
B.L	nds	Berliner Afordentenhuus
B.L	nds	Bierut-Dekreten
B.L	nds	Björn Clemens
B.L	nds	Brandanslag vun Mölln
B.L	nds	Brannenborg
B.L	nds	Bremen
B.L	nds	Bundsamt för Verfatenschuul
B.L	nds	Bundsdagswahl
B.L	nds	Bundsdagswahl 1983
B.L	nds	Bundsdagswahl 1990
B.L	nds	Bundsdagswahl 2005
B.L	nds	Bundsdagswahl 2009
B.L	nds	Bundsnarichtendeenst
B.L	nds	Bundspräsident (Düütschland)
B.L	nds	Bundsstaat
B.L	nds	Bundsverwaltensgericht (Düütschland)
B.L	nds	Bundswehr
B.L	nds	Börgerbewegung pro NRW
B.L	nds	Börgerrecht
B.L	nds	Böverbayern
B.L	nds	CDU
B.L	nds	CSU
B.L	nds	Carl-Ludwig Wagner
B.L	nds	Chemnitz
B.L	nds	Christlich Demokratsche Union vun Düütschland
B.L	nds	Christlich Soziale Union in Bayern
B.L	nds	D-Mark
B.L	nds	Deerschuul
B.L	nds	Delegeert
B.L	nds	Demokratie
B.L	nds	Direkte Demokratie
B.L	nds	Drogenhannel
B.L	nds	Döringen
B.L	nds	Düütsch Gewerkschopsbund
B.L	nds	Düütsche Demokraatsche Rebupliek
B.L	nds	Düütsche Natschonalhymne
B.L	nds	Düütsche Partei (1993)
B.L	nds	Düütsche Soziale Union
B.L	nds	Düütsche Volksunion
B.L	nds	Düütschlandpakt
B.L	nds	Ekkehard Voigt
B.L	nds	Emil Schlee
B.L	nds	Enz
B.L	nds	Erich Honecker
B.L	nds	Euro
B.L	nds	Europa
B.L	nds	Europääsch Parlament
B.L	nds	Europääsche Gemeenschop
B.L	nds	Europääsche Union
B.L	nds	Faschismus
B.L	nds	Fief-Prozent-Hinnern
B.L	nds	Fixerstuuv
B.L	nds	Franz Glasauer
B.L	nds	Franz Handlos
B.L	nds	Franz Josef Strauß
B.L	nds	Franz Schönhuber
B.L	nds	Freeheitlich demokraatsche Grundorden
B.L	nds	Freeheitliche Partei vun Öösterriek
B.L	nds	Freeheitliche Volkspartei
B.L	nds	Freeheitskriegen
B.L	nds	Fre’e Kameraadschop
B.L	nds	Front National (Frankriek)
B.L	nds	Föhrenstüügnis
B.L	nds	Geistig-moraalsche Wenn
B.L	nds	Gentechnik
B.L	nds	Georg Wilhelm Friedrich Hegel
B.L	nds	Gerhard Frey
B.L	nds	Gesett över de politischen Partein
B.L	nds	Gewerkschop vun de Polizei
B.L	nds	Globaliseeren
B.L	nds	Globaliseren
B.L	nds	Grundgesett för de Bundsrepubliek Düütschland
B.L	nds	Grundrecht
B.L	nds	Hamborg
B.L	nds	Hans Hirzel
B.L	nds	Harald Neubauer
B.L	nds	Heilbronn
B.L	nds	Heinz Kappel
B.L	nds	Helmut Kohl
B.L	nds	Hessen
B.L	nds	Homosexualität
B.L	nds	Horborg
B.L	nds	Hoyerswerda
B.L	nds	IG Metall
B.L	nds	Import
B.L	nds	Islam
B.L	nds	Jean-Marie Le Pen
B.L	nds	Johann Gottlieb Fichte
B.L	nds	Johanna Grund
B.L	nds	Juristische Person
B.L	nds	Jöögdverband
B.L	nds	Karkenasyl
B.L	nds	Karnenergie
B.L	nds	Kerstin Lorenz
B.L	nds	Klaus Zeitlier
B.L	nds	Koalitschoon
B.L	nds	Kollektivschuld
B.L	nds	Konfesschoon
B.L	nds	Kood
B.L	nds	Kurt Schumacher
B.L	nds	Landdag vun Baden-Württemberg
B.L	nds	Landkreis Esslingen
B.L	nds	Landkreis Karlsruhe
B.L	nds	Leipzig
B.L	nds	Levenspartnerschop
B.L	nds	Ludwig Erhard
B.L	nds	Markus Beisicht
B.L	nds	Mekelnborg-Vörpommern
B.L	nds	Michael Schomers
B.L	nds	Migratschoon (Soziologie)
B.L	nds	Moordanslag vun Solingen
B.L	nds	Movimento Sociale Italiano
B.L	nds	Multikulturelle Sellschop
B.L	nds	München
B.L	nds	NATO
B.L	nds	Natschonaldemokraatsche Partei vun Düütschland
B.L	nds	Natschonalsozialismus
B.L	nds	Natschonalstaat
B.L	nds	Natüürliche Person
B.L	nds	Neckar
B.L	nds	Nedderbayern
B.L	nds	Neddersassen
B.L	nds	Neonazi
B.L	nds	Noordrhien-Westfalen
B.L	nds	Oder-Neiße-Lien
B.L	nds	Once Upon a Time in the West
B.L	nds	Oppositschoon (Politik)
B.L	nds	Partei
B.L	nds	Partei Rechtsstaatlicher Offensive
B.L	nds	Parteineeg Stiftung
B.L	nds	Parteinfinanzeeren
B.L	nds	Parteiprivileg
B.L	nds	Parteispenn
B.L	nds	Parteiutslussverfohren
B.L	nds	Pirmasens
B.L	nds	Polen
B.L	nds	Politikwetenschop
B.L	nds	Polizei
B.L	nds	Porgom vun Rostock-Lichtenhagen
B.L	nds	Preußen (Staat)
B.L	nds	Pro Düütsche Mitt – Initiative Pro D-Mark
B.L	nds	Rassismus
B.L	nds	Rechtsextremismus
B.L	nds	Rechtskonservatismus
B.L	nds	Reform vun de düütschen Rechtschrieven vun 1996
B.L	nds	Region Stuttgart
B.L	nds	Rekenschopsbericht
B.L	nds	Republiekaansche Jöögd
B.L	nds	Rhienland-Palz
B.L	nds	Richard von Weizsäcker
B.L	nds	Rolf Schlierer
B.L	nds	Ront National (Frankriek)
B.L	nds	Rudolf Karl Krause
B.L	nds	Ruhrrebeet
B.L	nds	Saarland
B.L	nds	Samtschool
B.L	nds	Sassen
B.L	nds	Sassen-Anholt
B.L	nds	Schiedsgericht
B.L	nds	Schooluniform
B.L	nds	Schuultoll
B.L	nds	Schächten
B.L	nds	Siegburg
B.L	nds	Sleswig-Holsteen
B.L	nds	Souveränität
B.L	nds	Soziaal Plichtjohr
B.L	nds	Sozial Milieu
B.L	nds	Soziale Marktweertschop
B.L	nds	Sozialhelp (Düütschland)
B.L	nds	Speelruum
B.L	nds	Stigmatiseeren
B.L	nds	Technische Frakschoon vun de Europääschen Rechten
B.L	nds	Treuhandanstalt
B.L	nds	Tschechien
B.L	nds	Törkie
B.L	nds	UN-Feendstaatenklausel
B.L	nds	Udo Bösch
B.L	nds	Utwiesen
B.L	nds	Veerte Partei
B.L	nds	Verdrieven
B.L	nds	Vlaams Belang
B.L	nds	Vlaams Blok
B.L	nds	Volksafstimmen (Düütschland)
B.L	nds	Volkskamer
B.L	nds	Vörderpalz
B.L	nds	Wapen-SS
B.L	nds	Weiße Rose
B.L	nds	Wenn (DDR)
B.L	nds	Överfrömmen
B.L	nds	Överöllern
B.L	als	Bundesamt für Verfassungsschutz
B.L	als	Christlich-Soziale Union in Bayern
B.L	als	Deutscher Bundestag
B.L	als	Deutschland
B.L	als	Europäisches Parlament
B.L	als	Front National (Frankreich)
B.L	als	Landtag von Baden-Württemberg
B.L	als	München
B.L	als	Nationaldemokratische Partei Deutschlands
B.L	als	Parteienfinanzierung
B.L	als	Rechtskonservatismus
B.L	ar	ألمانيا
B.L	ar	المسيحي
B.L	ar	بادن فورتمبيرغ
B.L	ar	لغة ألمانية
B.L	ar	ولاية
B.L	ar	ويكيبيديا:بذرة
B.L	no	1980-tallet
B.L	no	Baden-Württemberg
B.L	no	Bundesverfassungsgericht
B.L	no	Bündnis 90/Die Grünen
B.L	no	CSU
B.L	no	Christlich-Soziale Union in Bayern
B.L	no	Christlich Demokratische Union
B.L	no	Deutsche Volksunion
B.L	no	Die Linke
B.L	no	Eckhard Voigt
B.L	no	Europeiske parlament
B.L	no	Forbundsdagen
B.L	no	Forbundsforsamlingen (Tyskland)
B.L	no	Forbundsminister (Tyskland)
B.L	no	Forbundsrådet (Tyskland)
B.L	no	Franz Handlos
B.L	no	Freie Demokratische Partei
B.L	no	Høyreekstremisme
B.L	no	Innvandrin
B.L	no	Liste over Landkreise i Tyskland
B.L	no	Liste over politiske partier i Tyskland
B.L	no	Nationaldemokratische Partei Deutschlands
B.L	no	Parti
B.L	no	Piratenpartei Deutschland
B.L	no	Politisk parti
B.L	no	Rolf Schlierer
B.L	no	Sozialdemokratische Partei Deutschlands
B.L	no	Tyskland
B.L	no	Tysklands delstater
B.L	no	Tysklands kanslere
B.L	no	Tysklands politiske system
B.L	no	Tysklands president
B.L	no	Tysklands regjering
B.L	no	Tysklands valg
B.L	no	Wikipedia:Portaler
B.L	no	Wikipedia:Stilmanual/parti
B.L	no	Wikipedia:Stubb
B.L	no	Portal:Tyskland
B.L	pl	1983
B.L	pl	2001
B.L	pl	2007
B.L	pl	26 listopada
B.L	pl	Andreas Voßkuhle
B.L	pl	Angela Merkel
B.L	pl	Badenia-Wirtembergia
B.L	pl	Bawaria
B.L	pl	Berlin
B.L	pl	Brandenburgia
B.L	pl	Brema
B.L	pl	Bundesrat
B.L	pl	Bundestag
B.L	pl	Deutsche Bundesbank
B.L	pl	Die Linke
B.L	pl	Dieter Engels
B.L	pl	Dolna Saksonia
B.L	pl	Drugi rząd Angeli Merkel
B.L	pl	Eckhardt Voigt
B.L	pl	Eurosceptycyzm
B.L	pl	Federalny Sąd Administracyjny (Niemcy)
B.L	pl	Federalny Sąd Pracy (Niemcy)
B.L	pl	Federalny Trybunał Finansowy (Niemcy)
B.L	pl	Federalny Trybunał Konstytucyjny
B.L	pl	Federalny Trybunał Obrachunkowy
B.L	pl	Federalny Trybunał Sprawiedliwości (Niemcy)
B.L	pl	Franz Handlos
B.L	pl	Franz Schönhuber
B.L	pl	Guido Westerwelle
B.L	pl	Hamburg
B.L	pl	Harald Range
B.L	pl	Hesja
B.L	pl	Holger Apfel
B.L	pl	Horst Seehofer
B.L	pl	II wojna światowa
B.L	pl	Ingrid Schmidt
B.L	pl	Jens Weidmann
B.L	pl	Joachim Gauck
B.L	pl	Język niemiecki
B.L	pl	Kanclerze Niemiec
B.L	pl	Klaus Tolksdorfv
B.L	pl	Konstytucja Niemiec
B.L	pl	Kontrola Państwowa w Niemczech
B.L	pl	Kraje związkowe Niemiec
B.L	pl	Landtag
B.L	pl	Marion Eckertz-Höfer
B.L	pl	Matthias Faust
B.L	pl	Meklemburgia-Pomorze Przednie
B.L	pl	Ministerstwo Spraw Zagranicznych Niemiec
B.L	pl	Monachium
B.L	pl	Nadrenia-Palatynat
B.L	pl	Nadrenia Północna-Westfalia
B.L	pl	Narodowodemokratyczna Partia Niemiec
B.L	pl	Narodowy konserwatyzm
B.L	pl	Niemcy
B.L	pl	Niemiecka Młodzież Wierna Ojczyźnie
B.L	pl	Niemiecka Partia Prawicowa
B.L	pl	Niemiecka Partia Rzeszy
B.L	pl	Niemiecka Unia Ludowa
B.L	pl	Niemieckie referenda
B.L	pl	Norbert Lammert
B.L	pl	Otto Ernst Remer
B.L	pl	Otto Strasser
B.L	pl	Parlament Europejski
B.L	pl	Partia polityczna
B.L	pl	Partie polityczne Niemiec
B.L	pl	Polityka zagraniczna Niemiec
B.L	pl	Populizm
B.L	pl	Prezydenci Niemiec
B.L	pl	Prokurator generalny (Niemcy)
B.L	pl	Przewodniczący Bundesratu
B.L	pl	Przewodniczący Bundestagu
B.L	pl	Próg wyborczy
B.L	pl	REP-Jugend
B.L	pl	Referendum w sprawie akceptacji przyłączenia Austrii do Niemiec w 1938
B.L	pl	Republikanie
B.L	pl	Rolf Schlierer
B.L	pl	Rudolf Mellinghoff
B.L	pl	Rząd federalny Niemiec
B.L	pl	Saara
B.L	pl	Saksonia
B.L	pl	Saksonia-Anhalt
B.L	pl	Samorząd terytorialny w Niemczech
B.L	pl	Socjaldemokratyczna Partia Niemiec
B.L	pl	Socjalistyczna Partia Rzeszy
B.L	pl	System prawny Niemiec
B.L	pl	System wyborczy w Niemczech
B.L	pl	Szlezwik-Holsztyn
B.L	pl	Turyngia
B.L	pl	Udo Pastörs
B.L	pl	Udo Voigt
B.L	pl	Unia Chrześcijańsko-Demokratyczna (Niemcy)
B.L	pl	Unia Chrześcijańsko-Społeczna w Bawarii
B.L	pl	Ustrój polityczny Niemiec
B.L	pl	Waffen-SS
B.L	pl	Wolna Partia Demokratyczna
B.L	pl	Wybory do Parlamentu Europejskiego w Niemczech
B.L	pl	Wybory do Parlamentu Europejskiego w Niemczech w 2009 roku
B.L	pl	Wybory parlamentarne w Nieczech
B.L	pl	Wybory parlamentarne w Niemczech w 2013 roku
B.L	pl	Wybory prezydenckie w Niemczech
B.L	pl	Wybory prezydenckie w Niemczech w 2012 roku
B.L	pl	Wybory samorządowe w Niemczech
B.L	pl	Wybory samorządowe w Niemczech w 2009 roku
B.L	pl	Związek 90/Zieloni
B.L	pl	Wikipedia:Strona ujednoznaczniająca
B.L	pl	Szablon:Partie polityczne Niemiec
B.L	pl	Szablon:Skrajna prawica niemiecka po II wojnie światowej
B.L	pl	Dyskusja szablonu:Partie polityczne Niemiec
B.L	pl	Dyskusja szablonu:Skrajna prawica niemiecka po II wojnie światowej
B.L	pl	Kategoria:Polityka Niemiec
B.L	pl	Wikiprojekt:Polityka
B.L	bar	Deutschland
B.L	bar	Minga
B.L	bar	Politische Partei
B.L	nl	1983
B.L	nl	1994
B.L	nl	Allgemeiner Deutscher Arbeiterverein
B.L	nl	Anarchistische Pogo-Partei Deutschlands
B.L	nl	Beieren
B.L	nl	Beierse Volkspartij
B.L	nl	Berlijn
B.L	nl	Blokpartij
B.L	nl	Bondsdag
B.L	nl	Bündnis 90/Die Grünen
B.L	nl	Bürgerbewegung Pro Deutschland
B.L	nl	Christlich-Demokratische Union Deutschlands (DDR)
B.L	nl	Christlich-Soziale Union
B.L	nl	Christlich Demokratische Union Deutschlands (Bondsrepubliek)
B.L	nl	Christliche Volkspartei des Saarlandes
B.L	nl	Conservatisme
B.L	nl	DVU
B.L	nl	Deelstaten van Duitsland
B.L	nl	Demokratische Bauernpartei Deutschlands
B.L	nl	Demokratischer Frauenbund Deutschlands
B.L	nl	Deutsche Demokratische Partei
B.L	nl	Deutsche Fortschrittspartei
B.L	nl	Deutsche Friedensunion
B.L	nl	Deutsche Kommunistische Partei
B.L	nl	Deutsche Soziale Union
B.L	nl	Deutsche Volkspartei
B.L	nl	Deutsche Volksunion
B.L	nl	Deutsche Zentrumspartei
B.L	nl	Die Linke
B.L	nl	Die Tierschutzpartei
B.L	nl	Duits-Hannoveraanse Partij
B.L	nl	Duitse Boerenpartij
B.L	nl	Duitse Nationale Volkspartij
B.L	nl	Duitse Partij
B.L	nl	Duitsland
B.L	nl	Ecologie
B.L	nl	Extreemlinks
B.L	nl	Extreemrechts
B.L	nl	Franz Schönhuber
B.L	nl	Freie Demokratische Partei
B.L	nl	Freie Deutsche Jugend
B.L	nl	Freie Wähler
B.L	nl	Freier Deutscher Gewerkschaftsbund
B.L	nl	Freikonservative Partei
B.L	nl	Geel (kleur)
B.L	nl	Geschiedenis van de politieke partijen in Duitsland
B.L	nl	Jaren '80
B.L	nl	Jaren '90
B.L	nl	Kommunistische Partei Deutschlands
B.L	nl	Kulturbund
B.L	nl	Liberaldemokratische Partei Deutschlands
B.L	nl	Liberalisme
B.L	nl	Maoïstische partijen in Duitsland
B.L	nl	Mecklenburg-Voor-Pommeren
B.L	nl	NPD
B.L	nl	Nationaal-Liberale Partij (Duitsland)
B.L	nl	Nationaalsocialistische Duitse Arbeiderspartij
B.L	nl	Nationaldemokratische Partei Deutschlands
B.L	nl	Nationaldemokratische Partei Deutschlands (DDR)
B.L	nl	Nedersaksen
B.L	nl	Partei Bibeltreuer Christen
B.L	nl	Partei der Vernunft
B.L	nl	Partei für Soziale Gerechtigkeit
B.L	nl	Patriottisme
B.L	nl	Piratenpartij Duitsland
B.L	nl	Politieke partijen in Duitsland
B.L	nl	Regionalisme (politiek)
B.L	nl	Rolf Schlierer
B.L	nl	Rood (kleur)
B.L	nl	Saksen (deelstaat)
B.L	nl	Sleeswijk-Holstein
B.L	nl	Socialisme
B.L	nl	Sozialdemokratische Arbeiterpartei (Duitsland)
B.L	nl	Sozialdemokratische Partei Deutschlands
B.L	nl	Sozialistische Arbeiterpartei Deutschlands
B.L	nl	Sozialistische Einheitspartei Deutschlands
B.L	nl	Südschleswigscher Wählerverband
B.L	nl	Unabhängige Sozialdemokratische Partei Deutschlands
B.L	nl	Union (Duitsland)
B.L	nl	Vereinigung der gegenseitigen Bauernhilfe
B.L	nl	Völkischer Block
B.L	nl	Waffen-SS
B.L	nl	Zwart (kleurenleer)
B.L	nl	Portaal:Duitsland
B.L	nl	Portaal:Politiek
B.L	ku	1983
B.L	ku	1992
B.L	ku	2005
B.L	ku	26'ê sermawez
B.L	ku	Almanya
B.L	ku	Almanî
B.L	ku	München
B.L	ku	Nazî
B.L	ku	Rolf Schlierer
B.L	ku	Saziya federal bo parastina destûra bingehîn
B.L	ku	Ursula Winkelsett
B.L	ku	Îdarekirina partiyê ya aborî
B.L	hu	1980-as évek
B.L	hu	1983
B.L	hu	2001
B.L	hu	2006
B.L	hu	Baden-Württemberg
B.L	hu	Bajorország
B.L	hu	Bundestag
B.L	hu	Eckhard Voigt
B.L	hu	Európai Parlament
B.L	hu	Franz Handlos
B.L	hu	Franz Schönhuber
B.L	hu	Keresztényszociális Unió
B.L	hu	Német Nemzeti Demokrata Párt
B.L	hu	Német Népi Unió
B.L	hu	Német nyelv
B.L	hu	Németország
B.L	hu	Populizmus
B.L	hu	Protest-szavazat
B.L	hu	Pártok Németországban
B.L	hu	Rajna-vidék–Pfalz
B.L	hu	Rolf Schlierer
B.L	hu	Szászország
B.L	hu	Talk show
B.L	hu	Waffen-SS
B.L	hu	Portál:Németország
B.L	hu	Portál:Németország/ikon
B.L	it	1983
B.L	it	Alleanza '90 - I Verdi
B.L	it	Baden-Württemberg
B.L	it	Baviera
B.L	it	Bundesrat (Germania)
B.L	it	Bundestag
B.L	it	Conservatorismo nazionale
B.L	it	Corte Costituzionale Federale tedesca
B.L	it	Destra (politica)
B.L	it	Die Linke
B.L	it	Elezioni europee del 1989
B.L	it	Estrema destra
B.L	it	Germania
B.L	it	Gruppo Tecnico delle Destre Europee
B.L	it	Lingua tedesca
B.L	it	Monaco di Baviera
B.L	it	Nazionalismo
B.L	it	Parlamento europeo
B.L	it	Partito Liberale Democratico (Germania)
B.L	it	Partito Socialdemocratico Tedesco
B.L	it	Partito politico
B.L	it	Politica della Germania
B.L	it	Populismo di destra
B.L	it	Rolf Schlierer
B.L	it	Unione Cristiano-Sociale in Baviera
B.L	it	Unione Cristiano Democratica (Germania)
B.L	it	Template:AggNaz/DEU
B.L	it	Template:Partiti politici in Germania
B.L	it	Discussioni template:Partiti politici in Germania
B.L	it	Aiuto:Abbozzo
B.L	it	Aiuto:Manuale di stile
B.L	it	Categoria:Stub - partiti politici tedeschi
B.L	it	Portale:Politica
B.L	it	Progetto:Partiti politici tedeschi
B.L	ja	11月26日
B.L	ja	1983年
B.L	ja	1989年
B.L	ja	1989年欧州議会議員選挙 (ドイツ)
B.L	ja	1992年
B.L	ja	1995年
B.L	ja	1996年
B.L	ja	2006年
B.L	ja	2012年
B.L	ja	WASG
B.L	ja	オスタルギー
B.L	ja	キリスト教社会同盟
B.L	ja	ザクセン人民党
B.L	ja	ドイツ
B.L	ja	ドイツの地方行政区分
B.L	ja	ドイツの地理
B.L	ja	ドイツの州
B.L	ja	ドイツの政党
B.L	ja	ドイツの政治
B.L	ja	ドイツキリスト教民主同盟
B.L	ja	ドイツキリスト教民主同盟 (東ドイツ)
B.L	ja	ドイツ・フォーラム党
B.L	ja	ドイツ中産階級帝国党
B.L	ja	ドイツ人民党
B.L	ja	ドイツ党
B.L	ja	ドイツ共産党
B.L	ja	ドイツ共産党 (DKP)
B.L	ja	ドイツ再統一
B.L	ja	ドイツ労働者党
B.L	ja	ドイツ国家人民党
B.L	ja	ドイツ国家民主党
B.L	ja	ドイツ国家民主党 (東ドイツ)
B.L	ja	ドイツ家族党
B.L	ja	ドイツ民主党
B.L	ja	ドイツ民主共和国
B.L	ja	ドイツ民主農民党
B.L	ja	ドイツ民族同盟
B.L	ja	ドイツ民族自由党
B.L	ja	ドイツ海賊党
B.L	ja	ドイツ無政府主義ポゴ党
B.L	ja	ドイツ独立社会民主党
B.L	ja	ドイツ社会主義労働者党
B.L	ja	ドイツ社会主義統一党
B.L	ja	ドイツ社会同盟
B.L	ja	ドイツ社会民主党
B.L	ja	ドイツ自由民主党
B.L	ja	ドイツ語
B.L	ja	ドイツ連邦議会
B.L	ja	ナチス
B.L	ja	ナチス・ドイツ
B.L	ja	ネオナチ
B.L	ja	バイエルン
B.L	ja	バイエルン人民党
B.L	ja	バイエルン民族党
B.L	ja	バーデン＝ヴュルテンベルク州
B.L	ja	フランス
B.L	ja	フランツ・シェーンフーバー
B.L	ja	フランツ・ハンドロス
B.L	ja	フラームス・ブロック
B.L	ja	ブルジョア
B.L	ja	ベルギー
B.L	ja	ベルリンの壁崩壊
B.L	ja	ポピュリズム
B.L	ja	マーストリヒト条約
B.L	ja	ミュンヘン
B.L	ja	ロルフ・シリエレル
B.L	ja	ヴァイマル共和国
B.L	ja	中国
B.L	ja	中央党 (ドイツ)
B.L	ja	中小企業
B.L	ja	会派
B.L	ja	保守
B.L	ja	党首
B.L	ja	労働組合
B.L	ja	労働者
B.L	ja	南シュレースヴィヒ選挙人同盟
B.L	ja	南ドイツ
B.L	ja	反共産主義
B.L	ja	反米
B.L	ja	収容所
B.L	ja	右派
B.L	ja	各国の政党
B.L	ja	同盟90
B.L	ja	同盟90/緑の党
B.L	ja	国家主権
B.L	ja	国家社会主義ドイツ労働者党
B.L	ja	国家社会主義自由運動
B.L	ja	国家連合
B.L	ja	国民保守主義
B.L	ja	国民戦線 (フランス)
B.L	ja	国民社会主義
B.L	ja	国民自由党 (ドイツ)
B.L	ja	外国人
B.L	ja	大ドイツ民族共同体
B.L	ja	官僚
B.L	ja	小さな政府
B.L	ja	左翼
B.L	ja	左翼党 (ドイツ)
B.L	ja	市場経済
B.L	ja	平和と人権イニシアティヴ
B.L	ja	政党
B.L	ja	政党連合
B.L	ja	政治
B.L	ja	新フォーラム
B.L	ja	旧ドイツ東部領土
B.L	ja	有権者
B.L	ja	東ドイツ
B.L	ja	東ドイツ緑の党
B.L	ja	極右
B.L	ja	欧州懐疑主義
B.L	ja	欧州統合
B.L	ja	欧州議会
B.L	ja	欧州連合
B.L	ja	民主主義の出発
B.L	ja	民主主義を今
B.L	ja	民主人民党 (ドイツ)
B.L	ja	民主社会党 (ドイツ)
B.L	ja	社会主義
B.L	ja	社会主義市場経済
B.L	ja	社会主義帝国党
B.L	ja	社会政策
B.L	ja	社会的市場経済
B.L	ja	社会福祉
B.L	ja	福祉国家
B.L	ja	私有財産
B.L	ja	経済政策
B.L	ja	自由な有権者
B.L	ja	自由民主党 (ドイツ)
B.L	ja	西ドイツ
B.L	ja	西ベルリン
B.L	ja	親衛隊 (ナチス)
B.L	ja	親衛隊伍長
B.L	ja	貧困
B.L	ja	連邦
B.L	ja	連邦憲法擁護庁
B.L	ja	連邦憲法裁判所
B.L	ja	連邦議会 (ドイツ)
B.L	ja	鉄兜団、前線兵士同盟
B.L	ja	阻止条項
B.L	ja	難民
B.L	ja	Wikipedia:スタブ
B.L	ja	Template:ドイツの政党
B.L	ja	Template:政党
B.L	ja	Template‐ノート:ドイツの政党
B.L	ja	Category:ドイツ関連のスタブ項目
B.L	ja	Category:政治関連のスタブ項目
B.L	ja	Portal:ドイツ
B.L	ja	Portal:政治学
B.L	ja	プロジェクト:ドイツ
B.L	ja	プロジェクト:政治
B.L	tr	Alman
B.L	tr	Alman milliyetçiliği
B.L	tr	Almanca
B.L	tr	Avrupa
B.L	tr	Berlin
B.L	tr	Federal Agency for Civic Education
B.L	tr	Merkez sağ
B.L	tr	Rolf Schlierer
B.L	tr	Siyasi parti
B.L	tr	Vikipedi:Madde
B.L	tr	Vikipedi:Taslak madde
B.L	sv	1983
B.L	sv	Delstat
B.L	sv	Europaparlamentet
B.L	sv	Expo
B.L	sv	Förbundsdagen
B.L	sv	Högerpopulism
B.L	sv	Nationaldemokratische Partei Deutschlands
B.L	sv	Nationalism
B.L	sv	Politiskt parti
B.L	sv	Rolf Schlierer
B.L	sv	Tyskland
B.L	sv	Wikipedia:Stubbar
B.L	ru	1983
B.L	ru	1989
B.L	ru	1992
B.L	ru	2001
B.L	ru	2009
B.L	ru	Artgemeinschaft
B.L	ru	Gesinnungsgemeinschaft der Neuen Front
B.L	ru	Überfremdung
B.L	ru	Адольф фон Тадден
B.L	ru	Апфель, Хольгер
B.L	ru	Армин Молер
B.L	ru	Баден-Вюртемберг
B.L	ru	Берлин
B.L	ru	Викингюгенд
B.L	ru	Выборы в Бундестаг (2009)
B.L	ru	Германия
B.L	ru	Германский бундестаг
B.L	ru	Гесс, Вольф Рюдигер
B.L	ru	Граждане в гневе
B.L	ru	Гюнтер Декерт
B.L	ru	Европарламент
B.L	ru	Кристиан Ворх
B.L	ru	Кюнен, Михаэль
B.L	ru	Ландтаг
B.L	ru	Левые (партия, Германия)
B.L	ru	Майкл Свирчек
B.L	ru	Малер, Хорст
B.L	ru	Мартин Муссгнуг
B.L	ru	Маттиас Фауст
B.L	ru	Мюнхен
B.L	ru	Национал-демократическая партия Германии
B.L	ru	Национал-социалистическое движение Германии/Лейбористская партия
B.L	ru	Националистический фронт
B.L	ru	Национальная газета
B.L	ru	Национальное сопротивление
B.L	ru	Нация Европы
B.L	ru	Немецкая альтернатива
B.L	ru	Немецкая лига для народа и Отечества
B.L	ru	Немецкая партия свободных рабочих
B.L	ru	Немецкая правая партия
B.L	ru	Немецкий народный союз
B.L	ru	Немецкий социальный союз
B.L	ru	Немецкий язык
B.L	ru	Немецкий языческий фронт
B.L	ru	Неонацизм
B.L	ru	Новые правые (Германия)
B.L	ru	Отрицание Холокоста
B.L	ru	Палату депутатов
B.L	ru	Партия зелёных (Германия)
B.L	ru	Партия пиратов Германии
B.L	ru	Политическая партия
B.L	ru	Политические партии Германии
B.L	ru	Ремер, Отто-Эрнст
B.L	ru	Реннике, Франк
B.L	ru	Республиканцы
B.L	ru	Ригер, Юрген
B.L	ru	Рольф Шлирер
B.L	ru	Рёдер, Манфред
B.L	ru	Свободная демократическая партия (Германия)
B.L	ru	Социал-демократическая партия Германии
B.L	ru	Социалистическая Имперская партия
B.L	ru	Союз южношлезвигских избирателей
B.L	ru	Стеглих, Вильгельм
B.L	ru	Ультраправые в Германии
B.L	ru	Федеральная служба защиты конституции Германии
B.L	ru	Фойгт, Удо
B.L	ru	Фрай, Герхард (политик)
B.L	ru	Франц Хедлос
B.L	ru	Франц Шёнхубер
B.L	ru	Франца Хедлоса
B.L	ru	Фридрих Тиелен
B.L	ru	Фридхельм Буссе
B.L	ru	Фриц Ресслер
B.L	ru	Фронт действия национал-социалистов/Национальные активисты
B.L	ru	Харальд Нойбауэр
B.L	ru	Христианско-демократический союз Германии
B.L	ru	Христианско-социальный союз
B.L	ru	Штрассер, Отто
B.L	ru	Штрассеризм
B.L	ru	Эрих Керн
B.L	ru	Википедия:Заготовка статьи
B.L	ru	Шаблон:Ref-de
B.L	ru	Шаблон:Политические партии Германии
B.L	ro	1983
B.L	ro	26 noiembrie
B.L	ro	Alegeri în Germania
B.L	ro	Alegerile federale germane, 2009
B.L	ro	Bundestag
B.L	ro	Germania
B.L	ro	Germană
B.L	ro	Landurile Germaniei
B.L	ro	Listă de partide politice din Germania
B.L	ro	Politica Germaniei
B.L	ro	Radicalism
B.L	ro	Rolf Schlierer
B.L	ro	Wikipedia:Articolul ciot perfect
B.L	ro	Wikipedia:Găsește și repară un ciot
CN	de	Die_Republikaner
IWL	fr	Les Républicains
IWL	eo	Die Republikaner
IWL	en	The Republicans (Germany)
IWL	es	Die Republikaner
IWL	nds	De Republiekaners
IWL	als	Die Republikaner
IWL	ar	الجمهوريون (ألمانيا)
IWL	no	Republikanerne (Tyskland)
IWL	pl	Republikanie (Niemcy)
IWL	bar	Die Republikaner
IWL	nl	Die Republikaner
IWL	ku	Komarger
IWL	hu	Republikánusok (Németország)
IWL	it	I Repubblicani
IWL	ja	共和党 (ドイツ)
IWL	tr	Cumhuriyetçiler (Almanya)
IWL	sv	Republikanerna (Tyskland)
IWL	ru	Республиканцы (Германия)
IWL	ro	Partidul Republicanii (Germania)
