A.L	de	1964
A.L	de	7. Dezember
A.L	de	Abgeordnetenwatch.de
A.L	de	Angela Merkel
A.L	de	Annette Schavan
A.L	de	Bad Aibling
A.L	de	Baiern (Landkreis Ebersberg)
A.L	de	Bayerische Verfassungsmedaille
A.L	de	Bayerischer Landtag
A.L	de	Bayerischer Verdienstorden
A.L	de	Bayerisches Rotes Kreuz
A.L	de	Bayern
A.L	de	Björn Engholm
A.L	de	Brigitte Zypries
A.L	de	Bundeskartellamt
A.L	de	Bundesministerium für Ernährung, Landwirtschaft und Verbraucherschutz
A.L	de	Bundestagswahl 2013
A.L	de	Bundestagswahlkreis Starnberg
A.L	de	CSU-Landesgruppe
A.L	de	Christlich-Soziale Union in Bayern
A.L	de	Daniel Bahr
A.L	de	Deutschland
A.L	de	Dinosaurier des Jahres
A.L	de	Dirk Niebel
A.L	de	Enquête-Kommission
A.L	de	Eurocopter Group
A.L	de	Feldkirchen-Westerham
A.L	de	Frank-Walter Steinmeier
A.L	de	Franz Josef Jung
A.L	de	Franz Müntefering
A.L	de	Geldautomat
A.L	de	Gemeinderat (Deutschland)
A.L	de	Gemeinsame Normdatei
A.L	de	Genossenschaftsbank
A.L	de	Guido Westerwelle
A.L	de	Hans-Peter Friedrich
A.L	de	Haus der Bayerischen Geschichte
A.L	de	Heidemarie Wieczorek-Zeul
A.L	de	Heinrich Lübke
A.L	de	Hermann Höcherl
A.L	de	Horst Seehofer
A.L	de	Ignaz Kiechle
A.L	de	Informationselektroniker
A.L	de	Jochen Borchert
A.L	de	Johanna Wanka
A.L	de	Josef Ertl
A.L	de	Junge Union
A.L	de	Kabinett Merkel I
A.L	de	Kabinett Merkel II
A.L	de	Karl-Heinz Funke
A.L	de	Karl-Theodor zu Guttenberg
A.L	de	Kreistag
A.L	de	Kristina Schröder
A.L	de	Landkreis Rosenheim
A.L	de	Michael Glos
A.L	de	Mitglied des Landtages
A.L	de	Mittlere Reife
A.L	de	Norbert Röttgen
A.L	de	Oberbayern
A.L	de	Obmann
A.L	de	Olaf Scholz
A.L	de	Peer Steinbrück
A.L	de	Peter Altmaier
A.L	de	Peter Ramsauer
A.L	de	Philipp Rösler
A.L	de	Politiker
A.L	de	Rainer Brüderle
A.L	de	Renate Künast
A.L	de	Rentenbank
A.L	de	Ronald Pofalla
A.L	de	Römisch-katholische Kirche
A.L	de	Sabine Leutheusser-Schnarrenberger
A.L	de	Sigmar Gabriel
A.L	de	Sparkasse
A.L	de	Techniker
A.L	de	Thomas de Maizière
A.L	de	Ulla Schmidt
A.L	de	Ursula von der Leyen
A.L	de	Viktualienmarkt
A.L	de	Virtual International Authority File
A.L	de	Werner Schwarz (CDU)
A.L	de	Wilhelm Niklas
A.L	de	Wolfgang Schäuble
A.L	de	Wolfgang Tiefensee
A.L	de	Hilfe:Personendaten
B.L	fr	1949
B.L	fr	1964
B.L	fr	1981
B.L	fr	1985
B.L	fr	1990
B.L	fr	1993
B.L	fr	1994
B.L	fr	1998
B.L	fr	1999
B.L	fr	2002
B.L	fr	2005
B.L	fr	2007
B.L	fr	2008
B.L	fr	2013
B.L	fr	22 août
B.L	fr	28 octobre
B.L	fr	31 octobre
B.L	fr	7 décembre
B.L	fr	Aigner
B.L	fr	Allemagne
B.L	fr	Allemagne de l'Ouest
B.L	fr	Angela Merkel
B.L	fr	Annette Schavan
B.L	fr	Août 2013
B.L	fr	Arrondissement de Rosenheim
B.L	fr	Assunção Cristas
B.L	fr	Athanásios Tsautáris
B.L	fr	Bavière
B.L	fr	Björn Engholm
B.L	fr	Brigitte Zypries
B.L	fr	Bundestag
B.L	fr	Cabinet Merkel I
B.L	fr	Cabinet Merkel II
B.L	fr	Cabinet Schröder II
B.L	fr	Canada
B.L	fr	Chancelier fédéral (Allemagne)
B.L	fr	Chancellerie fédérale (Allemagne)
B.L	fr	Coalition noire-jaune
B.L	fr	Célibataire
B.L	fr	Daniel Bahr
B.L	fr	Daniel Constantin (homme politique roumain)
B.L	fr	Dejan Židan
B.L	fr	Dimitar Grekov
B.L	fr	Dirk Niebel
B.L	fr	District de Haute-Bavière
B.L	fr	Décembre 1964
B.L	fr	Département de l'Environnement, de l'Alimentation et des Affaires rurales
B.L	fr	Enfant
B.L	fr	Eskil Erlandsson
B.L	fr	Eurocopter
B.L	fr	Feldkirchen-Westerham
B.L	fr	Formation professionnelle
B.L	fr	France
B.L	fr	Frank-Walter Steinmeier
B.L	fr	Franz Josef Jung
B.L	fr	Franz Müntefering
B.L	fr	General Certificate of Secondary Education
B.L	fr	Gerry Ritz
B.L	fr	Gouvernement fédéral (Allemagne)
B.L	fr	Groupe CDU/CSU au Bundestag
B.L	fr	Groupe des huit
B.L	fr	Guido Westerwelle
B.L	fr	Hans-Peter Friedrich
B.L	fr	Heidemarie Wieczorek-Zeul
B.L	fr	Heinrich Lübke
B.L	fr	Helir-Valdor Seeder
B.L	fr	Henk Kamp
B.L	fr	Hermann Höcherl
B.L	fr	Horst Seehofer
B.L	fr	Hélicoptère
B.L	fr	Ignaz Kiechle
B.L	fr	Italie
B.L	fr	Japon
B.L	fr	Jari Koskinen
B.L	fr	Jochen Borchert
B.L	fr	Johanna Wanka
B.L	fr	Josef Ertl
B.L	fr	Junge Union
B.L	fr	Jürgen Trittin
B.L	fr	Karen Hækkerup
B.L	fr	Karl-Heinz Funke
B.L	fr	Karl-Theodor zu Guttenberg
B.L	fr	Kristina Schröder
B.L	fr	Laimdota Straujuma
B.L	fr	Landtag de Bavière
B.L	fr	Leo Brincat
B.L	fr	Liste de femmes ministres allemandes
B.L	fr	Michael Glos
B.L	fr	Michalis Polynikis
B.L	fr	Miguel Arias Cañete
B.L	fr	Ministre fédéral avec attributions spéciales
B.L	fr	Ministère de l'Agriculture, des Forêts et de la Pêche
B.L	fr	Ministère de l'Agriculture (France)
B.L	fr	Ministère fédéral de l'Agriculture (Allemagne)
B.L	fr	Ministère fédéral de l'Environnement (Allemagne)
B.L	fr	Ministère fédéral de l'Intérieur (Allemagne)
B.L	fr	Ministère fédéral de l'Économie (Allemagne)
B.L	fr	Ministère fédéral de l'Éducation et de la Recherche (Allemagne)
B.L	fr	Ministère fédéral de la Coopération économique (Allemagne)
B.L	fr	Ministère fédéral de la Défense (Allemagne)
B.L	fr	Ministère fédéral de la Famille (Allemagne)
B.L	fr	Ministère fédéral de la Justice (Allemagne)
B.L	fr	Ministère fédéral de la Santé (Allemagne)
B.L	fr	Ministère fédéral des Finances (Allemagne)
B.L	fr	Ministère fédéral des Transports et de la Construction (Allemagne)
B.L	fr	Ministère fédéral du Travail (Allemagne)
B.L	fr	Nikolaus Berlakovich
B.L	fr	Nikolay Vasilyevich Fyodorov
B.L	fr	Norbert Röttgen
B.L	fr	Nunzia De Girolamo
B.L	fr	Octobre
B.L	fr	Octobre 2007
B.L	fr	Octobre 2008
B.L	fr	Office des Affaires étrangères (Allemagne)
B.L	fr	Olaf Scholz
B.L	fr	Owen Paterson (homme politique)
B.L	fr	Peer Steinbrück
B.L	fr	Personnalité politique
B.L	fr	Peter Altmaier
B.L	fr	Peter Ramsauer
B.L	fr	Petr Bendl
B.L	fr	Philipp Rösler
B.L	fr	Politique de l'Allemagne
B.L	fr	Radiodiffusion
B.L	fr	Rainer Brüderle
B.L	fr	Religion catholique
B.L	fr	Renate Künast
B.L	fr	Romain Schneider
B.L	fr	Ronald Pofalla
B.L	fr	Royaume-Uni
B.L	fr	Russie
B.L	fr	Sabine Laruelle
B.L	fr	Sabine Leutheusser-Schnarrenberger
B.L	fr	Secrétaire à l'Agriculture des États-Unis
B.L	fr	Service civil
B.L	fr	Sigmar Gabriel
B.L	fr	Simon Coveney
B.L	fr	Stanisław Kalemba
B.L	fr	Stéphane Le Foll
B.L	fr	Sándor Fazekas
B.L	fr	Technicien
B.L	fr	Thomas de Maizière
B.L	fr	Tihomir Jakovina
B.L	fr	Tom Vilsack
B.L	fr	Télévision
B.L	fr	Ulla Schmidt
B.L	fr	Union chrétienne-sociale en Bavière
B.L	fr	Ursula von der Leyen
B.L	fr	Vice-chancelier (Allemagne)
B.L	fr	Vigilijus Jukna
B.L	fr	Werner Schwarz (CDU)
B.L	fr	Wilhelm Niklas
B.L	fr	Wolfgang Schäuble
B.L	fr	Wolfgang Tiefensee
B.L	fr	Yoshimasa Hayashi
B.L	fr	Élections fédérales allemandes de 2009
B.L	fr	Électronicien
B.L	fr	Électronique
B.L	fr	États-Unis
B.L	fr	États membres de l'Union européenne
B.L	fr	Ľubomír Jahnátek
B.L	fr	Modèle:Palette Cabinet Merkel
B.L	fr	Modèle:Palette Ministres de l'Agriculture allemands
B.L	fr	Modèle:Palette Ministres de l'Agriculture de l'UE
B.L	fr	Modèle:Palette Ministres de l'Agriculture du G8
B.L	fr	Discussion modèle:Palette Cabinet Merkel
B.L	fr	Discussion modèle:Palette Ministres de l'Agriculture allemands
B.L	fr	Discussion modèle:Palette Ministres de l'Agriculture de l'UE
B.L	fr	Discussion modèle:Palette Ministres de l'Agriculture du G8
B.L	fr	Aide:Homonymie
B.L	fr	Catégorie:Portail:Agriculture et agronomie/Articles liés
B.L	fr	Catégorie:Portail:Allemagne/Articles liés
B.L	fr	Catégorie:Portail:Femmes/Articles liés
B.L	fr	Catégorie:Portail:Politique/Articles liés
B.L	fr	Portail:Agriculture et agronomie
B.L	fr	Portail:Allemagne
B.L	fr	Portail:Femmes
B.L	fr	Portail:Politique
B.L	eo	1964
B.L	eo	2008
B.L	eo	28-a de oktobro
B.L	eo	7-an de decembro
B.L	eo	Bavario
B.L	eo	Christlich-Soziale Union in Bayern
B.L	eo	Feldkirchen-Westerham
B.L	eo	Germana politikisto
B.L	eo	Germanoj
B.L	eo	Horst Seehofer
B.L	eo	Ministraro dua de Angela Merkel
B.L	eo	Ministraro unua de Angela Merkel
B.L	eo	Parlamenta baloto en Germanio 2009
B.L	eo	Politikistino
B.L	eo	Vikipedio:La perfekta ĝermo de artikolo
B.L	eo	Vikipedio:Tradukoj
B.L	eo	Vikipedio:Trovi aŭ kreskigi ĝermojn
B.L	eo	Kategorio:Ĝermoj pri Germana politikisto
B.L	eo	Kategorio:Ĝermoj pri germana politikisto
B.L	eo	Kategorio:Ĝermoj pri germana politikistoj
B.L	eo	Kategorio:Ĝermoj pri germanaj politikistoj
B.L	en	Angela Merkel
B.L	en	Annette Schavan
B.L	en	Authority control
B.L	en	Bavaria
B.L	en	Brigitte Zypries
B.L	en	Bundestag
B.L	en	Cabinet Merkel I
B.L	en	Cabinet Merkel II
B.L	en	Chancellor of Germany
B.L	en	Christian Social Union of Bavaria
B.L	en	Daniel Bahr
B.L	en	Dirk Niebel
B.L	en	Eurocopter
B.L	en	Facebook
B.L	en	Federal Minister of Economics and Technology
B.L	en	Federal Ministry of Food, Agriculture and Consumer Protection (Germany)
B.L	en	Federal Ministry of Health (Germany)
B.L	en	Feldkirchen-Westerham
B.L	en	Frank-Walter Steinmeier
B.L	en	Franz Josef Jung
B.L	en	Franz Müntefering
B.L	en	Germany
B.L	en	Guido Westerwelle
B.L	en	Hans-Peter Friedrich
B.L	en	Heidemarie Wieczorek-Zeul
B.L	en	Horst Seehofer
B.L	en	Incumbent
B.L	en	Johanna Wanka
B.L	en	Karl-Theodor zu Guttenberg
B.L	en	Kristina Schröder
B.L	en	Landtag of Bavaria
B.L	en	Merkel Cabinet I
B.L	en	Michael Glos
B.L	en	Norbert Röttgen
B.L	en	Olaf Scholz
B.L	en	Peer Steinbrück
B.L	en	Peter Altmaier
B.L	en	Peter Ramsauer
B.L	en	Philipp Rösler
B.L	en	Politician
B.L	en	Rainer Brüderle
B.L	en	Roman Catholic
B.L	en	Ronald Pofalla
B.L	en	Rosenheim (district)
B.L	en	Sabine Leutheusser-Schnarrenberger
B.L	en	Sigmar Gabriel
B.L	en	State-certified Engineer BVT
B.L	en	Sustainable development
B.L	en	Thomas de Maizière
B.L	en	Ulla Schmidt
B.L	en	Ursula von der Leyen
B.L	en	Vice Chancellor of Germany
B.L	en	Virtual International Authority File
B.L	en	Wolfgang Schäuble
B.L	en	Wolfgang Tiefensee
B.L	en	Wikipedia:Citation needed
B.L	en	Wikipedia:Persondata
B.L	en	Wikipedia:Stub
B.L	en	Template:Cabinet Merkel I
B.L	en	Template:Cabinet Merkel II
B.L	en	Template:Germany-politician-stub
B.L	en	Template:ISO 639 name de
B.L	en	Template talk:Cabinet Merkel I
B.L	en	Template talk:Cabinet Merkel II
B.L	en	Template talk:Germany-politician-stub
B.L	en	Category:Articles with unsourced statements from November 2012
B.L	ar	1964
B.L	ar	2008
B.L	ar	31 اكتوبر
B.L	ar	7 ديسمبر
B.L	ar	ألمانيا
B.L	ar	ألمانيا الغربية
B.L	ar	حزب الاتحاد الاجتماعي المسيحي بولاية بافاريا
B.L	ar	فيلدكيرخن-سترهام
B.L	ar	لغة ألمانية
B.L	ar	هورست زيهوفر
B.L	ar	ويكيميديا كومنز
B.L	ar	ويكيبيديا:بذرة
B.L	ar	ملحق:1964
B.L	ar	ملحق:7 ديسمبر
B.L	no	1964
B.L	no	7. desember
B.L	no	Angela Merkels andre regjering
B.L	no	Angela Merkels første regjering
B.L	no	Annette Schavan
B.L	no	Bayern
B.L	no	Brigitte Zypries
B.L	no	Christlich-Soziale Union in Bayern
B.L	no	Daniel Bahr
B.L	no	Den bayerske landdagen
B.L	no	Dirk Niebel
B.L	no	Feldkirchen-Westerham
B.L	no	Forbundsdagen
B.L	no	Frank-Walter Steinmeier
B.L	no	Franz Josef Jung
B.L	no	Franz Müntefering
B.L	no	Guido Westerwelle
B.L	no	Hans-Peter Friedrich
B.L	no	Heidemarie Wieczorek-Zeul
B.L	no	Horst Seehofer
B.L	no	Johanna Wanka
B.L	no	Junge Union
B.L	no	Karl-Theodor zu Guttenberg
B.L	no	Kristina Schröder
B.L	no	Liste over Tysklands ernærings-, landbruks- og forbrukerbeskyttelsesministre
B.L	no	Michael Glos
B.L	no	Norbert Röttgen
B.L	no	Oberbayern
B.L	no	Olaf Scholz
B.L	no	Peer Steinbrück
B.L	no	Peter Altmaier
B.L	no	Peter Ramsauer
B.L	no	Philipp Rösler
B.L	no	Rainer Brüderle
B.L	no	Ronald Pofalla
B.L	no	Sabine Leutheusser-Schnarrenberger
B.L	no	Sigmar Gabriel
B.L	no	Thomas de Maizière
B.L	no	Tyskland
B.L	no	Ulla Schmidt
B.L	no	Ursula von der Leyen
B.L	no	Wikimedia Commons
B.L	no	Wolfgang Schäuble
B.L	no	Wolfgang Tiefensee
B.L	no	Wikipedia:Portaler
B.L	no	Mal:Merkels andre kabinett
B.L	no	Mal:Merkels første kabinett
B.L	no	Maldiskusjon:Merkels andre kabinett
B.L	no	Maldiskusjon:Merkels første kabinett
B.L	no	Portal:Tyskland
B.L	pl	1964
B.L	pl	2008
B.L	pl	31 października
B.L	pl	7 grudnia
B.L	pl	Angela Merkel
B.L	pl	Annette Schavan
B.L	pl	Bawaria
B.L	pl	Brigitte Zypries
B.L	pl	Bundestag
B.L	pl	Daniel Bahr
B.L	pl	Dirk Niebel
B.L	pl	Drugi rząd Angeli Merkel
B.L	pl	Feldkirchen-Westerham
B.L	pl	Frank-Walter Steinmeier
B.L	pl	Franz Josef Jung
B.L	pl	Franz Müntefering
B.L	pl	Gemeinsame Normdatei
B.L	pl	Guido Westerwelle
B.L	pl	Hans-Peter Friedrich
B.L	pl	Heidemarie Wieczorek-Zeul
B.L	pl	Horst Seehofer
B.L	pl	Johanna Wanka
B.L	pl	Język niemiecki
B.L	pl	Karl-Theodor zu Guttenberg
B.L	pl	Kontrola autorytatywna
B.L	pl	Kristina Schröder
B.L	pl	Landtag
B.L	pl	Michael Glos
B.L	pl	Ministrowie rolnictwa, polityki żywnościowej i ochrony konsumentów Niemiec
B.L	pl	Norbert Röttgen
B.L	pl	Olaf Scholz
B.L	pl	Online Computer Library Center
B.L	pl	Peer Steinbrück
B.L	pl	Peter Altmaier
B.L	pl	Peter Ramsauer
B.L	pl	Philipp Rösler
B.L	pl	Pierwszy rząd Angeli Merkel
B.L	pl	Rainer Brüderle
B.L	pl	Ronald Pofalla
B.L	pl	Sabine Leutheusser-Schnarrenberger
B.L	pl	Sigmar Gabriel
B.L	pl	Thomas de Maizière
B.L	pl	Ulla Schmidt
B.L	pl	Unia Chrześcijańsko-Społeczna w Bawarii
B.L	pl	Ursula von der Leyen
B.L	pl	Wolfgang Schäuble
B.L	pl	Wolfgang Tiefensee
B.L	pl	Szablon:Drugi rząd Angeli Merkel
B.L	pl	Szablon:Pierwszy rząd Angeli Merkel
B.L	pl	Dyskusja szablonu:Drugi rząd Angeli Merkel
B.L	pl	Dyskusja szablonu:Pierwszy rząd Angeli Merkel
B.L	ksh	Bayern
B.L	ksh	Berlin
B.L	ksh	Bundesrepublik Deutschland
B.L	ksh	CSU
B.L	ksh	Deutscher Bundestag
B.L	ksh	Horst Lorenz Seehofer
B.L	ksh	Hubschrauber
B.L	ksh	Junge Union
B.L	ksh	Rosenheim
B.L	ksh	Stolberjer Platt
B.L	ksh	Wikipedia:Hilfe/Wie schriev ma dat?
B.L	ksh	Saachjrupp:Sie op Stolberjer Platt
B.L	ksh	Saachjrupp:Sigk jeschrivve wii mer t sprisch
B.L	nl	1964
B.L	nl	7 december
B.L	nl	Angela Merkel
B.L	nl	Bad Tölz-Wolfratshausen
B.L	nl	Beieren
B.L	nl	Beierse Landdag
B.L	nl	Bondsdag
B.L	nl	Bondsregering (Duitsland)
B.L	nl	Christlich-Soziale Union
B.L	nl	Elektrotechniek
B.L	nl	Eurocopter
B.L	nl	Feldkirchen-Westerham
B.L	nl	Horst Seehofer
B.L	nl	Junge Union
B.L	nl	Katholicisme
B.L	nl	Kreistag
B.L	nl	Miesbach (district)
B.L	nl	Minister-president
B.L	nl	Parlementslid
B.L	nl	Politicus
B.L	nl	Presidium
B.L	nl	Rosenheim (district)
B.L	nl	Starnberg (district)
B.L	nl	Wikimedia Commons
B.L	nl	Portaal:Politiek
B.L	la	1964
B.L	la	1981
B.L	la	1983
B.L	la	1985
B.L	la	1988
B.L	la	1990
B.L	la	1994
B.L	la	1995
B.L	la	1998
B.L	la	2008
B.L	la	2009
B.L	la	31 Octobris
B.L	la	7 Decembris
B.L	la	Administer Foederalis Rei Agrariae
B.L	la	Administratio Merkel 2
B.L	la	Angela Merkel
B.L	la	Annetta Schavan
B.L	la	Bavaria
B.L	la	Björn Engholm
B.L	la	Brigitta Zypries
B.L	la	Carolus-Hinricus Funke
B.L	la	Carolus Theodorus zu Guttenberg
B.L	la	Christiana Socialis Unio in Bavaria
B.L	la	Christina Schröder
B.L	la	Daniel Bahr
B.L	la	Dieta Foederalis Germaniae
B.L	la	Elizabeth Aigner
B.L	la	Franciscus Josephus Jung
B.L	la	Franciscus Müntefering
B.L	la	Francus Gualterus Steinmeier
B.L	la	Guido Westerwelle
B.L	la	Gulielmus Niklas
B.L	la	Heidemaria Wieczorek-Zeul
B.L	la	Helicopterum
B.L	la	Henricus Luebke
B.L	la	Hermannus Höcherl
B.L	la	Horatius Seehofer
B.L	la	Ignatius Kiechle
B.L	la	Ioachimus Borchert
B.L	la	Ioanna Wanka
B.L	la	Ioannes-Petrus Friedrich
B.L	la	Iosephus Ertl
B.L	la	Michael Glos
B.L	la	Norbertus Röttgen
B.L	la	Olaus Scholz
B.L	la	Petrus Altmaier
B.L	la	Petrus Ramsauer
B.L	la	Petrus Steinbrück
B.L	la	Philippus Rösler
B.L	la	Rainer Brüderle
B.L	la	Renata Künast
B.L	la	Ronaldus Pofalla
B.L	la	Sabina Leutheusser-Schnarrenberger
B.L	la	Sigmarius Gabriel
B.L	la	Theodericus Niebel
B.L	la	Thomas de Maizière
B.L	la	Ulla Schmidt
B.L	la	Unio iuvenilis
B.L	la	Ursula de Leyen
B.L	la	Veltkircha
B.L	la	Volfgangus Schäuble
B.L	la	Volfgangus Tiefensee
B.L	la	Wernerus Schwarz
B.L	sv	1964
B.L	sv	7 december
B.L	sv	Angela Merkel
B.L	sv	Annette Schavan
B.L	sv	Brigitte Zypries
B.L	sv	CSU
B.L	sv	Daniel Bahr
B.L	sv	Dirk Niebel
B.L	sv	Feldkirchen-Westerham
B.L	sv	Frank-Walter Steinmeier
B.L	sv	Franz Josef Jung
B.L	sv	Franz Müntefering
B.L	sv	Guido Westerwelle
B.L	sv	Hans-Peter Friedrich
B.L	sv	Heidemarie Wieczorek-Zeul
B.L	sv	Horst Seehofer
B.L	sv	Johanna Wanka
B.L	sv	Karl-Theodor zu Guttenberg
B.L	sv	Kristina Schröder
B.L	sv	Michael Glos
B.L	sv	Norbert Röttgen
B.L	sv	Olaf Scholz
B.L	sv	Peer Steinbrück
B.L	sv	Peter Altmaier
B.L	sv	Peter Ramsauer
B.L	sv	Philipp Rösler
B.L	sv	Politik i Tyskland
B.L	sv	Rainer Brüderle
B.L	sv	Regeringen Merkel I
B.L	sv	Regeringen Merkel II
B.L	sv	Ronald Pofalla
B.L	sv	Sabine Leutheusser-Schnarrenberger
B.L	sv	Sigmar Gabriel
B.L	sv	Thomas de Maizière
B.L	sv	Tysk
B.L	sv	Tyskland
B.L	sv	Tysklands förbundsregering
B.L	sv	Ulla Schmidt
B.L	sv	Ursula von der Leyen
B.L	sv	Wolfgang Schäuble
B.L	sv	Wolfgang Tiefensee
B.L	sv	Wikipedia:Stubbar
B.L	sv	Mall:Regeringen Merkel I
B.L	sv	Mall:Regeringen Merkel II
B.L	sv	Malldiskussion:Regeringen Merkel I
B.L	sv	Malldiskussion:Regeringen Merkel II
B.L	ru	1964
B.L	ru	1964 год
B.L	ru	2008 год
B.L	ru	31 октября
B.L	ru	7 декабря
B.L	ru	Eurocopter
B.L	ru	Бавария
B.L	ru	Баварский ландтаг
B.L	ru	Борхерт, Йохен
B.L	ru	Бундестаг
B.L	ru	Викисклад
B.L	ru	Германия
B.L	ru	Зеехофер, Хорст
B.L	ru	Кихле, Игназ
B.L	ru	Кюнаст, Ренате
B.L	ru	Любке, Генрих
B.L	ru	Меркель, Ангела
B.L	ru	Молодёжный союз Германии
B.L	ru	Немецкий язык
B.L	ru	Никлас, Вильгельм
B.L	ru	Розенхайм (район)
B.L	ru	Список министров продовольствия и сельского хозяйства Германии
B.L	ru	Федеративная Республика Германии (до 1990)
B.L	ru	Фельдкирхен-Вестерхам
B.L	ru	Функе, Карл-Хайнц
B.L	ru	Хохерль, Герман
B.L	ru	Христианско-социальный союз
B.L	ru	Шварц, Вернер
B.L	ru	Энгхольм, Бьёрн
B.L	ru	Эртль, Йозеф
B.L	ru	Шаблон:Цвет/Германия
B.L	ro	1964
B.L	ro	7 decembrie
B.L	ro	Angela Merkel
B.L	ro	Bavaria
B.L	ro	Feldkirchen-Westerham
B.L	ro	Germania
B.L	ro	Germană
B.L	ro	Rosenheim
B.L	ro	Uniunea Creștin-Socială din Bavaria
B.L	ro	Wikimedia Commons
CN	de	Ilse_Aigner
IWL	fr	Ilse Aigner
IWL	eo	Ilse Aigner
IWL	en	Ilse Aigner
IWL	ar	إلسي أيجنر
IWL	no	Ilse Aigner
IWL	pl	Ilse Aigner
IWL	ksh	Ilse Aigner
IWL	nl	Ilse Aigner
IWL	la	Ilse Aigner
IWL	sv	Ilse Aigner
IWL	ru	Айгнер, Ильзе
IWL	ro	Ilse Aigner
