A.L	de	Alternative für Deutschland
A.L	de	Arbeit für Bremen und Bremerhaven
A.L	de	Arnold Hansen
A.L	de	Barbara Wolff
A.L	de	Bayerischer Landtag
A.L	de	Bayernpartei
A.L	de	Bernd Lucke
A.L	de	Bremer Demokratische Volkspartei
A.L	de	Bremer Grüne Liste
A.L	de	Bundespräsident (Deutschland)
A.L	de	Bundestagswahl
A.L	de	Bundestagswahl 2013
A.L	de	Bundesverband Freie Wähler Deutschland
A.L	de	Bündnis 90/Die Grünen
A.L	de	Bürger in Wut
A.L	de	Bürgerschaftswahl in Hamburg 2011
A.L	de	CDU
A.L	de	Christlich-Soziale Union in Bayern
A.L	de	Christlich Demokratische Union Deutschlands
A.L	de	Christliche Volkspartei des Saarlandes
A.L	de	Demokratie Jetzt
A.L	de	Demokratische Partei (Baden)
A.L	de	Demokratische Partei Saar
A.L	de	Demokratische Volkspartei
A.L	de	Deutsche Demokratische Union
A.L	de	Deutsche Konservative Partei – Deutsche Rechtspartei
A.L	de	Deutsche Partei
A.L	de	Deutsche Reichspartei
A.L	de	Deutsche Volksunion
A.L	de	Deutsche Zentrumspartei
A.L	de	Deutscher Bundestag
A.L	de	Deutschland
A.L	de	Die Linke
A.L	de	Die Republikaner
A.L	de	Euro
A.L	de	Europawahl 2009
A.L	de	Europawahl in Deutschland 2009
A.L	de	Europäische Union
A.L	de	Europäisches Parlament
A.L	de	FREIE WÄHLER Landtagsfraktion
A.L	de	Freie Demokratische Partei
A.L	de	Freie Wähler
A.L	de	Freie Wähler Bayern
A.L	de	Freie Wähler Hessen
A.L	de	Freie Wählergruppe Rheinland-Pfalz
A.L	de	Gabriele Pauli
A.L	de	Ganderkesee
A.L	de	Gemeinde
A.L	de	Gesamtdeutsche Partei
A.L	de	Gesamtdeutscher Block/Bund der Heimatvertriebenen und Entrechteten
A.L	de	Hamburg-Block
A.L	de	Hans-Olaf Henkel
A.L	de	Hubert Aiwanger
A.L	de	Kommunale Selbstverwaltung
A.L	de	Kommunistische Partei Deutschlands
A.L	de	Kommunistische Partei Saar
A.L	de	Konrad-Adenauer-Stiftung
A.L	de	Konrad Adenauer
A.L	de	Landesparlament
A.L	de	Landtagswahl im Saarland 2012
A.L	de	Landtagswahl in Bayern 1998
A.L	de	Landtagswahl in Bayern 2003
A.L	de	Landtagswahl in Bayern 2008
A.L	de	Landtagswahl in Hessen 2009
A.L	de	Landtagswahl in Mecklenburg-Vorpommern 2011
A.L	de	Landtagswahl in Niedersachsen 2013
A.L	de	Landtagswahl in Nordrhein-Westfalen 2012
A.L	de	Landtagswahl in Rheinland-Pfalz 2001
A.L	de	Landtagswahl in Rheinland-Pfalz 2006
A.L	de	Landtagswahl in Rheinland-Pfalz 2011
A.L	de	Landtagswahl in Sachsen-Anhalt 2011
A.L	de	Landtagswahl in Schleswig-Holstein 2012
A.L	de	Landtagswahl in Thüringen 2009
A.L	de	Manfred Petry
A.L	de	Ministerpräsident
A.L	de	Nationaldemokratische Partei Deutschlands
A.L	de	Neues Forum
A.L	de	Organisierte Kriminalität
A.L	de	Partei
A.L	de	Partei Rechtsstaatlicher Offensive
A.L	de	Parteienfinanzierung
A.L	de	Piratenpartei Deutschland
A.L	de	Rüdiger Krentz
A.L	de	Schleswig-Holsteinische Gemeinschaft
A.L	de	Sozialdemokratische Partei Deutschlands
A.L	de	Sozialdemokratische Partei des Saarlandes
A.L	de	Sozialistische Reichspartei
A.L	de	Spitzenkandidat
A.L	de	Statt Partei
A.L	de	Steffen Große
A.L	de	Südschleswigscher Wählerverband
A.L	de	Vaterstädtischer Bund Hamburg
A.L	de	Volksentscheid
A.L	de	Walter Öhlenschläger
A.L	de	Wirtschaftliche Aufbau-Vereinigung (Partei)
A.L	de	Wählergemeinschaft
A.L	de	Würzburg
A.L	de	Vorlage:Parteien in deutschen Parlamenten
A.L	de	Vorlage Diskussion:Parteien in deutschen Parlamenten
B.L	no	Adenauerstiftelsen
B.L	no	Bayerns landdag
B.L	no	Freie Wähler
B.L	no	Hubert Aiwanger
B.L	no	Tyskland
B.L	no	Wikimedia Commons
B.L	bar	Arnold Hansen
B.L	bar	Barbara Wolff
B.L	bar	Gießen
B.L	bar	Hubert Aiwanger
B.L	bar	Manfred Petry
B.L	bar	Rüdiger Krentz
B.L	bar	Steffen Große
B.L	bar	Walter Öhlenschläger
B.L	bar	Würzburg
CN	de	Freie_Wähler_(Bundesvereinigung)
IWL	no	Freie Wähler (parti)
IWL	bar	Freie Wäler
