A.L	de	Adidas
A.L	de	Aktiengesellschaft
A.L	de	Allianz SE
A.L	de	Altana
A.L	de	Ambulant
A.L	de	Aminosäure
A.L	de	Aufsichtsratsvorsitzender
A.L	de	BASF
A.L	de	BMW
A.L	de	Babcock Borsig
A.L	de	Bad Homburg vor der Höhe
A.L	de	Bayer AG
A.L	de	Bayerische Hypotheken- und Wechsel-Bank
A.L	de	Bayerische Vereinsbank
A.L	de	Beiersdorf AG
A.L	de	Biopharmazeutikum
A.L	de	Bluttransfusion
A.L	de	Commerzbank
A.L	de	Continental AG
A.L	de	DAX
A.L	de	Daimler AG
A.L	de	Deutsche Bank
A.L	de	Deutsche Börse
A.L	de	Deutsche Post AG
A.L	de	Deutsche Telekom
A.L	de	Deutschland
A.L	de	Dialysator
A.L	de	Dialyse
A.L	de	Dialysegerät
A.L	de	Dresdner Bank
A.L	de	E.ON
A.L	de	Else Kröner
A.L	de	Else Kröner-Fresenius-Stiftung
A.L	de	Epcos
A.L	de	Erlös
A.L	de	Euro
A.L	de	Europäische Gesellschaft
A.L	de	Evonik Degussa
A.L	de	Feldmühle (Unternehmen)
A.L	de	Frankfurt am Main
A.L	de	Fresenius Kabi
A.L	de	Fresenius Medical Care
A.L	de	Friedberg (Hessen)
A.L	de	Gesundheitsversorgung
A.L	de	Gewinn
A.L	de	Gründung (Recht)
A.L	de	Hannover Rück
A.L	de	Hans Kröner
A.L	de	HeidelbergCement
A.L	de	Helios Kliniken
A.L	de	Henkel (Unternehmen)
A.L	de	Hochschule Fresenius
A.L	de	Hoechst
A.L	de	Hypo Real Estate
A.L	de	Immunologie
A.L	de	Infineon
A.L	de	Infusion
A.L	de	Institut Fresenius
A.L	de	International Securities Identification Number
A.L	de	K+S
A.L	de	Karstadt
A.L	de	Kommanditgesellschaft auf Aktien
A.L	de	Lanxess
A.L	de	Linde AG
A.L	de	Lufthansa
A.L	de	MAN
A.L	de	MLP AG
A.L	de	Mannesmann
A.L	de	Membrantechnik
A.L	de	Merck KGaA
A.L	de	Metro AG
A.L	de	Mitarbeiter
A.L	de	Munich Re
A.L	de	Niere
A.L	de	Nixdorf Computer
A.L	de	Onkologie
A.L	de	Parenteral
A.L	de	Polysulfon
A.L	de	Postbank
A.L	de	Preussag
A.L	de	RWE
A.L	de	Rechtsform
A.L	de	Rhön-Klinikum
A.L	de	SAP
A.L	de	SGL Carbon
A.L	de	Salzgitter AG
A.L	de	Schweinfurt
A.L	de	Siemens
A.L	de	Sitz (juristische Person)
A.L	de	St. Wendel
A.L	de	Streubesitz
A.L	de	Synthese (Chemie)
A.L	de	TUI
A.L	de	ThyssenKrupp
A.L	de	Ulf Schneider
A.L	de	Unternehmensführung
A.L	de	VEBA
A.L	de	VIAG
A.L	de	Vamed
A.L	de	Volkswagen AG
A.L	de	Vorstandsvorsitzender
A.L	de	Website
A.L	de	Wirtschaftszweig
B.L	fr	1981
B.L	fr	Adidas
B.L	fr	Allemagne
B.L	fr	Allianz
B.L	fr	BASF
B.L	fr	Bad Homburg vor der Höhe
B.L	fr	Bayer (entreprise)
B.L	fr	Bayerische Motoren Werke
B.L	fr	Beiersdorf
B.L	fr	Chiffre d'affaires
B.L	fr	Commerzbank
B.L	fr	Continental AG
B.L	fr	DAX
B.L	fr	Daimler (entreprise)
B.L	fr	Deutsche Bank
B.L	fr	Deutsche Börse
B.L	fr	Deutsche Post
B.L	fr	Deutsche Telekom
B.L	fr	E.ON
B.L	fr	Euro
B.L	fr	Fresenius Medical Care
B.L	fr	HeidelbergCement
B.L	fr	Henkel
B.L	fr	Hesse (Land)
B.L	fr	Infineon Technologies
B.L	fr	K+S
B.L	fr	Lanxess
B.L	fr	Linde AG
B.L	fr	Lufthansa
B.L	fr	Merck KGaA
B.L	fr	Munich Re
B.L	fr	RWE
B.L	fr	SAP (entreprise)
B.L	fr	Secteur d'activité
B.L	fr	Siemens (entreprise)
B.L	fr	Site web
B.L	fr	Siège social
B.L	fr	ThyssenKrupp
B.L	fr	Volkswagen (entreprise)
B.L	fr	Discussion:Fresenius/À faire
B.L	fr	Wikipédia:Notoriété des entreprises, sociétés et produits
B.L	fr	Modèle:Infobox Société
B.L	fr	Modèle:Palette DAX
B.L	fr	Modèle:Ébauche/paramètres entreprise allemande
B.L	fr	Modèle:Ébauche/paramètres pharmacie
B.L	fr	Discussion modèle:Palette DAX
B.L	fr	Aide:Comment modifier une page
B.L	fr	Aide:Ébauche
B.L	fr	Catégorie:Entreprise par date de fondation
B.L	fr	Catégorie:Portail:Entreprises/Articles liés
B.L	fr	Catégorie:Portail:Hesse/Articles liés
B.L	fr	Catégorie:Portail:Médecine/Articles liés
B.L	fr	Portail:Allemagne
B.L	fr	Portail:Entreprises
B.L	fr	Portail:Hesse
B.L	fr	Portail:Médecine
B.L	fr	Portail:Pharmacie
B.L	fa	آدیداس
B.L	fa	آلمان
B.L	fa	آلیانتس
B.L	fa	ا.آن
B.L	fa	ار وه ئه
B.L	fa	اس آ پ
B.L	fa	اینفینئون
B.L	fa	ب آ اس اف
B.L	fa	ب ام و
B.L	fa	باد همبورگ فور در هوهه
B.L	fa	بایر (شرکت)
B.L	fa	بایرسدورف
B.L	fa	بیمارستان
B.L	fa	تیسن‌کروپ
B.L	fa	جهان
B.L	fa	دارو
B.L	fa	دایملر آ گ
B.L	fa	دویچه بانک
B.L	fa	دویچه بورزه
B.L	fa	دویچه تلکوم
B.L	fa	دویچه پست
B.L	fa	دیالیز
B.L	fa	زبان آلمانی
B.L	fa	زیمنس
B.L	fa	شرکت
B.L	fa	فرزنیوس مدیکال کر
B.L	fa	لانکسس
B.L	fa	لوفت‌هانزا
B.L	fa	لینده
B.L	fa	مرک
B.L	fa	میونیک ره
B.L	fa	هایدلبرگ‌سمنت
B.L	fa	هنکل
B.L	fa	پزشکی
B.L	fa	کا+اس
B.L	fa	کومرتس‌بانک
B.L	fa	کونتیننتال آ گ
B.L	fa	گروه فولکس‌واگن
B.L	fa	یورو
B.L	fa	۱۹۱۲ (میلادی)
B.L	fa	الگو:شرکت‌های دکس
B.L	fa	بحث الگو:شرکت‌های دکس
B.L	en	Adidas
B.L	en	Aktiengesellschaft
B.L	en	Allianz
B.L	en	Asset
B.L	en	BASF
B.L	en	BMW
B.L	en	Bad Homburg
B.L	en	Bayer AG
B.L	en	Beiersdorf
B.L	en	Chairman
B.L	en	Chief executive officer
B.L	en	Commerzbank
B.L	en	Continental AG
B.L	en	DAX
B.L	en	Daimler AG
B.L	en	Deutsche Bank
B.L	en	Deutsche Börse
B.L	en	Deutsche Post
B.L	en	Deutsche Telekom
B.L	en	E.ON
B.L	en	Earnings before interest and taxes
B.L	en	Equity (finance)
B.L	en	Euro
B.L	en	European Company Statute
B.L	en	European Union
B.L	en	Frankfurt Stock Exchange
B.L	en	Fresenius Helios
B.L	en	Fresenius Kabi
B.L	en	Fresenius Medical Care
B.L	en	Fresenius Vamed
B.L	en	General partner
B.L	en	Germany
B.L	en	HeidelbergCement
B.L	en	Helios Kliniken
B.L	en	Henkel
B.L	en	Hospital
B.L	en	Hospitals
B.L	en	Hydroxyethyl starch
B.L	en	Infineon Technologies
B.L	en	Infusion pump
B.L	en	K+S
B.L	en	Kidney dialysis
B.L	en	Kommanditgesellschaft auf Aktien
B.L	en	Lanxess
B.L	en	Lufthansa
B.L	en	Medical care
B.L	en	Medical equipment
B.L	en	Medication
B.L	en	Merck KGaA
B.L	en	Munich Re
B.L	en	Net income
B.L	en	PubMed Identifier
B.L	en	Public company
B.L	en	RWE
B.L	en	SAP AG
B.L	en	Sepsis
B.L	en	Siemens
B.L	en	Supervisory board
B.L	en	The Linde Group
B.L	en	ThyssenKrupp
B.L	en	Types of business entity
B.L	en	Ulf Mark Schneider
B.L	en	Volkswagen Group
B.L	en	Waltham, Massachusetts
B.L	en	Wikipedia:Stub
B.L	en	Template:DAX companies
B.L	en	Template:Germany-company-stub
B.L	en	Template:Med-company-stub
B.L	en	Template talk:DAX companies
B.L	en	Template talk:Germany-company-stub
B.L	en	Template talk:Med-company-stub
B.L	es	1912
B.L	es	Aktiengesellschaft
B.L	es	Alemania
B.L	es	Asistencia sanitaria
B.L	es	Bad Homburg
B.L	es	Catéter
B.L	es	DAX
B.L	es	Diálisis renal
B.L	es	Euro
B.L	es	Financial Times Deutschland
B.L	es	Forbes
B.L	es	Fresenius Biotech
B.L	es	Fresenius Kabi
B.L	es	Fresenius Medical Care
B.L	es	Helios Kliniken
B.L	es	Hospitales Nisa
B.L	es	Humana Inc.
B.L	es	ISBN
B.L	es	Industria
B.L	es	Inmunología
B.L	es	Medicina regenerativa
B.L	es	Nutrición enteral
B.L	es	Nutrición parenteral
B.L	es	Oncología
B.L	es	Sitio web
B.L	es	Societas europea
B.L	es	Suero fisiológico
B.L	es	Unión Europea
B.L	es	Vamed
B.L	da	Adidas
B.L	da	Allianz
B.L	da	BASF
B.L	da	BMW
B.L	da	Bad Homburg
B.L	da	Bayer
B.L	da	Beiersdorf AG
B.L	da	Blodtransfusion
B.L	da	Commerzbank
B.L	da	Continental AG
B.L	da	DAX
B.L	da	Daimler AG
B.L	da	Deutsche Bank
B.L	da	Deutsche Börse
B.L	da	Deutsche Post
B.L	da	Deutsche Telekom
B.L	da	E.ON
B.L	da	European Company Statute
B.L	da	Fresenius Helios
B.L	da	Fresenius Kabi
B.L	da	Fresenius Medical Care
B.L	da	Fresenius Vamed
B.L	da	HeidelbergCement
B.L	da	Henkel
B.L	da	Hospital
B.L	da	Infineon Technologies
B.L	da	K+S
B.L	da	Kommanditgesellschaft auf Aktien
B.L	da	Lanxess
B.L	da	Linde AG
B.L	da	Lufthansa
B.L	da	Massachusetts
B.L	da	Merck KGaA
B.L	da	Munich Re
B.L	da	RWE
B.L	da	SAP AG
B.L	da	Siemens AG
B.L	da	ThyssenKrupp
B.L	da	Tyskland
B.L	da	Volkswagen Aktiengesellschaft
B.L	da	Waltham
B.L	da	Hjælp:Artikeludvidelse
B.L	da	Hjælp:Stub
B.L	pl	1912
B.L	pl	Adidas
B.L	pl	Aktiengesellschaft (Niemcy)
B.L	pl	Allianz
B.L	pl	BASF
B.L	pl	BMW
B.L	pl	Bad Homburg vor der Höhe
B.L	pl	Bayer AG
B.L	pl	Beiersdorf AG
B.L	pl	Branża
B.L	pl	Commerzbank
B.L	pl	DAX
B.L	pl	Daimler AG
B.L	pl	Deutsche Bank
B.L	pl	Deutsche Börse
B.L	pl	Deutsche Post
B.L	pl	Deutsche Telekom
B.L	pl	E.ON
B.L	pl	Formy prawne przedsiębiorstw
B.L	pl	Frankfurt nad Menem
B.L	pl	Frankfurter Wertpapierbörse
B.L	pl	Fresenius Medical Care
B.L	pl	Henkel
B.L	pl	Infineon
B.L	pl	International Securities Identification Number
B.L	pl	Język angielski
B.L	pl	K+S
B.L	pl	Kommanditgesellschaft auf Aktien
B.L	pl	Komplementariusz
B.L	pl	Linde AG
B.L	pl	Lufthansa
B.L	pl	MAN SE
B.L	pl	Merck KGaA
B.L	pl	Metro Group
B.L	pl	Munich Re
B.L	pl	Niemcy
B.L	pl	Produkt (marketing)
B.L	pl	Przychód (ekonomia)
B.L	pl	RWE (koncern)
B.L	pl	SAP AG
B.L	pl	Salzgitter AG
B.L	pl	Siedziba (prawo)
B.L	pl	Siemens AG
B.L	pl	Spółka europejska
B.L	pl	Spółka komandytowo-akcyjna
B.L	pl	ThyssenKrupp
B.L	pl	Volkswagen AG
B.L	pl	Zatrudnienie
B.L	pl	Szablon:DAX
B.L	pl	Dyskusja szablonu:DAX
B.L	sv	Adidas
B.L	sv	Allianz
B.L	sv	BASF
B.L	sv	BMW
B.L	sv	Bad Homburg
B.L	sv	Bayer AG
B.L	sv	Beiersdorf AG
B.L	sv	Commerzbank
B.L	sv	Daimler AG
B.L	sv	Deutsche Bank
B.L	sv	Deutsche Börse
B.L	sv	Deutsche Post
B.L	sv	Deutsche Telekom
B.L	sv	Deutscher Aktienindex
B.L	sv	E.ON
B.L	sv	Fresenius (olika betydelser)
B.L	sv	Fresenius Medical Care
B.L	sv	Företag
B.L	sv	Hannover Re
B.L	sv	Henkel
B.L	sv	Infineon
B.L	sv	K+S
B.L	sv	Linde AG
B.L	sv	Lufthansa
B.L	sv	MAN AG
B.L	sv	Merck KGaA
B.L	sv	Metro AG
B.L	sv	Munich Re
B.L	sv	RWE
B.L	sv	SAP AG
B.L	sv	Siemens AG
B.L	sv	ThyssenKrupp
B.L	sv	Volkswagen AG
B.L	sv	Wikipedia:Stubbar
B.L	sv	Mall:DAX
B.L	sv	Malldiskussion:DAX
B.L	ru	16 июля
B.L	ru	2007 год
B.L	ru	Adidas
B.L	ru	Allianz
B.L	ru	ArjoHuntleigh
B.L	ru	BASF
B.L	ru	BMW
B.L	ru	Bausch & Lomb
B.L	ru	Bayer
B.L	ru	Beiersdorf
B.L	ru	Bertrandt
B.L	ru	Boston Scientific
B.L	ru	Commerzbank
B.L	ru	DAX
B.L	ru	Daimler
B.L	ru	Deutsche Bank
B.L	ru	Deutsche Börse
B.L	ru	Deutsche Post AG
B.L	ru	Deutsche Telekom
B.L	ru	Dräger Medical
B.L	ru	E.ON
B.L	ru	Ellex Medical Lasers
B.L	ru	Fresenius Medical Care
B.L	ru	Fresenius SE
B.L	ru	General Electric
B.L	ru	Hannover Re
B.L	ru	Henkel
B.L	ru	Hitachi
B.L	ru	Johnson & Johnson
B.L	ru	K+S
B.L	ru	Lufthansa
B.L	ru	Lumenis
B.L	ru	MAN
B.L	ru	Maquet
B.L	ru	Medtronic
B.L	ru	Merck KGaA
B.L	ru	Metro AG
B.L	ru	Munich Re
B.L	ru	Philips Healthcare
B.L	ru	RWE
B.L	ru	SAP
B.L	ru	Salzgitter AG
B.L	ru	Siemens
B.L	ru	Siemens Healthcare
B.L	ru	The Linde Group
B.L	ru	ThyssenKrupp
B.L	ru	Toshiba
B.L	ru	Volkswagen Group
B.L	ru	Акушерская кровать
B.L	ru	Аппарат ИВЛ
B.L	ru	Аппарат искусственного кровообращения
B.L	ru	Ацидогастрометр
B.L	ru	Бормашина
B.L	ru	Гинекологическое кресло
B.L	ru	Кёльн
B.L	ru	Массачусетс
B.L	ru	Медицинская каталка
B.L	ru	Медицинский аспиратор
B.L	ru	Медицинское оборудование
B.L	ru	Оксигенатор
B.L	ru	Операционный блок
B.L	ru	Операционный светильник
B.L	ru	Операционный стол
B.L	ru	Перекладчики пациентов
B.L	ru	Подвесная потолочная консоль
B.L	ru	СИПАП
B.L	ru	Стоматологическая установка
B.L	ru	Телемедицина
B.L	ru	Терморегулирующий аппарат
B.L	ru	Уолтем (Массачусетс)
B.L	ru	Франкфуртская фондовая биржа
B.L	ru	Хроническая почечная недостаточность
B.L	ru	Чистые помещения
B.L	ru	Эндоскоп
B.L	ru	Юридическое лицо
B.L	ru	Шаблон:Медицинское оборудование
B.L	ro	Companie
B.L	ro	Corporație
B.L	ro	Fresenius Medical Care
B.L	ro	Germania
B.L	ro	Wikipedia:Articolul ciot perfect
B.L	ro	Wikipedia:Găsește și repară un ciot
B.L	pt	Adidas
B.L	pt	Alemanha
B.L	pt	Allianz
B.L	pt	BASF
B.L	pt	BMW
B.L	pt	Bad Homburg
B.L	pt	Bayer
B.L	pt	Beiersdorf
B.L	pt	Commerzbank
B.L	pt	Continental AG
B.L	pt	DAX-30
B.L	pt	Daimler AG
B.L	pt	Deutsche Bank
B.L	pt	Deutsche Börse
B.L	pt	Deutsche Post
B.L	pt	Deutsche Telekom
B.L	pt	Diálise renal
B.L	pt	E.ON
B.L	pt	Fresenius Medical Care
B.L	pt	Grupo Volkswagen
B.L	pt	HeidelbergCement
B.L	pt	Henkel
B.L	pt	Infineon Technologies
B.L	pt	K+S
B.L	pt	Linde AG
B.L	pt	Lufthansa
B.L	pt	MAN SE
B.L	pt	METRO AG
B.L	pt	Merck KGaA
B.L	pt	Munich Re
B.L	pt	RWE
B.L	pt	SAP AG
B.L	pt	Siemens AG
B.L	pt	ThyssenKrupp
B.L	pt	Predefinição:DAX
B.L	zh	12月4日
B.L	zh	1462年
B.L	zh	18世纪
B.L	zh	1912年
B.L	zh	1933年
B.L	zh	1934年
B.L	zh	1946年
B.L	zh	1966年
B.L	zh	1971年
B.L	zh	1974年
B.L	zh	1979年
B.L	zh	1981年
B.L	zh	1983年
B.L	zh	1986年
B.L	zh	1994年
B.L	zh	1996年
B.L	zh	1997年
B.L	zh	2001年
B.L	zh	2006年
B.L	zh	2007年
B.L	zh	2009年
B.L	zh	2011年
B.L	zh	2月3日
B.L	zh	3月23日
B.L	zh	4月26日
B.L	zh	7月13日
B.L	zh	BMW
B.L	zh	CEO
B.L	zh	DAX指数
B.L	zh	E.ON
B.L	zh	GMP
B.L	zh	K+S
B.L	zh	Lanxess
B.L	zh	RWE
B.L	zh	SAP公司
B.L	zh	€
B.L	zh	丈夫
B.L	zh	世界500强 (财富)
B.L	zh	中国
B.L	zh	亞太區
B.L	zh	全球
B.L	zh	兩合公司
B.L	zh	公司
B.L	zh	再生醫學
B.L	zh	利润
B.L	zh	制药工程
B.L	zh	創辦人
B.L	zh	北京
B.L	zh	医疗卫生
B.L	zh	医疗器械
B.L	zh	医药
B.L	zh	医院
B.L	zh	华瑞制药
B.L	zh	历史
B.L	zh	合成
B.L	zh	合資公司
B.L	zh	国际
B.L	zh	國外
B.L	zh	圣文德尔
B.L	zh	基因
B.L	zh	大众集团
B.L	zh	大陆集团
B.L	zh	奥美德
B.L	zh	妇女
B.L	zh	安联
B.L	zh	安联股份公司
B.L	zh	巴斯夫
B.L	zh	巴特洪堡
B.L	zh	市场
B.L	zh	廠商
B.L	zh	弗里德贝格
B.L	zh	德国
B.L	zh	德国DAX指数
B.L	zh	德国商业银行
B.L	zh	德国电信
B.L	zh	德国邮政
B.L	zh	德國證券交易所
B.L	zh	德意志银行
B.L	zh	德语
B.L	zh	愛迪達
B.L	zh	慕尼黑再保险
B.L	zh	戴姆勒
B.L	zh	拜仁州
B.L	zh	拜尔斯道夫
B.L	zh	拜耳
B.L	zh	施韦因富特
B.L	zh	无锡
B.L	zh	林德
B.L	zh	樣本
B.L	zh	欧元
B.L	zh	欧洲
B.L	zh	欧洲股份公司
B.L	zh	欧盟
B.L	zh	氨基酸
B.L	zh	汉莎航空
B.L	zh	汉高公司
B.L	zh	法兰克福证券交易所
B.L	zh	海德堡水泥
B.L	zh	溶液
B.L	zh	營業額
B.L	zh	生物药剂学
B.L	zh	生產線
B.L	zh	產業
B.L	zh	私立
B.L	zh	移植
B.L	zh	總部
B.L	zh	维基共享资源
B.L	zh	网络技术
B.L	zh	美因河畔法兰克福
B.L	zh	美国
B.L	zh	老年
B.L	zh	肠
B.L	zh	股东大会
B.L	zh	股份公司
B.L	zh	股權
B.L	zh	肿瘤
B.L	zh	胃
B.L	zh	艾尔莎·科罗纳费森尤斯基金会
B.L	zh	英飞凌
B.L	zh	药房
B.L	zh	药物治疗
B.L	zh	营养学
B.L	zh	萨尔州
B.L	zh	蒂森克虏伯
B.L	zh	血液
B.L	zh	血清
B.L	zh	西门子公司
B.L	zh	试剂
B.L	zh	資產
B.L	zh	資訊科技
B.L	zh	财富 (杂志)
B.L	zh	费森尤斯医疗
B.L	zh	费森尤斯医疗有限公司
B.L	zh	费森尤斯卡比
B.L	zh	输血
B.L	zh	透析
B.L	zh	金融时报
B.L	zh	除税及利息前盈利
B.L	zh	雅虎
B.L	zh	集團
B.L	zh	靜脈注射
B.L	zh	香港
B.L	zh	马铃薯
B.L	zh	鸡蛋
B.L	zh	黑森州
B.L	zh	默克集團
B.L	zh	鼻炎
B.L	zh	Template:DAX指数成份公司
B.L	zh	Template talk:DAX指数成份公司
B.L	zh	Category:公司
CN	de	Fresenius_(Unternehmen)
IWL	fr	Fresenius
IWL	fa	فرزنیوس
IWL	en	Fresenius (company)
IWL	es	Fresenius
IWL	da	Fresenius SE
IWL	pl	Fresenius
IWL	sv	Fresenius
IWL	ru	Fresenius
IWL	ro	Fresenius SE
IWL	pt	Fresenius
IWL	zh	费森尤斯
