A.L	de	18. Juni
A.L	de	1975
A.L	de	Abgeordnetenwatch.de
A.L	de	Angermünde
A.L	de	Arbeitsgemeinschaft Junge GenossInnen
A.L	de	Ausschuss für Familie, Senioren, Frauen und Jugend
A.L	de	Brandenburg
A.L	de	Christian Görke
A.L	de	Deutscher Bundestag
A.L	de	Deutschland
A.L	de	Die Linke
A.L	de	Heinz Vietze
A.L	de	Kinderkommission des Deutschen Bundestages
A.L	de	Kreistag
A.L	de	Landesliste
A.L	de	Landkreis Havelland
A.L	de	Landkreis Uckermark
A.L	de	Mitglied des Deutschen Bundestages
A.L	de	Partei des Demokratischen Sozialismus
A.L	de	Politiker
A.L	de	Pädagogik
A.L	de	Rathenow
A.L	de	Schwedt/Oder
A.L	de	Sozialpädagogik
A.L	de	Stadtvertretung
A.L	de	Technische Universität Berlin
A.L	de	Hilfe:Personendaten
CN	de	Diana_Golze
