A.L	de	Adidas
A.L	de	Albrecht Schmidt
A.L	de	Allianz SE
A.L	de	Altana
A.L	de	Augsburg
A.L	de	BASF
A.L	de	BMW
A.L	de	Babcock Borsig
A.L	de	Bankhaus Röchling
A.L	de	Bankkonzession
A.L	de	Bayer AG
A.L	de	Bayerische Hypo- und Vereinsbank AG
A.L	de	Bayerische Hypotheken- und Wechsel-Bank
A.L	de	Bayerische Hypotheken- und Wechselbank
A.L	de	Bayerische Staatsbank
A.L	de	Bayern
A.L	de	Beiersdorf AG
A.L	de	Christoph Robert von Froelich
A.L	de	Commerzbank
A.L	de	Continental AG
A.L	de	DAX
A.L	de	Daimler AG
A.L	de	Deutsche Bank
A.L	de	Deutsche Börse
A.L	de	Deutsche Post AG
A.L	de	Deutsche Telekom
A.L	de	Dresdner Bank
A.L	de	E.ON
A.L	de	Epcos
A.L	de	Evonik Degussa
A.L	de	Feldmühle (Unternehmen)
A.L	de	Fresenius (Unternehmen)
A.L	de	Fresenius Medical Care
A.L	de	Fusion (Wirtschaft)
A.L	de	Hannover Rück
A.L	de	HeidelbergCement
A.L	de	Henkel (Unternehmen)
A.L	de	Hoechst
A.L	de	HypoVereinsbank
A.L	de	Hypo Real Estate
A.L	de	Infineon
A.L	de	K+S
A.L	de	Karl Butzengeiger
A.L	de	Karstadt
A.L	de	Kreditinstitut
A.L	de	Lanxess
A.L	de	Linde AG
A.L	de	Lufthansa
A.L	de	MAN
A.L	de	MLP AG
A.L	de	Mannesmann
A.L	de	Merck KGaA
A.L	de	Metro AG
A.L	de	Munich Re
A.L	de	München
A.L	de	Nixdorf Computer
A.L	de	Postbank
A.L	de	Preussag
A.L	de	RWE
A.L	de	SAP
A.L	de	Salzgitter AG
A.L	de	Schmalenbachs Zeitschrift für betriebswirtschaftliche Forschung
A.L	de	Siemens
A.L	de	Simonbank
A.L	de	TUI
A.L	de	ThyssenKrupp
A.L	de	VEBA
A.L	de	VIAG
A.L	de	Volkswagen AG
A.L	de	Werner Premauer
CN	de	Bayerische_Vereinsbank
