A.L	en	1967 borders
A.L	en	2009 Israeli election
A.L	en	2009 Israeli elections
A.L	en	Abba Eban
A.L	en	Adi Kol
A.L	en	Africa
A.L	en	Afu Agbaria
A.L	en	Agricultural State University of Moldova
A.L	en	Aharon Yariv
A.L	en	Ahmad Tibi
A.L	en	Ahmed Tibi
A.L	en	Al Jazeera
A.L	en	Aliyah
A.L	en	Aliyah (political party)
A.L	en	Aliza Lavie
A.L	en	Amir Peretz
A.L	en	Amnon Cohen
A.L	en	Amnon Lipkin-Shahak
A.L	en	Amnon Rubinstein
A.L	en	Amram Mitzna
A.L	en	Annapolis Conference
A.L	en	Anthony Zinni
A.L	en	Anti-Arabism
A.L	en	Anti-Israel
A.L	en	Anwar Sadat
A.L	en	Arab
A.L	en	Arab Israeli
A.L	en	Arab members of the Knesset
A.L	en	Ariel Atias
A.L	en	Ariel Sharon
A.L	en	Artillery Corps (Israel)
A.L	en	Arutz Sheva
A.L	en	Aryeh Deri
A.L	en	Aswan Dam
A.L	en	Atomic bombings of Hiroshima and Nagasaki
A.L	en	Authority control
A.L	en	Avi Vartzman
A.L	en	Avigdor Eskin
A.L	en	Avigdor Lieberman
A.L	en	Avishay Braverman
A.L	en	Avraham Michaeli
A.L	en	Avraham Shochat
A.L	en	Ayelet Shaked
A.L	en	Bachelor of Arts
A.L	en	Balad (political party)
A.L	en	Bamahane
A.L	en	Basel Ghattas
A.L	en	Beersheba
A.L	en	Belarus
A.L	en	Benjamin Netanyahu
A.L	en	Binyamin Ben-Eliezer
A.L	en	Boaz Toporovsky
A.L	en	Bouncer (doorman)
A.L	en	Breach of trust
A.L	en	C-SPAN
A.L	en	CNN
A.L	en	Cabinet of Israel
A.L	en	Chişinău
A.L	en	Chișinău
A.L	en	Condoleezza Rice
A.L	en	Corporal
A.L	en	Daniel Pipes
A.L	en	Danny Danon
A.L	en	David-Zvi Pinkas
A.L	en	David Azulai
A.L	en	David Ben-Gurion
A.L	en	David Levy (Israeli politician)
A.L	en	David Remez
A.L	en	David Rotem
A.L	en	David Tzur
A.L	en	Dead Sea
A.L	en	Deputy Prime Minister
A.L	en	Deputy leaders of Israel
A.L	en	Der Spiegel
A.L	en	Disenfranchisement
A.L	en	Disengagement plan
A.L	en	Dov Khenin
A.L	en	Dov Lipman
A.L	en	Dov Yosef
A.L	en	Effi Eitam
A.L	en	Efraim Sneh
A.L	en	Egyptian–Israeli Peace Treaty
A.L	en	Ehud Barak
A.L	en	Ehud Olmert
A.L	en	Eitan Cabel
A.L	en	Elazar Stern
A.L	en	Eli Ben-Dahan
A.L	en	Eli Suissa
A.L	en	Eli Yishai
A.L	en	Eliezer Moses
A.L	en	Eliezer Sandberg
A.L	en	Energy and Water Resources Ministry
A.L	en	English language
A.L	en	English trusts law
A.L	en	Erel Margalit
A.L	en	Eric Yoffie
A.L	en	European Union
A.L	en	Ezer Weizman
A.L	en	Faina Kirschenbaum
A.L	en	Far right
A.L	en	Fascism
A.L	en	Financial Times
A.L	en	Fine (penalty)
A.L	en	Foreign Affairs Minister of Israel
A.L	en	Foreign Affairs and Defense Committee
A.L	en	Francisco Gil-White
A.L	en	Frank-Walter Steinmeier
A.L	en	Fraud
A.L	en	FrontPageMagazine.com
A.L	en	Gad Yaacobi
A.L	en	Galei Tzahal
A.L	en	Gaza War
A.L	en	George J. Mitchell
A.L	en	George Tenet
A.L	en	George W. Bush
A.L	en	George W. Bush administration
A.L	en	Gershom Gorenberg
A.L	en	Gideon Sa'ar
A.L	en	Gila Gamliel
A.L	en	Gilad Erdan
A.L	en	Giyur
A.L	en	Golda Meir
A.L	en	Gonen Segev
A.L	en	Gulag
A.L	en	Ha'aretz
A.L	en	Haaretz
A.L	en	Hadash
A.L	en	Haim Corfu
A.L	en	Haim Katz
A.L	en	Haim Landau
A.L	en	Hamad Amar
A.L	en	Hamas
A.L	en	Hana Sweid
A.L	en	Haneen Zoabi
A.L	en	Hate speech
A.L	en	Hatnuah
A.L	en	Hebrew University of Jerusalem
A.L	en	Hebrew language
A.L	en	Hillary Clinton
A.L	en	Hosni Mubarak
A.L	en	Hydrology
A.L	en	Ibrahim Sarsur
A.L	en	Ilan Gilon
A.L	en	Institute for Middle East Understanding
A.L	en	International Standard Serial Number
A.L	en	Iran
A.L	en	Iran and weapons of mass destruction
A.L	en	Isaac Herzog
A.L	en	Islamic Jihad Movement in Palestine
A.L	en	Israel
A.L	en	Israel's unilateral disengagement plan
A.L	en	Israel Defense Forces
A.L	en	Israel National News
A.L	en	Israel Police
A.L	en	Israeli Arab
A.L	en	Israeli Arabs
A.L	en	Israeli Jews
A.L	en	Israeli Labor Party
A.L	en	Israeli government
A.L	en	Israeli legislative election, 1988
A.L	en	Israeli legislative election, 1999
A.L	en	Israeli legislative election, 2003
A.L	en	Israeli legislative election, 2006
A.L	en	Israeli legislative election, 2009
A.L	en	Israeli legislative election, 2013
A.L	en	Israeli new shekel
A.L	en	Israeli right-wing politics
A.L	en	Israeli settlement
A.L	en	Israeli settlements
A.L	en	Issawi Frej
A.L	en	Italy
A.L	en	Itzik Shmuli
A.L	en	Jamal Zahalka
A.L	en	Japan
A.L	en	Jean-Marie Le Pen
A.L	en	Jerusalem
A.L	en	Jew
A.L	en	Jewish quota
A.L	en	Joseph Stalin
A.L	en	Joshua Hammer
A.L	en	Judean Desert
A.L	en	Jörg Haider
A.L	en	Kach and Kahane Chai
A.L	en	Kadima
A.L	en	Karin Elharar
A.L	en	Kibbutz
A.L	en	Kiev University
A.L	en	Knesset
A.L	en	Knesset Elections Law
A.L	en	LA Times
A.L	en	Labor Party (Israel)
A.L	en	Land for peace
A.L	en	Land improvement
A.L	en	Lieberman Plan
A.L	en	Likud
A.L	en	Limor Livnat
A.L	en	List of members of the nineteenth Knesset
A.L	en	Loyalty oath
A.L	en	M.J. Rosenberg
A.L	en	Ma'an News
A.L	en	Maariv
A.L	en	Marriage in Israel
A.L	en	Martin Peretz
A.L	en	Martin Schlaff
A.L	en	Mass media
A.L	en	Masud Ghnaim
A.L	en	McClatchy Newspapers
A.L	en	Meir Amit
A.L	en	Meir Cohen (politician)
A.L	en	Meir Porush
A.L	en	Meir Sheetrit
A.L	en	Memorial to the Murdered Jews of Europe
A.L	en	Menachem Begin
A.L	en	Merav Michaeli
A.L	en	Mercaz HaRav
A.L	en	Mercaz HaRav massacre
A.L	en	Meretz
A.L	en	Meshulam Nahari
A.L	en	Michael Cherney
A.L	en	Michael Nudelman
A.L	en	Michal Biran
A.L	en	Michal Rozin
A.L	en	Mickey Levy
A.L	en	Mickey Rosenthal
A.L	en	Military rank
A.L	en	Minister of Foreign Affairs
A.L	en	Ministry of Foreign Affairs (Israel)
A.L	en	Ministry of Transport, National Infrastructure and Road Safety
A.L	en	Miri Regev
A.L	en	Mohammad Barakeh
A.L	en	Moldavian SSR
A.L	en	Moldova
A.L	en	Money laundering
A.L	en	Moshe Arens
A.L	en	Moshe Carmel
A.L	en	Moshe Dayan
A.L	en	Moshe Feiglin
A.L	en	Moshe Gafni
A.L	en	Moshe Katsav
A.L	en	Moshe Mizrahi
A.L	en	Moshe Shahal
A.L	en	Moshe Sharett
A.L	en	Moshe Ya'alon
A.L	en	Mossad
A.L	en	Moti Yogev
A.L	en	NATO
A.L	en	NNDB
A.L	en	Nachman Shai
A.L	en	Naftali Bennett
A.L	en	Natan Sharansky
A.L	en	National Infrastructure Minister of Israel
A.L	en	National Union (Israel)
A.L	en	Nazi
A.L	en	News media
A.L	en	Nissan Slomiansky
A.L	en	Nissim Ze'ev
A.L	en	Nitzan Horowitz
A.L	en	Nokdim
A.L	en	Nrg Maariv
A.L	en	Nuclear proliferation
A.L	en	Nuclear warfare
A.L	en	Nuremberg Trials
A.L	en	Née
A.L	en	Obama administration
A.L	en	Occupied Japan
A.L	en	Ofer Shelah
A.L	en	Office of the Prime Minister (Israel)
A.L	en	Ofir Akunis
A.L	en	Omar Suleiman
A.L	en	Omer Bar-Lev
A.L	en	Operation Cast Lead
A.L	en	Ophir Pines-Paz
A.L	en	Orit Strook
A.L	en	Orly Levy
A.L	en	Orthodox Judaism
A.L	en	Palestinian Authority
A.L	en	Palestinian National Authority
A.L	en	Palestinian state
A.L	en	Permanent residence (United States)
A.L	en	Plea bargain
A.L	en	Pnina Tamano-Shata
A.L	en	Populism
A.L	en	Positions on Jerusalem
A.L	en	Press conference
A.L	en	Prime Minister of Israel
A.L	en	Rabbi Meir Kahane
A.L	en	Rabbinical Judaism
A.L	en	Racism
A.L	en	Ramallah
A.L	en	Ratified
A.L	en	Recep Tayyip Erdogan
A.L	en	Red Army
A.L	en	Rehavam Ze'evi
A.L	en	Religion in Israel
A.L	en	Reuven Rivlin
A.L	en	Richard Cohen (columnist)
A.L	en	Right to vote
A.L	en	Rina Frenkel
A.L	en	Road map for peace
A.L	en	Robert Ilatov
A.L	en	Romanian language
A.L	en	Ronen Hoffman
A.L	en	Roni Bar-On
A.L	en	Russian language
A.L	en	Ruth Calderon
A.L	en	Sanctions against Iran
A.L	en	Secularism
A.L	en	Separation of church and state
A.L	en	Shai Piron
A.L	en	Sharm e-Sheikh
A.L	en	Shas
A.L	en	Shaul Mofaz
A.L	en	Shaul Yahalom
A.L	en	Shelly Yachimovich
A.L	en	Shimon Ohayon
A.L	en	Shimon Peres
A.L	en	Shimon Solomon
A.L	en	Shlomo Ben-Ami
A.L	en	Shuli Mualem
A.L	en	Siberian
A.L	en	Silvan Shalom
A.L	en	Six Day War
A.L	en	Sofa Landver
A.L	en	Soviet Union
A.L	en	Special envoy
A.L	en	Stav Shaffir
A.L	en	Strategic Affairs Minister of Israel
A.L	en	Ta'al
A.L	en	Taleb Abu Arar
A.L	en	Taleb el-Sana
A.L	en	Tamar Zandberg
A.L	en	Tekoa, Gush Etzion
A.L	en	The Atlantic
A.L	en	The Christian Science Monitor
A.L	en	The Daily Telegraph
A.L	en	The First Post
A.L	en	The Forward
A.L	en	The Guardian
A.L	en	The Independent
A.L	en	The Jerusalem Post
A.L	en	The Jewish Home
A.L	en	The Jewish Week
A.L	en	The Miami Herald
A.L	en	The New Republic
A.L	en	The New York Review of Books
A.L	en	The New York Times
A.L	en	The Washington Post
A.L	en	Today's Zaman
A.L	en	Transportation Minister of Israel
A.L	en	Turkish Weekly
A.L	en	Two-state solution
A.L	en	Tzachi Hanegbi
A.L	en	Tzahi Hanegbi
A.L	en	Tzipi Hotovely
A.L	en	Tzipi Livni
A.L	en	Ultra-nationalists
A.L	en	Ultra-orthodox
A.L	en	Union for Reform Judaism
A.L	en	United Arab List
A.L	en	United States Secretary of State
A.L	en	United Torah Judaism
A.L	en	Uri Ariel
A.L	en	Uri Blau
A.L	en	Uri Maklev
A.L	en	Uri Orbakh
A.L	en	Uzi Landau
A.L	en	Virtual International Authority File
A.L	en	Vladimir Putin
A.L	en	Vladimir Zhirinovsky
A.L	en	Wall Street Journal
A.L	en	Walla!
A.L	en	Washington Post
A.L	en	West Bank
A.L	en	Witness tampering
A.L	en	WorldCat
A.L	en	World War II
A.L	en	Wye River Memorandum
A.L	en	YNET
A.L	en	YNet news
A.L	en	Ya'akov Asher
A.L	en	Ya'akov Margi
A.L	en	Ya'akov Peri
A.L	en	Yaakov Litzman
A.L	en	Yael German
A.L	en	Yair Lapid
A.L	en	Yair Shamir
A.L	en	Yariv Levin
A.L	en	Yasser Arafat
A.L	en	Yediot Ahronot
A.L	en	Yedioth Ahronoth
A.L	en	Yehiel Bar
A.L	en	Yesh Atid
A.L	en	Yiddish
A.L	en	Yifat Kariv
A.L	en	Yigal Allon
A.L	en	Yisrael BaAliyah
A.L	en	Yisrael Bar-Yehuda
A.L	en	Yisrael Beiteinu
A.L	en	Yisrael Eichler
A.L	en	Yisrael Hasson
A.L	en	Yisrael Katz (politician born 1955)
A.L	en	Yisrael Kessar
A.L	en	Yitzhak Aharonovich
A.L	en	Yitzhak Ben-Aharon
A.L	en	Yitzhak Berman
A.L	en	Yitzhak Cohen
A.L	en	Yitzhak Levy
A.L	en	Yitzhak Moda'i
A.L	en	Yitzhak Mordechai
A.L	en	Yitzhak Rabin
A.L	en	Yitzhak Shamir
A.L	en	Yitzhak Vaknin
A.L	en	Yoel Razvozov
A.L	en	Yoni Chetboun
A.L	en	Yosef Dayan
A.L	en	Yosef Paritzky
A.L	en	Yosef Sapir
A.L	en	Yosef Serlin
A.L	en	Yuli-Yoel Edelstein
A.L	en	Yuri Stern
A.L	en	Yuval Ne'eman
A.L	en	Yuval Steinitz
A.L	en	Zahava Gal-On
A.L	en	Zalman Aran
A.L	en	Ze'ev Ben Aryeh
A.L	en	Ze'ev Elkin
A.L	en	Zvulun Kalfa
A.L	en	Wikipedia:Citation needed
A.L	en	Wikipedia:Media help
A.L	en	Wikipedia:Persondata
A.L	en	File:Avigdor lieberman.ogg
A.L	en	Template:Current MKs
A.L	en	Template:ISO 639 name he
A.L	en	Template:IsraelForeignMin
A.L	en	Template:Israeli Ministers of Transportation
A.L	en	Template:Israeli National Infrastructure Ministers
A.L	en	Template:Portal/Images/Biography
A.L	en	Template:Portal/Images/Israel
A.L	en	Template:Portal/Images/Moldova
A.L	en	Template:Portal/Images/Politics
A.L	en	Template:Portal/Images/Russia
A.L	en	Template:Portal/Images/Soviet union
A.L	en	Template talk:Current MKs
A.L	en	Template talk:IsraelForeignMin
A.L	en	Template talk:Israeli Ministers of Transportation
A.L	en	Template talk:Israeli National Infrastructure Ministers
A.L	en	Help:IPA for Hebrew
A.L	en	Category:Articles containing Russian language text
A.L	en	Category:Articles with unsourced statements from January 2012
A.L	en	Category:Use dmy dates from December 2012
A.L	en	Portal:Biography
A.L	en	Portal:Israel
A.L	en	Portal:Moldova
A.L	en	Portal:Politics
A.L	en	Portal:Russia
A.L	en	Portal:Soviet Union
B.L	fi	1958
B.L	fi	1978
B.L	fi	1999
B.L	fi	2006
B.L	fi	5. kesäkuuta
B.L	fi	Ahmed Tibi
B.L	fi	Ariel Sharon
B.L	fi	Assuanin pato
B.L	fi	Azerbaidžan
B.L	fi	Baku
B.L	fi	Benjamin Netanjahu
B.L	fi	Chișinău
B.L	fi	Ehud Olmert
B.L	fi	Englannin kieli
B.L	fi	Euroopan unioni
B.L	fi	Gaza
B.L	fi	Haaretz
B.L	fi	Heprea
B.L	fi	Histadrut
B.L	fi	Iranin ydinkriisi
B.L	fi	Israel
B.L	fi	Israelin pääministeri
B.L	fi	Japani
B.L	fi	Jerusalemin heprealainen yliopisto
B.L	fi	Kach
B.L	fi	Knesset
B.L	fi	Kuollutmeri
B.L	fi	Likud
B.L	fi	Meir Kahane
B.L	fi	Moldavian sosialistinen neuvostotasavalta
B.L	fi	Neuvostoliitto
B.L	fi	Operaatio Valettu lyijy
B.L	fi	Ophir Pines-Paz
B.L	fi	Pohjois-Atlantin liitto
B.L	fi	Romanian kieli
B.L	fi	Shas
B.L	fi	Venäjän kieli
B.L	fi	Wadi Ar
B.L	fi	Ydinase
B.L	fi	Yhdysvallat
B.L	fi	Yisrael Beiteinu
B.L	fi	Äärioikeisto
B.L	fr	10 février
B.L	fr	11 décembre
B.L	fr	13 décembre
B.L	fr	16 janvier
B.L	fr	18 décembre
B.L	fr	1940
B.L	fr	1958
B.L	fr	1978
B.L	fr	1993
B.L	fr	1996
B.L	fr	1997
B.L	fr	1999
B.L	fr	2002
B.L	fr	2004
B.L	fr	2006
B.L	fr	2008
B.L	fr	2009
B.L	fr	2012
B.L	fr	23 octobre
B.L	fr	2 août
B.L	fr	4 juin
B.L	fr	5 juin
B.L	fr	Agence France-Presse
B.L	fr	Agronomie
B.L	fr	Aliyah
B.L	fr	Allemands
B.L	fr	Anglais
B.L	fr	Août 2009
B.L	fr	Ariel Sharon
B.L	fr	Armée rouge
B.L	fr	Avril 2006
B.L	fr	Azerbaïdjan
B.L	fr	Bakou
B.L	fr	Bande de Gaza
B.L	fr	Benjamin Netanyahou
B.L	fr	Benyamin Netanyahou
B.L	fr	Bessarabie
B.L	fr	Betar
B.L	fr	Blanchiment
B.L	fr	Campagne électorale
B.L	fr	Chișinău
B.L	fr	Chypre (pays)
B.L	fr	Condoleezza Rice
B.L	fr	Conférence d'Annapolis
B.L	fr	Corruption
B.L	fr	Décembre 2012
B.L	fr	Ehud Barak
B.L	fr	Février 2003
B.L	fr	Gouvernement Olmert
B.L	fr	Homme politique
B.L	fr	Hébreu
B.L	fr	Iran
B.L	fr	Israel Beytenou
B.L	fr	Israélienne
B.L	fr	Israël
B.L	fr	Judaïsme
B.L	fr	Juifs
B.L	fr	Justice
B.L	fr	Kadima
B.L	fr	Kichinev
B.L	fr	Knesset
B.L	fr	Le Figaro
B.L	fr	Le Monde
B.L	fr	Liberman
B.L	fr	Likoud
B.L	fr	Liste des Premiers ministres d'Israël
B.L	fr	Mahmoud Ahmadinejad
B.L	fr	Mai 2004
B.L	fr	Mars 2001
B.L	fr	Mars 2002
B.L	fr	Moldavie
B.L	fr	Parti travailliste (Israël)
B.L	fr	Plan de désengagement des territoires occupés
B.L	fr	Police (institution)
B.L	fr	Procureur
B.L	fr	Roumain
B.L	fr	Roumanie
B.L	fr	Russe
B.L	fr	République socialiste soviétique moldave
B.L	fr	Seconde Guerre mondiale
B.L	fr	Seconde Intifada
B.L	fr	Service militaire
B.L	fr	Sibérie
B.L	fr	Tchétchénie
B.L	fr	Tsahal
B.L	fr	Tzipi Livni
B.L	fr	Université hébraïque de Jérusalem
B.L	fr	Élections législatives israéliennes de 2006
B.L	fr	Élections législatives israéliennes de 2009
B.L	fr	Discussion:Avigdor Liberman
B.L	fr	Discussion:Avigdor Liberman/À faire
B.L	fr	Modèle:Country data Israël
B.L	fr	Modèle:Ébauche/paramètres personnalité israélienne
B.L	fr	Aide:Comment modifier une page
B.L	fr	Aide:Homonymie
B.L	fr	Aide:Ébauche
B.L	fr	Catégorie:Portail:Israël/Articles liés
B.L	fr	Catégorie:Portail:Politique/Articles liés
B.L	fr	Portail:Israël
B.L	fr	Portail:Politique
B.L	fr	Projet:Accueil
B.L	he	14 במרץ
B.L	he	15 באוקטובר
B.L	he	16 בינואר
B.L	he	18 ביוני
B.L	he	1958
B.L	he	1978
B.L	he	1981
B.L	he	1983
B.L	he	1986
B.L	he	1987
B.L	he	1988
B.L	he	1992
B.L	he	1996
B.L	he	1997
B.L	he	1998
B.L	he	1999
B.L	he	2000
B.L	he	2001
B.L	he	2002
B.L	he	2004
B.L	he	2006
B.L	he	2008
B.L	he	2009
B.L	he	2012
B.L	he	2013
B.L	he	29 בנובמבר
B.L	he	30 באוקטובר
B.L	he	30 בדצמבר
B.L	he	3 בינואר
B.L	he	4 ביוני
B.L	he	5 ביוני
B.L	he	Nrg מעריב
B.L	he	Ynet
B.L	he	אבא אבן
B.L	he	אבי וורצמן
B.L	he	אבישי ברוורמן
B.L	he	אבראהים צרצור
B.L	he	אברהם בייגה שוחט
B.L	he	אברהם מיכאלי
B.L	he	אגם נאצר
B.L	he	אהוד אולמרט
B.L	he	אהוד ברק
B.L	he	אהרן יריב
B.L	he	אום אל פאחם
B.L	he	אומ"ץ
B.L	he	אוניברסיטת קישינב
B.L	he	אופוזיציה
B.L	he	אופיר אקוניס
B.L	he	אופיר פינס
B.L	he	אורי אור
B.L	he	אורי אורבך
B.L	he	אורי אריאל
B.L	he	אורי בלאו
B.L	he	אורי מקלב
B.L	he	אורית סטרוק
B.L	he	אורלי לוי-אבקסיס
B.L	he	אזרחות ישראלית
B.L	he	אחמד טיבי
B.L	he	איחוד לאומי-ישראל ביתנו
B.L	he	איילת שקד
B.L	he	אילן גילאון
B.L	he	איציק שמולי
B.L	he	איתן כבל
B.L	he	אלי בן דהן
B.L	he	אלי ישי
B.L	he	אליהו בן-אלישר
B.L	he	אליהו סויסה
B.L	he	אליעזר זנדברג
B.L	he	אליעזר כהן
B.L	he	אלעזר שטרן
B.L	he	אמיר אורן
B.L	he	אמנון כהן
B.L	he	אמנון ליפקין-שחק
B.L	he	אמנון רובינשטיין
B.L	he	אמריקה הלטינית
B.L	he	אנטישמיות
B.L	he	אנציקלופדיה ynet
B.L	he	אסלאם
B.L	he	אפי איתם
B.L	he	אפרים סנה
B.L	he	אראל מרגלית
B.L	he	ארגוני שמאל בישראל
B.L	he	אריאל אטיאס
B.L	he	אריאל שרון
B.L	he	אריה דרעי
B.L	he	באסל גטאס
B.L	he	בועז טופורובסקי
B.L	he	בחירות בשיטה הרובנית
B.L	he	ביטוח לאומי
B.L	he	בלארוס
B.L	he	בנימין אלון
B.L	he	בנימין בן אליעזר
B.L	he	בנימין נתניהו
B.L	he	ברזיל
B.L	he	ברית המועצות
B.L	he	ברית לאומית דמוקרטית
B.L	he	ברית נאט"ו
B.L	he	ברק רביד
B.L	he	ברק רביד ויהונתן ליס
B.L	he	ג'ורג' מיטשל
B.L	he	ג'מאל זחאלקה
B.L	he	גד יעקבי
B.L	he	גדעון סער
B.L	he	גולדה מאיר
B.L	he	גונן שגב
B.L	he	גוש עציון
B.L	he	גידי וייץ
B.L	he	גילה גמליאל
B.L	he	גלובס
B.L	he	גלי צה"ל
B.L	he	גלעד ארדן
B.L	he	דב חנין
B.L	he	דב יוסף
B.L	he	דב ליפמן
B.L	he	דוד אזולאי
B.L	he	דוד בן-גוריון
B.L	he	דוד הכהן
B.L	he	דוד לוי
B.L	he	דוד מגן
B.L	he	דוד צבי פנקס
B.L	he	דוד צור
B.L	he	דוד רותם
B.L	he	דוד רמז
B.L	he	דיפלומטיה ציבורית
B.L	he	דמוגרפיה
B.L	he	דמוקרטיה נשיאותית
B.L	he	דן מרידור
B.L	he	דני איילון
B.L	he	דני אילון
B.L	he	דני דנון
B.L	he	דרום אמריקה
B.L	he	האוניברסיטה העברית בירושלים
B.L	he	האיחוד האירופי
B.L	he	האיחוד הלאומי
B.L	he	האינתיפאדה השנייה
B.L	he	הארץ
B.L	he	הבחירות בישראל
B.L	he	הבחירות לכנסת ה-17
B.L	he	הבחירות לכנסת השבע עשרה
B.L	he	הבחירות לכנסת השמונה עשרה
B.L	he	הבחירות לכנסת השש עשרה
B.L	he	הבחירות לכנסת התשע עשרה
B.L	he	הבית היהודי
B.L	he	החזית הדמוקרטית לשלום ולשוויון
B.L	he	החלטה 67/19 של העצרת הכללית של האו"ם
B.L	he	היועץ המשפטי לממשלה
B.L	he	הכנסת
B.L	he	הכנסת ה-15
B.L	he	הכנסת ה-16
B.L	he	הכנסת ה-19
B.L	he	הכנסת התשע עשרה
B.L	he	הליכוד
B.L	he	הליכוד - ישראל ביתנו
B.L	he	הליכוד ישראל ביתנו
B.L	he	המטבחון
B.L	he	הממשלה ה-29
B.L	he	הממשלה ה-30
B.L	he	הממשלה ה-31
B.L	he	הממשלה ה-32
B.L	he	המשט לעזה (2010)
B.L	he	הסכסוך הישראלי-ערבי
B.L	he	הסכסוך הישראלי-פלסטיני
B.L	he	העולם המערבי
B.L	he	העלייה מברית המועצות בשנות השבעים
B.L	he	העלייה מברית המועצות לשעבר בשנות התשעים
B.L	he	העצרת הכללית של האומות המאוחדות
B.L	he	הפרדת הדת מהמדינה
B.L	he	הפרת אמונים
B.L	he	הצהרת נאמנות
B.L	he	הקבינט המדיני-ביטחוני
B.L	he	הרצל
B.L	he	הרשות הפלסטינית
B.L	he	התנועה
B.L	he	התנחלויות
B.L	he	התנחלות
B.L	he	וואלה!
B.L	he	ויקיציטוט
B.L	he	ויקישיתוף
B.L	he	ועדת החוץ והביטחון
B.L	he	זאב אלקין
B.L	he	זאב בן אריה (שגריר)
B.L	he	זבולון קלפה
B.L	he	זהבה גלאון
B.L	he	זלמן ארן
B.L	he	חבר הכנסת
B.L	he	חבר המדינות
B.L	he	חברון
B.L	he	חגי מירום
B.L	he	חדשות 2
B.L	he	חוק האזרחות (ישראל)
B.L	he	חיים בר לב
B.L	he	חיים יוסף צדוק
B.L	he	חיים כץ
B.L	he	חיים לנדאו
B.L	he	חיים קורפו
B.L	he	חיים רמון
B.L	he	חיל התותחנים הישראלי
B.L	he	חילופי שטחים
B.L	he	חיליק בר
B.L	he	חמאס
B.L	he	חמד עמאר
B.L	he	חנא סוויד
B.L	he	חנין זועבי
B.L	he	חסינות חברי הכנסת
B.L	he	חקירת משטרה
B.L	he	חרות - התנועה הלאומית
B.L	he	טאלב אבו עראר
B.L	he	טורקיה
B.L	he	טיים מגזין
B.L	he	טרור פלסטיני
B.L	he	טרנספר
B.L	he	טשקנט
B.L	he	יאיר לפיד
B.L	he	יאיר שמיר
B.L	he	יאסר ערפאת
B.L	he	יגאל אלון
B.L	he	יהדות התורה
B.L	he	יהודה ויינשטיין
B.L	he	יהודה וינשטיין
B.L	he	יהודים
B.L	he	יהונתן ליס
B.L	he	יואל רזבוזוב
B.L	he	יובל נאמן
B.L	he	יובל שטייניץ
B.L	he	יולי אדלשטיין
B.L	he	יומן ירושלמי
B.L	he	יוני
B.L	he	יוני שטבון
B.L	he	יוסף ספיר
B.L	he	יוסף סרלין
B.L	he	יוסף פריצקי
B.L	he	יחסי ישראל-טורקיה
B.L	he	יחסי ישראל-רוסיה
B.L	he	יחסים בינלאומיים
B.L	he	יידיש
B.L	he	יעל גרמן
B.L	he	יעקב אשר
B.L	he	יעקב ליצמן
B.L	he	יעקב מרגי
B.L	he	יעקב פרי
B.L	he	יפעת קריב
B.L	he	יצחק אהרונוביץ'
B.L	he	יצחק בן-אהרן
B.L	he	יצחק ברמן
B.L	he	יצחק הרצוג
B.L	he	יצחק וקנין
B.L	he	יצחק כהן (חבר הכנסת)
B.L	he	יצחק לוי
B.L	he	יצחק מודעי
B.L	he	יצחק מרדכי
B.L	he	יצחק נבון
B.L	he	יצחק שמיר
B.L	he	יריב לוין
B.L	he	יש גבול
B.L	he	יש עתיד
B.L	he	ישראל
B.L	he	ישראל אייכלר
B.L	he	ישראל ביתנו
B.L	he	ישראל בר-יהודה
B.L	he	ישראל חסון
B.L	he	ישראל כ"ץ (הליכוד)
B.L	he	ישראל קיסר
B.L	he	כלכליסט
B.L	he	כנסת פתוחה
B.L	he	כתב אישום
B.L	he	לאום
B.L	he	לואיז אינסיו דה סילבה
B.L	he	ליאור דטל
B.L	he	לימור לבנת
B.L	he	מאיר ארגוב
B.L	he	מאיר כהן
B.L	he	מאיר עמית
B.L	he	מאיר פרוש
B.L	he	מאיר שטרית
B.L	he	מדינה פלסטינית
B.L	he	מוחמד ברכה
B.L	he	מוטי יוגב
B.L	he	מולדובה
B.L	he	מיכאל צ'רנוי
B.L	he	מיכל בירן (חברת הכנסת)
B.L	he	מיכל רוזין
B.L	he	מיקי לוי
B.L	he	מיקי רוזנטל
B.L	he	מירי רגב
B.L	he	ממשלת ישראל
B.L	he	ממשלת ישראל ה-32
B.L	he	ממשלת ישראל השלושים
B.L	he	ממשלת ישראל השלושים ושלוש
B.L	he	מנחם אליעזר מוזס
B.L	he	מנחם בגין
B.L	he	מסירת שטחים
B.L	he	מסעוד גנאים
B.L	he	מפלגת העבודה
B.L	he	מפלגת העבודה הישראלית
B.L	he	מפלגת מולדת
B.L	he	מפלגת ש"ס
B.L	he	מפלגת תקומה
B.L	he	מצרים
B.L	he	מרב מיכאלי
B.L	he	מרמה
B.L	he	מרצ
B.L	he	משא ומתן
B.L	he	משה ארנס
B.L	he	משה גפני
B.L	he	משה דיין
B.L	he	משה יעלון
B.L	he	משה כרמל
B.L	he	משה מזרחי (ניצב)
B.L	he	משה פייגלין
B.L	he	משה קצב
B.L	he	משה שחל
B.L	he	משה שרת
B.L	he	משולם נהרי
B.L	he	משטרת ישראל
B.L	he	משמעת קואליציונית
B.L	he	משפטי נירנברג
B.L	he	משקיפים בעצרת הכללית של האומות המאוחדות
B.L	he	משרד האנרגיה והמים
B.L	he	משרד החוץ
B.L	he	משרד התחבורה
B.L	he	משרד ראש הממשלה
B.L	he	נוקדים
B.L	he	נחמן שי
B.L	he	ניסן סלומיאנסקי
B.L	he	ניצן הורוביץ
B.L	he	נסים זאב
B.L	he	נפתלי בנט
B.L	he	סגן ראש הממשלה
B.L	he	סופה לנדבר
B.L	he	סילבן שלום
B.L	he	סכר אסואן
B.L	he	סתיו שפיר
B.L	he	עבודות שירות
B.L	he	עדי קול
B.L	he	עוזי לנדאו
B.L	he	עומר בר-לב
B.L	he	עומר סולימאן
B.L	he	עזר ויצמן
B.L	he	עיסאווי פריג'
B.L	he	עליזה לביא
B.L	he	עמיר פרץ
B.L	he	עמרם מצנע
B.L	he	עסקת טיעון
B.L	he	עפו אגבאריה
B.L	he	עפר שלח
B.L	he	ערביי ישראל
B.L	he	פאינה קירשנבאום
B.L	he	פיצוי
B.L	he	פלסטינים
B.L	he	פנינה תמנו-שטה
B.L	he	פרקליטות המדינה
B.L	he	צה"ל
B.L	he	צחי הנגבי
B.L	he	ציפי חוטובלי
B.L	he	ציפי לבני
B.L	he	צלף (ירי)
B.L	he	קאפו
B.L	he	קארין אלהרר
B.L	he	קדימה
B.L	he	קואליציה
B.L	he	קישינב
B.L	he	קנס
B.L	he	קריאה טרומית
B.L	he	קרן ויקימדיה
B.L	he	ראובן ריבלין
B.L	he	ראש ממשלת טורקיה
B.L	he	רג'פ טאיפ ארדואן
B.L	he	רוברט אילטוב
B.L	he	רוני בר-און
B.L	he	רונן הופמן
B.L	he	רוסיה
B.L	he	רוסית
B.L	he	רות קלדרון
B.L	he	רחבעם זאבי
B.L	he	רינה פרנקל
B.L	he	רע"מ-תע"ל
B.L	he	שאול יהלום
B.L	he	שאול מופז
B.L	he	שגריר ישראל באו"ם
B.L	he	שוחד
B.L	he	שולי מועלם
B.L	he	שי פירון
B.L	he	שינוי שיטת הממשל בישראל
B.L	he	שכונת גילה
B.L	he	שלי יחימוביץ'
B.L	he	שלמה בן עמי
B.L	he	שמעון אוחיון
B.L	he	שמעון סולומון
B.L	he	שמעון פרס
B.L	he	שר החוץ
B.L	he	שר התחבורה
B.L	he	שר התשתיות הלאומיות
B.L	he	שתי מדינות לשני עמים
B.L	he	תוכנית ההתנתקות
B.L	he	תוכנית חילופי השטחים
B.L	he	תמר זנדברג
B.L	he	תעודת זהות
B.L	he	ויקיפדיה:ביבליוגרפיה
B.L	de	1958
B.L	de	5. Juni
B.L	de	ARD
B.L	de	Abba Eban
B.L	de	Achse des Bösen
B.L	de	Al-Ahram
B.L	de	Amir Peretz
B.L	de	Annapolis (Maryland)
B.L	de	Anto Đapić
B.L	de	Ariel Scharon
B.L	de	Atombombenabwürfe auf Hiroshima und Nagasaki
B.L	de	Außenminister
B.L	de	Außenminister Israels
B.L	de	Awoda
B.L	de	BBC
B.L	de	Benjamin Netanjahu
B.L	de	Chișinău
B.L	de	Christian Science Monitor
B.L	de	Christoph Blocher
B.L	de	Condoleezza Rice
B.L	de	Corneliu Vadim Tudor
B.L	de	David Levy (Politiker)
B.L	de	Deportation
B.L	de	Der Spiegel
B.L	de	Der Standard
B.L	de	Die Presse
B.L	de	Die Zeit
B.L	de	Ehud Barak
B.L	de	Ehud Olmert
B.L	de	Faschismus
B.L	de	Filip Dewinter
B.L	de	Fünfte Kolonne
B.L	de	Gazastreifen
B.L	de	Geert Wilders
B.L	de	Ghalib Mudschadala
B.L	de	Golda Meir
B.L	de	Gush Shalom
B.L	de	Haaretz
B.L	de	Ha’aretz
B.L	de	Hebräische Sprache
B.L	de	Hebräische Universität Jerusalem
B.L	de	Hochverrat
B.L	de	Iran
B.L	de	Israel
B.L	de	Israelische Parlamentswahl 2013
B.L	de	Israelische Parlamentswahlen 2009
B.L	de	Israelische Siedlung
B.L	de	Jean-Marie Le Pen
B.L	de	Jerusalem
B.L	de	Jerusalem Post
B.L	de	Jigal Allon
B.L	de	Jisra'el Beitenu
B.L	de	Jitzchak Schamir
B.L	de	Jonathan Cook
B.L	de	Jossi Beilin
B.L	de	Junge Welt
B.L	de	Jörg Haider
B.L	de	Kach
B.L	de	Libanonkrieg 2006
B.L	de	Library of Congress Control Number
B.L	de	Likud
B.L	de	Menachem Begin
B.L	de	Moldawien
B.L	de	Mosche Arens
B.L	de	Mosche Dajan
B.L	de	Mosche Scharet
B.L	de	NATO
B.L	de	NZZ
B.L	de	Nahost-Konflikt
B.L	de	Nokdim
B.L	de	Norbert Darabos
B.L	de	Premierminister
B.L	de	Präsidialsystem
B.L	de	Rassismus
B.L	de	Rechtsextremismus
B.L	de	Schimon Peres
B.L	de	Schlomo Ben Ami
B.L	de	Silvan Schalom
B.L	de	Spiegel Online
B.L	de	Staatsbürgerschaft
B.L	de	Totes Meer
B.L	de	Tzipi Livni
B.L	de	Türsteher
B.L	de	Uri Avnery
B.L	de	Virtual International Authority File
B.L	de	Westjordanland
B.L	de	Yedioth Ahronoth
B.L	de	ZNet
B.L	de	Zeev Ben-Arie
B.L	de	Hilfe:Personendaten
B.L	fa	اسرائیل
B.L	fa	اسرائیل خانه ماست
B.L	fa	انتخابات سراسری اسرائیل (۲۰۰۹)
B.L	fa	اورشلیم
B.L	fa	تسیپی لیونی
B.L	fa	دانشگاه عبری اورشلیم
B.L	fa	زبان عبری
B.L	fa	زندگی‌نامه
B.L	fa	سیاست‌مدار
B.L	fa	شهرک یهودی‌نشین
B.L	fa	عرب اسرائیلی
B.L	fa	مه
B.L	fa	مولداوی
B.L	fa	نیروهای دفاعی اسرائیل
B.L	fa	وزارت امور خارجه اسرائیل
B.L	fa	وزارت سیاست‌های راهبردی اسرائیل
B.L	fa	کرانه غربی رود اردن
B.L	fa	کیشینف
B.L	fa	یهودی
B.L	fa	۱۹۵۸ (میلادی)
B.L	fa	۲۰۰۹ (میلادی)
B.L	fa	۲۰۱۱ (میلادی)
B.L	fa	ویکی‌پدیا:مقالهٔ خرد
B.L	fa	الگو:افراد-خرد
B.L	fa	الگو:جعبه اطلاعات سیاست‌مدار
B.L	fa	بحث الگو:افراد-خرد
B.L	fa	بحث الگو:جعبه اطلاعات سیاست‌مدار
B.L	fa	رده:مقاله‌های دارای واژگان به زبان عبری
B.L	eo	Israel Beitenu
B.L	eo	Israelo
B.L	eo	Kiŝinevo
B.L	eo	Knesset
B.L	eo	Moldava Soveta Socialisma Respubliko
B.L	eo	Politikisto
B.L	eo	Sovetunio
B.L	et	1958
B.L	et	1978
B.L	et	2001
B.L	et	2002
B.L	et	2003
B.L	et	2004
B.L	et	2006
B.L	et	2008
B.L	et	2009
B.L	et	31. märts
B.L	et	5. juuni
B.L	et	Chişinău
B.L	et	Heebrea keel
B.L	et	Iisrael
B.L	et	Iisraeli välisminister
B.L	et	Jeruusalemma Heebrea Ülikool
B.L	et	Knesset
B.L	et	Moldova
B.L	et	Tzipi Livni
B.L	et	Vene keel
B.L	et	Yisra'el Betenu
B.L	es	1958
B.L	es	1978
B.L	es	2002
B.L	es	2006
B.L	es	23 de octubre
B.L	es	5 de junio
B.L	es	ABC(diario)
B.L	es	Armisticio árabe-israelí de 1949
B.L	es	Autoridad Nacional Palestina
B.L	es	Azerbaiyán
B.L	es	Bakú
B.L	es	Beirut
B.L	es	Benjamín Netanyahu
B.L	es	Canadá
B.L	es	Chisinau
B.L	es	Ciencias Políticas
B.L	es	Cisjordania
B.L	es	Colonia israelí
B.L	es	Comité de Defensa y Asuntos Externos
B.L	es	Derecha política
B.L	es	Ehud Ólmert
B.L	es	El País
B.L	es	Estados Unidos
B.L	es	Fuerzas de Defensa de Israel
B.L	es	Idioma hebreo
B.L	es	Israel
B.L	es	Israelí
B.L	es	Kach
B.L	es	Línea Verde (Israel)
B.L	es	Meir Sheetrit
B.L	es	Ministro de Asuntos Estratégicos
B.L	es	Ministro de Relaciones Exteriores de Israel
B.L	es	Ministro de Transporte de Israel
B.L	es	Moldavia
B.L	es	Nokdim
B.L	es	Partido político
B.L	es	Primer Ministro de Israel
B.L	es	Relaciones Internacionales
B.L	es	República Socialista Soviética de Moldavia
B.L	es	Teherán
B.L	es	Tzaji Hanegbi
B.L	es	Tzipi Livni
B.L	es	Uadi Ara
B.L	es	Universidad Hebrea de Jerusalén
B.L	es	Unión Europea
B.L	es	Unión Soviética
B.L	es	Yasir Arafat
B.L	es	Yisrael Beytenu
B.L	es	YnetNews
B.L	es	Wikipedia:Verificabilidad
B.L	bg	1958
B.L	bg	5 юни
B.L	bg	Ариел Шарон
B.L	bg	Бенямин Нетаняху
B.L	bg	Газа
B.L	bg	Иврит
B.L	bg	Йерусалим
B.L	bg	Кишинев
B.L	bg	Молдова
B.L	da	1958
B.L	da	1978
B.L	da	1999
B.L	da	2001
B.L	da	2002
B.L	da	2003
B.L	da	2004
B.L	da	2009
B.L	da	5. juni
B.L	da	Chişinău
B.L	da	Det hebraiske universitet i Jerusalem
B.L	da	Hamas
B.L	da	Hebraisk (sprog)
B.L	da	Højreekstremisme
B.L	da	Israel
B.L	da	Israel Defense Forces
B.L	da	Knesset
B.L	da	Politiken.dk
B.L	da	Politiker
B.L	da	Politisk parti
B.L	da	Sovjetunionen
B.L	da	Statskundskab
B.L	da	Yisrael Beytenu
B.L	cs	18. prosinec
B.L	cs	1958
B.L	cs	2003
B.L	cs	2004
B.L	cs	2009
B.L	cs	2012
B.L	cs	28. únor
B.L	cs	31. březen
B.L	cs	5. červen
B.L	cs	6. červen
B.L	cs	Ab'as Zakur
B.L	cs	Abba Eban
B.L	cs	Abdulmálik ad Dahámaša
B.L	cs	Achi
B.L	cs	Acma'ut
B.L	cs	Adi Kol
B.L	cs	Afú Aghbáríja
B.L	cs	Agudat Jisra'el
B.L	cs	Aharon Brizon
B.L	cs	Aharon Jariv
B.L	cs	Ahmad at Tíbí
B.L	cs	Ahmed Dabbah
B.L	cs	Ajelet Šaked
B.L	cs	Ajúb Qará
B.L	cs	Akram Hasson
B.L	cs	Aktuálně.cz
B.L	cs	Alali Adamso
B.L	cs	Alex Miller (politik)
B.L	cs	Alexander Cinker
B.L	cs	Aliza Lavie
B.L	cs	Am Echad
B.L	cs	Am šalem
B.L	cs	Ami Ajalon
B.L	cs	Amir Perec
B.L	cs	Amira Dotan
B.L	cs	Amnon Kohen
B.L	cs	Amnon Lipkin-Šachak
B.L	cs	Amnon Rubinstein
B.L	cs	Amram Micna
B.L	cs	Anastasija Micha'eli
B.L	cs	Anat Ma'or
B.L	cs	Arabská demokratická strana (Izrael)
B.L	cs	Ariel Atias
B.L	cs	Ariel Šaron
B.L	cs	Arje Bibi
B.L	cs	Arje Deri
B.L	cs	Arje Eldad
B.L	cs	Arje Gamli'el
B.L	cs	Avi Dichter
B.L	cs	Avigdor Jicchaki
B.L	cs	Avišaj Braverman
B.L	cs	Avraham Burg
B.L	cs	Avraham Du'an
B.L	cs	Avraham Hirschson
B.L	cs	Avraham Jechezk'el
B.L	cs	Avraham Michaeli
B.L	cs	Avraham Poraz
B.L	cs	Avraham Ravic
B.L	cs	Avraham Varcman
B.L	cs	Avraham Šochat
B.L	cs	Avšalom Vilan
B.L	cs	Azmí Bišára
B.L	cs	Bakalář
B.L	cs	Baku
B.L	cs	Balad
B.L	cs	Bechira Demokratit
B.L	cs	Benjamin Ben Eliezer
B.L	cs	Benjamin Netanjahu
B.L	cs	Benny Begin
B.L	cs	Binjamin Elon
B.L	cs	Bo'az Toporovsky
B.L	cs	Brit Le'umit Mitkademet
B.L	cs	Básil Ghattás
B.L	cs	Břetislav Tureček
B.L	cs	Cachi Hanegbi
B.L	cs	Calaš
B.L	cs	Cali Rešef
B.L	cs	Chadaš
B.L	cs	Chajim Drukman
B.L	cs	Chajim Kac
B.L	cs	Chajim Korfu
B.L	cs	Chajim Landau
B.L	cs	Chajim Oron
B.L	cs	Chajim Ramon
B.L	cs	Chamad Amar
B.L	cs	Chanan Porat
B.L	cs	Charedim
B.L	cs	Chec
B.L	cs	Chemi Doron
B.L	cs	Cherut - Národní hnutí
B.L	cs	Cion Pinjan
B.L	cs	Cipi Chotovely
B.L	cs	Cipi Livniová
B.L	cs	Colette Avital
B.L	cs	Cvi Hendel
B.L	cs	Cvija Greenfeld
B.L	cs	Dalia Icik
B.L	cs	Dalia Rabinová-Pelosofová
B.L	cs	Dan Meridor
B.L	cs	Dan Nave
B.L	cs	Dani'el Benlulu
B.L	cs	Dani Jatom
B.L	cs	Dani Koren
B.L	cs	Daniel Ben Simon
B.L	cs	Daniel Hershkowitz
B.L	cs	Danny Ajalon
B.L	cs	Danny Danon
B.L	cs	David Azulaj
B.L	cs	David Ben Gurion
B.L	cs	David Cur
B.L	cs	David Cvi Pinkas
B.L	cs	David Levy
B.L	cs	David Magen
B.L	cs	David Mena
B.L	cs	David Remez
B.L	cs	David Rotem
B.L	cs	David Tal
B.L	cs	Degel ha-Tora
B.L	cs	Derech Chadaša
B.L	cs	Doron Avital
B.L	cs	Dov Chenin
B.L	cs	Dov Josef
B.L	cs	Dov Lipman
B.L	cs	Džamal Zahalka
B.L	cs	Efi Oš'aja
B.L	cs	Efrajim Ejtam
B.L	cs	Efrajim Sne
B.L	cs	Ehud Barak
B.L	cs	Ehud Jatom
B.L	cs	Ehud Olmert
B.L	cs	Ehud Racabi
B.L	cs	Ejnat Wilf
B.L	cs	Ejtan Kabel
B.L	cs	El'azar Štern
B.L	cs	Elchanan Glazer
B.L	cs	Eli'ezer Kohen
B.L	cs	Eli'ezer Mozes
B.L	cs	Eli'ezer Sandberg
B.L	cs	Eli Aflalo
B.L	cs	Eli Ben-Dahan
B.L	cs	Eli Ben Menachem
B.L	cs	Eli Goldschmidt
B.L	cs	Eli Jišaj
B.L	cs	Eli Kohen (politik)
B.L	cs	Eli Suisa
B.L	cs	Elijahu Gab'aj
B.L	cs	Emil Amsalem
B.L	cs	Er'ela Golan
B.L	cs	Erel Margalit
B.L	cs	Esterina Tartman
B.L	cs	Eti Livni
B.L	cs	Evropská unie
B.L	cs	Ezer Weizman
B.L	cs	Faina Kirschenbaum
B.L	cs	Gad Ja'akobi
B.L	cs	Genady Riger
B.L	cs	Gešer (politická strana)
B.L	cs	Ghálib Madžádala
B.L	cs	Gideon Ezra
B.L	cs	Gideon Sa'ar
B.L	cs	Gil
B.L	cs	Gila Finkelstein
B.L	cs	Gila Gamli'el
B.L	cs	Gilad Erdan
B.L	cs	Golda Meirová
B.L	cs	Gonen Segev
B.L	cs	Ha-Derech ha-Tova
B.L	cs	Ha-Miflaga ha-Le'umit ha-Aravit
B.L	cs	Ha-Olim
B.L	cs	Ha-Tnu'a
B.L	cs	Haaretz
B.L	cs	Hana Sweid
B.L	cs	Hanín Zuabí
B.L	cs	Hašim Mach'amid
B.L	cs	Hebrejská univerzita v Jeruzalémě
B.L	cs	Hebrejština
B.L	cs	Histadrut
B.L	cs	Husníja Džabára
B.L	cs	IHNed.cz
B.L	cs	Ibrahím Sarsúr
B.L	cs	Ilan Gil'on
B.L	cs	Ilan Lejbovič
B.L	cs	Ilan Šalgi
B.L	cs	Ilana Kohen
B.L	cs	Inbal Gavri'eli
B.L	cs	Isám Machúl
B.L	cs	Izrael
B.L	cs	Izraelci
B.L	cs	Izraelská strana práce
B.L	cs	Izraelské obranné síly
B.L	cs	Izraelské osady
B.L	cs	Izraelský plán jednostranného stažení
B.L	cs	Izraelští Arabové
B.L	cs	Ja'akov Ašer
B.L	cs	Ja'akov Ben Jezri
B.L	cs	Ja'akov Edri
B.L	cs	Ja'akov Kac
B.L	cs	Ja'akov Kohen (politik)
B.L	cs	Ja'akov Litzman
B.L	cs	Ja'akov Margi
B.L	cs	Ja'akov Peri
B.L	cs	Ja'el Dajanová
B.L	cs	Ja'el German
B.L	cs	Ja'ir Lapid
B.L	cs	Ja'ir Perec
B.L	cs	Ja'ir Šamir
B.L	cs	Jariv Levin
B.L	cs	Jechi'el Bar
B.L	cs	Jechi'el Chazan
B.L	cs	Jechi'el Lasri
B.L	cs	Jeden Izrael
B.L	cs	Jehošua Maca
B.L	cs	Jehošua Menachem Pollack
B.L	cs	Jehuda Gil'ad (politik)
B.L	cs	Jehudit Na'ot
B.L	cs	Ješ atid
B.L	cs	Jicchak Aharonovič
B.L	cs	Jicchak Ben Aharon
B.L	cs	Jicchak Ben Jisra'el
B.L	cs	Jicchak Berman
B.L	cs	Jicchak G'agula
B.L	cs	Jicchak Galanti
B.L	cs	Jicchak Herzog
B.L	cs	Jicchak Kohen
B.L	cs	Jicchak Levy
B.L	cs	Jicchak Moda'i
B.L	cs	Jicchak Mordechaj
B.L	cs	Jicchak Saban
B.L	cs	Jicchak Vaknin
B.L	cs	Jicchak Ziv
B.L	cs	Jicchak Šamir
B.L	cs	Jicchak Šmuli
B.L	cs	Jif'at Kariv
B.L	cs	Jig'al Bibi
B.L	cs	Jig'al Jasinov
B.L	cs	Jigal Alon
B.L	cs	Jisra'el Bar Jehuda
B.L	cs	Jisra'el Bejtejnu
B.L	cs	Jisra'el Chason
B.L	cs	Jisra'el Eichler
B.L	cs	Jisra'el Kac (1955)
B.L	cs	Jisra'el Kesar
B.L	cs	Jisra'el be-Alija
B.L	cs	Jo'el Chason
B.L	cs	Jo'el Razvozov
B.L	cs	Jochanan Plesner
B.L	cs	Jonatan Chetboun
B.L	cs	Joram Marci'ano
B.L	cs	Josef Paricky
B.L	cs	Josef Sapir
B.L	cs	Josef Serlin
B.L	cs	Josef Šagal
B.L	cs	Josi Bejlin
B.L	cs	Josi Kac
B.L	cs	Josi Peled
B.L	cs	Josi Sarid
B.L	cs	Juli-Joel Edelstein
B.L	cs	Juli Tamir
B.L	cs	Julia Šamalov-Berkovič
B.L	cs	Juri Štern
B.L	cs	Juval Celner
B.L	cs	Juval Ne'eman
B.L	cs	Juval Steinitz
B.L	cs	Kach
B.L	cs	Kadima
B.L	cs	Karin Elharar
B.L	cs	Karmel Ša'ama
B.L	cs	Kišiněv
B.L	cs	Kneset
B.L	cs	Kypr
B.L	cs	Le'a Nas
B.L	cs	Le'on Litinecki
B.L	cs	Lia Šemtov
B.L	cs	Likud
B.L	cs	Likud Jisra'el bejtejnu
B.L	cs	Limor Livnat
B.L	cs	Madžali Wahabi
B.L	cs	Marina Solodkin
B.L	cs	Masud Ghnaim
B.L	cs	Matan Vilnaj
B.L	cs	Maxim Levy
B.L	cs	Mazor Bahajna
B.L	cs	Me'ir Amit
B.L	cs	Me'ir Kohen
B.L	cs	Me'ir Poruš
B.L	cs	Me'ir Šítrit
B.L	cs	Mejmad
B.L	cs	Meli Polišuk-Bloch
B.L	cs	Menachem Begin
B.L	cs	Menachem Ben Sason
B.L	cs	Merav Micha'eli
B.L	cs	Merec
B.L	cs	Merec-Jachad
B.L	cs	Mešulam Nahari
B.L	cs	Micha'el Ben Ari
B.L	cs	Micha'el Ejtan
B.L	cs	Micha'el Gorlovski
B.L	cs	Micha'el Kleiner
B.L	cs	Micha'el Melchi'or
B.L	cs	Micha'el Nudelman
B.L	cs	Micha'el Racon
B.L	cs	Micha'el Rosenthal
B.L	cs	Michal Biran
B.L	cs	Michal Rozin
B.L	cs	Mickey Levy
B.L	cs	Mifleget ha-Merkaz
B.L	cs	Ministr dopravy Izraele
B.L	cs	Ministr energetiky a vodních zdrojů Izraele
B.L	cs	Ministr národní infrastruktury Izraele
B.L	cs	Ministr zahraničních věcí Izraele
B.L	cs	Miri Regev
B.L	cs	Moldavsko
B.L	cs	Mordechaj Jogev
B.L	cs	Mordechaj Miš'ani
B.L	cs	Mosi Raz
B.L	cs	Moše Arens
B.L	cs	Moše Dajan
B.L	cs	Moše Feiglin
B.L	cs	Moše Gafni
B.L	cs	Moše Ja'alon
B.L	cs	Moše Kacav
B.L	cs	Moše Kachlon
B.L	cs	Moše Karmel
B.L	cs	Moše Matalon
B.L	cs	Moše Mizrachi
B.L	cs	Moše Šachal
B.L	cs	Moše Šaret
B.L	cs	Moše Šaroni
B.L	cs	Muhammad Baraka
B.L	cs	Muhammad Kanaán
B.L	cs	Na'omi Blumenthal
B.L	cs	Na'omi Chazan
B.L	cs	Nachman Šaj
B.L	cs	Nachum Langental
B.L	cs	Nadia Chilu
B.L	cs	Naftali Benet
B.L	cs	Natan Šaransky
B.L	cs	Naváf Masálaha
B.L	cs	Nechama Ronen
B.L	cs	Neta Dobrin
B.L	cs	Nican Horowitz
B.L	cs	Nino Abesadze
B.L	cs	Nisan Slomi'anski
B.L	cs	Nisim Dahan
B.L	cs	Nissim Ze'ev
B.L	cs	Nokdim
B.L	cs	Novinky.cz
B.L	cs	Národní jednota
B.L	cs	Národní náboženská strana
B.L	cs	Ocma le-Jisra'el
B.L	cs	Ofer Hugi
B.L	cs	Ofer Šelach
B.L	cs	Ofir Akunis
B.L	cs	Ofir Pines-Paz
B.L	cs	Omer Bar-Lev
B.L	cs	Omri Šaron
B.L	cs	Orit Noked
B.L	cs	Orit Strook
B.L	cs	Orit Zu'arec
B.L	cs	Orly Levy
B.L	cs	Orna Angel
B.L	cs	Otniel Šneler
B.L	cs	Palestinci
B.L	cs	Palestinská autonomie
B.L	cs	Pinchas Cabari
B.L	cs	Pnina Rosenblum
B.L	cs	Pnina Tamano-Šata
B.L	cs	Ra'anan Kohen
B.L	cs	Rachamim Malul
B.L	cs	Rachel Adato
B.L	cs	Rafi Ejtan
B.L	cs	Ran Kohen
B.L	cs	Rasismus
B.L	cs	Re'uven Rivlin
B.L	cs	Rechav'am Ze'evi
B.L	cs	Rešef Chen
B.L	cs	Rina Frenkel
B.L	cs	Robert Ilatov
B.L	cs	Robert Tiviajev
B.L	cs	Roman Bronfman
B.L	cs	Ronen Cur
B.L	cs	Ronen Hoffman
B.L	cs	Roni Bar-On
B.L	cs	Roni Milo
B.L	cs	Ronit Tiroš
B.L	cs	Ruchama Avraham
B.L	cs	Ruth Calderon
B.L	cs	Ruština
B.L	cs	Sajid Nafa
B.L	cs	Sara Marom Šalev
B.L	cs	Severoatlantická aliance
B.L	cs	Seznam členů devatenáctého Knesetu
B.L	cs	Seznam členů osmnáctého Knesetu
B.L	cs	Seznam členů patnáctého Knesetu
B.L	cs	Seznam členů sedmnáctého Knesetu
B.L	cs	Seznam členů šestnáctého Knesetu
B.L	cs	Silvan Šalom
B.L	cs	Sjednocená arabská kandidátka
B.L	cs	Sjednocený judaismus Tóry
B.L	cs	Sofa Landver
B.L	cs	Sovětský svaz
B.L	cs	Stas Misežnikov
B.L	cs	Stav Šafir
B.L	cs	Sálih Taríf
B.L	cs	Ta'al
B.L	cs	Talab as-Sána
B.L	cs	Tamar Gožansky
B.L	cs	Tamar Zandberg
B.L	cs	Taufíq Chatíb
B.L	cs	Tommy Lapid
B.L	cs	Tova Ilan
B.L	cs	Tálib Abú Arár
B.L	cs	Uri'el Reichman
B.L	cs	Uri Ari'el
B.L	cs	Uri Maklev
B.L	cs	Uri Orbach
B.L	cs	Uri Savir
B.L	cs	Uzi Bar'am
B.L	cs	Uzi Even
B.L	cs	Uzi Landau
B.L	cs	Viktor Brailovsky
B.L	cs	Vláda Státu Izrael
B.L	cs	Volby do Knesetu 1999
B.L	cs	Volby do Knesetu 2003
B.L	cs	Volby do Knesetu 2006
B.L	cs	Volby do Knesetu 2009
B.L	cs	Volby do Knesetu 2013
B.L	cs	Weizman Širy
B.L	cs	Wikicitáty
B.L	cs	Wikimedia Commons
B.L	cs	Wikimedia Foundation
B.L	cs	Wásil Táhá
B.L	cs	Zahava Gal-On
B.L	cs	Zalman Aran
B.L	cs	Ze'ev Bielski
B.L	cs	Ze'ev Boim
B.L	cs	Ze'ev Elkin
B.L	cs	Zevulun Kalfa
B.L	cs	Zevulun Orlev
B.L	cs	Západní břeh Jordánu
B.L	cs	Ísaví Farídž
B.L	cs	Český rozhlas
B.L	cs	Ša'ul Jahalom
B.L	cs	Šaj Chermeš
B.L	cs	Šaj Piron
B.L	cs	Šakíb Šanán
B.L	cs	Šalom Simchon
B.L	cs	Šas
B.L	cs	Šaul Mofaz
B.L	cs	Šeli Jachimovič
B.L	cs	Šim'on Ochajon
B.L	cs	Šim'on Solomon
B.L	cs	Šimon Peres
B.L	cs	Šinuj
B.L	cs	Šlomo Ben Ami
B.L	cs	Šlomo Benizri
B.L	cs	Šlomo Breznic
B.L	cs	Šlomo Mola
B.L	cs	Šmu'el Halpert
B.L	cs	Šuli Mu'alem
B.L	cs	Židovský domov
B.L	cs	Wikipedie:WikiProjekt Překlad/Rady
B.L	cs	Soubor:Avigdor lieberman.ogg
B.L	cs	Portál:Izrael
B.L	cs	Portál:Obsah
B.L	als	Chişinău
B.L	als	Condoleezza Rice
B.L	als	Ehud Barak
B.L	als	Ehud Olmert
B.L	als	Hebräische Universität Jerusalem
B.L	als	Israel
B.L	als	Israelische Siedlung
B.L	als	Iwrit
B.L	als	Jisra'el Beitenu
B.L	als	Knesset
B.L	als	Moldawien
B.L	als	Nokdim
B.L	als	Politiker
B.L	als	Sowjetunion
B.L	als	Uri Avnery
B.L	als	Westjordanland
B.L	als	Zionismus
B.L	als	Wikipedia:Personendaten
B.L	ar	14 مارس
B.L	ar	15 أكتوبر
B.L	ar	16 يناير
B.L	ar	1958
B.L	ar	1967
B.L	ar	1981
B.L	ar	1986
B.L	ar	1988
B.L	ar	1991
B.L	ar	1992
B.L	ar	1996
B.L	ar	1997
B.L	ar	1999
B.L	ar	2001
B.L	ar	2002
B.L	ar	2004
B.L	ar	2006
B.L	ar	2008
B.L	ar	2009
B.L	ar	2011
B.L	ar	30 أكتوبر
B.L	ar	31 مارس
B.L	ar	4 يناير
B.L	ar	5 يونيو
B.L	ar	אביגדור ליברמן
B.L	ar	أرئيل شارون
B.L	ar	أمريكا الجنوبية
B.L	ar	أمريكا اللاتينية
B.L	ar	أوزبكستان
B.L	ar	إسرائيل
B.L	ar	إسرائيل بيتنا
B.L	ar	إيهود أولمرت
B.L	ar	اتحاد الدول المستقلة
B.L	ar	الأمم المتحدة
B.L	ar	الاتحاد الأوروبي
B.L	ar	الاتحاد السوفيتي
B.L	ar	الخليل
B.L	ar	السد العالي
B.L	ar	السلطة الوطنية الفلسطينية
B.L	ar	الكرملين
B.L	ar	المخابرات العامة المصرية
B.L	ar	الناتو
B.L	ar	النمسا
B.L	ar	انتفاضة فلسطينية ثانية
B.L	ar	بحيرة ناصر
B.L	ar	بطاقة شخصية
B.L	ar	بنيامين نتنياهو
B.L	ar	بيت لحم
B.L	ar	تايم (مجلة)
B.L	ar	ترحيل الفلسطينيين
B.L	ar	ثيودور هرتزل
B.L	ar	جيش الدفاع الإسرائيلي
B.L	ar	حركة حماس
B.L	ar	حزب إسرائيل بيتنا
B.L	ar	حزب العمل الإسرائيلي
B.L	ar	حزب الليكود
B.L	ar	داني أيالون
B.L	ar	دولة فلسطين
B.L	ar	ديمقراطية
B.L	ar	رجب طيب أردوغان
B.L	ar	رحبعام زئيفي
B.L	ar	رشوة
B.L	ar	شيكل إسرائيلي
B.L	ar	ضمان اجتماعي
B.L	ar	طشقند
B.L	ar	عمر سليمان
B.L	ar	فلسطينيون
B.L	ar	كنيست
B.L	ar	كيشيناو
B.L	ar	لغة عبرية
B.L	ar	لغة يديشية
B.L	ar	لويس إيناسيو لولا دا سيلفا
B.L	ar	مؤتمر أنابوليس
B.L	ar	مجلس الوزراء الأمني لإسرائيل
B.L	ar	مجلس وزراء إسرائيل
B.L	ar	محمد حسني مبارك
B.L	ar	مصر
B.L	ar	مطبخ مجلس الوزراء الإسرائيلي
B.L	ar	مولدافيا
B.L	ar	مولدوفا
B.L	ar	وزارة الخارجية الإسرائيلية
B.L	ar	ياسر عرفات
B.L	ar	يهود
B.L	ar	قالب:أيقونة علم
B.L	ar	ملحق:1958
B.L	ar	ملحق:5 يونيو
B.L	no	1958
B.L	no	1978
B.L	no	1999
B.L	no	2009
B.L	no	31. mars
B.L	no	5. juni
B.L	no	Chișinău
B.L	no	Gulag
B.L	no	Knesset
B.L	no	Moldova
B.L	no	Røde hær
B.L	no	Sovjetunionen
B.L	no	Yisrael Beiteinu
B.L	pl	17 stycznia
B.L	pl	1949
B.L	pl	1958
B.L	pl	1967
B.L	pl	1978
B.L	pl	1983
B.L	pl	1988
B.L	pl	1993
B.L	pl	1996
B.L	pl	1997
B.L	pl	1999
B.L	pl	19 stycznia
B.L	pl	2001
B.L	pl	2002
B.L	pl	2003
B.L	pl	2004
B.L	pl	2005
B.L	pl	2006
B.L	pl	2008
B.L	pl	2009
B.L	pl	21 września
B.L	pl	23 października
B.L	pl	27 marca
B.L	pl	30 maja
B.L	pl	30 października
B.L	pl	31 marca
B.L	pl	5 czerwca
B.L	pl	5 maja
B.L	pl	Abba Eban
B.L	pl	Aharon Yariv
B.L	pl	Amnon Lipkin-Shahak
B.L	pl	Arabowie
B.L	pl	Ariel Szaron
B.L	pl	Autonomia Palestyńska
B.L	pl	Beniamin Netanjahu
B.L	pl	Benjamin Netanyahu
B.L	pl	Biblioteka Kongresu Stanów Zjednoczonych
B.L	pl	Condoleezza Rice
B.L	pl	Cypi Liwni
B.L	pl	David-Zvi Pinkas
B.L	pl	David Levy (izraelski polityk)
B.L	pl	David Remez
B.L	pl	Dawid Ben Gurion
B.L	pl	Dov Yosef
B.L	pl	Ehud Barak
B.L	pl	Ehud Olmert
B.L	pl	Ephraim Sneh
B.L	pl	Ezer Weizman
B.L	pl	Gad Yaacobi
B.L	pl	Golda Meir
B.L	pl	Haim Corfu
B.L	pl	Haim Landau
B.L	pl	Hamas
B.L	pl	Hezbollah
B.L	pl	Histadrut
B.L	pl	Icchak Ben-Aharon
B.L	pl	Icchak Levy
B.L	pl	Icchak Mordechai
B.L	pl	Icchak Szamir
B.L	pl	Iran
B.L	pl	Israel Bar-Yehuda
B.L	pl	Israel Katz
B.L	pl	Israel Kessar
B.L	pl	Izrael
B.L	pl	Izraelska Partia Pracy
B.L	pl	Jerozolima
B.L	pl	Jigal Allon
B.L	pl	Jordania
B.L	pl	Josef Sapir
B.L	pl	Josef Serlin
B.L	pl	Język angielski
B.L	pl	Język hebrajski
B.L	pl	Kadima
B.L	pl	Kiszyniów
B.L	pl	Kontrola autorytatywna
B.L	pl	Likud
B.L	pl	Mahmud Abbas
B.L	pl	Maj
B.L	pl	Meir Amit
B.L	pl	Meir Sheetrit
B.L	pl	Menachem Begin
B.L	pl	Ministerstwo Spraw Zagranicznych Izraela
B.L	pl	Ministerstwo Transportu Izraela
B.L	pl	Moshe Arens
B.L	pl	Moshe Ya'alon
B.L	pl	Mosze Carmel
B.L	pl	Mosze Dajan
B.L	pl	Mosze Kacaw
B.L	pl	Mosze Szarett
B.L	pl	Mołdawia
B.L	pl	Online Computer Library Center
B.L	pl	Ophir Pines-Paz
B.L	pl	Palestyńczycy
B.L	pl	Październik
B.L	pl	Premierzy Izraela
B.L	pl	Shaul Mofaz
B.L	pl	Shaul Yahalom
B.L	pl	Shlomo Ben-Ami
B.L	pl	Silwan Schalom
B.L	pl	Strefa Gazy
B.L	pl	Szymon Peres
B.L	pl	Tzachi Hanegbi
B.L	pl	Wrzesień
B.L	pl	Wybory parlamentarne w Izraelu, 1999
B.L	pl	Wybory parlamentarne w Izraelu w 2006 roku
B.L	pl	Yisrael Beitenu
B.L	pl	Zalman Aran
B.L	pl	Związek Socjalistycznych Republik Radzieckich
B.L	pl	Szablon:Minister Spraw Zagranicznych Izraela
B.L	pl	Szablon:Minister Transportu Izraela
B.L	pl	Dyskusja szablonu:Minister Spraw Zagranicznych Izraela
B.L	pl	Dyskusja szablonu:Minister Transportu Izraela
B.L	nl	16 januari
B.L	nl	18 december
B.L	nl	18 januari
B.L	nl	1958
B.L	nl	1993
B.L	nl	1996
B.L	nl	1997
B.L	nl	1999
B.L	nl	2003
B.L	nl	2006
B.L	nl	2008
B.L	nl	2009
B.L	nl	2012
B.L	nl	23 oktober
B.L	nl	29e regering van Israël
B.L	nl	30e regering van Israël
B.L	nl	31 maart
B.L	nl	31e regering van Israël
B.L	nl	32e regering van Israël
B.L	nl	5 juni
B.L	nl	Ariel Sharon
B.L	nl	Bakoe
B.L	nl	Benjamin Netanyahu
B.L	nl	Bethlehem
B.L	nl	Chisinau
B.L	nl	Coalitie
B.L	nl	Collaboratie
B.L	nl	De Morgen
B.L	nl	Digital Journal
B.L	nl	Directeur-generaal
B.L	nl	Economie (systeem)
B.L	nl	Ehud Olmert
B.L	nl	Haaretz
B.L	nl	Hebreeuws
B.L	nl	Hebreeuwse Universiteit van Jeruzalem
B.L	nl	Histadrut Ovdim Le'umit
B.L	nl	Internationale betrekkingen
B.L	nl	Intifada
B.L	nl	Israël
B.L	nl	Israëlische nederzetting
B.L	nl	Jeruzalem
B.L	nl	Jisrael Beeténoe
B.L	nl	Jitschak Aharonovitch
B.L	nl	Joden
B.L	nl	Joman Jisraeli
B.L	nl	Knesset
B.L	nl	Lijst van Israëlische ministers van Buitenlandse Zaken
B.L	nl	Likoed
B.L	nl	Maariv
B.L	nl	Mahmoud Abbas
B.L	nl	Minister
B.L	nl	Moldavische Socialistische Sovjetrepubliek
B.L	nl	Moldavië (land)
B.L	nl	Nachtclub
B.L	nl	Nationalisme
B.L	nl	Neoliberalisme
B.L	nl	Nokdim
B.L	nl	Oost-Jeruzalem
B.L	nl	Palestijnse Autoriteit
B.L	nl	Parlement
B.L	nl	Politicologie
B.L	nl	Politiek leider
B.L	nl	Portier (beroep)
B.L	nl	Presentator
B.L	nl	President
B.L	nl	Rechts (politiek)
B.L	nl	Redacteur
B.L	nl	Secretaris
B.L	nl	Secularisme
B.L	nl	Sovjet-Unie
B.L	nl	Stemrecht
B.L	nl	The First Post
B.L	nl	The Jerusalem Post
B.L	nl	Time (tijdschrift)
B.L	nl	Tzipi Livni
B.L	nl	Vakbond
B.L	nl	Vicepremier
B.L	nl	Westelijke Jordaanoever
B.L	nl	Wikimedia Commons
B.L	nl	Zionistisch Forum voor het Sovjet-Jodendom
B.L	nl	Overleg:Avigdor Lieberman
B.L	nl	Wikipedia:Neutraal standpunt
B.L	nl	Wikipedia:Onenigheid over de neutraliteit
B.L	nl	Portaal:Politiek
B.L	jv	15 Desember
B.L	jv	1958
B.L	jv	2012
B.L	jv	5 Juni
B.L	jv	Agricultural State University of Moldova
B.L	jv	Alma mater
B.L	jv	Ariel Sharon
B.L	jv	Artillery Corps (Israel)
B.L	jv	Avraham Shochat
B.L	jv	Basa Ibrani
B.L	jv	Basa Rusia
B.L	jv	Benjamin Netanyahu
B.L	jv	Chișinău
B.L	jv	Corporal
B.L	jv	Daftar Menteri Luar Negeri Israel
B.L	jv	Danny Ayalon
B.L	jv	Effi Eitam
B.L	jv	Ehud Olmert
B.L	jv	Energy and Water Resources Ministry
B.L	jv	Hebrew University of Jerusalem
B.L	jv	Israel
B.L	jv	Israel Defense Forces
B.L	jv	Israèl
B.L	jv	Knesset
B.L	jv	Meir Sheetrit
B.L	jv	Menteri Njaba Negeri Israel
B.L	jv	Ministry of Transport, National Infrastructure and Road Safety
B.L	jv	Moldova
B.L	jv	Soviet Union
B.L	jv	Strategic Affairs Minister of Israel
B.L	jv	Taras Shevchenko National University of Kyiv
B.L	jv	Tzachi Hanegbi
B.L	jv	Tzipi Livni
B.L	jv	Wakil Perdana Menteri Israel
B.L	jv	Yisrael Beiteinu
B.L	jv	Panganggo:Legobot
B.L	jv	Wikipedia:Diakritik
B.L	jv	Wikipedia:Gambar
B.L	jv	Wikipedia:Interwiki
B.L	jv	Wikipedia:Kategori
B.L	jv	Wikipedia:Ngrapèkaké artikel
B.L	jv	Wikipedia:Wikifikasi
B.L	jv	Cithakan:Israel-bio-stub
B.L	ko	1958년
B.L	ko	6월 5일
B.L	ko	Reuters
B.L	ko	The New York Times
B.L	ko	러시아어
B.L	ko	몰도바 소비에트 사회주의 공화국
B.L	ko	소련
B.L	ko	영어
B.L	ko	웨스트 뱅크
B.L	ko	이스라엘
B.L	ko	이스라엘 교통장관
B.L	ko	이스라엘 국가기반장관
B.L	ko	이스라엘 베이테이누
B.L	ko	이스라엘 부총리
B.L	ko	이스라엘 외무부장관
B.L	ko	이스라엘 전략사무장관
B.L	ko	이스라엘의 정치
B.L	ko	참정권
B.L	ko	충성 선서
B.L	ko	크네세트
B.L	ko	히브리어
B.L	ko	위키백과:토막글
B.L	ko	틀:토막글/그림/이스라엘
B.L	ko	틀:토막글/그림/정치인
B.L	la	1958
B.L	la	2009
B.L	la	31 Martii
B.L	la	5 Iunii
B.L	la	Biographia
B.L	la	CFA
B.L	la	Chisinau
B.L	la	Condoleezza Rice
B.L	la	Hebraice
B.L	la	Israel
B.L	la	Moldavia
B.L	la	Yisrael Beiteinu
B.L	la	Vicipaedia:Stipulae
B.L	id	15 Desember
B.L	id	1958
B.L	id	2012
B.L	id	5 Juni
B.L	id	Agricultural State University of Moldova
B.L	id	Alma mater
B.L	id	Ariel Sharon
B.L	id	Artillery Corps (Israel)
B.L	id	Avraham Shochat
B.L	id	Bahasa Ibrani
B.L	id	Bahasa Rusia
B.L	id	Benjamin Netanyahu
B.L	id	Biografi
B.L	id	Chișinău
B.L	id	Corporal
B.L	id	Daftar Menteri Luar Negeri Israel
B.L	id	Danny Ayalon
B.L	id	Effi Eitam
B.L	id	Ehud Olmert
B.L	id	Energy and Water Resources Ministry
B.L	id	Hebrew University of Jerusalem
B.L	id	Israel
B.L	id	Israel Defense Forces
B.L	id	Knesset
B.L	id	Meir Sheetrit
B.L	id	Menteri Luar Negeri Israel
B.L	id	Ministry of Transport, National Infrastructure and Road Safety
B.L	id	Moldova
B.L	id	Soviet Union
B.L	id	Strategic Affairs Minister of Israel
B.L	id	Taras Shevchenko National University of Kyiv
B.L	id	Tzachi Hanegbi
B.L	id	Tzipi Livni
B.L	id	Wakil Perdana Menteri Israel
B.L	id	Yisrael Beiteinu
B.L	id	Wikipedia:Memainkan berkas media
B.L	id	Wikipedia:Rintisan
B.L	id	Berkas:Avigdor lieberman.ogg
B.L	it	11 dicembre
B.L	it	15 dicembre
B.L	it	16 gennaio
B.L	it	1940
B.L	it	1958
B.L	it	1978
B.L	it	1993
B.L	it	1996
B.L	it	1997
B.L	it	1999
B.L	it	2002
B.L	it	2004
B.L	it	2006
B.L	it	2008
B.L	it	23 ottobre
B.L	it	27 novembre
B.L	it	2 agosto
B.L	it	4 giugno
B.L	it	5 giugno
B.L	it	Aeroporto di Tel Aviv
B.L	it	Agence France-Presse
B.L	it	Agronomia
B.L	it	Aliyah
B.L	it	Ariel Sharon
B.L	it	Armata Rossa
B.L	it	Artiglieria
B.L	it	Azerbaigian
B.L	it	Baku
B.L	it	Benjamin Netanyahu
B.L	it	Bessarabia
B.L	it	Betar
B.L	it	Cecenia
B.L	it	Chișinău
B.L	it	Cipro
B.L	it	Cisgiordania
B.L	it	Colonia (insediamento)
B.L	it	Condoleezza Rice
B.L	it	Conferenza di Annapolis
B.L	it	Corruzione
B.L	it	Destra (politica)
B.L	it	Ebraica
B.L	it	Egitto
B.L	it	Ehud Barak
B.L	it	Ehud Olmert
B.L	it	Elezioni legislative israeliane del 2006
B.L	it	Elezioni legislative israeliane del 2009
B.L	it	Fondamentalismo islamico
B.L	it	Gaza
B.L	it	Giappone
B.L	it	Haaretz
B.L	it	Hamas
B.L	it	Iran
B.L	it	Israel Beytenu
B.L	it	Israele
B.L	it	Kadima
B.L	it	Kahanismo
B.L	it	Knesset
B.L	it	Le Monde
B.L	it	Library of Congress Control Number
B.L	it	Likud
B.L	it	Lingua ebraica
B.L	it	Lingua inglese
B.L	it	Lingua rumena
B.L	it	Lingua russa
B.L	it	Mahmud Ahmadinejad
B.L	it	Meir Kahane
B.L	it	Moldavia
B.L	it	Operazione Piombo fuso
B.L	it	Partito Laburista (Israele)
B.L	it	Piano di disimpegno unilaterale israeliano
B.L	it	Politico
B.L	it	Polizia
B.L	it	Primo ministro
B.L	it	Processo di Norimberga
B.L	it	Romania
B.L	it	Scienze Politiche
B.L	it	Seconda Intifada
B.L	it	Seconda guerra mondiale
B.L	it	Servizio militare
B.L	it	Siberia
B.L	it	Sionista
B.L	it	Sovietiche
B.L	it	Striscia di Gaza
B.L	it	Tedeschi
B.L	it	Territori occupati
B.L	it	Terrorismo
B.L	it	The Jerusalem Post
B.L	it	Tsahal
B.L	it	Unione Sovietica
B.L	it	Università ebraica di Gerusalemme
B.L	it	Virtual International Authority File
B.L	it	Vladimir Putin
B.L	it	Yisrael Beytenu
B.L	it	Yosef Dayan
B.L	it	File:Stub .png
B.L	it	File:Stub politici israeliani.png
B.L	it	Template:Francese
B.L	it	Aiuto:Abbozzo
B.L	it	Aiuto:Controllo di autorità
B.L	it	Aiuto:Manuale di stile
B.L	it	Aiuto:Unicode
B.L	it	Categoria:Nati a Chișinău
B.L	it	Categoria:Nati il 5 giugno
B.L	it	Categoria:Nati nel 1958
B.L	it	Categoria:Politici israeliani del XXI secolo
B.L	it	Categoria:Politici israeliani del XX secolo
B.L	it	Categoria:Stub - politici israeliani
B.L	it	Portale:Biografie
B.L	it	Portale:Biografie/icona
B.L	it	Portale:Politica
B.L	it	Portale:Politica/icona
B.L	it	Progetto:Politici israeliani
B.L	io	1958
B.L	io	5 di junio
B.L	io	Israel
B.L	io	Israel Beitenu
B.L	io	Moldova
B.L	ja	12月26日
B.L	ja	12月27日
B.L	ja	1958年
B.L	ja	1978年
B.L	ja	1999年
B.L	ja	1月5日
B.L	ja	2001年
B.L	ja	2003年
B.L	ja	2005年
B.L	ja	2006年
B.L	ja	2007年
B.L	ja	2008年
B.L	ja	2009年
B.L	ja	2010年
B.L	ja	2011年
B.L	ja	2013年
B.L	ja	2016年
B.L	ja	2月3日
B.L	ja	3月31日
B.L	ja	4月1日
B.L	ja	5月31日
B.L	ja	6月5日
B.L	ja	CM
B.L	ja	アナポリス (メリーランド州)
B.L	ja	アメリカ合衆国
B.L	ja	アラブ
B.L	ja	アリエル・シャロン
B.L	ja	イスラエル
B.L	ja	イスラエル我が家
B.L	ja	イランの核開発問題
B.L	ja	エジプト
B.L	ja	エフード・オルメルト
B.L	ja	エルサレム・ポスト
B.L	ja	カハ
B.L	ja	カハネ主義
B.L	ja	ガザ
B.L	ja	ガザ地区等撤退
B.L	ja	ガザ紛争 (2008年-2009年)
B.L	ja	キシニョフ
B.L	ja	クネセト
B.L	ja	シナイ半島
B.L	ja	ジャクソン＝バニク修正条項
B.L	ja	ソビエト連邦
B.L	ja	タレブ・エル・サナ
B.L	ja	ツィッピー・リヴニ
B.L	ja	テル・アヴィヴ
B.L	ja	テロリスト
B.L	ja	ハアレツ
B.L	ja	ハマース
B.L	ja	バラク・オバマ
B.L	ja	バル＝イラン大学
B.L	ja	パレスチナ
B.L	ja	パレスチナ自治政府
B.L	ja	ファシスト
B.L	ja	ヘブライ大学
B.L	ja	ヘブライ語
B.L	ja	ベニー・エロン
B.L	ja	ベンヤミン・ネタニヤフ
B.L	ja	ボイコット
B.L	ja	メイル・カハネ
B.L	ja	モルダビア・ソビエト社会主義共和国
B.L	ja	モルドバ
B.L	ja	モルドヴァ
B.L	ja	ヤーセル・アラファト
B.L	ja	ユダヤ人
B.L	ja	ヨルダン
B.L	ja	ヨルダン川西岸
B.L	ja	ラビ
B.L	ja	リクード
B.L	ja	ルーマニア語
B.L	ja	レイシスト
B.L	ja	ロイター
B.L	ja	ロシア
B.L	ja	ロシア語
B.L	ja	人
B.L	ja	住民
B.L	ja	共同通信社
B.L	ja	副首相
B.L	ja	原子爆弾
B.L	ja	収賄
B.L	ja	国家
B.L	ja	国家統一党
B.L	ja	国際関係学
B.L	ja	土地
B.L	ja	外務大臣
B.L	ja	大イスラエル
B.L	ja	広報
B.L	ja	広島市への原子爆弾投下
B.L	ja	承認
B.L	ja	政党
B.L	ja	政治学
B.L	ja	日本
B.L	ja	旧約聖書
B.L	ja	朝日新聞
B.L	ja	朝鮮民主主義人民共和国
B.L	ja	核兵器
B.L	ja	極右
B.L	ja	民主主義
B.L	ja	民族主義
B.L	ja	産経新聞
B.L	ja	第二次世界大戦
B.L	ja	約束の地
B.L	ja	統一会派
B.L	ja	英語
B.L	ja	譲渡
B.L	ja	資金洗浄
B.L	ja	連立政権
B.L	ja	運輸大臣
B.L	ja	長崎市への原子爆弾投下
B.L	ja	Template:政治家
B.L	vi	Benjamin Netanyahu
B.L	vi	Hoa Kỳ
B.L	vi	Israel
B.L	vi	Israel Beytenou
B.L	vi	Knesset
B.L	vi	Palestine
B.L	vi	Tiếng Hebrew
B.L	vi	Tiếng Nga
B.L	vi	Ả Rập
B.L	uk	10 лютого
B.L	uk	16 березня
B.L	uk	17 травня
B.L	uk	1958
B.L	uk	1978
B.L	uk	1986
B.L	uk	1993
B.L	uk	1999
B.L	uk	2001
B.L	uk	2002
B.L	uk	2003
B.L	uk	2004
B.L	uk	2006
B.L	uk	2007
B.L	uk	2009
B.L	uk	28 березня
B.L	uk	28 лютого
B.L	uk	31 травня
B.L	uk	5 липня
B.L	uk	6 червня
B.L	uk	Єврей
B.L	uk	Єрусалим
B.L	uk	Єрусалимська економічна компанія
B.L	uk	Єрусалимський університет
B.L	uk	Іврит
B.L	uk	Ізраїль
B.L	uk	Іудаїзм
B.L	uk	Аеропорт імені Бен-Гуріона
B.L	uk	Армія оборони Ізраїля
B.L	uk	Аріель Шарон
B.L	uk	Біньямін Нетаньягу
B.L	uk	Егуд Ольмерт
B.L	uk	Кишинів
B.L	uk	Кишинівський сільськогосподарський інстітут
B.L	uk	Кнесет
B.L	uk	Кнессет
B.L	uk	Ліберман
B.L	uk	Лікуд
B.L	uk	Молдавська РСР
B.L	uk	Молдова
B.L	uk	Молодший сержант
B.L	uk	Наш Дім — Ізраїль
B.L	uk	Наш дім — Ізраїль
B.L	uk	Парламент
B.L	uk	СРСР
B.L	uk	Сектор Газа
B.L	uk	Ципі Лівні
B.L	uk	Вікіпедія:Як редагувати статтю
B.L	tr	14 Aralık
B.L	tr	16 Ocak
B.L	tr	1958
B.L	tr	1 Nisan
B.L	tr	2006
B.L	tr	2008
B.L	tr	2009
B.L	tr	2012
B.L	tr	30 Ekim
B.L	tr	Afu Agbaria
B.L	tr	Ahmad Tibi
B.L	tr	Alex Miller (Israeli politician)
B.L	tr	Amir Peretz
B.L	tr	Amnon Cohen
B.L	tr	Anastasia Michaeli
B.L	tr	Ariel Atias
B.L	tr	Ariel Şaron
B.L	tr	Aryeh Bibi
B.L	tr	Aryeh Eldad
B.L	tr	Atom bombası
B.L	tr	Avi Dichter
B.L	tr	Avishay Braverman
B.L	tr	Avraham Michaeli
B.L	tr	Ayoob Kara
B.L	tr	Ayrılık (dizi)
B.L	tr	Balad (siyasi parti)
B.L	tr	Benjamin Netanyahu
B.L	tr	Benny Begin
B.L	tr	Benyamin Netanyahu
B.L	tr	Binyamin Ben-Eliezer
B.L	tr	Cemal Zahalka
B.L	tr	Dalia Itzik
B.L	tr	Dan Meridor
B.L	tr	Daniel Ben-Simon
B.L	tr	Daniel Hershkowitz
B.L	tr	Danny Ayalon
B.L	tr	Danny Danon
B.L	tr	David Azulai
B.L	tr	David Rotem
B.L	tr	Dov Khenin
B.L	tr	Ehud Barak
B.L	tr	Ehud Olmert
B.L	tr	Einat Wilf
B.L	tr	Eitan Cabel
B.L	tr	Eli Aflalo
B.L	tr	Eli Yishai
B.L	tr	Eliezer Moses
B.L	tr	Emil Amsalem
B.L	tr	Faina Kirschenbaum
B.L	tr	Gazze Savaşı
B.L	tr	Gideon Ezra
B.L	tr	Gideon Sa'ar
B.L	tr	Gila Gamliel
B.L	tr	Gilad Erdan
B.L	tr	Hadash
B.L	tr	Haim Katz
B.L	tr	Haim Oron
B.L	tr	Hamad Amar
B.L	tr	Hana Sweid
B.L	tr	Hanin Zuabi
B.L	tr	Ibrahim Sarsur
B.L	tr	Ilan Gilon
B.L	tr	Isaac Herzog
B.L	tr	Israeli Labor Party
B.L	tr	Kadima
B.L	tr	Karmel Shama
B.L	tr	Kişinev
B.L	tr	Knesset
B.L	tr	Lea Nass
B.L	tr	Lia Shemtov
B.L	tr	Likud
B.L	tr	Limor Livnat
B.L	tr	Majalli Wahabi
B.L	tr	Marina Solodkin
B.L	tr	Masud Ghnaim
B.L	tr	Matan Vilnai
B.L	tr	Meir Porush
B.L	tr	Meir Sheetrit
B.L	tr	Meshulam Nahari
B.L	tr	Michael Ben-Ari
B.L	tr	Michael Eitan
B.L	tr	Miri Regev
B.L	tr	Mohammad Barakeh
B.L	tr	Moshe Gafni
B.L	tr	Moshe Kahlon
B.L	tr	Moshe Matalon
B.L	tr	Moshe Ya'alon
B.L	tr	Musevilik
B.L	tr	Nahman Shai
B.L	tr	National Union (Israel)
B.L	tr	New Movement-Meretz
B.L	tr	Nissim Ze'ev
B.L	tr	Nitzan Horowitz
B.L	tr	Ofir Akunis
B.L	tr	Orit Noked
B.L	tr	Orit Zuaretz
B.L	tr	Orly Levy
B.L	tr	Otniel Schneller
B.L	tr	Rachel Adato
B.L	tr	Raleb Majadele
B.L	tr	Reuven Rivlin
B.L	tr	Robert Ilatov
B.L	tr	Robert Tiviaev
B.L	tr	Roni Bar-On
B.L	tr	Ronit Tirosh
B.L	tr	Ruhama Avraham
B.L	tr	Said Nafa
B.L	tr	Shai Hermesh
B.L	tr	Shalom Simhon
B.L	tr	Shas
B.L	tr	Shelly Yachimovich
B.L	tr	Shlomo Molla
B.L	tr	Silvan Shalom
B.L	tr	Silvan Şalom
B.L	tr	Sofa Landver
B.L	tr	Sovyet Sosyalist Cumhuriyetler Birliği
B.L	tr	Stas Misezhnikov
B.L	tr	TRT
B.L	tr	Ta'al
B.L	tr	Taleb el-Sana
B.L	tr	The Jewish Home
B.L	tr	Tzachi Hanegbi
B.L	tr	Tzipi Hotovely
B.L	tr	Tzipi Livni
B.L	tr	Türkçe
B.L	tr	United Arab liste
B.L	tr	United Torah Judaism
B.L	tr	Uri Ariel
B.L	tr	Uri Maklev
B.L	tr	Uri Orbakh
B.L	tr	Uzi Landau
B.L	tr	Ya'akov Katz (politician born 1951)
B.L	tr	Ya'akov Margi
B.L	tr	Yaakov Edri
B.L	tr	Yaakov Litzman
B.L	tr	Yariv Levin
B.L	tr	Yisrael Beiteinu
B.L	tr	Yisrael Beytenu
B.L	tr	Yisrael Hasson
B.L	tr	Yisrael Katz (politician born 1955)
B.L	tr	Yitzhak Aharonovich
B.L	tr	Yitzhak Cohen
B.L	tr	Yitzhak Vaknin
B.L	tr	Yoel Hasson
B.L	tr	Yohanan Plesner
B.L	tr	Yossi Peled
B.L	tr	Yuli-Yoel Edelstein
B.L	tr	Yulia Shamalov-Berkovich
B.L	tr	Yuval Steinitz
B.L	tr	Ze'ev Bielski
B.L	tr	Ze'ev Boim
B.L	tr	Ze'ev Elkin
B.L	tr	Zevulun Orlev
B.L	tr	Zion Pinyan
B.L	tr	İbrani Üniversitesi
B.L	tr	İsrail
B.L	tr	İsrail Evimiz Partisi
B.L	tr	İsrail kabinesi
B.L	tr	Şaul Mofaz
B.L	tr	Şablon:Mevcut MK
B.L	tr	Şablon tartışma:Mevcut MK
B.L	sv	1958
B.L	sv	5 juni
B.L	sv	Chisinau
B.L	sv	EU
B.L	sv	Engelska
B.L	sv	Hamas
B.L	sv	Hebreiska
B.L	sv	Hebreiska Universitetet
B.L	sv	Israel
B.L	sv	Jerusalem
B.L	sv	Knesset
B.L	sv	Likud
B.L	sv	Moldavien
B.L	sv	NATO
B.L	sv	Rumänska
B.L	sv	Ryska
B.L	sv	Yisrael Beiteinu
B.L	sv	Yisrael Beytenu
B.L	sh	1958
B.L	sh	5. jun
B.L	sh	Alma mater
B.L	sh	Ariel Sharon
B.L	sh	Artiljerijski zbor (Izrael)
B.L	sh	Avraham Shochat
B.L	sh	Benjamin Netanyahu
B.L	sh	Chișinău
B.L	sh	Danny Ayalon
B.L	sh	Effi Eitam
B.L	sh	Ehud Olmert
B.L	sh	Hebrejski jezik
B.L	sh	Hebrejski univerzitet u Jeruzalemu
B.L	sh	Inkumbent
B.L	sh	Izrael
B.L	sh	Izraelska vlada
B.L	sh	Izraelske obrambene snage
B.L	sh	Izraelski Jevreji
B.L	sh	Joshua Hammer
B.L	sh	Kaplar
B.L	sh	Kneset
B.L	sh	Meir Sheetrit
B.L	sh	Ministar energije i vodnih resursa
B.L	sh	Ministar nacionalne infrastrukture Izraela
B.L	sh	Ministar strateških poslova Izraela
B.L	sh	Ministar transporta Izraela
B.L	sh	Ministar vanjskih poslova Izraela
B.L	sh	Ministarstvo energije i vodnih resursa
B.L	sh	Ministarstvo transporta, nacionalne infrastrukture i bezbjednosti puteva
B.L	sh	Ministrarstvo transporta, nacionalne infrastrukture i bezbjednosti puteva
B.L	sh	Moldavska SSSR
B.L	sh	Moldova
B.L	sh	Nacionalni univerzitet Taras Ševčenko u Kijevu
B.L	sh	Poljoprivredni državni univerzitet Moldove
B.L	sh	Ruski jezik
B.L	sh	SSSR
B.L	sh	Sovjetski Savet
B.L	sh	The New York Review of Books
B.L	sh	Tzachi Hanegbi
B.L	sh	Tzipi Livni
B.L	sh	WorldCat
B.L	sh	Yisrael Beiteinu
B.L	sh	Zamjenici vođa Izraela
B.L	sh	Wikipedia:Media help
B.L	sh	Datoteka:Avigdor lieberman.ogg
B.L	ru	10 февраля
B.L	ru	14 марта
B.L	ru	17 мая
B.L	ru	18 декабря
B.L	ru	1942 год
B.L	ru	1948
B.L	ru	1949 год
B.L	ru	1950
B.L	ru	1951
B.L	ru	1952
B.L	ru	1953
B.L	ru	1953 год
B.L	ru	1955
B.L	ru	1955 год
B.L	ru	1956
B.L	ru	1958
B.L	ru	1958 год
B.L	ru	1959
B.L	ru	1962
B.L	ru	1965
B.L	ru	1966
B.L	ru	1969
B.L	ru	1970
B.L	ru	1974
B.L	ru	1977
B.L	ru	1978
B.L	ru	1978 год
B.L	ru	1979
B.L	ru	1980
B.L	ru	1981
B.L	ru	1982
B.L	ru	1984
B.L	ru	1986
B.L	ru	1986 год
B.L	ru	1988
B.L	ru	1990
B.L	ru	1990-е
B.L	ru	1992
B.L	ru	1993
B.L	ru	1993 год
B.L	ru	1995
B.L	ru	1996
B.L	ru	1996 год
B.L	ru	1997 год
B.L	ru	1998
B.L	ru	1998 год
B.L	ru	1999
B.L	ru	1999 год
B.L	ru	2000
B.L	ru	2001
B.L	ru	2001 год
B.L	ru	2002
B.L	ru	2002 год
B.L	ru	2003
B.L	ru	2003 год
B.L	ru	2004
B.L	ru	2004 год
B.L	ru	2005
B.L	ru	2006
B.L	ru	2006 год
B.L	ru	2007 год
B.L	ru	2008
B.L	ru	2008 год
B.L	ru	2009
B.L	ru	2009 год
B.L	ru	2011 год
B.L	ru	2012
B.L	ru	2012 год
B.L	ru	2013
B.L	ru	24 сентября
B.L	ru	28 марта
B.L	ru	28 февраля
B.L	ru	31 марта
B.L	ru	5 июля
B.L	ru	5 июня
B.L	ru	6 июня
B.L	ru	7 марта
B.L	ru	Al-Jazeera English
B.L	ru	Der Speigel
B.L	ru	Der Spiegel
B.L	ru	Haaretz
B.L	ru	Los Angeles Times
B.L	ru	Newsru.co.il
B.L	ru	Newsweek
B.L	ru	The Forward
B.L	ru	The Guardian
B.L	ru	The Washington Post
B.L	ru	YNet news
B.L	ru	Zman.com
B.L	ru	Ааронович, Ицхак
B.L	ru	Ави Ворцман
B.L	ru	Авода
B.L	ru	Авраам Шохат
B.L	ru	Австрия
B.L	ru	Агбария, Афу
B.L	ru	Ади Коль
B.L	ru	Аелет Шакед
B.L	ru	Азулай, Давид
B.L	ru	Акунис, Офир
B.L	ru	Алон, Игаль
B.L	ru	Амит, Меир
B.L	ru	Аран, Зальман
B.L	ru	Аренс, Моше
B.L	ru	Армия обороны Израиля
B.L	ru	Арье Дери
B.L	ru	Арэль Маргалит
B.L	ru	Ас-Сана, Талеб
B.L	ru	Атиас, Ариэль
B.L	ru	Аэропорт имени Бен-Гуриона
B.L	ru	Балад (партия)
B.L	ru	Бар-Йехуда, Исраэль
B.L	ru	Бар-Он, Рони
B.L	ru	Барак, Эхуд
B.L	ru	Бараке, Мухаммед
B.L	ru	Басель Джатэс
B.L	ru	Бегин, Менахем
B.L	ru	Белоруссия
B.L	ru	Бен-Ами, Шломо
B.L	ru	Бен-Арье, Зеэв
B.L	ru	Бен-Ахарон, Ицхак
B.L	ru	Бен-Гурион, Давид
B.L	ru	Бен-Элиэзер, Биньямин
B.L	ru	Бен-Элиягу, Эйтан
B.L	ru	Беннет, Нафтали
B.L	ru	Берман, Ицхак
B.L	ru	Боаз Топоровский
B.L	ru	Браверман, Авишай
B.L	ru	Вакнин, Ицхак
B.L	ru	Ванштейн, Иегуда
B.L	ru	Вашингтон Пост
B.L	ru	Вейцман, Эзер
B.L	ru	Великая Отечественная война
B.L	ru	Верховный суд Израиля
B.L	ru	Викисклад
B.L	ru	Владимир Жириновский
B.L	ru	Га-Арец
B.L	ru	Гальон, Захава
B.L	ru	Гамлиэль, Гила
B.L	ru	Ганаим, Масуд
B.L	ru	Гардиан
B.L	ru	Гафни, Моше
B.L	ru	Герцог, Ицхак
B.L	ru	Гилаон, Илан
B.L	ru	Горовиц, Нисан
B.L	ru	Давид-Цви Пинкас
B.L	ru	Данон, Дани
B.L	ru	Даян, Моше
B.L	ru	Дов Йосеф
B.L	ru	Дов Липман
B.L	ru	Евгений Примаков
B.L	ru	Еврейские поселения
B.L	ru	Еврейский дом
B.L	ru	Едиот Ахронот
B.L	ru	Зандберг, Элиэзер
B.L	ru	Захалка, Джамаль
B.L	ru	Звулун Калефа
B.L	ru	Зеэв, Нисим
B.L	ru	Зеэви, Рехаваам
B.L	ru	Зоаби, Ханин
B.L	ru	Иврит
B.L	ru	Иерусалим
B.L	ru	Иерусалимская экономическая компания
B.L	ru	Иерусалимский университет
B.L	ru	Израиль
B.L	ru	Израильский план одностороннего размежевания
B.L	ru	Илатов, Роберт
B.L	ru	Иссауи Фаридж
B.L	ru	Иудаизм
B.L	ru	Иудейская пустыня
B.L	ru	Ихуд Леуми
B.L	ru	Ицик Шмули
B.L	ru	Ишай, Эли
B.L	ru	Йеш Атид
B.L	ru	Йифат Карив
B.L	ru	Йони Шатабун
B.L	ru	Йосеф Серлин
B.L	ru	Йоэль Развозов
B.L	ru	Кабель, Эйтан
B.L	ru	Кадима
B.L	ru	Карин Эльхарер
B.L	ru	Кармель, Моше
B.L	ru	Кац, Исраэль
B.L	ru	Кац, Хаим
B.L	ru	Кацав, Моше
B.L	ru	Кессар, Исраэль
B.L	ru	Киршенбаум, Фаина
B.L	ru	Кишинёв
B.L	ru	Кишинёвский сельскохозяйственный институт
B.L	ru	Кнессет
B.L	ru	Кнессет 19-го созыва
B.L	ru	Коллаборационизм во Второй мировой войне
B.L	ru	Корфо, Хаим
B.L	ru	Коэн, Амнон
B.L	ru	Коэн, Ицхак
B.L	ru	Ландау, Узи
B.L	ru	Ландау, Хаим
B.L	ru	Ландвер, Софа
B.L	ru	Ле Пен, Жан-Мари
B.L	ru	Леви, Давид
B.L	ru	Леви, Ицхак
B.L	ru	Леви-Абукасис, Орли
B.L	ru	Левин, Ярив
B.L	ru	Левые (политика)
B.L	ru	Лентапедия
B.L	ru	Ливнат, Лимор
B.L	ru	Ливни, Ципи
B.L	ru	Ликуд
B.L	ru	Ликуд - Наш дом Израиль
B.L	ru	Липкин-Шахак, Амнон
B.L	ru	Лифлет
B.L	ru	Лицман, Яаков
B.L	ru	Мазуз, Менахем
B.L	ru	Маклев, Ури
B.L	ru	Марги, Яаков
B.L	ru	Мартин Перец
B.L	ru	Меир, Голда
B.L	ru	Меир Коэн
B.L	ru	Меир Шитрит
B.L	ru	Мерав Михаэли
B.L	ru	Мерец
B.L	ru	Мики Леви
B.L	ru	Мики Розенталь
B.L	ru	Министерство стратегического планирования Израиля
B.L	ru	Министерство транспорта Израиля
B.L	ru	Министерство энергетики и водоснабжения Израиля
B.L	ru	Министр иностранных дел Израиля
B.L	ru	Михаль Биран
B.L	ru	Михаль Розин
B.L	ru	Михаэли, Авраам
B.L	ru	Мицна, Амрам
B.L	ru	Младший сержант
B.L	ru	Модаи, Ицхак
B.L	ru	Мозес, Элиэзер
B.L	ru	Молдавская ССР
B.L	ru	Мордехай, Ицхак
B.L	ru	Моссад
B.L	ru	Моти Йогев
B.L	ru	Мофаз, Шауль
B.L	ru	Моше Мизрахи
B.L	ru	Нахари, Мешулам
B.L	ru	Нахман Шай
B.L	ru	Наш дом Израиль
B.L	ru	Наш дом — Израиль
B.L	ru	Нетаньяху, Биньямин
B.L	ru	Неэман, Юваль
B.L	ru	Нисан Сломианский
B.L	ru	Новая Республика
B.L	ru	Нокдим
B.L	ru	Ольмерт, Эхуд
B.L	ru	Омер Бар-Лев
B.L	ru	Оргеев
B.L	ru	Орит Струк
B.L	ru	Офер Шелах
B.L	ru	Парицки, Йосеф
B.L	ru	Перес, Шимон
B.L	ru	Перец, Амир
B.L	ru	Пнина Таману—Шата
B.L	ru	Поруш, Меир
B.L	ru	Премьер-министр Израиля
B.L	ru	РААМ
B.L	ru	РААМ-ТААЛ
B.L	ru	Рав-турай
B.L	ru	Регев, Мири
B.L	ru	Ремез, Моше Давид
B.L	ru	Реформистский иудаизм
B.L	ru	Ривлин, Реувен
B.L	ru	Рина Френкель
B.L	ru	Ронен Хофман
B.L	ru	Ротем, Давид
B.L	ru	Рубинштейн, Амнон
B.L	ru	Рубинштейн, Эльяким
B.L	ru	Русский язык
B.L	ru	Рут Кальдерон
B.L	ru	СССР
B.L	ru	Саар, Гидеон
B.L	ru	Сапир, Йосеф
B.L	ru	Свейд, Хана
B.L	ru	Свиса, Элияху
B.L	ru	Сегев, Гонен
B.L	ru	Сибирь
B.L	ru	Снэ, Эфраим
B.L	ru	Став Шафир
B.L	ru	Судеты
B.L	ru	Тааль
B.L	ru	Тайшет
B.L	ru	Тамар Зандберг
B.L	ru	Текоа
B.L	ru	Тиби, Ахмед
B.L	ru	Тридцать второе правительство Израиля
B.L	ru	Ури Ариэль
B.L	ru	Ури Орбах
B.L	ru	Фейглин, Моше
B.L	ru	Ха-Тнуа
B.L	ru	Хадаш
B.L	ru	Хайдер, Йорг
B.L	ru	Хамад Ам'ар
B.L	ru	Ханегби, Цахи
B.L	ru	Ханин, Дов
B.L	ru	Хасон, Исраэль
B.L	ru	Хотовели, Ципи
B.L	ru	Царцур, Ибрагим
B.L	ru	Цахи Ханегби
B.L	ru	Ципи Ливни
B.L	ru	Цур, Давид
B.L	ru	Черной, Михаил Семёнович
B.L	ru	ШАС
B.L	ru	Шай Пирон
B.L	ru	Шалом, Сильван
B.L	ru	Шамир, Ицхак
B.L	ru	Шамир, Яир
B.L	ru	Шарет, Моше
B.L	ru	Шарон, Ариэль
B.L	ru	Шахаль, Моше
B.L	ru	Шекель
B.L	ru	Шимон Охайон
B.L	ru	Шимон Соломон
B.L	ru	Шитрит, Меир
B.L	ru	Шохат, Авраам
B.L	ru	Штайниц, Юваль
B.L	ru	Шули Муалем
B.L	ru	Эвен, Абба
B.L	ru	Эдельштейн, Йоэль
B.L	ru	Эйтам, Эфи
B.L	ru	Эйхлер, Исраэль
B.L	ru	Эли Бен-Даган
B.L	ru	Элиза Лави
B.L	ru	Элиэзер Штерн
B.L	ru	Элькин, Зеэв
B.L	ru	Эрдан, Гилад
B.L	ru	Эффи Эйтам
B.L	ru	Эхо Москвы
B.L	ru	Юридический советник правительства Израиля
B.L	ru	Яакоби, Гади
B.L	ru	Яаков Пери
B.L	ru	Яалон, Моше
B.L	ru	Яир Лапид
B.L	ru	Яков Эшер
B.L	ru	Ярив, Ахарон
B.L	ru	Яффе, Эрик
B.L	ru	Яхадут ха-Тора
B.L	ru	Яхалом, Шауль
B.L	ru	Яхимович, Шели
B.L	ru	Яхиэль Бар
B.L	ru	Яэль Герман
B.L	ru	Википедия:Авторитетные источники
B.L	ru	Шаблон:Ref-en
B.L	ru	Шаблон:Действующие депутаты кнессета
B.L	ru	Шаблон:Министры иностранных дел Израиля
B.L	ru	Шаблон:Министры стратегического планирования Израиля
B.L	ru	Шаблон:Министры транспорта Израиля
B.L	ru	Шаблон:Министры энергетики и водоснабжения Израиля
B.L	ru	Шаблон:Цвет/Израиль
B.L	ro	1958
B.L	ro	1978
B.L	ro	1983
B.L	ro	1988
B.L	ro	1993
B.L	ro	1996
B.L	ro	1999
B.L	ro	2001
B.L	ro	2002
B.L	ro	2003
B.L	ro	2004
B.L	ro	21 septembrie
B.L	ro	30 mai
B.L	ro	4 iunie
B.L	ro	5 iunie
B.L	ro	Agronomie
B.L	ro	Al doilea război mondial
B.L	ro	Ariel Sharon
B.L	ro	Azerbaidjan
B.L	ro	Baku
B.L	ro	Basarabia
B.L	ro	Chișinău
B.L	ro	Cisiordania
B.L	ro	Druzi
B.L	ro	Ehud Olmert
B.L	ro	Germania nazistă
B.L	ro	Ierusalim
B.L	ro	Intifada
B.L	ro	Iordan
B.L	ro	Iordania
B.L	ro	Iran
B.L	ro	Israel
B.L	ro	Iudeea
B.L	ro	Jerusalem Post
B.L	ro	Limba ebraică
B.L	ro	Limba engleză
B.L	ro	Limba rusă
B.L	ro	Listă de politicieni israelieni de origine română
B.L	ro	Nokdim
B.L	ro	Om politic
B.L	ro	Procesele de la Nürnberg
B.L	ro	Procesul de la Nürnberg
B.L	ro	Republica Moldova
B.L	ro	Republica Sovietică Socialistă Moldovenească
B.L	ro	Român
B.L	ro	Română
B.L	ro	Siberia
B.L	ro	Sionism
B.L	ro	Ultimatum
B.L	ro	Uniunea Republicilor Sovietice Socialiste
B.L	ro	Vladimir Voronin
B.L	pt	1958
B.L	pt	1999
B.L	pt	2001
B.L	pt	2003
B.L	pt	2009
B.L	pt	5 de junho
B.L	pt	Ariel Sharon
B.L	pt	Benjamin Netanyahu
B.L	pt	Cidadania
B.L	pt	Ciência Política
B.L	pt	Conferência de Annapolis
B.L	pt	Direita política
B.L	pt	Ehud Olmert
B.L	pt	Eleições legislativas em Israel em 2009
B.L	pt	Estado Palestino
B.L	pt	Exército Vermelho
B.L	pt	Exército de Israel
B.L	pt	Gulag
B.L	pt	Gush Shalom
B.L	pt	Israel
B.L	pt	Kishinev
B.L	pt	Knesset
B.L	pt	Likud
B.L	pt	Língua hebraica
B.L	pt	Língua inglesa
B.L	pt	Língua russa
B.L	pt	Ministério das Relações Exteriores (Israel)
B.L	pt	Ministério das Relações Exteriores de Israel
B.L	pt	Natan Sharansky
B.L	pt	ONU
B.L	pt	Político
B.L	pt	Primeiro-ministro de Israel
B.L	pt	Retirada Israelita da Faixa de Gaza
B.L	pt	Transliteração
B.L	pt	Tzipi Livni
B.L	pt	Ultradireita
B.L	pt	Universidade Hebraica de Jerusalém
B.L	pt	União Soviética
B.L	pt	Uri Avnery
B.L	pt	Yisrael BaAliyah
B.L	pt	Yisrael Beitenu
B.L	pt	Árabes israelenses
B.L	pt	Ficheiro:Avigdor lieberman.ogg
B.L	pt	Predefinição:Info/Político
B.L	pt	Ajuda:Guia de consulta e reprodução/reproduzindo Ogg
B.L	zh	1958年
B.L	zh	以色列
B.L	zh	以色列副总理
B.L	zh	以色列國會
B.L	zh	以色列基础建设部
B.L	zh	以色列外交部长
B.L	zh	以色列我们的家园
B.L	zh	以色列战略部
B.L	zh	前苏联
B.L	zh	基什尼奥夫
B.L	zh	基希讷乌
B.L	zh	希伯来语
B.L	zh	摩尔多瓦
B.L	zh	Category:含有希伯來語的條目
B.L	yi	1958
B.L	yi	3טן יאנואר
B.L	yi	5טן יוני
B.L	yi	אהוד אלמערט
B.L	yi	בנימין נתניהו
B.L	yi	הארץ
B.L	yi	הויפט
B.L	yi	וויצע פּרעמיער-מיניסטער
B.L	yi	חבר הכנסת
B.L	yi	ישראל ביתינו
B.L	yi	כ"ך
B.L	yi	כנסת דעפוטאט
B.L	yi	מאלדאווע
B.L	yi	מיטגליד
B.L	yi	מיטל מזרח קאנפליקט
B.L	yi	מיניסטער
B.L	yi	סאוועטן פארבאנד
B.L	yi	עליה
B.L	yi	עקסטרעם
B.L	yi	פאליטיק
B.L	yi	פאליסטינער
B.L	yi	פארטיי
B.L	yi	פרעמיער מיניסטער פון ישראל
B.L	yi	רעכט
CN	en	Avigdor_Lieberman
IWL	fi	Avigdor Lieberman
IWL	fr	Avigdor Liberman
IWL	he	אביגדור ליברמן
IWL	de	Avigdor Lieberman
IWL	fa	آویگدور لیبرمن
IWL	eo	Avigdor Lieberman
IWL	et	Avigdor Lieberman
IWL	es	Avigdor Lieberman
IWL	bg	Авигдор Либерман
IWL	da	Avigdor Lieberman
IWL	cs	Avigdor Lieberman
IWL	als	Awigdor Lieberman
IWL	ar	أفيجدور ليبرمان
IWL	no	Avigdor Lieberman
IWL	pl	Avigdor Lieberman
IWL	nl	Avigdor Lieberman
IWL	jv	Avigdor Lieberman
IWL	ko	아비그도르 리베르만
IWL	la	Avigdor Lieberman
IWL	id	Avigdor Lieberman
IWL	it	Avigdor Lieberman
IWL	io	Avigdor Liberman
IWL	ja	アヴィグドール・リーバーマン
IWL	vi	Avigdor Liberman
IWL	uk	Авігдор Ліберман
IWL	tr	Avigdor Liberman
IWL	sv	Avigdor Lieberman
IWL	sh	Avigdor Lieberman
IWL	ru	Либерман, Авигдор
IWL	ro	Avigdor Lieberman
IWL	pt	Avigdor Lieberman
IWL	zh	阿维格多·利伯曼
IWL	yi	אביגדור ליבערמאן
