A.L	de	Adolf Schmidt-Bodenstedt
A.L	de	Akademie für Führungskräfte der Wirtschaft
A.L	de	Albert Renger-Patzsch
A.L	de	Alfred Hugenberg
A.L	de	Altenau
A.L	de	Amtlicher Gemeindeschlüssel
A.L	de	Aschersleben
A.L	de	Bad Harzburg
A.L	de	Bad Harzburger Jugendliteraturpreis
A.L	de	Bahnstrecke Braunschweig–Bad Harzburg
A.L	de	Bahnstrecke Oker–Bad Harzburg
A.L	de	Beachvolleyball
A.L	de	Bernburg (Saale)
A.L	de	Bettingerode
A.L	de	Blankenburg (Harz)
A.L	de	Bogenschießen
A.L	de	Braunlage
A.L	de	Braunschweig
A.L	de	Bretagne
A.L	de	Brocken
A.L	de	Bundesautobahn 2
A.L	de	Bundesautobahn 395
A.L	de	Bundesautobahn 7
A.L	de	Bundesstraße 4
A.L	de	Bundesstraße 6
A.L	de	Bundesstraße 6n
A.L	de	Bundesstraße 82
A.L	de	Burgbergseilbahn
A.L	de	Bündheim
A.L	de	Bündnis 90/Die Grünen
A.L	de	Bürgermeister
A.L	de	Carl Haber (Kaufmann)
A.L	de	Christlich Demokratische Union Deutschlands
A.L	de	Clausthal-Zellerfeld
A.L	de	Conrad Willgerodt
A.L	de	Dekanat
A.L	de	Deutsche Teilung
A.L	de	Deutscher Staatsbürgerpreis
A.L	de	Deutschland
A.L	de	Deutschnationale Volkspartei
A.L	de	Die Linke
A.L	de	Dietrich Klagges
A.L	de	Dreißigjähriger Krieg
A.L	de	Eberhard Fiebig
A.L	de	Eckertal
A.L	de	Eisbahn
A.L	de	Erfurt
A.L	de	Fitness
A.L	de	Freie Demokratische Partei
A.L	de	Freistaat Braunschweig
A.L	de	Frithjof Schmidt
A.L	de	Fußball
A.L	de	Gabbro
A.L	de	Gang nach Canossa
A.L	de	Gemeinsame Normdatei
A.L	de	Golfplatz
A.L	de	Goslar
A.L	de	Großeinkaufs-Gesellschaft Deutscher Consumvereine
A.L	de	Grüne Politik
A.L	de	Göttingerode
A.L	de	Günther Nebelung
A.L	de	Hahausen
A.L	de	Halberstadt
A.L	de	Hallenbad
A.L	de	Hannover
A.L	de	Hannsjörg Voth
A.L	de	Hans-Christian Bues
A.L	de	Hans-Peter Schwintowski
A.L	de	Hans Georg Faust
A.L	de	Harlingerode
A.L	de	Harz (Landkreis Goslar)
A.L	de	Harz (Mittelgebirge)
A.L	de	Harzburg
A.L	de	Harzburger Front
A.L	de	Harzburger Modell
A.L	de	Harzer Verkehrsbetriebe
A.L	de	Hedwig von Alten
A.L	de	Heilbad
A.L	de	Heinrich IV. (HRR)
A.L	de	Heinz Hoenig
A.L	de	Herzoglich Braunschweigische Staatseisenbahn
A.L	de	Hildesheim
A.L	de	Hochseilpark
A.L	de	Hockey
A.L	de	Höhe über dem Meeresspiegel
A.L	de	Ilsenburg
A.L	de	Ilsenburg (Harz)
A.L	de	Inlineskating
A.L	de	Jehovas Zeugen
A.L	de	Jogging
A.L	de	Johann Christoph Lüders
A.L	de	Julius (Braunschweig-Wolfenbüttel)
A.L	de	Julius Elster
A.L	de	Jürgen Dorka
A.L	de	KVG Braunschweig
A.L	de	Karl der Große
A.L	de	Katasterfläche
A.L	de	Kfz-Kennzeichen (Deutschland)
A.L	de	Klaas Hübner
A.L	de	Kopfbahnhof
A.L	de	Kreiensen
A.L	de	Kurort
A.L	de	Königreichssaal
A.L	de	Landkreis Goslar
A.L	de	Landkreis Hildesheim
A.L	de	Landkreis Northeim
A.L	de	Landkreis Osterode am Harz
A.L	de	Landkreis Wolfenbüttel
A.L	de	Langelsheim
A.L	de	Lars Fuchs
A.L	de	Liebenburg
A.L	de	Lutter am Barenberge
A.L	de	Lutz Mackensen
A.L	de	Manfred Schmidt (Comiczeichner)
A.L	de	Martin Ibler
A.L	de	Mittelstand
A.L	de	Nationalpark Harz
A.L	de	Nationalsozialistische Deutsche Arbeiterpartei
A.L	de	Neuapostolische Kirche
A.L	de	Neue Sachlichkeit (Fotografie)
A.L	de	Niedersachsen
A.L	de	Niedersächsisches Kommunalverfassungsgesetz
A.L	de	Nordharz
A.L	de	Nordhausen
A.L	de	Nordic Walking
A.L	de	Normalnull
A.L	de	Open Directory Project
A.L	de	Ortsteil
A.L	de	Osterwieck
A.L	de	Ostlandkreuz
A.L	de	Otto von Bismarck
A.L	de	Pastoraler Raum
A.L	de	Pferdesport
A.L	de	Philipp August von Amsberg
A.L	de	Polen
A.L	de	Port-Louis (Morbihan)
A.L	de	Postgeschichte von Bad Harzburg
A.L	de	Postleitzahl (Deutschland)
A.L	de	Propstei Bad Harzburg
A.L	de	Quedlinburg
A.L	de	Radau (Fluss)
A.L	de	Rainer Korff
A.L	de	Recycling
A.L	de	RegioStadtBahn Braunschweig
A.L	de	Reinhard Höhn
A.L	de	Riem Hussein
A.L	de	Rodeln
A.L	de	Rudolf Huch
A.L	de	Sachsen-Anhalt
A.L	de	Saline
A.L	de	Salzgitter
A.L	de	Salzgitter-Bad
A.L	de	Salzgitter-Ringelheim
A.L	de	Schlewecke (Bad Harzburg)
A.L	de	Schulenberg im Oberharz
A.L	de	Seesen
A.L	de	Sole
A.L	de	Sozialdemokratische Partei Deutschlands
A.L	de	Stahlhelm, Bund der Frontsoldaten
A.L	de	Stapelburg
A.L	de	Stefan Bajohr
A.L	de	Stefan Meissner
A.L	de	Stichwahl
A.L	de	Stift (Kirche)
A.L	de	Sturmabteilung
A.L	de	Stutterheim (Adelsgeschlecht)
A.L	de	Städtepartnerschaft
A.L	de	SwinGolf
A.L	de	Szklarska Poręba
A.L	de	Telefonvorwahl (Deutschland)
A.L	de	Thermalbad
A.L	de	Thomas Zacharias
A.L	de	Thorsten Schatz
A.L	de	Thüringen
A.L	de	Torfhaus
A.L	de	Uelzen
A.L	de	Vienenburg
A.L	de	Waldemar Koch (Politiker)
A.L	de	Wallmoden
A.L	de	Wandern
A.L	de	Weimarer Republik
A.L	de	Weltkulturerbe
A.L	de	Werner-von-Siemens-Gymnasium (Bad Harzburg)
A.L	de	Wernigerode
A.L	de	Westerode (Bad Harzburg)
A.L	de	Wildemann
A.L	de	Wilhelm Sauer (Orgelbauer)
A.L	de	Wilhelmshaven
A.L	de	Willi Bartels (Unternehmer)
A.L	de	Wählergruppe
A.L	de	Wikipedia:WikiProjekt Kommunen und Landkreise in Deutschland/Einwohnerzahlen
A.L	de	Vorlage:Imagemap Landkreis Goslar
A.L	de	Kategorie:Bad Harzburg
A.L	de	Kategorie:Gemeinde in Niedersachsen
A.L	de	Kategorie:Landkreis Goslar
B.L	fr	Allemagne
B.L	fr	Altenau
B.L	fr	Arrondissement de Goslar
B.L	fr	Bad Harzburg
B.L	fr	Basse-Saxe
B.L	fr	Braunlage
B.L	fr	Clausthal-Zellerfeld
B.L	fr	Goslar
B.L	fr	Hahausen
B.L	fr	Harz
B.L	fr	Langelsheim
B.L	fr	Liebenburg
B.L	fr	Lutter am Barenberge
B.L	fr	Sankt Andreasberg
B.L	fr	Schulenberg im Oberharz
B.L	fr	Seesen
B.L	fr	Vienenburg
B.L	fr	Wallmoden
B.L	fr	Wildemann
B.L	fr	Discussion:Bad Harzburg/À faire
B.L	fr	Modèle:Palette Villes et communes dans l'arrondissement de Goslar
B.L	fr	Modèle:Ébauche/paramètres Allemagne
B.L	fr	Discussion modèle:Palette Villes et communes dans l'arrondissement de Goslar
B.L	fr	Aide:Comment modifier une page
B.L	fr	Aide:Ébauche
B.L	fr	Catégorie:Portail:Basse-Saxe/Articles liés
B.L	fr	Portail:Allemagne
B.L	fr	Portail:Basse-Saxe
B.L	fr	Projet:Accueil
B.L	fa	Alliance '90/The Greens
B.L	fa	Goslar
B.L	fa	Goslar (district)
B.L	fa	Großer Burgberg
B.L	fa	آلمان
B.L	fa	اشلسویگ-هولشتاین
B.L	fa	ایالت‌های آلمان
B.L	fa	بادن-وورتمبرگ
B.L	fa	بایرن
B.L	fa	براندنبورگ
B.L	fa	برلین
B.L	fa	برمن (ایالت)
B.L	fa	تورینگن
B.L	fa	دستگاه مختصات جغرافیایی
B.L	fa	راینلاند-فالتز
B.L	fa	زارلاند
B.L	fa	زاکسن
B.L	fa	زاکسن-آنهالت
B.L	fa	زمان اروپای مرکزی
B.L	fa	زمان تابستانی اروپای مرکزی
B.L	fa	شهردار
B.L	fa	شهرستان
B.L	fa	فهرست شهرهای آلمان
B.L	fa	فهرست پلاک‌های خودرو در آلمان
B.L	fa	فهرست کدهای پستی در آلمان
B.L	fa	منطقه زمانی
B.L	fa	مکلنبورگ-فورپومرن
B.L	fa	نوردراین-وستفالن
B.L	fa	نیدرزاکسن
B.L	fa	هامبورگ (آلمان)
B.L	fa	هسن
B.L	fa	پیش‌شماره‌ها در آلمان
B.L	fa	یوتی‌سی ۱:۰۰+
B.L	fa	یوتی‌سی ۲:۰۰+
B.L	fa	ویکی‌پدیا:مقالهٔ خرد
B.L	fa	الگو:Imagemap Germany district GS
B.L	fa	الگو:آلمان-خرد
B.L	fa	الگو:ایالت‌های آلمان
B.L	fa	بحث الگو:آلمان-خرد
B.L	fa	بحث الگو:ایالت‌های آلمان
B.L	eo	2006
B.L	eo	Bündnis 90/Die Grünen
B.L	eo	Distrikto (Germanio)
B.L	eo	Distrikto Goslar
B.L	eo	Federacia lando (Germanio)
B.L	eo	Geografia koordinata sistemo
B.L	eo	Germanio
B.L	eo	Malsupra Saksio
B.L	eo	Marnivelo
B.L	eo	Oficiala kodo (Germanio)
B.L	eo	Partio
B.L	eo	Poŝtkodo
B.L	eo	Telefona antaŭkodo
B.L	eo	Urborajto
B.L	eo	Vikipedio:Informkestoj
B.L	eo	Vikipedio:La perfekta ĝermo de artikolo
B.L	eo	Vikipedio:Trovi aŭ kreskigi ĝermojn
B.L	eo	Ŝablono:Informkesto germania komunumo
B.L	eo	Ŝablono:Situo sur mapo/korektado/DMS
B.L	eo	Ŝablono-Diskuto:Informkesto germania komunumo
B.L	en	83rd Infantry Division (United States)
B.L	en	Abandoned village
B.L	en	Alfred Hugenberg
B.L	en	Alldeutscher Verband
B.L	en	Alliance '90/The Greens
B.L	en	Allied-occupied Germany
B.L	en	Altenau, Lower Saxony
B.L	en	Area codes in Germany
B.L	en	Augustus the Younger, Duke of Brunswick-Lüneburg
B.L	en	Autobahn
B.L	en	Bad Harzburg
B.L	en	Bailiff
B.L	en	Berlin
B.L	en	Bernburg (Saale)
B.L	en	Bishopric of Halberstadt
B.L	en	Bishopric of Hildesheim
B.L	en	Borough
B.L	en	Braunlage
B.L	en	Braunschweig
B.L	en	Brine
B.L	en	Bundesautobahn 14
B.L	en	Bundesstraße
B.L	en	Bundesstraße 6
B.L	en	Burgberg Cable Car
B.L	en	Burgomaster
B.L	en	Bündheim
B.L	en	Canon (priest)
B.L	en	Central European Summer Time
B.L	en	Central European Time
B.L	en	Chancellor of Germany (German Reich)
B.L	en	Charlemagne
B.L	en	Christian Democratic Union (Germany)
B.L	en	Clausthal-Zellerfeld
B.L	en	Conrad I of Germany
B.L	en	Conrad Willgerodt
B.L	en	Deutsche Bahn
B.L	en	Dietrich Klagges
B.L	en	Districts of Germany
B.L	en	Duchy of Saxony
B.L	en	Dukes of Brunswick-Lüneburg
B.L	en	Eckertal
B.L	en	Erfurt
B.L	en	Expulsion of Germans after World War II
B.L	en	France
B.L	en	Frederick I, Holy Roman Emperor
B.L	en	Free Democratic Party (Germany)
B.L	en	Free State of Brunswick
B.L	en	Frithjof Schmidt
B.L	en	Geographic coordinate system
B.L	en	German National People's Party
B.L	en	German reunification
B.L	en	Germany
B.L	en	Goslar
B.L	en	Goslar (district)
B.L	en	Great Saxon Revolt
B.L	en	Green politics
B.L	en	Großer Burgberg
B.L	en	Hahausen
B.L	en	Halle, Saxony-Anhalt
B.L	en	Hanover
B.L	en	Harz
B.L	en	Harz (Landkreis Goslar)
B.L	en	Harz National Park
B.L	en	Harz mountains
B.L	en	Harzburg
B.L	en	Harzburg Front
B.L	en	Heinrich Brüning
B.L	en	Henry III, Holy Roman Emperor
B.L	en	Henry IV, Holy Roman Emperor
B.L	en	Henry the Fowler
B.L	en	Henry the Lion
B.L	en	Hildesheim (district)
B.L	en	Holy Roman Emperor
B.L	en	Holzminden
B.L	en	Horse breed
B.L	en	Ilsenburg
B.L	en	Inner German Border
B.L	en	Inner German border
B.L	en	Julius, Duke of Brunswick-Wolfenbüttel
B.L	en	Kaiserpfalz
B.L	en	Karl Peters
B.L	en	Krodo
B.L	en	Kulturkampf
B.L	en	Langelsheim
B.L	en	Liebenburg
B.L	en	List of postal codes in Germany
B.L	en	List of twin towns and sister cities in Germany
B.L	en	Lower Saxony
B.L	en	Lutheran
B.L	en	Lutter am Barenberge
B.L	en	Mayor
B.L	en	Nationalism
B.L	en	Nazi Party
B.L	en	Nordhausen
B.L	en	North German Plain
B.L	en	Northeim (district)
B.L	en	Oker
B.L	en	Old Saxon
B.L	en	Open Directory Project
B.L	en	Order of Saint Benedict
B.L	en	Osterode (district)
B.L	en	Osterwieck
B.L	en	Ostlandkreuz
B.L	en	Otto IV, Holy Roman Emperor
B.L	en	Otto of Nordheim
B.L	en	Otto von Bismarck
B.L	en	Poland
B.L	en	Port-Louis, Morbihan
B.L	en	Principality of Brunswick-Wolfenbüttel
B.L	en	Racecourse
B.L	en	Radau
B.L	en	RegionalBahn
B.L	en	RegionalExpress
B.L	en	Rudolph Augustus, Duke of Brunswick-Lüneburg
B.L	en	Sachsenbrunnen
B.L	en	Sacred grove
B.L	en	Saline (medicine)
B.L	en	Saline water
B.L	en	Salzgitter
B.L	en	Sankt Andreasberg
B.L	en	Saxon Wars
B.L	en	Saxons
B.L	en	Saxony-Anhalt
B.L	en	Schulenberg im Oberharz
B.L	en	Seesen
B.L	en	Social Democratic Party of Germany
B.L	en	Spa
B.L	en	Spa town
B.L	en	Stahlhelm, Bund der Frontsoldaten
B.L	en	States of Germany
B.L	en	Szklarska Poręba
B.L	en	The Left (Germany)
B.L	en	Thirty Years' War
B.L	en	Thuringia
B.L	en	Time zone
B.L	en	Town privileges
B.L	en	Town twinning
B.L	en	Treaty of Gerstungen
B.L	en	Two-round system
B.L	en	UTC+1
B.L	en	UTC+2
B.L	en	Vehicle registration plates of Germany
B.L	en	Vienenburg
B.L	en	Vogt
B.L	en	Waldemar Koch
B.L	en	Walk to Canossa
B.L	en	Wallmoden
B.L	en	Weimar Republic
B.L	en	West Germany
B.L	en	Wildemann
B.L	en	Wilhelmshaven
B.L	en	Wolfenbüttel
B.L	en	Wolfenbüttel (district)
B.L	en	World War II
B.L	en	Template:Cities and towns in Goslar (district)
B.L	en	Template:ISO 639 name de
B.L	en	Template:Imagemap Germany district GS
B.L	en	Template talk:Cities and towns in Goslar (district)
B.L	en	Category:Articles to be expanded from September 2011
B.L	es	Alemania
B.L	es	Altitud
B.L	es	Baja Sajonia
B.L	es	Balneario
B.L	es	Conrad Willgerodt
B.L	es	Código postal
B.L	es	Distrito de Goslar
B.L	es	Eberhard Fiebig
B.L	es	Frithjof Schmidt
B.L	es	Hannsjörg Voth
B.L	es	Harz
B.L	es	Harzburg
B.L	es	Heinz Hoenig
B.L	es	Johann Christoph Lüders
B.L	es	Kilómetros cuadrados
B.L	es	Klaas Hübner
B.L	es	Lars Fuchs
B.L	es	Manfred Schmidt (Comic-Zeichner)
B.L	es	Otto von Bismarck
B.L	es	Provincia
B.L	es	Región
B.L	es	Río Radau
B.L	es	Thomas Zacharias
B.L	es	Waldemar Koch
B.L	es	Wikimedia Commons
B.L	es	Área
B.L	es	Órgano (instrumento musical)
B.L	ar	أوروبا
B.L	ar	جغرافيا
B.L	ar	سكسونيا السفلى
B.L	ar	ويكيميديا كومنز
B.L	ar	ويكيبيديا:بذرة
B.L	pl	1066
B.L	pl	1068
B.L	pl	11 października
B.L	pl	1788
B.L	pl	1821
B.L	pl	1831
B.L	pl	1841
B.L	pl	1871
B.L	pl	1894
B.L	pl	1913
B.L	pl	1930
B.L	pl	1931
B.L	pl	1951
B.L	pl	1982
B.L	pl	1999
B.L	pl	1 marca
B.L	pl	2001
B.L	pl	2004
B.L	pl	2009
B.L	pl	780
B.L	pl	916
B.L	pl	9 września
B.L	pl	Altenau
B.L	pl	Bad Harzburg (stacja kolejowa)
B.L	pl	Braunlage
B.L	pl	Clausthal-Zellerfeld
B.L	pl	Conrad Willgerodt
B.L	pl	Dolna Saksonia
B.L	pl	Eintracht Brunszwik
B.L	pl	Francja
B.L	pl	Front Harzburski
B.L	pl	Gmina
B.L	pl	Gmina zbiorowa Lutter am Barenberge
B.L	pl	Gmina zbiorowa Oberharz
B.L	pl	Goslar
B.L	pl	Harz
B.L	pl	Harz (powiat Goslar)
B.L	pl	Harzburg
B.L	pl	Heinrich Brüning
B.L	pl	Heinz Hoenig
B.L	pl	Henryk IV Salicki
B.L	pl	Herb Bad Harzburg
B.L	pl	Ilsenburg (Harz)
B.L	pl	Język niemiecki
B.L	pl	Kaplica
B.L	pl	Karol Wielki
B.L	pl	Kod pocztowy
B.L	pl	Kraj związkowy
B.L	pl	Kraje związkowe Niemiec
B.L	pl	Langelsheim
B.L	pl	Lars Fuchs
B.L	pl	Liebenburg (gmina)
B.L	pl	Lutter am Barenberge
B.L	pl	Manfred Schmidt
B.L	pl	Miasteczko (urbanizacja)
B.L	pl	Miasto
B.L	pl	Narodowo Niemiecka Partia Ludowa
B.L	pl	Narodowosocjalistyczna Niemiecka Partia Robotników
B.L	pl	Niemcy
B.L	pl	Numer kierunkowy
B.L	pl	Partia Wolnych Demokratów
B.L	pl	Państwo
B.L	pl	Philipp-August von Amsberg
B.L	pl	Port-Louis
B.L	pl	Powiat Goslar
B.L	pl	Rejencja Brunszwik
B.L	pl	Republika Weimarska
B.L	pl	Saksonia-Anhalt
B.L	pl	Seesen
B.L	pl	Socjaldemokratyczna Partia Niemiec
B.L	pl	Solanka (woda mineralna)
B.L	pl	Stahlhelm (organizacja paramilitarna)
B.L	pl	Sturmabteilung
B.L	pl	Szklarska Poręba
B.L	pl	Tablica rejestracyjna
B.L	pl	Unia Chrześcijańsko-Demokratyczna (Niemcy)
B.L	pl	Uzdrowisko
B.L	pl	Vienenburg
B.L	pl	Wildemann
B.L	pl	Wilhelmshaven
B.L	pl	Wojna trzydziestoletnia
B.L	pl	Ziemia
B.L	pl	Związek 90/Zieloni
B.L	pl	Szablon:Jednostki dane DEU
B.L	pl	Szablon:Mapa dane DE-NI
B.L	pl	Szablon:Powiat Goslar
B.L	pl	Dyskusja szablonu:Powiat Goslar
B.L	ms	Bandar
B.L	ms	Goslar (daerah)
B.L	ms	Jerman
B.L	ms	Niedersachsen
B.L	nl	Altenau
B.L	nl	Bevolking
B.L	nl	Braunlage
B.L	nl	Burgemeester
B.L	nl	Bündnis 90/Die Grünen
B.L	nl	Clausthal-Zellerfeld
B.L	nl	Deelstaten van Duitsland
B.L	nl	Den Haag
B.L	nl	Duits kenteken
B.L	nl	Duitse gemeente
B.L	nl	Duitsland
B.L	nl	Gemeentenummer
B.L	nl	Geografische coördinaten
B.L	nl	Goslar (stad)
B.L	nl	Hahausen
B.L	nl	Harz (gemeentevrij gebied)
B.L	nl	Hoogte
B.L	nl	Landkreis
B.L	nl	Landkreis Goslar
B.L	nl	Langelsheim
B.L	nl	Liebenburg
B.L	nl	Litouwen
B.L	nl	Lutter am Barenberge
B.L	nl	Nedersaksen
B.L	nl	Netnummer
B.L	nl	Oppervlakte
B.L	nl	Ortsteil
B.L	nl	Polen
B.L	nl	Postcodes in Duitsland
B.L	nl	Schulenberg im Oberharz
B.L	nl	Seesen
B.L	nl	Vienenburg
B.L	nl	Wallmoden
B.L	nl	Wandelroute E11
B.L	nl	Website
B.L	nl	Wikimedia Commons
B.L	nl	Wildemann
B.L	nl	Portaal:Duitsland
B.L	kk	2010 жыл
B.L	kk	UTC+1
B.L	kk	UTC+2
B.L	kk	Автомобиль нөмірлері
B.L	kk	Альтенау
B.L	kk	Аммерланд (аудан)
B.L	kk	Аурих (аудан)
B.L	kk	Браунлаге
B.L	kk	Вальмоден
B.L	kk	Везермарш (аудан)
B.L	kk	Вильдеман
B.L	kk	Виттмунд (аудан)
B.L	kk	Вольфенбюттель (аудан)
B.L	kk	Ганновер (аудан)
B.L	kk	Географиялық координаттар
B.L	kk	Германия
B.L	kk	Германия ауданы
B.L	kk	Германия жерлері
B.L	kk	Гифхорн (аудан)
B.L	kk	Гослар
B.L	kk	Гослар (аудан)
B.L	kk	Графство Бентхайм (аудан)
B.L	kk	Гёттинген (аудан)
B.L	kk	Дипхольц (аудан)
B.L	kk	Ел
B.L	kk	Жазғы уақыт
B.L	kk	Зезен
B.L	kk	Зольтау-Фаллингбостель (аудан)
B.L	kk	Ильцен (аудан)
B.L	kk	Клаусталь-Целлерфельд
B.L	kk	Клоппенбург (аудан)
B.L	kk	Куксхафен (аудан)
B.L	kk	Лангельсхайм
B.L	kk	Лер (аудан)
B.L	kk	Либенбург
B.L	kk	Луттер-ам-Баренберге
B.L	kk	Люнебург (аудан)
B.L	kk	Люхов-Данненберг (аудан)
B.L	kk	Метр
B.L	kk	Неміс тілі
B.L	kk	Нинбург (аудан)
B.L	kk	Нортхайм (аудан)
B.L	kk	Ольденбург (аудан)
B.L	kk	Ортаққор
B.L	kk	Оснабрюк (аудан)
B.L	kk	Остероде (аудан)
B.L	kk	Остерхольц (аудан)
B.L	kk	Пайне (аудан)
B.L	kk	Пошта индексі
B.L	kk	Ротенбург-на-Вюмме (аудан)
B.L	kk	Телефон нөмірлері
B.L	kk	Теңiз деңгейiнен биіктігі
B.L	kk	Төменгі Саксония
B.L	kk	Уақыт белдеуі
B.L	kk	Ферден (аудан)
B.L	kk	Фехта (аудан)
B.L	kk	Финенбург
B.L	kk	Фрисландия (аудан)
B.L	kk	Хамельн-Пирмонт (аудан)
B.L	kk	Харбург (аудан)
B.L	kk	Хахаузен
B.L	kk	Хельмштедт (аудан)
B.L	kk	Хильдесхайм (аудан)
B.L	kk	Хольцминден (аудан)
B.L	kk	Целле (аудан)
B.L	kk	Шаршы километр
B.L	kk	Шаумбург (аудан)
B.L	kk	Штаде (аудан)
B.L	kk	Шуленберг (Верхний Гарц)
B.L	kk	Эмсланд (аудан)
B.L	kk	Қала
B.L	kk	Өзін-өзі басқару субъектісінің идентификациялық коды
B.L	kk	Уикипедия:Бастама
B.L	kk	Үлгі:ПозКарта Германия
B.L	kk	Үлгі:ПозКарта Германия Төменгі Саксония
B.L	kk	Үлгі:ПозКарта Германия Төменгі Саксония Гослар
B.L	kk	Үлгі:Түс/Германия
B.L	la	1066
B.L	la	1068
B.L	la	11 Octobris
B.L	la	1569
B.L	la	1807
B.L	la	1813
B.L	la	1892
B.L	la	1918
B.L	la	1931
B.L	la	1946
B.L	la	916
B.L	la	Adolphus Hitler
B.L	la	Altitudo
B.L	la	Anscharius de Hindenburg
B.L	la	Area (geometria)
B.L	la	Chiliometrum quadratum
B.L	la	Circulus Goslariensis
B.L	la	Coniunctio communium
B.L	la	Coordinata geographica
B.L	la	Ducatus Brunsvici
B.L	la	Foedus 90/Virides
B.L	la	Geographia
B.L	la	Gualterius Darré
B.L	la	Henricus IV (imperator)
B.L	la	Inscriptio cursualis
B.L	la	Insigne
B.L	la	Latine
B.L	la	Lingua Theodisca
B.L	la	Magister civium
B.L	la	Mare
B.L	la	NSDAP
B.L	la	NUTS
B.L	la	Nomen proprium
B.L	la	Nota autocineti
B.L	la	Nota magistratus communalis
B.L	la	Numerus cursualis
B.L	la	Numerus incolarum
B.L	la	Pagorum Germanorum index notarum autocinetorum
B.L	la	Pagus Germaniae
B.L	la	Paulus de Hindenburg
B.L	la	Politia
B.L	la	Praefixum telephonicum
B.L	la	Provincia terrae foederalis Germanae
B.L	la	Ralf Abrahms
B.L	la	Regnum Westphaliae
B.L	la	Res Publica Brunsvicum
B.L	la	Res Publica Vimariana
B.L	la	Saxonia Inferior
B.L	la	Spissitudo incolarum
B.L	la	Terra Foederalis Germaniae
B.L	la	Theodericus Klagges
B.L	la	UN/LOCODE
B.L	la	Urbs
B.L	la	Vicipaedia:Stipulae
B.L	war	Alemanya
B.L	war	Altenau, Lower Saxony
B.L	war	Braunlage
B.L	war	Clausthal-Zellerfeld
B.L	war	Goslar
B.L	war	Goslar (distrito)
B.L	war	Hahausen
B.L	war	Langelsheim
B.L	war	Liebenburg
B.L	war	Lutter am Barenberge
B.L	war	Niedersachsen
B.L	war	Sankt Andreasberg
B.L	war	Schulenberg im Oberharz
B.L	war	Seesen
B.L	war	Vienenburg
B.L	war	Wallmoden
B.L	war	Wildemann
B.L	war	Wikipedia:Paagi pagliwat o pag-edit hin pakli
B.L	war	Wikipedia:Turók
B.L	war	Batakan:Mga syudad ngan mga bungto ha Goslar (distrito)
B.L	war	Hiruhimangraw hiton batakan:Mga syudad ngan mga bungto ha Goslar (distrito)
B.L	it	Altenau
B.L	it	Altitudine
B.L	it	Area
B.L	it	Bassa Sassonia
B.L	it	Braunlage
B.L	it	Chilometro quadro
B.L	it	Circondario di Goslar
B.L	it	Circondario rurale (Germania)
B.L	it	Città
B.L	it	Clausthal-Zellerfeld
B.L	it	Codice postale
B.L	it	Comunità amministrativa (Germania)
B.L	it	Coordinate geografiche
B.L	it	Densità di popolazione
B.L	it	Distretto governativo
B.L	it	Fuso orario
B.L	it	Germania
B.L	it	Goslar
B.L	it	Hahausen
B.L	it	Harz (Goslar)
B.L	it	Langelsheim
B.L	it	Liebenburg
B.L	it	Lutter am Barenberge
B.L	it	Metri sul livello del mare
B.L	it	Popolazione
B.L	it	Prefisso telefonico
B.L	it	Schulenberg im Oberharz
B.L	it	Seesen
B.L	it	Stati federati della Germania
B.L	it	Statistisches Bundesamt
B.L	it	Stato
B.L	it	Targa automobilistica
B.L	it	Targhe automobilistiche tedesche
B.L	it	UTC+1
B.L	it	Vienenburg
B.L	it	Wallmoden
B.L	it	Wildemann
B.L	it	File:Stub .png
B.L	it	File:Stub Bassa Sassonia.png
B.L	it	Template:DEU
B.L	it	Template:DivAmm/DEU
B.L	it	Template:Divisione amministrativa/Stemmi/DEU
B.L	it	Template:Divisione amministrativa/Voci/DEU
B.L	it	Template:Mappa di localizzazione/DEU
B.L	it	Aiuto:Abbozzo
B.L	it	Aiuto:Manuale di stile
B.L	it	Categoria:Stub - Bassa Sassonia
B.L	it	Categoria:Stub - bassa Sassonia
B.L	it	Progetto:Bassa Sassonia
B.L	vi	15 tháng 5
B.L	vi	17 tháng 4
B.L	vi	1880
B.L	vi	1953
B.L	vi	1963
B.L	vi	25 tháng 9
B.L	vi	Alliance '90/The Greens
B.L	vi	Altenau, Goslar
B.L	vi	Bang của Đức
B.L	vi	Berlin
B.L	vi	Biển số xe Đức
B.L	vi	Braunlage
B.L	vi	Burgomaster
B.L	vi	Cao độ
B.L	vi	Chính trị gia
B.L	vi	Clausthal-Zellerfeld
B.L	vi	Các quốc gia trên thế giới
B.L	vi	Danh sách mã bưu chính ở Đức
B.L	vi	Diện tích
B.L	vi	Dân số
B.L	vi	Dự án thư viện mở
B.L	vi	Frithjof Schmidt
B.L	vi	Giờ Trung Âu
B.L	vi	Giờ mùa Hè Trung Âu
B.L	vi	Goslar
B.L	vi	Goslar (huyện)
B.L	vi	Goslar (quận)
B.L	vi	Hahausen
B.L	vi	Harz
B.L	vi	Huy hiệu của Bad Harzburg
B.L	vi	Huyện của Đức
B.L	vi	Hệ tọa độ địa lý
B.L	vi	Karl Peters
B.L	vi	Langelsheim
B.L	vi	Liebenburg
B.L	vi	Lutter am Barenberge
B.L	vi	Mã vùng ở Đức
B.L	vi	Múi giờ
B.L	vi	Mật độ dân số
B.L	vi	Niedersachsen
B.L	vi	Sachsen-Anhalt
B.L	vi	Sankt Andreasberg
B.L	vi	Schulenberg im Oberharz
B.L	vi	Seesen
B.L	vi	UTC+1
B.L	vi	UTC+2
B.L	vi	Vienenburg
B.L	vi	Vườn quốc gia Harz
B.L	vi	Waldemar Koch
B.L	vi	Wallmoden
B.L	vi	Website
B.L	vi	Wildemann
B.L	vi	Đức
B.L	vi	Bản mẫu:Cities and towns in Goslar (district)
B.L	vi	Thảo luận Bản mẫu:Cities and towns in Goslar (district)
B.L	vo	Deutän
B.L	vo	Km²
B.L	vo	Koordinatasit taledavik
B.L	vo	Niedersachsen
B.L	uz	Anodza:JoyXarita Olmoniya Quyi Saksoniya Goslar (tuman)
B.L	uz	Avtomobil raqamlari
B.L	uz	Dengiz sathidan balandlik
B.L	uz	Geografik koordinatalar
B.L	uz	Germaniya
B.L	uz	Goslar (tuman)
B.L	uz	Koordinatalar
B.L	uz	Kvadrat kilometr
B.L	uz	Mamlakat
B.L	uz	Maydon
B.L	uz	Maʼmuriy birlik identifikatsiyasi raqami
B.L	uz	Metr
B.L	uz	Olmoniya
B.L	uz	Olmoniya yerlari
B.L	uz	Pochta indeksi
B.L	uz	Quyi Saksoniya
B.L	uz	Telefon raqamlash rejasi
B.L	uz	Tuman
B.L	uz	Tuman (Olmoniya)
B.L	uz	UTC+1
B.L	uz	UTC+2
B.L	uz	Vaqt mintaqasi
B.L	uz	VikiOmbor
B.L	uz	Yozgi vaqt
B.L	uz	Andoza:JoyXarita Olmoniya
B.L	uz	Andoza:JoyXarita Olmoniya Quyi Saksoniya
B.L	uz	Andoza:Rang/Olmoniya
B.L	tr	Almanya
B.L	tr	Almanya'daki şehirler listesi
B.L	tr	Almanya'nın eyaletleri
B.L	tr	Bad Harzburg Damgası
B.L	tr	Coğrafi koordinat sistemi
B.L	tr	Damgası
B.L	tr	Lower Saxony
B.L	tr	Ülkeler listesi
B.L	tr	Vikipedi:Madde
B.L	tr	Vikipedi:Taslak madde
B.L	sv	Allians 90/De gröna
B.L	sv	Befolkningstäthet
B.L	sv	Geografiska koordinatsystem
B.L	sv	Kvadratkilometer
B.L	sv	Land
B.L	sv	Landkreis
B.L	sv	Landkreis Goslar
B.L	sv	Niedersachsen
B.L	sv	Postnummer
B.L	sv	Registreringsskylt
B.L	sv	Riktnummer
B.L	sv	Tyskland
B.L	sv	Tysklands förbundsländer
B.L	sv	Wikipedia:Projekt Geografi
B.L	sv	Wikipedia:Stubbar
B.L	sr	1992
B.L	sr	1995
B.L	sr	Bündnis 90/Die Grünen
B.L	sr	Port-Louis
B.L	sr	Њемачки језик
B.L	sr	Алтенау
B.L	sr	Браунлаге
B.L	sr	Валмоден
B.L	sr	Вилдеман
B.L	sr	Временска зона
B.L	sr	Гослар
B.L	sr	Доња Саксонија
B.L	sr	Зезен
B.L	sr	Клаустал-Целерфелд
B.L	sr	Лангелсхајм
B.L	sr	Либенбург
B.L	sr	Лутер ам Баренберге
B.L	sr	Немачка
B.L	sr	Немачке државе
B.L	sr	Округ Гослар
B.L	sr	Позивни број
B.L	sr	Поштански код
B.L	sr	Пољска
B.L	sr	Регистарска ознака
B.L	sr	Санкт Андреасберг
B.L	sr	Становништво
B.L	sr	Финенбург
B.L	sr	Француска
B.L	sr	Хахаузен
B.L	sr	Шкларска Поремба
B.L	sr	Шуленберг им Оберхарц
B.L	sr	Портал:Немачка
B.L	ru	2010 год
B.L	ru	UTC+1
B.L	ru	UTC+2
B.L	ru	Автомобильные номера
B.L	ru	Альтенау
B.L	ru	Аммерланд (район)
B.L	ru	Аурих (район)
B.L	ru	Бад-Гарцбург
B.L	ru	Браунлаге
B.L	ru	Брауншвейг
B.L	ru	Вальмоден
B.L	ru	Везермарш (район)
B.L	ru	Викисклад
B.L	ru	Вильгельмсхафен
B.L	ru	Вильдеман
B.L	ru	Виттмунд (район)
B.L	ru	Вольфенбюттель (район)
B.L	ru	Вольфсбург
B.L	ru	Высота над уровнем моря
B.L	ru	Ганновер (регион)
B.L	ru	Географические координаты
B.L	ru	Германия
B.L	ru	Гифхорн (район)
B.L	ru	Гослар
B.L	ru	Гослар (район)
B.L	ru	Графство Бентхайм (район)
B.L	ru	Гёттинген (район)
B.L	ru	Дельменхорст
B.L	ru	Дипхольц (район)
B.L	ru	Зальцгиттер
B.L	ru	Зезен
B.L	ru	Земли Германии
B.L	ru	Зольтау-Фаллингбостель (район)
B.L	ru	Идентификационный код субъекта самоуправления
B.L	ru	Ильцен (район)
B.L	ru	Квадратный километр
B.L	ru	Клаусталь-Целлерфельд
B.L	ru	Клоппенбург (район)
B.L	ru	Куксхафен (район)
B.L	ru	Лангельсхайм
B.L	ru	Лер (район)
B.L	ru	Летнее время
B.L	ru	Либенбург
B.L	ru	Луттер-ам-Баренберге
B.L	ru	Люнебург (район)
B.L	ru	Люхов-Данненберг (район)
B.L	ru	Метр
B.L	ru	Немецкий язык
B.L	ru	Нижняя Саксония
B.L	ru	Нинбург (район)
B.L	ru	Нортхайм (район)
B.L	ru	Ольденбург
B.L	ru	Ольденбург (район)
B.L	ru	Оснабрюк
B.L	ru	Оснабрюк (район)
B.L	ru	Остероде (район)
B.L	ru	Остерхольц (район)
B.L	ru	Пайне (район)
B.L	ru	Площадь
B.L	ru	Почтовый индекс
B.L	ru	Район (Германия)
B.L	ru	Ротенбург-на-Вюмме
B.L	ru	Страна
B.L	ru	Телефонный план нумерации
B.L	ru	Ферден (район)
B.L	ru	Фехта (район)
B.L	ru	Финенбург
B.L	ru	Фрисландия (Германия)
B.L	ru	Хамельн-Пирмонт (район)
B.L	ru	Харбург (район)
B.L	ru	Хахаузен
B.L	ru	Хельмштедт (район)
B.L	ru	Хильдесхайм (район)
B.L	ru	Хольцминден (район)
B.L	ru	Целле (район)
B.L	ru	Часовой пояс
B.L	ru	Шаумбург (район)
B.L	ru	Штаде (район)
B.L	ru	Шуленберг (Верхний Гарц)
B.L	ru	Эмден
B.L	ru	Эмсланд (район)
B.L	ru	Википедия:Заготовка статьи
B.L	ru	Шаблон:ПозКарта Германия
B.L	ru	Шаблон:ПозКарта Германия Нижняя Саксония
B.L	ru	Шаблон:ПозКарта Германия Нижняя Саксония Гослар (район)
B.L	ru	Шаблон:Цвет/Германия
B.L	ro	Altitudine
B.L	ro	Burgomaster
B.L	ro	Bündnis 90/Die Grünen
B.L	ro	Coordonate geografice
B.L	ro	Densitatea populației
B.L	ro	Districtele Germaniei
B.L	ro	Fus orar
B.L	ro	Germania
B.L	ro	Goslar (district)
B.L	ro	Km²
B.L	ro	Landurile Germaniei
B.L	ro	Listă de state suverane
B.L	ro	Nivelul mării
B.L	ro	Ora Europei Centrale
B.L	ro	Ora de vară
B.L	ro	Ora de vară a Europei Centrale
B.L	ro	Ortsteil
B.L	ro	Regierungsbezirk
B.L	ro	Saxonia Inferioară
B.L	ro	Stema Bad Harzburg
B.L	ro	Suprafață
B.L	ro	UTC+1
B.L	ro	UTC+2
B.L	ro	Wikipedia:Articolul ciot perfect
B.L	ro	Wikipedia:Găsește și repară un ciot
B.L	ro	Format:Harta de localizare Germania
B.L	pt	2007
B.L	pt	Alemanha
B.L	pt	Altenau (Baixa Saxônia)
B.L	pt	Altitude
B.L	pt	Baixa Saxônia
B.L	pt	Braunlage
B.L	pt	Bündnis 90/Die Grünen
B.L	pt	Cidade
B.L	pt	Clausthal-Zellerfeld
B.L	pt	Coordenada geográfica
B.L	pt	Código postal
B.L	pt	Código telefônico
B.L	pt	Densidade populacional
B.L	pt	Distrito
B.L	pt	Estados da Alemanha
B.L	pt	Geografia da Alemanha
B.L	pt	Goslar
B.L	pt	Goslar (distrito)
B.L	pt	Hahausen
B.L	pt	Langelsheim
B.L	pt	Liebenburg
B.L	pt	Lista de distritos rurais da Alemanha
B.L	pt	Lutter am Barenberge
B.L	pt	Metro
B.L	pt	Partido político
B.L	pt	País
B.L	pt	Placa de identificação de veículos
B.L	pt	População
B.L	pt	Prefeito
B.L	pt	Prefeitura
B.L	pt	Quilómetro quadrado
B.L	pt	Sankt Andreasberg
B.L	pt	Schulenberg im Oberharz
B.L	pt	Seesen
B.L	pt	Vienenburg
B.L	pt	Wallmoden
B.L	pt	Website
B.L	pt	Wildemann
B.L	pt	Área
B.L	pt	Wikipédia:Esboço
B.L	pt	Anexo:Lista de distritos rurais da Alemanha
B.L	zh	UTC+1
B.L	zh	下萨克森州
B.L	zh	下萨克森州市镇列表
B.L	zh	人口密度
B.L	zh	县 (德国)
B.L	zh	市镇 (德国)
B.L	zh	德国
B.L	zh	德国行政区划
B.L	zh	時區
B.L	zh	欧洲中部时间
B.L	zh	经纬度
CN	de	Bad Harzburg
IWL	fr	Bad Harzburg
IWL	roa-rup	Bad Harzburg
IWL	fa	باد هارزبورگ
IWL	eo	Bad Harzburg
IWL	en	Bad Harzburg
IWL	es	Bad Harzburg
IWL	ar	باد هاغزبورغ
IWL	pl	Bad Harzburg
IWL	ms	Bad Harzburg
IWL	nl	Bad Harzburg
IWL	kk	Бад-Гарцбург
IWL	la	Hartsburgum
IWL	war	Bad Harzburg
IWL	it	Bad Harzburg
IWL	vi	Bad Harzburg
IWL	vo	Bad Harzburg
IWL	uz	Bad Harzburg
IWL	tr	Bad Harzburg
IWL	sv	Bad Harzburg
IWL	sr	Бад Харцбург
IWL	ru	Бад-Гарцбург
IWL	ro	Bad Harzburg
IWL	pt	Bad Harzburg
IWL	zh	巴德哈尔茨堡
