A.L	de	Abgeordnetenhaus von Berlin
A.L	de	Alexander Häusler (Sozialwissenschaftler)
A.L	de	Alfred Dagenbach
A.L	de	Andreas Molau
A.L	de	Anschläge in Norwegen 2011
A.L	de	Antisemitismus
A.L	de	Asyl
A.L	de	Axel Reitz
A.L	de	Berlin
A.L	de	Berliner Morgenpost
A.L	de	Berliner Zeitung
A.L	de	Bezirksverordnetenversammlung
A.L	de	Bürgerbewegung pro Köln
A.L	de	Bürgerbewegung pro NRW
A.L	de	DVU
A.L	de	Der Tagesspiegel
A.L	de	Deutsche Liga für Volk und Heimat
A.L	de	Deutsche Partei (ab 1993)
A.L	de	Deutsche Polizeigewerkschaft
A.L	de	Deutsche Volksunion
A.L	de	Die Republikaner
A.L	de	Die Welt
A.L	de	Die Zeit
A.L	de	Die tageszeitung
A.L	de	Einstweilige Verfügung
A.L	de	Endstation Rechts
A.L	de	Extremismus
A.L	de	Friedrich-Ebert-Stiftung
A.L	de	Front National (Frankreich)
A.L	de	Fünf-Prozent-Hürde
A.L	de	Gert Sudholt
A.L	de	Geschichtsrevisionismus
A.L	de	Gesetz über die politischen Parteien
A.L	de	Hans-Peter Friedrich
A.L	de	Heise online
A.L	de	Homosexualität
A.L	de	Innocence of Muslims
A.L	de	Islamfeindlichkeit
A.L	de	J. Christopher Stevens
A.L	de	Junge Nationaldemokraten
A.L	de	Klaus Wowereit
A.L	de	Kleinpartei
A.L	de	Kriminaldienstmarke
A.L	de	Kuschelpädagogik
A.L	de	Köln
A.L	de	Köln-Kalk
A.L	de	Kölner Stadt-Anzeiger
A.L	de	Landgericht Berlin
A.L	de	Libyen
A.L	de	Manfred Rouhs
A.L	de	Markus Beisicht
A.L	de	Migrationshintergrund
A.L	de	Minarett
A.L	de	Mirko Schmidt
A.L	de	Moschee
A.L	de	Multikulturelle Gesellschaft
A.L	de	NPD
A.L	de	Nationaldemokratische Partei Deutschlands
A.L	de	Nationalismus
A.L	de	Neonazismus
A.L	de	Netz gegen Nazis
A.L	de	Nico Ernst
A.L	de	Nordrhein-Westfalen
A.L	de	Olaf Rose
A.L	de	Parteienfinanzierung
A.L	de	Patrik Brinkmann
A.L	de	Petition
A.L	de	Pfefferspray
A.L	de	Pierre Krebs
A.L	de	Portable Document Format
A.L	de	Pro-Bewegung
A.L	de	Pro-Parteien
A.L	de	Pro Köln
A.L	de	Pro NRW
A.L	de	Rainer Wendt
A.L	de	Rassismus
A.L	de	Rechtsextremismus
A.L	de	Rechtskonservatismus
A.L	de	Rechtspopulismus
A.L	de	Slogan
A.L	de	Spiegel Online
A.L	de	Sudan
A.L	de	Süddeutsche Zeitung
A.L	de	Tagesschau.de
A.L	de	Terry Jones (Prediger)
A.L	de	Thilo Sarrazin
A.L	de	Universität Potsdam
A.L	de	Wahl zum Abgeordnetenhaus von Berlin 2011
B.L	en	2011 Norway attacks
B.L	en	Age of criminal responsibility
B.L	en	Alexander Häusler
B.L	en	Alliance '90/The Greens
B.L	en	Alternative for Germany
B.L	en	Anarchist Pogo Party of Germany
B.L	en	Annual Report on the Protection of the Constitution (Germany)
B.L	en	Antisemitic
B.L	en	Authoritarianism
B.L	en	Bank
B.L	en	Basic Law for the Federal Republic of Germany
B.L	en	Bavaria Party
B.L	en	Berlin
B.L	en	Berlin state election, 2011
B.L	en	Bundestag
B.L	en	Bürgerrechtsbewegung Solidarität
B.L	en	Centre Party (Germany)
B.L	en	Chorweiler
B.L	en	Christian Centre
B.L	en	Christian Democratic Union (Germany)
B.L	en	Christian Social Union of Bavaria
B.L	en	Citizens in Rage
B.L	en	Cologne
B.L	en	Cologne Central Mosque
B.L	en	Communist Party of Germany (1990)
B.L	en	Communist Party of Germany (Roter Morgen)
B.L	en	Composition of the German Regional Parliaments
B.L	en	Deportation
B.L	en	Die PARTEI
B.L	en	Discrimination
B.L	en	Ecological Democratic Party
B.L	en	Elections in Germany
B.L	en	Ethnic nationalism
B.L	en	Extremism
B.L	en	Fachhochschule Düsseldorf
B.L	en	Family Party of Germany
B.L	en	Far-right
B.L	en	Far-right politics
B.L	en	Far right in Germany
B.L	en	Federal Office for the Protection of the Constitution
B.L	en	Federal Returning Officer
B.L	en	Feminist Party of Germany
B.L	en	Filip Dewinter
B.L	en	Financial institution
B.L	en	Free Democratic Party (Germany)
B.L	en	Free Voters
B.L	en	Freedom (German political party)
B.L	en	Freedom Party of Austria
B.L	en	German Communist Party
B.L	en	German League for People and Homeland
B.L	en	German Social Union (East Germany)
B.L	en	German language
B.L	en	Germans
B.L	en	Germany
B.L	en	Human Environment Animal Protection
B.L	en	Human rights
B.L	en	Illegal immigrant
B.L	en	Initiative
B.L	en	Klaus Wowereit
B.L	en	Law and order (politics)
B.L	en	List of political ideologies
B.L	en	List of political parties by country
B.L	en	List of political parties in Germany
B.L	en	Manfred Rouhs
B.L	en	Mario Borghezio
B.L	en	Marxist–Leninist Party of Germany
B.L	en	Minaret
B.L	en	Mosque
B.L	en	Multi-national corporation
B.L	en	Multiculturalism
B.L	en	National Democratic Party of Germany
B.L	en	North Rhine-Westphalia
B.L	en	Party of Bible-abiding Christians
B.L	en	Party of Reason
B.L	en	Petition
B.L	en	Pirate Party Germany
B.L	en	Political spectrum
B.L	en	Politics of Germany
B.L	en	Racism
B.L	en	Revolutionary Socialist League (Germany)
B.L	en	Right-wing extremism
B.L	en	Right-wing populism
B.L	en	Social Democratic Party of Germany
B.L	en	Social Equality Party (Germany)
B.L	en	Social equality
B.L	en	South Schleswig Voter Federation
B.L	en	Statt party (Germany)
B.L	en	The Friesen
B.L	en	The Left (Germany)
B.L	en	The Local
B.L	en	The Republicans (Germany)
B.L	en	Thilo Sarrazin
B.L	en	Template:German political parties
B.L	en	Template talk:German political parties
B.L	en	Portal:Politics
CN	de	Bürgerbewegung_pro_Deutschland
IWL	en	Pro Germany Citizens' Movement
