A.L	de	Amt (Kommunalrecht)
A.L	de	Amt Bredstedt-Land
A.L	de	Amt Langenhorn
A.L	de	Amt Mittleres Nordfriesland
A.L	de	Bargum
A.L	de	Bordelum
A.L	de	Bredstedt
A.L	de	Km²
A.L	de	Kreis Nordfriesland
A.L	de	Langenhorn (Nordfriesland)
A.L	de	Ockholm
A.L	de	Reußenköge
A.L	de	Schleswig-Holstein
B.L	eo	2004
B.L	eo	31-a de marto
B.L	eo	Bredstedt
B.L	eo	Distrikto (Germanio)
B.L	eo	Distrikto Norda Frislando
B.L	eo	Federacia lando (Germanio)
B.L	eo	Geografia koordinata sistemo
B.L	eo	Germanio
B.L	eo	Komunumaro Bredstedt-Land
B.L	eo	Komunumaro Meza Norda Frislando
B.L	eo	Urborajto
B.L	eo	Ŝlesvigo-Holstinio
B.L	eo	Vikipedio:Informkestoj
B.L	eo	Vikipedio:La perfekta ĝermo de artikolo
B.L	eo	Vikipedio:Trovi aŭ kreskigi ĝermojn
B.L	eo	Ŝablono:Informkesto germania komunumo
B.L	eo	Ŝablono:Situo sur mapo/korektado/DMS
B.L	eo	Ŝablono-Diskuto:Informkesto germania komunumo
B.L	en	Amt (subnational entity)
B.L	en	Bargum
B.L	en	Bordelum
B.L	en	Bredstedt
B.L	en	Bredstedt-Land
B.L	en	Geographic coordinate system
B.L	en	Germany
B.L	en	Husum, Germany
B.L	en	Langenhorn
B.L	en	Mittleres Nordfriesland
B.L	en	Nordfriesland
B.L	en	North Sea
B.L	en	Ockholm
B.L	en	Schleswig-Holstein
B.L	en	Wikipedia:Citing sources
B.L	en	Wikipedia:Stub
B.L	en	Wikipedia:Verifiability
B.L	en	Template:Nordfriesland-geo-stub
B.L	en	Template talk:Nordfriesland-geo-stub
B.L	en	Help:Introduction to referencing/1
B.L	en	Category:Articles lacking sources from December 2009
CN	de	Amt_Stollberg
IWL	eo	Komunumaro Stollberg
IWL	en	Stollberg (Amt)
