A.L	de	1979
A.L	de	27. August
A.L	de	Abensberg
A.L	de	Athen
A.L	de	Brasilien
A.L	de	Bronzemedaille
A.L	de	Bundestrainer
A.L	de	Detlef Ultsch
A.L	de	Deutscher Judo-Bund
A.L	de	Deutscher Meister
A.L	de	Deutschland
A.L	de	Djamel Bouras
A.L	de	Düsseldorf
A.L	de	Florian Wanner
A.L	de	Frank Wieneke
A.L	de	Goldmedaille
A.L	de	Gunter Bischof
A.L	de	Hidehiko Yoshida
A.L	de	Ilias Iliadis
A.L	de	Istanbul
A.L	de	Japan
A.L	de	Judo
A.L	de	Judo-Europameisterschaften
A.L	de	Judo-Europameisterschaften 2004
A.L	de	Judo-Europameisterschaften 2005
A.L	de	Judo-Europameisterschaften 2011
A.L	de	Judo-Weltmeisterschaft 2003
A.L	de	Judo-Weltmeisterschaften
A.L	de	Judo-Weltmeisterschaften 2009
A.L	de	Judoka
A.L	de	Kim Jae-bum
A.L	de	Liste der Olympiasieger im Judo
A.L	de	Los Angeles
A.L	de	Luxemburg
A.L	de	Makoto Takimoto
A.L	de	Montenegro
A.L	de	Olympiasieger
A.L	de	Olympische Sommerspiele 2004
A.L	de	Olympische Sommerspiele 2008
A.L	de	Olympische Sommerspiele 2008/Judo
A.L	de	Olympische Sommerspiele 2012/Judo
A.L	de	Olympische Spiele
A.L	de	PricewaterhouseCoopers
A.L	de	Reutlingen
A.L	de	Rotterdam
A.L	de	Russland
A.L	de	Schlag den Raab
A.L	de	Schota Chabareli
A.L	de	Schweiz
A.L	de	Silbermedaille
A.L	de	Silbernes Lorbeerblatt
A.L	de	Stefan Raab
A.L	de	Südkorea
A.L	de	TSG Reutlingen
A.L	de	TSV Abensberg
A.L	de	Tiago Camilo
A.L	de	Toyokazu Nomura
A.L	de	Tschechien
A.L	de	Universität zu Köln
A.L	de	Usbekistan
A.L	de	Volkswirtschaftslehre
A.L	de	Waldemar Legień
A.L	de	Weltrangliste
A.L	de	Wladimir Michailowitsch Newsorow
A.L	de	Ōsaka
A.L	de	Hilfe:Personendaten
B.L	fi	1979
B.L	fi	27. elokuuta
B.L	fi	Belgrad
B.L	fi	Boris Novotný
B.L	fi	Bukarest
B.L	fi	Ilias Iliadis
B.L	fi	Jeju
B.L	fi	Judo
B.L	fi	Judo kesäolympialaisissa 2008
B.L	fi	Judo kesäolympialaisissa 2012
B.L	fi	Judon Euroopan-mestaruuskilpailut
B.L	fi	Judon Euroopan-mestaruuskilpailut 2004
B.L	fi	Judon Euroopan-mestaruuskilpailut 2005
B.L	fi	Judon Euroopan-mestaruuskilpailut 2011
B.L	fi	Judon maailmanmestaruuskilpailut
B.L	fi	Judon maailmanmestaruuskilpailut 2009
B.L	fi	Kesäolympialaiset 2008
B.L	fi	Kesäolympialaiset 2012
B.L	fi	Kim Jae-Bum
B.L	fi	Olympialaiset
B.L	fi	Reutlingen
B.L	fi	Rotterdam
B.L	fi	Saksa
B.L	fi	Saksan liittotasavalta
B.L	fi	Tampere
B.L	fi	Tbilisi
B.L	fi	Universiadit
B.L	fr	1979 en sport
B.L	fr	27 août en sport
B.L	fr	Allemagne
B.L	fr	Août
B.L	fr	Août 1979
B.L	fr	Août 1979 en sport
B.L	fr	Bischof
B.L	fr	Bucarest
B.L	fr	Championnats d'Europe de judo 2004
B.L	fr	Championnats d'Europe de judo 2005
B.L	fr	Championnats d'Europe de judo 2006
B.L	fr	Championnats d'Europe de judo 2007
B.L	fr	Championnats du monde de judo 2005
B.L	fr	Djamel Bouras
B.L	fr	Florian Wanner
B.L	fr	Frank Wieneke
B.L	fr	Hambourg
B.L	fr	Hamm
B.L	fr	Hidehiko Yoshida
B.L	fr	Ilias Iliadis
B.L	fr	Ilías Iliádis
B.L	fr	Jeux olympiques d'été de 2004
B.L	fr	Jeux olympiques d'été de 2008
B.L	fr	Judo
B.L	fr	Judo aux Jeux olympiques d'été de 2008
B.L	fr	Judo aux Jeux olympiques d'été de 2012
B.L	fr	Judo aux Jeux olympiques de 1972
B.L	fr	Judo aux Jeux olympiques de 1976
B.L	fr	Judo aux Jeux olympiques de 1980
B.L	fr	Judo aux Jeux olympiques de 1984
B.L	fr	Judo aux Jeux olympiques de 1988
B.L	fr	Judo aux Jeux olympiques de 1992
B.L	fr	Judo aux Jeux olympiques de 1996
B.L	fr	Judo aux Jeux olympiques de 2000
B.L	fr	Judo aux Jeux olympiques de 2004
B.L	fr	Judo aux Jeux olympiques de 2008
B.L	fr	Kim Jae-Bum
B.L	fr	Kim Jae-bum
B.L	fr	Le Caire
B.L	fr	Liste des médaillés olympiques masculins en judo
B.L	fr	Makoto Takimoto
B.L	fr	Pékin
B.L	fr	Roman Gontyuk
B.L	fr	Rotterdam
B.L	fr	République populaire de Chine
B.L	fr	Shota Khabareli
B.L	fr	Tiago Camilo
B.L	fr	Tournoi World Cup de Budapest
B.L	fr	Tournoi de Paris de judo
B.L	fr	Toyokazu Nomura
B.L	fr	Vladimir Nevzorov
B.L	fr	Waldemar Legien
B.L	fr	Discussion:Ole Bischof/À faire
B.L	fr	Modèle:Palette Champions olympiques judo poids mi-moyens
B.L	fr	Modèle:Ébauche/paramètres judo
B.L	fr	Modèle:Ébauche/paramètres personnalité allemande
B.L	fr	Discussion modèle:Palette Champions olympiques judo poids mi-moyens
B.L	fr	Aide:Comment modifier une page
B.L	fr	Aide:Homonymie
B.L	fr	Aide:Ébauche
B.L	fr	Catégorie:Personnalité allemande
B.L	fr	Catégorie:Portail:Allemagne/Articles liés
B.L	fr	Catégorie:Portail:Judo/Articles liés
B.L	fr	Portail:Allemagne
B.L	fr	Portail:Judo
B.L	fr	Projet:Accueil
B.L	en	2004 European Judo Championships
B.L	en	2005 European Judo Championships
B.L	en	2006 European Judo Championships
B.L	en	2007 European Judo Championships
B.L	en	2008 Summer Olympics
B.L	en	2009 European Judo Championships
B.L	en	2009 World Judo Championships
B.L	en	2011 European Judo Championships
B.L	en	2012 Summer Olympics
B.L	en	Diplom Volkswirt
B.L	en	European Judo Championships
B.L	en	Florian Wanner
B.L	en	Frank Wieneke
B.L	en	Germany
B.L	en	Judo
B.L	en	Judo at the 2003 Summer Universiade
B.L	en	Judo at the 2008 Summer Olympics
B.L	en	Judo at the 2008 Summer Olympics—Men's 81 kg
B.L	en	Judo at the 2012 Summer Olympics
B.L	en	Judo at the 2012 Summer Olympics – Men's 81 kg
B.L	en	Judoka
B.L	en	Kim Jae-Bum
B.L	en	Olympic Games
B.L	en	PricewaterhouseCoopers
B.L	en	Reutlingen
B.L	en	Roman Gontyuk
B.L	en	Tiago Camilo
B.L	en	World Judo Championships
B.L	en	Wikipedia:Persondata
B.L	en	Wikipedia:Stub
B.L	en	Template:Germany-Olympic-medalist-stub
B.L	en	Template:Germany-judo-bio-stub
B.L	en	Template talk:Germany-Olympic-medalist-stub
B.L	en	Template talk:Germany-judo-bio-stub
B.L	da	1979
B.L	da	27. august
B.L	da	Judo
B.L	da	London
B.L	da	Sommer-OL 2008
B.L	da	Sommer-OL 2012
B.L	da	Tyskland
B.L	da	Tyskland ved sommer-OL 2012
B.L	da	Wikimedia Commons
B.L	cs	1979
B.L	cs	27. srpen
B.L	cs	Antonio Ciano
B.L	cs	Florian Wanner
B.L	cs	Islam Bozbayev
B.L	cs	Judo
B.L	cs	Judo na Letních olympijských hrách 2008
B.L	cs	Judo na Letních olympijských hrách 2012
B.L	cs	Judo na letních olympijských hrách
B.L	cs	Kim Če-pom
B.L	cs	Letní olympijské hry 2008
B.L	cs	Letní olympijské hry 2012
B.L	cs	Mistrovství Evropy v judu
B.L	cs	Mistrovství Evropy v judu 2004
B.L	cs	Mistrovství Evropy v judu 2005
B.L	cs	Mistrovství Evropy v judu 2011
B.L	cs	Mistrovství světa v judu
B.L	cs	Mistrovství světa v judu 2009
B.L	cs	Reutlingen
B.L	cs	Roman Honťuk
B.L	cs	Seoi-nage
B.L	cs	Seznam olympijských medailistů v judu
B.L	cs	Sven Maresch
B.L	cs	Takahiro Nakai
B.L	cs	Tiago Camilo
B.L	cs	Travis Stevens
B.L	cs	Západní Německo
B.L	cs	Portál:Obsah
B.L	cs	Portál:Sport
B.L	no	1979
B.L	no	27. august
B.L	no	Beijing
B.L	no	Europamesterskapet i judo
B.L	no	Europamesterskapet i judo 2004
B.L	no	Europamesterskapet i judo 2005
B.L	no	Europamesterskapet i judo 2011
B.L	no	Frank Wieneke
B.L	no	Judo
B.L	no	Judo under Sommer-OL 2008
B.L	no	Judo under Sommer-OL 2012 - 81 kg menn
B.L	no	Judo under Sommer-OL 2012 – 81 kg menn
B.L	no	Judoka
B.L	no	Kim Jae-Bum
B.L	no	London
B.L	no	OL
B.L	no	Reutlingen
B.L	no	Sommer-OL 1984
B.L	no	Sommer-OL 2008
B.L	no	Sommer-OL 2012
B.L	no	Tyskland
B.L	no	Verdensmesterskapet i judo
B.L	no	Verdensmesterskapet i judo 2009
B.L	pl	1979
B.L	pl	2004
B.L	pl	2005
B.L	pl	27 sierpnia
B.L	pl	Frank Wieneke
B.L	pl	Igrzyska olimpijskie
B.L	pl	Judo
B.L	pl	Judo na Letnich Igrzyskach Olimpijskich 2008
B.L	pl	Judo na Letnich Igrzyskach Olimpijskich 2012
B.L	pl	Kim Jae-Bum
B.L	pl	Korea Południowa
B.L	pl	Letnie Igrzyska Olimpijskie 1984
B.L	pl	Letnie Igrzyska Olimpijskie 2008
B.L	pl	Letnie Igrzyska Olimpijskie 2012
B.L	pl	Mistrzostwa Europy w Judo 2004
B.L	pl	Mistrzostwa Europy w Judo 2005
B.L	pl	Mistrzostwa Europy w Judo 2011
B.L	pl	Mistrzostwa Europy w judo
B.L	pl	Mistrzostwa Świata w Judo 2009
B.L	pl	Mistrzostwa świata w judo
B.L	pl	Niemcy
B.L	pl	Reutlingen
B.L	pl	Yuko
B.L	mn	1979
B.L	mn	2004 оны жүдогийн Европын аварга шалгаруулах тэмцээн
B.L	mn	2005 оны жүдогийн Европын аварга шалгаруулах тэмцээн
B.L	mn	2009 оны жүдогийн дэлхийн аварга шалгаруулах тэмцээн
B.L	mn	2011 оны жүдогийн Европын аварга шалгаруулах тэмцээн
B.L	mn	8 сарын 27
B.L	mn	Бээжингийн олимп
B.L	mn	Герман
B.L	mn	Герман хэл
B.L	mn	Жүдо
B.L	mn	Жүдогийн Европын аварга шалгаруулах тэмцээн
B.L	mn	Жүдогийн дэлхийн аварга шалгаруулах тэмцээн
B.L	mn	Жүдоч
B.L	mn	Зуны олимп
B.L	mn	Лондоны олимп (2012 он)
B.L	mn	Ройтлинген
B.L	mn	Франк Вьенеке
B.L	ka	1979
B.L	ka	27 აგვისტო
B.L	ka	გერმანელები
B.L	ka	გერმანია
B.L	ka	გერმანული ენა
B.L	ka	ვიკისაწყობი
B.L	ka	ზაფხულის ოლიმპიური თამაშები 2008
B.L	ka	ზაფხულის ოლიმპიური თამაშები 2012
B.L	ka	ოლიმპიური თამაშები
B.L	ka	როიტლინგენი
B.L	ka	ძიუდო
B.L	ka	ძიუდოს ევროპის ჩემპიონატი
B.L	ka	ძიუდოს ევროპის ჩემპიონატი 2004
B.L	ka	ძიუდოს ევროპის ჩემპიონატი 2005
B.L	ka	ძიუდოს ევროპის ჩემპიონატი 2011
B.L	ka	ძიუდოს მსოფლიო ჩემპიონატი
B.L	ka	ძიუდოს მსოფლიო ჩემპიონატი 2009
B.L	ko	1979년
B.L	ko	2008년 하계 올림픽
B.L	ko	2012년 하계 올림픽
B.L	ko	8월 27일
B.L	ko	독일
B.L	ko	올림픽
B.L	ko	유도
B.L	ko	위키백과:토막글
B.L	ko	틀:토막글/그림/유도인
B.L	hu	1979
B.L	hu	1984. évi nyári olimpiai játékok
B.L	hu	1997
B.L	hu	2002
B.L	hu	2004
B.L	hu	2005
B.L	hu	2006
B.L	hu	2008. évi nyári olimpiai játékok
B.L	hu	2012. évi nyári olimpiai játékok
B.L	hu	Augusztus 27.
B.L	hu	Budapest
B.L	hu	Cselgáncs
B.L	hu	Frank Wienke
B.L	hu	Férfi váltósúlyú cselgáncs a 2008. évi nyári olimpiai játékokon
B.L	hu	Férfi váltósúlyú cselgáncs a 2012. évi nyári olimpiai játékokon
B.L	hu	Nyugat-Németország
B.L	hu	Németország
B.L	hu	Olimpiai játékok
B.L	hu	Reutlingen
B.L	hu	Portál:Németország
B.L	hu	Portál:Németország/ikon
B.L	hu	Portál:Olimpia
B.L	hu	Portál:Olimpia/ikon
B.L	it	1979
B.L	it	2004
B.L	it	2005
B.L	it	2009
B.L	it	27 agosto
B.L	it	Bucarest
B.L	it	Campionati europei di judo
B.L	it	Campionati europei di judo 2011
B.L	it	Campionato mondiale di judo
B.L	it	Centimetro
B.L	it	Chilogrammo
B.L	it	Daegu
B.L	it	Germania
B.L	it	Giochi della XXIX Olimpiade
B.L	it	Giochi della XXX Olimpiade
B.L	it	Giochi olimpici estivi
B.L	it	Istanbul
B.L	it	Judo
B.L	it	Judo ai Giochi della XXIX Olimpiade - 81 kg maschile
B.L	it	Londra
B.L	it	Pechino
B.L	it	Reutlingen
B.L	it	Rotterdam
B.L	it	Universiadi
B.L	it	XXII Universiade
B.L	it	File:Stub judo.png
B.L	it	File:Stub sportivi tedeschi.png
B.L	it	Template:Icona Judo
B.L	it	Aiuto:Abbozzo
B.L	it	Aiuto:Manuale di stile
B.L	it	Categoria:Judoka tedeschi
B.L	it	Categoria:Nati a Reutlingen
B.L	it	Categoria:Nati il 27 agosto
B.L	it	Categoria:Nati nel 1979
B.L	it	Categoria:Stub - judo
B.L	it	Categoria:Stub - sportivi tedeschi
B.L	it	Portale:Biografie
B.L	it	Portale:Biografie/icona
B.L	it	Portale:Sport
B.L	it	Portale:Sport/icona
B.L	it	Progetto:Judo
B.L	it	Progetto:Sportivi tedeschi
B.L	ja	10月11日
B.L	ja	10月15日
B.L	ja	10月18日
B.L	ja	10月19日
B.L	ja	10月21日
B.L	ja	10月24日
B.L	ja	10月26日
B.L	ja	10月9日
B.L	ja	11月25日
B.L	ja	11月3日
B.L	ja	12月17日
B.L	ja	12月18日
B.L	ja	12月5日
B.L	ja	12月6日
B.L	ja	1979年
B.L	ja	1996年
B.L	ja	1997年
B.L	ja	1998年
B.L	ja	1月27日
B.L	ja	2000年
B.L	ja	2001年
B.L	ja	2002年
B.L	ja	2003年
B.L	ja	2004年
B.L	ja	2005年
B.L	ja	2006年
B.L	ja	2007年
B.L	ja	2008年
B.L	ja	2009年
B.L	ja	2009年世界柔道選手権大会
B.L	ja	2月11日
B.L	ja	2月14日
B.L	ja	2月16日
B.L	ja	2月20日
B.L	ja	2月21日
B.L	ja	2月22日
B.L	ja	2月25日
B.L	ja	3月15日
B.L	ja	3月20日
B.L	ja	3月21日
B.L	ja	3月26日
B.L	ja	4月25日
B.L	ja	4月7日
B.L	ja	4月8日
B.L	ja	4月9日
B.L	ja	5月10日
B.L	ja	5月15日
B.L	ja	5月20日
B.L	ja	5月21日
B.L	ja	5月28日
B.L	ja	5月31日
B.L	ja	5月6日
B.L	ja	5月7日
B.L	ja	6月17日
B.L	ja	6月28日
B.L	ja	6月7日
B.L	ja	7月26日
B.L	ja	7月2日
B.L	ja	7月6日
B.L	ja	8月10日
B.L	ja	8月12日
B.L	ja	8月27日
B.L	ja	8月28日
B.L	ja	8月7日
B.L	ja	9月21日
B.L	ja	9月29日
B.L	ja	IJF
B.L	ja	JudoInside.com
B.L	ja	イリアス・イリアディス
B.L	ja	ウラジミール・ネフゾロフ
B.L	ja	オリンピック柔道競技
B.L	ja	オリンピック柔道競技メダリスト一覧
B.L	ja	ショータ・ハバレーリ
B.L	ja	ジャメル・ブーラ
B.L	ja	ドイツ
B.L	ja	バルデマール・レジェン
B.L	ja	バーデン＝ヴュルテンベルク州
B.L	ja	フランク・ウィニケ
B.L	ja	ラテン語
B.L	ja	ロンドンオリンピック (2012年) における柔道競技
B.L	ja	世界柔道選手権大会
B.L	ja	北京オリンピック
B.L	ja	北京オリンピックにおける柔道競技
B.L	ja	吉田秀彦
B.L	ja	柔道
B.L	ja	柔道家
B.L	ja	瀧本誠
B.L	ja	野村豊和
B.L	ja	金メダル
B.L	ja	金宰範
B.L	ja	銀メダル
B.L	ja	銅メダル
B.L	ja	Wikipedia:スタブ
B.L	ja	Template:柔道家
B.L	ja	Category:柔道に関するスタブ項目
B.L	ja	プロジェクト:柔道
B.L	uk	1979
B.L	uk	27 серпня
B.L	uk	Баден-Вюртемберг
B.L	uk	Дзюдо
B.L	uk	Літні Олімпійські ігри 2008
B.L	uk	Літні Олімпійські ігри 2012
B.L	uk	Німецька мова
B.L	uk	Німеччина
B.L	uk	Німці
B.L	uk	Олімпійський чемпіон
B.L	uk	Олімпійські ігри
B.L	uk	Ройтлінген
B.L	uk	Вікіпедія:Як редагувати статтю
B.L	sv	Biografi
B.L	sv	Djamel Bouras
B.L	sv	Frank Wieneke
B.L	sv	Herrarnas halv mellanvikt i judo vid olympiska sommarspelen 1972
B.L	sv	Herrarnas halv mellanvikt i judo vid olympiska sommarspelen 1976
B.L	sv	Herrarnas halv mellanvikt i judo vid olympiska sommarspelen 1980
B.L	sv	Herrarnas halv mellanvikt i judo vid olympiska sommarspelen 1984
B.L	sv	Herrarnas halv mellanvikt i judo vid olympiska sommarspelen 1988
B.L	sv	Herrarnas halv mellanvikt i judo vid olympiska sommarspelen 1992
B.L	sv	Herrarnas halv mellanvikt i judo vid olympiska sommarspelen 1996
B.L	sv	Herrarnas halv mellanvikt i judo vid olympiska sommarspelen 2000
B.L	sv	Herrarnas halv mellanvikt i judo vid olympiska sommarspelen 2004
B.L	sv	Herrarnas halv mellanvikt i judo vid olympiska sommarspelen 2008
B.L	sv	Herrarnas halv mellanvikt i judo vid olympiska sommarspelen 2012
B.L	sv	Hidehiko Yoshida
B.L	sv	Ilias Iliadis
B.L	sv	Judo
B.L	sv	Judo vid olympiska sommarspelen
B.L	sv	Kim Jae-Bum
B.L	sv	Köln
B.L	sv	Lista över olympiska medaljörer i judo
B.L	sv	London
B.L	sv	Makoto Takimoto
B.L	sv	Nationalekonomi
B.L	sv	Olympiska sommarspelen 2008
B.L	sv	Olympiska sommarspelen 2012
B.L	sv	Olympiska spelen
B.L	sv	Peking
B.L	sv	Reutlingen
B.L	sv	Sjota Chabareli
B.L	sv	Sport
B.L	sv	Toyokazu Nomura
B.L	sv	Tyskland
B.L	sv	Vem kan slå Filip och Fredrik
B.L	sv	Vladimir Nevzorov
B.L	sv	Waldemar Legień
B.L	sv	Wikipedia:Stubbar
B.L	sv	Mall:Olympisk mästare judo halv mellanvikt herrar
B.L	sv	Malldiskussion:Olympisk mästare judo halv mellanvikt herrar
B.L	ru	1979 год
B.L	ru	2005 год
B.L	ru	2008 год
B.L	ru	2012
B.L	ru	27 августа
B.L	ru	Бишоф
B.L	ru	Германия
B.L	ru	Дзюдо
B.L	ru	Дзюдо на летних Олимпийских играх 2008 — До 81 кг (мужчины)
B.L	ru	Дзюдо на летних Олимпийских играх 2012 — До 81 кг (мужчины)
B.L	ru	Летние Олимпийские игры
B.L	ru	Летние Олимпийские игры 2008
B.L	ru	Летние Олимпийские игры 2012
B.L	ru	Немецкий язык
B.L	ru	Олимпийские игры
B.L	ru	Ройтлинген
B.L	ru	Спорт
B.L	ru	Тренер
B.L	ru	Чемпионат Европы по дзюдо
B.L	ru	Чемпионат Европы по дзюдо 2004
B.L	ru	Чемпионат Европы по дзюдо 2005
B.L	ru	Чемпионат Европы по дзюдо 2011
B.L	ru	Чемпионат мира по дзюдо
B.L	ru	Чемпионат мира по дзюдо 2009
B.L	ru	Википедия:Заготовка статьи
B.L	pt	12 de agosto
B.L	pt	1979
B.L	pt	27 de agosto
B.L	pt	Alemanha
B.L	pt	Baden-Württemberg
B.L	pt	Brasil
B.L	pt	Campeonato Europeu de Judô
B.L	pt	Campeonato Europeu de Judô de 2004
B.L	pt	Campeonato Europeu de Judô de 2005
B.L	pt	Campeonato Mundial de Judô
B.L	pt	Campeonato Mundial de Judô de 2009
B.L	pt	Coreia do Sul
B.L	pt	Economia
B.L	pt	Jogos Olímpicos
B.L	pt	Jogos Olímpicos de 2012
B.L	pt	Jogos Olímpicos de Verão de 2008
B.L	pt	Judô
B.L	pt	Judô nos Jogos Olímpicos de Verão de 2008 - Até 81 kg masculino
B.L	pt	Judô nos Jogos Olímpicos de Verão de 2012
B.L	pt	Kim Jae-Bum
B.L	pt	Língua alemã
B.L	pt	Língua inglesa
B.L	pt	Reutlingen
B.L	pt	Tiago Camilo
B.L	pt	Universidade de Colônia
B.L	pt	Yuko
B.L	pt	Wikipédia:Esboço
B.L	pt	Wikipédia:Projetos/Artes Marciais
B.L	zh	1979年
B.L	zh	2004年歐洲柔道錦標賽
B.L	zh	2005年歐洲柔道錦標賽
B.L	zh	2008年夏季奥林匹克运动会
B.L	zh	8月27日
B.L	zh	奧林匹克運動會
B.L	zh	德国
B.L	zh	德國人
B.L	zh	德语
B.L	zh	柔道
B.L	zh	罗伊特林根
B.L	zh	Wikipedia:小作品
CN	de	Ole_Bischof
IWL	fi	Ole Bischof
IWL	fr	Ole Bischof
IWL	en	Ole Bischof
IWL	da	Ole Bischof
IWL	cs	Ole Bischof
IWL	no	Ole Bischof
IWL	pl	Ole Bischof
IWL	mn	Оле Бишоф
IWL	ka	ოლე ბიშოფი
IWL	ko	올레 비쇼프
IWL	hu	Ole Bischof
IWL	it	Ole Bischof
IWL	ja	オーレ・ビショフ
IWL	uk	Оле Бішоф
IWL	sv	Ole Bischof
IWL	ru	Бишоф, Оле
IWL	pt	Ole Bischof
IWL	zh	奥勒·比朔夫
