A.L	de	1. FC Nürnberg
A.L	de	5-Prozent-Hürde
A.L	de	ARD
A.L	de	Abgeordnetenhaus von Berlin
A.L	de	Abweichler
A.L	de	Adolf Hitler
A.L	de	Adolf von Thadden
A.L	de	Alexander Neidlein
A.L	de	Alois Mannichl
A.L	de	Amtsgericht Riesa
A.L	de	Andreas Storr
A.L	de	Andy Knape
A.L	de	Antifaschistisches Pressearchiv und Bildungszentrum Berlin
A.L	de	Antikapitalismus
A.L	de	Antisemitismus (nach 1945)
A.L	de	Antizionismus
A.L	de	Arbeit für Bremen und Bremerhaven
A.L	de	Arne Schimmer
A.L	de	Asyldebatte
A.L	de	Asylrecht (Deutschland)
A.L	de	Ausland
A.L	de	Autonome Nationalisten
A.L	de	Autoritärer Staat
A.L	de	Außerparlamentarische Opposition
A.L	de	Bad Dürkheim
A.L	de	Bayernpartei
A.L	de	Beitrittsverhandlungen der Türkei mit der Europäischen Union
A.L	de	Berlin
A.L	de	Berlin-Köpenick
A.L	de	Bildungswerk für Heimat und nationale Identität
A.L	de	Birgit Fechner
A.L	de	Blätter für deutsche und internationale Politik
A.L	de	Brandenburg
A.L	de	Bremer Demokratische Volkspartei
A.L	de	Bremer Grüne Liste
A.L	de	Bremische Bürgerschaft
A.L	de	Bundesamt für Verfassungsschutz
A.L	de	Bundesministerium des Innern
A.L	de	Bundesrat (Deutschland)
A.L	de	Bundesregierung (Deutschland)
A.L	de	Bundestagswahl 1965
A.L	de	Bundestagswahl 1969
A.L	de	Bundestagswahl 1972
A.L	de	Bundestagswahl 1976
A.L	de	Bundestagswahl 1980
A.L	de	Bundestagswahl 1983
A.L	de	Bundestagswahl 1987
A.L	de	Bundestagswahl 1990
A.L	de	Bundestagswahl 1994
A.L	de	Bundestagswahl 1998
A.L	de	Bundestagswahl 2002
A.L	de	Bundestagswahl 2005
A.L	de	Bundestagswahl 2009
A.L	de	Bundestagswahlkreis Dresden I
A.L	de	Bundesverfassungsgericht
A.L	de	Bundesverwaltungsgericht (Deutschland)
A.L	de	Bundeszentrale für politische Bildung
A.L	de	Bündnis 90/Die Grünen
A.L	de	Bürger in Wut
A.L	de	Bürgerinitiative
A.L	de	Bürgerschaftswahl in Bremen 2011
A.L	de	Bürgerschaftswahl in Hamburg 2011
A.L	de	Christian Dornbusch
A.L	de	Christian Worch
A.L	de	Christlich-Soziale Union in Bayern
A.L	de	Christlich Demokratische Union Deutschlands
A.L	de	Christliche Volkspartei des Saarlandes
A.L	de	Chrysi Avgi
A.L	de	Claus Cremer
A.L	de	Daniel Knebel
A.L	de	Das Erste
A.L	de	Demokratie
A.L	de	Demokratie Jetzt
A.L	de	Demokratische Partei (Baden)
A.L	de	Demokratische Partei Saar
A.L	de	Demokratische Volkspartei
A.L	de	Denkfabrik
A.L	de	Der Spiegel
A.L	de	Derschen
A.L	de	Deutsche Demokratische Union
A.L	de	Deutsche Konservative Partei – Deutsche Rechtspartei
A.L	de	Deutsche Liga für Volk und Heimat
A.L	de	Deutsche Mark
A.L	de	Deutsche Nachrichten
A.L	de	Deutsche Partei
A.L	de	Deutsche Partei (ab 1993)
A.L	de	Deutsche Reichspartei
A.L	de	Deutsche Stimme
A.L	de	Deutsche Studentenbewegung der 1960er-Jahre
A.L	de	Deutsche Volksunion
A.L	de	Deutsche Wiedervereinigung
A.L	de	Deutsche Zentrumspartei
A.L	de	Deutscher Bundestag
A.L	de	Deutsches Reich in den Grenzen vom 31. Dezember 1937
A.L	de	Deutschland
A.L	de	Deutschlandpakt
A.L	de	Deutschnationale Volkspartei
A.L	de	Die Linke
A.L	de	Die Republikaner
A.L	de	Die Zeit
A.L	de	Die tageszeitung
A.L	de	Dörthe Armstroff
A.L	de	Edda Schmidt
A.L	de	Ehrenamtlicher Richter
A.L	de	Einstweilige Verfügung
A.L	de	Ekkehard Stuhldreher
A.L	de	Endstation Rechts
A.L	de	Ergebnisse der Landtagswahlen in der Bundesrepublik Deutschland
A.L	de	Erwin Kemna
A.L	de	Ethnie
A.L	de	Ethnopluralismus
A.L	de	Europawahl 1979
A.L	de	Europawahl 1984
A.L	de	Europawahl 1989
A.L	de	Europawahl 1994
A.L	de	Europawahl 1999
A.L	de	Europawahl 2004
A.L	de	Europawahl 2009
A.L	de	Europawahl 2009 in Deutschland
A.L	de	Europäische Union
A.L	de	Europäisches Parlament
A.L	de	Fakt (Magazin)
A.L	de	Focus
A.L	de	Fraktion (Politik)
A.L	de	Fraktionsvorsitzender
A.L	de	Frank Franz
A.L	de	Frank Schwerdt
A.L	de	Frank Werneke
A.L	de	Frankfurter Schule
A.L	de	Franz Schönhuber
A.L	de	Freie Demokratische Partei
A.L	de	Freie Kameradschaften
A.L	de	Freie Wähler (Bundesvereinigung)
A.L	de	Freiheitliche Partei Österreichs
A.L	de	Friedhelm Busse
A.L	de	Friedrich Thielen
A.L	de	Front Deutscher Äpfel
A.L	de	Fünf-Prozent-Hürde
A.L	de	Fürstenzell
A.L	de	G8-Gipfel in Heiligendamm 2007
A.L	de	Gentechnik
A.L	de	Georg Milbradt
A.L	de	Gerhard Frey (Politiker)
A.L	de	Gerhard Schröder
A.L	de	Gesamtdeutsche Partei
A.L	de	Gesamtdeutscher Block/Bund der Heimatvertriebenen und Entrechteten
A.L	de	Geschichtsrevisionismus
A.L	de	Gitta Schüßler
A.L	de	Graffiti
A.L	de	Große Koalition
A.L	de	Grundgesetz für die Bundesrepublik Deutschland
A.L	de	Günter Deckert
A.L	de	Hamburg-Block
A.L	de	Hannelore Elsner
A.L	de	Hannover
A.L	de	Hans-Jochen Tschiche
A.L	de	Hans-Otto Weidenbach
A.L	de	Hans Jähde
A.L	de	Hartz-Konzept
A.L	de	Hegemonie
A.L	de	Heinrich Fassbender
A.L	de	Heinz Rudolph
A.L	de	Henning Homann
A.L	de	Hermann Ebeling
A.L	de	Hessischer Landtag
A.L	de	Hetzjagd in Guben
A.L	de	Holger Apfel
A.L	de	Holger Szymanski
A.L	de	Holocaust
A.L	de	Holzminden
A.L	de	Homophobie
A.L	de	Horst Görmann
A.L	de	Hugo Chávez
A.L	de	Ingo Stawitz
A.L	de	Intensivtierhaltung
A.L	de	Jens Pühse
A.L	de	Joachim Herrmann (CSU)
A.L	de	Jobbik
A.L	de	Judenfeindlichkeit
A.L	de	Junge Freiheit
A.L	de	Junge Nationaldemokraten
A.L	de	Jusos
A.L	de	Jörg Hähnel
A.L	de	Jürgen Gansel
A.L	de	Jürgen Rieger
A.L	de	Kapitalismuskritik
A.L	de	Karl-Heinz Vorsatz
A.L	de	Karl Richter (Politiker)
A.L	de	Kerstin Lorenz
A.L	de	Klaus Beier
A.L	de	Kleinpartei
A.L	de	Kommunalwahl
A.L	de	Kommunistische Partei Deutschlands
A.L	de	Kommunistische Partei Saar
A.L	de	Konrad Adenauer
A.L	de	Kreistag
A.L	de	Land (Deutschland)
A.L	de	Landesparlament
A.L	de	Landgericht München I
A.L	de	Landkreis Spree-Neiße
A.L	de	Landtag Mecklenburg-Vorpommern
A.L	de	Landtag Sachsen-Anhalt
A.L	de	Landtag Schleswig-Holstein
A.L	de	Landtag von Baden-Württemberg
A.L	de	Landtagswahl im Saarland 2012
A.L	de	Landtagswahl in Baden-Württemberg 1968
A.L	de	Landtagswahl in Baden-Württemberg 1988
A.L	de	Landtagswahl in Baden-Württemberg 2011
A.L	de	Landtagswahl in Bayern 2008
A.L	de	Landtagswahl in Brandenburg 2009
A.L	de	Landtagswahl in Hessen 2009
A.L	de	Landtagswahl in Mecklenburg-Vorpommern 2006
A.L	de	Landtagswahl in Mecklenburg-Vorpommern 2011
A.L	de	Landtagswahl in Niedersachsen 2013
A.L	de	Landtagswahl in Nordrhein-Westfalen 2012
A.L	de	Landtagswahl in Rheinland-Pfalz 2011
A.L	de	Landtagswahl in Sachsen-Anhalt 2011
A.L	de	Landtagswahl in Sachsen 2004
A.L	de	Landtagswahl in Sachsen 2009
A.L	de	Landtagswahl in Schleswig-Holstein 2012
A.L	de	Landtagswahl in Thüringen 2009
A.L	de	Landtagswahlen (Niedersachsen)
A.L	de	Landtagswahlen (Saarland)
A.L	de	Landtagswahlergebnisse aus Nordrhein-Westfalen
A.L	de	Legislaturperiode
A.L	de	Leinefelde-Worbis
A.L	de	Liste der Landtagswahlergebnisse in Bayern
A.L	de	Luftangriffe auf Dresden
A.L	de	Mahmud Ahmadinedschad
A.L	de	Mandat (Politik)
A.L	de	Mandatsträgerbeitrag
A.L	de	Martin Mußgnug
A.L	de	Mathias Brodkorb
A.L	de	Matthias Faust (Politiker)
A.L	de	Matthias Heyder
A.L	de	Max Horkheimer
A.L	de	Mecklenburg-Vorpommern
A.L	de	Mehrheitswahl
A.L	de	Mitteldeutsche Zeitung
A.L	de	NATO
A.L	de	NPD-Blog
A.L	de	NPD-Verbotsverfahren
A.L	de	NPD-Verbotsverfahren (2001–2003)
A.L	de	NPD (Begriffsklärung)
A.L	de	NPD Baden-Württemberg
A.L	de	NPD Bayern
A.L	de	NPD Bremen
A.L	de	NPD Hessen
A.L	de	NPD Mecklenburg-Vorpommern
A.L	de	NPD Niedersachsen
A.L	de	NPD Rheinland-Pfalz
A.L	de	NPD Sachsen
A.L	de	NPD Schleswig-Holstein
A.L	de	Nachwahl
A.L	de	National-Demokratische Partei Deutschlands
A.L	de	National-Zeitung (München)
A.L	de	National befreite Zone
A.L	de	Nationaldemokratische Partei
A.L	de	Nationaldemokratischer Hochschulbund
A.L	de	Nationaler Widerstand
A.L	de	Nationalismus
A.L	de	Nationalsozialismus
A.L	de	Nationalsozialistische Deutsche Arbeiterpartei
A.L	de	Neobiota
A.L	de	Neonazismus
A.L	de	Neues Forum
A.L	de	Neumark (Landschaft)
A.L	de	Nordrhein-Westfalen
A.L	de	Opposition (Politik)
A.L	de	Organklage
A.L	de	Ostdeutschland
A.L	de	Ostpreußen
A.L	de	Otto Hess (deutscher Politiker)
A.L	de	Partei Rechtsstaatlicher Offensive
A.L	de	Parteienfinanzierung
A.L	de	Parteinahe Stiftung
A.L	de	Passau
A.L	de	Patrick Gensing
A.L	de	Patrick Wieschke
A.L	de	Peter Marx (Politiker)
A.L	de	Peter Walde
A.L	de	Piratenpartei Deutschland
A.L	de	Politik in Hamburg
A.L	de	Politische Linke
A.L	de	Politisches System Deutschlands
A.L	de	Pommern
A.L	de	Pressekonferenz
A.L	de	Pro-Bewegung
A.L	de	Propaganda
A.L	de	Präsident des Deutschen Bundestages
A.L	de	Querfront
A.L	de	Ralf Ollert
A.L	de	Rasse
A.L	de	Rassismus
A.L	de	Reaktion (Politik)
A.L	de	Rechenschaftsbericht
A.L	de	Rechtsextreme Netzwerke
A.L	de	Rechtsextremismus
A.L	de	Reichskriegsflagge
A.L	de	Reuters
A.L	de	Revanchismus
A.L	de	Rezession
A.L	de	Rheinland-Pfälzischer Landtag
A.L	de	Riesa
A.L	de	Ring Nationaler Frauen
A.L	de	Ronny Zasowk
A.L	de	Sachsen
A.L	de	Schlaganfall
A.L	de	Schlesien
A.L	de	Schleswig-Holstein
A.L	de	Schleswig-Holsteinische Gemeinschaft
A.L	de	Schutzstaffel
A.L	de	Schweizerische Volkspartei
A.L	de	Sebastian Schmidtke
A.L	de	Selbstanzeige
A.L	de	Skinheads Sächsische Schweiz
A.L	de	Sozialdemokratische Partei Deutschlands
A.L	de	Sozialdemokratische Partei des Saarlandes
A.L	de	Sozialistische Reichspartei
A.L	de	Sperrminorität
A.L	de	Spiegel Online
A.L	de	Sprache des Nationalsozialismus
A.L	de	Statt Partei
A.L	de	Stefan Köster
A.L	de	Steffen Kailitz
A.L	de	Storch Heinar
A.L	de	Streitkräfte der Vereinigten Staaten
A.L	de	Sulzbach (Weinheim)
A.L	de	Sächsische Schweiz
A.L	de	Sächsischer Landtag
A.L	de	Süddeutsche Zeitung
A.L	de	Südschleswigscher Wählerverband
A.L	de	Tagesspiegel
A.L	de	Theodor W. Adorno
A.L	de	Thomas Wulff
A.L	de	Thor Steinar
A.L	de	Thorsten Heise
A.L	de	Thule-Seminar
A.L	de	Thüringen
A.L	de	Tierversuch
A.L	de	Todesstrafe
A.L	de	Toralf Staud
A.L	de	Torben Klebe
A.L	de	Udo Pastörs
A.L	de	Udo Voigt
A.L	de	Ullrich Eigenfeld
A.L	de	Umvolkung
A.L	de	Umweltbewusstsein
A.L	de	Unwort
A.L	de	Uwe Backes
A.L	de	Uwe Jun
A.L	de	Uwe Leichsenring
A.L	de	Uwe Meenen
A.L	de	V-Person
A.L	de	VS Verlag für Sozialwissenschaften
A.L	de	Vaterländische Union (Deutschland)
A.L	de	Vaterstädtischer Bund Hamburg
A.L	de	Vereinigung der Verfolgten des Naziregimes – Bund der Antifaschistinnen und Antifaschisten
A.L	de	Verfassungsfeindlichkeit
A.L	de	Verfassungsschutz
A.L	de	Verfassungsschutzbericht
A.L	de	Vergangenheitsbewältigung
A.L	de	Verwaltungsgericht Berlin
A.L	de	Vlaams Belang
A.L	de	Volksfront
A.L	de	Volksgemeinschaft
A.L	de	Volksverhetzung
A.L	de	Völkische Bewegung
A.L	de	Völkischer Nationalismus
A.L	de	Waffen-SS
A.L	de	Wahl zum Abgeordnetenhaus von Berlin 2011
A.L	de	Wahlen zum Brandenburger Landtag
A.L	de	Wahlergebnisse und Landesregierungen in Sachsen
A.L	de	Wahlergebnisse und Landesregierungen in Thüringen
A.L	de	Wahlergebnisse und Senate in Bremen
A.L	de	Wahlkreis
A.L	de	Walter Bachmann (Politiker)
A.L	de	Watchblog
A.L	de	Wehrmacht
A.L	de	Weinheim
A.L	de	Weltwirtschaftskrise
A.L	de	Wilhelm Gutmann
A.L	de	Wirtschaftliche Aufbau-Vereinigung (Partei)
A.L	de	Wirtschaftswunder
A.L	de	Wolfgang Schäuble
A.L	de	Würde des Menschen
A.L	de	Zeca Schall
A.L	de	Zeit des Nationalsozialismus
A.L	de	Zivilgesellschaft
A.L	de	Zweiter Weltkrieg
A.L	de	Ökologische Landwirtschaft
A.L	de	Überfischung
A.L	de	Überfremdung
A.L	de	Wikipedia:Defekte Weblinks
A.L	de	Vorlage:Parteien in deutschen Parlamenten
A.L	de	Vorlage Diskussion:Parteien in deutschen Parlamenten
A.L	de	Kategorie:NPD-Mitglied
B.L	fi	Adolf von Thadden
B.L	fi	Brandenburg
B.L	fi	Braunschweig
B.L	fi	Etninen nationalismi
B.L	fi	Friedrich Thielen
B.L	fi	Günter Deckert
B.L	fi	Holger Apfel
B.L	fi	Kansallissosialismi
B.L	fi	Länsi-Saksa
B.L	fi	Martin Mussgnug
B.L	fi	Mecklenburg-Vorpommern
B.L	fi	Rasismi
B.L	fi	Saksa
B.L	fi	Saksan kansallisdemokraattinen puolue (DDR)
B.L	fi	Saksan kansallissosialistinen työväenpuolue
B.L	fi	Saksan kansanunioni
B.L	fi	Saksan kieli
B.L	fi	Saksan liittopäivät
B.L	fi	Saksin osavaltio
B.L	fi	Udo Voigt
B.L	fr	1964
B.L	fr	2009
B.L	fr	2011
B.L	fr	28 novembre
B.L	fr	30 août
B.L	fr	Allemagne
B.L	fr	Altermedia
B.L	fr	Années 1960
B.L	fr	Antifascisme
B.L	fr	Antisémitisme
B.L	fr	Août 2009
B.L	fr	BND
B.L	fr	Bade-Wurtemberg
B.L	fr	Berlin
B.L	fr	Bombardement de Dresde
B.L	fr	Bundesrat (Allemagne)
B.L	fr	Bundestag
B.L	fr	CREDOF
B.L	fr	Conservatisme social
B.L	fr	Couleur politique
B.L	fr	Coupe du monde de football de 2006
B.L	fr	Droit d'asile
B.L	fr	Extrême droite
B.L	fr	FC Schalke 04
B.L	fr	Front national européen
B.L	fr	Gerald Asamoah
B.L	fr	Halberstadt
B.L	fr	Hans-Peter Friedrich
B.L	fr	Holger Apfel
B.L	fr	Immigration
B.L	fr	Incitation à la haine raciale
B.L	fr	Janvier 2001
B.L	fr	Landtag
B.L	fr	Les Républicains
B.L	fr	Loi fondamentale d'Allemagne
B.L	fr	Loi fondamentale de la République fédérale d'Allemagne
B.L	fr	Mars 2008
B.L	fr	Mecklembourg-Poméranie-Occidentale
B.L	fr	NPD
B.L	fr	Nationalisme
B.L	fr	Nazisme
B.L	fr	Noir
B.L	fr	Novembre 1964
B.L	fr	Néonazisme
B.L	fr	Office fédéral de protection de la constitution
B.L	fr	Parti impérial allemand
B.L	fr	Parti national-démocrate (homonymie)
B.L	fr	Parti politique
B.L	fr	Patrick Owomoyela
B.L	fr	Populisme (politique)
B.L	fr	Racisme
B.L	fr	Rhénanie-du-Nord-Westphalie
B.L	fr	Rouge
B.L	fr	Rudolf Hess
B.L	fr	Réunification allemande
B.L	fr	Révisionnisme
B.L	fr	Saxe-Anhalt
B.L	fr	Saxe (Land)
B.L	fr	Schleswig-Holstein
B.L	fr	Seconde Guerre mondiale
B.L	fr	Septembre 2004
B.L	fr	Shoah
B.L	fr	Skinhead nazi
B.L	fr	Sozialistische Reichspartei
B.L	fr	Thor Steinar
B.L	fr	Tribunal constitutionnel fédéral
B.L	fr	Union populaire allemande
B.L	fr	Élections fédérales allemandes de 1969
B.L	fr	Équipe d'Allemagne de football
B.L	fr	État de droit
B.L	fr	Aide:Homonymie
B.L	fr	Catégorie:Portail:Allemagne/Articles liés
B.L	fr	Catégorie:Portail:Politique/Articles liés
B.L	fr	Portail:Allemagne
B.L	fr	Portail:Politique
B.L	he	1945
B.L	he	1964
B.L	he	2003
B.L	he	2004
B.L	he	2005
B.L	he	2009
B.L	he	2010
B.L	he	2011
B.L	he	אוסטריה
B.L	he	אנטישמיות
B.L	he	במברג
B.L	he	גרמניה
B.L	he	גרמנית
B.L	he	דמוקרטיה
B.L	he	המפלגה הנאצית
B.L	he	הרייך השלישי
B.L	he	ויקישיתוף
B.L	he	ליברליזם כלכלי
B.L	he	מינכן
B.L	he	מלחמת העולם השנייה
B.L	he	נאו-נאציזם
B.L	he	קומוניזם
B.L	gl	1964
B.L	gl	28 de novembro
B.L	gl	Baden-Württemberg
B.L	gl	Baixa Saxonia
B.L	gl	Baviera
B.L	gl	Bremen
B.L	gl	Bundestag
B.L	gl	Liña Oder-Neisse
B.L	gl	Mecklemburgo-Antepomerania
B.L	gl	OTAN
B.L	gl	Partido do Imperio Alemán
B.L	gl	Renania-Palatinado
B.L	gl	Saxonia
B.L	gl	Schleswig-Holstein
B.L	gl	Turquía
B.L	gl	Udo Voigt
B.L	gl	Unión Europea
B.L	gl	Unión do Pobo Alemán
B.L	gl	Wikipedia:Citar as fontes
B.L	gl	Wikipedia:Verificabilidade
B.L	fa	آلمان
B.L	fa	ادو فویگت
B.L	fa	اسرائیل
B.L	fa	حزب امپراتوری آلمان
B.L	fa	حزب سوسیال دموکرات آلمان
B.L	fa	زبان آلمانی
B.L	fa	گرهارد شرودر
B.L	fa	۱۹۶۴ (میلادی)
B.L	fa	۱۹۹۶ (میلادی)
B.L	fa	۲۰۰۱ (میلادی)
B.L	fa	۲۰۰۳ (میلادی)
B.L	fa	۲۸ نوامبر
B.L	fa	ویکی‌پدیا:مقالهٔ خرد
B.L	fa	الگو:سیاست-خرد
B.L	fa	بحث الگو:سیاست-خرد
B.L	el	1964
B.L	el	1996
B.L	el	2009
B.L	el	28 Νοεμβρίου
B.L	el	ARD
B.L	el	Bundestag
B.L	el	De facto
B.L	el	Verfassungsschutz
B.L	el	Γερμανία
B.L	el	Γερμανικά
B.L	el	Γερμανικό Αυτοκρατορικό Κόμμα
B.L	el	Γερμανικός Εθνικοσοσιαλισμός
B.L	el	Γερμανικός εθνικισμός
B.L	el	Εβραίοι
B.L	el	Εθνικισμός
B.L	el	Εθνοτικός εθνικισμός
B.L	el	Εκλογές Γερμανίας
B.L	el	Ελλάδα
B.L	el	Ευρωπαϊκό Εθνικό Μέτωπο
B.L	el	Ευρωπαϊκό Κοινοβούλιο
B.L	el	Ιδεολογία
B.L	el	Κατάλογος πολιτικών κομμάτων Γερμανίας
B.L	el	Κου Κλουξ Κλαν
B.L	el	ΜΜΕ
B.L	el	Μουσουλμανισμός
B.L	el	Μπράουνσβαϊχ
B.L	el	Νεοναζί
B.L	el	Ντέιβιντ Ντιούκ
B.L	el	Ούντο Φόιγκτ
B.L	el	Παγγερμαρισμός
B.L	el	Πολιτική
B.L	el	Πολιτικό σύστημα Γερμανίας
B.L	el	Χρυσή Αυγή
B.L	el	Χόλγκερ Άπφελ
B.L	eo	1964
B.L	eo	28-an de novembro
B.L	eo	Bundestag
B.L	eo	Dekstra ekstremismo
B.L	eo	Distrikto (Germanio)
B.L	eo	Eŭropa Nacia Fronto
B.L	eo	Federacia lando (Germanio)
B.L	eo	Germanaj federaciaj balotoj de 2005
B.L	eo	Germane
B.L	eo	Germanio
B.L	eo	Hanovro
B.L	eo	Ksenofobio
B.L	eo	Meklenburgo-Antaŭpomerio
B.L	eo	Naciismo
B.L	eo	Politika partio
B.L	eo	Saksio
B.L	eo	Udo Voigt
B.L	eo	Vikipedio:Informkestoj
B.L	eo	Ŝablono:Informkesto politika partio
B.L	eo	Ŝablono-Diskuto:Informkesto politika partio
B.L	en	1960s generation
B.L	en	2006 FIFA World Cup
B.L	en	Accession of Turkey to the European Union
B.L	en	Action Front of National Socialists/National Activists
B.L	en	Adolf von Thadden
B.L	en	African-Americans
B.L	en	Alliance '90/The Greens
B.L	en	Allied forces
B.L	en	Alternative for Germany
B.L	en	Anarchist Pogo Party of Germany
B.L	en	Anti-Semitism
B.L	en	Anti-fascism
B.L	en	Armin Mohler
B.L	en	Artgemeinschaft
B.L	en	Auschwitz concentration camp
B.L	en	Austria
B.L	en	Autonome Nationalisten
B.L	en	Barack Obama
B.L	en	Bavaria
B.L	en	Bavaria Party
B.L	en	Bela Ewald Althans
B.L	en	Berlin
B.L	en	Blick nach rechts
B.L	en	Bombing of Dresden in World War II
B.L	en	Brandenburg
B.L	en	Bundesamt für Verfassungsschutz
B.L	en	Bundesrat (Germany)
B.L	en	Bundestag
B.L	en	Bürgerrechtsbewegung Solidarität
B.L	en	Central Council of Jews in Germany
B.L	en	Centre Party (Germany)
B.L	en	Christian Centre
B.L	en	Christian Democratic Party
B.L	en	Christian Democratic Union (Germany)
B.L	en	Christian Social Union of Bavaria
B.L	en	Christian Worch
B.L	en	Citizens in Rage
B.L	en	Communist Party of Germany (1990)
B.L	en	Communist Party of Germany (Roter Morgen)
B.L	en	Composition of the German Regional Parliaments
B.L	en	DVU
B.L	en	David Duke
B.L	en	Defamation
B.L	en	Deutsche Heidnische Front
B.L	en	Deutsche Rechtspartei
B.L	en	Deutsche Reichspartei
B.L	en	Deutsche Volksunion
B.L	en	Deutsche Welle
B.L	en	Die PARTEI
B.L	en	Dresden
B.L	en	East Germany
B.L	en	Ecological Democratic Party
B.L	en	Eisenach
B.L	en	Elections in Germany
B.L	en	English language
B.L	en	Erich Kern
B.L	en	Ethology
B.L	en	European National Front
B.L	en	European Parliament election, 2009 (Germany)
B.L	en	European Union
B.L	en	Euroscepticism
B.L	en	Family Party of Germany
B.L	en	Far-right politics
B.L	en	Far right in Germany
B.L	en	Federal Constitutional Court of Germany
B.L	en	Feminist Party of Germany
B.L	en	Fourth Reich
B.L	en	Frank Rennicke
B.L	en	Frank Schwerdt
B.L	en	Franz Schönhuber
B.L	en	Free Democratic Party (Germany)
B.L	en	Free German Workers' Party
B.L	en	Free Voters
B.L	en	Freedom (German political party)
B.L	en	Friedhelm Busse
B.L	en	Friedrich Thielen
B.L	en	Fritz Rössler
B.L	en	Gaza
B.L	en	Gerhard Frey (politician)
B.L	en	German Alternative
B.L	en	German Communist Party
B.L	en	German Football Association
B.L	en	German League for People and Homeland
B.L	en	German People's Union
B.L	en	German Reich Party
B.L	en	German Social Union (East Germany)
B.L	en	German Social Union (West Germany)
B.L	en	German federal election, 2005
B.L	en	German federal election, 2009
B.L	en	German language
B.L	en	German national football team
B.L	en	German nationalism
B.L	en	German student movement
B.L	en	Germany
B.L	en	Gesinnungsgemeinschaft der Neuen Front
B.L	en	Grand Coalition (Germany)
B.L	en	Günter Deckert
B.L	en	Halberstadt
B.L	en	Harald Neubauer
B.L	en	Hesse
B.L	en	Historical revisionism (negationism)
B.L	en	Holger Apfel
B.L	en	Holocaust denial
B.L	en	Horst Mahler
B.L	en	Human Environment Animal Protection
B.L	en	Immigration to Germany
B.L	en	Incitement to ethnic or racial hatred
B.L	en	International Standard Book Number
B.L	en	Iranian national football team
B.L	en	Irenäus Eibl-Eibesfeldt
B.L	en	Irredentism
B.L	en	Islamist
B.L	en	Israel
B.L	en	Junge Landsmannschaft Ostdeutschland
B.L	en	Jürgen Gansel
B.L	en	Jürgen Rieger
B.L	en	Kerstin Lorenz
B.L	en	Klaus Bieler
B.L	en	Konrad Lorenz
B.L	en	Konstantin Wecker
B.L	en	Landgericht
B.L	en	Landtag
B.L	en	Landtag of Saxony
B.L	en	Leipzig
B.L	en	Liberal capitalism
B.L	en	Liberal democracy
B.L	en	Liberalism
B.L	en	List of National Democratic Party of Germany politicians
B.L	en	List of political ideologies
B.L	en	List of political parties by country
B.L	en	List of political parties in Germany
B.L	en	Lower Saxony
B.L	en	Mahmoud Ahmadinejad
B.L	en	Martin Mussgnug
B.L	en	Marxist–Leninist Party of Germany
B.L	en	Mecklenburg-Vorpommern
B.L	en	Mecklenburg-Vorpommern state election, 2006
B.L	en	Mesut Özil
B.L	en	Michael Kühnen
B.L	en	Michael Swierczek
B.L	en	NATO
B.L	en	Nation und Europa
B.L	en	National Democratic Party of Germany (East Germany)
B.L	en	National Offensive
B.L	en	National Socialist Underground
B.L	en	National Zeitung
B.L	en	Nationalist Front
B.L	en	Natural law
B.L	en	Nazism
B.L	en	Negroes
B.L	en	Neo-Nazi
B.L	en	Neue Rechte
B.L	en	Null and void
B.L	en	Oder-Neisse Line
B.L	en	Office for the Protection of the Constitution
B.L	en	Operation Cast Lead
B.L	en	Otto Ernst Remer
B.L	en	Otto Strasser
B.L	en	Palestinians
B.L	en	Pan-Germanism
B.L	en	Parliamentary democracy
B.L	en	Party of Bible-abiding Christians
B.L	en	Party of Reason
B.L	en	Patrick Owomoyela
B.L	en	Pirate Party Germany
B.L	en	Plutocracy
B.L	en	Poland
B.L	en	Political spectrum
B.L	en	Politics of Germany
B.L	en	Politics of the United States
B.L	en	Preliminary injunction
B.L	en	President of Iran
B.L	en	Private property
B.L	en	Pro Germany Citizens' Movement
B.L	en	Racism
B.L	en	Red Army Faction
B.L	en	Republicans (Germany)
B.L	en	Revolutionary Socialist League (Germany)
B.L	en	Right-wing politics
B.L	en	Rudolf Hess
B.L	en	Saxony
B.L	en	Saxony state election, 2004
B.L	en	Social Democratic Party of Germany
B.L	en	Social Democrats
B.L	en	Social Equality Party (Germany)
B.L	en	Social security
B.L	en	Socialist Reich Party
B.L	en	South Schleswig Voter Federation
B.L	en	Soviet Union
B.L	en	Statt party (Germany)
B.L	en	Strafgesetzbuch section 86a
B.L	en	Strasserism
B.L	en	The Friesen
B.L	en	The Left (Germany)
B.L	en	The Republicans (Germany)
B.L	en	Third Position
B.L	en	Thor Steinar
B.L	en	Thuringia
B.L	en	Udo Voigt
B.L	en	United States presidential election, 2008
B.L	en	Verfassungsschutz
B.L	en	Volkssozialistische Bewegung Deutschlands/Partei der Arbeit
B.L	en	Volksverhetzung
B.L	en	Walter Laqueur
B.L	en	White nationalism
B.L	en	White nationalist
B.L	en	Wiking-Jugend
B.L	en	Wilhelm Stäglich
B.L	en	Wolf Rüdiger Hess
B.L	en	Youth wing
B.L	en	Überfremdung
B.L	en	Wikipedia:Link rot
B.L	en	Template:German far right
B.L	en	Template:German political parties
B.L	en	Template:ISO 639 name de
B.L	en	Template:ISO 639 name en
B.L	en	Template talk:German far right
B.L	en	Template talk:German political parties
B.L	en	Help:CS1 errors
B.L	en	Category:Articles with dead external links from April 2012
B.L	en	Category:Articles with dead external links from December 2012
B.L	en	Category:Articles with dead external links from February 2012
B.L	en	Category:Use dmy dates from January 2013
B.L	en	Portal:Politics
B.L	et	1964
B.L	et	1965
B.L	et	1966
B.L	et	1967
B.L	et	1969
B.L	et	1971
B.L	et	1976
B.L	et	1991
B.L	et	1996
B.L	et	2003
B.L	et	2004
B.L	et	2005. aasta Saksamaa parlamendivalimised
B.L	et	2006
B.L	et	2011
B.L	et	Adolf von Thadden
B.L	et	Alam-Saksimaa
B.L	et	Ameerika Ühendriigid
B.L	et	Baden-Württemberg
B.L	et	Baieri
B.L	et	Bremen
B.L	et	Bundestag
B.L	et	Deutsche Stimme
B.L	et	Euroopa Parlament
B.L	et	Euroopa Rahvusrinne
B.L	et	Euroskeptitsism
B.L	et	Friedrich Thielen
B.L	et	Globaliseerumine
B.L	et	Günter Deckert
B.L	et	Hannover
B.L	et	Hessen
B.L	et	Holger Apfel
B.L	et	Martin Mußgnug
B.L	et	Mecklenburg-Vorpommern
B.L	et	Noored Rahvusdemokraadid
B.L	et	Paremäärmuslus
B.L	et	Rahvusdemokraatlik Kõrgkooliliit
B.L	et	Rahvuslike Naiste Ring
B.L	et	Rheinland-Pfalz
B.L	et	Saksa Rahvaliit
B.L	et	Saksa keel
B.L	et	Saksamaa
B.L	et	Saksimaa
B.L	et	Sakslased
B.L	et	Schleswig-Holstein
B.L	et	Surmanuhtlus
B.L	et	Udo Voigt
B.L	es	1964
B.L	es	28 de noviembre
B.L	es	Alemania
B.L	es	Antisionismo
B.L	es	Baden-Württemberg
B.L	es	Baja Sajonia
B.L	es	Baviera
B.L	es	Bremen
B.L	es	Bundestag
B.L	es	Bündnis 90 / Die Grünen
B.L	es	DVU
B.L	es	Deutsche Partei
B.L	es	Die Linke
B.L	es	Die Republikaner
B.L	es	Europarlamento
B.L	es	Extrema derecha
B.L	es	Freie Demokratische Partei
B.L	es	Hesse
B.L	es	Holger Apfel
B.L	es	Identitarismo
B.L	es	Landtag
B.L	es	Linkspartei
B.L	es	Mecklemburgo-Pomerania Occidental
B.L	es	Michael Schäfer
B.L	es	Ministro-presidente
B.L	es	Nacionalismo
B.L	es	Nacionalsocialismo
B.L	es	Neofascismo
B.L	es	Neofascista
B.L	es	Otto Schily
B.L	es	Pangermanismo
B.L	es	Parlamento Europeo
B.L	es	Partido Socialdemócrata de Alemania
B.L	es	Partido Socialista del Reich
B.L	es	Partido político
B.L	es	Partidos políticos de Alemania
B.L	es	Peter Marx
B.L	es	Política de Alemania
B.L	es	Reichstag (parlamento alemán)
B.L	es	Renania-Palatinado
B.L	es	República Democrática Alemana
B.L	es	Sajonia
B.L	es	Schleswig-Holstein
B.L	es	Supremacismo blanco
B.L	es	Tercera posición
B.L	es	Tercerposicionismo
B.L	es	Udo Voigt
B.L	es	Unión Demócrata Cristiana de Alemania
B.L	es	Unión Social Cristiana de Baviera
B.L	es	Wikipedia:Fuentes fiables
B.L	es	Wikipedia:Verificabilidad
B.L	es	Ayuda:Cómo referenciar
B.L	ca	1964
B.L	ca	28 de novembre
B.L	ca	Alemanya
B.L	ca	Aliança 90/Els Verds
B.L	ca	Associació de Votants de Slesvig Meridional
B.L	ca	Baden-Württemberg
B.L	ca	Baixa Saxònia
B.L	ca	Baviera
B.L	ca	Berlín
B.L	ca	Brandenburg
B.L	ca	Bremen
B.L	ca	Bundestag
B.L	ca	Ciutadans en Ira
B.L	ca	Conservadurisme
B.L	ca	DVU
B.L	ca	Deutsche Reichspartei
B.L	ca	Die Linkspartei
B.L	ca	Feixisme
B.L	ca	Franz Schönhuber
B.L	ca	Front de Pomes Alemanyes
B.L	ca	Gerhard Frey
B.L	ca	Hamburg (estat)
B.L	ca	Hessen
B.L	ca	Holger Apfel
B.L	ca	L'Esquerra (Alemanya)
B.L	ca	Landtag
B.L	ca	Liberalisme
B.L	ca	Mecklemburg-AntPomerània
B.L	ca	Mecklemburg-Pomerània Occidental
B.L	ca	NPD
B.L	ca	Nacionalisme
B.L	ca	Nacionalisme alemany
B.L	ca	Nacionalsocialista
B.L	ca	Neofeixista
B.L	ca	Otto Schily
B.L	ca	Parlament Europeu
B.L	ca	Partit Democràtic Lliure
B.L	ca	Partit Socialdemòcrata d'Alemanya
B.L	ca	Partit polític
B.L	ca	Peter Marx
B.L	ca	Política
B.L	ca	Reichstag
B.L	ca	Renània-Palatinat
B.L	ca	República Democràtica Alemanya
B.L	ca	Rin del Nord-Westfàlia
B.L	ca	Saarland
B.L	ca	Saxònia
B.L	ca	Saxònia-Anhalt
B.L	ca	Schleswig-Holstein
B.L	ca	Slesvig-Holstein
B.L	ca	Sozialistische Reichspartei
B.L	ca	Stefan Rochow
B.L	ca	Tercerposisionisme
B.L	ca	Turíngia
B.L	ca	Udo Voigt
B.L	ca	Unió Demòcrata Cristiana d'Alemanya
B.L	ca	Unió Social Cristiana de Baviera
B.L	ca	Votants Lliures (Alemanya)
B.L	ca	Plantilla:Partits Polítics Alemanya
B.L	bg	1964
B.L	bg	2002
B.L	bg	28 ноември
B.L	bg	Берлин
B.L	bg	Британска национална партия (БНП)
B.L	bg	Бундестаг
B.L	bg	Бял
B.L	bg	Германия
B.L	bg	Дейвид Дюк
B.L	bg	Европейски национален фронт
B.L	bg	Европейски парламент
B.L	bg	Крайно-дясна идеология
B.L	bg	Ку-клукс-клан
B.L	bg	Млади националдемократи
B.L	bg	Национализъм
B.L	bg	Националсоциалистическа германска работническа партия
B.L	bg	Неонацизъм
B.L	bg	Ник Грифин
B.L	bg	Рудолф Хес
B.L	bg	Списък на политическите партии в Германия
B.L	bg	Удо Фойгт
B.L	bg	Федерални провинции на Германия
B.L	bg	Червен
B.L	bg	Черен
B.L	bg	Уикипедия:Мъниче
B.L	da	1964
B.L	da	1967
B.L	da	1971
B.L	da	1990
B.L	da	1991
B.L	da	1996
B.L	da	2. verdenskrig
B.L	da	28. november
B.L	da	Adolf von Thadden
B.L	da	Akronym
B.L	da	Auschwitz
B.L	da	Bayern
B.L	da	Berlin
B.L	da	Bombardementet af Dresden
B.L	da	D-Mark
B.L	da	Den tyske forfatningsdomstol
B.L	da	EU
B.L	da	Forbundsdag (Tyskland)
B.L	da	Forbundsregering
B.L	da	Forbundsrådet (Tyskland)
B.L	da	Friedrich Thielen
B.L	da	Günter Deckert
B.L	da	Hannover
B.L	da	Holger Apfel
B.L	da	Holocaust
B.L	da	Holocaust-benægtelse
B.L	da	Landdag
B.L	da	Martin Mussgnug
B.L	da	Mecklenburg-Vorpommern
B.L	da	NSDAP
B.L	da	Nationalsocialismen
B.L	da	Nato
B.L	da	Nazi-Tyskland
B.L	da	Peter Marx
B.L	da	Politisk parti
B.L	da	Sachsen
B.L	da	Sascha Roßmüller
B.L	da	Tyrkiet
B.L	da	Tyskland
B.L	da	Udo Voigt
B.L	cs	1964
B.L	cs	1973
B.L	cs	28. listopad
B.L	cs	Bavorsko
B.L	cs	Berlín
B.L	cs	Braniborsko
B.L	cs	Brémy
B.L	cs	Bádensko-Württembersko
B.L	cs	Bílá
B.L	cs	Dolní Sasko
B.L	cs	Durynsko
B.L	cs	Euroskepticismus
B.L	cs	Evropa
B.L	cs	Evropská národní fronta
B.L	cs	Evropská politická strana
B.L	cs	Evropská unie
B.L	cs	Hamburk
B.L	cs	Hesensko
B.L	cs	Holger Apfel
B.L	cs	Kapitalismus
B.L	cs	Komunismus
B.L	cs	Krajní pravice
B.L	cs	Liberalismus
B.L	cs	Meklenbursko-Přední Pomořansko
B.L	cs	Nacionalismus
B.L	cs	Nacismus
B.L	cs	Neonacismus
B.L	cs	Německo
B.L	cs	Německá říšská strana
B.L	cs	Německé federální volby 2009
B.L	cs	Pangermanismus
B.L	cs	Politická ideologie
B.L	cs	Politická strana
B.L	cs	Porýní-Falc
B.L	cs	Sasko
B.L	cs	Sasko-Anhaltsko
B.L	cs	Severní Porýní-Vestfálsko
B.L	cs	Severoatlantická aliance
B.L	cs	Sovětský svaz
B.L	cs	Sársko
B.L	cs	Udo Voigt
B.L	cs	Universita národnědemokratická federace
B.L	cs	Volby do Evropského parlamentu v Německu 2009
B.L	cs	Wikicitáty
B.L	cs	Černá
B.L	cs	Červená
B.L	cs	Čeština
B.L	cs	Šlesvicko-Holštýnsko
B.L	cs	Wikipedie:Ověřitelnost
B.L	no	1964
B.L	no	1965
B.L	no	1967
B.L	no	1969
B.L	no	1971
B.L	no	1972
B.L	no	1976
B.L	no	1980
B.L	no	1983
B.L	no	1984
B.L	no	1987
B.L	no	1990
B.L	no	1991
B.L	no	1994
B.L	no	1996
B.L	no	1998
B.L	no	1999
B.L	no	2002
B.L	no	2004
B.L	no	2005
B.L	no	2009
B.L	no	Adolf von Thadden
B.L	no	Bundesverfassungsgericht
B.L	no	Bündnis 90/Die Grünen
B.L	no	CDU
B.L	no	CSU
B.L	no	Christlich-Soziale Union in Bayern
B.L	no	Christlich Demokratische Union
B.L	no	Deutsche Stimme
B.L	no	Deutsche Volksunion
B.L	no	Die Linke
B.L	no	Forbundsdagen
B.L	no	Forbundsforsamlingen (Tyskland)
B.L	no	Forbundsminister (Tyskland)
B.L	no	Forbundsrådet (Tyskland)
B.L	no	Freie Demokratische Partei
B.L	no	Fritz Thielen
B.L	no	Günter Deckert
B.L	no	Høyreekstremisme
B.L	no	JN
B.L	no	Liste over Landkreise i Tyskland
B.L	no	Liste over politiske partier i Tyskland
B.L	no	Martin Mußgnug
B.L	no	NHB
B.L	no	Piratenpartei Deutschland
B.L	no	Polen
B.L	no	Pommern
B.L	no	Republikanerne (Tyskland)
B.L	no	SPD
B.L	no	Sachsen
B.L	no	Schlesien
B.L	no	Sozialdemokratische Partei Deutschlands
B.L	no	Tyskland
B.L	no	Tysklands delstater
B.L	no	Tysklands kanslere
B.L	no	Tysklands politiske system
B.L	no	Tysklands president
B.L	no	Tysklands regjering
B.L	no	Tysklands valg
B.L	no	Udo Voigt
B.L	no	Valget i Tyskland 2005
B.L	no	Verfassungsschutz
B.L	no	Østpreussen
B.L	no	Wikipedia:Portaler
B.L	no	Portal:Tyskland
B.L	pl	1964
B.L	pl	2006
B.L	pl	28 listopada
B.L	pl	Adolf von Thadden
B.L	pl	Andreas Voßkuhle
B.L	pl	Angela Merkel
B.L	pl	Badenia-Wirtembergia
B.L	pl	Bawaria
B.L	pl	Berlin
B.L	pl	Brandenburgia
B.L	pl	Brema
B.L	pl	Bundesamt für Verfassungsschutz
B.L	pl	Bundesrat
B.L	pl	Bundestag
B.L	pl	Delegalizacja
B.L	pl	Deutsche Bundesbank
B.L	pl	Deutsche Stimme
B.L	pl	Die Linke
B.L	pl	Dieter Engels
B.L	pl	Dieter Graumann
B.L	pl	Dolna Saksonia
B.L	pl	Drezno
B.L	pl	Drugi rząd Angeli Merkel
B.L	pl	Emerytura
B.L	pl	European National Front
B.L	pl	Federalny Sąd Administracyjny (Niemcy)
B.L	pl	Federalny Sąd Pracy (Niemcy)
B.L	pl	Federalny Trybunał Finansowy (Niemcy)
B.L	pl	Federalny Trybunał Konstytucyjny
B.L	pl	Federalny Trybunał Obrachunkowy
B.L	pl	Federalny Trybunał Sprawiedliwości (Niemcy)
B.L	pl	Franz Schönhuber
B.L	pl	Friedrich Thielen
B.L	pl	Greifswald
B.L	pl	Guido Westerwelle
B.L	pl	Görlitz
B.L	pl	Günter Deckert
B.L	pl	Hamburg
B.L	pl	Hanower
B.L	pl	Harald Range
B.L	pl	Hesja
B.L	pl	Holger Apfel
B.L	pl	Horst Seehofer
B.L	pl	III Rzesza
B.L	pl	II wojna światowa
B.L	pl	Ingrid Schmidt
B.L	pl	Jens Weidmann
B.L	pl	Joachim Gauck
B.L	pl	Junge Nationaldemokraten
B.L	pl	Język niemiecki
B.L	pl	Kanclerze Niemiec
B.L	pl	Kanton (Szwajcaria)
B.L	pl	Kijów
B.L	pl	Klaus Tolksdorfv
B.L	pl	Konstytucja Niemiec
B.L	pl	Kontrola Państwowa w Niemczech
B.L	pl	Kraj związkowy
B.L	pl	Kraje związkowe Niemiec
B.L	pl	Kurt Beck
B.L	pl	Landtag
B.L	pl	Löcknitz
B.L	pl	Marion Eckertz-Höfer
B.L	pl	Marka niemiecka
B.L	pl	Martin Mussgnug
B.L	pl	Matthias Faust
B.L	pl	Meklemburgia-Pomorze Przednie
B.L	pl	Ministerstwo Spraw Zagranicznych Niemiec
B.L	pl	Nacjonalizm
B.L	pl	Nadrenia-Palatynat
B.L	pl	Nadrenia Północna-Westfalia
B.L	pl	Narodowosocjalistyczne Podziemie
B.L	pl	Narodowy socjalizm
B.L	pl	Niemcy
B.L	pl	Niemiecka Młodzież Wierna Ojczyźnie
B.L	pl	Niemiecka Partia Piracka
B.L	pl	Niemiecka Partia Prawicowa
B.L	pl	Niemiecka Partia Rzeszy
B.L	pl	Niemiecka Unia Ludowa
B.L	pl	Niemieckie referenda
B.L	pl	Norbert Lammert
B.L	pl	Otto Ernst Remer
B.L	pl	Otto Strasser
B.L	pl	Pangermanizm
B.L	pl	Partie polityczne Niemiec
B.L	pl	Peter Struck
B.L	pl	Polityka zagraniczna Niemiec
B.L	pl	Polska
B.L	pl	Prezydenci Niemiec
B.L	pl	Prokurator generalny (Niemcy)
B.L	pl	Przewodniczący Bundesratu
B.L	pl	Przewodniczący Bundestagu
B.L	pl	Referendum w sprawie akceptacji przyłączenia Austrii do Niemiec w 1938
B.L	pl	Republikanie (Niemcy)
B.L	pl	Rewizjonizm
B.L	pl	Rudolf Mellinghoff
B.L	pl	Rząd federalny Niemiec
B.L	pl	Saara
B.L	pl	Saksonia
B.L	pl	Saksonia-Anhalt
B.L	pl	Samorząd terytorialny w Niemczech
B.L	pl	Schwerin
B.L	pl	Socjaldemokratyczna Partia Niemiec
B.L	pl	Socjalistyczna Partia Rzeszy
B.L	pl	System prawny Niemiec
B.L	pl	System wyborczy w Niemczech
B.L	pl	Szarzy - Szare Pantery
B.L	pl	Szlezwik-Holsztyn
B.L	pl	Turyngia
B.L	pl	UNA-UNSO
B.L	pl	Udo Pastörs
B.L	pl	Udo Voigt
B.L	pl	Unia Chrześcijańsko-Demokratyczna (Niemcy)
B.L	pl	Unia Chrześcijańsko-Społeczna w Bawarii
B.L	pl	Ustrój polityczny Niemiec
B.L	pl	V-Mann
B.L	pl	Wolna Partia Demokratyczna
B.L	pl	Wybory do Parlamentu Europejskiego w Niemczech
B.L	pl	Wybory do Parlamentu Europejskiego w Niemczech w 2009 roku
B.L	pl	Wybory parlamentarne w Nieczech
B.L	pl	Wybory parlamentarne w Niemczech w 2009 roku
B.L	pl	Wybory parlamentarne w Niemczech w 2013 roku
B.L	pl	Wybory prezydenckie w Niemczech
B.L	pl	Wybory prezydenckie w Niemczech w 2012 roku
B.L	pl	Wybory samorządowe w Niemczech
B.L	pl	Wybory samorządowe w Niemczech w 2009 roku
B.L	pl	Zentralrat der Juden in Deutschland
B.L	pl	Związek 90/Zieloni
B.L	pl	Szablon:Partie polityczne Niemiec
B.L	pl	Szablon:Skrajna prawica niemiecka po II wojnie światowej
B.L	pl	Dyskusja szablonu:Partie polityczne Niemiec
B.L	pl	Dyskusja szablonu:Skrajna prawica niemiecka po II wojnie światowej
B.L	pl	Kategoria:Polityka Niemiec
B.L	pl	Wikiprojekt:Polityka
B.L	bar	Andreas Storr
B.L	bar	Baschar al-Assad
B.L	bar	Berlin
B.L	bar	EU
B.L	bar	Frank Schwerdt
B.L	bar	Hannover
B.L	bar	Holger Apfel
B.L	bar	Jens Pühse
B.L	bar	Karl Richter (Politiker)
B.L	bar	Mahmud Ahmadinedschad
B.L	bar	Mecklenburg-Vorpommern
B.L	bar	NATO
B.L	bar	NSDAP
B.L	bar	Nationalismus
B.L	bar	Rechtsextremismus
B.L	bar	Sachsen
B.L	bar	Udo Pastörs
B.L	bar	Walter Bachmann (Politiker)
B.L	lv	NPD (nozīmju atdalīšana)
B.L	lv	Nacionālisms
B.L	lv	Organizācija
B.L	lv	Saksija
B.L	lv	Udo Foigts
B.L	lv	Vācija
B.L	lv	Vācu Impērijas partija
B.L	lv	Vācu valoda
B.L	lv	Vikipēdija:Aizmetnis
B.L	lv	Palīdzība:Rediģēšana, noformēšana
B.L	nl	1964
B.L	nl	28 november
B.L	nl	Allgemeiner Deutscher Arbeiterverein
B.L	nl	Anarchistische Pogo-Partei Deutschlands
B.L	nl	Beieren
B.L	nl	Beierse Volkspartij
B.L	nl	Berlijn
B.L	nl	Blank nationalisme
B.L	nl	Blokpartij
B.L	nl	Bondsdag
B.L	nl	Bondsraad (Duitsland)
B.L	nl	Bundesamt für Verfassungsschutz
B.L	nl	Bündnis 90/Die Grünen
B.L	nl	Christlich-Demokratische Union Deutschlands (DDR)
B.L	nl	Christlich-Soziale Union
B.L	nl	Christlich Demokratische Union Deutschlands (Bondsrepubliek)
B.L	nl	Christliche Volkspartei des Saarlandes
B.L	nl	Conservatisme
B.L	nl	Deelstaten van Duitsland
B.L	nl	Demokratische Bauernpartei Deutschlands
B.L	nl	Demokratischer Frauenbund Deutschlands
B.L	nl	Deutsche Demokratische Partei
B.L	nl	Deutsche Fortschrittspartei
B.L	nl	Deutsche Friedensunion
B.L	nl	Deutsche Kommunistische Partei
B.L	nl	Deutsche Reichspartei
B.L	nl	Deutsche Soziale Union
B.L	nl	Deutsche Volkspartei
B.L	nl	Deutsche Volksunion
B.L	nl	Deutsche Zentrumspartei
B.L	nl	Die Linke
B.L	nl	Die Republikaner
B.L	nl	Die Tierschutzpartei
B.L	nl	Duits-Hannoveraanse Partij
B.L	nl	Duitse Boerenpartij
B.L	nl	Duitse Democratische Republiek
B.L	nl	Duitse Nationale Volkspartij
B.L	nl	Duitse Partij
B.L	nl	Duitsland
B.L	nl	Etnisch nationalisme
B.L	nl	Extreemlinks
B.L	nl	Extreemrechts
B.L	nl	Freie Demokratische Partei
B.L	nl	Freie Deutsche Jugend
B.L	nl	Freie Wähler
B.L	nl	Freier Deutscher Gewerkschaftsbund
B.L	nl	Freikonservative Partei
B.L	nl	Geschiedenis van de politieke partijen in Duitsland
B.L	nl	Holger Apfel
B.L	nl	Kommunistische Partei Deutschlands
B.L	nl	Kulturbund
B.L	nl	Liberaldemokratische Partei Deutschlands
B.L	nl	Liberalisme
B.L	nl	Maoïstische partijen in Duitsland
B.L	nl	Mecklenburg-Voor-Pommeren
B.L	nl	Nationaal-Liberale Partij (Duitsland)
B.L	nl	Nationaalsocialisme
B.L	nl	Nationaalsocialistische Duitse Arbeiderspartij
B.L	nl	Nationaldemokratische Partei Deutschlands (DDR)
B.L	nl	Nationalisme
B.L	nl	Nedersaksen
B.L	nl	Pangermanisme
B.L	nl	Partei Bibeltreuer Christen
B.L	nl	Partei der Vernunft
B.L	nl	Partei für Soziale Gerechtigkeit
B.L	nl	Piratenpartij Duitsland
B.L	nl	Politieke partijen in Duitsland
B.L	nl	Rechts (politiek)
B.L	nl	Regionalisme (politiek)
B.L	nl	Saksen (deelstaat)
B.L	nl	Sleeswijk-Holstein
B.L	nl	Socialisme
B.L	nl	Sozialdemokratische Arbeiterpartei (Duitsland)
B.L	nl	Sozialdemokratische Partei Deutschlands
B.L	nl	Sozialistische Arbeiterpartei Deutschlands
B.L	nl	Sozialistische Einheitspartei Deutschlands
B.L	nl	Südschleswigscher Wählerverband
B.L	nl	Udo Voigt
B.L	nl	Unabhängige Sozialdemokratische Partei Deutschlands
B.L	nl	Union (Duitsland)
B.L	nl	Vereinigung der gegenseitigen Bauernhilfe
B.L	nl	Völkischer Block
B.L	nl	Wikimedia Commons
B.L	nl	Portaal:Duitsland
B.L	nl	Portaal:Politiek
B.L	ku	1964
B.L	ku	1967
B.L	ku	1971
B.L	ku	1991
B.L	ku	1996
B.L	ku	28'ê sermawez
B.L	ku	28'ê sermawezê
B.L	ku	Adolf von Thadden
B.L	ku	Almanya
B.L	ku	Almanî
B.L	ku	Friedrich Thielen
B.L	ku	Günter Deckert
B.L	ku	Hannover
B.L	ku	Holger Apfel
B.L	ku	Martin Mußgnug
B.L	ku	Mecklenburg-Vorpommern
B.L	ku	Nazî
B.L	ku	Neteweperest
B.L	ku	Peter Marx
B.L	ku	Propaganda
B.L	ku	Sachsen
B.L	ku	Sascha Roßmüller
B.L	ku	Udo Voigt
B.L	ku	Îdarekirina partiyê ya aborî
B.L	ko	2009년 작센 주의회 선거
B.L	ko	2009년 튀링엔 주의회 선거
B.L	ko	G8
B.L	ko	Steffen Kailitz
B.L	ko	Uwe Backes
B.L	ko	극우
B.L	ko	나치
B.L	ko	나치즘
B.L	ko	나토
B.L	ko	독일 국민연합
B.L	ko	독일 국방군
B.L	ko	독일 연방하원
B.L	ko	독일 통일
B.L	ko	독일어
B.L	ko	마르크
B.L	ko	메클렌부르크포어포메른
B.L	ko	무장친위대
B.L	ko	민족주의
B.L	ko	베를린
B.L	ko	연방헌법보호청
B.L	ko	유럽연합
B.L	ko	인종주의
B.L	ko	자유민주당 (독일)
B.L	ko	작센
B.L	ko	제3의 수단
B.L	hr	Berlin
B.L	hr	Bijeli nacionalizam
B.L	hr	Bundesamt für Verfassungsschutz
B.L	hr	Holger Apfel
B.L	hr	Mecklenburg-Zapadno Pomorje
B.L	hr	Nacionalizam
B.L	hr	Nacionalsocijalistička njemačka radnička stranka
B.L	hr	Nacionalsocijalizam
B.L	hr	Narodni savez
B.L	hr	Njemačka
B.L	hr	Njemačka stranka Reicha
B.L	hr	Revanšizam
B.L	hr	Saska (pokrajina)
B.L	hr	Steffen Kailitz
B.L	hr	Uwe Backes
B.L	hu	1960-as évek
B.L	hu	1964
B.L	hu	2011
B.L	hu	Bundestag
B.L	hu	Fehér nacionalizmus
B.L	hu	Harmadik utasság
B.L	hu	Holger Apfel
B.L	hu	NSDAP
B.L	hu	Nacionalizmus
B.L	hu	November 24.
B.L	hu	November 28.
B.L	hu	Német Birodalmi Párt
B.L	hu	Német Birodalom
B.L	hu	Német Népi Unió
B.L	hu	Német nyelv
B.L	hu	Németország
B.L	hu	Pángermanizmus
B.L	hu	Republikánusok (Németország)
B.L	hu	Sturmabteilung
B.L	hu	Tartományi parlament
B.L	hu	Udo Pastörs
B.L	hu	Portál:Németország
B.L	hu	Portál:Németország/ikon
B.L	hu	Portál:Politika
B.L	hu	Portál:Politika/ikon
B.L	it	1964
B.L	it	1969
B.L	it	2005
B.L	it	2011
B.L	it	Alleanza '90 - I Verdi
B.L	it	Amburgo
B.L	it	Anticomunismo
B.L	it	Assia
B.L	it	Baden-Württemberg
B.L	it	Bassa Sassonia
B.L	it	Baviera
B.L	it	Berlino
B.L	it	Brandenburgo
B.L	it	Brema (stato)
B.L	it	Bundestag
B.L	it	Deutsche Reichspartei
B.L	it	Die Linke
B.L	it	Epigono
B.L	it	Estrema destra
B.L	it	Fronte Nazionale Europeo
B.L	it	Germania
B.L	it	Germania Est
B.L	it	Holger Apfel
B.L	it	Lingua tedesca
B.L	it	Meclemburgo-Pomerania Anteriore
B.L	it	Nazionalismo
B.L	it	Nazionalista
B.L	it	Nazionalsocialismo
B.L	it	Neonazismo
B.L	it	Neonazista
B.L	it	Omofobia
B.L	it	Pangermanesimo
B.L	it	Partito
B.L	it	Partito Liberale Democratico (Germania)
B.L	it	Partito Socialdemocratico Tedesco
B.L	it	Politica della Germania
B.L	it	Regime Nazista
B.L	it	Renania-Palatinato
B.L	it	Renania Settentrionale-Vestfalia
B.L	it	Saarland
B.L	it	Sassonia
B.L	it	Sassonia-Anhalt
B.L	it	Schleswig-Holstein
B.L	it	Turingia
B.L	it	Ultradestra
B.L	it	Unione Cristiano-Sociale in Baviera
B.L	it	Unione Cristiano Democratica (Germania)
B.L	it	Unione Popolare Tedesca
B.L	it	Wikipedia:Uso delle fonti
B.L	it	Template:AggNaz/DEU
B.L	it	Template:Partiti politici in Germania
B.L	it	Discussioni template:Partiti politici in Germania
B.L	it	Aiuto:Abbozzo
B.L	it	Aiuto:Manuale di stile
B.L	it	Categoria:Stub - partiti politici tedeschi
B.L	it	Progetto:Partiti politici tedeschi
B.L	ja	11月28日
B.L	ja	11月6日
B.L	ja	1937年12月31日のドイツ帝国の国境
B.L	ja	1964年
B.L	ja	1966年
B.L	ja	1968年
B.L	ja	1969年
B.L	ja	1998年
B.L	ja	1月21日
B.L	ja	2002年
B.L	ja	2004年
B.L	ja	2005年
B.L	ja	2006年
B.L	ja	2008年
B.L	ja	2008年アメリカ合衆国大統領選挙
B.L	ja	2009年
B.L	ja	2010年
B.L	ja	2月13日
B.L	ja	4月28日
B.L	ja	6月6日
B.L	ja	8月30日
B.L	ja	9月17日
B.L	ja	9月19日
B.L	ja	9月28日
B.L	ja	EU
B.L	ja	NATO
B.L	ja	WASG
B.L	ja	しんぶん赤旗
B.L	ja	アドルフ・フォン・タッデン
B.L	ja	アフリカ
B.L	ja	アフリカ系アメリカ人
B.L	ja	アメリカ軍
B.L	ja	ウィンストン・チャーチル
B.L	ja	ウド・パステルス
B.L	ja	ウド・ヴォイト
B.L	ja	エスニック・ナショナリズム
B.L	ja	キリスト教社会同盟
B.L	ja	ギュンター・デッカート
B.L	ja	ザクセン・スイス・スキンヘッド
B.L	ja	ザクセン人民党
B.L	ja	ザクセン州
B.L	ja	ザクセン州議会
B.L	ja	シュレジェン
B.L	ja	シンクタンク
B.L	ja	スパイ
B.L	ja	チューリンゲン
B.L	ja	テオドール・アドルノ
B.L	ja	デビッド・デューク
B.L	ja	トゥーレ・ゼミナール
B.L	ja	トルコのEU加盟交渉
B.L	ja	トルステン・ハイゼ
B.L	ja	ドイツ
B.L	ja	ドイツの政党
B.L	ja	ドイツの政治
B.L	ja	ドイツキリスト教民主同盟
B.L	ja	ドイツキリスト教民主同盟 (東ドイツ)
B.L	ja	ドイツマルク
B.L	ja	ドイツ・フォーラム党
B.L	ja	ドイツ中産階級帝国党
B.L	ja	ドイツ人民党
B.L	ja	ドイツ党
B.L	ja	ドイツ共産党
B.L	ja	ドイツ共産党 (DKP)
B.L	ja	ドイツ再統一
B.L	ja	ドイツ労働者党
B.L	ja	ドイツ国家人民党
B.L	ja	ドイツ国家民主党 (東ドイツ)
B.L	ja	ドイツ国防軍
B.L	ja	ドイツ家族党
B.L	ja	ドイツ帝国党
B.L	ja	ドイツ政府
B.L	ja	ドイツ民主党
B.L	ja	ドイツ民主共和国
B.L	ja	ドイツ民主農民党
B.L	ja	ドイツ民族同盟
B.L	ja	ドイツ民族自由党
B.L	ja	ドイツ海賊党
B.L	ja	ドイツ無政府主義ポゴ党
B.L	ja	ドイツ独立社会民主党
B.L	ja	ドイツ社会主義労働者党
B.L	ja	ドイツ社会主義帝国党
B.L	ja	ドイツ社会主義統一党
B.L	ja	ドイツ社会同盟
B.L	ja	ドイツ社会民主党
B.L	ja	ドイツ自由民主党
B.L	ja	ドイツ語
B.L	ja	ドイツ連邦共和国基本法
B.L	ja	ドイツ連邦議会
B.L	ja	ドイツ連邦議会1969年選挙
B.L	ja	ドレスデン
B.L	ja	ドレスデン爆撃
B.L	ja	ドレスデン空爆
B.L	ja	ナショナリズム
B.L	ja	ナチス
B.L	ja	ネグロイド
B.L	ja	ノイマルク
B.L	ja	バイエルン人民党
B.L	ja	バイエルン州
B.L	ja	バイエルン民族党
B.L	ja	バラク・オバマ
B.L	ja	バーデンヴュルテンベルク州
B.L	ja	バーデン＝ヴュルテンベルク州
B.L	ja	フランクフルト学派
B.L	ja	フリードリヒ・ティーレン
B.L	ja	ヘッセン州
B.L	ja	ベルリン
B.L	ja	ホモフォビア
B.L	ja	ホルガー・アプフェル
B.L	ja	ホロコースト
B.L	ja	ホワイトハウス
B.L	ja	ポピュリズム
B.L	ja	ポンメルン
B.L	ja	ポーランド
B.L	ja	マックス・ホルクハイマー
B.L	ja	マルティン・ムスグヌク
B.L	ja	ミニ政党
B.L	ja	メクレンブルク＝フォアポンメルン州
B.L	ja	ユダヤ人
B.L	ja	ユッカー＝ランドー郡
B.L	ja	ユンゲ・フライハイト
B.L	ja	ヨーロッパ国民戦線
B.L	ja	ライネフェルデ・ヴォルビス
B.L	ja	ロシア
B.L	ja	ヴァイマル共和国
B.L	ja	ヴァイマル共和政
B.L	ja	中央党 (ドイツ)
B.L	ja	乱獲
B.L	ja	人種差別
B.L	ja	人間の尊厳 (ドイツ)
B.L	ja	伝染病
B.L	ja	伝統
B.L	ja	共和党 (ドイツ)
B.L	ja	動物実験
B.L	ja	南オセチア紛争 (2008年)
B.L	ja	南シュレースヴィヒ選挙人同盟
B.L	ja	原子力発電
B.L	ja	反資本主義
B.L	ja	各国の政党
B.L	ja	同盟90
B.L	ja	同盟90/緑の党
B.L	ja	国家主義
B.L	ja	国家社会主義
B.L	ja	国家社会主義の言葉使い
B.L	ja	国家社会主義ドイツ労働者党
B.L	ja	国家社会主義自由運動
B.L	ja	国民保守主義
B.L	ja	国民抗議
B.L	ja	国民自由主義
B.L	ja	国民自由党 (ドイツ)
B.L	ja	報復主義
B.L	ja	外国
B.L	ja	外来種
B.L	ja	多文化主義
B.L	ja	大ドイツ民族共同体
B.L	ja	失業
B.L	ja	宣戦布告
B.L	ja	小選挙区比例代表併用制
B.L	ja	工場式畜産
B.L	ja	左翼党 (ドイツ)
B.L	ja	平和と人権イニシアティヴ
B.L	ja	憲法擁護庁報告書
B.L	ja	憲法敵対者
B.L	ja	戦う民主主義
B.L	ja	戦後の反ユダヤ主義
B.L	ja	政党連合
B.L	ja	政治
B.L	ja	文化
B.L	ja	新フォーラム
B.L	ja	時事通信
B.L	ja	有機農業
B.L	ja	東ドイツ緑の党
B.L	ja	東プロイセン
B.L	ja	極右
B.L	ja	権威主義
B.L	ja	歴史
B.L	ja	死刑
B.L	ja	比例代表制
B.L	ja	民主主義
B.L	ja	民主主義の出発
B.L	ja	民主主義を今
B.L	ja	民主人民党 (ドイツ)
B.L	ja	民主社会党 (ドイツ)
B.L	ja	民族共同体
B.L	ja	民族多元主義
B.L	ja	民族改造
B.L	ja	民衆扇動罪
B.L	ja	汎ゲルマン主義
B.L	ja	環境問題
B.L	ja	白人至上主義
B.L	ja	社会主義帝国党
B.L	ja	第三の位置
B.L	ja	第二次世界大戦
B.L	ja	自由な有権者
B.L	ja	自由ドイツ戦友連合
B.L	ja	自由民主党 (ドイツ)
B.L	ja	衛星政党
B.L	ja	親衛隊 (ナチス)
B.L	ja	言語
B.L	ja	連合国 (第二次世界大戦)
B.L	ja	連邦憲法擁護庁
B.L	ja	連邦憲法裁判所
B.L	ja	過剰外国化
B.L	ja	遺伝子工学
B.L	ja	鉄兜団、前線兵士同盟
B.L	ja	難民保護法
B.L	ja	Wikipedia:スタブ
B.L	ja	Wikipedia:リダイレクト
B.L	ja	Wikipedia:信頼できる情報源
B.L	ja	Wikipedia:出典を明記する
B.L	ja	Wikipedia:検証可能性
B.L	ja	Wikipedia:言葉を濁さない
B.L	ja	Template:ドイツの政党
B.L	ja	Template:政党
B.L	ja	Template‐ノート:ドイツの政党
B.L	ja	Category:ドイツ関連のスタブ項目
B.L	ja	Category:出典を必要とする記事/2012年1月
B.L	ja	Category:政治関連のスタブ項目
B.L	ja	Category:言葉を濁した記述のある記事 (誰)/2013年1月-6月
B.L	ja	Category:言葉を濁した記述のある記事 (誰2)/2013年1月-6月
B.L	ja	Portal:ドイツ
B.L	ja	Portal:政治学
B.L	ja	プロジェクト:ドイツ
B.L	ja	プロジェクト:政治
B.L	simple	1964
B.L	simple	28 November
B.L	simple	Black
B.L	simple	Bundesamt für Verfassungsschutz
B.L	simple	Bundesverfassungsgericht
B.L	simple	Deutsche Reichspartei
B.L	simple	Economic nationalism
B.L	simple	Elections in Germany
B.L	simple	German language
B.L	simple	Germany
B.L	simple	Grundgesetz
B.L	simple	Hesse
B.L	simple	List of political ideologies
B.L	simple	List of political parties in Germany
B.L	simple	National socialism
B.L	simple	Nationaldemokratischen Partei of Hesse
B.L	simple	Nationalism
B.L	simple	Politics of Germany
B.L	simple	Red
B.L	simple	Udo Voigt
B.L	simple	White
B.L	simple	Wikipedia:Stub
B.L	uk	1964
B.L	uk	28 листопада
B.L	uk	Євро
B.L	uk	Берлін
B.L	uk	Голґер Апфель
B.L	uk	Дрезден
B.L	uk	Мекленбург-Передня Померанія
B.L	uk	НСДАП
B.L	uk	Німецька мова
B.L	uk	Німеччина
B.L	uk	Саксонія
B.L	uk	Удо Фойгт
B.L	tr	1964
B.L	tr	28 Kasım
B.L	tr	Adolf von Thadden
B.L	tr	Alman Bölge Parlamentoları
B.L	tr	Alman markı
B.L	tr	Alman milliyetçiliği
B.L	tr	Almanca
B.L	tr	Avrupa Parlamentosu
B.L	tr	Avrupa Ulusal Cephesi
B.L	tr	Aşırı sağ
B.L	tr	Batı Almanya
B.L	tr	Birlik 90/Yeşiller
B.L	tr	Braunschweig
B.L	tr	Bundestag
B.L	tr	Dresden Bombardımanı
B.L	tr	Euro
B.L	tr	Euro bölgesi
B.L	tr	FDP
B.L	tr	Friedrich Thielen
B.L	tr	Günter Deckert
B.L	tr	Hannover
B.L	tr	Holger Apfel
B.L	tr	II. Dünya Savaşı
B.L	tr	Landtag
B.L	tr	Martin Mussgnug
B.L	tr	Mecklenburg-Vorpommern
B.L	tr	NSDAP
B.L	tr	Nazi Almanyası
B.L	tr	Neo-Nazizm
B.L	tr	Pancermenizm
B.L	tr	Peter Marx
B.L	tr	Popülizm
B.L	tr	Rudolf Hess
B.L	tr	Saksonya
B.L	tr	Udo Voigt
B.L	sv	1960-talet
B.L	sv	1964
B.L	sv	1990-talet
B.L	sv	19 september
B.L	sv	2003
B.L	sv	2004
B.L	sv	2005
B.L	sv	2006
B.L	sv	21 januari
B.L	sv	21 juni
B.L	sv	28 november
B.L	sv	Adolf von Thadden
B.L	sv	Afroamerikaner
B.L	sv	Antifascism
B.L	sv	Apologetik
B.L	sv	Auschwitz
B.L	sv	Berlin
B.L	sv	Brunt!
B.L	sv	Bundesamt für Verfassungsschutz
B.L	sv	Bundesverfassungsgericht
B.L	sv	Charles Westin
B.L	sv	Chemnitz
B.L	sv	DDR
B.L	sv	Danzig
B.L	sv	David Duke
B.L	sv	Deutsche Partei
B.L	sv	Deutsche Reichspartei
B.L	sv	Dresden
B.L	sv	EU
B.L	sv	Eisenach
B.L	sv	Friedrich Thielen
B.L	sv	Förbundsdagen
B.L	sv	Fördrivningen av tyskar efter andra världskriget
B.L	sv	Gerhard Schröder
B.L	sv	Günter Deckert
B.L	sv	Halberstadt
B.L	sv	Holger Apfel
B.L	sv	Horst Mahler
B.L	sv	Höger-vänster-skalan
B.L	sv	Högerextrem
B.L	sv	Högerextremism
B.L	sv	Högerpopulism
B.L	sv	Ideologi
B.L	sv	Irans herrlandslag i fotboll
B.L	sv	Irenäus Eibl-Eibesfeldt
B.L	sv	Judar
B.L	sv	Junge Landsmannschaft Ostdeutschland
B.L	sv	Jürgen Gansel
B.L	sv	Kommunism
B.L	sv	Konrad Lorenz
B.L	sv	Konstantin Wecker
B.L	sv	Ku Klux Klan
B.L	sv	Lantdag
B.L	sv	Leipzig
B.L	sv	Liberalism
B.L	sv	Louisiana House of Representatives
B.L	sv	Mahmoud Ahmadinejad
B.L	sv	Marknadsliberalism
B.L	sv	Martin Mussgnug
B.L	sv	Mats Deland
B.L	sv	Mecklenburg-Vorpommern
B.L	sv	NATO
B.L	sv	Nationaldemokratiska partiet (Weimarrepubliken)
B.L	sv	Nationalencyklopedin
B.L	sv	Nationalism
B.L	sv	Nationalsocialistiska tyska arbetarepartiet
B.L	sv	Neger
B.L	sv	Nya vänstern
B.L	sv	Nynazism
B.L	sv	Oder-Neisse-linjen
B.L	sv	Ostpreussen
B.L	sv	Plutokrati
B.L	sv	Politiskt parti
B.L	sv	Pommern
B.L	sv	Populism
B.L	sv	Privategendom
B.L	sv	Rasism
B.L	sv	Republikanerna (Tyskland)
B.L	sv	Rudolf Hess
B.L	sv	Röda arméfraktionen
B.L	sv	Rött
B.L	sv	Sachsen
B.L	sv	Sachsen-Anhalt
B.L	sv	Schlesien
B.L	sv	Skinhead
B.L	sv	Stormfront
B.L	sv	Svart
B.L	sv	Tredje positionen
B.L	sv	Tredje riket
B.L	sv	Turkiet
B.L	sv	Tyska Folkunionen
B.L	sv	Tyska författningsdomstolen
B.L	sv	Tyskland
B.L	sv	Tysklands förbundsråd
B.L	sv	UNA-UNSO
B.L	sv	USA
B.L	sv	Udo Voigt
B.L	sv	Vit nationalism
B.L	sv	Vitt
B.L	sv	Världsmästerskapet i fotboll 2006
B.L	sv	Weimar
B.L	sv	Österrike
B.L	sr	1956
B.L	sr	28. новембар
B.L	sr	Барак Обама
B.L	sr	Европски парламент
B.L	sr	Крајња десница
B.L	sr	Лајпциг
B.L	sr	Левица (Немачка)
B.L	sr	Немачка
B.L	sr	Немачка комунистичка партија
B.L	sr	Немачки језик
B.L	sr	Политика Немачке
B.L	sr	Савез 90/Зелени
B.L	sr	Социјалдемократска партија Немачке
B.L	sr	Стетско првенство у фудбалу 2006.
B.L	sr	Странка слободних демократа (Немачка)
B.L	sr	Сједињене Америчке Државе
B.L	sr	Хришћанско-демократска унија Немачке
B.L	sr	Хришћанско-социјална унија Баварске
B.L	sr	Шаблон:Политичке партије у Немачкој
B.L	sr	Разговор о шаблону:Политичке партије у Немачкој
B.L	sr	Категорија:Немачки политичари
B.L	sr	Категорија:Политичке партије у Немачкој
B.L	sh	1996
B.L	sh	Bundestag
B.L	sh	DVU
B.L	sh	Evropska unija
B.L	sh	Mecklenburg-Zapadna Pomeranija
B.L	sh	NATO
B.L	sh	Nemačka
B.L	sh	Nemačka Demokratska Republika
B.L	sh	Nemački jezik
B.L	sh	Nemačko Carstvo
B.L	sh	Neonacizam
B.L	sh	Partija Njemačkog Carstva
B.L	sh	Saksonija-Anhalt
B.L	sh	Smeđa boja
B.L	sh	Udo Voigt
B.L	sh	Zastava Njemačke
B.L	stq	Düütsklound
B.L	ru	1964
B.L	ru	1968 год
B.L	ru	2001 год
B.L	ru	2003 год
B.L	ru	2007 год
B.L	ru	2008 год
B.L	ru	2009
B.L	ru	2009 год
B.L	ru	2010 год
B.L	ru	2011
B.L	ru	20 марта
B.L	ru	28 ноября
B.L	ru	29 октября
B.L	ru	4 апреля
B.L	ru	4 сентября
B.L	ru	Artgemeinschaft
B.L	ru	Gesinnungsgemeinschaft der Neuen Front
B.L	ru	Überfremdung
B.L	ru	Адольф фон Тадден
B.L	ru	Апфель, Хойгер
B.L	ru	Апфель, Хольгер
B.L	ru	Армин Молер
B.L	ru	Бавария
B.L	ru	Баден-Вюртемберг
B.L	ru	Белый национализм
B.L	ru	Берлин
B.L	ru	Бундесрат (Германия)
B.L	ru	Викингюгенд
B.L	ru	Вооружённый конфликт в Южной Осетии (2008)
B.L	ru	Выборы в бундестаг (2005)
B.L	ru	Выборы в бундестаг (2009)
B.L	ru	Германия
B.L	ru	Германский бундестаг
B.L	ru	Гесс, Вольф Рюдигер
B.L	ru	Граждане в гневе
B.L	ru	Грюнберг, Ханс Бернгард фон
B.L	ru	Гюнтер Декерт
B.L	ru	Инсульт
B.L	ru	Июнь
B.L	ru	Кристиан Ворх
B.L	ru	Кюнен, Михаэль
B.L	ru	Ландтаг
B.L	ru	Левые (партия, Германия)
B.L	ru	Майкл Свирчек
B.L	ru	Малер, Хорст
B.L	ru	Мартин Муссгнуг
B.L	ru	Маттиас Фауст
B.L	ru	Мекленбург-Передняя Померания
B.L	ru	НСДАП
B.L	ru	Национал-социалистическое движение Германии/Лейбористская партия
B.L	ru	Националистический фронт
B.L	ru	Национальная газета
B.L	ru	Национально-демократическая партия Германии
B.L	ru	Национальное сопротивление
B.L	ru	Нация Европы
B.L	ru	Немецкая альтернатива
B.L	ru	Немецкая лига для народа и Отечества
B.L	ru	Немецкая партия свободных рабочих
B.L	ru	Немецкая правая партия
B.L	ru	Немецкий народный союз
B.L	ru	Немецкий социальный союз
B.L	ru	Немецкий язык
B.L	ru	Немецкий языческий фронт
B.L	ru	Неонацизм
B.L	ru	Новые правые (Германия)
B.L	ru	Отрицание Холокоста
B.L	ru	Пангерманизм
B.L	ru	Партия зелёных (Германия)
B.L	ru	Партия пиратов Германии
B.L	ru	Пассау
B.L	ru	Политическая партия
B.L	ru	Политические партии Германии
B.L	ru	Правые
B.L	ru	Ремер, Отто-Эрнст
B.L	ru	Реннике, Франк
B.L	ru	Республиканцы (Германия)
B.L	ru	Ригер, Юрген
B.L	ru	Рёдер, Манфред
B.L	ru	Саксония-Анхальт
B.L	ru	Свободная демократическая партия (Германия)
B.L	ru	Свободное государство Саксония
B.L	ru	Социал-демократическая партия Германии
B.L	ru	Социалистическая Имперская партия
B.L	ru	Союз южношлезвигских избирателей
B.L	ru	Стеглих, Вильгельм
B.L	ru	Ультраправые в Германии
B.L	ru	ФРГ
B.L	ru	Федеральная служба защиты конституции Германии
B.L	ru	Фойгт, Удо
B.L	ru	Фрай, Герхард (политик)
B.L	ru	Франц Хедлос
B.L	ru	Франц Шёнхубер
B.L	ru	Фридрих Тиелен
B.L	ru	Фридхельм Буссе
B.L	ru	Фриц Ресслер
B.L	ru	Фронт действия национал-социалистов/Национальные активисты
B.L	ru	Харальд Нойбауэр
B.L	ru	Христианско-демократический союз Германии
B.L	ru	Христианско-социальный союз
B.L	ru	Штрассер, Отто
B.L	ru	Штрассеризм
B.L	ru	Экстремизм
B.L	ru	Эрих Керн
B.L	ru	Этнонационализм
B.L	ru	Википедия:Заготовка статьи
B.L	ru	Википедия:Ссылки на источники
B.L	ru	Шаблон:Политические партии Германии
B.L	ru	Категория:Члены НДПГ
B.L	ro	Baden-Württemberg
B.L	ro	Bavaria
B.L	ro	Berlin
B.L	ro	Brandenburg
B.L	ro	Bremen
B.L	ro	Germania
B.L	ro	Germană
B.L	ro	Hamburg
B.L	ro	Hessa
B.L	ro	Holger Apfel
B.L	ro	Landurile Germaniei
B.L	ro	Mecklenburg - Pomerania Inferioară
B.L	ro	Renania-Palatinat
B.L	ro	Renania de Nord - Westfalia
B.L	ro	Saarland
B.L	ro	Saxonia
B.L	ro	Saxonia-Anhalt
B.L	ro	Saxonia Inferioară
B.L	ro	Schleswig-Holstein
B.L	ro	Turingia
B.L	hsb	13. nowembra
B.L	hsb	2011
B.L	hsb	Holger Apfel
B.L	hsb	Mecklenburgsko-Předpomorska
B.L	hsb	Němska
B.L	hsb	Němčina
B.L	hsb	Politiska strona
B.L	hsb	Sakska
B.L	hsb	Zwjazkowy sejm
B.L	hsb	Wikipedija:Infokašćik
B.L	hsb	Předłoha:Infokašćik politiska strona
B.L	hsb	Předłoha:Rq
B.L	hsb	Diskusija k předłoze:Infokašćik politiska strona
B.L	hsb	Kategorija:Zarodk
B.L	pt	1964
B.L	pt	1967
B.L	pt	1971
B.L	pt	1991
B.L	pt	1996
B.L	pt	28 de novembro
B.L	pt	29 de novembro
B.L	pt	Alemão
B.L	pt	Baden-Württemberg
B.L	pt	Baviera
B.L	pt	Berlim
B.L	pt	Brandemburgo
B.L	pt	Bremen
B.L	pt	Conservadorismo
B.L	pt	Hamburgo
B.L	pt	Hanover
B.L	pt	Hessen
B.L	pt	Ideologia
B.L	pt	Lista de partidos políticos na Alemanha
B.L	pt	Língua alemã
B.L	pt	Mecklenburg-Vorpommern
B.L	pt	NSDAP
B.L	pt	Nacionalismo
B.L	pt	Nacionalista
B.L	pt	Niedersachsen
B.L	pt	Partido
B.L	pt	Renânia-Palatinado
B.L	pt	Renânia do Norte-Vestfália
B.L	pt	Sachsen-Anhalt
B.L	pt	Sarre
B.L	pt	Saxónia
B.L	pt	Schleswig-Holstein
B.L	pt	Turíngia
B.L	pt	Ultra-nacionalismo
B.L	pt	Vermelho
B.L	zh	1964年
B.L	zh	NPD
B.L	zh	两德合并
B.L	zh	国家社会主义
B.L	zh	德国政党列表
B.L	zh	德国民族主义
B.L	zh	德国联邦宪法维护厅
B.L	zh	德国联邦议院
B.L	zh	德國
B.L	zh	德國政治
B.L	zh	德國选举
B.L	zh	德语
B.L	zh	意识形态
B.L	zh	政治光譜
B.L	zh	政黨
B.L	zh	柏林
B.L	zh	極右派
B.L	zh	極右翼
B.L	zh	歐洲民族陣線
B.L	zh	歐洲議會
B.L	zh	歐洲議會黨團
B.L	zh	民族国家主义
B.L	zh	白人民族主義
B.L	zh	紅色
B.L	zh	黃色
B.L	zh	黑色
CN	de	Nationaldemokratische_Partei_Deutschlands
IWL	fi	Saksan kansallisdemokraattinen puolue
IWL	fr	Parti national-démocrate d'Allemagne
IWL	he	המפלגה הנציונל-דמוקרטית של גרמניה
IWL	gl	Partido Nacionaldemocrático de Alemaña
IWL	fa	حزب دموکرات ملی آلمان
IWL	el	Εθνικοδημοκρατικό Κόμμα Γερμανίας
IWL	eo	Nacidemokrata partio de Germanio
IWL	en	National Democratic Party of Germany
IWL	et	Saksamaa Rahvusdemokraatlik Partei
IWL	es	Partido Nacionaldemócrata de Alemania
IWL	ca	Partit Nacional Demòcrata d'Alemanya
IWL	bg	Националдемократическа партия на Германия
IWL	da	Nationaldemokratische Partei Deutschlands
IWL	cs	Nationaldemokratische Partei Deutschlands
IWL	no	Nationaldemokratische Partei Deutschlands
IWL	pl	Narodowodemokratyczna Partia Niemiec
IWL	bar	Nationaldemokratische Partei Deitschlands
IWL	lv	Vācijas Nacionāldemokrātiskā partija
IWL	nl	Nationaldemokratische Partei Deutschlands
IWL	ku	NPD
IWL	ko	독일 민족민주당
IWL	hr	Nacionaldemokratska stranka Njemačke
IWL	hu	Német Nemzeti Demokrata Párt
IWL	it	Partito Nazional-Democratico Tedesco
IWL	ja	ドイツ国家民主党
IWL	simple	National Democratic Party of Germany
IWL	uk	Національно-демократична партія Німеччини
IWL	tr	Almanya Ulusal Demokratik Partisi
IWL	sv	Tysklands nationaldemokratiska parti
IWL	sr	Национал-демократска партија Немачке
IWL	sh	Nacionalna demokratska partija Njemačke
IWL	stq	Nationoaldemokratiske Paatäi Düütsklounds
IWL	ru	Национал-демократическая партия Германии
IWL	ro	Partidul Național Democrat al Germaniei
IWL	hsb	Nationaldemokratische Partei Deutschlands
IWL	pt	Partido Nacional Democrata Alemão
IWL	zh	德國國家民主黨
