A.L	de	1. November
A.L	de	1954
A.L	de	Abgeordnetenwatch.de
A.L	de	Agenda 2010
A.L	de	Arbeit & soziale Gerechtigkeit – Die Wahlalternative
A.L	de	Aufsichtsrat
A.L	de	Ausschuss für Arbeit und Soziales
A.L	de	Bernd Riexinger
A.L	de	Betriebsrat
A.L	de	Bundestagswahl 2005
A.L	de	Bundestagswahl 2009
A.L	de	Bundestagswahl 2013
A.L	de	Bundestagswahlkreis Schweinfurt
A.L	de	DGB-Jugend
A.L	de	Deutsche
A.L	de	Deutscher Bundestag
A.L	de	Die Linke
A.L	de	Diplom-Volkswirt
A.L	de	Elektromechaniker
A.L	de	Gemeinsame Normdatei
A.L	de	Gemeinsamer Ausschuss
A.L	de	Gerhard Schröder
A.L	de	Gesine Lötzsch
A.L	de	Gewerkschaft
A.L	de	Hamburger Universität für Wirtschaft und Politik
A.L	de	Hans Preiss
A.L	de	IG Metall
A.L	de	IG Metall Bildungszentrum
A.L	de	Katja Kipping
A.L	de	Klaus Ernst (Begriffsklärung)
A.L	de	Library of Congress Control Number
A.L	de	Linksfraktion
A.L	de	Lothar Bisky
A.L	de	L’Ulivo
A.L	de	Mitbestimmung
A.L	de	Mitglied des Deutschen Bundestages
A.L	de	München
A.L	de	Oskar Lafontaine
A.L	de	Partei des Demokratischen Sozialismus
A.L	de	Parteichef
A.L	de	Politiker
A.L	de	Porsche
A.L	de	Riester-Rente
A.L	de	Rohde & Schwarz
A.L	de	Schweinfurt
A.L	de	Sozialdemokratische Partei Deutschlands
A.L	de	Sozialökonomie (Studiengang)
A.L	de	Stern (Zeitschrift)
A.L	de	Svenska Kullagerfabriken
A.L	de	Umwandlungsgesetz
A.L	de	Virtual International Authority File
A.L	de	Volkswirtschaftslehre
A.L	de	Wahlalternative Arbeit und soziale Gerechtigkeit
A.L	de	Wahlkreis
A.L	de	Wahlliste
A.L	de	Wahlpartei
A.L	de	ZF Sachs
A.L	de	Hilfe:Personendaten
B.L	fr	12 mars
B.L	fr	15 mai
B.L	fr	16 juin
B.L	fr	1954
B.L	fr	1969
B.L	fr	1972
B.L	fr	1974
B.L	fr	1979
B.L	fr	1984
B.L	fr	1995
B.L	fr	1er novembre
B.L	fr	2004
B.L	fr	2005
B.L	fr	2006
B.L	fr	2007
B.L	fr	2008
B.L	fr	2010
B.L	fr	2012
B.L	fr	23 juillet
B.L	fr	24 mai
B.L	fr	2 juin
B.L	fr	Agenda 2010
B.L	fr	Allemagne
B.L	fr	Allemagne de l'Ouest
B.L	fr	Alternative électorale travail et justice sociale
B.L	fr	Apprentissage
B.L	fr	Bavière
B.L	fr	Bernd Riexinger
B.L	fr	Bundestag
B.L	fr	Coalition politique
B.L	fr	Confédération allemande des syndicats
B.L	fr	Conseil de surveillance
B.L	fr	Courrier électronique
B.L	fr	Der Tagesspiegel
B.L	fr	Die Linke
B.L	fr	Diplôme
B.L	fr	Gauche (politique)
B.L	fr	Gerhard Schröder
B.L	fr	Gesine Lötzsch
B.L	fr	Groupe Die Linke au Bundestag
B.L	fr	Groupement provincial de la CSU
B.L	fr	Homme politique
B.L	fr	IG Metall
B.L	fr	Janvier 2005
B.L	fr	Juin 2007
B.L	fr	Juin 2012
B.L	fr	Katja Kipping
B.L	fr	Libéralisme économique
B.L	fr	Lothar Bisky
B.L	fr	Mai 2008
B.L	fr	Mai 2010
B.L	fr	Mars 2004
B.L	fr	Michael Glos
B.L	fr	Munich
B.L	fr	Métallurgie
B.L	fr	Novembre 1954
B.L	fr	Oskar Lafontaine
B.L	fr	Paritarisme
B.L	fr	Parti du socialisme démocratique (Allemagne)
B.L	fr	Parti social-démocrate d'Allemagne
B.L	fr	Permanent syndical
B.L	fr	Porsche
B.L	fr	Rostock
B.L	fr	SKF
B.L	fr	SPD
B.L	fr	Schweinfurt
B.L	fr	Sciences économiques
B.L	fr	Stuttgart
B.L	fr	Syndicat
B.L	fr	Élections fédérales allemandes de 2005
B.L	fr	Élections fédérales allemandes de 2009
B.L	fr	Électromécanique
B.L	fr	Modèle:Palette Présidents Die Linke
B.L	fr	Discussion modèle:Palette Présidents Die Linke
B.L	fr	Catégorie:Portail:Allemagne/Articles liés
B.L	fr	Catégorie:Portail:Politique/Articles liés
B.L	fr	Portail:Allemagne
B.L	fr	Portail:Politique
B.L	el	16 Ιουνίου
B.L	el	1954
B.L	el	1970
B.L	el	1972
B.L	el	1974
B.L	el	1979
B.L	el	1984
B.L	el	1 Νοεμβρίου
B.L	el	2004
B.L	el	2005
B.L	el	2006
B.L	el	2007
B.L	el	IG Metall
B.L	el	Αμβούργο
B.L	el	Γερμανία
B.L	el	Γκέρχαρντ Σρέντερ
B.L	el	Εκλογική Εναλλακτική για την Κοινωνική Δικαιοσύνη (WASG)
B.L	el	Εργατικό συμβούλιο
B.L	el	Η Αριστερά (Γερμανία)
B.L	el	Κόμμα Δημοκρατικού Σοσιαλισμού (Γερμανία)
B.L	el	Μόναχο
B.L	el	Πολιτική οικονομία
B.L	el	Σοσιαλδημοκρατικό Κόμμα της Γερμανίας
B.L	el	Στουτγκάρδη
B.L	en	Agenda 2010
B.L	en	Authority control
B.L	en	Bundestag (Germany)
B.L	en	Electoral Alternative for Labor and Social Justice
B.L	en	German federal election, 2005
B.L	en	Germany
B.L	en	Gesine Lötzsch
B.L	en	IG Metall
B.L	en	Labour and Social Justice Party
B.L	en	Left-wing politics
B.L	en	Munich
B.L	en	Political economy
B.L	en	Politician
B.L	en	Schweinfurt
B.L	en	Social Democratic Party of Germany
B.L	en	Stuttgart
B.L	en	The Left (Germany)
B.L	en	Trade union
B.L	en	Virtual International Authority File
B.L	en	Works council
B.L	en	Wikipedia:Persondata
B.L	da	1. november
B.L	da	1954
B.L	da	Die Linke
B.L	da	Forbundsdagen
B.L	da	München
B.L	no	1. november
B.L	no	1954
B.L	no	Arbeit & soziale Gerechtigkeit – Die Wahlalternative
B.L	no	Die Linke
B.L	no	Forbundsdagen
B.L	no	Gesine Lötzsch
B.L	no	München
B.L	no	Wikimedia Commons
B.L	no	Wikipedia:Portaler
B.L	no	Portal:Tyskland
B.L	pl	1954
B.L	pl	1 stycznia
B.L	pl	Agenda 2010
B.L	pl	Alternatywa Wyborcza Praca i Sprawiedliwość Społeczna
B.L	pl	Bernd Riexinger
B.L	pl	Bundestag
B.L	pl	Die Linke
B.L	pl	Die Linkspartei.PDS
B.L	pl	Gerhard Schröder
B.L	pl	Gesine Lötzsch
B.L	pl	IG Metall
B.L	pl	Katja Kipping
B.L	pl	Kontrola autorytatywna
B.L	pl	Monachium
B.L	pl	Niemcy Zachodnie
B.L	pl	Online Computer Library Center
B.L	pl	Socjaldemokratyczna Partia Niemiec
B.L	pl	Stuttgart
B.L	la	10 Aprilis
B.L	la	15 Maii
B.L	la	1954
B.L	la	1974
B.L	la	1979
B.L	la	1984
B.L	la	1 Novembris
B.L	la	2004
B.L	la	2005
B.L	la	2007
B.L	la	2009
B.L	la	2010
B.L	la	2012
B.L	la	Anscharius Lafontaine
B.L	la	Bernhardus Riexinger
B.L	la	Dieta Foederalis Germaniae
B.L	la	Factio Alternativa Labori Rebusque Socialibus
B.L	la	Gerhardus Schröder
B.L	la	Germania
B.L	la	Gesina Lötzsch
B.L	la	Hamburgum
B.L	la	Katharina Kipping
B.L	la	Lotharius Bisky
B.L	la	Monachium
B.L	la	SPD
B.L	la	Sinistra
B.L	la	Sinistra (factio politica Germaniae)
B.L	ja	1954年
B.L	ja	1970年
B.L	ja	2005年
B.L	ja	2010年
B.L	ja	9月1日
B.L	ja	De
B.L	ja	WASG
B.L	ja	オリーブの木
B.L	ja	ゲジーネ・レッチュ
B.L	ja	シュヴァインフルト
B.L	ja	ドイツ
B.L	ja	ドイツ社会民主党
B.L	ja	ドイツ連邦議会
B.L	ja	バイエルン州
B.L	ja	ルニオーネ
B.L	ja	党首
B.L	ja	左翼党 (ドイツ)
B.L	ja	政治家
B.L	ja	書記長
B.L	ja	議長
B.L	ja	電気技師
B.L	ja	Wikipedia:スタブ
B.L	ja	Category:政治家関連のスタブ項目
B.L	ja	Portal:政治学
B.L	ja	プロジェクト:政治
B.L	sv	1954
B.L	sv	1 november
B.L	sv	Arbeit & soziale Gerechtigkeit – Die Wahlalternative
B.L	sv	Die Linke
B.L	sv	Förbundsdagen
B.L	sv	Gesine Lötzsch
B.L	sv	München
CN	de	Klaus_Ernst
IWL	fr	Klaus Ernst
IWL	el	Κλάους Ερνστ
IWL	en	Klaus Ernst
IWL	da	Klaus Ernst
IWL	no	Klaus Ernst
IWL	pl	Klaus Ernst
IWL	la	Nicolaus Ernst
IWL	ja	クラウス・エルンスト
IWL	sv	Klaus Ernst
