A.L	de	1581
A.L	de	Affinghausen
A.L	de	Allerbeeke
A.L	de	Amt (Kommunalrecht)
A.L	de	Amtlicher Gemeindeschlüssel
A.L	de	Apparatspott
A.L	de	Arbeitsgemeinschaft der niedersächsischen Kommunalarchivare
A.L	de	Archidiakonat
A.L	de	Archiv
A.L	de	Archivgut
A.L	de	Archivieren
A.L	de	Asendorf (Landkreis Diepholz)
A.L	de	Backstein
A.L	de	Bahnstrecke Bassum–Herford
A.L	de	Bahnstrecke Nienburg–Diepholz
A.L	de	Bahrenborstel
A.L	de	Baptisten
A.L	de	Barenburg
A.L	de	Barnstorf
A.L	de	Barver
A.L	de	Bassum
A.L	de	Berlin
A.L	de	Beton
A.L	de	Bielefeld
A.L	de	Bistum Minden
A.L	de	Borstel (Landkreis Diepholz)
A.L	de	Bremen
A.L	de	Bremerhaven
A.L	de	Brockum
A.L	de	Bronze
A.L	de	Bruchhausen-Vilsen
A.L	de	Bullenschluck
A.L	de	Bund Evangelisch-Freikirchlicher Gemeinden
A.L	de	Bundesstraße 214
A.L	de	Bundesstraße 61
A.L	de	Bärentatze
A.L	de	Bündnis 90/Die Grünen
A.L	de	Bürgermeister
A.L	de	Christlich Demokratische Union Deutschlands
A.L	de	Cinema Bizarre
A.L	de	Cuxhaven
A.L	de	Delmenhorst
A.L	de	Dickel
A.L	de	Diepholz
A.L	de	Drebber
A.L	de	Dreißigjähriger Krieg
A.L	de	Drentwede
A.L	de	Druckerei
A.L	de	Dänemark
A.L	de	Dümmer
A.L	de	Ehrenburg (Niedersachsen)
A.L	de	Einheitsgemeinde
A.L	de	Erich Plenge
A.L	de	Exxon Mobil
A.L	de	Eydelstedt
A.L	de	Fachwerkhaus
A.L	de	Filmemacher
A.L	de	Filmemoker
A.L	de	Flecken (Ort)
A.L	de	Frankfurt am Main
A.L	de	Freie Demokratische Partei
A.L	de	Freie Wähler
A.L	de	Freistatt
A.L	de	Friedhof
A.L	de	Fritz Fenne
A.L	de	Fürstbischof
A.L	de	Galten (Dänemark)
A.L	de	Georg Dehio
A.L	de	Gerd Nagel (Leichtathlet)
A.L	de	Gotik
A.L	de	Grabstein
A.L	de	Grafschaft Hoya
A.L	de	Groß Lessen
A.L	de	Göpel
A.L	de	Hallenkirche
A.L	de	Hamm
A.L	de	Handbuch der Deutschen Kunstdenkmäler
A.L	de	Harald Focke
A.L	de	Heckeneilzug
A.L	de	Hemsloh
A.L	de	Heraldik
A.L	de	Herbert Obenaus
A.L	de	Historisches Handbuch der jüdischen Gemeinden in Niedersachsen und Bremen
A.L	de	Höhe über dem Meeresspiegel
A.L	de	Hüde
A.L	de	Jan Rosenthal
A.L	de	Joniškis
A.L	de	Jugendstil
A.L	de	Jüdischer Friedhof
A.L	de	Jüdischer Friedhof Sulingen
A.L	de	Karte (Kartografie)
A.L	de	Katasterfläche
A.L	de	Kfz-Kennzeichen (Deutschland)
A.L	de	Kino
A.L	de	Kirchdorf (bei Sulingen)
A.L	de	Klein Lessen
A.L	de	Kleine Aue (Diepholz)
A.L	de	Kommunalwahl
A.L	de	Konvention von Artlenburg
A.L	de	Kreiszeitung Syke
A.L	de	Kuhbach (Sulingen)
A.L	de	Kulturdenkmal
A.L	de	Kurfürstentum Braunschweig-Lüneburg
A.L	de	Königreich Hannover
A.L	de	Landkreis Cloppenburg
A.L	de	Landkreis Diepholz
A.L	de	Landkreis Nienburg/Weser
A.L	de	Landkreis Oldenburg
A.L	de	Landkreis Osnabrück
A.L	de	Landkreis Vechta
A.L	de	Landkreis Verden
A.L	de	Lembruch
A.L	de	Lemförde
A.L	de	Liesel Westermann
A.L	de	Lindern (Sulingen)
A.L	de	Litauen
A.L	de	Lloyd (Schuh)
A.L	de	Maasen
A.L	de	Marl (Dümmer)
A.L	de	Martfeld
A.L	de	Matthias Wendland
A.L	de	Mauerkrone
A.L	de	Mellinghausen
A.L	de	Mely Kiyak
A.L	de	Michael Schulz (Fußballspieler, 1961)
A.L	de	Minden
A.L	de	Nachlass
A.L	de	Neuenkirchen (bei Bassum)
A.L	de	Niedersachsen
A.L	de	Nienburg/Weser
A.L	de	Nienburg (Weser)
A.L	de	Nordrhein-Westfalen
A.L	de	Nordsulingen
A.L	de	Ostwestfalen-Lippe
A.L	de	Paderborn
A.L	de	Parodie
A.L	de	Parteilos
A.L	de	Pest
A.L	de	Plattdeutsch
A.L	de	Postleitzahl (Deutschland)
A.L	de	Preußen
A.L	de	Quernheim
A.L	de	Rathlosen
A.L	de	Raumschiff
A.L	de	Reformation
A.L	de	Rehden
A.L	de	Resonatorgitarre
A.L	de	Rhein-Sieg-Eisenbahn
A.L	de	Rittergut
A.L	de	Robert Enders (Künstler)
A.L	de	Ronald-Mike Neumeyer
A.L	de	Rudolf Eickhoff
A.L	de	S
A.L	de	Samtgemeinde Kirchdorf
A.L	de	Samtgemeinde Schwaförden
A.L	de	Samtgemeinde Siedenburg
A.L	de	Scholen
A.L	de	Schuhmacher
A.L	de	Schwaförden
A.L	de	Schwarme
A.L	de	Science-Fiction-Film
A.L	de	Setzerei
A.L	de	Siedenburg
A.L	de	Skulptur
A.L	de	Sozialdemokratische Partei Deutschlands
A.L	de	St. Ansgar Klinikverbund
A.L	de	Stadtrecht
A.L	de	Stadtsee (Sulingen)
A.L	de	Stadtteil
A.L	de	Staffhorst
A.L	de	Stahl
A.L	de	Star Trek
A.L	de	Stemshorn
A.L	de	Stuhr
A.L	de	Sudwalde
A.L	de	Sule (Fluss)
A.L	de	Sulingen
A.L	de	Syke
A.L	de	Süstedt
A.L	de	Technisches Hilfswerk
A.L	de	Telefonvorwahl (Deutschland)
A.L	de	Terrakotta
A.L	de	Thomas Schönauer
A.L	de	Twistringen
A.L	de	Unikat
A.L	de	Urkunde
A.L	de	Varrel
A.L	de	Verwaltungsarchiv
A.L	de	Vogt
A.L	de	Wagenfeld
A.L	de	Walter Momper
A.L	de	Wassermühle
A.L	de	Wasserversorgung
A.L	de	Wehrbleck
A.L	de	Wetschen
A.L	de	Weyhe
A.L	de	Wilfried Gerke
A.L	de	Wilhelmshaven
A.L	de	Özkan Yildirim
A.L	de	Wikipedia:WikiProjekt Kommunen und Landkreise in Deutschland/Einwohnerzahlen
A.L	de	Vorlage:Imagemap Landkreis Diepholz
A.L	de	Kategorie:Gemeinde in Niedersachsen
A.L	de	Kategorie:Landkreis Diepholz
A.L	de	Kategorie:Sulingen
B.L	fr	Allemagne
B.L	fr	Arrondissement de Diepholz
B.L	fr	Basse-Saxe
B.L	fr	Coordonnées géographiques
B.L	fr	Land (Allemagne)
B.L	fr	Liste des pays du monde
B.L	fr	Liste des villes d'Allemagne
B.L	fr	Discussion:Sulingen/À faire
B.L	fr	Modèle:Allemagne
B.L	fr	Modèle:Ébauche/paramètres ville d'Allemagne
B.L	fr	Aide:Comment modifier une page
B.L	fr	Aide:Ébauche
B.L	fr	Catégorie:Portail:Basse-Saxe/Articles liés
B.L	fr	Portail:Basse-Saxe
B.L	fr	Projet:Accueil
B.L	fa	آخیم
B.L	fa	آلتناو
B.L	fa	آلفلد
B.L	fa	آلمان
B.L	fa	آوریش
B.L	fa	آینبک
B.L	fa	اترندورف
B.L	fa	استرهولز-شارمبرک
B.L	fa	اسنابروک
B.L	fa	اسنز، نیدرزاکسن
B.L	fa	اشتات‌اولدندورف
B.L	fa	اشتات‌هاگن
B.L	fa	اشتدته
B.L	fa	اشرزهاوزن
B.L	fa	اشناکنبرگ
B.L	fa	اشنفردینگن
B.L	fa	اشپرینگه
B.L	fa	التسه
B.L	fa	الزفلس
B.L	fa	امدن (نیدزاکسن)
B.L	fa	اوبرنکیرشن
B.L	fa	اوزلار
B.L	fa	اولدنبورگ
B.L	fa	اویتروده آم هارتس
B.L	fa	اویلتسن
B.L	fa	باد ایبورگ
B.L	fa	باد بونسن
B.L	fa	باد زالدتفورث
B.L	fa	باد زاکسا
B.L	fa	باد فالینگ بوستل
B.L	fa	باد لواتربرگ در هارز
B.L	fa	باد موندر آن در دایستر
B.L	fa	باد نندورف
B.L	fa	باد پیرمونت
B.L	fa	باد گاندرزهایم
B.L	fa	باد گروند (هارز)
B.L	fa	بادبنتهایم
B.L	fa	بارزینگ‌هاوزن
B.L	fa	باسوم
B.L	fa	برامشه
B.L	fa	براونشوایگ
B.L	fa	براکه (اونتروسر)
B.L	fa	برسنبروک
B.L	fa	برمرفورده
B.L	fa	برکوم
B.L	fa	بودنوردر
B.L	fa	بورگدورف (هانوفر)
B.L	fa	بورگودل
B.L	fa	بوشهلز در نوردهایده
B.L	fa	بوکبرگ
B.L	fa	بوکستهوده
B.L	fa	بوکنم
B.L	fa	تسون
B.L	fa	تویسترینگن
B.L	fa	جورجزمارینهوته
B.L	fa	دازل
B.L	fa	دامه (منطقه وشتا)
B.L	fa	داننبرگ (الب)
B.L	fa	درانزفلد
B.L	fa	دستگاه مختصات جغرافیایی
B.L	fa	دلمنهورست
B.L	fa	دودراشتات
B.L	fa	دیسن بای جنگ توتبورکر
B.L	fa	دینکلاگه
B.L	fa	دیپهولز
B.L	fa	ربورگ-لکوم
B.L	fa	رتنبورگ آن در وومه
B.L	fa	رتهایم
B.L	fa	ردنبرگ
B.L	fa	رننبورگ
B.L	fa	رینتلن
B.L	fa	زاراشتت
B.L	fa	زالتسگیتر
B.L	fa	زانکت آندریاسبرگ
B.L	fa	زاکسن‌هاگن
B.L	fa	زبان آلمانی
B.L	fa	زنده (نیدرازکسن)
B.L	fa	زواتاو
B.L	fa	زولتاو
B.L	fa	زیزن
B.L	fa	زیلتسه
B.L	fa	سیکه
B.L	fa	شرتنز
B.L	fa	شوترتوف
B.L	fa	شونینگن
B.L	fa	شوپن‌اشتت
B.L	fa	فارل
B.L	fa	فردن، نیدرزاکسن
B.L	fa	فررن
B.L	fa	فریزویته
B.L	fa	فشتا
B.L	fa	فهرست شهرهای آلمان
B.L	fa	فورستناو، آلمان
B.L	fa	فیزلهوفده
B.L	fa	فیننبورگ
B.L	fa	لاتسن
B.L	fa	لانگلزهایم
B.L	fa	لانگن (بای برمرهافن)
B.L	fa	لانگنهاگن
B.L	fa	لر، نیدرزاکسن
B.L	fa	لرته
B.L	fa	لنه، آلمان
B.L	fa	لوشو (وندلند)
B.L	fa	لونبورگ
B.L	fa	لوننینگ
B.L	fa	لینگن
B.L	fa	مرینگن
B.L	fa	مله، آلمان
B.L	fa	مونستر، نیدرزاکسن
B.L	fa	مپن
B.L	fa	نرتهایم
B.L	fa	نردرنی
B.L	fa	نوردن
B.L	fa	نوردن (فریزیای شرقی)
B.L	fa	نوردنهایم
B.L	fa	نوردهورن
B.L	fa	نوین‌هاوس
B.L	fa	نوی‌اشتات آم روبنبرگه
B.L	fa	نیدرزاکسن
B.L	fa	نینبورگ
B.L	fa	هاردگسن
B.L	fa	هارن (امس)
B.L	fa	هازلونه
B.L	fa	هاملن
B.L	fa	هان. موندن
B.L	fa	هانوفر
B.L	fa	هرتسبرگ آم ماین
B.L	fa	هسیش الدندورف
B.L	fa	هلم‌اشتات
B.L	fa	هموور
B.L	fa	همینگن (نیدرزاکسن)
B.L	fa	هورنبرگ
B.L	fa	هولزمیندن
B.L	fa	هوکستر
B.L	fa	هویا، آلمان
B.L	fa	هیتس‌آکر
B.L	fa	هیلدسهایم
B.L	fa	والزروده
B.L	fa	وستراشتده
B.L	fa	ولفنبوتل
B.L	fa	ووسترو (وندلند)
B.L	fa	وولفسبورگ
B.L	fa	وونستروف
B.L	fa	ویتموند
B.L	fa	ویتینگن
B.L	fa	ویزمور
B.L	fa	ویلدس‌هاوزن
B.L	fa	ویلدمن
B.L	fa	ویلهلمس هافن
B.L	fa	ویلهمزهاون
B.L	fa	وینر
B.L	fa	وینزن (لوهه)
B.L	fa	پاتنزن
B.L	fa	پاپنبورگ
B.L	fa	پاینه
B.L	fa	کلاوستال-زلرفلد
B.L	fa	کلوپنبورگ
B.L	fa	کواکنبورک
B.L	fa	کونیگزلوتر
B.L	fa	کوکسهافن
B.L	fa	کوکسهاون
B.L	fa	گاربزن
B.L	fa	گردن (نیدرزاکسن)
B.L	fa	گروناو، نیدرزاکسن
B.L	fa	گوتینگن
B.L	fa	گوزلار
B.L	fa	گیفهورن
B.L	fa	یفر
B.L	fa	ویکی‌پدیا:مقالهٔ خرد
B.L	fa	الگو:آلمان-خرد
B.L	fa	الگو:شهرها و شهرک‌های نیدرزاکسن
B.L	fa	بحث الگو:آلمان-خرد
B.L	fa	بحث الگو:شهرها و شهرک‌های نیدرزاکسن
B.L	eo	Affinghausen
B.L	eo	Asendorf (distrikto Diepholz)
B.L	eo	Bahrenborstel
B.L	eo	Barenburg
B.L	eo	Barnstorf
B.L	eo	Barver
B.L	eo	Bassum
B.L	eo	Borstel (distrikto Diepholz)
B.L	eo	Bremeno
B.L	eo	Brockum
B.L	eo	Bruchhausen-Vilsen
B.L	eo	Dickel
B.L	eo	Diepholz
B.L	eo	Distrikto (Germanio)
B.L	eo	Distrikto Diepholz
B.L	eo	Drebber
B.L	eo	Drentwede
B.L	eo	Ehrenburg (Malsupra Saksio)
B.L	eo	Engeln
B.L	eo	Eydelstedt
B.L	eo	Federacia lando (Germanio)
B.L	eo	Freistatt
B.L	eo	Geografia koordinata sistemo
B.L	eo	Germanio
B.L	eo	Hemsloh
B.L	eo	Hüde
B.L	eo	Kirchdorf (apud Sulingen)
B.L	eo	Lembruch
B.L	eo	Lemförde
B.L	eo	Maasen
B.L	eo	Malsupra Saksio
B.L	eo	Marl (Dümmer)
B.L	eo	Marnivelo
B.L	eo	Martfeld
B.L	eo	Mellinghausen
B.L	eo	Neuenkirchen (apud Bassum)
B.L	eo	Oficiala kodo (Germanio)
B.L	eo	Poŝtkodo
B.L	eo	Quernheim
B.L	eo	Rehden
B.L	eo	Scholen
B.L	eo	Schwaförden
B.L	eo	Schwarme
B.L	eo	Siedenburg
B.L	eo	Staffhorst
B.L	eo	Stemshorn
B.L	eo	Stuhr
B.L	eo	Sudwalde
B.L	eo	Syke
B.L	eo	Süstedt
B.L	eo	Telefona antaŭkodo
B.L	eo	Twistringen
B.L	eo	Urborajto
B.L	eo	Varrel
B.L	eo	Wagenfeld
B.L	eo	Wehrbleck
B.L	eo	Wetschen
B.L	eo	Weyhe
B.L	eo	Vikipedio:Informkestoj
B.L	eo	Vikipedio:La perfekta ĝermo de artikolo
B.L	eo	Vikipedio:Trovi aŭ kreskigi ĝermojn
B.L	eo	Ŝablono:Distrikto Diepholz
B.L	eo	Ŝablono:Informkesto germania komunumo
B.L	eo	Ŝablono:Situo sur mapo/korektado/DMS
B.L	eo	Ŝablono-Diskuto:Distrikto Diepholz
B.L	eo	Ŝablono-Diskuto:Informkesto germania komunumo
B.L	en	Affinghausen
B.L	en	Area codes in Germany
B.L	en	Asendorf
B.L	en	Bahrenborstel
B.L	en	Barenburg
B.L	en	Barnstorf
B.L	en	Barver
B.L	en	Bassum
B.L	en	Borstel, Lower Saxony
B.L	en	Bremen
B.L	en	Brockum
B.L	en	Bruchhausen-Vilsen
B.L	en	Burgomaster
B.L	en	Central European Summer Time
B.L	en	Central European Time
B.L	en	Cloppenburg (district)
B.L	en	Delmenhorst
B.L	en	Dickel
B.L	en	Diepholz
B.L	en	Diepholz (district)
B.L	en	Diepholz district
B.L	en	Districts of Germany
B.L	en	Drebber
B.L	en	Drentwede
B.L	en	Dümmer
B.L	en	Ehrenburg, Lower Saxony
B.L	en	Engeln
B.L	en	Eydelstedt
B.L	en	Freistatt
B.L	en	Geographic coordinate system
B.L	en	Germany
B.L	en	Hemsloh
B.L	en	Hüde
B.L	en	Kirchdorf, Lower Saxony
B.L	en	Lembruch
B.L	en	Lemförde
B.L	en	List of postal codes in Germany
B.L	en	Lower Saxony
B.L	en	Maasen
B.L	en	Marl, Lower Saxony
B.L	en	Martfeld
B.L	en	Melinghausen
B.L	en	Mellinghausen
B.L	en	Neuenkirchen, Diepholz
B.L	en	Nienburg (district)
B.L	en	North Rhine-Westphalia
B.L	en	Oldenburg (district)
B.L	en	Osnabrück (district)
B.L	en	Quernheim
B.L	en	Rehden
B.L	en	Scholen
B.L	en	Schwaförden
B.L	en	Schwarme
B.L	en	Siedenburg
B.L	en	Staffhorst
B.L	en	States of Germany
B.L	en	Stemshorn
B.L	en	Stuhr
B.L	en	Sudwalde
B.L	en	Sulingen
B.L	en	Syke
B.L	en	Süstedt
B.L	en	Time zone
B.L	en	Twistringen
B.L	en	UTC+1
B.L	en	UTC+2
B.L	en	Varrel
B.L	en	Vechta (district)
B.L	en	Vehicle registration plates of Germany
B.L	en	Verden (district)
B.L	en	Wagenfeld
B.L	en	Wehrbleck
B.L	en	Wetschen
B.L	en	Weyhe
B.L	en	Wikipedia:Stub
B.L	en	Template:Cities and towns in Diepholz (district)
B.L	en	Template:Diepholz-geo-stub
B.L	en	Template:Imagemap Germany district DH
B.L	en	Template talk:Cities and towns in Diepholz (district)
B.L	en	Template talk:Diepholz-geo-stub
B.L	nds	Affinghusen
B.L	nds	Asendörp
B.L	nds	Baarnborg
B.L	nds	Baarnstrup
B.L	nds	Barver
B.L	nds	Bassen (Landkreis Deefholt)
B.L	nds	Bornbössel
B.L	nds	Brookm
B.L	nds	Brooksen-Vilsen
B.L	nds	Börgermeester
B.L	nds	Bössel (Landkreis Deefholt)
B.L	nds	Deefholt
B.L	nds	Dickel
B.L	nds	Drebber
B.L	nds	Drentwede
B.L	nds	Düütschland
B.L	nds	Ehrenborg
B.L	nds	Eidelstee
B.L	nds	Engeln
B.L	nds	Flach
B.L	nds	Freestatt
B.L	nds	Gemeenslötel
B.L	nds	Geograafsche Laag
B.L	nds	Groot Lessen
B.L	nds	Hemzel
B.L	nds	Hööchd
B.L	nds	Hüde
B.L	nds	Inwahner
B.L	nds	Inwahnerdicht
B.L	nds	Karkdörp (Landkreis Deefholt)
B.L	nds	Landkreis Deefholt
B.L	nds	Lembrouk
B.L	nds	Lemförde
B.L	nds	Linnern
B.L	nds	Lüttjen Lessen
B.L	nds	Maasen
B.L	nds	Marl (Landkreis Deefholt)
B.L	nds	Mattfeld
B.L	nds	Mellgenhusen
B.L	nds	Neddersassen
B.L	nds	Neenkarken (Landkreis Deefholt)
B.L	nds	Nordsulingen
B.L	nds	Postleettall
B.L	nds	Quadratkilometer
B.L	nds	Quernheim
B.L	nds	Rathlosen
B.L	nds	Rehrn
B.L	nds	Scholen
B.L	nds	Sie'enborg
B.L	nds	Staaste
B.L	nds	Stemshorn
B.L	nds	Stuhr
B.L	nds	Suwohle
B.L	nds	Swabern
B.L	nds	Swarm
B.L	nds	Syke
B.L	nds	Süst
B.L	nds	Telefonvörwahl
B.L	nds	Twustern
B.L	nds	Varrel (Landkreis Deefholt)
B.L	nds	Wagenfeld
B.L	nds	Wehrbleck
B.L	nds	Wetschken
B.L	nds	Weyhe
B.L	nds	Wikipedia:Wikiprojekt Öörd/Midden-Werserland
B.L	pl	Barenburg (Dolna Saksonia)
B.L	pl	Barnstorf (Dolna Saksonia)
B.L	pl	Bassum
B.L	pl	Brema
B.L	pl	Bruchhausen-Vilsen
B.L	pl	Diepholz
B.L	pl	Dolna Saksonia
B.L	pl	Gmina
B.L	pl	Gmina zbiorowa Altes Amt Lemförde
B.L	pl	Gmina zbiorowa Barnstorf
B.L	pl	Gmina zbiorowa Bruchhausen-Vilsen
B.L	pl	Gmina zbiorowa Kirchdorf
B.L	pl	Gmina zbiorowa Rehden
B.L	pl	Gmina zbiorowa Schwaförden
B.L	pl	Gmina zbiorowa Siedenburg
B.L	pl	Gęstość zaludnienia
B.L	pl	Kilometr kwadratowy
B.L	pl	Kraj związkowy
B.L	pl	Lemförde
B.L	pl	Liczba ludności
B.L	pl	Metr
B.L	pl	Miasteczko (urbanizacja)
B.L	pl	Miasto
B.L	pl	Niemcy
B.L	pl	Państwo
B.L	pl	Powiat Diepholz
B.L	pl	Siedenburg
B.L	pl	Stuhr (gmina)
B.L	pl	Syke
B.L	pl	Twistringen
B.L	pl	Wagenfeld (gmina)
B.L	pl	Weyhe (Dolna Saksonia)
B.L	pl	Wysokość bezwzględna
B.L	pl	Ziemia
B.L	pl	Szablon:Mapa dane DEU
B.L	pl	Szablon:Powiat Diepholz
B.L	pl	Dyskusja szablonu:Powiat Diepholz
B.L	ms	Bandar
B.L	ms	Diepholz (daerah)
B.L	ms	Jerman
B.L	ms	Niedersachsen
B.L	nl	Affinghausen
B.L	nl	Asendorf (Diepholz)
B.L	nl	Bahrenborstel
B.L	nl	Barenburg
B.L	nl	Barnstorf
B.L	nl	Barver
B.L	nl	Bassum
B.L	nl	Bevolking
B.L	nl	Borstel (Diepholz)
B.L	nl	Brockum
B.L	nl	Bruchhausen-Vilsen
B.L	nl	Burgemeester
B.L	nl	Deelstaten van Duitsland
B.L	nl	Dickel
B.L	nl	Diepholz (stad)
B.L	nl	Drebber
B.L	nl	Drentwede
B.L	nl	Duits kenteken
B.L	nl	Duitse gemeente
B.L	nl	Duitsland
B.L	nl	Ehrenburg (Nedersaksen)
B.L	nl	Eydelstedt
B.L	nl	Freistatt (Diepholz)
B.L	nl	Gemeentenummer
B.L	nl	Geografische coördinaten
B.L	nl	Hemsloh
B.L	nl	Hoogte
B.L	nl	Hüde
B.L	nl	Kirchdorf (Diepholz)
B.L	nl	Landkreis
B.L	nl	Landkreis Diepholz
B.L	nl	Lembruch
B.L	nl	Lemförde
B.L	nl	Maasen
B.L	nl	Marl (Dümmer)
B.L	nl	Martfeld
B.L	nl	Mellinghausen
B.L	nl	Nedersaksen
B.L	nl	Netnummer
B.L	nl	Neuenkirchen (Diepholz)
B.L	nl	Oppervlakte
B.L	nl	Ortschaft
B.L	nl	Postcodes in Duitsland
B.L	nl	Quernheim (Nedersaksen)
B.L	nl	Rehden (Duitsland)
B.L	nl	Samtgemeinde
B.L	nl	Samtgemeinde Altes Amt Lemförde
B.L	nl	Samtgemeinde Barnstorf
B.L	nl	Samtgemeinde Bruchhausen-Vilsen
B.L	nl	Samtgemeinde Kirchdorf
B.L	nl	Samtgemeinde Rehden
B.L	nl	Samtgemeinde Schwaförden
B.L	nl	Samtgemeinde Siedenburg
B.L	nl	Scholen (plaats)
B.L	nl	Schwaförden
B.L	nl	Schwarme
B.L	nl	Siedenburg
B.L	nl	Staffhorst
B.L	nl	Stemshorn
B.L	nl	Stuhr
B.L	nl	Sudwalde
B.L	nl	Syke
B.L	nl	Twistringen
B.L	nl	Varrel (Diepholz)
B.L	nl	Wagenfeld
B.L	nl	Website
B.L	nl	Wehrbleck
B.L	nl	Wetschen
B.L	nl	Weyhe
B.L	nl	Wikipedia:Beginnetje
B.L	nl	Portaal:Duitsland
B.L	nl	Portaal:Landen & volken
B.L	war	Affinghausen
B.L	war	Alemanya
B.L	war	Asendorf
B.L	war	Bahrenborstel
B.L	war	Barenburg
B.L	war	Barnstorf
B.L	war	Barver
B.L	war	Bassum
B.L	war	Borstel, Lower Saxony
B.L	war	Brockum
B.L	war	Bruchhausen-Vilsen
B.L	war	Dickel
B.L	war	Diepholz
B.L	war	Diepholz (distrito)
B.L	war	Drebber
B.L	war	Drentwede
B.L	war	Ehrenburg, Lower Saxony
B.L	war	Engeln
B.L	war	Eydelstedt
B.L	war	Freistatt
B.L	war	Hemsloh
B.L	war	Hüde
B.L	war	Kirchdorf, Lower Saxony
B.L	war	Lembruch
B.L	war	Lemförde
B.L	war	Maasen
B.L	war	Marl, Lower Saxony
B.L	war	Martfeld
B.L	war	Mellinghausen
B.L	war	Neuenkirchen, Diepholz
B.L	war	Niedersachsen
B.L	war	Quernheim
B.L	war	Rehden
B.L	war	Scholen
B.L	war	Schwaförden
B.L	war	Schwarme
B.L	war	Siedenburg
B.L	war	Staffhorst
B.L	war	Stemshorn
B.L	war	Stuhr
B.L	war	Sudwalde
B.L	war	Syke
B.L	war	Süstedt
B.L	war	Twistringen
B.L	war	Varrel
B.L	war	Wagenfeld
B.L	war	Wehrbleck
B.L	war	Wetschen
B.L	war	Weyhe
B.L	war	Wikipedia:Paagi pagliwat o pag-edit hin pakli
B.L	war	Wikipedia:Turók
B.L	war	Batakan:Mga syudad ngan mga bungto ha Diepholz (distrito)
B.L	war	Hiruhimangraw hiton batakan:Mga syudad ngan mga bungto ha Diepholz (distrito)
B.L	it	Affinghausen
B.L	it	Altitudine
B.L	it	Area
B.L	it	Asendorf (Diepholz)
B.L	it	Bahrenborstel
B.L	it	Barenburg
B.L	it	Barnstorf
B.L	it	Barver
B.L	it	Bassa Sassonia
B.L	it	Bassum
B.L	it	Borstel (Bassa Sassonia)
B.L	it	Brockum
B.L	it	Bruchhausen-Vilsen
B.L	it	Chilometro quadro
B.L	it	Circondario di Diepholz
B.L	it	Circondario rurale (Germania)
B.L	it	Codice postale
B.L	it	Comuni della Germania
B.L	it	Coordinate geografiche
B.L	it	Densità di popolazione
B.L	it	Dickel
B.L	it	Diepholz
B.L	it	Distretto governativo
B.L	it	Drebber
B.L	it	Drentwede
B.L	it	Ehrenburg
B.L	it	Eydelstedt
B.L	it	Freistatt
B.L	it	Fuso orario
B.L	it	Germania
B.L	it	Hemsloh
B.L	it	Hüde
B.L	it	Kirchdorf (Bassa Sassonia)
B.L	it	Lembruch
B.L	it	Lemförde
B.L	it	Maasen
B.L	it	Marl (Bassa Sassonia)
B.L	it	Martfeld
B.L	it	Mellinghausen
B.L	it	Metri sul livello del mare
B.L	it	Neuenkirchen (Diepholz)
B.L	it	Popolazione
B.L	it	Prefisso telefonico
B.L	it	Quernheim
B.L	it	Rehden
B.L	it	Scholen
B.L	it	Schwaförden
B.L	it	Schwarme
B.L	it	Siedenburg
B.L	it	Staffhorst
B.L	it	Stati federati della Germania
B.L	it	Statistisches Bundesamt
B.L	it	Stato
B.L	it	Stemshorn
B.L	it	Stuhr
B.L	it	Sudwalde
B.L	it	Syke
B.L	it	Süstedt
B.L	it	Targa automobilistica
B.L	it	Targhe automobilistiche tedesche
B.L	it	Twistringen
B.L	it	UTC+1
B.L	it	Varrel
B.L	it	Wagenfeld
B.L	it	Wehrbleck
B.L	it	Wetschen
B.L	it	Weyhe
B.L	it	File:Stub .png
B.L	it	File:Stub Bassa Sassonia.png
B.L	it	Template:DEU
B.L	it	Template:DivAmm/DEU
B.L	it	Template:Divisione amministrativa/Stemmi/DEU
B.L	it	Template:Divisione amministrativa/Voci/DEU
B.L	it	Template:Mappa di localizzazione/DEU
B.L	it	Aiuto:Abbozzo
B.L	it	Aiuto:Manuale di stile
B.L	it	Categoria:Stub - Bassa Sassonia
B.L	it	Categoria:Stub - bassa Sassonia
B.L	it	Progetto:Bassa Sassonia
B.L	vi	Affinghausen
B.L	vi	Asendorf
B.L	vi	Bahrenborstel
B.L	vi	Bang của Đức
B.L	vi	Barenburg
B.L	vi	Barnstorf
B.L	vi	Barver
B.L	vi	Bassum
B.L	vi	Biển số xe Đức
B.L	vi	Borstel, Diepholz
B.L	vi	Bremen
B.L	vi	Brockum
B.L	vi	Bruchhausen-Vilsen
B.L	vi	Burgomaster
B.L	vi	Cao độ
B.L	vi	Các quốc gia trên thế giới
B.L	vi	Danh sách mã bưu chính ở Đức
B.L	vi	Dickel
B.L	vi	Diepholz
B.L	vi	Diepholz ()
B.L	vi	Diepholz (huyện)
B.L	vi	Diepholz (quận)
B.L	vi	Diện tích
B.L	vi	Drebber
B.L	vi	Drentwede
B.L	vi	Dân số
B.L	vi	Ehrenburg, Diepholz
B.L	vi	Engeln
B.L	vi	Eydelstedt
B.L	vi	Freistatt
B.L	vi	Giờ Trung Âu
B.L	vi	Giờ mùa Hè Trung Âu
B.L	vi	Hemsloh
B.L	vi	Huy hiệu của Sulingen
B.L	vi	Huyện của Đức
B.L	vi	Hüde
B.L	vi	Hệ tọa độ địa lý
B.L	vi	Kilômét vuông
B.L	vi	Kirchdorf, Diepholz
B.L	vi	Lembruch
B.L	vi	Lemförde
B.L	vi	Maasen
B.L	vi	Marl, Diepholz
B.L	vi	Martfeld
B.L	vi	Mellinghausen
B.L	vi	Mã vùng ở Đức
B.L	vi	Múi giờ
B.L	vi	Mật độ dân số
B.L	vi	Neuenkirchen, Diepholz
B.L	vi	Niedersachsen
B.L	vi	Quernheim
B.L	vi	Rehden
B.L	vi	Scholen
B.L	vi	Schwaförden
B.L	vi	Schwarme
B.L	vi	Siedenburg
B.L	vi	Staffhorst
B.L	vi	Stemshorn
B.L	vi	Stuhr
B.L	vi	Sudwalde
B.L	vi	Syke
B.L	vi	Süstedt
B.L	vi	Twistringen
B.L	vi	UTC+1
B.L	vi	UTC+2
B.L	vi	Varrel
B.L	vi	Wagenfeld
B.L	vi	Website
B.L	vi	Wehrbleck
B.L	vi	Wetschen
B.L	vi	Weyhe
B.L	vi	Đức
B.L	vi	Wikipedia:Bài sơ khai
B.L	vi	Bản mẫu:Bản mẫu:Sơ khai Niedersachsen
B.L	vi	Bản mẫu:Đô thị của Diepholz
B.L	vi	Thảo luận Bản mẫu:Bản mẫu:Sơ khai Niedersachsen
B.L	vi	Thảo luận Bản mẫu:Đô thị của Diepholz
B.L	vo	Deutän
B.L	vo	Km²
B.L	vo	Koordinatasit taledavik
B.L	vo	Niedersachsen
B.L	sr	1986
B.L	sr	Њемачки језик
B.L	sr	Афингхаузен
B.L	sr	Ајделштет
B.L	sr	Барвер
B.L	sr	Баренборстел
B.L	sr	Баренбург
B.L	sr	Барнсторф
B.L	sr	Басум
B.L	sr	Брокум
B.L	sr	Брухаузен-Вилсен
B.L	sr	Вагенфелд
B.L	sr	Верблек
B.L	sr	Вечен
B.L	sr	Вејхе
B.L	sr	Временска зона
B.L	sr	Галтен
B.L	sr	Данска
B.L	sr	Дикел
B.L	sr	Дипхолц
B.L	sr	Доња Саксонија
B.L	sr	Дребер
B.L	sr	Дрентведе
B.L	sr	Енгелн
B.L	sr	Зиденбург
B.L	sr	Зике
B.L	sr	Зиштет (Доња Саксонија)
B.L	sr	Зудвалде
B.L	sr	Квернхајм
B.L	sr	Лембрух
B.L	sr	Лемферде
B.L	sr	Мазен
B.L	sr	Марл
B.L	sr	Мартфелд
B.L	sr	Мелингхаузен
B.L	sr	Немачка
B.L	sr	Немачке државе
B.L	sr	Округ Дипхолц
B.L	sr	Позивни број
B.L	sr	Поштански код
B.L	sr	Регистарска ознака
B.L	sr	Рехден
B.L	sr	Становништво
B.L	sr	Твистринген
B.L	sr	Фарел (Дипхолц)
B.L	sr	Фрајштат (Доња Саксонија)
B.L	sr	Хемслох
B.L	sr	Хиде
B.L	sr	Шварме
B.L	sr	Шваферден
B.L	sr	Шолен
B.L	sr	Штафхорст
B.L	sr	Штемсхорн
B.L	sr	Штур
B.L	sr	Портал:Немачка
B.L	ru	2010 год
B.L	ru	UTC+1
B.L	ru	UTC+2
B.L	ru	Автомобильные номера
B.L	ru	Азендорф (Дипхольц)
B.L	ru	Айдельштедт
B.L	ru	Аммерланд (район)
B.L	ru	Аурих (район)
B.L	ru	Аффингхаузен
B.L	ru	Баренборстель
B.L	ru	Баренбург
B.L	ru	Барнсторф
B.L	ru	Барфер
B.L	ru	Бассум
B.L	ru	Борстель (Дипхольц)
B.L	ru	Брауншвейг
B.L	ru	Броккум
B.L	ru	Брухгаузен-Фильзен
B.L	ru	Вагенфельд
B.L	ru	Вайхе (Нижняя Саксония)
B.L	ru	Везермарш (район)
B.L	ru	Верблек
B.L	ru	Вечен
B.L	ru	Викисклад
B.L	ru	Вильгельмсхафен
B.L	ru	Виттмунд (район)
B.L	ru	Вольфенбюттель (район)
B.L	ru	Вольфсбург
B.L	ru	Высота над уровнем моря
B.L	ru	Ганновер (регион)
B.L	ru	Географические координаты
B.L	ru	Германия
B.L	ru	Гифхорн (район)
B.L	ru	Гослар (район)
B.L	ru	Графство Бентхайм (район)
B.L	ru	Гёттинген (район)
B.L	ru	Дельменхорст
B.L	ru	Диккель
B.L	ru	Дипхольц
B.L	ru	Дипхольц (район)
B.L	ru	Дреббер
B.L	ru	Дрентведе
B.L	ru	Зальцгиттер
B.L	ru	Земли Германии
B.L	ru	Зиденбург
B.L	ru	Зике (город)
B.L	ru	Зольтау-Фаллингбостель (район)
B.L	ru	Зудвальде
B.L	ru	Зюштедт
B.L	ru	Идентификационный код субъекта самоуправления
B.L	ru	Ильцен (район)
B.L	ru	Квадратный километр
B.L	ru	Квернхайм
B.L	ru	Кирхдорф (Зулинген)
B.L	ru	Клоппенбург (район)
B.L	ru	Куксхафен (район)
B.L	ru	Лембрух
B.L	ru	Лемфёрде
B.L	ru	Лер (район)
B.L	ru	Летнее время
B.L	ru	Люнебург (район)
B.L	ru	Люхов-Данненберг (район)
B.L	ru	Мазен
B.L	ru	Марль (Дюммер)
B.L	ru	Мартфельд
B.L	ru	Меллингхаузен
B.L	ru	Метр
B.L	ru	Немецкий язык
B.L	ru	Нижняя Саксония
B.L	ru	Нинбург (район)
B.L	ru	Нойенкирхен (Бассум)
B.L	ru	Нортхайм (район)
B.L	ru	Ольденбург
B.L	ru	Ольденбург (район)
B.L	ru	Оснабрюк
B.L	ru	Оснабрюк (район)
B.L	ru	Остероде (район)
B.L	ru	Остерхольц (район)
B.L	ru	Пайне (район)
B.L	ru	Площадь
B.L	ru	Почтовый индекс
B.L	ru	Район (Германия)
B.L	ru	Реден
B.L	ru	Ротенбург-на-Вюмме
B.L	ru	Страна
B.L	ru	Твистринген
B.L	ru	Телефонный план нумерации
B.L	ru	Фаррель
B.L	ru	Ферден (район)
B.L	ru	Фехта (район)
B.L	ru	Фрайстат
B.L	ru	Фрисландия (Германия)
B.L	ru	Хамельн-Пирмонт (район)
B.L	ru	Харбург (район)
B.L	ru	Хельмштедт (район)
B.L	ru	Хемсло
B.L	ru	Хильдесхайм (район)
B.L	ru	Хольцминден (район)
B.L	ru	Хюде
B.L	ru	Целле (район)
B.L	ru	Часовой пояс
B.L	ru	Шаумбург (район)
B.L	ru	Шварме
B.L	ru	Швафёрден
B.L	ru	Шолен
B.L	ru	Штаде (район)
B.L	ru	Штафхорст
B.L	ru	Штемсхорн
B.L	ru	Штур (город)
B.L	ru	Эмден
B.L	ru	Эмсланд (район)
B.L	ru	Энгельн
B.L	ru	Эренбург (Нижняя Саксония)
B.L	ru	Википедия:Заготовка статьи
B.L	ru	Шаблон:ПозКарта Германия
B.L	ru	Шаблон:ПозКарта Германия Нижняя Саксония
B.L	ru	Шаблон:ПозКарта Германия Нижняя Саксония Дипхольц (район)
B.L	ru	Шаблон:Цвет/Германия
B.L	ru	Проект:Германия/Шаблоны-geo-stub
B.L	ro	Germania
B.L	ro	Saxonia Inferioară
B.L	ro	Wikipedia:Articolul ciot perfect
B.L	ro	Wikipedia:Găsește și repară un ciot
B.L	pt	2007
B.L	pt	Affinghausen
B.L	pt	Alemanha
B.L	pt	Altitude
B.L	pt	Asendorf
B.L	pt	Bahrenborstel
B.L	pt	Baixa Saxônia
B.L	pt	Barenburg
B.L	pt	Barnstorf
B.L	pt	Barver
B.L	pt	Bassum
B.L	pt	Borstel (Baixa Saxônia)
B.L	pt	Brockum
B.L	pt	Bruchhausen-Vilsen
B.L	pt	Cidade
B.L	pt	Coordenada geográfica
B.L	pt	Código postal
B.L	pt	Código telefônico
B.L	pt	Densidade populacional
B.L	pt	Dickel
B.L	pt	Diepholz
B.L	pt	Diepholz (distrito)
B.L	pt	Distrito
B.L	pt	Drebber
B.L	pt	Drentwede
B.L	pt	Ehrenburg (Baixa Saxônia)
B.L	pt	Engeln
B.L	pt	Estados da Alemanha
B.L	pt	Eydelstedt
B.L	pt	Freistatt
B.L	pt	Geografia da Alemanha
B.L	pt	Hemsloh
B.L	pt	Hüde
B.L	pt	Kirchdorf (Baixa Saxônia)
B.L	pt	Lembruch
B.L	pt	Lemförde
B.L	pt	Lista de distritos rurais da Alemanha
B.L	pt	Maasen
B.L	pt	Marl (Baixa Saxônia)
B.L	pt	Martfeld
B.L	pt	Mellinghausen
B.L	pt	Metro
B.L	pt	Neuenkirchen (Diepholz)
B.L	pt	País
B.L	pt	Placa de identificação de veículos
B.L	pt	População
B.L	pt	Prefeito
B.L	pt	Prefeitura
B.L	pt	Quernheim
B.L	pt	Quilómetro quadrado
B.L	pt	Rehden
B.L	pt	Scholen
B.L	pt	Schwaförden
B.L	pt	Schwarme
B.L	pt	Siedenburg
B.L	pt	Staffhorst
B.L	pt	Stemshorn
B.L	pt	Stuhr
B.L	pt	Sudwalde
B.L	pt	Syke
B.L	pt	Süstedt
B.L	pt	Twistringen
B.L	pt	Varrel
B.L	pt	Wagenfeld
B.L	pt	Website
B.L	pt	Wehrbleck
B.L	pt	Wetschen
B.L	pt	Weyhe
B.L	pt	Área
B.L	pt	Wikipédia:Esboço
B.L	pt	Anexo:Lista de distritos rurais da Alemanha
CN	de	Sulingen
IWL	fr	Sulingen
IWL	fa	زولینگن (نیدرزاکسن)
IWL	eo	Sulingen
IWL	en	Sulingen
IWL	nds	Sulingen
IWL	pl	Sulingen
IWL	ms	Sulingen
IWL	nl	Sulingen
IWL	war	Sulingen
IWL	it	Sulingen
IWL	vi	Sulingen
IWL	vo	Sulingen
IWL	sr	Зулинген
IWL	ru	Зулинген
IWL	ro	Sulingen
IWL	pt	Sulingen
