A.L	de	Heinz Nixdorf
A.L	de	Heinz Nixdorf MuseumsForum
A.L	de	Mikulášovice
A.L	de	Nixdorf Computer
A.L	de	Reinhard Nixdorf
A.L	de	Siemens Nixdorf
A.L	de	Wincor Nixdorf
A.L	de	Wikipedia:Begriffsklärung
B.L	fr	Heinz Nixdorf
B.L	fr	Nixdorf Computer
B.L	fr	Siemens
B.L	fr	Siemens Nixdorf
B.L	fr	Wincor Nixdorf
B.L	fr	Aide:Homonymie
B.L	en	Heinz Nixdorf
B.L	en	Mikulášovice
B.L	en	Nixdorf Computer AG
B.L	en	Siemens Nixdorf Informationssysteme
B.L	en	Wincor Nixdorf
B.L	en	Help:Disambiguation
CN	de	Nixdorf
IWL	fr	Nixdorf
IWL	en	Nixdorf
