A.L	de	1. April
A.L	de	1951
A.L	de	Andreas von Bülow
A.L	de	Angela Merkel
A.L	de	Angelika Peter
A.L	de	Annette Schavan
A.L	de	Berliner Zeitung
A.L	de	Björn Engholm
A.L	de	Brandenburg
A.L	de	Bundesministerium für Bildung und Forschung
A.L	de	CDU Brandenburg
A.L	de	Carola Hartfelder
A.L	de	Christian Wulff
A.L	de	Christlich Demokratische Union Deutschlands
A.L	de	Daniel Bahr
A.L	de	Der Spiegel
A.L	de	Deutsche Nationalbibliothek
A.L	de	Deutschland
A.L	de	Die Linke
A.L	de	Diplom
A.L	de	Dirk Niebel
A.L	de	Dorothee Wilms
A.L	de	Edelgard Bulmahn
A.L	de	Eduard Pestel
A.L	de	Ernst Ludwig Ehrlich Studienwerk
A.L	de	Ernst Zborowski
A.L	de	Erweiterte Oberschule
A.L	de	Franz Josef Jung
A.L	de	Franz Josef Strauß
A.L	de	Freie Deutsche Jugend
A.L	de	Fritz Rücker
A.L	de	Gabriele Heinen-Kljajic
A.L	de	Gemeinsame Normdatei
A.L	de	Gerhard Stoltenberg
A.L	de	Gert Wanka
A.L	de	Großtreben
A.L	de	Guido Westerwelle
A.L	de	Hamburger Abendblatt
A.L	de	Hans-Paul Ganter-Gilmans
A.L	de	Hans-Peter Friedrich
A.L	de	Hans Lenz
A.L	de	Hans Leussink
A.L	de	Hans Matthöfer
A.L	de	Heinz Riesenhuber
A.L	de	Heinz Sauer (Politiker)
A.L	de	Helga Schuchardt
A.L	de	Helmut Rohde
A.L	de	Herbert Schirmer
A.L	de	Hermann Gerigk
A.L	de	Hinrich Enderlein
A.L	de	Hochschule Merseburg
A.L	de	Holger Rupprecht
A.L	de	Horst Brasch
A.L	de	Horst Ehmke
A.L	de	Ilse Aigner
A.L	de	Johann-Tönjes Cassens
A.L	de	Joist Grolle
A.L	de	Jörg Schönbohm
A.L	de	Jürgen Möllemann
A.L	de	Jürgen Rüttgers
A.L	de	Jürgen Schmude
A.L	de	Kabinett McAllister
A.L	de	Kabinett Merkel II
A.L	de	Kabinett Stolpe III
A.L	de	Kabinett Wulff II
A.L	de	Karl-Hans Laermann
A.L	de	Karl-Theodor zu Guttenberg
A.L	de	Karl Grobbel
A.L	de	Klaus von Dohnanyi
A.L	de	Kreistag
A.L	de	Kristina Schröder
A.L	de	Kultusministerkonferenz
A.L	de	Landkreis Dahme-Spreewald
A.L	de	Landkreis Merseburg
A.L	de	Landtag Brandenburg
A.L	de	Landtagswahl in Brandenburg 2009
A.L	de	Landtagswahl in Niedersachsen 2013
A.L	de	Landtagswahlkreis Dahme-Spreewald III
A.L	de	Landtechnik
A.L	de	Library of Congress Control Number
A.L	de	Liste der deutschen Minister für Bildung und Forschung
A.L	de	Lothar de Maizière
A.L	de	Lutz Stratmann
A.L	de	Marianne Birthler
A.L	de	Martina Münch
A.L	de	Mathematik
A.L	de	Matthias Wissmann
A.L	de	Merseburg
A.L	de	Michael Schierack
A.L	de	Neues Forum
A.L	de	Niedersachsen
A.L	de	Niedersächsisches Ministerium für Wissenschaft und Kultur
A.L	de	Norbert Röttgen
A.L	de	Opposition und Widerstand in der DDR
A.L	de	Paul Krüger (CDU)
A.L	de	Peter Altmaier
A.L	de	Peter Ramsauer
A.L	de	Peter Wagner (Politiker)
A.L	de	Philipp Rösler
A.L	de	Politiker
A.L	de	Polytechnische Oberschule
A.L	de	Potentialtheorie
A.L	de	Potsdamer Neueste Nachrichten
A.L	de	Promotion (Doktor)
A.L	de	Rainer Brüderle
A.L	de	Rainer Ortleb
A.L	de	Rechtschreibreform
A.L	de	Reform der deutschen Rechtschreibung von 1996
A.L	de	Rektor
A.L	de	Roland Resch (Politiker)
A.L	de	Ronald Pofalla
A.L	de	Rosenfeld (Beilrode)
A.L	de	Sabine Kunst
A.L	de	Sabine Leutheusser-Schnarrenberger
A.L	de	Saskia Ludwig
A.L	de	Siegfried Balke
A.L	de	Spiegel Online
A.L	de	Spitzenkandidat
A.L	de	Staatsräson
A.L	de	Steffen Reiche
A.L	de	Technische Hochschule Leuna-Merseburg
A.L	de	Thomas Oppermann (Politiker)
A.L	de	Thomas de Maizière
A.L	de	Ulf Fink
A.L	de	Ulrich Junghanns
A.L	de	Universität Leipzig
A.L	de	Ursula von der Leyen
A.L	de	Virtual International Authority File
A.L	de	Volker Hauff
A.L	de	Werner Remmers
A.L	de	Wilhelm Wolf (Politiker Deutschland)
A.L	de	Wissenschaftlicher Assistent
A.L	de	Wolfgang Hackel
A.L	de	Wolfgang Schäuble
A.L	de	Hilfe:Personendaten
B.L	fr	13 février
B.L	fr	13 octobre
B.L	fr	14 février
B.L	fr	17 janvier
B.L	fr	17 octobre
B.L	fr	1951
B.L	fr	1955
B.L	fr	1958
B.L	fr	1966
B.L	fr	1970
B.L	fr	1972
B.L	fr	1974
B.L	fr	1980
B.L	fr	1985
B.L	fr	1989
B.L	fr	1990
B.L	fr	1994
B.L	fr	1er avril
B.L	fr	1er juillet
B.L	fr	2000
B.L	fr	2001
B.L	fr	2003
B.L	fr	2004
B.L	fr	2005
B.L	fr	2007
B.L	fr	2008
B.L	fr	2009
B.L	fr	2010
B.L	fr	2013
B.L	fr	23 août
B.L	fr	27 avril
B.L	fr	29 octobre
B.L	fr	4 novembre
B.L	fr	6 novembre
B.L	fr	9 février
B.L	fr	Allemand
B.L	fr	Andreas Demetriou
B.L	fr	Andreas von Bülow
B.L	fr	Anelia Klissarova
B.L	fr	Angela Merkel
B.L	fr	Annette Schavan
B.L	fr	Août 2013
B.L	fr	Arrondissement de Dahme-Forêt-de-Spree
B.L	fr	Arrondissement de Mersebourg
B.L	fr	Avril 1951
B.L	fr	Avril 2010
B.L	fr	Basse-Saxe
B.L	fr	Björn Engholm
B.L	fr	Brandebourg
B.L	fr	Brigitte Zypries
B.L	fr	Cabinet McAllister
B.L	fr	Cabinet Merkel I
B.L	fr	Cabinet Merkel II
B.L	fr	Cabinet Platzeck I
B.L	fr	Cabinet Platzeck II
B.L	fr	Cabinet Schröder II
B.L	fr	Cabinet Stolpe III
B.L	fr	Cabinet Wulff II
B.L	fr	Chancelier fédéral (Allemagne)
B.L	fr	Chancellerie fédérale (Allemagne)
B.L	fr	Chercheuse
B.L	fr	Christian Wulff
B.L	fr	Christine Antorini
B.L	fr	Claudia Schmied
B.L	fr	Coalition rouge-rouge
B.L	fr	Dainius Pavalkis
B.L	fr	Daniel Bahr
B.L	fr	David McAllister
B.L	fr	Die Linke
B.L	fr	Dirk Niebel
B.L	fr	Doctorat
B.L	fr	Dorothee Wilms
B.L	fr	Dušan Čaplovič
B.L	fr	Décembre
B.L	fr	Edelgard Bulmahn
B.L	fr	Evarist Bartolo
B.L	fr	Frank-Walter Steinmeier
B.L	fr	Frankfurter Allgemeine Zeitung
B.L	fr	Franz Josef Jung
B.L	fr	Franz Josef Strauß
B.L	fr	Franz Müntefering
B.L	fr	Février 2013
B.L	fr	Gabriele Heinen-Kljajic
B.L	fr	Gerhard Stoltenberg
B.L	fr	Gouvernement fédéral (Allemagne)
B.L	fr	Grande coalition (Allemagne)
B.L	fr	Großtreben-Zwethau
B.L	fr	Guido Westerwelle
B.L	fr	Hans-Peter Friedrich
B.L	fr	Hans Lenz
B.L	fr	Hans Leussink
B.L	fr	Hans Matthöfer
B.L	fr	Heidemarie Wieczorek-Zeul
B.L	fr	Heinz Riesenhuber
B.L	fr	Helmut Rohde
B.L	fr	Helmuth Markov
B.L	fr	Horst Ehmke
B.L	fr	Horst Seehofer
B.L	fr	Ilse Aigner
B.L	fr	Ingénierie
B.L	fr	Jaak Aaviksoo
B.L	fr	Jan Björklund
B.L	fr	Janvier 2007
B.L	fr	Janvier 2009
B.L	fr	Jernej Pikalo
B.L	fr	Jet Bussemaker
B.L	fr	Joachim Gauck
B.L	fr	José Ignacio Wert
B.L	fr	Jürgen Möllemann
B.L	fr	Jürgen Rüttgers
B.L	fr	Jürgen Schmude
B.L	fr	Karl-Hans Laermann
B.L	fr	Karl-Theodor zu Guttenberg
B.L	fr	Klaus von Dohnanyi
B.L	fr	Krista Kiuru
B.L	fr	Kristina Schröder
B.L	fr	Krystyna Szumilas
B.L	fr	Kóstas Arvanitópoulos
B.L	fr	Landtag
B.L	fr	Le Figaro
B.L	fr	Leuna
B.L	fr	Liste de femmes ministres allemandes
B.L	fr	Liste des ministres de Basse-Saxe
B.L	fr	Lutz Stratmann
B.L	fr	Mady Delvaux-Stehres
B.L	fr	Mai 2003
B.L	fr	Manfred Stolpe
B.L	fr	Maria Chiara Carrozza
B.L	fr	Martina Münch
B.L	fr	Mathématique
B.L	fr	Mathématiques
B.L	fr	Mathématiques appliquées
B.L	fr	Matthias Platzeck
B.L	fr	Matthias Wissmann
B.L	fr	Mersebourg
B.L	fr	Michael Glos
B.L	fr	Michael Gove
B.L	fr	Ministre fédéral avec attributions spéciales
B.L	fr	Ministère de l'Éducation
B.L	fr	Ministère fédéral de l'Agriculture (Allemagne)
B.L	fr	Ministère fédéral de l'Environnement (Allemagne)
B.L	fr	Ministère fédéral de l'Intérieur (Allemagne)
B.L	fr	Ministère fédéral de l'Économie (Allemagne)
B.L	fr	Ministère fédéral de l'Éducation et de la Recherche (Allemagne)
B.L	fr	Ministère fédéral de la Coopération économique (Allemagne)
B.L	fr	Ministère fédéral de la Défense (Allemagne)
B.L	fr	Ministère fédéral de la Famille (Allemagne)
B.L	fr	Ministère fédéral de la Justice (Allemagne)
B.L	fr	Ministère fédéral de la Santé (Allemagne)
B.L	fr	Ministère fédéral des Finances (Allemagne)
B.L	fr	Ministère fédéral des Transports et de la Construction (Allemagne)
B.L	fr	Ministère fédéral du Travail (Allemagne)
B.L	fr	Norbert Röttgen
B.L	fr	Nouveau Forum
B.L	fr	Novembre 2008
B.L	fr	Novembre 2009
B.L	fr	Nuno Crato
B.L	fr	Octobre 2000
B.L	fr	Octobre 2008
B.L	fr	Office des Affaires étrangères (Allemagne)
B.L	fr	Olaf Scholz
B.L	fr	Paul Krüger (homme politique allemand)
B.L	fr	Peer Steinbrück
B.L	fr	Personnalité politique
B.L	fr	Peter Altmaier
B.L	fr	Peter Ramsauer
B.L	fr	Petr Fiala
B.L	fr	Philipp Rösler
B.L	fr	Politique de l'Allemagne
B.L	fr	Professeur des universités
B.L	fr	Rainer Brüderle
B.L	fr	Rainer Ortleb
B.L	fr	Remus Pricopie
B.L	fr	Ronald Pofalla
B.L	fr	Ruairi Quinn
B.L	fr	République démocratique allemande
B.L	fr	Sabine Leutheusser-Schnarrenberger
B.L	fr	Saskia Ludwig
B.L	fr	Sciences appliquées
B.L	fr	Siegfried Balke
B.L	fr	Sigmar Gabriel
B.L	fr	Thomas de Maizière
B.L	fr	Torgau
B.L	fr	Ulla Schmidt
B.L	fr	Ulrich Junghanns
B.L	fr	Union chrétienne-démocrate d'Allemagne
B.L	fr	Universitaire
B.L	fr	Université de Leipzig
B.L	fr	Ursula von der Leyen
B.L	fr	Vice-chancelier (Allemagne)
B.L	fr	Vincent Peillon
B.L	fr	Vjačeslavs Dombrovskis
B.L	fr	Volker Hauff
B.L	fr	Wolfgang Hackel
B.L	fr	Wolfgang Schäuble
B.L	fr	Wolfgang Tiefensee
B.L	fr	Zoltán Balog
B.L	fr	Élections fédérales allemandes de 2013
B.L	fr	Élections législatives régionales de 2009 dans le Brandebourg
B.L	fr	Élections législatives régionales de 2013 en Basse-Saxe
B.L	fr	États membres de l'Union européenne
B.L	fr	Željko Jovanović
B.L	fr	Modèle:Palette Cabinet Merkel
B.L	fr	Modèle:Palette Ministres de l'Education de l'UE
B.L	fr	Modèle:Palette Ministres de l'Éducation et de la Recherche allemands
B.L	fr	Discussion modèle:Palette Cabinet Merkel
B.L	fr	Discussion modèle:Palette Ministres de l'Education de l'UE
B.L	fr	Discussion modèle:Palette Ministres de l'Éducation et de la Recherche allemands
B.L	fr	Catégorie:Portail:Allemagne/Articles liés
B.L	fr	Catégorie:Portail:Politique/Articles liés
B.L	fr	Portail:Allemagne
B.L	fr	Portail:Politique
B.L	eo	1-a de aprilo
B.L	eo	14-an de februaro
B.L	eo	1951
B.L	eo	2010
B.L	eo	2013
B.L	eo	27-a de aprilo
B.L	eo	Angela Merkel
B.L	eo	Annette Schavan
B.L	eo	Beilrode
B.L	eo	CDU
B.L	eo	Malsupra Saksio
B.L	en	Alma mater
B.L	en	Angela Merkel
B.L	en	Annette Schavan
B.L	en	Authority control
B.L	en	Brandenburg
B.L	en	Cabinet McAllister
B.L	en	Cabinet Merkel II
B.L	en	Chancellor of Germany
B.L	en	Christian Democratic Union (Germany)
B.L	en	Daniel Bahr
B.L	en	Der Spiegel
B.L	en	Dirk Niebel
B.L	en	Federal Minister of Economics and Technology
B.L	en	Federal Ministry of Education and Research (Germany)
B.L	en	Federal Ministry of Health (Germany)
B.L	en	Franz Josef Jung
B.L	en	German Democratic Republic
B.L	en	German National Library
B.L	en	German orthography reform of 1996
B.L	en	German people
B.L	en	Germany
B.L	en	Gert Wanka
B.L	en	Großtreben-Zwethau
B.L	en	Guido Westerwelle
B.L	en	Hans-Peter Friedrich
B.L	en	Ilse Aigner
B.L	en	Incumbent
B.L	en	Karl-Theodor zu Guttenberg
B.L	en	Kristina Schröder
B.L	en	Kultusministerkonferenz
B.L	en	Leipzig University
B.L	en	Lower Saxony
B.L	en	Mathematics Genealogy Project
B.L	en	Merseburg University of Applied Sciences
B.L	en	Neues Forum
B.L	en	Norbert Röttgen
B.L	en	Peter Altmaier
B.L	en	Peter Ramsauer
B.L	en	Philipp Rösler
B.L	en	Polytechnic Secondary School
B.L	en	Rainer Brüderle
B.L	en	Rector (academia)
B.L	en	Ronald Pofalla
B.L	en	Sabine Leutheusser-Schnarrenberger
B.L	en	Thomas de Maizière
B.L	en	Torgau
B.L	en	Ursula von der Leyen
B.L	en	Vice Chancellor of Germany
B.L	en	Virtual International Authority File
B.L	en	Wolfgang Schäuble
B.L	en	Wikipedia:Persondata
B.L	en	Template:Cabinet Merkel II
B.L	en	Template talk:Cabinet Merkel II
B.L	en	Category:Use dmy dates from February 2013
B.L	no	1. april
B.L	no	1951
B.L	no	Angela Merkels andre regjering
B.L	no	Annette Schavan
B.L	no	Björn Engholm
B.L	no	Christlich Demokratische Union Deutschlands
B.L	no	Daniel Bahr
B.L	no	Deutsche Nationalbibliothek
B.L	no	Dirk Niebel
B.L	no	Dorothee Wilms
B.L	no	Edelgard Bulmahn
B.L	no	Franz Josef Jung
B.L	no	Gemeinsame Normdatei
B.L	no	Guido Westerwelle
B.L	no	Hans-Peter Friedrich
B.L	no	Hans Leussink
B.L	no	Helmut Rohde
B.L	no	Ilse Aigner
B.L	no	Jürgen Möllemann
B.L	no	Jürgen Rüttgers
B.L	no	Jürgen Schmude
B.L	no	Karl-Hans Laermann
B.L	no	Karl-Theodor zu Guttenberg
B.L	no	Klaus von Dohnanyi
B.L	no	Kristina Schröder
B.L	no	Library of Congress Control Number
B.L	no	Liste over Tysklands utdanningsministre
B.L	no	Merkel II
B.L	no	Norbert Röttgen
B.L	no	Peter Altmaier
B.L	no	Peter Ramsauer
B.L	no	Philipp Rösler
B.L	no	Politiker
B.L	no	Rainer Brüderle
B.L	no	Rainer Ortleb
B.L	no	Ronald Pofalla
B.L	no	Rosenfeld (Beilrode)
B.L	no	Sabine Leutheusser-Schnarrenberger
B.L	no	Thomas de Maizière
B.L	no	Tyskland
B.L	no	Ursula von der Leyen
B.L	no	Virtual International Authority File
B.L	no	Wolfgang Schäuble
B.L	no	Mal:Merkels andre kabinett
B.L	no	Mal:Tysklands utdanningsministre
B.L	no	Maldiskusjon:Merkels andre kabinett
B.L	no	Maldiskusjon:Tysklands utdanningsministre
B.L	nl	1951
B.L	nl	1 april
B.L	nl	Angela Merkel
B.L	nl	Annette Schavan
B.L	nl	Beilrode
B.L	nl	Brandenburg (deelstaat)
B.L	nl	Christian Wulff
B.L	nl	Christlich Demokratische Union Deutschlands (Bondsrepubliek)
B.L	nl	Duitsland
B.L	nl	Nedersaksen
B.L	nl	Plagiaat
B.L	nl	Politica
B.L	nl	Politicus
B.L	nl	Rosenfeld (Beilrode)
B.L	nl	Universiteit van Leipzig
B.L	nl	Portaal:Politiek
B.L	la	14 Februarii
B.L	la	1951
B.L	la	1970
B.L	la	1974
B.L	la	1980
B.L	la	1993
B.L	la	1994
B.L	la	1 Aprilis
B.L	la	2000
B.L	la	2001
B.L	la	2009
B.L	la	2010
B.L	la	2012
B.L	la	2013
B.L	la	9 Februarii
B.L	la	Administer Foederalis Eruditionis et Scientiae
B.L	la	Administratio Merkel 2
B.L	la	Alma Mater Lipsiensis
B.L	la	Angela Merkel
B.L	la	Annetta Schavan
B.L	la	Björn Engholm
B.L	la	Brandenburgum
B.L	la	CDU
B.L	la	Carolus-Ioannes Laermann
B.L	la	Carolus Theodorus zu Guttenberg
B.L	la	Christianus Wulff
B.L	la	Christina Schröder
B.L	la	Daniel Bahr
B.L	la	David McAllister
B.L	la	Dorothea Wilms
B.L	la	Edelgarda Bulmahn
B.L	la	Franciscus Iosephus Strauß
B.L	la	Franciscus Josephus Jung
B.L	la	Georgius Möllemann
B.L	la	Georgius Rüttgers
B.L	la	Georgius Schmude
B.L	la	Gerhardus Stoltenberg
B.L	la	Germania
B.L	la	Guido Westerwelle
B.L	la	Helimutus Rohde
B.L	la	Ilse Aigner
B.L	la	Ioannes-Petrus Friedrich
B.L	la	Ioannes Lenz
B.L	la	Ioannes Leussink
B.L	la	Leuna
B.L	la	Lingua Theodisca
B.L	la	Manfredus Stolpe
B.L	la	Mathematica
B.L	la	Matthias Platzeck
B.L	la	Merseburga
B.L	la	Nicolaus de Dohnanyi
B.L	la	Norbertus Röttgen
B.L	la	Petrus Altmaier
B.L	la	Petrus Ramsauer
B.L	la	Philippus Rösler
B.L	la	Rainer Brüderle
B.L	la	Rainerus Ortleb
B.L	la	Ronaldus Pofalla
B.L	la	SPD
B.L	la	Sabina Leutheusser-Schnarrenberger
B.L	la	Saxonia
B.L	la	Saxonia Inferior
B.L	la	Siegfriedus Balke
B.L	la	Theodericus Niebel
B.L	la	Thomas de Maizière
B.L	la	Torgavia
B.L	la	Ursula de Leyen
B.L	la	Volfgangus Schäuble
B.L	sv	14 februari
B.L	sv	1951
B.L	sv	1 april
B.L	sv	2013
B.L	sv	Angela Merkel
B.L	sv	Annette Schavan
B.L	sv	Brandenburg
B.L	sv	CDU
B.L	sv	Daniel Bahr
B.L	sv	Dirk Niebel
B.L	sv	Franz Josef Jung
B.L	sv	Guido Westerwelle
B.L	sv	Hans-Peter Friedrich
B.L	sv	Hochschule Merseburg
B.L	sv	Ilse Aigner
B.L	sv	Karl-Theodor zu Guttenberg
B.L	sv	Kristina Schröder
B.L	sv	Merseburg
B.L	sv	Niedersachsen
B.L	sv	Norbert Röttgen
B.L	sv	Peter Altmaier
B.L	sv	Peter Ramsauer
B.L	sv	Philipp Rösler
B.L	sv	Rainer Brüderle
B.L	sv	Regeringen Merkel II
B.L	sv	Ronald Pofalla
B.L	sv	Rosenfeld, Beilrode
B.L	sv	Sabine Leutheusser-Schnarrenberger
B.L	sv	Sachsen-Anhalt
B.L	sv	Thomas de Maizière
B.L	sv	Tysklands förbundsregering
B.L	sv	Tysklands utbildningsminister
B.L	sv	Ursula von der Leyen
B.L	sv	Wolfgang Schäuble
B.L	sv	Mall:Regeringen Merkel II
B.L	sv	Malldiskussion:Regeringen Merkel II
B.L	ru	14 февраля
B.L	ru	1951
B.L	ru	1951 год
B.L	ru	1 апреля
B.L	ru	2013 год
B.L	ru	Бранденбург
B.L	ru	Викисклад
B.L	ru	Германия
B.L	ru	Германская Демократическая Республика
B.L	ru	Доктор наук
B.L	ru	Лейпцигский университет
B.L	ru	Математик
B.L	ru	Меркель, Ангела
B.L	ru	Немецкий язык
B.L	ru	Нижняя Саксония
B.L	ru	Политик
B.L	ru	Потсдам
B.L	ru	Свободное государство Саксония
B.L	ru	Северная Саксония
B.L	ru	Список министров образования Германии
B.L	ru	Христианско-демократический союз (Германия)
B.L	ru	Христианско-демократический союз Германии
B.L	ru	Шаван, Аннетте
B.L	zh	东德
B.L	zh	勃兰登堡州
B.L	zh	北萨克森县
B.L	zh	安娜特·莎萬
B.L	zh	德国
B.L	zh	德国基督教民主联盟
B.L	zh	德國聯邦教育及研究部
B.L	zh	萨克森州
CN	de	Johanna_Wanka
IWL	fr	Johanna Wanka
IWL	eo	Johanna Wanka
IWL	en	Johanna Wanka
IWL	no	Johanna Wanka
IWL	nl	Johanna Wanka
IWL	la	Ioanna Wanka
IWL	sv	Johanna Wanka
IWL	ru	Ванка, Йоханна
IWL	zh	约翰娜·万卡
