A.L	de	1966
A.L	de	3. Mai
A.L	de	Abgeordnetenwatch.de
A.L	de	Abitur
A.L	de	Agenda 2010
A.L	de	Aktion Sühnezeichen Friedensdienste
A.L	de	Angela Merkel
A.L	de	Annemarie Borgmann
A.L	de	Antje Vollmer
A.L	de	Atlantik-Brücke
A.L	de	Baden-Württemberg
A.L	de	Barbara Rinke
A.L	de	Bedingungsloses Grundeinkommen
A.L	de	Bonn
A.L	de	Boris Palmer
A.L	de	Bundesrat (Deutschland)
A.L	de	Bundesstiftung Mutter und Kind
A.L	de	Bundestagsfraktion Bündnis 90/Die Grünen
A.L	de	Bundestagswahl 2005
A.L	de	Bundestagswahl 2013
A.L	de	Bundestagswahlkreis Erfurt – Weimar – Weimarer Land II
A.L	de	Bundestagswahlkreis Gotha – Ilm-Kreis
A.L	de	Bärbel Rust
A.L	de	Bündnis 90
A.L	de	Bündnis 90/Die Grünen
A.L	de	Bürgertum
A.L	de	Christa Vennegerts
A.L	de	Christian Schmidt (Grüne)
A.L	de	Christlich Demokratische Union Deutschlands
A.L	de	Christliches Jugenddorfwerk Deutschlands
A.L	de	Claudia Roth
A.L	de	Constantin von Dietze
A.L	de	Cornelius von Heyl zu Herrnsheim
A.L	de	Crescendo (Zeitschrift)
A.L	de	Demokratie Jetzt
A.L	de	Demokratischer Aufbruch
A.L	de	Deutsche Demokratische Republik
A.L	de	Deutsche Nationalbibliothek
A.L	de	Deutscher Bundestag
A.L	de	Deutscher Evangelischer Kirchentag
A.L	de	Deutscher Evangelischer Kirchentag 2011
A.L	de	Die Linke
A.L	de	Eckhard Nagel
A.L	de	Eduard Oswald
A.L	de	Eleonore von Rotenhan
A.L	de	Elisabeth Raiser
A.L	de	Erhard Eppler
A.L	de	Erika Reihlen
A.L	de	Ernst Benda
A.L	de	Erweiterte Oberschule
A.L	de	Evangelische Akademie
A.L	de	Evangelische Kirche in Deutschland
A.L	de	Evangelische Theologie
A.L	de	Evangelischer Rundfunkdienst Baden
A.L	de	Familie
A.L	de	Fraktion (Bundestag)
A.L	de	Freie Demokratische Partei
A.L	de	Freie Deutsche Jugend
A.L	de	Friedrichroda
A.L	de	Fritz Kuhn
A.L	de	Gemeinsame Normdatei
A.L	de	Gerhard Robbers
A.L	de	Gerhard Schröder
A.L	de	Geringfügige Beschäftigung
A.L	de	Gertrud Osterloh
A.L	de	Gesetzliche Rentenversicherung
A.L	de	Gustav Heinemann
A.L	de	Günther Beckstein
A.L	de	Hannegret Hönes
A.L	de	Hanno Gerwin
A.L	de	Hans Puttfarcken
A.L	de	Hartz-Konzept
A.L	de	Heimat
A.L	de	Heinrich-Böll-Stiftung
A.L	de	Heinz Zahrnt
A.L	de	Helmut Lippelt
A.L	de	Helmut Müller-Enbergs
A.L	de	Helmut Simon (Richter)
A.L	de	Hermann Kunst-Stiftung zur Förderung der neutestamentlichen Textforschung
A.L	de	Hermann Otto Solms
A.L	de	Homophobie
A.L	de	Homosexualität
A.L	de	Ingersleben (Thüringen)
A.L	de	Internationale Martin Luther Stiftung
A.L	de	Jobcenter
A.L	de	Joschka Fischer
A.L	de	Jutta Ditfurth
A.L	de	Jürgen Schmude
A.L	de	Jürgen Trittin
A.L	de	Karin von Welck
A.L	de	Katja Kipping
A.L	de	Kerstin Müller
A.L	de	Kindergrundsicherung
A.L	de	Kinderhospiz Bethel
A.L	de	Klaus von Bismarck
A.L	de	Konzil
A.L	de	Kosovokrieg
A.L	de	Kreis Gotha
A.L	de	Krista Sager
A.L	de	Kulturpolitik
A.L	de	Kurt Sontheimer
A.L	de	Landesliste
A.L	de	Library of Congress Control Number
A.L	de	Liste der Deutschen Evangelischen Kirchentage und beteiligter Personen
A.L	de	Liste der Mitglieder des Deutschen Bundestages (17. Wahlperiode)
A.L	de	Lohnnebenkosten
A.L	de	Ludger Volmer
A.L	de	Ludwig Raiser
A.L	de	Mariam Lau
A.L	de	Marianne Birthler
A.L	de	Marieluise Beck
A.L	de	Markus Kurth (Politiker)
A.L	de	Martin Dolde
A.L	de	Matthias Berninger
A.L	de	Michael F. Feldkamp
A.L	de	Mission (Christentum)
A.L	de	Missionierende Religion
A.L	de	Mitglied des Deutschen Bundestages
A.L	de	NachDenkSeiten
A.L	de	Nachhaltigkeit
A.L	de	Norbert Lammert
A.L	de	Nordhausen
A.L	de	Otto Schily
A.L	de	Peer Steinbrück
A.L	de	Peter Frey
A.L	de	Petra Kelly
A.L	de	Petra Pau
A.L	de	Pfarrer
A.L	de	Pizza-Connection (Politik)
A.L	de	Politiker
A.L	de	Präses
A.L	de	Präsident des Deutschen Bundestages
A.L	de	Rainer Meusel
A.L	de	Realo
A.L	de	Regula Schmidt-Bott
A.L	de	Reinhard Höppner
A.L	de	Reinold von Thadden
A.L	de	Religion
A.L	de	Religionsunterricht
A.L	de	Renate Künast
A.L	de	Rentenalter
A.L	de	Rezzo Schlauch
A.L	de	Richard von Weizsäcker
A.L	de	Rot-grüne Koalition
A.L	de	Sabine Bard
A.L	de	Schwarz-grüne Koalition
A.L	de	Sigmar Gabriel
A.L	de	Sozialdemokratische Partei Deutschlands
A.L	de	Stammzellgesetz
A.L	de	Stiftung Haus der Geschichte der Bundesrepublik Deutschland
A.L	de	Synode (Evangelische Kirchen)
A.L	de	Thomas Ebermann
A.L	de	Thüringen
A.L	de	Tübingen
A.L	de	Universität Leipzig
A.L	de	Urwahl
A.L	de	Vers (Bibel)
A.L	de	Virtual International Authority File
A.L	de	Vizekanzler (Deutschland)
A.L	de	Von Bodelschwinghsche Stiftungen Bethel
A.L	de	Wahlkreis
A.L	de	Waltraud Schoppe
A.L	de	Wende und friedliche Revolution in der DDR
A.L	de	Wer war wer in der DDR?
A.L	de	Werner Schulz
A.L	de	Wertkonservatismus
A.L	de	Wilhelm-Leuschner-Medaille
A.L	de	Willi Hoss
A.L	de	Winfried Kretschmann
A.L	de	Wolfgang Huber
A.L	de	Wolfgang Lieb
A.L	de	Wolfgang Thierse
A.L	de	Zeitzeichen (Zeitschrift)
A.L	de	Ökonomie
A.L	de	Wikipedia:Defekte Weblinks
A.L	de	Hilfe:Personendaten
B.L	fr	1966
B.L	fr	1989
B.L	fr	2005
B.L	fr	3 mai
B.L	fr	Allemagne
B.L	fr	Alliance 90 / Les Verts
B.L	fr	Bundestag
B.L	fr	Bündnis 90
B.L	fr	Demokratie Jetzt
B.L	fr	Erfurt
B.L	fr	Friedrichroda
B.L	fr	Homme politique
B.L	fr	Ingersleben
B.L	fr	Krista Sager
B.L	fr	Landtag
B.L	fr	Mai 1966
B.L	fr	Personnalité politique
B.L	fr	République démocratique allemande
B.L	fr	Thuringe
B.L	fr	Théologie
B.L	fr	Université de Leipzig
B.L	fr	Église évangélique en Allemagne
B.L	fr	Discussion:Katrin Göring-Eckardt/À faire
B.L	fr	Modèle:Ébauche/paramètres personnalité politique allemande
B.L	fr	Aide:Comment modifier une page
B.L	fr	Aide:Ébauche
B.L	fr	Catégorie:Portail:Allemagne/Articles liés
B.L	fr	Catégorie:Portail:Politique/Articles liés
B.L	fr	Portail:Allemagne
B.L	fr	Portail:Politique
B.L	fr	Projet:Accueil
B.L	el	Bundestag
B.L	el	Michael F. Feldkamp
B.L	el	President of the Bundestag
B.L	el	Ευαγγελική Εκκλησία στη Γερμανία
B.L	el	Θουριγγία
B.L	el	Λαϊκή Δημοκρατία της Γερμανίας
B.L	el	Πολιτικός
B.L	el	Πράσινοι (Γερμανία)
B.L	el	Σύνοδος
B.L	el	Φρίντριχροντα
B.L	en	Authority control
B.L	en	Barbara Rinke
B.L	en	Bundestag
B.L	en	Deutscher Evangelischer Kirchentag
B.L	en	Eckhard Nagel
B.L	en	Eleonore von Rotenhan
B.L	en	Elisabeth Raiser
B.L	en	Erhard Eppler
B.L	en	Erika Reihlen
B.L	en	Ernst Benda
B.L	en	Evangelical Church in Germany
B.L	en	Friedrichroda
B.L	en	Gerhard Robbers
B.L	en	German Democratic Republic
B.L	en	Gertrud Osterloh
B.L	en	Green Party faction (Bundestag)
B.L	en	Heinz Zahrnt
B.L	en	Helmut Simon (judge)
B.L	en	Karin von Welck
B.L	en	Klaus von Bismarck
B.L	en	Kurt Sontheimer
B.L	en	Martin Dolde
B.L	en	Michael F. Feldkamp
B.L	en	Praeses
B.L	en	President of the Bundestag
B.L	en	Rainer Meusel
B.L	en	Reinhard Höppner
B.L	en	Reinold von Thadden
B.L	en	Richard von Weizsäcker
B.L	en	Synod
B.L	en	Thuringia
B.L	en	Virtual International Authority File
B.L	en	Wolfgang Huber
B.L	en	Wikipedia:Persondata
B.L	en	Wikipedia:Stub
B.L	en	Template:Germany-politician-stub
B.L	en	Template:Presidents of the DEKT
B.L	en	Template talk:Germany-politician-stub
B.L	en	Template talk:Presidents of the DEKT
B.L	als	3. Mai
B.L	als	Abitur
B.L	als	Baden-Württemberg
B.L	als	Bayern
B.L	als	Boris Palmer
B.L	als	Bündnis 90/Die Grünen
B.L	als	Claudia Roth
B.L	als	Deutsche Demokratische Republik
B.L	als	Deutscher Evangelischer Kirchentag
B.L	als	Deutscland
B.L	als	Dresden
B.L	als	Evangelische Kirche in Deutschland
B.L	als	Friedrichroda
B.L	als	Günther Beckstein
B.L	als	Hermann Göring
B.L	als	Ingersleben (Thüringen)
B.L	als	Jürgen Trittin
B.L	als	Kreis Gotha
B.L	als	Krista Sager
B.L	als	Nordhausen
B.L	als	Politiker
B.L	als	Renate Künast
B.L	als	Thüringen
B.L	als	Tübingen
B.L	als	Universität Leipzig
B.L	als	Winfried Kretschmann
B.L	als	Ökonomie
B.L	als	Wikipedia:Personendaten
B.L	no	1966
B.L	no	1989
B.L	no	2005
B.L	no	3. mai
B.L	no	DDR
B.L	no	De grønne (Tyskland)
B.L	no	Demokratie Jetzt
B.L	no	Deutsche Nationalbibliothek
B.L	no	Forbundsdagen
B.L	no	Friedrichroda
B.L	no	Gerda Hasselfeldt
B.L	no	Hermann Otto Solms
B.L	no	Jürgen Trittin
B.L	no	Norbert Lammert
B.L	no	Petra Pau
B.L	no	Susanne Kastner
B.L	no	Synode (evangelisk kirke)
B.L	no	Thüringen
B.L	no	Tysklands evangeliske kirke
B.L	no	Valget i Tyskland 2013
B.L	no	Wolfgang Thierse
B.L	no	Mal:Forbundsdagspresidium 2005
B.L	no	Maldiskusjon:Forbundsdagspresidium 2005
B.L	pl	18 października
B.L	pl	1966
B.L	pl	2005
B.L	pl	2009
B.L	pl	2 maja
B.L	pl	3 maja
B.L	pl	Antje Vollmer
B.L	pl	Biblioteka Kongresu Stanów Zjednoczonych
B.L	pl	Bundestag
B.L	pl	Demokratie Jetzt
B.L	pl	Friedrichroda
B.L	pl	Gemeinsame Normdatei
B.L	pl	Język niemiecki
B.L	pl	Kontrola autorytatywna
B.L	pl	Kościół Ewangelicki w Niemczech
B.L	pl	Niemiecka Republika Demokratyczna
B.L	pl	Online Computer Library Center
B.L	pl	Turyngia
B.L	pl	Wybory parlamentarne w Niemczech w 1998 roku
B.L	pl	Wybory parlamentarne w Niemczech w 2002 roku
B.L	pl	Wybory parlamentarne w Niemczech w 2005 roku
B.L	pl	Wybory parlamentarne w Niemczech w 2009 roku
B.L	pl	Związek 90/Zieloni
B.L	la	10 Novembris
B.L	la	1966
B.L	la	1989
B.L	la	1998
B.L	la	2005
B.L	la	2012
B.L	la	3 Maii
B.L	la	Alma Mater Lipsiensis
B.L	la	Dieta Foederalis Germaniae
B.L	la	Foedus 90/Virides
B.L	la	Georgius Trittin
B.L	la	Germania
B.L	la	Res publica Democratica Germanica
B.L	la	Thuringia
B.L	ja	1966年
B.L	ja	5月3日
B.L	ja	Crescendo (Zeitschrift)
B.L	ja	Helmut Müller-Enbergs
B.L	ja	Mariam Lau
B.L	ja	Michael F. Feldkamp
B.L	ja	Peter Frey
B.L	ja	Wer war wer in der DDR?
B.L	ja	WorldCat
B.L	ja	アビトゥーア
B.L	ja	アメリカ議会図書館
B.L	ja	アンゲラ・メルケル
B.L	ja	インガースレーベン
B.L	ja	エアフルト
B.L	ja	エアフルト県
B.L	ja	ギュンター・ベックシュタイン
B.L	ja	テューリンゲン州
B.L	ja	ドイツキリスト教民主同盟
B.L	ja	ドイツ国立図書館
B.L	ja	ドイツ民主共和国
B.L	ja	ドイツ社会民主党
B.L	ja	ドイツ福音主義教会
B.L	ja	ドイツ語
B.L	ja	ドイツ連邦議会
B.L	ja	ノルトハウゼン
B.L	ja	バーチャル国際典拠ファイル
B.L	ja	フェミニズム
B.L	ja	フリードリヒローダ
B.L	ja	ベルリン
B.L	ja	ユルゲン・トリッティン
B.L	ja	ライプツィヒ大学
B.L	ja	ヴュルツブルク
B.L	ja	同盟90
B.L	ja	同盟90/緑の党
B.L	ja	政治家
B.L	ja	民主主義の出発
B.L	ja	民主主義を今
B.L	ja	福音主義
B.L	ja	福音主義神学
B.L	ja	選挙区
CN	de	Katrin_Göring-Eckardt
IWL	fr	Katrin Göring-Eckardt
IWL	el	Κάτριν Γκέρινγκ-Έκαρτ
IWL	en	Katrin Göring-Eckardt
IWL	als	Katrin Göring-Eckardt
IWL	no	Katrin Göring-Eckardt
IWL	pl	Katrin Göring-Eckardt
IWL	la	Catharina Göring-Eckardt
IWL	ja	カトリン・ゲーリング＝エッカルト
