A.L	en	2003 World Weightlifting Championships
A.L	en	2004 Olympic Games
A.L	en	2004 Summer Olympics
A.L	en	2005 European Weightlifting Championships
A.L	en	2007 European Weightlifting Championships
A.L	en	2007 World Weightlifting Championships
A.L	en	2008 European Weightlifting Championships
A.L	en	2008 Summer Olympics
A.L	en	2010 European Weightlifting Championships
A.L	en	2010 World Weightlifting Championships
A.L	en	2010 World Weightlifting Championships – Men's +105 kg
A.L	en	2012 European Weightlifting Championships
A.L	en	2012 London Olympics
A.L	en	Abendzeitung
A.L	en	Aleksandr Kurlovich
A.L	en	Almir Velagic
A.L	en	Andrei Chemerkin
A.L	en	Apprenticeship
A.L	en	Arnold Schwarzenegger
A.L	en	Arnold Sports Festival
A.L	en	Associated Press
A.L	en	Athens
A.L	en	Austria
A.L	en	Austrians
A.L	en	Authority control
A.L	en	BBC Sport
A.L	en	BOCOG
A.L	en	Badische Zeitung
A.L	en	Bambi (prize)
A.L	en	Behdad Salimi
A.L	en	Bregenz
A.L	en	Broadcasting of sports events
A.L	en	Bundeswehr
A.L	en	CBS News
A.L	en	Chemnitz
A.L	en	China Daily
A.L	en	Clean and jerk
A.L	en	Cologne
A.L	en	Croatia
A.L	en	Czech Republic
A.L	en	Dean Lukin
A.L	en	Der Spiegel
A.L	en	Der Tagesspiegel
A.L	en	Deutsche Presse-Agentur
A.L	en	Deutsche Welle
A.L	en	Diabetes
A.L	en	Die Millionenshow
A.L	en	Die Presse
A.L	en	Die Welt
A.L	en	Eurosport
A.L	en	Evgeny Chigishev
A.L	en	Fabian Hambüchen
A.L	en	Focus (German magazine)
A.L	en	Frank Mantek
A.L	en	Frankfurter Allgemeine Zeitung
A.L	en	Frankfurter Rundschau
A.L	en	Game show
A.L	en	German Sportspersonality of the year
A.L	en	German citizenship
A.L	en	Germany
A.L	en	Hamburger Abendblatt
A.L	en	Hauptschule
A.L	en	Havířov
A.L	en	Heidelberg
A.L	en	Hossein Rezazadeh
A.L	en	Inge Posmyk
A.L	en	Inguinal hernia
A.L	en	International Sports Press Association
A.L	en	International Weightlifting Federation
A.L	en	Internet Movie Database
A.L	en	Italy
A.L	en	Kalmar
A.L	en	Latvia
A.L	en	Leimen (Baden)
A.L	en	Lignano Sabbiadoro
A.L	en	List of Olympic medalists in weightlifting
A.L	en	List of World records in weightlifting
A.L	en	Lower Austria
A.L	en	Marc Huster
A.L	en	N-tv
A.L	en	ORF (broadcaster)
A.L	en	Olympic weightlifting
A.L	en	Paul Biedermann
A.L	en	Plumbing
A.L	en	Rijeka
A.L	en	Saxony
A.L	en	Snatch (weightlifting)
A.L	en	Sofia
A.L	en	Stiftung Deutsche Sporthilfe
A.L	en	Sultan Rakhmanov
A.L	en	Sweden
A.L	en	Süddeutsche Zeitung
A.L	en	Talk show
A.L	en	The New York Times
A.L	en	The Seattle Times
A.L	en	Vasily Alekseyev
A.L	en	Vienna
A.L	en	Vienna, Austria
A.L	en	Viktors Ščerbatihs
A.L	en	Virtual International Authority File
A.L	en	Volksschule
A.L	en	Weightlifting at the 2004 Summer Olympics – Men's 105 kg
A.L	en	Weightlifting at the 2008 Summer Olympics – Men's +105 kg
A.L	en	Weightlifting at the 2012 Summer Olympics – Men's +105 kg
A.L	en	Weightlifting at the Summer Olympics
A.L	en	Wetten, dass..?
A.L	en	World Weightlifting Championships
A.L	en	Zwickau
A.L	en	Wikipedia:Link rot
A.L	en	Wikipedia:Persondata
A.L	en	Template:Footer Olympic Champions Weightlifting Super heavyweight
A.L	en	Template talk:Footer Olympic Champions Weightlifting Super heavyweight
A.L	en	Category:Articles with dead external links from October 2010
B.L	fi	1982
B.L	fi	25. elokuuta
B.L	fi	Itävalta
B.L	fi	Jevgeni Tšigišev
B.L	fi	Kesäolympialaiset 2008
B.L	fi	Olympialaiset
B.L	fi	Painonnosto
B.L	fi	Painonnoston Euroopan-mestaruuskilpailut
B.L	fi	Painonnoston Euroopan-mestaruuskilpailut 2005
B.L	fi	Painonnoston Euroopan-mestaruuskilpailut 2008
B.L	fi	Saksa
B.L	fi	Wien
B.L	fr	1982 en sport
B.L	fr	25 août en sport
B.L	fr	Allemagne
B.L	fr	Août
B.L	fr	Août 1982
B.L	fr	Août 1982 en sport
B.L	fr	Autriche
B.L	fr	Championnats d'Europe d'haltérophilie
B.L	fr	Championnats du monde d'haltérophilie
B.L	fr	Haltérophilie
B.L	fr	Haltérophilie aux Jeux olympiques
B.L	fr	Jeux olympiques d'été de 2004
B.L	fr	Jeux olympiques d'été de 2008
B.L	fr	Jeux olympiques d'été de 2012
B.L	fr	Médaille d'argent
B.L	fr	Médaille d'or (sport)
B.L	fr	Médaille de bronze
B.L	fr	Nationalité sportive
B.L	fr	Vienne (Autriche)
B.L	fr	Discussion:Matthias Steiner/À faire
B.L	fr	Modèle:Ébauche/paramètres haltérophilie
B.L	fr	Aide:Comment modifier une page
B.L	fr	Aide:Ébauche
B.L	fr	Catégorie:Portail:Allemagne/Articles liés
B.L	fr	Catégorie:Portail:Haltérophilie/Articles liés
B.L	fr	Portail:Allemagne
B.L	fr	Portail:Haltérophilie
B.L	fr	Projet:Accueil
B.L	de	1982
B.L	de	25. August
B.L	de	Alan Tsagajew
B.L	de	Alexander Kurlowitsch
B.L	de	Andrei Iwanowitsch Tschemerkin
B.L	de	Antalya
B.L	de	Arnolds Sport Festival
B.L	de	Athen
B.L	de	Bambi (Auszeichnung)
B.L	de	Behdad Salimikordasiabi
B.L	de	Bravo Otto
B.L	de	Bregenz
B.L	de	Bronzemedaille
B.L	de	Budapest
B.L	de	Bulgarien
B.L	de	Bundesverband Deutscher Gewichtheber
B.L	de	Chemmy
B.L	de	Chemnitz
B.L	de	Chemnitzer AC
B.L	de	Dean Lukin
B.L	de	Denis Gotfrid
B.L	de	Deutschland
B.L	de	Diabetes mellitus
B.L	de	Dmitri Berestow
B.L	de	Europameister
B.L	de	Europameisterschaften im Gewichtheben 2008
B.L	de	Europameisterschaften im Gewichtheben 2010
B.L	de	Europameisterschaften im Gewichtheben 2012
B.L	de	Forst (Baden)
B.L	de	Gemeinsame Normdatei
B.L	de	Gentlemen’s Quarterly
B.L	de	Gerd Bonk
B.L	de	Gewichtheben
B.L	de	Gewichtsklasse
B.L	de	Goldmedaille
B.L	de	Griechenland
B.L	de	Grzegorz Klezcz
B.L	de	Havířov
B.L	de	Heidelberg
B.L	de	Hossein Rezazadeh
B.L	de	Igor Razoronow
B.L	de	Inge Steiner
B.L	de	Insulin
B.L	de	Jewgeni Alexandrowitsch Tschigischew
B.L	de	Kalmar
B.L	de	Katar
B.L	de	Kiew
B.L	de	Leimen (Baden)
B.L	de	Lettland
B.L	de	Lignano Sabbiadoro
B.L	de	Liste der Weltmeisterschaften im Gewichtheben
B.L	de	London
B.L	de	Loutraki
B.L	de	Manfred Nerlinger
B.L	de	Marcin Dolega
B.L	de	Niederösterreich
B.L	de	Obersulz
B.L	de	Olympiasieger
B.L	de	Olympische Sommerspiele
B.L	de	Olympische Sommerspiele 2004
B.L	de	Olympische Sommerspiele 2004/Gewichtheben
B.L	de	Olympische Sommerspiele 2008
B.L	de	Olympische Sommerspiele 2008/Gewichtheben
B.L	de	Olympische Sommerspiele 2012/Gewichtheben
B.L	de	Peking
B.L	de	Polen
B.L	de	Prag
B.L	de	Rijeka
B.L	de	Ronny Weller
B.L	de	Russland
B.L	de	Saif Saad Asaad
B.L	de	Silbermedaille
B.L	de	Silbernes Lorbeerblatt
B.L	de	Sofia
B.L	de	Sportler des Jahres (Deutschland)
B.L	de	Sultan Rachmanow
B.L	de	Szymon Kołecki
B.L	de	Sächsischer Dankesorden
B.L	de	Südwestrundfunk
B.L	de	Ukraine
B.L	de	Vancouver
B.L	de	Viktors Ščerbatihs
B.L	de	Virtual International Authority File
B.L	de	Warschau
B.L	de	Wassili Iwanowitsch Alexejew
B.L	de	Weltmeisterschaften im Gewichtheben 2010
B.L	de	Wien
B.L	de	Wiesloch
B.L	de	Wilkau-Haßlau
B.L	de	Xinhua
B.L	de	Österreich
B.L	de	Vorlage:Commonscat/WikiData/None
B.L	de	Hilfe:Personendaten
B.L	fa	آلمان
B.L	fa	اتریش
B.L	fa	بازی‌های المپیک تابستانی ۲۰۰۸
B.L	fa	حسین رضازاده
B.L	fa	زبان آلمانی
B.L	fa	قهرمانی وزنه‌برداری جهان
B.L	fa	مسابقات جهانی وزنه برداری ۲۰۱۰
B.L	fa	وزنه بردار
B.L	fa	وزنه‌برداری
B.L	fa	وزنه‌برداری در بازی‌های المپیک تابستانی
B.L	fa	وزنه‌برداری در بازی‌های المپیک تابستانی ۲۰۰۸
B.L	fa	ویکتور شرباتیس
B.L	fa	یوگنی چیگیشف
B.L	fa	ویکی‌پدیا:مقالهٔ خرد
B.L	fa	الگو:وزنه بردار-خرد
B.L	fa	بحث الگو:وزنه بردار-خرد
B.L	es	1982
B.L	es	25 de agosto
B.L	es	Alemania
B.L	es	Austria
B.L	es	Campeonato Europeo de Halterofilia
B.L	es	Campeonato Europeo de Halterofilia de 2008
B.L	es	Halterofilia
B.L	es	Halterofilia en los Juegos Olímpicos
B.L	es	Juegos Olímpicos
B.L	es	Juegos Olímpicos de Atenas 2004
B.L	es	Juegos Olímpicos de Pekín 2008
B.L	es	Anexo:Halterofilia en los Juegos Olímpicos de Pekín 2008
B.L	no	1982
B.L	no	25. august
B.L	no	Athen
B.L	no	Beijing
B.L	no	Bronse
B.L	no	Bulgaria
B.L	no	Chemnitz
B.L	no	EM i vektløftning 2005
B.L	no	EM i vektløftning 2008
B.L	no	Fotografi
B.L	no	Gull
B.L	no	Havrov
B.L	no	Heidelberg
B.L	no	Italia
B.L	no	Kalmar
B.L	no	Kroatia
B.L	no	Latvia
B.L	no	Leimen
B.L	no	Lignano Sabbiadoro
B.L	no	Niederösterreich
B.L	no	Obsersulz
B.L	no	Rijeka
B.L	no	Sachsen
B.L	no	Sofia
B.L	no	Sommer-OL 2004
B.L	no	Sommer-OL 2008
B.L	no	Sverige
B.L	no	Tsjekkia
B.L	no	Tyskland
B.L	no	Vektløfting
B.L	no	Viktors Scerbathis
B.L	no	Wien
B.L	no	Zwickau
B.L	no	Østerrike
B.L	pl	1982
B.L	pl	25 kwietnia
B.L	pl	Antalya
B.L	pl	Ateny
B.L	pl	Austria
B.L	pl	Gemeinsame Normdatei
B.L	pl	Igrzyska olimpijskie
B.L	pl	Kontrola autorytatywna
B.L	pl	Letnie Igrzyska Olimpijskie 2008
B.L	pl	Mistrzostwa Europy w Podnoszeniu Ciężarów 2008
B.L	pl	Mistrzostwa Europy w Podnoszeniu Ciężarów 2010
B.L	pl	Mistrzostwa Europy w podnoszeniu ciężarów
B.L	pl	Mistrzostwa Świata w Podnoszeniu Ciężarów 2010
B.L	pl	Mistrzostwa świata w podnoszeniu ciężarów
B.L	pl	Mińsk
B.L	pl	Niemcy
B.L	pl	Online Computer Library Center
B.L	pl	Pekin
B.L	pl	Podnoszenie ciężarów
B.L	pl	Podnoszenie ciężarów na Letnich Igrzyskach Olimpijskich 2008
B.L	pl	Wiedeń
B.L	ko	1982년
B.L	ko	2004년 아테네 올림픽
B.L	ko	2008 유럽 역도 선수권 대회
B.L	ko	2008년 베이징 올림픽
B.L	ko	2008년 하계 올림픽
B.L	ko	2008년 하계 올림픽 역도
B.L	ko	8월 25일
B.L	ko	독일
B.L	ko	역도
B.L	ko	올림픽
B.L	hu	1982
B.L	hu	2001
B.L	hu	2004
B.L	hu	2004. évi nyári olimpiai játékok
B.L	hu	2005
B.L	hu	2007
B.L	hu	2008
B.L	hu	2008. évi nyári olimpiai játékok
B.L	hu	Alsó-Ausztria
B.L	hu	Augusztus 25.
B.L	hu	Ausztria
B.L	hu	Budapest
B.L	hu	Bécs
B.L	hu	Cukorbetegség
B.L	hu	Heidelberg
B.L	hu	Lignano
B.L	hu	Németország
B.L	hu	Oberschulz
B.L	hu	Olimpiai játékok
B.L	hu	Szófia
B.L	hu	Súlyemelés
B.L	hu	Súlyemelés a 2008. évi nyári olimpiai játékokon
B.L	hu	Zwickau
B.L	hu	Portál:Németország
B.L	hu	Portál:Németország/ikon
B.L	hu	Portál:Olimpia
B.L	hu	Portál:Olimpia/ikon
B.L	uk	1982
B.L	uk	25 серпня
B.L	uk	Австрійці
B.L	uk	Австрія
B.L	uk	Важка атлетика
B.L	uk	Відень
B.L	uk	Літні Олімпійські ігри 2004
B.L	uk	Літні Олімпійські ігри 2008
B.L	uk	Німецька мова
B.L	uk	Німеччина
B.L	uk	Олімпійський чемпіон
B.L	uk	Олімпійські ігри
B.L	uk	Вікіпедія:Як редагувати статтю
B.L	sv	16 juli
B.L	sv	1982
B.L	sv	2007
B.L	sv	2008
B.L	sv	25 augusti
B.L	sv	Aten
B.L	sv	Bulgarien
B.L	sv	Chemnitz
B.L	sv	December
B.L	sv	EM i tyngdlyftning 2005
B.L	sv	EM i tyngdlyftning 2008
B.L	sv	Falu AK
B.L	sv	Havířov
B.L	sv	Heidelberg
B.L	sv	Italien
B.L	sv	Kalmar
B.L	sv	Kroatien
B.L	sv	Leimen
B.L	sv	Lettland
B.L	sv	Lignano Sabbiadoro
B.L	sv	Niederösterreich
B.L	sv	Olympiska sommarspelen 2004
B.L	sv	Olympiska sommarspelen 2008
B.L	sv	Peking
B.L	sv	Rijeka
B.L	sv	Sachsen
B.L	sv	Sofia
B.L	sv	Sportåret 2000
B.L	sv	Sportåret 2001
B.L	sv	Sportåret 2002
B.L	sv	Sportåret 2004
B.L	sv	Sportåret 2005
B.L	sv	Sverige
B.L	sv	Tjeckien
B.L	sv	Tyngdlyftning
B.L	sv	Tyngdlyftning vid olympiska sommarspelen 2008
B.L	sv	Tyskland
B.L	sv	Viktors Ščerbatihs
B.L	sv	Wien
B.L	sv	Zwickau
B.L	sv	Österrike
B.L	ru	1982 год
B.L	ru	1995 год
B.L	ru	25 августа
B.L	ru	Австрия
B.L	ru	Вена
B.L	ru	Германия
B.L	ru	Летние Олимпийские игры
B.L	ru	Летние Олимпийские игры 2004
B.L	ru	Летние Олимпийские игры 2008
B.L	ru	Немецкий язык
B.L	ru	Олимпийские игры
B.L	ru	Тяжёлая атлетика
B.L	ru	Тяжёлая атлетика на летних Олимпийских играх 2008
B.L	ru	Чемпионат Европы по тяжёлой атлетике
B.L	ru	Чемпионат Европы по тяжёлой атлетике 2008
B.L	ru	Чемпионат Европы по тяжёлой атлетике 2010
B.L	ru	Чемпионат мира по тяжёлой атлетике
B.L	ru	Чемпионат мира по тяжёлой атлетике 2010
B.L	ru	Штайнер
B.L	ru	Википедия:Заготовка статьи
B.L	pt	1982
B.L	pt	25 de agosto
B.L	pt	Alemanha
B.L	pt	Artem Udatchin
B.L	pt	Behdad Salimi
B.L	pt	Campeonato Europeu de Halterofilismo
B.L	pt	Campeonato Mundial Júnior de Halterofilismo
B.L	pt	Campeonato Mundial de Halterofilismo
B.L	pt	Halterofilismo
B.L	pt	Halterofilismo nos Jogos Olímpicos de Verão de 2008
B.L	pt	Halterofilismo nos Jogos Olímpicos de Verão de 2008 - Mais de 105 kg masculino
B.L	pt	Ievgueni Tchiguichev
B.L	pt	Irão
B.L	pt	Jogos Olímpicos
B.L	pt	Letônia
B.L	pt	Língua alemã
B.L	pt	Ucrânia
B.L	pt	Viena
B.L	pt	Viktors Ščerbatihs
B.L	pt	Áustria
CN	en	Matthias_Steiner
IWL	fi	Matthias Steiner
IWL	fr	Matthias Steiner
IWL	de	Matthias Steiner
IWL	fa	ماتیاس اشتاینر
IWL	es	Matthias Steiner
IWL	no	Matthias Steiner
IWL	pl	Matthias Steiner
IWL	ko	마티아스 슈타이너
IWL	hu	Matthias Steiner
IWL	uk	Маттіас Штайнер
IWL	sv	Matthias Steiner
IWL	ru	Штайнер, Маттиас
IWL	pt	Matthias Steiner
