A.L	de	Alstom Coradia Continental
A.L	de	Bentley Continental
A.L	de	Continental (Arizona)
A.L	de	Continental (Ohio)
A.L	de	Continental (Traktorenhersteller)
A.L	de	Continental AG
A.L	de	Continental Airlines
A.L	de	Continental Automobile Manufacturing Company
A.L	de	Continental Divide
A.L	de	Continental Divide Trail
A.L	de	Continental Division
A.L	de	Continental Engine Manufacturing Company
A.L	de	Continental Engineering Company
A.L	de	Continental Licht
A.L	de	Continental Motor Car Company
A.L	de	Continental Motors Company
A.L	de	Continental Motors Corporation (Buffalo)
A.L	de	De Vaux Motors Company
A.L	de	Frühstück
A.L	de	Gesellschaftstanz
A.L	de	Hofmann & Czerny, Fabrik für Motorräder und Voituretten
A.L	de	Hotel Continental
A.L	de	Indiana Motor and Manufacturing Company
A.L	de	InterContinental Hotels Group
A.L	de	Jensen Motors
A.L	de	Kontinental
A.L	de	Lincoln Continental
A.L	de	Lincoln Mark Series
A.L	de	Riley 1 1/2
A.L	de	Rolls-Royce Phantom II
A.L	de	Teledyne Continental Motors
A.L	de	The Continental
A.L	de	Zwei wie Katz und Maus
A.L	de	Wikipedia:Begriffsklärung
B.L	fr	Bentley
B.L	fr	Bentley Continental
B.L	fr	Bentley Continental Flying Spur
B.L	fr	Climat continental
B.L	fr	Continental, un film sans fusil
B.L	fr	Continental-Films
B.L	fr	Continental (magazine)
B.L	fr	Continental AG
B.L	fr	Continental Airlines
B.L	fr	Continental Motors
B.L	fr	Devises continentales
B.L	fr	Lincoln (automobile)
B.L	fr	Lincoln Continental
B.L	fr	Aide:Homonymie
B.L	en	Bentley Continental (disambiguation)
B.L	en	Cinnamon
B.L	en	ContiGroup Companies
B.L	en	Continent
B.L	en	Continental (album)
B.L	en	Continental (brand)
B.L	en	Continental (card game)
B.L	en	Continental (currency)
B.L	en	Continental AG
B.L	en	Continental Airlines
B.L	en	Continental Army
B.L	en	Continental Automobile Company
B.L	en	Continental Automobile Manufacturing Company
B.L	en	Continental Can Company
B.L	en	Continental Electronics
B.L	en	Continental Europe
B.L	en	Continental Motor Car Company
B.L	en	Continental Motors, Inc.
B.L	en	Continental Motors Company
B.L	en	Continental Records
B.L	en	Continental climate
B.L	en	Continental food
B.L	en	Continental glacier
B.L	en	Continental knitting
B.L	en	Continental philosophy
B.L	en	Continental stitch
B.L	en	Continental tire
B.L	en	De Vaux Continental
B.L	en	Grupo Continental
B.L	en	Lincoln Continental
B.L	en	List of automobile manufacturers of the United States
B.L	en	Rolls-Royce Phantom II
B.L	en	The Continental (disambiguation)
B.L	en	Triumph Motor Company
B.L	en	Help:Disambiguation
B.L	es	1969
B.L	es	1987
B.L	es	Aerolínea
B.L	es	Alemania
B.L	es	Argentina
B.L	es	Clima continental
B.L	es	Congreso Continental
B.L	es	Continental (juego)
B.L	es	Continental (moneda)
B.L	es	Continental (tierra)
B.L	es	Continental AG
B.L	es	Continental Airlines
B.L	es	Continente
B.L	es	Cuarteto Continental
B.L	es	Deriva continental
B.L	es	Edad de hielo
B.L	es	Estados Unidos
B.L	es	Norteamérica británica
B.L	es	Perú
B.L	es	Plataforma continental
B.L	es	Radio Continental
B.L	es	Trece Colonias
B.L	es	Wikipedia:Ambigüedad en títulos
B.L	es	Wikipedia:Manual de estilo/páginas de desambiguación
B.L	ca	Bloqueig Continental
B.L	ca	Clima continental
B.L	ca	Congrés Continental
B.L	ca	Continent
B.L	ca	Continental (Ohio)
B.L	ca	Continental Airlines
B.L	ca	Continental Airlines Arena
B.L	ca	Continental Basketball Association
B.L	ca	Copa Continental d'hoquei patins masculina
B.L	ca	Deriva continental
B.L	ca	Dieta continental
B.L	ca	Divisòria continental nord-americana
B.L	ca	Escorça continental
B.L	ca	Europa Continental
B.L	ca	Exèrcit Continental
B.L	ca	Placa continental
B.L	ca	Plataforma continental
B.L	ca	Portugal Continental
B.L	ca	Talús continental
B.L	ca	Xina continental
B.L	ca	Viquipèdia:Article
B.L	ca	Ajuda:Pàgina de desambiguació
B.L	da	Continental (film)
B.L	da	Continental AG
B.L	da	Continental Airlines
B.L	da	Continental Electronics
B.L	da	Fastlandsklima
B.L	da	Kontinentaleuropa
B.L	da	Lincoln Continental
B.L	da	Teledyne Continental Motors
B.L	no	Continental (plateselskap)
B.L	no	Continental AG
B.L	no	Continental Aircraft Corporation
B.L	no	Continental Airlines
B.L	no	Continental Copters
B.L	no	Continental Inc.
B.L	no	Continental Motors
B.L	no	Hotel Continental
B.L	no	Wikipedia:Flertydige titler
B.L	pl	Continental (Ohio)
B.L	pl	Continental AG
B.L	pl	Continental Airlines
B.L	pl	Izod Center
B.L	pl	Ohio
B.L	pl	Stany Zjednoczone
B.L	pl	Teledyne Continental Motors
B.L	pl	Wikipedia:Strona ujednoznaczniająca
B.L	nl	1774
B.L	nl	1789
B.L	nl	Bentley (auto)
B.L	nl	Continental AG
B.L	nl	Continental Airlines
B.L	nl	Continental Circus
B.L	nl	Continental Congress
B.L	nl	Continental GT
B.L	nl	Continental Motors
B.L	nl	Gong (band)
B.L	nl	Lincoln (automerk)
B.L	nl	Lincoln Continental
B.L	nl	Luchtvaartmaatschappij
B.L	nl	Wikipedia:Doorverwijspagina
B.L	it	1933
B.L	it	1934
B.L	it	Album discografico
B.L	it	Australia
B.L	it	Automobile
B.L	it	Bentley
B.L	it	Bentley Continental
B.L	it	Bentley Continental Flying Spur
B.L	it	Bentley Continental GT
B.L	it	Bentley Continental GTC
B.L	it	Bentley Continental R
B.L	it	Bentley Continental T
B.L	it	Brasile
B.L	it	Canada
B.L	it	Carta moneta
B.L	it	ContiGroup Companies
B.L	it	Continental (Brasile)
B.L	it	Continental (Gioco di carte)
B.L	it	Continental (album)
B.L	it	Continental (automobile)
B.L	it	Continental (casa di produzione cinematografica)
B.L	it	Continental (gruppo musicale)
B.L	it	Continental (lavorazione a maglia)
B.L	it	Continental (macchina per scrivere)
B.L	it	Continental (marca)
B.L	it	Continental (tennis)
B.L	it	Continental (valuta)
B.L	it	Continental AG
B.L	it	Continental Airlines
B.L	it	Continental Motors
B.L	it	Continental Records
B.L	it	Continental Records Company Ldt
B.L	it	Continentale
B.L	it	Distribuzione cinematografica
B.L	it	Etichetta discografica
B.L	it	Film
B.L	it	Ford
B.L	it	Germania
B.L	it	Gruppo musicale
B.L	it	Honduras
B.L	it	Honduras Continental
B.L	it	Jaime Rosenthal
B.L	it	Lincoln (casa automobilistica)
B.L	it	Lincoln Continental
B.L	it	Macchina per scrivere
B.L	it	Motore aeronautico
B.L	it	Produzione cinematografica
B.L	it	Punto tenda
B.L	it	Racchetta
B.L	it	Ramino
B.L	it	Regno Unito
B.L	it	Rivoluzione americana
B.L	it	Saint Etienne
B.L	it	Stati Uniti d'America
B.L	it	Tennis
B.L	it	The Continental
B.L	it	Unilever
B.L	it	Universum Film
B.L	it	Aiuto:Disambigua
B.L	it	Aiuto:Voce
B.L	it	Aiuto:Wikilink
B.L	ja	1934年
B.L	ja	1971年
B.L	ja	アカデミー歌曲賞
B.L	ja	アメリカ合衆国
B.L	ja	アメリカ映画
B.L	ja	コノコ・フィリップス
B.L	ja	コンチ4X
B.L	ja	コンチネンタル2
B.L	ja	コンチネンタル3
B.L	ja	コンチネンタル (パチスロ)
B.L	ja	コンチネンタル (映画)
B.L	ja	コンチネンタル (歌)
B.L	ja	コンチネンタル (競走馬)
B.L	ja	コンチネンタル (自動車部品製造業)
B.L	ja	コンチネンタル ブレックファスト (バンド)
B.L	ja	コンチネンタルチーム
B.L	ja	コンチネンタル・ミクロネシア
B.L	ja	コンチネンタル・モータース
B.L	ja	コンチネンタル航空
B.L	ja	ジンジャー・ロジャース
B.L	ja	ステイヤーズステークス
B.L	ja	トウメイ
B.L	ja	ドイツ
B.L	ja	パチスロ
B.L	ja	フォード・モーター
B.L	ja	フレッド・アステア
B.L	ja	ベントレー
B.L	ja	ベントレー・コンチネンタル
B.L	ja	ミュージカル映画
B.L	ja	ユニバーサルエンターテインメント
B.L	ja	ヨーロッパ大陸
B.L	ja	リンカーン・コンチネンタル
B.L	ja	ロードレース (自転車競技)
B.L	ja	京都記念
B.L	ja	大陸
B.L	ja	大陸ヨーロッパ
B.L	ja	大陸性気候
B.L	ja	日本中央競馬会
B.L	ja	日経新春杯
B.L	ja	有馬記念
B.L	ja	朝食
B.L	ja	目黒記念
B.L	ja	石油
B.L	ja	競走馬
B.L	ja	第8回アカデミー賞
B.L	ja	自動車
B.L	ja	自転車
B.L	ja	航空会社
B.L	ja	航空用エンジンメーカーの一覧
B.L	ja	英語
B.L	ja	Wikipedia:曖昧さ回避
B.L	uk	Bentley Continental
B.L	uk	Continental (автомобільна марка)
B.L	uk	Continental AG
B.L	uk	Continental Airlines
B.L	uk	Ford Motor Company
B.L	sv	Continental AG
B.L	sv	Continental Airlines
B.L	sv	Hotell Continental, Örebro
B.L	sv	Lincoln Continental
B.L	sv	Teledyne Continental
B.L	sv	Örebro
B.L	sv	Wikipedia:Förgreningssida
B.L	sv	Wikipedia:Wikilänkar
B.L	ru	Bentley Continental
B.L	ru	Continental (автомобильная марка)
B.L	ru	Continental AG
B.L	ru	Continental Airlines
B.L	ru	Ford Motor Company
B.L	ru	Википедия:Неоднозначность
B.L	ru	Википедия:Статья
B.L	ru	Википедия:Толкование ссылок
B.L	ro	Al Doilea Congres Continental
B.L	ro	Congresul Continental
B.L	ro	Continental AG
B.L	ro	Continental Airlines
B.L	ro	Continental Army
B.L	ro	Continental Hotels
B.L	ro	Continental Navy
B.L	ro	Continental Wind Partners
B.L	ro	Primul Congres Continental
B.L	ro	Wikipedia:Articol
B.L	ro	Wikipedia:Dezambiguizare
B.L	ro	Wikipedia:Liste
B.L	ro	Wikipedia:Manual de stil
B.L	ro	Wikipedia:Titluri
B.L	pt	Bentley Continental GT
B.L	pt	Clima continental
B.L	pt	Continental (Ohio)
B.L	pt	Continental (gravadora)
B.L	pt	Continental AG
B.L	pt	Continental Airlines
B.L	pt	Continental Center I
B.L	pt	Estados Unidos
B.L	pt	Houston
B.L	pt	Rio de Janeiro
B.L	pt	Rádio Continental
B.L	pt	TV Continental
B.L	pt	UCI Continental
B.L	pt	Wikipédia:Desambiguação
CN	de	Continental
IWL	fr	Continental
IWL	en	Continental
IWL	es	Continental
IWL	ca	Continental
IWL	da	Continental
IWL	no	Continental
IWL	pl	Continental
IWL	nl	Continental
IWL	it	Continental
IWL	ja	コンチネンタル
IWL	uk	Continental
IWL	sv	Continental
IWL	ru	Continental
IWL	ro	Continental
IWL	pt	Continental (desambiguação)
