A.L	en	1949+Armistice+Agreements
A.L	en	Agudat+Yisrael
A.L	en	Alex+Miller+%28Israeli+politician%29
A.L	en	Aliyah
A.L	en	Aliyah+%28political+party%29
A.L	en	Am+Shalem
A.L	en	Amir+Peretz
A.L	en	Anastasia+Michaeli
A.L	en	Anastassia+Michaeli
A.L	en	Anti-Arabism
A.L	en	Anti-clerical
A.L	en	Arab+Democratic+Party+%28Israel%29
A.L	en	Arab+citizens+of+Israel
A.L	en	Ariel+Sharon
A.L	en	Avigdor+Lieberman
A.L	en	Balad+%28political+party%29
A.L	en	Benjamin+Netanyahu
A.L	en	Binyamin+Elon
A.L	en	Cabinet+of+Israel
A.L	en	Chief+Rabbinate+of+Israel
A.L	en	Comptroller
A.L	en	Danny+Ayalon
A.L	en	David+Levy+%28Israeli+politician%29
A.L	en	David+Rotem
A.L	en	Degel+HaTorah
A.L	en	Druze
A.L	en	Economic+liberalism
A.L	en	Ehud+Olmert
A.L	en	Elections+in+Israel
A.L	en	Energy+and+Water+Resources+Ministry
A.L	en	Eretz+Yisrael+Shelanu
A.L	en	Esterina+Tartman
A.L	en	Faina+Kirschenbaum
A.L	en	Finance+Minister+of+Israel
A.L	en	Foreign+Affairs+Minister+of+Israel
A.L	en	Gaza
A.L	en	Gershom+Gorenberg
A.L	en	Golan+Heights
A.L	en	Haaretz
A.L	en	Hadash
A.L	en	Haifa
A.L	en	Hamad+Amar
A.L	en	Haraam
A.L	en	Hatikva+%28political+party%29
A.L	en	Hatnuah
A.L	en	Hebrew+language
A.L	en	Hebron
A.L	en	Independence+%28Israeli+political+party%29
A.L	en	Iranian+nuclear+program
A.L	en	Israel
A.L	en	Israel%27s+unilateral+disengagement+plan
A.L	en	Israel+Defense+Forces
A.L	en	Israel+Police
A.L	en	Israeli+Labor+Party
A.L	en	Israeli+Minister+of+Foreign+Affairs
A.L	en	Israeli+legislative+election%2C+1999
A.L	en	Israeli+legislative+election%2C+2006
A.L	en	Israeli+legislative+election%2C+2009
A.L	en	Janet+Napolitano
A.L	en	Jerusalem
A.L	en	Jewish+diaspora
A.L	en	Kach+and+Kahane+Chai
A.L	en	Kadima
A.L	en	Kashrut
A.L	en	Knesset
A.L	en	Law+of+Return
A.L	en	Lia+Shemtov
A.L	en	Lieberman+Plan
A.L	en	Likud
A.L	en	Likud+Yisrael+Beiteinu
A.L	en	List+of+political+ideologies
A.L	en	List+of+political+parties+in+Israel
A.L	en	Mainstream+media
A.L	en	Maki+%28political+party%29
A.L	en	Meretz
A.L	en	Michael+Nudelman
A.L	en	Ministry+of+Public+Security+%28Israel%29
A.L	en	Moledet
A.L	en	Moshe+Mutz+Matlon
A.L	en	Nakba+Day
A.L	en	Natan+Sharansky
A.L	en	National+Union+%28Israel%29
A.L	en	Orly+Levi
A.L	en	Orly+Levy
A.L	en	Otzma+LeYisrael
A.L	en	Palestinian+Authority
A.L	en	Palestinian+National+Authority
A.L	en	Palestinian+statehood
A.L	en	Petah+Tikva
A.L	en	Politics+of+Israel
A.L	en	Populism
A.L	en	Presidency+of+Barack+Obama
A.L	en	Raleb+Majadele
A.L	en	Revisionist+Zionism
A.L	en	Right-wing+politics
A.L	en	Robert+Ilatov
A.L	en	Roni+Bar-On
A.L	en	Russia
A.L	en	Russian+Jewish+immigration+to+Israel+in+the+1990s
A.L	en	Science%2C+Culture+and+Sport+Minister+of+Israel
A.L	en	Secularism
A.L	en	Shabbat
A.L	en	Shas
A.L	en	Sofa+Landver
A.L	en	Soviet+Union
A.L	en	Speaker+of+the+Knesset
A.L	en	Stas+Misezhnikov
A.L	en	Ta%27al
A.L	en	The+Jewish+Home
A.L	en	The+Knesset
A.L	en	Time+%28magazine%29
A.L	en	Tkuma+%28political+party%29
A.L	en	Transportation+Minister+of+Israel
A.L	en	Triangle+%28Israel%29
A.L	en	Two-state+solution
A.L	en	Ultra-nationalists
A.L	en	United+Arab+List
A.L	en	United+Torah+Judaism
A.L	en	Uzi+Landau
A.L	en	Wadi+Ara
A.L	en	Welfare-to-work
A.L	en	West+Bank
A.L	en	Wye+River+Memorandum
A.L	en	Yisrael+BaAliyah
A.L	en	Yitzhak+Aharonovich
A.L	en	Ynetnews
A.L	en	Yosef+Shagal
A.L	en	Yossi+Beilin
A.L	en	Yuri+Stern
A.L	en	Ze%27ev+Jabotinsky
A.L	en	Wikipedia%3ACitation+needed
A.L	en	Template%3AISO+639+name+en
A.L	en	Template%3AISO+639+name+he
A.L	en	Template%3AISO+639+name+ru
A.L	en	Template%3AIsraeli+political+parties
A.L	en	Template+talk%3AIsraeli+political+parties
A.L	en	Category%3AArticles+with+unsourced+statements+from+May+2010
A.L	en	Category%3AUse+dmy+dates+from+December+2012
A.L	en	Portal%3APolitics
B.L	fi	Agudat+Israel
B.L	fi	Ahi
B.L	fi	Alex+Miller
B.L	fi	Anastasia+Michaeli
B.L	fi	Avigdor+Lieberman
B.L	fi	Balad
B.L	fi	David+Rotem
B.L	fi	Degel+HaTora
B.L	fi	Esterina+Tartman
B.L	fi	Gil+%28puolue%29%29
B.L	fi	Hadash
B.L	fi	Israel
B.L	fi	Israel+Hasson
B.L	fi	Israelin+kommunistinen+puolue
B.L	fi	Israelin+parlamenttivaalit+2006
B.L	fi	Israelin+parlamenttivaalit+2009
B.L	fi	Kadima
B.L	fi	Kansallinen+liitto+%28Israel%29
B.L	fi	Kansallinen+uskontopuolue
B.L	fi	Knesset
B.L	fi	Likud
B.L	fi	Liya+Shmatov
B.L	fi	Meimad
B.L	fi	Meretz-Jahhad
B.L	fi	Moledet
B.L	fi	Oikea+tie
B.L	fi	Oikeisto
B.L	fi	Politiikka
B.L	fi	Robert+Ilatov
B.L	fi	Shas
B.L	fi	Sionisti
B.L	fi	Sofa+Landaver
B.L	fi	Stas+Misazhnikov
B.L	fi	Suomen+kieli
B.L	fi	Ta%27al
B.L	fi	Tkuma
B.L	fi	Ty%EF%BF%BDv%EF%BF%BDenpuolue+%28Israel%29
B.L	fi	Yhdistynyt+arabilista
B.L	fi	Yhdistynyt+toorajuutalainen+puolue
B.L	fi	Yitzhak+Aharonovich
B.L	fi	Yosef+Shagal
B.L	fi	Wikipedia%3ATynk%EF%BF%BD
B.L	fi	Luokka%3APolitiikkatyng%EF%BF%BDt
B.L	fr	1997
B.L	fr	1999
B.L	fr	Agoudat+Israel
B.L	fr	Arabes
B.L	fr	Arabes+isra%EF%BF%BDliens
B.L	fr	Autorit%EF%BF%BD+palestinienne
B.L	fr	Avigdor+Liberman
B.L	fr	Balad+%28Isra%EF%BF%BDl%29
B.L	fr	Benjamin+Netanyahu
B.L	fr	Couleur+politique
B.L	fr	Danny+Ayalon
B.L	fr	Degel+HaTorah
B.L	fr	Ehoud+Olmert
B.L	fr	Eretz+Yisrael+Shelanu
B.L	fr	Extr%EF%BF%BDme+droite
B.L	fr	Hadash+%28parti+politique%29
B.L	fr	Hatikva+%28parti+politique%29
B.L	fr	H%EF%BF%BDbreu
B.L	fr	Isra%EF%BF%BDlien+russe
B.L	fr	Isra%EF%BF%BDl
B.L	fr	J%EF%BF%BDrusalem
B.L	fr	Kadima
B.L	fr	Knesset
B.L	fr	La+Maison+juive
B.L	fr	La%EF%BF%BDcit%EF%BF%BD
B.L	fr	Le+Figaro
B.L	fr	Lib%EF%BF%BDral-conservatisme
B.L	fr	Lib%EF%BF%BDralisme+%EF%BF%BDconomique
B.L	fr	Likoud
B.L	fr	Liste+arabe+unie+%281996%29
B.L	fr	Liste+des+Premiers+ministres+d%27Isra%EF%BF%BDl
B.L	fr	Lois+fondamentales+d%27Isra%EF%BF%BDl
B.L	fr	Maki+%28parti+politique+actuel%29
B.L	fr	Meretz
B.L	fr	Moledet
B.L	fr	Nation+indivisible
B.L	fr	National+Public+Radio
B.L	fr	Nationaliste
B.L	fr	Palestiniens
B.L	fr	Parti+ind%EF%BF%BDpendance+%28Isra%EF%BF%BDl%29
B.L	fr	Parti+travailliste+%28Isra%EF%BF%BDl%29
B.L	fr	Politique+en+Isra%EF%BF%BDl
B.L	fr	Pr%EF%BF%BDsident+de+l%27%EF%BF%BDtat+d%27Isra%EF%BF%BDl
B.L	fr	Shass
B.L	fr	Sionisme
B.L	fr	Ta%27al
B.L	fr	The+Independent
B.L	fr	Tkuma
B.L	fr	Triangle+%28Isra%EF%BF%BDl%29
B.L	fr	Umm+al-Fahm
B.L	fr	Union+nationale+%28Isra%EF%BF%BDl%29
B.L	fr	Yahadut+Hatorah
B.L	fr	Yediot+Aharonot
B.L	fr	Yuri+Shtern
B.L	fr	%EF%BF%BDlections+g%EF%BF%BDn%EF%BF%BDrales+isra%EF%BF%BDliennes+de+1999
B.L	fr	%EF%BF%BDlections+l%EF%BF%BDgislatives+isra%EF%BF%BDliennes+de+2003
B.L	fr	%EF%BF%BDlections+l%EF%BF%BDgislatives+isra%EF%BF%BDliennes+de+2006
B.L	fr	%EF%BF%BDlections+l%EF%BF%BDgislatives+isra%EF%BF%BDliennes+de+2009
B.L	fr	Mod%EF%BF%BDle%3ACountry+data+Isra%EF%BF%BDl
B.L	fr	Mod%EF%BF%BDle%3AG%EF%BF%BDolocalisation%2FIsra%EF%BF%BDl
B.L	fr	Mod%EF%BF%BDle%3APalette+Partis+parlementaires+isra%EF%BF%BDliens
B.L	fr	Discussion+mod%EF%BF%BDle%3APalette+Partis+parlementaires+isra%EF%BF%BDliens
B.L	fr	Cat%EF%BF%BDgorie%3AParti+politique+isra%EF%BF%BDlien
B.L	fr	Cat%EF%BF%BDgorie%3APortail%3AIsra%EF%BF%BDl%2FArticles+li%EF%BF%BDs
B.L	fr	Cat%EF%BF%BDgorie%3APortail%3APolitique%2FArticles+li%EF%BF%BDs
B.L	fr	Portail%3AIsra%EF%BF%BDl
B.L	fr	Portail%3APolitique
B.L	fo	1958
B.L	fo	5.+juni
B.L	fo	Avigdor+Lieberman
B.L	fo	J%EF%BF%BDdad%EF%BF%BDmur
B.L	fo	Sovjetsamveldi%EF%BF%BD
B.L	fo	%EF%BF%BDsrael
B.L	fo	Wikipedia%3AStubbi
B.L	he	16+%3F%3F%3F%3F%3F%3F
B.L	he	16+%3F%3F%3F%3F
B.L	he	1999
B.L	he	1+%3F%3F%3F%3F%3F%3F%3F
B.L	he	2000
B.L	he	2001
B.L	he	2003
B.L	he	2004
B.L	he	2006
B.L	he	2007
B.L	he	2008
B.L	he	2009
B.L	he	2012
B.L	he	25+%3F%3F%3F%3F%3F%3F%3F%3F
B.L	he	26+%3F%3F%3F%3F
B.L	he	2+%3F%3F%3F%3F%3F%3F%3F
B.L	he	30+%3F%3F%3F%3F%3F%3F%3F%3F
B.L	he	8+%3F%3F%3F%3F%3F%3F%3F
B.L	he	Ynet
B.L	he	%3F%3F%3F%3F%3F%3F%3F+%3F%3F%3F%3F%3F%3F
B.L	he	%3F%3F%3F%3F%3F+%3F%3F%3F%3F%3F
B.L	he	%3F%3F%3F%3F+%3F%3F%3F%3F%3F%3F
B.L	he	%3F%3F%3F+%3F%3F+%3F%3F%3F%3F
B.L	he	%3F%3F%3F%3F%3F%3F%3F%3F%3F
B.L	he	%3F%3F%3F%3F%3F+%3F%3F%3F
B.L	he	%3F%3F%3F%3F%3F+%3F%3F%3F%3F
B.L	he	%3F%3F%3F%3F%3F%3F+%3F%3F%3F
B.L	he	%3F%3F%3F%3F+%3F%3F%3F%3F
B.L	he	%3F%3F%3F%3F%3F%3F%3F+%3F%3F%3F%3F%3F%3F
B.L	he	%3F%3F%3F%3F%3F%3F%3F+%3F%3F%3F%3F%3F
B.L	he	%3F%3F%3F%3F%3F
B.L	he	%3F%3F%3F%3F%3F+%3F%3F%3F%3F
B.L	he	%3F%3F%3F+%3F%3F%3F%3F%3F+%3F%3F%3F%3F
B.L	he	%3F%3F%3F%3F%3F
B.L	he	%3F%3F%3F%3F%3F%3F+%3F%3F%3F%3F%3F%3F%3F
B.L	he	%3F%3F%3F%3F%3F%3F+%3F%3F%3F%3F%3F+%3F%3F%3F%3F%3F%3F%3F
B.L	he	%3F%3F%3F%3F%3F+%3F%3F%3F%3F%3F%3F+%3F%3F%3F%3F%3F%3F%3F%3F
B.L	he	%3F%3F%3F+%3F%3F%3F%3F%3F%3F+%3F%3F%3F%3F%3F%3F
B.L	he	%3F%3F%3F%3F%3F%3F+%3F%3F%3F%3F%3F
B.L	he	%3F%3F%3F%3F+%3F%3F%3F%3F%3F%3F+%3F%3F%3F%3F%3F%3F%3F%3F
B.L	he	%3F%3F%3F%3F
B.L	he	%3F%3F%3F+%3F%3F%3F%3F%3F
B.L	he	%3F%3F%3F+%3F%3F%3F%3F%3F
B.L	he	%3F%3F%3F+%3F%3F%3F%3F
B.L	he	%3F%3F%3F%3F%3F%3F%3F+%3F%3F%3F%3F%3F%3F
B.L	he	%3F%3F%3F%3F%3F%3F%3F%3F+%3F%3F%3F%3F%3F%3F%3F%3F
B.L	he	%3F%3F%3F+%3F%3F%3F%3F%3F%3F
B.L	he	%3F%3F%3F+%3F%3F%3F%3F%3F
B.L	he	%3F%3F%3F%3F%3F
B.L	he	%3F%3F%3F%3F%3F%3F+%3F%3F%3F%3F%3F%3F
B.L	he	%3F%3F%3F%3F%3F%3F+%3F%3F%3F%3F%3F%3F-%3F%3F%3F%3F%3F+%3F%3F%3F%3F%3F
B.L	he	%3F%3F%3F%3F%3F%3F%3F+%3F%3F%3F%3F%3F+%3F-19
B.L	he	%3F%3F%3F%3F%3F%3F%3F+%3F%3F%3F%3F%3F+%3F%3F%3F%3F+%3F%3F%3F%3F
B.L	he	%3F%3F%3F%3F%3F%3F%3F+%3F%3F%3F%3F%3F+%3F%3F%3F%3F+%3F%3F%3F%3F
B.L	he	%3F%3F%3F%3F%3F%3F%3F+%3F%3F%3F%3F%3F+%3F%3F%3F+%3F%3F%3F%3F
B.L	he	%3F%3F%3F%3F+%3F%3F%3F%3F%3F%3F
B.L	he	%3F%3F%3F%3F%3F%3F%3F%3F+%3F%3F%3F%3F%3F%3F%3F+%3F%3F%3F%3F%3F%3F%3F
B.L	he	%3F%3F%3F%3F%3F+%3F%3F%3F%3F%3F%3F%3F%3F%3F+%3F%3F%3F%3F%3F+%3F%3F%3F%3F%3F%3F%3F%3F
B.L	he	%3F%3F%3F%3F%3F+%3F%3F%3F%3F%3F%3F%3F%3F
B.L	he	%3F%3F%3F%3F%3F+%3F%3F%3F%3F%3F%3F+%3F%3F%3F%3F
B.L	he	%3F%3F%3F%3F%3F%3F
B.L	he	%3F%3F%3F%3F%3F%3F+%3F%3F%3F%3F%3F
B.L	he	%3F%3F%3F%3F%3F%3F+%3F%3F%3F%3F%3F%3F%3F%3F%3F+%3F%3F%3F%3F%3F%3F
B.L	he	%3F%3F%3F%3F%3F%3F+%3F%3F%3F%3F%3F%3F%3F%3F%3F%3F%3F+%3F%3F%3F%3F%3F%3F%3F%3F
B.L	he	%3F%3F%3F%3F+%3F%3F%3F%3F%3F%3F
B.L	he	%3F%3F%3F%3F%3F%3F+%3F%3F%3F%3F%3F%3F%3F-%3F%3F%3F%3F%3F%3F%3F
B.L	he	%3F%3F%3F%3F%3F%3F+%3F%3F%3F%3F%3F+%3F%3F%3F%3F%3F%3F%3F+%3F%3F%3F%3F%3F+%3F%3F%3F%3F%3F+%3F%3F%3F%3F%3F%3F
B.L	he	%3F%3F%3F%3F%3F+%3F%3F%3F%3F%3F%3F
B.L	he	%3F%3F%3F%3F%3F+%3F%3F%3F%3F%3F%3F%3F%3F%3F
B.L	he	%3F%3F%3F%3F%3F%3F+%3F%3F%3F%3F%3F%3F+%3F%3F%3F%3F%3F%3F%3F
B.L	he	%3F%3F%3F%3F%3F%3F
B.L	he	%3F%3F%3F%3F%3F%3F%3F%3F%3F
B.L	he	%3F%3F%3F%3F%3F%3F+-+%3F%3F%3F%3F%3F+%3F%3F%3F%3F%3F%3F+%3F%3F%3F%3F%3F%3F
B.L	he	%3F%3F%3F%3F%3F+%3F%3F%3F%3F%3F%3F%3F%3F
B.L	he	%3F%3F%3F+%3F%3F%3F%3F%3F
B.L	he	%3F%3F%3F%3F%3F
B.L	he	%3F%3F%3F+%3F%3F%3F%3F
B.L	he	%3F%3F%3F%3F+%3F%3F%3F%3F%3F%3F+%3F%3F%3F%3F%3F%3F
B.L	he	%3F%3F%3F%3F+%3F%3F%3F%3F%3F
B.L	he	%3F%3F%3F%3F%3F%3F%3F%3F
B.L	he	%3F%3F%3F%3F%3F%3F%3F
B.L	he	%3F%3F%3F+%3F%3F%3F%3F
B.L	he	%3F%3F%3F+%3F-%3F%3F%3F
B.L	he	%3F%3F%3F%3F+%3F%3F%3F%3F%3F%3F%3F
B.L	he	%3F%3F%3F%3F%3F+%3F%3F%3F%3F%3F
B.L	he	%3F%3F%3F%3F%3F+%3F%3F%3F%3F%3F%3F%3F
B.L	he	%3F%3F%3F%3F+%3F%3F%3F
B.L	he	%3F%3F%3F%3F+%3F%3F%3F%3F
B.L	he	%3F%3F%3F%3F%3F
B.L	he	%3F%3F%3F%3F+%3F%3F%3F%3F%3F%3F%3F%3F%3F%27
B.L	he	%3F%3F%3F%3F%3F
B.L	he	%3F%3F%3F%3F%3F+%3F%3F%3F%3F%3F
B.L	he	%3F%3F%3F%3F%3F+%3F%3F%3F%3F
B.L	he	%3F%3F%3F%3F+%3F%3F%3F%3F%3F
B.L	he	%3F%3F%3F%3F%3F%3F%3F
B.L	he	%3F%3F%3F%3F%3F%3F%3F%3F+%3F%3F%3F%3F%3F
B.L	he	%3F%3F%3F+%3F%3F%3F%3F%3F
B.L	he	%3F%3F%3F%3F%3F+%28%3F%3F%3F%3F%3F%29
B.L	he	%3F%3F%3F%3F%3F+%3F%3F%3F%3F%3F%3F
B.L	he	%3F%3F%3F%3F%3F+%3F%3F%3F%3F%3F+%3F%3F%3F%3F%3F%3F+%3F%3F%3F%3F
B.L	he	%3F%3F%3F%3F%3F+%3F%3F%3F%3F%3F+%3F%3F%3F%3F%3F%3F%3F+%3F%3F%3F%3F
B.L	he	%3F%3F%3F%3F%3F+%3F%3F%3F%3F%3F+%3F%3F%3F%3F%3F%3F%3F+%3F%3F%3F%3F%3F%3F
B.L	he	%3F%3F%3F%3F+%3F%3F%3F%3F%3F%3F
B.L	he	%3F%3F%3F%3F%3F+%3F%3F%3F%3F%3F%3F+%3F%3F%3F%3F%3F%3F%3F%3F
B.L	he	%3F%3F%3F%3F%3F+%3F%3F%3F%3F%3F%3F%3F
B.L	he	%3F%3F%3F%3F%3F+%3F%22%3F
B.L	he	%3F%3F%3F%3F%3F+%3F%3F%3F%3F%3F
B.L	he	%3F%3F%3F%3F%3F+%3F%3F%3F%3F%3F
B.L	he	%3F%3F%3F
B.L	he	%3F%3F%3F+%3F%3F%3F%3F%3F
B.L	he	%3F%3F%3F%3F+%3F%3F%3F%3F%3F
B.L	he	%3F%3F%3F+%3F%3F%3F%3F%27%3F%3F%3F%3F%3F
B.L	he	%3F%3F%3F%3F
B.L	he	%3F%3F%3F%3F+%3F%3F%3F%3F%3F
B.L	he	%3F%3F%3F%3F%3F+%3F%3F%3F%3F%3F%3F
B.L	he	%3F%3F%3F%22%3F
B.L	he	%3F%3F%3F%3F%3F+%3F%3F%3F%3F%3F
B.L	he	%3F%3F%3F%3F%3F+%3F%3F%3F%3F%3F%3F%3F%3F%3F
B.L	he	%3F%3F%3F%3F%3F%3F
B.L	he	%3F%3F%3F
B.L	he	%3F%3F%3F%3F%3F%3F+%3F%3F%3F%3F%3F%3F%3F%3F%3F%3F%3F%3F%3F
B.L	he	%3F%3F%3F%3F%3F
B.L	he	%3F%3F%3F%3F%3F+%28%3F%3F%3F%3F%3F%29
B.L	he	%3F%3F%3F%3F%3F%3F%3F%3F
B.L	he	%3F%3F%3F%3F%3F+%3F%3F%3F%3F%3F%3F
B.L	he	%3F%3F%3F%3F%3F+%3F%3F%3F%3F
B.L	he	%3F%3F%22%3F-%3F%3F%22%3F
B.L	he	%3F%3F%22%3F
B.L	he	%3F%3F%3F%3F%3F+%3F%3F%3F+%3F%3F%3F%3F%3F
B.L	he	%3F%3F%3F%3F+%3F%3F%3F%3F%3F+%3F%3F%3F%3F%3F%3F%3F%3F%3F
B.L	he	%3F%3F+%3F%3F%3F%3F%3F%3F%3F
B.L	he	%3F%3F%3F%3F%3F%3F+%3F%3F%3F%3F%3F%3F%3F%3F
B.L	he	%3F%3F%3F%3F%3F%3F+%3F%3F%3F%3F%3F%3F+%3F%3F%3F%3F%3F%3F
B.L	he	%3F%3F%3F%3F%3F%3F%3F+%3F%3F%3F%3F%3F%3F%3F
B.L	he	%3F%3F%3F%3F%3F+%3F%3F%3F%3F%3F+%3F%3F%3F%3F%3F%3F%3F%3F
B.L	de	1999
B.L	de	Alija
B.L	de	Arabische+Israelis
B.L	de	Aschdod
B.L	de	Atomprogramm+des+Iran
B.L	de	Avigdor+Lieberman
B.L	de	Benjamin+Netanjahu
B.L	de	Charisma
B.L	de	Der+Spiegel
B.L	de	Die+Zeit
B.L	de	Ehud+Olmert
B.L	de	FAZ
B.L	de	Focus
B.L	de	Haaretz
B.L	de	Hebr%EF%BF%BDische+Sprache
B.L	de	Israelische+Parlamentswahlen+2009
B.L	de	Israelische+Siedlung
B.L	de	Jedi%EF%BF%BDot+Acharonot
B.L	de	Jerusalem
B.L	de	Juden+in+Russland
B.L	de	Juden+in+der+Sowjetunion
B.L	de	Knesset
B.L	de	Koalition+%28Politik%29
B.L	de	Libanon
B.L	de	Libanonkrieg+2006
B.L	de	Likud
B.L	de	Mosche+Jaalon
B.L	de	Mosche+Katzav
B.L	de	Nationale+Union+%28Israel%29
B.L	de	Nationalismus
B.L	de	Notstand
B.L	de	Operation+Gegossenes+Blei
B.L	de	Politische+Parteien+in+Israel
B.L	de	Revisionistischer+Zionismus
B.L	de	Russische+Sprache
B.L	de	Schas
B.L	de	Spiegel+Online
B.L	de	S%EF%BF%BDkular
B.L	de	S%EF%BF%BDddeutsche+Zeitung
B.L	de	Territorium
B.L	de	UdSSR
B.L	de	Westjordanland
B.L	de	Wirtschaftspolitik
B.L	de	Zeev+Jabotinsky
B.L	et	10.+veebruar
B.L	et	1999
B.L	et	2009
B.L	et	Avigdor+Lieberman
B.L	et	Heebrea+keel
B.L	et	Iisrael
B.L	et	Knesset
B.L	et	Likud
B.L	et	NSV+Liit
B.L	et	Palestiinlased
B.L	et	Sekularism
B.L	et	Vene+keel
B.L	es	1978
B.L	es	1988
B.L	es	1999
B.L	es	2006
B.L	es	Autoridad+Palestina
B.L	es	Avigdor+Lieberman
B.L	es	Benjam%EF%BF%BDn+Netanyahu
B.L	es	Cisjordania
B.L	es	Derecha+pol%EF%BF%BDtica
B.L	es	Econom%EF%BF%BDa+liberal
B.L	es	Ehud+%EF%BF%BDlmert
B.L	es	El+Pa%EF%BF%BDs
B.L	es	Elecciones+Legislativas+de+Israel+%282006%29
B.L	es	Idioma+hebreo
B.L	es	Israel
B.L	es	Jerusal%EF%BF%BDn
B.L	es	Kach
B.L	es	Kn%EF%BF%BDset
B.L	es	Laicismo
B.L	es	Likud
B.L	es	Matrimonio
B.L	es	Moldavia
B.L	es	Nacionalismo
B.L	es	Octubre
B.L	es	Partido+pol%EF%BF%BDtico
B.L	es	Primer+Ministro+de+Israel
B.L	es	Sionismo+revisionista
B.L	es	Sionista
B.L	es	Tasa+de+natalidad
B.L	es	URSS
B.L	es	Ultraderecha
B.L	es	%EF%BF%BDrabe+israel%EF%BF%BD
B.L	ca	1999
B.L	ca	Alian%EF%BF%BDa+per+l%27Europa+de+les+Nacions
B.L	ca	Avigdor+Lieberman
B.L	ca	Eleccions+legislatives+d%27Israel+del+2009
B.L	ca	Extrema+dreta
B.L	ca	Ideologia
B.L	ca	Israel
B.L	ca	Jerusalem
B.L	ca	Ken%EF%BF%BDsset
B.L	ca	Nacionalisme
B.L	ca	Secularitzaci%EF%BF%BD
B.L	ca	Sionisme
B.L	da	1999
B.L	da	2009
B.L	da	Avigdor+Lieberman
B.L	da	Drusere
B.L	da	Golanh%EF%BF%BDjderne
B.L	da	Hebraisk+%28sprog%29
B.L	da	H%EF%BF%BDjreekstremisme
B.L	da	Immigrant
B.L	da	Israel
B.L	da	J%EF%BF%BDde
B.L	da	Knesset
B.L	da	Nationalisme
B.L	da	Politisk+parti
B.L	da	Sovjetunionen
B.L	da	Syrien
B.L	da	Zeev+Jabotinsky
B.L	da	Zionisme
B.L	cs	1999
B.L	cs	2008
B.L	cs	2012
B.L	cs	Acma%27ut
B.L	cs	Agudat+Jisra%27el
B.L	cs	Avigdor+Lieberman
B.L	cs	Balad
B.L	cs	Chada%EF%BF%BD
B.L	cs	Degel+ha-Tora
B.L	cs	Dohody+o+p%3F%EF%BF%BDm%3F%3F%EF%BF%BD+%281949%29
B.L	cs	Dr%EF%BF%BDzov%EF%BF%BD
B.L	cs	Entita
B.L	cs	Erec+Jisra%27el+%EF%BF%BDelanu
B.L	cs	Hatikva+%28politick%EF%BF%BD+strana%29
B.L	cs	Hebrej%EF%BF%BDtina
B.L	cs	Izrael
B.L	cs	Izraelci
B.L	cs	Izraelsk%EF%BF%BD+strana+pr%EF%BF%BDce
B.L	cs	Izraelsk%EF%BF%BD+obrann%EF%BF%BD+s%EF%BF%BDly
B.L	cs	Izrael%EF%BF%BDt%EF%BF%BD+Arabov%EF%BF%BD
B.L	cs	Jeruzal%EF%BF%BDm
B.L	cs	Jord%EF%BF%BDnsko
B.L	cs	Kadima
B.L	cs	Likud
B.L	cs	Maki+%28sou%3Fasn%EF%BF%BD+politick%EF%BF%BD+strana%29
B.L	cs	Moledet
B.L	cs	Nacionalismus
B.L	cs	Nov%EF%BF%BD+hnut%EF%BF%BD-Merec
B.L	cs	N%EF%BF%BDrodn%EF%BF%BD+jednota
B.L	cs	Palestinci
B.L	cs	Politick%EF%BF%BD+ideologie
B.L	cs	Politick%EF%BF%BD+syst%EF%BF%BDm+St%EF%BF%BDtu+Izrael
B.L	cs	Prvn%EF%BF%BD+arabsko-izraelsk%EF%BF%BD+v%EF%BF%BDlka
B.L	cs	Revizionistick%EF%BF%BD+sionismus
B.L	cs	Seznam+izraelsk%EF%BF%BDch+politick%EF%BF%BDch+stran
B.L	cs	Sjednocen%EF%BF%BD+arabsk%EF%BF%BD+kandid%EF%BF%BDtka
B.L	cs	Sjednocen%EF%BF%BD+judaismus+T%EF%BF%BDry
B.L	cs	Ta%27al
B.L	cs	Tkuma
B.L	cs	Troj%EF%BF%BDheln%EF%BF%BDk+%28Izrael%29
B.L	cs	Volby+do+Knesetu+2006
B.L	cs	Volby+do+Knesetu+2009
B.L	cs	Volby+do+Knesetu+2013
B.L	cs	W%EF%BF%BDd%EF%BF%BD+Ara
B.L	cs	Zelen%EF%BF%BD+linie+%28Izrael%29
B.L	cs	Z%EF%BF%BDpadn%EF%BF%BD+b%3Feh+Jord%EF%BF%BDnu
B.L	cs	%EF%BF%BDas
B.L	cs	%EF%BF%BDidovsk%EF%BF%BD+domov
B.L	cs	Diskuse%3AJisra%27el+bejtejnu
B.L	cs	Wikipedie%3APah%EF%BF%BDl
B.L	cs	Wikipedie%3AWikiProjekt+P%3Feklad%2FRady
B.L	cs	Port%EF%BF%BDl%3AIzrael
B.L	cs	Port%EF%BF%BDl%3AObsah
B.L	lad	1999
B.L	lad	Araba-yisraeli
B.L	lad	Autoridad+Palestina
B.L	lad	Avigdor+Lieberman
B.L	lad	Avoda
B.L	lad	Benjamin+Netanyahu
B.L	lad	Ehud+Olmert
B.L	lad	Ekonomiya+liberala
B.L	lad	Imagen%3AYisrael-beitenu-logo.jpg
B.L	lad	Ivrit
B.L	lad	Kadima
B.L	lad	Knesset
B.L	lad	Konservadurismo
B.L	lad	Likud
B.L	lad	Matrimonio
B.L	lad	Medinat+Yisrael
B.L	lad	Moldavia
B.L	lad	Neokonservatismo
B.L	lad	Partito+politiko
B.L	lad	Shas
B.L	lad	Sisdjordania
B.L	lad	Tasa+de+natalidad
B.L	lad	URSS
B.L	lad	Yerushalayim
B.L	lad	Zionismo
B.L	ar	%3F%3F%3F%3F%3F+%3F%3F%3F%3F%3F%3F%3F%3F%3F
B.L	ar	%3F%3F%3F%3F%3F%3F+%3F%3F%3F%3F%3F%3F%3F
B.L	ar	%3F%3F%3F%3F%3F%3F%3F+%3F%3F%3F%3F%3F%3F%3F
B.L	ar	%3F%3F%3F%3F%3F%3F%3F%3F%3F+%3F%3F%3F%3F%3F%3F%3F%3F
B.L	ar	%3F%3F%3F%3F%3F%3F%3F%3F%3F
B.L	ar	%3F%3F%3F%3F%3F%3F%3F
B.L	ar	%3F%3F%3F%3F%3F%3F%3F%3F+%3F%3F%3F%3F%3F%3F%3F%3F%3F%3F
B.L	ar	%3F%3F%3F
B.L	ar	%3F%3F%3F%3F%3F
B.L	ar	%3F%3F%3F%3F%3F
B.L	ar	%3F%3F%3F+%3F%3F%3F%3F%3F
B.L	ar	%3F%3F%3F%3F%3F
B.L	ar	%3F%3F%3F%3F%3F%3F%3F%3F%3F%3A%3F%3F%3F%3F
B.L	no	Aliyah
B.L	no	Antiklerikalisme
B.L	no	Avigdor+Lieberman
B.L	no	Det+palestinske+folk
B.L	no	Hebraisk
B.L	no	Israel
B.L	no	Israelske+arabere
B.L	no	Knesset
B.L	no	Nasjonalisme
B.L	no	Revisjonistisk+sionisme
B.L	no	Valget+i+Israel+2009
B.L	no	Vladimir+Jabotinsky
B.L	pl	1957
B.L	pl	1958
B.L	pl	1999
B.L	pl	2003
B.L	pl	Abu+Zabi+%28miasto%29
B.L	pl	Ahmad+Tibi
B.L	pl	Ahmet+O%3Fuz+%EF%BF%BDelikkol
B.L	pl	Ale+Yarok
B.L	pl	Alex+Miller
B.L	pl	Aliyah+%28partia+polityczna%29
B.L	pl	Amir+Peretz
B.L	pl	Anastasia+Michaeli
B.L	pl	Arabowie
B.L	pl	Arabski+Ruch+Odnowy
B.L	pl	Ariel+Szaron
B.L	pl	Austria
B.L	pl	Autonomia+Palesty%3Fska
B.L	pl	Avigdor+Lieberman
B.L	pl	Balad
B.L	pl	Beniamin+Netanjahu
B.L	pl	Benyamin+Elon
B.L	pl	Bliski+Wsch%EF%BF%BDd
B.L	pl	Bolszewicy
B.L	pl	Centrolewica
B.L	pl	Chayil
B.L	pl	Cypi+Liwni
B.L	pl	Cypr
B.L	pl	Czeczenia
B.L	pl	Danny+Ayalon
B.L	pl	David+Rotem
B.L	pl	Druzowie
B.L	pl	Ehud+Olmert
B.L	pl	Esterina+Tartman
B.L	pl	Faszyzm
B.L	pl	Feina+Kirschenbaum
B.L	pl	Gil+-+Gimla%27ey+Yisrael+LaKneset
B.L	pl	Grecy
B.L	pl	HaBayit+HaYehudi
B.L	pl	HaYeruqim
B.L	pl	Hadasz
B.L	pl	Hamas
B.L	pl	Hebron
B.L	pl	Hetz
B.L	pl	Hezbollah
B.L	pl	II+wojna+%3Fwiatowa
B.L	pl	Ibrahim+Sarsur
B.L	pl	Iran
B.L	pl	Israel+Ba-Aliya
B.L	pl	Israel+Hasson
B.L	pl	Izrael
B.L	pl	Izraelska+Partia+Pracy
B.L	pl	Izraelska+Unia+Narodowa
B.L	pl	Jaser+Arafat
B.L	pl	Jerozolima
B.L	pl	Jordania
B.L	pl	Judaizm
B.L	pl	J%EF%BF%BDrg+Haider
B.L	pl	J%3Fzyk+angielski
B.L	pl	J%3Fzyk+arabski
B.L	pl	J%3Fzyk+hebrajski
B.L	pl	J%3Fzyk+polski
B.L	pl	J%3Fzyk+rosyjski
B.L	pl	Kadima
B.L	pl	Kneset
B.L	pl	Komunizm
B.L	pl	Lewica
B.L	pl	Liberalizm
B.L	pl	Likud
B.L	pl	Marksizm
B.L	pl	Meretz-Yachad
B.L	pl	Michael+Nudelman
B.L	pl	Mohammad+Barakeh
B.L	pl	Mossad
B.L	pl	Muzu%3Fmanin
B.L	pl	Nacjonalizm
B.L	pl	Narodowa+Partia+Religijna
B.L	pl	Narodowy+socjalizm
B.L	pl	Natan+Sharansky
B.L	pl	Neokonserwatyzm
B.L	pl	Ophir+Pines-Paz
B.L	pl	Orly+Levy
B.L	pl	Palesty%3Fczycy
B.L	pl	Partia+polityczna
B.L	pl	Partie+polityczne+Izraela
B.L	pl	Populizm
B.L	pl	Prawica
B.L	pl	Raleb+Majadele
B.L	pl	Rasizm
B.L	pl	Rewizjonizm
B.L	pl	Roman+Frister
B.L	pl	R%EF%BF%BDwnina+Szaron
B.L	pl	Shinui
B.L	pl	Si%3Fy+Obronne+Izraela
B.L	pl	Skrajna+prawica
B.L	pl	Slogan
B.L	pl	Sofa+Landver
B.L	pl	Stas+Misezhnikov
B.L	pl	Strefa+Gazy
B.L	pl	Syjonizm
B.L	pl	System+parlamentarno-gabinetowy
B.L	pl	System+prezydencki
B.L	pl	Szas
B.L	pl	Szin+Bet
B.L	pl	Szymon+Peres
B.L	pl	Taleb+El-Sana
B.L	pl	Terroryzm
B.L	pl	Turcja
B.L	pl	Turcy
B.L	pl	Tzomet
B.L	pl	Uri+Awneri
B.L	pl	Ustr%EF%BF%BDj+polityczny
B.L	pl	Ustr%EF%BF%BDj+polityczny+Izraela
B.L	pl	Uzi+Landau
B.L	pl	Wadi+Ara
B.L	pl	Wybory+parlamentarne+w+Izraelu+w+1999+roku
B.L	pl	Wybory+parlamentarne+w+Izraelu+w+2003+roku
B.L	pl	Wybory+parlamentarne+w+Izraelu+w+2006+roku
B.L	pl	Wybory+parlamentarne+w+Izraelu+w+2009+roku
B.L	pl	W%3Fadimir+Putin
B.L	pl	Yitzhak+Aharonovich
B.L	pl	Yitzhak+Aharonovitch
B.L	pl	Yosef+Shagal
B.L	pl	Yuri+Stern
B.L	pl	Zachodni+Brzeg
B.L	pl	Zeev+%3Faboty%3Fski
B.L	pl	Zimna+wojna
B.L	pl	Zjednoczona+Lista+Arabska
B.L	pl	Zjednoczone+Emiraty+Arabskie
B.L	pl	Zjednoczony+Judaizm+Tory
B.L	pl	Zwi%3Fzek+Socjalistycznych+Republik+Radzieckich
B.L	pl	%3Fydzi
B.L	pl	Wikipedia%3AArtyku%3Fy+na+medal
B.L	pl	Szablon%3APartie+polityczne+Izraela
B.L	pl	Dyskusja+szablonu%3APartie+polityczne+Izraela
B.L	nl	18+januari
B.L	nl	18e+Knesset
B.L	nl	1997
B.L	nl	1999
B.L	nl	2006
B.L	nl	2008
B.L	nl	23+oktober
B.L	nl	30+oktober
B.L	nl	31e+regering+van+Isra%EF%BF%BDl
B.L	nl	32e+regering+van+Isra%EF%BF%BDl
B.L	nl	Ale+Jarok
B.L	nl	Alliantie
B.L	nl	Arabisch-Isra%EF%BF%BDlisch+conflict
B.L	nl	Arabische+Beweging+voor+Vernieuwing
B.L	nl	Arabische+Isra%EF%BF%BDli%EF%BF%BDrs
B.L	nl	Arbeidspartij
B.L	nl	Ariel+Sharon
B.L	nl	Arutz+Sheva+INN
B.L	nl	Ashdod
B.L	nl	Avigdor+Lieberman
B.L	nl	Azmi+Bishara
B.L	nl	Balad+%28Isra%EF%BF%BDl%29
B.L	nl	Benjamin+Netanyahu
B.L	nl	Benny+Elon
B.L	nl	Chamad+Amar
B.L	nl	De+Nieuwe+Beweging-Meretz
B.L	nl	De+Telegraaf
B.L	nl	De+Volkskrant
B.L	nl	Druzen
B.L	nl	Ehud+Barak
B.L	nl	Extreemrechts
B.L	nl	Fatah
B.L	nl	Gil+%28Isra%EF%BF%BDl%29
B.L	nl	Haaretz
B.L	nl	Hadash
B.L	nl	Hamas
B.L	nl	Hatenoe%27a+HaJeroeka
B.L	nl	Hebreeuws
B.L	nl	Het+Joodse+Huis
B.L	nl	Hezbollah
B.L	nl	Immigratie
B.L	nl	Ira%EF%BF%BDlisch-Palestijns+conflict
B.L	nl	Isra%EF%BF%BDl
B.L	nl	Isra%EF%BF%BDlisch-Libanese+Oorlog
B.L	nl	Isra%EF%BF%BDlische+parlementsverkiezingen+1999
B.L	nl	Isra%EF%BF%BDlische+parlementsverkiezingen+2003
B.L	nl	Isra%EF%BF%BDlische+parlementsverkiezingen+2006
B.L	nl	Isra%EF%BF%BDlische+parlementsverkiezingen+2009
B.L	nl	Isra%EF%BF%BDlische+parlementsverkiezingen+2013
B.L	nl	Jeruzalem
B.L	nl	Jisrael+BaAliya
B.L	nl	Joden
B.L	nl	Jodendom
B.L	nl	Joodse+diaspora
B.L	nl	Kadima
B.L	nl	Knesset
B.L	nl	Lijst+van+Isra%EF%BF%BDlische+ministers+van+Binnenlandse+Zaken
B.L	nl	Lijst+van+Isra%EF%BF%BDlische+ministers+van+Buitenlandse+Zaken
B.L	nl	Lijst+van+Isra%EF%BF%BDlische+ministers+van+Defensie
B.L	nl	Lijst+van+Isra%EF%BF%BDlische+ministers+van+Financi%EF%BF%BDn
B.L	nl	Lijst+van+Isra%EF%BF%BDlische+ministers+van+Justitie
B.L	nl	Lijst+van+premiers+van+Isra%EF%BF%BDl
B.L	nl	Lijst+van+presidenten+van+Isra%EF%BF%BDl
B.L	nl	Likoed
B.L	nl	Mahmoud+Abbas
B.L	nl	Meemad
B.L	nl	Minister
B.L	nl	Moldavi%EF%BF%BD+%28land%29
B.L	nl	NRC+Handelsblad
B.L	nl	NU.nl
B.L	nl	Natan+Sharansky
B.L	nl	Nationaal-Religieuze+Partij
B.L	nl	Nationale+Unie+%28Isra%EF%BF%BDl%29
B.L	nl	Nationalisme
B.L	nl	Nederlands
B.L	nl	Neoconservatisme
B.L	nl	Olmert
B.L	nl	Oost-Europa
B.L	nl	Oost-Jeruzalem
B.L	nl	Palestijnse+Autoriteit
B.L	nl	Palestina+%28land%29
B.L	nl	Politiek
B.L	nl	Politieke+partij
B.L	nl	Radicalisme
B.L	nl	Rechts+%28politiek%29
B.L	nl	Regering+van+Isra%EF%BF%BDl
B.L	nl	Regionale+raad+%28Isra%EF%BF%BDl%29
B.L	nl	Reuven+Rivlin
B.L	nl	Revisionistisch+zionisme
B.L	nl	Rusland
B.L	nl	Shas
B.L	nl	Shimon+Peres
B.L	nl	Sovjet-Unie
B.L	nl	Syri%EF%BF%BD
B.L	nl	Tzomet
B.L	nl	Verenigd+Thora-jodendom
B.L	nl	Verenigde+Arabische+Lijst
B.L	nl	Verkiezingen+in+Isra%EF%BF%BDl
B.L	nl	Vicepremier
B.L	nl	Westelijke+Jordaanoever
B.L	nl	Wet+op+de+Terugkeer
B.L	nl	Zvi+Hendel
B.L	nl	Categorie%3AIsra%EF%BF%BDlische+politieke+partij
B.L	nl	Categorie%3APolitiek+in+Isra%EF%BF%BDl
B.L	nl	Portaal%3AIsra%EF%BF%BDl
B.L	nl	Portaal%3APolitiek
B.L	la	1999
B.L	la	Anglice
B.L	la	Avigdor+Lieberman
B.L	la	Hebraice
B.L	la	Israel
B.L	la	Latine
B.L	la	Russia
B.L	la	Russice
B.L	la	Vicipaedia%3AStipulae
B.L	it	1949
B.L	it	1999
B.L	it	2006
B.L	it	Anticlericalismo
B.L	it	Arabo-israeliani
B.L	it	Autorit%EF%BF%BD+Nazionale+Palestinese
B.L	it	Avigdor+Lieberman
B.L	it	Balad
B.L	it	Casa+Ebraica
B.L	it	Centrodestra
B.L	it	Cisgiordania
B.L	it	Conflitto+israelo-palestinese
B.L	it	Destra+%28politica%29
B.L	it	Drusi
B.L	it	Ebreo+orientale
B.L	it	Ehud+Olmert
B.L	it	Gerusalemme
B.L	it	Gerusalemme+est
B.L	it	Giordania
B.L	it	Hadash
B.L	it	Haredi
B.L	it	Insediamenti+israeliani
B.L	it	Israele
B.L	it	Kadima
B.L	it	Knesset
B.L	it	Laburisti+%28Israele%29
B.L	it	Laicismo
B.L	it	Liberalismo+economico
B.L	it	Likud
B.L	it	Lingua+ebraica
B.L	it	Lista+Araba+Unita
B.L	it	Meretz
B.L	it	Nazionalismo
B.L	it	Opzione+giordana
B.L	it	Palestinesi
B.L	it	Pantere+nere+%28Israele%29
B.L	it	Partito+Comunista+di+Israele
B.L	it	Partito+Laburista+%28Israele%29
B.L	it	Partito+dell%27Indipendenza
B.L	it	Partito+politico
B.L	it	Partito+revisionista+sionista
B.L	it	Piano+Lieberman
B.L	it	Politica+di+Israele
B.L	it	Pulizia+etnica
B.L	it	Secolarismo
B.L	it	Shas
B.L	it	Sionista
B.L	it	Soluzione+dei+due+stati
B.L	it	Stato+di+Palestina
B.L	it	Striscia+di+Gaza
B.L	it	Terrorismo
B.L	it	Unione+Nazionale+%28Israel%29
B.L	it	Wadi+%27Ara
B.L	it	Yahadut+Hatorah
B.L	it	Template%3AAggNaz%2FISR
B.L	it	Template%3APartiti+israeliani
B.L	it	Discussioni+template%3APartiti+israeliani
B.L	it	Aiuto%3AUnicode
B.L	it	Portale%3APolitica
B.L	it	Portale%3APolitica%2Ficona
B.L	ja	12%3F27%3F
B.L	ja	1945%3F
B.L	ja	1952%3F
B.L	ja	1999%3F
B.L	ja	1%3F
B.L	ja	1%3F13%3F
B.L	ja	1%3F5%3F
B.L	ja	2005%3F
B.L	ja	2006%3F
B.L	ja	2008%3F
B.L	ja	2009%3F
B.L	ja	2011%3F
B.L	ja	CM
B.L	ja	%3F%3F%3F%3F%3F%3F%3F%3F%3F%3F%3F
B.L	ja	%3F%3F%3F%3F
B.L	ja	%3F%3F%3F
B.L	ja	%3F%3F%3F%3F
B.L	ja	%3F%3F%3F%3F%3F%3F%3F%3F%3F
B.L	ja	%3F%3F%3F%3F%3F%3F%3F%3F%3F%3F%3F%3F%3F%3F
B.L	ja	%3F%3F%3F%3F%3F%3F%3F%3F%3F%3F
B.L	ja	%3F%3F%3F%3F%3F
B.L	ja	%3F%3F%3F%3F%3F%3F%3F%3F
B.L	ja	%3F%3F%3F%3F%3F%3F%3F%3F
B.L	ja	%3F%3F%3F%3F%3F%3F%3F%3F%3F%3F%3F%3F%3F
B.L	ja	%3F%3F%3F%3F%3F%3F%3F
B.L	ja	%3F%3F%3F%3F%3F%3F%3F%3F%3F%3F
B.L	ja	%3F%3F%3F%3F%3F
B.L	ja	%3F%3F%3F%3F%3F%3F%3F%3F%3F
B.L	ja	%3F%3F%3F%3F%3F%3F%3F%3F%3F%3F%3F%3F%3F%3F
B.L	ja	%3F%3F%3F%3F%3F
B.L	ja	%3F%3F
B.L	ja	%3F%3F%3F%3F+%282009%3F%29
B.L	ja	%3F%3F%3F%3F
B.L	ja	%3F%3F%3F%3F%3F%3F%3F%3F%3F%3F%3F
B.L	ja	%3F%3F%3F%3F%3F
B.L	ja	%3F%3F%3F%3F%3F
B.L	ja	%3F%3F%3F%3F%3F
B.L	ja	%3F%3F%3F
B.L	ja	%3F%3F%3F%3F%3F%3F
B.L	ja	%3F%3F%3F+%28%3F%3F%3F%3F%3F%29
B.L	ja	%3F%3F%3F%3F%3F%3F%3F%3F
B.L	ja	%3F%3F%3F+%28%3F%3F%3F%3F%3F%3F%3F%3F%29
B.L	ja	%3F%3F%3F%3F%3F%3F%3F
B.L	ja	%3F%3F%3F%3F
B.L	ja	%3F%3F%3F%3F%3F
B.L	ja	%3F%3F%3F%3F
B.L	ja	%3F%3F%3F%3F
B.L	ja	%3F%3F%3F
B.L	ja	%3F%3F%3F%3F%3F
B.L	ja	%3F%3F%3F%3F%3F
B.L	ja	%3F%3F%3F%3F%3F
B.L	ja	%3F%3F%3F%3F%3F%3F%3F
B.L	ja	%3F%3F%3F%3F%3F%3F%3F%3F%3F%3F%3F
B.L	ja	%3F%3F+%28%3F%3F%29
B.L	ja	%3F%3F%3F
B.L	ja	%3F%3F%3F%3F
B.L	ja	%3F%3F%3F%3F%3F
B.L	ja	%3F%3F%3F%3F%3F%3F%3F%3F%3F
B.L	ja	%3F%3F%3F%3F%3F%3F
B.L	ja	%3F%3F%3F%3F%3F%3F%3F
B.L	ja	%3F%3F%3F%3F
B.L	ja	%3F%3F%3F
B.L	ja	%3F%3F%3F%3F%3F%3F%3F%3F
B.L	ja	%3F%3F%3F%3F
B.L	ja	%3F%3F%3F%3F%3F%3F%3F
B.L	ja	%3F%3F%3F
B.L	ja	%3F%3F%3F%3F%3F
B.L	ja	%3F%3F%3F+%28%3F%3F%3F%3F%3F%29
B.L	ja	%3F%3F
B.L	ja	%3F%3F%3F%3F
B.L	ja	%3F%3F%3F
B.L	ja	%3F%3F%3F%3F%3F
B.L	ja	%3F%3F%3F%3F%3F%3F
B.L	ja	%3F%3F%3F
B.L	ja	%3F%3F
B.L	ja	%3F%3F%3F%3F%3F%3F%3F%3F%3F%3F%3F
B.L	ja	%3F%3F%3F%3F%3F%3F%3F
B.L	ja	%3F%3F%3F%3F%3F%3F
B.L	ja	%3F%3F
B.L	ja	%3F%3F%3F%3F
B.L	ja	%3F%3F
B.L	ja	%3F%3F%3F%3F
B.L	ja	%3F%3F
B.L	ja	%3F%3F%3F
B.L	ja	%3F%3F
B.L	ja	%3F%3F%3F%3F
B.L	ja	%3F%3F%3F%3F
B.L	ja	%3F%3F+%28%3F%3F%3F%3F%3F%3F%3F%3F%29
B.L	ja	%3F%3F
B.L	ja	%3F%3F%3F%3F%3F%3F%3F
B.L	ja	%3F%3F%3F%3F
B.L	ja	%3F%3F%3F%3F%3F%3F%3F%3F%3F
B.L	ja	%3F%3F%3F%3F
B.L	ja	%3F%3F
B.L	ja	%3F%3F%3F%3F%3F%3F%3F%3F%3F%3F%3F%3F%3F
B.L	ja	%3F%3F%3F%3F
B.L	ja	%3F%3F%3F%3F%3F%3F%3F%3F%3F%3F%3F
B.L	ja	%3F%3F
B.L	ja	Template%3A%3F%3F%3F%3F%3F%3F%3F%3F
B.L	ja	Template%3A%3F%3F
B.L	ja	Template%3F%3F%3F%3F%3A%3F%3F%3F%3F%3F%3F%3F%3F
B.L	ja	Category%3A%3F%3F%3F%3F%3F
B.L	ja	Portal%3A%3F%3F%3F
B.L	uk	1999
B.L	uk	2009
B.L	uk	%3F%3F%3F%3F%3F%3F%3F%3F
B.L	uk	%3F%3F%3F%3F%3F
B.L	uk	%3F%3F%3F%3F%3F%3F%3F
B.L	uk	%3F%3F%3F%3F%3F%3F%3F+%3F%3F%3F%3F%3F%3F%3F%3F
B.L	uk	%3F%3F%3F%3F%3F
B.L	uk	%3F%3F%3F%3F%3F%3F%3F%3F%3F%3F%3F
B.L	uk	%3F%3F%3F%3F%3F%3F%3F%3F%3F+%3F%3F%3F%3F%3F%3F
B.L	uk	%3F%3F%3F%3F
B.L	uk	%3F%3F%3F%3F%3F%3F%3F
B.L	uk	%3F%3F%3F%3F%3F%3F%3F%3F%3F%3A%3F%3F+%3F%3F%3F%3F%3F%3F%3F%3F%3F%3F+%3F%3F%3F%3F%3F%3F
B.L	sv	Alex+Miller
B.L	sv	Aliya
B.L	sv	Amir+Peretz
B.L	sv	Anastasia+Michaeli
B.L	sv	Arbetarpartiet
B.L	sv	Ariel+Sharon
B.L	sv	Avigdor+Lieberman
B.L	sv	Danny+Ayalon
B.L	sv	David+Rotem
B.L	sv	Druser
B.L	sv	Ehud+Olmert
B.L	sv	Golanh%EF%BF%BDjderna
B.L	sv	Hamad+Amar
B.L	sv	Israel
B.L	sv	Judiska
B.L	sv	Knesset
B.L	sv	Lia+Shemtov
B.L	sv	Likud
B.L	sv	Moshe+Mutz+Matlon
B.L	sv	Nationella+Unionen
B.L	sv	Ophir+Pines-Paz
B.L	sv	Orly+Levy
B.L	sv	Palestinska+myndigheten
B.L	sv	Pania+Kirsenbaum
B.L	sv	Raleb+Majadele
B.L	sv	Robert+Ilatov
B.L	sv	Sofa+Landver
B.L	sv	Sovjetunionen
B.L	sv	Stas+Misezhnikov
B.L	sv	Syrien
B.L	sv	Uzi+Landau
B.L	sv	Wye+River-%EF%BF%BDverenskommelsen
B.L	sv	Yitzhak+Aharonovich
B.L	ru	10+%3F%3F%3F%3F
B.L	ru	16+%3F%3F%3F%3F%3F%3F
B.L	ru	1999
B.L	ru	1999+%3F%3F%3F
B.L	ru	2001+%3F%3F%3F
B.L	ru	2002+%3F%3F%3F
B.L	ru	2003+%3F%3F%3F
B.L	ru	2004+%3F%3F%3F
B.L	ru	2006+%3F%3F%3F
B.L	ru	2009+%3F%3F%3F
B.L	ru	2010+%3F%3F%3F
B.L	ru	2011+%3F%3F%3F
B.L	ru	28+%3F%3F%3F%3F%3F%3F%3F
B.L	ru	2+%3F%3F%3F%3F%3F%3F%3F
B.L	ru	%3F%3F%3F%3F%3F%3F%3F%3F%3F%2C+%3F%3F%3F%3F%3F
B.L	ru	%3F%3F%3F%3F%3F%3F%3F+%3F%3F%3F%3F%3F%3F%3F%3F
B.L	ru	%3F%3F%3F%3F%3F
B.L	ru	%3F%3F%3F+%3F%3F%3F%3F
B.L	ru	%3F%3F%3F%3F+%28%3F%3F%3F%3F%3F%3F%29
B.L	ru	%3F%3F%3F%3F%2C+%3F%3F%3F%3F%3F
B.L	ru	%3F%3F%3F%3F%3F%3F%3F%3F%3F+%3F%3F%3F%3F%3F%3F%3F
B.L	ru	%3F%3F%3F%3F%3F%3F%3F%3F%3F%3F%3F%3F
B.L	ru	%3F%3F%3F%3F%3F-%3F%3F%3F%3F%3F%3F%3F%3F%3F%3F%3F+%3F%3F%3F%3F%3F%3F%3F%3F
B.L	ru	%3F%3F%3F%3F%3F%3F%3F%3F%3F%3F+%3F%3F%3F%3F%3F%3F%3F%3F+%3F+%3F%3F%3F%3F%3F%3F%3F
B.L	ru	%3F%3F%3F%3F
B.L	ru	%3F%3F%3F%3F
B.L	ru	%3F%3F%3F%3F%3F+%3F%3F-%3F%3F%3F%3F%3F
B.L	ru	%3F%3F%3F
B.L	ru	%3F%3F%3F%3F%3F%3F
B.L	ru	%3F%3F%3F%3F%3F%3F
B.L	ru	%3F%3F%3F%3F%3F%2C+%3F%3F%3F%3F%3F%3F%3F
B.L	ru	%3F%3F%3F%3F-%3F%3F%3F-%3F%3F%3F%3F%3F%3F%3F
B.L	ru	%3F%3F%3F%3F%3F+%28%3F%3F%3F%3F%3F%3F%29
B.L	ru	%3F%3F%3F%3F%3F%3F%3F%3F+%3F%3F%3F%3F%3F%3F%3F%3F%3F
B.L	ru	%3F%3F%3F%3F+%3F%3F%3F%3F
B.L	ru	%3F%3F%3F%3F%3F%3F%3F%3F%3F+%3F%3F%3F%3F%3F%3F%3F%3F%3F
B.L	ru	%3F%3F%3F%3F%3F
B.L	ru	%3F%3F-%3F%3F%3F%3F
B.L	ru	%3F%3F%3F%3F%3F%3F
B.L	ru	%3F%3F%3F%3F+%28%3F%3F%3F%3F%3F%3F%29
B.L	ru	%3F%3F%3F%3F
B.L	ru	%3F%3F%3F%3F%3F%3F%3F%3F%3F+%3F%3F%3F%3F%3F%3F
B.L	ru	%3F%3F%3F+%3F%3F%3F%3F%3F
B.L	ru	%3F%3F%3F%3F
B.L	ru	%3F%3F%3F%3F%3F%3F%3F%3F+%3F%3F%3F
B.L	ru	%3F%3F%3F%3F%3F%3F%3F%3F%3F%3F%3F%3F%3F%3F%3F+%3F%3F%3F%3F%3F%3F%3F%3F+%3F%3F+%3F%3F%3F%3F%3F%3F%3F%3F
B.L	ru	%3F%3F%3F%3F+%EF%BF%BD%3F%3F%3F%3F%3F%EF%BF%BD
B.L	ru	%3F%3F%3F%3F%3F%3F%3F%3F%3F+%3F%3F%3F
B.L	ru	%3F%3F%3F%3F%3F%3F%3F%3F%3F%3F%3F+%3F%3F%3F%3F
B.L	ru	%3F%3F%3F%3F+%3F%3F%3F%3F%3F%3F%3F
B.L	ru	%3F%3F%3F%3F%3F
B.L	ru	%3F%3F%3F%3F%3F%3F%3F%3F%3F
B.L	ru	%3F%3F%3F%3F%3F%3F%3F
B.L	ru	%3F%3F%3F%3F%3F%3F%2C+%3F%3F%3F%3F%3F%3F
B.L	ru	%3F%3F%3F%3F%3F%3F%3F+%3F%3F%3F%3F%3F%3F
B.L	ru	%3F%3F%3F%3F%3F%3F%3F+%3F%3F%3F%3F%3F
B.L	ru	%3F%3F%3F%3F%3F%3F%3F+%3F%3F-%3F%3F%3F%3F
B.L	ru	%3F%3F%3F%3F%3F%3F%3F+%3F%3F-%3F%3F%3F%3F%3F%3F%3F%3F%3F%3F
B.L	ru	%3F%3F%3F%3F+%3F%3F%3F%3F%3F
B.L	ru	%3F%3F%3F%3F%3F+%3F%3F%3F%3F%3F
B.L	ru	%3F%3F%3F%3F%3F%3F
B.L	ru	%3F%3F%3F%3F-%3F%3F%3F%3F%3F%3F
B.L	ru	%3F%3F%3F%3F%3F%3F%3F%3F%3F%3F%2C+%3F%3F%3F%3F%3F
B.L	ru	%3F%3F%3F%3F%3F%3F%3F
B.L	ru	%3F%3F%3F%3F+%3F%3F%3F%3F%3F%3F%3F%3F
B.L	ru	%3F%3F%3F%3F+%3F%3F-%3F%3F%3F%3F%3F
B.L	ru	%3F%3F%3F%3F%3F
B.L	ru	%3F%3F%3F%3F%3F
B.L	ru	%3F%3F%3F%3F%3F%3F%2C+%3F%3F%3F
B.L	ru	%3F%3F%3F+%3F%3F-%3F%3F%3F%3F
B.L	ru	%3F%3F%3F%3F%2C+%3F%3F%3F%3F%3F%3F
B.L	ru	%3F%3F%3F%3F-%3F%3F%3F%3F%3F%3F%3F%3F%2C+%3F%3F%3F%3F
B.L	ru	%3F%3F%3F%3F%3F%3F%3F%3F%3F%3F
B.L	ru	%3F%3F%3F%3F%3F%3F%3F%3F%3F%3F%3F+%3F%3F%3F%3F%3F%3F+%28%3F%3F%3F%3F%3F%3F%3F%29
B.L	ru	%3F%3F%3F%3F%3F%3F%3F%3F%2C+%3F%3F%3F%3F%3F%3F%3F
B.L	ru	%3F%3F%3F%3F%3F
B.L	ru	%3F%3F%3F%3F%3F+%28%3F%3F%3F%3F%3F%3F%29
B.L	ru	%3F%3F%3F%3F%3F
B.L	ru	%3F%3F%3F%3F%3F
B.L	ru	%3F%3F%3F%3F%3F
B.L	ru	%3F%3F%3F%3F%3F%3F
B.L	ru	%3F%3F%3F%3F%3F
B.L	ru	%3F%3F%3F%3F%3F%3F
B.L	ru	%3F%3F%3F%3F%3F%3F%3F%2C+%3F%3F%3F%3F
B.L	ru	%3F%3F%3F%3F%3F%3F
B.L	ru	%3F%3F%3F%3F%3F
B.L	ru	%3F%3F%3F%3F%3F%3F%3F+%28%3F%3F%3F%3F%3F%3F%3F%3F%29
B.L	ru	%3F%3F%3F%3F%3F%3F%2C+%3F%3F%3F%3F%3F+%28%3F%3F%3F%3F%3F%3F%3F%29
B.L	ru	%3F%3F%3F%3F%3F%3F%3F+%3F%3F%3F%3F%3F%3F%3F%3F%3F%3F%3F+%3F%3F%3F+%3F%3F%3F%3F%3F%3F%3F
B.L	ru	%3F%3F%3F%3F%3F%3F%3F+%3F%3F%3F%3F%3F%3F%3F%3F%3F%3F+%3F%3F%3F%3F%3F%3F
B.L	ru	%3F%3F%3F%3F%3F%3F%3F
B.L	ru	%3F%3F%3F%3F
B.L	ru	%3F%3F%3F%3F%3F%3F%3F+%3F%3F-%3F%3F%3F+%3F%3F+%3F%3F%3F%3F%3F%3F+%3F%3F%3F+%3F%3F%3F%3F
B.L	ru	%3F%3F%3F%3F%3F%3F%3F%3F%3F%3F%3F%3F+%3F%3F%3F%3F%3F%3F%3F%3F+%3F%3F%3F%3F%3F%3F
B.L	ru	%3F%3F+%28%3F%3F%3F%3F%3F%3F%29
B.L	ru	%3F%3F%3F%3F%3F%3F%3F%3F%3F
B.L	ru	%3F%3F%3F%3F%3F%3F%3F%3F%3F%3F%3F%3F+%3F%3F%3F%3F%3F%3F%3F
B.L	ru	%3F%3F%3F%3F%3F%3F%3F%3F%3F%3F
B.L	ru	%3F%3F%3F%3F%3F%3F%3F%3F%3F%3F%3F%3F%3F+%3F%3F%3F%3F%3F%3F+%3F+%3F%3F%3F%3F%3F%3F%3F+%282013%29
B.L	ru	%3F%3F%3F%3F%3F%3F+%3F%3F%3F%3F%3F%3F%3F%3F%3F%3F%3F+%3F%3F%3F%3F%3F%3F%3F%3F%3F+%28%3F%3F%3F%3F%3F%3F%3F%29
B.L	ru	%3F%3F%3F%3F%3F%3F+%3F%3F%3F%3F%3F+%3F%3F%3F%3F%3F%3F%3F%3F%3F
B.L	ru	%3F%3F%3F%3F+%EF%BF%BD%3F%3F%3F%3F%3F%3F%3F%3F+%3F%3F%3F%3F%3F%EF%BF%BD
B.L	ru	%3F%3F%3F%3F+%3F%3F%3F%3F%3F%3F%3F%3F%3F
B.L	ru	%3F%3F%3F%3F+%3F%3F%3F%3F%3F%3F%3F%3F%3F%3F%3F%3F%3F%3F+%3F%3F%3F%3F%3F%3F%3F%3F%3F%3F%3F%3F
B.L	ru	%3F%3F%3F%3F%3F%3F%3F%3F%3F%3F%3F%3F+%3F%3F%3F%3F%3F%3F+%3F%3F%3F%3F%3F%3F%3F
B.L	ru	%3F%3F%3F%3F%3F%3F%3F%3F%3F
B.L	ru	%3F%3F%3F%3F%3F%3F%3F%3F%3F%3F%3F%3F%3F+%3F%3F%3F%3F%3F%3F+%28%3F%3F%3F%3F%3F%3F%3F%29
B.L	ru	%3F%3F%3F%3F
B.L	ru	%3F%3F%3F%3F
B.L	ru	%3F%3F%3F+%28%3F%3F%3F%3F%3F%3F%29
B.L	ru	%3F%3F%3F%3F%3F%3F+%3F%3F%3F%3F%3F%3F
B.L	ru	%3F%3F%3F%3F%3F%2C+%3F%3F%3F%3F%3F
B.L	ru	%3F%3F%3F
B.L	ru	%3F%3F%3F%3F
B.L	ru	%3F%3F%3F%3F%3F%3F%3F%3F%3F+%3F%3F%3F%3F%3F
B.L	ru	%3F%3F%3F%3F%3F
B.L	ru	%3F%3F%3F%3F+%3F%3F%3F%3F%3F%3F%3F
B.L	ru	%3F%3F%3F%3F+%3F%3F%3F%3F%3F%3F%3F%3F%3F%3F
B.L	ru	%3F%3F%3F%3F%3F+%28%3F%3F%3F%3F%3F%3F%29
B.L	ru	%3F%3F%3F%3F%3F
B.L	ru	%3F%3F%3F%3F+%28%3F%3F%3F%3F%3F%3F%3F%29
B.L	ru	%3F%3F%3F%3F%3F+%28%3F%3F%3F%3F%3F%3F%29
B.L	ru	%3F%3F-%3F%3F%3F-%3F%3F%3F%3F%3F
B.L	ru	%3F%3F%3F%3F%3F
B.L	ru	%3F%3F-%3F%3F%3F%3F%3F%3F%3F%3F
B.L	ru	%3F%3F-%3F%3F%3F%3F%3F%3F%3F
B.L	ru	%3F%3F-%3F%3F%3F%3F%3F+%28%3F%3F%3F%3F%3F%3F%29
B.L	ru	%3F%3F-%3F%3F%3F%3F+%3F%3F-%3F%3F%3F%3F%3F%3F
B.L	ru	%3F%3F%3F%3F%3F
B.L	ru	%3F%3F%3F%3F%3F%3F%3F+%3F%3F-%3F%3F%3F%3F%3F%3F
B.L	ru	%3F%3F%3F%3F%3F
B.L	ru	%3F%3F%3F%3F%3F%3F%3F%3F
B.L	ru	%3F%3F%3F%3F%3F
B.L	ru	%3F%3F%3F%3F%3F
B.L	ru	%3F%3F%3F
B.L	ru	%3F%3F%3F%3F%3F%2C+%3F%3F%3F%3F%3F%3F
B.L	ru	%3F%3F%3F%3F%3F%3F%2C+%3F%3F%3F
B.L	ru	%3F%3F%3F%3F%3F
B.L	ru	%3F%3F%3F%3F+%3F%3F%3F%3F%3F%3F%3F+%3F%3F%3F%3F%3F%3F
B.L	ru	%3F%3F%3F%3F%3F%3F%3F%3F+%3F%3F%3F%3F%3F%3F%3F
B.L	ru	%3F%3F%3F%3F%3F%3F
B.L	ru	%3F%3F%3F%3F%3F%3F+%3F%3F-%3F%3F%3F%3F
B.L	ru	%3F%3F%3F%3F%3F%3F%3F%3F%3F%3A%3F%3F%3F%3F
B.L	ru	%3F%3F%3F%3F%3F%3F%3F%3F%3F%3A%3F%3F%3F%3F%3F%3F%3F%3F%3F+%3F%3F%3F%3F%3F%3F
B.L	ru	%3F%3F%3F%3F%3F%3F%3F%3F%3F%3A%3F%3F%3F%3F%3F%3F%3F+%3F+%3F%3F%3F%3F%3F%3F%3F%3F
B.L	ru	%3F%3F%3F%3F%3F%3F%3F%3F%3F%3A%3F%3F%3F%3F%3F%3F+%3F%3F+%3F%3F%3F%3F%3F%3F%3F%3F%3F
B.L	ru	%3F%3F%3F%3F%3F%3F%3A%3F%3F%3F%3F%3F%3F%3F%3F%3F%3F%3F%3F+%3F%3F%3F%3F%3F%3F+%3F%3F%3F%3F%3F%3F%3F
B.L	pt	1978
B.L	pt	1999
B.L	pt	2003
B.L	pt	2006
B.L	pt	Ali%EF%BF%BD
B.L	pt	Autoridade+Palestiniana
B.L	pt	Avigdor+Lieberman
B.L	pt	Benjamin+Netanyahu
B.L	pt	Cisjord%EF%BF%BDnia
B.L	pt	Direita
B.L	pt	Elei%EF%BF%BD%EF%BF%BDes+legislativas+em+Israel+em+2009
B.L	pt	Extrema-direita
B.L	pt	Hebraico
B.L	pt	Hebrom
B.L	pt	Israel
B.L	pt	Jerusal%EF%BF%BDm
B.L	pt	Judeus
B.L	pt	Knesset
B.L	pt	Liberalismo+econ%EF%BF%BDmico
B.L	pt	Likud
B.L	pt	Mold%EF%BF%BDvia
B.L	pt	Nacionalismo
B.L	pt	Presidencialismo
B.L	pt	Primeiro-ministro+de+Israel
B.L	pt	Racismo
B.L	pt	Secularismo
B.L	pt	Sionismo+revisionista
B.L	pt	Ultranacionalismo
B.L	pt	Uni%EF%BF%BDo+Nacional+%28Israel%29
B.L	pt	Uni%EF%BF%BDo+Sovi%EF%BF%BDtica
B.L	pt	%EF%BF%BDrabe
B.L	pt	Wikip%EF%BF%BDdia%3AEsbo%EF%BF%BDo
B.L	pt	Wikip%EF%BF%BDdia%3ALista+de+predefini%EF%BF%BD%EF%BF%BDes%2FEsbo%EF%BF%BDos
B.L	zh	2009%3F%3F%3F%3F%3F%3F%3F%3F
B.L	zh	Alex+Miller
B.L	zh	Anastasia+Michaeli
B.L	zh	Danny+Ayalon
B.L	zh	David+Rotem
B.L	zh	Faina+Kirschenbaum
B.L	zh	Hamad+Amar
B.L	zh	Lia+Shemtov
B.L	zh	Moshe+Mutz+Matlon
B.L	zh	Orly+Levy
B.L	zh	Robert+Ilatov
B.L	zh	Sofa+Landver
B.L	zh	Stas+Misezhnikov
B.L	zh	Uzi+Landau
B.L	zh	Yitzhak+Aharonovich
B.L	zh	%3F%3F%3F%3F
B.L	zh	%3F%3F%3F
B.L	zh	%3F%3F%3F%3F%3F%3F
B.L	zh	%3F%3F%3F%3F%3F%3F
B.L	zh	%3F%3F%3F%3F%3F
B.L	zh	%3F%3F%3F%3F%3F
B.L	zh	%3F%3F%3F%3F%3F
B.L	zh	%3F%3F%3F%3F%3F%3F%3F
B.L	zh	%3F%3F%3F%3F%3F
B.L	zh	%3F%3F%3F%3F%3F%3F%3F%3F%3F%3F
B.L	zh	%3F%3F%3F%3F%3F
B.L	zh	%3F%3F%3F%3F%3F%3F%3F%3F
B.L	zh	%3F%3F+%28%3F%3F%3F%29
B.L	zh	%3F%3F%3F%3F
B.L	zh	%3F%3F%3F%3F
B.L	zh	%3F%3F%3F%3F%3F
B.L	zh	%3F%3F%3F
B.L	zh	%3F%3F%3F+%28%3F%3F%3F%29
B.L	zh	%3F%3F%3F%3F%3F%3F%3F%3F%3F
B.L	zh	%3F%3F%3F%3F+%28%3F%3F%3F%29
B.L	zh	%3F%3F
B.L	zh	%3F%3F
B.L	zh	%3F%3F%3F%3F
B.L	zh	%3F%3F%3F%3F%3F
B.L	zh	%3F%3F%3F%3F%3F
B.L	zh	%3F%3F%3F%3F
B.L	zh	%3F%3F%3F%3F%3F%3F
B.L	zh	%3F%3F%3F%3F
B.L	zh	%3F%3F%3F%3F
B.L	zh	%3F%3F%3F
B.L	zh	%3F%3F%3F
B.L	zh	%3F%3F%3F%3F%3F%3F%3F
B.L	zh	%3F%3F%3F%3F%3F
B.L	zh	%3F%3F%3F%3F%3F%3F
B.L	zh	%3F%3F%3F%3F+%28%3F%3F%3F%29
B.L	zh	%3F%3F+%28%3F%3F%3F%29
B.L	zh	%3F%3F+%28%3F%3F%3F%29
B.L	zh	%3F%3F%3F%3F%3F%3F%3F
B.L	zh	%3F%3F%3F%3F%3F%3F%3F
B.L	zh	%3F%3F%3F%3F%3F%3F
B.L	zh	%3F%3F%3F%3F%3F%3F+%28%3F%3F%3F%29
B.L	zh	%3F%3F%3F%3F%3F%3F%3F
B.L	zh	%3F%3F%3F%3F%EF%BF%BD%3F%3F%3F
B.L	zh	Template%3A%3F%3F%3F%3F%3F
B.L	zh	Template+talk%3A%3F%3F%3F%3F%3F
B.L	zh	Portal%3A%3F%3F
CN	en	Yisrael_Beiteinu
IWL	fi	Jisrael+Beiteinu
IWL	fr	Israel+Beytenou
IWL	fo	Yisrael+Beiteinu
IWL	he	%3F%3F%3F%3F%3F+%3F%3F%3F%3F%3F
IWL	de	Jisra%27el+Beitenu
IWL	et	Yisra%27el+Betenu
IWL	es	Israel+Beitenu
IWL	ca	Yisrael+Betenu
IWL	da	Yisrael+Beytenu
IWL	cs	Jisra%27el+bejtejnu
IWL	lad	Yisrael+Beiteinu
IWL	ar	%3F%3F%3F+%3F%3F%3F%3F%3F%3F%3F+%3F%3F%3F%3F%3F
IWL	no	Yisrael+Beitenu
IWL	pl	Yisrael+Beitenu
IWL	nl	Jisrael+Beet%EF%BF%BDnoe
IWL	la	Yisrael+Beiteinu
IWL	it	Israel+Beytenu
IWL	ja	%3F%3F%3F%3F%3F%3F%3F%3F
IWL	uk	%3F%3F%3F+%3F%3F%3F+%3F%3F%3F%3F%3F%3F%3F
IWL	sv	Yisrael+Beiteinu
IWL	ru	%3F%3F%3F+%3F%3F%3F+%3F%3F%3F%3F%3F%3F%3F
IWL	pt	Yisrael+Beitenu
IWL	zh	%3F%3F%3F%3F%3F%3F%3F%3F
