A.L	de	A. Schaaffhausen’scher Bankverein
A.L	de	Aachen
A.L	de	Adidas
A.L	de	Aktiengesellschaft (Deutschland)
A.L	de	Alberto Giacometti
A.L	de	Allgemeine Deutsche Credit-Anstalt
A.L	de	Allianz Dresdner Bauspar
A.L	de	Allianz SE
A.L	de	Altana
A.L	de	Altmarkt (Dresden)
A.L	de	Amerikanische Besatzungszone
A.L	de	Amsterdam
A.L	de	Amtsgericht Frankfurt am Main
A.L	de	Arisierung
A.L	de	BASF
A.L	de	BMW
A.L	de	Babcock Borsig
A.L	de	Bad Vilbel
A.L	de	Baden (Südbaden)
A.L	de	Bank für Handel und Industrie
A.L	de	Bankhaus Gebrüder Arnhold
A.L	de	Bankhaus Hardy & Co.
A.L	de	Bankhaus Kaskel
A.L	de	Bankhaus Neelmeyer
A.L	de	Bayer AG
A.L	de	Bayerische Hypotheken- und Wechsel-Bank
A.L	de	Bayerische Vereinsbank
A.L	de	Bayern
A.L	de	Beiersdorf AG
A.L	de	Berliner Bank
A.L	de	Berliner Börse
A.L	de	Berliner Handels-Gesellschaft
A.L	de	Bernd Fahrholz
A.L	de	Bernhard Walter
A.L	de	Bilanzsumme
A.L	de	Bremen
A.L	de	Bremer Bank
A.L	de	Britische Besatzungszone
A.L	de	Bruce Wasserstein
A.L	de	Bundesverband deutscher Banken
A.L	de	Callcenter
A.L	de	Carl Goetz (Bankier)
A.L	de	Carl von Kaskel
A.L	de	Cash Group
A.L	de	Comdirect
A.L	de	Commerzbank
A.L	de	Conrad Hinrich Donner Bank
A.L	de	Continental AG
A.L	de	DAB Bank
A.L	de	DAX
A.L	de	Daimler AG
A.L	de	Darmstädter und Nationalbank
A.L	de	Delaware
A.L	de	Deportation von Juden aus Deutschland
A.L	de	Der Spiegel
A.L	de	Deutsch-Südamerikanische Bank
A.L	de	Deutsche Bank
A.L	de	Deutsche Bank Privat- und Geschäftskunden
A.L	de	Deutsche Börse
A.L	de	Deutsche Effecten- und Wechselbank
A.L	de	Deutsche Orientbank
A.L	de	Deutsche Post AG
A.L	de	Deutsche Schiffsbank
A.L	de	Deutsche Telekom
A.L	de	Deutsche Wiedervereinigung
A.L	de	Deutsches Bankwesen
A.L	de	Deutschland
A.L	de	Dit (Unternehmen)
A.L	de	Dresden
A.L	de	Dresdner-Cetelem Kreditbank GmbH
A.L	de	Dresdner Kleinwort
A.L	de	Dumbo
A.L	de	Düsseldorf
A.L	de	E.ON
A.L	de	Eduard Arnhold
A.L	de	Epcos
A.L	de	Eschweiler Bank
A.L	de	Eugen Gutmann
A.L	de	Euro
A.L	de	Evonik Degussa
A.L	de	Feldmühle (Unternehmen)
A.L	de	Felix von Kaskel
A.L	de	Flick-Affäre
A.L	de	Frankfurt am Main
A.L	de	Frankfurter Allgemeine Zeitung
A.L	de	Französische Besatzungszone
A.L	de	Frauenkirche (Dresden)
A.L	de	Freiburg im Breisgau
A.L	de	Freie Demokratische Partei
A.L	de	Fresenius (Unternehmen)
A.L	de	Fresenius Medical Care
A.L	de	Fusion (Wirtschaft)
A.L	de	Gallileo
A.L	de	Geschäftszentrale der Dresdner Bank (Berlin)
A.L	de	Gewinnabführungsvertrag
A.L	de	Großbank
A.L	de	Gründerkrach
A.L	de	Gründerkrise
A.L	de	Gründung (Recht)
A.L	de	Grünes Band für vorbildliche Talentförderung im Verein
A.L	de	Hamburg
A.L	de	Hamburger Kreditbank AG
A.L	de	Handelsblatt
A.L	de	Handelsregister
A.L	de	Hannover
A.L	de	Hannover Rück
A.L	de	Hans Friderichs
A.L	de	HeidelbergCement
A.L	de	Helvetica (Schriftart)
A.L	de	Henkel (Unternehmen)
A.L	de	Herbert Walter
A.L	de	Hessen
A.L	de	Heute-Journal
A.L	de	Hoechst
A.L	de	Hypo Real Estate
A.L	de	Infineon
A.L	de	Interessengemeinschaft
A.L	de	Investmentbank
A.L	de	Jürgen Ponto
A.L	de	Jürgen Sarrazin
A.L	de	K+S
A.L	de	KZ Auschwitz
A.L	de	KZ Auschwitz-Birkenau
A.L	de	Karl Heinz Roth
A.L	de	Karstadt
A.L	de	KlangNetz Dresden
A.L	de	Kleinwort Benson
A.L	de	Kunststoff
A.L	de	Lanxess
A.L	de	Lateinamerika
A.L	de	Leopold Scheibler
A.L	de	Linde AG
A.L	de	Liquidation
A.L	de	London
A.L	de	Lufthansa
A.L	de	Lübeck
A.L	de	L’Homme qui marche I
A.L	de	MAN
A.L	de	MLP AG
A.L	de	Mainz
A.L	de	Mannesmann
A.L	de	Marke
A.L	de	Martin Blessing
A.L	de	Max Liebermann
A.L	de	Merck KGaA
A.L	de	Metro AG
A.L	de	Milliarde
A.L	de	Mitarbeiter
A.L	de	Mitteldeutscher Rundfunk
A.L	de	Munich Re
A.L	de	Möbiusband
A.L	de	München
A.L	de	Nationalsozialistische Deutsche Arbeiterpartei
A.L	de	New York City
A.L	de	Niedersachsen
A.L	de	Nixdorf Computer
A.L	de	Nordrhein-Westfalen
A.L	de	Norisbank
A.L	de	Oberursel (Taunus)
A.L	de	Oldenburgische Landesbank
A.L	de	Otl Aicher
A.L	de	Pariser Platz
A.L	de	Pfund Sterling
A.L	de	Porzellan
A.L	de	Postbank
A.L	de	Preussag
A.L	de	Privatbank
A.L	de	Privatinvest Bank
A.L	de	RWE
A.L	de	Rechtsform
A.L	de	Restquoten
A.L	de	Reuschel & Co.
A.L	de	Reuters
A.L	de	Reutlingen
A.L	de	Rhein-Main Bank AG
A.L	de	Rhein-Ruhr Bank AG
A.L	de	Rheinland-Pfalz
A.L	de	Rote Armee Fraktion
A.L	de	SAP
A.L	de	Salzburg
A.L	de	Salzgitter AG
A.L	de	Samuel Ritscher
A.L	de	Schleswig-Holstein
A.L	de	Scholz & Friends
A.L	de	Schutzstaffel
A.L	de	Siemens
A.L	de	Silberturm
A.L	de	Sitz (juristische Person)
A.L	de	Skyper (Gebäude)
A.L	de	Sowjetische Besatzungszone
A.L	de	Spardose
A.L	de	Stuttgart
A.L	de	Sächsischer Förderpreis für Demokratie
A.L	de	TUI
A.L	de	Tagesthemen
A.L	de	ThyssenKrupp
A.L	de	UBS
A.L	de	Unicredit Bank
A.L	de	Unternehmensführung
A.L	de	VEBA
A.L	de	VIAG
A.L	de	Vereinigte Staaten
A.L	de	Volkswagen AG
A.L	de	Waldemar Mueller
A.L	de	Wasserstein Perella
A.L	de	Website
A.L	de	Werbeagentur
A.L	de	Westdeutscher Rundfunk
A.L	de	Westsektor
A.L	de	Wilmington (Delaware)
A.L	de	Wirtschaftszweig
A.L	de	Wolfgang Röller
A.L	de	Württemberg-Baden
A.L	de	Württemberg-Hohenzollern
A.L	de	Zeit des Nationalsozialismus
A.L	de	Zürcher Kantonalbank
B.L	fi	Commerzbank
B.L	fr	1872
B.L	fr	2001
B.L	fr	Alberto Giacometti
B.L	fr	Allemagne
B.L	fr	Allianz
B.L	fr	Commerzbank
B.L	fr	Dresde
B.L	fr	Francfort
B.L	fr	L'Homme qui marche I
B.L	fr	Nazisme
B.L	fr	Discussion:Dresdner Bank/À faire
B.L	fr	Wikipédia:Notoriété des entreprises, sociétés et produits
B.L	fr	Modèle:Ébauche/paramètres entreprise allemande
B.L	fr	Aide:Comment modifier une page
B.L	fr	Aide:Ébauche
B.L	fr	Catégorie:Portail:Allemagne/Articles liés
B.L	fr	Catégorie:Portail:Entreprises/Articles liés
B.L	fr	Catégorie:Portail:Francfort-sur-le-Main/Articles liés
B.L	fr	Portail:Allemagne
B.L	fr	Portail:Entreprises
B.L	fr	Portail:Francfort-sur-le-Main
B.L	en	A. Schaaffhausen'scher Bankverein
B.L	en	ABN AMRO
B.L	en	Aktia Bank
B.L	en	Aktiengesellschaft
B.L	en	Allgemeine Sparkasse Oberösterreich
B.L	en	Allianz
B.L	en	Allied Irish Banks
B.L	en	Alpha Bank
B.L	en	Amagerbanken
B.L	en	Amsterdam
B.L	en	Arbejdernes Landsbank
B.L	en	Auschwitz
B.L	en	BHF Bank
B.L	en	BKS Bank AG
B.L	en	BNP Paribas
B.L	en	BPCE
B.L	en	Banca Agricola Popolare di Ragusa
B.L	en	Banca Monte Parma
B.L	en	Banca Nazionale del Lavoro
B.L	en	Banca Popolare del Lazio
B.L	en	Banca Popolare dell'Emilia Romagna
B.L	en	Banca Popolare di Milano
B.L	en	Banca Popolare di Sondrio
B.L	en	Banca Popolare di Spoleto
B.L	en	Banca Popolare di Vicenza
B.L	en	Banca Sella
B.L	en	Banca d'Italia
B.L	en	Banca del Fucino
B.L	en	Banca del Piemonte
B.L	en	Banca delle Marche S.p.A.
B.L	en	Banca di Imola S.p.A.
B.L	en	Banca di Romagna S.p.A.
B.L	en	Bancaperta S.p.A.
B.L	en	Banco Bilbao Vizcaya Argentaria
B.L	en	Banco Comercial Português
B.L	en	Banco Espírito Santo
B.L	en	Banco Pastor
B.L	en	Banco Popolare
B.L	en	Banco Popular Español
B.L	en	Banco Português de Investimento
B.L	en	Banco Sabadell
B.L	en	Banesto
B.L	en	Bank BPH
B.L	en	Bank für Tirol und Vorarlberg AG
B.L	en	Bank of America
B.L	en	Bank of Athens
B.L	en	Bank of China
B.L	en	Bank of Cyprus
B.L	en	Bank of Ireland
B.L	en	Bank of Slovenia
B.L	en	Bank of Åland
B.L	en	Bank van de Post
B.L	en	Bankia
B.L	en	Bankinter
B.L	en	Banque Michel Inchauspé - BAMI
B.L	en	Banque Palatine
B.L	en	Banque Raiffeisen
B.L	en	Banque et Caisse d'Épargne de l'État
B.L	en	Barclays
B.L	en	Berenberg Bank
B.L	en	Bilbao Bizkaia Kutxa
B.L	en	Bratislava
B.L	en	Bremer Landesbank
B.L	en	Brussels
B.L	en	Bucharest
B.L	en	Caixa Central de Crédito Agrícola Mútuo
B.L	en	Caixa Geral de Depósitos
B.L	en	Caja Laboral
B.L	en	Caja Rural
B.L	en	Cassa di Risparmio della Provincia di Chieti S.p.A.
B.L	en	Cassa di Risparmio della Provincia di Teramo S.p.A.
B.L	en	Cassa di Risparmio di Cesena S.p.A.
B.L	en	Cassa di Risparmio di Fermo S.p.A.
B.L	en	Cassa di Risparmio di Ferrara S.p.A.
B.L	en	Cassa di Risparmio di Loreto S.p.A.
B.L	en	Cassa di Risparmio di Ravenna S.p.A.
B.L	en	CatalunyaCaixa
B.L	en	Citibank
B.L	en	Commercial bank
B.L	en	Commerzbank
B.L	en	Credit Mutuel CIC Banque
B.L	en	Credito Emiliano S.p.A.
B.L	en	Crédit Agricole
B.L	en	Crédit Coopératif
B.L	en	Crédit Mutuel Arkéa
B.L	en	Crédit du Nord
B.L	en	Cyprus Popular Bank
B.L	en	DZ Bank
B.L	en	Danske Andelskassers Bank
B.L	en	Danske Bank
B.L	en	De Nederlandsche Bank
B.L	en	Deutsche Bank
B.L	en	Deutsche Bundesbank
B.L	en	Deutsche Golddiskontbank
B.L	en	Deutsche Mark
B.L	en	Deutsche Postbank
B.L	en	Dexia
B.L	en	Dexia Banque Internationale à Luxembourg SA
B.L	en	DiBa Bank A/S
B.L	en	Djurslands Bank A/S
B.L	en	DnB NOR
B.L	en	Dresden
B.L	en	Dresdner Kleinwort
B.L	en	Eastern Germany
B.L	en	Encyclopedia Americana
B.L	en	Erste Group
B.L	en	Euro Banking Association
B.L	en	Eurobank EFG
B.L	en	Europe
B.L	en	Europe Arab Bank Frankfurt
B.L	en	Financial services
B.L	en	First World War
B.L	en	Fortis (finance)
B.L	en	Frankfurt
B.L	en	Gallileo
B.L	en	Gazprom
B.L	en	German-occupied Europe
B.L	en	German Reich
B.L	en	Germany
B.L	en	Groupe Banque Populaire
B.L	en	Grupo Santander
B.L	en	HSBC Bank (Europe)
B.L	en	HSBC France
B.L	en	Hamburger Sparkasse AG
B.L	en	Handels- und Kreditbank
B.L	en	Handelsbanken
B.L	en	Heinrich Himmler
B.L	en	Helaba
B.L	en	Hellenic Bank
B.L	en	Hjalmar Schacht
B.L	en	Hungarian National Bank
B.L	en	ICCREA Banca
B.L	en	ING Group
B.L	en	Intesa Sanpaolo
B.L	en	Istituto Centrale delle Banche Popolari Italiane
B.L	en	J. P. Morgan & Co.
B.L	en	JPMorgan Chase
B.L	en	Jyske Bank
B.L	en	KBC Bank
B.L	en	KBL European Private Bankers
B.L	en	KB Kookmin Bank
B.L	en	KGB
B.L	en	Kleinwort Benson
B.L	en	Kontinentale Bank
B.L	en	Kraków
B.L	en	Kutxa
B.L	en	La Banque postale
B.L	en	La Caixa
B.L	en	Landesbank Baden-Württemberg
B.L	en	Landesbank Berlin Holding
B.L	en	Lloyds TSB
B.L	en	Mashreq (Bank)
B.L	en	Matthias Warnig
B.L	en	Monte dei Paschi di Siena
B.L	en	National Australia Bank
B.L	en	National Bank of Austria
B.L	en	National Bank of Greece
B.L	en	National Bank of Poland
B.L	en	National Westminster Bank
B.L	en	Natixis
B.L	en	Nazi Germany
B.L	en	Nordea
B.L	en	Nordjyske Bank
B.L	en	Novagalicia Banco
B.L	en	Nørresundby Bank
B.L	en	OP-Pohjola Group
B.L	en	OTP Bank
B.L	en	Oberbank AG
B.L	en	Oldenburgische Landesbank
B.L	en	Piraeus Bank
B.L	en	Prague
B.L	en	Public company
B.L	en	Public domain
B.L	en	Rabobank
B.L	en	Raiffeisen-Landesbank Tirol Aktiengesellschaft
B.L	en	Raiffeisen Landesbank Südtirol – Cassa Centrale Raiffeisen dell'Alto Adige
B.L	en	Raiffeisen Zentralbank
B.L	en	Raiffeisenlandesbank Oberösterreich AG
B.L	en	Real estate development
B.L	en	Retail banking
B.L	en	Riga
B.L	en	Ringkjøbing Landbobank
B.L	en	Roskilde Bank
B.L	en	Rosneft
B.L	en	Royal Bank of Scotland
B.L	en	S-Bank
B.L	en	SECB Swiss EURO CLEARING Bank GmbH
B.L	en	SS
B.L	en	Saint Petersburg
B.L	en	Silberturm
B.L	en	Skandinaviska Enskilda Banken
B.L	en	Skjern Bank
B.L	en	Société Générale
B.L	en	Société Générale Bank & Trust
B.L	en	Sofia
B.L	en	Spanish Confederation of Savings Banks
B.L	en	Spar Nord
B.L	en	Sparekassen Sjælland
B.L	en	Standard Chartered
B.L	en	Stasi
B.L	en	Steiermärkische Bank und Sparkassen AG
B.L	en	Swedbank
B.L	en	Sydbank A/S
B.L	en	Südtiroler Volksbank – Banca Popolare dell'Alto Adige
B.L	en	Tapiola Bank
B.L	en	Thaler
B.L	en	The Bank of New York Mellon
B.L	en	The Bank of Tokyo-Mitsubishi UFJ
B.L	en	Third Reich
B.L	en	Turkey
B.L	en	Types of business entity
B.L	en	UBI Banca
B.L	en	UBS
B.L	en	UniCredit
B.L	en	Unipol
B.L	en	VTB Bank
B.L	en	Veneto Banca
B.L	en	Vestfyns Bank A/S
B.L	en	Vestjysk Bank
B.L	en	Vladimir Putin
B.L	en	Wasserstein Perella & Co.
B.L	en	Wells Fargo
B.L	en	WestLB
B.L	en	World War II
B.L	en	Yukos
B.L	en	Østjydsk Bank A/S
B.L	en	Wikipedia:Citation needed
B.L	en	Template:Members of Euro Banking Association
B.L	en	Template talk:Members of Euro Banking Association
B.L	en	Category:Articles with unsourced statements from October 2009
B.L	es	1978
B.L	es	2001
B.L	es	Alemania
B.L	es	Allianz
B.L	es	Commerzbank
B.L	es	Dresde
B.L	es	Fráncfort
B.L	da	1872
B.L	da	1977
B.L	da	2001
B.L	da	2009
B.L	da	Allianz
B.L	da	Bank
B.L	da	Commerzbank
B.L	da	Datterselskab
B.L	da	Dresden
B.L	da	Forsikring
B.L	da	Frankfurt am Main
B.L	da	Jürgen Ponto
B.L	da	Rote Armee Fraktion
B.L	da	Terrororganisation
B.L	da	Tyskland
B.L	da	Venstreekstremisme
B.L	da	Wikimedia Commons
B.L	cv	1872
B.L	cv	2008
B.L	cv	Commerzbank
B.L	cv	Çурла, 31
B.L	cv	Аллианц
B.L	cv	Германи
B.L	cv	Дрезден
B.L	cv	Нимĕç чĕлхи
B.L	cv	Франкфурт-Майн-çинчи
B.L	cv	Чӳк, 12
B.L	no	1872
B.L	no	1977
B.L	no	2008
B.L	no	Allianz
B.L	no	Commerzbank
B.L	no	Dresden
B.L	no	Euro
B.L	no	Frankfurt am Main
B.L	no	Jürgen Ponto
B.L	no	Rote Armee Fraktion
B.L	pl	12 listopada
B.L	pl	1872
B.L	pl	1990
B.L	pl	2000
B.L	pl	2001
B.L	pl	2002
B.L	pl	2009
B.L	pl	ABN AMRO
B.L	pl	Allianz AG
B.L	pl	BNP Paribas
B.L	pl	Banco Santander
B.L	pl	Bank
B.L	pl	Bank of America
B.L	pl	Barclays
B.L	pl	China Construction Bank
B.L	pl	Citigroup
B.L	pl	Commerzbank
B.L	pl	Commerzbank AG
B.L	pl	Credit Suisse
B.L	pl	Crédit Agricole
B.L	pl	Deutsche Bank
B.L	pl	Drezno
B.L	pl	Eurohypo AG
B.L	pl	Frankfurt nad Menem
B.L	pl	Goldman Sachs
B.L	pl	HBOS
B.L	pl	HSBC
B.L	pl	Herbert Walter
B.L	pl	ICBC
B.L	pl	ING Group
B.L	pl	JPMorgan Chase
B.L	pl	Język niemiecki
B.L	pl	Merrill Lynch
B.L	pl	Mitsubishi Tokyo Financial Group
B.L	pl	Mizuho Financial Group
B.L	pl	Morgan Stanley
B.L	pl	Rabobank
B.L	pl	Royal Bank of Scotland
B.L	pl	Saksonia
B.L	pl	UBS
B.L	pl	Szablon:Banki na Świecie
B.L	pl	Dyskusja szablonu:Banki na Świecie
B.L	nl	11 mei
B.L	nl	2002
B.L	nl	2008
B.L	nl	2009
B.L	nl	Allianz
B.L	nl	Bank (financiële instelling)
B.L	nl	Commerzbank
B.L	nl	Duitsland
B.L	nl	Financiën
B.L	nl	Frankfurt am Main
B.L	nl	Wikimedia Commons
B.L	nl	Portaal:Economie
B.L	ja	11月12日
B.L	ja	1771年
B.L	ja	1872年
B.L	ja	1884年
B.L	ja	1895年
B.L	ja	1931年
B.L	ja	1935年
B.L	ja	1937年
B.L	ja	1950年
B.L	ja	1990年
B.L	ja	1995年
B.L	ja	2002年
B.L	ja	2008年
B.L	ja	AG (ドイツ)
B.L	ja	アリアンツ
B.L	ja	アーリア化
B.L	ja	クラインウォート・ベンソン
B.L	ja	コメルツ銀行
B.L	ja	ザクセン王国
B.L	ja	ターラー (通貨)
B.L	ja	ドイツ
B.L	ja	ドイツマルク
B.L	ja	ドイツ民主共和国
B.L	ja	ドイツ銀行
B.L	ja	ドレスデン
B.L	ja	ドレスナー・クラインオート
B.L	ja	ナチス
B.L	ja	ハイパーインフレーション
B.L	ja	ハンブルク
B.L	ja	ベルリン
B.L	ja	ライプツィヒ
B.L	ja	世界恐慌
B.L	ja	第二次世界大戦
B.L	ja	西ドイツ
B.L	ja	金融機関
B.L	ja	銀行
B.L	ja	Wikipedia:スタブ
B.L	ja	Category:ドイツ関連のスタブ項目
B.L	ja	Category:金融関連のスタブ記事
B.L	ja	Portal:ドイツ
B.L	ja	プロジェクト:ドイツ
B.L	ja	プロジェクト:経済
B.L	ja	プロジェクト:金融
B.L	simple	1990
B.L	simple	Aktiengesellschaft
B.L	simple	Allianz
B.L	simple	Auschwitz
B.L	simple	Commerzbank
B.L	simple	Deutsche Mark
B.L	simple	First World War
B.L	simple	Frankfurt
B.L	simple	Gazprom
B.L	simple	German-occupied Europe
B.L	simple	German Democratic Republic
B.L	simple	Germany
B.L	simple	Heinrich Himmler
B.L	simple	Hjalmar Schacht
B.L	simple	KGB
B.L	simple	Matthias Warnig
B.L	simple	Nazi Germany
B.L	simple	Rosneft
B.L	simple	SS
B.L	simple	Saint Petersburg
B.L	simple	Stasi
B.L	simple	Third Reich
B.L	simple	Vladimir Putin
B.L	simple	Weimar Republic
B.L	simple	World War II
B.L	simple	Yukos
B.L	simple	Wikipedia:Citing sources
B.L	simple	Category:Articles with unsourced statements from October 2009
B.L	uk	1872
B.L	uk	Іспанія
B.L	uk	Англія
B.L	uk	Аргентина
B.L	uk	Банк
B.L	uk	Бразилія
B.L	uk	Венесуела
B.L	uk	Дрезден
B.L	uk	Друга світова війна
B.L	uk	Економічна криза
B.L	uk	Комерційний банк
B.L	uk	Ліван
B.L	uk	Мексика
B.L	uk	Німецька мова
B.L	uk	Німецький банк
B.L	uk	Німеччина
B.L	uk	Перу
B.L	uk	США
B.L	uk	Туреччина
B.L	uk	ФРН
B.L	uk	Франція
B.L	uk	Японія
B.L	tr	1771
B.L	tr	1872
B.L	tr	2000
B.L	tr	2001
B.L	tr	Allianz SE
B.L	tr	Almanya
B.L	tr	Bankhaus Kaskel
B.L	tr	Commerzbank
B.L	tr	Deutsche Bank
B.L	tr	Frankfurt am Main
B.L	tr	Hamburg
B.L	tr	Karl Heinz Roth
B.L	tr	WDR
B.L	sv	1872
B.L	sv	2009
B.L	sv	Bank
B.L	sv	Commerzbank
B.L	sv	Frankfurt am Main
B.L	sv	Företag
B.L	sv	Tyskland
B.L	sv	Wikipedia:Stubbar
B.L	ru	10 мая
B.L	ru	12 ноября
B.L	ru	1872
B.L	ru	2009 год
B.L	ru	2010 год
B.L	ru	Commerzbank
B.L	ru	Аллианц
B.L	ru	Германия
B.L	ru	Дрезден
B.L	ru	Немецкий язык
B.L	ru	Сайт
B.L	ru	Франкфурт-на-Майне
B.L	ru	Википедия:Заготовка статьи
B.L	ru	Википедия:Как править статьи
B.L	ru	Википедия:Словарность
B.L	ru	Шаблон:Rq/stub
B.L	ru	Шаблон:Rq/Пояснения
B.L	ro	2002
B.L	ro	Allianz
B.L	ro	Bancă
B.L	ro	Commerzbank
B.L	ro	Companie
B.L	ro	Corporație
B.L	ro	Frankfurt
B.L	ro	Germania
B.L	ro	Wikipedia:Articolul ciot perfect
B.L	ro	Wikipedia:Găsește și repară un ciot
B.L	pt	1978
B.L	pt	2001
B.L	pt	Alemão
B.L	pt	Allianz
B.L	pt	Banco
B.L	pt	Dresden
B.L	pt	Frankfurt am Main
B.L	pt	Instituição financeira
B.L	pt	Wikipédia:Esboço
B.L	zh	1872年
B.L	zh	1978年
B.L	zh	1995年
B.L	zh	2001年
B.L	zh	2003年
B.L	zh	2004年
B.L	zh	Xetra系统
B.L	zh	世界500强
B.L	zh	伦敦
B.L	zh	伽利略大厦
B.L	zh	公众公司
B.L	zh	商业银行
B.L	zh	子公司
B.L	zh	安联公司
B.L	zh	康采恩
B.L	zh	德国
B.L	zh	德国商业银行
B.L	zh	德国邮政银行
B.L	zh	德國聯邦銀行
B.L	zh	德意志银行
B.L	zh	德累斯顿
B.L	zh	德累斯顿银行大厦
B.L	zh	投资银行
B.L	zh	欧元
B.L	zh	法兰克福
B.L	zh	營業額
B.L	zh	產業
B.L	zh	监事会
B.L	zh	维基共享资源
B.L	zh	联合抵押银行
B.L	zh	赫伯特·瓦尔特
B.L	zh	迈克尔·迪克曼
B.L	zh	银色大厦
B.L	zh	银行业
B.L	zh	Category:公司
CN	de	Dresdner Bank
IWL	fi	Dresdner Bank
IWL	fr	Dresdner Bank
IWL	en	Dresdner Bank
IWL	es	Dresdner Bank
IWL	da	Dresdner Bank
IWL	cv	Дрезден банкĕ
IWL	no	Dresdner Bank
IWL	pl	Dresdner Bank
IWL	nl	Dresdner Bank
IWL	ja	ドレスナー銀行
IWL	simple	Dresdner Bank
IWL	uk	Дрезденський банк
IWL	tr	Dresdner Bank
IWL	sv	Dresdner Bank
IWL	ru	Dresdner Bank
IWL	ro	Dresdner Bank
IWL	pt	Dresdner Bank
IWL	zh	德累斯顿银行
