A.L	en	Accel Partners
A.L	en	Apache Hadoop
A.L	en	Apache Software Foundation
A.L	en	Berkeley DB
A.L	en	BigTable
A.L	en	Big data
A.L	en	Christophe Bisciglia
A.L	en	Cloud computing
A.L	en	Cloud infrastructure
A.L	en	Cloudera
A.L	en	Cloudera Distribution Including Apache Hadoop
A.L	en	Database-centric architecture
A.L	en	Datastructure
A.L	en	Demonym
A.L	en	Doug Cutting
A.L	en	HBase
A.L	en	Hadoop
A.L	en	Lucene
A.L	en	MapReduce
A.L	en	Morgan Stanley
A.L	en	Nutch
A.L	en	Online database
A.L	en	Palo Alto
A.L	en	Palo Alto, California
A.L	en	Real time database
A.L	en	Sleepycat Software
A.L	en	The New York Times
A.L	en	Yahoo!
B.L	fr	2008
B.L	fr	Accel Partners
B.L	fr	Analyse de données
B.L	fr	Bases de données
B.L	fr	Bear Stearns
B.L	fr	Big Data
B.L	fr	Burlingame (Californie)
B.L	fr	Business Week
B.L	fr	Californie
B.L	fr	Diane Greene
B.L	fr	Facebook
B.L	fr	Gideon Yu
B.L	fr	Google
B.L	fr	Hadoop
B.L	fr	Mars 2009
B.L	fr	Marten Mickos
B.L	fr	MySQL
B.L	fr	New York Times
B.L	fr	Oracle Corporation
B.L	fr	Publicité ciblée
B.L	fr	Pétaoctet
B.L	fr	Silicon Valley
B.L	fr	Start-up
B.L	fr	Trading algorithmique
B.L	fr	Transactions à haute fréquence
B.L	fr	Université Harvard
B.L	fr	VMware
B.L	fr	Yahoo
B.L	fr	Catégorie:Portail:Internet/Articles liés
B.L	fr	Catégorie:Portail:Économie/Articles liés
B.L	fr	Catégorie:Portail:États-Unis/Articles liés
B.L	fr	Portail:Internet
B.L	fr	Portail:Économie
B.L	fr	Portail:États-Unis
B.L	ru	2009 год
B.L	ru	2010 год
B.L	ru	Amazon EC2
B.L	ru	Apache Flume
B.L	ru	Apache Hadoop
B.L	ru	Apache Hive
B.L	ru	Apache Mahout
B.L	ru	Apache Maven
B.L	ru	Apache Oozie
B.L	ru	Apache Pig
B.L	ru	Apache Sqoop
B.L	ru	Apache Whirr
B.L	ru	Apache Zookeeper
B.L	ru	Berkeley DB
B.L	ru	Bloomberg
B.L	ru	BusinessWeek
B.L	ru	CEO
B.L	ru	CentOS
B.L	ru	Computerworld
B.L	ru	Debian
B.L	ru	EWeek
B.L	ru	Facebook
B.L	ru	Financial Times
B.L	ru	GigaOm
B.L	ru	Google (компания)
B.L	ru	HBase
B.L	ru	Hadoop
B.L	ru	Hive
B.L	ru	Kerberos
B.L	ru	MySQL AB
B.L	ru	Oracle
B.L	ru	Oracle Big Data appliance
B.L	ru	Rackspace
B.L	ru	Red Hat
B.L	ru	Red Hat Enterprise Linux
B.L	ru	SD Times
B.L	ru	Sleepecat
B.L	ru	Softlayer
B.L	ru	SuSE Linux Enterprise Server
B.L	ru	TechCrunch
B.L	ru	The New York Times
B.L	ru	The Register
B.L	ru	The Wall Street Journal
B.L	ru	Ubuntu
B.L	ru	VMware
B.L	ru	Английский язык
B.L	ru	Бизнес-ангел
B.L	ru	Большие данные
B.L	ru	Бёрлингейм
B.L	ru	Визуализация
B.L	ru	Дистрибутив
B.L	ru	Калифорния
B.L	ru	Каттинг, Дуглас Рэд
B.L	ru	Кластер (группа компьютеров)
B.L	ru	Международная стандартная отраслевая классификация
B.L	ru	Облачные вычисления
B.L	ru	Октябрь 2008 года
B.L	ru	Пало-Альто
B.L	ru	Программно-аппаратный комплекс
B.L	ru	Продукт (бизнес)
B.L	ru	Производитель программного обеспечения
B.L	ru	Разработка программного обеспечения
B.L	ru	Сайт
B.L	ru	Свободное программное обеспечение
B.L	ru	Связующее программное обеспечение
B.L	ru	Служба технической поддержки
B.L	ru	Соединённые Штаты Америки
B.L	ru	Хостинг
B.L	ru	Частная компания
B.L	ru	Юридическое лицо
B.L	ru	Википедия:Заготовка статьи
B.L	ru	Шаблон:Ref-en
CN	en	Cloudera
IWL	fr	Cloudera
IWL	ru	Cloudera
