A.L	en	Bantu language
A.L	en	Burundi
A.L	en	Christianity
A.L	en	Democratic Republic of the Congo
A.L	en	Hema (disambiguation)
A.L	en	Hema language
A.L	en	Hima (disambiguation)
A.L	en	Ituri conflict
A.L	en	Ituri region
A.L	en	Lendu
A.L	en	Lendu language
A.L	en	Luganda
A.L	en	Lusoga
A.L	en	Nyankore language
A.L	en	Orientale Province
A.L	en	Pastoralism
A.L	en	Rwanda
A.L	en	Uganda
A.L	en	Wikipedia:Stub
A.L	en	Template:Africa-ethno-group-stub
A.L	en	Template:Burundi-stub
A.L	en	Template:DRCongo-stub
A.L	en	Template:Rwanda-stub
A.L	en	Template talk:Africa-ethno-group-stub
A.L	en	Template talk:Burundi-stub
A.L	en	Template talk:DRCongo-stub
A.L	en	Template talk:Rwanda-stub
B.L	fr	Agriculture
B.L	fr	Bibliothèque nationale de France
B.L	fr	Burundi
B.L	fr	Démographie de la République démocratique du Congo
B.L	fr	Groupe ethnique
B.L	fr	HCR
B.L	fr	Hima (langue)
B.L	fr	Héma
B.L	fr	Ituri
B.L	fr	Langues bantoues
B.L	fr	Langues bantoues méridionales
B.L	fr	Langues nigéro-congolaises
B.L	fr	Liste des groupes ethniques d'Afrique
B.L	fr	Ouganda
B.L	fr	Province Orientale en République démocratique du Congo
B.L	fr	RAMEAU
B.L	fr	Rwanda
B.L	fr	République démocratique du Congo
B.L	fr	Tutsis
B.L	fr	Discussion:Hemas/À faire
B.L	fr	Modèle:Infobox Groupe ethnique
B.L	fr	Modèle:Ébauche/paramètres RDC
B.L	fr	Modèle:Ébauche/paramètres groupe ethnique
B.L	fr	Aide:Comment modifier une page
B.L	fr	Aide:Homonymie
B.L	fr	Aide:Référence nécessaire
B.L	fr	Aide:Ébauche
B.L	fr	Catégorie:Portail:Anthropologie/Articles liés
B.L	fr	Catégorie:Portail:Ouganda/Articles liés
B.L	fr	Catégorie:Portail:République démocratique du Congo/Articles liés
B.L	fr	Portail:Anthropologie
B.L	fr	Portail:Ouganda
B.L	fr	Portail:République démocratique du Congo
B.L	fr	Projet:Accueil
B.L	de	17. Februar
B.L	de	1999
B.L	de	Demokratische Republik Kongo
B.L	de	Ethnie
B.L	de	Freischärler
B.L	de	Hema (Begriffsklärung)
B.L	de	Hirten
B.L	de	Humanitäres Völkerrecht
B.L	de	Kindersoldat
B.L	de	Kombattant
B.L	de	Lendu
B.L	de	MONUC
B.L	de	Nomade
B.L	de	Paramilitär
B.L	de	Ruanda
B.L	de	UN-Missionen
B.L	de	UNO
B.L	de	Uganda
B.L	eo	Demokratia Respubliko Kongo
B.L	eo	Nomadoj
B.L	eo	Vikipedio:La perfekta ĝermo de artikolo
B.L	eo	Vikipedio:Tradukoj
B.L	eo	Vikipedio:Trovi aŭ kreskigi ĝermojn
B.L	es	Idioma bantú
B.L	es	Idioma hema
B.L	es	Idioma lendu
B.L	es	Ituri
B.L	es	Lendu
B.L	es	Luganda
B.L	es	Lusoga
B.L	es	Nyankore
B.L	es	Provincia Orientale
B.L	es	República Democrática del Congo
B.L	es	Ruanda
B.L	es	Uganda
B.L	nl	België
B.L	nl	Congo-Kinshasa
B.L	nl	Hema (taal)
B.L	nl	Hutu
B.L	nl	Ituri
B.L	nl	Ituri-conflict
B.L	nl	Lendu (taal)
B.L	nl	Lendu (volk)
B.L	nl	Tutsi
B.L	it	Conflitto dell'Ituri
B.L	it	Gruppo etnico
B.L	it	Ituri (provincia)
B.L	it	Lendu
B.L	it	Lingua hema
B.L	it	Lingua luganda
B.L	it	Lingua lusoga
B.L	it	Lingua nyankore
B.L	it	Lingue bantu
B.L	it	Pastori
B.L	it	Repubblica Democratica del Congo
B.L	it	Ruanda
B.L	it	Uganda
B.L	it	Wikipedia:Cita le fonti
B.L	it	File:Stub .png
B.L	it	File:Stub gruppi etnici.png
B.L	it	Aiuto:Abbozzo
B.L	it	Aiuto:Manuale di stile
B.L	it	Categoria:Stub - gruppi etnici
B.L	it	Progetto:Gruppi etnici
B.L	ja	イトゥリ州
B.L	ja	イトゥリ紛争
B.L	ja	ウガンダ
B.L	ja	エスノローグ
B.L	ja	ガンダ語
B.L	ja	コンゴ民主共和国
B.L	ja	コンゴ民主連合
B.L	ja	ソガ語
B.L	ja	トマス・ルバンガ
B.L	ja	トロ語
B.L	ja	ニジェール・コンゴ語族
B.L	ja	ニャンコレ語
B.L	ja	ニョロ語
B.L	ja	バントイド語群
B.L	ja	バントゥー語群
B.L	ja	ブルンジ
B.L	ja	ヘマ語
B.L	ja	ベヌエ＝コンゴ語群
B.L	ja	ボルタ＝コンゴ語群
B.L	ja	ルワンダ
B.L	ja	レンドゥ族
B.L	ja	レンドゥ語
B.L	ja	南部バントイド諸語
B.L	ja	大西洋＝コンゴ諸派
B.L	ja	東部州 (コンゴ)
B.L	ja	牧畜
B.L	ja	Wikipedia:「要出典」をクリックされた方へ
B.L	ja	Wikipedia:スタブ
B.L	ja	Category:アフリカ関連のスタブ項目
B.L	ja	Category:ウガンダ関連のスタブ項目
B.L	ja	Category:ガボン関連のスタブ項目
B.L	ja	Category:コンゴ民主共和国関連のスタブ項目
B.L	ja	Category:出典を必要とする記述のある記事/2010年2月
B.L	ja	プロジェクト:アフリカ
CN	en	Hema_people
IWL	fr	Hemas
IWL	de	Hema
IWL	eo	Hemaoj
IWL	es	Hema
IWL	nl	Hema (volk)
IWL	it	Hema (gruppo etnico)
IWL	ja	ヘマ族
