A.L	de	1953
A.L	de	1960er
A.L	de	1970er
A.L	de	1980er
A.L	de	1982
A.L	de	1990er
A.L	de	2000er
A.L	de	2010er
A.L	de	AUDI AG
A.L	de	Adidas
A.L	de	Adolf Hitler
A.L	de	Afrika
A.L	de	Aktie
A.L	de	Aktiengesellschaft
A.L	de	Aktiengesellschaft (Deutschland)
A.L	de	Aller
A.L	de	Allianz SE
A.L	de	Ally Financial
A.L	de	Alt-Wolfsburg
A.L	de	Altana
A.L	de	Angola
A.L	de	Anton Piëch
A.L	de	Arbeitsentgelt
A.L	de	Argentinien
A.L	de	Asien
A.L	de	Audi
A.L	de	Audi 100 C1
A.L	de	Audi 100 C2
A.L	de	Audi 100 C3
A.L	de	Audi 100 C4
A.L	de	Audi 200
A.L	de	Audi 50
A.L	de	Audi 80
A.L	de	Audi 80 B1
A.L	de	Audi 80 B2
A.L	de	Audi 80 B3
A.L	de	Audi 80 B4
A.L	de	Audi 90
A.L	de	Audi A1
A.L	de	Audi A2
A.L	de	Audi A3
A.L	de	Audi A3 8L
A.L	de	Audi A3 8P
A.L	de	Audi A3 8V
A.L	de	Audi A4
A.L	de	Audi A4 B5
A.L	de	Audi A4 B6
A.L	de	Audi A4 B7
A.L	de	Audi A4 B8
A.L	de	Audi A4 allroad quattro
A.L	de	Audi A5
A.L	de	Audi A6
A.L	de	Audi A6 C4
A.L	de	Audi A6 C5
A.L	de	Audi A6 C6
A.L	de	Audi A6 C7
A.L	de	Audi A7
A.L	de	Audi A8
A.L	de	Audi BKK
A.L	de	Audi Brüssel
A.L	de	Audi Cabriolet
A.L	de	Audi Coupé B2
A.L	de	Audi Coupé B3
A.L	de	Audi F103
A.L	de	Audi Hungária
A.L	de	Audi Motor Assembly
A.L	de	Audi Q3
A.L	de	Audi Q5
A.L	de	Audi Q7
A.L	de	Audi R8
A.L	de	Audi RS2
A.L	de	Audi RS3
A.L	de	Audi RS4
A.L	de	Audi RS5
A.L	de	Audi RS6
A.L	de	Audi S2
A.L	de	Audi S3
A.L	de	Audi S4
A.L	de	Audi S5
A.L	de	Audi S6
A.L	de	Audi S7
A.L	de	Audi S8
A.L	de	Audi Senna
A.L	de	Audi Sport quattro
A.L	de	Audi TT
A.L	de	Audi V8
A.L	de	Audi allroad quattro
A.L	de	Audi quattro
A.L	de	Aufsichtsrat
A.L	de	Augsburg
A.L	de	Aurangabad (Maharashtra)
A.L	de	AutoMuseum Volkswagen
A.L	de	AutoUni Wolfsburg
A.L	de	Auto 5000
A.L	de	Auto Union
A.L	de	Auto Union 1000
A.L	de	Autobahn
A.L	de	Autoeuropa
A.L	de	Automobil
A.L	de	Automobilbau
A.L	de	Automobilhersteller
A.L	de	Automobili Lamborghini Holding
A.L	de	Autostadt
A.L	de	Autovision
A.L	de	Azia Avto
A.L	de	BASF
A.L	de	BMW
A.L	de	Babcock Borsig
A.L	de	Bank of China
A.L	de	Barcelona
A.L	de	Baukastenprinzip
A.L	de	Baunatal
A.L	de	Bayer AG
A.L	de	Bayerische Hypotheken- und Wechsel-Bank
A.L	de	Bayerische Vereinsbank
A.L	de	Beherrschungsvertrag
A.L	de	Beiersdorf AG
A.L	de	Belgien
A.L	de	Bentley
A.L	de	Bentley Arnage
A.L	de	Bentley Azure (2006)
A.L	de	Bentley Brooklands (1992)
A.L	de	Bentley Brooklands (2007)
A.L	de	Bentley Continental Flying Spur
A.L	de	Bentley Continental GT
A.L	de	Bentley Continental GTC
A.L	de	Bentley Continental R
A.L	de	Bentley Eight
A.L	de	Bentley Flying Spur
A.L	de	Bentley Mark VI
A.L	de	Bentley Mulsanne
A.L	de	Bentley Mulsanne (2009)
A.L	de	Bentley R-Type
A.L	de	Bentley R-Type Continental
A.L	de	Bentley S1
A.L	de	Bentley S1 Continental
A.L	de	Bentley S2
A.L	de	Bentley S2 Continental
A.L	de	Bentley S3
A.L	de	Bentley S3 Continental
A.L	de	Bentley Speed 8
A.L	de	Bentley State Limousine
A.L	de	Bentley T-Series
A.L	de	Bentley Turbo R
A.L	de	Bentley Turbo RT
A.L	de	Berlin
A.L	de	Berlin-Charlottenburg
A.L	de	Berlin-Grunewald
A.L	de	Berlin-Lehrter Eisenbahn
A.L	de	Bernd Osterloh
A.L	de	Bernd Pischetsrieder
A.L	de	Betriebsrat
A.L	de	Bilanzsumme
A.L	de	Bill Clinton
A.L	de	BlueMotion
A.L	de	Bodo Lafferentz
A.L	de	Bosnien-Herzegowina
A.L	de	Brasilien
A.L	de	Bratislava
A.L	de	Braunschweig
A.L	de	Britische Besatzungszone
A.L	de	Brüssel
A.L	de	Bugatti
A.L	de	Bugatti Automobiles
A.L	de	Bugatti Automobili
A.L	de	Bugatti EB110
A.L	de	Bugatti Veyron 16.4
A.L	de	Buick
A.L	de	Bundesautobahn 2
A.L	de	Bundesregierung (Deutschland)
A.L	de	Börse
A.L	de	CDAX
A.L	de	Cabrio
A.L	de	Cabriolet
A.L	de	Cadillac
A.L	de	Carl Hahn junior
A.L	de	Carl Hahn senior
A.L	de	Carl Zeiss (Unternehmen)
A.L	de	Chakan
A.L	de	Changchun
A.L	de	Chattanooga (Tennessee)
A.L	de	Chevrolet
A.L	de	Chrysler
A.L	de	Commerzbank
A.L	de	Completely Knocked Down
A.L	de	Computer-integrated manufacturing
A.L	de	Continental AG
A.L	de	Cooper Motor Corporation
A.L	de	Coupé
A.L	de	Crewe
A.L	de	Curitiba
A.L	de	Currywurst
A.L	de	Córdoba (Argentinien)
A.L	de	DAX
A.L	de	DDR
A.L	de	DKW
A.L	de	DKW 3=6 Monza
A.L	de	DKW F102
A.L	de	DKW F11/F12
A.L	de	DKW F89
A.L	de	DKW F91
A.L	de	DKW F93
A.L	de	DKW Junior
A.L	de	DKW Munga
A.L	de	Daimler-Benz
A.L	de	Daimler AG
A.L	de	Dead Sea Magnesium
A.L	de	Dearborn
A.L	de	Der Spiegel
A.L	de	Der Tagesspiegel
A.L	de	Detroit
A.L	de	Deutsche Arbeitsfront
A.L	de	Deutsche Bank
A.L	de	Deutsche Börse
A.L	de	Deutsche Mark
A.L	de	Deutsche Post AG
A.L	de	Deutsche Telekom
A.L	de	Deutscher Bundestag
A.L	de	Deutschland
A.L	de	Dividende
A.L	de	Dow Jones
A.L	de	Dr. Ing. h.c. F. Porsche AG
A.L	de	Dreiliterauto
A.L	de	Dresden
A.L	de	Dresdner Bank
A.L	de	Ducati
A.L	de	Ducati Motor Holding S.p.A.
A.L	de	Dürr AG
A.L	de	E.ON
A.L	de	EURO STOXX 50
A.L	de	Ein-Liter-Auto von VW
A.L	de	Einsparpotenzial
A.L	de	El Prat de Llobregat
A.L	de	Emden
A.L	de	Emil Rudolf Mewes
A.L	de	Enterprise South Industrial Park
A.L	de	Epcos
A.L	de	Erlös
A.L	de	Euro
A.L	de	Eurocar
A.L	de	Europa
A.L	de	Evonik Degussa
A.L	de	FAW-Volkswagen
A.L	de	Fallersleben (Wolfsburg)
A.L	de	Feindliche Übernahme
A.L	de	Feldmühle (Unternehmen)
A.L	de	Ferdinand Piëch
A.L	de	Ferdinand Porsche
A.L	de	Ferruccio Lamborghini
A.L	de	Fertigungstiefe
A.L	de	Fiat
A.L	de	Fiat 850
A.L	de	Fieseler Fi 103
A.L	de	Financial Times Deutschland
A.L	de	Finanzdienstleistung
A.L	de	Fließbandfertigung
A.L	de	Folker Weißgerber
A.L	de	Ford
A.L	de	Ford Galaxy
A.L	de	Francisco Javier Garcia Sanz
A.L	de	Frankfurter Allgemeine Zeitung
A.L	de	Freizeitpark
A.L	de	Fresenius (Unternehmen)
A.L	de	Fresenius Medical Care
A.L	de	Fritz Schupp
A.L	de	Frontantrieb
A.L	de	Frontmotor
A.L	de	GMC
A.L	de	GM Goodwrench
A.L	de	GM Performance Parts
A.L	de	GM Powertrain
A.L	de	Gearbox del Prat
A.L	de	Gedas
A.L	de	Geländewagen
A.L	de	Gemeinsame Normdatei
A.L	de	General Capital Group
A.L	de	General Motors
A.L	de	Generaldirektor
A.L	de	Geschichte der Bundesrepublik Deutschland (bis 1990)
A.L	de	Gesellschaft mit beschränkter Haftung (Deutschland)
A.L	de	Gewerkschaft
A.L	de	Gewinn
A.L	de	Gewährleistung
A.L	de	Gibraltar
A.L	de	Giorgio Giugiaro
A.L	de	Gläserne Manufaktur
A.L	de	Golf IV
A.L	de	Golf V
A.L	de	Greenpeace
A.L	de	Gründung (Recht)
A.L	de	Győr
A.L	de	HDAX
A.L	de	HICOM Automotive Manufacturers (Malaysia)
A.L	de	Handelsblatt
A.L	de	Handelsgesetzbuch
A.L	de	Hannover
A.L	de	Hannover Rück
A.L	de	Hannoversche Beteiligungsgesellschaft mbH
A.L	de	Hans-Joachim Selenz
A.L	de	Hans-Jürgen Uhl
A.L	de	Hans Birnbaum
A.L	de	Hartz-Konzept
A.L	de	Heckmotor
A.L	de	HeidelbergCement
A.L	de	Heinrich Nordhoff
A.L	de	Helmut Kohl
A.L	de	Henkel (Unternehmen)
A.L	de	Hermann Münch
A.L	de	Ho-Chi-Minh-Stadt
A.L	de	Hochdachkombi
A.L	de	Hoechst
A.L	de	Holden (Automarke)
A.L	de	Horch
A.L	de	Humber (Automobilmarke)
A.L	de	Hydraulische Presse
A.L	de	Hypo Real Estate
A.L	de	IAV GmbH
A.L	de	IG Metall
A.L	de	Ilseder Hütte
A.L	de	Image
A.L	de	Indien
A.L	de	IndoMobil Group
A.L	de	Indonesien
A.L	de	Infineon
A.L	de	Ingolf Viereck
A.L	de	Ingolstadt
A.L	de	Innerdeutsche Grenze
A.L	de	Insolvenz
A.L	de	International Financial Reporting Standards
A.L	de	International Securities Identification Number
A.L	de	Internationale Automobil-Ausstellung
A.L	de	Internationale Automobilausstellung
A.L	de	Israel
A.L	de	Italdesign Giugiaro
A.L	de	Italien
A.L	de	Ivan Hirst
A.L	de	Jahrbuch für Forschungen zur Geschichte der Arbeiterbewegung
A.L	de	Jahresabschluss
A.L	de	Jahresüberschuss
A.L	de	Jakarta
A.L	de	Japan
A.L	de	Jose Ignacio Lopez de Arriortua
A.L	de	Josef Ganz
A.L	de	Josef Rust
A.L	de	José Ignacio López de Arriortúa
A.L	de	Just-in-time-Produktion
A.L	de	K+S
A.L	de	KZ Arbeitsdorf
A.L	de	KaiLi
A.L	de	Kaluga
A.L	de	Karl Kohlbecker
A.L	de	Karstadt
A.L	de	Kasachstan
A.L	de	Kastenwagen
A.L	de	KdF-Wagen
A.L	de	Kenia
A.L	de	Klaus Liesen
A.L	de	Kleinbus
A.L	de	Kleine Kunstführer für Niedersachsen
A.L	de	Kleinstwagen
A.L	de	Kleintransporter
A.L	de	Kleinwagen
A.L	de	Klimaschutz
A.L	de	Kompaktklasse
A.L	de	Kompaktvan
A.L	de	Konjunktur
A.L	de	Konsortium
A.L	de	Konzentrationslager
A.L	de	Konzernabschluss
A.L	de	Kraft durch Freude
A.L	de	Kurt Lotz
A.L	de	Kvasiny
A.L	de	Lamborghini
A.L	de	Lamborghini (Traktormarke)
A.L	de	Lamborghini 350 GT
A.L	de	Lamborghini 400 GT
A.L	de	Lamborghini Artimarca
A.L	de	Lamborghini Aventador
A.L	de	Lamborghini Countach
A.L	de	Lamborghini Diablo
A.L	de	Lamborghini Espada
A.L	de	Lamborghini Gallardo
A.L	de	Lamborghini Islero
A.L	de	Lamborghini Jalpa 3500
A.L	de	Lamborghini Jarama
A.L	de	Lamborghini LM002
A.L	de	Lamborghini Miura
A.L	de	Lamborghini Murciélago
A.L	de	Lamborghini Silhouette
A.L	de	Lamborghini Urraco
A.L	de	Lancia
A.L	de	Lancia Beta
A.L	de	Landesregierung
A.L	de	Lanxess
A.L	de	Le-Mans-Prototyp
A.L	de	Lebenszyklusmanagement
A.L	de	Leerverkauf
A.L	de	Leipzig
A.L	de	Library of Congress Control Number
A.L	de	Limousine
A.L	de	Lincoln (Automarke)
A.L	de	Linde AG
A.L	de	Liên-A quốc tế
A.L	de	Logistikdienstleister
A.L	de	Luanda
A.L	de	Lufthansa
A.L	de	MAN
A.L	de	MAN Latin America
A.L	de	MAN SE
A.L	de	MLP AG
A.L	de	Malaysia
A.L	de	Manager Magazin
A.L	de	Mannesmann
A.L	de	Martin (Slowakei)
A.L	de	Martin Kremmer
A.L	de	Martin Winterkorn
A.L	de	Martorell
A.L	de	Merck KGaA
A.L	de	Mercury (Automarke)
A.L	de	Metro AG
A.L	de	Mexiko
A.L	de	Michael Macht
A.L	de	Militärregierung
A.L	de	Mitarbeiter
A.L	de	Mitbestimmungsgesetz
A.L	de	Mittelklasse
A.L	de	Mittellandkanal
A.L	de	Mittelmotor
A.L	de	Mladá Boleslav
A.L	de	Modell
A.L	de	Monaco
A.L	de	Munich Re
A.L	de	Muttergesellschaft
A.L	de	München
A.L	de	NSU Motorenwerke
A.L	de	NSU Prinz
A.L	de	NSU Ro 80
A.L	de	Nairobi
A.L	de	Nationalsozialistische Deutsche Arbeiterpartei
A.L	de	Neckarsulm
A.L	de	Nejdek
A.L	de	Niedersachsen
A.L	de	Nisax20
A.L	de	Nixdorf Computer
A.L	de	Nordamerika
A.L	de	Novellierung
A.L	de	Nürnberg
A.L	de	Obere Mittelklasse
A.L	de	Oberhausen
A.L	de	Oberklasse
A.L	de	OnStar
A.L	de	Opel
A.L	de	Opelwerk Brandenburg
A.L	de	Option (Wirtschaft)
A.L	de	Orell Füssli
A.L	de	Organisation Internationale des Constructeurs d’Automobiles (OICA)
A.L	de	Organisches Wachstum
A.L	de	Original Teile Center
A.L	de	Osnabrück
A.L	de	Pacheco (Argentinien)
A.L	de	Palmela
A.L	de	Pamplona
A.L	de	Pekan (Stadt)
A.L	de	Pennsylvania
A.L	de	Peter Hartz
A.L	de	Peter Koller (Architekt)
A.L	de	Pickup
A.L	de	Planetarium Wolfsburg
A.L	de	Plattform (Automobil)
A.L	de	Plauen
A.L	de	Polen
A.L	de	Polkowice
A.L	de	Pontiac (Automarke)
A.L	de	Porsche
A.L	de	Porsche 356
A.L	de	Porsche 550
A.L	de	Porsche 911 (1963)
A.L	de	Porsche 912
A.L	de	Porsche 914
A.L	de	Porsche 918
A.L	de	Porsche 924
A.L	de	Porsche 928
A.L	de	Porsche 930
A.L	de	Porsche 944
A.L	de	Porsche 959
A.L	de	Porsche 964
A.L	de	Porsche 968
A.L	de	Porsche 991
A.L	de	Porsche 993
A.L	de	Porsche 996
A.L	de	Porsche 997
A.L	de	Porsche AG
A.L	de	Porsche Automobil Holding
A.L	de	Porsche Boxster
A.L	de	Porsche Carrera GT
A.L	de	Porsche Cayenne
A.L	de	Porsche Cayman I
A.L	de	Porsche Cayman II
A.L	de	Porsche Holding
A.L	de	Porsche Macan
A.L	de	Volkswagen AG"><links><pl ns="0
A.L	de	Porsche Panamera
A.L	de	Portugal
A.L	de	Posen
A.L	de	Postbank
A.L	de	Preussag
A.L	de	Prime All Share
A.L	de	Prime Automobile
A.L	de	Privatisierung
A.L	de	Prototyp (Technik)
A.L	de	Public Private Partnership
A.L	de	Puebla (Stadt)
A.L	de	Qatar Holding
A.L	de	RWE
A.L	de	Racketeer Influenced and Corrupt Organizations Act
A.L	de	Rationierung
A.L	de	Rechtsform
A.L	de	Reichsmark
A.L	de	Reichswerke Hermann Göring
A.L	de	Reinhold Kopp
A.L	de	Rennsportwagen
A.L	de	Rennwagen
A.L	de	Resende (Brasilien)
A.L	de	Rheine
A.L	de	Robert Ley
A.L	de	Roboter
A.L	de	Rolls-Royce Corniche
A.L	de	Rolls-Royce Motor Cars
A.L	de	Rolls-Royce Silver Cloud
A.L	de	Rolls-Royce Silver Dawn
A.L	de	Rolls-Royce Silver Seraph
A.L	de	Rolls-Royce Silver Shadow
A.L	de	Rolls-Royce Silver Spirit
A.L	de	Rolls-Royce Silver Wraith
A.L	de	Rudolf Leiding
A.L	de	Ruhrgebiet
A.L	de	Rupert Stadler
A.L	de	Russland
A.L	de	Rückrufaktion
A.L	de	S'dom
A.L	de	SAP
A.L	de	SEAT Ibiza
A.L	de	SUV
A.L	de	Salzgitter
A.L	de	Salzgitter AG
A.L	de	Sant’Agata Bolognese
A.L	de	Sarajevo
A.L	de	Scania
A.L	de	Schulenburg (Adelsgeschlecht)
A.L	de	Seat
A.L	de	Seat 1200 Sport Coupé
A.L	de	Seat 124
A.L	de	Seat 127
A.L	de	Seat 128 3p
A.L	de	Seat 131
A.L	de	Seat 132
A.L	de	Seat 133
A.L	de	Seat 1400
A.L	de	Seat 1430
A.L	de	Seat 1500
A.L	de	Seat 600
A.L	de	Seat Alhambra I
A.L	de	Seat Alhambra II
A.L	de	Seat Altea
A.L	de	Seat Arosa
A.L	de	Seat Cordoba
A.L	de	Seat Exeo
A.L	de	Seat Fura
A.L	de	Seat Ibiza
A.L	de	Seat Inca
A.L	de	Seat Leon
A.L	de	Seat Malaga
A.L	de	Seat Marbella
A.L	de	Seat Mii
A.L	de	Seat Panda
A.L	de	Seat Ritmo
A.L	de	Seat Ronda
A.L	de	Seat Terra
A.L	de	Seat Toledo
A.L	de	Shanghai
A.L	de	Shanghai Automotive Industry Corporation
A.L	de	Shanghai Volkswagen
A.L	de	Short squeeze
A.L	de	Siemens
A.L	de	Silao
A.L	de	Sitech
A.L	de	Sitz (juristische Person)
A.L	de	Skandinaviska Enskilda Banken
A.L	de	Slowakei
A.L	de	Solomonowo
A.L	de	Sowjetische Besatzungszone
A.L	de	Sozialdemokratische Partei Deutschlands
A.L	de	Spanien
A.L	de	Sperrminorität
A.L	de	Sport Utility Vehicle
A.L	de	Sportwagen
A.L	de	Staatskarosse
A.L	de	Stammaktie
A.L	de	Standard & Poor's
A.L	de	Stephan Weil
A.L	de	Stiftung
A.L	de	Stiftung Volkswagenwerk
A.L	de	Streik
A.L	de	Streubesitz
A.L	de	Stuttgart-Zuffenhausen
A.L	de	Supersportwagen
A.L	de	Suzuki
A.L	de	São Bernardo do Campo
A.L	de	São Carlos
A.L	de	São José dos Pinhais
A.L	de	São Paulo
A.L	de	Südafrika
A.L	de	Südamerika
A.L	de	T-Systems
A.L	de	TUI
A.L	de	Tantos
A.L	de	Taubaté
A.L	de	Technologieführer
A.L	de	ThyssenKrupp
A.L	de	Tin Lizzy
A.L	de	Tokio
A.L	de	Toni Schmücker
A.L	de	Touran
A.L	de	Toyota
A.L	de	Treuhänder
A.L	de	Tschechien
A.L	de	Uitenhage
A.L	de	Ukraine
A.L	de	Ungarn
A.L	de	Untere Mittelklasse
A.L	de	Unternehmensführung
A.L	de	Urstromtal
A.L	de	VEBA
A.L	de	VIAG
A.L	de	VW-Gesetz
A.L	de	VW-Korruptionsaffäre
A.L	de	VW Amarok
A.L	de	VW Beetle
A.L	de	VW CC
A.L	de	VW Caddy
A.L	de	VW Corrado
A.L	de	VW Derby
A.L	de	VW Eos
A.L	de	VW Fox
A.L	de	VW Fridolin
A.L	de	VW Golf
A.L	de	VW Golf I
A.L	de	VW Golf II
A.L	de	VW Golf III
A.L	de	VW Golf IV
A.L	de	VW Golf Plus
A.L	de	VW Golf V
A.L	de	VW Golf VI
A.L	de	VW Golf VII
A.L	de	VW Golf Variant III
A.L	de	VW Golf Variant IV
A.L	de	VW Golf Variant V
A.L	de	VW Iltis
A.L	de	VW Jetta I
A.L	de	VW Jetta II
A.L	de	VW Jetta III
A.L	de	VW Jetta IV
A.L	de	VW Jetta V
A.L	de	VW Jetta VI
A.L	de	VW K 70
A.L	de	VW Karmann-Ghia Typ 14
A.L	de	VW Karmann-Ghia Typ 34
A.L	de	VW Käfer
A.L	de	VW Lupo
A.L	de	VW New Beetle
A.L	de	VW Passat B1
A.L	de	VW Passat B2
A.L	de	VW Passat B3
A.L	de	VW Passat B4
A.L	de	VW Passat B5
A.L	de	VW Passat B6
A.L	de	VW Passat B7
A.L	de	VW Phaeton
A.L	de	VW Polo
A.L	de	VW Polo I
A.L	de	VW Polo II
A.L	de	VW Polo III
A.L	de	VW Polo IV
A.L	de	VW Polo V
A.L	de	VW Santana
A.L	de	VW Scirocco
A.L	de	VW Sharan
A.L	de	VW Sharan I
A.L	de	VW Sharan II
A.L	de	VW T1
A.L	de	VW T2
A.L	de	VW T3
A.L	de	VW T4
A.L	de	VW T5
A.L	de	VW Taro
A.L	de	VW Tiguan
A.L	de	VW Touareg I
A.L	de	VW Touareg II
A.L	de	VW Touran
A.L	de	VW Typ 181
A.L	de	VW Typ 3
A.L	de	VW Typ 4
A.L	de	VW Typ 82
A.L	de	VW up!
A.L	de	Van (Automobil)
A.L	de	Vauxhall Motors
A.L	de	Vereinigte Staaten
A.L	de	Vereinigtes Königreich
A.L	de	Vertrauensgleitzeit
A.L	de	VfL Wolfsburg
A.L	de	Vickers
A.L	de	Vietnam
A.L	de	Virtual International Authority File
A.L	de	Volksrepublik China
A.L	de	Volkswagen
A.L	de	Volkswagen Air Service
A.L	de	Volkswagen Argentina
A.L	de	Volkswagen Bank
A.L	de	Volkswagen Coaching
A.L	de	Volkswagen Financial Services
A.L	de	Volkswagen Group Rus
A.L	de	Volkswagen Group of America Chattanooga Operations
A.L	de	Volkswagen Immobilien
A.L	de	Volkswagen India
A.L	de	Volkswagen Logistics
A.L	de	Volkswagen Marine
A.L	de	Volkswagen Motor Polska
A.L	de	Volkswagen Navarra
A.L	de	Volkswagen Nutzfahrzeuge
A.L	de	Volkswagen Original Teile Logistik
A.L	de	Volkswagen Osnabrück
A.L	de	Volkswagen Poznań
A.L	de	Volkswagen R
A.L	de	Volkswagen Sachsen
A.L	de	Volkswagen Sarajevo
A.L	de	Volkswagen Slovakia
A.L	de	Volkswagen Transmission Company
A.L	de	Volkswagen Trucks and Buses
A.L	de	Volkswagen Typ 166 Schwimmwagen
A.L	de	Volkswagen de Mexico
A.L	de	Volkswagen de México
A.L	de	Volkswagen do Angola
A.L	de	Volkswagen do Brasil
A.L	de	Volkswagen of South Africa
A.L	de	Volkswagenwerk Braunschweig
A.L	de	Volkswagenwerk Chemnitz
A.L	de	Volkswagenwerk Emden
A.L	de	Volkswagenwerk Hannover
A.L	de	Volkswagenwerk Kassel
A.L	de	Volkswagenwerk Mosel
A.L	de	Volkswagenwerk Salzgitter
A.L	de	Volkswagenwerk Wolfsburg
A.L	de	Vorstand
A.L	de	Vorstandsvorsitzender
A.L	de	Vorzugsaktie
A.L	de	Vrchlabí
A.L	de	Wandelanleihe
A.L	de	Wanderer (Unternehmen)
A.L	de	Wasserkühlung
A.L	de	Website
A.L	de	Wehrmacht
A.L	de	Weltkonzern
A.L	de	Wertpapiererwerbs- und Übernahmegesetz
A.L	de	Westmoreland County (Pennsylvania)
A.L	de	Wirtschaftswunder
A.L	de	Wirtschaftszweig
A.L	de	Wolfgang Porsche
A.L	de	Wolfsburg
A.L	de	Wolfsburg (Schloss)
A.L	de	Wolfsburg AG
A.L	de	XETRA
A.L	de	Zeit des Nationalsozialismus
A.L	de	Zell am See
A.L	de	Zwangsarbeit
A.L	de	Zweiter Weltkrieg
A.L	de	Ô tô Thế giới
A.L	de	Öskemen
A.L	de	ŠkodaAuto India
A.L	de	Škoda 100
A.L	de	Škoda 1000 MB
A.L	de	Škoda 1101 OHC
A.L	de	Škoda 1101 Tudor
A.L	de	Škoda 110 R
A.L	de	Škoda 1200
A.L	de	Škoda 1201
A.L	de	Škoda 1202
A.L	de	Škoda 1203
A.L	de	Škoda 440
A.L	de	Škoda 450
A.L	de	Škoda 742
A.L	de	Škoda Auto
A.L	de	Škoda Citigo
A.L	de	Škoda F3
A.L	de	Škoda Fabia I
A.L	de	Škoda Fabia II
A.L	de	Škoda Favorit
A.L	de	Škoda Felicia
A.L	de	Škoda Garde
A.L	de	Škoda Octavia I
A.L	de	Škoda Octavia II
A.L	de	Škoda Octavia III
A.L	de	Škoda Rapid (1984)
A.L	de	Škoda Rapid (2011)
A.L	de	Škoda Rapid (2012)
A.L	de	Škoda Roomster
A.L	de	Škoda Sport
A.L	de	Škoda Superb (1934)
A.L	de	Škoda Superb I
A.L	de	Škoda Superb II
A.L	de	Škoda VOS
A.L	de	Škoda Yeti
B.L	fi	Aasia
B.L	fi	Afrikka
B.L	fi	Ala-Saksi
B.L	fi	Angola
B.L	fi	Argentiina
B.L	fi	Audi
B.L	fi	Auto Union
B.L	fi	Barcelona
B.L	fi	Belgia
B.L	fi	Bentley
B.L	fi	Bosnia ja Hertsegovina
B.L	fi	Brasilia
B.L	fi	Bratislava
B.L	fi	Braunschweig
B.L	fi	Bryssel
B.L	fi	Bugatti
B.L	fi	Changchun
B.L	fi	Chattanooga
B.L	fi	Chemnitz
B.L	fi	Crewe
B.L	fi	Curitiba
B.L	fi	Córdoba
B.L	fi	DKW
B.L	fi	Dresden
B.L	fi	Emden
B.L	fi	Espanja
B.L	fi	Etelä-Afrikka
B.L	fi	Etelä-Amerikka
B.L	fi	Eurooppa
B.L	fi	Ferdinand Porsche
B.L	fi	Győr
B.L	fi	Hannover
B.L	fi	History of Volkswagen in Ireland
B.L	fi	Horch
B.L	fi	Hồ Chí Minhin kaupunki
B.L	fi	IAV
B.L	fi	Indonesia
B.L	fi	Ingolstadt
B.L	fi	Intia
B.L	fi	Israel
B.L	fi	Italia
B.L	fi	Jakarta
B.L	fi	Japani
B.L	fi	Kaluga
B.L	fi	Kassel
B.L	fi	Kazakstan
B.L	fi	Kenia
B.L	fi	Kiina
B.L	fi	Kraft durch Freude
B.L	fi	Kvasiny
B.L	fi	Lamborghini
B.L	fi	Liittoutuneet
B.L	fi	Luanda
B.L	fi	MAN (yritys)
B.L	fi	Malesia
B.L	fi	Martorell
B.L	fi	Meksiko
B.L	fi	Mladá Boleslav
B.L	fi	NSU
B.L	fi	Nairobi
B.L	fi	Neckarsulm
B.L	fi	Pacheco
B.L	fi	Palmela
B.L	fi	Pamplona
B.L	fi	Pohjois-Amerikka
B.L	fi	Polkowice
B.L	fi	Porsche
B.L	fi	Portugali
B.L	fi	Poznań
B.L	fi	Puebla de Zaragoza
B.L	fi	Puola
B.L	fi	Quattro GmbH
B.L	fi	SEAT
B.L	fi	Saksa
B.L	fi	Salzgitter
B.L	fi	Sant'Agata-Bolognese
B.L	fi	Sao Bernardo do Campo
B.L	fi	Sarajevo
B.L	fi	Scania
B.L	fi	Shanghai
B.L	fi	Slovakia
B.L	fi	Suzuki
B.L	fi	São Carlos
B.L	fi	Taubaté
B.L	fi	Tennessee
B.L	fi	Toinen maailmansota
B.L	fi	Tokio
B.L	fi	Tšekki
B.L	fi	UBS
B.L	fi	Uitenhage
B.L	fi	Unkari
B.L	fi	VW Electronics Research Laboratory
B.L	fi	Venäjä
B.L	fi	Vietnam
B.L	fi	Volkswagen
B.L	fi	Volkswagen Commercial Vehicles
B.L	fi	Volkswagen Group China
B.L	fi	Volkswagen Group India
B.L	fi	Volkswagen Group of America
B.L	fi	Volkswagen Kupla
B.L	fi	Volkswagen Nutzfahrzeuge
B.L	fi	Volkswagen do Brasil
B.L	fi	Vrchlabí
B.L	fi	Wanderer (yritys)
B.L	fi	Wolfsburg
B.L	fi	Yhdistynyt kuningaskunta
B.L	fi	Yhdysvallat
B.L	fi	Zwickau
B.L	fi	Öskemen
B.L	fi	Škoda Auto
B.L	fr	10 décembre
B.L	fr	16 novembre
B.L	fr	18 décembre
B.L	fr	1937
B.L	fr	1986
B.L	fr	1991
B.L	fr	1998
B.L	fr	1999
B.L	fr	2003
B.L	fr	2004
B.L	fr	2007
B.L	fr	2008
B.L	fr	2009
B.L	fr	23 juillet
B.L	fr	25 octobre
B.L	fr	3 mars
B.L	fr	3e Reich
B.L	fr	Adidas
B.L	fr	Allemagne
B.L	fr	Allianz
B.L	fr	Alsace
B.L	fr	Ashok Leyland
B.L	fr	Astra SpA
B.L	fr	Audi
B.L	fr	Audi 80
B.L	fr	Auto Union
B.L	fr	Automobile
B.L	fr	BASF
B.L	fr	Basse-Saxe
B.L	fr	Bayer (entreprise)
B.L	fr	Bayerische Motoren Werke
B.L	fr	Beiersdorf
B.L	fr	Belgique
B.L	fr	Bentley Motors
B.L	fr	BharatBenz
B.L	fr	Bugatti
B.L	fr	Camion
B.L	fr	Carrozzeria Ghia
B.L	fr	Chang'an Automobile
B.L	fr	Chef d'entreprise
B.L	fr	Chevrolet
B.L	fr	Chief executive officer
B.L	fr	Chiffre d'affaires
B.L	fr	Chrysler
B.L	fr	Commerzbank
B.L	fr	Constructeur automobile
B.L	fr	Continental AG
B.L	fr	DAF (entreprise)
B.L	fr	DAX
B.L	fr	DKW
B.L	fr	Daimler (entreprise)
B.L	fr	Deutsche Bank
B.L	fr	Deutsche Börse
B.L	fr	Deutsche Post
B.L	fr	Deutsche Telekom
B.L	fr	Dodge
B.L	fr	Dongfeng Motor Corporation
B.L	fr	Ducati
B.L	fr	Décembre 2009
B.L	fr	E.ON
B.L	fr	Eicher (Fabricant)
B.L	fr	Entreprise nationale des véhicules industriels
B.L	fr	Espagne
B.L	fr	Euro
B.L	fr	Europe
B.L	fr	ExxonMobil
B.L	fr	FAW Group
B.L	fr	Ferdinand Piëch
B.L	fr	Ferdinand Porsche
B.L	fr	Fiat
B.L	fr	Fiat Group
B.L	fr	Fiat V.I.
B.L	fr	Filiale
B.L	fr	Ford
B.L	fr	Ford T
B.L	fr	France
B.L	fr	Freightliner LLC
B.L	fr	Fresenius
B.L	fr	Fresenius Medical Care
B.L	fr	GAZ (entreprise)
B.L	fr	GMC
B.L	fr	GM Daewoo
B.L	fr	Geely
B.L	fr	General Motors
B.L	fr	Grande-Bretagne
B.L	fr	HeidelbergCement
B.L	fr	Henkel
B.L	fr	Hino Motors
B.L	fr	Honda
B.L	fr	Hongyan
B.L	fr	Horch
B.L	fr	Hyundai
B.L	fr	Hyundai Motor
B.L	fr	IVECO
B.L	fr	Infineon Technologies
B.L	fr	International trucks
B.L	fr	Isuzu
B.L	fr	Italie
B.L	fr	Japon
B.L	fr	Juillet 2004
B.L	fr	Juillet 2009
B.L	fr	K+S
B.L	fr	KamAZ
B.L	fr	Karmann
B.L	fr	Kenworth
B.L	fr	Lamborghini
B.L	fr	Lanxess
B.L	fr	Le Soir
B.L	fr	LeasePlan
B.L	fr	Leyland
B.L	fr	Linde AG
B.L	fr	Liste des constructeurs automobiles
B.L	fr	Lufthansa
B.L	fr	Länder de l'Allemagne
B.L	fr	MAN (constructeur)
B.L	fr	MAZ
B.L	fr	Mack Trucks
B.L	fr	Mars 2008
B.L	fr	Martin Winterkorn
B.L	fr	Maruti
B.L	fr	Mazda (automobiles)
B.L	fr	Mercedes-Benz
B.L	fr	Merck KGaA
B.L	fr	Mitsubishi Fuso Truck and Bus Corporation
B.L	fr	Mitsubishi Motors
B.L	fr	Moteur diesel
B.L	fr	Motos
B.L	fr	Mubadala
B.L	fr	Munich Re
B.L	fr	Mur de Berlin
B.L	fr	NSU
B.L	fr	NSU Motorenwerke AG
B.L	fr	Navistar International
B.L	fr	Neoplan
B.L	fr	Nissan
B.L	fr	Novembre 2007
B.L	fr	Octobre 2008
B.L	fr	Olayan
B.L	fr	Opel
B.L	fr	PDG
B.L	fr	PSA Peugeot Citroën
B.L	fr	Paccar
B.L	fr	Peterbilt
B.L	fr	Petites voitures
B.L	fr	Porsche
B.L	fr	Porsche Cayenne
B.L	fr	Propulsion (automobile)
B.L	fr	Qatar
B.L	fr	RWE
B.L	fr	Renault
B.L	fr	Renault Trucks
B.L	fr	Restructuration
B.L	fr	Rolls-Royce Motor Cars
B.L	fr	République populaire de Chine
B.L	fr	République tchèque
B.L	fr	Résultat net
B.L	fr	SAP (entreprise)
B.L	fr	Scania
B.L	fr	Seat
B.L	fr	Secteur d'activité
B.L	fr	Siemens (entreprise)
B.L	fr	Site web
B.L	fr	Siège social
B.L	fr	Slogan publicitaire
B.L	fr	Société anonyme
B.L	fr	Sterling Trucks
B.L	fr	Suzuki
B.L	fr	Suède
B.L	fr	Tata Daewoo Commercial Vehicle
B.L	fr	Tata Group
B.L	fr	Tata Motors
B.L	fr	Tatra (entreprise)
B.L	fr	ThyssenKrupp
B.L	fr	Toyota
B.L	fr	Toyota (entreprise)
B.L	fr	Toyota Motorsport
B.L	fr	Traction (automobile)
B.L	fr	UD Trucks
B.L	fr	Unimog
B.L	fr	UralAZ
B.L	fr	Usine
B.L	fr	Volkswagen
B.L	fr	Volkswagen Golf
B.L	fr	Volkswagen Nutzfahrzeuge
B.L	fr	Volkswagen Passat
B.L	fr	Volkswagen Scirocco
B.L	fr	Volkswagen Touareg
B.L	fr	Volvo
B.L	fr	Véhicule utilitaire
B.L	fr	Western Star
B.L	fr	Wolfsbourg
B.L	fr	Wolfsburg
B.L	fr	Yen
B.L	fr	Zavod Imeni Likhacheva
B.L	fr	Škoda Auto
B.L	fr	Wikipédia:Citez vos sources
B.L	fr	Wikipédia:Vérifiabilité
B.L	fr	Modèle:Country data Allemagne
B.L	fr	Modèle:Country data Corée du Sud
B.L	fr	Modèle:Country data Inde
B.L	fr	Modèle:Country data Italie
B.L	fr	Modèle:Country data Japon
B.L	fr	Modèle:Country data Russie
B.L	fr	Modèle:Country data Suède
B.L	fr	Modèle:Country data États-Unis
B.L	fr	Modèle:Infobox Société
B.L	fr	Modèle:Palette Constructeurs automobiles
B.L	fr	Modèle:Palette Constructeurs camions
B.L	fr	Modèle:Palette DAX
B.L	fr	Modèle:Palette Groupe Volkswagen
B.L	fr	Modèle:Refnec
B.L	fr	Modèle:Refsou
B.L	fr	Discussion modèle:Palette Constructeurs automobiles
B.L	fr	Discussion modèle:Palette Constructeurs camions
B.L	fr	Discussion modèle:Palette DAX
B.L	fr	Discussion modèle:Palette Groupe Volkswagen
B.L	fr	Aide:Homonymie
B.L	fr	Aide:Note
B.L	fr	Aide:Référence nécessaire
B.L	fr	Catégorie:Article manquant de référence depuis juillet 2008
B.L	fr	Catégorie:Entreprise par date de fondation
B.L	fr	Catégorie:Forme juridique des entreprises
B.L	fr	Catégorie:Portail:Allemagne/Articles liés
B.L	fr	Catégorie:Portail:Automobile/Articles liés
B.L	fr	Catégorie:Portail:Entreprises/Articles liés
B.L	fr	Portail:Allemagne
B.L	fr	Portail:Automobile
B.L	fr	Portail:Entreprises
B.L	he	1936
B.L	he	1937
B.L	he	1945
B.L	he	1948
B.L	he	1960
B.L	he	1985
B.L	he	2002
B.L	he	2005
B.L	he	2009
B.L	he	2011
B.L	he	4 ביולי
B.L	he	Ynet
B.L	he	אאודי
B.L	he	אופל (יצרן רכב)
B.L	he	אופנוע
B.L	he	אוקטובר
B.L	he	אירו
B.L	he	אירופה
B.L	he	בוגאטי
B.L	he	בורסת טוקיו
B.L	he	בורסת פרנקפורט
B.L	he	בנטלי
B.L	he	גרמניה
B.L	he	גרמניה הנאצית
B.L	he	גרמנית
B.L	he	דוקאטי
B.L	he	האיחוד האירופי
B.L	he	הארי טרומן
B.L	he	הצבא הבריטי
B.L	he	וולפסבורג
B.L	he	חברה ציבורית
B.L	he	חיפושית (מכונית)
B.L	he	טויוטה
B.L	he	ינואר
B.L	he	יצרני כלי רכב
B.L	he	כלכליסט
B.L	he	למבורגיני
B.L	he	מאי
B.L	he	מותג
B.L	he	מיליארד
B.L	he	מלחמת העולם השנייה
B.L	he	ממשלת בריטניה
B.L	he	משאית
B.L	he	סיאט
B.L	he	סקאניה (חברה)
B.L	he	סקודה
B.L	he	פולקסווגן
B.L	he	פולקסווגן רכב מסחרי
B.L	he	פורשה
B.L	he	פרדיננד פורשה
B.L	he	פרדיננד פייך
B.L	he	רכב מסחרי
B.L	fa	آئودی
B.L	fa	آدلر
B.L	fa	آدولف هیتلر
B.L	fa	آدیداس
B.L	fa	آرسلور میتال
B.L	fa	آلمان
B.L	fa	آلیانتس
B.L	fa	آمریکایی
B.L	fa	آنهویزر-بوش انبیو
B.L	fa	آکسا
B.L	fa	ا.آن
B.L	fa	ار وه ئه
B.L	fa	ارتش بریتانیا
B.L	fa	اروپا
B.L	fa	اس آ پ
B.L	fa	استیر
B.L	fa	اسپانیا
B.L	fa	اسکانیا
B.L	fa	اسیلور
B.L	fa	اشنایدر الکتریک
B.L	fa	اشکودا
B.L	fa	ال و ام هاش
B.L	fa	ام آ ان
B.L	fa	انل
B.L	fa	انی (شرکت)
B.L	fa	ایالات متحده آمریکا
B.L	fa	ایبردرولا
B.L	fa	ایر لیکوئید
B.L	fa	اینتسا سانپائولو
B.L	fa	ایندیتکس
B.L	fa	اینفینئون
B.L	fa	ای‌اس‌ام‌ال هولدینگ
B.L	fa	ب آ اس اف
B.L	fa	ب ام و
B.L	fa	ب ان پ پاریبا
B.L	fa	بازار بورس نیویورک
B.L	fa	بانکداری
B.L	fa	بانکو بیلبائو
B.L	fa	بایر (شرکت)
B.L	fa	بایرسدورف
B.L	fa	بریتانیا
B.L	fa	بنتلی
B.L	fa	بورس فرانکفورت
B.L	fa	بورس لندن
B.L	fa	بوگاتی
B.L	fa	بیمه
B.L	fa	تلفونیکا
B.L	fa	توتال
B.L	fa	تولید
B.L	fa	تیسن‌کروپ
B.L	fa	جبهه کارگری آلمانی
B.L	fa	جمهوری چک
B.L	fa	جنرالی
B.L	fa	جنگ جهانی دوم
B.L	fa	جهان
B.L	fa	خودرو
B.L	fa	خودروی تجاری
B.L	fa	دانون
B.L	fa	دایملر آ گ
B.L	fa	دوکاتی
B.L	fa	دویچه بانک
B.L	fa	دویچه بورزه
B.L	fa	دویچه تلکوم
B.L	fa	دویچه پست
B.L	fa	رپسول
B.L	fa	زبان آلمانی
B.L	fa	زیمنس
B.L	fa	سانتاندر گروپ
B.L	fa	سانوفی
B.L	fa	سن-گوبن
B.L	fa	سوزوکی
B.L	fa	سوسیته ژنرال
B.L	fa	سیات
B.L	fa	سی‌آراچ
B.L	fa	شابک
B.L	fa	شرکت
B.L	fa	شرکت خودروسازی اپل
B.L	fa	شرکت چندملیتی
B.L	fa	صنعت خودروسازی
B.L	fa	طراحی
B.L	fa	علم مالی
B.L	fa	غرامت جنگ
B.L	fa	فرانس تلکوم
B.L	fa	فردیناند پورشه
B.L	fa	فرزنیوس
B.L	fa	فرزنیوس مدیکال کر
B.L	fa	فولکس قورباغه‌ای
B.L	fa	فولکس‌واگن
B.L	fa	فولکس‌واگن بیتل جدید
B.L	fa	فولکس‌واگن تیپ ۲
B.L	fa	فولکس‌واگن تیپ ۳
B.L	fa	فولکس‌واگن تیپ ۴
B.L	fa	فولکس‌واگن پاسات
B.L	fa	فولکس‌واگن ۱۸۱
B.L	fa	فیلیپس
B.L	fa	لامبورگینی
B.L	fa	لانکسس
B.L	fa	لورئال
B.L	fa	لوفت‌هانزا
B.L	fa	لینده
B.L	fa	مرسدس بنز
B.L	fa	مرک
B.L	fa	مهندسی
B.L	fa	موتور توربوجت
B.L	fa	موتور درون‌سوز
B.L	fa	موتورسیکلت
B.L	fa	مکزیک
B.L	fa	میونیک ره
B.L	fa	نوکیا
B.L	fa	نیدرزاکسن
B.L	fa	هانوماگ
B.L	fa	هایدلبرگ‌سمنت
B.L	fa	هنکل
B.L	fa	وسیله نقلیه تجاری
B.L	fa	وولفسبورگ
B.L	fa	وینچی
B.L	fa	ویوندی
B.L	fa	پورشه
B.L	fa	چکسلواکی
B.L	fa	چین
B.L	fa	ژ د اف سوئز
B.L	fa	کا+اس
B.L	fa	کارخانه
B.L	fa	کارفور
B.L	fa	کومرتس‌بانک
B.L	fa	کونتیننتال آ گ
B.L	fa	گلف
B.L	fa	یورو
B.L	fa	یورو استاکس ۵۰
B.L	fa	یونیبیل-رودآمکو
B.L	fa	یونیلیور
B.L	fa	یونی‌کردیت
B.L	fa	۱۹۷۳ (میلادی)
B.L	fa	الگو:شرکت‌های دکس
B.L	fa	الگو:شرکت‌های یورو استاکس ۵۰
B.L	fa	بحث الگو:شرکت‌های دکس
B.L	fa	بحث الگو:شرکت‌های یورو استاکس ۵۰
B.L	el	1937
B.L	el	1939
B.L	el	1945
B.L	el	1948
B.L	el	1960
B.L	el	1985
B.L	el	2005
B.L	el	2008
B.L	el	2010
B.L	el	Audi
B.L	el	Bentley
B.L	el	Bugatti
B.L	el	Ducati
B.L	el	Lamborghini
B.L	el	MAN
B.L	el	Porsche
B.L	el	Quattro GmbH
B.L	el	SAAB
B.L	el	SEAT
B.L	el	Scania
B.L	el	Seat
B.L	el	Suzuki
B.L	el	VW-Porsche 914
B.L	el	VW Golf
B.L	el	Volkswagen
B.L	el	Volkswagen Amarok
B.L	el	Volkswagen Beetle
B.L	el	Volkswagen Beetle (2011)
B.L	el	Volkswagen CC
B.L	el	Volkswagen Caddy
B.L	el	Volkswagen Corrado
B.L	el	Volkswagen Crafter
B.L	el	Volkswagen Derby
B.L	el	Volkswagen Eos
B.L	el	Volkswagen Fox
B.L	el	Volkswagen Iltis
B.L	el	Volkswagen Jetta
B.L	el	Volkswagen K70
B.L	el	Volkswagen Karmann Ghia Type 14
B.L	el	Volkswagen Karmann Ghia Type 34
B.L	el	Volkswagen L80
B.L	el	Volkswagen LT
B.L	el	Volkswagen Lupo
B.L	el	Volkswagen New Beetle
B.L	el	Volkswagen Nutzfahrzeuge
B.L	el	Volkswagen Passat
B.L	el	Volkswagen Phaeton
B.L	el	Volkswagen Polo
B.L	el	Volkswagen Routan
B.L	el	Volkswagen Santana
B.L	el	Volkswagen Scirocco
B.L	el	Volkswagen Sharan
B.L	el	Volkswagen T1
B.L	el	Volkswagen T2
B.L	el	Volkswagen T3
B.L	el	Volkswagen T4
B.L	el	Volkswagen T5
B.L	el	Volkswagen Taro
B.L	el	Volkswagen Tiguan
B.L	el	Volkswagen Touareg
B.L	el	Volkswagen Touran
B.L	el	Volkswagen Type 147
B.L	el	Volkswagen Type 166
B.L	el	Volkswagen Type 181
B.L	el	Volkswagen Type 3
B.L	el	Volkswagen Type 4
B.L	el	Volkswagen Type 82
B.L	el	Volkswagen up!
B.L	el	Škoda Auto
B.L	el	Αδόλφος Χίτλερ
B.L	el	Ανώνυμη Εταιρία
B.L	el	Β' Παγκόσμιος Πόλεμος
B.L	el	Βόλφσμπουργκ
B.L	el	Γερμανία
B.L	el	Κάτω Σαξονία
B.L	el	Μεγάλη Βρετανία
B.L	el	Ναζί
B.L	el	Οκτώβριος
B.L	el	Σκαθάρι (αυτοκίνητο)
B.L	el	Τζορτζέτο Τζουτζιάρο
B.L	el	Φέρντιναντ Πόρσε
B.L	el	Πρότυπο:Volkswagen
B.L	el	Πρότυπο:Όμιλος Volkswagen
B.L	el	Συζήτηση προτύπου:Volkswagen
B.L	el	Συζήτηση προτύπου:Όμιλος Volkswagen
B.L	eo	1937
B.L	eo	28-an de majo
B.L	eo	Akcia kompanio
B.L	eo	Audi
B.L	eo	Bentley
B.L	eo	Bugatti
B.L	eo	Ducati
B.L	eo	Germanio
B.L	eo	Konzerno
B.L	eo	Lamborghini
B.L	eo	Malsupra Saksio
B.L	eo	Porsche
B.L	eo	Seat
B.L	eo	Volkswagen
B.L	eo	Wolfsburg
B.L	eo	Škoda
B.L	en	1000000000 (number)
B.L	en	2008 Summer Olympics
B.L	en	2014 Winter Olympics
B.L	en	ASML Holding
B.L	en	AXA
B.L	en	Adidas
B.L	en	Adolf Hitler
B.L	en	Air Liquide
B.L	en	Aktiengesellschaft
B.L	en	Allianz
B.L	en	Anheuser-Busch InBev
B.L	en	ArcelorMittal
B.L	en	Asset
B.L	en	Assicurazioni Generali
B.L	en	Audi
B.L	en	Audi F103
B.L	en	Auto Union
B.L	en	Automotive design
B.L	en	Automotive industry
B.L	en	Autostadt
B.L	en	BASF
B.L	en	BBVA
B.L	en	BMW
B.L	en	BNP Paribas
B.L	en	Banco Santander
B.L	en	Banking
B.L	en	Basel Stock Exchange
B.L	en	Bayer
B.L	en	Bayer AG
B.L	en	Beiersdorf
B.L	en	Bentley
B.L	en	Berlin
B.L	en	Berliner Börse
B.L	en	Bernd Pischetsrieder
B.L	en	Bloomberg L.P.
B.L	en	BlueMotion
B.L	en	Bodo Lafferentz
B.L	en	British Army
B.L	en	British Government
B.L	en	Bugatti Automobiles
B.L	en	Börse Düsseldorf
B.L	en	Börse Hannover
B.L	en	Börse München
B.L	en	Börse Stuttgart
B.L	en	CRH plc
B.L	en	Carl Hahn
B.L	en	Carrefour
B.L	en	Commercial vehicle
B.L	en	Commerzbank
B.L	en	Common stock
B.L	en	Continental AG
B.L	en	Czechoslovakia
B.L	en	D.C. United
B.L	en	DAX
B.L	en	Daimler-Benz
B.L	en	Daimler AG
B.L	en	Dampf-Kraft-Wagen
B.L	en	David Beckham Academy
B.L	en	Deutsche Bank
B.L	en	Deutsche Börse
B.L	en	Deutsche Mark
B.L	en	Deutsche Post
B.L	en	Deutsche Telekom
B.L	en	Diesel engine
B.L	en	Digifant Engine Management system
B.L	en	Direct-Shift Gearbox
B.L	en	Division (business)
B.L	en	Ducati
B.L	en	E.ON
B.L	en	ETKA
B.L	en	Earnings before interest and taxes
B.L	en	Ehra-Lessien
B.L	en	Enel
B.L	en	Eni
B.L	en	Equity (finance)
B.L	en	Ernest Breech
B.L	en	Essilor
B.L	en	Euro
B.L	en	Euro Stoxx 50
B.L	en	European Union
B.L	en	FAW-Volkswagen
B.L	en	Fallersleben
B.L	en	Ferdinand Piëch
B.L	en	Ferdinand Porsche
B.L	en	Financial Times
B.L	en	Financing
B.L	en	Fleet management
B.L	en	Ford Motor Company
B.L	en	Fortune (magazine)
B.L	en	France Télécom
B.L	en	Frankfurt Stock Exchange
B.L	en	Fresenius (company)
B.L	en	Fresenius Medical Care
B.L	en	Fuel Stratified Injection
B.L	en	Fußball-Bundesliga
B.L	en	GDF Suez
B.L	en	Geneva Stock Exchange
B.L	en	German Labour Front
B.L	en	German language
B.L	en	Germany
B.L	en	GmbH
B.L	en	Groupe Danone
B.L	en	Hannover
B.L	en	Hanover
B.L	en	HeidelbergCement
B.L	en	Heinrich Nordhoff
B.L	en	Henkel
B.L	en	History of Volkswagen in Ireland
B.L	en	Horch
B.L	en	IAV
B.L	en	Iberdrola
B.L	en	Inditex
B.L	en	Industrial plans for Germany
B.L	en	Infineon Technologies
B.L	en	Insurance
B.L	en	Internal combustion engine
B.L	en	International Standard Book Number
B.L	en	International Standard Serial Number
B.L	en	Intesa Sanpaolo
B.L	en	Italdesign Giugiaro
B.L	en	Itochu
B.L	en	Ivan Hirst
B.L	en	Jakob Werlin
B.L	en	K+S
B.L	en	Karmann
B.L	en	Kurt Lotz
B.L	en	Kübelwagen
B.L	en	L'Oréal
B.L	en	LVMH
B.L	en	Lamborghini
B.L	en	Lanxess
B.L	en	League of Ireland Premier Division
B.L	en	Leasing
B.L	en	Liga MX
B.L	en	List of North American Volkswagen engines
B.L	en	List of Volkswagen Group diesel engines
B.L	en	List of Volkswagen Group engines
B.L	en	List of Volkswagen Group factories
B.L	en	List of Volkswagen Group petrol engines
B.L	en	List of Volkswagen Group platforms
B.L	en	List of automobile manufacturers
B.L	en	List of automobile manufacturers of Germany
B.L	en	List of discontinued Volkswagen Group diesel engines
B.L	en	List of discontinued Volkswagen Group petrol engines
B.L	en	London Stock Exchange
B.L	en	Lower Saxony
B.L	en	Lufthansa
B.L	en	Luxembourg Stock Exchange
B.L	en	MAN SE
B.L	en	Major League Soccer
B.L	en	Marque
B.L	en	Martin Winterkorn
B.L	en	Merck KGaA
B.L	en	Mergers and acquisitions
B.L	en	Multinational corporation
B.L	en	Munich Re
B.L	en	NSU Motorenwerke AG
B.L	en	Neckarsulm
B.L	en	Net income
B.L	en	New York Stock Exchange
B.L	en	Nokia
B.L	en	OTC Markets Group
B.L	en	Opel
B.L	en	Option (finance)
B.L	en	Osnabrück
B.L	en	Parent company
B.L	en	People's Republic of China
B.L	en	Philips
B.L	en	Porsche
B.L	en	Porsche AG
B.L	en	Porsche Automobil Holding SE
B.L	en	Preferred stock
B.L	en	Public company
B.L	en	Puebla F.C.
B.L	en	Qatar Investment Authority
B.L	en	Quattro GmbH
B.L	en	REUTERS
B.L	en	RWE
B.L	en	Repsol S.A.
B.L	en	Rolls-Royce Motor Cars
B.L	en	Rolls-Royce Motors
B.L	en	Royal Electrical and Mechanical Engineers
B.L	en	Rudolf Leiding
B.L	en	SAP AG
B.L	en	SDI (engine)
B.L	en	SEAT
B.L	en	SIX Swiss Exchange
B.L	en	Saint-Gobain
B.L	en	Salzburg
B.L	en	Sanofi
B.L	en	Scania (company)
B.L	en	Scania AB
B.L	en	Schneider Electric
B.L	en	Schwimmwagen
B.L	en	Shanghai Volkswagen
B.L	en	Shareholder
B.L	en	Short (finance)
B.L	en	Siemens
B.L	en	Sligo Rovers F.C.
B.L	en	Société Générale
B.L	en	Sports marketing
B.L	en	Stock exchange
B.L	en	Stock split
B.L	en	Stuttgart
B.L	en	Subsidiary
B.L	en	Suzuki
B.L	en	Sweden
B.L	en	Telefónica
B.L	en	The Linde Group
B.L	en	ThyssenKrupp
B.L	en	Ticker symbol
B.L	en	Toni Schmücker
B.L	en	Total S.A.
B.L	en	Turbocharged Direct Injection
B.L	en	Types of business entity
B.L	en	UniCredit
B.L	en	Unibail-Rodamco
B.L	en	Unilever
B.L	en	Unit Injector
B.L	en	V-1 (flying bomb)
B.L	en	VAG-COM
B.L	en	VW Electronics Research Laboratory
B.L	en	VfL Wolfsburg
B.L	en	Vickers
B.L	en	Vinci (construction)
B.L	en	Vivendi
B.L	en	Volkswagen
B.L	en	Volkswagen Air Service
B.L	en	Volkswagen Beetle
B.L	en	Volkswagen Commercial Vehicles
B.L	en	Volkswagen Golf
B.L	en	Volkswagen Golf Mk1
B.L	en	Volkswagen Group Australia
B.L	en	Volkswagen Group China
B.L	en	Volkswagen Group Fleet International
B.L	en	Volkswagen Group India
B.L	en	Volkswagen Group Italia
B.L	en	Volkswagen Group Sales India
B.L	en	Volkswagen Group Supply
B.L	en	Volkswagen Group United Kingdom Ltd.
B.L	en	Volkswagen Group of America
B.L	en	Volkswagen Industrial Motor
B.L	en	Volkswagen Karmann Ghia
B.L	en	Volkswagen Law
B.L	en	Volkswagen Marine
B.L	en	Volkswagen Passat
B.L	en	Volkswagen Polo
B.L	en	Volkswagen Type 181
B.L	en	Volkswagen Type 2
B.L	en	Volkswagen Type 3
B.L	en	Volkswagen Type 4
B.L	en	Volkswagen do Brasil
B.L	en	Volkswagen of South Africa (Pty) Ltd
B.L	en	Voting share
B.L	en	Wanderer (car)
B.L	en	War reparations
B.L	en	Wertpapierkennummer
B.L	en	Wolfsburg
B.L	en	World War II
B.L	en	Škoda Auto
B.L	en	Škoda Superb
B.L	en	Wikipedia:Citation needed
B.L	en	Wikipedia:Link rot
B.L	en	Template:DAX companies
B.L	en	Template:Euro Stoxx 50 Companies
B.L	en	Template:Portal/Images/Companies
B.L	en	Template:Portal/Images/Lower saxony
B.L	en	Template:Volkswagen Group
B.L	en	Template talk:DAX companies
B.L	en	Template talk:Euro Stoxx 50 Companies
B.L	en	Template talk:Volkswagen Group
B.L	en	Category:Articles containing potentially dated statements from December 2010
B.L	en	Category:Articles containing potentially dated statements from December 2011
B.L	en	Category:Articles containing potentially dated statements from June 2012
B.L	en	Category:Articles containing potentially dated statements from September 2012
B.L	en	Category:Articles with dead external links from December 2008
B.L	en	Category:Articles with dead external links from June 2012
B.L	en	Category:Articles with dead external links from September 2010
B.L	en	Category:Articles with unsourced statements from October 2008
B.L	en	Category:Use dmy dates from October 2012
B.L	en	Category:Volkswagen Group
B.L	en	Category:Volkswagen people
B.L	en	Category:Volkswagen vehicles
B.L	en	Category:Wikipedia articles in need of updating from December 2009
B.L	en	Portal:Companies
B.L	en	Portal:Lower Saxony
B.L	et	Adidas
B.L	et	Alam-Saksi
B.L	et	Allianz
B.L	et	Audi
B.L	et	Auto
B.L	et	Auto Union
B.L	et	Autotööstus
B.L	et	BASF
B.L	et	BMW
B.L	et	Bayer
B.L	et	Beiersdorf AG
B.L	et	Bentley
B.L	et	Bugatti Automobiles S.A.S.
B.L	et	Bugatti Automobiles SAS
B.L	et	Commerzbank
B.L	et	DAX
B.L	et	DKW
B.L	et	Daimler
B.L	et	Deutsche Bank
B.L	et	Deutsche Börse
B.L	et	Deutsche Post
B.L	et	Deutsche Telekom
B.L	et	Divisjon
B.L	et	Dr. Ing. h.c. F. Porsche AG
B.L	et	E.ON
B.L	et	Euro
B.L	et	Euroopa
B.L	et	Ferdinand Piëch
B.L	et	Finantsteenused
B.L	et	Frankfurdi börs
B.L	et	Fresenius
B.L	et	Fresenius Medical Care
B.L	et	HeidelbergCement
B.L	et	Henkel
B.L	et	Horch
B.L	et	Infineon Technologies
B.L	et	Inglise keel
B.L	et	K+S
B.L	et	Kodulehekülg
B.L	et	Käive
B.L	et	Lamborghini
B.L	et	Lufthansa
B.L	et	MAN AG
B.L	et	MAN SE
B.L	et	Maailm
B.L	et	Majandusharu
B.L	et	Martin Winterkorn
B.L	et	Merck KGaA
B.L	et	Metro AG
B.L	et	Munich Re
B.L	et	NSU
B.L	et	Porsche
B.L	et	Puhaskasum
B.L	et	RWE
B.L	et	SAP
B.L	et	SEAT
B.L	et	Saksamaa
B.L	et	Scania (company)
B.L	et	Siemens
B.L	et	Teenus
B.L	et	Tegevuskasum
B.L	et	Tehas
B.L	et	The Linde Group
B.L	et	ThyssenKrupp
B.L	et	Tokyo aktsiabörs
B.L	et	Tooted
B.L	et	Töötaja
B.L	et	Tütarettevõte
B.L	et	Volkswagen
B.L	et	Volkswagen Commercial Vehicles
B.L	et	Volkswagen Group
B.L	et	Volkswagen Group Australia
B.L	et	Volkswagen Group China
B.L	et	Volkswagen Group Fleet International
B.L	et	Volkswagen Group Italia
B.L	et	Volkswagen Group Supply
B.L	et	Volkswagen Group United Kingdom Ltd.
B.L	et	Volkswagen Group of America
B.L	et	Volkswagen Leasing GmbH
B.L	et	Volkswagen Marine
B.L	et	Volkswagen do Brasil
B.L	et	Wanderer
B.L	et	Wolfsburg
B.L	et	Škoda Auto
B.L	es	1937
B.L	es	1960
B.L	es	1985
B.L	es	2010
B.L	es	2012
B.L	es	4 de julio
B.L	es	Accionista
B.L	es	Adolf Hitler
B.L	es	Aktiengesellschaft
B.L	es	Alemania
B.L	es	Audi
B.L	es	Automóviles
B.L	es	BMW
B.L	es	Baja Sajonia
B.L	es	Bentley Motors Limited
B.L	es	Bolsa de Fráncfort
B.L	es	Bolsa de Tokio
B.L	es	Bugatti
B.L	es	Ducati
B.L	es	España
B.L	es	Euro
B.L	es	Europa del Este
B.L	es	Fiat Group
B.L	es	Ford Motor Company
B.L	es	Francia
B.L	es	General Motors
B.L	es	Heinrich Nordhoff
B.L	es	Industria
B.L	es	Industria automovilística
B.L	es	Inversión
B.L	es	Italdesign Giugiaro
B.L	es	Italia
B.L	es	Julio
B.L	es	Lamborghini
B.L	es	MAN SE
B.L	es	Mercedes-Benz
B.L	es	Negocio
B.L	es	Oferta pública de adquisición
B.L	es	Opel
B.L	es	Porsche
B.L	es	Prensa escrita
B.L	es	Reino Unido
B.L	es	República Checa
B.L	es	SEAT
B.L	es	Scania
B.L	es	Segunda Guerra Mundial
B.L	es	Sitio web
B.L	es	Sociedad Anónima
B.L	es	Suecia
B.L	es	Suzuki
B.L	es	UBS AG
B.L	es	Unión Europea
B.L	es	Volkswagen
B.L	es	Volkswagen AG
B.L	es	Volkswagen Escarabajo
B.L	es	Volkswagen Vehículos Comerciales
B.L	es	Wikimedia Commons
B.L	es	Wolfsburg
B.L	es	XETRA
B.L	es	Zúrich
B.L	es	Škoda
B.L	es	€
B.L	ca	1937
B.L	ca	1945
B.L	ca	1960
B.L	ca	1985
B.L	ca	4 de juliol
B.L	ca	Adidas
B.L	ca	Aktiengesellschaft
B.L	ca	Alemanya
B.L	ca	Alemanya nazi
B.L	ca	Allianz
B.L	ca	Audi
B.L	ca	BASF
B.L	ca	BMW
B.L	ca	Bandera d'Alemanya
B.L	ca	Bandera de Germany
B.L	ca	Bayer
B.L	ca	Beiersdorf
B.L	ca	Bentley
B.L	ca	Borsa de Frankfurt
B.L	ca	Bugatti
B.L	ca	Bugatti Automobiles S.A.S.
B.L	ca	Commerzbank
B.L	ca	DAX
B.L	ca	Daimler AG
B.L	ca	Deutsche Bank
B.L	ca	Deutsche Börse
B.L	ca	Deutsche Post
B.L	ca	Deutsche Telekom
B.L	ca	Divisió (negocis)
B.L	ca	E.ON
B.L	ca	Euro
B.L	ca	Europa de l'Est
B.L	ca	Ferdinand Piëch
B.L	ca	Filial
B.L	ca	Fresenius Medical Care
B.L	ca	Fresenius SE
B.L	ca	Germany
B.L	ca	Heinrich Nordhoff
B.L	ca	Henkel
B.L	ca	Infineon Technologies
B.L	ca	Ingressos nets
B.L	ca	Itàlia
B.L	ca	Juliol
B.L	ca	K+S
B.L	ca	Lamborghini
B.L	ca	Lufthansa
B.L	ca	MAN SE
B.L	ca	Martin Winterkorn
B.L	ca	Mercedes-Benz
B.L	ca	Merck KGaA
B.L	ca	Metro AG
B.L	ca	Munich Re
B.L	ca	Negoci
B.L	ca	Oferta pública d'adquisició
B.L	ca	Opel
B.L	ca	Porsche
B.L	ca	Premsa
B.L	ca	President
B.L	ca	Producte (màrqueting)
B.L	ca	RWE
B.L	ca	SAP AG
B.L	ca	SEAT
B.L	ca	Salzgitter AG
B.L	ca	Scania (company)
B.L	ca	Segona Guerra Mundial
B.L	ca	Siemens AG
B.L	ca	Skoda
B.L	ca	The Linde Group
B.L	ca	ThyssenKrupp
B.L	ca	Tipus d'entitat empresarial
B.L	ca	Unió Europea
B.L	ca	Volkswagen
B.L	ca	Volkswagen Commercial Vehicles
B.L	ca	Volkswagen Escarabat
B.L	ca	Volkswagen Group
B.L	ca	Volkswagen Group Australia
B.L	ca	Volkswagen Group China
B.L	ca	Volkswagen Group Fleet International
B.L	ca	Volkswagen Group Italia
B.L	ca	Volkswagen Group Supply
B.L	ca	Volkswagen Group United Kingdom Ltd.
B.L	ca	Volkswagen Group of America
B.L	ca	Volkswagen Leasing GmbH
B.L	ca	Volkswagen Marine
B.L	ca	Volkswagen do Brasil
B.L	ca	Wolfsburg
B.L	ca	Škoda Auto
B.L	ca	Plantilla:Bandera/Alemanya
B.L	ca	Plantilla:Bandera/Germany
B.L	ca	Plantilla:Empreses DAX
B.L	bs	2009
B.L	bs	2011
B.L	bs	7. decembra
B.L	bs	Afrika
B.L	bs	Argentina
B.L	bs	Audi
B.L	bs	Aurangabad (Maharashtra)
B.L	bs	Automobil
B.L	bs	Azija
B.L	bs	Barcelona
B.L	bs	Belgija
B.L	bs	Bentley
B.L	bs	Bosna i Hercegovina
B.L	bs	Bratislava
B.L	bs	Braunschweig
B.L	bs	Brazil
B.L	bs	Bruxelles
B.L	bs	Bugatti
B.L	bs	Carmeq GmbH
B.L	bs	Changchun
B.L	bs	Chattanooga, Tennessee
B.L	bs	Chemnitz
B.L	bs	Crewe
B.L	bs	Curitiba
B.L	bs	Córdoba (Argentina)
B.L	bs	Donja Saska
B.L	bs	Dresden
B.L	bs	El Prat de Llobregat
B.L	bs	Emden
B.L	bs	Euro
B.L	bs	Europa
B.L	bs	Europcar
B.L	bs	Gedas
B.L	bs	Hannover
B.L	bs	Hannoversche Beteiligungsgesellschaft mbH
B.L	bs	Indija
B.L	bs	Ingolstadt
B.L	bs	Italija
B.L	bs	Izrael
B.L	bs	Jura (Mađarska)
B.L	bs	Južna Amerika
B.L	bs	Južnoafrička Republika
B.L	bs	Kaluga
B.L	bs	Kassel
B.L	bs	Katar
B.L	bs	Kina
B.L	bs	Kvasiny
B.L	bs	Lamborghini
B.L	bs	Logistika
B.L	bs	MAN SE
B.L	bs	Martin Winterkorn
B.L	bs	Martorell
B.L	bs	Mađarska
B.L	bs	Meksiko
B.L	bs	Mladá Boleslav
B.L	bs	Neckarsulm
B.L	bs	Njemačka
B.L	bs	Pacheco
B.L	bs	Palmela
B.L	bs	Pamplona
B.L	bs	Poljska
B.L	bs	Polkowice
B.L	bs	Porsche
B.L	bs	Porsche Automobil Holding
B.L	bs	Porsche Holding
B.L	bs	Portugal
B.L	bs	Poznań
B.L	bs	Puebla (Stadt)
B.L	bs	Resende
B.L	bs	Rusija
B.L	bs	SAD
B.L	bs	SEAT
B.L	bs	Salzgitter
B.L	bs	Sant'Agata-Bolognese
B.L	bs	Sarajevo
B.L	bs	Scania
B.L	bs	Seat
B.L	bs	Shanghai
B.L	bs	Sjeverna Amerika
B.L	bs	Slovačka
B.L	bs	S´dom
B.L	bs	São Bernardo do Campo
B.L	bs	São Carlos
B.L	bs	T-Systems
B.L	bs	Taubaté
B.L	bs	Uitenhage
B.L	bs	Ujedinjeno Kraljevstvo
B.L	bs	Volkswagen
B.L	bs	Volkswagen Air Service
B.L	bs	Volkswagen Bank
B.L	bs	Volkswagen Financial Services AG
B.L	bs	Volkswagen Leasing
B.L	bs	Volkswagen Marine
B.L	bs	Volkswagen Nutzfahrzeuge
B.L	bs	Volkswagen Versicherungsdienst
B.L	bs	Vrchlabí
B.L	bs	Wolfsburg
B.L	bs	Zwickau
B.L	bs	Češka
B.L	bs	Škoda
B.L	bs	Škoda Auto
B.L	bs	Španija
B.L	bs	Wikipedia:Citiranje izvora
B.L	bs	Šablon:Volkswagen grupa
B.L	bs	Razgovor o šablonu:Volkswagen grupa
B.L	br	18 a viz Kerzu
B.L	br	1937
B.L	br	1969
B.L	br	1986
B.L	br	1991
B.L	br	1998
B.L	br	1999
B.L	br	2003
B.L	br	2009
B.L	br	Alamagn
B.L	br	Alamaneg
B.L	br	Audi
B.L	br	Auto Union
B.L	br	Bentley Motors
B.L	br	Bugatti
B.L	br	DKW
B.L	br	Elzas
B.L	br	Frañs
B.L	br	Horch
B.L	br	Italia
B.L	br	Lamborghini
B.L	br	Land
B.L	br	MAN (embregerezh)
B.L	br	NSU
B.L	br	Porched:Alamagn
B.L	br	Porsche
B.L	br	Qatar
B.L	br	Republik Tchek
B.L	br	Rolls-Royce Motor Cars
B.L	br	Rouantelezh-Unanet
B.L	br	Saks-Izel
B.L	br	Scania
B.L	br	Seat
B.L	br	Spagn
B.L	br	Suzuki
B.L	br	Sveden
B.L	br	Volkswagen
B.L	br	Wanderer
B.L	br	Wolfsburg
B.L	br	Škoda Auto
B.L	bg	Audi
B.L	bg	Auto Union
B.L	bg	Bentley Motors Limited
B.L	bg	Bugatti
B.L	bg	DKW
B.L	bg	Horch
B.L	bg	Lamborghini
B.L	bg	NSU Motorenwerke AG
B.L	bg	SEAT
B.L	bg	Scania
B.L	bg	Skoda Auto
B.L	bg	Volkswagen
B.L	bg	Volkswagen Commercial Vehicles
B.L	bg	Wanderer
B.L	bg	Волфсбург
B.L	bg	Германия
B.L	bg	Долна Саксония
B.L	bg	Испания
B.L	bg	Италия
B.L	bg	Обединено кралство Великобритания и Северна Ирландия
B.L	bg	Предприятие
B.L	bg	Франция
B.L	bg	Чехия
B.L	bg	Швеция
B.L	bg	Уикипедия:Мъниче
B.L	be	1937
B.L	be	2008 год
B.L	be	2009
B.L	be	AXA
B.L	be	Adidas
B.L	be	Aegon
B.L	be	Air Liquide
B.L	be	Aktiengesellschaft
B.L	be	Alcatel-Lucent
B.L	be	Allianz
B.L	be	ArcelorMittal
B.L	be	Assicurazioni Generali
B.L	be	Audi AG
B.L	be	Automobili Lamborghini S.p.A
B.L	be	Autostadt
B.L	be	BASF
B.L	be	BBVA
B.L	be	BMW
B.L	be	BNP Paribas
B.L	be	Bayer
B.L	be	Beiersdorf
B.L	be	Bentley Motors Ltd.
B.L	be	Bertrandt
B.L	be	Bugatti Automobiles S.A.S.
B.L	be	Carrefour
B.L	be	Commerzbank
B.L	be	Crédit Agricole
B.L	be	DAX
B.L	be	Daimler
B.L	be	Danone
B.L	be	Deutsche Bank
B.L	be	Deutsche Börse
B.L	be	Deutsche Post
B.L	be	Deutsche Telekom
B.L	be	Dow Jones Euro Stoxx 50
B.L	be	E.ON
B.L	be	ENEL
B.L	be	Eni
B.L	be	Fortis
B.L	be	Fortune Global 500
B.L	be	France Télécom
B.L	be	Fresenius
B.L	be	Fresenius SE
B.L	be	GDF Suez
B.L	be	Grupo Santander
B.L	be	Hannover Re
B.L	be	Henkel
B.L	be	ING Groep N.V.
B.L	be	Iberdrola
B.L	be	Intesa Sanpaolo
B.L	be	K+S
B.L	be	L'Oréal
B.L	be	LVMH
B.L	be	Lufthansa
B.L	be	MAN
B.L	be	Merck KGaA
B.L	be	Metro AG
B.L	be	Munich Re
B.L	be	Nokia
B.L	be	Philips
B.L	be	Porsche 914
B.L	be	RWE
B.L	be	Renault
B.L	be	Repsol YPF
B.L	be	SAP
B.L	be	SEAT S.A.
B.L	be	Saint-Gobain
B.L	be	Salzgitter AG
B.L	be	Sanofi-Aventis
B.L	be	Scania AB
B.L	be	Schneider Electric
B.L	be	Siemens
B.L	be	Skoda Auto a.s.
B.L	be	Société Générale
B.L	be	Telecom Italia
B.L	be	Telefónica
B.L	be	The Linde Group
B.L	be	ThyssenKrupp
B.L	be	Total
B.L	be	UniCredit
B.L	be	Unilever
B.L	be	VW Amarok
B.L	be	VW Beetle
B.L	be	VW Bora
B.L	be	VW CC
B.L	be	VW Caddy
B.L	be	VW Corrado
B.L	be	VW Derby
B.L	be	VW Eos
B.L	be	VW Fox
B.L	be	VW Fridolin
B.L	be	VW Golf I
B.L	be	VW Golf II
B.L	be	VW Golf III
B.L	be	VW Golf IV
B.L	be	VW Golf Plus
B.L	be	VW Golf V
B.L	be	VW Golf VI
B.L	be	VW Golf VII
B.L	be	VW Iltis
B.L	be	VW Jetta
B.L	be	VW K 70
B.L	be	VW Karmann-Ghia Typ 14
B.L	be	VW Karmann-Ghia Typ 34
B.L	be	VW Käfer
B.L	be	VW Lupo
B.L	be	VW New Beetle
B.L	be	VW Passat
B.L	be	VW Phaeton
B.L	be	VW Polo
B.L	be	VW Santana
B.L	be	VW Scirocco
B.L	be	VW Sharan I
B.L	be	VW Sharan II
B.L	be	VW T1
B.L	be	VW T2
B.L	be	VW T3
B.L	be	VW T4
B.L	be	VW T5
B.L	be	VW Taro
B.L	be	VW Tiguan
B.L	be	VW Touareg
B.L	be	VW Touran
B.L	be	VW Typ 181
B.L	be	VW Typ 3
B.L	be	VW Typ 4
B.L	be	VW Vento
B.L	be	VW up!
B.L	be	Vinci
B.L	be	Vivendi
B.L	be	Volkswagen
B.L	be	Volkswagen Jetta
B.L	be	Volkswagen Marine
B.L	be	Volkswagen Polo
B.L	be	Volkswagen Scirocco
B.L	be	Volkswagen Touran
B.L	be	Акцыянернае таварыства
B.L	be	Аўтамабілебудаванне
B.L	be	Аўтамабіль
B.L	be	Вольфсбург
B.L	be	Выручка
B.L	be	Германская аўтамабільная асацыяцыя
B.L	be	Германія
B.L	be	Камерцыйны аўтамабіль
B.L	be	Легкавы аўтамабіль
B.L	be	Лістынг, эканоміка
B.L	be	Ніжняя Саксонія
B.L	be	Прадукт, бізнес
B.L	be	Сайт
B.L	be	Франкфурцкая фондавая біржа
B.L	be	Чысты прыбытак
B.L	be	Юрыдычная асоба
B.L	da	1937
B.L	da	1980'erne
B.L	da	2005
B.L	da	28. maj
B.L	da	Adidas
B.L	da	Aktieselskab
B.L	da	Allianz
B.L	da	Audi
B.L	da	Audi A3
B.L	da	Automobil
B.L	da	BASF
B.L	da	BMW
B.L	da	Bayer
B.L	da	Beiersdorf AG
B.L	da	Bentley
B.L	da	Bil
B.L	da	Bugatti
B.L	da	Bus
B.L	da	Commerzbank
B.L	da	Continental AG
B.L	da	DAX
B.L	da	Daimler AG
B.L	da	Deutsche Bank
B.L	da	Deutsche Börse
B.L	da	Deutsche Post
B.L	da	Deutsche Telekom
B.L	da	E.ON
B.L	da	Fresenius Medical Care
B.L	da	Fresenius SE
B.L	da	HeidelbergCement
B.L	da	Henkel
B.L	da	Hovedkvarter
B.L	da	Infineon Technologies
B.L	da	K+S
B.L	da	Konglomerat (virksomhed)
B.L	da	Lamborghini
B.L	da	Lanxess
B.L	da	Lastbil
B.L	da	Linde AG
B.L	da	Lufthansa
B.L	da	Medarbejder
B.L	da	Merck KGaA
B.L	da	Munich Re
B.L	da	Omsætning
B.L	da	Porsche
B.L	da	Porsche Holding
B.L	da	Produkt (marketing)
B.L	da	RWE
B.L	da	SAP AG
B.L	da	SEAT Altea
B.L	da	SEAT León
B.L	da	SEAT Toledo
B.L	da	Seat
B.L	da	Selskabsform
B.L	da	Siemens AG
B.L	da	ThyssenKrupp
B.L	da	Tyskland
B.L	da	Volkswagen
B.L	da	Volkswagen Golf
B.L	da	Volkswagen Passat
B.L	da	Websted
B.L	da	Wolfsburg
B.L	da	Škoda Auto
B.L	da	Škoda Octavia
B.L	cy	1937
B.L	cy	Adran (busnes)
B.L	cy	Aktiengesellschaft
B.L	cy	Asedau
B.L	cy	Audi
B.L	cy	Bentley
B.L	cy	Brand
B.L	cy	Bugatti Automobiles
B.L	cy	Bwrdd cyfarwyddwyr
B.L	cy	Byd
B.L	cy	Cadeirydd
B.L	cy	Car
B.L	cy	Cerbyd masnachol
B.L	cy	Cerbydau Masnachol Volkswagen
B.L	cy	Cerbydau masnachol
B.L	cy	Cwmni cyhoeddus
B.L	cy	Cyflogaeth
B.L	cy	Cymraeg
B.L	cy	Cynnyrch (busnes)
B.L	cy	David Beckham Academy
B.L	cy	Diwydiant
B.L	cy	Diwydiant ceir
B.L	cy	Dyddiad Sefydliad
B.L	cy	Euro
B.L	cy	Ewrop
B.L	cy	Ferdinand Piëch
B.L	cy	Gemau Olympaidd 2008
B.L	cy	Gwasanaethau
B.L	cy	Gwasanaethau ariannol
B.L	cy	Gwefan
B.L	cy	Gweriniaeth Pobl Tseina
B.L	cy	Gwneuthuriad
B.L	cy	History of Volkswagen in Ireland
B.L	cy	Incwm gweithredol
B.L	cy	Incwm net
B.L	cy	Is-gwmni
B.L	cy	Lamborghini
B.L	cy	MAN SE
B.L	cy	Marchnad
B.L	cy	Martin Winterkorn
B.L	cy	Mathau o gwmnïau
B.L	cy	Menter ar y cyd
B.L	cy	Modur
B.L	cy	Modur dîsl
B.L	cy	Porsche
B.L	cy	Prif weithredwr
B.L	cy	Rhiant gwmni
B.L	cy	SEAT
B.L	cy	Scania (cwmni)
B.L	cy	Sweden
B.L	cy	Tryc
B.L	cy	United Kingdom Intellectual Property Office
B.L	cy	VOW
B.L	cy	VOW3
B.L	cy	Vfl Wolfsburg
B.L	cy	Volkswagen
B.L	cy	Volkswagen Air Service
B.L	cy	Volkswagen Commercial Vehicles
B.L	cy	Volkswagen Golf
B.L	cy	Volkswagen Group Australia
B.L	cy	Volkswagen Group China
B.L	cy	Volkswagen Group Fleet International
B.L	cy	Volkswagen Group Italia
B.L	cy	Volkswagen Group Supply
B.L	cy	Volkswagen Group United Kingdom Ltd.
B.L	cy	Volkswagen Group of America
B.L	cy	Volkswagen Industrial Motor
B.L	cy	Volkswagen Marine
B.L	cy	Volkswagen do Brasil
B.L	cy	Volkswagen of South Africa (Pty) Ltd
B.L	cy	Wolfsburg
B.L	cy	Yr Almaen
B.L	cy	Škoda Auto
B.L	cs	Audi
B.L	cs	Auto Union
B.L	cs	Bentley
B.L	cs	Bugatti
B.L	cs	DKW
B.L	cs	Ekonomická krize od 2007
B.L	cs	Horch
B.L	cs	Lamborghini
B.L	cs	MAN
B.L	cs	NSU Motorenwerke AG
B.L	cs	Německo
B.L	cs	Porsche
B.L	cs	SEAT
B.L	cs	Scania
B.L	cs	Seat
B.L	cs	Volkswagen
B.L	cs	Volkswagen Group China
B.L	cs	Volkswagen Marine
B.L	cs	Volkswagen Nutzfahrzeuge
B.L	cs	Wanderer (automobil)
B.L	cs	Wikimedia Commons
B.L	cs	Čína
B.L	cs	Škoda Auto
B.L	cs	Diskuse:Volkswagen Group
B.L	cs	Wikipedie:Pahýl
B.L	nah	1937
B.L	nah	AC Cars
B.L	nah	ARO
B.L	nah	Acura
B.L	nah	Alemantlān
B.L	nah	Alfa Romeo
B.L	nah	Ascari
B.L	nah	Aston Martin
B.L	nah	Audi
B.L	nah	Australia
B.L	nah	AvtoVAZ
B.L	nah	BMW
B.L	nah	B Engineering
B.L	nah	Bentley
B.L	nah	Bristol
B.L	nah	Bugatti
B.L	nah	Buick
B.L	nah	Cadillac
B.L	nah	Caterham
B.L	nah	Caxtillān
B.L	nah	Chequia
B.L	nah	Chery
B.L	nah	Chevrolet
B.L	nah	China
B.L	nah	Chrysler
B.L	nah	Citroën
B.L	nah	Corea Huitztlāmpa
B.L	nah	Dacia
B.L	nah	Daewoo
B.L	nah	Daihatsu
B.L	nah	Daimler
B.L	nah	DeLorean
B.L	nah	De Tomaso
B.L	nah	Delfino
B.L	nah	Dodge
B.L	nah	Eagle (tepozmalacatl)
B.L	nah	Euro
B.L	nah	FAW
B.L	nah	FIAT
B.L	nah	Ferdinand Porsche
B.L	nah	Ferrari
B.L	nah	Ford
B.L	nah	Francia
B.L	nah	GAZ
B.L	nah	GMC
B.L	nah	Galloper
B.L	nah	Geely
B.L	nah	Hispano-Suiza
B.L	nah	Holden
B.L	nah	Honda
B.L	nah	Hummer
B.L	nah	Huēyolōlli
B.L	nah	Hyundai
B.L	nah	India
B.L	nah	Infiniti
B.L	nah	Isuzu
B.L	nah	Italia
B.L	nah	Jaguar
B.L	nah	Jeep
B.L	nah	Kia
B.L	nah	Koenigsegg
B.L	nah	Lamborghini
B.L	nah	Lancia
B.L	nah	Land Rover
B.L	nah	Landwind
B.L	nah	Lexus
B.L	nah	Lincoln
B.L	nah	Lotus
B.L	nah	MG
B.L	nah	Mahindra
B.L	nah	Marcos
B.L	nah	Martin Winterkorn
B.L	nah	Maserati
B.L	nah	Mastretta
B.L	nah	Maybach
B.L	nah	Mazda
B.L	nah	Mercedes-Benz
B.L	nah	Mercury
B.L	nah	Mini
B.L	nah	Mitsubishi Motors
B.L	nah	Morgan
B.L	nah	Mēxihco
B.L	nah	Nissan
B.L	nah	Noble
B.L	nah	Oldsmobile
B.L	nah	Opel
B.L	nah	Packard
B.L	nah	Pagani
B.L	nah	Panoz
B.L	nah	Peugeot
B.L	nah	Pontiac
B.L	nah	Porsche
B.L	nah	Renault
B.L	nah	Rolls-Royce
B.L	nah	Rover
B.L	nah	Rumania
B.L	nah	Rusia
B.L	nah	SAIC
B.L	nah	SEAT
B.L	nah	Saab Automobile
B.L	nah	Saleen
B.L	nah	Samsung
B.L	nah	Saturn
B.L	nah	Scania
B.L	nah	Shelby
B.L	nah	Smart
B.L	nah	SsangYong
B.L	nah	Subaru
B.L	nah	Suecia
B.L	nah	Suzuki
B.L	nah	TVR
B.L	nah	Tata
B.L	nah	Tepozmalacatl
B.L	nah	Teutontlālpan
B.L	nah	Tlacetilīlli Huēyitlahtohcāyōtl
B.L	nah	Tlacetilīlli Tlahtohcāyōtl Ixachitlān
B.L	nah	Tlachīhualiztli
B.L	nah	Tlācatiyān
B.L	nah	Tlācatlahtocāyōtl Checatl
B.L	nah	Toyota
B.L	nah	Trident (tepozmalacatl)
B.L	nah	UAZ
B.L	nah	Ultima
B.L	nah	Uro
B.L	nah	Vauxhall
B.L	nah	Venturi
B.L	nah	Volkswagen
B.L	nah	Volkswagen Beetle
B.L	nah	Volkswagen Caddy
B.L	nah	Volkswagen Combi
B.L	nah	Volkswagen Concept 1
B.L	nah	Volkswagen Concept D
B.L	nah	Volkswagen Crafter
B.L	nah	Volkswagen Derby
B.L	nah	Volkswagen Derby II
B.L	nah	Volkswagen Derby III
B.L	nah	Volkswagen Eos
B.L	nah	Volkswagen Eurovan T4
B.L	nah	Volkswagen Eurovan T5
B.L	nah	Volkswagen Fox
B.L	nah	Volkswagen Golf
B.L	nah	Volkswagen Golf II
B.L	nah	Volkswagen Golf III
B.L	nah	Volkswagen Golf IV
B.L	nah	Volkswagen Golf V
B.L	nah	Volkswagen Hormiga
B.L	nah	Volkswagen Jetta
B.L	nah	Volkswagen Jetta II
B.L	nah	Volkswagen Jetta III
B.L	nah	Volkswagen Jetta IV
B.L	nah	Volkswagen Jetta V
B.L	nah	Volkswagen Käfer
B.L	nah	Volkswagen Lupo
B.L	nah	Volkswagen Nardo
B.L	nah	Volkswagen Passat
B.L	nah	Volkswagen Passat II
B.L	nah	Volkswagen Passat III
B.L	nah	Volkswagen Passat IV
B.L	nah	Volkswagen Passat V
B.L	nah	Volkswagen Passat VI
B.L	nah	Volkswagen Phaeton
B.L	nah	Volkswagen Pointer
B.L	nah	Volkswagen Polo
B.L	nah	Volkswagen Polo II
B.L	nah	Volkswagen Polo III
B.L	nah	Volkswagen Polo IV
B.L	nah	Volkswagen Routan
B.L	nah	Volkswagen Sharan
B.L	nah	Volkswagen Tiguan
B.L	nah	Volkswagen Touareg
B.L	nah	Volkswagen Up!
B.L	nah	Volvo
B.L	nah	Wolfsburg
B.L	nah	Xapon
B.L	nah	Yes!
B.L	nah	Zhonghua
B.L	nah	Āltepētl
B.L	nah	Škoda
B.L	nah	Nemachiyōtīlli:Tepozmalacatl
B.L	nah	Nemachiyōtīlli:Volkswagen
B.L	nah	Nemachiyōtīlli tēixnāmiquiliztli:Tepozmalacatl
B.L	nah	Nemachiyōtīlli tēixnāmiquiliztli:Volkswagen
B.L	nah	Neneuhcāyōtl:Volkswagen tepozmalacatl
B.L	ar	Bernd Pischetsrieder
B.L	ar	Carl Hahn
B.L	ar	Chair (official)
B.L	ar	Euro
B.L	ar	Ferdinand Piëch
B.L	ar	Heinrich Nordhoff
B.L	ar	Ivan Hirst
B.L	ar	Kurt Lotz
B.L	ar	Lower Saxony
B.L	ar	Lسيارة
B.L	ar	Martin Winterkorn
B.L	ar	Porsche Automobil Holding SE
B.L	ar	Rudolf Leiding
B.L	ar	Toni Schmucker
B.L	ar	UBS AG
B.L	ar	آودي
B.L	ar	بنتلى
B.L	ar	بورش
B.L	ar	بوغاتي
B.L	ar	تويوتا
B.L	ar	سكانيا (شركة)
B.L	ar	سكودا أوتو
B.L	ar	سوق
B.L	ar	سيات (سيارة)
B.L	ar	شاحنة
B.L	ar	شركة
B.L	ar	صناعة المركبات
B.L	ar	فولفسبورغ
B.L	ar	فولكس فاجن
B.L	ar	قارة
B.L	ar	لامبورغيني
B.L	ar	لغة إنجليزية
B.L	ar	مليار
B.L	ar	تصنيف:بوابة:اليابان/مقالات متصلة
B.L	ar	بوابة:اليابان
B.L	no	1960-tallet
B.L	no	1970-tallet
B.L	no	1980-tallet
B.L	no	1990-tallet
B.L	no	2000-tallet
B.L	no	2008 Summer Olympics
B.L	no	Aksje deling
B.L	no	Aksjeinnehavers
B.L	no	Aktiengesellschaft
B.L	no	Audi
B.L	no	Audi F103
B.L	no	Auto Union
B.L	no	Automobil
B.L	no	BBC
B.L	no	BBC News
B.L	no	BMW
B.L	no	Basel Stock Exchange
B.L	no	Bentley
B.L	no	Berliner Börse
B.L	no	Bernd Pischetsrieder
B.L	no	Bil
B.L	no	Bildesign
B.L	no	Bilindustri
B.L	no	Bilmerker
B.L	no	Blankosalg
B.L	no	Bloomberg L.P.
B.L	no	Bodo Lafferentz
B.L	no	Bourse de Luxembourg
B.L	no	British Army
B.L	no	Bugatti Automobiles
B.L	no	Börse Düsseldorf
B.L	no	Börse Hannover
B.L	no	Börse München
B.L	no	Börse Stuttgart
B.L	no	Børs
B.L	no	Børsnotert selskap
B.L	no	Carl Hahn
B.L	no	Chief executive officer
B.L	no	D.C. United
B.L	no	DAX
B.L	no	Daimler-Benz
B.L	no	Dampf-Kraft-Wagen
B.L	no	Datterselskap
B.L	no	David Beckham Academy
B.L	no	Den andre verdenskrig
B.L	no	Den europeiske union
B.L	no	Deutsche Mark
B.L	no	Dieselmotor
B.L	no	Euro
B.L	no	Europa
B.L	no	Ferdinand Alexander Porsche
B.L	no	Ferdinand Piëch
B.L	no	Ferdinand Porsche
B.L	no	Ferry Porsche
B.L	no	Financial Times
B.L	no	Folkerepublikken Kina
B.L	no	Foretrukket aksje
B.L	no	Frankfurtbørsen
B.L	no	Frankrike
B.L	no	Fusjon
B.L	no	Fußball-Bundesliga
B.L	no	General Motors
B.L	no	Geneva Stock Exchange
B.L	no	GmbH
B.L	no	Grand tourer
B.L	no	Hamburg
B.L	no	Hannover
B.L	no	Heinrich Nordhoff
B.L	no	Historien til Volkswagen i Ireland
B.L	no	Horch
B.L	no	ISBN
B.L	no	Industrielle planer for Tyskland
B.L	no	Investor AB
B.L	no	Italdesign Giugiaro
B.L	no	Italia
B.L	no	Ivan Hirst
B.L	no	Jakob Werlin
B.L	no	Joint venture
B.L	no	Karmann
B.L	no	Knut och Alice Wallenbergs Stiftelse
B.L	no	Kurt Lotz
B.L	no	Lamborghini
B.L	no	Lastebil
B.L	no	Liste over Porsche-motorer
B.L	no	London Stock Exchange
B.L	no	MAN SE
B.L	no	Major League Soccer
B.L	no	Marked
B.L	no	Marque
B.L	no	Martin Winterkorn
B.L	no	Matthias Müller (forretningsmann)
B.L	no	Moderselskap
B.L	no	NSU Motorenwerke AG
B.L	no	Nazistiske
B.L	no	New York Stock Exchange
B.L	no	Niedersachsen
B.L	no	Nyttekjøretøy
B.L	no	Opel
B.L	no	Opsjon (finans)
B.L	no	Osnabrück
B.L	no	Porsche
B.L	no	Porsche 114
B.L	no	Porsche 356
B.L	no	Porsche 356/1
B.L	no	Porsche 360
B.L	no	Porsche 550
B.L	no	Porsche 64
B.L	no	Porsche 695
B.L	no	Porsche 718
B.L	no	Porsche 787
B.L	no	Porsche 804
B.L	no	Porsche 901
B.L	no	Porsche 904
B.L	no	Porsche 906
B.L	no	Porsche 907
B.L	no	Porsche 908
B.L	no	Porsche 909
B.L	no	Porsche 910
B.L	no	Porsche 911
B.L	no	Porsche 911 GT1
B.L	no	Porsche 911 GT2
B.L	no	Porsche 911 GT3
B.L	no	Porsche 912
B.L	no	Porsche 914
B.L	no	Porsche 914-6 GT
B.L	no	Porsche 917
B.L	no	Porsche 924
B.L	no	Porsche 928
B.L	no	Porsche 934
B.L	no	Porsche 935
B.L	no	Porsche 936
B.L	no	Porsche 944
B.L	no	Porsche 953
B.L	no	Porsche 956
B.L	no	Porsche 959
B.L	no	Porsche 961
B.L	no	Porsche 962
B.L	no	Porsche 964
B.L	no	Porsche 968
B.L	no	Porsche 989
B.L	no	Porsche 993
B.L	no	Porsche 996
B.L	no	Porsche 997
B.L	no	Porsche AG
B.L	no	Porsche Boxster
B.L	no	Porsche Carrera GT
B.L	no	Porsche Cayenne
B.L	no	Porsche Cayman
B.L	no	Porsche Design Group
B.L	no	Porsche Junior
B.L	no	Porsche LMP
B.L	no	Porsche Panamera
B.L	no	Porsche Panamericana
B.L	no	Porsche RS Spyder
B.L	no	Porsche Roxster
B.L	no	Porsche Super
B.L	no	Porsche Supercup
B.L	no	Porsche WSC-95
B.L	no	Porsche i motorsport
B.L	no	Portable Document Format
B.L	no	Qatar Investment Authority
B.L	no	Quattro GmbH
B.L	no	Representatskapet
B.L	no	Rolls-Royce Motor Cars
B.L	no	Rolls-Royce Motors
B.L	no	Rolls-Royce plc
B.L	no	Royal Electrical and Mechanical Engineers
B.L	no	Rudolf Leiding
B.L	no	SEAT
B.L	no	SIX Swiss Exchange
B.L	no	SUV (kjøretøy)
B.L	no	Salzburg
B.L	no	Scania
B.L	no	Sedan (bil)
B.L	no	Sommer-OL 2008
B.L	no	Spania
B.L	no	Stemmebrettigende aksjer
B.L	no	Stempelmotorer med innvendig forbrenning
B.L	no	Storbritannia
B.L	no	Stuttgart
B.L	no	Styreformann
B.L	no	Superbil
B.L	no	Suzuki
B.L	no	Sverige
B.L	no	Tiptronic
B.L	no	Toni Schmücker
B.L	no	Tsjekkia
B.L	no	Tsjekkoslovakia
B.L	no	Tysk Arbeidsfront
B.L	no	Tyskland
B.L	no	Vanlig aksje
B.L	no	VarioCam
B.L	no	VfL Wolfsburg
B.L	no	Vickers
B.L	no	Vinter-OL 2014
B.L	no	Volkswagen
B.L	no	Volkswagen Air Service
B.L	no	Volkswagen Commercial Vehicles
B.L	no	Volkswagen Golf
B.L	no	Volkswagen Group Australia
B.L	no	Volkswagen Group China
B.L	no	Volkswagen Group Fleet International
B.L	no	Volkswagen Group Italia
B.L	no	Volkswagen Group Supply
B.L	no	Volkswagen Group United Kingdom Ltd.
B.L	no	Volkswagen Group of America
B.L	no	Volkswagen Industrial Motor
B.L	no	Volkswagen Marine
B.L	no	Volkswagen Nutzfahrzeuge
B.L	no	Volkswagen Nyttekjøretøyer
B.L	no	Volkswagen Type 1
B.L	no	Volkswagen do Brasil
B.L	no	Volkswagen nyttekjøretøy
B.L	no	Volkswagen of South Africa (Pty) Ltd
B.L	no	Volkswangen Nyttekjøretøyer
B.L	no	Volkswangen Nyttekjøretøyer (Brasil)
B.L	no	Volvo
B.L	no	Wallenbergfamilien
B.L	no	Wanderer (bil)
B.L	no	Wertpapierkennummer
B.L	no	Wikimedia Commons
B.L	no	Wikinews
B.L	no	Wolfsburg
B.L	no	Škoda Auto
B.L	no	Wikipedia:Døde eksterne lenker
B.L	no	Hjelp:Trenger referanse
B.L	no	Kategori:Articles containing potentially dated statements from desember 2010
B.L	no	Kategori:Articles containing potentially dated statements from november 2009
B.L	pl	Aktiengesellschaft (Niemcy)
B.L	pl	Argentyna
B.L	pl	Audi
B.L	pl	Belgia
B.L	pl	Bentley
B.L	pl	Biblioteka Kongresu Stanów Zjednoczonych
B.L	pl	Bośnia i Hercegowina
B.L	pl	Branża
B.L	pl	Bratysława
B.L	pl	Brazylia
B.L	pl	Bruksela
B.L	pl	Buenos Aires
B.L	pl	Bugatti
B.L	pl	Crewe
B.L	pl	Dolna Saksonia
B.L	pl	Ducati
B.L	pl	Formy prawne przedsiębiorstw
B.L	pl	Gemeinsame Normdatei
B.L	pl	Hanower
B.L	pl	Hiszpania
B.L	pl	Ingolstadt
B.L	pl	International Securities Identification Number
B.L	pl	Kontrola autorytatywna
B.L	pl	Lamborghini
B.L	pl	MAN SE
B.L	pl	Malmö
B.L	pl	Martorell
B.L	pl	Meksyk
B.L	pl	Mladá Boleslav
B.L	pl	Molsheim
B.L	pl	Monachium
B.L	pl	Motoryzacja
B.L	pl	Niemcy
B.L	pl	Online Computer Library Center
B.L	pl	Palmela
B.L	pl	Pampeluna
B.L	pl	Państwo
B.L	pl	Polkowice
B.L	pl	Polska
B.L	pl	Porsche
B.L	pl	Portugalia
B.L	pl	Poznań
B.L	pl	Produkt (marketing)
B.L	pl	Przychód (ekonomia)
B.L	pl	Puebla (miasto)
B.L	pl	Republika Południowej Afryki
B.L	pl	Resende (Rio de Janeiro)
B.L	pl	Rio de Janeiro (stan)
B.L	pl	SEAT
B.L	pl	Sant'Agata Bolognese
B.L	pl	Sarajewo
B.L	pl	Scania
B.L	pl	Siedziba (prawo)
B.L	pl	São Paulo
B.L	pl	Södertälje
B.L	pl	Słowacja
B.L	pl	VW of South Africa (Pty)
B.L	pl	VfL Wolfsburg
B.L	pl	Vogosca
B.L	pl	Volkswagen
B.L	pl	Volkswagen Argentina
B.L	pl	Volkswagen Autoeuropa
B.L	pl	Volkswagen Bruxelles
B.L	pl	Volkswagen Caminhōes e Ônibus
B.L	pl	Volkswagen Motor Polska
B.L	pl	Volkswagen Navarra
B.L	pl	Volkswagen Nutzfahrzeuge
B.L	pl	Volkswagen Poznań
B.L	pl	Volkswagen Sarajewo
B.L	pl	Volkswagen Slovakia
B.L	pl	Volkswagen de México
B.L	pl	Volkswagen do Brasil
B.L	pl	Volkswagenwerk Wolfsburg
B.L	pl	Wolfsburg
B.L	pl	Zatrudnienie
B.L	pl	Škoda Auto
B.L	pl	Szablon:Volkswagen AG
B.L	pl	Dyskusja szablonu:Volkswagen AG
B.L	lv	Audi (auto)
B.L	lv	Autobūve
B.L	lv	Automašīna
B.L	lv	Bentley
B.L	lv	Berlīne
B.L	lv	Bugatti
B.L	lv	Euro
B.L	lv	Ferdinand Piëch
B.L	lv	Lamborghini
B.L	lv	Martins Vinterkorns
B.L	lv	Organizācija
B.L	lv	SEAT
B.L	lv	Volfsburga
B.L	lv	Volkswagen
B.L	lv	Vācija
B.L	lv	Škoda
B.L	lv	Vikipēdija:Aizmetnis
B.L	lv	Palīdzība:Rediģēšana, noformēšana
B.L	lt	1937
B.L	lt	2004
B.L	lt	Adidas
B.L	lt	Adolfas Hitleris
B.L	lt	Akronimas
B.L	lt	Allianz
B.L	lt	Antrasis pasaulinis karas
B.L	lt	Audi
B.L	lt	BASF
B.L	lt	BMW
B.L	lt	Bayer
B.L	lt	Beiersdorf
B.L	lt	Bentley
B.L	lt	Brazilija
B.L	lt	Bugatti
B.L	lt	Commerzbank
B.L	lt	DAX
B.L	lt	Daimler AG
B.L	lt	Deutsche Bank
B.L	lt	Deutsche Börse
B.L	lt	Deutsche Post
B.L	lt	Deutsche Telekom
B.L	lt	E.ON
B.L	lt	Ferdinand Porsche
B.L	lt	Fresenius (company)
B.L	lt	Fresenius Medical Care
B.L	lt	HeidelbergCement
B.L	lt	Henkel
B.L	lt	Infineon Technologies
B.L	lt	JAV
B.L	lt	Jungtinė Karalystė
B.L	lt	K+S
B.L	lt	Lamborghini
B.L	lt	Lietuvių kalba
B.L	lt	Lufthansa
B.L	lt	MAN SE
B.L	lt	Meksika
B.L	lt	Merck KGaA
B.L	lt	Metro AG
B.L	lt	Munich Re
B.L	lt	NSU
B.L	lt	Porsche
B.L	lt	RWE
B.L	lt	SAP AG
B.L	lt	SEAT
B.L	lt	Siemens
B.L	lt	The Linde Group
B.L	lt	ThyssenKrupp
B.L	lt	Vidaus degimo variklis
B.L	lt	Vokietija
B.L	lt	Vokiečių kalba
B.L	lt	Volkswagen
B.L	lt	Volkswagen Beetle
B.L	lt	Volkswagen Group
B.L	lt	Škoda
B.L	lt	Šablonas:DAX companies
B.L	lt	Šablono aptarimas:DAX companies
B.L	nl	13 augustus
B.L	nl	1937
B.L	nl	2009
B.L	nl	2010
B.L	nl	2011
B.L	nl	Adidas
B.L	nl	Adolf Hitler
B.L	nl	Allianz
B.L	nl	Audi
B.L	nl	Auto
B.L	nl	Auto-Union
B.L	nl	Autobus
B.L	nl	Autostadt
B.L	nl	BASF (chemieconcern)
B.L	nl	BMW
B.L	nl	Bayer
B.L	nl	Beiersdorf AG
B.L	nl	Bentley (auto)
B.L	nl	Bentley (automerk)
B.L	nl	Bernd Pischetsrieder
B.L	nl	Bodo Lafferentz
B.L	nl	Bugatti
B.L	nl	Cabriolet
B.L	nl	Carl Hahn
B.L	nl	Commerzbank
B.L	nl	Compacte middenklasse
B.L	nl	Continental AG
B.L	nl	Coupé (auto)
B.L	nl	DAX-index
B.L	nl	DKW
B.L	nl	Daimler-Benz
B.L	nl	Daimler (Duitsland)
B.L	nl	De Standaard
B.L	nl	Deutsche Arbeitsfront
B.L	nl	Deutsche Bank
B.L	nl	Deutsche Börse
B.L	nl	Deutsche Post
B.L	nl	Deutsche Telekom
B.L	nl	Ducati
B.L	nl	E.ON
B.L	nl	Economyklasse (auto)
B.L	nl	Euro
B.L	nl	Ferdinand Piëch
B.L	nl	Ferdinand Porsche
B.L	nl	First Automobile Works (concern)
B.L	nl	Ford Motor Company
B.L	nl	Fresenius
B.L	nl	Fresenius Medical Care
B.L	nl	Hatchback
B.L	nl	HeidelbergCement
B.L	nl	Heinrich Nordhoff
B.L	nl	Henkel KGaA
B.L	nl	Het Financieele Dagblad
B.L	nl	Hogere middenklasse (auto)
B.L	nl	Humber (automerk)
B.L	nl	Infineon
B.L	nl	Ivan Hirst
B.L	nl	Joint venture
B.L	nl	Juli
B.L	nl	K+S
B.L	nl	Kraft durch Freude-Wagen
B.L	nl	Kurt Lotz
B.L	nl	Lamborghini
B.L	nl	Lanxess
B.L	nl	Linde AG
B.L	nl	Lufthansa
B.L	nl	MAN AG
B.L	nl	Marktkapitalisatie
B.L	nl	Martin Winterkorn
B.L	nl	Merck KGaA
B.L	nl	Middenklasse (auto)
B.L	nl	Miniklasse
B.L	nl	Münchener Rück
B.L	nl	NSU (fabrikant)
B.L	nl	Naamloze vennootschap
B.L	nl	Nichemarkt
B.L	nl	Omzet
B.L	nl	Opel
B.L	nl	Pick-up (autotype)
B.L	nl	Platform (auto)
B.L	nl	Pon Holdings
B.L	nl	Porsche
B.L	nl	Qatar
B.L	nl	RWE (energie)
B.L	nl	Rolls-Royce Motors
B.L	nl	Rudolf Leiding
B.L	nl	SAIC
B.L	nl	SAP AG
B.L	nl	SEAT
B.L	nl	SUV
B.L	nl	Scania (motorvoertuigenmerk)
B.L	nl	Scania AB
B.L	nl	Seat
B.L	nl	Sedan (autotype)
B.L	nl	Siemens AG
B.L	nl	Sports utility vehicle
B.L	nl	Sportwagen
B.L	nl	Stationwagen
B.L	nl	T-Ford
B.L	nl	Terreinauto
B.L	nl	ThyssenKrupp
B.L	nl	Toni Schmucker
B.L	nl	Topklasse (auto)
B.L	nl	Vervoer
B.L	nl	Volkswagen
B.L	nl	VolkswagenStiftung
B.L	nl	Volkswagen Bruxelles S.A.
B.L	nl	Volkswagen Golf
B.L	nl	Volkswagen Group
B.L	nl	Volkswagen K70
B.L	nl	Volkswagen Kever
B.L	nl	Volkswagen New Beetle
B.L	nl	Volkswagen Passat
B.L	nl	Volkswagen Phaeton
B.L	nl	Volkswagen Santana
B.L	nl	Volkswagen Transporter
B.L	nl	Voorzitter
B.L	nl	Vrachtwagen
B.L	nl	Wendelin Wiedeking
B.L	nl	Wikimedia Commons
B.L	nl	Winst (onderneming)
B.L	nl	Wirtschaftswunder
B.L	nl	Wolfsburg
B.L	nl	Škoda Auto
B.L	nl	Škoda Octavia
B.L	nl	Wikipedia:Bronvermelding
B.L	nl	Portaal:Economie
B.L	ko	BASF
B.L	ko	BMW
B.L	ko	DAX
B.L	ko	E.ON
B.L	ko	K+S
B.L	ko	MAN SE
B.L	ko	RWE
B.L	ko	SAP AG
B.L	ko	다임러 AG
B.L	ko	도이체 방크
B.L	ko	도이체 뵈르제
B.L	ko	도이체 텔레콤
B.L	ko	도이체 포스트
B.L	ko	독일
B.L	ko	독일어
B.L	ko	두카티
B.L	ko	람보르기니
B.L	ko	루프트한자
B.L	ko	린데 AG
B.L	ko	메르크
B.L	ko	메트로 AG
B.L	ko	뮤닉 리
B.L	ko	바이어스도르프
B.L	ko	바이엘 (기업)
B.L	ko	벤틀리
B.L	ko	부가티
B.L	ko	세아트
B.L	ko	스코다
B.L	ko	아디다스
B.L	ko	아우디
B.L	ko	아우디 헝가리 모터 Kft
B.L	ko	알리안츠
B.L	ko	이탈디자인 주지아로
B.L	ko	인피니온 테크놀로지스
B.L	ko	지멘스 AG
B.L	ko	코메르츠방크
B.L	ko	콰트로 (기업)
B.L	ko	티센크루프
B.L	ko	포르쉐
B.L	ko	폭스바겐
B.L	ko	프레제니우스 (기업)
B.L	ko	프레제니우스 메디컬 케어
B.L	ko	하이델베르그시멘트
B.L	ko	헨켈
B.L	ko	위키백과:독일어의 한글 표기
B.L	ko	틀:DAX
B.L	ko	틀:폭스바겐 AG
B.L	ko	틀토론:DAX
B.L	ko	틀토론:폭스바겐 AG
B.L	id	1000000000 (angka)
B.L	id	1937
B.L	id	1945
B.L	id	1948
B.L	id	4motion
B.L	id	Anak perusahaan
B.L	id	Audi
B.L	id	Auto Union
B.L	id	Autostadt
B.L	id	Bentley
B.L	id	Bernd Pischetsrieder
B.L	id	Berpendingin air
B.L	id	BlueMotion
B.L	id	Britania
B.L	id	Bugatti
B.L	id	Bursa Saham Tokyo
B.L	id	Carl Hahn
B.L	id	Daftar merek mobil
B.L	id	Daftar mesin Grup Volkswagen
B.L	id	Daftar mesin Volkswagen Amerika Utara
B.L	id	Daftar mesin bensin Grup Volkswagen
B.L	id	Daftar mesin solar Grup Volkswagen
B.L	id	Daftar pabrik Grup
B.L	id	Daftar pabrik Grup Volkswagen
B.L	id	Daftar peron Grup Volkswagen
B.L	id	Daftar platform Grup Volkswagen
B.L	id	Dampf-Kraft-Wagen
B.L	id	Deutsche Arbeitsfront
B.L	id	Digifant
B.L	id	Direct-Shift Gearbox
B.L	id	Ducati
B.L	id	EDAG Biwak
B.L	id	ETKA
B.L	id	Ehra-Lessien
B.L	id	Eropa
B.L	id	Euro
B.L	id	FAW-Volkswagen
B.L	id	Fahrvergnügen
B.L	id	Ferdinand Piëch
B.L	id	Ferdinand Porsche
B.L	id	Fiat
B.L	id	Fiat 124
B.L	id	Fiat 127
B.L	id	Fiat 131
B.L	id	Fiat Ritmo
B.L	id	Fuel Stratified Injection
B.L	id	G-Lader
B.L	id	General Motors
B.L	id	Grup Volkswagen Amerika
B.L	id	Grup Volkswagen Brazil
B.L	id	Grup Volkswagen Cina
B.L	id	Grup Volkswagen India
B.L	id	Grup Volkswagen Tiongkok
B.L	id	Heinrich Nordhoff
B.L	id	Herbie
B.L	id	Horch
B.L	id	IAV
B.L	id	Iklan Volkswagen
B.L	id	Italdesign Giugiaro
B.L	id	Ivan Hirst
B.L	id	Jenis entitas bisnis
B.L	id	Jerman
B.L	id	Kurt Lotz
B.L	id	Lamborghini
B.L	id	MAN SE
B.L	id	Martin Winterkorn
B.L	id	Mesin Volkswagen berpendingin udara
B.L	id	Mobil
B.L	id	Mobil konsep
B.L	id	NSU Motorenwerke AG
B.L	id	Nazi
B.L	id	Opel
B.L	id	Otomotif
B.L	id	Perang Dunia II
B.L	id	Perusahaan publik
B.L	id	Porsche
B.L	id	Porsche 914
B.L	id	Quattro GmbH
B.L	id	Republik Rakyat Cina
B.L	id	Rudolf Leiding
B.L	id	SDI (engine)
B.L	id	SEAT
B.L	id	SEAT 1200 Sport
B.L	id	SEAT 128
B.L	id	SEAT 132
B.L	id	SEAT 133
B.L	id	SEAT 1400
B.L	id	SEAT 1430
B.L	id	SEAT 1500
B.L	id	SEAT 600
B.L	id	SEAT 800
B.L	id	SEAT 850
B.L	id	SEAT Alhambra
B.L	id	SEAT Altea
B.L	id	SEAT Arosa
B.L	id	SEAT Córdoba
B.L	id	SEAT Fura
B.L	id	SEAT Ibiza
B.L	id	SEAT Inca
B.L	id	SEAT León
B.L	id	SEAT Marbella
B.L	id	SEAT Málaga
B.L	id	SEAT Ronda
B.L	id	SEAT Terra
B.L	id	SEAT Toledo
B.L	id	Scania AB
B.L	id	Shanghai-Volkswagen Lavida
B.L	id	Shanghai Volkswagen
B.L	id	Stanley (vehicle)
B.L	id	Suzuki
B.L	id	Toni Schmücker
B.L	id	Toyota Motor Corporation
B.L	id	Transparent Factory
B.L	id	Turbocharged Direct Injection
B.L	id	Umum:Kategori:Grup Volkswagen
B.L	id	Unit Injector
B.L	id	VAG-COM
B.L	id	VW Electronics Research Laboratory
B.L	id	VW Kodok
B.L	id	Volkswagen
B.L	id	Volkswagen 181
B.L	id	Volkswagen Apollo
B.L	id	Volkswagen Beetle
B.L	id	Volkswagen Beetle (A5)
B.L	id	Volkswagen Brasilia
B.L	id	Volkswagen Citi Golf
B.L	id	Volkswagen Commercial Vehicles
B.L	id	Volkswagen Concept A
B.L	id	Volkswagen Concept BlueSport
B.L	id	Volkswagen Concept R
B.L	id	Volkswagen Corrado
B.L	id	Volkswagen Country Buggy
B.L	id	Volkswagen EcoRacer
B.L	id	Volkswagen Eos
B.L	id	Volkswagen Fox
B.L	id	Volkswagen GX3
B.L	id	Volkswagen Gol
B.L	id	Volkswagen Golf
B.L	id	Volkswagen Golf Mk6
B.L	id	Volkswagen Golf Variant
B.L	id	Volkswagen Iltis
B.L	id	Volkswagen Iroc
B.L	id	Volkswagen Jetta
B.L	id	Volkswagen K70
B.L	id	Volkswagen Karmann Ghia
B.L	id	Volkswagen Kübelwagen
B.L	id	Volkswagen Lupo
B.L	id	Volkswagen Microbus Concept
B.L	id	Volkswagen Milano
B.L	id	Volkswagen New Beetle
B.L	id	Volkswagen Passat
B.L	id	Volkswagen Passat CC
B.L	id	Volkswagen Phaeton
B.L	id	Volkswagen Pointer
B.L	id	Volkswagen Polo
B.L	id	Volkswagen Polo G40
B.L	id	Volkswagen Polo GTI
B.L	id	Volkswagen Polo Playa
B.L	id	Volkswagen Routan
B.L	id	Volkswagen SP2
B.L	id	Volkswagen Santana
B.L	id	Volkswagen Schwimmwagen
B.L	id	Volkswagen Scirocco
B.L	id	Volkswagen Sharan
B.L	id	Volkswagen Taigun
B.L	id	Volkswagen Tiguan
B.L	id	Volkswagen Touareg
B.L	id	Volkswagen Touran
B.L	id	Volkswagen Type 147 Kleinlieferwagen
B.L	id	Volkswagen Type 14A (Hebmüller Cabriolet)
B.L	id	Volkswagen Type 18A
B.L	id	Volkswagen Type 3
B.L	id	Volkswagen Type 4
B.L	id	Volkswagen Up
B.L	id	Volkswagen W12
B.L	id	Volkswagen Westfalia Campers
B.L	id	Volkswagen mobil 1-liter
B.L	id	Wanderer (car)
B.L	id	Wolfsburg
B.L	id	Škoda
B.L	id	Škoda Auto
B.L	id	Templat:FWB2
B.L	id	Templat:Grup Volkswagen
B.L	id	Templat:SEAT
B.L	id	Templat:VW
B.L	id	Pembicaraan Templat:Grup Volkswagen
B.L	id	Pembicaraan Templat:SEAT
B.L	id	Pembicaraan Templat:VW
B.L	id	Kategori:Grup Volkswagen
B.L	id	Kategori:Kendaraan Volkswagen
B.L	id	Kategori:Tokoh Volkswagen
B.L	it	1937
B.L	it	1964
B.L	it	1981
B.L	it	1985
B.L	it	1990
B.L	it	1991
B.L	it	1995
B.L	it	1998
B.L	it	2000
B.L	it	2008
B.L	it	2009
B.L	it	2010
B.L	it	2011
B.L	it	2012
B.L	it	25 maggio
B.L	it	28 maggio
B.L	it	4 luglio
B.L	it	Adidas
B.L	it	Agosto
B.L	it	Allianz
B.L	it	Aprile
B.L	it	Audi
B.L	it	Auto Union
B.L	it	Autocarro
B.L	it	Automobile
B.L	it	Autoveicolo
B.L	it	BASF
B.L	it	BMW
B.L	it	Bayer
B.L	it	Beiersdorf (azienda)
B.L	it	Bentley
B.L	it	Blue chip
B.L	it	Borsa di Francoforte
B.L	it	Borsa valori
B.L	it	Bugatti
B.L	it	Carl Hahn
B.L	it	Commerzbank
B.L	it	DAX 30
B.L	it	Daimler-Benz
B.L	it	Daimler (azienda)
B.L	it	Deutsche Bank
B.L	it	Deutsche Börse
B.L	it	Deutsche Post
B.L	it	Deutsche Telekom
B.L	it	Ducati
B.L	it	E.ON
B.L	it	Euro
B.L	it	FIAT
B.L	it	Fatturato
B.L	it	Ferdinand Piëch
B.L	it	Fresenius
B.L	it	Fresenius Medical Care
B.L	it	Gennaio
B.L	it	Germania
B.L	it	Heidelberg Cement
B.L	it	Henkel
B.L	it	Holding
B.L	it	Impresa
B.L	it	Indice azionario
B.L	it	Infineon Technologies
B.L	it	Italdesign Giugiaro
B.L	it	K+S
B.L	it	La Repubblica
B.L	it	Lamborghini
B.L	it	Linde AG
B.L	it	Lufthansa
B.L	it	Luglio
B.L	it	MAN SE
B.L	it	Martin Winterkorn
B.L	it	Merck KGaA
B.L	it	Metro (azienda)
B.L	it	Munich Re
B.L	it	Porsche
B.L	it	Profitto
B.L	it	RWE (azienda)
B.L	it	SAP (azienda)
B.L	it	SEAT
B.L	it	Scania AB
B.L	it	Siemens (azienda)
B.L	it	Sito web
B.L	it	Slogan
B.L	it	Società per azioni
B.L	it	Stato
B.L	it	Suzuki
B.L	it	ThyssenKrupp
B.L	it	Volkswagen
B.L	it	Volkswagen-Porsche 914
B.L	it	Volkswagen CC
B.L	it	Volkswagen Caddy
B.L	it	Volkswagen Caravelle
B.L	it	Volkswagen Commercial Vehicles
B.L	it	Volkswagen Corrado
B.L	it	Volkswagen Crafter
B.L	it	Volkswagen Eos
B.L	it	Volkswagen Fox
B.L	it	Volkswagen Gol
B.L	it	Volkswagen Golf
B.L	it	Volkswagen Iltis
B.L	it	Volkswagen Jetta
B.L	it	Volkswagen K 70
B.L	it	Volkswagen Karmann Ghia
B.L	it	Volkswagen Kübelwagen
B.L	it	Volkswagen LT
B.L	it	Volkswagen Lupo
B.L	it	Volkswagen Maggiolino
B.L	it	Volkswagen Maggiolino (2011)
B.L	it	Volkswagen New Beetle
B.L	it	Volkswagen Passat
B.L	it	Volkswagen Phaeton
B.L	it	Volkswagen Polo
B.L	it	Volkswagen Schwimmwagen
B.L	it	Volkswagen Scirocco
B.L	it	Volkswagen Sharan
B.L	it	Volkswagen Tiguan
B.L	it	Volkswagen Tipo 181
B.L	it	Volkswagen Tipo 3
B.L	it	Volkswagen Tipo 4
B.L	it	Volkswagen Touareg
B.L	it	Volkswagen Touran
B.L	it	Volkswagen Transporter
B.L	it	Volkswagen W12
B.L	it	Volkswagen up!
B.L	it	Volkswagenwerk Zwickau
B.L	it	Wolfsburg
B.L	it	Škoda Auto
B.L	it	Škoda Holding
B.L	it	File:Stub trasporti.png
B.L	it	Template:Aziende DAX 30
B.L	it	Discussioni template:Aziende DAX 30
B.L	it	Aiuto:Abbozzo
B.L	it	Aiuto:Manuale di stile
B.L	it	Categoria:Stub sezione - trasporti
B.L	it	Portale:Trasporti
B.L	it	Portale:Trasporti/icona
B.L	it	Progetto:Trasporti
B.L	ja	6大グループ
B.L	ja	BASF
B.L	ja	BMW
B.L	ja	DKW
B.L	ja	E.ON
B.L	ja	K+S
B.L	ja	NSU
B.L	ja	RWE
B.L	ja	SAP (企業)
B.L	ja	その他の市場
B.L	ja	アイルランド
B.L	ja	アウディ
B.L	ja	アウディ・80
B.L	ja	アウディ・A2
B.L	ja	アウディ・A3
B.L	ja	アウディ・A4
B.L	ja	アウディ・A6
B.L	ja	アウディ・A8
B.L	ja	アウディ・Q7
B.L	ja	アウディ・TT
B.L	ja	アウディ・オールロード
B.L	ja	アウディ・ブランド・グループ
B.L	ja	アウトウニオン
B.L	ja	アウランガバード
B.L	ja	アジア太平洋
B.L	ja	アディダス
B.L	ja	アムステルダム
B.L	ja	アメリカ合衆国
B.L	ja	アリアンツ
B.L	ja	アルコベンダス
B.L	ja	アルゼンチン
B.L	ja	アーメルスフォールト
B.L	ja	イギリス
B.L	ja	イタリア
B.L	ja	インド
B.L	ja	インフィニオン・テクノロジーズ
B.L	ja	オランダ
B.L	ja	オンタリオ州
B.L	ja	オーストラリア
B.L	ja	オーバーン
B.L	ja	オーバーン・ヒルズ
B.L	ja	カナダ
B.L	ja	ギュイヤンクール
B.L	ja	コメルツ銀行
B.L	ja	コンチネンタル (自動車部品製造業)
B.L	ja	サンターガタ・ボロニェーゼ
B.L	ja	サンパウロ
B.L	ja	サン・ベルナルド・ド・カンポ
B.L	ja	シドニー
B.L	ja	シュコダ
B.L	ja	シュコダ・オクタビア
B.L	ja	シュコダ・スペルブ
B.L	ja	シュコダ・ファビア
B.L	ja	シーメンス
B.L	ja	スウェーデン
B.L	ja	スカニア
B.L	ja	ストックホルム県
B.L	ja	スペイン
B.L	ja	スロバキア
B.L	ja	セアト
B.L	ja	セアト・アルテア
B.L	ja	セアト・アルハンブラ
B.L	ja	セアト・アローサ
B.L	ja	セアト・イビサ
B.L	ja	セアト・コルドバ
B.L	ja	セアト・トレド
B.L	ja	セアト・レオン
B.L	ja	ソウル特別市
B.L	ja	ダイムラー (自動車メーカー)
B.L	ja	ダブリン
B.L	ja	チェコ
B.L	ja	チェコ共和国
B.L	ja	ツヴィッカウ
B.L	ja	ティッカーシンボル
B.L	ja	ティッセンクルップ
B.L	ja	トルコ
B.L	ja	ドイツ
B.L	ja	ドイツテレコム
B.L	ja	ドイツポスト
B.L	ja	ドイツ・ポストバンク
B.L	ja	ドイツ株価指数
B.L	ja	ドイツ証券取引所
B.L	ja	ドイツ銀行
B.L	ja	ドバイ
B.L	ja	ドメイン名
B.L	ja	ドレスデン
B.L	ja	ナバラ州
B.L	ja	ニーダーザクセン州
B.L	ja	ハイポ・リアル・エステート
B.L	ja	ハンガリー
B.L	ja	ハンブルク
B.L	ja	バイエル (企業)
B.L	ja	バルセロナ
B.L	ja	フェルディナント・ピエヒ
B.L	ja	フォルクスワーゲン
B.L	ja	フォルクスワーゲン グループ ジャパン
B.L	ja	フォルクスワーゲン・ゴルフ
B.L	ja	フォルクスワーゲン・ゴルフトゥーラン
B.L	ja	フォルクスワーゲン・ゴール
B.L	ja	フォルクスワーゲン・サンタナ
B.L	ja	フォルクスワーゲン・シャラン
B.L	ja	フォルクスワーゲン・ジェッタ
B.L	ja	フォルクスワーゲン・トゥアレグ
B.L	ja	フォルクスワーゲン・ニュービートル
B.L	ja	フォルクスワーゲン・パサート
B.L	ja	フォルクスワーゲン・パラチ
B.L	ja	フォルクスワーゲン・フェートン
B.L	ja	フォルクスワーゲン・フォックス
B.L	ja	フォルクスワーゲン・ブランド・グループ
B.L	ja	フォルクスワーゲン・ボーラ
B.L	ja	フォルクスワーゲン・ポロ
B.L	ja	フォルクスワーゲン・ルポ
B.L	ja	フォルクスワーゲン商用車
B.L	ja	フォルクスワーゲン東京
B.L	ja	フランクフルト証券取引所
B.L	ja	フランス
B.L	ja	フレゼニウス
B.L	ja	ブエノスアイレス
B.L	ja	ブガッティ・オトモビル
B.L	ja	ブラウンシュヴァイク
B.L	ja	ブラジル
B.L	ja	ブラチスラヴァ
B.L	ja	ブランド
B.L	ja	ブリュッセル
B.L	ja	プエブラ州
B.L	ja	プエブロ
B.L	ja	プラハ
B.L	ja	ヘンケル
B.L	ja	ベルギー
B.L	ja	ベルント・ピシェッツリーダー
B.L	ja	ベントレー
B.L	ja	ベントレー・アルナージ
B.L	ja	ベントレー・コンチネンタルGT
B.L	ja	ベントレー・コンチネンタル・フライング・スパー
B.L	ja	ホルヒ
B.L	ja	ポズナン
B.L	ja	ポルトガル
B.L	ja	ポーランド
B.L	ja	マドリッド
B.L	ja	マン (企業)
B.L	ja	ミシガン州
B.L	ja	ミュンヘン再保険
B.L	ja	ミルトン・キーンズ
B.L	ja	メキシコ
B.L	ja	メトロ (小売業)
B.L	ja	メルク (ドイツ)
B.L	ja	ユイテンヘーグ
B.L	ja	ランボルギーニ
B.L	ja	ランボルギーニ・ガヤルド
B.L	ja	ランボルギーニ・ムルシエラゴ
B.L	ja	リンデ
B.L	ja	ルドルフ・ライディング
B.L	ja	ルフトハンザドイツ航空
B.L	ja	レンタカー
B.L	ja	ローマ
B.L	ja	ヴァンダラー
B.L	ja	ヴェローナ
B.L	ja	ヴォルフスブルク
B.L	ja	上海市
B.L	ja	中国
B.L	ja	中央ヨーロッパ
B.L	ja	中華人民共和国
B.L	ja	北京市
B.L	ja	北米
B.L	ja	南アフリカ
B.L	ja	南アメリカ
B.L	ja	大韓民国
B.L	ja	日本
B.L	ja	東ヨーロッパ
B.L	ja	東京
B.L	ja	株式会社 (ドイツ)
B.L	ja	自動車
B.L	ja	自動車の車種名一覧
B.L	ja	西ヨーロッパ
B.L	ja	豊橋市
B.L	ja	長春
B.L	ja	Template:DAX
B.L	ja	Template‐ノート:DAX
B.L	ja	Category:モータースポーツ
B.L	ja	Category:自動車の歴史
B.L	ja	Category:自動車の車種
B.L	ja	Category:自動車メーカー・ブランド
B.L	ja	Category:自動車画像
B.L	ja	Category:自動車関連のスタブ項目
B.L	ja	Portal:自動車
B.L	ja	プロジェクト:バス車種
B.L	ja	プロジェクト:乗用車
B.L	ja	プロジェクト:自動車
B.L	uk	1937
B.L	uk	1964
B.L	uk	1969
B.L	uk	1977
B.L	uk	1986
B.L	uk	1990
B.L	uk	1991
B.L	uk	1998
B.L	uk	2002
B.L	uk	2003
B.L	uk	2007
B.L	uk	2008
B.L	uk	2009
B.L	uk	2011
B.L	uk	AC Cars
B.L	uk	Acura
B.L	uk	Alfa Romeo
B.L	uk	American Motors Corporation
B.L	uk	Anadol
B.L	uk	Ariel
B.L	uk	Aro
B.L	uk	Asia motors
B.L	uk	Askari
B.L	uk	Aspard
B.L	uk	Aston Martin
B.L	uk	Audi
B.L	uk	Audi AG
B.L	uk	Audi Division
B.L	uk	Auto Union
B.L	uk	Automobili Lamborghini S.p.A
B.L	uk	BMC
B.L	uk	BMW
B.L	uk	BYD Auto
B.L	uk	Bentley
B.L	uk	Bentley Motors
B.L	uk	Bentley Motors Ltd.
B.L	uk	Brilliance
B.L	uk	Bugatti
B.L	uk	Bugatti Automobiles S.A.S.
B.L	uk	Buick
B.L	uk	Cadillac
B.L	uk	Caterham
B.L	uk	Chana
B.L	uk	Chery
B.L	uk	Chevrolet
B.L	uk	Chrysler
B.L	uk	Citroën
B.L	uk	Dacia
B.L	uk	Daewoo
B.L	uk	Daihatsu
B.L	uk	Daimler-Benz
B.L	uk	De Tomaso
B.L	uk	Deutz
B.L	uk	Dodge
B.L	uk	Ducati
B.L	uk	Eagle
B.L	uk	Excalibur
B.L	uk	Fabryka Samochodów Osobowych
B.L	uk	Ferrari
B.L	uk	Fiat
B.L	uk	Fisker
B.L	uk	Force Motors
B.L	uk	Ford
B.L	uk	GMC
B.L	uk	Geely
B.L	uk	Geo (автомобільна марка)
B.L	uk	Great Wall
B.L	uk	Gumpert
B.L	uk	Hindustan
B.L	uk	Holden
B.L	uk	Honda
B.L	uk	Horch
B.L	uk	Hummer
B.L	uk	Hyundai Motor Company
B.L	uk	Infiniti
B.L	uk	Iran Khodro
B.L	uk	Isuzu
B.L	uk	Iveco
B.L	uk	Jaguar
B.L	uk	Jeep
B.L	uk	KTM
B.L	uk	Kia
B.L	uk	Lamborghini
B.L	uk	Lancia
B.L	uk	Land Rover
B.L	uk	Lexus
B.L	uk	Lincoln
B.L	uk	Lotus
B.L	uk	MAN
B.L	uk	MAN AG
B.L	uk	Mack
B.L	uk	Mahindra
B.L	uk	Maruti
B.L	uk	Maserati
B.L	uk	Maybach
B.L	uk	Mazda
B.L	uk	McLaren
B.L	uk	Mercedes-Benz
B.L	uk	Mercury
B.L	uk	Mini
B.L	uk	Mitsubishi
B.L	uk	Morgan
B.L	uk	Morris Garage
B.L	uk	NSU Motorenwerke
B.L	uk	Nissan
B.L	uk	Oldsmobile
B.L	uk	Opel
B.L	uk	Packard
B.L	uk	Pagani
B.L	uk	Panoz
B.L	uk	Peugeot
B.L	uk	Plymouth
B.L	uk	Pontiac
B.L	uk	Porsche
B.L	uk	Porsche AG
B.L	uk	Proto
B.L	uk	Proton
B.L	uk	Renault
B.L	uk	Renault Samsung Motors
B.L	uk	Rolls-Royce
B.L	uk	Rolls-Royce Limited
B.L	uk	Rover
B.L	uk	Saab
B.L	uk	Saturn
B.L	uk	Scania
B.L	uk	Scania AB
B.L	uk	Scion
B.L	uk	Seat
B.L	uk	Smart
B.L	uk	SsangYong
B.L	uk	Subaru
B.L	uk	Suzuki (корпорація)
B.L	uk	TVR
B.L	uk	Tata Motors
B.L	uk	Tatra
B.L	uk	Tofaş
B.L	uk	Toyota
B.L	uk	Trabant
B.L	uk	Vauxhall
B.L	uk	Venturi
B.L	uk	Vickers
B.L	uk	Volkswagen
B.L	uk	Volkswagen Amarok
B.L	uk	Volkswagen Beetle
B.L	uk	Volkswagen Bora
B.L	uk	Volkswagen CC
B.L	uk	Volkswagen Corrado
B.L	uk	Volkswagen Derby
B.L	uk	Volkswagen Eos
B.L	uk	Volkswagen Fox
B.L	uk	Volkswagen Golf 1
B.L	uk	Volkswagen Golf 2
B.L	uk	Volkswagen Golf 3
B.L	uk	Volkswagen Golf 4
B.L	uk	Volkswagen Golf 5
B.L	uk	Volkswagen Golf 6
B.L	uk	Volkswagen Golf 7
B.L	uk	Volkswagen Golf Cabriolet
B.L	uk	Volkswagen Golf Plus
B.L	uk	Volkswagen Group
B.L	uk	Volkswagen Jetta
B.L	uk	Volkswagen Käfer
B.L	uk	Volkswagen Lupo
B.L	uk	Volkswagen Marine
B.L	uk	Volkswagen New Beetle
B.L	uk	Volkswagen Passat
B.L	uk	Volkswagen Passat Alltrack
B.L	uk	Volkswagen Passat B5
B.L	uk	Volkswagen Phaeton
B.L	uk	Volkswagen Polo
B.L	uk	Volkswagen Polo 5
B.L	uk	Volkswagen Polo Classic
B.L	uk	Volkswagen Polo sedan
B.L	uk	Volkswagen Santana
B.L	uk	Volkswagen Scirocco
B.L	uk	Volkswagen Sharan
B.L	uk	Volkswagen Taro
B.L	uk	Volkswagen Tiguan
B.L	uk	Volkswagen Touareg
B.L	uk	Volkswagen Touran
B.L	uk	Volkswagen Vento
B.L	uk	Volkswagen XL1
B.L	uk	Volkswagen up!
B.L	uk	Volvo
B.L	uk	Volvo Cars
B.L	uk	WELT
B.L	uk	Wartburg
B.L	uk	Yugo
B.L	uk	Škoda
B.L	uk	Škoda Auto
B.L	uk	Євро
B.L	uk	Європа
B.L	uk	ІжАвто
B.L	uk	Автобус
B.L	uk	Автомобіль
B.L	uk	Акціонер
B.L	uk	Акціонерне товариство
B.L	uk	Валовий дохід
B.L	uk	Вантажівка
B.L	uk	Великий сімейний автомобіль
B.L	uk	Вольфсбург
B.L	uk	Горьківський автомобільний завод
B.L	uk	Дизельний двигун
B.L	uk	Дочірня компанія
B.L	uk	ЗІЛ
B.L	uk	ЗІС
B.L	uk	ЗАЗ (марка автомобілів)
B.L	uk	Кабріолет
B.L	uk	Китай
B.L	uk	Компактвен
B.L	uk	Контрольний пакет акцій
B.L	uk	Концерн
B.L	uk	Кросовер (автомобіль)
B.L	uk	Купе
B.L	uk	Лада (автомобіль)
B.L	uk	ЛуАЗ
B.L	uk	Люкс-автомобіль
B.L	uk	Малий сімейний автомобіль
B.L	uk	Москвич (ВАТ)
B.L	uk	Мільярд
B.L	uk	Мінівен
B.L	uk	Міський автомобіль
B.L	uk	Нижня Саксонія
B.L	uk	Німеччина
B.L	uk	Позашляховик
B.L	uk	Пікап
B.L	uk	Сайт
B.L	uk	Самоскид
B.L	uk	СеАЗ
B.L	uk	Суперміні
B.L	uk	Сідловий тягач
B.L	uk	УАЗ
B.L	uk	Українська мова
B.L	uk	Фердинанд Пієх
B.L	uk	Штаб-квартира
B.L	uk	Вікіпедія:Як редагувати статтю
B.L	uk	Шаблон:Автомобілі Volkswagen
B.L	uk	Шаблон:Автомобілі за маркою
B.L	uk	Шаблон:Класичні Автомобілі Volkswagen
B.L	uk	Шаблон:Назва країни GER
B.L	uk	Обговорення шаблону:Автомобілі Volkswagen
B.L	uk	Обговорення шаблону:Автомобілі за маркою
B.L	tr	Alman
B.L	tr	Almanya
B.L	tr	Anonim şirket
B.L	tr	Audi
B.L	tr	Bentley
B.L	tr	Birleşik Krallık
B.L	tr	Bugatti
B.L	tr	Bugatti Automobiles SAS
B.L	tr	CEO
B.L	tr	Euro
B.L	tr	Ferdinand Piëch
B.L	tr	Fransa
B.L	tr	Gelir
B.L	tr	Kâr (ekonomi)
B.L	tr	Lamborghini
B.L	tr	Martin Winterkorn
B.L	tr	Otomobil
B.L	tr	Otomotiv
B.L	tr	Otomotiv endüstrisi
B.L	tr	PDF
B.L	tr	SEAT
B.L	tr	Scania
B.L	tr	Volkswagen
B.L	tr	Wolfsburg
B.L	tr	Çek Cumhuriyeti
B.L	tr	Ürün
B.L	tr	İspanya
B.L	tr	İsveç
B.L	tr	İtalya
B.L	tr	İçten yanmalı motor
B.L	tr	Škoda Auto
B.L	tr	Tartışma:Volkswagen grubu
B.L	tr	Vikipedi:Madde
B.L	tr	Vikipedi:Taslak madde
B.L	sv	1937
B.L	sv	2000-talet (decennium)
B.L	sv	28 maj
B.L	sv	Adidas
B.L	sv	Allianz
B.L	sv	Audi
B.L	sv	Auto Union
B.L	sv	BASF
B.L	sv	BMW
B.L	sv	Bayer AG
B.L	sv	Beiersdorf AG
B.L	sv	Bentley
B.L	sv	Bernd Pischetsrieder
B.L	sv	Biltillverkare
B.L	sv	Bolag
B.L	sv	Bugatti
B.L	sv	Buss
B.L	sv	Carl Hahn
B.L	sv	Carl Horst Hahn
B.L	sv	Commerzbank
B.L	sv	DKW
B.L	sv	Daimler AG
B.L	sv	Deutsche Arbeitsfront
B.L	sv	Deutsche Bank
B.L	sv	Deutsche Börse
B.L	sv	Deutsche Post
B.L	sv	Deutsche Telekom
B.L	sv	Deutscher Aktienindex
B.L	sv	Doktor
B.L	sv	Dotterbolag
B.L	sv	Ducati
B.L	sv	E.ON
B.L	sv	Eget kapital
B.L	sv	Euro
B.L	sv	Ferdinand Piëch
B.L	sv	Fieseler Fi-103
B.L	sv	Finansiella tjänster
B.L	sv	Ford Galaxy
B.L	sv	Frankfurter Wertpapierbörse
B.L	sv	Fresenius
B.L	sv	Fresenius Medical Care
B.L	sv	Hannover Re
B.L	sv	Heinrich Nordhoff
B.L	sv	Henkel
B.L	sv	Horch
B.L	sv	Infineon
B.L	sv	Ivan Hirst
B.L	sv	K+S
B.L	sv	KZ Arbeitsdorf
B.L	sv	Kurt Lotz
B.L	sv	Lamborghini
B.L	sv	Lastbil
B.L	sv	Linde AG
B.L	sv	Lufthansa
B.L	sv	MAN AG
B.L	sv	Martin Winterkorn
B.L	sv	Merck KGaA
B.L	sv	Metro AG
B.L	sv	Munich Re
B.L	sv	NSU Auto Union AG
B.L	sv	NSU Motorenwerke AG
B.L	sv	Nyttofordon
B.L	sv	Omsättning
B.L	sv	Personbil
B.L	sv	Porsche
B.L	sv	Porsche Holding
B.L	sv	Produkt (ekonomi)
B.L	sv	Publikt aktiebolag
B.L	sv	RWE
B.L	sv	Rolls-Royce
B.L	sv	Rudolf Leiding
B.L	sv	Rörelseresultat
B.L	sv	SAIC
B.L	sv	SAP AG
B.L	sv	Salzburg
B.L	sv	Scania
B.L	sv	Seat
B.L	sv	Seat Alhambra
B.L	sv	Siemens AG
B.L	sv	Skoda
B.L	sv	Styrelseordförande
B.L	sv	ThyssenKrupp
B.L	sv	Tillgång
B.L	sv	Toni Schmücker
B.L	sv	Tyskland
B.L	sv	Verkställande direktör
B.L	sv	Vinst
B.L	sv	Volkswagen
B.L	sv	Volkswagen Nyttofordon
B.L	sv	Volkswagen Santana
B.L	sv	Volkswagen Sharan
B.L	sv	Volkswagens historia under 1930-talet
B.L	sv	Volkswagens historia under 1940-talet
B.L	sv	Volkswagens historia under 1950-talet
B.L	sv	Volkswagens historia under 1960-talet
B.L	sv	Volkswagens historia under 1970-talet
B.L	sv	Volkswagens historia under 1980-talet
B.L	sv	Volkswagens historia under 1990-talet
B.L	sv	Volkswagens historia under 2000-talet
B.L	sv	Volkswagens historia under 2010-talet
B.L	sv	Wanderer
B.L	sv	Wolfsburg
B.L	sv	Škoda
B.L	sv	Škoda Auto
B.L	sv	Wikipedia:Stubbar
B.L	sv	Mall:DAX
B.L	sv	Malldiskussion:DAX
B.L	sl	1. januar
B.L	sl	16. april
B.L	sl	1945
B.L	sl	1948
B.L	sl	1967
B.L	sl	1968
B.L	sl	1971
B.L	sl	1974
B.L	sl	1975
B.L	sl	1982
B.L	sl	1993
B.L	sl	2002
B.L	sl	2006
B.L	sl	2007
B.L	sl	2011
B.L	sl	28. maj 1937
B.L	sl	31. december
B.L	sl	Audi
B.L	sl	Bentley
B.L	sl	Bernd Pischetsrieder
B.L	sl	Bugatti
B.L	sl	Carl Hahn
B.L	sl	Danes
B.L	sl	Dobiček neto
B.L	sl	Ducati
B.L	sl	Evro
B.L	sl	Ferdinand Piëch
B.L	sl	General Motors
B.L	sl	Heinrich Nordhoff
B.L	sl	Ivan Hirst
B.L	sl	Kurt Lotz
B.L	sl	Lamborghini
B.L	sl	MAN
B.L	sl	MAN SE
B.L	sl	Martin Winterkorn
B.L	sl	Nemčija
B.L	sl	Neoplan
B.L	sl	Nmečija
B.L	sl	OICA
B.L	sl	Podružnica
B.L	sl	Porsche
B.L	sl	Proizvajalec avtomobilov
B.L	sl	Rudolf Leiding
B.L	sl	SEAT
B.L	sl	Scania
B.L	sl	Seznam avtomobilskih znamk
B.L	sl	Toni Schmucker
B.L	sl	VW Beetle
B.L	sl	VW Golf
B.L	sl	VW Käfer
B.L	sl	Volkswagen
B.L	sl	Vrste podjetij
B.L	sl	Wolfsburg
B.L	sl	Zaslužek brez obresti in davkov
B.L	sl	Škoda
B.L	sk	Audi
B.L	sk	Auto Union
B.L	sk	Automobil
B.L	sk	Bentley
B.L	sk	Bugatti
B.L	sk	Bugatti Automobiles SAS
B.L	sk	DKW
B.L	sk	Ducati
B.L	sk	Horch
B.L	sk	Koncern
B.L	sk	Lamborghini
B.L	sk	MAN
B.L	sk	NSU
B.L	sk	SEAT
B.L	sk	Scania
B.L	sk	Volkswagen
B.L	sk	Volkswagen Group China
B.L	sk	Wanderer
B.L	sk	Škoda Auto
B.L	sr	1930е
B.L	sr	Dizel-motor
B.L	sr	GTI
B.L	sr	Њемачки језик
B.L	sr	Џета
B.L	sr	Џету
B.L	sr	Адолф Хитлер
B.L	sr	Аутомобил
B.L	sr	Аутомобила
B.L	sr	Аутомобилска индустрија
B.L	sr	Бензинским мотором
B.L	sr	Буба (аутомобил)
B.L	sr	Велика Британија
B.L	sr	Волфсбург
B.L	sr	Врсте предузећа
B.L	sr	Голф 2
B.L	sr	Голфа 3
B.L	sr	Други свјетски рат
B.L	sr	Запослење
B.L	sr	Коњске снаге
B.L	sr	Мексико
B.L	sr	Мотор
B.L	sr	Немачка
B.L	sr	Немачки језик
B.L	sr	Нова буба
B.L	sr	Пасат (аутомобил)
B.L	sr	Поло
B.L	sr	Спортска
B.L	sr	Сједињене Америчке Државе
B.L	sr	Фердинанд Пијех
B.L	sr	Фердинанд Порше
B.L	sr	Фолксваген голф
B.L	ru	1937
B.L	ru	1964 год
B.L	ru	1969 год
B.L	ru	1986 год
B.L	ru	1991 год
B.L	ru	1994 год
B.L	ru	1998 год
B.L	ru	2002 год
B.L	ru	2003 год
B.L	ru	2004 год
B.L	ru	2007 год
B.L	ru	2009 год
B.L	ru	2010 год
B.L	ru	2011 год
B.L	ru	28 ноября
B.L	ru	31 декабря
B.L	ru	AXA
B.L	ru	Adidas
B.L	ru	Aegon
B.L	ru	Air Liquide
B.L	ru	Aktiengesellschaft
B.L	ru	Alcatel-Lucent
B.L	ru	Allianz
B.L	ru	ArcelorMittal
B.L	ru	Assicurazioni Generali
B.L	ru	Audi
B.L	ru	Audi AG
B.L	ru	Audi Division
B.L	ru	Auto Union
B.L	ru	Automobili Lamborghini S.p.A
B.L	ru	B-класс
B.L	ru	BASF
B.L	ru	BBVA
B.L	ru	BMW
B.L	ru	BNP Paribas
B.L	ru	Bayer
B.L	ru	Beiersdorf
B.L	ru	Bentley Motors
B.L	ru	Bentley Motors Ltd.
B.L	ru	Bertrandt
B.L	ru	Bugatti
B.L	ru	Bugatti Automobiles
B.L	ru	Bugatti Automobiles S.A.S.
B.L	ru	CKD
B.L	ru	Carrefour
B.L	ru	Commerzbank
B.L	ru	Crédit Agricole
B.L	ru	DAX
B.L	ru	Daimler
B.L	ru	Daimler-Benz
B.L	ru	Danone
B.L	ru	Deutsche Bank
B.L	ru	Deutsche Börse
B.L	ru	Deutsche Post AG
B.L	ru	Deutsche Telekom
B.L	ru	Dow Jones Euro Stoxx 50
B.L	ru	E.ON
B.L	ru	ENEL
B.L	ru	Eni
B.L	ru	Fortis
B.L	ru	Fortune Global 500
B.L	ru	France Télécom
B.L	ru	Fresenius
B.L	ru	Fresenius SE
B.L	ru	GDF Suez
B.L	ru	Grupo Santander
B.L	ru	Hannover Re
B.L	ru	Henkel
B.L	ru	ING Groep N.V.
B.L	ru	Iberdrola
B.L	ru	Intesa Sanpaolo
B.L	ru	K+S
B.L	ru	L'Oréal
B.L	ru	LVMH
B.L	ru	Lamborghini
B.L	ru	Lufthansa
B.L	ru	MAN
B.L	ru	MAN AG
B.L	ru	Merck KGaA
B.L	ru	Metro AG
B.L	ru	Munich Re
B.L	ru	NSU Motorenwerke
B.L	ru	Nokia
B.L	ru	Philips
B.L	ru	Porsche
B.L	ru	Porsche Automobil Holding
B.L	ru	RWE
B.L	ru	Rbc.ru
B.L	ru	Renault
B.L	ru	Repsol YPF
B.L	ru	Rolls-Royce
B.L	ru	SAP
B.L	ru	SEAT
B.L	ru	SEAT S.A.
B.L	ru	SKD
B.L	ru	Saint-Gobain
B.L	ru	Salzgitter AG
B.L	ru	Sanofi-Aventis
B.L	ru	Scania
B.L	ru	Scania AB
B.L	ru	Schneider Electric
B.L	ru	Seat
B.L	ru	Siemens
B.L	ru	Skoda Auto a.s.
B.L	ru	Skoda Octavia
B.L	ru	Skoda Yeti
B.L	ru	Société Générale
B.L	ru	Suzuki
B.L	ru	Telecom Italia
B.L	ru	Telefónica
B.L	ru	The Linde Group
B.L	ru	ThyssenKrupp
B.L	ru	Total
B.L	ru	UniCredit
B.L	ru	Unilever
B.L	ru	Vickers
B.L	ru	Vinci
B.L	ru	Vivendi
B.L	ru	Volkswagen
B.L	ru	Volkswagen Beetle
B.L	ru	Volkswagen Beetle (A5)
B.L	ru	Volkswagen Caddy
B.L	ru	Volkswagen Commercial Vehicles
B.L	ru	Volkswagen Corrado
B.L	ru	Volkswagen Derby
B.L	ru	Volkswagen Eos
B.L	ru	Volkswagen Financial Services
B.L	ru	Volkswagen Finanz
B.L	ru	Volkswagen Fox
B.L	ru	Volkswagen Golf
B.L	ru	Volkswagen Golf I
B.L	ru	Volkswagen Golf II
B.L	ru	Volkswagen Golf III
B.L	ru	Volkswagen Golf IV
B.L	ru	Volkswagen Golf Plus
B.L	ru	Volkswagen Golf V
B.L	ru	Volkswagen Golf VI
B.L	ru	Volkswagen Golf VII
B.L	ru	Volkswagen Group
B.L	ru	Volkswagen Jetta
B.L	ru	Volkswagen Lupo
B.L	ru	Volkswagen Marine
B.L	ru	Volkswagen New Beetle
B.L	ru	Volkswagen Passat
B.L	ru	Volkswagen Passat CC
B.L	ru	Volkswagen Phaeton
B.L	ru	Volkswagen Polo
B.L	ru	Volkswagen Polo sedan
B.L	ru	Volkswagen Santana
B.L	ru	Volkswagen Scirocco
B.L	ru	Volkswagen Sharan
B.L	ru	Volkswagen T5
B.L	ru	Volkswagen Tiguan
B.L	ru	Volkswagen Touareg
B.L	ru	Volkswagen Touran
B.L	ru	Volkswagen up
B.L	ru	Škoda Auto
B.L	ru	Škoda Fabia
B.L	ru	Škoda Octavia
B.L	ru	Škoda Roomster
B.L	ru	Škoda Superb
B.L	ru	Škoda Yeti
B.L	ru	Автобус
B.L	ru	Автомобилестроение
B.L	ru	Автомобиль
B.L	ru	Акционер
B.L	ru	Акционерное общество
B.L	ru	Брауншвейг
B.L	ru	Вольфсбург
B.L	ru	Выручка
B.L	ru	Германия
B.L	ru	Германская автомобильная ассоциация
B.L	ru	Германский трудовой фронт
B.L	ru	Гольф-класс
B.L	ru	Городской автомобиль
B.L	ru	Грабцево
B.L	ru	Грузовик
B.L	ru	Группа ГАЗ
B.L	ru	ЕБРР
B.L	ru	Евро
B.L	ru	Кабриолет
B.L	ru	Калуга
B.L	ru	Калужская область
B.L	ru	Классификация легковых автомобилей по размеру
B.L	ru	Коммерческий автомобиль
B.L	ru	Компактвэн
B.L	ru	Контрольный пакет акций
B.L	ru	Концерн
B.L	ru	Кроссовер (тип автомобиля)
B.L	ru	Купе (тип кузова)
B.L	ru	Легковой автомобиль
B.L	ru	Листинг (экономика)
B.L	ru	Микроавтобус
B.L	ru	Минивэн
B.L	ru	Минэкономразвития России
B.L	ru	Немецкий язык
B.L	ru	Подразделение (в организации)
B.L	ru	Представительский класс
B.L	ru	Продукт (бизнес)
B.L	ru	Русский язык
B.L	ru	Сайт
B.L	ru	Самосвал
B.L	ru	Средний класс (автомобили)
B.L	ru	Субкомпактвэн
B.L	ru	Технопарк
B.L	ru	Тягач
B.L	ru	Франкфуртская фондовая биржа
B.L	ru	Чистая прибыль
B.L	ru	Юридическое лицо
B.L	ru	Википедия:Ссылки на источники
B.L	ru	Шаблон:Ref-eng
B.L	ru	Шаблон:Volkswagen Group
B.L	ru	Шаблон:Автомобили Volkswagen
B.L	ru	Обсуждение шаблона:Автомобили Volkswagen
B.L	ro	1937
B.L	ro	1945
B.L	ro	1948
B.L	ro	1960
B.L	ro	1985
B.L	ro	2005
B.L	ro	2006
B.L	ro	2007
B.L	ro	AFR
B.L	ro	Al Doilea Război Mondial
B.L	ro	Audi
B.L	ro	Autobuz
B.L	ro	Autofrigorifică
B.L	ro	Automacara
B.L	ro	Autoturism
B.L	ro	Bentley
B.L	ro	Bugatti
B.L	ro	China
B.L	ro	Companie
B.L	ro	Constructor de automobile
B.L	ro	Corporație
B.L	ro	Ducati
B.L	ro	Engleză
B.L	ro	Ferdinand Porsche
B.L	ro	Germania
B.L	ro	Heinrich Nordhoff
B.L	ro	Lamborghini
B.L	ro	Limba germană
B.L	ro	MAN
B.L	ro	Nazism
B.L	ro	Opel
B.L	ro	Porsche
B.L	ro	SEAT
B.L	ro	SUV
B.L	ro	Scania
B.L	ro	Tokyo Stock Exchange
B.L	ro	Uniunea Europeană
B.L	ro	Volkswagen
B.L	ro	Volkswagen (speciale)
B.L	ro	Volkswagen Beetle
B.L	ro	Wolfsburg
B.L	ro	Škoda
B.L	ro	Wikipedia:Articolul ciot perfect
B.L	ro	Wikipedia:Găsește și repară un ciot
B.L	pt	06 de agosto
B.L	pt	16 de abril
B.L	pt	1937
B.L	pt	1985
B.L	pt	2002
B.L	pt	2005
B.L	pt	2007
B.L	pt	2008
B.L	pt	2011
B.L	pt	24 de abril
B.L	pt	3 de março
B.L	pt	Adidas
B.L	pt	Alemanha
B.L	pt	Alemanha nazista
B.L	pt	Allianz
B.L	pt	Audi
B.L	pt	Auto Union
B.L	pt	Autoeuropa
B.L	pt	Automóveis
B.L	pt	Automóvel
B.L	pt	BASF
B.L	pt	BMW
B.L	pt	Bayer
B.L	pt	Beiersdorf
B.L	pt	Bentley Motors Limited
B.L	pt	Bernd Pischetsrieder
B.L	pt	Bolsa de Valores de Frankfurt
B.L	pt	Bolsa de Valores de Tokyo
B.L	pt	Bugatti
B.L	pt	Caminhão
B.L	pt	Carl Hahn
B.L	pt	Commerzbank
B.L	pt	Continental AG
B.L	pt	DAX-30
B.L	pt	DKW
B.L	pt	Daimler AG
B.L	pt	Deutsche Bank
B.L	pt	Deutsche Börse
B.L	pt	Deutsche Post
B.L	pt	Deutsche Telekom
B.L	pt	Ducati
B.L	pt	E.ON
B.L	pt	Empresa de capital aberto
B.L	pt	Espanha
B.L	pt	Euro
B.L	pt	Ferdinand Piëch
B.L	pt	França
B.L	pt	Fresenius
B.L	pt	Fresenius Medical Care
B.L	pt	HeidelbergCement
B.L	pt	Heinrich Nordhoff
B.L	pt	Henkel
B.L	pt	Horch
B.L	pt	Indústria automobilística
B.L	pt	Infineon Technologies
B.L	pt	Itália
B.L	pt	Ivan Hirst
B.L	pt	K+S
B.L	pt	Kurt Lotz
B.L	pt	Lamborghini
B.L	pt	Linde AG
B.L	pt	Lufthansa
B.L	pt	MAN SE
B.L	pt	METRO AG
B.L	pt	Martin Winterkorn
B.L	pt	Merck KGaA
B.L	pt	Munich Re
B.L	pt	NSU Motorenwerke AG
B.L	pt	Porsche
B.L	pt	Portugal
B.L	pt	RWE
B.L	pt	Reino Unido
B.L	pt	República Checa
B.L	pt	Rudolf Leiding
B.L	pt	SAP AG
B.L	pt	SEAT
B.L	pt	Scania
B.L	pt	Siemens AG
B.L	pt	Skoda Auto
B.L	pt	Suécia
B.L	pt	ThyssenKrupp
B.L	pt	Toni Schmucker
B.L	pt	Volkswagen
B.L	pt	Volkswagen Fusca
B.L	pt	Volkswagen Veículos Comerciais
B.L	pt	Wanderer (car)
B.L	pt	Wolfsburg
B.L	pt	Predefinição:DAX
B.L	pt	Portal:Alemanha
B.L	zh	1934年
B.L	zh	1937年
B.L	zh	1938年
B.L	zh	1944年
B.L	zh	1949年
B.L	zh	1955年
B.L	zh	1985年
B.L	zh	6月22日
B.L	zh	Audi R8
B.L	zh	Aurangabad (Maharashtra)
B.L	zh	BMW
B.L	zh	Bratislava
B.L	zh	Crewe
B.L	zh	Curitiba
B.L	zh	Córdoba (Argentinien)
B.L	zh	DAX指数
B.L	zh	E.ON
B.L	zh	El Prat de Llobregat
B.L	zh	Europcar
B.L	zh	Gedas
B.L	zh	Győr
B.L	zh	K+S
B.L	zh	Kaluga
B.L	zh	Kvasiny
B.L	zh	Lanxess
B.L	zh	MAN股份公司
B.L	zh	Martorell
B.L	zh	Mladá Boleslav
B.L	zh	Pacheco
B.L	zh	Polkowice
B.L	zh	Poznań
B.L	zh	RWE
B.L	zh	Resende (Brasilien)
B.L	zh	SAP公司
B.L	zh	Sant'Agata-Bolognese
B.L	zh	Sao Bernardo do Campo
B.L	zh	Sarajevo
B.L	zh	Setúbal
B.L	zh	S´dom
B.L	zh	São Carlos
B.L	zh	Taubaté
B.L	zh	Uitenhage
B.L	zh	Vrachlabi
B.L	zh	一汽-大众汽车有限公司
B.L	zh	上海
B.L	zh	上海大众
B.L	zh	上海大众汽车有限公司
B.L	zh	下萨克森
B.L	zh	下萨克森州
B.L	zh	不伦瑞克
B.L	zh	中华人民共和国
B.L	zh	中国
B.L	zh	二战
B.L	zh	亚洲
B.L	zh	以色列
B.L	zh	俄罗斯
B.L	zh	保时捷
B.L	zh	保時捷
B.L	zh	内卡苏尔姆
B.L	zh	利润
B.L	zh	匈牙利
B.L	zh	北美
B.L	zh	南美
B.L	zh	南非
B.L	zh	卡塞尔
B.L	zh	印度
B.L	zh	因戈尔施塔特
B.L	zh	埃姆登
B.L	zh	墨西哥
B.L	zh	大众汽车
B.L	zh	大眾汽車球場
B.L	zh	大陆集团
B.L	zh	奥迪
B.L	zh	安联
B.L	zh	巴塞罗那
B.L	zh	巴斯夫
B.L	zh	巴西
B.L	zh	布佳迪
B.L	zh	布鲁塞尔
B.L	zh	廂型車
B.L	zh	开姆尼茨
B.L	zh	德国
B.L	zh	德国商业银行
B.L	zh	德国电信
B.L	zh	德国邮政
B.L	zh	德國甲組足球聯賽
B.L	zh	德國證券交易所
B.L	zh	德意志银行
B.L	zh	德累斯顿
B.L	zh	意大利
B.L	zh	愛迪達
B.L	zh	慕尼黑再保险
B.L	zh	慶眾汽車
B.L	zh	戴姆勒
B.L	zh	拜尔斯道夫
B.L	zh	拜耳
B.L	zh	捷克
B.L	zh	摩泽尔
B.L	zh	斯堪尼亚
B.L	zh	斯堪尼亚汽车
B.L	zh	斯柯达
B.L	zh	斯洛伐克
B.L	zh	普埃布拉（Puebla）
B.L	zh	杜卡迪
B.L	zh	林寶堅尼
B.L	zh	林德
B.L	zh	桑塔纳
B.L	zh	欧洲
B.L	zh	比利时
B.L	zh	汉莎航空
B.L	zh	汉诺威
B.L	zh	汉高公司
B.L	zh	汽车
B.L	zh	沃尔夫斯堡
B.L	zh	沃尔夫斯堡足球俱乐部
B.L	zh	波兰
B.L	zh	波黑
B.L	zh	海德堡水泥
B.L	zh	潘普洛纳
B.L	zh	營業額
B.L	zh	狼堡
B.L	zh	瑞士銀行
B.L	zh	產業
B.L	zh	甲壳虫车
B.L	zh	纳粹德国
B.L	zh	联邦德国
B.L	zh	英国
B.L	zh	英飞凌
B.L	zh	萨尔茨基特
B.L	zh	葡萄牙
B.L	zh	蒂森克虏伯
B.L	zh	西亚特
B.L	zh	西班牙
B.L	zh	西门子公司
B.L	zh	費迪南·保時捷
B.L	zh	賓利
B.L	zh	费森尤斯
B.L	zh	费森尤斯医疗
B.L	zh	鈴木汽車
B.L	zh	长春
B.L	zh	阿根廷
B.L	zh	除税及利息前盈利
B.L	zh	非洲
B.L	zh	默克集團
B.L	zh	Template:DAX指数成份公司
B.L	zh	Template talk:DAX指数成份公司
B.L	zh	Category:公司
B.L	ast	1937
B.L	ast	1945
B.L	ast	1960
B.L	ast	1985
B.L	ast	4 de xunetu
B.L	ast	Alemaña
B.L	ast	Alemaña nazi
B.L	ast	Audi
B.L	ast	BMW
B.L	ast	Baxa Sayoña
B.L	ast	Bentley (automóviles)
B.L	ast	Bentley Motors Limited
B.L	ast	Bugatti
B.L	ast	España
B.L	ast	Europa del Este
B.L	ast	Fiat Group
B.L	ast	Ford Motor Company
B.L	ast	Francia
B.L	ast	General Motors
B.L	ast	Heinrich Nordhoff
B.L	ast	Inversor
B.L	ast	Italdesign Giugiaro
B.L	ast	Italia
B.L	ast	Lamborghini
B.L	ast	Mercedes-Benz
B.L	ast	Negociu
B.L	ast	Opel
B.L	ast	Porsche
B.L	ast	Prensa escrita
B.L	ast	Reinu Xuníu
B.L	ast	República Checa
B.L	ast	SEAT
B.L	ast	Scania
B.L	ast	Segunda Griesca Mundial
B.L	ast	Suzuki
B.L	ast	UBS AG
B.L	ast	Ufierta pública d'adquisición
B.L	ast	Unión Europea
B.L	ast	Volkswagen
B.L	ast	Volkswagen AG
B.L	ast	Volkswagen Escarabah.o
B.L	ast	Volkswagen Vehículos Comerciales
B.L	ast	Wikimedia Commons
B.L	ast	Wolfsburg
B.L	ast	Xunetu
B.L	ast	Zúrich
B.L	ast	Škoda
CN	de	Volkswagen_AG
IWL	fi	Volkswagen Group
IWL	fr	Volkswagen (entreprise)
IWL	he	קבוצת פולקסווגן
IWL	fa	گروه فولکس‌واگن
IWL	el	Όμιλος Volkswagen
IWL	eo	Volkswagen AG
IWL	en	Volkswagen Group
IWL	et	Volkswagen AG
IWL	es	Grupo Volkswagen
IWL	ca	Grup Volkswagen
IWL	bs	Volkswagen grupa
IWL	br	Volkswagen (embregerezh)
IWL	bg	Фолксваген
IWL	be	Volkswagen Group
IWL	da	Volkswagen Aktiengesellschaft
IWL	cy	Volkswagen AG
IWL	cs	Volkswagen Group
IWL	nah	Volkswagen AG
IWL	ar	مجموعة فولكس فاجن
IWL	no	Volkswagen Group
IWL	pl	Volkswagen AG
IWL	lv	Volkswagen grupa
IWL	lt	Volkswagen AG
IWL	nl	Volkswagen AG
IWL	ko	폭스바겐 AG
IWL	id	Grup Volkswagen
IWL	it	Gruppo Volkswagen
IWL	ja	フォルクスワーゲングループ
IWL	uk	Volkswagen AG
IWL	tr	Volkswagen grubu
IWL	sv	Volkswagen AG
IWL	sl	Volkswagen Group
IWL	sk	Volkswagen Group
IWL	sr	Фолксваген
IWL	ru	Volkswagen (концерн)
IWL	ro	Grupul Volkswagen
IWL	pt	Grupo Volkswagen
IWL	zh	大众集团
IWL	ast	Grupu Volkswagen
