A.L	de	15. Mai
A.L	de	1959
A.L	de	Abgeordnetenwatch.de
A.L	de	Angela Merkel
A.L	de	Annette Schavan
A.L	de	Bernhard Josef Schönmackers
A.L	de	Bodo Hombach
A.L	de	Bruno Heck
A.L	de	Bundeskanzleramt (Deutschland)
A.L	de	Bundesminister für besondere Aufgaben
A.L	de	Bundesnachrichtendienst
A.L	de	Bundestagswahl 2009
A.L	de	Bundestagswahlkreis Kleve
A.L	de	Bundesverfassungsgericht
A.L	de	CDU-Bundesparteitag
A.L	de	CDU-Bundesvorstand
A.L	de	CDU/CSU-Bundestagsfraktion
A.L	de	Christlich Demokratische Union Deutschlands
A.L	de	Daniel Bahr
A.L	de	Der Spiegel
A.L	de	Deutsche Nationalbibliothek
A.L	de	Deutscher Bundestag
A.L	de	Deutschland
A.L	de	Die Zeit
A.L	de	Dirk Niebel
A.L	de	Dresden
A.L	de	Düsseldorf
A.L	de	Egon Bahr
A.L	de	Erika Steinbach
A.L	de	Erststimme
A.L	de	Erwin Lotter
A.L	de	Essen
A.L	de	Europäischer Stabilitätsmechanismus
A.L	de	Evangelische Kirche
A.L	de	Fachhochschule
A.L	de	Fachhochschulreife
A.L	de	Fachoberschule
A.L	de	Fraktion (Politik)
A.L	de	Frank-Walter Steinmeier
A.L	de	Franz-Josef Wuermeling
A.L	de	Franz Josef Jung
A.L	de	Franz Josef Strauß
A.L	de	Friedrich Bohl
A.L	de	Geheimdienst
A.L	de	Gemeinderat (Deutschland)
A.L	de	Gemeinsame Normdatei
A.L	de	Generalsekretär
A.L	de	Gerhard Konow
A.L	de	Guido Westerwelle
A.L	de	Günther Krause
A.L	de	Hans-Peter Friedrich
A.L	de	Hans Globke
A.L	de	Hans Klein
A.L	de	Hansjoachim Walther
A.L	de	Heiner Geißler
A.L	de	Heinrich Krone
A.L	de	Helmut Kohl
A.L	de	Hermann Gröhe
A.L	de	Hermann Schäfer
A.L	de	Horst Ehmke
A.L	de	Horst Grabert
A.L	de	Ilse Aigner
A.L	de	Johanna Wanka
A.L	de	Junge Union
A.L	de	Justiziar
A.L	de	Jürgen Rüttgers
A.L	de	Kabinett Merkel II
A.L	de	Karl-Theodor zu Guttenberg
A.L	de	Karl Carstens
A.L	de	Kleve
A.L	de	Konrad Kraske
A.L	de	Kristina Schröder
A.L	de	Kurt Biedenkopf
A.L	de	Landesliste
A.L	de	Laurenz Meyer
A.L	de	Lothar de Maizière
A.L	de	Ludger Westrick
A.L	de	Manfred Lahnstein
A.L	de	Manfred Schüler
A.L	de	Mitglied des Deutschen Bundestages
A.L	de	Mittelstand
A.L	de	Mittlere Reife
A.L	de	Norbert Röttgen
A.L	de	Nordrhein-Westfalen
A.L	de	Otto Lenz
A.L	de	PRISM
A.L	de	Peter Altmaier
A.L	de	Peter Hintze
A.L	de	Peter Ramsauer
A.L	de	Philipp Rösler
A.L	de	Politiker
A.L	de	Politische Immunität
A.L	de	Rainer Brüderle
A.L	de	Rainer Ortleb
A.L	de	Rechtsanwalt
A.L	de	Rechtswissenschaften
A.L	de	Referendariat
A.L	de	Region Niederrhein
A.L	de	Robert Tillmanns
A.L	de	Rudolf Seiters
A.L	de	Ruprecht Polenz
A.L	de	Sabine Bergmann-Pohl
A.L	de	Sabine Leutheusser-Schnarrenberger
A.L	de	Schattenkabinett
A.L	de	Sozialpädagogik
A.L	de	Sozietät
A.L	de	Staatsexamen
A.L	de	Stephan Holthoff-Pförtner
A.L	de	Studium
A.L	de	Thomas de Maizière
A.L	de	Universität zu Köln
A.L	de	Ursula von der Leyen
A.L	de	Virtual International Authority File
A.L	de	Volker Kauder
A.L	de	Volker Rühe
A.L	de	Waldemar Kraft
A.L	de	Waldemar Schreckenberger
A.L	de	Weeze
A.L	de	Werner Knieper
A.L	de	Werner Maihofer
A.L	de	Wolfgang Bosbach
A.L	de	Wolfgang Schäuble
A.L	de	Hilfe:Personendaten
B.L	fr	15 mai
B.L	fr	1949
B.L	fr	1959
B.L	fr	1975
B.L	fr	1977
B.L	fr	1979
B.L	fr	1981
B.L	fr	1987
B.L	fr	1990
B.L	fr	1991
B.L	fr	1992
B.L	fr	2000
B.L	fr	2004
B.L	fr	2005
B.L	fr	2006
B.L	fr	2007
B.L	fr	2009
B.L	fr	27 novembre
B.L	fr	28 octobre
B.L	fr	2 décembre
B.L	fr	5 décembre
B.L	fr	Allemagne
B.L	fr	Allemagne de l'Ouest
B.L	fr	Angela Merkel
B.L	fr	Annette Schavan
B.L	fr	Arrondissement de Clèves
B.L	fr	Assistant social
B.L	fr	Avocat (métier)
B.L	fr	Bodo Hombach
B.L	fr	Brigitte Zypries
B.L	fr	Bundestag
B.L	fr	Cabinet Merkel I
B.L	fr	Cabinet Merkel II
B.L	fr	Cabinet Schröder II
B.L	fr	Chancelier fédéral (Allemagne)
B.L	fr	Chancellerie fédérale (Allemagne)
B.L	fr	Clèves
B.L	fr	Coalition noire-jaune
B.L	fr	Daniel Bahr
B.L	fr	Dirk Niebel
B.L	fr	Droit
B.L	fr	Décembre 1990
B.L	fr	Décembre 2005
B.L	fr	Fachhochschule
B.L	fr	Fachhochschule Düsseldorf
B.L	fr	Frank-Walter Steinmeier
B.L	fr	Franz-Josef Wuermeling
B.L	fr	Franz Josef Jung
B.L	fr	Franz Müntefering
B.L	fr	Friedrich Bohl
B.L	fr	General Certificate of Secondary Education
B.L	fr	Gerhard Konow
B.L	fr	Gouvernement fédéral (Allemagne)
B.L	fr	Groupe CDU/CSU au Bundestag
B.L	fr	Guido Westerwelle
B.L	fr	Hans-Peter Friedrich
B.L	fr	Hans Globke
B.L	fr	Heidemarie Wieczorek-Zeul
B.L	fr	Homme politique
B.L	fr	Horst Ehmke
B.L	fr	Horst Grabert
B.L	fr	Horst Seehofer
B.L	fr	Ilse Aigner
B.L	fr	Johanna Wanka
B.L	fr	Junge Union
B.L	fr	Karl-Theodor zu Guttenberg
B.L	fr	Karl Carstens
B.L	fr	Kristina Schröder
B.L	fr	Ludger Westrick
B.L	fr	Mai 1959
B.L	fr	Manfred Lahnstein
B.L	fr	Manfred Schüler
B.L	fr	Michael Glos
B.L	fr	Ministre fédéral avec attributions spéciales
B.L	fr	Ministère fédéral de l'Agriculture (Allemagne)
B.L	fr	Ministère fédéral de l'Environnement (Allemagne)
B.L	fr	Ministère fédéral de l'Intérieur (Allemagne)
B.L	fr	Ministère fédéral de l'Économie (Allemagne)
B.L	fr	Ministère fédéral de l'Éducation et de la Recherche (Allemagne)
B.L	fr	Ministère fédéral de la Coopération économique (Allemagne)
B.L	fr	Ministère fédéral de la Défense (Allemagne)
B.L	fr	Ministère fédéral de la Famille (Allemagne)
B.L	fr	Ministère fédéral de la Justice (Allemagne)
B.L	fr	Ministère fédéral de la Santé (Allemagne)
B.L	fr	Ministère fédéral des Finances (Allemagne)
B.L	fr	Ministère fédéral des Transports et de la Construction (Allemagne)
B.L	fr	Ministère fédéral du Travail (Allemagne)
B.L	fr	Norbert Röttgen
B.L	fr	Novembre 2006
B.L	fr	Octobre 2009
B.L	fr	Office des Affaires étrangères (Allemagne)
B.L	fr	Olaf Scholz
B.L	fr	Otto Lenz
B.L	fr	Peer Steinbrück
B.L	fr	Peter Altmaier
B.L	fr	Peter Ramsauer
B.L	fr	Philipp Rösler
B.L	fr	Politique de l'Allemagne
B.L	fr	Rainer Brüderle
B.L	fr	Rhénanie
B.L	fr	Rhénanie-du-Nord-Westphalie
B.L	fr	Rudolf Seiters
B.L	fr	Sabine Leutheusser-Schnarrenberger
B.L	fr	Sigmar Gabriel
B.L	fr	Stagiaire
B.L	fr	Thomas de Maizière
B.L	fr	Ulla Schmidt
B.L	fr	Union chrétienne-démocrate d'Allemagne
B.L	fr	Université de Cologne
B.L	fr	Ursula von der Leyen
B.L	fr	Vice-chancelier (Allemagne)
B.L	fr	Volker Kauder
B.L	fr	Waldemar Schreckenberger
B.L	fr	Werner Knieper
B.L	fr	Wolfgang Schäuble
B.L	fr	Wolfgang Tiefensee
B.L	fr	Élections fédérales allemandes de 1990
B.L	fr	Études supérieures
B.L	fr	Évangélique
B.L	fr	Modèle:Palette Cabinet Merkel
B.L	fr	Modèle:Palette Directeurs de la chancellerie allemande
B.L	fr	Discussion modèle:Palette Cabinet Merkel
B.L	fr	Discussion modèle:Palette Directeurs de la chancellerie allemande
B.L	fr	Catégorie:Portail:Allemagne/Articles liés
B.L	fr	Catégorie:Portail:Politique/Articles liés
B.L	fr	Portail:Allemagne
B.L	fr	Portail:Politique
B.L	eo	15-an de majo
B.L	eo	1959
B.L	eo	2002
B.L	eo	28-a de oktobro
B.L	eo	Christlich Demokratische Union Deutschlands
B.L	eo	Germana politikisto
B.L	eo	Germanoj
B.L	eo	Ministraro dua de Angela Merkel
B.L	eo	Parlamenta baloto en Germanio 2009
B.L	eo	Politikisto
B.L	eo	Weeze
B.L	eo	Vikipedio:La perfekta ĝermo de artikolo
B.L	eo	Vikipedio:Tradukoj
B.L	eo	Vikipedio:Trovi aŭ kreskigi ĝermojn
B.L	eo	Kategorio:Ĝermoj pri Germana politikisto
B.L	eo	Kategorio:Ĝermoj pri germana politikisto
B.L	eo	Kategorio:Ĝermoj pri germana politikistoj
B.L	eo	Kategorio:Ĝermoj pri germanaj politikistoj
B.L	en	Alma mater
B.L	en	Angela Merkel
B.L	en	Annette Schavan
B.L	en	Authority control
B.L	en	Bodo Hombach
B.L	en	Bundestag
B.L	en	CDU/CSU
B.L	en	CSU
B.L	en	Cabinet Merkel II
B.L	en	Chancellor of Germany
B.L	en	Christian Democratic Union (Germany)
B.L	en	Daniel Bahr
B.L	en	Der Spiegel
B.L	en	Diplom
B.L	en	Dirk Niebel
B.L	en	European Financial Stability Facility
B.L	en	Fachhochschule
B.L	en	Federal Minister for Special Affairs of Germany
B.L	en	Federal Minister of Economics and Technology
B.L	en	Federal Ministry of Health (Germany)
B.L	en	Feigling
B.L	en	Frank-Walter Steinmeier
B.L	en	Franz-Josef Wuermeling
B.L	en	Franz Josef Jung
B.L	en	Friedrich Bohl
B.L	en	Gerhard Konow
B.L	en	German Chancellery
B.L	en	German federal election, 1990
B.L	en	Germany
B.L	en	Guido Westerwelle
B.L	en	Hans-Peter Friedrich
B.L	en	Hans Globke
B.L	en	Horst Ehmke
B.L	en	Horst Grabert
B.L	en	Ilse Aigner
B.L	en	Incumbent
B.L	en	Johanna Wanka
B.L	en	Junge Union
B.L	en	Karl-Theodor zu Guttenberg
B.L	en	Karl Carstens
B.L	en	Kleve
B.L	en	Kristina Schröder
B.L	en	Law
B.L	en	Lawyer
B.L	en	Ludger Westrick
B.L	en	Manfred Lahnstein
B.L	en	Manfred Schüler
B.L	en	Norbert Röttgen
B.L	en	North Rhine-Westphalia
B.L	en	Northrhine-Westphalia
B.L	en	Otto Lenz
B.L	en	Peter Altmaier
B.L	en	Peter Ramsauer
B.L	en	Philipp Rösler
B.L	en	Politician
B.L	en	Rainer Brüderle
B.L	en	Rudolf Seiters
B.L	en	Sabine Leutheusser-Schnarrenberger
B.L	en	Second Cabinet Merkel
B.L	en	Secretary General
B.L	en	Social pedagogy
B.L	en	Staatsexamen
B.L	en	Sustainable Development
B.L	en	Thomas de Maizière
B.L	en	University of Cologne
B.L	en	Ursula von der Leyen
B.L	en	Vice Chancellor of Germany
B.L	en	Virtual International Authority File
B.L	en	Waldemar Schreckenberger
B.L	en	Weeze
B.L	en	Werner Knieper
B.L	en	Wolfgang Bosbach
B.L	en	Wolfgang Schäuble
B.L	en	Wikipedia:Persondata
B.L	en	Template:Cabinet Merkel II
B.L	en	Template:Heads of the German Chancellery
B.L	en	Template talk:Cabinet Merkel II
B.L	en	Template talk:Heads of the German Chancellery
B.L	da	15. maj
B.L	da	1959
B.L	da	1975
B.L	da	1981
B.L	da	1986
B.L	da	1991
B.L	da	1992
B.L	da	Bundeskanzleramt
B.L	da	CDU
B.L	da	Forbundsdagen
B.L	da	Junge Union
B.L	da	Jura
B.L	da	Nordrhein-Westfalen
B.L	da	Politiker
B.L	da	Regeringen Angela Merkel II
B.L	da	Thomas de Maizière
B.L	da	Tyskland
B.L	da	Universität zu Köln
B.L	da	Weeze
B.L	da	Wikimedia Commons
B.L	ar	15 مايو
B.L	ar	1959
B.L	ar	2009
B.L	ar	28 اكتوبر
B.L	ar	ألمانيا
B.L	ar	ألمانيا الغربية
B.L	ar	اكتوبر
B.L	ar	الاتحاد الديمقراطي المسيحي
B.L	ar	توماس دي مايتسيره
B.L	ar	شمال الراين وستفاليا
B.L	ar	لغة ألمانية
B.L	ar	ويكيميديا كومنز
B.L	ar	ويكيبيديا:بذرة
B.L	ar	ملحق:15 مايو
B.L	ar	ملحق:1959
B.L	no	15. mai
B.L	no	1959
B.L	no	1975
B.L	no	1987
B.L	no	1990
B.L	no	1991
B.L	no	2000
B.L	no	2004
B.L	no	2005
B.L	no	2009
B.L	no	Angela Merkel
B.L	no	Angela Merkels andre regjering
B.L	no	Annette Schavan
B.L	no	CDU
B.L	no	Daniel Bahr
B.L	no	Dirk Niebel
B.L	no	Forbundsdagen
B.L	no	Franz Josef Jung
B.L	no	Guido Westerwelle
B.L	no	Hans-Peter Friedrich
B.L	no	Ilse Aigner
B.L	no	Johanna Wanka
B.L	no	Junge Union
B.L	no	Kanzleramt
B.L	no	Karl-Theodor zu Guttenberg
B.L	no	Kleve
B.L	no	Kristina Schröder
B.L	no	Niederrhein
B.L	no	Norbert Röttgen
B.L	no	Peter Altmaier
B.L	no	Peter Ramsauer
B.L	no	Philipp Rösler
B.L	no	Rainer Brüderle
B.L	no	Sabine Leutheusser-Schnarrenberger
B.L	no	Thomas de Maizière
B.L	no	Ursula von der Leyen
B.L	no	Weeze
B.L	no	Wikimedia Commons
B.L	no	Wolfgang Schäuble
B.L	no	Mal:Merkels andre kabinett
B.L	no	Maldiskusjon:Merkels andre kabinett
B.L	pl	15 maja
B.L	pl	1959
B.L	pl	Angela Merkel
B.L	pl	Annette Schavan
B.L	pl	Bundestag
B.L	pl	Daniel Bahr
B.L	pl	Dirk Niebel
B.L	pl	Drugi rząd Angeli Merkel
B.L	pl	Essen
B.L	pl	Franz Josef Jung
B.L	pl	Guido Westerwelle
B.L	pl	Hans-Peter Friedrich
B.L	pl	Ilse Aigner
B.L	pl	Johanna Wanka
B.L	pl	Język niemiecki
B.L	pl	Karl-Theodor zu Guttenberg
B.L	pl	Kleve
B.L	pl	Kolonia (Niemcy)
B.L	pl	Kontrola autorytatywna
B.L	pl	Kristina Schröder
B.L	pl	Nadrenia
B.L	pl	Nadrenia Północna-Westfalia
B.L	pl	Niemcy
B.L	pl	Norbert Röttgen
B.L	pl	Online Computer Library Center
B.L	pl	Peter Altmaier
B.L	pl	Peter Ramsauer
B.L	pl	Philipp Rösler
B.L	pl	Rainer Brüderle
B.L	pl	Sabine Leutheusser-Schnarrenberger
B.L	pl	Thomas de Maizière
B.L	pl	Unia Chrześcijańsko-Demokratyczna (Niemcy)
B.L	pl	Ursula von der Leyen
B.L	pl	Weeze
B.L	pl	Wolfgang Schäuble
B.L	pl	Wybory parlamentarne w Niemczech w 1990 roku
B.L	pl	Wybory parlamentarne w Niemczech w 1994 roku
B.L	pl	Wybory parlamentarne w Niemczech w 1998 roku
B.L	pl	Wybory parlamentarne w Niemczech w 2002 roku
B.L	pl	Wybory parlamentarne w Niemczech w 2005 roku
B.L	pl	Wybory parlamentarne w Niemczech w 2009 roku
B.L	pl	Szablon:Drugi rząd Angeli Merkel
B.L	pl	Dyskusja szablonu:Drugi rząd Angeli Merkel
B.L	la	15 Maii
B.L	la	1959
B.L	la	1975
B.L	la	1981
B.L	la	1986
B.L	la	1987
B.L	la	1990
B.L	la	1991
B.L	la	1992
B.L	la	2005
B.L	la	2009
B.L	la	28 Octobris
B.L	la	Administer Foederalis Officiorum Praecipuorum
B.L	la	Administratio Merkel 2
B.L	la	Angela Merkel
B.L	la	Annetta Schavan
B.L	la	Assindia
B.L	la	Bodo Hombach
B.L	la	Bruno Heck
B.L	la	Carolus Theodorus zu Guttenberg
B.L	la	Christiana Democratica Unio Germaniae
B.L	la	Christina Schröder
B.L	la	Cleve
B.L	la	Colonia Agrippina
B.L	la	Conradus Kraske
B.L	la	Curtius Biedenkopf
B.L	la	Daniel Bahr
B.L	la	Dieta Foederalis Germaniae
B.L	la	Dusseldorpium
B.L	la	Egon Bahr
B.L	la	Franciscus Iosephus Strauß
B.L	la	Franciscus Josephus Jung
B.L	la	Fridericus Bohl
B.L	la	Germania
B.L	la	Guido Westerwelle
B.L	la	Guntherus Krause
B.L	la	Henricus Geißler
B.L	la	Henricus Krone
B.L	la	Hermannus Gröhe
B.L	la	Hermannus Schäfer
B.L	la	Horatius Ehmke
B.L	la	Ilse Aigner
B.L	la	Ioanna Wanka
B.L	la	Ioannes-Petrus Friedrich
B.L	la	Ioannes Ioachim Walther
B.L	la	Ioannes Klein
B.L	la	Laurentius Meyer
B.L	la	Lotharius de Maizière
B.L	la	Ludgerius Westrick
B.L	la	Norbertus Röttgen
B.L	la	Officium Cancellarii Foederalis
B.L	la	Petrus Altmaier
B.L	la	Petrus Hintze
B.L	la	Petrus Ramsauer
B.L	la	Philippus Rösler
B.L	la	Rainer Brüderle
B.L	la	Rainerus Ortleb
B.L	la	Rhenania Septentrionalis-Vestfalia
B.L	la	Robertus Tillmanns
B.L	la	Rudolphus Seiters
B.L	la	Ruprechtus Polenz
B.L	la	Sabina Bergmann-Pohl
B.L	la	Sabina Leutheusser-Schnarrenberger
B.L	la	Secretarius generalis CDU
B.L	la	Theodericus Niebel
B.L	la	Thomas de Maizière
B.L	la	Unio iuvenilis
B.L	la	Ursula de Leyen
B.L	la	Volfgangus Schäuble
B.L	la	Volkerus Kauder
B.L	la	Volkerus Rühe
B.L	la	Waldemarius Kraft
B.L	la	Wernerus Maihofer
B.L	ja	1959年
B.L	ja	2009年
B.L	ja	5月15日
B.L	ja	アンゲラ・メルケル
B.L	ja	エッセン
B.L	ja	クレーフェ
B.L	ja	ケルン大学
B.L	ja	デュッセルドルフ
B.L	ja	トーマス・デメジエール
B.L	ja	ドイツ
B.L	ja	ドイツキリスト教民主同盟
B.L	ja	ドイツマルク
B.L	ja	ドイツ社会民主党
B.L	ja	ドイツ福音主義教会
B.L	ja	ドイツ連邦共和国
B.L	ja	ドイツ連邦議会
B.L	ja	ノルトライン＝ヴェストファーレン州
B.L	ja	ラインラント福音主義教会
B.L	ja	ローマ・カトリック教会
B.L	ja	政治家
B.L	ja	連邦憲法裁判所
B.L	tr	1975
B.L	tr	1981
B.L	tr	1986
B.L	tr	1990
B.L	tr	1991
B.L	tr	1992
B.L	tr	2004
B.L	tr	2005
B.L	tr	2009
B.L	tr	Alman
B.L	tr	Başbakan
B.L	tr	CDU
B.L	tr	CSU
B.L	tr	Kurmay
B.L	tr	Köln
B.L	tr	Merkel
B.L	tr	Politikacı
B.L	tr	Staatsexamen
B.L	tr	Weeze
B.L	tr	Vikipedi:Madde
B.L	tr	Vikipedi:Taslak madde
B.L	sv	15 maj
B.L	sv	1959
B.L	sv	Angela Merkel
B.L	sv	Annette Schavan
B.L	sv	Bundeskanzleramt
B.L	sv	Christlich Demokratische Union Deutschlands
B.L	sv	Daniel Bahr
B.L	sv	Dirk Niebel
B.L	sv	Franz Josef Jung
B.L	sv	Generalsekreterare
B.L	sv	Guido Westerwelle
B.L	sv	Hans-Peter Friedrich
B.L	sv	Ilse Aigner
B.L	sv	Johanna Wanka
B.L	sv	Karl-Theodor zu Guttenberg
B.L	sv	Kristina Schröder
B.L	sv	Minister utan portfölj
B.L	sv	Norbert Röttgen
B.L	sv	Peter Altmaier
B.L	sv	Peter Ramsauer
B.L	sv	Philipp Rösler
B.L	sv	Politik i Tyskland
B.L	sv	Politiker
B.L	sv	Rainer Brüderle
B.L	sv	Regeringen Merkel II
B.L	sv	Sabine Leutheusser-Schnarrenberger
B.L	sv	Thomas de Maizière
B.L	sv	Tysk
B.L	sv	Tysklands förbundsregering
B.L	sv	Ursula von der Leyen
B.L	sv	Weeze
B.L	sv	Wolfgang Schäuble
B.L	sv	Wikipedia:Stubbar
B.L	sv	Mall:Regeringen Merkel II
B.L	sv	Malldiskussion:Regeringen Merkel II
B.L	ru	15 мая
B.L	ru	1959
B.L	ru	1959 год
B.L	ru	2009 год
B.L	ru	28 октября
B.L	ru	Адвокат
B.L	ru	Бундестаг
B.L	ru	Веце
B.L	ru	Викисклад
B.L	ru	Германия
B.L	ru	Кёльнский университет
B.L	ru	Мезьер, Томас де
B.L	ru	Меркель, Ангела
B.L	ru	Немецкий язык
B.L	ru	Политик
B.L	ru	Северный Рейн-Вестфалия
B.L	ru	Список глав канцелярии федерального канцлера Германии
B.L	ru	Федеративная Республика Германии (до 1990)
B.L	ru	Христианско-демократический союз (Германия)
CN	de	Ronald_Pofalla
IWL	fr	Ronald Pofalla
IWL	eo	Ronald Pofalla
IWL	en	Ronald Pofalla
IWL	da	Ronald Pofalla
IWL	ar	رونالد بوفالا
IWL	no	Ronald Pofalla
IWL	pl	Ronald Pofalla
IWL	la	Ronaldus Pofalla
IWL	ja	ローラント・ポファッラ
IWL	tr	Ronald Pofalla
IWL	sv	Ronald Pofalla
IWL	ru	Пофалла, Рональд
