A.L	de	Amtlicher Gemeindeschlüssel
A.L	de	Arbeitersiedlung
A.L	de	BASF
A.L	de	Bad Dürrenberg
A.L	de	Bad Lauchstädt
A.L	de	Bahnstrecke Leipzig-Merseburg
A.L	de	Bahnstrecke Merseburg–Leipzig
A.L	de	Barnstädt
A.L	de	Bernd Bobrich
A.L	de	Birger Priddat
A.L	de	Blasonierung
A.L	de	Braunsbedra
A.L	de	Bundesautobahn
A.L	de	Bundesautobahn 38
A.L	de	Bundesstraße
A.L	de	Bundesstraße 91
A.L	de	Burgenlandkreis
A.L	de	Bürgermeister
A.L	de	Chemie
A.L	de	Christian August Crusius
A.L	de	Christina Lehmann
A.L	de	Christlich Demokratische Union Deutschlands
A.L	de	Daspig
A.L	de	Die Linke
A.L	de	Dow Olefinverbund
A.L	de	Dölkau
A.L	de	Einheitsgemeinde
A.L	de	Farnstädt
A.L	de	Freie Demokratische Partei
A.L	de	Friedensdorf (Leuna)
A.L	de	Gasolin (Tankstellenkette)
A.L	de	Grabbeigabe
A.L	de	Göhlitzsch
A.L	de	Göhren (Leuna)
A.L	de	Günthersdorf
A.L	de	Halle (Saale)
A.L	de	Hallesche Verkehrs-AG
A.L	de	Haßleben-Leuna-Gruppe
A.L	de	Horburg-Maßlau
A.L	de	Höhe über dem Meeresspiegel
A.L	de	InfraLeuna
A.L	de	Jungsteinzeit
A.L	de	Kabelsketal
A.L	de	Karin Stempel
A.L	de	Katasterfläche
A.L	de	Kfz-Kennzeichen (Deutschland)
A.L	de	Klaus Arnold (Historiker)
A.L	de	Kreypau
A.L	de	Kriegsgefangene
A.L	de	Kröllwitz (Leuna)
A.L	de	Kötschlitz
A.L	de	Kötzschau
A.L	de	Landkreis Anhalt-Bitterfeld
A.L	de	Landkreis Leipzig
A.L	de	Landkreis Mansfeld-Südharz
A.L	de	Landsberg (Saalekreis)
A.L	de	Leipzig
A.L	de	Leuna
A.L	de	Leuna-Affäre
A.L	de	Leuna-Werke
A.L	de	Leunawerke
A.L	de	Linde AG
A.L	de	Markranstädt
A.L	de	Merseburg
A.L	de	Märzkämpfe in Mitteldeutschland
A.L	de	Möritzsch
A.L	de	Mücheln (Geiseltal)
A.L	de	Nemsdorf-Göhrendorf
A.L	de	Nordrhein-Westfalen
A.L	de	Nordsachsen
A.L	de	Obhausen
A.L	de	Ockendorf
A.L	de	Petersberg (Saalekreis)
A.L	de	Pissen (Leuna)
A.L	de	Plastik-Park Leuna
A.L	de	Postleitzahl (Deutschland)
A.L	de	Querfurt
A.L	de	Rampitz
A.L	de	Rodden
A.L	de	Rössen
A.L	de	Rössener Kultur
A.L	de	Saale
A.L	de	Saalekreis
A.L	de	Sachsen
A.L	de	Sachsen-Anhalt
A.L	de	Salzatal
A.L	de	Salzlandkreis
A.L	de	Schkeuditz
A.L	de	Schkopau
A.L	de	Schladebach (Leuna)
A.L	de	Schraplau
A.L	de	Sozialdemokratische Partei Deutschlands
A.L	de	Spergau
A.L	de	Statt Partei
A.L	de	Steigra
A.L	de	Straßenbahnstrecke Halle-Ammendorf–Bad Dürrenberg
A.L	de	Telefonvorwahl (Deutschland)
A.L	de	Teutschenthal
A.L	de	Thalschütz
A.L	de	Thüringen
A.L	de	Thüringer Bahn
A.L	de	Total (Unternehmen)
A.L	de	Verwaltungsgemeinschaft Leuna-Kötzschau
A.L	de	Wappen der Stadt Leuna
A.L	de	Weißenfels
A.L	de	Wesseling
A.L	de	Wettin-Löbejün
A.L	de	Wisag
A.L	de	Witzschersdorf
A.L	de	Wolfram Adolphi
A.L	de	Wölkau (Leuna)
A.L	de	Wüsteneutzsch
A.L	de	Zeitz
A.L	de	Zscherneddel
A.L	de	Zschöchergen
A.L	de	Zwangsarbeit
A.L	de	Zweimen
A.L	de	Zweiter Weltkrieg
A.L	de	Zöschen
A.L	de	Wikipedia:WikiProjekt Kommunen und Landkreise in Deutschland/Einwohnerzahlen
A.L	de	Vorlage:Imagemap Landkreis Saalekreis
A.L	de	Kategorie:Gemeinde in Sachsen-Anhalt
A.L	de	Kategorie:Landkreis Saalekreis
A.L	de	Kategorie:Leuna
A.L	de	Kategorie:Saalekreis
B.L	fr	Affaire Leuna
B.L	fr	Allemagne
B.L	fr	Anglais
B.L	fr	Arrondissement de Saale
B.L	fr	Bombardements stratégiques alliés contre les ressources pétrolières de l'Axe
B.L	fr	Chimie industrielle
B.L	fr	Eighth Air Force
B.L	fr	Halle (Saxe-Anhalt)
B.L	fr	Kilomètre carré
B.L	fr	Matière plastique
B.L	fr	Mersebourg
B.L	fr	Royal Air Force
B.L	fr	Saxe-Anhalt
B.L	fr	Taux de chômage
B.L	fr	Ville
B.L	fr	Discussion:Leuna/À faire
B.L	fr	Modèle:Ébauche/paramètres Allemagne
B.L	fr	Modèle:Ébauche/paramètres géographie
B.L	fr	Aide:Comment modifier une page
B.L	fr	Aide:Ébauche
B.L	fr	Catégorie:Portail:Allemagne/Articles liés
B.L	fr	Catégorie:Portail:Géographie/Articles liés
B.L	fr	Portail:Allemagne
B.L	fr	Portail:Géographie
B.L	fr	Projet:Accueil
B.L	fa	Leuna-Kötzschau
B.L	fa	Leuna-Kötzschau (Verwaltungsgemeinschaft)
B.L	fa	Saalekreis
B.L	fa	Saalekreis (district)
B.L	fa	Statistisches Landesamt Sachsen-Anhalt
B.L	fa	Verwaltungsgemeinschaft
B.L	fa	آرناشتاین، زاکسن-آنهالت
B.L	fa	آرن‌برگ
B.L	fa	آشرزلبن
B.L	fa	آلسلبن (ساله)
B.L	fa	آلمان
B.L	fa	آل‌اشتد
B.L	fa	آنابورگ
B.L	fa	آکن
B.L	fa	آیسلبن
B.L	fa	ائبیسفلده-وفرلینگن
B.L	fa	ارانینباوم-وورلیتس
B.L	fa	ارندزی
B.L	fa	استربورگ (آلتمارک)
B.L	fa	استرفلد (بای ناومبورگ)
B.L	fa	اشتاسفورت
B.L	fa	اشتندال
B.L	fa	اشتندل
B.L	fa	اشتوسن
B.L	fa	اوبرهارز آم بروکن
B.L	fa	اوکسرزلبن (بده)
B.L	fa	اویترویک
B.L	fa	اکارتسبرگ
B.L	fa	اگلن
B.L	fa	ایالت‌های آلمان
B.L	fa	باد اشمیدبرگ
B.L	fa	باد بیبرا
B.L	fa	باد دورنبرگ
B.L	fa	باد لواخ‌اشتت
B.L	fa	باربی (الب)
B.L	fa	بالن‌اشتات
B.L	fa	برن بورگ
B.L	fa	برنبورگ
B.L	fa	بروانزبردا
B.L	fa	بلنکنبورگ (هارتس)
B.L	fa	بورگ بای ماگدبورگ
B.L	fa	بیترفلد-ولفن
B.L	fa	بیسمارک (آلتمارک)
B.L	fa	تاله
B.L	fa	تانگرمونده
B.L	fa	تانگرهوته
B.L	fa	تسایتز
B.L	fa	تسبرست
B.L	fa	تسوربیرگ
B.L	fa	تویشرن
B.L	fa	دسائو
B.L	fa	دستگاه مختصات جغرافیایی
B.L	fa	دسوا-رسلا
B.L	fa	راگون-یسنیتس
B.L	fa	زالتسودل
B.L	fa	زانداو (الب)
B.L	fa	زاندرزدوف-برنا
B.L	fa	زاکسن-آنهالت
B.L	fa	زبان آلمانی
B.L	fa	زمان اروپای مرکزی
B.L	fa	زمان تابستانی اروپای مرکزی
B.L	fa	زودلیشس آنهالت
B.L	fa	زی‌لند، آلمان
B.L	fa	زی‌هاوزن (آلتمارک)
B.L	fa	شراپلاو
B.L	fa	شهردار
B.L	fa	شهرستان
B.L	fa	شواننبک
B.L	fa	شونبک
B.L	fa	فالکن‌اشتاین/هارز
B.L	fa	فریبورگ (اون‌اشتروت)
B.L	fa	فهرست شهرهای آلمان
B.L	fa	فهرست پلاک‌های خودرو در آلمان
B.L	fa	فهرست کدهای پستی در آلمان
B.L	fa	لاوخا آن در اوتراشتوت
B.L	fa	لبیون-وتین
B.L	fa	لندزبرگ، زاکسن-آنهالت
B.L	fa	لوتسن
B.L	fa	مانزفیلد
B.L	fa	ماگدبورگ
B.L	fa	مبرا
B.L	fa	مرسبورگ
B.L	fa	منطقه زمانی
B.L	fa	موشلن (گایزلتال)
B.L	fa	موکرن
B.L	fa	ناومبورگ
B.L	fa	نینبورگ (زاله)
B.L	fa	هارتسگروده
B.L	fa	هالبراشتات
B.L	fa	هالدنسلبن
B.L	fa	هاله (شهر)
B.L	fa	هاولبرگ
B.L	fa	هت‌اشتت
B.L	fa	هوهنمولزن
B.L	fa	هکلینگن
B.L	fa	وانزلبن-وورده
B.L	fa	وایسنفلز
B.L	fa	وربن (الب)
B.L	fa	ورنیگه‌روده
B.L	fa	ولمیراشتت
B.L	fa	وگلبن
B.L	fa	ویتنبرگ
B.L	fa	ویتنبرگه
B.L	fa	پیش‌شماره‌ها در آلمان
B.L	fa	کالبه (زاله)
B.L	fa	کالبه (میلده)
B.L	fa	کرپن‌اشتت
B.L	fa	کسویگ (آنهالت)
B.L	fa	کلبرا (کیفرهویزر)
B.L	fa	کلوتزه
B.L	fa	کمبرگ
B.L	fa	کوئدلیندبورگ
B.L	fa	کوئرفورت
B.L	fa	کوتن
B.L	fa	کونرن
B.L	fa	گراده‌لگن
B.L	fa	گرب‌اشتت
B.L	fa	گرفنهاینیشن
B.L	fa	گریننگن
B.L	fa	گمرن
B.L	fa	گنتین
B.L	fa	گوشتن
B.L	fa	یریشو
B.L	fa	یسن (الشتر)
B.L	fa	یوتی‌سی ۱:۰۰+
B.L	fa	یوتی‌سی ۲:۰۰+
B.L	fa	ویکی‌پدیا:مقالهٔ خرد
B.L	fa	الگو:Imagemap Germany district
B.L	fa	الگو:آلمان-خرد
B.L	fa	الگو:شهرها و شهرک‌های زاکسن-آنهالت
B.L	fa	بحث الگو:آلمان-خرد
B.L	fa	بحث الگو:شهرها و شهرک‌های زاکسن-آنهالت
B.L	eo	2005
B.L	eo	Distrikto (Germanio)
B.L	eo	Distrikto Merseburg-Querfurt
B.L	eo	Federacia lando (Germanio)
B.L	eo	Geografia koordinata sistemo
B.L	eo	Germanio
B.L	eo	Komunumaro (Germanio)
B.L	eo	Marnivelo
B.L	eo	Oficiala kodo (Germanio)
B.L	eo	Poŝtkodo
B.L	eo	Saksio-Anhalto
B.L	eo	Telefona antaŭkodo
B.L	eo	Urborajto
B.L	eo	Verwaltungsgemeinschaft Leuna-Kötzschau
B.L	eo	Vikipedio:Informkestoj
B.L	eo	Vikipedio:La perfekta ĝermo de artikolo
B.L	eo	Vikipedio:Trovi aŭ kreskigi ĝermojn
B.L	eo	Ŝablono:Informkesto germania komunumo
B.L	eo	Ŝablono:Situo sur mapo/korektado/DMS
B.L	eo	Ŝablono-Diskuto:Informkesto germania komunumo
B.L	en	88 mm gun
B.L	en	Air University (United States Air Force)
B.L	en	Albert Speer
B.L	en	Amines
B.L	en	Ammonia
B.L	en	Area codes in Germany
B.L	en	BASF
B.L	en	Bad Dürrenberg
B.L	en	Bad Lauchstädt
B.L	en	Barnstädt
B.L	en	Bergius process
B.L	en	Braunsbedra
B.L	en	Burgomaster
B.L	en	Carbon monoxide
B.L	en	Central European Summer Time
B.L	en	Central European Time
B.L	en	Coal tar
B.L	en	DOMO Group
B.L	en	Detergents
B.L	en	Districts of Germany
B.L	en	Eighth Air Force
B.L	en	Farnstädt
B.L	en	Geographic coordinate system
B.L	en	German language
B.L	en	Germany
B.L	en	Halle, Saxony-Anhalt
B.L	en	Hydrogen
B.L	en	IG Farben
B.L	en	IG Farben Trial
B.L	en	Inside the Third Reich
B.L	en	International Standard Book Number
B.L	en	Kabelsketal
B.L	en	Landsberg, Saxony-Anhalt
B.L	en	Leuna-Kötzschau
B.L	en	Leuna-Kötzschau (Verwaltungsgemeinschaft)
B.L	en	Library of Congress Control Number
B.L	en	Lignite
B.L	en	List of postal codes in Germany
B.L	en	Merseburg
B.L	en	Methanol
B.L	en	Mücheln
B.L	en	Nazi Germany
B.L	en	Nemsdorf-Göhrendorf
B.L	en	Obhausen
B.L	en	Oil Campaign chronology of World War II
B.L	en	Oil Campaign of World War II
B.L	en	Petersberg, Saxony-Anhalt
B.L	en	Petrol
B.L	en	Pollution
B.L	en	Querfurt
B.L	en	Saalekreis
B.L	en	Saalekreis (district)
B.L	en	Salzatal
B.L	en	Saxony-Anhalt
B.L	en	Schkopau
B.L	en	Schraplau
B.L	en	Soviet Union
B.L	en	States of Germany
B.L	en	Statistisches Landesamt Sachsen-Anhalt
B.L	en	Steigra
B.L	en	Strategic Bombing Survey (Europe)
B.L	en	Syngas
B.L	en	Teutschenthal
B.L	en	The Linde Group
B.L	en	Time zone
B.L	en	Tom Landry
B.L	en	Total S.A.
B.L	en	UTC+1
B.L	en	UTC+2
B.L	en	Vehicle registration plates of Germany
B.L	en	Verwaltungsgemeinschaft
B.L	en	Volkseigener Betrieb
B.L	en	Walter Ulbricht
B.L	en	War reparations
B.L	en	Wettin-Löbejün
B.L	en	Wikipedia:Link rot
B.L	en	Template:Cities and towns in Saalekreis (district)
B.L	en	Template:Imagemap Germany district png
B.L	en	Template talk:Cities and towns in Saalekreis (district)
B.L	en	Category:Articles with dead external links from June 2012
B.L	es	Alcalde
B.L	es	Alcohol
B.L	es	Alemania
B.L	es	Altitud
B.L	es	Amoníaco
B.L	es	Bandera de Leuna
B.L	es	Código postal
B.L	es	Densidad de población
B.L	es	Distritos de Alemania
B.L	es	Escudo de Leuna
B.L	es	Gasolina sintética
B.L	es	Hidrógeno
B.L	es	Industria química
B.L	es	Kilómetro cuadrado
B.L	es	Merseburg
B.L	es	Metro
B.L	es	Monóxido de carbono
B.L	es	Organización territorial de Alemania
B.L	es	País
B.L	es	Población mundial
B.L	es	Prefijo telefónico
B.L	es	Sajonia-Anhalt
B.L	es	Sitio web
B.L	es	Área
B.L	da	Albersroda
B.L	da	Alberstedt
B.L	da	Angersdorf
B.L	da	Areal
B.L	da	Bad Dürrenberg
B.L	da	Bad Lauchstädt
B.L	da	Barnstädt
B.L	da	Beesenstedt
B.L	da	Befolkningstæthed
B.L	da	Bennstedt
B.L	da	Beuna (Geiseltal)
B.L	da	Borgmester
B.L	da	Brachstedt
B.L	da	Brachwitz
B.L	da	Braschwitz
B.L	da	Braunsbedra
B.L	da	CEST
B.L	da	CET
B.L	da	Coat of arms of Leuna
B.L	da	Delitz am Berge
B.L	da	Domnitz
B.L	da	Dornstedt
B.L	da	Dr. Dietlind Hagenau
B.L	da	Döblitz
B.L	da	Dößel
B.L	da	Esperstedt (bei Querfurt)
B.L	da	Farnstädt
B.L	da	Fienstedt
B.L	da	Friedensdorf
B.L	da	Geusa
B.L	da	Gimritz
B.L	da	Götschetal
B.L	da	Günthersdorf
B.L	da	Hjemmeside
B.L	da	Hohenthurm
B.L	da	Horburg-Maßlau
B.L	da	Höhnstedt
B.L	da	Indbyggertal
B.L	da	Kabelsketal
B.L	da	Klobikau
B.L	da	Kloschwitz
B.L	da	Km²
B.L	da	Kreypau
B.L	da	Krosigk
B.L	da	Kötschlitz
B.L	da	Kötzschau
B.L	da	Kütten
B.L	da	Land (stat)
B.L	da	Landkreis
B.L	da	Landkreis Saalekreis
B.L	da	Landsberg (Saalekreis)
B.L	da	Langenbogen
B.L	da	Leuna-Kötzschau
B.L	da	Leuna-Kötzschau (Verwaltungsgemeinschaft)
B.L	da	Lieskau
B.L	da	Löbejün
B.L	da	Merseburg
B.L	da	Meter over havets overflade
B.L	da	Milzau
B.L	da	Morl
B.L	da	Mücheln (Geiseltal)
B.L	da	Nauendorf (Saalekreis)
B.L	da	Nempitz
B.L	da	Nemsdorf-Göhrendorf
B.L	da	Neutz-Lettewitz
B.L	da	Niemberg
B.L	da	Obhausen
B.L	da	Oebles-Schlechtewitz
B.L	da	Oechlitz
B.L	da	Oppin
B.L	da	Ostrau (Saalekreis)
B.L	da	Peißen (Saalekreis)
B.L	da	Petersberg (Saalekreis)
B.L	da	Plötz
B.L	da	Querfurt
B.L	da	Rodden
B.L	da	Rothenburg (Saale)
B.L	da	Rössen
B.L	da	Saale
B.L	da	Saalekreis
B.L	da	Saalekreis (district)
B.L	da	Sachsen-Anhalt
B.L	da	Salzmünde
B.L	da	Schafstädt
B.L	da	Schkopau
B.L	da	Schochwitz
B.L	da	Schraplau
B.L	da	Schwerz
B.L	da	Spergau
B.L	da	Steigra
B.L	da	Steuden
B.L	da	Teutschenthal
B.L	da	Tidszone
B.L	da	Tollwitz
B.L	da	Tyske telefonforvalg
B.L	da	Tyskland
B.L	da	Tysklands delstater
B.L	da	Tysklands nummerplader
B.L	da	Tysklands postnumre
B.L	da	UTC
B.L	da	Verwaltungsgemeinschaft
B.L	da	Wallendorf (Luppe)
B.L	da	Wettin (Sachsen-Anhalt)
B.L	da	Zappendorf
B.L	da	Zweimen
B.L	da	Zöschen
B.L	da	Wikipedia:Geografiske koordinater
B.L	ba	2010 йыл
B.L	ba	Commons
B.L	ba	UTC+1
B.L	ba	UTC+2
B.L	ba	Бургомистр
B.L	ba	Географик координаталар
B.L	ba	Германия
B.L	ba	Германия ерҙәре
B.L	ba	Германия ерҙәре (Германия)
B.L	ba	Диңгеҙ кимәленән бейеклеге
B.L	ba	Ил
B.L	ba	Йәйге ваҡыт
B.L	ba	Квадрат километр
B.L	ba	Координаталар
B.L	ba	Майҙан
B.L	ba	Метр
B.L	ba	Немец теле
B.L	ba	Саксония-Анхальт
B.L	ba	Тамамланмаған мәҡәлә
B.L	ba	Фирҡәһеҙ
B.L	ba	Халыҡ
B.L	ba	Үҙидара субъектының тиңләштереү коды
B.L	ba	Википедия:Ҡағиҙә һәм күрһәтмәләр
B.L	ba	Ҡалып:ПозКарта Германия
B.L	ba	Ҡалып:ПозКарта Германия Саксония-Анхальт
B.L	ba	Ҡалып:ПозКарта Германия Саксония-Анхальт Ä§1Ъ
B.L	pl	2009
B.L	pl	31 grudnia
B.L	pl	Bad Dürrenberg
B.L	pl	Bad Lauchstädt
B.L	pl	Braunsbedra
B.L	pl	Friedensdorf (Leuna)
B.L	pl	Gmina związkowa Weida-Land
B.L	pl	Günthersdorf (Leuna)
B.L	pl	Gęstość zaludnienia
B.L	pl	Horburg-Maßlau
B.L	pl	Kabelsketal
B.L	pl	Kilometr kwadratowy
B.L	pl	Kraj związkowy
B.L	pl	Kreypau
B.L	pl	Kötschlitz
B.L	pl	Kötzschau
B.L	pl	Landsberg (Saksonia-Anhalt)
B.L	pl	Liczba ludności
B.L	pl	Merseburg
B.L	pl	Metr
B.L	pl	Mücheln (Geiseltal)
B.L	pl	Nadrenia Północna-Westfalia
B.L	pl	Niemcy
B.L	pl	Państwo
B.L	pl	Petersberg (Saksonia-Anhalt)
B.L	pl	Powiat Saale
B.L	pl	Querfurt
B.L	pl	Rodden
B.L	pl	Saksonia-Anhalt
B.L	pl	Salzatal
B.L	pl	Saskie Zagłębie Węglowe
B.L	pl	Schkopau
B.L	pl	Schraplau
B.L	pl	Soława
B.L	pl	Spergau
B.L	pl	Teutschenthal
B.L	pl	Wesseling (miasto)
B.L	pl	Wettin-Löbejün
B.L	pl	Wspólnota administracyjna Leuna-Kötzschau
B.L	pl	Wysokość bezwzględna
B.L	pl	Ziemia
B.L	pl	Zweimen
B.L	pl	Zöschen
B.L	pl	Szablon:Mapa dane DEU
B.L	pl	Szablon:Powiat Saale
B.L	pl	Dyskusja szablonu:Powiat Saale
B.L	mk	Air University
B.L	mk	Albert Speer
B.L	mk	BASF
B.L	mk	DOMO Group
B.L	mk	IG Farben
B.L	mk	Inside the Third Reich
B.L	mk	Strategic Bombing Survey (Europe)
B.L	mk	The Linde Group
B.L	mk	Total S.A.
B.L	mk	UTC+1
B.L	mk	UTC+2
B.L	mk	Volkseigener Betrieb
B.L	mk	Јаглен
B.L	mk	Јаглерод моноксид
B.L	mk	Амин (хемија)
B.L	mk	Амонијак
B.L	mk	Бад Диренберг
B.L	mk	Бад Лаухштет
B.L	mk	Барнштет
B.L	mk	Браунсбедра
B.L	mk	Валтер Улбрихт
B.L	mk	Ветин-Лебејин
B.L	mk	Водород
B.L	mk	Географски координатен систем
B.L	mk	Германија
B.L	mk	Германски јазик
B.L	mk	Градоначалник
B.L	mk	Густина на населеност
B.L	mk	Детергенти
B.L	mk	Загадување
B.L	mk	Зале (округ)
B.L	mk	Залцатал
B.L	mk	Кабелскетал
B.L	mk	Квадратен километар
B.L	mk	Кверфурт
B.L	mk	Контролен број на Библиотеката на Конгресот
B.L	mk	Ландсберг (Саксонија-Анхалт)
B.L	mk	Мерзебург
B.L	mk	Метанол
B.L	mk	Михелн (Зале)
B.L	mk	Мрежно место
B.L	mk	Надморска височина
B.L	mk	Население
B.L	mk	Нафта
B.L	mk	Нацистичка Германија
B.L	mk	Немсдорф-Герендорф
B.L	mk	Обхаузен
B.L	mk	Окрузи во Германија
B.L	mk	Петерсберг (Саксонија-Анхалт)
B.L	mk	Повикувачки број
B.L	mk	Површина
B.L	mk	Покраини во Германија
B.L	mk	Поштенски број
B.L	mk	Регистарски таблички
B.L	mk	СССР
B.L	mk	Саксонија-Анхалт
B.L	mk	Список на земји
B.L	mk	Средноевропско време
B.L	mk	Средноевропско летно време
B.L	mk	Статистичко биро на Саксонија-Анхалт
B.L	mk	Тојчентал
B.L	mk	Фарнштет
B.L	mk	Хале
B.L	mk	Часовен појас
B.L	mk	Шкопау
B.L	mk	Шраплау
B.L	mk	Штајгра
B.L	mk	Википедија:Што е никулец?
B.L	mk	Шаблон:Градови во Зале (округ)
B.L	mk	Шаблон:Залекрајс-никулец
B.L	mk	Разговор за шаблон:Градови во Зале (округ)
B.L	mk	Разговор за шаблон:Залекрајс-никулец
B.L	ms	Jerman
B.L	ms	Kawasan perbandaran
B.L	ms	Saalekreis
B.L	ms	Saxony-Anhalt
B.L	nl	Bad Dürrenberg
B.L	nl	Bad Lauchstädt
B.L	nl	Barnstädt
B.L	nl	Bevolking
B.L	nl	Braunsbedra
B.L	nl	Burgemeester
B.L	nl	Daspig
B.L	nl	Deelstaten van Duitsland
B.L	nl	Duits kenteken
B.L	nl	Duitse gemeente
B.L	nl	Duitsland
B.L	nl	Dölkau
B.L	nl	Farnstädt
B.L	nl	Friedensdorf (Saksen-Anhalt)
B.L	nl	Gemeentenummer
B.L	nl	Geografische coördinaten
B.L	nl	Göhlitzsch
B.L	nl	Göhren (Leuna)
B.L	nl	Günthersdorf
B.L	nl	Hoogte
B.L	nl	Horburg-Maßlau
B.L	nl	Kabelsketal
B.L	nl	Kreypau
B.L	nl	Kröllwitz
B.L	nl	Kötschlitz
B.L	nl	Kötzschau
B.L	nl	Landkreis
B.L	nl	Landkreis Saalekreis
B.L	nl	Landsberg (Saalekreis)
B.L	nl	Merseburg
B.L	nl	Möritzsch
B.L	nl	Mücheln (Geiseltal)
B.L	nl	Nemsdorf-Göhrendorf
B.L	nl	Netnummer
B.L	nl	Obhausen
B.L	nl	Ockendorf
B.L	nl	Oppervlakte
B.L	nl	Ortsteil
B.L	nl	Petersberg (Saalekreis)
B.L	nl	Pissen (Leuna)
B.L	nl	Postcodes in Duitsland
B.L	nl	Querfurt
B.L	nl	Rampitz
B.L	nl	Rodden
B.L	nl	Rössen
B.L	nl	Saalekreis
B.L	nl	Saksen-Anhalt
B.L	nl	Salzatal
B.L	nl	Schkopau
B.L	nl	Schladebach (Leuna)
B.L	nl	Schraplau
B.L	nl	Spergau
B.L	nl	Steigra
B.L	nl	Teutschenthal
B.L	nl	Thalschütz
B.L	nl	Website
B.L	nl	Wettin-Löbejün
B.L	nl	Wikimedia Commons
B.L	nl	Witzschersdorf
B.L	nl	Wölkau (Leuna)
B.L	nl	Wüsteneutzsch
B.L	nl	Zscherneddel
B.L	nl	Zschöchergen
B.L	nl	Zweimen
B.L	nl	Zöschen
B.L	nl	Portaal:Duitsland
B.L	la	Altitudo
B.L	la	Area
B.L	la	Chiliometrum quadratum
B.L	la	Coordinata geographica
B.L	la	Dietlind Hagenau
B.L	la	Geographia
B.L	la	Inscriptio cursualis
B.L	la	Insigne
B.L	la	Latine
B.L	la	Lingua Theodisca
B.L	la	Magistra civium
B.L	la	Mare
B.L	la	Municipium pago carens
B.L	la	Nomen
B.L	la	Nota autocineti
B.L	la	Nota magistratus communalis
B.L	la	Numerus cursualis
B.L	la	Pagorum Germanorum index notarum autocinetorum
B.L	la	Politia
B.L	la	Praefixum telephonicum
B.L	la	Saxonia-Anhaltinum
B.L	la	Terra Foederalis Germaniae
B.L	war	Alemanya
B.L	war	Angersdorf
B.L	war	Bad Dürrenberg
B.L	war	Bad Lauchstädt
B.L	war	Barnstädt
B.L	war	Brachwitz
B.L	war	Braunsbedra
B.L	war	Domnitz
B.L	war	Döblitz
B.L	war	Farnstädt
B.L	war	Friedensdorf
B.L	war	Gimritz
B.L	war	Hohenthurm
B.L	war	Kabelsketal
B.L	war	Landsberg, Saxony-Anhalt
B.L	war	Löbejün
B.L	war	Merseburg
B.L	war	Mücheln
B.L	war	Nauendorf
B.L	war	Nemsdorf-Göhrendorf
B.L	war	Neutz-Lettewitz
B.L	war	Obhausen
B.L	war	Peißen, Saalekreis
B.L	war	Petersberg, Saxony-Anhalt
B.L	war	Plötz
B.L	war	Querfurt
B.L	war	Rothenburg, Saxony-Anhalt
B.L	war	Saalekreis
B.L	war	Salzatal
B.L	war	Saxony-Anhalt
B.L	war	Schkopau
B.L	war	Schraplau
B.L	war	Steigra
B.L	war	Teutschenthal
B.L	war	Wallendorf, Saxony-Anhalt
B.L	war	Wettin, Saxony-Anhalt
B.L	war	Wikipedia:Paagi pagliwat o pag-edit hin pakli
B.L	war	Wikipedia:Turók
B.L	war	Batakan:Mga syudad ngan mga bungto ha Saalekreis (distrito)
B.L	war	Hiruhimangraw hiton batakan:Mga syudad ngan mga bungto ha Saalekreis (distrito)
B.L	it	Altitudine
B.L	it	Area
B.L	it	Bad Dürrenberg
B.L	it	Bad Lauchstädt
B.L	it	Barnstädt
B.L	it	Braunsbedra
B.L	it	Chilometro quadro
B.L	it	Circondario rurale (Germania)
B.L	it	Codice postale
B.L	it	Comuni della Germania
B.L	it	Coordinate geografiche
B.L	it	Densità di popolazione
B.L	it	Distretto governativo
B.L	it	Dößel
B.L	it	Esperstedt
B.L	it	Farnstädt
B.L	it	Friedensdorf
B.L	it	Fuso orario
B.L	it	Germania
B.L	it	Geusa
B.L	it	Götschetal
B.L	it	Günthersdorf (Leuna)
B.L	it	Horburg-Maßlau
B.L	it	Kabelsketal
B.L	it	Kreypau
B.L	it	Kötschlitz
B.L	it	Kötzschau
B.L	it	Landsberg (Sassonia-Anhalt)
B.L	it	Merseburg
B.L	it	Metri sul livello del mare
B.L	it	Mücheln (Geiseltal)
B.L	it	Nempitz
B.L	it	Nemsdorf-Göhrendorf
B.L	it	Obhausen
B.L	it	Oechlitz
B.L	it	Peißen (Saalekreis)
B.L	it	Petersberg (Sassonia-Anhalt)
B.L	it	Popolazione
B.L	it	Prefisso telefonico
B.L	it	Querfurt
B.L	it	Rodden
B.L	it	Saalekreis
B.L	it	Salzatal
B.L	it	Sassonia-Anhalt
B.L	it	Schkopau
B.L	it	Schraplau
B.L	it	Spergau
B.L	it	Stati federati della Germania
B.L	it	Statistisches Bundesamt
B.L	it	Stato
B.L	it	Steigra
B.L	it	Targa automobilistica
B.L	it	Teutschenthal
B.L	it	Tollwitz
B.L	it	UTC+1
B.L	it	Wettin-Löbejün
B.L	it	Zweimen
B.L	it	Zöschen
B.L	it	Template:DEU
B.L	it	Template:DivAmm/DEU
B.L	it	Template:Divisione amministrativa/Stemmi/DEU
B.L	it	Template:Divisione amministrativa/Voci/DEU
B.L	it	Template:Mappa di localizzazione/DEU
B.L	vi	Bad Dürrenberg
B.L	vi	Bad Lauchstädt
B.L	vi	Bang của Đức
B.L	vi	Barnstädt
B.L	vi	Biển số xe Đức
B.L	vi	Braunsbedra
B.L	vi	Burgomaster
B.L	vi	Cao độ
B.L	vi	Các quốc gia trên thế giới
B.L	vi	Danh sách mã bưu chính ở Đức
B.L	vi	Diện tích
B.L	vi	Dân số
B.L	vi	Farnstädt
B.L	vi	Giờ Trung Âu
B.L	vi	Giờ mùa Hè Trung Âu
B.L	vi	Huy hiệu của Leuna
B.L	vi	Huyện của Đức
B.L	vi	Hệ tọa độ địa lý
B.L	vi	Kabelsketal
B.L	vi	Landsberg, Saxony-Anhalt
B.L	vi	Leuna-Kötzschau
B.L	vi	Leuna-Kötzschau (Verwaltungsgemeinschaft)
B.L	vi	Merseburg
B.L	vi	Mã vùng ở Đức
B.L	vi	Múi giờ
B.L	vi	Mücheln
B.L	vi	Mật độ dân số
B.L	vi	Nemsdorf-Göhrendorf
B.L	vi	Neutz-Lettewitz
B.L	vi	Obhausen
B.L	vi	Petersberg, Saxony-Anhalt
B.L	vi	Querfurt
B.L	vi	Saalekreis
B.L	vi	Saalekreis (quận)
B.L	vi	Sachsen-Anhalt
B.L	vi	Salzatal
B.L	vi	Schkopau
B.L	vi	Schraplau
B.L	vi	Steigra
B.L	vi	Teutschenthal
B.L	vi	UTC+1
B.L	vi	UTC+2
B.L	vi	Verwaltungsgemeinschaft
B.L	vi	Website
B.L	vi	Wettin-Löbejün
B.L	vi	Đức
B.L	vi	Wikipedia:Bài sơ khai
B.L	vi	Bản mẫu:Bản mẫu:Sơ khai Sachsen-Anhalt
B.L	vi	Bản mẫu:Cities and towns in Saalekreis (district)
B.L	vi	Thảo luận Bản mẫu:Bản mẫu:Sơ khai Sachsen-Anhalt
B.L	vi	Thảo luận Bản mẫu:Cities and towns in Saalekreis (district)
B.L	vo	Deutän
B.L	vo	Km²
B.L	vo	Koordinatasit taledavik
B.L	vo	Sachsen-Anhalt
B.L	uz	Anodza:JoyXarita Olmoniya Saksoniya-Anhalt Ä§1Ъ
B.L	uz	Avtomobil raqamlari
B.L	uz	Burgomistr
B.L	uz	Dengiz sathidan balandlik
B.L	uz	Geografik koordinatalar
B.L	uz	Germaniya
B.L	uz	Koordinatalar
B.L	uz	Kvadrat kilometr
B.L	uz	Mamlakat
B.L	uz	Maydon
B.L	uz	Maʼmuriy birlik identifikatsiyasi raqami
B.L	uz	Metr
B.L	uz	Olmoniya
B.L	uz	Olmoniya yerlari
B.L	uz	Pochta indeksi
B.L	uz	Saksoniya-Anhalt
B.L	uz	Telefon raqamlash rejasi
B.L	uz	UTC+1
B.L	uz	UTC+2
B.L	uz	Vaqt mintaqasi
B.L	uz	VikiOmbor
B.L	uz	Yozgi vaqt
B.L	uz	Andoza:JoyXarita Olmoniya
B.L	uz	Andoza:JoyXarita Olmoniya Saksoniya-Anhalt
B.L	uz	Andoza:Rang/Olmoniya
B.L	sv	Befolkningstäthet
B.L	sv	Geografiska koordinatsystem
B.L	sv	Kvadratkilometer
B.L	sv	Land
B.L	sv	Landkreis
B.L	sv	Leunawerke
B.L	sv	Mitteldeutsches Chemiedreieck
B.L	sv	Postnummer
B.L	sv	Registreringsskylt
B.L	sv	Riktnummer
B.L	sv	Saalekreis
B.L	sv	Sachsen-Anhalt
B.L	sv	Tyskland
B.L	sv	Tysklands förbundsländer
B.L	sv	Wikipedia:Projekt Geografi
B.L	sv	Wikipedia:Stubbar
B.L	sr	Њемачка
B.L	sr	Њемачки језик
B.L	sr	Бад Диренберг
B.L	sr	Бад Лаухштет
B.L	sr	Барнштет (Саксонија-Анхалт)
B.L	sr	Браунсбедра
B.L	sr	Брахвиц
B.L	sr	Ветин
B.L	sr	Временска зона
B.L	sr	Гимриц
B.L	sr	Деблиц
B.L	sr	Домниц
B.L	sr	Залцатал
B.L	sr	Кабелскетал
B.L	sr	Кверфурт
B.L	sr	Ландсберг (Зале)
B.L	sr	Лебејин
B.L	sr	Мерзебург
B.L	sr	Михелн (Гајзелтал)
B.L	sr	Немачка
B.L	sr	Немачке државе
B.L	sr	Немсдорф-Герендорф
B.L	sr	Нојц-Летевиц
B.L	sr	Обхаузен
B.L	sr	Округ Зале
B.L	sr	Плец
B.L	sr	Позивни број
B.L	sr	Поштански код
B.L	sr	Регистарска ознака
B.L	sr	Саксонија-Анхалт
B.L	sr	Становништво
B.L	sr	Тојчентал
B.L	sr	Фарнштет
B.L	sr	Шкопау
B.L	sr	Шраплау
B.L	sr	Штајгра
B.L	sr	Портал:Немачка
B.L	ru	2010 год
B.L	ru	Leunawerke
B.L	ru	UTC+1
B.L	ru	UTC+2
B.L	ru	Автомобильные номера
B.L	ru	Альберсрода
B.L	ru	Альберштедт
B.L	ru	Анхальт-Цербст (район)
B.L	ru	Ашерслебен-Штасфурт (район)
B.L	ru	Бад-Дюрренберг
B.L	ru	Бад-Лаухштедт
B.L	ru	Барнштедт (Саксония-Анхальт)
B.L	ru	Бернбург (район)
B.L	ru	Беспартийный
B.L	ru	Биттерфельд (район)
B.L	ru	Бойна (Гайзельталь)
B.L	ru	Браунсбедра
B.L	ru	Бургенланд (район)
B.L	ru	Бургомистр
B.L	ru	Бёрде (район)
B.L	ru	Вайсенфельс (район)
B.L	ru	Валлендорф (Луппе)
B.L	ru	Вернигероде (район)
B.L	ru	Викисклад
B.L	ru	Виттенберг (район)
B.L	ru	Высота над уровнем моря
B.L	ru	Географические координаты
B.L	ru	Германия
B.L	ru	Гидрогенизация
B.L	ru	Гойза
B.L	ru	Гюнтерсдорф
B.L	ru	Делиц-ам-Берге
B.L	ru	Дессау
B.L	ru	Заале (район)
B.L	ru	Зальцведель (район)
B.L	ru	Зальцланд (район)
B.L	ru	Зангерхаузен (район)
B.L	ru	Земли Германии
B.L	ru	Идентификационный код субъекта самоуправления
B.L	ru	Йерихов (район)
B.L	ru	Квадратный километр
B.L	ru	Кведлинбург (район)
B.L	ru	Кверфурт
B.L	ru	Клобикау
B.L	ru	Крайпау
B.L	ru	Кётен (район)
B.L	ru	Кёцшау
B.L	ru	Кёчлиц
B.L	ru	Летнее время
B.L	ru	Лойна (значения)
B.L	ru	Магдебург
B.L	ru	Мансфельд (район)
B.L	ru	Мерзебург
B.L	ru	Мерзебург-Кверфурт (район)
B.L	ru	Метр
B.L	ru	Мильцау
B.L	ru	Мюхельн (Гайзельталь)
B.L	ru	Немецкий язык
B.L	ru	Немпиц
B.L	ru	Немсдорф-Гёрендорф
B.L	ru	Обхаузен
B.L	ru	Оре (район)
B.L	ru	Площадь
B.L	ru	Почтовый индекс
B.L	ru	Родден
B.L	ru	Саксония-Анхальт
B.L	ru	Синтетическое топливо
B.L	ru	Страна
B.L	ru	Телефонный план нумерации
B.L	ru	Толльвиц
B.L	ru	Управление (Германия)
B.L	ru	Управление Лойна-Кёцшау
B.L	ru	Фарнштедт
B.L	ru	Фриденсдорф
B.L	ru	Халле (Заале)
B.L	ru	Хальберштадт (район)
B.L	ru	Хорбург-Маслау
B.L	ru	Цваймен
B.L	ru	Цёшен
B.L	ru	Часовой пояс
B.L	ru	Шафштедт
B.L	ru	Шкопау
B.L	ru	Шпергау
B.L	ru	Шраплау
B.L	ru	Штайгра
B.L	ru	Штендаль (район)
B.L	ru	Шёнебек (район)
B.L	ru	Эсперштедт (Кверфурт)
B.L	ru	Эхлиц
B.L	ru	Википедия:Заготовка статьи
B.L	ru	Шаблон:ПозКарта Германия
B.L	ru	Шаблон:ПозКарта Германия Саксония-Анхальт
B.L	ru	Шаблон:ПозКарта Германия Саксония-Анхальт Ä§1Ъ
B.L	ru	Шаблон:Цвет/Германия
B.L	ru	Проект:Германия/Шаблоны-geo-stub
B.L	ro	Altitudine
B.L	ro	Burgomaster
B.L	ro	Coat of arms of Leuna
B.L	ro	Coordonate geografice
B.L	ro	Densitatea populației
B.L	ro	Districtele Germaniei
B.L	ro	Dr. Dietlind Hagenau (parteilos)
B.L	ro	Fus orar
B.L	ro	Germania
B.L	ro	Km²
B.L	ro	Landurile Germaniei
B.L	ro	Leuna-Kötzschau
B.L	ro	Leuna-Kötzschau (Verwaltungsgemeinschaft)
B.L	ro	Listă de state suverane
B.L	ro	Ora Europei Centrale
B.L	ro	Ora de vară a Europei Centrale
B.L	ro	Ortsteil
B.L	ro	Populație
B.L	ro	Saalekreis
B.L	ro	Saalekreis (district)
B.L	ro	Saxonia-Anhalt
B.L	ro	Sit web
B.L	ro	Suprafață
B.L	ro	UTC+1
B.L	ro	UTC+2
B.L	ro	Verwaltungsgemeinschaft
B.L	ro	Wikipedia:Articolul ciot perfect
B.L	ro	Wikipedia:Găsește și repară un ciot
B.L	zh	UTC+1
B.L	zh	人口密度
B.L	zh	县 (德国)
B.L	zh	市镇 (德国)
B.L	zh	德国
B.L	zh	德国行政区划
B.L	zh	時區
B.L	zh	欧洲中部时间
B.L	zh	经纬度
B.L	zh	萨克森-安哈尔特州
B.L	zh	萨克森-安哈尔特州市镇列表
CN	de	Leuna
IWL	fr	Leuna
IWL	fa	لوینا
IWL	eo	Leuna
IWL	en	Leuna
IWL	es	Leuna
IWL	da	Leuna
IWL	ba	Лойна
IWL	pl	Leuna
IWL	mk	Лојна
IWL	ms	Leuna
IWL	nl	Leuna
IWL	la	Leuna
IWL	war	Leuna
IWL	it	Leuna
IWL	vi	Leuna
IWL	vo	Leuna
IWL	uz	Leuna
IWL	sv	Leuna
IWL	sr	Лојна
IWL	ru	Лойна
IWL	ro	Leuna
IWL	zh	洛伊纳
