A.L	de	13. Juli
A.L	de	1983
A.L	de	Abitur
A.L	de	Baden-Württemberg
A.L	de	Bernd Schlömer
A.L	de	Bioinformatik
A.L	de	Bundestagswahl 2009
A.L	de	Bundestagswahl 2013
A.L	de	Bundestagswahlkreis Tübingen
A.L	de	CDU
A.L	de	Christof Leng
A.L	de	Deutsches Rotes Kreuz
A.L	de	Deutschland
A.L	de	Die Grenzen des Wachstums
A.L	de	Dirk Hillbrecht
A.L	de	Eberhard-Karls-Universität Tübingen
A.L	de	Faz.net
A.L	de	Frankfurter Allgemeine
A.L	de	Geschwister-Scholl-Schule Tübingen
A.L	de	Jens Seipenbusch
A.L	de	Meinhard Miegel
A.L	de	Nachhaltigkeit
A.L	de	Piratenpartei Deutschland
A.L	de	Politiker
A.L	de	Reutlingen
A.L	de	Tagblatt.de
A.L	de	Tübingen
A.L	de	Wirtschaftswachstum
A.L	de	Zivildienst in Deutschland
A.L	de	Hilfe:Personendaten
B.L	ga	13 Iúil
B.L	ga	1983
B.L	ga	An Ghearmáin
B.L	ga	Cómhaoin Wikimedia
B.L	ga	Gaeilge
B.L	ga	Jens Seipenbusch
B.L	ga	Piratenpartei Deutschland
B.L	ga	Reutlingen
B.L	ga	Vicipéid
B.L	ga	Vicipéid:Síol
B.L	fr	13 juillet
B.L	fr	1983
B.L	fr	2011
B.L	fr	2012
B.L	fr	Allemagne
B.L	fr	Bernd Schlömer
B.L	fr	Bio-informaticien
B.L	fr	Jens Seipenbusch
B.L	fr	Juillet 1983
B.L	fr	Parti pirate allemand
B.L	fr	Personnalité politique
B.L	fr	Reutlingen
B.L	fr	Université Eberhard Karl de Tübingen
B.L	fr	Wikipédia:Citez vos sources
B.L	fr	Modèle:Infobox Biographie
B.L	fr	Aide:Note
B.L	fr	Catégorie:Article manquant de référence depuis décembre 2012
B.L	fr	Catégorie:Portail:Allemagne/Articles liés
B.L	fr	Catégorie:Portail:Politique/Articles liés
B.L	fr	Portail:Allemagne
B.L	fr	Portail:Politique
B.L	en	Alma mater
B.L	en	Amelia Andersdotter
B.L	en	Angelika Beer
B.L	en	Anna Troberg
B.L	en	Anti-Counterfeiting Trade Agreement
B.L	en	Baden-Württemberg
B.L	en	Bernd Schlömer
B.L	en	Bioinformatician
B.L	en	Bioinformatics
B.L	en	Carlos Ayala Vargas
B.L	en	Christian Democratic Union (Germany)
B.L	en	Christian Engström
B.L	en	Christof Leng
B.L	en	Copyright Directive
B.L	en	Czech Pirate Party
B.L	en	Denis Simonet
B.L	en	Digital Economy Act 2010
B.L	en	Dirk Hillbrecht
B.L	en	Estonian Pirate Party
B.L	en	FRA law
B.L	en	Florian Hufsky
B.L	en	German federal election, 2009
B.L	en	German language
B.L	en	Germany
B.L	en	Geschwister-Scholl-Schule (Tübingen)
B.L	en	Harald Haas
B.L	en	Herbert Rusche
B.L	en	Italian Pirate Party
B.L	en	Jens Seipenbusch
B.L	en	Jerry Weyer
B.L	en	Laurence Kaye
B.L	en	Libor Michálek
B.L	en	Lola Voronina
B.L	en	Martin Haase
B.L	en	Mexican Pirate wikiParty
B.L	en	Mikkel Paulson
B.L	en	Parti Pirate Francophone
B.L	en	Patrick Mächler
B.L	en	Piratbyrån
B.L	en	Pirate Parties International
B.L	en	Pirate Party (Bulgaria)
B.L	en	Pirate Party (Denmark)
B.L	en	Pirate Party (Finland)
B.L	en	Pirate Party (France)
B.L	en	Pirate Party (Hungary)
B.L	en	Pirate Party (Republika Srpska)
B.L	en	Pirate Party (Spain)
B.L	en	Pirate Party (Sweden)
B.L	en	Pirate Party (Tunisia)
B.L	en	Pirate Party (United States)
B.L	en	Pirate Party Australia
B.L	en	Pirate Party Belgium
B.L	en	Pirate Party Croatia
B.L	en	Pirate Party Cyprus
B.L	en	Pirate Party Germany
B.L	en	Pirate Party Iceland
B.L	en	Pirate Party Ireland
B.L	en	Pirate Party Luxembourg
B.L	en	Pirate Party Switzerland
B.L	en	Pirate Party UK
B.L	en	Pirate Party of Austria
B.L	en	Pirate Party of Belarus
B.L	en	Pirate Party of Bolivia
B.L	en	Pirate Party of Bosnia and Herzegovina
B.L	en	Pirate Party of Brazil
B.L	en	Pirate Party of Canada
B.L	en	Pirate Party of Chile
B.L	en	Pirate Party of China
B.L	en	Pirate Party of Colombia
B.L	en	Pirate Party of Costa Rica
B.L	en	Pirate Party of Ecuador
B.L	en	Pirate Party of Greece
B.L	en	Pirate Party of Guatemala
B.L	en	Pirate Party of Kazakhstan
B.L	en	Pirate Party of Latvia
B.L	en	Pirate Party of Lithuania
B.L	en	Pirate Party of Montenegro
B.L	en	Pirate Party of Nepal
B.L	en	Pirate Party of New Zealand
B.L	en	Pirate Party of Peru
B.L	en	Pirate Party of Poland
B.L	en	Pirate Party of Russia
B.L	en	Pirate Party of Serbia
B.L	en	Pirate Party of South Korean
B.L	en	Pirate Party of Taiwan
B.L	en	Pirate Party of Turkey
B.L	en	Pirate Party of Ukraine
B.L	en	Pirate Party of Uruguay
B.L	en	Pirate Party of the Netherlands
B.L	en	Piratenpartei Deutschland
B.L	en	Pirates - Direct Democratic Movement of Greece
B.L	en	Pirates Without Borders
B.L	en	Pirates of Catalonia
B.L	en	Pirates of Galicia
B.L	en	Portuguese Pirate Party
B.L	en	Reutlingen
B.L	en	Rickard Falkvinge
B.L	en	Romanian Pirate Party
B.L	en	Samir Allioui
B.L	en	Slim Amamou
B.L	en	Slovak Pirate Party
B.L	en	Slovenian Pirate Party
B.L	en	Stefan Flod
B.L	en	Sven Clement
B.L	en	Telecommunications data retention
B.L	en	Telecoms Package
B.L	en	The Pirate Bay
B.L	en	The Pirate Bay trial
B.L	en	Tunisian Pirate Party
B.L	en	Tübingen
B.L	en	University of Tübingen
B.L	en	Young Pirate
B.L	en	Young Pirates
B.L	en	Zivildienst
B.L	en	Wikipedia:Persondata
B.L	en	Wikipedia:Stub
B.L	en	Template:Germany-politician-stub
B.L	en	Template:ISO 639 name de
B.L	en	Template:PIRATENHeads
B.L	en	Template:Pirate Party
B.L	en	Template talk:Germany-politician-stub
B.L	en	Template talk:PIRATENHeads
B.L	en	Template talk:Pirate Party
B.L	en	Category:Pirate parties
B.L	es	13 de julio
B.L	es	1983
B.L	es	Bernd Schlömer
B.L	es	Bioinformática
B.L	es	Idioma alemán
B.L	es	Jens Seipenbusch
B.L	es	Partido Pirata de Alemania
B.L	es	Reutlingen
B.L	es	Universidad de Tubinga
B.L	es	Wikimedia Commons
B.L	es	Wikipedia:Fuentes fiables
B.L	es	Wikipedia:Verificabilidad
B.L	es	Ayuda:Cómo referenciar
B.L	ca	2011
B.L	ca	2012
B.L	ca	Alemanya
B.L	ca	Baden-Wurtemberg
B.L	ca	Bernd Schlömer
B.L	ca	Bioinformàtica
B.L	ca	Jens Seipenbusch
B.L	ca	Piratenpartei Deutschland
B.L	ca	Polític
B.L	ca	Reutlingen
B.L	ca	Universitat de Tubinga
B.L	ca	Viquipèdia:Citau les fonts
B.L	ca	Viquipèdia:Esborrany
B.L	ca	Categoria:Política
B.L	da	13. juli
B.L	da	1983
B.L	da	Eberhard Karls Universität Tübingen
B.L	da	Piratenpartei Deutschland
B.L	da	Reutlingen
B.L	da	Tyskland
B.L	cs	13. červenec
B.L	cs	1983
B.L	cs	2011
B.L	cs	2012
B.L	cs	Bernd Schlömer
B.L	cs	Bioinformatika
B.L	cs	Duben
B.L	cs	Eberhard Karls Universität Tübingen
B.L	cs	Jens Seipenbusch
B.L	cs	Květen
B.L	cs	Německo
B.L	cs	Piratenpartei Deutschland
B.L	cs	Reutlingen
B.L	cs	Wikimedia Commons
B.L	cs	Diskuse:Sebastian Nerz
B.L	cs	Wikipedie:Pahýl
B.L	no	13. juli
B.L	no	1983
B.L	no	Bernd Schlömer
B.L	no	Bioinformatikk
B.L	no	Christlich Demokratische Union
B.L	no	Christof Leng
B.L	no	Dirk Hillbrecht
B.L	no	Eberhard-Karls-Universität Tübingen
B.L	no	Jens Seipenbusch
B.L	no	Piratenpartei Deutschland
B.L	no	Reutlingen
B.L	no	Tyskland
B.L	no	Mal:FDPs ledere
B.L	no	Maldiskusjon:FDPs ledere
B.L	nl	13 juli
B.L	nl	1983
B.L	nl	Duitsland
B.L	nl	Eberhard-Karls-Universiteit
B.L	nl	Piratenpartei Deutschland
B.L	nl	Politicus
B.L	nl	Reutlingen (stad)
B.L	nl	Wikipedia:Beginnetje
B.L	nl	Portaal:Politiek
B.L	hu	1983
B.L	hu	Július 13
B.L	hu	Július 6
B.L	hu	Német Kalózpárt
B.L	hu	Németország
B.L	hu	Reutlingen
B.L	hu	Tübingeni Egyetem
B.L	hu	Wikimédia Commons
B.L	hu	Életrajz
B.L	hu	Wikipédia:Csonk
B.L	hu	Portál:Németország
B.L	hu	Portál:Németország/ikon
B.L	hu	Portál:Politika
B.L	hu	Portál:Politika/ikon
B.L	it	13 luglio
B.L	it	1983
B.L	it	Bernd Schlömer
B.L	it	Christof Leng
B.L	it	Dirk Hillbrecht
B.L	it	Germania
B.L	it	Jens Seipenbusch
B.L	it	Partito Pirata (Germania)
B.L	it	Partito Pirata della Germania
B.L	it	Politico
B.L	it	Reutlingen
B.L	it	Università di Tubinga
B.L	it	Template:Presidenti del Piratenpartei
B.L	it	Discussioni template:Presidenti del Piratenpartei
B.L	it	Aiuto:Abbozzo
B.L	it	Aiuto:Manuale di stile
B.L	it	Categoria:Nati a Reutlingen
B.L	it	Categoria:Nati il 13 luglio
B.L	it	Categoria:Nati nel 1983
B.L	it	Categoria:Politici tedeschi
B.L	it	Categoria:Politici tedeschi del XXI secolo
B.L	it	Categoria:Stub - politici tedeschi
B.L	it	Portale:Biografie
B.L	it	Portale:Politica
B.L	it	Progetto:Politici tedeschi
B.L	tr	13 Temmuz
B.L	tr	1983
B.L	tr	Alman
B.L	tr	Almanya Korsan Partisi
B.L	tr	Bernd Schlömer
B.L	tr	Christof Leng
B.L	tr	Dirk Hillbrecht
B.L	tr	Jens Seipenbusch
B.L	tr	Reutlingen
B.L	tr	Vikipedi:Madde
B.L	tr	Vikipedi:Taslak madde
B.L	tr	Şablon:PIRATEN Partibaşkanları
B.L	tr	Şablon tartışma:PIRATEN Partibaşkanları
B.L	sv	13 juli
B.L	sv	1983
B.L	sv	Bioinformatik
B.L	sv	Eberhard Karls universitet
B.L	sv	Piratenpartei Deutschland
B.L	sv	Politik i Tyskland
B.L	sv	Reutlingen
B.L	sv	Tyskland
B.L	sv	Tübingen
B.L	sv	Wikipedia:Stubbar
B.L	ro	13 iulie
B.L	ro	1983
B.L	ro	Bernd Schlömer
B.L	ro	Biografie
B.L	ro	German
B.L	ro	Germania
B.L	ro	Jens Seipenbusch
B.L	ro	Partidul Piraților din Germania
B.L	ro	Politică
B.L	ro	Reutlingen
B.L	ro	Universitatea Eberhard Karl
B.L	ro	Wikimedia Commons
B.L	ro	Wikipedia:Articolul ciot perfect
B.L	ro	Wikipedia:Găsește și repară un ciot
B.L	pt	13 de julho
B.L	pt	1983
B.L	pt	2001
B.L	pt	2009
B.L	pt	Alemanha
B.L	pt	Baden-Württemberg
B.L	pt	Bioinformática
B.L	pt	Conservador
B.L	pt	Direita
B.L	pt	Eberhard Karls Universität Tübingen
B.L	pt	Eleições federais na Alemanha em 2009
B.L	pt	Língua alemã
B.L	pt	Partido
B.L	pt	Piratenpartei Deutschland
B.L	pt	Política
B.L	pt	Político
B.L	pt	Reutlingen
B.L	pt	Tübingen
B.L	pt	União Democrata-Cristã
B.L	pt	Wikipédia:Esboço
B.L	pt	Wikipédia:Projetos/Países/Europa
B.L	pt	Predefinição:Esboço-Alemanha
B.L	zh	1983年
B.L	zh	2009年德國聯邦議院選舉
B.L	zh	Baden-Württemberg
B.L	zh	Reutlingen
B.L	zh	中國盜版黨
B.L	zh	俄羅斯海盜黨
B.L	zh	保加利亞海盜黨
B.L	zh	加拿大海盜黨
B.L	zh	加泰羅尼亞海盜 (政黨)
B.L	zh	反仿冒貿易協定
B.L	zh	哈薩克海盜黨
B.L	zh	土耳其海盜黨
B.L	zh	塞普勒斯海盜黨
B.L	zh	塞爾維亞海盜黨
B.L	zh	墨西哥海盜黨
B.L	zh	奧地利海盜黨
B.L	zh	尼泊爾海盜黨
B.L	zh	巴登－符腾堡州
B.L	zh	巴西海盜黨
B.L	zh	希臘海盜黨
B.L	zh	德国
B.L	zh	德国基督教民主联盟
B.L	zh	德國海盜黨
B.L	zh	德语
B.L	zh	愛沙尼亞海盜黨
B.L	zh	愛爾蘭海盜黨
B.L	zh	捷克海盜黨
B.L	zh	摩洛哥海盜黨
B.L	zh	斯洛伐克海盜黨
B.L	zh	斯洛維尼亞海盜黨
B.L	zh	智利海盜黨
B.L	zh	李卡德·法克明炎
B.L	zh	比利時海盜黨
B.L	zh	波蘭海盜黨
B.L	zh	海盜灣
B.L	zh	海盜署
B.L	zh	海盜黨
B.L	zh	海盜黨 (丹麥)
B.L	zh	海盜黨 (法國)
B.L	zh	海盜黨 (芬蘭)
B.L	zh	海盜黨 (西班牙)
B.L	zh	海盜黨國際
B.L	zh	海盜黨青年團 (德國)
B.L	zh	海盜黨青年團 (瑞典)
B.L	zh	澳大利亞海盜黨
B.L	zh	烏克蘭海盜黨
B.L	zh	烏拉圭海盜黨
B.L	zh	瑞士海盜黨
B.L	zh	生物信息学
B.L	zh	盜版黨
B.L	zh	盧森堡海盜黨
B.L	zh	突尼西亞海盜黨
B.L	zh	紐西蘭海盜黨
B.L	zh	维基共享资源
B.L	zh	罗伊特林根
B.L	zh	羅馬尼亞海盜黨
B.L	zh	美國海盜黨
B.L	zh	義大利海盜黨
B.L	zh	英國海盜黨
B.L	zh	荷蘭海盜黨
B.L	zh	葡萄牙海盜黨
B.L	zh	蒂宾根大学
B.L	zh	Wikipedia:Persondata
B.L	zh	Template:Pirate Party
B.L	zh	Template talk:Pirate Party
CN	de	Sebastian_Nerz
IWL	ga	Sebastian Nerz
IWL	fr	Sebastian Nerz
IWL	en	Sebastian Nerz
IWL	es	Sebastian Nerz
IWL	ca	Sebastian Nerz
IWL	da	Sebastian Nerz
IWL	cs	Sebastian Nerz
IWL	no	Sebastian Nerz
IWL	nl	Sebastian Nerz
IWL	hu	Sebastian Nerz
IWL	it	Sebastian Nerz
IWL	tr	Sebastian Nerz
IWL	sv	Sebastian Nerz
IWL	ro	Sebastian Nerz
IWL	pt	Sebastian Nerz
IWL	zh	塞巴斯蒂安·内尔兹
