A.L	de	BPEL
A.L	de	Betriebssystem
A.L	de	Blog
A.L	de	Computercluster
A.L	de	Crawler
A.L	de	Deutsches Forschungszentrum für Künstliche Intelligenz
A.L	de	Eclipse Foundation
A.L	de	Eclipse Public License
A.L	de	Framework
A.L	de	Indexierung
A.L	de	Informationsmanagement
A.L	de	Java (Programmiersprache)
A.L	de	Komponentenmodell
A.L	de	Lucene
A.L	de	Message Queue
A.L	de	Metadaten
A.L	de	OSGi
A.L	de	Open Source
A.L	de	PHP
A.L	de	Programmiersprache
A.L	de	Service component architecture
A.L	de	Theseus (Forschungsprogramm)
A.L	de	Version (Software)
CN	de	SMILA
