A.L	de	10. März
A.L	de	1957
A.L	de	Abgeordnetenwatch.de
A.L	de	Abitur
A.L	de	Al-Qaida
A.L	de	Angela Merkel
A.L	de	Annette Schavan
A.L	de	Anonymität im Internet
A.L	de	Anschlag auf den Boston-Marathon
A.L	de	Anschläge in Norwegen 2011
A.L	de	Antiamerikanismus
A.L	de	AsylbLG
A.L	de	Bayerischer Verdienstorden
A.L	de	Bayern
A.L	de	Berliner Umschau
A.L	de	Berliner Zeitung
A.L	de	Bernhard Witthaut
A.L	de	Big Brother Awards
A.L	de	Bild (Zeitung)
A.L	de	Blog
A.L	de	Bundesministerium des Innern
A.L	de	Bundesministerium für Verkehr, Bau und Stadtentwicklung
A.L	de	Bundesministerium für Wirtschaft und Technologie
A.L	de	Bundestagswahl 1998
A.L	de	Bundestagswahl 2009
A.L	de	Bundestagswahlkreis
A.L	de	Bundestagswahlkreis Hof
A.L	de	Bundestrojaner
A.L	de	Bundesverfassungsgericht
A.L	de	Bürgerkrieg in Syrien
A.L	de	CDU/CSU-Bundestagsfraktion
A.L	de	CSU-Landesgruppe
A.L	de	Chaos Computer Club
A.L	de	Christian Bommarius
A.L	de	Christlich-Soziale Union in Bayern
A.L	de	Christoph Bergner
A.L	de	Claudia Roth
A.L	de	Daniel Bahr
A.L	de	Der Spiegel
A.L	de	Derwesten.de
A.L	de	Deutsche Nationalbibliothek
A.L	de	Deutsche Polizeigewerkschaft
A.L	de	Deutscher Bundestag
A.L	de	Deutschland
A.L	de	Die Linke
A.L	de	Die Welt
A.L	de	Die Zeit
A.L	de	Die tageszeitung
A.L	de	Dirk Niebel
A.L	de	Doktortitel
A.L	de	Eric Holder
A.L	de	Ernst Benda
A.L	de	Erststimme
A.L	de	Euronews
A.L	de	FAZ
A.L	de	FernUniversität in Hagen
A.L	de	Fjordman
A.L	de	Frankfurter Allgemeine Zeitung
A.L	de	Franz Josef Jung
A.L	de	Franz Josef Strauß
A.L	de	Freie Presse
A.L	de	Friedrich Zimmermann
A.L	de	Fritz Schäffer
A.L	de	Gemeinsame Normdatei
A.L	de	Gerda Hasselfeldt
A.L	de	Gerhard Schröder (CDU)
A.L	de	Gerhart Baum
A.L	de	Gewerkschaft der Polizei
A.L	de	Griechenland
A.L	de	Griechische Staatsschuldenkrise ab 2010
A.L	de	Guido Westerwelle
A.L	de	Gustav Heinemann
A.L	de	Hamburger Abendblatt
A.L	de	Hans-Dietrich Genscher
A.L	de	Hermann Höcherl
A.L	de	Ilse Aigner
A.L	de	Internet
A.L	de	Islam in Deutschland
A.L	de	Islamkonferenz
A.L	de	Jan Korte
A.L	de	Joe Biden
A.L	de	Johanna Wanka
A.L	de	Junge Union
A.L	de	Justitiar
A.L	de	Jüdische Allgemeine
A.L	de	Jürgen Schmude
A.L	de	K.St.V. Ludovicia Augsburg
A.L	de	Kabinett Merkel II
A.L	de	Karl-Theodor zu Guttenberg
A.L	de	Kenan Kolat
A.L	de	Kommanditgesellschaft
A.L	de	Kristina Schröder
A.L	de	Landesliste
A.L	de	Lisa Monaco
A.L	de	Liste der deutschen Innenminister
A.L	de	Ludwig-Maximilians-Universität München
A.L	de	Manfred Kanther
A.L	de	Markus Beckedahl
A.L	de	Matthias Seeger
A.L	de	Mesut Özil
A.L	de	Michael Glos
A.L	de	Michael Hartmann (Politiker)
A.L	de	Mitglied des Deutschen Bundestages
A.L	de	Naila
A.L	de	Nationalsozialistischer Untergrund
A.L	de	Netzpolitik.org
A.L	de	Norbert Röttgen
A.L	de	Oberfranken
A.L	de	Otto Schily
A.L	de	PRISM
A.L	de	Paul Lücke
A.L	de	Peter Altmaier
A.L	de	Peter Ramsauer
A.L	de	Petra Pau
A.L	de	Philipp Rösler
A.L	de	Plagiatsaffäre Guttenberg
A.L	de	Politiker
A.L	de	Promotion (Doktor)
A.L	de	Quick Freeze
A.L	de	Rainer Brüderle
A.L	de	Rainer Wendt
A.L	de	Rechtsfreier Raum
A.L	de	Rechtswissenschaft
A.L	de	Referendar
A.L	de	Regierungsrat (Amtsbezeichnung)
A.L	de	Richard Stücklen
A.L	de	Robert Lehr
A.L	de	Rolf Gössner
A.L	de	Ronald Pofalla
A.L	de	Rudolf Seiters
A.L	de	Sabine Leutheusser-Schnarrenberger
A.L	de	Spiegel Online
A.L	de	Spiegel online
A.L	de	Staatsexamen
A.L	de	Süddeutsche Zeitung
A.L	de	Testamentsvollstreckung
A.L	de	Theo Waigel
A.L	de	Thomas de Maizière
A.L	de	Twitter
A.L	de	Universität Augsburg
A.L	de	Untersuchungsausschuss
A.L	de	Ursula von der Leyen
A.L	de	Verfassungsschutz
A.L	de	Verschlossene Auster
A.L	de	Videoüberwachung
A.L	de	Virtual International Authority File
A.L	de	Volkswirtschaftslehre
A.L	de	Vordiplom
A.L	de	Vorratsdatenspeicherung
A.L	de	Wahlausschuss
A.L	de	Wahlbetrug
A.L	de	Washington, D.C.
A.L	de	Wehrdienst
A.L	de	Welt Online
A.L	de	Werner Dollinger
A.L	de	Werner Maihofer
A.L	de	Wirtschaftswissenschaften
A.L	de	Wolfgang Bötsch
A.L	de	Wolfgang Schäuble
A.L	de	Zentralrat der Muslime in Deutschland
A.L	de	Hilfe:Personendaten
B.L	fr	10 mars
B.L	fr	1871
B.L	fr	1918
B.L	fr	1933
B.L	fr	1945
B.L	fr	1949
B.L	fr	1957
B.L	fr	1974
B.L	fr	1975
B.L	fr	1982
B.L	fr	1983
B.L	fr	1986
B.L	fr	1988
B.L	fr	1990
B.L	fr	1991
B.L	fr	1993
B.L	fr	1998
B.L	fr	2002
B.L	fr	2005
B.L	fr	2011
B.L	fr	2013
B.L	fr	23 août
B.L	fr	2 mars
B.L	fr	3 mars
B.L	fr	6 mars
B.L	fr	Abitur
B.L	fr	Adolf Köster
B.L	fr	Alan Shatter
B.L	fr	Allemagne
B.L	fr	Allemagne de l'Ouest
B.L	fr	Allemand
B.L	fr	Angela Merkel
B.L	fr	Angelino Alfano
B.L	fr	Annette Schavan
B.L	fr	Août 2013
B.L	fr	Arthur von Posadowsky-Wehner
B.L	fr	Bartłomiej Sienkiewicz
B.L	fr	Beatrice Ask
B.L	fr	Brigitte Zypries
B.L	fr	Bundestag
B.L	fr	Cabinet Merkel I
B.L	fr	Cabinet Merkel II
B.L	fr	Cabinet Schröder II
B.L	fr	Canada
B.L	fr	Carl Severing
B.L	fr	Centre-gauche
B.L	fr	Chancelier fédéral (Allemagne)
B.L	fr	Chancellerie fédérale (Allemagne)
B.L	fr	Christian Wulff
B.L	fr	Clemens von Delbrück
B.L	fr	Dailis Barakauskass
B.L	fr	Daniel Bahr
B.L	fr	Dirk Niebel
B.L	fr	District de Haute-Franconie
B.L	fr	Doctorat
B.L	fr	Droit
B.L	fr	Eduard David
B.L	fr	Eleni Mavrou
B.L	fr	Empire allemand
B.L	fr	Erich Koch-Weser
B.L	fr	Ernst Benda
B.L	fr	Fonction publique
B.L	fr	France
B.L	fr	Frank-Walter Steinmeier
B.L	fr	Frankfurter Allgemeine Zeitung
B.L	fr	Franz Bracht
B.L	fr	Franz Josef Jung
B.L	fr	Franz Josef Strauß
B.L	fr	Franz Müntefering
B.L	fr	Fraude électorale
B.L	fr	Friedrich Dickel
B.L	fr	Friedrich Ebert
B.L	fr	Friedrich Zimmermann
B.L	fr	Fritz Schäffer
B.L	fr	Georg Gradnauer
B.L	fr	Gerda Hasselfeldt
B.L	fr	Gerhard Schröder (CDU)
B.L	fr	Gerhart Baum
B.L	fr	Giánnis Michelákis
B.L	fr	Gouvernement fédéral (Allemagne)
B.L	fr	Gregor Virant
B.L	fr	Groupe CDU/CSU au Bundestag
B.L	fr	Groupe des huit
B.L	fr	Groupement provincial de la CSU
B.L	fr	Guido Westerwelle
B.L	fr	Gustav Heinemann
B.L	fr	Hagen (Rhénanie-du-Nord-Westphalie)
B.L	fr	Hans-Dietrich Genscher
B.L	fr	Heidemarie Wieczorek-Zeul
B.L	fr	Heinrich Himmler
B.L	fr	Hermann Höcherl
B.L	fr	Homme politique
B.L	fr	Horst Seehofer
B.L	fr	Hugo Preuß
B.L	fr	Ilse Aigner
B.L	fr	Italie
B.L	fr	Jan Kubice
B.L	fr	Janet Napolitano
B.L	fr	Japon
B.L	fr	Jean-Marie Halsdorf
B.L	fr	Johanna Mikl-Leitner
B.L	fr	Johanna Wanka
B.L	fr	Jorge Fernández Díaz
B.L	fr	Joseph Wirth
B.L	fr	Joëlle Milquet
B.L	fr	Junge Union
B.L	fr	Juriste
B.L	fr	Jürgen Schmude
B.L	fr	Karl-Theodor zu Guttenberg
B.L	fr	Karl Heinrich von Boetticher
B.L	fr	Karl Helfferich
B.L	fr	Karl Hofmann
B.L	fr	Karl Jarres
B.L	fr	Karl Maron
B.L	fr	Karl Steinhoff
B.L	fr	Karl Trimborn
B.L	fr	Keiji Furuya
B.L	fr	Ken-Marti Vaher
B.L	fr	Kristina Schröder
B.L	fr	Le Nouvel Observateur
B.L	fr	Lothar Ahrendt
B.L	fr	Manfred Kanther
B.L	fr	Manuel Mallia
B.L	fr	Manuel Valls
B.L	fr	Margrethe Vestager
B.L	fr	Mars 1957
B.L	fr	Mars 2011
B.L	fr	Martin Schiele
B.L	fr	Max Wallraf
B.L	fr	Michael Glos
B.L	fr	Miguel Macedo
B.L	fr	Ministre fédéral avec attributions spéciales
B.L	fr	Ministère de l'Intérieur (France)
B.L	fr	Ministère du Reich à l'Intérieur
B.L	fr	Ministère fédéral de l'Agriculture (Allemagne)
B.L	fr	Ministère fédéral de l'Environnement (Allemagne)
B.L	fr	Ministère fédéral de l'Intérieur (Allemagne)
B.L	fr	Ministère fédéral de l'Économie (Allemagne)
B.L	fr	Ministère fédéral de l'Éducation et de la Recherche (Allemagne)
B.L	fr	Ministère fédéral de la Coopération économique (Allemagne)
B.L	fr	Ministère fédéral de la Défense (Allemagne)
B.L	fr	Ministère fédéral de la Famille (Allemagne)
B.L	fr	Ministère fédéral de la Justice (Allemagne)
B.L	fr	Ministère fédéral de la Santé (Allemagne)
B.L	fr	Ministère fédéral des Finances (Allemagne)
B.L	fr	Ministère fédéral des Transports et de la Construction (Allemagne)
B.L	fr	Ministère fédéral du Travail (Allemagne)
B.L	fr	Naila
B.L	fr	Norbert Röttgen
B.L	fr	Office des Affaires étrangères (Allemagne)
B.L	fr	Olaf Scholz
B.L	fr	Otto Geßler
B.L	fr	Otto Schily
B.L	fr	Paul Giesler
B.L	fr	Paul Lücke
B.L	fr	Peer Steinbrück
B.L	fr	Peter Altmaier
B.L	fr	Peter Michael Diestel
B.L	fr	Peter Ramsauer
B.L	fr	Philipp Rösler
B.L	fr	Président fédéral (Allemagne)
B.L	fr	Päivi Räsänen
B.L	fr	Radu Stroe
B.L	fr	Rainer Brüderle
B.L	fr	Ranko Ostojić
B.L	fr	Remaniement ministériel
B.L	fr	Richard Stücklen
B.L	fr	Rihards Kozlovskis
B.L	fr	Robert Kaliňák
B.L	fr	Robert Lehr
B.L	fr	Ronald Plasterk
B.L	fr	Ronald Pofalla
B.L	fr	Royaume-Uni
B.L	fr	Rudolf Oeser
B.L	fr	Rudolf Seiters
B.L	fr	Russie
B.L	fr	République démocratique allemande
B.L	fr	Sabine Leutheusser-Schnarrenberger
B.L	fr	Sciences économiques
B.L	fr	Service militaire
B.L	fr	Sigmar Gabriel
B.L	fr	Sándor Pintér
B.L	fr	Theobald von Bethmann Hollweg
B.L	fr	Theodor Waigel
B.L	fr	Theresa May
B.L	fr	Thomas de Maizière
B.L	fr	Tsvetlin Yovchev
B.L	fr	Ulla Schmidt
B.L	fr	Union chrétienne-sociale en Bavière
B.L	fr	Université Louis-et-Maximilien de Munich
B.L	fr	Université d'Augsbourg
B.L	fr	Ursula von der Leyen
B.L	fr	Vic Toews
B.L	fr	Vice-chancelier (Allemagne)
B.L	fr	Vladimir Kolokoltsev
B.L	fr	Walter von Keudell
B.L	fr	Washington (district de Columbia)
B.L	fr	Werner Dollinger
B.L	fr	Werner Maihofer
B.L	fr	Wilhelm Freiherr von Gayl
B.L	fr	Wilhelm Frick
B.L	fr	Wilhelm Grœner
B.L	fr	Wilhelm Külz
B.L	fr	Wilhelm Sollmann
B.L	fr	Wilhelm Stuckart
B.L	fr	Wolfgang Bötsch
B.L	fr	Wolfgang Schäuble
B.L	fr	Wolfgang Tiefensee
B.L	fr	Élections fédérales allemandes de 2009
B.L	fr	États-Unis
B.L	fr	États membres de l'Union européenne
B.L	fr	Études supérieures
B.L	fr	Modèle:Palette Cabinet Merkel
B.L	fr	Modèle:Palette Ministres de l'Intérieur allemands
B.L	fr	Modèle:Palette Ministres de l'Intérieur de l'UE
B.L	fr	Modèle:Palette Ministres de l'Intérieur du G8
B.L	fr	Modèle:Palette Présidents du groupement CSU
B.L	fr	Discussion modèle:Palette Cabinet Merkel
B.L	fr	Discussion modèle:Palette Ministres de l'Intérieur allemands
B.L	fr	Discussion modèle:Palette Ministres de l'Intérieur de l'UE
B.L	fr	Discussion modèle:Palette Ministres de l'Intérieur du G8
B.L	fr	Discussion modèle:Palette Présidents du groupement CSU
B.L	fr	Catégorie:Portail:Allemagne/Articles liés
B.L	fr	Catégorie:Portail:Politique/Articles liés
B.L	fr	Portail:Allemagne
B.L	fr	Portail:Politique
B.L	el	CSU
B.L	el	Der Spiegel
B.L	el	Άνω Φρανκονία
B.L	el	Άουγκσμπουργκ
B.L	el	Βαυαρία
B.L	el	Γερμανία
B.L	eo	10-an de marto
B.L	eo	1957
B.L	eo	2011
B.L	eo	3-a de marto
B.L	eo	Bavario
B.L	eo	Christlich-Soziale Union in Bayern
B.L	eo	Germana politikisto
B.L	eo	Germanoj
B.L	eo	Karl-Theodor zu Guttenberg
B.L	eo	Kristandemokrata Unio de Germanio
B.L	eo	Ministraro dua de Angela Merkel
B.L	eo	Naila
B.L	eo	Politikisto
B.L	eo	Supra Frankonio
B.L	eo	Thomas de Maizière
B.L	eo	Vikipedio:La perfekta ĝermo de artikolo
B.L	eo	Vikipedio:Tradukoj
B.L	eo	Vikipedio:Trovi aŭ kreskigi ĝermojn
B.L	eo	Kategorio:Ĝermoj pri Germana politikisto
B.L	eo	Kategorio:Ĝermoj pri germana politikisto
B.L	eo	Kategorio:Ĝermoj pri germana politikistoj
B.L	eo	Kategorio:Ĝermoj pri germanaj politikistoj
B.L	en	Adolf Köster
B.L	en	Alma mater
B.L	en	Angela Merkel
B.L	en	Angelino Alfano
B.L	en	Annette Schavan
B.L	en	Arthur von Posadowsky-Wehner
B.L	en	Authority control
B.L	en	Bavaria
B.L	en	Bundestag
B.L	en	Cabinet Merkel II
B.L	en	Cabinet of Germany
B.L	en	Canada
B.L	en	Carl Severing
B.L	en	Cecilia Malmström
B.L	en	Chancellor of Germany
B.L	en	Christian Social Union of Bavaria
B.L	en	Clemens von Delbrück
B.L	en	Daniel Bahr
B.L	en	Dirk Niebel
B.L	en	East Germany
B.L	en	Eduard David
B.L	en	Erich Koch-Weser
B.L	en	Ernst Benda
B.L	en	European Union
B.L	en	Federal Minister of Economics and Technology
B.L	en	Federal Ministry of Health (Germany)
B.L	en	Federal Ministry of the Interior (Germany)
B.L	en	France
B.L	en	Franz Bracht
B.L	en	Franz Josef Jung
B.L	en	Free Democratic Party (Germany)
B.L	en	Friedrich Dickel
B.L	en	Friedrich Ebert
B.L	en	Friedrich Zimmermann
B.L	en	G8
B.L	en	Georg Gradnauer
B.L	en	Gerhard Schröder (CDU)
B.L	en	Gerhart Baum
B.L	en	German Empire
B.L	en	German federal election, 1998
B.L	en	Germany
B.L	en	Guido Westerwelle
B.L	en	Gustav Heinemann
B.L	en	Hans-Dietrich Genscher
B.L	en	Heinrich Himmler
B.L	en	Hermann Höcherl
B.L	en	Hugo Preuß
B.L	en	Ilse Aigner
B.L	en	Incumbent
B.L	en	Interior ministry
B.L	en	Italy
B.L	en	Janet Napolitano
B.L	en	Japan
B.L	en	Johanna Wanka
B.L	en	Joseph Wirth
B.L	en	Jürgen Schmude
B.L	en	Karl-Theodor zu Guttenberg
B.L	en	Karl Heinrich von Boetticher
B.L	en	Karl Helfferich
B.L	en	Karl Jarres
B.L	en	Karl Maron
B.L	en	Karl Steinhoff
B.L	en	Karl Trimborn
B.L	en	Karl von Hofmann
B.L	en	Kristina Schröder
B.L	en	Lawyer
B.L	en	List of Bavarian Christian Social Union politicians
B.L	en	Lothar Ahrendt
B.L	en	Manfred Kanther
B.L	en	Manuel Valls
B.L	en	Martin Schiele
B.L	en	Max Wallraf
B.L	en	NSA
B.L	en	Naila
B.L	en	Nazi Germany
B.L	en	Norbert Röttgen
B.L	en	Otto Gessler
B.L	en	Otto Schily
B.L	en	PRISM (surveillance program)
B.L	en	Paul Giesler
B.L	en	Paul Lücke
B.L	en	Peter-Michael Diestel
B.L	en	Peter Altmaier
B.L	en	Peter Ramsauer
B.L	en	Philipp Rösler
B.L	en	Politician
B.L	en	Rainer Brüderle
B.L	en	Robert Lehr
B.L	en	Ronald Pofalla
B.L	en	Rudolf Oeser
B.L	en	Rudolf Seiters
B.L	en	Russia
B.L	en	Sabine Leutheusser-Schnarrenberger
B.L	en	Theobald von Bethmann-Hollweg
B.L	en	Theresa May
B.L	en	Thomas de Maizière
B.L	en	United Kingdom
B.L	en	United States
B.L	en	University of Augsburg
B.L	en	Ursula von der Leyen
B.L	en	Vic Toews
B.L	en	Vice Chancellor of Germany
B.L	en	Virtual International Authority File
B.L	en	Vladimir Kolokoltsev
B.L	en	Walter von Keudell
B.L	en	Weimar Republic
B.L	en	Werner Maihofer
B.L	en	Wilhelm Frick
B.L	en	Wilhelm Groener
B.L	en	Wilhelm Külz
B.L	en	Wilhelm Sollmann
B.L	en	Wilhelm Stuckart
B.L	en	Wilhelm von Gayl
B.L	en	Willi Stoph
B.L	en	Wolfgang Schäuble
B.L	en	Yoshitaka Shindō
B.L	en	Talk:Hans-Peter Friedrich
B.L	en	Wikipedia:Copying within Wikipedia
B.L	en	Wikipedia:Persondata
B.L	en	Wikipedia:Stub
B.L	en	Wikipedia:Translation
B.L	en	Template:Cabinet Merkel II
B.L	en	Template:G8-Interior
B.L	en	Template:Germany-CSU-politician-stub
B.L	en	Template:Interior Ministers of Germany
B.L	en	Template talk:Cabinet Merkel II
B.L	en	Template talk:G8-Interior
B.L	en	Template talk:Germany-CSU-politician-stub
B.L	en	Template talk:Interior Ministers of Germany
B.L	en	Category:Articles to be expanded from July 2009
B.L	nds	10. März
B.L	nds	1957
B.L	nds	Abitur
B.L	nds	Augsborg
B.L	nds	Bundsministerium för't Binnere
B.L	nds	Bundsministerium för Verkehr, Bau un Stadtentwicklung
B.L	nds	Bundsrepubliek Düütschland
B.L	nds	Bunnsministerium för'd Innere
B.L	nds	CDU/CSU-Bundsdagsfraktschoon
B.L	nds	CSU
B.L	nds	CSU-Landsgruppe
B.L	nds	Düütschland
B.L	nds	Ernst Benda
B.L	nds	Friedrich Zimmermann
B.L	nds	Gerhard Schröder (CDU)
B.L	nds	Gerhart Rudolf Baum
B.L	nds	Gustav Heinemann
B.L	nds	Hans-Dietrich Genscher
B.L	nds	Hermann Höcherl
B.L	nds	Junge Union
B.L	nds	Justitiar
B.L	nds	Jürgen Schmude
B.L	nds	Karl-Theodor zu Guttenberg
B.L	nds	Liddmaat vun den Düütschen Bundsdag
B.L	nds	Manfred Kanther
B.L	nds	Michael Glos
B.L	nds	München
B.L	nds	Naila
B.L	nds	Oberfranken
B.L	nds	Otto Schily
B.L	nds	Paul Lücke
B.L	nds	Peter Ramsauer
B.L	nds	Politiker
B.L	nds	Robert Lehr
B.L	nds	Rudolf Seiters
B.L	nds	Spiegel online
B.L	nds	Staatsexamen
B.L	nds	Thomas de Maizière
B.L	nds	Universität Augsborg
B.L	nds	Wahlbetrug
B.L	nds	Washington, D.C.
B.L	nds	Wehrdeenst
B.L	nds	Werner Maihofer
B.L	nds	Wolfgang Schäuble
B.L	nds	Ünnersökensutschuss
B.L	no	10. mars
B.L	no	1957
B.L	no	Bayern
B.L	no	CSU
B.L	no	Ernst Benda
B.L	no	Forbundsdagen
B.L	no	Friedrich Zimmermann
B.L	no	Gerhard Schröder (CDU)
B.L	no	Gerhart Baum
B.L	no	Gustav Heinemann
B.L	no	Hans-Dietrich Genscher
B.L	no	Hermann Höcherl
B.L	no	Jürgen Schmude
B.L	no	Karl-Theodor zu Guttenberg
B.L	no	Liste over Tysklands innenriksministre
B.L	no	Manfred Kanther
B.L	no	Merkel II
B.L	no	Michael Glos
B.L	no	Naila
B.L	no	Oberfranken
B.L	no	Otto Schily
B.L	no	Paul Lücke
B.L	no	Politiker
B.L	no	Robert Lehr
B.L	no	Rudolf Seiters
B.L	no	Thomas de Maizière
B.L	no	Tysk
B.L	no	Tyskland
B.L	no	Werner Maihofer
B.L	no	Wolfgang Schäuble
B.L	no	Wikipedia:Portaler
B.L	no	Mal:Tysklands innenriksministre etter 1949
B.L	no	Maldiskusjon:Tysklands innenriksministre etter 1949
B.L	no	Portal:Tyskland
B.L	pl	10 marca
B.L	pl	1957
B.L	pl	2011
B.L	pl	3 marca
B.L	pl	Augsburg
B.L	pl	Bundestag
B.L	pl	Bundeswehra
B.L	pl	CDU/CSU
B.L	pl	Christian Wulff
B.L	pl	Drugi rząd Angeli Merkel
B.L	pl	Gemeinsame Normdatei
B.L	pl	Haga
B.L	pl	Język niemiecki
B.L	pl	Kontrola autorytatywna
B.L	pl	Monachium
B.L	pl	Naila
B.L	pl	Niemcy
B.L	pl	Online Computer Library Center
B.L	pl	Thomas de Maizière
B.L	pl	Unia Chrześcijańsko-Społeczna w Bawarii
B.L	pl	Wybory parlamentarne w Niemczech w 1998 roku
B.L	pl	Wybory parlamentarne w Niemczech w 2002 roku
B.L	pl	Wybory parlamentarne w Niemczech w 2005 roku
B.L	pl	Wybory parlamentarne w Niemczech w 2009 roku
B.L	la	10 Martii
B.L	la	1957
B.L	la	1973
B.L	la	1974
B.L	la	1983
B.L	la	1986
B.L	la	1988
B.L	la	1990
B.L	la	1991
B.L	la	1993
B.L	la	1998
B.L	la	2005
B.L	la	2009
B.L	la	2011
B.L	la	3 Martii
B.L	la	Administer Foederalis Commeatus et Aedificiorum
B.L	la	Administer Foederalis Defensionis Publicae
B.L	la	Administer Foederalis Oeconomiae
B.L	la	Administer Foederalis Rerum Internarum
B.L	la	Administratio Merkel 2
B.L	la	Angela Merkel
B.L	la	Annetta Schavan
B.L	la	Augusta Vindelicorum
B.L	la	CDU
B.L	la	CSU
B.L	la	Carolus Theodorus zu Guttenberg
B.L	la	Christina Schröder
B.L	la	Daniel Bahr
B.L	la	Dieta Foederalis Germaniae
B.L	la	Ernestus Benda
B.L	la	Franciscus Josephus Jung
B.L	la	Franconia
B.L	la	Fridericus Zimmermann
B.L	la	Georgius Schmude
B.L	la	Gerhardus Baum
B.L	la	Gerhardus Schröder (CDU)
B.L	la	Germania
B.L	la	Guido Westerwelle
B.L	la	Gustavus Heinemann
B.L	la	Hagen
B.L	la	Hermannus Höcherl
B.L	la	Ilse Aigner
B.L	la	Ioanna Wanka
B.L	la	Ioannes-Theodericus Genscher
B.L	la	Manfredus Kanther
B.L	la	Michael Glos
B.L	la	Monachium
B.L	la	Naila
B.L	la	Norbertus Röttgen
B.L	la	Otto Schily
B.L	la	Paulus Lücke
B.L	la	Petrus Altmaier
B.L	la	Petrus Ramsauer
B.L	la	Philippus Rösler
B.L	la	Rainer Brüderle
B.L	la	Robertus Lehr
B.L	la	Ronaldus Pofalla
B.L	la	Rudolphus Seiters
B.L	la	Sabina Leutheusser-Schnarrenberger
B.L	la	Theodericus Niebel
B.L	la	Thomas de Maizière
B.L	la	Unio iuvenilis
B.L	la	Ursula de Leyen
B.L	la	Vasingtonia
B.L	la	Volfgangus Schäuble
B.L	la	Wernerus Maihofer
B.L	tr	1998
B.L	tr	2011
B.L	tr	2 Mart
B.L	tr	3 Mart
B.L	tr	Alman
B.L	tr	Angela Merkel
B.L	tr	Augsburg Üniversitesi
B.L	tr	Avukat
B.L	tr	Bavaria
B.L	tr	CSU
B.L	tr	Hür Demokrat Parti
B.L	tr	Naila
B.L	tr	Politikacı
B.L	tr	Thomas de Maizière
B.L	tr	Vikipedi:Madde
B.L	tr	Vikipedi:Taslak madde
B.L	sv	10 mars
B.L	sv	1957
B.L	sv	Angela Merkel
B.L	sv	Annette Schavan
B.L	sv	CDU/CSU
B.L	sv	Christlich-Soziale Union in Bayern
B.L	sv	Daniel Bahr
B.L	sv	Deutsche Nationalbibliothek
B.L	sv	Dirk Niebel
B.L	sv	Franz Josef Jung
B.L	sv	Guido Westerwelle
B.L	sv	Ilse Aigner
B.L	sv	Inrikesminister
B.L	sv	Johanna Wanka
B.L	sv	Jurist
B.L	sv	Karl-Theodor zu Guttenberg
B.L	sv	Kristina Schröder
B.L	sv	Naila
B.L	sv	Norbert Röttgen
B.L	sv	Oberfranken
B.L	sv	Peter Altmaier
B.L	sv	Peter Ramsauer
B.L	sv	Philipp Rösler
B.L	sv	Politiker
B.L	sv	Rainer Brüderle
B.L	sv	Regeringen Merkel II
B.L	sv	Ronald Pofalla
B.L	sv	Sabine Leutheusser-Schnarrenberger
B.L	sv	Spiegel online
B.L	sv	Thomas de Maizière
B.L	sv	Tysk
B.L	sv	Tysklands förbundsregering
B.L	sv	Ursula von der Leyen
B.L	sv	Wolfgang Schäuble
B.L	sv	Mall:Regeringen Merkel II
B.L	sv	Malldiskussion:Regeringen Merkel II
B.L	ru	10 марта
B.L	ru	1957 год
B.L	ru	2011 год
B.L	ru	3 марта
B.L	ru	Creative Commons
B.L	ru	Ангела Меркель
B.L	ru	Аугсбург
B.L	ru	Бавария
B.L	ru	Бундесвер
B.L	ru	Бундестаг
B.L	ru	Верхняя Франкония
B.L	ru	Викисклад
B.L	ru	Германия
B.L	ru	Гуттенберг, Карл-Теодор цу
B.L	ru	Западная культура
B.L	ru	Ислам
B.L	ru	Иудаизм
B.L	ru	Лентапедия
B.L	ru	Лютеранство
B.L	ru	Мезьер, Томас де
B.L	ru	Министерство экономики ФРГ
B.L	ru	Мюнхен
B.L	ru	Найла
B.L	ru	Немецкий язык
B.L	ru	США
B.L	ru	Список министров внутренних дел Германии
B.L	ru	Томас де Мезьер
B.L	ru	Университет Аугсбурга
B.L	ru	Университет заочного обучения (Хаген)
B.L	ru	ФРГ
B.L	ru	Фридрих
B.L	ru	ХДС-ХСС
B.L	ru	Христианско-социальный союз
B.L	ru	Христианство
B.L	ru	Юрист
B.L	ru	Википедия:Заготовка статьи
CN	de	Hans-Peter_Friedrich
IWL	fr	Hans-Peter Friedrich
IWL	el	Χανς Πέτερ Φρίντριχ
IWL	eo	Hans-Peter Friedrich
IWL	en	Hans-Peter Friedrich
IWL	nds	Hans-Peter Friedrich
IWL	no	Hans-Peter Friedrich
IWL	pl	Hans-Peter Friedrich
IWL	la	Ioannes-Petrus Friedrich
IWL	tr	Hans-Peter Friedrich
IWL	sv	Hans-Peter Friedrich
IWL	ru	Фридрих, Ханс-Петер
