A.L	de	1961
A.L	de	27. Dezember
A.L	de	ARAG-Konzern
A.L	de	Aachener Karnevalsverein
A.L	de	Abgeordnetenwatch.de
A.L	de	Alexander Mronz
A.L	de	Amtsgericht Bonn
A.L	de	Andreas Reichel
A.L	de	Angela Merkel
A.L	de	Annette Schavan
A.L	de	Atlantische Initiative
A.L	de	Atom-Moratorium
A.L	de	Atomausstieg
A.L	de	Atomkonsens
A.L	de	Atomwaffen in Deutschland
A.L	de	August-Martin Euler
A.L	de	Auswärtiges Amt
A.L	de	Axel Springer AG
A.L	de	Bad Honnef
A.L	de	Bad Salzuflen
A.L	de	Baden-Württemberg
A.L	de	Berlin
A.L	de	Bild (Zeitung)
A.L	de	Birgit Homburger
A.L	de	Bonn
A.L	de	Bundestagswahl 1998
A.L	de	Bundestagswahl 2002
A.L	de	Bundestagswahl 2005
A.L	de	Bundestagswahl 2009
A.L	de	Bundestagswahlkreis Bonn
A.L	de	Bundesverfassungsgericht
A.L	de	CHIO Aachen
A.L	de	Carl Bildt
A.L	de	Christian Lindner
A.L	de	Coming-out
A.L	de	Cornelia Pieper
A.L	de	Cornelia Schmalz-Jacobsen
A.L	de	Cornelius Boersch
A.L	de	Daniel Bahr
A.L	de	Dekadenz
A.L	de	Der Spiegel
A.L	de	Deutsche Bank
A.L	de	Deutsche Nationalbibliothek
A.L	de	Deutsche Vermögensberatung AG
A.L	de	Deutscher Gewerkschaftsbund
A.L	de	Deutschland
A.L	de	Didier Reynders
A.L	de	Die Zeit
A.L	de	Dimitris Tsatsos
A.L	de	Dirk Niebel
A.L	de	Dissertation
A.L	de	Doktor
A.L	de	Doktorvater
A.L	de	Eamon Gilmore
A.L	de	Edgars Rinkēvičs
A.L	de	Egon Franke
A.L	de	Emma Bonino
A.L	de	Erich Mende
A.L	de	Erkki Tuomioja
A.L	de	Ernst-Moritz-Arndt-Gymnasium Bonn
A.L	de	Erststimme
A.L	de	Europäische Integration
A.L	de	Europäische Union
A.L	de	Europäischer Stabilitätsmechanismus
A.L	de	Evangelische Kirche im Rheinland
A.L	de	Evangelos Venizelos
A.L	de	FDP-Fraktion
A.L	de	Fernuniversität in Hagen
A.L	de	Fliegerhorst Büchel
A.L	de	Fraktion (Bundestag)
A.L	de	Frank-Walter Steinmeier
A.L	de	Frank Bsirske
A.L	de	Frank Schäffler
A.L	de	Frans Timmermans
A.L	de	Franz Blücher
A.L	de	Franz Josef Jung
A.L	de	Franz Müntefering
A.L	de	Freie Demokratische Partei
A.L	de	Generalsekretär
A.L	de	Georg Neubauer
A.L	de	George Vella
A.L	de	Gerhard Schröder (CDU)
A.L	de	Giorgos Andrea Papandreou
A.L	de	Guidomobil
A.L	de	Günter Verheugen
A.L	de	Hamburg-Mannheimer
A.L	de	Handelsblatt
A.L	de	Hans-Christoph Seebohm
A.L	de	Hans-Dietrich Genscher
A.L	de	Hans-Joachim Otto (Politiker)
A.L	de	Hans-Peter Friedrich
A.L	de	Heinrich von Brentano
A.L	de	Heinz Lanfermann
A.L	de	Helmut Haussmann
A.L	de	Helmut Schmidt
A.L	de	Hermann Brem
A.L	de	Hermann Otto Solms
A.L	de	Hermann Schäfer
A.L	de	Heuschreckendebatte
A.L	de	Homosexualität
A.L	de	Ilse Aigner
A.L	de	Ioannis Kasoulidis
A.L	de	Irmgard Schwaetzer
A.L	de	Jan Dittrich
A.L	de	Jean Asselborn
A.L	de	Johanna Wanka
A.L	de	Johannes Vogel (Politiker)
A.L	de	Joschka Fischer
A.L	de	José Manuel García-Margallo
A.L	de	Junge Liberale
A.L	de	János Martonyi
A.L	de	Jürgen Möllemann
A.L	de	Kabinett Merkel II
A.L	de	Kanzlerkandidat
A.L	de	Karel Schwarzenberg
A.L	de	Karl-Hermann Flach
A.L	de	Karl-Theodor zu Guttenberg
A.L	de	Karl Erjavec
A.L	de	Klaus Kinkel
A.L	de	Klaus Wowereit
A.L	de	Klientelpolitik
A.L	de	Knut von Kühlmann-Stumm
A.L	de	Konrad Adenauer
A.L	de	Krawattenmann des Jahres
A.L	de	Kristian Wigenin
A.L	de	Kristina Schröder
A.L	de	Königswinter
A.L	de	Landgericht Bonn
A.L	de	Landtagswahl in Nordrhein-Westfalen 2005
A.L	de	Lasse Becker
A.L	de	Laufzeitverlängerung deutscher Kernkraftwerke
A.L	de	Laurent Fabius
A.L	de	Lebenspartnerschaftsgesetz
A.L	de	Library of Congress Control Number
A.L	de	Linas Antanas Linkevičius
A.L	de	Liste der deutschen Außenminister
A.L	de	Ludwig Erhard
A.L	de	Martin Bangemann
A.L	de	Max Becker
A.L	de	Michael Kauch
A.L	de	Michael Mronz
A.L	de	Michael Spindelegger
A.L	de	Miroslav Lajčák
A.L	de	Mitglied des Deutschen Bundestages
A.L	de	Mittlere Reife
A.L	de	Mövenpick
A.L	de	Norbert Röttgen
A.L	de	Nukleare Teilhabe
A.L	de	Nuklearkatastrophe von Fukushima
A.L	de	Ole von Beust
A.L	de	Oppositionsführer
A.L	de	Orden wider den tierischen Ernst
A.L	de	Otto Graf Lambsdorff
A.L	de	Out (Buch)
A.L	de	Parteichef
A.L	de	Parteitag
A.L	de	Patrick Döring
A.L	de	Paulo Portas
A.L	de	Personennamendatei
A.L	de	Peter Altmaier
A.L	de	Peter Ramsauer
A.L	de	Philipp Rösler
A.L	de	Politiker
A.L	de	Promotion (Doktor)
A.L	de	Radosław Sikorski
A.L	de	Rainer Brüderle
A.L	de	Ralph Lange
A.L	de	Rechtsanwalt
A.L	de	Rechtswissenschaft
A.L	de	Reinhold Maier
A.L	de	Resolution 1973 des UN-Sicherheitsrates
A.L	de	Rheinische Friedrich-Wilhelms-Universität Bonn
A.L	de	Rheinland-Pfalz
A.L	de	Ronald Pofalla
A.L	de	Rot-Grüne Koalition
A.L	de	Sabine Leutheusser-Schnarrenberger
A.L	de	Sachsen-Anhalt
A.L	de	Schaumburger Kreis
A.L	de	Schötmar
A.L	de	Sozialstaat
A.L	de	Sperrklausel
A.L	de	Spätantike
A.L	de	Staatsexamen
A.L	de	Stefan Westerwelle
A.L	de	Strategie 18
A.L	de	Tennis
A.L	de	Teodor Baconschi
A.L	de	Theodor Heuss
A.L	de	Thomas Dehler
A.L	de	Thomas de Maizière
A.L	de	Unionsparteien
A.L	de	Urmas Paet
A.L	de	Ursula Engelen-Kefer
A.L	de	Ursula von der Leyen
A.L	de	Uwe Lühr
A.L	de	Vertrag über eine Verfassung für Europa
A.L	de	Vesna Pusić
A.L	de	Villy Søvndal
A.L	de	Virtual International Authority File
A.L	de	Vizekanzler (Deutschland)
A.L	de	Walter Scheel
A.L	de	Werner Hoyer
A.L	de	Wiesbadener Grundsätze
A.L	de	William Hague
A.L	de	Willy Brandt
A.L	de	Wolfgang Gerhardt
A.L	de	Wolfgang Mischnick
A.L	de	Wolfgang Schäuble
A.L	de	Äquidistanz
A.L	de	Hilfe:Personendaten
B.L	ga	13 Bealtaine
B.L	ga	1961
B.L	ga	1983
B.L	ga	1987
B.L	ga	1988
B.L	ga	1991
B.L	ga	1994
B.L	ga	2001
B.L	ga	2004
B.L	ga	2009
B.L	ga	2011
B.L	ga	27 Nollaig
B.L	ga	28 Deireadh Fómhair
B.L	ga	An Bundestag
B.L	ga	An Ghearmáin
B.L	ga	Angela Merkel
B.L	ga	CDU
B.L	ga	CSU
B.L	ga	FDP
B.L	ga	Frank-Walter Steinmeier
B.L	ga	Michael Mronz
B.L	ga	Ollscoil Bonn
B.L	ga	Ollscoil Hagen
B.L	ga	Páirtí Liobaireálach Daonlathach
B.L	ga	Wolfgang Gerhardt
B.L	fi	13. toukokuuta
B.L	fi	16. toukokuuta
B.L	fi	1961
B.L	fi	1980
B.L	fi	1994
B.L	fi	20. heinäkuuta
B.L	fi	2001
B.L	fi	2004
B.L	fi	2009
B.L	fi	2011
B.L	fi	27. joulukuuta
B.L	fi	28. lokakuuta
B.L	fi	4. toukokuuta
B.L	fi	Angela Merkel
B.L	fi	Asianajaja
B.L	fi	Bad Honnef
B.L	fi	Bonnin yliopisto
B.L	fi	Frank-Walter Steinmeier
B.L	fi	Hagenin yliopisto
B.L	fi	Homoseksuaalisuus
B.L	fi	Köln
B.L	fi	Länsi-Saksa
B.L	fi	Merkelin II hallitus
B.L	fi	Nordrhein-Westfalen
B.L	fi	Oikeustieteelliset yliopistotutkinnot
B.L	fi	Philipp Rösler
B.L	fi	Poliitikko
B.L	fi	Saksa
B.L	fi	Vapaa demokraattinen puolue
B.L	fi	Wolfgang Gerhardt
B.L	fi	Wikipedia:Tynkä
B.L	fi	Luokka:Poliitikkotyngät
B.L	fr	12 mai
B.L	fr	13 mai
B.L	fr	17 septembre
B.L	fr	1871
B.L	fr	18 septembre
B.L	fr	1918
B.L	fr	1933
B.L	fr	1945
B.L	fr	1948
B.L	fr	1949
B.L	fr	1951
B.L	fr	1961
B.L	fr	1966
B.L	fr	1980
B.L	fr	1982
B.L	fr	1983
B.L	fr	1988
B.L	fr	1990
B.L	fr	1993
B.L	fr	1994
B.L	fr	1996
B.L	fr	1997
B.L	fr	1999
B.L	fr	1er mai
B.L	fr	2001
B.L	fr	2002
B.L	fr	2003
B.L	fr	2004
B.L	fr	2005
B.L	fr	2006
B.L	fr	2009
B.L	fr	2010
B.L	fr	2011
B.L	fr	2013
B.L	fr	20 juillet
B.L	fr	22 août
B.L	fr	24 juillet
B.L	fr	27 décembre
B.L	fr	27 octobre
B.L	fr	28 octobre
B.L	fr	3 avril
B.L	fr	4 mai
B.L	fr	8 février
B.L	fr	Abitur
B.L	fr	Adolf Freiherr Marschall von Bieberstein
B.L	fr	Adolf Köster
B.L	fr	Aix-la-Chapelle
B.L	fr	Alexander Mronz
B.L	fr	Alfred von Kiderlen-Wächter
B.L	fr	Allemagne
B.L	fr	Allemagne de l'Ouest
B.L	fr	Allemand
B.L	fr	Alliance 90 / Les Verts
B.L	fr	Angela Merkel
B.L	fr	Annette Schavan
B.L	fr	Anton Ackermann
B.L	fr	Août 2013
B.L	fr	Arthur Seyss-Inquart
B.L	fr	Arthur Zimmermann
B.L	fr	August Martin Euler
B.L	fr	Autorité (sciences de l'information)
B.L	fr	Avocat (métier)
B.L	fr	Avril 2011
B.L	fr	BBC News
B.L	fr	Bad Honnef
B.L	fr	Bernhard Ernst von Bülow
B.L	fr	Bernhard von Bülow
B.L	fr	Birgit Homburger
B.L	fr	Bonn
B.L	fr	Brigitte Zypries
B.L	fr	Bundestag
B.L	fr	Bureau des Affaires étrangères et du Commonwealth
B.L	fr	CDU/CSU
B.L	fr	Cabinet Merkel I
B.L	fr	Cabinet Merkel II
B.L	fr	Cabinet Schröder II
B.L	fr	Camping-car
B.L	fr	Canada
B.L	fr	Carl Bildt
B.L	fr	Chancelier fédéral (Allemagne)
B.L	fr	Chancellerie fédérale (Allemagne)
B.L	fr	Clemens Busch
B.L	fr	Clovis de Hohenlohe-Schillingsfürst
B.L	fr	Coalition en feu tricolore (Allemagne)
B.L	fr	Coalition noire-jaune
B.L	fr	Coalition rouge-verte (Allemagne)
B.L	fr	Coalition sociale-libérale
B.L	fr	Cologne
B.L	fr	Concours hippique international officiel
B.L	fr	Daniel Bahr
B.L	fr	Didier Reynders
B.L	fr	Dirk Niebel
B.L	fr	Doctorat
B.L	fr	Droit
B.L	fr	Décembre 1961
B.L	fr	Düsseldorf
B.L	fr	Eamon Gilmore
B.L	fr	Edgars Rinkēvičs
B.L	fr	Egon Franke (homme politique)
B.L	fr	Emma Bonino
B.L	fr	Empire allemand
B.L	fr	Erich Mende
B.L	fr	Erkki Tuomioja
B.L	fr	Evángelos Venizélos
B.L	fr	France
B.L	fr	Frank-Walter Steinmeier
B.L	fr	Frans Timmermans
B.L	fr	Franz Blücher
B.L	fr	Franz Josef Jung
B.L	fr	Franz Müntefering
B.L	fr	Friedrich Graf zu Limburg Stirum
B.L	fr	Friedrich Rosen
B.L	fr	Friedrich von Rosenberg
B.L	fr	Fumio Kishida
B.L	fr	Février 1996
B.L	fr	Georg Dertinger
B.L	fr	George Vella
B.L	fr	Gerhard Schröder
B.L	fr	Gerhard Schröder (CDU)
B.L	fr	Gottlieb von Jagow
B.L	fr	Gouvernement fédéral (Allemagne)
B.L	fr	Grande coalition (Allemagne)
B.L	fr	Groupe FDP au Bundestag
B.L	fr	Groupe des huit
B.L	fr	Gustav Stresemann
B.L	fr	Hamm
B.L	fr	Hans-Christoph Seebohm
B.L	fr	Hans-Dietrich Genscher
B.L	fr	Hans-Joachim Otto
B.L	fr	Hans-Peter Friedrich
B.L	fr	Heidemarie Wieczorek-Zeul
B.L	fr	Heinrich Brüning
B.L	fr	Heinrich von Brentano
B.L	fr	Heinrich von Tschirschky
B.L	fr	Helmut Schmidt
B.L	fr	Herbert von Bismarck
B.L	fr	Hermann Ludwig von Balan
B.L	fr	Hermann Müller
B.L	fr	Hermann Otto Solms
B.L	fr	Hermann Schäfer
B.L	fr	Hermann von Thile
B.L	fr	Homosexualité
B.L	fr	Horst Seehofer
B.L	fr	Ilse Aigner
B.L	fr	Impôt sur le revenu
B.L	fr	Ioánnis Kasoulídis
B.L	fr	Italie
B.L	fr	Japon
B.L	fr	Jean Asselborn
B.L	fr	Jeunes démocrates (Allemagne)
B.L	fr	Jeunes libéraux (Allemagne)
B.L	fr	Joachim von Ribbentrop
B.L	fr	Johanna Wanka
B.L	fr	John Baird (homme politique canadien)
B.L	fr	John Kerry
B.L	fr	Joschka Fischer
B.L	fr	Josef Maria von Radowitz
B.L	fr	Joseph Wirth
B.L	fr	José Manuel García-Margallo
B.L	fr	Juge
B.L	fr	Juillet 2004
B.L	fr	Juillet 2005
B.L	fr	Julius Curtius
B.L	fr	János Martonyi
B.L	fr	Jürgen Möllemann
B.L	fr	Karel Schwarzenberg
B.L	fr	Karl-Theodor zu Guttenberg
B.L	fr	Karl Erjavec
B.L	fr	Klaus Kinkel
B.L	fr	Klaus Wowereit
B.L	fr	Knut von Kühlmann-Stumm
B.L	fr	Konrad Adenauer
B.L	fr	Konstantin von Neurath
B.L	fr	Kristian Viguenin
B.L	fr	Kristina Schröder
B.L	fr	Königswinter
B.L	fr	Land (Allemagne)
B.L	fr	Landtag
B.L	fr	Laurent Fabius
B.L	fr	Libre-échangisme
B.L	fr	Libéralisme économique
B.L	fr	Linas Linkevičius
B.L	fr	Liste des ministres allemands chargés des affaires étrangères
B.L	fr	Liste des ministres des Affaires étrangères canadiens
B.L	fr	Lothar Bolz
B.L	fr	Lothar de Maizière
B.L	fr	Ludwig Erhard
B.L	fr	Lutz Schwerin von Krosigk
B.L	fr	Mai
B.L	fr	Mai 2001
B.L	fr	Mai 2006
B.L	fr	Mai 2011
B.L	fr	Maire-gouverneur de Berlin
B.L	fr	Markus Meckel
B.L	fr	Mars 2011
B.L	fr	Martin Bangemann
B.L	fr	Max Becker
B.L	fr	Michael Glos
B.L	fr	Michael Mronz
B.L	fr	Michael Spindelegger
B.L	fr	Ministre fédéral avec attributions spéciales
B.L	fr	Ministère des Affaires étrangères (France)
B.L	fr	Ministère des Affaires étrangères (Italie)
B.L	fr	Ministère des Affaires étrangères (Russie)
B.L	fr	Ministère des Affaires étrangères de la RDA
B.L	fr	Ministère du Reich aux Affaires étrangères
B.L	fr	Ministère fédéral de l'Agriculture (Allemagne)
B.L	fr	Ministère fédéral de l'Environnement (Allemagne)
B.L	fr	Ministère fédéral de l'Intérieur (Allemagne)
B.L	fr	Ministère fédéral de l'Économie (Allemagne)
B.L	fr	Ministère fédéral de l'Éducation et de la Recherche (Allemagne)
B.L	fr	Ministère fédéral de la Coopération économique (Allemagne)
B.L	fr	Ministère fédéral de la Défense (Allemagne)
B.L	fr	Ministère fédéral de la Famille (Allemagne)
B.L	fr	Ministère fédéral de la Justice (Allemagne)
B.L	fr	Ministère fédéral de la Santé (Allemagne)
B.L	fr	Ministère fédéral des Finances (Allemagne)
B.L	fr	Ministère fédéral des Transports et de la Construction (Allemagne)
B.L	fr	Ministère fédéral du Travail (Allemagne)
B.L	fr	Ministère japonais des Affaires étrangères
B.L	fr	Miroslav Lajčák
B.L	fr	Norbert Röttgen
B.L	fr	Oberdollendorf
B.L	fr	Octobre 2009
B.L	fr	Office des Affaires étrangères (Allemagne)
B.L	fr	Olaf Scholz
B.L	fr	Ole von Beust
B.L	fr	Oskar Fischer
B.L	fr	Oswald Freiherr von Richthofen
B.L	fr	Otto Graf Lambsdorff
B.L	fr	Otto Winzer
B.L	fr	Partenariat enregistré
B.L	fr	Parti libéral-démocrate (Allemagne)
B.L	fr	Parti social-démocrate d'Allemagne
B.L	fr	Paul Graf von Hatzfeld zu Trachenberg
B.L	fr	Paul von Hintze
B.L	fr	Peer Steinbrück
B.L	fr	Personnalité politique
B.L	fr	Peter Altmaier
B.L	fr	Peter Ramsauer
B.L	fr	Philipp Rösler
B.L	fr	Politique de l'Allemagne
B.L	fr	Politique étrangère de l'Allemagne
B.L	fr	Radosław Sikorski
B.L	fr	Rainer Brüderle
B.L	fr	Reinhold Maier
B.L	fr	Rhénanie-du-Nord-Westphalie
B.L	fr	Richard von Kühlmann
B.L	fr	Ronald Pofalla
B.L	fr	Royaume-Uni
B.L	fr	Rui Machete
B.L	fr	Russie
B.L	fr	République de Weimar
B.L	fr	République démocratique allemande
B.L	fr	SPD
B.L	fr	Sabine Leutheusser-Schnarrenberger
B.L	fr	Secrétaire d'État des États-Unis
B.L	fr	Septembre 2010
B.L	fr	Sergueï Lavrov
B.L	fr	Sigmar Gabriel
B.L	fr	Social-libéralisme
B.L	fr	Theodor Heuss
B.L	fr	Thomas Dehler
B.L	fr	Thomas de Maizière
B.L	fr	Titus Corlăţean
B.L	fr	Troisième Reich
B.L	fr	Ulla Schmidt
B.L	fr	Ulrich von Brockdorff-Rantzau
B.L	fr	Union chrétienne-démocrate d'Allemagne
B.L	fr	Union chrétienne-sociale en Bavière
B.L	fr	Union civile
B.L	fr	Université de Bonn
B.L	fr	Urmas Paet
B.L	fr	Ursula von der Leyen
B.L	fr	Vesna Pusić
B.L	fr	Vice-chancelier (Allemagne)
B.L	fr	Villy Søvndal
B.L	fr	Walter Scheel
B.L	fr	Walter Simons
B.L	fr	Walther Rathenau
B.L	fr	Wiesbaden
B.L	fr	Wilhelm Solf
B.L	fr	Wilhelm von Schoen
B.L	fr	William Hague
B.L	fr	Willy Brandt
B.L	fr	Wolfgang Gerhardt
B.L	fr	Wolfgang Mischnick
B.L	fr	Wolfgang Schäuble
B.L	fr	Wolfgang Tiefensee
B.L	fr	Élections fédérales allemandes de 1998
B.L	fr	Élections fédérales allemandes de 2002
B.L	fr	Élections fédérales allemandes de 2005
B.L	fr	Élections fédérales allemandes de 2009
B.L	fr	Élections législatives régionales de 2011 dans le Bade-Wurtemberg
B.L	fr	Élections législatives régionales de 2011 en Rhénanie-Palatinat
B.L	fr	Élections législatives régionales de 2011 en Saxe-Anhalt
B.L	fr	États-Unis
B.L	fr	États membres de l'Union européenne
B.L	fr	Modèle:Palette Cabinet Merkel
B.L	fr	Modèle:Palette Ministres Affaires étrangères G8
B.L	fr	Modèle:Palette Ministres des Affaires étrangères allemands
B.L	fr	Modèle:Palette Ministres des Affaires étrangères de l'UE
B.L	fr	Modèle:Palette Présidents du FDP
B.L	fr	Modèle:Palette Présidents du groupe FDP
B.L	fr	Modèle:Palette Vice-chanceliers allemands
B.L	fr	Discussion modèle:Palette Cabinet Merkel
B.L	fr	Discussion modèle:Palette Ministres Affaires étrangères G8
B.L	fr	Discussion modèle:Palette Ministres des Affaires étrangères allemands
B.L	fr	Discussion modèle:Palette Ministres des Affaires étrangères de l'UE
B.L	fr	Discussion modèle:Palette Présidents du FDP
B.L	fr	Discussion modèle:Palette Présidents du groupe FDP
B.L	fr	Discussion modèle:Palette Vice-chanceliers allemands
B.L	fr	Catégorie:Portail:Allemagne/Articles liés
B.L	fr	Catégorie:Portail:Politique/Articles liés
B.L	fr	Portail:Allemagne
B.L	fr	Portail:Politique
B.L	he	1961
B.L	he	1988
B.L	he	1994
B.L	he	1996
B.L	he	2002
B.L	he	2004
B.L	he	2009
B.L	he	2010
B.L	he	20 ביולי
B.L	he	27 בדצמבר
B.L	he	אוניברסיטת בון
B.L	he	אנגלה מרקל
B.L	he	באד הונף
B.L	he	בון
B.L	he	בונדסטאג
B.L	he	גרמניה
B.L	he	גרמנית
B.L	he	האגן
B.L	he	הארץ
B.L	he	הומוסקסואל
B.L	he	המפלגה החופשית דמוקרטית (גרמניה)
B.L	he	וולפגאנג גרהרט
B.L	he	ויקישיתוף
B.L	he	יציאה מהארון
B.L	he	משפטים
B.L	he	נורדריין-וסטפאליה
B.L	he	פוליטיקאי
B.L	he	קואליציה
B.L	he	שר החוץ
B.L	he	ויקיפדיה:ברוכים הבאים
B.L	he	ויקיפדיה:קצרמר
B.L	he	תבנית:קצרמר/הרחבה/אישים
B.L	he	קטגוריה:קצרמר אישים
B.L	eu	1961
B.L	eu	2001
B.L	eu	2009
B.L	eu	Abenduaren 27
B.L	eu	Alderdi Demokratiko Askea
B.L	eu	Alemania
B.L	eu	Bad Honnef
B.L	eu	Biografia
B.L	eu	CDU
B.L	eu	FDP
B.L	eu	Wikipedia:Zirriborro
B.L	fa	آلمان غربی
B.L	fa	آنگلا مرکل
B.L	fa	باد هونف
B.L	fa	برگه‌دان مستند مجازی بین‌المللی
B.L	fa	حزب دموکرات آزاد آلمان
B.L	fa	زبان آلمانی
B.L	fa	زندگی‌نامه
B.L	fa	صدر اعظم
B.L	fa	علوم کتابداری و اطلاع‌رسانی
B.L	fa	همجنسگرا
B.L	fa	۱۹۶۱ (میلادی)
B.L	fa	۲۷ دسامبر
B.L	fa	ویکی‌پدیا:مقالهٔ خرد
B.L	fa	الگو:افراد-خرد
B.L	fa	الگو:جعبه اطلاعات سیاست‌مدار
B.L	fa	بحث الگو:افراد-خرد
B.L	fa	بحث الگو:جعبه اطلاعات سیاست‌مدار
B.L	eo	1961
B.L	eo	2009
B.L	eo	2011
B.L	eo	27-a de septembro
B.L	eo	27-an de decembro
B.L	eo	3-a de aprilo
B.L	eo	Advokato
B.L	eo	Akeno
B.L	eo	Alianco 90/La Verduloj
B.L	eo	Angela Merkel
B.L	eo	Bad Honnef
B.L	eo	Bazlernejo
B.L	eo	Berlino
B.L	eo	Bonno
B.L	eo	Bundestag
B.L	eo	CDU
B.L	eo	CSU
B.L	eo	Christlich-Demokratische Union Deutschlands
B.L	eo	Christlich-Soziale Union in Bayern
B.L	eo	Duseldorfo
B.L	eo	Elŝrankiĝo
B.L	eo	Ernst Moritz Arndt
B.L	eo	Federacia kanceliero (Germanio)
B.L	eo	Frakcio
B.L	eo	Freie Demokratische Partei
B.L	eo	Germana Nacia Biblioteko
B.L	eo	Gimnazio
B.L	eo	Hagen
B.L	eo	Juro
B.L	eo	Klaus Wowereit
B.L	eo	Königswinter
B.L	eo	Ole von Beust
B.L	eo	Parlamenta baloto en Germanio 2009
B.L	eo	Philipp Rösler
B.L	eo	Politikisto
B.L	eo	Reallernejo
B.L	eo	Registrita partnereco
B.L	eo	Samseksamo
B.L	eo	Sozialdemokratische Partei Deutschlands
B.L	eo	Wiesbaden
B.L	eo	Ĝenerala sekretario
B.L	eo	Helpo:Prononcindiko
B.L	en	Adolf Köster
B.L	en	Adolf Marschall von Bieberstein
B.L	en	Ahab (Moby-Dick)
B.L	en	Alfred von Kiderlen-Waechter
B.L	en	Alma mater
B.L	en	Angela Merkel
B.L	en	Annette Schavan
B.L	en	Anton Ackermann
B.L	en	Arthur Seyss-Inquart
B.L	en	Arthur Zimmermann
B.L	en	Authority control
B.L	en	Bad Honnef
B.L	en	Berlin
B.L	en	Bernhard Ernst von Bülow
B.L	en	Bernhard von Bülow
B.L	en	Big Brother (TV series)
B.L	en	Biometric passport
B.L	en	Bonn
B.L	en	Bremen
B.L	en	Bundestag
B.L	en	Cabinet Kohl V
B.L	en	Cabinet Merkel II
B.L	en	Canada
B.L	en	Catherine Ashton
B.L	en	Chancellor of Germany
B.L	en	Chancellor of Germany (Federal Republic)
B.L	en	Chlodwig, Prince of Hohenlohe-Schillingsfürst
B.L	en	Christian Democratic Union (Germany)
B.L	en	Civil union
B.L	en	Clemens Busch
B.L	en	Cornelia Pieper
B.L	en	Cronyism
B.L	en	Daniel Bahr
B.L	en	Der Spiegel
B.L	en	Deutsche Welle
B.L	en	Dirk Niebel
B.L	en	EU Observer
B.L	en	East Germany
B.L	en	Emma Bonino
B.L	en	Erich Mende
B.L	en	Ernst Moritz Arndt
B.L	en	European Union
B.L	en	Federal Constitutional Court of Germany
B.L	en	Federal Minister of Economics and Technology
B.L	en	Federal Ministry of Health (Germany)
B.L	en	FernUniversität Hagen
B.L	en	Foreign Minister of Germany
B.L	en	Foreign Office (Germany)
B.L	en	Foreign minister
B.L	en	France
B.L	en	Frank-Walter Steinmeier
B.L	en	Franz Blücher
B.L	en	Franz Josef Jung
B.L	en	Free-market economy
B.L	en	Free Democratic Party (Germany)
B.L	en	Free market
B.L	en	Friedrich Rosen
B.L	en	Friedrich zu Limburg-Stirum
B.L	en	Fumio Kishida
B.L	en	G8
B.L	en	Gay
B.L	en	Georg Dertinger
B.L	en	Gerhard Schröder
B.L	en	Gerhard Schröder (CDU)
B.L	en	German Democratic Republic
B.L	en	German Empire
B.L	en	German federal election, 2002
B.L	en	German federal election, 2005
B.L	en	German federal election, 2009
B.L	en	German government
B.L	en	Germany
B.L	en	Germany – United States relations
B.L	en	Google Street View
B.L	en	Gottlieb von Jagow
B.L	en	Gustav Stresemann
B.L	en	Gymnasium (school)
B.L	en	Hans-Dietrich Genscher
B.L	en	Hans-Peter Friedrich
B.L	en	Hans von Rosenberg
B.L	en	Hartz IV
B.L	en	Heinrich Brüning
B.L	en	Heinrich von Brentano
B.L	en	Heinrich von Tschirschky
B.L	en	Herbert von Bismarck
B.L	en	Hermann Ludwig von Balan
B.L	en	Hermann Müller (politician)
B.L	en	Hermann von Thile
B.L	en	Ilse Aigner
B.L	en	Incumbent
B.L	en	Italy
B.L	en	Japan
B.L	en	Joachim von Ribbentrop
B.L	en	Johanna Wanka
B.L	en	John Baird (Canadian politician)
B.L	en	John Kerry
B.L	en	Joschka Fischer
B.L	en	Josef Maria von Radowitz
B.L	en	Joseph Wirth
B.L	en	Julius Curtius
B.L	en	Jürgen Möllemann
B.L	en	Karl-Theodor zu Guttenberg
B.L	en	Klaus Kinkel
B.L	en	Konrad Adenauer
B.L	en	Konstantin von Neurath
B.L	en	Kristina Schröder
B.L	en	Labor unions
B.L	en	Laurent Fabius
B.L	en	Lawyer
B.L	en	Lothar Bolz
B.L	en	Lothar de Maizière
B.L	en	Lutz Schwerin von Krosigk
B.L	en	Markus Meckel
B.L	en	Martin Bangemann
B.L	en	Michael Mronz
B.L	en	Minister for Foreign Affairs (Germany)
B.L	en	Nazi Germany
B.L	en	Norbert Röttgen
B.L	en	Nordrhein-Westfalen
B.L	en	North Rhine-Westphalia
B.L	en	Openly gay
B.L	en	Oskar Fischer (politician)
B.L	en	Oswald von Richthofen
B.L	en	Otto Graf Lambsdorff
B.L	en	Otto Winzer
B.L	en	Party leader
B.L	en	Party list
B.L	en	Paul von Hatzfeld zu Trachenberg
B.L	en	Paul von Hintze
B.L	en	Pequod (Moby-Dick)
B.L	en	Peter Altmaier
B.L	en	Peter Ramsauer
B.L	en	Philipp Rösler
B.L	en	Policy
B.L	en	President of the United Nations Security Council
B.L	en	Public relations
B.L	en	Rainer Brüderle
B.L	en	Recognition of same-sex unions in Germany
B.L	en	Reinhold Maier
B.L	en	Rhineland-Palatinate
B.L	en	Richard von Kühlmann
B.L	en	Ronald Pofalla
B.L	en	Russia
B.L	en	Sabine Leutheusser-Schnarrenberger
B.L	en	Sergey Lavrov
B.L	en	Social Democratic Party of Germany
B.L	en	Sustainable Development
B.L	en	Tax cuts
B.L	en	The Economist
B.L	en	The Ministry and the Past
B.L	en	Theodor Heuss
B.L	en	Thomas Dehler
B.L	en	Thomas de Maizière
B.L	en	Time (magazine)
B.L	en	Ulrich von Brockdorff-Rantzau
B.L	en	United Kingdom
B.L	en	United Nations
B.L	en	United States
B.L	en	United States diplomatic cables leak
B.L	en	University of Bonn
B.L	en	Ursula von der Leyen
B.L	en	Vice-Chancellor of Germany
B.L	en	Vice Chancellor of Germany
B.L	en	Virtual International Authority File
B.L	en	Walter Scheel
B.L	en	Walter Simons
B.L	en	Walther Rathenau
B.L	en	Weimar Republic
B.L	en	Welfare state
B.L	en	Werner Hoyer
B.L	en	West Germany
B.L	en	Wikileaks
B.L	en	Wilhelm Solf
B.L	en	Wilhelm von Schoen
B.L	en	William Hague
B.L	en	Willy Brandt
B.L	en	Wolfgang Gerhardt
B.L	en	Wolfgang Schäuble
B.L	en	Young Liberals (Germany)
B.L	en	Wikipedia:Link rot
B.L	en	Wikipedia:Persondata
B.L	en	Template:Cabinet Merkel II
B.L	en	Template:FDP chairs
B.L	en	Template:Foreign Ministers of Germany
B.L	en	Template:G8-Foreign
B.L	en	Template:ISO 639 name de
B.L	en	Template talk:Cabinet Merkel II
B.L	en	Template talk:FDP chairs
B.L	en	Template talk:Foreign Ministers of Germany
B.L	en	Template talk:G8-Foreign
B.L	en	Help:IPA for German
B.L	en	Category:Articles with dead external links from April 2010
B.L	en	Portal:Biography
B.L	en	Portal:Germany
B.L	en	Portal:LGBT
B.L	en	Portal:Liberalism
B.L	en	Portal:Politics
B.L	et	1961
B.L	et	27. detsember
B.L	et	Angela Merkeli teine valitsus
B.L	et	Bundestag
B.L	et	Saksamaa
B.L	et	Vaba Demokraatlik Partei
B.L	es	16 de mayo
B.L	es	1961
B.L	es	2001
B.L	es	2004
B.L	es	2006
B.L	es	2011
B.L	es	27 de diciembre
B.L	es	Abogado
B.L	es	Alemania
B.L	es	Angela Merkel
B.L	es	Ariel Sharón
B.L	es	Bad Honnef
B.L	es	Bundestag
B.L	es	Bündnis 90 / Die Grünen
B.L	es	Canciller
B.L	es	Canciller de Alemania
B.L	es	Christian Wulff
B.L	es	Cónyuge
B.L	es	Elecciones Federales Alemanas de 1998
B.L	es	Elecciones Federales Alemanas de 2002
B.L	es	Elecciones Federales Alemanas de 2005
B.L	es	Frank-Walter Steinmeier
B.L	es	Freie Demokratische Partei
B.L	es	Gerhard Schröder
B.L	es	Gran Hermano (programa de televisión)
B.L	es	Homosexualidad
B.L	es	Horst Köhler
B.L	es	Jens Böhrnsen
B.L	es	Jürgen Möllemann
B.L	es	Klaus Wowereit
B.L	es	Michel Friedman
B.L	es	Neoliberalismo
B.L	es	Partido Democrático Liberal
B.L	es	Partido Socialdemócrata de Alemania
B.L	es	Partido político
B.L	es	Philipp Rösler
B.L	es	Político
B.L	es	Presidente
B.L	es	Unión Demócrata Cristiana de Alemania
B.L	es	Unión Social Cristiana de Baviera
B.L	es	Vicecanciller de Alemania
B.L	es	Wikimedia Commons
B.L	es	Wolfgang Gerhardt
B.L	es	Portal:Actualidad/16 de mayo de 2011
B.L	es	Portal:Actualidad/27 de diciembre de 1961
B.L	es	Portal:Actualidad/28 de octubre de 2009
B.L	ca	Alemanya
B.L	ca	Angela Merkel
B.L	ca	Bad Honnef
B.L	ca	Bundestag
B.L	ca	Liberalisme
B.L	ca	Partit Democràtic Lliure
B.L	ca	Sortida de l'armari
B.L	bg	1961
B.L	bg	1996
B.L	bg	2001
B.L	bg	2009
B.L	bg	27 декември
B.L	bg	Бад Хонеф
B.L	bg	Бундестаг
B.L	bg	Германия
B.L	bg	Немски език
B.L	bg	Общомедия
B.L	bg	Партия на свободните демократи
B.L	bg	Политик
B.L	bg	Политика
B.L	bg	Хомосексуалност
B.L	bg	Уикипедия:Мъниче
B.L	be	17 верасня
B.L	be	1961
B.L	be	2001
B.L	be	2004
B.L	be	2009
B.L	be	2010
B.L	be	24 кастрычніка
B.L	be	27 снежня
B.L	be	28 кастрычніка
B.L	be	2 лістапада
B.L	be	Personennamendatei
B.L	be	Virtual International Authority File
B.L	be	Ёшка Фішэр
B.L	be	Ангела Меркель
B.L	be	Артур фон Пасадоўскі-Венер
B.L	be	Бернхард Дэрнбург
B.L	be	Вальтэр Шэель
B.L	be	Веймарская рэспубліка
B.L	be	Вілі Брант
B.L	be	Віцэ-канцлер
B.L	be	Ганс-Дзітрых Геншэр
B.L	be	Ганс-Крыстоф Зеебом
B.L	be	Герман Дзітрых
B.L	be	Германская імперыя
B.L	be	Германія
B.L	be	Густаў Баўэр
B.L	be	Кантрольны нумар Бібліятэкі Кангрэса
B.L	be	Карл Гельферых
B.L	be	Карл Генрых фон Бётыхер
B.L	be	Карл Ярэс
B.L	be	Кастрычнік
B.L	be	Клаўс Кінкель
B.L	be	Клеменс фон Дэльбрук
B.L	be	Людвіг Эрхард
B.L	be	Маціяс Эрцбергер
B.L	be	Нямецкая мова
B.L	be	Ойген Шыфер
B.L	be	Оскар Хергт
B.L	be	Ота цу Штольберг-Вернігеродэ
B.L	be	Роберт Шміт
B.L	be	Рудольф Хайнцэ
B.L	be	СвДП
B.L	be	Спіс віцэ-канцлераў Германіі
B.L	be	Тэабальд фон Бетман-Гольвег
B.L	be	Франк-Вальтэр Штайнмаер
B.L	be	Франц Блюхер
B.L	be	Франц Мюнтэферынг
B.L	be	Франц фон Папен
B.L	be	Фрыдрых фон Паер
B.L	be	Філіп Рэслер
B.L	be	Эгон Франке
B.L	be	Эрых Кох-Везер
B.L	be	Эрых Мендэ
B.L	be	Юрген Мелеман
B.L	be	Шаблон:Бібліяінфармацыя
B.L	da	1961
B.L	da	1983
B.L	da	1988
B.L	da	1991
B.L	da	1994
B.L	da	1996
B.L	da	2002
B.L	da	2006
B.L	da	27. december
B.L	da	Advokat
B.L	da	Bad Honnef
B.L	da	Bonn
B.L	da	Doktorgrad
B.L	da	FDP
B.L	da	Forbundsdagsvalget 2009
B.L	da	Frank-Walter Steinmeier
B.L	da	Jura
B.L	da	Kansler
B.L	da	Liberalisme
B.L	da	Nordrhein-Westfalen
B.L	da	Philipp Rösler
B.L	da	Politiker
B.L	da	Politisk parti
B.L	da	Regeringen Angela Merkel II
B.L	da	Tyskland
B.L	da	Tysklands vicekanslere
B.L	da	Udenrigsminister
B.L	da	Wikimedia Commons
B.L	da	Wolfgang Gerhardt
B.L	nds	1961
B.L	nds	1994
B.L	nds	2001
B.L	nds	2009
B.L	nds	27. Dezember
B.L	nds	28. Oktober
B.L	nds	Afkaat
B.L	nds	Bad Honnef
B.L	nds	Bonn
B.L	nds	Bundsrepubliek Düütschland
B.L	nds	Die Zeit
B.L	nds	Dissertatschoon
B.L	nds	Egon Franke
B.L	nds	Erich Mende
B.L	nds	Ernst-Moritz-Arndt-Gymnasium Bonn
B.L	nds	FDP
B.L	nds	Feernuniversität in Hagen
B.L	nds	Frank-Walter Steinmeier
B.L	nds	Franz Blücher
B.L	nds	Franz Müntefering
B.L	nds	Gerhard Schröder (CDU)
B.L	nds	Hans-Christoph Seebohm
B.L	nds	Hans-Dietrich Genscher
B.L	nds	Heinrich von Brentano
B.L	nds	Helmut Schmidt
B.L	nds	Joschka Fischer
B.L	nds	Jürgen Möllemann
B.L	nds	Klaus Kinkel
B.L	nds	Konrad Adenauer
B.L	nds	Königswinter
B.L	nds	Ludwig Erhard
B.L	nds	Mittlere Reife
B.L	nds	Oberdollendorf
B.L	nds	Rheinische Friedrich-Wilhelms-Universität
B.L	nds	Utwärtig Amt
B.L	nds	Viezkanzler (Düütschland)
B.L	nds	Walter Scheel
B.L	nds	Wikimedia Commons
B.L	nds	Wikiquote
B.L	nds	Willy Brandt
B.L	cs	1961
B.L	cs	1980
B.L	cs	1987
B.L	cs	1988
B.L	cs	1991
B.L	cs	1993
B.L	cs	1994
B.L	cs	1996
B.L	cs	1999
B.L	cs	2001
B.L	cs	2002
B.L	cs	2005
B.L	cs	2006
B.L	cs	2009
B.L	cs	2011
B.L	cs	27. prosinec
B.L	cs	28. říjen
B.L	cs	Angela Merkelová
B.L	cs	Bad Honnef
B.L	cs	Berlín
B.L	cs	Big Brother
B.L	cs	Bonn
B.L	cs	Cáchy
B.L	cs	Darmstadt
B.L	cs	Druhá vláda Angely Merkelové
B.L	cs	Düsseldorf
B.L	cs	Freie Demokratische Partei
B.L	cs	Homosexualita
B.L	cs	Klaus Wowereit
B.L	cs	Kolín nad Rýnem
B.L	cs	Křesťansko-sociální unie Bavorska
B.L	cs	Křesťanskodemokratická unie
B.L	cs	Ministr zahraničí
B.L	cs	Německý kancléř
B.L	cs	Německý spolkový sněm
B.L	cs	Ole von Beust
B.L	cs	Politik
B.L	cs	Registrované partnerství
B.L	cs	Severní Porýní-Vestfálsko
B.L	cs	Sozialdemokratische Partei Deutschlands
B.L	cs	Spojenectví 90/Zelení
B.L	cs	Stuttgart
B.L	cs	Wikicitáty
B.L	cs	Wikimedia Commons
B.L	cs	Wikipedie:WikiProjekt Překlad/Rady
B.L	als	Angela Merkel
B.L	als	Bad Honnef
B.L	als	Berlin
B.L	als	Bonn
B.L	als	Bundesverfassungsgericht
B.L	als	Deutschland
B.L	als	Freie Demokratische Partei
B.L	als	Lebenspartnerschaftsgesetz
B.L	als	Philipp Rösler
B.L	als	Politiker
B.L	als	Stuttgart
B.L	als	Wikipedia:Personendaten
B.L	ar	1961
B.L	ar	1980
B.L	ar	1994
B.L	ar	2001
B.L	ar	2003
B.L	ar	2004
B.L	ar	2009
B.L	ar	28 أكتوبر
B.L	ar	أرييل شارون
B.L	ar	ألمانيا
B.L	ar	ألمانيا الغربية
B.L	ar	أنجيلا ميركل
B.L	ar	إسرائيل
B.L	ar	باد هونيف
B.L	ar	جامعة بون
B.L	ar	ديسمبر
B.L	ar	فرانك فالتر شتاينماير
B.L	ar	فيليب ميرفي
B.L	ar	قائمة وزارء خارجية ألمانيا
B.L	ar	كانون الثاني
B.L	ar	يورغن موليمان
B.L	ar	ويكيبيديا:يتيمة
B.L	ar	مساعدة:وصلة
B.L	ar	تصنيف:مقالات يتيمة منذ فبراير 2012
B.L	ar	ملحق:1961
B.L	ar	ملحق:27 ديسمبر
B.L	af	1961
B.L	af	27 Desember
B.L	af	Angela Merkel
B.L	af	Duitsland
B.L	af	Wikimedia Commons
B.L	no	1961
B.L	no	27. desember
B.L	no	Angela Merkel
B.L	no	Angela Merkels andre regjering
B.L	no	Annette Schavan
B.L	no	Bad Honnef
B.L	no	Daniel Bahr
B.L	no	Dirk Niebel
B.L	no	Egon Franke
B.L	no	Erich Mende
B.L	no	Frank-Walter Steinmeier
B.L	no	Franz Blücher
B.L	no	Franz Josef Jung
B.L	no	Franz Müntefering
B.L	no	Freie Demokratische Partei
B.L	no	Gerhard Schröder (CDU)
B.L	no	Hans-Christoph Seebohm
B.L	no	Hans-Dietrich Genscher
B.L	no	Hans-Peter Friedrich
B.L	no	Heinrich von Brentano
B.L	no	Helmut Schmidt
B.L	no	Ilse Aigner
B.L	no	Johanna Wanka
B.L	no	Joschka Fischer
B.L	no	Junge Liberale
B.L	no	Jürgen Möllemann
B.L	no	Karl-Theodor zu Guttenberg
B.L	no	Klaus Kinkel
B.L	no	Konrad Adenauer
B.L	no	Kristina Schröder
B.L	no	Ludwig Erhard
B.L	no	Martin Bangemann
B.L	no	Merkel II
B.L	no	Michael Mronz
B.L	no	Norbert Röttgen
B.L	no	Nordrhein-Westfalen
B.L	no	Otto Graf Lambsdorff
B.L	no	Peter Altmaier
B.L	no	Peter Ramsauer
B.L	no	Philipp Rösler
B.L	no	Rainer Brüderle
B.L	no	Reinhold Maier
B.L	no	Ronald Pofalla
B.L	no	Sabine Leutheusser-Schnarrenberger
B.L	no	Store norske leksikon
B.L	no	Theodor Heuss
B.L	no	Thomas Dehler
B.L	no	Thomas de Maizière
B.L	no	Tyskland
B.L	no	Tysklands utenriksministre
B.L	no	Tysklands visekanslere
B.L	no	Ursula von der Leyen
B.L	no	Walter Scheel
B.L	no	Wikimedia Commons
B.L	no	Willy Brandt
B.L	no	Wolfgang Gerhardt
B.L	no	Wolfgang Schäuble
B.L	no	Mal:FDPs ledere
B.L	no	Mal:Merkels andre kabinett
B.L	no	Mal:Tysklands utenriksministre etter 1951
B.L	no	Mal:Tysklands visekanslere etter 1949
B.L	no	Maldiskusjon:FDPs ledere
B.L	no	Maldiskusjon:Merkels andre kabinett
B.L	no	Maldiskusjon:Tysklands utenriksministre etter 1951
B.L	no	Maldiskusjon:Tysklands visekanslere etter 1949
B.L	pl	13 maja
B.L	pl	18 maja
B.L	pl	1961
B.L	pl	2001
B.L	pl	2009
B.L	pl	2011
B.L	pl	27 grudnia
B.L	pl	28 października
B.L	pl	4 maja
B.L	pl	Angela Merkel
B.L	pl	Annette Schavan
B.L	pl	Auswärtiges Amt
B.L	pl	Bad Honnef
B.L	pl	Biblioteka Kongresu Stanów Zjednoczonych
B.L	pl	Bonn
B.L	pl	Bundestag
B.L	pl	Daniel Bahr
B.L	pl	Deutsche Welle
B.L	pl	Dirk Niebel
B.L	pl	Drugi rząd Angeli Merkel
B.L	pl	Frank-Walter Steinmeier
B.L	pl	Franz Josef Jung
B.L	pl	Gazeta.pl
B.L	pl	Gemeinsame Normdatei
B.L	pl	Gerhard Schröder (polityk CDU)
B.L	pl	Hans-Dietrich Genscher
B.L	pl	Hans-Peter Friedrich
B.L	pl	Heinrich von Brentano di Tremezzo
B.L	pl	Helmut Schmidt
B.L	pl	Ilse Aigner
B.L	pl	Johanna Wanka
B.L	pl	Joschka Fischer
B.L	pl	Język niemiecki
B.L	pl	Język polski
B.L	pl	Kanclerze Niemiec
B.L	pl	Karl-Theodor zu Guttenberg
B.L	pl	Klaus Kinkel
B.L	pl	Konrad Adenauer
B.L	pl	Kontrola autorytatywna
B.L	pl	Kristina Schröder
B.L	pl	Międzynarodowy alfabet fonetyczny
B.L	pl	Niemcy
B.L	pl	Norbert Röttgen
B.L	pl	Online Computer Library Center
B.L	pl	Peter Altmaier
B.L	pl	Peter Ramsauer
B.L	pl	Philipp Rösler
B.L	pl	Rainer Brüderle
B.L	pl	Ronald Pofalla
B.L	pl	Sabine Leutheusser-Schnarrenberger
B.L	pl	Thomas de Maizière
B.L	pl	Uniwersytet w Bonn
B.L	pl	Uniwersytet w Hagen
B.L	pl	Ursula von der Leyen
B.L	pl	Walter Scheel
B.L	pl	Willy Brandt
B.L	pl	Wolfgang Gerhardt
B.L	pl	Wolfgang Schäuble
B.L	pl	Wolna Partia Demokratyczna
B.L	pl	Wybory parlamentarne w Niemczech w 2002 roku
B.L	pl	Szablon:Drugi rząd Angeli Merkel
B.L	pl	Szablon:MSZ Niemcy
B.L	pl	Dyskusja szablonu:Drugi rząd Angeli Merkel
B.L	pl	Dyskusja szablonu:MSZ Niemcy
B.L	lt	1961
B.L	lt	1980
B.L	lt	1987
B.L	lt	1991
B.L	lt	1994
B.L	lt	2001
B.L	lt	2002
B.L	lt	Advokatas
B.L	lt	Bad Honnef
B.L	lt	Bona
B.L	lt	Bonos universitetas
B.L	lt	Ernst Moritz Arndt
B.L	lt	FernUniversität
B.L	lt	Gruodžio 27
B.L	lt	Junge Liberale
B.L	lt	Königswinter
B.L	lt	Oberdollendorf
B.L	lt	Teisininkas
B.L	lt	Teisės mokslai
B.L	lt	Teisės mokslų daktaras
B.L	lt	Vokietija
B.L	lt	Vokiečių kalba
B.L	nl	1961
B.L	nl	27 december
B.L	nl	Abitur
B.L	nl	Advocaat (beroep)
B.L	nl	Afstandsonderwijs
B.L	nl	Angela Merkel
B.L	nl	Bad Honnef
B.L	nl	Berlijn
B.L	nl	Bondskanselier (Duitsland)
B.L	nl	Bonn
B.L	nl	Bündnis 90/Die Grünen
B.L	nl	Die Linke
B.L	nl	Duitsland
B.L	nl	Economie
B.L	nl	FernUniversität Hagen
B.L	nl	Frank-Walter Steinmeier
B.L	nl	Freie Demokratische Partei
B.L	nl	Grote coalitie
B.L	nl	Homoseksualiteit
B.L	nl	Junge Liberale
B.L	nl	Jürgen Möllemann
B.L	nl	Kabinet-Merkel II
B.L	nl	Kiesleeftijd
B.L	nl	Königswinter
B.L	nl	Lijst van Duitse ministers van Buitenlandse Zaken
B.L	nl	Mensenrechten
B.L	nl	Michael Mronz
B.L	nl	Noordrijn-Westfalen
B.L	nl	Oberdollendorf
B.L	nl	Onderwijs
B.L	nl	Oneliner
B.L	nl	Politicus
B.L	nl	Recessie
B.L	nl	Rechten
B.L	nl	Rookverbod
B.L	nl	Rooms-katholiek
B.L	nl	Sociale zekerheid
B.L	nl	Stropdas
B.L	nl	Universiteit van Bonn
B.L	nl	Verkeerslichtcoalitie
B.L	nl	Vicekanselier (Duitsland)
B.L	nl	Vrije markt
B.L	nl	Vrije meningsuiting
B.L	nl	Vrijzinnigheid
B.L	nl	Wikimedia Commons
B.L	nl	Wolfgang Gerhardt
B.L	nl	Wikipedia:Bronvermelding
B.L	nl	Portaal:Politiek
B.L	ku	Almanya
B.L	ku	Bad Honnef
B.L	ku	Freie Demokratische Partei
B.L	ku	Homoseksuel
B.L	ku	Michael Mronz
B.L	ku	Parêzer
B.L	ku	Wezîrê karên derveyî
B.L	ku	Wîkîpediya:Alîkarî
B.L	ku	Wîkîpediya:Şitl
B.L	ko	12월 27일
B.L	ko	1961년
B.L	ko	1996년
B.L	ko	2001년
B.L	ko	2004년
B.L	ko	2005년
B.L	ko	2009년
B.L	ko	2009년 10월
B.L	ko	2009년 9월
B.L	ko	2011년
B.L	ko	G8
B.L	ko	게르하르트 슈뢰더 (1910년)
B.L	ko	게오르크 데르팅거
B.L	ko	고틀리프 폰 야고프
B.L	ko	구스타프 슈트레제만
B.L	ko	기시다 후미오
B.L	ko	나치 독일
B.L	ko	노르트라인베스트팔렌 주
B.L	ko	뉴시스
B.L	ko	독일
B.L	ko	독일 기독교 민주연합
B.L	ko	독일 민주 공화국
B.L	ko	독일 사회민주당
B.L	ko	독일 제국
B.L	ko	독일어
B.L	ko	독일의 총리
B.L	ko	동맹 90/녹색당
B.L	ko	동성애자
B.L	ko	러시아
B.L	ko	로랑 파비위
B.L	ko	로타어 드 메지에르
B.L	ko	로타어 볼츠
B.L	ko	루츠 그라프 슈베린 폰 크로지크
B.L	ko	리하르트 폰 퀴흘만
B.L	ko	마르쿠스 메르켈
B.L	ko	미국
B.L	ko	미하엘 므론츠
B.L	ko	바이마르 공화국
B.L	ko	바이에른 기독교 사회연합
B.L	ko	바트 호네프
B.L	ko	바트호네프
B.L	ko	발터 라테나우
B.L	ko	발터 셸
B.L	ko	발터 지몬스
B.L	ko	법학
B.L	ko	베른하르트 폰 뷜로프
B.L	ko	베를린
B.L	ko	변호사
B.L	ko	본
B.L	ko	본 대학교
B.L	ko	빌리 브란트
B.L	ko	빌헬름 졸프
B.L	ko	빌헬름 폰 쇤
B.L	ko	서독
B.L	ko	세르게이 라브로프
B.L	ko	아돌프 마르샬 폰 비버슈타인
B.L	ko	아돌프 쾨슈터
B.L	ko	아르투어 자이스잉크바르트
B.L	ko	아르투어 치머만
B.L	ko	안톤 아커만
B.L	ko	알프레트 폰 키데를렌베흐터
B.L	ko	앙겔라 메르켈
B.L	ko	에마 보니노
B.L	ko	영국
B.L	ko	오스발트 폰 리히트호펜
B.L	ko	오스카어 피셔
B.L	ko	오토 빈처
B.L	ko	요슈카 피셔
B.L	ko	요아힘 폰 리벤트로프
B.L	ko	요제프 마리아 폰 라도비츠
B.L	ko	요제프 비르트
B.L	ko	울리히 폰 브로크도르프란차우
B.L	ko	위키미디어 공용
B.L	ko	윌리엄 헤이그
B.L	ko	유럽 연합
B.L	ko	율리우스 쿠르트우스
B.L	ko	이탈리아
B.L	ko	일본
B.L	ko	자유민주당 (독일)
B.L	ko	존 베어드 (캐나다 정치인)
B.L	ko	존 케리
B.L	ko	캐나다
B.L	ko	캐서린 애슈턴
B.L	ko	커밍아웃
B.L	ko	콘라트 아데나워
B.L	ko	콘스탄틴 폰 노이라트
B.L	ko	클라우스 킨켈
B.L	ko	클레멘스 부슈
B.L	ko	클로드비히, 호헨로헤실링퓌르스트의 왕자
B.L	ko	파울 폰 하츠펠트 추 트라헨베르크
B.L	ko	파울 폰 힌체
B.L	ko	프랑스
B.L	ko	프랑크발터 슈타인마이어
B.L	ko	프리드리히 로젠
B.L	ko	프리드리히 추 림부르크슈티룸
B.L	ko	프리드리히 폰 로젠베르크
B.L	ko	필리프 뢰슬러
B.L	ko	하겐 통신대학교
B.L	ko	하인리히 브뤼닝
B.L	ko	하인리히 폰 브렌타노
B.L	ko	하인리히 폰 치르슈키
B.L	ko	한스디트리히 겐셔
B.L	ko	헤르만 루트비히 폰 발란
B.L	ko	헤르만 뮐러 (정치인)
B.L	ko	헤르만 폰 틸레
B.L	ko	헤르베르트 폰 비스마르크
B.L	ko	위키백과:토막글
B.L	ko	틀:G8 외무장관
B.L	ko	틀:독일의 외무부 장관
B.L	ko	틀:토막글/그림/독일
B.L	ko	틀:토막글/그림/정치인
B.L	ko	틀토론:G8 외무장관
B.L	ko	틀토론:독일의 외무부 장관
B.L	ko	도움말:IPA
B.L	la	13 Maii
B.L	la	18 Maii
B.L	la	1961
B.L	la	1980
B.L	la	1983
B.L	la	1987
B.L	la	1988
B.L	la	1990
B.L	la	1991
B.L	la	1994
B.L	la	1996
B.L	la	2001
B.L	la	2002
B.L	la	2005
B.L	la	2009
B.L	la	2011
B.L	la	27 Decembris
B.L	la	27 Septembris
B.L	la	29 Septembris
B.L	la	3 Aprilis
B.L	la	4 Maii
B.L	la	Administer Foederalis Rerum Exterarum
B.L	la	Administratio Merkel 2
B.L	la	Angela Merkel
B.L	la	Annetta Schavan
B.L	la	Anscharius Hergt
B.L	la	Arthurus Comes de Posadowsky-Wehner
B.L	la	Augustus-Martinus Euler
B.L	la	Badenia-Virtembergia
B.L	la	Bernhardus Dernburg
B.L	la	Bonna
B.L	la	Brigitta Homburger
B.L	la	CDU
B.L	la	CSU
B.L	la	Carolus-Hermannus Flach
B.L	la	Carolus Helfferich
B.L	la	Carolus Henricus de von Boetticher
B.L	la	Carolus Jarres
B.L	la	Carolus Theodorus zu Guttenberg
B.L	la	Christianus Lindner
B.L	la	Christina Schröder
B.L	la	Clemens de Delbrück
B.L	la	Cornelia Pieper
B.L	la	Cornelia Schmalz-Jacobsen
B.L	la	Daniel Bahr
B.L	la	Dieta Foederalis Germaniae
B.L	la	Dusseldorpium
B.L	la	Egon Franke
B.L	la	Ericus Koch-Weser
B.L	la	Ericus Mende
B.L	la	Eugenius Schiffer
B.L	la	FDP
B.L	la	Factio Democratica Liberalis Germaniae
B.L	la	Franciscus Blücher
B.L	la	Franciscus Josephus Jung
B.L	la	Franciscus Müntefering
B.L	la	Franciscus de Papen
B.L	la	Francus Gualterus Steinmeier
B.L	la	Fridericus de Payer
B.L	la	Georgius Möllemann
B.L	la	Gerhardus Schröder (CDU)
B.L	la	Germania
B.L	la	Gualterus Scheel
B.L	la	Gulielmus Brandt
B.L	la	Gunterus Verheugen
B.L	la	Gustavus Bauer
B.L	la	Hagen
B.L	la	Helimutus Haussmann
B.L	la	Henricus de Brentano
B.L	la	Hermannus Dietrich
B.L	la	Hermannus Otto Solms
B.L	la	Hermannus Schäfer
B.L	la	Hunapha
B.L	la	Ilse Aigner
B.L	la	Ioanna Wanka
B.L	la	Ioannes-Christopherus Seebohm
B.L	la	Ioannes-Petrus Friedrich
B.L	la	Ioannes-Theodericus Genscher
B.L	la	Iosephus Fischer
B.L	la	Irmgarda Adam-Schwaetzer
B.L	la	Knutus de Kühlmann-Stumm
B.L	la	Ludovicus Erhard
B.L	la	Martinus Bangemann
B.L	la	Matthias Erzberger
B.L	la	Maximilianus Becker
B.L	la	Monachium
B.L	la	Nicolaus Kinkel
B.L	la	Norbertus Röttgen
B.L	la	Otto Comes Lambsdorff
B.L	la	Otto Comes ad Stolberg-Wernigerode
B.L	la	Patricius Döring
B.L	la	Petrus Altmaier
B.L	la	Petrus Ramsauer
B.L	la	Philippus Rösler
B.L	la	Rainer Brüderle
B.L	la	Reinholdus Maier
B.L	la	Rhenania-Palatinatus
B.L	la	Robertus Schmidt
B.L	la	Ronaldus Pofalla
B.L	la	Rudolphus Heinze
B.L	la	SPD
B.L	la	Sabina Leutheusser-Schnarrenberger
B.L	la	Theobaldus de Bethmann Hollweg
B.L	la	Theodericus Niebel
B.L	la	Theodorus Heuss
B.L	la	Thomas Dehler
B.L	la	Thomas de Maizière
B.L	la	Ursula de Leyen
B.L	la	Uwe Lühr
B.L	la	Volfgangus Schäuble
B.L	la	Wernerus Hoyer
B.L	la	Wolfgangus Gerhardt
B.L	la	Wolfgangus Mischnick
B.L	la	Vicipaedia:Latinitas
B.L	hu	1961
B.L	hu	1980
B.L	hu	1983
B.L	hu	1987
B.L	hu	1988
B.L	hu	1991
B.L	hu	1994
B.L	hu	1996
B.L	hu	2001
B.L	hu	2004
B.L	hu	2006
B.L	hu	2009
B.L	hu	2011
B.L	hu	Angela Merkel
B.L	hu	Bad Honnef
B.L	hu	Bonni Egyetem
B.L	hu	Bundestag
B.L	hu	December 27.
B.L	hu	Homoszexualitás
B.L	hu	Michael Mronz
B.L	hu	Német Szabaddemokrata Párt
B.L	hu	Németek
B.L	hu	Politikus
B.L	hu	Wikimédia Commons
B.L	hu	Wolfgang Gerhardt
B.L	id	1961
B.L	id	27 Desember
B.L	id	Angela Merkel
B.L	id	Bad Honnef
B.L	id	Biografi
B.L	id	Bundestag
B.L	id	CDU
B.L	id	CSU
B.L	id	Gay
B.L	id	Homoseksualitas
B.L	id	Jerman
B.L	id	Jerman Barat
B.L	id	Kabinet II Angela Merkel
B.L	id	Michael Mronz
B.L	id	Partai Demokrat Bebas
B.L	id	Wakil Kanselir Jerman
B.L	id	Wikimedia Commons
B.L	id	Wikipedia:Rintisan
B.L	is	1961
B.L	is	1991
B.L	is	1994
B.L	is	2001
B.L	is	2006
B.L	is	2009
B.L	is	27. desember
B.L	is	28. október
B.L	is	Angela Merkel
B.L	is	Bad Honnef
B.L	is	Freie Demokratische Partei
B.L	is	Nordrhein-Westfalen
B.L	is	Stjórnmálamaður
B.L	is	Wikimedia Commons
B.L	is	Þýskaland
B.L	it	1961
B.L	it	2005
B.L	it	27 dicembre
B.L	it	Angela Merkel
B.L	it	Bad Honnef
B.L	it	Bild
B.L	it	Bonn
B.L	it	Bundestag
B.L	it	Cancelliere federale (Germania)
B.L	it	Colonia (Germania)
B.L	it	Erich Mende
B.L	it	Frank-Walter Steinmeier
B.L	it	Franz Blücher
B.L	it	Germania
B.L	it	Governo Merkel II
B.L	it	Hagen
B.L	it	Hans-Dietrich Genscher
B.L	it	Hillary Clinton
B.L	it	Horst Köhler
B.L	it	Juergen Nimptsch
B.L	it	Junge Liberale
B.L	it	Klaus Kinkel
B.L	it	Klaus Wowereit
B.L	it	Library of Congress Control Number
B.L	it	Martin Bangemann
B.L	it	Michael Mronz
B.L	it	Ole von Beust
B.L	it	Omosessualità
B.L	it	Otto Graf Lambsdorff
B.L	it	Partito Liberale Democratico (Germania)
B.L	it	Philipp Rösler
B.L	it	Politico
B.L	it	Reinhold Maier
B.L	it	Segretario di Stato degli Stati Uniti
B.L	it	Theodor Heuss
B.L	it	Thomas Dehler
B.L	it	Têtu
B.L	it	Unione civile
B.L	it	Virtual International Authority File
B.L	it	Volker Beck (politico)
B.L	it	Walter Scheel
B.L	it	Welfare
B.L	it	Wolfgang Gerhardt
B.L	it	Template:Presidenti della FDP
B.L	it	Discussioni template:Presidenti della FDP
B.L	it	Aiuto:Controllo di autorità
B.L	it	Categoria:Nati a Bad Honnef
B.L	it	Categoria:Nati ad Bad Honnef
B.L	it	Categoria:Nati il 27 dicembre
B.L	it	Categoria:Nati nel 1961
B.L	it	Categoria:Politici tedeschi del XXI secolo
B.L	it	Categoria:Politici tedeschi del XX secolo
B.L	it	Portale:Biografie
B.L	it	Portale:LGBT
B.L	it	Portale:Politica
B.L	ja	12月27日
B.L	ja	1961年
B.L	ja	2001年
B.L	ja	2011年
B.L	ja	アビトゥーア
B.L	ja	アレクサンドル・ルカシェンコ
B.L	ja	アンゲラ・メルケル
B.L	ja	イスタンブル
B.L	ja	ウィリアム・ヘイグ
B.L	ja	エドムント・シュトイバー
B.L	ja	エンマ・ボニーノ
B.L	ja	エーリッヒ・メンデ
B.L	ja	オットー・グラーフ・ラムスドルフ
B.L	ja	カミングアウト
B.L	ja	カール・マルクス
B.L	ja	キャスティング・ボート
B.L	ja	キャンピングカー
B.L	ja	キューバ
B.L	ja	クラウス・キンケル
B.L	ja	クラウス・ヴォーヴェライト
B.L	ja	ゲアハルト・シュレーダー
B.L	ja	ゲアハルト・シュレーダー (CDU)
B.L	ja	コンラート・アデナウアー
B.L	ja	ジョン・ケリー
B.L	ja	スーパーマン
B.L	ja	セルゲイ・ラブロフ
B.L	ja	テオドール・ホイス
B.L	ja	トーマス・デーラー
B.L	ja	ドイツ
B.L	ja	ドイツキリスト教民主同盟
B.L	ja	ドイツ外務省
B.L	ja	ドイツ社会民主党
B.L	ja	ドイツ福音主義教会
B.L	ja	ドイツ語
B.L	ja	ドイツ連邦議会
B.L	ja	ドイツ連邦議会2009年選挙
B.L	ja	ノルトライン＝ヴェストファーレン州
B.L	ja	ハインリヒ・フォン・ブレンターノ
B.L	ja	ハンス・ディートリッヒ・ゲンシャー
B.L	ja	ハーゲン通信大学
B.L	ja	バーデン＝ヴュルテンベルク州
B.L	ja	バード・ホネフ
B.L	ja	ビルダーバーグ会議
B.L	ja	フィリップ・レスラー
B.L	ja	フランク＝ヴァルター・シュタインマイアー
B.L	ja	フランツ・ブリュッヒャー
B.L	ja	ヘルムート・シュミット
B.L	ja	ベラルーシ
B.L	ja	ベルリン
B.L	ja	ボン
B.L	ja	ポルシェ
B.L	ja	マクドナルド
B.L	ja	マルティン・バンゲマン
B.L	ja	ユルゲン・メレマン
B.L	ja	ヨシュカ・フィッシャー
B.L	ja	ラインホルト・マイヤー
B.L	ja	ラインラント福音主義教会
B.L	ja	ラインラント＝プファルツ州
B.L	ja	ライン・フリードリヒ・ヴィルヘルム大学ボン
B.L	ja	ローラン・ファビウス
B.L	ja	ローレンス・キャノン
B.L	ja	ヴァルター・シェール
B.L	ja	ヴィリー・ブラント
B.L	ja	ヴォルフガング・ゲルハルト
B.L	ja	主要国首脳会議
B.L	ja	判事
B.L	ja	博士 (法学)
B.L	ja	司法試験
B.L	ja	同性愛者
B.L	ja	同盟90/緑の党
B.L	ja	外務大臣
B.L	ja	大連立
B.L	ja	岸田文雄
B.L	ja	左翼党 (ドイツ)
B.L	ja	弁護士
B.L	ja	政治家
B.L	ja	教会
B.L	ja	新自由主義
B.L	ja	民主主義
B.L	ja	第2次メルケル内閣
B.L	ja	自由民主党 (ドイツ)
B.L	ja	英国放送協会
B.L	ja	英語
B.L	ja	西ドイツ
B.L	ja	資本主義
B.L	ja	Template:G8の外務大臣
B.L	ja	Template:ドイツ自由民主党党首
B.L	ja	Template:ドイツ連邦共和国外務大臣
B.L	ja	Template‐ノート:G8の外務大臣
B.L	ja	Template‐ノート:ドイツ自由民主党党首
B.L	ja	Template‐ノート:ドイツ連邦共和国外務大臣
B.L	vi	1961
B.L	vi	27 tháng 12
B.L	vi	Angela Merkel
B.L	vi	Bad Honnef
B.L	vi	Berlin
B.L	vi	Bonn
B.L	vi	Bundestag
B.L	vi	Chủ tịch
B.L	vi	Công khai thiên hướng tình dục
B.L	vi	FernUniversität Hagen
B.L	vi	Frank-Walter Steinmeier
B.L	vi	German government
B.L	vi	Kiểm soát tính nhất quán
B.L	vi	Ngoại trưởng (Đức)
B.L	vi	Nordrhein-Westfalen
B.L	vi	Nội các
B.L	vi	Party list
B.L	vi	Philipp Rösler
B.L	vi	Phó Thủ tướng Đức
B.L	vi	University of Bonn
B.L	vi	Virtual International Authority File
B.L	vi	West Đức
B.L	vi	Wolfgang Gerhardt
B.L	vi	Đảng Dân chủ Tự do (Đức)
B.L	vi	Đức
B.L	vi	Wikipedia:Chú thích nguồn gốc
B.L	vi	Wikipedia:Dữ liệu nhân vật
B.L	vi	Chủ đề:Biography
B.L	simple	Bad Honnef
B.L	simple	Bundestag
B.L	simple	Canada
B.L	simple	Civil partnership
B.L	simple	Coming out
B.L	simple	Foreign Office of Germany
B.L	simple	France
B.L	simple	G8
B.L	simple	Gay
B.L	simple	Germany
B.L	simple	Giulino Terzi di Sant' Agata
B.L	simple	Italy
B.L	simple	Japan
B.L	simple	John Baird (Canadian politician)
B.L	simple	John Kerry
B.L	simple	Katsuya Okada
B.L	simple	Laurent Fabius
B.L	simple	Michael Mronz
B.L	simple	Multimedia
B.L	simple	North Rhine-Westphalia
B.L	simple	Politician
B.L	simple	Russia
B.L	simple	Secretary of State
B.L	simple	Sergey Lavrov
B.L	simple	United Kingdom
B.L	simple	United States
B.L	simple	William Hague
B.L	simple	Wikipedia:Stub
B.L	simple	Template:G8-Foreign
B.L	simple	Template talk:G8-Foreign
B.L	simple	Category:People stubs
B.L	uk	16 травня
B.L	uk	17 вересня
B.L	uk	1961
B.L	uk	1980
B.L	uk	1983
B.L	uk	1987
B.L	uk	1988
B.L	uk	1991
B.L	uk	1994
B.L	uk	1996
B.L	uk	1998
B.L	uk	2001
B.L	uk	2002
B.L	uk	2003
B.L	uk	2004
B.L	uk	2005
B.L	uk	2006
B.L	uk	2009
B.L	uk	2010
B.L	uk	2011
B.L	uk	20 липня
B.L	uk	27 вересня
B.L	uk	27 грудня
B.L	uk	28 вересня
B.L	uk	28 жовтня
B.L	uk	Адвокат
B.L	uk	Ангела Меркель
B.L	uk	Бад-Гоннеф
B.L	uk	Бонн
B.L	uk	Боннський університет
B.L	uk	Бундестаг
B.L	uk	Вольфганг Ґерхард
B.L	uk	Вільна демократична партія
B.L	uk	Гомосексуалізм
B.L	uk	Дзеркало Тижня
B.L	uk	Камінг-аут
B.L	uk	Німецька мова
B.L	uk	Німецька хвиля
B.L	uk	Німеччина
B.L	uk	Німці
B.L	uk	Обер-бургомістр
B.L	uk	Північний Рейн-Вестфалія
B.L	uk	Реаліті-шоу
B.L	uk	Рейн-Зіґ
B.L	uk	Соціал-демократична партія (Німеччина)
B.L	uk	ФРН
B.L	uk	Франк-Вальтер Штайнмаєр
B.L	uk	Філіпп Реслер
B.L	uk	ХСС
B.L	uk	Хагенський університет
B.L	uk	Християнсько-демократичний союз (Німеччина)
B.L	uk	Шредер
B.L	uk	Шаблон:Назва країни DEU
B.L	tr	2001
B.L	tr	Alexander Mronz
B.L	tr	Alman
B.L	tr	Almanya
B.L	tr	Almanya Dışişleri Bakanları listesi
B.L	tr	Bad Honnef
B.L	tr	Berlin
B.L	tr	Bonn
B.L	tr	CDU/CSU
B.L	tr	CHIO Aachen
B.L	tr	Doktora
B.L	tr	Düsseldorf
B.L	tr	Eşcinsellik
B.L	tr	Frank-Walter Steinmeier
B.L	tr	Genç Liberaller
B.L	tr	Gymnasium (okul)
B.L	tr	Gütersloh
B.L	tr	Hagen
B.L	tr	Hans-Dietrich Genscher
B.L	tr	Heinz Lanfermann
B.L	tr	Hukuk
B.L	tr	Hür Demokrat Parti (Almanya)
B.L	tr	Jürgen Möllemann
B.L	tr	Kançılar
B.L	tr	Klaus Kinkel
B.L	tr	Klaus Wowereit
B.L	tr	Michael Mronz
B.L	tr	Ole von Beust
B.L	tr	Ren Friedrich Wilhelm Üniversitesi
B.L	tr	Tennis
B.L	tr	Wolfgang Gerhardt
B.L	sv	16 maj
B.L	sv	1961
B.L	sv	2009
B.L	sv	2011
B.L	sv	27 december
B.L	sv	28 oktober
B.L	sv	Adolf Köster
B.L	sv	Angela Merkel
B.L	sv	Annette Schavan
B.L	sv	Arthur Seyß-Inquart
B.L	sv	Bad Honnef
B.L	sv	Daniel Bahr
B.L	sv	Dirk Niebel
B.L	sv	Frank-Walter Steinmeier
B.L	sv	Franz Josef Jung
B.L	sv	Frederic von Rosenberg
B.L	sv	Freie Demokratische Partei
B.L	sv	Friedrich Rosen
B.L	sv	Gerhard Schröder (utrikesminister)
B.L	sv	Gustav Stresemann
B.L	sv	Hans-Dietrich Genscher
B.L	sv	Hans-Peter Friedrich
B.L	sv	Heinrich Brüning
B.L	sv	Heinrich von Brentano di Tremezzo
B.L	sv	Helmut Schmidt
B.L	sv	Hermann Müller
B.L	sv	Ilse Aigner
B.L	sv	Joachim von Ribbentrop
B.L	sv	Johanna Wanka
B.L	sv	Joschka Fischer
B.L	sv	Joseph Wirth
B.L	sv	Julius Curtius
B.L	sv	Karl-Theodor zu Guttenberg
B.L	sv	Klaus Kinkel
B.L	sv	Konrad Adenauer
B.L	sv	Konstantin von Neurath
B.L	sv	Kristina Schröder
B.L	sv	Lutz Schwerin von Krosigk
B.L	sv	Michael Mronz
B.L	sv	Norbert Röttgen
B.L	sv	Peter Altmaier
B.L	sv	Peter Ramsauer
B.L	sv	Philipp Rösler
B.L	sv	Politik i Tyskland
B.L	sv	Rainer Brüderle
B.L	sv	Regeringen Merkel II
B.L	sv	Ronald Pofalla
B.L	sv	Sabine Leutheusser-Schnarrenberger
B.L	sv	Thomas de Maizière
B.L	sv	Tysklands förbundsregering
B.L	sv	Tysklands utrikesminister
B.L	sv	Tysklands utrikesministrar
B.L	sv	Ulrich von Brockdorff-Rantzau
B.L	sv	Ursula von der Leyen
B.L	sv	Walter Scheel
B.L	sv	Walter Simons
B.L	sv	Walther Rathenau
B.L	sv	Wilhelm Solf
B.L	sv	Willy Brandt
B.L	sv	Wolfgang Schäuble
B.L	sv	Wikipedia:Stubbar
B.L	sv	Mall:Regeringen Merkel II
B.L	sv	Mall:Tysklands utrikesministrar
B.L	sv	Malldiskussion:Regeringen Merkel II
B.L	sv	Malldiskussion:Tysklands utrikesministrar
B.L	sr	1. мај
B.L	sr	1961
B.L	sr	1980
B.L	sr	1983
B.L	sr	1987
B.L	sr	1988
B.L	sr	1991
B.L	sr	1993
B.L	sr	1994
B.L	sr	1996
B.L	sr	1998
B.L	sr	2001
B.L	sr	2002
B.L	sr	2003
B.L	sr	2005
B.L	sr	2006
B.L	sr	2007
B.L	sr	2009
B.L	sr	27. децембар
B.L	sr	27. септембар
B.L	sr	4. мај
B.L	sr	8. фебруар
B.L	sr	Адвокат
B.L	sr	Ангела Меркел
B.L	sr	Бад Хонеф
B.L	sr	Берлин
B.L	sr	Билдербершка група
B.L	sr	Бон
B.L	sr	Бундестаг
B.L	sr	Велики брат (ТВ серије)
B.L	sr	Волфганг Герхарт
B.L	sr	Вођа опозиције
B.L	sr	Геј
B.L	sr	Диселдорф
B.L	sr	Доктор права
B.L	sr	Докторска дисертација
B.L	sr	Држава благостања
B.L	sr	Западна Немачка
B.L	sr	Канцелар (Њемачка)
B.L	sr	Келн
B.L	sr	Клаус Воверајт
B.L	sr	Клаус Кинкел
B.L	sr	Конзервативизам
B.L	sr	Либерализам
B.L	sr	Немачка
B.L	sr	Немачки језик
B.L	sr	Односи са јавношћу
B.L	sr	Порез
B.L	sr	Ријалити шоу
B.L	sr	Савез 90/Зелени
B.L	sr	Северна Рајна-Вестфалија
B.L	sr	Слободно тржиште
B.L	sr	Социјалдемократска партија Немачке
B.L	sr	Странка слободних демократа (Немачка)
B.L	sr	Универзитет у Бону
B.L	sr	Хаген
B.L	sr	Ханс-Дитрих Геншер
B.L	sr	Хомосексуалност
B.L	sr	Хришћанско-демократска унија Немачке
B.L	sr	Штутгарт
B.L	sq	1961
B.L	sq	27 dhjetor
B.L	sq	Bad Honnef
B.L	sq	Gjermani
B.L	sq	Shqiptimi
B.L	ru	15 мая
B.L	ru	16 мая
B.L	ru	17 сентября
B.L	ru	1961
B.L	ru	1961 год
B.L	ru	1980 год
B.L	ru	2001
B.L	ru	2001 год
B.L	ru	2009
B.L	ru	2009 год
B.L	ru	2010 год
B.L	ru	2011
B.L	ru	2011 год
B.L	ru	27 декабря
B.L	ru	27 сентября
B.L	ru	28 октября
B.L	ru	Deutsche Welle
B.L	ru	Stern
B.L	ru	Аденауэр, Конрад
B.L	ru	Ангела Меркель
B.L	ru	Бад-Хоннеф
B.L	ru	Бауэр, Густав
B.L	ru	Бетман-Гольвег, Теобальд фон
B.L	ru	Блюхер, Франц
B.L	ru	Большая восьмёрка
B.L	ru	Бонино, Эмма
B.L	ru	Бонн
B.L	ru	Боннский университет
B.L	ru	Брандт, Вилли
B.L	ru	Брентано, Генрих фон
B.L	ru	Бундестаг Германии
B.L	ru	Бэрд, Джон (канадский политик)
B.L	ru	Бёттихер, Карл Генрих фон
B.L	ru	Веймарская республика
B.L	ru	Вести.ру
B.L	ru	Викисклад
B.L	ru	Ганновер
B.L	ru	Гельферих, Карл
B.L	ru	Генсек
B.L	ru	Геншер, Ганс-Дитрих
B.L	ru	Германия
B.L	ru	Германская империя
B.L	ru	Гомосексуальность
B.L	ru	Гражданские партнёрства в Германии
B.L	ru	Дельбрюк, Клеменс фон
B.L	ru	Дернбург, Бернхард
B.L	ru	Дитрих, Герман
B.L	ru	Зеебом, Ганс-Кристоф
B.L	ru	Каминг-аут
B.L	ru	Кандидат юридических наук
B.L	ru	Керри, Джон
B.L	ru	Кинкель, Клаус
B.L	ru	Кисида, Фумио
B.L	ru	Кох-Везер, Эрих
B.L	ru	Лавров, Сергей Викторович
B.L	ru	Лентапедия
B.L	ru	Менде, Эрих
B.L	ru	Меркель, Ангела
B.L	ru	Министр иностранных дел
B.L	ru	Мюнтеферинг, Франц
B.L	ru	Мёллеманн, Юрген
B.L	ru	Немецкий язык
B.L	ru	Пайер, Фридрих фон
B.L	ru	Папен, Франц фон
B.L	ru	Посадовский-Венер, Артур фон
B.L	ru	РИА Новости
B.L	ru	Радио «Свобода»
B.L	ru	Рёслер, Филипп
B.L	ru	СвДП
B.L	ru	Свободная демократическая партия (Германия)
B.L	ru	Северный Рейн — Вестфалия
B.L	ru	Список вице-канцлеров Германии
B.L	ru	Список заместителей глав Правительства Германии
B.L	ru	Список министров иностранных дел Германии
B.L	ru	Толерантность (социология)
B.L	ru	ФРГ
B.L	ru	Фабиус, Лоран
B.L	ru	Филипп Рёслер
B.L	ru	Фишер, Йошка
B.L	ru	Франке, Эгон
B.L	ru	Хайнце, Рудольф
B.L	ru	Хейг, Уильям
B.L	ru	Хергт, Оскар
B.L	ru	Христианско-демократический союз Германии
B.L	ru	Шеель, Вальтер
B.L	ru	Шиффер, Ойген
B.L	ru	Шмидт, Гельмут
B.L	ru	Шмидт, Роберт
B.L	ru	Шрёдер, Герхард (министр)
B.L	ru	Штайнмайер, Франк-Вальтер
B.L	ru	Штольберг-Вернигероде, Отто цу
B.L	ru	Эксперт (журнал)
B.L	ru	Эрхард, Людвиг
B.L	ru	Эрцбергер, Маттиас
B.L	ru	Яррес, Карл
B.L	ru	Шаблон:Цвет/Германия
B.L	ro	1961
B.L	ro	1994
B.L	ro	1996
B.L	ro	2001
B.L	ro	2006
B.L	ro	27 decembrie
B.L	ro	Alegerile federale germane, 2009
B.L	ro	Angela Merkel
B.L	ro	Bad Honnef
B.L	ro	Baden-Württemberg
B.L	ro	Biografie
B.L	ro	Bundestag
B.L	ro	CDU
B.L	ro	CSU
B.L	ro	German
B.L	ro	Germania
B.L	ro	Landurile Germaniei
B.L	ro	Michael Mronz
B.L	ro	Partidul Liber Democrat (Germania)
B.L	ro	Philipp Rösler
B.L	ro	Politică
B.L	ro	Renania-Palatinat
B.L	ro	Renania de Nord - Westfalia
B.L	ro	Republica Federală Germania
B.L	ro	Wikimedia Commons
B.L	ro	Wikipedia:Articolul ciot perfect
B.L	ro	Wikipedia:Găsește și repară un ciot
B.L	hsb	1961
B.L	hsb	2004
B.L	hsb	2011
B.L	hsb	27. decembra
B.L	hsb	Bad Honnef
B.L	hsb	Biografija
B.L	hsb	Freie Demokratische Partei
B.L	hsb	Němska
B.L	hsb	Wonkowny minister
B.L	hsb	Wikipedija:Infokašćik
B.L	hsb	Wikipedija:Stub
B.L	hsb	Předłoha:Infokašćik wosoby
B.L	hsb	Předłoha:Rq
B.L	hsb	Diskusija k předłoze:Infokašćik wosoby
B.L	hsb	Kategorija:Zarodk wo biografiji
B.L	pt	16 de maio
B.L	pt	1961
B.L	pt	2001
B.L	pt	2009
B.L	pt	2011
B.L	pt	27 de Dezembro
B.L	pt	28 de outubro
B.L	pt	Aachen
B.L	pt	Advogado
B.L	pt	Alemanha
B.L	pt	Alemanha Ocidental
B.L	pt	Alexander Mronz
B.L	pt	Alma mater
B.L	pt	Angela Merkel
B.L	pt	Annette Schavan
B.L	pt	Bad Honnef
B.L	pt	Biblioteca Nacional da Alemanha
B.L	pt	Bundestag
B.L	pt	CHIO
B.L	pt	Casamento gay
B.L	pt	Colónia
B.L	pt	Daniel Bahr
B.L	pt	Direito
B.L	pt	Dirk Niebel
B.L	pt	FernUniversität Hagen
B.L	pt	Focus (revista)
B.L	pt	Frank-Walter Steinmeier
B.L	pt	Gerhard Schröder
B.L	pt	Governo Merkel II
B.L	pt	Hans-Peter Friedrich
B.L	pt	Homossexual
B.L	pt	Homossexualidade
B.L	pt	Ilse Aigner
B.L	pt	Klaus Wowereit
B.L	pt	Kristina Schröder
B.L	pt	Língua alemã
B.L	pt	Michael Mronz
B.L	pt	Ministério das Relações Exteriores da Alemanha
B.L	pt	Norbert Röttgen
B.L	pt	Partido Democrata Livre
B.L	pt	Partido Democrático Liberal
B.L	pt	Peter Ramsauer
B.L	pt	Philipp Rösler
B.L	pt	Ronald Pofalla
B.L	pt	Sabine Leutheusser-Schnarrenberger
B.L	pt	Thomas de Maizière
B.L	pt	Universidade de Bonn
B.L	pt	Ursula von der Leyen
B.L	pt	Vice-chanceler da Alemanha
B.L	pt	Wolfgang Schäuble
B.L	pt	Predefinição:Atuais ministros da Alemanha
B.L	ps	انګريزي ژبه
B.L	zh	1961年
B.L	zh	CHIO亞琛
B.L	zh	主席
B.L	zh	克劳斯·金克尔
B.L	zh	出櫃
B.L	zh	副总理
B.L	zh	北威州
B.L	zh	同性戀
B.L	zh	哈根函授大学
B.L	zh	基民黨
B.L	zh	安格拉·梅克爾
B.L	zh	已登記的生活伴侶關係
B.L	zh	巴特霍涅夫
B.L	zh	康拉德·阿登纳
B.L	zh	弗兰克-瓦尔特·施泰因迈尔
B.L	zh	德国
B.L	zh	德国自由民主党
B.L	zh	德國外交部
B.L	zh	德意志联邦共和国外交部长
B.L	zh	德语
B.L	zh	政治家
B.L	zh	施泰因迈尔
B.L	zh	柏林
B.L	zh	格哈特·施罗德 (基民盟)
B.L	zh	汉斯-迪特里希·根舍
B.L	zh	波恩
B.L	zh	波恩大学
B.L	zh	海因里希·冯·布伦塔诺
B.L	zh	瓦尔特·谢尔
B.L	zh	米歇爾·莫隆茨
B.L	zh	约施卡·菲舍尔
B.L	zh	维利·勃兰特
B.L	zh	联邦德国副总理
B.L	zh	联邦德国外交部长
B.L	zh	聯邦議會黨團
B.L	zh	萊茵蘭福音教派
B.L	zh	赫尔穆特·施密特
B.L	zh	Wikipedia:失效链接
B.L	zh	Template:德意志联邦共和国外交部长
B.L	zh	Template talk:德意志联邦共和国外交部长
CN	de	Guido_Westerwelle
IWL	ga	Guido Westerwelle
IWL	fi	Guido Westerwelle
IWL	fr	Guido Westerwelle
IWL	he	גידו וסטרוולה
IWL	eu	Guido Westerwelle
IWL	fa	گیدو وستروله
IWL	eo	Guido Westerwelle
IWL	en	Guido Westerwelle
IWL	et	Guido Westerwelle
IWL	es	Guido Westerwelle
IWL	ca	Guido Westerwelle
IWL	bg	Гидо Вестервеле
IWL	be	Гіда Вестэрвэле
IWL	da	Guido Westerwelle
IWL	nds	Guido Westerwelle
IWL	cs	Guido Westerwelle
IWL	als	Guido Westerwelle
IWL	ar	غيدو فيسترفيله
IWL	af	Guido Westerwelle
IWL	no	Guido Westerwelle
IWL	pl	Guido Westerwelle
IWL	lt	Guido Westerwelle
IWL	nl	Guido Westerwelle
IWL	ku	Guido Westerwelle
IWL	ko	기도 베스터벨레
IWL	la	Guido Westerwelle
IWL	hu	Guido Westerwelle
IWL	id	Guido Westerwelle
IWL	is	Guido Westerwelle
IWL	it	Guido Westerwelle
IWL	ja	ギド・ヴェスターヴェレ
IWL	vi	Guido Westerwelle
IWL	simple	Guido Westerwelle
IWL	uk	Ґідо Вестервелле
IWL	tr	Guido Westerwelle
IWL	sv	Guido Westerwelle
IWL	sr	Гидо Вестервеле
IWL	sq	Guido Westerwelle
IWL	ru	Вестервелле, Гидо
IWL	ro	Guido Westerwelle
IWL	hsb	Guido Westerwelle
IWL	pt	Guido Westerwelle
IWL	ps	ګيودو ويسترويلي
IWL	zh	基多·威斯特威勒
