A.L	de	11. Dezember
A.L	de	1972
A.L	de	Abgeordnetenwatch.de
A.L	de	Andernach
A.L	de	Attac
A.L	de	Bund für Umwelt und Naturschutz Deutschland
A.L	de	Bundestagswahl 2013
A.L	de	Die Linke
A.L	de	Diplom
A.L	de	Emanzipatorische Linke
A.L	de	Enquête-Kommission
A.L	de	FU Berlin
A.L	de	Forum demokratischer Sozialismus
A.L	de	Frauenforschung
A.L	de	Inga Nitz
A.L	de	Johann Wolfgang Goethe-Universität Frankfurt am Main
A.L	de	Katja Kipping
A.L	de	Mitglied des Bundestags
A.L	de	Munzinger-Archiv
A.L	de	Neuwied
A.L	de	Partei des Demokratischen Sozialismus
A.L	de	Pennsylvania
A.L	de	Philipps-Universität Marburg
A.L	de	Politikerin
A.L	de	Politikwissenschaft
A.L	de	Redenschreiber
A.L	de	Renate Künast
A.L	de	Soziologie
A.L	de	Stefan Liebich
A.L	de	Sächsischer Landtag
A.L	de	USA
A.L	de	Vereinte Dienstleistungsgewerkschaft
A.L	de	Hilfe:Personendaten
CN	de	Caren_Lay
