A.L	de	Adidas
A.L	de	Aktie
A.L	de	Aktienfonds
A.L	de	Aktienindex
A.L	de	Aktienindex des Statistischen Reichsamtes
A.L	de	Aktienmarkt
A.L	de	Aktienrendite
A.L	de	Allianz SE
A.L	de	Altana
A.L	de	Anshu Jain
A.L	de	Arbeitskreis Aktienindizes
A.L	de	Arcandor
A.L	de	Aventis
A.L	de	Axel C. Heitmann
A.L	de	BASF
A.L	de	BMW
A.L	de	BZ-Index
A.L	de	Babcock Borsig
A.L	de	Bankhaus Hardy & Co.
A.L	de	Barausgleich
A.L	de	Bayer AG
A.L	de	Bayerische Hypotheken- und Wechsel-Bank
A.L	de	Bayerische Hypotheken- und Wechselbank
A.L	de	Bayerische Vereinsbank
A.L	de	Beiersdorf AG
A.L	de	Ben Lipps
A.L	de	Bernd Scheifele
A.L	de	Bezugsrecht
A.L	de	Bill McDermott
A.L	de	Bloomberg L.P.
A.L	de	Blue Chips
A.L	de	Bonuszahlung
A.L	de	Bullen- und Bärenmarkt
A.L	de	Bundesregierung (Vereinigte Staaten)
A.L	de	Börsen-Zeitung
A.L	de	CAC 40
A.L	de	CDAX
A.L	de	Christoph Franz
A.L	de	Chrysler
A.L	de	Commerzbank
A.L	de	Continental AG
A.L	de	DAX-Future
A.L	de	Daimler-Benz
A.L	de	Daimler AG
A.L	de	Das Collegium
A.L	de	Dax
A.L	de	Degussa
A.L	de	Deutsche Bank
A.L	de	Deutsche Börse
A.L	de	Deutsche Lufthansa
A.L	de	Deutsche Post AG
A.L	de	Deutsche Telekom
A.L	de	Deutsches Historisches Museum
A.L	de	Deutsches Institut für Wirtschaftsforschung
A.L	de	Dieter Zetsche
A.L	de	DivDAX
A.L	de	Dividende
A.L	de	Dotcom-Blase
A.L	de	Dow Jones Industrial Average
A.L	de	Dresdner Bank
A.L	de	E.ON
A.L	de	EURO STOXX 50
A.L	de	Eigene Aktie
A.L	de	Elmar Degenhart
A.L	de	Epcos
A.L	de	Erneuerbare Energie
A.L	de	Eurex
A.L	de	Euribor
A.L	de	Europäische Zentralbank
A.L	de	Evonik Degussa
A.L	de	ExxonMobil
A.L	de	FTSE 100 Index
A.L	de	Federal Reserve System
A.L	de	Feldmühle (Unternehmen)
A.L	de	Feldmühle Nobel
A.L	de	Finanzkrise ab 2007
A.L	de	Frank Appel
A.L	de	Frankfurter Wertpapierbörse
A.L	de	Fresenius (Unternehmen)
A.L	de	Fresenius Medical Care
A.L	de	Friedrich Krupp AG
A.L	de	Ftd.de
A.L	de	Future
A.L	de	HDAX
A.L	de	Handelsblatt
A.L	de	Hang Seng Index
A.L	de	Hannover Rück
A.L	de	Hardy-Index
A.L	de	HeidelbergCement
A.L	de	Heinrich Hiesinger
A.L	de	Henkel-Konzern
A.L	de	Henkel (Konzern)
A.L	de	Henkel (Unternehmen)
A.L	de	Herbert Hainer
A.L	de	Hoechst
A.L	de	Hoechst AG
A.L	de	Humboldt-Universität zu Berlin
A.L	de	HypoVereinsbank
A.L	de	Hypo Real Estate
A.L	de	Hüls AG
A.L	de	Implizite Volatilität
A.L	de	Infineon
A.L	de	International Securities Identification Number
A.L	de	J. Christopher Flowers
A.L	de	Jim Hagemann Snabe
A.L	de	Johannes Teyssen
A.L	de	Jürgen Fitschen
A.L	de	K+S
A.L	de	Karl-Ludwig Kley
A.L	de	Karstadt
A.L	de	Kasper Rorsted
A.L	de	Kaufhof
A.L	de	Konvention
A.L	de	Kursnotierung
A.L	de	Kurt Bock
A.L	de	Lanxess
A.L	de	Leerverkauf
A.L	de	Linde AG
A.L	de	Long und Short
A.L	de	Lufthansa
A.L	de	MAN
A.L	de	MDAX
A.L	de	MESZ
A.L	de	MEZ
A.L	de	MLP AG
A.L	de	Mannesmann
A.L	de	Marijn Dekkers
A.L	de	Marke (Recht)
A.L	de	Marktkapitalisierung
A.L	de	Martin Blessing
A.L	de	Martin Winterkorn
A.L	de	Merck KGaA
A.L	de	Metallgesellschaft
A.L	de	Metro AG
A.L	de	Michael Diekmann
A.L	de	Michail Sergejewitsch Gorbatschow
A.L	de	Munich Re
A.L	de	New York Stock Exchange
A.L	de	Nikkei 225
A.L	de	Nikolaus von Bomhard
A.L	de	Nixdorf Computer
A.L	de	Nixdorf Computer AG
A.L	de	Norbert Reithofer
A.L	de	Norbert Steiner
A.L	de	Nycomed
A.L	de	Option (Wirtschaft)
A.L	de	Orderbuchumsatz
A.L	de	Parketthandel
A.L	de	Peter Löscher
A.L	de	Peter Terium
A.L	de	Porsche
A.L	de	Postbank
A.L	de	Preussag
A.L	de	Prime Standard
A.L	de	RAG AG
A.L	de	RWE
A.L	de	Reinhard Ploss
A.L	de	René Obermann
A.L	de	Reto Francioni
A.L	de	Reuters Instrument Code
A.L	de	Rhône-Poulenc
A.L	de	S&P 500
A.L	de	SAP
A.L	de	SAP AG
A.L	de	SDAX
A.L	de	Salzgitter AG
A.L	de	Schaeffler Gruppe
A.L	de	Schering AG
A.L	de	Schlussauktion
A.L	de	Schwarzer Montag
A.L	de	Short Squeeze
A.L	de	Siemens
A.L	de	Siemens-Nixdorf
A.L	de	Siemens AG
A.L	de	Sowjetunion
A.L	de	Spekulationsblase
A.L	de	Spiegel online
A.L	de	Staatsschuldenkrise im Euroraum
A.L	de	Stammaktie
A.L	de	Statistisches Bundesamt
A.L	de	Stefan F. Heidenreich
A.L	de	Stora Enso
A.L	de	Streubesitz
A.L	de	Swiss Market Index
A.L	de	TUI
A.L	de	TecDAX
A.L	de	ThyssenKrupp
A.L	de	Thyssen AG
A.L	de	Tickersymbol
A.L	de	Ulf Schneider
A.L	de	UniCredit
A.L	de	United Airlines
A.L	de	Unternehmenssitz
A.L	de	VDAX
A.L	de	VDAX-NEW
A.L	de	VEBA
A.L	de	VIAG
A.L	de	Viag
A.L	de	Vodafone
A.L	de	Volatilität
A.L	de	Volatilitätsindex
A.L	de	Volkswagen AG
A.L	de	Vorstandsvorsitzender
A.L	de	Vorzugsaktie
A.L	de	Wertpapierbörse
A.L	de	Wertpapierkennnummer
A.L	de	Wirtschaftswunder
A.L	de	Wolfgang Reitzle
A.L	de	Währungsreform 1948 (Westdeutschland)
A.L	de	Xetra
A.L	de	Étienne Laspeyres
A.L	de	ÖkoDAX
A.L	de	Kategorie:Unternehmen im DAX
B.L	fi	Adidas
B.L	fi	Allianz
B.L	fi	BASF
B.L	fi	BMW
B.L	fi	Bayer
B.L	fi	Beiersdorf
B.L	fi	Blue Chip
B.L	fi	Commerzbank
B.L	fi	Daimler
B.L	fi	Deutsche Bank
B.L	fi	Deutsche Börse
B.L	fi	Deutsche Post
B.L	fi	Deutsche Telekom
B.L	fi	E.ON
B.L	fi	Frankfurtin pörssi
B.L	fi	Fresenius
B.L	fi	Fresenius Medical Care
B.L	fi	Hannover Re
B.L	fi	Henkel
B.L	fi	K+S
B.L	fi	Kaupankäynti
B.L	fi	Linde
B.L	fi	Linde AG
B.L	fi	Lufthansa
B.L	fi	MAN (yritys)
B.L	fi	MAN AG
B.L	fi	METRO AG
B.L	fi	Merck
B.L	fi	Merck KGaA
B.L	fi	Munich Re
B.L	fi	Osake
B.L	fi	Osakeindeksi
B.L	fi	RWE
B.L	fi	SAP (yritys)
B.L	fi	SAP AG
B.L	fi	Saksa
B.L	fi	Salzgitter (yritys)
B.L	fi	Siemens
B.L	fi	Siemens (yritys)
B.L	fi	Talous
B.L	fi	Taloustiede
B.L	fi	ThyssenKrupp
B.L	fi	Volkswagen
B.L	fi	Wikipedia:Tynkä
B.L	fi	Luokka:Taloustyngät
B.L	fr	ADX General Index
B.L	fr	AEX index
B.L	fr	ASE Weighted Index
B.L	fr	Adidas
B.L	fr	Afrique
B.L	fr	Afrique du Sud
B.L	fr	Allemagne
B.L	fr	Allianz
B.L	fr	Amérique
B.L	fr	Arabie saoudite
B.L	fr	Argentine
B.L	fr	Asie
B.L	fr	Australie
B.L	fr	Austrian Traded Index
B.L	fr	Autriche
B.L	fr	BASF
B.L	fr	BB All Share Index
B.L	fr	BCT (indice)
B.L	fr	BEL20
B.L	fr	BELEX15
B.L	fr	BET-10
B.L	fr	BIRS
B.L	fr	BMW
B.L	fr	BUX (indice boursier)
B.L	fr	Bahreïn
B.L	fr	Bangladesh
B.L	fr	Bayer
B.L	fr	Bayer (entreprise)
B.L	fr	Bayerische Motoren Werke
B.L	fr	Beiersdorf
B.L	fr	Belgique
B.L	fr	Bermuda Stock Exchange Index
B.L	fr	Bermudes
B.L	fr	Bolsa de Panama General
B.L	fr	Bosnie-Herzégovine
B.L	fr	Botswana
B.L	fr	Botswana Gaborone Index
B.L	fr	Bourse de Francfort
B.L	fr	Brésil
B.L	fr	Bulgarie
B.L	fr	CAC 40
B.L	fr	COLCAP
B.L	fr	CROBEX
B.L	fr	Canada
B.L	fr	Chili
B.L	fr	Chypre (pays)
B.L	fr	Colombie
B.L	fr	Commerzbank
B.L	fr	Continental AG
B.L	fr	Corée du Sud
B.L	fr	Costa Rica
B.L	fr	Croatie
B.L	fr	CySE General
B.L	fr	DSM-20
B.L	fr	Daimler (entreprise)
B.L	fr	Daimler AG
B.L	fr	Danemark
B.L	fr	Deutsche Bank
B.L	fr	Deutsche Börse
B.L	fr	Deutsche Post
B.L	fr	Deutsche Postbank
B.L	fr	Deutsche Telekom
B.L	fr	Dhaka Stock Exchange General Index
B.L	fr	Dow Jones Industrial Average
B.L	fr	E.ON
B.L	fr	EGX 30
B.L	fr	EVM Composite index
B.L	fr	Espagne
B.L	fr	Estonie
B.L	fr	Europe
B.L	fr	FTSE/Athex 20
B.L	fr	FTSE/JSE Afrique Top 40
B.L	fr	FTSE 100
B.L	fr	FTSE Namibia Overall
B.L	fr	Finlande
B.L	fr	France
B.L	fr	Francfort-sur-le-Main
B.L	fr	Fresenius
B.L	fr	Fresenius Medical Care
B.L	fr	GSE Composite Index
B.L	fr	Ghana
B.L	fr	Grèce
B.L	fr	HDAX
B.L	fr	HNX
B.L	fr	Hang Seng Index
B.L	fr	HeidelbergCement
B.L	fr	Henkel
B.L	fr	Hong Kong
B.L	fr	Hongrie
B.L	fr	IHSG
B.L	fr	IPSA (bourse)
B.L	fr	ISE-100
B.L	fr	ISEQ
B.L	fr	Ibex 35
B.L	fr	Inde
B.L	fr	Indice Al Quds
B.L	fr	Indice Bovespa
B.L	fr	Indice MICEX
B.L	fr	Indice PFTS
B.L	fr	Indice Zimbabwe Industrial
B.L	fr	Indice boursier
B.L	fr	Indice de Bolsa de Valores de Caracas
B.L	fr	Indice de la Bourse de Malte
B.L	fr	Indonésie
B.L	fr	Infineon Technologies
B.L	fr	Iran
B.L	fr	Irlande (pays)
B.L	fr	Islande
B.L	fr	Israël
B.L	fr	Italie
B.L	fr	Jamaica Stock Exchange Market Index
B.L	fr	Jamaïque
B.L	fr	Japon
B.L	fr	Jordanie
B.L	fr	K+S
B.L	fr	KASE
B.L	fr	KLCI
B.L	fr	KSE 100
B.L	fr	Kazakhstan
B.L	fr	Kenya
B.L	fr	Kospi
B.L	fr	Koweït
B.L	fr	Kuwait SE Weighted Index
B.L	fr	Lanxess
B.L	fr	Laos
B.L	fr	Laos Composite
B.L	fr	Lettonie
B.L	fr	Linde AG
B.L	fr	Lituanie
B.L	fr	Lufthansa
B.L	fr	LuxX
B.L	fr	Luxembourg (pays)
B.L	fr	MAN AG
B.L	fr	MBI 10
B.L	fr	MDAX
B.L	fr	MOSTE
B.L	fr	MSE Top 20
B.L	fr	MSM-30
B.L	fr	Macédoine (pays)
B.L	fr	Malaisie
B.L	fr	Malte
B.L	fr	Maroc
B.L	fr	Maurice (pays)
B.L	fr	Merck KGaA
B.L	fr	Merval (indice boursier)
B.L	fr	Metro AG
B.L	fr	Mexique
B.L	fr	Moldavie
B.L	fr	Mongolie
B.L	fr	Montenegro
B.L	fr	Moroccan All Shares Index
B.L	fr	Munich Re
B.L	fr	NASDAQ
B.L	fr	NASDAQ OMX Vilnius
B.L	fr	NSE All Share
B.L	fr	NZSX50
B.L	fr	Namibie
B.L	fr	Nigeria
B.L	fr	Nigeria Stock Exchange All Share
B.L	fr	Nikkei 225
B.L	fr	Norvège
B.L	fr	Nouvelle-Zélande
B.L	fr	OBX
B.L	fr	OMX Copenhagen 20
B.L	fr	OMX Helsinki
B.L	fr	OMX Islande All Share
B.L	fr	OMX Riga
B.L	fr	OMX Stockholm 30
B.L	fr	OMX Tallinn
B.L	fr	Océanie
B.L	fr	Oman
B.L	fr	PSI 20
B.L	fr	PX (indice)
B.L	fr	Pakistan
B.L	fr	Panama
B.L	fr	Pays-Bas
B.L	fr	Pologne
B.L	fr	Portugal
B.L	fr	Pérou
B.L	fr	Qatar
B.L	fr	RWE
B.L	fr	Roumanie
B.L	fr	Royaume-Uni
B.L	fr	Russie
B.L	fr	République de Chine (Taïwan)
B.L	fr	République populaire de Chine
B.L	fr	République tchèque
B.L	fr	S&P/ASX 50
B.L	fr	S&P/MIB
B.L	fr	S&P/TSX
B.L	fr	S&P CNX Nifty
B.L	fr	SAP (entreprise)
B.L	fr	SAP AG
B.L	fr	SAX (indice)
B.L	fr	SBI TOP
B.L	fr	SDAX
B.L	fr	SEMDEX
B.L	fr	SET50 Index
B.L	fr	SOFIX
B.L	fr	SSE Composite Index
B.L	fr	Salzgitter AG
B.L	fr	Serbie
B.L	fr	Siemens (entreprise)
B.L	fr	Singapour
B.L	fr	Slovaquie
B.L	fr	Slovénie
B.L	fr	Sri Lanka
B.L	fr	Sri Lanka Colombo All Share
B.L	fr	Straits Times Index
B.L	fr	Suisse
B.L	fr	Suède
B.L	fr	Swiss Market Index
B.L	fr	TA-25
B.L	fr	Tadawul
B.L	fr	Taiwan Capitalization Weighted Stock Index
B.L	fr	Tanzania All Share
B.L	fr	Tanzanie
B.L	fr	TecDAX
B.L	fr	Tepix
B.L	fr	Thaïlande
B.L	fr	ThyssenKrupp
B.L	fr	Trinidad and Tobago Composite
B.L	fr	Trinité-et-Tobago
B.L	fr	Tunindex
B.L	fr	Tunisie
B.L	fr	Turquie
B.L	fr	Ukraine
B.L	fr	Venezuela
B.L	fr	Viêt Nam
B.L	fr	Volkswagen (entreprise)
B.L	fr	Volkswagen Group
B.L	fr	WIG 20
B.L	fr	Zimbabwe
B.L	fr	Égypte
B.L	fr	Émirats arabes unis
B.L	fr	État de Palestine
B.L	fr	États-Unis
B.L	fr	Índice General de la Bolsa de Valores de Lima
B.L	fr	Índice de Precios y Cotizaciones
B.L	fr	ÖkoDAX
B.L	fr	Modèle:Palette DAX
B.L	fr	Modèle:Palette Indices boursiers
B.L	fr	Discussion modèle:Palette DAX
B.L	fr	Discussion modèle:Palette Indices boursiers
B.L	fr	Catégorie:Portail:Allemagne/Articles liés
B.L	fr	Catégorie:Portail:Finance/Articles liés
B.L	fr	Portail:Allemagne
B.L	fr	Portail:Finance
B.L	en	Adidas
B.L	en	Allianz
B.L	en	Altana
B.L	en	Aventis
B.L	en	BASF
B.L	en	BMW
B.L	en	BMW Z4
B.L	en	Bayer
B.L	en	Bayer AG
B.L	en	Beiersdorf
B.L	en	Beiersdorf AG
B.L	en	Blue chip (stock market)
B.L	en	CDAX
B.L	en	Chrysler
B.L	en	Commerzbank
B.L	en	Continental AG
B.L	en	Daimler AG
B.L	en	Dax (disambiguation)
B.L	en	Deutsche Bank
B.L	en	Deutsche Börse
B.L	en	Deutsche Post
B.L	en	Deutsche Postbank
B.L	en	Deutsche Telekom
B.L	en	E.ON
B.L	en	Epcos
B.L	en	Eurex
B.L	en	Euro
B.L	en	Financial crisis of 2007–2010
B.L	en	Floor trading
B.L	en	Frankfurt
B.L	en	Frankfurt Stock Exchange
B.L	en	Fresenius (company)
B.L	en	Fresenius Medical Care
B.L	en	Fresenius SE
B.L	en	Friedrich Krupp AG
B.L	en	Germany
B.L	en	HDAX
B.L	en	Hannover Re
B.L	en	HeidelbergCement
B.L	en	Henkel
B.L	en	HypoVereinsbank
B.L	en	Hypo Real Estate
B.L	en	Hüls AG
B.L	en	Infineon
B.L	en	Infineon Technologies
B.L	en	JC Flowers
B.L	en	K+S
B.L	en	Lanxess
B.L	en	Lufthansa
B.L	en	MDAX
B.L	en	MLP AG
B.L	en	Market capitalization
B.L	en	Market value-weighted index
B.L	en	Merck KGaA
B.L	en	Metallgesellschaft
B.L	en	Metro AG
B.L	en	Munich Re
B.L	en	Münchener Rück
B.L	en	Niederaussem Power Station
B.L	en	Nycomed
B.L	en	Preussag
B.L	en	Prime Standard
B.L	en	RWE
B.L	en	Real (hypermarket)
B.L	en	Rhône-Poulenc
B.L	en	SAP AG
B.L	en	SDAX
B.L	en	Salzgitter AG
B.L	en	Schaeffler Group
B.L	en	Siemens
B.L	en	Siemens-Nixdorf
B.L	en	Stock exchange
B.L	en	Stock market index
B.L	en	Stora Enso
B.L	en	Switzerland
B.L	en	TUI
B.L	en	TecDAX
B.L	en	The Linde Group
B.L	en	ThyssenKrupp
B.L	en	UniCredit
B.L	en	Vodafone
B.L	en	Volkswagen Group
B.L	en	Würzburg
B.L	en	Xetra (trading system)
B.L	en	Zurich
B.L	en	ÖkoDAX
B.L	en	Wikipedia:Link rot
B.L	en	Template:DAX companies
B.L	en	Template talk:DAX companies
B.L	en	Category:Articles with dead external links from September 2010
B.L	en	Category:Articles with links needing disambiguation from March 2012
B.L	es	18 de junio
B.L	es	1987
B.L	es	1999
B.L	es	31 de diciembre
B.L	es	Adidas
B.L	es	Allianz
B.L	es	Allianz SE
B.L	es	Altana
B.L	es	Asistencia sanitaria
B.L	es	BASF
B.L	es	BMW
B.L	es	Babcock Borsig
B.L	es	Bayer
B.L	es	Bayer AG
B.L	es	Bayerische Hypotheken- und Wechselbank
B.L	es	Bayerische Vereinsbank
B.L	es	Beiersdorf
B.L	es	Bienes de consumo
B.L	es	Bolsa de Fráncfort
B.L	es	Capitalización
B.L	es	Capitalización bursátil
B.L	es	Commerzbank
B.L	es	Continental AG
B.L	es	Daimler-Chrysler
B.L	es	Degussa
B.L	es	Der Spiegel
B.L	es	Deutsche Bank
B.L	es	Deutsche Börse
B.L	es	Deutsche Lufthansa
B.L	es	Deutsche Post
B.L	es	Deutsche Postbank
B.L	es	Deutsche Telekom
B.L	es	Distribución (negocios)
B.L	es	Dresdner Bank
B.L	es	E.ON
B.L	es	Epcos
B.L	es	Feldmühle Nobel
B.L	es	Fresenius
B.L	es	Fresenius Medical Care
B.L	es	Fusiones y Adquisiciones
B.L	es	Futuro sobre el Dax
B.L	es	Gas industrial
B.L	es	Hannover Rück
B.L	es	HeidelbergCement
B.L	es	Henkel (empresa)
B.L	es	Hoechst AG
B.L	es	HypoVereinsbank
B.L	es	Hypo Real Estate
B.L	es	Hüls AG
B.L	es	Industria siderúrgica
B.L	es	Infineon
B.L	es	K+S
B.L	es	Karstadt
B.L	es	Kaufhof
B.L	es	Lanxess
B.L	es	Linde AG
B.L	es	Lufthansa
B.L	es	MAN
B.L	es	MAN AG
B.L	es	MLP AG
B.L	es	Mannesmann
B.L	es	Materiales de construcción
B.L	es	Merck KGaA
B.L	es	Metallgesellschaft
B.L	es	Metro AG
B.L	es	Münchener Rück
B.L	es	Nixdorf Computer AG
B.L	es	Preussag AG
B.L	es	RWE
B.L	es	SAP AG
B.L	es	Salzgitter AG
B.L	es	Schering
B.L	es	Semiconductor
B.L	es	Servicio público
B.L	es	Siemens AG
B.L	es	Statistisches Bundesamt
B.L	es	Stora Enso
B.L	es	TUI AG
B.L	es	ThyssenKrupp
B.L	es	Universidad Humboldt de Berlín
B.L	es	Universidad de Economía de Viena
B.L	es	Veba
B.L	es	Viag
B.L	es	Vodafone
B.L	es	Volkswagen AG
B.L	es	Volkswagen Group
B.L	es	XETRA
B.L	es	Xetra
B.L	es	Índice bursátil
B.L	ca	Alemanya
B.L	ca	Capitalització
B.L	ca	Dacs
B.L	ca	Deutsche Börse AG
B.L	ca	Mitjana aritmètica
B.L	ca	Viquipèdia:Citau les fonts
B.L	ca	Viquipèdia:Esborrany
B.L	ca	Categoria:Economia
B.L	da	1987
B.L	da	2006
B.L	da	30. december
B.L	da	Adidas
B.L	da	Aktie
B.L	da	Aktieindeks
B.L	da	Allianz
B.L	da	BASF
B.L	da	BMW
B.L	da	Bayer
B.L	da	Beiersdorf AG
B.L	da	C20-indekset
B.L	da	Commerzbank
B.L	da	Continental AG
B.L	da	Daimler AG
B.L	da	Deutsche Bank
B.L	da	Deutsche Börse
B.L	da	Deutsche Post
B.L	da	Deutsche Telekom
B.L	da	E.ON
B.L	da	Frankfurter Wertpapierbörse
B.L	da	Fresenius Medical Care
B.L	da	Fresenius SE
B.L	da	HeidelbergCement
B.L	da	Henkel
B.L	da	Infineon Technologies
B.L	da	K+S
B.L	da	Kurs
B.L	da	Lanxess
B.L	da	Linde AG
B.L	da	Lufthansa
B.L	da	Merck KGaA
B.L	da	Munich Re
B.L	da	RWE
B.L	da	SAP AG
B.L	da	Siemens AG
B.L	da	ThyssenKrupp
B.L	da	Tyskland
B.L	da	Volkswagen Aktiengesellschaft
B.L	cy	Arianneg
B.L	cy	Cyfalafiaeth
B.L	cy	Economeg
B.L	cy	Frankfurt Bourse
B.L	cy	Marchnad stoc
B.L	cy	Yr Almaen
B.L	cy	Wicipedia:Eginyn
B.L	az	1988
B.L	az	Adidas
B.L	az	Allianz
B.L	az	Alman dili
B.L	az	Almaniya
B.L	az	BASF
B.L	az	BMW
B.L	az	Bayer
B.L	az	Beiersdorf
B.L	az	Commerzbank
B.L	az	Daimler AG
B.L	az	Deutsche Bank
B.L	az	Deutsche Börse
B.L	az	Deutsche Post
B.L	az	Deutsche Telekom
B.L	az	E.ON
B.L	az	Fond indeksi
B.L	az	Frankfurt
B.L	az	Fresenius Medical Care
B.L	az	Fresenius SE
B.L	az	Hannover Re
B.L	az	Henkel
B.L	az	Infineon Technologies
B.L	az	K+S
B.L	az	Lufthansa
B.L	az	MAN AG
B.L	az	MAN SE
B.L	az	Maşınqayırma
B.L	az	Merck KGaA
B.L	az	Metallurgiya
B.L	az	Metro AG
B.L	az	Munich Re
B.L	az	Mənzil-kommunal təsərrüfatı
B.L	az	Prime Standart
B.L	az	RWE
B.L	az	SAP AG
B.L	az	Salzgitter
B.L	az	Salzgitter AG
B.L	az	Siemens
B.L	az	Siemens AG
B.L	az	Siğorta
B.L	az	Səhiyyə
B.L	az	The Linde Group
B.L	az	ThyssenKrupp
B.L	az	Veb-sayt
B.L	az	Volkswagen
B.L	az	Volkswagen Group
B.L	az	Əczaçılıq
B.L	az	Şablon:DAX
B.L	az	Şablon müzakirəsi:DAX
B.L	ar	30
B.L	ar	BMW
B.L	ar	ألمانيا
B.L	ar	اديداس
B.L	ar	اقتصاد
B.L	ar	بورصة
B.L	ar	شركة
B.L	ar	فرانكفورت
B.L	ar	لغة ألمانية
B.L	ar	ويكيبيديا:بذرة
B.L	af	Adidas
B.L	af	Allianz
B.L	af	Altana
B.L	af	BASF
B.L	af	BMW
B.L	af	Bayer
B.L	af	Commerzbank
B.L	af	Continental
B.L	af	Daimler Chrysler
B.L	af	Deutsche Bank
B.L	af	Deutsche Börse
B.L	af	Deutsche Post
B.L	af	Deutsche Telekom
B.L	af	Duitsland
B.L	af	E.ON
B.L	af	Frankfurt am Main
B.L	af	Fresenius Medical Care
B.L	af	Henkel
B.L	af	Hypo Real Estate
B.L	af	Infineon
B.L	af	Linde
B.L	af	Lufthansa
B.L	af	MAN
B.L	af	Metro Group
B.L	af	Münchener Rück
B.L	af	RWE
B.L	af	SAP (maatskappy)
B.L	af	Siemens
B.L	af	TUI
B.L	af	ThyssenKrupp
B.L	af	Volkswagen
B.L	no	Adidas
B.L	no	Aksjeindeks
B.L	no	Allianz
B.L	no	BASF
B.L	no	BMW
B.L	no	BMW Z4
B.L	no	Bayer
B.L	no	Beiersdorf
B.L	no	Blue Chip
B.L	no	Commerzbank
B.L	no	Continental AG
B.L	no	Daimler AG
B.L	no	Deutsche Bank
B.L	no	Deutsche Börse
B.L	no	Deutsche Post
B.L	no	Deutsche Telekom
B.L	no	E.ON
B.L	no	Frankfurt-børsen
B.L	no	Fresenius Medical Care
B.L	no	Fresenius SE
B.L	no	HeidelbergCement
B.L	no	Henkel
B.L	no	Infineon Technologies
B.L	no	K+S
B.L	no	Lanxess
B.L	no	Lufthansa
B.L	no	Merck KGaA
B.L	no	Munich Re
B.L	no	RWE
B.L	no	SAP AG
B.L	no	Siemens
B.L	no	The Linde Group
B.L	no	ThyssenKrupp
B.L	no	Volkswagen Group
B.L	pl	16 lipca
B.L	pl	1959
B.L	pl	1988
B.L	pl	1 lipca
B.L	pl	2007
B.L	pl	AEX
B.L	pl	Adidas
B.L	pl	Allianz
B.L	pl	Austrian Traded Index
B.L	pl	BASF
B.L	pl	BET-10
B.L	pl	BMW
B.L	pl	BUX
B.L	pl	Bayer AG
B.L	pl	Beiersdorf AG
B.L	pl	Bel 20
B.L	pl	Bovespa
B.L	pl	CAC 40
B.L	pl	Commerzbank
B.L	pl	Daimler AG
B.L	pl	Deutsche Bank
B.L	pl	Deutsche Börse
B.L	pl	Deutsche Post
B.L	pl	Deutsche Postbank
B.L	pl	Deutsche Telekom
B.L	pl	Dow Jones Industrial Average
B.L	pl	Dywidenda
B.L	pl	E.ON
B.L	pl	FTSE 100
B.L	pl	Frankfurt nad Menem
B.L	pl	Frankfurter Wertpapierbörse
B.L	pl	Fresenius
B.L	pl	Fresenius Medical Care
B.L	pl	Hang Seng Index
B.L	pl	Henkel
B.L	pl	IBEX 35
B.L	pl	IGBM
B.L	pl	IHSG
B.L	pl	IPSA
B.L	pl	Indeks giełdowy
B.L	pl	Indice de Precios y Cotizaciones
B.L	pl	Infineon
B.L	pl	Język angielski
B.L	pl	Język niemiecki
B.L	pl	K+S
B.L	pl	KAC 20
B.L	pl	KLCI
B.L	pl	KOSPI
B.L	pl	KSE 100
B.L	pl	Kapitalizacja
B.L	pl	Kapitał (ekonomia)
B.L	pl	Linde AG
B.L	pl	Lufthansa
B.L	pl	MAN SE
B.L	pl	MIB 30
B.L	pl	Merck
B.L	pl	Merck KGaA
B.L	pl	Merval (giełda)
B.L	pl	Metro Group
B.L	pl	Munich Re
B.L	pl	NASDAQ
B.L	pl	NZSX 50
B.L	pl	Niemcy
B.L	pl	Nikkei 225
B.L	pl	OMXC20
B.L	pl	OMXH25
B.L	pl	OMXR
B.L	pl	OMXS 30
B.L	pl	OMXT
B.L	pl	OMXV
B.L	pl	OSE
B.L	pl	PSI 20
B.L	pl	PX 50
B.L	pl	RTS (giełda)
B.L	pl	RWE (koncern)
B.L	pl	S&P 500
B.L	pl	SAP AG
B.L	pl	SSE Composite
B.L	pl	Salzgitter AG
B.L	pl	Siemens AG
B.L	pl	Spółka akcyjna
B.L	pl	Straits Times Index
B.L	pl	Swiss Market Index
B.L	pl	TAIEX (giełda)
B.L	pl	TASE 100
B.L	pl	TSE (giełda)
B.L	pl	TSE 300
B.L	pl	TSX
B.L	pl	Tadawul
B.L	pl	ThyssenKrupp
B.L	pl	Volkswagen
B.L	pl	Volkswagen AG
B.L	pl	WIG20
B.L	pl	XETRA
B.L	pl	Xetra DAX
B.L	pl	Szablon:DAX
B.L	pl	Szablon:Światowe indeksy giełdowe
B.L	pl	Dyskusja szablonu:DAX
B.L	pl	Dyskusja szablonu:Światowe indeksy giełdowe
B.L	lt	Adidas
B.L	lt	Akcijų indeksas
B.L	lt	Allianz
B.L	lt	BASF
B.L	lt	BMW
B.L	lt	Bayer
B.L	lt	Beiersdorf
B.L	lt	Bovespa Indeksas
B.L	lt	CAC 40
B.L	lt	Commerzbank
B.L	lt	DJIA
B.L	lt	Daimler AG
B.L	lt	Deutsche Bank
B.L	lt	Deutsche Börse
B.L	lt	Deutsche Post
B.L	lt	Deutsche Telekom
B.L	lt	E.ON
B.L	lt	Euro Stoxx 50
B.L	lt	FTSE 100
B.L	lt	Fresenius (company)
B.L	lt	Fresenius Medical Care
B.L	lt	Hang Seng
B.L	lt	HeidelbergCement
B.L	lt	Henkel
B.L	lt	Infineon Technologies
B.L	lt	K+S
B.L	lt	Lufthansa
B.L	lt	MAN SE
B.L	lt	Merck KGaA
B.L	lt	Metro AG
B.L	lt	Munich Re
B.L	lt	NASDAQ (indeksas)
B.L	lt	Nikkei 225
B.L	lt	OMX Baltic
B.L	lt	OMX Riga
B.L	lt	OMX Tallinn
B.L	lt	OMX Vilnius
B.L	lt	RTS indeksas
B.L	lt	RWE
B.L	lt	S&P 500
B.L	lt	SAP AG
B.L	lt	SENSEX indeksas
B.L	lt	Shanghai Composite indeksas
B.L	lt	Siemens
B.L	lt	Swiss Market Index
B.L	lt	TOPIX
B.L	lt	The Linde Group
B.L	lt	ThyssenKrupp
B.L	lt	Vokietija
B.L	lt	Vokietijos bendrovių sąrašas
B.L	lt	Volkswagen Group
B.L	lt	Šablonas:DAX companies
B.L	lt	Šablono aptarimas:DAX companies
B.L	nl	1988
B.L	nl	1 juli
B.L	nl	AEX
B.L	nl	ATX Index
B.L	nl	Aandelenindex
B.L	nl	Adidas
B.L	nl	Allianz
B.L	nl	Allianz AG
B.L	nl	Allianz SE
B.L	nl	BASF (chemieconcern)
B.L	nl	BEL 20
B.L	nl	BET 10
B.L	nl	BIRS
B.L	nl	BMW
B.L	nl	BUX
B.L	nl	Bayer
B.L	nl	Beiersdorf AG
B.L	nl	CAC 40
B.L	nl	CROBEX
B.L	nl	Commerzbank
B.L	nl	Continental AG
B.L	nl	Daimler (Duitsland)
B.L	nl	Daimler AG
B.L	nl	Deutsche Bank
B.L	nl	Deutsche Börse
B.L	nl	Deutsche Post
B.L	nl	Deutsche Telekom
B.L	nl	Dividend
B.L	nl	Duitsland
B.L	nl	E.ON
B.L	nl	E.On
B.L	nl	Europese Vennootschap
B.L	nl	FTSE 100
B.L	nl	Frankfurt am Main
B.L	nl	Frankfurter Wertpapierbörse
B.L	nl	Free float
B.L	nl	Fresenius
B.L	nl	Fresenius Medical Care
B.L	nl	Handelsvolume
B.L	nl	HeidelbergCement
B.L	nl	Henkel KGaA
B.L	nl	IBEX-35
B.L	nl	ISEQ Index
B.L	nl	ISIN
B.L	nl	Infineon
B.L	nl	K+S
B.L	nl	Lanxess
B.L	nl	Linde AG
B.L	nl	Lufthansa
B.L	nl	LuxX Index
B.L	nl	MAN SE
B.L	nl	MDAX
B.L	nl	METRO Group
B.L	nl	Marktkapitalisatie
B.L	nl	Marktwaarde gewogen
B.L	nl	Merck KGaA
B.L	nl	Münchener Rück
B.L	nl	OBX
B.L	nl	OMX Copenhagen 20
B.L	nl	OMX Helsinki 25
B.L	nl	OMX Iceland 15
B.L	nl	OMX Stockholm 30
B.L	nl	PSI-20
B.L	nl	PX Index
B.L	nl	Parkethandel
B.L	nl	RWE (energie)
B.L	nl	S&P/MIB
B.L	nl	SAP (bedrijf)
B.L	nl	SAP AG
B.L	nl	SAX (index)
B.L	nl	Salzgitter AG
B.L	nl	Siemens AG
B.L	nl	Swiss Market Index
B.L	nl	TecDAX
B.L	nl	ThyssenKrupp
B.L	nl	ThyssenKrupp AG
B.L	nl	VDAX
B.L	nl	Volatiliteit
B.L	nl	Volkswagen AG
B.L	nl	Volkswagen Group
B.L	nl	WIG 20
B.L	nl	ÖkoDAX
B.L	ko	12월 30일
B.L	ko	1987년
B.L	ko	1988년
B.L	ko	7월 1일
B.L	ko	BASF
B.L	ko	BMW
B.L	ko	E.ON
B.L	ko	K+S
B.L	ko	MAN SE
B.L	ko	RWE
B.L	ko	SAP AG
B.L	ko	다임러 AG
B.L	ko	도이체 방크
B.L	ko	도이체 뵈르제
B.L	ko	도이체 텔레콤
B.L	ko	도이체 포스트
B.L	ko	독일증권거래소
B.L	ko	루프트한자
B.L	ko	린데
B.L	ko	린데 AG
B.L	ko	메르크
B.L	ko	메트로 AG
B.L	ko	뮤닉 리
B.L	ko	바이어스도르프
B.L	ko	바이엘 (기업)
B.L	ko	시가총액
B.L	ko	아디다스
B.L	ko	알리안츠
B.L	ko	인피니온 테크놀로지스
B.L	ko	주가 지수
B.L	ko	지멘스 AG
B.L	ko	코메르츠방크
B.L	ko	티센크루프
B.L	ko	폭스바겐 AG
B.L	ko	프랑크푸르트 증권거래소
B.L	ko	프레제니우스
B.L	ko	프레제니우스 (기업)
B.L	ko	프레제니우스 메디컬 케어
B.L	ko	하이델베르그시멘트
B.L	ko	하이델베르크 시멘트
B.L	ko	헨켈
B.L	ko	틀:DAX
B.L	ko	틀토론:DAX
B.L	la	Societas anonyma
B.L	la	Sors pecuniaria
B.L	hr	1987.
B.L	hr	1997.
B.L	hr	2006.
B.L	hr	2008.
B.L	hr	2011.
B.L	hr	30. prosinca
B.L	hr	Adidas
B.L	hr	Allianz
B.L	hr	BASF
B.L	hr	BMW
B.L	hr	Bayer
B.L	hr	Beiersdorf
B.L	hr	Blue chip dionice
B.L	hr	Burzovni indeks
B.L	hr	Commerzbank
B.L	hr	Daimler AG
B.L	hr	Deutsche Bank
B.L	hr	Deutsche Börse
B.L	hr	Deutsche Post
B.L	hr	Deutsche Telekom
B.L	hr	Dionica
B.L	hr	E.ON
B.L	hr	Euro
B.L	hr	Frankfurtska burza vrijednosnih papira
B.L	hr	Fresenius
B.L	hr	Fresenius Medical Care
B.L	hr	Hedelberg Cement
B.L	hr	Henkel
B.L	hr	Hrvatski jezik
B.L	hr	Infineon Technologies
B.L	hr	K + S
B.L	hr	Linde
B.L	hr	Lufthansa
B.L	hr	MAN SE
B.L	hr	MDAX
B.L	hr	Merck
B.L	hr	Metro AG
B.L	hr	Milijarda
B.L	hr	Munich Re
B.L	hr	Njemačka
B.L	hr	Njemački jezik
B.L	hr	Podatak
B.L	hr	Povijest
B.L	hr	RWE
B.L	hr	SAP AG
B.L	hr	Sekunda
B.L	hr	Siemens
B.L	hr	Studeni
B.L	hr	TecDAX
B.L	hr	ThyssenKrupp
B.L	hr	Tržište
B.L	hr	Volkswagen
B.L	hr	Xetra
B.L	hr	ÖkoDAX
B.L	hu	Adidas
B.L	hu	Allianz
B.L	hu	Altana
B.L	hu	BASF
B.L	hu	BMW
B.L	hu	Bayer
B.L	hu	Commerzbank
B.L	hu	Continental
B.L	hu	Daimler Chrysler
B.L	hu	Deutsche Bank
B.L	hu	Deutsche Börse
B.L	hu	Deutsche Post
B.L	hu	Deutsche Telekom
B.L	hu	E.ON
B.L	hu	Fresenius Medical Care
B.L	hu	Gazdasági rendszer
B.L	hu	Henkel
B.L	hu	Hypo Real Estate
B.L	hu	Infineon
B.L	hu	Linde
B.L	hu	Lufthansa
B.L	hu	MAN
B.L	hu	Metro Group
B.L	hu	Münchener Rück
B.L	hu	Németország
B.L	hu	RWE
B.L	hu	SAP AG
B.L	hu	Siemens (cég)
B.L	hu	TUI
B.L	hu	ThyssenKrupp
B.L	hu	Tőzsde
B.L	hu	Volkswagen
B.L	hu	Wikipédia:Csonk
B.L	id	Bursa Saham Frankfurt
B.L	id	Dow Jones
B.L	id	Indeks pasar saham
B.L	id	Indeks saham
B.L	is	1. júlí
B.L	is	1988
B.L	is	2010
B.L	is	6. október
B.L	is	Adidas
B.L	is	Allianz
B.L	is	BASF
B.L	is	BMW
B.L	is	Bayer
B.L	is	Beiersdorf
B.L	is	Commerzbank
B.L	is	Daimler
B.L	is	Deutsche Bank
B.L	is	Deutsche Börse
B.L	is	Deutsche Lufthansa
B.L	is	Deutsche Post
B.L	is	Deutsche Postbank
B.L	is	Deutsche Telekom
B.L	is	E.ON
B.L	is	Fresenius
B.L	is	Fresenius Medical Care
B.L	is	Fyrirtæki
B.L	is	HeidelbergCement
B.L	is	Henkel
B.L	is	Hlutabréfavísitala
B.L	is	Infineon
B.L	is	Infineon Technologies
B.L	is	K+S
B.L	is	Kauphöllin í Frankfurt
B.L	is	Linde
B.L	is	MAN
B.L	is	METRO
B.L	is	Merck (þýskt fyrirtæki)
B.L	is	Metro
B.L	is	Munich RE
B.L	is	Munich Re
B.L	is	RWE
B.L	is	SAP
B.L	is	Salzgitter
B.L	is	Siemens
B.L	is	ThyssenKrupp
B.L	is	Volkswagen
B.L	is	Þýskaland
B.L	is	Snið:DAX
B.L	is	Sniðaspjall:DAX
B.L	it	2009
B.L	it	23 marzo
B.L	it	Adidas
B.L	it	Allianz
B.L	it	BASF
B.L	it	BMW
B.L	it	Bayer
B.L	it	Beiersdorf (azienda)
B.L	it	Beiersdorf AG
B.L	it	Blue chip
B.L	it	Borsa di Francoforte
B.L	it	Borsa valori
B.L	it	Capitalizzazione azionaria
B.L	it	Commerzbank
B.L	it	Daimler-Chrysler
B.L	it	Daimler (azienda)
B.L	it	Deutsche Bank
B.L	it	Deutsche Börse
B.L	it	Deutsche Post
B.L	it	Deutsche Telekom
B.L	it	E.ON
B.L	it	Fresenius
B.L	it	Fresenius Medical Care
B.L	it	Gruppo Volkswagen
B.L	it	Hannover Rück
B.L	it	Heidelberg Cement
B.L	it	Henkel
B.L	it	Indice azionario
B.L	it	Infineon Technologies
B.L	it	K+S
B.L	it	Linde AG
B.L	it	Lufthansa
B.L	it	MAN AG
B.L	it	MAN SE
B.L	it	Merck KGaA
B.L	it	Metro (azienda)
B.L	it	Metro AG
B.L	it	Munich Re
B.L	it	RWE
B.L	it	RWE (azienda)
B.L	it	SAP (azienda)
B.L	it	SAP AG
B.L	it	Salzgitter AG
B.L	it	Siemens (azienda)
B.L	it	Siemens AG
B.L	it	ThyssenKrupp
B.L	it	Volkswagen
B.L	it	File:Stub Germania.png
B.L	it	File:Stub borsa valori.png
B.L	it	Template:Aziende DAX 30
B.L	it	Template:En
B.L	it	Discussioni template:Aziende DAX 30
B.L	it	Aiuto:Abbozzo
B.L	it	Aiuto:Manuale di stile
B.L	it	Categoria:Stub - Germania
B.L	it	Categoria:Stub - borsa valori
B.L	it	Categoria:Stub - germania
B.L	it	Portale:Economia
B.L	it	Portale:Economia/icona
B.L	it	Progetto:Borsa valori
B.L	it	Progetto:Germania
B.L	ja	AEX指数
B.L	ja	BASF
B.L	ja	BEL20
B.L	ja	BM&F Bovespa
B.L	ja	BMW
B.L	ja	BSE Sensex
B.L	ja	CAC 40
B.L	ja	CEE証券取引所グループ
B.L	ja	E.ON
B.L	ja	EDINET
B.L	ja	FTSE100種総合株価指数
B.L	ja	FTSE MIB指数
B.L	ja	IBEX 35
B.L	ja	IBOVESPA
B.L	ja	ISEQ 20指数
B.L	ja	J-Stock銘柄
B.L	ja	JSE
B.L	ja	K+S
B.L	ja	MIBTEL指数
B.L	ja	NASDAQ
B.L	ja	NEO (証券市場)
B.L	ja	OBX指数
B.L	ja	OMX
B.L	ja	OTCブリティンボード
B.L	ja	Q-Board
B.L	ja	RWE
B.L	ja	S&P 500
B.L	ja	SAP (企業)
B.L	ja	SET指数
B.L	ja	Stock Voice
B.L	ja	TDnet
B.L	ja	TOKYO PRO Market
B.L	ja	TXN
B.L	ja	ほふりクリアリング
B.L	ja	アイルランド証券取引所
B.L	ja	アディダス
B.L	ja	アフマダーバード証券取引所
B.L	ja	アメリカン証券取引所
B.L	ja	アリアンツ
B.L	ja	アンビシャス
B.L	ja	イスタンブール証券取引所
B.L	ja	イタリア証券取引所
B.L	ja	インド国立証券取引所
B.L	ja	インフィニオン・テクノロジーズ
B.L	ja	インベスター・リレーションズ
B.L	ja	ウォール・ストリート・ジャーナル
B.L	ja	ウォール街
B.L	ja	オスロ証券取引所
B.L	ja	オーストラリア証券取引所
B.L	ja	クセトラ
B.L	ja	グリーンシート
B.L	ja	コメルツ銀行
B.L	ja	コンチネンタル (自動車部品製造業)
B.L	ja	シティ・オブ・ロンドン
B.L	ja	シンガポール証券取引所
B.L	ja	シーメンス
B.L	ja	ジャスダック
B.L	ja	ジャスダックインデックス
B.L	ja	スイス証券取引所
B.L	ja	ストレーツ・タイムス指数
B.L	ja	セントレックス
B.L	ja	タイ証券取引所
B.L	ja	ダイムラー (自動車メーカー)
B.L	ja	ダウ平均株価
B.L	ja	ティッカーシンボル
B.L	ja	ティッセンクルップ
B.L	ja	テクニカル上場
B.L	ja	テレビ東京
B.L	ja	トムソン・ロイター
B.L	ja	トロント証券取引所
B.L	ja	ドイツ
B.L	ja	ドイツテレコム
B.L	ja	ドイツポスト
B.L	ja	ドイツ・ポストバンク
B.L	ja	ドイツ証券取引所
B.L	ja	ドイツ銀行
B.L	ja	ドバイ金融市場
B.L	ja	ナスダック総合指数
B.L	ja	ニュージーランド証券取引所
B.L	ja	ニューヨーク証券取引所
B.L	ja	ハイポ・リアル・エステート
B.L	ja	バイエル (企業)
B.L	ja	バルチック海運指数
B.L	ja	ヒュポ・リアル・エステート
B.L	ja	フィナンシャル・タイムズ
B.L	ja	フェニックス銘柄制度
B.L	ja	フォルクスワーゲン
B.L	ja	フォルクスワーゲングループ
B.L	ja	フジサンケイ ビジネスアイ
B.L	ja	フランクフルト証券取引所
B.L	ja	フレゼニウス
B.L	ja	ブルームバーグ (企業)
B.L	ja	ヘラクレス (有価証券市場)
B.L	ja	ヘンケル
B.L	ja	ボンベイ証券取引所
B.L	ja	マザーズ
B.L	ja	マドリード証券取引所
B.L	ja	マン (企業)
B.L	ja	ミュンヘン再保険
B.L	ja	メトロ (小売業)
B.L	ja	メルク (ドイツ)
B.L	ja	モスクワ銀行間通貨取引所
B.L	ja	ユーロネクスト
B.L	ja	リンデ
B.L	ja	ルフトハンザドイツ航空
B.L	ja	ロシア取引システム
B.L	ja	ロンドン証券取引所
B.L	ja	上場
B.L	ja	上場中止
B.L	ja	上場廃止
B.L	ja	上海総合指数
B.L	ja	上海証券取引所
B.L	ja	京王クヤ900形電車
B.L	ja	京都株式取引所
B.L	ja	京都証券取引所
B.L	ja	債券
B.L	ja	再上場
B.L	ja	加権指数
B.L	ja	北浜
B.L	ja	博多株式取引所
B.L	ja	台湾証券取引所
B.L	ja	名古屋株式取引所
B.L	ja	名古屋証券取引所
B.L	ja	四半期配当
B.L	ja	大発会・大納会
B.L	ja	大阪株式取引所
B.L	ja	大阪証券取引所
B.L	ja	広島株式取引所
B.L	ja	広島証券取引所
B.L	ja	店頭有価証券
B.L	ja	恐怖指数
B.L	ja	新潟株式取引所
B.L	ja	新潟証券取引所
B.L	ja	日本取引所グループ
B.L	ja	日本橋兜町
B.L	ja	日本経済新聞
B.L	ja	日本経済新聞社
B.L	ja	日本証券クリアリング機構
B.L	ja	日本証券取引所
B.L	ja	日経CNBC
B.L	ja	日経JAPAN1000
B.L	ja	日経ジャスダック平均株価
B.L	ja	日経ラジオ社
B.L	ja	日経平均株価
B.L	ja	時価総額加重平均型株価指数
B.L	ja	札幌証券取引所
B.L	ja	東京株式取引所
B.L	ja	東京証券取引所
B.L	ja	東証Arrows
B.L	ja	東証株価指数
B.L	ja	株価
B.L	ja	株価指数
B.L	ja	株式
B.L	ja	株式公開
B.L	ja	株式市況
B.L	ja	株式新聞
B.L	ja	横浜株式取引所
B.L	ja	深セン証券取引所
B.L	ja	神戸株式取引所
B.L	ja	神戸証券取引所
B.L	ja	福岡証券取引所
B.L	ja	証券コード
B.L	ja	証券会社
B.L	ja	証券保管振替機構
B.L	ja	証券取引委員会
B.L	ja	証券取引所
B.L	ja	証券取引所の一覧
B.L	ja	証券取引等監視委員会
B.L	ja	証券市場
B.L	ja	証券金融会社
B.L	ja	適時開示
B.L	ja	金融商品取引所
B.L	ja	金融商品取引業
B.L	ja	金融商品取引法
B.L	ja	長岡株式取引所
B.L	ja	長崎株式取引所
B.L	ja	韓国総合株価指数
B.L	ja	韓国証券取引所
B.L	ja	香港ハンセン株価指数
B.L	ja	香港証券取引所
B.L	ja	Wikipedia:リダイレクト
B.L	ja	Template:DAX
B.L	ja	Template:証券取引所
B.L	ja	Template‐ノート:DAX
B.L	ja	Template‐ノート:証券取引所
B.L	vi	Adidas
B.L	vi	Allianz
B.L	vi	Altana
B.L	vi	BASF
B.L	vi	BMW
B.L	vi	Bayer
B.L	vi	Commerzbank
B.L	vi	Continental AG
B.L	vi	Daimler AG
B.L	vi	Deutsche Bank
B.L	vi	Deutsche Börse
B.L	vi	Deutsche Lufthansa
B.L	vi	Deutsche Post
B.L	vi	Deutsche Postbank
B.L	vi	Deutsche Telekom
B.L	vi	E.ON
B.L	vi	Fresenius Medical Care
B.L	vi	Henkel
B.L	vi	Hypo Real Estate
B.L	vi	Infineon Technologies
B.L	vi	K+S
B.L	vi	Linde AG
B.L	vi	MAN AG
B.L	vi	MDAX
B.L	vi	METRO AG
B.L	vi	Merck KGaA
B.L	vi	Munich Re
B.L	vi	RWE
B.L	vi	SAP AG
B.L	vi	Siemens AG
B.L	vi	Sở giao dịch chứng khoán Frankfurt
B.L	vi	TUI AG
B.L	vi	ThyssenKrupp
B.L	vi	Volkswagen Group
B.L	simple	Adidas
B.L	simple	Allianz
B.L	simple	BASF
B.L	simple	BMW
B.L	simple	Bayer
B.L	simple	Beiersdorf
B.L	simple	Chart
B.L	simple	Commerzbank
B.L	simple	Daimler AG
B.L	simple	Deutsche Bank
B.L	simple	Deutsche Börse
B.L	simple	Deutsche Lufthansa
B.L	simple	Deutsche Post
B.L	simple	Deutsche Postbank
B.L	simple	Deutsche Telekom
B.L	simple	E.ON
B.L	simple	Frankfurt
B.L	simple	Fresenius
B.L	simple	Fresenius Medical Care
B.L	simple	German language
B.L	simple	Germany
B.L	simple	Hannover Re
B.L	simple	Henkel
B.L	simple	Infineon Technologies
B.L	simple	K+S
B.L	simple	Linde AG
B.L	simple	MAN AG
B.L	simple	METRO AG
B.L	simple	Merck KGaA
B.L	simple	Munich Re
B.L	simple	RWE
B.L	simple	SAP AG
B.L	simple	Salzgitter AG
B.L	simple	Siemens AG
B.L	simple	Stock exchange
B.L	simple	ThyssenKrupp
B.L	simple	Volkswagen Group
B.L	simple	Wikipedia:Stub
B.L	tr	1988
B.L	tr	Adidas
B.L	tr	Allianz SE
B.L	tr	Almanya
B.L	tr	BASF
B.L	tr	BMW
B.L	tr	Bayer AG
B.L	tr	Commerzbank
B.L	tr	Continental AG
B.L	tr	Daimler AG
B.L	tr	Deutsche Bank
B.L	tr	Deutsche Börse
B.L	tr	Deutsche Lufthansa
B.L	tr	Deutsche Post
B.L	tr	Deutsche Telekom
B.L	tr	E.ON
B.L	tr	Ekonomi
B.L	tr	Finans
B.L	tr	Frankfurt
B.L	tr	Frankfurt Menkul Kıymetler Borsası
B.L	tr	Fresenius Medical Care
B.L	tr	Henkel-Konzern
B.L	tr	Hypo Real Estate
B.L	tr	Infineon
B.L	tr	Linde AG
B.L	tr	MAN
B.L	tr	Merck KGaA
B.L	tr	Metro AG
B.L	tr	Münchener Rück
B.L	tr	Postbank
B.L	tr	Prime Standard
B.L	tr	RWE
B.L	tr	SAP
B.L	tr	Siemens AG
B.L	tr	TUI AG
B.L	tr	ThyssenKrupp
B.L	tr	Volkswagen
B.L	tr	Vikipedi:Madde
B.L	tr	Vikipedi:Taslak madde
B.L	sv	Adidas
B.L	sv	Aktieindex
B.L	sv	Allianz
B.L	sv	BASF
B.L	sv	BMW
B.L	sv	Bayer AG
B.L	sv	Beiersdorf AG
B.L	sv	Commerzbank
B.L	sv	Daimler AG
B.L	sv	Deutsche Bank
B.L	sv	Deutsche Börse
B.L	sv	Deutsche Post
B.L	sv	Deutsche Telekom
B.L	sv	E.ON
B.L	sv	Finans
B.L	sv	Frankfurt am Main
B.L	sv	Fresenius
B.L	sv	Fresenius Medical Care
B.L	sv	Hannover Re
B.L	sv	Henkel
B.L	sv	Infineon
B.L	sv	K+S
B.L	sv	Linde AG
B.L	sv	Lufthansa
B.L	sv	MAN AG
B.L	sv	Merck KGaA
B.L	sv	Metro AG
B.L	sv	Munich Re
B.L	sv	RWE
B.L	sv	SAP AG
B.L	sv	Salzgitter AG
B.L	sv	Siemens AG
B.L	sv	ThyssenKrupp
B.L	sv	Tyskland
B.L	sv	Volkswagen AG
B.L	sv	Wikipedia:Stubbar
B.L	sv	Mall:DAX
B.L	sv	Malldiskussion:DAX
B.L	ru	1987 год
B.L	ru	1988 год
B.L	ru	1 июля
B.L	ru	2009
B.L	ru	23 марта
B.L	ru	30 декабря
B.L	ru	Adidas
B.L	ru	Allianz
B.L	ru	BASF
B.L	ru	BMW
B.L	ru	Bayer
B.L	ru	Beiersdorf
B.L	ru	Bertrandt
B.L	ru	Commerzbank
B.L	ru	Continental AG
B.L	ru	Daimler
B.L	ru	Daimler AG
B.L	ru	Deutsche Bank
B.L	ru	Deutsche Börse
B.L	ru	Deutsche Post AG
B.L	ru	Deutsche Telekom
B.L	ru	E.ON
B.L	ru	Fresenius
B.L	ru	Fresenius SE
B.L	ru	Hannover Re
B.L	ru	Henkel
B.L	ru	Hypo Real Estate
B.L	ru	ISIN
B.L	ru	K+S
B.L	ru	Lufthansa
B.L	ru	MAN
B.L	ru	MAN AG
B.L	ru	MDAX
B.L	ru	Merck KGaA
B.L	ru	Metro AG
B.L	ru	Munich Re
B.L	ru	RWE
B.L	ru	SAP
B.L	ru	SAP AG
B.L	ru	SDAX
B.L	ru	Salzgitter AG
B.L	ru	Siemens
B.L	ru	Siemens AG
B.L	ru	Sport Shop Sabanikh
B.L	ru	TecDAX
B.L	ru	The Linde Group
B.L	ru	ThyssenKrupp
B.L	ru	Volkswagen Group
B.L	ru	XETRA
B.L	ru	ÖkoDAX
B.L	ru	Акции в свободном обращении
B.L	ru	Акционерное общество
B.L	ru	Акция (финансы)
B.L	ru	Английский язык
B.L	ru	Веб-сайт
B.L	ru	Возобновляемая энергия
B.L	ru	Германия
B.L	ru	Дивиденд
B.L	ru	Евро
B.L	ru	Здравоохранение
B.L	ru	Капитализация
B.L	ru	Машиностроение
B.L	ru	Металлургия
B.L	ru	Немецкий язык
B.L	ru	Перестраховщик
B.L	ru	Рыночная капитализация
B.L	ru	Фармацевтика
B.L	ru	Фондовый индекс
B.L	ru	Франкфуртская фондовая биржа
B.L	ru	Центрально-европейское время
B.L	ru	Центральноевропейское время
B.L	ru	Энергетика
B.L	ro	Adidas
B.L	ro	Allianz
B.L	ro	BASF
B.L	ro	BMW
B.L	ro	Bayer
B.L	ro	Blue chip
B.L	ro	Commerzbank
B.L	ro	Continental AG
B.L	ro	DaimlerChrysler
B.L	ro	Deutsche Bank
B.L	ro	Deutsche Börse
B.L	ro	Deutsche Post
B.L	ro	Deutsche Postbank
B.L	ro	Deutsche Telekom
B.L	ro	E.ON AG
B.L	ro	Frankfurt Stock Exchange
B.L	ro	Fresenius Medical Care
B.L	ro	Henkel
B.L	ro	Hypo Real Estate
B.L	ro	Indice bursier
B.L	ro	Indicele DAX
B.L	ro	Infineon Technologies
B.L	ro	Lufthansa
B.L	ro	MAN AG
B.L	ro	METRO AG
B.L	ro	Merck KGaA
B.L	ro	Munich Re
B.L	ro	RWE
B.L	ro	SAP AG
B.L	ro	Siemens AG
B.L	ro	TUI AG
B.L	ro	The Linde Group
B.L	ro	ThyssenKrupp
B.L	ro	Volkswagen
B.L	ro	Format:DAX
B.L	ro	Discuție Format:DAX
B.L	pt	2010
B.L	pt	21 de junho
B.L	pt	Adidas
B.L	pt	Alemanha
B.L	pt	Allianz
B.L	pt	BASF
B.L	pt	BMW
B.L	pt	Bayer
B.L	pt	Beiersdorf
B.L	pt	Bolsa de Valores de Frankfurt
B.L	pt	Commerzbank
B.L	pt	Daimler AG
B.L	pt	Dax (desambiguação)
B.L	pt	Deutsche Bank
B.L	pt	Deutsche Börse
B.L	pt	Deutsche Post
B.L	pt	Deutsche Telekom
B.L	pt	E.ON
B.L	pt	Fresenius
B.L	pt	Fresenius Medical Care
B.L	pt	HeidelbergCement
B.L	pt	Henkel
B.L	pt	Infineon Technologies
B.L	pt	K+S
B.L	pt	Linde AG
B.L	pt	Lufthansa
B.L	pt	Língua alemã
B.L	pt	MAN AG
B.L	pt	METRO AG
B.L	pt	Merck KGaA
B.L	pt	Munich Re
B.L	pt	RWE
B.L	pt	SAP AG
B.L	pt	Salzgitter AG
B.L	pt	Siemens AG
B.L	pt	ThyssenKrupp
B.L	pt	Volkswagen
B.L	pt	Xetra
B.L	zh	1959年
B.L	zh	1987年
B.L	zh	1988年
B.L	zh	2004年
B.L	zh	3月7日
B.L	zh	7月1日
B.L	zh	BMW
B.L	zh	DAX指数
B.L	zh	E.ON
B.L	zh	K+S
B.L	zh	Lanxess
B.L	zh	RWE
B.L	zh	SAP公司
B.L	zh	Xetra交易系统
B.L	zh	伦敦金融时报100指数
B.L	zh	大众汽车
B.L	zh	大众集团
B.L	zh	大陆集团
B.L	zh	奥格斯堡-纽伦堡机械制造厂
B.L	zh	安联
B.L	zh	宝马
B.L	zh	巴斯夫
B.L	zh	德国
B.L	zh	德国公司列表
B.L	zh	德国商业银行
B.L	zh	德国电信
B.L	zh	德国邮政
B.L	zh	德國證券交易所
B.L	zh	德意志银行
B.L	zh	愛迪達
B.L	zh	慕尼黑再保险
B.L	zh	戴姆勒
B.L	zh	戴姆勒股份有限公司
B.L	zh	拜尔斯道夫
B.L	zh	拜耳
B.L	zh	林德
B.L	zh	林德集团
B.L	zh	汉莎航空
B.L	zh	汉高
B.L	zh	汉高公司
B.L	zh	法兰克福
B.L	zh	法兰克福汇报指数
B.L	zh	海德堡水泥
B.L	zh	股票指数
B.L	zh	英飞凌
B.L	zh	蒂森克虏伯
B.L	zh	蓝筹股
B.L	zh	西门子
B.L	zh	西门子公司
B.L	zh	证券指数
B.L	zh	费森尤斯
B.L	zh	费森尤斯医疗
B.L	zh	费森尤斯集团
B.L	zh	阿迪达斯
B.L	zh	麦德龙
B.L	zh	默克合资股份公司
B.L	zh	默克集團
B.L	zh	Template:DAX指数成份公司
B.L	zh	Template talk:DAX指数成份公司
CN	de	DAX
IWL	fi	DAX-indeksi
IWL	fr	DAX
IWL	en	DAX
IWL	es	DAX
IWL	ca	DAX
IWL	da	DAX
IWL	cy	DAX
IWL	az	DAX
IWL	ar	داكس 30
IWL	af	DAX
IWL	no	DAX
IWL	pl	DAX
IWL	lt	DAX
IWL	nl	DAX-index
IWL	ko	DAX
IWL	la	DAX
IWL	hr	DAX
IWL	hu	DAX
IWL	id	DAX
IWL	is	DAX
IWL	it	DAX 30
IWL	ja	ドイツ株価指数
IWL	vi	DAX
IWL	simple	DAX
IWL	tr	DAX
IWL	sv	Deutscher Aktienindex
IWL	ru	DAX
IWL	ro	DAX (indice)
IWL	pt	DAX-30
IWL	zh	德国DAX指数
