A.L	de	Acesulfam
A.L	de	Adenosindiphosphat
A.L	de	Adenosintriphosphat
A.L	de	Adipositas
A.L	de	Afri-Cola
A.L	de	Altbier
A.L	de	Aspartam
A.L	de	Biermischgetränk
A.L	de	Bundesanzeiger
A.L	de	Bundesinstitut für gesundheitlichen Verbraucherschutz und Veterinärmedizin
A.L	de	Calcium
A.L	de	Calimocho
A.L	de	Cholera
A.L	de	Club-Cola
A.L	de	Coca-Cola
A.L	de	Cocastrauch
A.L	de	Cocktail
A.L	de	Coffein
A.L	de	Cola (Begriffsklärung)
A.L	de	Crystal Cola
A.L	de	Cuba Libre
A.L	de	Desoxyribonukleinsäure
A.L	de	Deutsche Demokratische Republik
A.L	de	Deutschland
A.L	de	Diabetes mellitus
A.L	de	Dr Pepper
A.L	de	Durchfall
A.L	de	E 150d
A.L	de	E 338
A.L	de	Echte Limette
A.L	de	Echter Koriander
A.L	de	Emulsion
A.L	de	Erfrischungsgetränk
A.L	de	Europa
A.L	de	Extraktion (Verfahrenstechnik)
A.L	de	Frankreich
A.L	de	Fritz-kola
A.L	de	Gewürznelke
A.L	de	Goaßnmaß
A.L	de	Guaraná
A.L	de	Hausmittel
A.L	de	Herzrhythmusstörung
A.L	de	Inca Kola
A.L	de	Indien
A.L	de	Ioannina
A.L	de	Italien
A.L	de	John Stith Pemberton
A.L	de	Jolt Cola
A.L	de	Jugendlicher
A.L	de	Kaliummangel
A.L	de	Kalmus (Art)
A.L	de	Kohlensäure
A.L	de	Kokain
A.L	de	Kolanuss
A.L	de	Kuba
A.L	de	Kölsch (Bier)
A.L	de	Lebensmittelzusatzstoff
A.L	de	Light-Produkt
A.L	de	Liste von Cola-Marken
A.L	de	Long Island Iced Tea
A.L	de	Longdrink
A.L	de	Macis
A.L	de	Magen
A.L	de	Magensaft
A.L	de	Maissirup
A.L	de	Mecca-Cola
A.L	de	Milch
A.L	de	Muslim
A.L	de	Orthophosphorsäure
A.L	de	Osteoporose
A.L	de	Ouagadougou
A.L	de	Pepsi
A.L	de	Peru
A.L	de	Pharmazeut
A.L	de	Phosphat
A.L	de	Phosphorsäure
A.L	de	Physiologischer Brennwert
A.L	de	Ribonukleinsäure
A.L	de	Rohrzucker
A.L	de	Rotholzgewächse
A.L	de	Rotwein
A.L	de	Rübenzucker
A.L	de	Salzstange
A.L	de	Schleimhaut
A.L	de	Schweiz
A.L	de	Sodawasser
A.L	de	Spezi (Getränk)
A.L	de	Südamerika
A.L	de	Süddeutschland
A.L	de	Südtirol
A.L	de	Texas
A.L	de	Tukola
A.L	de	Udo Pollmer
A.L	de	Vanille (Gewürz)
A.L	de	Verballhornung
A.L	de	Vereinigte Staaten
A.L	de	Vita Cola
A.L	de	Vogel-Kirsche
A.L	de	WHO-Trinklösung
A.L	de	Waco
A.L	de	Warenmarke
A.L	de	Wasser
A.L	de	Weißbier
A.L	de	Weißherbstschorle
A.L	de	Westliche Welt
A.L	de	Ysop
A.L	de	Yurimaguas
A.L	de	Zahnbürste
A.L	de	Zahnkaries
A.L	de	Zahnschmelz
A.L	de	Zimt
A.L	de	Zitrone
A.L	de	Zitronensäure
A.L	de	Zucker
A.L	de	Zuckercouleur
A.L	de	Österreich
B.L	fi	Afri-Cola
B.L	fi	Appelsiini
B.L	fi	Aromi
B.L	fi	Asesulfaami-k
B.L	fi	Aspartaami
B.L	fi	Coca-Cola
B.L	fi	Cuba Libre
B.L	fi	Elintarvikeväri
B.L	fi	Energia
B.L	fi	Fosforihappo
B.L	fi	Hiilihappo
B.L	fi	Juoma
B.L	fi	Jääpala
B.L	fi	Kaneli
B.L	fi	Kofeiini
B.L	fi	Kofola
B.L	fi	Kokaiini
B.L	fi	Kokapensas
B.L	fi	Kolapähkinä
B.L	fi	Koolapuut
B.L	fi	Makeutusaine
B.L	fi	Mecca-Cola
B.L	fi	Muskotti
B.L	fi	Pepsi
B.L	fi	Polo-Cock
B.L	fi	Puola
B.L	fi	Ravinto
B.L	fi	Richard Branson
B.L	fi	Rommi
B.L	fi	Ruoka
B.L	fi	Sakariini
B.L	fi	Sitruuna
B.L	fi	Sokeri
B.L	fi	The Coca-Cola Company
B.L	fi	Tšekkoslovakia
B.L	fi	Vanilja
B.L	fi	Virgin Cola
B.L	fi	Virvoitusjuoma
B.L	fi	Yhdysvallat
B.L	fi	Wikipedia:Merkitse lähteet
B.L	fi	Wikipedia:Tynkä
B.L	fi	Luokka:Ruokatyngät
B.L	fr	Afri-Cola
B.L	fr	Agrumes
B.L	fr	Alp'Cola
B.L	fr	Amrat Cola
B.L	fr	Anjou Cola
B.L	fr	Années 1990
B.L	fr	Arab Cola
B.L	fr	Arabe
B.L	fr	Auvergnat Cola
B.L	fr	Barr Cola
B.L	fr	Beuk Cola
B.L	fr	Bicarbonate de soude
B.L	fr	Boisson
B.L	fr	Bonbon
B.L	fr	Bougnat Cola
B.L	fr	Breizh Cola
B.L	fr	Britt Cola
B.L	fr	Caféine
B.L	fr	Campa Cola
B.L	fr	Cannelle (écorce)
B.L	fr	Caramel
B.L	fr	Cerise
B.L	fr	Chek
B.L	fr	Chero-Cola
B.L	fr	China Cola
B.L	fr	Chtilà Cola
B.L	fr	Citron
B.L	fr	Classic Cola
B.L	fr	Coca-Cola
B.L	fr	Coca-Cola Cherry
B.L	fr	Coca-Cola Plus GreenTea
B.L	fr	Coca Colla
B.L	fr	Cockta
B.L	fr	Cola'rdèche
B.L	fr	Cola (homonymie)
B.L	fr	Cola Occitan
B.L	fr	Cola Turka
B.L	fr	Cola alternatif
B.L	fr	Corsica Cola
B.L	fr	Count Cola
B.L	fr	Cricket Cola
B.L	fr	Cuba Cola
B.L	fr	Diet Rite
B.L	fr	Double Cola
B.L	fr	Effet geyser du mélange Mentos-boisson gazeuse
B.L	fr	Effet geyser du mélange mentos-boisson gazeuse
B.L	fr	El Che Cola
B.L	fr	Elsass Cola
B.L	fr	Europe
B.L	fr	Evoca Cola
B.L	fr	Fada Cola
B.L	fr	Faygo
B.L	fr	Feichang Cola
B.L	fr	France
B.L	fr	Frescolita
B.L	fr	Hard Spark Cola
B.L	fr	Imazighen Cola
B.L	fr	Inca Kola
B.L	fr	Israël
B.L	fr	John Pemberton
B.L	fr	Jolly Cola
B.L	fr	Jolt Cola
B.L	fr	Just Cola
B.L	fr	Kofola
B.L	fr	Kola Real
B.L	fr	La guerre du Cola
B.L	fr	Like Cola
B.L	fr	Limouzi Cola
B.L	fr	Logiciel libre
B.L	fr	Look Cola
B.L	fr	Marque de distributeur
B.L	fr	Mecca Cola
B.L	fr	Mentos
B.L	fr	Meuh Cola
B.L	fr	Montania Cola
B.L	fr	Noix de kola
B.L	fr	Noix de muscade
B.L	fr	Nucléation
B.L	fr	Népal
B.L	fr	Olvi Cola
B.L	fr	OpenCola
B.L	fr	Orange (fruit)
B.L	fr	Palestine
B.L	fr	Pepsi
B.L	fr	Pepsi-Cola
B.L	fr	Poitou Cola
B.L	fr	Premium-cola
B.L	fr	Qibla Cola
B.L	fr	RC Cola
B.L	fr	Red Bull Cola
B.L	fr	Red Kola
B.L	fr	River Cola
B.L	fr	Rola Cola
B.L	fr	Royal Cola
B.L	fr	Rutto Cola
B.L	fr	Salva Cola
B.L	fr	Sam's Choice
B.L	fr	Secret industriel
B.L	fr	Selecto
B.L	fr	Shasta (soft drink)
B.L	fr	Sinalco
B.L	fr	Soda
B.L	fr	Sucre
B.L	fr	Sugar Cane Cola
B.L	fr	Tab (soft drink)
B.L	fr	Territoires palestiniens occupés
B.L	fr	Thums Up
B.L	fr	Thé vert
B.L	fr	TuKola
B.L	fr	Ubuntu Cola
B.L	fr	Ugarit Cola
B.L	fr	Vanille
B.L	fr	Vendée Cola
B.L	fr	Virgin Cola
B.L	fr	Vita-Cola
B.L	fr	XIXe siècle
B.L	fr	Zam Zam Cola
B.L	fr	Zelal Cola
B.L	fr	États-Unis
B.L	fr	Discussion:Cola/À faire
B.L	fr	Modèle:Palette Colas
B.L	fr	Modèle:Ébauche/paramètres boisson
B.L	fr	Discussion modèle:Palette Colas
B.L	fr	Aide:Comment modifier une page
B.L	fr	Aide:Homonymie
B.L	fr	Aide:Ébauche
B.L	fr	Catégorie:Portail:Boisson/Articles liés
B.L	fr	Portail:Boisson
B.L	fr	Projet:Accueil
B.L	he	1999
B.L	he	2002
B.L	he	2003
B.L	he	RC FREE
B.L	he	RC קולה
B.L	he	אגוז קולה
B.L	he	אחוז
B.L	he	איטליה
B.L	he	אינקה
B.L	he	אינקה קולה
B.L	he	איראן
B.L	he	אנרגיה
B.L	he	אסלאם
B.L	he	אפרי-קולה
B.L	he	אשי מאשי קולה
B.L	he	בריטניה
B.L	he	גרמניה
B.L	he	דובאי
B.L	he	דיאט פפסי
B.L	he	דיאט קוקה-קולה
B.L	he	דרום אמריקה
B.L	he	הדרים
B.L	he	וואלה
B.L	he	וירג'ין קולה
B.L	he	וניל
B.L	he	זאם זאם קולה
B.L	he	זמזם קולה
B.L	he	חברה (תאגיד)
B.L	he	חברת קוקה-קולה
B.L	he	חום (צבע)
B.L	he	טאופיק מטלוטי
B.L	he	טוקולה
B.L	he	טורקיה
B.L	he	טעם
B.L	he	ייצור
B.L	he	ישראל
B.L	he	כוס (כלי)
B.L	he	ליטר
B.L	he	לימון
B.L	he	מדינה
B.L	he	מותג
B.L	he	מכה קולה
B.L	he	ממתיק מלאכותי
B.L	he	מצרים
B.L	he	משקה מוגז
B.L	he	נענע 10
B.L	he	סוכרוז
B.L	he	סופר דרינק
B.L	he	סינלקו קולה
B.L	he	סירופ תירס
B.L	he	סלובקיה
B.L	he	עבר
B.L	he	עלה
B.L	he	ערב קולה
B.L	he	פולו קוקטה
B.L	he	פולין
B.L	he	פלסטינים
B.L	he	פפסי
B.L	he	פפסי ואן
B.L	he	פפסי מקס
B.L	he	פפסי קולה
B.L	he	פרו
B.L	he	צ'כיה
B.L	he	צבע
B.L	he	צבע מאכל
B.L	he	צדקה
B.L	he	צרפת
B.L	he	קובה
B.L	he	קובה קולה
B.L	he	קוד פתוח
B.L	he	קופולה (משקה)
B.L	he	קוקה
B.L	he	קוקה-קולה
B.L	he	קוקה-קולה בלק
B.L	he	קוקה-קולה זירו
B.L	he	קינמון
B.L	he	קפאין
B.L	he	קרח
B.L	he	קריסטל קולה
B.L	he	קרמל
B.L	he	רדבול
B.L	he	ריבר קולה
B.L	he	שאל בני ונענע
B.L	he	שבדיה
B.L	he	שיווק
B.L	he	תערובת
B.L	fa	آمریکا
B.L	fa	جان پمبرتون
B.L	fa	داروسازی
B.L	fa	رنگ خوراکی
B.L	fa	قند
B.L	fa	نوشیدنی
B.L	fa	کافئین
B.L	fa	کربنات شده
B.L	fa	کولا (ابهام‌زدایی)
B.L	new	नसात्वँसा
B.L	el	Coca-Cola
B.L	el	Pepsi
B.L	el	Βανίλια
B.L	el	Γαστρονομία
B.L	el	Ζάχαρη
B.L	el	Κανέλα
B.L	el	Καφεΐνη
B.L	el	Κιτρικό οξύ
B.L	el	Κόλλα
B.L	el	Λεμόνι
B.L	el	Χερσόνησος Κόλα
B.L	eo	1886
B.L	eo	1970
B.L	eo	1993
B.L	eo	2002
B.L	eo	Acesulfamo
B.L	eo	Acida ĉerizo
B.L	eo	Afri-Cola
B.L	eo	Akvo
B.L	eo	Amrat Cola
B.L	eo	Angle
B.L	eo	Arab Cola
B.L	eo	Arabe
B.L	eo	Aspartamo
B.L	eo	Barr Cola
B.L	eo	Ben Cola
B.L	eo	Beuk Cola
B.L	eo	Bharato
B.L	eo	Breizh Cola
B.L	eo	Bubba Cola
B.L	eo	Campa Cola
B.L	eo	Canada Dry Cola
B.L	eo	Chek
B.L	eo	Chero-Cola
B.L	eo	China Cola
B.L	eo	Chtilà Cola
B.L	eo	Cinamo
B.L	eo	Citrona acido
B.L	eo	Citrono
B.L	eo	Classic Cola
B.L	eo	Club-Cola
B.L	eo	Coca-Cola
B.L	eo	Cola Coop
B.L	eo	Cola Turka
B.L	eo	Corsica Cola
B.L	eo	Cricket Cola
B.L	eo	Cuba Cola
B.L	eo	Diet Rite
B.L	eo	Double Cola
B.L	eo	E-materialo
B.L	eo	El Che Cola
B.L	eo	Elsass Cola
B.L	eo	Emulsio
B.L	eo	Evoca Cola
B.L	eo	Eŭropo
B.L	eo	Farmaciisto
B.L	eo	Faygo
B.L	eo	Feichang Cola
B.L	eo	Fosfora acido
B.L	eo	Fosforacido
B.L	eo	France
B.L	eo	Freeway Cola
B.L	eo	Frescolita
B.L	eo	Fuji-Cola
B.L	eo	Imazighen Cola
B.L	eo	Inka-Kolao
B.L	eo	Irano
B.L	eo	Isaac Kola
B.L	eo	Islamanoj
B.L	eo	John Stith Pemberton
B.L	eo	Jolly Cola
B.L	eo	Jolt Cola
B.L	eo	Just Cola
B.L	eo	Kafeino
B.L	eo	Karbona dioksido
B.L	eo	Kitty Kola
B.L	eo	Kofola
B.L	eo	Kokaarbedo
B.L	eo	Kokaino
B.L	eo	Kola Real
B.L	eo	Kolaarbo
B.L	eo	Leĝer-produkto
B.L	eo	Mecca-Cola
B.L	eo	Milan Cola
B.L	eo	Olvi Cola
B.L	eo	One O One
B.L	eo	OpenCola
B.L	eo	Ortofosfora acido
B.L	eo	Pepsi
B.L	eo	Pepsi Cola
B.L	eo	Peruo
B.L	eo	Premium-cola
B.L	eo	Qibla Cola
B.L	eo	R.C. Cola
B.L	eo	Red Bull Cola
B.L	eo	Red Kola
B.L	eo	Rola Cola
B.L	eo	Sam's Choice
B.L	eo	Shasta Cola
B.L	eo	Sinalco
B.L	eo	Sodo
B.L	eo	Spica dianto
B.L	eo	Sugar Cane Cola
B.L	eo	Sukero
B.L	eo	Tab (cola)
B.L	eo	The Times
B.L	eo	Thums Up
B.L	eo	Trinkaĵo
B.L	eo	TuKola
B.L	eo	Tukolao
B.L	eo	Turke
B.L	eo	Turkio
B.L	eo	Ubuntu Cola
B.L	eo	Ugarit Cola
B.L	eo	Vanilo
B.L	eo	Virgin Cola
B.L	eo	Vita-Cola
B.L	eo	Zam Zam Cola
B.L	eo	Zelal Cola
B.L	eo	Ĉine
B.L	eo	Ĉinio
B.L	eo	Ŝablono:Kolaoj
B.L	eo	Ŝablono-Diskuto:Kolaoj
B.L	en	A.G. Barr
B.L	en	Adelaide, South Australia
B.L	en	Afri-Cola
B.L	en	Ajegroup
B.L	en	Albania
B.L	en	AmBev
B.L	en	Amrat Cola
B.L	en	Angelo Mariani (chemist)
B.L	en	Anheuser-Busch InBev
B.L	en	Apotekarnes Cola
B.L	en	Artificial sweetener
B.L	en	Associated Press
B.L	en	Baikal (drink)
B.L	en	Bangladesh
B.L	en	Barr Cola
B.L	en	Beed Cola
B.L	en	Big 8 Cola
B.L	en	Big Cola
B.L	en	Breizh Cola
B.L	en	Brittany
B.L	en	Bubba Cola
B.L	en	C.D. Guadalajara
B.L	en	Caffeine
B.L	en	Campa Cola
B.L	en	Canada
B.L	en	Cane sugar
B.L	en	Caramel color
B.L	en	Cassinelli (soft drink)
B.L	en	Cavan Cola
B.L	en	Cherry Cola
B.L	en	China Cola
B.L	en	Chiva Cola
B.L	en	Cider
B.L	en	Cinnamon
B.L	en	Classic Cola (Sainsbury's)
B.L	en	Cloves
B.L	en	Club Cola
B.L	en	Coca-Cola
B.L	en	Coca-Cola Zero
B.L	en	Coca-Cola formula
B.L	en	Coca wine
B.L	en	Cocaine
B.L	en	Cockta
B.L	en	Cola (disambiguation)
B.L	en	Cola Cola
B.L	en	Cola Turka
B.L	en	Cola Wars
B.L	en	Cola wars
B.L	en	Cole Cold
B.L	en	Corporación José R. Lindley S.A.
B.L	en	Corsica Cola
B.L	en	Cory Doctorow
B.L	en	Cott
B.L	en	Count Cola
B.L	en	Cream soda
B.L	en	Cricket Cola
B.L	en	Croatia
B.L	en	Cuba
B.L	en	Cuba Cola
B.L	en	Czech Republic
B.L	en	Denmark
B.L	en	Diet Coke
B.L	en	Diet Rite
B.L	en	Diet soda
B.L	en	Digital object identifier
B.L	en	Double Cola
B.L	en	Dr Pepper Snapple Group
B.L	en	El Ché-Cola
B.L	en	Embotelladora Don Jorge S.A.C.
B.L	en	Embotelladora Latinoamericana S.A.
B.L	en	Energy drink
B.L	en	Epidemiology (journal)
B.L	en	Est Cola
B.L	en	Europe
B.L	en	Evoca Cola
B.L	en	Export Cola
B.L	en	Fada cola
B.L	en	Fairtrade
B.L	en	Fat tax
B.L	en	Faygo
B.L	en	Fentimans
B.L	en	Fentimans Curiosity Cola
B.L	en	France
B.L	en	Freeway Cola
B.L	en	Frescolita
B.L	en	Fritz-kola
B.L	en	Frozen carbonated beverage
B.L	en	Fruti Kola
B.L	en	Fuji-Cola
B.L	en	Genericized trademark
B.L	en	Germany
B.L	en	Ginger ale
B.L	en	Ginger beer
B.L	en	Gourmet Cola
B.L	en	Grupo Omnilife
B.L	en	Guaranito
B.L	en	Hamburg
B.L	en	High-fructose corn syrup
B.L	en	High fructose corn syrup
B.L	en	House brand
B.L	en	Ice cream soda
B.L	en	Iceland
B.L	en	Inca Kola
B.L	en	International Standard Book Number
B.L	en	Irn Bru
B.L	en	Isaac Kola
B.L	en	Israel
B.L	en	Jarritos
B.L	en	Jewish
B.L	en	John Pemberton
B.L	en	Jolly Cola
B.L	en	Jolt Cola
B.L	en	Jones Soda
B.L	en	KIK Cola
B.L	en	Kawakawa (tree)
B.L	en	Kitty Kola
B.L	en	Kletta Gos Cola
B.L	en	Kofola
B.L	en	Kola Real
B.L	en	Kola Román
B.L	en	Kola nut
B.L	en	Kosher
B.L	en	Kristal Kola
B.L	en	LA Ice Cola
B.L	en	Laoshan Cola
B.L	en	Lava Cola
B.L	en	Lemon-lime
B.L	en	Lemonade
B.L	en	Lidl
B.L	en	Like Cola
B.L	en	List of soft drinks by country
B.L	en	Lulú Cola
B.L	en	Mecca-Cola
B.L	en	Mecca Cola
B.L	en	Mexican Coke
B.L	en	Middle East
B.L	en	Mountain Dew
B.L	en	Mr. Cola
B.L	en	New Zealand
B.L	en	Nutmeg
B.L	en	Olvi Cola
B.L	en	OpenCola (drink)
B.L	en	Open source
B.L	en	Open source cola
B.L	en	Pakola
B.L	en	Parsi Cola
B.L	en	Pascual S.C.L.
B.L	en	Passover
B.L	en	Pepsi
B.L	en	PepsiCo
B.L	en	Pepsi Max
B.L	en	Pepsi Max (North America)
B.L	en	Pepsi Next
B.L	en	Pepsi ONE
B.L	en	Pepsico Inc Sucursal Del Peru
B.L	en	Perú Cola
B.L	en	Pharmacist
B.L	en	Philippines
B.L	en	Phosphoric acid
B.L	en	Poland
B.L	en	Polar Beverages
B.L	en	Polo-Cockta
B.L	en	Pran Cola
B.L	en	Premium-Cola
B.L	en	Primo Schincariol
B.L	en	PubMed Identifier
B.L	en	Qibla Cola
B.L	en	RC Cola
B.L	en	Red Bull Cola
B.L	en	Red Kola
B.L	en	Rola Cola
B.L	en	Root beer
B.L	en	Sam's Cola
B.L	en	Schweppes Cola
B.L	en	Sinalco
B.L	en	Slovakia
B.L	en	Slovenia
B.L	en	Soda tax
B.L	en	Soft drink
B.L	en	South Africa
B.L	en	South Australia
B.L	en	Sports drink
B.L	en	Stevia
B.L	en	Sweden
B.L	en	Tab (soft drink)
B.L	en	The Coca-Cola Company
B.L	en	Thums Up
B.L	en	Tipperary
B.L	en	Topsia Cola
B.L	en	Triple Kola
B.L	en	TuKola
B.L	en	Ubuntu Cola
B.L	en	United Kingdom
B.L	en	United States
B.L	en	United States of America
B.L	en	Vanilla
B.L	en	Virgin Cola
B.L	en	Vita-Cola
B.L	en	Vita Cola
B.L	en	Western Europe
B.L	en	Wet Planet Beverages
B.L	en	XL Cola
B.L	en	Zam Zam Cola
B.L	en	Zelal Cola
B.L	en	Zevia Cola
B.L	en	Wikipedia:Citation needed
B.L	en	Wikipedia:Citing sources
B.L	en	Wikipedia:Verifiability
B.L	en	Template:Colas
B.L	en	Template:Portal/Images/Drink
B.L	en	Template:Soft drink
B.L	en	Template talk:Colas
B.L	en	Template talk:Soft drink
B.L	en	Help:Introduction to referencing/1
B.L	en	Category:Articles needing additional references from January 2009
B.L	en	Category:Articles with unsourced statements from January 2011
B.L	en	Category:Articles with unsourced statements from July 2009
B.L	en	Category:Articles with unsourced statements from June 2010
B.L	en	Category:Articles with unsourced statements from June 2011
B.L	en	Portal:Drink
B.L	es	A.G. Barr
B.L	es	Adria Cola
B.L	es	Afri-Cola
B.L	es	Agua carbonatada
B.L	es	Alcaloide
B.L	es	Alef Cola
B.L	es	Alemania
B.L	es	Alter Cola
B.L	es	American Cola
B.L	es	Asiawide Beverages
B.L	es	Azúcar
B.L	es	Barquisimeto
B.L	es	Barr Cola
B.L	es	Base (chemistry)
B.L	es	Bicarbonato de sodio
B.L	es	Big Cola
B.L	es	Breizh Cola
B.L	es	Bretaña
B.L	es	Cafeína
B.L	es	Campa Cola
B.L	es	Canela
B.L	es	Caramelo
B.L	es	Caries dental
B.L	es	Cataluña
B.L	es	Cazadores de mitos
B.L	es	Chile
B.L	es	Chiva Cola
B.L	es	Citrus × limon
B.L	es	Club Deportivo Guadalajara
B.L	es	Coca-Cola
B.L	es	Coca Cola
B.L	es	Cola Turka
B.L	es	Cola acuminata
B.L	es	Colombia
B.L	es	Colorantes
B.L	es	Compañía de Cervecerías Unidas
B.L	es	Conservantes
B.L	es	Cory Doctorow
B.L	es	Cuba
B.L	es	Cuba Cola
B.L	es	Código libre
B.L	es	Densidad mineral ósea
B.L	es	Diario Clarín
B.L	es	Dinamarca
B.L	es	Dióxido de carbono
B.L	es	Doble Cola
B.L	es	Dr Pepper
B.L	es	Ecuatoriana
B.L	es	El Salvador
B.L	es	Erythroxylum coca
B.L	es	Eslovaquia
B.L	es	Esmalte dental
B.L	es	España
B.L	es	Europa del este
B.L	es	Fagar Cola
B.L	es	Farmacia
B.L	es	Filipinas
B.L	es	Fioravanti
B.L	es	Francia
B.L	es	Free
B.L	es	Gali Cola
B.L	es	Galicia
B.L	es	Grupo Omnilife
B.L	es	Haredim
B.L	es	Inca Kola
B.L	es	Irn Bru
B.L	es	Irán
B.L	es	Israel
B.L	es	Italia
B.L	es	John Pemberton
B.L	es	Jolly Cola
B.L	es	King Cola
B.L	es	Kofola
B.L	es	Kola Sol
B.L	es	Lavanda
B.L	es	Lima (fruta)
B.L	es	Lulú Cola
B.L	es	Mecca-Cola
B.L	es	Mecca Cola
B.L	es	Mentos
B.L	es	Mèxico
B.L	es	Mérida (Yucatán)
B.L	es	México
B.L	es	Naranja
B.L	es	Nix cola
B.L	es	Nuez moscada
B.L	es	OpenCola
B.L	es	Oriente Medio
B.L	es	Palestinian Territories
B.L	es	Pascual S.C.L.
B.L	es	Pepsi
B.L	es	Perú
B.L	es	Pino Cola
B.L	es	Pop Cola
B.L	es	Psicoestimulantes
B.L	es	R.C. Cola
B.L	es	RC Cola
B.L	es	Red Cola
B.L	es	Red cola
B.L	es	Refresco
B.L	es	Refrescos Dumbo
B.L	es	Reino Unido
B.L	es	República Checa
B.L	es	Rumania
B.L	es	Sacarosa
B.L	es	Salva Cola
B.L	es	Sidra
B.L	es	Sidra Pino
B.L	es	Star Cola
B.L	es	Sudáfrica
B.L	es	Suecia
B.L	es	Super Drink
B.L	es	Thums Up
B.L	es	TuKola
B.L	es	Turquía
B.L	es	Uruguay
B.L	es	Vainilla
B.L	es	Venezuela
B.L	es	Virgin Cola
B.L	es	Vita Cola
B.L	es	Wikcionario
B.L	es	Wikimedia Commons
B.L	es	Yucatán
B.L	es	Zam Zam Cola
B.L	es	Ácido carbónico
B.L	es	Ácido cítrico
B.L	es	Ácido fosfórico
B.L	ca	2007
B.L	ca	Alter Cola
B.L	ca	Anhídrid carbònic
B.L	ca	Beguda
B.L	ca	Cafeïna
B.L	ca	Canyella (espècia)
B.L	ca	Caramel
B.L	ca	Cat Cola
B.L	ca	Catalunya
B.L	ca	Cola
B.L	ca	Càries dental
B.L	ca	Cítric
B.L	ca	Densitat mineral òssia
B.L	ca	Edulcorant
B.L	ca	Esmalt dental
B.L	ca	Globalització
B.L	ca	Gust dolç
B.L	ca	Imaginari
B.L	ca	Marca comercial
B.L	ca	Mecca-Cola
B.L	ca	Sacarosa
B.L	ca	Sucre
B.L	ca	Vainilla
B.L	ca	Àcid fosfòric
B.L	ca	Viquipèdia:Citau les fonts
B.L	ca	Viquipèdia:Esborrany
B.L	ca	Categoria:Gastronomia
B.L	bn	Cory Doctorow
B.L	bn	আইসক্রিম সোডা
B.L	bn	আদাযুক্ত পানীয়
B.L	bn	আরসি কোলা
B.L	bn	ইংরেজি ভাষা
B.L	bn	উইকশনারি
B.L	bn	উইকিঅভিধান
B.L	bn	এনার্জি ড্রিঙ্ক
B.L	bn	কিউই কোলা
B.L	bn	কোমল পানীয়
B.L	bn	কোমল পানীয় প্রস্তুতকারক দেশের তালিকা
B.L	bn	কোলা টার্কা
B.L	bn	কোলা যুদ্ধ
B.L	bn	ক্রিম সোডা
B.L	bn	ক্রীড়া পানীয়
B.L	bn	চম্পা কোলা
B.L	bn	চর্বিজনিত চাপ
B.L	bn	চেরী কোলা
B.L	bn	জম জম কোলা
B.L	bn	জিঞ্জার এলে
B.L	bn	টপসিয়া কোলা
B.L	bn	ডক্টর পিপার স্ন্যাপল গ্রুপ
B.L	bn	ডায়েট সোডা
B.L	bn	দ্য কোকা-কোলা কোম্পানী
B.L	bn	পার্সি কোলা
B.L	bn	পেপসি
B.L	bn	পেপসিকো
B.L	bn	মক্কা কোলা
B.L	bn	রুট বিয়ার
B.L	bn	রেড বুল কোলা
B.L	bn	লেবুর শরবত
B.L	bn	লেমন-লাইম
B.L	bn	সোডাজনিত চাপ
B.L	bn	হিমায়িত কার্বনযুক্ত পানীয়
B.L	bn	টেমপ্লেট:কোমল পানীয়
B.L	bn	টেমপ্লেট আলোচনা:কোমল পানীয়
B.L	bat-smg	John Stith Pemberton
B.L	bat-smg	Kofeīns
B.L	bat-smg	Onglērogštei
B.L	be	1886
B.L	be	1903
B.L	be	1970
B.L	be	1993
B.L	be	2002
B.L	be	7UP
B.L	be	Adrenaline Rush, напой
B.L	be	BATTERY, напой
B.L	be	Bitter Lemon
B.L	be	Bullit, напой
B.L	be	Burn, напой
B.L	be	DYNAMI:T, напой
B.L	be	Dr Pepper
B.L	be	M - 150 напой
B.L	be	Mecca-Cola
B.L	be	Mountain Dew
B.L	be	Nestea
B.L	be	OpenCola
B.L	be	Red Bull, напой
B.L	be	Red Devil, напой
B.L	be	Royal Crown Cola
B.L	be	Schweppes
B.L	be	Strike, напой
B.L	be	Tropicola
B.L	be	Ubuntu Cola
B.L	be	Індыя
B.L	be	Айрн-Бру
B.L	be	Алей гваздзіка
B.L	be	Аранжына
B.L	be	Арэх кола
B.L	be	Атканчай
B.L	be	Атланта
B.L	be	Байкал, напой
B.L	be	Безалкагольныя напоі
B.L	be	Бураціна, напой
B.L	be	Бутыліраваная вада
B.L	be	Бізон, напой
B.L	be	Ванілін
B.L	be	Воцат
B.L	be	Гарачы шакалад
B.L	be	Гарбата
B.L	be	Гастрыт
B.L	be	Граніта
B.L	be	Грэнадзін
B.L	be	Джон Сціс Пембертан
B.L	be	Злучаныя Штаты Амерыкі
B.L	be	Кава
B.L	be	Какаін
B.L	be	Кампот
B.L	be	Карамель
B.L	be	Кафеін
B.L	be	Кока-Кола
B.L	be	Кока-кола
B.L	be	Кола, значэнні
B.L	be	Крэм-сода
B.L	be	Куба
B.L	be	Куст кокі
B.L	be	Кіслотнасць
B.L	be	Ліманад
B.L	be	Лімон
B.L	be	Малако
B.L	be	Малочны кактэйль
B.L	be	Мекка-Кола
B.L	be	Мілкіс
B.L	be	Мірында
B.L	be	Напой
B.L	be	Палестынцы
B.L	be	Пепсі
B.L	be	Пепсі-кола
B.L	be	Саяны, напой
B.L	be	Смузі
B.L	be	Сок
B.L	be	Спрайт, напой
B.L	be	Страўнік
B.L	be	Сіроп
B.L	be	Сітро
B.L	be	Тархун, напой
B.L	be	Тонік
B.L	be	Узвар
B.L	be	Фанта
B.L	be	Фосфарная кіслата
B.L	be	Фруктайм
B.L	be	Цукар
B.L	be	Цэнт
B.L	be	Цімтавы алей
B.L	be	Шарбет
B.L	be	Штат Джорджыя
B.L	be	Эг-ног
B.L	be	Энергетычны напой
B.L	be	Язва
B.L	be	Вікіпедыя:Неадназначнасць
B.L	be	Шаблон:Безалкагольныя напоі
B.L	be	Размовы пра шаблон:Безалкагольныя напоі
B.L	da	BIG cola
B.L	da	Baldur cola
B.L	da	CULT Cola
B.L	da	Coca-Cola
B.L	da	Fosforsyre
B.L	da	Frem cola
B.L	da	Fuglsang cola
B.L	da	GPL
B.L	da	Hancock cola
B.L	da	Harboe cola
B.L	da	Jolly Cola
B.L	da	Jolt Cola
B.L	da	Koffein
B.L	da	Kola-nød
B.L	da	Kola-slægten
B.L	da	Kolanød
B.L	da	Kulsyre
B.L	da	Mecca-Cola
B.L	da	OpenCola
B.L	da	Open source
B.L	da	Pepsi
B.L	da	Royal Crown
B.L	da	SPAR cola
B.L	da	Sodavand
B.L	da	Vestfyen cola
B.L	da	Virgin Cola
B.L	da	Zam Zam Cola
B.L	cy	Affrica
B.L	cy	Breizh Cola
B.L	cy	Bwyd
B.L	cy	Caffein
B.L	cy	Cnau
B.L	cy	Coca-Cola
B.L	cy	Coco
B.L	cy	Cola acuminata
B.L	cy	Diod
B.L	cy	Hadau
B.L	cy	Pepsi
B.L	cy	Planhigyn
B.L	cy	Rhywogaeth
B.L	cy	Wicipedia:Eginyn
B.L	cs	Arocola
B.L	cs	Citrocola
B.L	cs	Coca-Cola
B.L	cs	Horský pramen - Kolča
B.L	cs	Karamel
B.L	cs	Kofein
B.L	cs	Kofola
B.L	cs	Kofča
B.L	cs	Kolaloka
B.L	cs	Kolikola
B.L	cs	Kolovník
B.L	cs	Limonádový Joe aneb Koňská opera
B.L	cs	Nikola (kola)
B.L	cs	OpenCola
B.L	cs	Otevřený software
B.L	cs	Oxid uhličitý
B.L	cs	Pepsi
B.L	cs	Pepsi-Cola
B.L	cs	Pragocola
B.L	cs	Royal Crown Cola
B.L	cs	Česko
B.L	az	Bioloji təsnifat
B.L	az	Bitki
B.L	az	Dilleniidae
B.L	az	Elşad Qurbanov
B.L	az	Latın dili
B.L	az	Magnoliophyta
B.L	az	Magnoliopsida
B.L	az	Malvaceae
B.L	az	Malvales
B.L	az	Nurəddin Əliyev
B.L	az	Plantae
B.L	az	İkiləpəlilər
B.L	az	Vikipediya:Orqanizmin kartoçkasını necə oxumaq olar
B.L	az	Şablon:Malvaceae
B.L	ar	19 مايو
B.L	ar	2009
B.L	ar	20 مايو
B.L	ar	Cory Doctorow
B.L	ar	البي كولا
B.L	ar	السي كولا
B.L	ar	الولايات المتحدة
B.L	ar	بي بي سي العربية
B.L	ar	بيبسي كولا
B.L	ar	حمض الستريك
B.L	ar	سكر
B.L	ar	فانيليا
B.L	ar	قرفة
B.L	ar	كافيين
B.L	ar	كوكا كولا
B.L	ar	كوكاكولا
B.L	ar	لغة إنجليزية
B.L	ar	مكة كولا
B.L	ar	ويكاموس
B.L	ar	ويكيميديا كومنز
B.L	ar	ويكيبيديا:بذرة
B.L	no	16. august
B.L	no	1831
B.L	no	1888
B.L	no	8. juli
B.L	no	Apotek
B.L	no	Brus
B.L	no	Chinquapin
B.L	no	Dixi Cola
B.L	no	Fruktose
B.L	no	GNU General Public License
B.L	no	Hellas
B.L	no	Hypokalemi
B.L	no	Ioannina
B.L	no	John Pemberton
B.L	no	Kalium
B.L	no	Kanel
B.L	no	Koffein
B.L	no	Kolanøtt
B.L	no	North Carolina
B.L	no	OpenCola
B.L	no	PepsiCo
B.L	no	Royal Crown cola
B.L	no	Sitrus
B.L	no	Sukralose
B.L	no	The Coca-Cola Company
B.L	no	Vanilje
B.L	nn	Brus
B.L	nn	Coca-Cola
B.L	nn	Happy Cola
B.L	nn	Jolly Cola
B.L	nn	Jolt Cola
B.L	nn	Koffein
B.L	nn	Kolanøtt
B.L	nn	Kolsyre
B.L	nn	Mecca-Cola
B.L	nn	Pepsi
B.L	nn	Royal Crown Cola
B.L	nn	Sitron
B.L	nn	Ubuntu Cola
B.L	nn	Vanilje
B.L	nn	Virgin Cola
B.L	nn	Wikimedia Commons
B.L	pl	Afri-cola
B.L	pl	Coca-Cola
B.L	pl	Cola Original
B.L	pl	Dr Pepper
B.L	pl	Go-cola
B.L	pl	Hoop Cola
B.L	pl	John Pemberton
B.L	pl	Kofola
B.L	pl	Kola (roślina)
B.L	pl	Krasnodrzew pospolity
B.L	pl	Mecca-Cola
B.L	pl	Napój gazowany
B.L	pl	OpenCola
B.L	pl	Parsi Cola
B.L	pl	Pepsi
B.L	pl	PoloCola
B.L	pl	Polo Cockta
B.L	pl	Ubuntu Cola
B.L	pl	Wikimedia Commons
B.L	pl	Wikisłownik
B.L	pl	Woda sodowa
B.L	pl	Zam Zam Cola
B.L	lt	1886
B.L	lt	1903
B.L	lt	1931
B.L	lt	2002
B.L	lt	Aliejus
B.L	lt	Angliarūgštė
B.L	lt	Arbatinis šaukštelis
B.L	lt	Atlanta
B.L	lt	Cinamonas
B.L	lt	Citrina
B.L	lt	Coca-Cola
B.L	lt	Cukrus
B.L	lt	Džordžija
B.L	lt	Gazuotas vanduo
B.L	lt	Gvazdikas
B.L	lt	JAV
B.L	lt	Kofeinas
B.L	lt	Kola (reikšmės)
B.L	lt	Kolamedis
B.L	lt	Musulmonai
B.L	lt	Nutukimas
B.L	lt	Palestina
B.L	lt	Prancūzija
B.L	lt	Riešutas
B.L	lt	Sirupas
B.L	lt	Vaistinė
B.L	lt	Vanilinas
B.L	lt	Vokietija
B.L	mk	Afri-Cola
B.L	mk	Coca-Cola
B.L	mk	Cola Turka
B.L	mk	Inca Kola
B.L	mk	Jolt Cola
B.L	mk	Mecca Cola
B.L	mk	OpenCola
B.L	mk	Pepsi
B.L	mk	Qibla Cola
B.L	mk	R.C. Cola
B.L	mk	Tukola
B.L	mk	Virgin Cola
B.L	mk	Zamzam Cola
B.L	mk	Zelal Cola
B.L	mk	Јужна Америка
B.L	mk	Безалкохолни пијалоци
B.L	mk	Ванила
B.L	mk	Германија
B.L	mk	Иран
B.L	mk	Италија
B.L	mk	Кофеин
B.L	mk	Куба
B.L	mk	Пченка
B.L	mk	Сода
B.L	mk	Турција
B.L	mk	Франција
B.L	mk	Цимет
B.L	mk	Цитрус
B.L	mk	Шеќер
B.L	mk	Википедија:Веродостојни извори
B.L	mk	Википедија:Проверливост
B.L	mk	Википедија:Цитирање извори
B.L	mk	Категорија:Статии без извори од ноември 2009
B.L	nl	3ES
B.L	nl	Afri-Cola
B.L	nl	Alter Cola
B.L	nl	Amrat Cola
B.L	nl	Angelo Mariani
B.L	nl	Apotekarnes Cola
B.L	nl	Arab Cola
B.L	nl	Barr Cola
B.L	nl	Beuk Cola
B.L	nl	Boylan
B.L	nl	Breizh Cola
B.L	nl	Bubba Cola
B.L	nl	C&C Cola
B.L	nl	Cafeïne
B.L	nl	Campa Cola
B.L	nl	Cat Cola
B.L	nl	Champagne (wijn)
B.L	nl	Chek
B.L	nl	Chtilà Cola
B.L	nl	Citroen (vrucht)
B.L	nl	Citroenzuur
B.L	nl	Classic Cola
B.L	nl	Club Cola
B.L	nl	Coca-Cola
B.L	nl	Coca (plant)
B.L	nl	Cokelore
B.L	nl	Cola (geslacht)
B.L	nl	Cola Turka
B.L	nl	Cole Cold
B.L	nl	Corsica Cola
B.L	nl	Count Cola
B.L	nl	Cricket Cola
B.L	nl	Cuba Cola
B.L	nl	Diwaterstofcarbonaat
B.L	nl	Dixi Cola
B.L	nl	Double Cola
B.L	nl	Duvel (bier)
B.L	nl	El Ché Cola
B.L	nl	Elsass Cola
B.L	nl	Evoca Cola
B.L	nl	Fada Cola
B.L	nl	Faygo
B.L	nl	Feichang Cola
B.L	nl	First Choice Cola
B.L	nl	Fosforzuur
B.L	nl	Freeway Cola
B.L	nl	Frescolita
B.L	nl	Frisdrank
B.L	nl	Fritz-kola
B.L	nl	Fruti Kola
B.L	nl	Fuji-Cola
B.L	nl	Fukola Cola
B.L	nl	GNU General Public License
B.L	nl	Herschi
B.L	nl	Highway (frisdrank)
B.L	nl	Honey Saps Cola
B.L	nl	Icy-Cola
B.L	nl	Imazighen Cola
B.L	nl	Inca Kola
B.L	nl	Isaac Kola
B.L	nl	Islamitische wereld
B.L	nl	John Pemberton
B.L	nl	Jolly Cola
B.L	nl	Jolt Cola
B.L	nl	Just Cola
B.L	nl	Kalium
B.L	nl	Kaneel
B.L	nl	Karamel
B.L	nl	Katalysator
B.L	nl	Kiri
B.L	nl	Kitty Kola
B.L	nl	Kofola
B.L	nl	Kola Real
B.L	nl	Kola Román
B.L	nl	Kola Shaler
B.L	nl	Kolanoot
B.L	nl	Kristal Kola
B.L	nl	LA Ice Cola
B.L	nl	Libella
B.L	nl	Lijst van colamerken
B.L	nl	Like Cola
B.L	nl	Master Choice
B.L	nl	Mecca-Cola
B.L	nl	Mentos
B.L	nl	Moxie
B.L	nl	Muslim Up
B.L	nl	Nucleatie
B.L	nl	OK Soda
B.L	nl	Odina
B.L	nl	OpenCola
B.L	nl	PH
B.L	nl	Palestijnen
B.L	nl	Parsi Cola
B.L	nl	Pepsi
B.L	nl	Perú Cola
B.L	nl	Polo-Cockta
B.L	nl	Pop Cola
B.L	nl	Pran Cola
B.L	nl	Premium-Cola
B.L	nl	President's Choice Cola
B.L	nl	Principe van Le Châtelier
B.L	nl	Qibla Cola
B.L	nl	R.C. Cola
B.L	nl	Raak (frisdrankmerk)
B.L	nl	Raak Kindercola
B.L	nl	Red Kola
B.L	nl	Reyna Kola
B.L	nl	River Cola
B.L	nl	Rola Cola
B.L	nl	Salva Cola
B.L	nl	Schweppes Cola
B.L	nl	Shasta (frisdrank)
B.L	nl	Sinalco
B.L	nl	TaB Cola
B.L	nl	Thums Up
B.L	nl	Tropicola
B.L	nl	TuKola
B.L	nl	Ubuntu Cola
B.L	nl	Ugarit Cola
B.L	nl	Uludağ Cola
B.L	nl	Vanille (aroma)
B.L	nl	Verenigde Staten
B.L	nl	Vin Mariani
B.L	nl	Virgin Cola
B.L	nl	Vita Cola
B.L	nl	Viva Cola
B.L	nl	Wikimedia Commons
B.L	nl	XL Cola
B.L	nl	ZOOB
B.L	nl	Zam Zam Cola
B.L	nl	Zelal Cola
B.L	nl	Zoet (smaak)
B.L	jv	Britania Raya
B.L	jv	Coca Cola
B.L	jv	Cola Turka
B.L	jv	Iran
B.L	jv	Jerman
B.L	jv	Kafein
B.L	jv	Karamel
B.L	jv	Karbonasi
B.L	jv	Kayu manis
B.L	jv	Lémon
B.L	jv	Mecca Cola
B.L	jv	Mèrek
B.L	jv	Ombènan ènthèng
B.L	jv	Pepsi
B.L	jv	Prancis
B.L	jv	Produksi
B.L	jv	Qibla Cola
B.L	jv	Stub
B.L	jv	Vanila
B.L	jv	Wiji
B.L	jv	Zam Zam Cola
B.L	jv	Zelal Cola
B.L	zh-min-nan	Caramel
B.L	zh-min-nan	Coca-Cola
B.L	zh-min-nan	Hoan-be̍h thn̂g-ko
B.L	zh-min-nan	Jîn-chō kam-bī-liāu
B.L	zh-min-nan	Ka-pi-in
B.L	zh-min-nan	Kam-kiat
B.L	zh-min-nan	Kola kó
B.L	zh-min-nan	Kùi-phoê
B.L	zh-min-nan	Pepsi
B.L	zh-min-nan	Phang-chháu
B.L	zh-min-nan	Sek-sò͘
B.L	zh-min-nan	Thn̂g
B.L	zh-min-nan	Thoàⁿ-sng ím-liāu
B.L	zh-min-nan	Tiⁿ
B.L	zh-min-nan	Wikipedia:Phí
B.L	be-x-old	1886
B.L	be-x-old	1903
B.L	be-x-old	1970
B.L	be-x-old	1993
B.L	be-x-old	2002
B.L	be-x-old	Royal Crown Cola
B.L	be-x-old	Tropicola
B.L	be-x-old	Індыя
B.L	be-x-old	Алей гвазьдзіка
B.L	be-x-old	Антыамэрыканізм
B.L	be-x-old	Арэхі кола
B.L	be-x-old	Атланта
B.L	be-x-old	Ванілін
B.L	be-x-old	Воцат
B.L	be-x-old	Газаваная вада
B.L	be-x-old	Гастрыт
B.L	be-x-old	Джон Стыс Пэмбертан
B.L	be-x-old	Джорджыя
B.L	be-x-old	Злучаныя Штаты Амэрыкі
B.L	be-x-old	Какаін
B.L	be-x-old	Карамель
B.L	be-x-old	Кафэін
B.L	be-x-old	Кока-кола
B.L	be-x-old	Куба
B.L	be-x-old	Куст кокі
B.L	be-x-old	Кіслотнасьць
B.L	be-x-old	Лімон
B.L	be-x-old	Мека-Кола
B.L	be-x-old	Напой
B.L	be-x-old	Палестынцы
B.L	be-x-old	Пэпсі-кола
B.L	be-x-old	Страўнік
B.L	be-x-old	Сыроп
B.L	be-x-old	Фосфарная кіслата
B.L	be-x-old	Цукар
B.L	be-x-old	Цэнт
B.L	be-x-old	Цімтавы алей
B.L	be-x-old	Язва
B.L	be-x-old	Вікіпэдыя:Ізаляваныя артыкулы
B.L	be-x-old	Вікіпэдыя:Артыкул
B.L	be-x-old	Вікіпэдыя:Артыкулы-сіраціны
B.L	ko	815콜라
B.L	ko	Afri-Cola
B.L	ko	Cory Doctorow
B.L	ko	계피
B.L	ko	라임
B.L	ko	레몬
B.L	ko	로얄 크라운 콜라
B.L	ko	롯데마트
B.L	ko	맥콜
B.L	ko	메카콜라
B.L	ko	바닐라
B.L	ko	버바 콜라
B.L	ko	버진 콜라
B.L	ko	사이다 (음료)
B.L	ko	샘스 초이스 콜라
B.L	ko	설탕
B.L	ko	스테비아
B.L	ko	아스파탐
B.L	ko	얼음
B.L	ko	영어
B.L	ko	오렌지
B.L	ko	오픈콜라
B.L	ko	옥수수 시럽
B.L	ko	유리잔
B.L	ko	이마트
B.L	ko	이스라엘
B.L	ko	인도네시아
B.L	ko	일화
B.L	ko	잉카 콜라
B.L	ko	졸트 콜라
B.L	ko	청량 음료
B.L	ko	카페인
B.L	ko	캐러멜
B.L	ko	코카콜라
B.L	ko	코포라
B.L	ko	코폴라
B.L	ko	콜라 카오
B.L	ko	콜라 터키
B.L	ko	콜라나무
B.L	ko	쿠바
B.L	ko	쿠바 콜라
B.L	ko	터키
B.L	ko	텀스 업
B.L	ko	투콜라
B.L	ko	팔레스타인 자치 정부
B.L	ko	펩시콜라
B.L	ko	호두나무
B.L	ko	홈플러스
B.L	ko	위키백과:토막글
B.L	ko	틀:들머리/그림/음료
B.L	ko	틀:토막글/그림/음료
B.L	ko	들머리:음료
B.L	nds-nl	20e eeuw
B.L	nds-nl	Angelo Mariani
B.L	nds-nl	Coca-Cola
B.L	nds-nl	Fosfor
B.L	nds-nl	GNU General Public License
B.L	nds-nl	Islam
B.L	nds-nl	John Pemberton
B.L	nds-nl	Kaffeïne
B.L	nds-nl	Kaneel
B.L	nds-nl	Karamel
B.L	nds-nl	Koka
B.L	nds-nl	Kolanötte
B.L	nds-nl	Koolzoer
B.L	nds-nl	Mecca
B.L	nds-nl	River Cola
B.L	nds-nl	Suker
B.L	nds-nl	Vin Mariani
B.L	nds-nl	Virgin Cola
B.L	nds-nl	Zeute
B.L	nds-nl	Zitroun (vrucht)
B.L	lb	Acesulfam
B.L	lb	Aspartam
B.L	lb	Coca-Cola
B.L	lb	John Smith Pemberton
B.L	lb	Kaffein
B.L	lb	Kalmus
B.L	lb	Kanéil
B.L	lb	Kiischt
B.L	lb	Koffein
B.L	lb	Kolanoss
B.L	lb	Koriander
B.L	lb	Kuelesaier
B.L	lb	Liewensmëttelzousaz
B.L	lb	Light-Produkt
B.L	lb	Limette
B.L	lb	Macis
B.L	lb	Neelcheskapp
B.L	lb	Pepsi
B.L	lb	Pharmazeut
B.L	lb	Phosphorsaier
B.L	lb	Sirop
B.L	lb	USA
B.L	lb	Vanill
B.L	lb	Waasser
B.L	lb	Ysop
B.L	lb	Zitroun
B.L	lb	Zocker
B.L	hr	Kofein
B.L	hr	Limun
B.L	hr	Ugljični dioksid
B.L	hr	Voda
B.L	hr	Šećer
B.L	hr	Wikipedija:Stil
B.L	hu	1863
B.L	hu	1886
B.L	hu	Amerikai Egyesült Államok
B.L	hu	Angelo Mariani
B.L	hu	Citromsav
B.L	hu	Coca-Cola
B.L	hu	Cukor
B.L	hu	Fruktóz
B.L	hu	Gyógyszerész
B.L	hu	John Pemberton
B.L	hu	Karamell
B.L	hu	Koffein
B.L	hu	Kokain
B.L	hu	Kóladió
B.L	hu	OpenCola
B.L	hu	PepsiCo
B.L	hu	Red Bull Cola
B.L	hu	Szénsav
B.L	hu	Wikimédia Commons
B.L	hu	Üdítőital
B.L	war	Wikipedia:Paagi pagliwat o pag-edit hin pakli
B.L	war	Wikipedia:Turók
B.L	id	(P.Beauv.) Schott et Endl.
B.L	id	A-Treat Bottling Company
B.L	id	Afri-Cola
B.L	id	Afrika
B.L	id	Amerika Serikat
B.L	id	Amrat Cola
B.L	id	Apotekarnes Cola
B.L	id	Aril
B.L	id	Baikal (drink)
B.L	id	Barr Cola
B.L	id	Batang
B.L	id	Beed Cola
B.L	id	Big 8 Cola
B.L	id	Biji
B.L	id	Blue Sky Beverage Company
B.L	id	Boylan Bottling Company
B.L	id	Breizh Cola
B.L	id	Britania Raya
B.L	id	Buah
B.L	id	Bubba Cola
B.L	id	Bunga
B.L	id	Campa Cola
B.L	id	Cassinelli
B.L	id	Cavan Cola
B.L	id	Celeste (soft drink)
B.L	id	China Cola
B.L	id	Classic Cola (Sainsbury's)
B.L	id	Club Cola
B.L	id	Coca-Cola
B.L	id	Coca Cola
B.L	id	Cockta
B.L	id	Cola
B.L	id	Cola Turka
B.L	id	Cole Cold
B.L	id	Corsica Cola
B.L	id	Count Cola
B.L	id	Cricket Cola
B.L	id	Cuba Cola
B.L	id	Diet Coke
B.L	id	Diet Rite
B.L	id	Double Cola
B.L	id	El Ché-Cola
B.L	id	Euro Shopper
B.L	id	Evoca Cola
B.L	id	Export Cola
B.L	id	Fada cola
B.L	id	Familia
B.L	id	Faygo
B.L	id	Fentiman's Curiosity Cola
B.L	id	Frescolita
B.L	id	Fritz-kola
B.L	id	Fruti Kola
B.L	id	Fuji-Cola
B.L	id	Hansen Natural
B.L	id	Inca Kola
B.L	id	Iran
B.L	id	Isaac Kola
B.L	id	Jazirah Arab
B.L	id	Jerman
B.L	id	Jolly Cola
B.L	id	Jolt Cola
B.L	id	Jones Soda
B.L	id	Kafein
B.L	id	Kakao
B.L	id	Karamel
B.L	id	Karbonasi
B.L	id	Kayu manis
B.L	id	Kiri
B.L	id	Kitty Kola
B.L	id	Klasifikasi ilmiah
B.L	id	Kofola
B.L	id	Kola Inglesa
B.L	id	Kola Real
B.L	id	Kola Román
B.L	id	Kristal Kola
B.L	id	Kroger
B.L	id	Kuncup
B.L	id	LA Ice Cola
B.L	id	Lava Cola
B.L	id	Lemon
B.L	id	Like Cola
B.L	id	Magnoliophyta
B.L	id	Malvaceae
B.L	id	Malvales
B.L	id	Mecca-Cola
B.L	id	Mecca Cola
B.L	id	Merek
B.L	id	Meter
B.L	id	Minuman ringan
B.L	id	Mr. Cola
B.L	id	OK Soda
B.L	id	Olvi Cola
B.L	id	OpenCola (drink)
B.L	id	Pakola
B.L	id	Parsi Cola
B.L	id	Pepsi
B.L	id	Perancis
B.L	id	Perú Cola
B.L	id	Plantae
B.L	id	Pohon
B.L	id	Polo-Cockta
B.L	id	Pran Cola
B.L	id	Premium-Cola
B.L	id	Primo Schincariol
B.L	id	Produksi
B.L	id	Qibla Cola
B.L	id	RC Cola
B.L	id	Red Bull Cola
B.L	id	Red Kola
B.L	id	Rockstar (drink)
B.L	id	Rola Cola
B.L	id	Rosopsida
B.L	id	Sam's Cola
B.L	id	Schweppes Cola
B.L	id	Shasta (soft drink)
B.L	id	Sinalco
B.L	id	Spesies
B.L	id	Sterculiaceae
B.L	id	Tab (soft drink)
B.L	id	Tatanama biologi
B.L	id	Thums Up
B.L	id	Topsia Cola
B.L	id	Triple Kola
B.L	id	Tropika
B.L	id	TuKola
B.L	id	Tumbuhan
B.L	id	Ubuntu Cola
B.L	id	Vanila
B.L	id	Virgin Cola
B.L	id	Vita Cola
B.L	id	White Rock Beverages
B.L	id	XL Cola
B.L	id	Zam Zam Cola
B.L	id	Zelal Cola
B.L	id	Zevia Cola
B.L	id	Wikipedia:Membaca kotak taksonomi
B.L	id	Wikipedia:Rintisan
B.L	id	Templat:Colas
B.L	id	Pembicaraan Templat:Colas
B.L	is	Bónuskóla
B.L	is	Bónusverslanirnar
B.L	is	Coca Cola
B.L	is	Gosdrykkur
B.L	is	Inca Cola
B.L	is	Kakótré
B.L	is	Kanill
B.L	is	Karamella
B.L	is	Koffín
B.L	is	Kólahneta
B.L	is	Mecca Cola
B.L	is	Pepsi Cola
B.L	is	Perú
B.L	is	RC-kóla
B.L	is	Royal Crown
B.L	is	Sítrus
B.L	is	Sól hf
B.L	is	Vanilla
B.L	is	Vestur-Afríka
B.L	is	Virgin Cola
B.L	is	Vörumerki
B.L	is	Ískóla
B.L	is	Íslam
B.L	is	Ísland
B.L	it	Amrat Cola
B.L	it	Anni 1990
B.L	it	Arab Cola
B.L	it	Arancia
B.L	it	Aroma
B.L	it	Barr Cola
B.L	it	Beuk Cola
B.L	it	Bevanda
B.L	it	Breizh Cola
B.L	it	Bubba Cola
B.L	it	Caffeina
B.L	it	Campa Cola
B.L	it	Canada Dry Cola
B.L	it	Cannella
B.L	it	Caramella
B.L	it	Caramello
B.L	it	Chek
B.L	it	Chero-Cola
B.L	it	China Cola
B.L	it	Chtilà Cola
B.L	it	Ciliegia
B.L	it	Classic Cola
B.L	it	Coca-Cola
B.L	it	Cola Coop
B.L	it	Cola Turka
B.L	it	Colorante
B.L	it	Corsica Cola
B.L	it	Cricket Cola
B.L	it	Cuba Cola
B.L	it	Diet Rite
B.L	it	Double Cola
B.L	it	El Che Cola
B.L	it	Elsass Cola
B.L	it	Etanolo
B.L	it	Europa
B.L	it	Evoca Cola
B.L	it	Faygo
B.L	it	Feichang Cola
B.L	it	Francia
B.L	it	Freeway Cola
B.L	it	Frescolita
B.L	it	Fuji-Cola
B.L	it	Ghiaccio
B.L	it	Ghiacciolo
B.L	it	Imazighen Cola
B.L	it	Inca Kola
B.L	it	Isaac Kola
B.L	it	Islam
B.L	it	Israele
B.L	it	Jolly Cola
B.L	it	Jolt Cola
B.L	it	Just Cola
B.L	it	Kitty Kola
B.L	it	Kofola
B.L	it	Kola Real
B.L	it	Lime
B.L	it	Limone
B.L	it	Mecca-Cola
B.L	it	Mecca Cola
B.L	it	Milan Cola
B.L	it	Noce di cola
B.L	it	Olvi Cola
B.L	it	One O One
B.L	it	One Piece
B.L	it	OpenCola
B.L	it	Palestina
B.L	it	Pepsi
B.L	it	Pepsi-Cola
B.L	it	Pompelmo
B.L	it	Premium-cola
B.L	it	Primia-cola
B.L	it	Qibla Cola
B.L	it	R.C. Cola
B.L	it	Red Bull Cola
B.L	it	Red Kola
B.L	it	Rola Cola
B.L	it	Roy Rogers (cocktail)
B.L	it	Sam's Choice
B.L	it	Shasta Cola
B.L	it	Sinalco
B.L	it	Soft drink
B.L	it	Spumador
B.L	it	Stati Uniti d'America
B.L	it	Sugar Cane Cola
B.L	it	Tab (cola)
B.L	it	Territori occupati
B.L	it	Thousand Sunny
B.L	it	Thums Up
B.L	it	TuKola
B.L	it	Ubuntu Cola
B.L	it	Ugarit Cola
B.L	it	Vaniglia
B.L	it	Virgin Cola
B.L	it	Vita-Cola
B.L	it	Zam Zam Cola
B.L	it	Zelal Cola
B.L	it	Wikipedia:Cita le fonti
B.L	it	Template:Cola
B.L	it	Discussioni template:Cola
B.L	it	Portale:Cucina
B.L	it	Portale:Cucina/icona
B.L	ja	-196℃
B.L	ja	10月21日
B.L	ja	1886年
B.L	ja	1888年
B.L	ja	1898年
B.L	ja	1902年
B.L	ja	1905年
B.L	ja	1912年
B.L	ja	1919年
B.L	ja	1929年
B.L	ja	1934年
B.L	ja	1945年
B.L	ja	1952年
B.L	ja	1953年
B.L	ja	1955年
B.L	ja	1956年
B.L	ja	1957年
B.L	ja	1958年
B.L	ja	1960年
B.L	ja	1961年
B.L	ja	1962年
B.L	ja	1963年
B.L	ja	1965年
B.L	ja	1966年
B.L	ja	1974年
B.L	ja	1975年
B.L	ja	1981年
B.L	ja	1985年
B.L	ja	1989年
B.L	ja	1990年
B.L	ja	1991年
B.L	ja	1992年
B.L	ja	1993年
B.L	ja	1996年
B.L	ja	1997年
B.L	ja	1998年
B.L	ja	2005年
B.L	ja	2006年
B.L	ja	2008年
B.L	ja	2009年
B.L	ja	2010年
B.L	ja	2012年
B.L	ja	45ジェット・コーラ
B.L	ja	7月8日
B.L	ja	8月5日
B.L	ja	LCコーラ
B.L	ja	Lasコーラ
B.L	ja	MYコーラ
B.L	ja	RCコーラ
B.L	ja	SSKソフト・コーラ
B.L	ja	こどもびいる
B.L	ja	アサヒビール
B.L	ja	アサヒ飲料
B.L	ja	アフリ・コーラ
B.L	ja	アメリカ合衆国
B.L	ja	アルコール
B.L	ja	アーノルド・シュワルツェネッガー
B.L	ja	イグノーベル賞
B.L	ja	インカ・コーラ
B.L	ja	ウィルキンソン・コーラ
B.L	ja	ウィン・コーラ
B.L	ja	オレンジ
B.L	ja	オープンコーラ
B.L	ja	カナダドライ・コーラ
B.L	ja	カフェイン
B.L	ja	カリフォルニア・コーラ
B.L	ja	カリフォルニア州
B.L	ja	カンパ・コーラ
B.L	ja	ガラナ飲料
B.L	ja	キュリオスティ・コーラ
B.L	ja	キリンガラナ
B.L	ja	キリンコーラ
B.L	ja	キリンビバレッジ
B.L	ja	キリンメッツコーラ
B.L	ja	クエン酸
B.L	ja	グット・コーラ
B.L	ja	グリコ
B.L	ja	グリコ・コーラ
B.L	ja	グリーンコーラ
B.L	ja	グルコース
B.L	ja	グローバル・ポジショニング・システム
B.L	ja	コアップガラナ
B.L	ja	コアップガラ・コーラ
B.L	ja	コカ・コーラ
B.L	ja	コカ・コーラ ゼロ
B.L	ja	コッカ
B.L	ja	コラカオ
B.L	ja	コーラ (植物)
B.L	ja	コーラショック
B.L	ja	コーラショックゼロ
B.L	ja	コーラ戦争
B.L	ja	コーンシロップ
B.L	ja	ゴールデン・コーラ
B.L	ja	サスケ (清涼飲料)
B.L	ja	サッポロビール
B.L	ja	サッポロ・コーラ
B.L	ja	サッポロ飲料
B.L	ja	サムズ・アップ
B.L	ja	サントリー
B.L	ja	サントリーフーズ
B.L	ja	ザ コカ・コーラ カンパニー
B.L	ja	ザムザム・コーラ
B.L	ja	シェロ・コーラ
B.L	ja	シナモン
B.L	ja	シュウェップス・コーラ
B.L	ja	シンプル&クオリティー・コーラ
B.L	ja	ジャンクフード
B.L	ja	ジョルト・コーラ
B.L	ja	スコーピオン (飲料)
B.L	ja	ステビア
B.L	ja	スパーク・コーラ
B.L	ja	スポーツドリンク
B.L	ja	ゼロスリム・コーラ
B.L	ja	タブ・クリア
B.L	ja	ダイエット
B.L	ja	ダイエットコーク
B.L	ja	チェリオ (飲料)
B.L	ja	チェリーコーク
B.L	ja	ディクシ・コーラ
B.L	ja	ドクターペッパー
B.L	ja	ナツメグ
B.L	ja	ニッポン・コーラ
B.L	ja	ハードジョイト・コーラ
B.L	ja	バニラ
B.L	ja	バニラコーク
B.L	ja	ヒト免疫不全ウイルス
B.L	ja	ファイブスターライジングコーラ
B.L	ja	フレッシュ・コーラ
B.L	ja	フレーバー
B.L	ja	プライベートブランド
B.L	ja	プラッシー
B.L	ja	ペットボトル
B.L	ja	ペプシコ
B.L	ja	ペプシコーラ
B.L	ja	ペプシネックス
B.L	ja	ポッカ
B.L	ja	マサチューセッツ州
B.L	ja	ミスティオ
B.L	ja	ミッション・コーラ
B.L	ja	ミラクルアルファ
B.L	ja	メッコール
B.L	ja	モナコーラ
B.L	ja	ライム
B.L	ja	ラッセルヨーヨー
B.L	ja	ラベンダー
B.L	ja	リバー・コーラ
B.L	ja	リボンシトロン
B.L	ja	リボン・コーラ
B.L	ja	リン酸
B.L	ja	ルートビア
B.L	ja	レイディオ (炭酸飲料)
B.L	ja	レモン
B.L	ja	ロイヤルクラウンコーラ
B.L	ja	ロイヤルクラウン・コーラ
B.L	ja	ヴァージン・コーラ
B.L	ja	三共
B.L	ja	上島珈琲
B.L	ja	中華人民共和国
B.L	ja	丸源飲料工業
B.L	ja	元祖!でぶや
B.L	ja	全清飲
B.L	ja	収集家
B.L	ja	向精神薬
B.L	ja	国分 (商社)
B.L	ja	国際飲料
B.L	ja	大和物産
B.L	ja	富士コーラ
B.L	ja	富永貿易
B.L	ja	懸賞
B.L	ja	日本たばこ産業
B.L	ja	日本コカ・コーラ
B.L	ja	日本ミッションジュース
B.L	ja	日本麦酒
B.L	ja	日米通商公社
B.L	ja	明治コーラ
B.L	ja	明治スカット
B.L	ja	明治屋
B.L	ja	明治製菓
B.L	ja	朝日商事
B.L	ja	札幌麦酒
B.L	ja	東京コカ・コーラボトリング
B.L	ja	東洋醸造
B.L	ja	森永クリーム・コーラ
B.L	ja	森永乳業
B.L	ja	森永製菓
B.L	ja	武田薬品
B.L	ja	沖縄黒糖コーラ
B.L	ja	清水食品
B.L	ja	清涼飲料
B.L	ja	清涼飲料水
B.L	ja	炭酸ボンベ
B.L	ja	炭酸飲料
B.L	ja	炭酸飽和
B.L	ja	無糖
B.L	ja	甘味料
B.L	ja	砂糖
B.L	ja	神戸居留地 (飲料品)
B.L	ja	福永社
B.L	ja	精子
B.L	ja	農林省
B.L	ja	連合国軍最高司令官総司令部
B.L	ja	道程
B.L	ja	長野コカ・コーラボトリング
B.L	ja	静岡柑協連
B.L	ja	非常可楽
B.L	ja	高村光太郎
B.L	ja	麒麟麦酒
B.L	ja	黒松可楽
B.L	ja	黒松沙士
B.L	ja	ノート:コーラ (飲料)
B.L	ja	Wikipedia:「要出典」をクリックされた方へ
B.L	ja	Wikipedia:出典を明記する
B.L	ja	Wikipedia:日本中心にならないように
B.L	ja	Wikipedia:検証可能性
B.L	ja	Wikipedia:独自研究は載せない
B.L	ja	Category:出典を必要とする記述のある記事/2008年8月
B.L	ja	Category:出典を必要とする記述のある記事/2009年2月
B.L	ja	Category:国際化が求められている項目/2008年
B.L	ja	Category:独自研究の除去が必要な記事/2009年1月-2月
B.L	zh-classical	十九世紀
B.L	zh-classical	可口可樂
B.L	zh-classical	咖啡因
B.L	zh-classical	感冒糖漿
B.L	zh-classical	百事可樂
B.L	zh-classical	美國
B.L	zh-classical	自由可樂
B.L	zh-classical	藥劑師
B.L	zh-classical	酒精
B.L	vi	Axit cacbonic
B.L	vi	Axít carbonic
B.L	vi	Axít phốtphoric
B.L	vi	Axít xitríc
B.L	vi	Băng khô
B.L	vi	Bệnh thận
B.L	vi	Caffein
B.L	vi	Carbonate hóa
B.L	vi	Chi cam chanh
B.L	vi	Chiến tranh Cola
B.L	vi	Chất làm ngọt nhân tạo
B.L	vi	Coca-Cola
B.L	vi	Coke
B.L	vi	Cola (định hướng)
B.L	vi	Cory Doctorow
B.L	vi	Cácbon điôxít
B.L	vi	Công thức Coca-Cola
B.L	vi	Cơ bản (hóa học)
B.L	vi	Digital object identifier
B.L	vi	Hạt kola
B.L	vi	Hạt nhục đậu khấu
B.L	vi	John Pemberton
B.L	vi	Mentos
B.L	vi	Màu caramel
B.L	vi	Mỹ
B.L	vi	Oải hương
B.L	vi	Pepsi
B.L	vi	Phản ứng phun giữa Diet Coke và Mentos
B.L	vi	PubMed Central
B.L	vi	PubMed Identifier
B.L	vi	Quế
B.L	vi	Sirô bắp độ ngọt cao
B.L	vi	Stevia
B.L	vi	Sô đa
B.L	vi	Thương hiệu công chúng
B.L	vi	Vanilla
B.L	vi	Wiktionary
B.L	vi	Đường
B.L	simple	Coca-Cola
B.L	simple	Kola nut
B.L	simple	Pepsi
B.L	simple	Wikipedia:Stub
B.L	simple	Category:Food stubs
B.L	fur	Arome
B.L	fur	Cafeine
B.L	fur	Caramel
B.L	fur	Coca Cola
B.L	fur	Pepsi Cola
B.L	fur	Plante di cole
B.L	fur	Stâts Unîts
B.L	uk	1886
B.L	uk	1903
B.L	uk	1931
B.L	uk	Mecca-Cola
B.L	uk	PH
B.L	uk	Іслам
B.L	uk	Аптека
B.L	uk	Атланта (Джорджія)
B.L	uk	Афрі-кола
B.L	uk	Ванілін
B.L	uk	Виразка шлунка
B.L	uk	Гастрит
B.L	uk	Гвоздика
B.L	uk	Джорджія
B.L	uk	Кальцій
B.L	uk	Кока-кола
B.L	uk	Кока (рослина)
B.L	uk	Кокаїн
B.L	uk	Кола (значення)
B.L	uk	Кола (рослина)
B.L	uk	Кофеїн
B.L	uk	Лимон
B.L	uk	Німеччина
B.L	uk	Оцет
B.L	uk	Палестина
B.L	uk	Пепсі-кола
B.L	uk	США
B.L	uk	Сироп
B.L	uk	Склянка
B.L	uk	Фосфорна кислота
B.L	uk	Франція
B.L	uk	Цент
B.L	uk	Цимтова олія
B.L	uk	Вікіпедія:Посилання на джерела
B.L	tl	2007-06-19
B.L	tl	Caffeine
B.L	tl	Coca-Cola
B.L	tl	Drugista
B.L	tl	Estados Unidos
B.L	tl	John Pemberton
B.L	tl	Karamel
B.L	tl	Kola (paglilinaw)
B.L	tl	Kola nut
B.L	tl	Wikang Ingles
B.L	tr	ABD
B.L	tr	Alkol
B.L	tr	Batı
B.L	tr	Coca-Cola
B.L	tr	Cola Turka
B.L	tr	Gaz
B.L	tr	Irak'ın İşgali
B.L	tr	Kafein
B.L	tr	Karamel
B.L	tr	Kristal Kola
B.L	tr	Le Cola
B.L	tr	Muhammed Karikatürleri
B.L	tr	Pepsi
B.L	tr	RC Cola
B.L	tr	İçecek
B.L	tr	Şeker
B.L	tr	Vikipedi:Madde
B.L	tr	Vikipedi:Taslak madde
B.L	th	WP:RS
B.L	th	กระทิงแดง โคล่า
B.L	th	การบริโภค
B.L	th	น้ำอัดลม
B.L	th	สารคาเฟอีน
B.L	th	สารเพิ่มความหวานสังเคราะห์
B.L	th	อาร์ซีโคล่า
B.L	th	อาหาร
B.L	th	เครื่องดื่ม
B.L	th	เป๊ปซี่
B.L	th	เมล็ดโคล่า
B.L	th	เวอร์จิ้น โคล่า
B.L	th	โคคา โคล่า
B.L	th	โคล่า
B.L	th	วิกิพีเดีย:การพิสูจน์ยืนยันได้
B.L	th	วิกิพีเดีย:การอ้างอิงแหล่งที่มา
B.L	th	วิกิพีเดีย:โครง
B.L	ta	இளநீர்
B.L	ta	உடற் பருமன்
B.L	ta	தேனீர்
B.L	ta	பழச்சாறு
B.L	ta	மோர்
B.L	sv	1999
B.L	sv	2006
B.L	sv	Afri-Cola
B.L	sv	Apelsin
B.L	sv	April
B.L	sv	Breizh Cola
B.L	sv	Bretagne
B.L	sv	Citron
B.L	sv	Citronsyra
B.L	sv	Citrus
B.L	sv	Coca-Cola
B.L	sv	Cola (olika betydelser)
B.L	sv	Cuba Cola
B.L	sv	Fosforsyra
B.L	sv	Inca Kola
B.L	sv	Indien
B.L	sv	Isoglukos
B.L	sv	Italien
B.L	sv	Jolt Cola
B.L	sv	Kanel
B.L	sv	Koffein
B.L	sv	Kokablad
B.L	sv	Kola
B.L	sv	Kolanöt
B.L	sv	Kolsyra
B.L	sv	Kuba
B.L	sv	Lime
B.L	sv	Lista över cola-drycker
B.L	sv	Livsmedelsfärgämnen
B.L	sv	Läskedryck
B.L	sv	Muskot
B.L	sv	Palestina
B.L	sv	Pepsi-Cola
B.L	sv	RC Cola
B.L	sv	Socker
B.L	sv	Star cola
B.L	sv	Stevia
B.L	sv	Sverige
B.L	sv	Sydamerika
B.L	sv	Sötningsmedel
B.L	sv	Thums Up
B.L	sv	Tropicola
B.L	sv	TuKola
B.L	sv	Tysk
B.L	sv	USA
B.L	sv	Vanilj
B.L	sv	Virgin Cola
B.L	sv	Wiktionary
B.L	sk	1863
B.L	sk	1886
B.L	sk	A-Treat Bottling Company
B.L	sk	Afri-Cola
B.L	sk	Alkoholický nápoj
B.L	sk	Amrat Cola
B.L	sk	Angelo Marian
B.L	sk	Apotekarnes Cola
B.L	sk	Bajkal (nápoj)
B.L	sk	Barr Cola
B.L	sk	Beed Cola
B.L	sk	Big 8 Cola
B.L	sk	Blue Sky Beverage Company
B.L	sk	Boylan Bottling Company
B.L	sk	Breizh Cola
B.L	sk	Bubba Cola
B.L	sk	Campa Cola
B.L	sk	Cassinelli
B.L	sk	Cavan Cola
B.L	sk	Celeste (soft drink)
B.L	sk	China Cola
B.L	sk	Classic Cola (Sainsbury's)
B.L	sk	Club Cola
B.L	sk	Coca-Cola
B.L	sk	Cockta
B.L	sk	Cola Turka
B.L	sk	Cole Cold
B.L	sk	Corsica Cola
B.L	sk	Count Cola
B.L	sk	Cricket Cola
B.L	sk	Cuba Cola
B.L	sk	Cukor
B.L	sk	Diet Coke
B.L	sk	Diet Rite
B.L	sk	Double Cola
B.L	sk	Dr Pepper
B.L	sk	El Ché-Cola
B.L	sk	Euro Shopper
B.L	sk	Evoca Cola
B.L	sk	Export Cola
B.L	sk	Fada Cola
B.L	sk	Faygo
B.L	sk	Fentiman's Curiosity Cola
B.L	sk	Frescolita
B.L	sk	Fritz-kola
B.L	sk	Fruti Kola
B.L	sk	Fuji-Cola
B.L	sk	Glukózo-fruktózový sirup
B.L	sk	Hansen Beverage Company
B.L	sk	Inca Kola
B.L	sk	Isaac Kola
B.L	sk	John Pemberton
B.L	sk	Jolly Cola
B.L	sk	Jolt Cola
B.L	sk	Jones Soda
B.L	sk	Karamel
B.L	sk	Kiri
B.L	sk	Kitty Kola
B.L	sk	Kofeín
B.L	sk	Kofola
B.L	sk	Kola (rod)
B.L	sk	Kola Inglesa
B.L	sk	Kola Real
B.L	sk	Kola Román
B.L	sk	Kristal Kola
B.L	sk	Kroger
B.L	sk	LA Ice Cola
B.L	sk	Lava Cola
B.L	sk	Like Cola
B.L	sk	Mecca-Cola
B.L	sk	Mr. Cola
B.L	sk	Nápoj
B.L	sk	OK Soda
B.L	sk	Olvi Cola
B.L	sk	OpenCola (drink)
B.L	sk	Pakola
B.L	sk	Parsi Cola
B.L	sk	Pepsi Cola
B.L	sk	Perú Cola
B.L	sk	Polo-Cockta
B.L	sk	Pran Cola
B.L	sk	Premium-cola
B.L	sk	Primo Schincariol
B.L	sk	Qibla Cola
B.L	sk	RC Cola
B.L	sk	Red Bull Cola
B.L	sk	Red Kola
B.L	sk	Rockstar (drink)
B.L	sk	Rola Cola
B.L	sk	Sam's Cola
B.L	sk	Schweppes Cola
B.L	sk	Shasta (soft drink)
B.L	sk	Sinalco
B.L	sk	Sladidlo
B.L	sk	Tab (soft drink)
B.L	sk	Thums Up
B.L	sk	Triple Kola
B.L	sk	TuKola
B.L	sk	Ubuntu Cola
B.L	sk	Virgin Cola
B.L	sk	Vita-Cola
B.L	sk	White Rock Beverages
B.L	sk	XL Cola
B.L	sk	Zam Zam Cola
B.L	sk	Zelal Cola
B.L	sk	Wikipédia:Výhonok
B.L	sk	Šablóna:Cola
B.L	sk	Diskusia k šablóne:Cola
B.L	sh	Coca Cola
B.L	sh	Karamel
B.L	sh	Kofein
B.L	sh	Pepsi Cola
B.L	sh	Ugljični dioksid
B.L	sh	Voda
B.L	sh	Šećer
B.L	sh	Wikipedia:Uputstvo
B.L	ru	1886
B.L	ru	1903
B.L	ru	1931
B.L	ru	1970
B.L	ru	1993
B.L	ru	Crazy Cola
B.L	ru	Dr Pepper
B.L	ru	Kofola
B.L	ru	Mecca-Cola
B.L	ru	OpenCola
B.L	ru	RC Cola
B.L	ru	River Cola
B.L	ru	Scho-Ka-Kola
B.L	ru	Schweppes (торговая марка)
B.L	ru	Sinalco Cola
B.L	ru	TAUfrisch Cola
B.L	ru	Английский язык
B.L	ru	Аптека
B.L	ru	Атланта (Джорджия)
B.L	ru	Афри-кола
B.L	ru	Бела-Кола
B.L	ru	Ванилин
B.L	ru	Винап-кола
B.L	ru	Витамин
B.L	ru	Гвоздика
B.L	ru	Германия
B.L	ru	Джон Стит Пембертон
B.L	ru	Джорджия
B.L	ru	Драфт-Кола
B.L	ru	Европа
B.L	ru	Желудочно-кишечный тракт
B.L	ru	Индия
B.L	ru	Ислам
B.L	ru	Йенский университет
B.L	ru	КС Кола
B.L	ru	Калорийность
B.L	ru	Кальций
B.L	ru	Квас
B.L	ru	Кефир
B.L	ru	Кока-Кола
B.L	ru	Кока-кола
B.L	ru	Кокаин
B.L	ru	Кола
B.L	ru	Кола (растение)
B.L	ru	Кофеин
B.L	ru	Лимон
B.L	ru	Лос-Анджелес
B.L	ru	Минеральная вода
B.L	ru	Молоко
B.L	ru	Обмен веществ
B.L	ru	Ожирение
B.L	ru	Организм
B.L	ru	Ортофосфорная кислота
B.L	ru	Палестинская автономия
B.L	ru	Пепси
B.L	ru	Пепси-кола
B.L	ru	Пиво
B.L	ru	Регенерация
B.L	ru	США
B.L	ru	Салют-кола
B.L	ru	Сахарозаменитель
B.L	ru	Сок (напиток)
B.L	ru	Стакан
B.L	ru	Фастфуд
B.L	ru	Фенилаланин
B.L	ru	Фенилкетонурия
B.L	ru	Франция
B.L	ru	Херши-кола
B.L	ru	Цент
B.L	ru	Цимтовое масло
B.L	ru	Элит-Кола
B.L	ru	Энергетическая ценность
B.L	ru	Википедия:Авторитетные источники
B.L	ru	Википедия:Проверяемость
B.L	ru	Википедия:Ссылки на источники
B.L	pt	2006
B.L	pt	Adoçante artificial
B.L	pt	Afri-Cola
B.L	pt	América do sul
B.L	pt	Açúcar
B.L	pt	Base
B.L	pt	Baunilha
B.L	pt	Cafeína
B.L	pt	Canela
B.L	pt	Caramelo
B.L	pt	Castanha de cola
B.L	pt	Celeste Soda
B.L	pt	Coca-Cola
B.L	pt	Coca Cola
B.L	pt	Cola (CMS)
B.L	pt	Cola Cao
B.L	pt	Cola Turka
B.L	pt	Cory Doctorow
B.L	pt	Cuba
B.L	pt	Cuba Cola
B.L	pt	Dióxido de carbono
B.L	pt	Doce
B.L	pt	Dr Pepper
B.L	pt	El Che Cola
B.L	pt	Fermento em pó
B.L	pt	Gelo seco
B.L	pt	Guarana
B.L	pt	Ice Cola
B.L	pt	Inca Kola
B.L	pt	Jolt Cola
B.L	pt	Kodomo Beer
B.L	pt	Mecca Cola
B.L	pt	Mentos
B.L	pt	OpenCola
B.L	pt	Pepsi
B.L	pt	Pepsi Cola
B.L	pt	R.C. Cola
B.L	pt	Refrigerante
B.L	pt	Root Beer
B.L	pt	Royal Crown Cola
B.L	pt	Schin
B.L	pt	Soft drink
B.L	pt	Star cola
B.L	pt	Thums Up
B.L	pt	Tropicola
B.L	pt	TuKola
B.L	pt	Virgin Cola
B.L	pt	Xarope de milho
B.L	pt	Zam Zam Cola
B.L	pt	Ácido carbônico
B.L	pt	Ácido fosfórico
B.L	pt	Índia
B.L	pt	Wikipédia:Fontes fiáveis
B.L	pt	Wikipédia:Livro de estilo/Cite as fontes
B.L	pt	Wikipédia:Livro de estilo/Referências e notas de rodapé
B.L	pt	Wikipédia:V
B.L	pt	Wikipédia:Verificabilidade
B.L	sah	Coca-Cola
B.L	sah	Cuba Libre
B.L	sah	Pepsi
B.L	sah	RC Cola
B.L	zh-yue	可口可樂
B.L	zh-yue	汽水
B.L	zh-yue	牌子
B.L	zh-yue	百事可樂
B.L	zh	可乐 (消歧义)
B.L	zh	可口可乐
B.L	zh	可樂果
B.L	zh	咖啡因
B.L	zh	百事可乐
B.L	zh	碳酸饮料
B.L	zh	酒精
B.L	zh	Wikipedia:小作品
CN	de	Cola
IWL	fi	Kolajuoma
IWL	fr	Cola
IWL	he	קולה (משקה)
IWL	fa	کولا
IWL	new	कोला
IWL	el	Κόλα
IWL	eo	Kolao
IWL	en	Cola
IWL	es	Bebida de cola
IWL	ca	Beguda de cola
IWL	bn	কোলা
IWL	bat-smg	Kuola
IWL	be	Кола, напой
IWL	da	Cola
IWL	cy	Cola
IWL	cs	Kola (nápoj)
IWL	az	Kola
IWL	ar	كولا
IWL	no	Cola
IWL	nn	Cola
IWL	pl	Cola
IWL	lt	Kola
IWL	mk	Кола (пијалок)
IWL	nl	Cola
IWL	jv	Kola
IWL	zh-min-nan	Cola
IWL	be-x-old	Кола (напой)
IWL	ko	콜라
IWL	nds-nl	Cola
IWL	lb	Cola
IWL	hr	Cola
IWL	hu	Kóla
IWL	war	Cola
IWL	id	Kola
IWL	is	Kóladrykkur
IWL	it	Cola (bevanda)
IWL	ja	コーラ (飲料)
IWL	zh-classical	可樂
IWL	vi	Cola
IWL	simple	Cola
IWL	fur	Cole
IWL	uk	Кола (напій)
IWL	tl	Kola
IWL	tr	Kola
IWL	th	น้ำโคล่า
IWL	ta	கோலா
IWL	sv	Cola
IWL	sk	Kola (nápoj)
IWL	sh	Cola
IWL	ru	Кола (напиток)
IWL	pt	Bebida de cola
IWL	sah	Кола
IWL	zh-yue	可樂
IWL	zh	可乐
