A.L	de	10. Januar
A.L	de	1947
A.L	de	ARD-Deutschlandtrend
A.L	de	Abgeordnetenwatch.de
A.L	de	Adolf Flecken
A.L	de	Agenda 2010
A.L	de	Albrecht Müller (Publizist)
A.L	de	Alexander Möller
A.L	de	Amos-Comenius-Gymnasium Bonn
A.L	de	Andreas von Bülow
A.L	de	Angela Merkel
A.L	de	Annette Schavan
A.L	de	Architekt
A.L	de	Artur Sträter
A.L	de	Aufsichtsrat
A.L	de	Axel Horstmann
A.L	de	B.Z.
A.L	de	BaFin
A.L	de	Bad Bank
A.L	de	Bankgeheimnis
A.L	de	BayernLB
A.L	de	Beckmann (Fernsehsendung)
A.L	de	Beppe Grillo
A.L	de	Berlin-Wedding
A.L	de	Bernd Rohwer
A.L	de	Betreuungsgeld
A.L	de	Big Brother Award
A.L	de	Bild (Zeitung)
A.L	de	Bildung einer kriminellen Vereinigung
A.L	de	Bildzeitung
A.L	de	Bilfinger (Unternehmen)
A.L	de	Biologie
A.L	de	Björn Engholm
A.L	de	Blog
A.L	de	Bodo Hombach
A.L	de	Bonn
A.L	de	Borussia Dortmund
A.L	de	Brigitte Zypries
A.L	de	Bruno Diekmann
A.L	de	Bruno Gleitze
A.L	de	Bund Deutscher Mädel
A.L	de	Bundesanstalt für Finanzmarktstabilisierung
A.L	de	Bundeskanzler (Deutschland)
A.L	de	Bundeskunsthalle
A.L	de	Bundesminister (Deutschland)
A.L	de	Bundesministerium der Finanzen
A.L	de	Bundesministerium für Forschung und Technologie
A.L	de	Bundesministerium für Raumordnung, Bauwesen und Städtebau
A.L	de	Bundesministerium für Verkehr, Bau und Stadtentwicklung
A.L	de	Bundesregierung (Deutschland)
A.L	de	Bundestagsverwaltung
A.L	de	Bundestagswahl 2009
A.L	de	Bundestagswahl 2013
A.L	de	Bundestagswahlkreis Mettmann I
A.L	de	Bundeswehr
A.L	de	Burkina Faso
A.L	de	Bümmerstede
A.L	de	Bündnis 90/Die Grünen
A.L	de	Bürgertum
A.L	de	Carsten Maschmeyer
A.L	de	Christa Thoben
A.L	de	Christian-Albrechts-Universität zu Kiel
A.L	de	Christoph Zöpel
A.L	de	Cicero-Rednerpreis
A.L	de	Commerzbank
A.L	de	Daniel Friedrich Sturm
A.L	de	Das politische Buch
A.L	de	Delbrück (Familie)
A.L	de	Deregulierung
A.L	de	Deutsche Bahn AG
A.L	de	Deutsche Demokratische Republik
A.L	de	Deutsche Nationalbibliothek
A.L	de	Deutsche Nationalstiftung
A.L	de	Deutscher Herbst
A.L	de	Deutschland
A.L	de	DiePresse.com
A.L	de	Die Welt
A.L	de	Die Zeit
A.L	de	Diether Posser
A.L	de	Dietrich Austermann
A.L	de	Diplom-Volkswirt
A.L	de	Diplomatie
A.L	de	Direktmandat
A.L	de	E.ON
A.L	de	Ehrendoktorwürde
A.L	de	Einlagensicherungsfonds
A.L	de	Ekkehard Wienholtz
A.L	de	Erik Nölting
A.L	de	Ernst Schwanhold
A.L	de	Eurokrise
A.L	de	Europäische Union
A.L	de	Eva Högl
A.L	de	Evangelische Kirche in Deutschland
A.L	de	FMSA
A.L	de	Fachgebundene Hochschulreife
A.L	de	Financial Times Deutschland
A.L	de	Finanzkrise ab 2007
A.L	de	Finanzmarktstabilisierungsfonds
A.L	de	Finanzministerium des Landes Nordrhein-Westfalen
A.L	de	Florian Pronold
A.L	de	Focus
A.L	de	Focus.de
A.L	de	Frank-Walter Steinmeier
A.L	de	Frankfurter Allgemeine Sonntagszeitung
A.L	de	Frankfurter Allgemeine Zeitung
A.L	de	Frankfurter Rundschau
A.L	de	Franz-Josef Kniola
A.L	de	Franz Blücher
A.L	de	Franz Etzel
A.L	de	Franz Froschmaier
A.L	de	Franz Josef Jung
A.L	de	Franz Josef Strauß
A.L	de	Franz Meyers
A.L	de	Franz Müntefering
A.L	de	Freiewelt.net
A.L	de	Freshfields Bruckhaus Deringer
A.L	de	Friedrich-Ebert-Stiftung
A.L	de	Friedrich Halstenberg
A.L	de	Friedrich Middelhauve
A.L	de	Fritz Kassmann
A.L	de	Fritz Schäffer
A.L	de	Fritz Steinhoff
A.L	de	Fritz Stricker
A.L	de	Garrelt Duin
A.L	de	Geldwäsche
A.L	de	Gelehrtenschule des Johanneums
A.L	de	Gemeinsame Normdatei
A.L	de	Georg-Schulhoff-Preis
A.L	de	Gerhard Gaul
A.L	de	Gerhard Kienbaum
A.L	de	Gerhard Schröder
A.L	de	Gerhard Stoltenberg
A.L	de	Gesche Joost
A.L	de	Giorgio Napolitano
A.L	de	Großbürgertum
A.L	de	Günther Einert
A.L	de	HSH Nordbank
A.L	de	Hamburg
A.L	de	Hamburg-Hohenfelde
A.L	de	Hamburg-Uhlenhorst
A.L	de	Handelsblatt
A.L	de	Hannelore Kraft
A.L	de	Hans Apel
A.L	de	Hans Eichel
A.L	de	Hans Herbert von Arnim
A.L	de	Hans Lauscher
A.L	de	Hans Matthöfer
A.L	de	Hans Wertz
A.L	de	Harald Schartau
A.L	de	Harry Voigtsberger
A.L	de	Heer (Bundeswehr)
A.L	de	Heidemarie Wieczorek-Zeul
A.L	de	Heiko Sakurai
A.L	de	Heinrich-Heine-Universität Düsseldorf
A.L	de	Heinrich Weitz
A.L	de	Heinz Kühn
A.L	de	Heinz Renner
A.L	de	Heinz Schleußer
A.L	de	Heinz Starke
A.L	de	Heise.de
A.L	de	Helmut-und-Loki-Schmidt-Stiftung
A.L	de	Helmut Linssen
A.L	de	Helmut Schmidt
A.L	de	Hermann Andersen
A.L	de	Hermann Böhrnsen
A.L	de	Hermann Kohlhase
A.L	de	Hermann Scheer
A.L	de	Hoffmann und Campe
A.L	de	Horst Günter Bülck
A.L	de	Horst Ludwig Riemer
A.L	de	Horst Seehofer
A.L	de	Hubert Seipel
A.L	de	Hugo Müller-Vogg
A.L	de	Hypo Real Estate
A.L	de	IG Bergbau, Chemie, Energie
A.L	de	IKB Deutsche Industriebank
A.L	de	Ilse Aigner
A.L	de	Inflation
A.L	de	Institut für Makroökonomie und Konjunkturforschung
A.L	de	Iran
A.L	de	Israel
A.L	de	Jean Asselborn
A.L	de	Jochen Dieckmann
A.L	de	Johannes Rau
A.L	de	Josef Pröll
A.L	de	Joseph Pütz
A.L	de	Jost de Jager
A.L	de	Jörg Asmussen
A.L	de	Jörn Biel
A.L	de	Jürgen Rüttgers
A.L	de	Jürgen Westphal
A.L	de	KPMG
A.L	de	Kabinett Clement I
A.L	de	Kabinett Clement II
A.L	de	Kabinett Merkel I
A.L	de	Kabinett Simonis I
A.L	de	Kabinett Simonis II
A.L	de	Kabinett Steinbrück
A.L	de	Kanzlerkandidat
A.L	de	Karl-Heinz Narjes
A.L	de	Karl-Theodor zu Guttenberg
A.L	de	Karl Arnold (Politiker)
A.L	de	Karl Lauterbach (Politiker, 1963)
A.L	de	Karl Schiller
A.L	de	Kiel
A.L	de	Kim Jong Un
A.L	de	Klaus Matthiesen
A.L	de	Klaus Wiesehügel
A.L	de	Knud Knudsen (Politiker)
A.L	de	Koalitionsvertrag
A.L	de	Kompetenzteam
A.L	de	Konstantin von Notz
A.L	de	Kurier (Tageszeitung)
A.L	de	Kurt Schmücker
A.L	de	Landgericht Kiel
A.L	de	Landtagswahl in Nordrhein-Westfalen 2005
A.L	de	Lehman Brothers
A.L	de	Leutnant
A.L	de	Library of Congress Control Number
A.L	de	Liselotte Funcke
A.L	de	Liste der deutschen Finanzminister
A.L	de	Lobbycontrol
A.L	de	Lone Star (Investmentgesellschaft)
A.L	de	Ludwig Preller (Politiker)
A.L	de	Lutz Lienenkämper
A.L	de	Lutz Riemann
A.L	de	Luxemburg im Zweiten Weltkrieg
A.L	de	Manager Magazin
A.L	de	Manfred Biermann
A.L	de	Manfred Lahnstein
A.L	de	Manuela Schwesig
A.L	de	Mathieu von Rohr
A.L	de	Matthias Machnig
A.L	de	Maßnahmenpaket „Beschäftigungssicherung durch Wachstumsstärkung“
A.L	de	Michael Adams (Wirtschaftsjurist)
A.L	de	Michael Glos
A.L	de	Michael Groschek
A.L	de	Michaela Noll
A.L	de	Micheline Calmy-Rey
A.L	de	Ministerium
A.L	de	Ministerium für Wirtschaft, Energie, Bauen, Wohnen und Verkehr des Landes Nordrhein-Westfalen
A.L	de	Ministerpräsident des Landes Nordrhein-Westfalen
A.L	de	Mitglied des Deutschen Bundestages
A.L	de	Münchner Sicherheitskonferenz
A.L	de	N-tv
A.L	de	NRW School of Governance
A.L	de	NachDenkSeiten
A.L	de	Neue Zürcher Zeitung
A.L	de	Norbert Gansel
A.L	de	Norbert Walter-Borjans
A.L	de	Nordrhein-Westfalen
A.L	de	OECD
A.L	de	Olaf Scholz
A.L	de	Oldenburg (Oldenburg)
A.L	de	Oliver Wittke
A.L	de	Oskar Lafontaine
A.L	de	Ost-Berlin
A.L	de	Ouagadougou
A.L	de	Panzergrenadierbrigade 31
A.L	de	Parlamentswahlen in Italien 2013
A.L	de	Parteispende
A.L	de	Pensionierung
A.L	de	Plittersdorf (Bonn)
A.L	de	Politik
A.L	de	Politik & Kommunikation
A.L	de	Politik und Kommunikation
A.L	de	Politiker
A.L	de	Politiker des Jahres
A.L	de	Pommern
A.L	de	Porsche AG
A.L	de	Private Equity
A.L	de	RAG AG
A.L	de	Radikalenerlass
A.L	de	Real-Estate-Investment-Trust
A.L	de	Reimut Jochimsen
A.L	de	Reinhard Meyer (SPD)
A.L	de	Report Mainz
A.L	de	Reserveoffizieranwärter
A.L	de	Reservist
A.L	de	Rheinische Post
A.L	de	Roger Asmussen
A.L	de	Rolf Dahlgrün
A.L	de	Rote Armee Fraktion
A.L	de	Rudolf Amelunxen
A.L	de	Rücklage
A.L	de	SachsenLB
A.L	de	Schach
A.L	de	Schachweltmeisterschaft 1934
A.L	de	Schachweltmeisterschaft 2008
A.L	de	Schleswig-Holstein
A.L	de	Schleswig-Holsteinischer Landtag
A.L	de	Schule (Wissenschaft)
A.L	de	Schuljahr
A.L	de	Schweiz
A.L	de	Schweizer Bankgeheimnis
A.L	de	Sekundarstufe I
A.L	de	Sigmar Gabriel
A.L	de	Silvio Berlusconi
A.L	de	SoFFin
A.L	de	Sozialdemokratische Partei Deutschlands
A.L	de	Sozialliberale Koalition
A.L	de	Soziologie
A.L	de	Spiegel
A.L	de	Spiegel Online
A.L	de	Spiegelreferat
A.L	de	Sprengelkiez
A.L	de	Stern (Zeitschrift)
A.L	de	Steuer-Identifikationsnummer
A.L	de	Steuerflucht
A.L	de	Steueroase
A.L	de	Stiftung Mercator
A.L	de	Ständige Vertretung
A.L	de	Sueddeutsche.de
A.L	de	Süddeutsche Zeitung
A.L	de	Tages-Anzeiger
A.L	de	Theo Waigel
A.L	de	Thomas Oppermann (Politiker)
A.L	de	Thomas de Maizière
A.L	de	ThyssenKrupp
A.L	de	Town Hall
A.L	de	Transparency International
A.L	de	USA
A.L	de	Ulla Schmidt
A.L	de	Universität Bonn
A.L	de	Universität Duisburg-Essen
A.L	de	Universität Leipzig
A.L	de	Universität Mainz
A.L	de	Ursula von der Leyen
A.L	de	Uwe-Karsten Heye
A.L	de	Uwe H. Schneider
A.L	de	Uwe Thomas
A.L	de	Verbriefung
A.L	de	Virtual International Authority File
A.L	de	Volker Hauff
A.L	de	Volker Wissing
A.L	de	Volkswirtschaftslehre
A.L	de	Wehrdienst
A.L	de	Welt am Sonntag
A.L	de	Werner Marnette
A.L	de	WestLB
A.L	de	Westdeutsche Allgemeine Zeitung
A.L	de	Westdeutscher Rundfunk
A.L	de	Willi Weyer
A.L	de	Wirtschaftsprüfer
A.L	de	Wirtschaftswissenschaftler
A.L	de	Wladimir Borissowitsch Kramnik
A.L	de	Wolfgang Clement
A.L	de	Wolfgang Kubicki
A.L	de	Wolfgang Schäuble
A.L	de	Wolfgang Tiefensee
A.L	de	Wort des Jahres (Schweiz)
A.L	de	Yasemin Karakaşoğlu
A.L	de	Zeit-Stiftung
A.L	de	Zeit des Nationalsozialismus
A.L	de	Zeitsoldat
A.L	de	Überwachungs- und Spionageaffäre 2013
A.L	de	Hilfe:Personendaten
B.L	fi	10. tammikuuta
B.L	fi	1947
B.L	fi	2005
B.L	fi	2009
B.L	fi	CDU
B.L	fi	Hampuri
B.L	fi	Jürgen Rüttgers
B.L	fi	Kansantaloustiede
B.L	fi	Kiel
B.L	fi	Merkelin I hallitus
B.L	fi	Nordrhein-Westfalen
B.L	fi	Poliitikko
B.L	fi	Saksa
B.L	fi	Saksan liittokansleri
B.L	fi	Saksan liittopäivät
B.L	fi	Saksan sosiaalidemokraattinen puolue
B.L	fi	Valtiovarainministeri
B.L	fi	Yhteiskuntatiede
B.L	fi	Wikipedia:Tynkä
B.L	fi	Luokka:Poliitikkotyngät
B.L	fr	10 janvier
B.L	fr	12 novembre
B.L	fr	14 mai
B.L	fr	17 janvier
B.L	fr	1947
B.L	fr	1949
B.L	fr	1968
B.L	fr	1969
B.L	fr	1970
B.L	fr	1974
B.L	fr	1976
B.L	fr	1977
B.L	fr	1978
B.L	fr	1981
B.L	fr	1985
B.L	fr	1986
B.L	fr	1990
B.L	fr	1992
B.L	fr	1993
B.L	fr	1996
B.L	fr	1998
B.L	fr	19 mai
B.L	fr	2000
B.L	fr	2002
B.L	fr	2005
B.L	fr	2009
B.L	fr	2012
B.L	fr	2013
B.L	fr	22 février
B.L	fr	22 juin
B.L	fr	22 mai
B.L	fr	22 novembre
B.L	fr	24 mars
B.L	fr	27 octobre
B.L	fr	27 septembre
B.L	fr	28 octobre
B.L	fr	28 septembre
B.L	fr	6 novembre
B.L	fr	9 décembre
B.L	fr	Abitur
B.L	fr	Agenda 2010
B.L	fr	Alexander Möller
B.L	fr	Allemagne
B.L	fr	Allemagne de l'Ouest
B.L	fr	Alliance 90 / Les Verts
B.L	fr	Aménagement du territoire
B.L	fr	Andreas von Bülow
B.L	fr	Angela Merkel
B.L	fr	Annette Schavan
B.L	fr	Berlin-Est
B.L	fr	Bodo Hombach
B.L	fr	Bonn
B.L	fr	Brigitte Zypries
B.L	fr	Bundesnachrichtendienst
B.L	fr	Bundestag
B.L	fr	Bundeswehr
B.L	fr	CDU/CSU
B.L	fr	Cabinet Clement I
B.L	fr	Cabinet Clement II
B.L	fr	Cabinet Merkel I
B.L	fr	Cabinet Merkel II
B.L	fr	Cabinet Schröder II
B.L	fr	Cabinet Simonis I
B.L	fr	Cabinet Simonis II
B.L	fr	Cabinet Steinbrück
B.L	fr	Centre-droit
B.L	fr	Chancelier fédéral (Allemagne)
B.L	fr	Chancellerie fédérale (Allemagne)
B.L	fr	Coalition noire-jaune
B.L	fr	Coalition rouge-verte (Allemagne)
B.L	fr	Conscription
B.L	fr	Daniel Bahr
B.L	fr	Dirk Niebel
B.L	fr	Décembre 2012
B.L	fr	Euro
B.L	fr	Europe
B.L	fr	Frank-Walter Steinmeier
B.L	fr	Frankfurter Allgemeine Zeitung
B.L	fr	Franz Etzel
B.L	fr	Franz Josef Jung
B.L	fr	Franz Josef Strauß
B.L	fr	Franz Meyers
B.L	fr	Franz Müntefering
B.L	fr	Fritz Schäffer
B.L	fr	Fritz Steinhoff
B.L	fr	Février 1981
B.L	fr	Février 2000
B.L	fr	Gerhard Schröder
B.L	fr	Gerhard Stoltenberg
B.L	fr	Gouvernement fédéral (Allemagne)
B.L	fr	Grande coalition (Allemagne)
B.L	fr	Groupe SPD au Bundestag
B.L	fr	Guido Westerwelle
B.L	fr	Hambourg
B.L	fr	Hannelore Kraft
B.L	fr	Hanovre
B.L	fr	Hans-Peter Friedrich
B.L	fr	Hans Apel
B.L	fr	Hans Eichel
B.L	fr	Hans Matthöfer
B.L	fr	Hedge fund
B.L	fr	Heide Simonis
B.L	fr	Heidemarie Wieczorek-Zeul
B.L	fr	Heinz Kühn
B.L	fr	Heinz Starke
B.L	fr	Helmut Schmidt
B.L	fr	Horst Seehofer
B.L	fr	Ilse Aigner
B.L	fr	Janvier 1947
B.L	fr	Janvier 2013
B.L	fr	Johanna Wanka
B.L	fr	Johannes Rau
B.L	fr	Juin 1978
B.L	fr	Juin 1990
B.L	fr	Juin 2005
B.L	fr	Jürgen Rüttgers
B.L	fr	Karl-Theodor zu Guttenberg
B.L	fr	Karl Arnold
B.L	fr	Karl Schiller
B.L	fr	Kiel
B.L	fr	Kristina Schröder
B.L	fr	Kurt Schmücker
B.L	fr	Landtag de Rhénanie-du-Nord-Westphalie
B.L	fr	Le Figaro
B.L	fr	Le Monde
B.L	fr	Liste des dirigeants des Länder allemands
B.L	fr	Liste des dirigeants des Länder et des Regierungsbezirke allemands
B.L	fr	Mai 1990
B.L	fr	Mai 1992
B.L	fr	Mai 1993
B.L	fr	Mai 2005
B.L	fr	Main Post
B.L	fr	Manfred Lahnstein
B.L	fr	Mars 1996
B.L	fr	Mettmann
B.L	fr	Michael Glos
B.L	fr	Ministre fédéral avec attributions spéciales
B.L	fr	Ministère fédéral de l'Agriculture (Allemagne)
B.L	fr	Ministère fédéral de l'Environnement (Allemagne)
B.L	fr	Ministère fédéral de l'Intérieur (Allemagne)
B.L	fr	Ministère fédéral de l'Économie (Allemagne)
B.L	fr	Ministère fédéral de l'Éducation et de la Recherche (Allemagne)
B.L	fr	Ministère fédéral de la Coopération économique (Allemagne)
B.L	fr	Ministère fédéral de la Défense (Allemagne)
B.L	fr	Ministère fédéral de la Famille (Allemagne)
B.L	fr	Ministère fédéral de la Justice (Allemagne)
B.L	fr	Ministère fédéral de la Santé (Allemagne)
B.L	fr	Ministère fédéral des Finances (Allemagne)
B.L	fr	Ministère fédéral des Transports et de la Construction (Allemagne)
B.L	fr	Ministère fédéral du Travail (Allemagne)
B.L	fr	Norbert Röttgen
B.L	fr	Novembre
B.L	fr	Novembre 1986
B.L	fr	Novembre 2002
B.L	fr	Novembre 2005
B.L	fr	Novembre 2012
B.L	fr	OCDE
B.L	fr	Octobre
B.L	fr	Octobre 1998
B.L	fr	Octobre 2009
B.L	fr	Office des Affaires étrangères (Allemagne)
B.L	fr	Olaf Scholz
B.L	fr	Oskar Lafontaine
B.L	fr	Parti libéral-démocrate (Allemagne)
B.L	fr	Parti social-démocrate d'Allemagne
B.L	fr	Personnalité politique
B.L	fr	Peter Altmaier
B.L	fr	Peter Ramsauer
B.L	fr	Philipp Rösler
B.L	fr	Politique de l'Allemagne
B.L	fr	Protection de l'environnement
B.L	fr	Rainer Brüderle
B.L	fr	Rhénanie-du-Nord-Westphalie
B.L	fr	Rolf Dahlgrün
B.L	fr	Ronald Pofalla
B.L	fr	Rudolf Amelunxen
B.L	fr	Sabine Leutheusser-Schnarrenberger
B.L	fr	Schleswig-Holstein
B.L	fr	Sciences économiques et sociales
B.L	fr	Septembre 1985
B.L	fr	Septembre 2009
B.L	fr	Septembre 2012
B.L	fr	Sigmar Gabriel
B.L	fr	Suisse
B.L	fr	Theodor Waigel
B.L	fr	Thomas de Maizière
B.L	fr	Ulla Schmidt
B.L	fr	Union chrétienne-démocrate d'Allemagne
B.L	fr	Union européenne
B.L	fr	Université Christian Albrecht de Kiel
B.L	fr	Ursula von der Leyen
B.L	fr	Vaduz
B.L	fr	Vice-chancelier (Allemagne)
B.L	fr	Volker Hauff
B.L	fr	Werner Müller
B.L	fr	Wolfgang Clement
B.L	fr	Wolfgang Schäuble
B.L	fr	Wolfgang Tiefensee
B.L	fr	Économiste
B.L	fr	Élections fédérales allemandes de 1983
B.L	fr	Élections fédérales allemandes de 2005
B.L	fr	Élections fédérales allemandes de 2009
B.L	fr	Élections fédérales allemandes de 2013
B.L	fr	Modèle:Palette Cabinet Merkel
B.L	fr	Modèle:Palette Ministre-présidents de Rhénanie-du-Nord-Westphalie
B.L	fr	Modèle:Palette Ministres des Finances allemands
B.L	fr	Discussion modèle:Palette Cabinet Merkel
B.L	fr	Discussion modèle:Palette Ministre-présidents de Rhénanie-du-Nord-Westphalie
B.L	fr	Discussion modèle:Palette Ministres des Finances allemands
B.L	fr	Catégorie:Portail:Allemagne/Articles liés
B.L	fr	Catégorie:Portail:Politique/Articles liés
B.L	fr	Portail:Allemagne
B.L	fr	Portail:Politique
B.L	he	10 בינואר
B.L	he	1947
B.L	he	1974
B.L	he	1978
B.L	he	1981
B.L	he	1993
B.L	he	1998
B.L	he	2000
B.L	he	2002
B.L	he	2005
B.L	he	2008
B.L	he	2009
B.L	he	2010
B.L	he	2011
B.L	he	2013
B.L	he	22 במאי
B.L	he	אופוזיציה
B.L	he	אנגלה מרקל
B.L	he	בוגר אוניברסיטה
B.L	he	בונדסוור
B.L	he	בונדסטאג
B.L	he	בחירות
B.L	he	בנקאות
B.L	he	בנקאות בשווייץ
B.L	he	בריטניה
B.L	he	גרהרד שרדר
B.L	he	גרמני
B.L	he	גרמנית
B.L	he	הלמוט שמידט
B.L	he	המפלגה הנוצרית-דמוקרטית הגרמנית
B.L	he	המפלגה הסוציאל-דמוקרטית של גרמניה
B.L	he	חוב ציבורי
B.L	he	יוהנס ראו
B.L	he	כוחות מילואים
B.L	he	כלכלה
B.L	he	כלכלה קיינסיאנית
B.L	he	כלכליסט
B.L	he	מדיניות
B.L	he	משרד האוצר (גרמניה)
B.L	he	נורדריין-וסטפאליה
B.L	he	ניוזוויק
B.L	he	סקר
B.L	he	עמדה (פסיכולוגיה)
B.L	he	ערוץ טלוויזיה
B.L	he	פוליטיקאי
B.L	he	פוליטיקה של גרמניה
B.L	he	קאנצלר גרמניה
B.L	he	קואליציה
B.L	he	קואליציה רחבה
B.L	he	קיל
B.L	he	קצין
B.L	he	קרן גידור
B.L	he	קרן השקעות פרטיות
B.L	he	ראיון
B.L	he	ראש ממשלה
B.L	he	שווייץ
B.L	he	שלזוויג-הולשטיין
B.L	he	שמרנות
B.L	he	שנות ה-80
B.L	he	ויקיפדיה:ברוכים הבאים
B.L	he	ויקיפדיה:מיזמי ויקיפדיה/ערכים יתומים
B.L	he	ויקיפדיה:קישורים פנימיים
B.L	el	10 Ιανουαρίου
B.L	el	1947
B.L	el	1993
B.L	el	1998
B.L	el	19 Μαΐου
B.L	el	2000
B.L	el	2002
B.L	el	2005
B.L	el	2009
B.L	el	2012
B.L	el	21 Φεβρουαρίου
B.L	el	22 Νοεμβρίου
B.L	el	22 Φεβρουαρίου
B.L	el	24 Ιουνίου
B.L	el	27 Οκτωβρίου
B.L	el	28 Οκτωβρίου
B.L	el	28 Σεπτεμβρίου
B.L	el	6 Νοεμβρίου
B.L	el	Bundestag
B.L	el	Bundeswehr
B.L	el	Newsweek
B.L	el	Άδεια Ελεύθερης Τεκμηρίωσης GNU
B.L	el	Άνγκελα Μέρκελ
B.L	el	Αμβούργο
B.L	el	Βιογραφία
B.L	el	Βόλφγκανγκ Κλέμεντ
B.L	el	Βόλφγκανγκ Σόιμπλε
B.L	el	Βόρεια Ρηνανία-Βεστφαλία
B.L	el	Γερμανία
B.L	el	Γερμανική γλώσσα
B.L	el	Γιοχάνες Ράου
B.L	el	Γιούργκεν Ντίκμαν
B.L	el	Γιούργκεν Ρούτγκερς
B.L	el	Γκέρχαρτ Σρέντερ
B.L	el	Δυτική Γερμανία
B.L	el	Ελβετία
B.L	el	Ερνστ Σβάνχολντ
B.L	el	Κεϊνσιανή οικονομία
B.L	el	Μπόντο Χόμπαχ
B.L	el	Ούβε Τόμας
B.L	el	Πανεπιστήμιο του Κίελου
B.L	el	Πράσινοι (Γερμανία)
B.L	el	Σλέσβιχ-Χολστάιν
B.L	el	Σοσιαλδημοκρατία
B.L	el	Σοσιαλδημοκρατικό Κόμμα της Γερμανίας
B.L	el	Χάιντε Σιμόνις
B.L	el	Χάιντς Σλόισερ
B.L	el	Χέλμουτ Σμιτ
B.L	el	Χανς Άιχελ
B.L	el	Χορστ Γκίντερ Μπιλκ
B.L	el	Χριστιανοδημοκρατική Ένωση (Γερμανία)
B.L	eo	10-an de januaro
B.L	eo	1947
B.L	eo	2002
B.L	eo	2005
B.L	eo	2008
B.L	eo	2009
B.L	eo	Bundestag
B.L	eo	Germana politikisto
B.L	eo	Germanoj
B.L	eo	Hamburgo
B.L	eo	Jürgen Rüttgers
B.L	eo	Ministraro unua de Angela Merkel
B.L	eo	Ministroprezidanto
B.L	eo	Nordrejn-Vestfalio
B.L	eo	Opozicio
B.L	eo	Politikisto
B.L	eo	Sozialdemokratische Partei Deutschlands
B.L	eo	Wolfgang Clement
B.L	eo	Vikipedio:La perfekta ĝermo de artikolo
B.L	eo	Vikipedio:Tradukoj
B.L	eo	Vikipedio:Trovi aŭ kreskigi ĝermojn
B.L	eo	Helpo:Prononcindiko
B.L	eo	Kategorio:Ĝermoj pri Germana politikisto
B.L	eo	Kategorio:Ĝermoj pri germana politikisto
B.L	eo	Kategorio:Ĝermoj pri germana politikistoj
B.L	eo	Kategorio:Ĝermoj pri germanaj politikistoj
B.L	en	ARD (broadcaster)
B.L	en	Adolf Wermuth
B.L	en	Adolf von Scholz
B.L	en	Alex Möller
B.L	en	Alliance '90/The Greens
B.L	en	Alma mater
B.L	en	Andreas Hermes
B.L	en	Angela Merkel
B.L	en	Annette Schavan
B.L	en	Arthur von Posadowsky-Wehner
B.L	en	Authority control
B.L	en	BBC News
B.L	en	Banking in Switzerland
B.L	en	Bernhard Dernburg
B.L	en	Bodo Hombach
B.L	en	Brigitte Zypries
B.L	en	Bundestag
B.L	en	Bundeswehr
B.L	en	Chancellor of Germany
B.L	en	Christian Democratic Union (Germany)
B.L	en	Danzig
B.L	en	East Germany
B.L	en	Economics
B.L	en	Ernst Höfner
B.L	en	Ernst Schwanhold
B.L	en	Eugen Schiffer
B.L	en	Federal Minister of Finance (Germany)
B.L	en	Federal Ministry of Finance (Germany)
B.L	en	Federal Republic of Germany
B.L	en	Frank-Walter Steinmeier
B.L	en	Franz Emil Emanuel von Burchard
B.L	en	Franz Etzel
B.L	en	Franz Josef Jung
B.L	en	Franz Josef Strauss
B.L	en	Franz Meyers
B.L	en	Franz Müntefering
B.L	en	Fritz Schäffer
B.L	en	Fritz Steinhoff
B.L	en	Gerhard Schröder
B.L	en	Gerhard Stoltenberg
B.L	en	German Empire
B.L	en	German federal election, 2005
B.L	en	Germany
B.L	en	Giorgio Napolitano
B.L	en	Grand coalition
B.L	en	Hamburg
B.L	en	Hannelore Kraft
B.L	en	Hans Apel
B.L	en	Hans Eichel
B.L	en	Hans Loch
B.L	en	Hans Luther
B.L	en	Hans Matthöfer
B.L	en	Heidemarie Wieczorek-Zeul
B.L	en	Heinrich Brüning
B.L	en	Heinrich Köhler
B.L	en	Heinz Kühn
B.L	en	Heinz Schleußer
B.L	en	Heinz Starke
B.L	en	Helmut Schmidt
B.L	en	Helmuth von Maltzahn
B.L	en	Hermann Kühn
B.L	en	Hermann R. Dietrich
B.L	en	Hermann von Stengel
B.L	en	Horst Günter Bülck
B.L	en	Horst Seehofer
B.L	en	Ilse Aigner
B.L	en	Integrated Authority File
B.L	en	Jochen Dieckmann
B.L	en	Johannes Rau
B.L	en	Joseph Wirth
B.L	en	Jürgen Rüttgers
B.L	en	Karl-Theodor zu Guttenberg
B.L	en	Karl Arnold
B.L	en	Karl Helfferich
B.L	en	Karl Rudolf Jacobi
B.L	en	Karl Schiller
B.L	en	Keynesian
B.L	en	Kurt Schmücker
B.L	en	List of Ministers-President of North Rhine-Westphalia
B.L	en	Lutz Graf Schwerin von Krosigk
B.L	en	Manfred Lahnstein
B.L	en	Matthias Erzberger
B.L	en	Max Franz Guido von Thielmann
B.L	en	Merkel Cabinet I
B.L	en	Michael Glos
B.L	en	Minister President
B.L	en	Nazi Germany
B.L	en	Newsweek
B.L	en	Next German federal election
B.L	en	North Rhine-Westphalia
B.L	en	North Rhine-Westphalia state election, 2005
B.L	en	Officer (military)
B.L	en	Olaf Scholz
B.L	en	Oskar Lafontaine
B.L	en	Otto von Schlieben
B.L	en	Paul Moldenhauer
B.L	en	Peter Reinhold
B.L	en	Reinhold Sydow
B.L	en	Reservist
B.L	en	Rolf Dahlgrün
B.L	en	Rudolf Amelunxen
B.L	en	Rudolf Hilferding
B.L	en	Schleswig-Holstein
B.L	en	Shadow banking system
B.L	en	Siegfried Böhm
B.L	en	Siegfried von Roedern
B.L	en	Sigmar Gabriel
B.L	en	Social Democratic Party of Germany
B.L	en	Spiegel Online
B.L	en	Steinbrück
B.L	en	Switzerland
B.L	en	Theodor Waigel
B.L	en	Third Reich
B.L	en	Thomas de Maizière
B.L	en	Ulla Schmidt
B.L	en	University of Kiel
B.L	en	Ursula von der Leyen
B.L	en	Uta Nickel
B.L	en	Uwe Thomas
B.L	en	Virtual International Authority File
B.L	en	Walter Romberg
B.L	en	Weimar Republic
B.L	en	Werner Schmieder
B.L	en	Werner Skowron
B.L	en	West Germany
B.L	en	Willy Rumpf
B.L	en	Wolfgang Clement
B.L	en	Wolfgang Schäuble
B.L	en	Wolfgang Tiefensee
B.L	en	Zidani Most
B.L	en	Wikipedia:Persondata
B.L	en	Template:Cabinet Merkel I
B.L	en	Template:Finance Ministers of Germany
B.L	en	Template:NRW-PMs
B.L	en	Template talk:Cabinet Merkel I
B.L	en	Template talk:Finance Ministers of Germany
B.L	en	Template talk:NRW-PMs
B.L	en	Category:Use dmy dates from September 2012
B.L	es	10 de enero
B.L	es	1947
B.L	es	1968
B.L	es	1969
B.L	es	1978
B.L	es	1981
B.L	es	1993
B.L	es	1998
B.L	es	2000
B.L	es	2002
B.L	es	2005
B.L	es	2008
B.L	es	2009
B.L	es	2012
B.L	es	2013
B.L	es	22 de noviembre
B.L	es	24 de junio
B.L	es	26 de febrero
B.L	es	27 de octubre
B.L	es	27 de septiembre
B.L	es	28 de septiembre
B.L	es	6 de noviembre
B.L	es	Alemania ocupada
B.L	es	Alianza 90/Los Verdes
B.L	es	Alma máter
B.L	es	Angela Merkel
B.L	es	Años 1980
B.L	es	BBC News
B.L	es	Banco malo
B.L	es	Bancos suizos
B.L	es	Beppe Grillo
B.L	es	Bodo Hombach
B.L	es	Bundestag
B.L	es	Bundestag de Alemania
B.L	es	Bundeswehr
B.L	es	CDU
B.L	es	Canciller
B.L	es	Canciller de Alemania
B.L	es	Crisis económica de 2008-2013
B.L	es	Demócrata cristiano
B.L	es	Deutsche Bahn
B.L	es	Deutsche Post
B.L	es	Economía
B.L	es	Elecciones federales de Alemania de 2005
B.L	es	Elecciones federales de Alemania de 2009
B.L	es	Elecciones federales de Alemania de 2013
B.L	es	Elecciones generales de Italia de 2013
B.L	es	Ernst Schwanhold
B.L	es	Frankfurter Allgemeine Zeitung
B.L	es	Giorgio Napolitano
B.L	es	Gobierno de Alemania
B.L	es	Hamburgo
B.L	es	Hans Eichel
B.L	es	Heinz Schleußer
B.L	es	Helmut Schmidt
B.L	es	Horst Günter Bülck
B.L	es	Hypo Real Estate
B.L	es	Jochen Dieckmann
B.L	es	Johannes Rau
B.L	es	Jürgen Rüttgers
B.L	es	Keynesianismo
B.L	es	Lehman Brothers
B.L	es	Liechtenstein
B.L	es	Miembro
B.L	es	Ministro
B.L	es	Ministro-Presidente
B.L	es	Ministro Presidente
B.L	es	Münster
B.L	es	Newsweek
B.L	es	Partido Socialdemócrata de Alemania
B.L	es	Partido político
B.L	es	Presidente
B.L	es	Renania del Norte-Westfalia
B.L	es	Reuters
B.L	es	Schleswig-Holstein
B.L	es	Silvio Berlusconi
B.L	es	Sociología
B.L	es	Spiegel Online
B.L	es	Universidad de Kiel
B.L	es	Unión Demócrata Cristiana (Alemania)
B.L	es	Uwe Thomas
B.L	es	Wikimedia Commons
B.L	es	Wolfgang Clement
B.L	es	Wolfgang Schäuble
B.L	ca	10 de gener
B.L	ca	12 de juny
B.L	ca	12 de novembre
B.L	ca	18 de setembre
B.L	ca	1947
B.L	ca	1954
B.L	ca	1966
B.L	ca	1968
B.L	ca	1969
B.L	ca	1974
B.L	ca	1976
B.L	ca	1978
B.L	ca	1981
B.L	ca	1983
B.L	ca	1985
B.L	ca	1986
B.L	ca	1990
B.L	ca	1992
B.L	ca	1993
B.L	ca	1998
B.L	ca	19 de maig
B.L	ca	2000
B.L	ca	2002
B.L	ca	2005
B.L	ca	2009
B.L	ca	22 de febrer
B.L	ca	22 de juny
B.L	ca	22 de maig
B.L	ca	22 de novembre
B.L	ca	27 d'octubre
B.L	ca	27 de setembre
B.L	ca	6 de març
B.L	ca	Alemanya
B.L	ca	Andreas von Bülow
B.L	ca	Angela Merkel
B.L	ca	Berlín Est
B.L	ca	Bodo Hombach
B.L	ca	Bonn
B.L	ca	Bundestag
B.L	ca	Canceller d'Alemanya
B.L	ca	Economia
B.L	ca	Eleccions al Landtag de Rin del Nord - Westfàlia de 2000
B.L	ca	Eleccions al Landtag de Rin del Nord - Westfàlia de 2005
B.L	ca	Eleccions federals alemanyes de 1983
B.L	ca	Eleccions federals alemanyes de 2005
B.L	ca	Eleccions federals alemanyes de 2009
B.L	ca	Ernst Schwanhold
B.L	ca	Estat federal alemany
B.L	ca	Febrer
B.L	ca	Gabinet Merkel I
B.L	ca	Gabinet Schröder II
B.L	ca	Gerhard Schröder
B.L	ca	Hamburg (estat)
B.L	ca	Hans Eichel
B.L	ca	Hans Matthöfer
B.L	ca	Heinz Schleußer
B.L	ca	Horst Günter Bülck
B.L	ca	Horst Günther Blück
B.L	ca	Jochen Dieckmann
B.L	ca	Johannes Rau
B.L	ca	Juny
B.L	ca	Jürgen Rüttgers
B.L	ca	Kiel
B.L	ca	Maig
B.L	ca	Ministeri Federal de Finances (Alemanya)
B.L	ca	Ministre
B.L	ca	Nazis
B.L	ca	Novembre
B.L	ca	OCDE
B.L	ca	Oficial (forces armades)
B.L	ca	Partit Democràtic Lliure
B.L	ca	Partit Socialdemòcrata d'Alemanya
B.L	ca	President
B.L	ca	Rin del Nord-Westfàlia
B.L	ca	Rin del Nord - Westfàlia
B.L	ca	SSlesvig-Holstein
B.L	ca	Setembre
B.L	ca	Slesvig-Holstein
B.L	ca	Sociologia
B.L	ca	Suïssa
B.L	ca	Unió Demòcrata Cristiana d'Alemanya
B.L	ca	Unió Europea
B.L	ca	Uwe Thomas
B.L	ca	Volker Hauff
B.L	ca	Wolfgang Clement
B.L	ca	Wolfgang Schäuble
B.L	ca	Zones d'ocupació aliada a Alemanya
B.L	ca	Plantilla:Bandera/Germany (1946-1949)
B.L	ca	Plantilla:Bandera/North Rhine-Westphalia
B.L	nds	10. Januar
B.L	nds	1947
B.L	nds	Alexander Möller
B.L	nds	Bundsrepubliek Düütschland
B.L	nds	Bunnsministerium för'd Finanzen
B.L	nds	Finanzminister
B.L	nds	Franz Etzel
B.L	nds	Franz Josef Strauß
B.L	nds	Fritz Schäffer
B.L	nds	Gerhard Stoltenberg
B.L	nds	Hamborg
B.L	nds	Hans Apel
B.L	nds	Hans Eichel
B.L	nds	Hans Matthöfer
B.L	nds	Heinz Starke
B.L	nds	Helmut Schmidt
B.L	nds	Karl Schiller
B.L	nds	Kurt Schmücker
B.L	nds	Manfred Lahnstein
B.L	nds	Noordrhien-Westfalen
B.L	nds	Oskar Lafontaine
B.L	nds	Rolf Dahlgrün
B.L	nds	SPD
B.L	nds	Theodor Waigel
B.L	nds	Wolfgang Schäuble
B.L	cs	10. leden
B.L	cs	1947
B.L	cs	Angela Merkelová
B.L	cs	Bundeswehr
B.L	cs	Důstojník
B.L	cs	Gerhard Schröder
B.L	cs	Hamburk
B.L	cs	Helmut Schmidt
B.L	cs	Johannes Rau
B.L	cs	Kiel
B.L	cs	Křesťanskodemokratická unie
B.L	cs	Německo
B.L	cs	Německé federální volby 2005
B.L	cs	Německé federální volby 2013
B.L	cs	Německý kancléř
B.L	cs	Německý ministr financí
B.L	cs	Německý spolkový sněm
B.L	cs	Parlamentní volby v Severním Porýní-Vestfálsku 2005
B.L	cs	První vláda Angely Merkelové
B.L	cs	Severní Porýní-Vestfálsko
B.L	cs	Sigmar Gabriel
B.L	cs	Sociálnědemokratická strana Německa
B.L	cs	Spojenectví 90/Zelení
B.L	cs	Velká koalice
B.L	cs	Wikicitáty
B.L	cs	Wikimedia Commons
B.L	cs	Záložník (vojsko)
B.L	cs	Šlesvicko-Holštýnsko
B.L	cs	Wikipedie:WikiProjekt Překlad/Rady
B.L	als	10. Januar
B.L	als	Angela Merkel
B.L	als	Architekt
B.L	als	B.Z.
B.L	als	Berlin
B.L	als	Björn Engholm
B.L	als	Bonn
B.L	als	Borussia Dortmund
B.L	als	Bundeswehr
B.L	als	Christian-Albrechts-Universität zu Kiel
B.L	als	Deutscher Bundestag
B.L	als	Deutsches Reich (1933-1945)
B.L	als	Deutschland
B.L	als	Evangelische Kirche in Deutschland
B.L	als	Hamburg
B.L	als	Helmut Schmidt
B.L	als	Jürgen Rüttgers
B.L	als	Kiel
B.L	als	N-tv
B.L	als	Nordrhein-Westfalen
B.L	als	Ost-Berlin
B.L	als	Politiker
B.L	als	Pommern
B.L	als	Schleswig-Holstein
B.L	als	Sozialdemokratische Partei Deutschlands
B.L	als	Soziologie
B.L	als	ThyssenKrupp
B.L	als	Universität Duisburg-Essen
B.L	als	Universität Leipzig
B.L	als	Volkswirtschaftslehre
B.L	als	Wolfgang Clement
B.L	als	Wikipedia:Personendaten
B.L	ar	ويكيبيديا:الاستشهاد بمصادر
B.L	ar	ويكيبيديا:بذرة
B.L	ar	ويكيبيديا:مصادر موثوقة
B.L	ar	ويكيبيديا:وثوقية
B.L	ar	ويكيبيديا:يتيمة
B.L	ar	مساعدة:وصلة
B.L	ar	تصنيف:مقالات نهاية مسدودة منذ يونيو 2013
B.L	ar	تصنيف:مقالات يتيمة منذ أكتوبر 2012
B.L	no	10. januar
B.L	no	1947
B.L	no	1970
B.L	no	1974
B.L	no	2002
B.L	no	2005
B.L	no	2009
B.L	no	Abitur
B.L	no	Alexander Möller
B.L	no	Andreas von Bülow
B.L	no	Angela Merkels første regjering
B.L	no	Annette Schavan
B.L	no	Bonn
B.L	no	Brigitte Zypries
B.L	no	Bundeskanzleramt (Tyskland)
B.L	no	CDU
B.L	no	CDU/CSU
B.L	no	DDR
B.L	no	De grønne (Tyskland)
B.L	no	Forbundsdagen
B.L	no	Frank-Walter Steinmeier
B.L	no	Franz Etzel
B.L	no	Franz Josef Jung
B.L	no	Franz Josef Strauss
B.L	no	Franz Müntefering
B.L	no	Fritz Schäffer
B.L	no	Gemeinsame Normdatei
B.L	no	Gerhard Stoltenberg
B.L	no	Hamburg
B.L	no	Hannover
B.L	no	Hans Apel
B.L	no	Hans Eichel
B.L	no	Hans Matthöfer
B.L	no	Heide Simonis
B.L	no	Heidemarie Wieczorek-Zeul
B.L	no	Heinz Starke
B.L	no	Helmut Schmidt
B.L	no	Horst Seehofer
B.L	no	Ilse Aigner
B.L	no	Johannes Rau
B.L	no	Jürgen Rüttgers
B.L	no	Karl-Theodor zu Guttenberg
B.L	no	Karl Schiller
B.L	no	Karlheinz Deschner
B.L	no	Koalisjon
B.L	no	Kurt Schmücker
B.L	no	Library of Congress Control Number
B.L	no	Manfred Lahnstein
B.L	no	Merkel I
B.L	no	Michael Glos
B.L	no	Ministerpresident
B.L	no	Nordrhein-Westfalen
B.L	no	Nordrhein-Westfalens landdag
B.L	no	Olaf Scholz
B.L	no	Opplysningstiden
B.L	no	Oskar Lafontaine
B.L	no	Rolf Dahlgrün
B.L	no	SPD
B.L	no	Schleswig-Holstein
B.L	no	Schleswig-Holsteins landdag
B.L	no	Sigmar Gabriel
B.L	no	Theodor Waigel
B.L	no	Thomas de Maizière
B.L	no	Tyskland
B.L	no	Tysklands finansministre
B.L	no	Ulla Schmidt
B.L	no	Ursula von der Leyen
B.L	no	Virtual International Authority File
B.L	no	Wikimedia Commons
B.L	no	Wolfgang Clement
B.L	no	Wolfgang Schäuble
B.L	no	Wolfgang Tiefensee
B.L	no	Mal:Merkels første kabinett
B.L	no	Mal:Tysklands finansministre etter 1949
B.L	no	Maldiskusjon:Merkels første kabinett
B.L	no	Maldiskusjon:Tysklands finansministre etter 1949
B.L	pl	10 stycznia
B.L	pl	1947
B.L	pl	Andreas von Bülow
B.L	pl	Angela Merkel
B.L	pl	Annette Schavan
B.L	pl	Berlin Wschodni
B.L	pl	Biblioteka Kongresu Stanów Zjednoczonych
B.L	pl	Brigitte Zypries
B.L	pl	Bundestag
B.L	pl	Frank-Walter Steinmeier
B.L	pl	Franz Josef Jung
B.L	pl	Franz Müntefering
B.L	pl	Gemeinsame Normdatei
B.L	pl	Hamburg
B.L	pl	Hans Eichel
B.L	pl	Hans Matthöfer
B.L	pl	Heidemarie Wieczorek-Zeul
B.L	pl	Horst Seehofer
B.L	pl	Ilse Aigner
B.L	pl	Johannes Rau
B.L	pl	Jürgen Rüttgers
B.L	pl	Język niemiecki
B.L	pl	Karl-Theodor zu Guttenberg
B.L	pl	Kontrola autorytatywna
B.L	pl	Landtag
B.L	pl	Michael Glos
B.L	pl	Ministerstwo Finansów Niemiec
B.L	pl	Nadrenia Północna-Westfalia
B.L	pl	Niemcy
B.L	pl	Olaf Scholz
B.L	pl	Online Computer Library Center
B.L	pl	Pierwszy rząd Angeli Merkel
B.L	pl	Sigmar Gabriel
B.L	pl	Socjaldemokratyczna Partia Niemiec
B.L	pl	Szlezwik-Holsztyn
B.L	pl	Thomas de Maizière
B.L	pl	Ulla Schmidt
B.L	pl	Unia Chrześcijańsko-Demokratyczna (Niemcy)
B.L	pl	Unia Chrześcijańsko-Społeczna w Bawarii
B.L	pl	Uniwersytet Christiana-Albrechta w Kilonii
B.L	pl	Ursula von der Leyen
B.L	pl	Volker Hauff
B.L	pl	Wielka Koalicja
B.L	pl	Wolfgang Clement
B.L	pl	Wolfgang Schäuble
B.L	pl	Wolfgang Tiefensee
B.L	pl	Wybory parlamentarne w Niemczech w 2009 roku
B.L	pl	Wybory parlamentarne w Niemczech w 2013 roku
B.L	pl	Szablon:Pierwszy rząd Angeli Merkel
B.L	pl	Dyskusja szablonu:Pierwszy rząd Angeli Merkel
B.L	bar	Deitscher Bundestog
B.L	bar	Nordrhein-Westfalen
B.L	bar	SPD
B.L	nl	10 januari
B.L	nl	1947
B.L	nl	2002
B.L	nl	2005
B.L	nl	2009
B.L	nl	Bondsdag
B.L	nl	Borussia Dortmund
B.L	nl	Der Spiegel
B.L	nl	Duitsland
B.L	nl	Hamburg
B.L	nl	Kabinet-Merkel I
B.L	nl	Landdag (Duitsland)
B.L	nl	Lijst van ministers-presidenten van Noordrijn-Westfalen
B.L	nl	Minister
B.L	nl	Politicus
B.L	nl	Sleeswijk-Holstein
B.L	nl	Sozialdemokratische Partei Deutschlands
B.L	la	10 Ianuarii
B.L	la	13 Maii
B.L	la	1947
B.L	la	1969
B.L	la	1970
B.L	la	1974
B.L	la	1976
B.L	la	1978
B.L	la	1981
B.L	la	1985
B.L	la	1990
B.L	la	1993
B.L	la	1998
B.L	la	19 Maii
B.L	la	2002
B.L	la	2005
B.L	la	2009
B.L	la	2011
B.L	la	2012
B.L	la	2013
B.L	la	22 Iunii
B.L	la	27 Octobris
B.L	la	28 Septembris
B.L	la	6 Novembris
B.L	la	Administer Foederalis Aerarii Publici
B.L	la	Administer Foederalis Oeconomiae
B.L	la	Alexander Möller
B.L	la	Angela Merkel
B.L	la	Annetta Schavan
B.L	la	Anscharius Lafontaine
B.L	la	Brigitta Zypries
B.L	la	CDU
B.L	la	Carolus Arnold
B.L	la	Carolus Schiller
B.L	la	Carolus Theodorus zu Guttenberg
B.L	la	Curtius Schmücker
B.L	la	Dieta Foederalis Germaniae
B.L	la	Franciscus Etzel
B.L	la	Franciscus Gualterius Steinmeier
B.L	la	Franciscus Iosephus Strauß
B.L	la	Franciscus Josephus Jung
B.L	la	Franciscus Meyers
B.L	la	Franciscus Müntefering
B.L	la	Francus Gualterus Steinmeier
B.L	la	Fridericus Schäffer
B.L	la	Fridericus Steinhoff
B.L	la	Georgius Rüttgers
B.L	la	Gerhardus Stoltenberg
B.L	la	Germania
B.L	la	Germania Orientalis
B.L	la	Hamburgum
B.L	la	Hannelora Kraft
B.L	la	Heidemaria Wieczorek-Zeul
B.L	la	Helimutus Schmidt
B.L	la	Henricus Starke
B.L	la	Hinricus Kühn
B.L	la	Horatius Seehofer
B.L	la	Ilse Aigner
B.L	la	Ioannes Apel
B.L	la	Ioannes Eichel
B.L	la	Ioannes Matthöfer
B.L	la	Ioannes Rau
B.L	la	Kielia
B.L	la	Manfredus Lahnstein
B.L	la	Michael Glos
B.L	la	Oecologia
B.L	la	Oeconomia
B.L	la	Olaus Scholz
B.L	la	Rhenania Septentrionalis-Vestfalia
B.L	la	Rudolphus Amelunxen
B.L	la	Rudolphus Dahlgrün
B.L	la	Sigmarius Gabriel
B.L	la	Slesvicum et Holsatia
B.L	la	Socialis Democratica Factio Germaniae
B.L	la	Theodorus Waigel
B.L	la	Thomas de Maizière
B.L	la	Ulla Schmidt
B.L	la	Ursula de Leyen
B.L	la	Volfgangus Schäuble
B.L	la	Volfgangus Tiefensee
B.L	la	Wolfgangus Clement
B.L	la	Vicipaedia:Latinitas
B.L	it	10 gennaio
B.L	it	1947
B.L	it	2002
B.L	it	2005
B.L	it	2009
B.L	it	22 novembre
B.L	it	24 giugno
B.L	it	27 ottobre
B.L	it	6 novembre
B.L	it	Alleanza '90 - I Verdi
B.L	it	Amburgo
B.L	it	Angela Merkel
B.L	it	Berlino Est
B.L	it	Bundestag
B.L	it	Crisi economica del 2008-2012
B.L	it	Economia
B.L	it	Economia keynesiana
B.L	it	Gerhard Schröder
B.L	it	Germania
B.L	it	Germania Ovest
B.L	it	Governo Merkel II
B.L	it	Grande coalizione
B.L	it	Hans Eichel
B.L	it	Helmut Schmidt
B.L	it	Johannes Rau
B.L	it	Jürgen Rüttgers
B.L	it	Kiel
B.L	it	Land
B.L	it	Library of Congress Control Number
B.L	it	Partito Socialdemocratico Tedesco
B.L	it	Politico
B.L	it	Renania Settentrionale-Vestfalia
B.L	it	Schleswig-Holstein
B.L	it	Servizio militare
B.L	it	Sigmar Gabriel
B.L	it	Speculazione
B.L	it	Stati Uniti
B.L	it	Unione Cristiano-Sociale in Baviera
B.L	it	Unione Cristiano Democratica (Germania)
B.L	it	Virtual International Authority File
B.L	it	Wolfgang Clement
B.L	it	Wolfgang Schäuble
B.L	it	Template:De
B.L	it	Template:En
B.L	it	Aiuto:Controllo di autorità
B.L	it	Categoria:Nati a Amburgo
B.L	it	Categoria:Nati ad Amburgo
B.L	it	Categoria:Nati il 10 gennaio
B.L	it	Categoria:Nati nel 1947
B.L	it	Categoria:Politici tedeschi del XXI secolo
B.L	it	Categoria:Politici tedeschi del XX secolo
B.L	it	Portale:Biografie
B.L	it	Portale:Politica
B.L	ja	1947年
B.L	ja	1月10日
B.L	ja	2002年
B.L	ja	2005年
B.L	ja	2009年
B.L	ja	G7
B.L	ja	アンゲラ・メルケル
B.L	ja	イギリス
B.L	ja	ウラジーミル・クラムニク
B.L	ja	クリスティアン・アルブレヒト大学キール
B.L	ja	ゲアハルト・シュレーダー
B.L	ja	シュレースヴィヒ＝ホルシュタイン州
B.L	ja	スイス
B.L	ja	スイス銀行
B.L	ja	タックス・ヘイヴン
B.L	ja	チェス
B.L	ja	トマス・ミロウ
B.L	ja	ドイツ
B.L	ja	ドイツキリスト教民主同盟
B.L	ja	ドイツ社会民主党
B.L	ja	ドイツ連邦議会
B.L	ja	ドイツ連邦軍
B.L	ja	ナミビア
B.L	ja	ニューズウィーク
B.L	ja	ノルトライン＝ヴェストファーレン州
B.L	ja	ハンス・アイヒェル
B.L	ja	ハンブルク
B.L	ja	ボン
B.L	ja	ユルゲン・リュットガース
B.L	ja	ヨハネス・ラウ
B.L	ja	ワシントンD.C.
B.L	ja	ヴォルフガング・クレメント
B.L	ja	ヴォルフガング・ショイブレ
B.L	ja	予備役
B.L	ja	労働組合
B.L	ja	大連立
B.L	ja	政治家
B.L	ja	東ベルリン
B.L	ja	炭鉱
B.L	ja	社会学
B.L	ja	経済学
B.L	ja	西ドイツ
B.L	ja	財務大臣
B.L	ja	Wikipedia:スタブ
B.L	ja	Category:ドイツ関連のスタブ項目
B.L	ja	Category:政治家関連のスタブ項目
B.L	ja	Portal:ドイツ
B.L	ja	Portal:政治学
B.L	ja	プロジェクト:ドイツ
B.L	ja	プロジェクト:政治
B.L	simple	Bundeswehr
B.L	simple	Germany
B.L	simple	Hamburg
B.L	simple	Jürgen Rüttgers
B.L	simple	Kiel
B.L	simple	Minister President
B.L	simple	National economy
B.L	simple	North Rhine-Westphalia
B.L	simple	Schleswig-Holstein
B.L	simple	Social Democratic Party of Germany
B.L	simple	Wikipedia:Biographies of living persons
B.L	simple	Wikipedia:Citing sources
B.L	simple	Wikipedia:Reliable sources
B.L	simple	Wikipedia:Stub
B.L	simple	Wikipedia:Verifiability
B.L	simple	Category:People stubs
B.L	simple	Category:Unreferenced BLPs from September 2012
B.L	uk	10 січня
B.L	uk	1947
B.L	uk	2002
B.L	uk	2005
B.L	uk	Deutsche Bank
B.L	uk	Бундестаг
B.L	uk	Гамбург
B.L	uk	Данія
B.L	uk	Крамник Володимир Борисович
B.L	uk	Кільський університет
B.L	uk	Німецька мова
B.L	uk	Німеччина
B.L	uk	Ольденбург
B.L	uk	Парламентські вибори в Німеччині (2013)
B.L	uk	Північний Рейн — Вестфалія
B.L	uk	Соціал-демократична партія Німеччини
B.L	uk	Шахи
B.L	uk	Вікіпедія:Як редагувати статтю
B.L	uk	Шаблон:Назва країни DEU
B.L	tr	10 Ocak
B.L	tr	1947
B.L	tr	2002
B.L	tr	2005
B.L	tr	Alman
B.L	tr	Almanya Sosyal Demokrat Partisi
B.L	tr	Hamburg
B.L	tr	Kuzey Ren-Vestfalya
B.L	tr	Vikipedi:Madde
B.L	tr	Vikipedi:Taslak madde
B.L	sv	10 januari
B.L	sv	1947
B.L	sv	Angela Merkel
B.L	sv	Annette Schavan
B.L	sv	Brigitte Zypries
B.L	sv	Frank-Walter Steinmeier
B.L	sv	Franz Josef Jung
B.L	sv	Franz Müntefering
B.L	sv	Förbundsdagsvalet i Tyskland 2013
B.L	sv	Hamburg
B.L	sv	Heidemarie Wieczorek-Zeul
B.L	sv	Horst Seehofer
B.L	sv	Ilse Aigner
B.L	sv	Karl-Theodor zu Guttenberg
B.L	sv	Lista över Nordrhein-Westfalens ministerpresidenter
B.L	sv	Lista över Tysklands finansministrar
B.L	sv	Michael Glos
B.L	sv	Nordrhein-Westfalen
B.L	sv	Olaf Scholz
B.L	sv	Politik i Tyskland
B.L	sv	Politiker
B.L	sv	Regeringen Merkel I
B.L	sv	Sigmar Gabriel
B.L	sv	Socialdemokraterna (Tyskland)
B.L	sv	Thomas de Maizière
B.L	sv	Tyskland
B.L	sv	Tysklands förbundskansler
B.L	sv	Ulla Schmidt
B.L	sv	Ursula von der Leyen
B.L	sv	Wolfgang Schäuble
B.L	sv	Wolfgang Tiefensee
B.L	sv	Wikipedia:Stubbar
B.L	sv	Mall:Regeringen Merkel I
B.L	sv	Malldiskussion:Regeringen Merkel I
B.L	ru	10 января
B.L	ru	1947 год
B.L	ru	2002
B.L	ru	2005 год
B.L	ru	Айнерт, Гюнтер
B.L	ru	Бундестаг Германии
B.L	ru	Викисклад
B.L	ru	Гамбург
B.L	ru	Германия
B.L	ru	Гляйце, Бруно
B.L	ru	Дуйн, Гаррельт
B.L	ru	Йохимзен, Раймут
B.L	ru	Кассман, Фриц
B.L	ru	Кинбаум, Герхард
B.L	ru	Клемент, Вольфганг
B.L	ru	Кольхазе, Герман
B.L	ru	Лаушер, Ганс
B.L	ru	Миддельхауфе, Фридрих
B.L	ru	Немецкая волна
B.L	ru	Немецкий язык
B.L	ru	Нёльтинг, Эрик
B.L	ru	Парламентские выборы в Германии (2013)
B.L	ru	Политик
B.L	ru	Ример, Хорст Людвиг
B.L	ru	СДПГ
B.L	ru	Северный Рейн-Вестфалия
B.L	ru	Тобен, Криста
B.L	ru	Фойгтсбергер, Гарри
B.L	ru	Функе, Лизелотта
B.L	ru	Хомбах, Бодо
B.L	ru	Шартау, Харальд
B.L	ru	Шванхольд, Эрнст
B.L	ru	Штретер, Артур
B.L	ru	Википедия:Заготовка статьи
B.L	ru	Шаблон:Цвет/Германия
B.L	pt	10 de Janeiro
B.L	pt	1947
B.L	pt	Abitur
B.L	pt	Alemanha
B.L	pt	Alemanha Ocidental
B.L	pt	Bad Godesberg
B.L	pt	Berlim Oriental
B.L	pt	Biologia
B.L	pt	Bona
B.L	pt	Bundestag
B.L	pt	Bundeswehr
B.L	pt	CDU
B.L	pt	CSU
B.L	pt	Chancelaria Federal (Alemanha)
B.L	pt	Ciências sociais
B.L	pt	Deutsche Bank
B.L	pt	Economia
B.L	pt	Governo Merkel I
B.L	pt	Hamburgo
B.L	pt	Licenciatura
B.L	pt	Ministro das Finanças
B.L	pt	Nautimodelismo
B.L	pt	Partido Social-Democrata da Alemanha
B.L	pt	Primeiro-ministro
B.L	pt	Renânia do Norte-Vestfália
B.L	pt	Reserva (militar)
B.L	pt	Universidade de Kiel
B.L	pt	Wikiquote
B.L	pt	Xadrez
B.L	pt	Wikipédia:Esboço
B.L	pt	Wikipédia:Lista de predefinições/Esboços
B.L	eml	Ambûrg
B.L	eml	Angela Merkel
B.L	eml	Beppe Grillo
B.L	eml	Elesiòṅ pulìtichi itagliàni dal 2013
B.L	eml	Gerhard Schröder
B.L	eml	Helmut Schmidt
B.L	eml	Johannes Rau
B.L	eml	Kiel
B.L	eml	Miranduléś
B.L	eml	Peer Steinbrück/Miranduléś
B.L	eml	Renàgna dal Nòrd-Vestfàglia
B.L	eml	Silvio Berlusconi
B.L	eml	Tedèsch
B.L	eml	Wolfgang Schäuble
B.L	zh	1947年
B.L	zh	2009年德國聯邦議院選舉
B.L	zh	Selmer-Bach-Zeitung
B.L	zh	东柏林
B.L	zh	北莱茵-威斯特法伦州
B.L	zh	北莱茵-威斯特法伦州州长
B.L	zh	国民经济
B.L	zh	基尔
B.L	zh	德国社会民主党
B.L	zh	德国联邦议院
B.L	zh	德國聯邦總統
B.L	zh	新闻周刊
B.L	zh	汉堡
B.L	zh	汉斯·艾歇尔
B.L	zh	沃尔夫冈·朔伊布勒
B.L	zh	波恩
B.L	zh	石勒苏益格-荷尔斯泰因
B.L	zh	社会学
B.L	zh	约翰内斯·劳
B.L	zh	联邦德国交通部
B.L	zh	联邦德国建筑和城市建设规划部
B.L	zh	联邦德国科研部
B.L	zh	联邦德国财政部长
CN	de	Peer_Steinbrück
IWL	fi	Peer Steinbrück
IWL	fr	Peer Steinbrück
IWL	he	פיר שטיינבריק
IWL	el	Πέερ Στάινμπρουκ
IWL	eo	Peer Steinbrück
IWL	en	Peer Steinbrück
IWL	es	Peer Steinbrück
IWL	ca	Peer Steinbrück
IWL	nds	Peer Steinbrück
IWL	cs	Peer Steinbrück
IWL	als	Peer Steinbrück
IWL	ar	بيير شتاينبروك
IWL	no	Peer Steinbrück
IWL	pl	Peer Steinbrück
IWL	bar	Peer Steinbrück
IWL	nl	Peer Steinbrück
IWL	la	Petrus Steinbrück
IWL	it	Peer Steinbrück
IWL	ja	ペール・シュタインブリュック
IWL	simple	Peer Steinbrück
IWL	uk	Пеер Штайнбрюк
IWL	tr	Peer Steinbrück
IWL	sv	Peer Steinbrück
IWL	ru	Штайнбрюк, Пеер
IWL	pt	Peer Steinbrück
IWL	eml	Peer Steinbrück
IWL	zh	佩尔·施泰因布吕克
