A.L	de	Ableger (Wirtschaft)
A.L	de	Acetylsalicylsäure
A.L	de	Adidas
A.L	de	Adolf Hitler
A.L	de	Afrika
A.L	de	Afrikanische Trypanosomiasis
A.L	de	Agfa
A.L	de	Agrochemie
A.L	de	Air Liquide
A.L	de	Aktiengesellschaft (Deutschland)
A.L	de	Alcoa
A.L	de	Alizarin
A.L	de	Alka-Seltzer
A.L	de	Allianz SE
A.L	de	Alliierte Hohe Kommission
A.L	de	Alstom
A.L	de	Altana
A.L	de	AlterNet
A.L	de	Anden
A.L	de	Anheuser-Busch InBev
A.L	de	Anilin
A.L	de	Antibiotika
A.L	de	Antwerpen
A.L	de	Arbeitersiedlung
A.L	de	Arbeitsdirektor
A.L	de	Arbeitsgebiet
A.L	de	Arbeitszeit
A.L	de	ArcelorMittal
A.L	de	Argentinien
A.L	de	Arznei-telegramm
A.L	de	Arzneimittel
A.L	de	Arzneimittelgesetz (Deutschland)
A.L	de	Asien
A.L	de	Aspirin
A.L	de	Assicurazioni Generali
A.L	de	Australien
A.L	de	Aventis
A.L	de	Axa
A.L	de	BASF
A.L	de	BMW
A.L	de	BNP Paribas
A.L	de	BP
A.L	de	BP Benzin
A.L	de	Babcock Borsig
A.L	de	Backpulver
A.L	de	Bahnstrecke Düsseldorf–Elberfeld
A.L	de	Banco Bilbao Vizcaya Argentaria
A.L	de	Banco Santander
A.L	de	Bangladesch
A.L	de	Barmen
A.L	de	Bayer-Hochhaus
A.L	de	Bayer-Kaufhaus
A.L	de	Bayer-Kreuz
A.L	de	Bayer 04 Leverkusen
A.L	de	Bayer Business Services
A.L	de	Bayer CropScience
A.L	de	Bayer Gastronomie
A.L	de	Bayer Giants Leverkusen
A.L	de	Bayer HealthCare
A.L	de	Bayer HealthCare Pharmaceuticals
A.L	de	Bayer Industry Services
A.L	de	Bayer MaterialScience
A.L	de	Bayer Schering Pharma
A.L	de	Bayer Technology Services
A.L	de	Bayerische Hypotheken- und Wechsel-Bank
A.L	de	Bayerische Vereinsbank
A.L	de	Baytown
A.L	de	Beiersdorf AG
A.L	de	Beizen (Pflanzenschutz)
A.L	de	Belgien
A.L	de	Bergkamen
A.L	de	Berkeley
A.L	de	Berlin
A.L	de	Beschaffungsorganisation
A.L	de	Betriebsrat
A.L	de	Big Brother Awards
A.L	de	Bilanzsumme
A.L	de	Bitterfeld
A.L	de	BlackRock
A.L	de	Britische Besatzungszone
A.L	de	Brunsbüttel
A.L	de	Buenos Aires
A.L	de	Bundesautobahn 1
A.L	de	Bundesautobahn 3
A.L	de	Bundesautobahn 46
A.L	de	Bundesautobahn 542
A.L	de	Bundesautobahn 57
A.L	de	Bundesautobahn 59
A.L	de	Bundesautobahn 9
A.L	de	Bundeskartellamt
A.L	de	Bundespräsident (Deutschland)
A.L	de	Bundesstraße 5
A.L	de	Bundesstraße 7
A.L	de	Bundesstraße 8
A.L	de	Business Process Outsourcing
A.L	de	CO-Pipeline der Bayer AG
A.L	de	Capital Group Companies
A.L	de	Carl Bosch
A.L	de	Carl Duisberg
A.L	de	Carl Leverkus
A.L	de	Carrefour (Unternehmen)
A.L	de	Casablanca
A.L	de	Cashflow
A.L	de	Cassella Farbwerke Mainkur
A.L	de	Cement Roadstone Holding
A.L	de	Cerivastatin
A.L	de	Chemiepark Knapsack
A.L	de	Chemiepark Leverkusen
A.L	de	Chemische Fabrik Griesheim-Elektron
A.L	de	Chemische Fabrik Kalle
A.L	de	Chemische Industrie
A.L	de	Chemische Waffe
A.L	de	Chemotherapeutikum
A.L	de	Chempark
A.L	de	Chempark Dormagen
A.L	de	Chile
A.L	de	Chlor
A.L	de	Chloropren-Kautschuk
A.L	de	Chlorpikrin
A.L	de	Clemens Börsig
A.L	de	Commerzbank
A.L	de	Compagnie de Saint-Gobain
A.L	de	Continental AG
A.L	de	Costa Rica
A.L	de	Crédit Agricole (Unternehmen)
A.L	de	Cupro
A.L	de	Currenta
A.L	de	DAX
A.L	de	Daimler AG
A.L	de	Daniel Hartert
A.L	de	Danone
A.L	de	Delisting
A.L	de	Demontage (Reparation)
A.L	de	Denka
A.L	de	Deportation
A.L	de	Deutsche Bank
A.L	de	Deutsche Börse
A.L	de	Deutsche Mark
A.L	de	Deutsche Post AG
A.L	de	Deutsche Telekom
A.L	de	Deutscher Zukunftspreis
A.L	de	Deutsches Reich 1933 bis 1945
A.L	de	Deutschland
A.L	de	Dexpanthenol
A.L	de	Diphenylmethandiisocyanate
A.L	de	Dividende
A.L	de	Dormagen
A.L	de	Dow Chemical
A.L	de	Dow Jones Euro Stoxx 50
A.L	de	Dresdner Bank
A.L	de	DuPont
A.L	de	Dubai
A.L	de	Dämmstoff
A.L	de	E.ON
A.L	de	EBIT
A.L	de	EBITDA
A.L	de	EURO STOXX 50
A.L	de	Ecuador
A.L	de	Eiserner Vorhang (Politik)
A.L	de	Ekkehard Schulz
A.L	de	Elbe
A.L	de	Elberfeld
A.L	de	Enel
A.L	de	Eni (Unternehmen)
A.L	de	Enrofloxacin
A.L	de	Entflechtung (Firmenstruktur)
A.L	de	Epcos
A.L	de	Erdöl
A.L	de	Erdölchemie GmbH
A.L	de	Erlös
A.L	de	Ernst-Ludwig Winnacker
A.L	de	Erster Weltkrieg
A.L	de	Ertrag
A.L	de	Euro
A.L	de	Europa
A.L	de	Europäische Kommission
A.L	de	Europäischer Gewerkschaftsbund
A.L	de	Evonik Degussa
A.L	de	Familie-Hansen-Preis
A.L	de	Feldmühle (Unternehmen)
A.L	de	Firma
A.L	de	Florida
A.L	de	Flughafen Düsseldorf International
A.L	de	Flughafen Köln/Bonn
A.L	de	Flughafen Leipzig/Halle
A.L	de	Forschung und Entwicklung
A.L	de	France Telecom
A.L	de	Frankfurt am Main
A.L	de	Frankfurter Wertpapierbörse
A.L	de	Frankreich
A.L	de	Freiwillige Selbstkontrolle für die Arzneimittelindustrie
A.L	de	Fremdarbeiter
A.L	de	Fresenius (Unternehmen)
A.L	de	Fresenius Medical Care
A.L	de	Friedensvertrag von Versailles
A.L	de	Friedrich Bayer
A.L	de	Fritz Jacobi
A.L	de	Fuchsin
A.L	de	Fungizid
A.L	de	Funktionalität
A.L	de	Fusion (Wirtschaft)
A.L	de	Färber
A.L	de	GDF Suez
A.L	de	Gaskrieg während des Ersten Weltkrieges
A.L	de	Gemfibrozil
A.L	de	Gerbstoffe
A.L	de	Gerhard Domagk
A.L	de	Geschäftsbericht
A.L	de	Gevaert
A.L	de	Gewinn
A.L	de	Gewinnabführungsvertrag
A.L	de	GmbH
A.L	de	Großchina
A.L	de	Großeledder
A.L	de	Gründung (Recht)
A.L	de	Haltepunkt
A.L	de	Hamburg
A.L	de	Handelsregister
A.L	de	Hannover Rück
A.L	de	Hans-Olaf Henkel
A.L	de	Hans Kühne
A.L	de	Heckinghausen
A.L	de	HeidelbergCement
A.L	de	Helmut Panke
A.L	de	Henkel (Unternehmen)
A.L	de	Herbert Grünewald
A.L	de	Herbizid
A.L	de	Hermann J. Strenger
A.L	de	Hermann Schnell
A.L	de	Heroin
A.L	de	Hoechst
A.L	de	Hoechst AG
A.L	de	Hoffmann-La Roche
A.L	de	Holding
A.L	de	Hongkong
A.L	de	Humanes Immundefizienz-Virus
A.L	de	Hungersnot
A.L	de	Hypo Real Estate
A.L	de	I.G.-Farben-Prozess
A.L	de	I.G. Farben
A.L	de	IGBCE
A.L	de	ING Groep
A.L	de	Iberdrola
A.L	de	Indien
A.L	de	Industriepark Höchst
A.L	de	Infektionen durch HIV-kontaminierte Blutprodukte
A.L	de	Infineon
A.L	de	Inflation
A.L	de	Informationstechnik
A.L	de	Inhaberaktie
A.L	de	Insektizid
A.L	de	Interessengemeinschaft
A.L	de	International Securities Identification Number
A.L	de	Internet Archive
A.L	de	Intesa Sanpaolo
A.L	de	Istanbul
A.L	de	Italien
A.L	de	Japan
A.L	de	Japanischer Garten
A.L	de	Johann Friedrich Weskott
A.L	de	Joint-Venture
A.L	de	Joint Venture
A.L	de	Jordanien
A.L	de	Juden
A.L	de	Jörg Reinhardt
A.L	de	Jürgen Weber (Ingenieur)
A.L	de	K+S
A.L	de	KFC Uerdingen 05
A.L	de	Kanada
A.L	de	Kantine
A.L	de	Kardiologie
A.L	de	Karstadt
A.L	de	Klaus Kleinfeld
A.L	de	Klebstoff
A.L	de	Knapsack (Hürth)
A.L	de	Kohlenstoffmonoxid
A.L	de	Kolumbien
A.L	de	Kommers
A.L	de	Kontraindikation
A.L	de	Kontrollrat
A.L	de	Kontrollratsgesetz
A.L	de	Korea
A.L	de	Krefeld
A.L	de	Kriegsgefangener
A.L	de	Kriegsministerium
A.L	de	Kronzeugenregelung
A.L	de	Kunststoff
A.L	de	Kurt Hansen
A.L	de	Köln
A.L	de	Köln-Flittard
A.L	de	Köln-Mülheim
A.L	de	Lack
A.L	de	Langenfeld (Rheinland)
A.L	de	Lanxess
A.L	de	Lanxess AG
A.L	de	Lennep
A.L	de	Leuchtreklame
A.L	de	Leverkusen
A.L	de	Leverkusen (Remscheid)
A.L	de	Liam Condon
A.L	de	Linde AG
A.L	de	Lipobay
A.L	de	Lufthansa
A.L	de	Lyon
A.L	de	L’Oréal
A.L	de	MAN
A.L	de	MLP AG
A.L	de	Manfred Schneider (Manager)
A.L	de	Mannesmann
A.L	de	Manufacturing Execution System
A.L	de	Marijn Dekkers
A.L	de	Marke (Recht)
A.L	de	Markus Grill
A.L	de	Marokko
A.L	de	Memorandum
A.L	de	Merck KGaA
A.L	de	Metro AG
A.L	de	Mexiko
A.L	de	Miles Inc.
A.L	de	Militärregierung
A.L	de	Mitarbeiter
A.L	de	Mitbestimmung
A.L	de	Monheim am Rhein
A.L	de	Monsanto
A.L	de	Moët Hennessy Louis Vuitton
A.L	de	Munich Re
A.L	de	Naher Osten
A.L	de	Neuseeland
A.L	de	New Martinsville
A.L	de	New York City
A.L	de	New York Stock Exchange
A.L	de	Niederlande
A.L	de	Nixdorf Computer
A.L	de	Nobelpreis
A.L	de	Nokia
A.L	de	Nord-Ostsee-Kanal
A.L	de	Norwich
A.L	de	Nürnberg
A.L	de	OTC-Arzneimittel
A.L	de	Ohio
A.L	de	Onkologie
A.L	de	Opladen
A.L	de	Oskar Dressel
A.L	de	Otto Bayer
A.L	de	Ozeanien
A.L	de	Parathion-methyl
A.L	de	Parität (Politik)
A.L	de	Patrick Thomas
A.L	de	Paul Achleitner
A.L	de	Paul Gert von Beckerath
A.L	de	Penicillin
A.L	de	Personalpolitik
A.L	de	Peru
A.L	de	Petroleum AG
A.L	de	Pflanzenschutz
A.L	de	Pflanzenschutzmittel
A.L	de	Pharmazeutische Industrie
A.L	de	Philippinen
A.L	de	Philips
A.L	de	Phosgen
A.L	de	Piktogramm
A.L	de	Pioneer (Agrarunternehmen)
A.L	de	Pittsburgh
A.L	de	Polycarbonate
A.L	de	Polyethylenterephthalat
A.L	de	Polymer
A.L	de	Polyurethane
A.L	de	Portfolio
A.L	de	Postbank
A.L	de	Preussag
A.L	de	Prontosil
A.L	de	RAG Aktiengesellschaft
A.L	de	RWE
A.L	de	Radio
A.L	de	Rationalisierung (Ökonomie)
A.L	de	Rationierung
A.L	de	Rechtsform
A.L	de	Reichsarbeitsministerium
A.L	de	Remscheid
A.L	de	Repräsentativ
A.L	de	Repsol YPF
A.L	de	Republik China
A.L	de	Rezeptfrei
A.L	de	Rhabdomyolyse
A.L	de	Rhein
A.L	de	Richard Kothe
A.L	de	Rivaroxaban
A.L	de	Russische Revolution
A.L	de	Russisches Kaiserreich
A.L	de	Russland
A.L	de	Rüstungsbetrieb
A.L	de	S-Bahn
A.L	de	SAP
A.L	de	Saatgut
A.L	de	Salzgitter AG
A.L	de	Sanofi-Aventis
A.L	de	Saudi-Arabien
A.L	de	Schering AG
A.L	de	Schleswig-Holstein
A.L	de	Schneckenkorn
A.L	de	Schneider Electric
A.L	de	Schwarzbuch Markenfirmen
A.L	de	Schwarzmarkt
A.L	de	Senfgas
A.L	de	Shanghai
A.L	de	Sicherheitshinweis
A.L	de	Siemens
A.L	de	Singapur
A.L	de	Sitz (juristische Person)
A.L	de	Societe Generale
A.L	de	Société Générale
A.L	de	Spiegel Online
A.L	de	Sprengstoff
A.L	de	Squeeze-out
A.L	de	Sri Lanka
A.L	de	Stadt
A.L	de	Stammsitz
A.L	de	Statin
A.L	de	Sterling Winthrop
A.L	de	Stern (Zeitschrift)
A.L	de	Stiftung „Erinnerung, Verantwortung und Zukunft“
A.L	de	Stilwell (Kansas)
A.L	de	Straßburg
A.L	de	Streubesitz
A.L	de	Sulfamidochrysoidin
A.L	de	Sulfonamide
A.L	de	Suramin
A.L	de	Syngenta
A.L	de	São Paulo
A.L	de	Südafrika
A.L	de	Südkegel
A.L	de	TUI
A.L	de	Tarragona
A.L	de	Tauschhandel
A.L	de	Telecom Italia
A.L	de	Telefónica
A.L	de	Thailand
A.L	de	The New York Times
A.L	de	ThyssenKrupp
A.L	de	Toluol-2,4-diisocyanat
A.L	de	Tosoh Corporation
A.L	de	Total (Unternehmen)
A.L	de	Toxic 100 Index
A.L	de	Tuberkulose
A.L	de	Turku
A.L	de	US-Immobilienkrise
A.L	de	Uerdingen
A.L	de	Ulrich Haberland
A.L	de	Ultramarinfabriken Carl Leverkus
A.L	de	UniCredit Group
A.L	de	Unibail-rodamco
A.L	de	Unilever
A.L	de	United States Dollar
A.L	de	United States Securities and Exchange Commission
A.L	de	University of Massachusetts
A.L	de	Universität Mannheim
A.L	de	Unternehmensführung
A.L	de	Unternehmenssitz
A.L	de	Unternehmensverbindung
A.L	de	VEBA
A.L	de	VIAG
A.L	de	Venezuela
A.L	de	Verbraucherzentrale
A.L	de	Vereinigte Staaten
A.L	de	Vereinigte Staaten von Amerika
A.L	de	Vereinigtes Königreich
A.L	de	Vero Beach
A.L	de	Verschleppung
A.L	de	Verwaltungsrat (Deutschland)
A.L	de	Vinci (Unternehmen)
A.L	de	Vivendi
A.L	de	Volkswagen AG
A.L	de	Website
A.L	de	Weiler-ter Meer
A.L	de	Weiler ter-Meer
A.L	de	Weltwirtschaftskrise
A.L	de	Werkswohnung
A.L	de	Werner Wenning
A.L	de	Widnes
A.L	de	Wiesdorf
A.L	de	Wirtschaftskartell
A.L	de	Wirtschaftswunder
A.L	de	Wirtschaftszweig
A.L	de	Wolff Walsrode
A.L	de	Wupper
A.L	de	Wuppertal
A.L	de	Wuppertaler Schwebebahn
A.L	de	Wurmerkrankung
A.L	de	Währungsreform
A.L	de	Zwangsarbeit
A.L	de	Zwangsarbeit in der Zeit des Nationalsozialismus
A.L	de	Zwangsarbeiter
A.L	de	Zweiter Weltkrieg
A.L	de	Zypern
A.L	de	Ägypten
A.L	de	Wikipedia:Exzellente Artikel
A.L	de	Datei:Pano-bayer-leverkusen.jpg
B.L	fi	1863
B.L	fi	1904
B.L	fi	2007
B.L	fi	Adidas
B.L	fi	Allianz
B.L	fi	Aspiriini
B.L	fi	BASF
B.L	fi	BMW
B.L	fi	Barmen
B.L	fi	Bayer (täsmennyssivu)
B.L	fi	Bayer 04 Leverkusen
B.L	fi	Beiersdorf
B.L	fi	Commerzbank
B.L	fi	DAX-indeksi
B.L	fi	Daimler
B.L	fi	Deutsche Bank
B.L	fi	Deutsche Börse
B.L	fi	Deutsche Post
B.L	fi	Deutsche Telekom
B.L	fi	E.ON
B.L	fi	Fresenius
B.L	fi	Fresenius Medical Care
B.L	fi	Hannover Re
B.L	fi	Henkel
B.L	fi	Heroiini
B.L	fi	Julkinen osakeyhtiö
B.L	fi	K+S
B.L	fi	Leverkusen
B.L	fi	Liikevaihto
B.L	fi	Linde
B.L	fi	Lufthansa
B.L	fi	MAN (yritys)
B.L	fi	METRO AG
B.L	fi	Merck KGaA
B.L	fi	Miljoona
B.L	fi	Munich Re
B.L	fi	Nordrhein-Westfalen
B.L	fi	RWE
B.L	fi	SAP (yritys)
B.L	fi	Saksa
B.L	fi	Salzgitter (yritys)
B.L	fi	Siemens
B.L	fi	ThyssenKrupp
B.L	fi	Toimiala
B.L	fi	Volkswagen
B.L	fi	Yhtiömuoto
B.L	fi	Yritys
B.L	fi	€
B.L	fi	Wikipedia:Tynkä
B.L	fi	Luokka:Yritystyngät
B.L	fr	1863
B.L	fr	1er août
B.L	fr	2005
B.L	fr	2006
B.L	fr	2007
B.L	fr	2009
B.L	fr	23 mars
B.L	fr	2 juillet
B.L	fr	Action (finance)
B.L	fr	Adidas
B.L	fr	Agrochimie
B.L	fr	Agronomie
B.L	fr	Air liquide
B.L	fr	AkzoNobel
B.L	fr	Allemagne
B.L	fr	Allianz
B.L	fr	Allianz AG Holding
B.L	fr	Amgen
B.L	fr	Aniline
B.L	fr	Années 1980
B.L	fr	Antibiotique
B.L	fr	Août
B.L	fr	Août 1863
B.L	fr	Aspirine
B.L	fr	AstraZeneca
B.L	fr	Aventis
B.L	fr	BASF
B.L	fr	Barmen
B.L	fr	Bayer
B.L	fr	Bayer Leverkusen
B.L	fr	Bayer Schering Pharma
B.L	fr	Bayerische Motoren Werke
B.L	fr	Beiersdorf
B.L	fr	Biens et services marchands
B.L	fr	Boehringer-Ingelheim Pharmaceuticals
B.L	fr	Bourse de Francfort
B.L	fr	Braskem
B.L	fr	Bristol-Myers Squibb
B.L	fr	Carl Duisberg
B.L	fr	Chef d'entreprise
B.L	fr	Chiffre d'affaires
B.L	fr	Chimie
B.L	fr	Ciprofloxacine
B.L	fr	Colza
B.L	fr	Commerzbank
B.L	fr	Complexe militaro-industriel de l'Allemagne nazie
B.L	fr	Continental AG
B.L	fr	Crime de guerre
B.L	fr	DAX
B.L	fr	Daiichi Sankyo
B.L	fr	Daimler (entreprise)
B.L	fr	Deutsche Bank
B.L	fr	Deutsche Börse
B.L	fr	Deutsche Post
B.L	fr	Deutsche Telekom
B.L	fr	Dow Chemical
B.L	fr	DuPont
B.L	fr	E.ON
B.L	fr	Eisai Co.
B.L	fr	Eli Lilly
B.L	fr	Evonik
B.L	fr	ExxonMobil
B.L	fr	Filiale
B.L	fr	Fluoroquinolone
B.L	fr	France
B.L	fr	Fresenius
B.L	fr	Fresenius Medical Care
B.L	fr	Friedrich Bayer (industriel)
B.L	fr	Fuchsine
B.L	fr	Gaucho (insecticide)
B.L	fr	Gaz moutarde
B.L	fr	GlaxoSmithKline
B.L	fr	HeidelbergCement
B.L	fr	Henkel
B.L	fr	Hoffmann-La Roche
B.L	fr	Héroïne
B.L	fr	IG Farben
B.L	fr	IMS Health
B.L	fr	Industrie chimique
B.L	fr	Industrie pharmaceutique
B.L	fr	Ineos
B.L	fr	Infineon Technologies
B.L	fr	Johann Friedrich Weskott
B.L	fr	Johnson & Johnson
B.L	fr	Juillet 2007
B.L	fr	K+S
B.L	fr	LSE
B.L	fr	Laboratoire pharmaceutique
B.L	fr	Laboratoires Abbott
B.L	fr	Lanxess
B.L	fr	Leverkusen
B.L	fr	Linde AG
B.L	fr	Liste des plus grandes entreprises pharmaceutiques
B.L	fr	Lufthansa
B.L	fr	LyondellBasell
B.L	fr	Mars 2006
B.L	fr	Mauthausen
B.L	fr	Merck & Co.
B.L	fr	Merck KGaA
B.L	fr	Mitsubishi Chemical Holdings
B.L	fr	Mitsui Chemicals
B.L	fr	Munich Re
B.L	fr	Nemacur
B.L	fr	Nosema cerenae
B.L	fr	Nouvelle-Écosse
B.L	fr	Novartis
B.L	fr	Novo Nordisk
B.L	fr	Organophosphoré
B.L	fr	Otsuka Pharmaceutical Co.
B.L	fr	Pesticide
B.L	fr	Pfizer
B.L	fr	Pharmacie
B.L	fr	Polycarbonate
B.L	fr	Polyuréthane
B.L	fr	Première Guerre mondiale
B.L	fr	Psychodysleptique
B.L	fr	RWE
B.L	fr	Rhénanie-du-Nord-Westphalie
B.L	fr	Royaume-Uni
B.L	fr	SAP (entreprise)
B.L	fr	Sabic
B.L	fr	Sanofi
B.L	fr	Scandale de l'huile frelatée
B.L	fr	Schering AG
B.L	fr	Seconde Guerre mondiale
B.L	fr	Secteur d'activité
B.L	fr	Shell (entreprise)
B.L	fr	Siemens (entreprise)
B.L	fr	Sinopec
B.L	fr	Site web
B.L	fr	Siège social
B.L	fr	Slogan publicitaire
B.L	fr	Société anonyme
B.L	fr	Société par action
B.L	fr	Sorafénib
B.L	fr	Sumitomo Chemical
B.L	fr	Tabun
B.L	fr	Takeda Pharmaceutical Company
B.L	fr	Teva Pharmaceutical Industries
B.L	fr	ThyssenKrupp
B.L	fr	Toray Industries
B.L	fr	Total (entreprise)
B.L	fr	Union européenne
B.L	fr	Volkswagen (entreprise)
B.L	fr	Wuppertal
B.L	fr	XETRA
B.L	fr	Éditions de l'Encyclopédie des Nuisances
B.L	fr	Wikipédia:Citez vos sources
B.L	fr	Modèle:Infobox Société
B.L	fr	Modèle:Palette DAX
B.L	fr	Modèle:Palette Société chimie
B.L	fr	Modèle:Palette Société pharmaceutique
B.L	fr	Discussion modèle:Palette DAX
B.L	fr	Discussion modèle:Palette Société chimie
B.L	fr	Discussion modèle:Palette Société pharmaceutique
B.L	fr	Aide:Homonymie
B.L	fr	Aide:Note
B.L	fr	Aide:Référence nécessaire
B.L	fr	Catégorie:Article manquant de référence depuis juillet 2008
B.L	fr	Catégorie:Entreprise par date de fondation
B.L	fr	Catégorie:Portail:Chimie/Articles liés
B.L	fr	Catégorie:Portail:Entreprises/Articles liés
B.L	fr	Catégorie:Portail:Pharmacie/Articles liés
B.L	fr	Catégorie:Portail:Rhénanie-du-Nord-Westphalie/Articles liés
B.L	fr	Portail:Chimie
B.L	fr	Portail:Entreprises
B.L	fr	Portail:Pharmacie
B.L	fr	Portail:Rhénanie-du-Nord-Westphalie
B.L	gl	1863
B.L	gl	1881
B.L	gl	1897
B.L	gl	7 de agosto
B.L	gl	Alemaña
B.L	gl	Alemaña - Deutschland
B.L	gl	Analxésico
B.L	gl	Aspirina
B.L	gl	Auschwitz
B.L	gl	Berlín
B.L	gl	Compañía
B.L	gl	Farmacia
B.L	gl	Felix Hoffmann
B.L	gl	Fábrica
B.L	gl	Gas mostaza
B.L	gl	Heroína (droga)
B.L	gl	Holocausto
B.L	gl	IG Farben
B.L	gl	Industria
B.L	gl	Leverkusen
B.L	gl	Manufactura
B.L	gl	Primeira Guerra Mundial
B.L	gl	Química
B.L	gl	Segunda Guerra Mundial
B.L	gl	Shoá
B.L	gl	Sociedade Anónima
B.L	gl	Soviéticos
B.L	gl	Tabun
B.L	gl	Terceiro Reich
B.L	gl	Wupper
B.L	gl	Xitanos
B.L	gl	Xudeus
B.L	gl	Zyklon B
B.L	gl	Ácido acetilsalicílico
B.L	gl	Wikipedia:Artigos con problemas
B.L	gl	Modelo:Modelos principais
B.L	eu	1863
B.L	eu	Alemania
B.L	eu	Aspirina
B.L	eu	Ekonomia
B.L	eu	Farmakologia
B.L	eu	Ipar Renania-Westfalia
B.L	eu	Leverkusen
B.L	eu	Wuppertal
B.L	eu	Wikipedia:Zirriborro
B.L	fa	آدیداس
B.L	fa	آرسلور میتال
B.L	fa	آلمان
B.L	fa	آلیانتس
B.L	fa	آنهویزر-بوش انبیو
B.L	fa	آکسا
B.L	fa	ا.آن
B.L	fa	ار وه ئه
B.L	fa	اروپا
B.L	fa	اس آ پ
B.L	fa	استیل‌سالیسیلیک اسید
B.L	fa	اسیلور
B.L	fa	اشنایدر الکتریک
B.L	fa	ال و ام هاش
B.L	fa	انل
B.L	fa	انی
B.L	fa	ایبردرولا
B.L	fa	ایر لیکوئید
B.L	fa	اینتسا سانپائولو
B.L	fa	ایندیتکس
B.L	fa	اینفینئون
B.L	fa	ای‌اس‌ام‌ال هولدینگ
B.L	fa	ب آ اس اف
B.L	fa	ب ام و
B.L	fa	ب ان پ پاریبا
B.L	fa	بانکو بیلبائو
B.L	fa	بایرسدورف
B.L	fa	بورس فرانکفورت
B.L	fa	بیوتکنولوژی
B.L	fa	تلفونیکا
B.L	fa	توتال
B.L	fa	تیسن‌کروپ
B.L	fa	جنرالی
B.L	fa	دارو
B.L	fa	داروسازی
B.L	fa	دانون
B.L	fa	دایملر آ گ
B.L	fa	درآمد
B.L	fa	دویچه بانک
B.L	fa	دویچه بورزه
B.L	fa	دویچه تلکوم
B.L	fa	دویچه پست
B.L	fa	رپسول
B.L	fa	زبان آلمانی
B.L	fa	زیمنس
B.L	fa	سانتاندر گروپ
B.L	fa	سانوفی
B.L	fa	سن-گوبن
B.L	fa	سوسیته ژنرال
B.L	fa	سی‌آراچ
B.L	fa	شرکت سهامی عام
B.L	fa	فرانس تلکوم
B.L	fa	فرزنیوس
B.L	fa	فرزنیوس مدیکال کر
B.L	fa	فیلیپس
B.L	fa	لانکسس
B.L	fa	لورئال
B.L	fa	لورکوزن
B.L	fa	لوفت‌هانزا
B.L	fa	لینده
B.L	fa	مرک
B.L	fa	مواد شیمیایی
B.L	fa	میونیک ره
B.L	fa	نوردراین-وستفالن
B.L	fa	نوکیا
B.L	fa	هایدلبرگ‌سمنت
B.L	fa	هنکل
B.L	fa	وب‌گاه
B.L	fa	ووپرتال
B.L	fa	وینچی
B.L	fa	ویوندی
B.L	fa	پلاستیک
B.L	fa	ژ د اف سوئز
B.L	fa	کا+اس
B.L	fa	کارفور
B.L	fa	کومرتس‌بانک
B.L	fa	کونتیننتال آ گ
B.L	fa	گروه فولکس‌واگن
B.L	fa	یورو
B.L	fa	یورو استاکس ۵۰
B.L	fa	یونیبیل-رودآمکو
B.L	fa	یونیلیور
B.L	fa	یونی‌کردیت
B.L	fa	۱۸۶۳ (میلادی)
B.L	fa	ویکی‌پدیا:مقالهٔ خرد
B.L	fa	الگو:آلمان-خرد
B.L	fa	الگو:شرکت‌های دکس
B.L	fa	الگو:شرکت‌های یورو استاکس ۵۰
B.L	fa	بحث الگو:آلمان-خرد
B.L	fa	بحث الگو:شرکت‌های دکس
B.L	fa	بحث الگو:شرکت‌های یورو استاکس ۵۰
B.L	el	IG Farben
B.L	el	Ασπιρίνη
B.L	el	ΒΠΠ
B.L	el	Γαλλία
B.L	el	Γερμανία
B.L	el	Ελβετία
B.L	el	ΗΠΑ
B.L	el	Ηνωμένο Βασίλειο
B.L	el	Καναδάς
B.L	el	Κυκλώνας Β
B.L	el	Λεβερκούζεν
B.L	el	Μεξικό
B.L	el	Μπάγερ Λεβερκούζεν
B.L	el	Ναζιστική Γερμανία
B.L	eo	1863
B.L	eo	1877
B.L	eo	1878
B.L	eo	1895
B.L	eo	1912
B.L	eo	1917
B.L	eo	1925
B.L	eo	1951
B.L	eo	1967
B.L	eo	1973
B.L	eo	1979
B.L	eo	1992
B.L	eo	2006
B.L	eo	30-an de junio
B.L	eo	Akcia kompanio
B.L	eo	Antwerpen
B.L	eo	Barmen
B.L	eo	Bitterfeld
B.L	eo	Brunsbüttel
B.L	eo	Dormagen
B.L	eo	Elberfeld
B.L	eo	Firmao
B.L	eo	I.G. Farben
B.L	eo	Industrio
B.L	eo	Infanlaboro
B.L	eo	Kemio
B.L	eo	Konzerno
B.L	eo	Krefeld
B.L	eo	Leverkusen
B.L	eo	Monheim am Rhein
B.L	eo	Uerdingen
B.L	eo	Wuppertal
B.L	en	ASML Holding
B.L	en	AXA
B.L	en	Acetylsalicylic acid
B.L	en	Adhesive
B.L	en	Adidas
B.L	en	Adverse effect
B.L	en	Agfa-Gevaert
B.L	en	Agriculture
B.L	en	Agrobacterium
B.L	en	Air Liquide
B.L	en	Aktiengesellschaft
B.L	en	Alka-Seltzer
B.L	en	Allianz
B.L	en	Allies
B.L	en	American IG
B.L	en	Amflora
B.L	en	Analgesic
B.L	en	Anheuser-Busch InBev
B.L	en	Anthrax
B.L	en	Antibiotic
B.L	en	Arabidopsis thaliana
B.L	en	Arcelor Mittal
B.L	en	Archer Daniels Midland Company
B.L	en	Argentina
B.L	en	Arkansas
B.L	en	Arthritis
B.L	en	Arthur Eichengrün
B.L	en	Aruba
B.L	en	Aspirin
B.L	en	Asset
B.L	en	Assicurazioni Generali
B.L	en	Auschwitz
B.L	en	Autan
B.L	en	Avaaz.org
B.L	en	BASF
B.L	en	BASF Plant Science
B.L	en	BBVA
B.L	en	BMW
B.L	en	BNP Paribas
B.L	en	Bahamas
B.L	en	Banco Santander
B.L	en	Barbados
B.L	en	Bark
B.L	en	Barmen
B.L	en	Baxter Healthcare
B.L	en	Baycol
B.L	en	Bayer
B.L	en	Bayer (disambiguation)
B.L	en	Bayer 04 Leverkusen
B.L	en	Bayer AG
B.L	en	Bayer Cross Leverkusen
B.L	en	Bayer HealthCare Pharmaceuticals
B.L	en	Bayer MaterialScience
B.L	en	Bayer Schering Pharma
B.L	en	Bayer USA
B.L	en	Baygon
B.L	en	Beekeeper
B.L	en	Beiersdorf
B.L	en	Belarus
B.L	en	Beyer (disambiguation)
B.L	en	Bioethics
B.L	en	Biofuel
B.L	en	Biology
B.L	en	Biotechnology
B.L	en	Blue rose
B.L	en	Bolivia
B.L	en	Bomac Group
B.L	en	Brazil
B.L	en	Bt brinjal
B.L	en	Bt cotton
B.L	en	Buna Werke
B.L	en	CRH plc
B.L	en	Cambodia
B.L	en	Canada's Top 100 Employers
B.L	en	Canesten
B.L	en	Carl Bosch
B.L	en	Carl Duisberg
B.L	en	Carl Krauch
B.L	en	Carl Lautenschläger
B.L	en	Carl Wurster
B.L	en	Carrefour
B.L	en	Cartagena Protocol on Biosafety
B.L	en	Cassella Farbwerke Mainkur Aktiengesellschaft
B.L	en	Center for Science in the Public Interest
B.L	en	Charles Frederic Gerhardt
B.L	en	Chemical industry
B.L	en	Chemical substance
B.L	en	Chief executive officer
B.L	en	Chile
B.L	en	Chloroquine
B.L	en	Christian Schneider
B.L	en	Ciprofloxacin
B.L	en	Cisgenesis
B.L	en	Cloning
B.L	en	Clothianidin
B.L	en	Coagulation
B.L	en	Coating
B.L	en	Colombia
B.L	en	Commerzbank
B.L	en	Commonwealth of Independent States
B.L	en	Contaminated haemophilia blood products
B.L	en	Continental AG
B.L	en	Corporate Equality Index
B.L	en	Costa Rica
B.L	en	Cotton
B.L	en	Cuba
B.L	en	Curaçao
B.L	en	Cutter Laboratories
B.L	en	DAX
B.L	en	Daimler AG
B.L	en	Detection of genetically modified organisms
B.L	en	Deutsche Bank
B.L	en	Deutsche Börse
B.L	en	Deutsche Post
B.L	en	Deutsche Telekom
B.L	en	Diabetes
B.L	en	Digital object identifier
B.L	en	Dominican Republic
B.L	en	Dow AgroSciences
B.L	en	Drospirenone
B.L	en	Dye
B.L	en	E.ON
B.L	en	Earnings before interest and taxes
B.L	en	Ecuador
B.L	en	El Salvador
B.L	en	Electroporation
B.L	en	Enel
B.L	en	Eni
B.L	en	Enviropig
B.L	en	Equity (finance)
B.L	en	Erectile dysfunction
B.L	en	Essilor
B.L	en	Euro
B.L	en	Euro Stoxx 50
B.L	en	Europe
B.L	en	Factor VIII
B.L	en	False Claims Act
B.L	en	Felix Hoffman
B.L	en	Fever
B.L	en	Fibrinolytics
B.L	en	Finland
B.L	en	Fish tomato
B.L	en	Flavr Savr
B.L	en	Flintstones chewable vitamins
B.L	en	Folk remedy
B.L	en	France Télécom
B.L	en	Frankfurt Stock Exchange
B.L	en	Fresenius (company)
B.L	en	Fresenius Medical Care
B.L	en	Friedrich Bayer
B.L	en	Fritz Gajewski
B.L	en	Fritz ter Meer
B.L	en	Full-time equivalent
B.L	en	GDF Suez
B.L	en	Gastric pain
B.L	en	Gene gun
B.L	en	Gene knockdown
B.L	en	Gene knockout
B.L	en	Gene targeting
B.L	en	Gene therapy
B.L	en	Genetic engineering
B.L	en	Genetic engineering in fiction
B.L	en	Genetic enhancement
B.L	en	Genetic pollution
B.L	en	Genetically modified bacteria
B.L	en	Genetically modified canola
B.L	en	Genetically modified crops
B.L	en	Genetically modified fish
B.L	en	Genetically modified food
B.L	en	Genetically modified food controversies
B.L	en	Genetically modified maize
B.L	en	Genetically modified mammal
B.L	en	Genetically modified mouse
B.L	en	Genetically modified organism
B.L	en	Genetically modified rice
B.L	en	Genetically modified salmon
B.L	en	Genetically modified soybean
B.L	en	Genetically modified tomato
B.L	en	Genetically modified virus
B.L	en	Genetically modified wheat
B.L	en	Genetics
B.L	en	Georg von Schnitzler
B.L	en	German concentration camps
B.L	en	Germany
B.L	en	GloFish
B.L	en	GmbH
B.L	en	Golden rice
B.L	en	Greater Toronto's Top Employers
B.L	en	Groupe Danone
B.L	en	Guatemala
B.L	en	Haemophiliacs
B.L	en	Hans Kühne
B.L	en	HeidelbergCement
B.L	en	Heinrich Bütefisch
B.L	en	Heinrich Gattineau
B.L	en	Heinrich Oster
B.L	en	Help Desk
B.L	en	Henkel
B.L	en	Hepatitis
B.L	en	Hepatitis B vaccine
B.L	en	Hepatitis C virus
B.L	en	Herman the Bull
B.L	en	Hermann Schmitz (industrialist)
B.L	en	Heroin
B.L	en	Hoechst AG
B.L	en	Holding company
B.L	en	Honduras
B.L	en	Honeybee
B.L	en	Hong Kong SAR
B.L	en	Human Rights Campaign
B.L	en	Human genetic engineering
B.L	en	Hungary
B.L	en	IG Farben
B.L	en	IG Farben Building
B.L	en	IG Farben Trial
B.L	en	Iberdrola
B.L	en	Ice-minus bacteria
B.L	en	Imidacloprid
B.L	en	Imidacloprid effects on bee population
B.L	en	India
B.L	en	Inditex
B.L	en	Indonesia
B.L	en	Infineon Technologies
B.L	en	Insect repellent
B.L	en	Insecticide
B.L	en	International Standard Book Number
B.L	en	Intesa Sanpaolo
B.L	en	Intravenous
B.L	en	Israel
B.L	en	Jamaica
B.L	en	Jatropha
B.L	en	Johann Friedrich Weskott
B.L	en	K+S
B.L	en	K9 Advantix
B.L	en	KFC Uerdingen 05
B.L	en	Kazakhstan
B.L	en	Knockout mouse
B.L	en	Knockout rat
B.L	en	L'Oréal
B.L	en	LVMH
B.L	en	Lanxess
B.L	en	Laos
B.L	en	Leverkusen
B.L	en	Lipofection
B.L	en	List of German companies
B.L	en	List of pharmaceutical companies
B.L	en	London Stock Exchange
B.L	en	Louisiana
B.L	en	Lufthansa
B.L	en	MON 809
B.L	en	MON 810
B.L	en	MON 863
B.L	en	Makrolon
B.L	en	Mauthausen-Gusen concentration camp
B.L	en	Max Ilgner
B.L	en	Medical imaging
B.L	en	Medical technologist
B.L	en	Merck KGaA
B.L	en	Methyl isocyanate
B.L	en	Methyl parathion
B.L	en	Mexico
B.L	en	Microinjection
B.L	en	Miles Canada
B.L	en	Miles Laboratories
B.L	en	Milk substitute
B.L	en	Mississippi
B.L	en	Missouri
B.L	en	Monowitz concentration camp
B.L	en	Monsanto
B.L	en	Munich Re
B.L	en	Myanmar
B.L	en	Nausea
B.L	en	Neonicotinoid
B.L	en	Net income
B.L	en	Netherlands
B.L	en	New York Stock Exchange
B.L	en	New Zealand
B.L	en	Nicaragua
B.L	en	Nitrile rubber
B.L	en	Nokia
B.L	en	Non-executive director
B.L	en	North Rhine-Westphalia
B.L	en	Nova Scotia
B.L	en	Nuremberg War Crimes Tribunal
B.L	en	Nuremberg trials
B.L	en	Oncomouse
B.L	en	Onyx-015
B.L	en	Otto Ambros
B.L	en	Over-the-counter drug
B.L	en	PMDD
B.L	en	Pakistan
B.L	en	Panama
B.L	en	Paraguay
B.L	en	Parathion
B.L	en	Pennsylvania
B.L	en	Peru
B.L	en	Pest (animal)
B.L	en	Pesticide
B.L	en	Pesticides
B.L	en	Pharmaceutical company
B.L	en	Pharming (genetics)
B.L	en	Philippines
B.L	en	Philips
B.L	en	Pioneer Hi-Bred
B.L	en	Pittsburgh
B.L	en	Plant Genetic Systems
B.L	en	Plant breeding
B.L	en	Poland
B.L	en	Polycarbonate
B.L	en	Polymer
B.L	en	Polyurethane
B.L	en	Potato
B.L	en	Primodos
B.L	en	Progesterone
B.L	en	Prontosil
B.L	en	Propoxur
B.L	en	PubMed Central
B.L	en	PubMed Identifier
B.L	en	RWE
B.L	en	Recombinant DNA
B.L	en	Regulation of genetic engineering
B.L	en	Regulation of genetically modified organisms in Switzerland
B.L	en	Regulation of genetically modified organisms in the European Union
B.L	en	Regulation of the release of genetic modified organisms
B.L	en	Renal failure
B.L	en	Repsol S.A.
B.L	en	Reverse transfection
B.L	en	Rhabdomyolysis
B.L	en	Robinson Township, Allegheny County, Pennsylvania
B.L	en	Roche Pharmaceuticals
B.L	en	Roundup Ready soybean
B.L	en	SAP AG
B.L	en	Sagmel, Inc.
B.L	en	Saint-Gobain
B.L	en	Salicin
B.L	en	Salicylic acid
B.L	en	Salophen
B.L	en	Sanofi
B.L	en	Schering
B.L	en	Schneider Electric
B.L	en	Seeds
B.L	en	Serbia
B.L	en	Siemens
B.L	en	Siemens Medical Solutions
B.L	en	Singapore
B.L	en	Slave labor
B.L	en	SmithKline Beecham
B.L	en	Société Générale
B.L	en	South Korea
B.L	en	Statin
B.L	en	Stem cell
B.L	en	Sterling Drug
B.L	en	Sterling Winthrop
B.L	en	Subsidiary
B.L	en	Sulfonamide (medicine)
B.L	en	Supervisory board
B.L	en	Suramin
B.L	en	Switzerland
B.L	en	Syngenta
B.L	en	Synthetic biology
B.L	en	TSV Bayer 04 Leverkusen
B.L	en	Taiwan
B.L	en	Tauccamarca
B.L	en	Techniques of genetic engineering
B.L	en	Telefónica
B.L	en	Thailand
B.L	en	The Linde Group
B.L	en	ThyssenKrupp
B.L	en	Ticker symbol
B.L	en	Tobacco
B.L	en	Toronto Star
B.L	en	Total SA
B.L	en	Transfection
B.L	en	Transformation (genetics)
B.L	en	Transgene
B.L	en	Transgenesis
B.L	en	Trasylol
B.L	en	Trinidad and Tobago
B.L	en	Turkey
B.L	en	Types of business entity
B.L	en	Ukraine
B.L	en	UniCredit
B.L	en	Unibail-Rodamco
B.L	en	Unilever
B.L	en	Uruguay
B.L	en	Vardenafil
B.L	en	Venezuela
B.L	en	Veterinary medicine
B.L	en	Vietnam
B.L	en	Vinci (construction)
B.L	en	Viral transformation
B.L	en	Vistive Gold
B.L	en	Vivendi
B.L	en	Volkswagen Group
B.L	en	West Virginia
B.L	en	Wilhelm Rudolf Mann
B.L	en	Willow
B.L	en	Women's health
B.L	en	World War I
B.L	en	World War II
B.L	en	Wuppertal
B.L	en	Zyklon B
B.L	en	Wikipedia:Citation needed
B.L	en	Wikipedia:Link rot
B.L	en	File:Pano-bayer-leverkusen.jpg
B.L	en	Template:Cite pmid/11806796
B.L	en	Template:DAX companies
B.L	en	Template:Euro Stoxx 50 Companies
B.L	en	Template:Genetic engineering
B.L	en	Template:IG Farben
B.L	en	Template:Portal/Images/Companies
B.L	en	Template:Portal/Images/Germany
B.L	en	Template:Portal/Images/Medicine
B.L	en	Template talk:DAX companies
B.L	en	Template talk:Euro Stoxx 50 Companies
B.L	en	Template talk:Genetic engineering
B.L	en	Template talk:IG Farben
B.L	en	Help:IPA for English
B.L	en	Help:IPA for German
B.L	en	Category:Articles with dead external links from June 2011
B.L	en	Category:Articles with unsourced statements from November 2010
B.L	en	Category:IG Farben
B.L	en	Category:IG Farben people
B.L	en	Category:Use dmy dates from June 2012
B.L	en	Portal:Companies
B.L	en	Portal:Germany
B.L	en	Portal:Medicine
B.L	et	Adidas
B.L	et	Allianz
B.L	et	BASF
B.L	et	BMW
B.L	et	Bayer
B.L	et	Bayer (aadlisuguvõsa)
B.L	et	Beiersdorf AG
B.L	et	Commerzbank
B.L	et	DAX
B.L	et	Daimler
B.L	et	Deutsche Bank
B.L	et	Deutsche Börse
B.L	et	Deutsche Post
B.L	et	Deutsche Telekom
B.L	et	E.ON
B.L	et	Frankfurdi börs
B.L	et	Fresenius
B.L	et	Fresenius Medical Care
B.L	et	HeidelbergCement
B.L	et	Henkel
B.L	et	Infineon Technologies
B.L	et	K+S
B.L	et	Lufthansa
B.L	et	MAN SE
B.L	et	Merck KGaA
B.L	et	Metro AG
B.L	et	Munich Re
B.L	et	RWE
B.L	et	SAP
B.L	et	Siemens
B.L	et	The Linde Group
B.L	et	ThyssenKrupp
B.L	et	Volkswagen Group
B.L	et	Arutelu:Bayer AG
B.L	et	Vikipeedia:Vormistusreeglid
B.L	es	1863
B.L	es	Acné
B.L	es	Administración de Alimentos y Medicamentos
B.L	es	Agroquímico
B.L	es	Alemania
B.L	es	Aliados (Primera Guerra Mundial)
B.L	es	Alka-Seltzer
B.L	es	Anticonceptiva
B.L	es	Análisis de coste-beneficio
B.L	es	Argentina
B.L	es	Arroz
B.L	es	Aspirina
B.L	es	Atletismo
B.L	es	Aventis
B.L	es	Aves de corral
B.L	es	Baloncesto
B.L	es	Balonmano
B.L	es	Barmen
B.L	es	Bayer (desambiguación)
B.L	es	Bayer 04 Leverkusen
B.L	es	Biotecnología
B.L	es	Bolivia
B.L	es	Bolsa de Fráncfort
B.L	es	Bolsa de Londres
B.L	es	Bolsa de Nueva York
B.L	es	Bolsa de Tokio
B.L	es	Brasil
B.L	es	CNN
B.L	es	Cambio 16
B.L	es	Canadá
B.L	es	Centros para el Control y Prevención de Enfermedades
B.L	es	Cerivastatina
B.L	es	Charles Frédéric Gerhardt
B.L	es	Chile
B.L	es	Ciprofloxacino
B.L	es	Coagulación
B.L	es	Colesterol
B.L	es	Coltán
B.L	es	Complemento alimenticio
B.L	es	Congreso del Perú
B.L	es	Cáncer
B.L	es	Cáncer de próstata
B.L	es	Diabetes
B.L	es	Discapacidad
B.L	es	Drospirenona
B.L	es	El Heraldo (Barranquilla)
B.L	es	Emprendedor
B.L	es	Enciclopedia Británica
B.L	es	Esclerosis múltiple
B.L	es	Estratégica
B.L	es	Estrógeno
B.L	es	Felix Hoffmann
B.L	es	Finlandia
B.L	es	Fluoroquinolona
B.L	es	Francia
B.L	es	Friedrich Bayer
B.L	es	Gaucho (insecticida)
B.L	es	Glucosa
B.L	es	Greenpeace
B.L	es	Heroína
B.L	es	Holding
B.L	es	Hormona
B.L	es	Industria
B.L	es	Industria farmacéutica
B.L	es	Ingeniería genética
B.L	es	Italia
B.L	es	Johann Friedrich Weskott
B.L	es	Leche en polvo
B.L	es	Letrero
B.L	es	Leverkusen
B.L	es	Marketing
B.L	es	Medicamento
B.L	es	Medicamentos de venta libre
B.L	es	Ministerio de Agricultura del Perú
B.L	es	Paratión
B.L	es	Perú
B.L	es	Pittsburgh
B.L	es	Plaguicida
B.L	es	Polímero
B.L	es	Primera Guerra Mundial
B.L	es	Progesterona
B.L	es	Prontosil
B.L	es	Química técnica
B.L	es	Redoxon
B.L	es	Renania del Norte-Westfalia
B.L	es	Schering AG
B.L	es	Segunda guerra del Congo
B.L	es	Siemens AG
B.L	es	Sitio web
B.L	es	Sociedades anónimas
B.L	es	Suramin
B.L	es	Síndrome del aceite tóxico
B.L	es	The New York Times
B.L	es	Transgénica
B.L	es	Trastorno disfórico premenstrual
B.L	es	Trasylol
B.L	es	Uruguay
B.L	es	Vietnam
B.L	es	Vitaminas
B.L	es	Voleibol
B.L	es	Wikimedia Commons
B.L	es	Wuppertal
B.L	es	Ácido acetilsalicílico
B.L	ca	1863
B.L	ca	1881
B.L	ca	1897
B.L	ca	1925
B.L	ca	1945
B.L	ca	7 d'agost
B.L	ca	Adidas
B.L	ca	Agfa
B.L	ca	Aktiengesellschaft
B.L	ca	Alemanya
B.L	ca	Allianz
B.L	ca	Analgèsic
B.L	ca	Archer Daniels Midland Company
B.L	ca	Aspirina
B.L	ca	Aventis
B.L	ca	BASF
B.L	ca	BMW
B.L	ca	Beiersdorf
B.L	ca	Berlín
B.L	ca	Biocombustible
B.L	ca	Biotecnologia
B.L	ca	Borsa de Frankfurt
B.L	ca	Borsa de Tòquio
B.L	ca	Commerzbank
B.L	ca	Companyia
B.L	ca	DAX
B.L	ca	Daimler AG
B.L	ca	Deutsche Bank
B.L	ca	Deutsche Börse
B.L	ca	Deutsche Post
B.L	ca	Deutsche Telekom
B.L	ca	E.ON
B.L	ca	Farmàcia
B.L	ca	Felix Hoffmann
B.L	ca	Fresenius Medical Care
B.L	ca	Fresenius SE
B.L	ca	Fàbrica
B.L	ca	Henkel
B.L	ca	Hoechst
B.L	ca	IG Farben
B.L	ca	Infineon Technologies
B.L	ca	Jatropha
B.L	ca	K+S
B.L	ca	Leverkusen
B.L	ca	Lufthansa
B.L	ca	MAN SE
B.L	ca	Merck KGaA
B.L	ca	Metro AG
B.L	ca	Munich Re
B.L	ca	Nunhems
B.L	ca	Plaguicides
B.L	ca	Plant Genetic Systems
B.L	ca	Química
B.L	ca	RWE
B.L	ca	SAP AG
B.L	ca	Salzgitter AG
B.L	ca	Siemens AG
B.L	ca	The Linde Group
B.L	ca	ThyssenKrupp
B.L	ca	Volkswagen Group
B.L	ca	Wupper
B.L	ca	Àcid acetilsalicílic
B.L	ca	Plantilla:Bandera/Germany
B.L	ca	Plantilla:Empreses DAX
B.L	ca	Viquiprojecte:Coordenades geogràfiques
B.L	bs	1863
B.L	bs	Aspirin
B.L	bs	Barmen
B.L	bs	Euro
B.L	bs	Frankfurska berza
B.L	bs	Friedrich Bayer
B.L	bs	Javno preduzeće
B.L	bs	Leverkusen
B.L	bs	Lijek
B.L	bs	Njemačka
B.L	bs	Wuppertal
B.L	bs	Wikipedia:Članci
B.L	bg	1863
B.L	bg	1939
B.L	bg	1 август
B.L	bg	IG Farben
B.L	bg	Аспирин
B.L	bg	Бармен
B.L	bg	Бойни отровни вещества
B.L	bg	Германия
B.L	bg	Йохан Фридрих Вескот
B.L	bg	Леверкузен
B.L	bg	Медикаменти
B.L	bg	Нобелова награда
B.L	bg	Сулфонамид
B.L	bg	Фридрих Байер
B.L	bg	Хероин
B.L	bg	Химия
B.L	bg	Шаблон:Link FA/de
B.L	be	1863
B.L	be	Adidas
B.L	be	Allianz
B.L	be	BASF
B.L	be	BMW
B.L	be	Beiersdorf
B.L	be	Bertrandt
B.L	be	Commerzbank
B.L	be	DAX
B.L	be	Daimler
B.L	be	Deutsche Bank
B.L	be	Deutsche Börse
B.L	be	Deutsche Post
B.L	be	Deutsche Telekom
B.L	be	E.ON
B.L	be	Euro
B.L	be	Fresenius
B.L	be	Fresenius SE
B.L	be	Hannover Re
B.L	be	Henkel
B.L	be	K+S
B.L	be	Lufthansa
B.L	be	MAN
B.L	be	Merck KGaA
B.L	be	Metro AG
B.L	be	Munich Re
B.L	be	RWE
B.L	be	SAP
B.L	be	Salzgitter AG
B.L	be	Siemens
B.L	be	The Linde Group
B.L	be	ThyssenKrupp
B.L	be	Volkswagen Group
B.L	be	Італьянская фондавая біржа
B.L	be	Акцыянернае таварыства
B.L	be	Аспірын
B.L	be	Выручка
B.L	be	Германія
B.L	be	Леверкузен
B.L	be	Лістынг, эканоміка
B.L	be	Нью-Ёркская фондавая біржа
B.L	be	Сайт
B.L	be	Фармацэўтычная прамысловасць
B.L	be	Франкфурцкая фондавая біржа
B.L	be	Хімія
B.L	be	Эквівалент поўнай занятасці
B.L	be	Юрыдычная асоба
B.L	be	Шаблон:IG Farben
B.L	da	1863
B.L	da	1899
B.L	da	2007
B.L	da	Acetylsalicylsyre
B.L	da	Adidas
B.L	da	Aktiv
B.L	da	Allianz
B.L	da	Aspirin
B.L	da	BASF
B.L	da	BMW
B.L	da	Beiersdorf AG
B.L	da	Commerzbank
B.L	da	Continental AG
B.L	da	DAX
B.L	da	Daimler AG
B.L	da	Deutsche Bank
B.L	da	Deutsche Börse
B.L	da	Deutsche Post
B.L	da	Deutsche Telekom
B.L	da	E.ON
B.L	da	EUR
B.L	da	Euro
B.L	da	Farmaceut
B.L	da	Firma
B.L	da	Fresenius Medical Care
B.L	da	Fresenius SE
B.L	da	HeidelbergCement
B.L	da	Henkel
B.L	da	Holdingselskab
B.L	da	Hovedkvarter
B.L	da	Infineon Technologies
B.L	da	Jøder
B.L	da	K+S
B.L	da	Kemi
B.L	da	Kemikalie
B.L	da	Lanxess
B.L	da	Leverkusen
B.L	da	Linde AG
B.L	da	Lufthansa
B.L	da	Lægemiddel
B.L	da	Medarbejder
B.L	da	Merck KGaA
B.L	da	Munich Re
B.L	da	Nazityskland
B.L	da	Nordrhein-Westfalen
B.L	da	Omsætning
B.L	da	RWE
B.L	da	SAP AG
B.L	da	Selskabsform
B.L	da	Siemens AG
B.L	da	Slogan
B.L	da	ThyssenKrupp
B.L	da	Tyskland
B.L	da	Virksomhed
B.L	da	Volkswagen Aktiengesellschaft
B.L	da	Websted
B.L	da	Zyklon B
B.L	da	Hjælp:Artikeludvidelse
B.L	da	Hjælp:Stub
B.L	cs	1863
B.L	cs	2008
B.L	cs	BASF
B.L	cs	Barmen
B.L	cs	Bayer (rozcestník)
B.L	cs	COOP (Švýcarsko)
B.L	cs	Friedrich Bayer
B.L	cs	Geneticky modifikovaný organismus
B.L	cs	Irsko
B.L	cs	Japonsko
B.L	cs	Leverkusen
B.L	cs	Léčivo
B.L	cs	MIGROS
B.L	cs	Miroslav Šuta
B.L	cs	Národní knihovna České republiky
B.L	cs	Německo
B.L	cs	Pesticid
B.L	cs	Rýže
B.L	cs	Spojené státy americké
B.L	cs	Syngenta
B.L	cs	Sídlo (právo)
B.L	cs	Wuppertal
B.L	cs	Švýcarsko
B.L	cs	Diskuse:Bayer
B.L	cs	Wikipedie:Ověřitelnost
B.L	cs	Wikipedie:Pahýl
B.L	ar	Euro
B.L	ar	Gstock
B.L	ar	أدوية
B.L	ar	أدوية متاحة بدون وصفة
B.L	ar	ألمانيا
B.L	ar	السكري
B.L	ar	بورصة طوكيو
B.L	ar	بورصة فرانكفورت
B.L	ar	تصوير طبي
B.L	ar	دواء
B.L	ar	شمال الراين - وستفاليا
B.L	ar	صناعة الدواء
B.L	ar	طب بيطري
B.L	ar	فريديريك باير
B.L	ar	فوبرتال
B.L	ar	قائمة شركات الأدوية
B.L	ar	كبير الإداريين التنفيذيين
B.L	ar	لغة ألمانية
B.L	ar	ليفركوزن
B.L	ar	مادة كيماوية
B.L	ar	مادة كيميائية
B.L	ar	مادة لاصقة
B.L	ar	مبيد آفات
B.L	ar	مصنع
B.L	ar	مكوثر
B.L	ar	مليار
B.L	ar	نوردراين فيستفالن
B.L	ar	ويكيميديا كومنز
B.L	no	1863
B.L	no	1898
B.L	no	1925
B.L	no	1945
B.L	no	1947
B.L	no	1956
B.L	no	Aktiengesellschaft
B.L	no	Amerikansk
B.L	no	Anthrax
B.L	no	Antibiotikum
B.L	no	Aspirin
B.L	no	Auschwitz
B.L	no	Avaaz
B.L	no	Ciprofloxacin
B.L	no	Clothianidin
B.L	no	Dollar
B.L	no	EPA
B.L	no	Euro
B.L	no	Fransk
B.L	no	Friedrich Bayer
B.L	no	Fritz ter Meer
B.L	no	Første verdenskrig
B.L	no	Gregoire M.Afrine
B.L	no	Heroin
B.L	no	Honningbier
B.L	no	Hoste
B.L	no	IG Farben
B.L	no	Johann Friedrich Weskott
B.L	no	Klor
B.L	no	Kongo
B.L	no	Konsentrasjonsleir
B.L	no	Leverkusen
B.L	no	Lycetol
B.L	no	Metadon
B.L	no	Neonicotinoid
B.L	no	Nerve
B.L	no	Nordrhein-Westfalen
B.L	no	Nürnbergprosessen
B.L	no	Polykarbonat
B.L	no	Polyurethan
B.L	no	Reichsmark
B.L	no	Russer
B.L	no	Salophen
B.L	no	Sennepsgass
B.L	no	Skyttergrav
B.L	no	Tabun
B.L	pl	1863
B.L	pl	1898
B.L	pl	1912
B.L	pl	Adidas
B.L	pl	Aktiengesellschaft
B.L	pl	Allianz
B.L	pl	Andrologia
B.L	pl	Aspiryna
B.L	pl	BASF
B.L	pl	BMW
B.L	pl	Beiersdorf AG
B.L	pl	Carl Duisberg
B.L	pl	Chemia
B.L	pl	Commerzbank
B.L	pl	Cyklon B
B.L	pl	DAX
B.L	pl	Dachau (KL)
B.L	pl	Daimler AG
B.L	pl	Deutsche Bank
B.L	pl	Deutsche Börse
B.L	pl	Deutsche Post
B.L	pl	Deutsche Telekom
B.L	pl	Diagnostyka (medycyna)
B.L	pl	E.ON
B.L	pl	Ekologia w obiektywie
B.L	pl	Ernst Klee
B.L	pl	Farmacja
B.L	pl	Felix Hoffmann
B.L	pl	Fresenius
B.L	pl	Fresenius Medical Care
B.L	pl	Friedrich Bayer
B.L	pl	Gaz musztardowy
B.L	pl	Ginekologia
B.L	pl	Henkel
B.L	pl	Heroina
B.L	pl	IG Farben
B.L	pl	Infineon
B.L	pl	International Standard Serial Number
B.L	pl	K+S
B.L	pl	Kolonia (Niemcy)
B.L	pl	Komora gazowa
B.L	pl	Kwas acetylosalicylowy
B.L	pl	Leverkusen
B.L	pl	Linde AG
B.L	pl	Lufthansa
B.L	pl	MAN SE
B.L	pl	Medycyna nuklearna
B.L	pl	Merck KGaA
B.L	pl	Metro Group
B.L	pl	Munich Re
B.L	pl	Niemcy
B.L	pl	Onkologia
B.L	pl	Piotr Płaczkowski
B.L	pl	Poliuretan
B.L	pl	Proces IG Farben
B.L	pl	Przedsiębiorstwo
B.L	pl	RWE (koncern)
B.L	pl	SAP AG
B.L	pl	Salzgitter AG
B.L	pl	Siemens AG
B.L	pl	Sulfonamidy
B.L	pl	ThyssenKrupp
B.L	pl	Volkswagen AG
B.L	pl	Wuppertal
B.L	pl	Wikipedia:Weryfikowalność
B.L	pl	Szablon:DAX
B.L	pl	Dyskusja szablonu:DAX
B.L	lv	Vikipēdija:Infokaste
B.L	lv	Veidne:Uzņēmuma infokaste
B.L	lv	Palīdzība:Stila rokasgrāmata
B.L	lt	1863
B.L	lt	1877
B.L	lt	1878
B.L	lt	1895
B.L	lt	1912
B.L	lt	1917
B.L	lt	1925
B.L	lt	1951
B.L	lt	1967
B.L	lt	1973
B.L	lt	1979
B.L	lt	1992
B.L	lt	Adidas
B.L	lt	Akcinė bendrovė
B.L	lt	Allianz
B.L	lt	Antverpenas
B.L	lt	Aspirinas
B.L	lt	BASF
B.L	lt	BMW
B.L	lt	Barmenas
B.L	lt	Bayer
B.L	lt	Bayer CropScience AG
B.L	lt	Bayer HealthCare AG
B.L	lt	Bayer MaterialScience
B.L	lt	Bayer kryžius
B.L	lt	Beiersdorf
B.L	lt	Biterfeldas
B.L	lt	Brunsbiutelis
B.L	lt	Chemijos pramonė
B.L	lt	Commerzbank
B.L	lt	DAX
B.L	lt	Daimler AG
B.L	lt	Deutsche Bank
B.L	lt	Deutsche Börse
B.L	lt	Deutsche Post
B.L	lt	Deutsche Telekom
B.L	lt	Dormagenas
B.L	lt	E.ON
B.L	lt	EBIT
B.L	lt	Elberfeldas
B.L	lt	Euras
B.L	lt	Fresenius (company)
B.L	lt	Fresenius Medical Care
B.L	lt	HeidelbergCement
B.L	lt	Henkel
B.L	lt	IG Farben
B.L	lt	Infineon Technologies
B.L	lt	Iurdingenas
B.L	lt	K+S
B.L	lt	Krėfeldas
B.L	lt	Lufthansa
B.L	lt	Lėverkuzenas
B.L	lt	Lėverkūzenas
B.L	lt	MAN SE
B.L	lt	Merck KGaA
B.L	lt	Metro AG
B.L	lt	Monheim prie Reino
B.L	lt	Munich Re
B.L	lt	Organizacinė-teisinė forma
B.L	lt	Pramonė
B.L	lt	RWE
B.L	lt	SAP AG
B.L	lt	Siemens
B.L	lt	The Linde Group
B.L	lt	ThyssenKrupp
B.L	lt	Vokietija
B.L	lt	Volkswagen Group
B.L	lt	Vupertalis
B.L	lt	Šablonas:DAX companies
B.L	lt	Šablono aptarimas:DAX companies
B.L	nl	1863
B.L	nl	1899
B.L	nl	2005
B.L	nl	Adidas
B.L	nl	Allianz
B.L	nl	Aspirine
B.L	nl	BASF (chemieconcern)
B.L	nl	BMW
B.L	nl	Barmen (Wuppertal)
B.L	nl	Bayer 04 Leverkusen
B.L	nl	Bayer CropScience
B.L	nl	Bayer HealthCare
B.L	nl	Bayer MaterialScience
B.L	nl	Beiersdorf AG
B.L	nl	Biotechnologie
B.L	nl	Commerzbank
B.L	nl	Concern
B.L	nl	Continental AG
B.L	nl	DAX-index
B.L	nl	Daimler (Duitsland)
B.L	nl	Deutsche Bank
B.L	nl	Deutsche Börse
B.L	nl	Deutsche Post
B.L	nl	Deutsche Telekom
B.L	nl	Duitsland
B.L	nl	E.ON
B.L	nl	Effectenbeurs
B.L	nl	Fresenius
B.L	nl	Fresenius Medical Care
B.L	nl	Friedrich Bayer
B.L	nl	Geallieerden (Tweede Wereldoorlog)
B.L	nl	Gewasbescherming
B.L	nl	Gezondheid
B.L	nl	HeidelbergCement
B.L	nl	Henkel KGaA
B.L	nl	Heroïne
B.L	nl	Holding
B.L	nl	IG Farben
B.L	nl	Infineon
B.L	nl	Johann Friedrich Weskott
B.L	nl	K+S
B.L	nl	Lanxess
B.L	nl	Leverkusen
B.L	nl	Linde AG
B.L	nl	Lufthansa
B.L	nl	Merck KGaA
B.L	nl	Methadon
B.L	nl	Mosterdgas
B.L	nl	Münchener Rück
B.L	nl	Noordrijn-Westfalen
B.L	nl	Omzet
B.L	nl	Polymeren
B.L	nl	RWE (energie)
B.L	nl	SAP AG
B.L	nl	Siemens AG
B.L	nl	Synoniem (taalkunde)
B.L	nl	ThyssenKrupp
B.L	nl	Tweede Wereldoorlog
B.L	nl	Voetbal
B.L	nl	Volkswagen AG
B.L	nl	Wikimedia Commons
B.L	nl	Winst (onderneming)
B.L	nl	Wuppertal
B.L	nl	Portaal:Economie
B.L	ko	노르트라인베스트팔렌 주
B.L	ko	레버쿠젠
B.L	ko	아스피린
B.L	ko	위키백과:토막글
B.L	ko	틀:토막글/그림/독일
B.L	la	1863
B.L	la	1896
B.L	la	1900
B.L	la	1925
B.L	la	1950
B.L	la	1961
B.L	la	1 Augusti
B.L	la	2009
B.L	la	26 Iunii
B.L	la	Anglice
B.L	la	Anilinum
B.L	la	Barmensis civitas
B.L	la	Bellum Orbis Terrarum II
B.L	la	Friedrich Bayer
B.L	la	Fuchsinum
B.L	la	Germanice
B.L	la	Heroinum
B.L	la	I.G. Farben
B.L	la	Leverkusen
B.L	la	Societas anonyma
B.L	la	Wuppertal
B.L	hu	2008
B.L	hu	Aspirin
B.L	hu	Gazdasági társaság
B.L	hu	Heroin
B.L	hu	Intézmény
B.L	hu	Leverkusen
B.L	hu	Németország
B.L	hu	Társadalmi szervezet
B.L	hu	Vita:Bayer
B.L	hu	Wikipédia:Csonk
B.L	hu	Wikipédia:Hogyan írhatok jó szócikket?
B.L	hu	Wikipédia:Tüntesd fel forrásaidat!
B.L	id	1863
B.L	id	1990
B.L	id	2003
B.L	id	Adidas
B.L	id	Allianz
B.L	id	Anak perusahaan
B.L	id	Aspirin
B.L	id	BASF
B.L	id	BMW
B.L	id	Bayer AG
B.L	id	Bayer CropScience
B.L	id	Bayer HealthCare Pharmaceuticals
B.L	id	Bayer MaterialScience
B.L	id	Bayer Schering Pharma
B.L	id	Bayer USA
B.L	id	Baygon
B.L	id	Beiersdorf
B.L	id	Bursa Saham Frankfurt
B.L	id	Bursa Saham Tokyo
B.L	id	CEO
B.L	id	Commerzbank
B.L	id	Continental AG
B.L	id	DAX
B.L	id	Daimler AG
B.L	id	Deutsche Bank
B.L	id	Deutsche Börse
B.L	id	Deutsche Post
B.L	id	Deutsche Telekom
B.L	id	Diabetes
B.L	id	E.ON
B.L	id	Euro
B.L	id	Fresenius (perusahaan)
B.L	id	Fresenius Medical Care
B.L	id	Friedrich Bayer
B.L	id	HeidelbergCement
B.L	id	Henkel
B.L	id	Indonesia
B.L	id	Industri kimia
B.L	id	Infineon Technologies
B.L	id	Jenis entitas bisnis
B.L	id	Jerman
B.L	id	K+S
B.L	id	Kedokteran hewan
B.L	id	Kepala badan pengawas
B.L	id	Kesehatan wanita
B.L	id	Korporasi
B.L	id	Laba bersih
B.L	id	Laba kotor
B.L	id	Lanxess
B.L	id	Lem
B.L	id	Leverkusen
B.L	id	Lufthansa
B.L	id	Merck KGaA
B.L	id	Munich Re
B.L	id	North Rhine-Westphalia
B.L	id	Obat generik
B.L	id	Pemuliaan tanaman
B.L	id	Perusahaan
B.L	id	Perusahaan (hukum)
B.L	id	Perusahaan farmasi
B.L	id	Perusahaan publik
B.L	id	Pestisida
B.L	id	Polimer
B.L	id	RWE
B.L	id	S.C. Johnson & Son
B.L	id	SAP AG
B.L	id	Siemens
B.L	id	The Linde Group
B.L	id	ThyssenKrupp
B.L	id	Volkswagen Group
B.L	id	Zat kimia
B.L	id	Wikipedia:Rintisan
B.L	id	Templat:Perusahaan DAX
B.L	id	Pembicaraan Templat:Perusahaan DAX
B.L	is	2010
B.L	is	6. október
B.L	is	Adidas
B.L	is	Allianz
B.L	is	BASF
B.L	is	BMW
B.L	is	Beiersdorf
B.L	is	Commerzbank
B.L	is	DAX
B.L	is	Daimler
B.L	is	Deutsche Bank
B.L	is	Deutsche Börse
B.L	is	Deutsche Lufthansa
B.L	is	Deutsche Post
B.L	is	Deutsche Telekom
B.L	is	E.ON
B.L	is	Efnaiðnaður
B.L	is	Fresenius
B.L	is	Fresenius Medical Care
B.L	is	Fyrirtæki
B.L	is	HeidelbergCement
B.L	is	Henkel
B.L	is	Infineon Technologies
B.L	is	K+S
B.L	is	Leverkusen
B.L	is	Linde
B.L	is	Lyf
B.L	is	MAN
B.L	is	METRO
B.L	is	Merck (þýskt fyrirtæki)
B.L	is	Munich Re
B.L	is	RWE
B.L	is	SAP
B.L	is	Siemens
B.L	is	ThyssenKrupp
B.L	is	Volkswagen
B.L	is	Þýskaland
B.L	is	Wikipedia:Stubbur
B.L	is	Snið:DAX
B.L	is	Sniðaspjall:DAX
B.L	it	1853
B.L	it	1863
B.L	it	1899
B.L	it	1904
B.L	it	1978
B.L	it	1994
B.L	it	2001
B.L	it	2011
B.L	it	AIDS
B.L	it	Acido salicilico
B.L	it	Adidas
B.L	it	Aktiengesellschaft
B.L	it	Alka-Seltzer
B.L	it	Allianz
B.L	it	Analgesico
B.L	it	Antibiotico
B.L	it	Antrace
B.L	it	Apicoltura
B.L	it	Armi chimiche
B.L	it	Aspirina
B.L	it	Aventis
B.L	it	BASF
B.L	it	BMW
B.L	it	Barmen
B.L	it	Bayer (disambigua)
B.L	it	Bayer Leverkusen
B.L	it	Beiersdorf (azienda)
B.L	it	Biotecnologia
B.L	it	Blue chip
B.L	it	Borsa Italiana
B.L	it	Borsa di Francoforte
B.L	it	Borsa di Londra
B.L	it	Borsa di New York
B.L	it	Borsa di Tokyo
B.L	it	Borsa valori
B.L	it	Campo di concentramento
B.L	it	Campo di concentramento di Auschwitz
B.L	it	Campo di concentramento di Mauthausen-Gusen
B.L	it	Casa farmaceutica
B.L	it	Caso degli emoderivati infetti
B.L	it	Charles Frederic Gerhardt
B.L	it	Chimica industriale
B.L	it	Cibo geneticamente modificato
B.L	it	Ciprofloxacina
B.L	it	Coltan
B.L	it	Columbite-tantalite
B.L	it	Commerzbank
B.L	it	Confisca
B.L	it	Corteccia (botanica)
B.L	it	Cutter Laboratories
B.L	it	DAX 30
B.L	it	Daimler (azienda)
B.L	it	Deutsche Bank
B.L	it	Deutsche Börse
B.L	it	Deutsche Post
B.L	it	Deutsche Telekom
B.L	it	Disfunzione erettile
B.L	it	E.ON
B.L	it	Epatite C
B.L	it	Eroina
B.L	it	Euro
B.L	it	Farmaco da banco
B.L	it	Fatturato
B.L	it	Fluorochinoloni
B.L	it	Francia
B.L	it	Fresenius
B.L	it	Fresenius Medical Care
B.L	it	Friedrich Bayer
B.L	it	Fritz ter Meer
B.L	it	Gas nervino
B.L	it	Gaucho (insetticida)
B.L	it	Germania
B.L	it	Gruppo Volkswagen
B.L	it	H.C. Starck
B.L	it	Heidelberg Cement
B.L	it	Henkel
B.L	it	Holding
B.L	it	IG Farben
B.L	it	Impresa
B.L	it	Indice azionario
B.L	it	Infineon Technologies
B.L	it	Iprite
B.L	it	Johann Friedrich Weskott
B.L	it	K+S
B.L	it	La Roche
B.L	it	Leverkusen
B.L	it	Linde AG
B.L	it	Logo (grafica)
B.L	it	Lufthansa
B.L	it	MAN SE
B.L	it	Marchio
B.L	it	Merck KGaA
B.L	it	Metro (azienda)
B.L	it	Minerale
B.L	it	Molibdeno
B.L	it	Morfina
B.L	it	Mozambico
B.L	it	Munich Re
B.L	it	NASDAQ
B.L	it	Nuova Scozia
B.L	it	OPA
B.L	it	Organizzazione delle Nazioni Unite
B.L	it	Policarbonato
B.L	it	Poliuretano
B.L	it	Presidente
B.L	it	Prima guerra mondiale
B.L	it	Processo di Norimberga
B.L	it	Profitto
B.L	it	Prontosil
B.L	it	RWE (azienda)
B.L	it	Renio
B.L	it	Repubblica Democratica del Congo
B.L	it	Risultato operativo
B.L	it	SAP (azienda)
B.L	it	Salix
B.L	it	Schiavismo
B.L	it	Seconda guerra mondiale
B.L	it	Semiconduttori
B.L	it	Siemens (azienda)
B.L	it	Sito web
B.L	it	Slogan
B.L	it	Stati Uniti d'America
B.L	it	Stato
B.L	it	Sulfamidici
B.L	it	Tabun
B.L	it	Tantalio
B.L	it	ThyssenKrupp
B.L	it	Tungsteno
B.L	it	Vardenafil
B.L	it	Wuppertal
B.L	it	Zyklon B
B.L	it	Discussione:Bayer
B.L	it	Wikipedia:Cita le fonti
B.L	it	Wikipedia:Fonti attendibili
B.L	it	Wikipedia:Uso delle fonti
B.L	it	Template:Aziende DAX 30
B.L	it	Discussioni template:Aziende DAX 30
B.L	it	Aiuto:Disambigua
B.L	it	Aiuto:Punto di vista neutrale
B.L	it	Categoria:Senza fonti - aziende
B.L	it	Categoria:Senza fonti - febbraio 2011
B.L	it	Categoria:Senza fonti - luglio 2012
B.L	it	Categoria:Voci non neutrali - aprile 2008
B.L	it	Categoria:Voci non neutrali - aziende
B.L	it	Portale:Aziende
B.L	it	Portale:Aziende/icona
B.L	it	Progetto:Aziende
B.L	ja	12月19日
B.L	ja	12月31日
B.L	ja	1863年
B.L	ja	1899年
B.L	ja	1925年
B.L	ja	1942年
B.L	ja	1951年
B.L	ja	1960年代
B.L	ja	2005年
B.L	ja	2006年
B.L	ja	2007年
B.L	ja	2008年
B.L	ja	BASF
B.L	ja	BMW
B.L	ja	E.ON
B.L	ja	IG・ファルベンインドゥストリー
B.L	ja	K+S
B.L	ja	RWE
B.L	ja	SAP (企業)
B.L	ja	アスピリン
B.L	ja	アディダス
B.L	ja	アリアンツ
B.L	ja	インフィニオン・テクノロジーズ
B.L	ja	カナダ
B.L	ja	コメルツ銀行
B.L	ja	コンチネンタル (自動車部品製造業)
B.L	ja	サリチル酸
B.L	ja	シーメンス
B.L	ja	ダイムラー (自動車メーカー)
B.L	ja	ティッセンクルップ
B.L	ja	ドイツ
B.L	ja	ドイツテレコム
B.L	ja	ドイツポスト
B.L	ja	ドイツ・ポストバンク
B.L	ja	ドイツ株価指数
B.L	ja	ドイツ証券取引所
B.L	ja	ドイツ銀行
B.L	ja	ナチス・ドイツ
B.L	ja	ノルトライン＝ヴェストファーレン州
B.L	ja	ハイポ・リアル・エステート
B.L	ja	バイエル・レバークーゼン
B.L	ja	フォルクスワーゲングループ
B.L	ja	フランクフルト・アム・マイン
B.L	ja	フランクフルト証券取引所
B.L	ja	フレゼニウス
B.L	ja	ブリーゼタワー
B.L	ja	ブンデスリーガ
B.L	ja	ヘキスト (化学メーカー)
B.L	ja	ヘンケル
B.L	ja	マン (企業)
B.L	ja	ミュンヘン再保険
B.L	ja	メトロ (小売業)
B.L	ja	メルク (ドイツ)
B.L	ja	ヤナギ
B.L	ja	リンデ
B.L	ja	ルフトハンザドイツ航空
B.L	ja	レバークーゼン
B.L	ja	ロゴ
B.L	ja	ロート製薬
B.L	ja	三菱ウェルファーマ
B.L	ja	丸の内オアゾ
B.L	ja	京都府
B.L	ja	会社
B.L	ja	佐藤製薬
B.L	ja	化学工業
B.L	ja	北区 (大阪市)
B.L	ja	商標
B.L	ja	大阪市
B.L	ja	平成
B.L	ja	戦争犯罪
B.L	ja	日本シエーリング
B.L	ja	日本メドラッド
B.L	ja	明治製菓
B.L	ja	木津川市
B.L	ja	木津町
B.L	ja	東京証券取引所
B.L	ja	株式会社 (ドイツ)
B.L	ja	業種
B.L	ja	樹皮
B.L	ja	武田薬品工業
B.L	ja	民間療法
B.L	ja	滋賀県
B.L	ja	甲賀市
B.L	ja	相楽郡
B.L	ja	第一次世界大戦
B.L	ja	第二次世界大戦
B.L	ja	経営統合
B.L	ja	製薬会社
B.L	ja	複合企業
B.L	ja	親会社
B.L	ja	連合国 (第二次世界大戦)
B.L	ja	関西文化学術研究都市
B.L	ja	Template:DAX
B.L	ja	Template:基礎情報 会社
B.L	ja	Template‐ノート:DAX
B.L	ja	Category:日本の化学工業メーカー
B.L	uk	1863
B.L	uk	Gstock
B.L	uk	Акціонерне товариство
B.L	uk	Аспірин
B.L	uk	Героїн
B.L	uk	Леверкузен
B.L	uk	Німецька мова
B.L	uk	Німеччина
B.L	uk	Підприємство
B.L	uk	Сайт
B.L	uk	Хімія
B.L	uk	Штаб-квартира
B.L	uk	Вікіпедія:Як редагувати статтю
B.L	uk	Шаблон:Назва країни GER
B.L	pnb	جرمنی
B.L	tr	1863
B.L	tr	1876
B.L	tr	1877
B.L	tr	1878
B.L	tr	1881
B.L	tr	1883
B.L	tr	1884
B.L	tr	1888
B.L	tr	1891
B.L	tr	1895
B.L	tr	1912
B.L	tr	1917
B.L	tr	1967
B.L	tr	1972
B.L	tr	1973
B.L	tr	1979
B.L	tr	1992
B.L	tr	1 Ağustos
B.L	tr	1 Temmuz
B.L	tr	2003
B.L	tr	Almanya
B.L	tr	Amerika Birleşik Devletleri
B.L	tr	Antwerpen
B.L	tr	Barmen
B.L	tr	Bayer (anlam ayrımı)
B.L	tr	Bitterfeld
B.L	tr	Brunsbüttel
B.L	tr	Carl Duisberg
B.L	tr	Carl Leverkus
B.L	tr	Denizaşırı
B.L	tr	Dormagen
B.L	tr	Elberfeld
B.L	tr	Flers
B.L	tr	Fransa
B.L	tr	Friedrich Bayer
B.L	tr	Johann Friedrich Weskott
B.L	tr	Krefeld
B.L	tr	Leverkusen
B.L	tr	Malzeme
B.L	tr	Monheim am Rhein
B.L	tr	Moskova
B.L	tr	Tüccar
B.L	tr	Türkçe
B.L	tr	Uerdingen
B.L	tr	Weltwirtschaftskrise
B.L	tr	Wirtschaftswunder
B.L	tr	Wuppertal
B.L	tr	Şirket
B.L	tr	Vikipedi:Madde
B.L	tr	Vikipedi:Taslak madde
B.L	tr	Vikipedi:Türkçe yazım kuralları
B.L	th	Bayer cross
B.L	th	OTC
B.L	th	Tokyo Stock Exchange
B.L	th	กากบาท ไบเออร์
B.L	th	ก๊าซประสาท
B.L	th	ค.ศ. 1863
B.L	th	ค.ศ. 1899
B.L	th	ค.ศ. 1904
B.L	th	ค.ศ. 1978
B.L	th	ค.ศ. 1994
B.L	th	คำขวัญ
B.L	th	ซาลิซิน
B.L	th	ซาลิไซลิก แอซิด
B.L	th	ซิโปรโฟลซาซิน
B.L	th	ตลาดหลักทรัพย์นิวยอร์ก
B.L	th	ทาบุน
B.L	th	นอร์ท-ไรน์-เวสทฟาเลีย
B.L	th	บริษัท
B.L	th	บริษัทถือหุ้นในบริษัทอื่น
B.L	th	ประเทศเยอรมนี
B.L	th	ผลิตภัณฑ์
B.L	th	ภาษาอังกฤษ
B.L	th	มหาชน
B.L	th	ยาบรรเทาปวด
B.L	th	ยาปฏิชีวนะ
B.L	th	รายได้
B.L	th	ลีวิตร้า
B.L	th	ลีเวอร์คูเซน
B.L	th	สงครามโลกครั้งที่สอง
B.L	th	สเตอร์ลิ่ง วินทรอป
B.L	th	สเตอร์ลิ่งดรักส์
B.L	th	ห้างหุ้นส่วน
B.L	th	องค์กร
B.L	th	อะซิทิลซาลิไซลิก แอซิด
B.L	th	อาวุธเคมี
B.L	th	อุตสาหกรรม
B.L	th	อุตสาหกรรมเคมี
B.L	th	เคมี
B.L	th	เฟรดริช ไบเออร์
B.L	th	เภสัชภัณฑ์
B.L	th	เภสัชอุตสาหกรรม
B.L	th	เมตทาโดน
B.L	th	เยอรมนี
B.L	th	เลเวอร์คูเซน
B.L	th	เว็บไซต์
B.L	th	เฮโรอีน
B.L	th	แก๊สมัสตาร์ด
B.L	th	แอสไพริน
B.L	th	โจฮัน เฟรดริช เวสคอตต์
B.L	th	โรคแอนแทรกซ์
B.L	th	ไมลส์ แลเบอราตอรี่
B.L	th	ไอจี ฟาร์เบน
B.L	th	วิกิพีเดีย:โครง
B.L	sv	1863
B.L	sv	1877
B.L	sv	1878
B.L	sv	1895
B.L	sv	1899
B.L	sv	1911
B.L	sv	1912
B.L	sv	1916
B.L	sv	1917
B.L	sv	1924
B.L	sv	1963
B.L	sv	1967
B.L	sv	1973
B.L	sv	1979
B.L	sv	1992
B.L	sv	Adidas
B.L	sv	Agfa
B.L	sv	Agfa-Gevaert
B.L	sv	Aktiebolag
B.L	sv	Albany
B.L	sv	Allianz
B.L	sv	Andra världskriget
B.L	sv	Antwerpen
B.L	sv	Arthur Eichengrün
B.L	sv	Aspirin
B.L	sv	BASF
B.L	sv	BMW
B.L	sv	BP
B.L	sv	Barmen
B.L	sv	Basket
B.L	sv	BayArena
B.L	sv	Bayer-Hochhaus
B.L	sv	Bayer HealthCare
B.L	sv	Bayer Leverkusen
B.L	sv	Bayer MaterialScience
B.L	sv	Bayer Schering Pharma AG
B.L	sv	Bayerkorset
B.L	sv	Beiersdorf AG
B.L	sv	Belgien
B.L	sv	Bitterfeld
B.L	sv	Bolag
B.L	sv	Brunsbüttel
B.L	sv	Bundesliga
B.L	sv	Carl Duisberg
B.L	sv	Commerzbank
B.L	sv	Cyklobarbital
B.L	sv	Daimler AG
B.L	sv	Deutsche BP
B.L	sv	Deutsche Bank
B.L	sv	Deutsche Börse
B.L	sv	Deutsche Post
B.L	sv	Deutsche Telekom
B.L	sv	Deutscher Aktienindex
B.L	sv	Dormagen
B.L	sv	E.ON
B.L	sv	Elberfeld
B.L	sv	Euro
B.L	sv	Felix Hoffmann
B.L	sv	Fenobarbital
B.L	sv	Frankrike
B.L	sv	Fresenius
B.L	sv	Fresenius Medical Care
B.L	sv	Friedrich Bayer
B.L	sv	Friidrott
B.L	sv	Fritz ter Meer
B.L	sv	Gerhard Domagk
B.L	sv	Guinness Rekordbok
B.L	sv	Handboll
B.L	sv	Hannover Re
B.L	sv	Henkel
B.L	sv	Herbert Grünewald
B.L	sv	Hermann Josef Strenger
B.L	sv	Heroin
B.L	sv	Hoechst
B.L	sv	Holdingbolag
B.L	sv	IG Farben
B.L	sv	IG Farben-processen
B.L	sv	Infineon
B.L	sv	Johann Friedrich Weskott
B.L	sv	K+S
B.L	sv	Kaiser Wilhelm-institutet
B.L	sv	Kemi
B.L	sv	Krefeld
B.L	sv	Kurt Hansen
B.L	sv	Leverkusen
B.L	sv	Linde AG
B.L	sv	Logotyp
B.L	sv	Lufthansa
B.L	sv	Läkemedel
B.L	sv	MAN AG
B.L	sv	Manfred Schneider
B.L	sv	Merck KGaA
B.L	sv	Metro AG
B.L	sv	Miljard
B.L	sv	Monheim am Rhein
B.L	sv	Morfin
B.L	sv	Munich Re
B.L	sv	New York
B.L	sv	Nobelpriset i medicin
B.L	sv	Omsättning
B.L	sv	Otto Bayer
B.L	sv	Patent
B.L	sv	Propiram
B.L	sv	RWE
B.L	sv	Ryssland
B.L	sv	SAP AG
B.L	sv	Schering
B.L	sv	Senapsgas
B.L	sv	Siemens AG
B.L	sv	Storbritannien
B.L	sv	Syntetiskt gummi
B.L	sv	TSV Bayer 04 Leverkusen
B.L	sv	ThyssenKrupp
B.L	sv	Trädgård
B.L	sv	Tyskland
B.L	sv	USA
B.L	sv	Uerdingen
B.L	sv	Ulrich Haberland
B.L	sv	Volkswagen AG
B.L	sv	Werner Wenning
B.L	sv	Wuppertal
B.L	sv	Zyklon B
B.L	sv	Mall:DAX
B.L	sv	Malldiskussion:DAX
B.L	sl	1863
B.L	sl	Aspirin
B.L	sl	Farmacija
B.L	sl	Kemija
B.L	sl	Korporacija
B.L	sl	Leverkusen
B.L	sl	Nemčija
B.L	sl	Patent
B.L	sl	Podjetje
B.L	sl	Ren
B.L	sl	Wikipedija:Popolni škrbinski članek
B.L	sk	1863
B.L	sk	Barmen
B.L	sk	Nemecko
B.L	sk	Wikipédia:Výhonok
B.L	sr	1863
B.L	sr	Aktiva
B.L	sr	Frankfurtska berza
B.L	sr	Full-time equivalent
B.L	sr	Аспирин
B.L	sr	Врсте предузећа
B.L	sr	Запослење
B.L	sr	Извршни директор
B.L	sr	Леверкузен
B.L	sr	Немачка
B.L	sr	Немачки језик
B.L	sr	Предузетник
B.L	sr	Северна Рајна-Вестфалија
B.L	sr	Фармацеутска индустрија
B.L	sr	Фармација
B.L	sr	Хемијска индустрија
B.L	sr	Википедија:Клице
B.L	sr	Википедија:Правила и смернице
B.L	ru	1863
B.L	ru	Adidas
B.L	ru	Allianz
B.L	ru	BASF
B.L	ru	BMW
B.L	ru	Bayer
B.L	ru	Beiersdorf
B.L	ru	Bertrandt
B.L	ru	Commerzbank
B.L	ru	DAX
B.L	ru	Daimler
B.L	ru	Deutsche Bank
B.L	ru	Deutsche Börse
B.L	ru	Deutsche Post AG
B.L	ru	Deutsche Telekom
B.L	ru	E.ON
B.L	ru	Fresenius
B.L	ru	Fresenius SE
B.L	ru	Hannover Re
B.L	ru	Henkel
B.L	ru	K+S
B.L	ru	Lufthansa
B.L	ru	MAN
B.L	ru	Merck KGaA
B.L	ru	Metro AG
B.L	ru	Munich Re
B.L	ru	RWE
B.L	ru	SAP
B.L	ru	Salzgitter AG
B.L	ru	Siemens
B.L	ru	The Linde Group
B.L	ru	ThyssenKrupp
B.L	ru	Volkswagen Group
B.L	ru	Австралия
B.L	ru	Акционерное общество
B.L	ru	Аргентина
B.L	ru	Аруба
B.L	ru	Аспирин
B.L	ru	Аушвиц
B.L	ru	Багамы
B.L	ru	Байер-04 Леверкузен
B.L	ru	Барбадос
B.L	ru	Боливия
B.L	ru	Бразилия
B.L	ru	Великобритания
B.L	ru	Венгрия
B.L	ru	Венесуэла
B.L	ru	Выручка
B.L	ru	Вьетнам
B.L	ru	Гватемала
B.L	ru	Германия
B.L	ru	Героин
B.L	ru	Гондурас
B.L	ru	Гонконг
B.L	ru	Доминиканская республика
B.L	ru	Евро
B.L	ru	Израиль
B.L	ru	Индия
B.L	ru	Индонезия
B.L	ru	Испания
B.L	ru	Итальянская фондовая биржа
B.L	ru	Казахстан
B.L	ru	Камбоджа
B.L	ru	Китай
B.L	ru	Колумбия
B.L	ru	Коста Рика
B.L	ru	Куба
B.L	ru	Кюрасао
B.L	ru	Лаос
B.L	ru	Леверкузен
B.L	ru	Левитра
B.L	ru	Листинг (экономика)
B.L	ru	Мексика
B.L	ru	Менгеле, Йозеф
B.L	ru	Мьянма
B.L	ru	Нацист
B.L	ru	Никарагуа
B.L	ru	Новая Зеландия
B.L	ru	Нью-Йоркская фондовая биржа
B.L	ru	Нюрнбергский процесс
B.L	ru	Освенцим
B.L	ru	Панама
B.L	ru	Парагвай
B.L	ru	Паратион
B.L	ru	Перу
B.L	ru	Поликарбонат
B.L	ru	Полиуретан
B.L	ru	Польша
B.L	ru	Примодос
B.L	ru	Пронтозил
B.L	ru	Пропоксур
B.L	ru	Сайт
B.L	ru	Салофен
B.L	ru	Сербия
B.L	ru	Сингапур
B.L	ru	Сурамин
B.L	ru	Таиланд
B.L	ru	Тайвань
B.L	ru	Тринидад и Тобаго
B.L	ru	Турция
B.L	ru	Уругвай
B.L	ru	Фармацевтическая промышленность
B.L	ru	Финляндия
B.L	ru	Франкфуртская фондовая биржа
B.L	ru	Химия
B.L	ru	Циклон Б
B.L	ru	Ципрофлоксацин
B.L	ru	Чили
B.L	ru	Шарль Фредерик Жерар
B.L	ru	Швейцария
B.L	ru	Эквадор
B.L	ru	Эквивалент полной занятости
B.L	ru	Эль Сальвадор
B.L	ru	ЮАР
B.L	ru	Южная Корея
B.L	ru	Юридическое лицо
B.L	ru	Ямайка
B.L	ru	Япония
B.L	ru	Ятрофа
B.L	ru	Википедия:Ссылки на источники
B.L	ru	Шаблон:Cite pmid/11806796
B.L	ro	1863
B.L	ro	1925
B.L	ro	1951
B.L	ro	2006
B.L	ro	2008
B.L	ro	Antitrust
B.L	ro	Aspirină
B.L	ro	Barmen
B.L	ro	Bayer (dezambiguizare)
B.L	ro	Bayer Vital
B.L	ro	Chimie
B.L	ro	Companie
B.L	ro	Concern
B.L	ro	Corporație
B.L	ro	Euro
B.L	ro	Germania
B.L	ro	I.G. Farben
B.L	ro	Industria farmaceutică
B.L	ro	Industrie
B.L	ro	Leverkusen
B.L	ro	Mai
B.L	ro	Miliard
B.L	ro	USD
B.L	ro	Wuppertal
B.L	ro	Wikipedia:Articolul ciot perfect
B.L	ro	Wikipedia:Găsește și repară un ciot
B.L	qu	1863
B.L	qu	Alimanya
B.L	qu	BASF
B.L	qu	Chaqllisinchi
B.L	qu	Degussa
B.L	qu	Krefeld
B.L	qu	Leverkusen
B.L	qu	Ruruchina
B.L	qu	Uerdingen
B.L	pt	1863
B.L	pt	2006
B.L	pt	Adidas
B.L	pt	Aktiengesellschaft
B.L	pt	Alemanha
B.L	pt	Alfabeto fonético internacional
B.L	pt	Allianz
B.L	pt	Aspirina
B.L	pt	BASF
B.L	pt	BMW
B.L	pt	Barmen
B.L	pt	Bayer (desambiguação)
B.L	pt	Bayer CropScience
B.L	pt	Bayer HealthCare Pharmaceuticals
B.L	pt	Bayer MaterialScience
B.L	pt	Bayer Schering Pharma
B.L	pt	Bayer USA
B.L	pt	Beiersdorf
B.L	pt	Belford Roxo
B.L	pt	Biotecnologia
B.L	pt	Bolsa de Valores de Frankfurt
B.L	pt	Brasil
B.L	pt	Chief executive officer
B.L	pt	Cola
B.L	pt	Commerzbank
B.L	pt	Conselho fiscal
B.L	pt	Câmaras de gás
B.L	pt	DAX-30
B.L	pt	Daimler AG
B.L	pt	Deutsche Bank
B.L	pt	Deutsche Börse
B.L	pt	Deutsche Post
B.L	pt	Deutsche Telekom
B.L	pt	Diabetes mellitus
B.L	pt	E.ON
B.L	pt	Empresa
B.L	pt	Empresa farmacêutica
B.L	pt	Empresa pública
B.L	pt	Engenharia genética
B.L	pt	Estado de São Paulo
B.L	pt	Euro
B.L	pt	Fresenius
B.L	pt	Fresenius Medical Care
B.L	pt	Friedrich Bayer
B.L	pt	Fármaco
B.L	pt	Gerhard Domagk
B.L	pt	Grupo Volkswagen
B.L	pt	HeidelbergCement
B.L	pt	Henkel
B.L	pt	II Guerra Mundial
B.L	pt	Ig Farben
B.L	pt	Imagem médica
B.L	pt	Indústria farmacêutica
B.L	pt	Indústria química
B.L	pt	Infineon Technologies
B.L	pt	Johann Weskott
B.L	pt	K+S
B.L	pt	Leverkusen
B.L	pt	Linde AG
B.L	pt	Lufthansa
B.L	pt	MAN SE
B.L	pt	METRO AG
B.L	pt	Madicamentos de venda livre
B.L	pt	Medicina
B.L	pt	Medicina veterinária
B.L	pt	Melhoramento de plantas
B.L	pt	Merck KGaA
B.L	pt	Monheim
B.L	pt	Munich Re
B.L	pt	Pesticidas
B.L	pt	Polímero
B.L	pt	RWE
B.L	pt	Renânia do Norte-Vestfália
B.L	pt	Revestimento
B.L	pt	SAP AG
B.L	pt	Saúde da Mulher
B.L	pt	Schering
B.L	pt	Sementes
B.L	pt	Siemens AG
B.L	pt	Subprefeitura da Capela do Socorro
B.L	pt	Substância química
B.L	pt	ThyssenKrupp
B.L	pt	Tokyo Stock Exchange
B.L	pt	Zona Sul de São Paulo
B.L	pt	Zyklon B
B.L	pt	Wikipédia:Esboço
B.L	pt	Wikipédia:Livro de estilo/Cite as fontes
B.L	pt	Wikipédia:Livro de estilo/Notas de rodapé
B.L	pt	Wikipédia:V
B.L	pt	Predefinição:DAX
B.L	pt	Portal:Alemanha
B.L	pt	Portal:Farmácia
B.L	pt	Portal:Química
B.L	pt	Anexo:Lista de empresas farmacêuticas
B.L	zh	1863年
B.L	zh	1912年
B.L	zh	8月1日
B.L	zh	BMW
B.L	zh	CEO
B.L	zh	DAX
B.L	zh	DAX指数
B.L	zh	E.ON
B.L	zh	Euro
B.L	zh	K+S
B.L	zh	Lanxess
B.L	zh	RWE
B.L	zh	SAP公司
B.L	zh	Xetra系统
B.L	zh	世界500强
B.L	zh	主席
B.L	zh	伐地那非
B.L	zh	公众公司
B.L	zh	利润
B.L	zh	制药
B.L	zh	勒沃库森
B.L	zh	化工
B.L	zh	塔崩
B.L	zh	大众集团
B.L	zh	大陆集团
B.L	zh	安联
B.L	zh	富黎德里希·拜耳
B.L	zh	富黎德里希·拜耳公司
B.L	zh	富黎德里希‧拜耳
B.L	zh	巴拉松
B.L	zh	巴斯夫
B.L	zh	巴門
B.L	zh	康采恩
B.L	zh	德国
B.L	zh	德国商业银行
B.L	zh	德国电信
B.L	zh	德国邮政
B.L	zh	德國證券交易所
B.L	zh	德意志银行
B.L	zh	愛迪達
B.L	zh	慕尼黑再保险
B.L	zh	戴姆勒
B.L	zh	拜尔斯道夫
B.L	zh	拜耳 (消歧義)
B.L	zh	林德
B.L	zh	残杀威
B.L	zh	汉莎航空
B.L	zh	汉高公司
B.L	zh	海德堡水泥
B.L	zh	海洛因
B.L	zh	烏帕塔
B.L	zh	營業額
B.L	zh	环丙沙星
B.L	zh	產業
B.L	zh	百浪多息
B.L	zh	稅前盈餘
B.L	zh	約翰·富黎德里希·威斯考特
B.L	zh	約翰‧富黎德里希‧威斯考特
B.L	zh	紐約證券交易所
B.L	zh	美沙酮
B.L	zh	聚氨酯
B.L	zh	聚碳酸酯
B.L	zh	芥子毒气
B.L	zh	苏拉明
B.L	zh	英语
B.L	zh	英飞凌
B.L	zh	萊茵河
B.L	zh	蒂森克虏伯
B.L	zh	西门子公司
B.L	zh	费森尤斯
B.L	zh	费森尤斯医疗
B.L	zh	阿司匹林
B.L	zh	霓虹灯
B.L	zh	默克集團
B.L	zh	File:Pano-bayer-leverkusen.jpg
B.L	zh	Template:DAX指数成份公司
B.L	zh	Template talk:DAX指数成份公司
B.L	zh	Category:公司
B.L	ast	1863
B.L	ast	7 d'agostu
B.L	ast	Alemaña
B.L	ast	Aspirina
B.L	ast	Barmen
B.L	ast	Compañía
B.L	ast	Farmacia
B.L	ast	Química
B.L	yi	אספירין
B.L	yi	אקציעס געזעלשאפט
B.L	yi	בארמען
B.L	yi	דייטשלאנד
B.L	yi	העראין
B.L	yi	וואופערטאל
B.L	yi	ווערבע
B.L	yi	ליצעטאל
B.L	yi	לעווערקוסן
B.L	yi	נארד ריין-וועסטפאליע
B.L	yi	סאַליצילישער זויער
B.L	yi	סאלעפען
B.L	yi	פאלקס־רפואה
B.L	yi	קארע
CN	de	Bayer_AG
IWL	fi	Bayer
IWL	fr	Bayer (entreprise)
IWL	gl	Bayer
IWL	eu	Bayer
IWL	fa	بایر (شرکت)
IWL	el	Bayer AG
IWL	eo	Bayer
IWL	en	Bayer
IWL	et	Bayer AG
IWL	es	Bayer
IWL	ca	Bayer
IWL	bs	Bayer
IWL	bg	Байер
IWL	be	Bayer
IWL	da	Bayer
IWL	cs	Bayer
IWL	ar	باير
IWL	no	Bayer (selskap)
IWL	pl	Bayer AG
IWL	lv	Bayer
IWL	lt	Bayer AG
IWL	nl	Bayer
IWL	ko	바이엘 (기업)
IWL	la	Bayer AG
IWL	hu	Bayer
IWL	id	Bayer
IWL	is	Bayer
IWL	it	Bayer
IWL	ja	バイエル (企業)
IWL	uk	Bayer
IWL	pnb	بائر
IWL	tr	Bayer AG
IWL	th	ไบเออร์
IWL	sv	Bayer AG
IWL	sl	Bayer
IWL	sk	Bayer AG
IWL	sr	Бајер АГ
IWL	ru	Bayer
IWL	ro	Bayer
IWL	qu	Bayer
IWL	pt	Bayer
IWL	zh	拜耳
IWL	ast	Bayer
IWL	yi	באיער
