A.L	de	16. Januar
A.L	de	1948
A.L	de	ARD
A.L	de	Abgeordnetenhaus von Berlin
A.L	de	Abgeordnetenwatch.de
A.L	de	Abitur
A.L	de	Alexanderplatz-Demonstration
A.L	de	Andrea Gysi
A.L	de	Aneurysma
A.L	de	Angelica Domröse
A.L	de	Arbeit & soziale Gerechtigkeit – Die Wahlalternative
A.L	de	Arbeitspolitik
A.L	de	BAM-Portal
A.L	de	Berlin
A.L	de	Berlin-Adlershof
A.L	de	Berliner Kurier
A.L	de	Bonusmeilen-Affäre
A.L	de	Bundesgerichtshof
A.L	de	Bundestagswahl 2005
A.L	de	Bundestagswahl 2009
A.L	de	Bundestagswahlkreis Berlin-Treptow-Köpenick
A.L	de	Bärbel Bohley
A.L	de	Bürgermeister
A.L	de	Carola Bluhm
A.L	de	Christine Bergmann
A.L	de	Christlich-Soziale Union in Bayern
A.L	de	Christlich Demokratische Union Deutschlands
A.L	de	Christoph Hein
A.L	de	Cornelia Yzer
A.L	de	DOSB
A.L	de	Daniela Dahn
A.L	de	Der Spiegel
A.L	de	Der Tagesspiegel
A.L	de	Deutsche Demokratische Republik
A.L	de	Deutsche Nationalbibliothek
A.L	de	Deutscher Bundestag
A.L	de	Deutsches Historisches Museum
A.L	de	Deutschland
A.L	de	Deutschlandfunk
A.L	de	Deutschlandradio Kultur
A.L	de	Die Linke
A.L	de	Dilek Kolat
A.L	de	Diplom-Jurist
A.L	de	Direktmandat
A.L	de	Dissertation
A.L	de	Doktor
A.L	de	Doris Lessing
A.L	de	Edmund Wronski
A.L	de	Eduard Bernoth
A.L	de	Elmar Pieroth
A.L	de	Erich Honecker
A.L	de	Ernst Heinzelmann
A.L	de	Express (Zeitung)
A.L	de	Facharbeiter
A.L	de	Florian Havemann
A.L	de	Fraktion (Bundestag)
A.L	de	Fraktionsvorsitzender
A.L	de	Frankfurter Allgemeine Zeitung
A.L	de	Frauenpolitik
A.L	de	Freie Demokratische Partei
A.L	de	Gabi Zimmer
A.L	de	Gabriele Gysi
A.L	de	Gabriele Schöttler
A.L	de	Gabriele Zimmer
A.L	de	Gemeinsame Normdatei
A.L	de	Gottfried Lessing
A.L	de	Gruppe (Parlament)
A.L	de	Guido Brunner
A.L	de	Guido Westerwelle
A.L	de	Gustav Klingelhöfer
A.L	de	Günter Gaus
A.L	de	Hans-Otto Bräutigam
A.L	de	Harald Wolf
A.L	de	Harry Liehr
A.L	de	Hauptverwaltung Aufklärung
A.L	de	Haus der Geschichte
A.L	de	Heidi Knake-Werner
A.L	de	Heinrich-Hertz-Gymnasium (Berlin)
A.L	de	Heinrich Kreil
A.L	de	Horst Korber
A.L	de	Horst Wagner
A.L	de	Hubertus Knabe
A.L	de	Humboldt-Universität zu Berlin
A.L	de	Inoffizieller Mitarbeiter
A.L	de	Internationales Theaterinstitut
A.L	de	Internet Archive
A.L	de	Internet Movie Database
A.L	de	Jens König (Journalist)
A.L	de	Juliane von Friesen
A.L	de	Jürgen Fuchs (Schriftsteller)
A.L	de	Karl König (Politiker)
A.L	de	Karl Schiller
A.L	de	Klaus Bodin
A.L	de	Klaus Gysi
A.L	de	Klaus Wowereit
A.L	de	Kommunistische Partei Deutschlands
A.L	de	Kommunistische Partei der Sowjetunion
A.L	de	Kurt Exner (Politiker)
A.L	de	Kurt Neubauer (SPD)
A.L	de	Landesliste
A.L	de	Landgericht Hamburg
A.L	de	Library of Congress Control Number
A.L	de	Linksfraktion
A.L	de	Liste der Arbeitssenatoren von Berlin
A.L	de	Liste der Senatoren von Berlin
A.L	de	Liste der Wirtschaftssenatoren von Berlin
A.L	de	Lothar Bisky
A.L	de	Lothar de Maizière
A.L	de	Margarete Ehlert
A.L	de	Marianne Birthler
A.L	de	Ministerium für Staatssicherheit
A.L	de	Mitglied des Deutschen Bundestages
A.L	de	Neues Forum
A.L	de	Norbert Meisner
A.L	de	Olaf Sund
A.L	de	Oskar Lafontaine
A.L	de	Partei des Demokratischen Sozialismus
A.L	de	Parteichef
A.L	de	Parteitag der SED
A.L	de	Paul Fleischmann
A.L	de	Paul Hertz
A.L	de	Perlentaucher
A.L	de	Peter-Michael Diestel
A.L	de	Peter Mitzscherling
A.L	de	Politiker
A.L	de	Politische Immunität
A.L	de	Promotion (Doktor)
A.L	de	Putnik-Deal
A.L	de	Rechtsanwalt
A.L	de	Rechtswissenschaft
A.L	de	Regierender Bürgermeister
A.L	de	Rhetorik
A.L	de	Robert Havemann
A.L	de	Roland Claus
A.L	de	Rosa-Luxemburg-Stiftung
A.L	de	Rudolf Bahro
A.L	de	Sankt Petersburg
A.L	de	Senat von Berlin
A.L	de	Siegfried Scheffler
A.L	de	Souveränität
A.L	de	Sozialdemokratische Partei Deutschlands
A.L	de	Sozialistische Einheitspartei Deutschlands
A.L	de	Spiegel Online
A.L	de	Sprachfertigkeit
A.L	de	Staatssekretär für Kirchenfragen
A.L	de	Sybille von Obernitz
A.L	de	Thomas Klingenstein
A.L	de	Ulrike Poppe
A.L	de	Unabhängige Kommission zur Überprüfung des Vermögens der Parteien und Massenorganisationen der DDR
A.L	de	Verfassungsgerichtsbarkeit
A.L	de	Vermögen von Parteien und Verbänden der DDR
A.L	de	Virtual International Authority File
A.L	de	Volkskammer
A.L	de	Wahlkreis
A.L	de	Wahlrecht
A.L	de	Waldemar Schmidt
A.L	de	Wende (DDR)
A.L	de	Wer war wer in der DDR?
A.L	de	Who’s Who
A.L	de	Widerstand gegen den Nationalsozialismus
A.L	de	Wilhelm Eich (FDP)
A.L	de	Wirtschaftspolitik
A.L	de	Wolfgang Branoner
A.L	de	Wolfgang Lüder
A.L	de	Wolfgang Sabath
A.L	de	Wolfgang Vogel (Rechtsanwalt)
A.L	de	ZDF
A.L	de	Zentralkomitee der SED
A.L	de	Zweiter Weltkrieg
A.L	de	Wikipedia:Defekte Weblinks
A.L	de	Wikipedia:WikiProjekt Gesprochene Wikipedia
A.L	de	Datei:Gregor Gysi.ogg
A.L	de	Hilfe:Personendaten
B.L	fi	16. tammikuuta
B.L	fi	1948
B.L	fi	1970-luku
B.L	fi	Asianajaja
B.L	fi	Berliini
B.L	fi	Kansanedustaja
B.L	fi	Oppositio
B.L	fi	Partei des Demokratischen Sozialismus
B.L	fi	Poliitikko
B.L	fi	Puheenjohtaja
B.L	fi	Puolue
B.L	fi	Pääministeri
B.L	fi	Saksa
B.L	fi	Saksan demokraattinen tasavalta
B.L	fi	Saksan liittotasavalta
B.L	fi	Senaattori
B.L	fi	Talous
B.L	fi	Työ
B.L	fi	Vaalit
B.L	fi	Vasemmisto (saksalainen puolue)
B.L	fi	Wikipedia:Tynkä
B.L	fi	Luokka:Poliitikkotyngät
B.L	fr	16 janvier
B.L	fr	1948
B.L	fr	1999
B.L	fr	Allemagne
B.L	fr	Autorité (sciences de l'information)
B.L	fr	Berlin
B.L	fr	Bundestag
B.L	fr	Die Linke
B.L	fr	Groupe Die Linke au Bundestag
B.L	fr	Guerre du Kosovo
B.L	fr	Land (Allemagne)
B.L	fr	Oskar Lafontaine
B.L	fr	Parti du socialisme démocratique (Allemagne)
B.L	fr	Parti socialiste unifié d'Allemagne
B.L	fr	Personnalité politique
B.L	fr	Serbie
B.L	fr	Synergies européennes
B.L	fr	Discussion:Gregor Gysi/À faire
B.L	fr	Modèle:Ébauche/paramètres personnalité politique allemande
B.L	fr	Aide:Comment modifier une page
B.L	fr	Aide:Ébauche
B.L	fr	Catégorie:Portail:Allemagne/Articles liés
B.L	fr	Catégorie:Portail:Politique/Articles liés
B.L	fr	Portail:Allemagne
B.L	fr	Portail:Politique
B.L	fr	Projet:Accueil
B.L	eo	16-an de januaro
B.L	eo	1948
B.L	eo	2005
B.L	eo	Berlino
B.L	eo	Bundestag
B.L	eo	Die Linke
B.L	eo	Federacia lando (Germanio)
B.L	eo	Frakcio
B.L	eo	GDR
B.L	eo	Germana Nacia Biblioteko
B.L	eo	Germanio
B.L	eo	Juristo
B.L	eo	Library of Congress Control Number
B.L	eo	Oskar Lafontaine
B.L	eo	Partei des Demokratischen Sozialismus
B.L	eo	Politika partio
B.L	eo	Politikisto
B.L	eo	Sozialistische Einheitspartei Deutschlands
B.L	eo	Universala Norma Datumaro
B.L	eo	VIAF
B.L	eo	Vikipedio:Bibliotekoj/VIAF:22210593
B.L	en	Air miles
B.L	en	Alexanderplatz demonstration
B.L	en	Alliance '90/The Greens
B.L	en	Authority control
B.L	en	Berlin
B.L	en	Berlin Treptow – Köpenick (electoral district)
B.L	en	Bundestag
B.L	en	Bärbel Bohley
B.L	en	Defamation
B.L	en	Democratic socialism
B.L	en	Der Spiegel
B.L	en	Deutsche Mark
B.L	en	Deutsches Historisches Museum
B.L	en	Dissident
B.L	en	Doris Lessing
B.L	en	Dramaturge
B.L	en	East Berlin
B.L	en	East German general election, 1990
B.L	en	Egon Krenz
B.L	en	Free Democratic Party (Germany)
B.L	en	Gerhard Schröder
B.L	en	German federal election, 2005
B.L	en	German reunification
B.L	en	Gottfried Lessing
B.L	en	Harald Wolf
B.L	en	Hartz concept
B.L	en	Incumbent
B.L	en	Inoffizieller Mitarbeiter
B.L	en	Integrated Authority File
B.L	en	International Standard Book Number
B.L	en	Juliane Freifrau von Friesen
B.L	en	Klaus Gysi
B.L	en	Labour and Social Justice – The Electoral Alternative
B.L	en	Lawyer
B.L	en	Library of Congress Control Number
B.L	en	Lothar Bisky
B.L	en	Mikhail Gorbachev
B.L	en	Myocardial infarction
B.L	en	Oskar Lafontaine
B.L	en	Party of Democratic Socialism (Germany)
B.L	en	People's Chamber
B.L	en	Robert Havemann
B.L	en	Roland Claus
B.L	en	Rudolf Bahro
B.L	en	Social Democratic Party of Germany
B.L	en	Socialist Unity Party of Germany
B.L	en	Southern Rhodesia
B.L	en	Soviet Zone of Germany
B.L	en	Stasi
B.L	en	The Left (Germany)
B.L	en	Ulrike Poppe
B.L	en	Virtual International Authority File
B.L	en	Volksbühne
B.L	en	Wikipedia:Biographies of living persons
B.L	en	Wikipedia:Citing sources
B.L	en	Wikipedia:Persondata
B.L	en	Wikipedia:Reliable sources
B.L	en	Wikipedia:Verifiability
B.L	en	Help:IPA for German
B.L	en	Category:BLP articles lacking sources from January 2013
B.L	en	Category:Use dmy dates from July 2013
B.L	es	1967
B.L	es	1971
B.L	es	1989
B.L	es	1990
B.L	es	1994
B.L	es	1998
B.L	es	2000
B.L	es	2001
B.L	es	2002
B.L	es	2004
B.L	es	2005
B.L	es	Alemania
B.L	es	Berlín
B.L	es	Derecho
B.L	es	Die Linke
B.L	es	Linkspartei
B.L	es	Lothar Bisky
B.L	es	Oskar Lafontaine
B.L	es	Partido Socialdemócrata de Alemania
B.L	es	Partido Socialista Unificado de Alemania
B.L	es	Partido del Socialismo Democrático
B.L	es	Perestroika
B.L	es	Político
B.L	es	Stasi
B.L	es	WASG
B.L	es	Wikimedia Commons
B.L	da	16. januar
B.L	da	1948
B.L	da	1967
B.L	da	1970
B.L	da	1989
B.L	da	1990
B.L	da	1993
B.L	da	2001
B.L	da	2002
B.L	da	2004
B.L	da	2005
B.L	da	9. december
B.L	da	Berlin
B.L	da	DDR
B.L	da	Die Linke
B.L	da	Die Linkspartei
B.L	da	Folkekammeret
B.L	da	Forbundsdagen
B.L	da	Gabriele Gysi
B.L	da	Kommunisme
B.L	da	Oskar Lafontaine
B.L	da	PDS
B.L	da	SED
B.L	da	Stasi
B.L	da	Treptow-Köpenick
B.L	da	Tyskland
B.L	da	Wikimedia Commons
B.L	no	16. januar
B.L	no	1948
B.L	no	1967
B.L	no	1970
B.L	no	1989
B.L	no	1990
B.L	no	1993
B.L	no	2001
B.L	no	2002
B.L	no	2004
B.L	no	2005
B.L	no	9. desember
B.L	no	Berlin
B.L	no	Bärbel Bohley
B.L	no	Bündnis 90/Die Grünen
B.L	no	CDU/CSU
B.L	no	DDR
B.L	no	Deutsche Nationalbibliothek
B.L	no	Die Linke
B.L	no	Die Linkspartei
B.L	no	Doris Lessing
B.L	no	Folkekammeret
B.L	no	Forbundsdagen
B.L	no	Gemeinsame Normdatei
B.L	no	Kommunisme
B.L	no	Kommunistische Partei Deutschlands
B.L	no	Library of Congress Control Number
B.L	no	PDS
B.L	no	Rainer Eppelmann
B.L	no	Robert Havemann
B.L	no	Rudolf Bahro
B.L	no	Sozialdemokratische Partei Deutschlands
B.L	no	Sozialistische Einheitspartei Deutschlands
B.L	no	Stasi
B.L	no	Treptow-Köpenick
B.L	no	Tyskland
B.L	no	Valget i Tyskland 2005
B.L	no	Valget i Tyskland 2009
B.L	no	Virtual International Authority File
B.L	no	Wikimedia Commons
B.L	no	Wikipedia:Portaler
B.L	no	Portal:Tyskland
B.L	nn	16. januar
B.L	nn	1948
B.L	nn	1967
B.L	nn	1970
B.L	nn	1989
B.L	nn	1990
B.L	nn	1993
B.L	nn	2001
B.L	nn	2002
B.L	nn	2004
B.L	nn	2005
B.L	nn	9. desember
B.L	nn	Berlin
B.L	nn	Den tyske demokratiske republikken
B.L	nn	Die Linke
B.L	nn	Doris Lessing
B.L	nn	Kommunisme
B.L	nn	Oskar Lafontaine
B.L	nn	PDS
B.L	nn	Parlament
B.L	nn	SPD
B.L	nn	Sosialist
B.L	nn	Tyskland
B.L	nn	Venstresida
B.L	nn	WASG
B.L	nn	Wikimedia Commons
B.L	pl	16 stycznia
B.L	pl	1948
B.L	pl	1989
B.L	pl	1993
B.L	pl	2002
B.L	pl	Adwokat
B.L	pl	Berlin
B.L	pl	Biblioteka Kongresu Stanów Zjednoczonych
B.L	pl	Die Linkspartei.PDS
B.L	pl	Dziennik Polski
B.L	pl	Gemeinsame Normdatei
B.L	pl	Klaus Gysi
B.L	pl	Kontrola autorytatywna
B.L	pl	Niemcy
B.L	pl	Niemiecka Republika Demokratyczna
B.L	pl	Online Computer Library Center
B.L	pl	Opozycja (polityka)
B.L	pl	PDS
B.L	pl	Stasi
B.L	pl	Tajny współpracownik
B.L	pl	Wybory parlamentarne w Niemczech w 2005
B.L	pl	Żydzi
B.L	nl	16 januari
B.L	nl	1948
B.L	nl	1967
B.L	nl	1970-1979
B.L	nl	1980-1989
B.L	nl	1988
B.L	nl	1989
B.L	nl	1990
B.L	nl	1992
B.L	nl	1993
B.L	nl	2000
B.L	nl	2001
B.L	nl	2002
B.L	nl	2004
B.L	nl	2005
B.L	nl	31 juli
B.L	nl	4 november
B.L	nl	Advocaat (beroep)
B.L	nl	Berlijn
B.L	nl	Berlijnse Muur
B.L	nl	Bondsdag
B.L	nl	Bärbel Bohley
B.L	nl	December
B.L	nl	Die Linkspartei
B.L	nl	Dissident
B.L	nl	Duitse Democratische Republiek
B.L	nl	Duitse hereniging
B.L	nl	Duitsland
B.L	nl	Duitsland - Verkiezingen 2005
B.L	nl	Egon Krenz
B.L	nl	Erich Honecker
B.L	nl	Februari
B.L	nl	Humboldt Universiteit
B.L	nl	Januari
B.L	nl	Klaus Gysi
B.L	nl	Lothar Bisky
B.L	nl	Mei
B.L	nl	Oktober
B.L	nl	Oskar Lafontaine
B.L	nl	Robert Havemann
B.L	nl	Rudolf Bahro
B.L	nl	Senaat (Berlijn)
B.L	nl	Sozialistische Einheitspartei Deutschlands
B.L	nl	Staatssecretaris
B.L	nl	Stasi
B.L	nl	Ulrich Poppe
B.L	nl	Volkskammer
B.L	nl	Wikimedia Commons
B.L	ko	1948년
B.L	ko	1988년 폴란드 파업
B.L	ko	1989년 톈안먼 사건
B.L	ko	1990년 몽골 민주 개혁
B.L	ko	1월 16일
B.L	ko	1월 사건 (리투아니아)
B.L	ko	4월 9일 비극
B.L	ko	8888 항쟁
B.L	ko	8월 쿠데타
B.L	ko	개혁개방
B.L	ko	검은 1월
B.L	ko	경제 자유화
B.L	ko	고난의 행군
B.L	ko	공급 부족
B.L	ko	공산주의
B.L	ko	공산주의 국가 목록
B.L	ko	공산주의 체제하의 대규모 살상
B.L	ko	공산주의의 붕괴 이후 경제 개혁
B.L	ko	구국 전선 (루마니아)
B.L	ko	국가보안위원회
B.L	ko	국민민주연맹
B.L	ko	국제 연합 캄보디아 잠정 통치기구
B.L	ko	그로스 카롤리
B.L	ko	그루지야 소비에트 사회주의 공화국
B.L	ko	글라스노스트
B.L	ko	김일성
B.L	ko	남예멘
B.L	ko	냉전
B.L	ko	네 윈
B.L	ko	노래 혁명
B.L	ko	노멘클라투라
B.L	ko	녹색 혁명
B.L	ko	니콜라에 차우셰스쿠
B.L	ko	다니엘 오르테가
B.L	ko	덩샤오핑
B.L	ko	데모크라티야자치야
B.L	ko	도이 머이
B.L	ko	독일
B.L	ko	독일 연방하원
B.L	ko	독일 통일사회당
B.L	ko	독일의 재통일
B.L	ko	동구권
B.L	ko	동구권 경제
B.L	ko	동구권의 이주와 탈주
B.L	ko	동구권의 정보 파급
B.L	ko	동구권의 정치
B.L	ko	동독 월요 시위
B.L	ko	동유럽 혁명
B.L	ko	드니 사수응게소
B.L	ko	디 벤데
B.L	ko	똔득탕
B.L	ko	라미즈 알리아
B.L	ko	라트비아 1991년 1월 사건
B.L	ko	라트비아 인민 전선
B.L	ko	레이건 독트린
B.L	ko	레흐 바웬사
B.L	ko	로널드 레이건
B.L	ko	루마니아 혁명
B.L	ko	리덩후이
B.L	ko	마거릿 대처
B.L	ko	마티외 케레쿠
B.L	ko	멩기스투 하일레 마리암
B.L	ko	모잠비크 인민 공화국
B.L	ko	몰도바 소비에트 사회주의 공화국
B.L	ko	몰타 회담
B.L	ko	문화 혁명
B.L	ko	미하일 고르바초프
B.L	ko	민주사회당 (독일)
B.L	ko	민주세력동맹 (불가리아)
B.L	ko	민주주의
B.L	ko	민주화
B.L	ko	밀로우시 야케시
B.L	ko	바츨라프 하벨
B.L	ko	바티칸– 소비에트 연방 관계
B.L	ko	반공주의
B.L	ko	발트의 길
B.L	ko	범유럽 피크닉
B.L	ko	베냉 인민 공화국
B.L	ko	베를린
B.L	ko	베를린 장벽
B.L	ko	벨로루시 소비에트 사회주의 공화국
B.L	ko	벨벳 혁명
B.L	ko	변호사
B.L	ko	보리스 옐친
B.L	ko	보이치에흐 야루젤스키
B.L	ko	브레즈네프 불경기
B.L	ko	블라디미르 부콥스키
B.L	ko	비공산화
B.L	ko	비올레타 차모로
B.L	ko	비타우타스 란즈베르기스
B.L	ko	사미즈다트
B.L	ko	사유디스
B.L	ko	사파르무라트 니야조프
B.L	ko	살리 베리샤
B.L	ko	색깔 혁명
B.L	ko	소말리아 혁명
B.L	ko	소비에트 연방에 의한 테러 행위
B.L	ko	소비에트 연방의 몰락
B.L	ko	소비에트 연방의 붕괴
B.L	ko	솔리다르노시치
B.L	ko	수하르토
B.L	ko	슬로보단 밀로셰비치
B.L	ko	시나트라 독트린
B.L	ko	시민 포럼
B.L	ko	시아드 바레
B.L	ko	신스탈린주의
B.L	ko	아르메니아 소비에트 사회주의 공화국
B.L	ko	아우구스토 피노체트
B.L	ko	아웅산수찌
B.L	ko	아제르바이잔 소비에트 사회주의 공화국
B.L	ko	아프가니스탄 민주 공화국
B.L	ko	알바니아 공산주의의 최후
B.L	ko	앙골라 인민 공화국
B.L	ko	에리히 호네커
B.L	ko	에스토니아 인민 전선
B.L	ko	에티오피아 내전
B.L	ko	엔베르 호자
B.L	ko	예멘의 통일
B.L	ko	오슬로 협정
B.L	ko	우즈베크 소비에트 사회주의 공화국
B.L	ko	우크라이나 소비에트 사회주의 공화국
B.L	ko	원내교섭단체
B.L	ko	유고슬라비아 전쟁
B.L	ko	유고슬라비아 해체
B.L	ko	유리 안드로포프
B.L	ko	응오딘지엠
B.L	ko	응우옌반티에우
B.L	ko	장제스
B.L	ko	장징궈
B.L	ko	쟈논 파즈냐크
B.L	ko	적극적 대책
B.L	ko	전국야당연합
B.L	ko	전체주의
B.L	ko	정치가
B.L	ko	젤류 젤레프
B.L	ko	좌파당 (독일)
B.L	ko	중국 민주화 운동
B.L	ko	차히아긴 엘베그도르지
B.L	ko	체르노빌 원자력 발전소 사고
B.L	ko	체코슬로바키아 해체
B.L	ko	카이손 폼비한
B.L	ko	카자흐 소비에트 사회주의 공화국
B.L	ko	코라손 아키노
B.L	ko	콘스탄틴 체르넨코
B.L	ko	콩고 인민 공화국
B.L	ko	클라우스 보버라이트
B.L	ko	키르기스 소비에트 사회주의 공화국
B.L	ko	타지크 소비에트 사회주의 공화국
B.L	ko	토도르 지프코프
B.L	ko	투르크멘 소비에트 사회주의 공화국
B.L	ko	특별한 시대
B.L	ko	페레스트로이카
B.L	ko	페타르 믈라데노프
B.L	ko	폴 포트
B.L	ko	폴란드 공산주의의 최후 (1989년)
B.L	ko	폴란드 원탁 회의
B.L	ko	푸미 봉비칫
B.L	ko	푸틴주의
B.L	ko	피델 카스트로
B.L	ko	헝가리 공산주의의 최후 (1989년)
B.L	ko	헝가리 원탁 회의
B.L	ko	헝가리의 국경 펜스 철거
B.L	ko	헤이다르 알리예프
B.L	ko	헬무트 콜
B.L	ko	호아킨 발라게르
B.L	ko	호찌민
B.L	ko	화궈펑
B.L	ko	후기 공산주의
B.L	ko	위키백과:토막글
B.L	ko	틀:공산주의의 붕괴
B.L	ko	틀:토막글/그림/독일
B.L	ko	틀토론:공산주의의 붕괴
B.L	la	16 Ianuarii
B.L	la	1948
B.L	la	1966
B.L	la	1967
B.L	la	1970
B.L	la	1988
B.L	la	1989
B.L	la	1990
B.L	la	1993
B.L	la	2005
B.L	la	2009
B.L	la	31 Ianuarii
B.L	la	31 Iulii
B.L	la	3 Octobris
B.L	la	9 Decembris
B.L	la	Anscharius Lafontaine
B.L	la	Berolinum
B.L	la	Camera Popularis (RDG)
B.L	la	Dieta Foederalis Germaniae
B.L	la	Factio Democratici Socialismi
B.L	la	Factio Sinistra
B.L	la	Germania
B.L	la	Nicolaus Gysi
B.L	la	Res publica Democratica Germanica
B.L	la	SED
B.L	la	Sinistra
B.L	la	Sinistra (factio politica Germaniae)
B.L	it	16 gennaio
B.L	it	1948
B.L	it	Avvocato
B.L	it	Berlino
B.L	it	Bundestag
B.L	it	Der Spiegel
B.L	it	Deutsches Historisches Museum
B.L	it	Die Linke
B.L	it	Die Linkspartei
B.L	it	Freie Demokratische Partei
B.L	it	Gabi Zimmer
B.L	it	Germania
B.L	it	Germania Est
B.L	it	Gorbaciov
B.L	it	Library of Congress Control Number
B.L	it	Lothar Bisky
B.L	it	Partito Socialista Unificato di Germania
B.L	it	Partito della Sinistra (Germania)
B.L	it	Politico
B.L	it	Stasi
B.L	it	Virtual International Authority File
B.L	it	WASG
B.L	it	Wikipedia:Template sinottici
B.L	it	Template:Carica pubblica
B.L	it	Template:Segretari del PDS
B.L	it	Discussioni template:Segretari del PDS
B.L	it	Aiuto:Controllo di autorità
B.L	it	Categoria:Aggiungere template Carica pubblica
B.L	it	Categoria:Avvocati tedeschi del XXI secolo
B.L	it	Categoria:Avvocati tedeschi del XX secolo
B.L	it	Categoria:Nati a Berlino
B.L	it	Categoria:Nati il 16 gennaio
B.L	it	Categoria:Nati nel 1948
B.L	it	Categoria:Politici tedeschi del XXI secolo
B.L	it	Categoria:Politici tedeschi del XX secolo
B.L	it	Portale:Biografie
B.L	it	Portale:Politica
B.L	ja	1948年
B.L	ja	1989年
B.L	ja	1990年
B.L	ja	1993年
B.L	ja	1月16日
B.L	ja	2001年
B.L	ja	2002年
B.L	ja	2005年
B.L	ja	アビトゥーア
B.L	ja	アレクサンダー広場
B.L	ja	イギリス人
B.L	ja	オスカー・ラフォンテーヌ
B.L	ja	クラウス・ヴォーヴェライト
B.L	ja	シュタージ
B.L	ja	デア・シュピーゲル
B.L	ja	ドイツ
B.L	ja	ドイツ共産党
B.L	ja	ドイツ再統一
B.L	ja	ドイツ民主共和国
B.L	ja	ドイツ民主共和国人民議会1990年選挙
B.L	ja	ドイツ社会主義統一党
B.L	ja	ドイツ社会民主党
B.L	ja	ドイツ連邦共和国基本法
B.L	ja	ドイツ連邦議会
B.L	ja	ドイツ連邦議会2009年選挙
B.L	ja	ドリス・レッシング
B.L	ja	ノーベル文学賞
B.L	ja	ハラルト・ヴォルフ
B.L	ja	ハンブルク
B.L	ja	フンボルト大学ベルリン
B.L	ja	ベルリン
B.L	ja	マイレージサービス
B.L	ja	ユダヤ人
B.L	ja	ユリアーネ・フライフラウ・フォン・フリーゼン
B.L	ja	ロシア
B.L	ja	ロタール・ビスキー
B.L	ja	ローラント・クラウス
B.L	ja	人民議会 (東ドイツ)
B.L	ja	俳優
B.L	ja	党首
B.L	ja	共産主義
B.L	ja	博士 (法学)
B.L	ja	同盟90/緑の党
B.L	ja	大使
B.L	ja	左翼党 (ドイツ)
B.L	ja	弁護士
B.L	ja	政党連合
B.L	ja	政治家
B.L	ja	東ベルリン
B.L	ja	東欧革命
B.L	ja	民主社会党 (ドイツ)
B.L	ja	畜産
B.L	ja	第二次世界大戦
B.L	ja	自由民主党 (ドイツ)
B.L	ja	通貨同盟
B.L	ja	非公式協力者
B.L	uk	16 січня
B.L	uk	1948
B.L	uk	Адвокат
B.L	uk	Александерплац
B.L	uk	Бербель Болей
B.L	uk	Бундестаг
B.L	uk	Гумбольдтський університет Берліна
B.L	uk	Доріс Лессінг
B.L	uk	Ліві (Німеччина)
B.L	uk	НДР
B.L	uk	Німецька Демократична Республіка
B.L	uk	Німецька мова
B.L	uk	Німеччина
B.L	uk	Оскар Лафонтен
B.L	uk	Південна Родезія
B.L	uk	Риторика
B.L	uk	Роберт Гавеман
B.L	uk	Рудольф Баро
B.L	uk	Соціал-демократична партія Німеччини
B.L	uk	Соціалістична єдина партія Німеччини
B.L	uk	Східний Берлін
B.L	uk	Фольксбюне
B.L	sv	16 januari
B.L	sv	1948
B.L	sv	1989
B.L	sv	Advokat
B.L	sv	Allians 90/De gröna
B.L	sv	Andra världskriget
B.L	sv	Andrea Gysi
B.L	sv	Anmoder
B.L	sv	Arbeit & soziale Gerechtigkeit – Die Wahlalternative
B.L	sv	Berlin
B.L	sv	Bärbel Bohley
B.L	sv	D-mark
B.L	sv	DDR
B.L	sv	Deutsches Historisches Museum
B.L	sv	Die Linke
B.L	sv	Die Linkspartei
B.L	sv	Dissident
B.L	sv	Doris Lessing
B.L	sv	FDP
B.L	sv	Flygbonus
B.L	sv	Frankfurter Allgemeine Zeitung
B.L	sv	Förbundsdagen
B.L	sv	Gabriele Gysi
B.L	sv	Gerhard Schröder
B.L	sv	Gottfried Lessing
B.L	sv	Harald Wolf
B.L	sv	Högadel
B.L	sv	Juliane Freifrau von Friesen
B.L	sv	Klaus Gysi
B.L	sv	Kommunist
B.L	sv	Kommunistische Partei Deutschlands
B.L	sv	Lothar Bisky
B.L	sv	Michail Gorbatjov
B.L	sv	Nyckelperson
B.L	sv	Oskar Lafontaine
B.L	sv	Partei des Demokratischen Sozialismus
B.L	sv	Robert Havemann
B.L	sv	Roland Claus
B.L	sv	Rudolf Bahro
B.L	sv	Rysk
B.L	sv	SPD
B.L	sv	Stasi
B.L	sv	Tysk
B.L	sv	Tysklands socialdemokratiska parti
B.L	sv	Tysklands socialistiska enhetsparti
B.L	sv	Ulrike Poppe
B.L	sv	Volkskammer
B.L	sv	Östtyskland
B.L	ru	16 января
B.L	ru	1945
B.L	ru	1948
B.L	ru	1949 год
B.L	ru	2002 год
B.L	ru	31 июля
B.L	ru	Берлин
B.L	ru	Берлинский университет имени Гумбольдта
B.L	ru	Бундестаг Германии
B.L	ru	Викисклад
B.L	ru	Воверайт, Клаус
B.L	ru	ГДР
B.L	ru	Германия
B.L	ru	Гизи, Клаус
B.L	ru	Диссиденты
B.L	ru	Левая партия. ПДС (Германия)
B.L	ru	Левые (партия, Германия)
B.L	ru	Лессинг, Дорис
B.L	ru	Министерство государственной безопасности ГДР
B.L	ru	Народная палата ГДР
B.L	ru	Немецкий язык
B.L	ru	Нобелевская премия по литературе
B.L	ru	Первая мировая война
B.L	ru	Перестройка
B.L	ru	Политик
B.L	ru	СДПГ
B.L	ru	Санкт-Петербург
B.L	ru	Социалистическая единая партия Германии
B.L	ru	Социалистическая единая партия Германии — Партия демократического социализма
B.L	ru	Шрёдер, Герхард
B.L	ru	Википедия:Авторитетные источники
B.L	ru	Википедия:Заготовка статьи
B.L	ru	Википедия:Как править статьи
B.L	ru	Википедия:Проверяемость
B.L	ru	Википедия:Сноски
B.L	ru	Википедия:Шаблоны/Карточки
B.L	ru	Шаблон:Rq/infobox
B.L	ru	Шаблон:Rq/sources
B.L	ru	Шаблон:Rq/Пояснения
B.L	ru	Шаблон:Нет карточки/политический деятель
B.L	ru	Шаблон:Политический деятель
B.L	ro	16 ianuarie
B.L	ro	1948
B.L	ro	Al Doilea Război Mondial
B.L	ro	Ambasador
B.L	ro	Andrea Gysi
B.L	ro	Avocat
B.L	ro	Berlin
B.L	ro	Biografie
B.L	ro	Die Linke
B.L	ro	Doris Lessing
B.L	ro	Gabriele Gysi
B.L	ro	Germania
B.L	ro	Nobel
B.L	ro	PDS
B.L	ro	Petersburg
B.L	ro	Wikimedia Commons
B.L	ro	Wikipedia:Articolul ciot perfect
B.L	ro	Wikipedia:Găsește și repară un ciot
B.L	ro	Format:DatePersonale
B.L	ro	Discuție Format:DatePersonale
B.L	hsb	16. januara
B.L	hsb	1948
B.L	hsb	Berlin
B.L	hsb	Lěwica
B.L	hsb	Wikipedija:Infokašćik
B.L	hsb	Předłoha:Infokašćik wosoby
B.L	hsb	Diskusija k předłoze:Infokašćik wosoby
CN	de	Gregor_Gysi
IWL	fi	Gregor Gysi
IWL	fr	Gregor Gysi
IWL	eo	Gregor Gysi
IWL	en	Gregor Gysi
IWL	es	Gregor Gysi
IWL	da	Gregor Gysi
IWL	no	Gregor Gysi
IWL	nn	Gregor Gysi
IWL	pl	Gregor Gysi
IWL	nl	Gregor Gysi
IWL	ko	그레고르 기지
IWL	la	Gregorius Gysi
IWL	it	Gregor Gysi
IWL	ja	グレゴール・ギジ
IWL	uk	Грегор Гізі
IWL	sv	Gregor Gysi
IWL	ru	Гизи, Грегор
IWL	ro	Gregor Gysi
IWL	hsb	Gregor Gysi
