A.L	de	1977
A.L	de	3. August
A.L	de	Abgeordnetenwatch.de
A.L	de	Abitur
A.L	de	Aenne Brauksiepe
A.L	de	Agence France-Presse
A.L	de	Alice Schwarzer
A.L	de	Amtsanwalt
A.L	de	Angela Merkel
A.L	de	Anke Fuchs
A.L	de	Annette Schavan
A.L	de	Antje Huber
A.L	de	BMFSFJ
A.L	de	Betreuungsgeld
A.L	de	Birgit Zeimetz-Lorz
A.L	de	Bodo Hombach
A.L	de	Bruno Heck
A.L	de	Bundesminister (Deutschland)
A.L	de	Bundesminister des Innern
A.L	de	Bundesministerium für Familie, Senioren, Frauen und Jugend
A.L	de	Bundestagswahlkreis Wiesbaden
A.L	de	CDU/CSU-Bundestagsfraktion
A.L	de	CDU Hessen
A.L	de	Chaos Computer Club
A.L	de	Christian Pfeiffer
A.L	de	Christina Schröder
A.L	de	Christine Bergmann
A.L	de	Christlich Demokratische Union Deutschlands
A.L	de	Claudia Nolte
A.L	de	Daniel Bahr
A.L	de	Der Spiegel
A.L	de	Deutsche Nationalbibliothek
A.L	de	Deutscher Bundestag
A.L	de	Deutscher Industrie- und Handelskammertag
A.L	de	Deutscher Motor Sport Bund
A.L	de	Deutschland
A.L	de	Die Linke
A.L	de	Die Tageszeitung
A.L	de	Die Zeit
A.L	de	Die tageszeitung
A.L	de	Diltheyschule
A.L	de	Dirk Niebel
A.L	de	Dissertation
A.L	de	Ehegattensplitting
A.L	de	Einbürgerungstest
A.L	de	Elterngeld (Deutschland)
A.L	de	Europa-Union Parlamentariergruppe Deutscher Bundestag
A.L	de	Eva Herman
A.L	de	Extremismus
A.L	de	Extremismusklausel
A.L	de	Familienpflegezeit
A.L	de	Familienpolitik
A.L	de	Frankfurter Rundschau
A.L	de	Franz-Josef Wuermeling
A.L	de	Franz Josef Jung
A.L	de	Freiheitliche demokratische Grundordnung
A.L	de	Fritz Ossenbühl
A.L	de	Gemeinsame Normdatei
A.L	de	Geschichtswissenschaft
A.L	de	Gleitzeit
A.L	de	Guido Westerwelle
A.L	de	Handelsblatt
A.L	de	Hannelore Rönsch
A.L	de	Hans-Peter Friedrich
A.L	de	Heidemarie Wieczorek-Zeul
A.L	de	Heiner Geißler
A.L	de	Hermann Kues
A.L	de	Ilse Aigner
A.L	de	Innenausschuss des Deutschen Bundestages
A.L	de	Integration (Soziologie)
A.L	de	Islam
A.L	de	Islamismus
A.L	de	Islamunterricht
A.L	de	Johanna Wanka
A.L	de	Johannes Gutenberg-Universität Mainz
A.L	de	Josef Hecken
A.L	de	Jugendmedienschutz-Staatsvertrag
A.L	de	Junge Union
A.L	de	Jungle World
A.L	de	Jürgen Rüttgers
A.L	de	Jürgen W. Falter
A.L	de	Kabinett Merkel II
A.L	de	Kalifat
A.L	de	Karl-Theodor zu Guttenberg
A.L	de	Katharina Focke
A.L	de	KfW Bankengruppe
A.L	de	Kindergeld
A.L	de	Kirsten Heisig
A.L	de	Käte Strobel
A.L	de	Landesliste
A.L	de	Landtagswahl in Hessen 1999
A.L	de	Landtagswahl in Hessen 2008
A.L	de	Library of Congress Control Number
A.L	de	Linksextremismus
A.L	de	Liste der deutschen Familienminister
A.L	de	Mathias Döpfner
A.L	de	Mitglied des Deutschen Bundestages
A.L	de	Motorsport
A.L	de	Murat Kurnaz
A.L	de	Mustafa Cerić
A.L	de	Mutterschutz
A.L	de	Nationalsozialistischer Untergrund
A.L	de	Neues Deutschland
A.L	de	Norbert Röttgen
A.L	de	Norddeutscher Rundfunk
A.L	de	Obfrau
A.L	de	Ole Schröder (Politiker)
A.L	de	Panorama (Magazin)
A.L	de	Parlamentarischer Staatssekretär
A.L	de	Peter Altmaier
A.L	de	Peter Ramsauer
A.L	de	Pflegezeit (Arbeitsfreistellung)
A.L	de	Philipp Rösler
A.L	de	Philosophie
A.L	de	Piratenpartei Deutschland
A.L	de	Pizza-Connection (Politik)
A.L	de	Politiker
A.L	de	Politikwissenschaft
A.L	de	Promotion (Doktor)
A.L	de	Rainer Brüderle
A.L	de	Rallye
A.L	de	Rechtsextremismus
A.L	de	Renate Schmidt
A.L	de	Rheinische Post
A.L	de	Rita Süssmuth
A.L	de	Ronald Pofalla
A.L	de	SPD
A.L	de	Sabine Leutheusser-Schnarrenberger
A.L	de	Schulferien
A.L	de	Sebastian Edathy
A.L	de	Selbständige Evangelisch-Lutherische Kirche
A.L	de	Soziologe
A.L	de	Soziologie
A.L	de	Spiegel Online
A.L	de	Stadtvertretung
A.L	de	Stern (Zeitschrift)
A.L	de	Studentische Hilfskraft
A.L	de	Sueddeutsche Zeitung
A.L	de	Süddeutsche Zeitung
A.L	de	Tagesschau (ARD)
A.L	de	Teilzeitarbeit
A.L	de	Thomas de Maizière
A.L	de	Tübingen
A.L	de	Ulrich Battis
A.L	de	Unterschriftenaktion gegen die Reform des deutschen Staatsbürgerschaftsrechts
A.L	de	Ursula Lehr
A.L	de	Ursula von der Leyen
A.L	de	Virtual International Authority File
A.L	de	Wertvorstellung
A.L	de	Wiesbaden
A.L	de	Wissenschaftliche Dienste des Deutschen Bundestages
A.L	de	Wolfgang Schäuble
A.L	de	Hilfe:Personendaten
B.L	fi	1977
B.L	fi	2002
B.L	fi	2009
B.L	fi	3. elokuuta
B.L	fi	30. marraskuuta
B.L	fi	Filosofia
B.L	fi	Hessen
B.L	fi	Historia
B.L	fi	Johannes Gutenberg-Universität Mainz
B.L	fi	Merkelin II hallitus
B.L	fi	Poliitikko
B.L	fi	Saksa
B.L	fi	Saksan kristillisdemokraattinen unioni
B.L	fi	Saksan liittopäivät
B.L	fi	Sosiologia
B.L	fi	Valtio-oppi
B.L	fi	Wiesbaden
B.L	fi	Wikipedia:Tynkä
B.L	fi	Luokka:Poliitikkotyngät
B.L	fr	12 février
B.L	fr	1953
B.L	fr	1977
B.L	fr	1991
B.L	fr	1994
B.L	fr	1997
B.L	fr	1998
B.L	fr	2000
B.L	fr	2001
B.L	fr	2002
B.L	fr	2008
B.L	fr	2009
B.L	fr	2010
B.L	fr	2011
B.L	fr	30 novembre
B.L	fr	3 août
B.L	fr	Abitur
B.L	fr	Aenne Brauksiepe
B.L	fr	Allemagne de l'Ouest
B.L	fr	Allemand
B.L	fr	Angela Merkel
B.L	fr	Anke Fuchs
B.L	fr	Annette Schavan
B.L	fr	Antje Huber
B.L	fr	Août 1977
B.L	fr	Brigitte Zypries
B.L	fr	Bruno Heck
B.L	fr	Bundestag
B.L	fr	Cabinet Merkel I
B.L	fr	Cabinet Merkel II
B.L	fr	Cabinet Schröder II
B.L	fr	Chancelier fédéral (Allemagne)
B.L	fr	Chancellerie fédérale (Allemagne)
B.L	fr	Christine Bergmann
B.L	fr	Claudia Nolte
B.L	fr	Daniel Bahr
B.L	fr	Dirk Niebel
B.L	fr	Frank-Walter Steinmeier
B.L	fr	Franz-Josef Wuermeling
B.L	fr	Franz Josef Jung
B.L	fr	Franz Müntefering
B.L	fr	Février 2010
B.L	fr	Gouvernement fédéral (Allemagne)
B.L	fr	Groupe CDU/CSU au Bundestag
B.L	fr	Guido Westerwelle
B.L	fr	Hannelore Rönsch
B.L	fr	Hans-Peter Friedrich
B.L	fr	Heidemarie Wieczorek-Zeul
B.L	fr	Heiner Geißler
B.L	fr	Hesse (Land)
B.L	fr	Horst Seehofer
B.L	fr	Ilse Aigner
B.L	fr	Johanna Wanka
B.L	fr	Juin 2011
B.L	fr	Junge Union
B.L	fr	Karl-Theodor zu Guttenberg
B.L	fr	Katharina Focke
B.L	fr	Käte Strobel
B.L	fr	Landtag de Hesse
B.L	fr	Licence (grade universitaire)
B.L	fr	Liste de femmes ministres allemandes
B.L	fr	Mayence
B.L	fr	Michael Glos
B.L	fr	Ministre fédéral avec attributions spéciales
B.L	fr	Ministère fédéral de l'Agriculture (Allemagne)
B.L	fr	Ministère fédéral de l'Environnement (Allemagne)
B.L	fr	Ministère fédéral de l'Intérieur (Allemagne)
B.L	fr	Ministère fédéral de l'Économie (Allemagne)
B.L	fr	Ministère fédéral de l'Éducation et de la Recherche (Allemagne)
B.L	fr	Ministère fédéral de la Coopération économique (Allemagne)
B.L	fr	Ministère fédéral de la Défense (Allemagne)
B.L	fr	Ministère fédéral de la Famille (Allemagne)
B.L	fr	Ministère fédéral de la Justice (Allemagne)
B.L	fr	Ministère fédéral de la Santé (Allemagne)
B.L	fr	Ministère fédéral des Finances (Allemagne)
B.L	fr	Ministère fédéral des Transports et de la Construction (Allemagne)
B.L	fr	Ministère fédéral du Travail (Allemagne)
B.L	fr	N-Tv
B.L	fr	Norbert Röttgen
B.L	fr	Novembre 2008
B.L	fr	Novembre 2009
B.L	fr	Office des Affaires étrangères (Allemagne)
B.L	fr	Olaf Scholz
B.L	fr	Ole Schröder
B.L	fr	Parti social-démocrate d'Allemagne
B.L	fr	Peer Steinbrück
B.L	fr	Personnalité politique
B.L	fr	Peter Altmaier
B.L	fr	Peter Ramsauer
B.L	fr	Philipp Rösler
B.L	fr	Politique de l'Allemagne
B.L	fr	Rainer Brüderle
B.L	fr	Renate Schmidt
B.L	fr	Rita Süssmuth
B.L	fr	Ronald Pofalla
B.L	fr	Sabine Leutheusser-Schnarrenberger
B.L	fr	Schleswig-Holstein
B.L	fr	Sigmar Gabriel
B.L	fr	Sociologie
B.L	fr	Système électoral allemand
B.L	fr	Thomas de Maizière
B.L	fr	Ulla Schmidt
B.L	fr	Union chrétienne-démocrate d'Allemagne
B.L	fr	Université Johannes Gutenberg de Mayence
B.L	fr	Ursula Lehr
B.L	fr	Ursula von der Leyen
B.L	fr	Vice-chancelier (Allemagne)
B.L	fr	Wiesbaden
B.L	fr	Wolfgang Schäuble
B.L	fr	Wolfgang Tiefensee
B.L	fr	Église évangélique luthérienne indépendante
B.L	fr	Élections fédérales allemandes de 2002
B.L	fr	Élections fédérales allemandes de 2005
B.L	fr	Élections fédérales allemandes de 2009
B.L	fr	Modèle:Palette Cabinet Merkel
B.L	fr	Modèle:Palette Ministres de la Famille allemands
B.L	fr	Discussion modèle:Palette Cabinet Merkel
B.L	fr	Discussion modèle:Palette Ministres de la Famille allemands
B.L	fr	Catégorie:Portail:Allemagne/Articles liés
B.L	fr	Catégorie:Portail:Femmes/Articles liés
B.L	fr	Catégorie:Portail:Politique/Articles liés
B.L	fr	Portail:Allemagne
B.L	fr	Portail:Femmes
B.L	fr	Portail:Politique
B.L	eo	1977
B.L	eo	2007
B.L	eo	2009
B.L	eo	28-a de oktobro
B.L	eo	3-an de aŭgusto
B.L	eo	Christlich Demokratische Union Deutschlands
B.L	eo	Gerhard Schröder
B.L	eo	Germana politikisto
B.L	eo	Germanoj
B.L	eo	Ministraro dua de Angela Merkel
B.L	eo	Politikistino
B.L	eo	Ursula von der Leyen
B.L	eo	Wiesbaden
B.L	eo	Vikipedio:La perfekta ĝermo de artikolo
B.L	eo	Vikipedio:Tradukoj
B.L	eo	Vikipedio:Trovi aŭ kreskigi ĝermojn
B.L	eo	Kategorio:Ĝermoj pri Germana politikisto
B.L	eo	Kategorio:Ĝermoj pri germana politikisto
B.L	eo	Kategorio:Ĝermoj pri germana politikistoj
B.L	eo	Kategorio:Ĝermoj pri germanaj politikistoj
B.L	en	Abitur
B.L	en	Alma mater
B.L	en	Angela Merkel
B.L	en	Annette Schavan
B.L	en	Authority control
B.L	en	Bild Zeitung
B.L	en	Bundestag
B.L	en	Bundestag (Germany)
B.L	en	Cabinet Merkel II
B.L	en	Chancellor of Germany
B.L	en	Christian Democratic Union (Germany)
B.L	en	Christian Democratic Union of Germany
B.L	en	Daniel Bahr
B.L	en	Die Zeit
B.L	en	Diplom
B.L	en	Dirk Niebel
B.L	en	Doctor of Philosophy
B.L	en	Doctoral thesis
B.L	en	Federal Minister of Economics and Technology
B.L	en	Federal Ministry for Family Affairs, Senior Citizens, Women and Youth
B.L	en	Federal Ministry of Family Affairs, Senior Citizens, Women and Youth
B.L	en	Federal Ministry of Family Affairs, Senior Citizens, Women and Youth (Germany)
B.L	en	Federal Ministry of Health (Germany)
B.L	en	Franz Josef Jung
B.L	en	German National Library
B.L	en	German federal election, 2002
B.L	en	Germany
B.L	en	Guido Westerwelle
B.L	en	Hamburger Abendblatt
B.L	en	Hans-Peter Friedrich
B.L	en	Hessen
B.L	en	History
B.L	en	Ilse Aigner
B.L	en	Incumbent
B.L	en	Independent Evangelical-Lutheran Church
B.L	en	Johanna Wanka
B.L	en	Johannes Gutenberg University of Mainz
B.L	en	Junge Union
B.L	en	Jürgen W. Falter
B.L	en	Karl-Theodor zu Guttenberg
B.L	en	Lutheran
B.L	en	Norbert Röttgen
B.L	en	Ole Schröder
B.L	en	Peter Altmaier
B.L	en	Peter Ramsauer
B.L	en	Philipp Rösler
B.L	en	Philosophy
B.L	en	Political science
B.L	en	Politician
B.L	en	Rainer Brüderle
B.L	en	Ronald Pofalla
B.L	en	Sabine Leutheusser-Schnarrenberger
B.L	en	Sociologist
B.L	en	Sociology
B.L	en	Thomas de Maizière
B.L	en	Ursula von der Leyen
B.L	en	Vice Chancellor of Germany
B.L	en	Virtual International Authority File
B.L	en	Wiesbaden
B.L	en	Wolfgang Schäuble
B.L	en	Wikipedia:Persondata
B.L	en	Template:Cabinet Merkel II
B.L	en	Template:ISO 639 name de
B.L	en	Template talk:Cabinet Merkel II
B.L	es	1977
B.L	es	1991
B.L	es	1997
B.L	es	2002
B.L	es	2009
B.L	es	3 de agosto
B.L	es	Alemania
B.L	es	Angela Merkel
B.L	es	Bundestag
B.L	es	Hesse
B.L	es	Iglesia evangélica luterana independiente
B.L	es	Junge Union
B.L	es	Maguncia
B.L	es	Ministerio Federal de Familia, Tercera Edad, Mujeres y Juventud de Alemania
B.L	es	Política
B.L	es	Universidad Johannes Gutenberg
B.L	es	Unión Demócrata Cristiana de Alemania
B.L	es	Wiesbaden
B.L	es	Wikimedia Commons
B.L	cs	12. únor
B.L	cs	1977
B.L	cs	1991
B.L	cs	1997
B.L	cs	2002
B.L	cs	2009
B.L	cs	2010
B.L	cs	3. srpen
B.L	cs	30. listopad
B.L	cs	Afghánistán
B.L	cs	Angela Merkelová
B.L	cs	Druhá vláda Angely Merkelové
B.L	cs	Extremismus
B.L	cs	Filosofie
B.L	cs	Franz Josef Jung
B.L	cs	Hesensko
B.L	cs	Historie
B.L	cs	Horst Köhler
B.L	cs	Islám
B.L	cs	Junge Union
B.L	cs	Křesťansko-sociální unie Bavorska
B.L	cs	Křesťanskodemokratická unie
B.L	cs	Luteránství
B.L	cs	Mohuč
B.L	cs	Německo
B.L	cs	Německý spolkový sněm
B.L	cs	Ole Schröder
B.L	cs	Ph.D.
B.L	cs	Politik
B.L	cs	Politologie
B.L	cs	První vláda Angely Merkelové
B.L	cs	Sociologie
B.L	cs	Univerzita Johannese Gutenberga
B.L	cs	Ursula von der Leyenová
B.L	cs	Wiesbaden
B.L	cs	Wikimedia Commons
B.L	cs	Západní Německo
B.L	cs	Diskuse:Kristina Schröderová
B.L	cs	Wikipedie:Pahýl
B.L	cs	Wikipedie:WikiProjekt Překlad/Rady
B.L	cs	Portál:Obsah
B.L	cs	Portál:Politika
B.L	ar	1977
B.L	ar	2009
B.L	ar	30 نوفمبر
B.L	ar	3 أغسطس
B.L	ar	ألمانيا
B.L	ar	ألمانيا الغربية
B.L	ar	أورسولا فون دير لييان
B.L	ar	إلسي أيجنر
B.L	ar	الاتحاد الديمقراطي المسيحي
B.L	ar	دانيال باهر
B.L	ar	فيسبادن
B.L	ar	لغة ألمانية
B.L	ar	نوفمبر
B.L	ar	ويكيميديا كومنز
B.L	ar	ويكيبيديا:بذرة
B.L	ar	ملحق:1977
B.L	ar	ملحق:3 أغسطس
B.L	no	1977
B.L	no	1991
B.L	no	1994
B.L	no	1997
B.L	no	2002
B.L	no	2009
B.L	no	3. august
B.L	no	30. november
B.L	no	Abitur
B.L	no	Angela Merkels andre regjering
B.L	no	Annette Schavan
B.L	no	CDU
B.L	no	Daniel Bahr
B.L	no	Dirk Niebel
B.L	no	Doktograd
B.L	no	Franz Josef Jung
B.L	no	Guido Westerwelle
B.L	no	Hans-Peter Friedrich
B.L	no	Hessen
B.L	no	Ilse Aigner
B.L	no	Johanna Wanka
B.L	no	Johannes Gutenberg-Universität Mainz
B.L	no	Junge Union
B.L	no	Karl-Theodor zu Guttenberg
B.L	no	Norbert Röttgen
B.L	no	Peter Altmaier
B.L	no	Peter Ramsauer
B.L	no	Philipp Rösler
B.L	no	Rainer Brüderle
B.L	no	Ronald Pofalla
B.L	no	Sabine Leutheusser-Schnarrenberger
B.L	no	Selbständige Evangelisch-Lutherische Kirche
B.L	no	Thomas de Maizière
B.L	no	Tysklands familieministre
B.L	no	Ursula von der Leyen
B.L	no	Wiesbaden
B.L	no	Wikimedia Commons
B.L	no	Wolfgang Schäuble
B.L	no	Mal:Merkels andre kabinett
B.L	no	Maldiskusjon:Merkels andre kabinett
B.L	pl	1977
B.L	pl	3 sierpnia
B.L	pl	Angela Merkel
B.L	pl	Annette Schavan
B.L	pl	Biblioteka Kongresu Stanów Zjednoczonych
B.L	pl	Bundestag
B.L	pl	Daniel Bahr
B.L	pl	Die Welt
B.L	pl	Dirk Niebel
B.L	pl	Drugi rząd Angeli Merkel
B.L	pl	Filozofia
B.L	pl	Franz Josef Jung
B.L	pl	Gemeinsame Normdatei
B.L	pl	Guido Westerwelle
B.L	pl	Hans-Peter Friedrich
B.L	pl	Heidemarie Wieczorek-Zeul
B.L	pl	Historia
B.L	pl	Ilse Aigner
B.L	pl	Johanna Wanka
B.L	pl	Język niemiecki
B.L	pl	Karl-Theodor zu Guttenberg
B.L	pl	Kontrola autorytatywna
B.L	pl	Kościół Ewangelicko-Luterański
B.L	pl	Ministrowie do spraw rodziny, osób starszych, kobiet i młodzieży Niemiec
B.L	pl	Moguncja
B.L	pl	Norbert Röttgen
B.L	pl	Online Computer Library Center
B.L	pl	Peter Altmaier
B.L	pl	Peter Ramsauer
B.L	pl	Philipp Rösler
B.L	pl	Politologia
B.L	pl	Rainer Brüderle
B.L	pl	Ronald Pofalla
B.L	pl	Sabine Leutheusser-Schnarrenberger
B.L	pl	Socjologia
B.L	pl	Thomas de Maizière
B.L	pl	Unia Chrześcijańsko-Demokratyczna (Niemcy)
B.L	pl	Uniwersytet Jana Gutenberga w Moguncji
B.L	pl	Ursula von der Leyen
B.L	pl	Wiesbaden
B.L	pl	Wolfgang Schäuble
B.L	pl	Wybory parlamentarne w Niemczech w 2002 roku
B.L	pl	Wybory parlamentarne w Niemczech w 2005 roku
B.L	pl	Wybory parlamentarne w Niemczech w 2009 roku
B.L	pl	Szablon:Drugi rząd Angeli Merkel
B.L	pl	Dyskusja szablonu:Drugi rząd Angeli Merkel
B.L	la	12 Februarii
B.L	la	1977
B.L	la	1991
B.L	la	1994
B.L	la	1997
B.L	la	2002
B.L	la	2009
B.L	la	2010
B.L	la	2011
B.L	la	27 Novembris
B.L	la	3 Augusti
B.L	la	Administer Foederalis Feminarum et Iuventutis
B.L	la	Administer Foederalis Rerum Internarum
B.L	la	Administratio Merkel 2
B.L	la	Angela Merkel
B.L	la	Anna Brauksiepe
B.L	la	Annetta Schavan
B.L	la	Annetta Schawan
B.L	la	Aquae Mattiacae
B.L	la	Bruno Heck
B.L	la	Carolus Theodorus zu Guttenberg
B.L	la	Christiana Democratica Unio Germaniae
B.L	la	Christina Bergmann
B.L	la	Claudia Nolte
B.L	la	Daniel Bahr
B.L	la	Dieta Foederalis Germaniae
B.L	la	Franciscus-Iosephus Wuermeling
B.L	la	Franciscus Josephus Jung
B.L	la	Germania
B.L	la	Guido Westerwelle
B.L	la	Hannelora Rönsch
B.L	la	Hassia
B.L	la	Ilse Aigner
B.L	la	Ioanna Wanka
B.L	la	Ioannes-Petrus Friedrich
B.L	la	Moguntiacum
B.L	la	Norbertus Röttgen
B.L	la	Petrus Altmaier
B.L	la	Petrus Ramsauer
B.L	la	Philippus Rösler
B.L	la	Rainer Brüderle
B.L	la	Renata Schmidt
B.L	la	Ronaldus Pofalla
B.L	la	Sabina Leutheusser-Schnarrenberger
B.L	la	Theodericus Niebel
B.L	la	Thomas de Maizière
B.L	la	Unio iuvenilis
B.L	la	Ursula de Leyen
B.L	la	Volfgangus Schäuble
B.L	lb	1977
B.L	lb	2009
B.L	lb	3. August
B.L	lb	30. November
B.L	lb	Bundestag
B.L	lb	CDU
B.L	lb	Wiesbaden
B.L	lb	Wikipedia:FAQ
B.L	lb	Kategorie:Wikipedia:Skizzen
B.L	ja	1977年
B.L	ja	2009年
B.L	ja	8月3日
B.L	ja	BND
B.L	ja	アビトゥーア
B.L	ja	アンゲラ・メルケル
B.L	ja	イスラム主義
B.L	ja	イスラム教
B.L	ja	ウルズラ・フォン・デア・ライエン
B.L	ja	ドイツ
B.L	ja	ドイツキリスト教民主同盟
B.L	ja	ドイツ社会民主党
B.L	ja	ドイツ福音主義教会
B.L	ja	ドイツ連邦議会
B.L	ja	ドイツ連邦議会2009年選挙
B.L	ja	ハイデマリー・ヴィーチョレック＝ツォイル
B.L	ja	フィリップ・レスラー
B.L	ja	フランツ・ヨーゼフ・ユング
B.L	ja	ヘッセン州
B.L	ja	ヨハネス・グーテンベルク大学マインツ
B.L	ja	ヴィースバーデン
B.L	ja	左翼党 (ドイツ)
B.L	ja	政治家
B.L	sv	1977
B.L	sv	3 augusti
B.L	sv	Angela Merkel
B.L	sv	Annette Schavan
B.L	sv	Christlich Demokratische Union Deutschlands
B.L	sv	Daniel Bahr
B.L	sv	Dirk Niebel
B.L	sv	Forskningsassistent
B.L	sv	Franz Josef Jung
B.L	sv	Förbundsdagen
B.L	sv	GWV Fachverlage
B.L	sv	Gammallutheraner
B.L	sv	Guido Westerwelle
B.L	sv	Hans-Peter Friedrich
B.L	sv	Ilse Aigner
B.L	sv	Johanna Wanka
B.L	sv	Johannes Gutenberg-Universität Mainz
B.L	sv	Junge Union
B.L	sv	Karl-Theodor zu Guttenberg
B.L	sv	Norbert Röttgen
B.L	sv	Ole Schröder
B.L	sv	Peter Altmaier
B.L	sv	Peter Ramsauer
B.L	sv	Philipp Rösler
B.L	sv	Politiker
B.L	sv	Rainer Brüderle
B.L	sv	Regeringen Merkel II
B.L	sv	Ronald Pofalla
B.L	sv	Sabine Leutheusser-Schnarrenberger
B.L	sv	Selbständigen Evangelisch-Lutherischen Kirche
B.L	sv	Thomas de Maizière
B.L	sv	Tysk
B.L	sv	Tysklands förbundsregering
B.L	sv	Ursula von der Leyen
B.L	sv	VS Verlag für Sozialwissenschaften
B.L	sv	Wiesbaden
B.L	sv	Wolfgang Schäuble
B.L	sv	Mall:Regeringen Merkel II
B.L	sv	Malldiskussion:Regeringen Merkel II
B.L	ru	1977
B.L	ru	1977 год
B.L	ru	1997 год
B.L	ru	2002 год
B.L	ru	2009 год
B.L	ru	30 ноября
B.L	ru	3 августа
B.L	ru	Берлин
B.L	ru	Бундестаг
B.L	ru	Викисклад
B.L	ru	Висбаден
B.L	ru	Германия
B.L	ru	Доктор философии
B.L	ru	История (наука)
B.L	ru	Лейен, Урсула фон дер
B.L	ru	Лютеранство
B.L	ru	Майнцский университет Иоганна Гутенберга
B.L	ru	Меркель, Ангела
B.L	ru	Молодёжный союз Германии
B.L	ru	Независимая евангелическая лютеранская церковь
B.L	ru	Немецкий язык
B.L	ru	Политик
B.L	ru	Политология
B.L	ru	Социология
B.L	ru	Список министров по делам семьи Германии
B.L	ru	Федеративная Республика Германии (до 1990)
B.L	ru	Философия
B.L	ru	Христианско-демократический союз (Германия)
B.L	ru	Шрёдер
B.L	pt	1977
B.L	pt	3 de agosto
B.L	pt	Alemanha
B.L	pt	Alma mater
B.L	pt	Annette Schavan
B.L	pt	Base Virtual Internacional de Autoridade
B.L	pt	Controle de autoria
B.L	pt	Daniel Bahr
B.L	pt	Dirk Niebel
B.L	pt	Guido Westerwelle
B.L	pt	Hans-Peter Friedrich
B.L	pt	Ilse Aigner
B.L	pt	Luteranismo
B.L	pt	Ministério da Família da Alemanha
B.L	pt	Norbert Röttgen
B.L	pt	Peter Ramsauer
B.L	pt	Philipp Rösler
B.L	pt	Política
B.L	pt	Ronald Pofalla
B.L	pt	Sabine Leutheusser-Schnarrenberger
B.L	pt	Sociologia
B.L	pt	Thomas de Maizière
B.L	pt	Universidade de Mogúncia
B.L	pt	União Democrata-Cristã
B.L	pt	Ursula von der Leyen
B.L	pt	Wiesbaden
B.L	pt	Wolfgang Schäuble
B.L	pt	Wikipédia:Esboço
B.L	pt	Predefinição:Atuais ministros da Alemanha
B.L	pt	Predefinição:DNB portal
B.L	zh	1977年
B.L	zh	8月3日
B.L	zh	伊斯蘭
B.L	zh	保守主義
B.L	zh	哲學
B.L	zh	威斯巴登
B.L	zh	左翼
B.L	zh	得票數
B.L	zh	德国基督教民主联盟
B.L	zh	德国左派党
B.L	zh	德國
B.L	zh	德國聯邦家庭事務、老年、婦女及青年部
B.L	zh	政治學
B.L	zh	梅克爾第二屆內閣
B.L	zh	檢察官
B.L	zh	歷史學
B.L	zh	激进主义
B.L	zh	犯罪學家
B.L	zh	社會學
B.L	zh	穆斯林
B.L	zh	網頁
B.L	zh	维基共享资源
B.L	zh	美因茨大学
B.L	zh	黑森
CN	de	Kristina_Schröder
IWL	fi	Kristina Schröder
IWL	fr	Kristina Schröder
IWL	eo	Kristina Schröder
IWL	en	Kristina Schröder
IWL	es	Kristina Schröder
IWL	cs	Kristina Schröderová
IWL	ar	كريستينا شرودر
IWL	no	Kristina Schröder
IWL	pl	Kristina Schröder
IWL	la	Christina Schröder
IWL	lb	Kristina Schröder
IWL	ja	クリスティナ・シュレーダー
IWL	sv	Kristina Schröder
IWL	ru	Шрёдер, Кристина
IWL	pt	Kristina Schröder
IWL	zh	克里斯蒂娜·施洛德
