A.L	de	Adidas
A.L	de	Air Liquide
A.L	de	Aktiengesellschaft (Deutschland)
A.L	de	Allianz SE
A.L	de	Alstom
A.L	de	Altana
A.L	de	Anheuser-Busch InBev
A.L	de	ArcelorMittal
A.L	de	Assicurazioni Generali
A.L	de	Aufsichtsratsvorsitzender
A.L	de	Axa
A.L	de	BASF
A.L	de	BMW
A.L	de	BNP Paribas
A.L	de	Babcock Borsig
A.L	de	Banco Bilbao Vizcaya Argentaria
A.L	de	Banco Santander
A.L	de	Bayer AG
A.L	de	Bayerische Hypotheken- und Wechsel-Bank
A.L	de	Bayerische Vereinsbank
A.L	de	Beiersdorf AG
A.L	de	Berkshire Hathaway
A.L	de	Bernd Pischetsrieder
A.L	de	Bilanzsumme
A.L	de	Carl von Thieme
A.L	de	Carrefour (Unternehmen)
A.L	de	Cement Roadstone Holding
A.L	de	Chinesische Volksbank
A.L	de	Commerzbank
A.L	de	Compagnie de Saint-Gobain
A.L	de	Continental AG
A.L	de	Crédit Agricole (Unternehmen)
A.L	de	D.A.S.
A.L	de	DAX
A.L	de	DKV Deutsche Krankenversicherung
A.L	de	Daimler AG
A.L	de	Danone
A.L	de	Darmstädter Bank
A.L	de	Deutsche Bank
A.L	de	Deutsche Börse
A.L	de	Deutsche Post AG
A.L	de	Deutsche Telekom
A.L	de	Deutschland
A.L	de	Dow Jones Euro Stoxx 50
A.L	de	Dresdner Bank
A.L	de	E.ON
A.L	de	ERGO Versicherungsgruppe
A.L	de	EURO STOXX 50
A.L	de	Enel
A.L	de	Eni (Unternehmen)
A.L	de	Epcos
A.L	de	Ergo Versicherungsgruppe
A.L	de	Erlös
A.L	de	Euro
A.L	de	Evonik Degussa
A.L	de	Extremus Versicherungs-AG
A.L	de	Feldmühle (Unternehmen)
A.L	de	France Telecom
A.L	de	Frankfurter Wertpapierbörse
A.L	de	Fresenius (Unternehmen)
A.L	de	Fresenius Medical Care
A.L	de	GDF Suez
A.L	de	Generali Versicherung AG
A.L	de	Gewinn
A.L	de	Gründung (Recht)
A.L	de	Haftpflichtversicherung
A.L	de	Hannover Rück
A.L	de	HeidelbergCement
A.L	de	Henkel (Unternehmen)
A.L	de	Hoechst
A.L	de	Hypo Real Estate
A.L	de	IFRS
A.L	de	ING Groep
A.L	de	Iberdrola
A.L	de	Infineon
A.L	de	International Securities Identification Number
A.L	de	Intesa Sanpaolo
A.L	de	K+S
A.L	de	KPMG
A.L	de	Karl Wilhelm Hermann Pemsel
A.L	de	Karstadt
A.L	de	Krankenversicherung
A.L	de	Lanxess
A.L	de	Lebensversicherung
A.L	de	Leopoldstraße
A.L	de	Linde AG
A.L	de	Lufthansa
A.L	de	L’Oréal
A.L	de	MAN
A.L	de	MEAG
A.L	de	MLP AG
A.L	de	Mannesmann
A.L	de	Merck Finck & Co
A.L	de	Merck KGaA
A.L	de	Metro AG
A.L	de	Mitarbeiter
A.L	de	Moët Hennessy Louis Vuitton
A.L	de	München
A.L	de	Namensaktie
A.L	de	Nikolaus von Bomhard
A.L	de	Nixdorf Computer
A.L	de	Nokia
A.L	de	Philips
A.L	de	Postbank
A.L	de	Preussag
A.L	de	Private Unfallversicherung
A.L	de	RWE
A.L	de	Rechtsform
A.L	de	Repsol YPF
A.L	de	Rückversicherung
A.L	de	SAP
A.L	de	Salzgitter AG
A.L	de	San-Francisco-Erdbeben von 1906
A.L	de	Sanofi-Aventis
A.L	de	Schneider Electric
A.L	de	Siemens
A.L	de	Sitz (juristische Person)
A.L	de	Societe Generale
A.L	de	TUI
A.L	de	Telecom Italia
A.L	de	Telefónica
A.L	de	Terrorismus
A.L	de	Theodor von Cramer-Klett
A.L	de	ThyssenKrupp
A.L	de	Total (Unternehmen)
A.L	de	UniCredit Group
A.L	de	Unibail-rodamco
A.L	de	Unilever
A.L	de	Unternehmensführung
A.L	de	VEBA
A.L	de	VIAG
A.L	de	Vermögensverwaltung
A.L	de	Versicherer
A.L	de	Vinci (Unternehmen)
A.L	de	Vivendi
A.L	de	Volkswagen AG
A.L	de	Vorstandsvorsitzender
A.L	de	Walking Man
A.L	de	Warren Buffett
A.L	de	Website
A.L	de	Wilhelm von Finck
A.L	de	Wirtschaftszweig
A.L	de	Xetra
B.L	fi	1880
B.L	fi	Adidas
B.L	fi	Allianz
B.L	fi	BASF
B.L	fi	BMW
B.L	fi	Bayer
B.L	fi	Beiersdorf
B.L	fi	Carle Thieme
B.L	fi	Commerzbank
B.L	fi	DAX-indeksi
B.L	fi	Daimler
B.L	fi	Deutsche Bank
B.L	fi	Deutsche Börse
B.L	fi	Deutsche Post
B.L	fi	Deutsche Telekom
B.L	fi	E.ON
B.L	fi	Fresenius
B.L	fi	Fresenius Medical Care
B.L	fi	Hannover Re
B.L	fi	Henkel
B.L	fi	Jälleenvakuutus
B.L	fi	K+S
B.L	fi	Linde
B.L	fi	Lufthansa
B.L	fi	MAN (yritys)
B.L	fi	METRO AG
B.L	fi	Merck KGaA
B.L	fi	München
B.L	fi	RWE
B.L	fi	SAP (yritys)
B.L	fi	Saksa
B.L	fi	Saksan kieli
B.L	fi	Salzgitter (yritys)
B.L	fi	Siemens
B.L	fi	ThyssenKrupp
B.L	fi	Volkswagen
B.L	fi	Yritys
B.L	fi	Wikipedia:Tynkä
B.L	fi	Luokka:Yritystyngät
B.L	fr	1880
B.L	fr	Adidas
B.L	fr	Allemagne
B.L	fr	Allianz
B.L	fr	Assurance
B.L	fr	BASF
B.L	fr	Bayer (entreprise)
B.L	fr	Bayerische Motoren Werke
B.L	fr	Beiersdorf
B.L	fr	Biens et services marchands
B.L	fr	Chef d'entreprise
B.L	fr	Commerzbank
B.L	fr	Continental AG
B.L	fr	DAX
B.L	fr	Daimler (entreprise)
B.L	fr	Deutsche Bank
B.L	fr	Deutsche Börse
B.L	fr	Deutsche Post
B.L	fr	Deutsche Telekom
B.L	fr	E.ON
B.L	fr	Fresenius
B.L	fr	Fresenius Medical Care
B.L	fr	HeidelbergCement
B.L	fr	Henkel
B.L	fr	Infineon Technologies
B.L	fr	K+S
B.L	fr	Lanxess
B.L	fr	Linde AG
B.L	fr	Lufthansa
B.L	fr	Merck KGaA
B.L	fr	Munich
B.L	fr	Prime d'assurance
B.L	fr	RWE
B.L	fr	Risk manager
B.L	fr	Réassurance
B.L	fr	SAP (entreprise)
B.L	fr	Siemens (entreprise)
B.L	fr	Site web
B.L	fr	ThyssenKrupp
B.L	fr	Volkswagen (entreprise)
B.L	fr	Discussion:Munich Re/À faire
B.L	fr	Wikipédia:Notoriété des entreprises, sociétés et produits
B.L	fr	Modèle:Infobox Société
B.L	fr	Modèle:Palette DAX
B.L	fr	Modèle:Ébauche/paramètres entreprise allemande
B.L	fr	Discussion modèle:Palette DAX
B.L	fr	Aide:Comment modifier une page
B.L	fr	Aide:Ébauche
B.L	fr	Catégorie:Entreprise par date de fondation
B.L	fr	Catégorie:Forme juridique des entreprises
B.L	fr	Catégorie:Portail:Bavière/Articles liés
B.L	fr	Catégorie:Portail:Entreprises/Articles liés
B.L	fr	Catégorie:Portail:Munich/Articles liés
B.L	fr	Portail:Allemagne
B.L	fr	Portail:Bavière
B.L	fr	Portail:Entreprises
B.L	fr	Portail:Munich
B.L	fa	آدیداس
B.L	fa	آرسلور میتال
B.L	fa	آلمان
B.L	fa	آلیانتس
B.L	fa	آنهویزر-بوش انبیو
B.L	fa	آکسا
B.L	fa	ا.آن
B.L	fa	ار وه ئه
B.L	fa	اروپا
B.L	fa	اس آ پ
B.L	fa	اسیلور
B.L	fa	اشنایدر الکتریک
B.L	fa	ال و ام هاش
B.L	fa	انل
B.L	fa	انی (شرکت)
B.L	fa	ایبردرولا
B.L	fa	ایر لیکوئید
B.L	fa	اینتسا سانپائولو
B.L	fa	ایندیتکس
B.L	fa	اینفینئون
B.L	fa	ای‌اس‌ام‌ال هولدینگ
B.L	fa	ب آ اس اف
B.L	fa	ب ام و
B.L	fa	ب ان پ پاریبا
B.L	fa	بانکو بیلبائو
B.L	fa	بایر (شرکت)
B.L	fa	بایرسدورف
B.L	fa	بورس فرانکفورت
B.L	fa	بیمه
B.L	fa	بیمه اتکایی
B.L	fa	تلفونیکا
B.L	fa	توتال
B.L	fa	تیسن‌کروپ
B.L	fa	جنرالی
B.L	fa	جهان
B.L	fa	خدمات مالی
B.L	fa	دانون
B.L	fa	دایملر آ گ
B.L	fa	دویچه بانک
B.L	fa	دویچه بورزه
B.L	fa	دویچه تلکوم
B.L	fa	دویچه پست
B.L	fa	رپسول
B.L	fa	زبان آلمانی
B.L	fa	زبان انگلیسی
B.L	fa	زیمنس
B.L	fa	سانتاندر گروپ
B.L	fa	سانوفی
B.L	fa	سن-گوبن
B.L	fa	سوسیته ژنرال
B.L	fa	سی‌آراچ
B.L	fa	شرکت
B.L	fa	فرانس تلکوم
B.L	fa	فرزنیوس
B.L	fa	فرزنیوس مدیکال کر
B.L	fa	فیلیپس
B.L	fa	لانکسس
B.L	fa	لورئال
B.L	fa	لوفت‌هانزا
B.L	fa	لینده
B.L	fa	مدیریت
B.L	fa	مرک
B.L	fa	مونیخ
B.L	fa	نوکیا
B.L	fa	هایدلبرگ‌سمنت
B.L	fa	هنکل
B.L	fa	وینچی
B.L	fa	ویوندی
B.L	fa	ژ د اف سوئز
B.L	fa	کا+اس
B.L	fa	کارفور
B.L	fa	کومرتس‌بانک
B.L	fa	کونتیننتال آ گ
B.L	fa	گروه فولکس‌واگن
B.L	fa	یورو
B.L	fa	یورو استاکس ۵۰
B.L	fa	یونیبیل-رودآمکو
B.L	fa	یونیلیور
B.L	fa	یونی‌کردیت
B.L	fa	۱۸۸۰ (میلادی)
B.L	fa	الگو:درگاه/تصاویر/شرکت‌ها
B.L	fa	الگو:شرکت‌های دکس
B.L	fa	الگو:شرکت‌های یورو استاکس ۵۰
B.L	fa	بحث الگو:شرکت‌های دکس
B.L	fa	بحث الگو:شرکت‌های یورو استاکس ۵۰
B.L	fa	درگاه:شرکت‌ها
B.L	en	1906 San Francisco earthquake
B.L	en	ACE Surety
B.L	en	ASML Holding
B.L	en	AXA
B.L	en	AXA-Winterthur
B.L	en	AXA Assurcredit
B.L	en	AXIS Re
B.L	en	Adidas
B.L	en	Aegon
B.L	en	Afianzadora Latinoamericana
B.L	en	Ageas
B.L	en	Air Liquide
B.L	en	Aktiengesellschaft
B.L	en	Allianz
B.L	en	Allstate
B.L	en	American International Assurance
B.L	en	American International Group
B.L	en	Anheuser-Busch InBev
B.L	en	Aon plc
B.L	en	ArcelorMittal
B.L	en	Askrindo
B.L	en	Aspen Re Europe
B.L	en	Asset
B.L	en	Assicurazioni Generali
B.L	en	Atradius
B.L	en	Aviva
B.L	en	BASF
B.L	en	BBVA
B.L	en	BMW
B.L	en	BNP Paribas
B.L	en	Banco Santander
B.L	en	Bank
B.L	en	Bayer
B.L	en	Bayer AG
B.L	en	Beiersdorf
B.L	en	Berkshire Hathaway
B.L	en	BlackRock
B.L	en	Bupa
B.L	en	CESCE
B.L	en	CLAL Insurance Group
B.L	en	CNP Assurances
B.L	en	COSEC
B.L	en	CRH plc
B.L	en	Carrefour
B.L	en	Catlin Re
B.L	en	Chairman
B.L	en	Chief executive officer
B.L	en	China Life Insurance Company
B.L	en	China National Investment & Guaranty Company
B.L	en	China Pacific Insurance
B.L	en	China Taiping
B.L	en	Coface
B.L	en	Commerzbank
B.L	en	Continental AG
B.L	en	Credit Guarantee Insurance Company
B.L	en	DAX
B.L	en	Dai-ichi Life
B.L	en	Daimler AG
B.L	en	Deutsche Bank
B.L	en	Deutsche Börse
B.L	en	Deutsche Post
B.L	en	Deutsche Telekom
B.L	en	Ducroire/Delcredere
B.L	en	E.ON
B.L	en	ECICS
B.L	en	ERGO Insurance Group
B.L	en	Earnings before interest and taxes
B.L	en	Endurance Re
B.L	en	Enel
B.L	en	Eni
B.L	en	Equity (finance)
B.L	en	Essilor
B.L	en	Euler Hermes
B.L	en	Euro
B.L	en	Euro Stoxx 50
B.L	en	Farmers Insurance Group
B.L	en	Fianzas Atlas
B.L	en	Fianzas Monterrey
B.L	en	Financial Times
B.L	en	Financial services
B.L	en	Fondiaria-Sai
B.L	en	France Télécom
B.L	en	Frankfurt Stock Exchange
B.L	en	Free float
B.L	en	Fresenius (company)
B.L	en	Fresenius Medical Care
B.L	en	GDF Suez
B.L	en	Garant
B.L	en	Gen Re
B.L	en	German language
B.L	en	Germany
B.L	en	Great Eastern Life
B.L	en	Groupama
B.L	en	Groupe Danone
B.L	en	HCC International
B.L	en	Hannover Re
B.L	en	HeidelbergCement
B.L	en	Henkel
B.L	en	Hyundai Marine & Fire Insurance
B.L	en	ICIC
B.L	en	ICISA
B.L	en	ING Group
B.L	en	Iberdrola
B.L	en	If P&C Insurance
B.L	en	Inditex
B.L	en	Infineon Technologies
B.L	en	Institutional investor
B.L	en	Insurance
B.L	en	Insurance Australia Group
B.L	en	International Financial Reporting Standards
B.L	en	Intesa Sanpaolo
B.L	en	Investment management
B.L	en	Jackson National Life
B.L	en	Jonathan Borofsky
B.L	en	K+S
B.L	en	L'Oréal
B.L	en	LVMH
B.L	en	Lanxess
B.L	en	Legal & General
B.L	en	Leopoldstraße
B.L	en	Liberty Mutual
B.L	en	Life Insurance Corporation of India
B.L	en	Lincoln National Corporation
B.L	en	Lloyd's of London
B.L	en	Lombard Insurance Company
B.L	en	Lufthansa
B.L	en	Manulife Financial
B.L	en	Mapfre
B.L	en	Meiji Yasuda Life
B.L	en	Merck KGaA
B.L	en	MetLife
B.L	en	Mitsui Sumitomo
B.L	en	Mitsui Sumitomo Insurance Group
B.L	en	Munich
B.L	en	München
B.L	en	National Mutual Insurance Federation of Agricultural Cooperatives
B.L	en	Nationale Borg
B.L	en	Net income
B.L	en	New York Life Insurance Company
B.L	en	Nippon Life
B.L	en	Nokia
B.L	en	Northwestern Mutual
B.L	en	Novae Group plc
B.L	en	Old Mutual
B.L	en	Partner Re
B.L	en	People's Insurance Company of China
B.L	en	Philips
B.L	en	Phoenix Group (company)
B.L	en	Ping An Insurance
B.L	en	Powszechny Zakład Ubezpieczeń
B.L	en	Prisma
B.L	en	Prudential Financial
B.L	en	Prudential plc
B.L	en	QBE Insurance
B.L	en	R+V Re
B.L	en	RSA Insurance Group
B.L	en	RWE
B.L	en	Reinsurance
B.L	en	Reinsurance Group of America
B.L	en	Repsol S.A.
B.L	en	SACE BT
B.L	en	SAP AG
B.L	en	SCOR Global P&C SE
B.L	en	SID First Credit
B.L	en	Saint-Gobain
B.L	en	Samsung Fire & Marine Insurance
B.L	en	Samsung Life Insurance
B.L	en	Sanofi
B.L	en	Schneider Electric
B.L	en	Scor (company)
B.L	en	Scottish Widows
B.L	en	Seoul Guarantee Insurance Company
B.L	en	Siemens
B.L	en	Société Générale
B.L	en	Solunion
B.L	en	Sompo Japan
B.L	en	Standard Life
B.L	en	State Farm Insurance
B.L	en	Sumitomo Life
B.L	en	Sun Life Financial
B.L	en	Supervisory board
B.L	en	Swiss Life
B.L	en	Swiss Re
B.L	en	Taikang Life
B.L	en	Telefónica
B.L	en	The Guarantee Company of North America
B.L	en	The Hartford
B.L	en	The Linde Group
B.L	en	The Travelers Companies
B.L	en	ThyssenKrupp
B.L	en	Tokio Marine
B.L	en	Tokio Marine & Nichido Fire
B.L	en	Total S.A.
B.L	en	Tryg Garanti
B.L	en	Types of business entity
B.L	en	UniCredit
B.L	en	Unibail-Rodamco
B.L	en	Unilever
B.L	en	United India Insurance Company Limited
B.L	en	Vienna Insurance Group
B.L	en	Vinci (construction)
B.L	en	Vivendi
B.L	en	Volkswagen Group
B.L	en	Warren Buffett
B.L	en	XL Group
B.L	en	Xetra (trading system)
B.L	en	Zurich Insurance Group
B.L	en	Zurich Insurance plc
B.L	en	Zurich Surety, Credit & Political Risk
B.L	en	Zurich Surety UK
B.L	en	Template:DAX companies
B.L	en	Template:Euro Stoxx 50 Companies
B.L	en	Template:ICISA members
B.L	en	Template:Major insurance companies
B.L	en	Template:Portal/Images/Companies
B.L	en	Template talk:DAX companies
B.L	en	Template talk:Euro Stoxx 50 Companies
B.L	en	Template talk:ICISA members
B.L	en	Template talk:Major insurance companies
B.L	en	Portal:Companies
B.L	es	1880
B.L	es	AG
B.L	es	Alemania
B.L	es	Allianz
B.L	es	Atentados terroristas del 11 de septiembre de 2001
B.L	es	Bolsa de Fráncfort
B.L	es	Carl von Thieme
B.L	es	DAX
B.L	es	Euro
B.L	es	Euro Stoxx 50
B.L	es	ISBN
B.L	es	Industria
B.L	es	Múnich
B.L	es	Reaseguradora
B.L	es	Reaseguro
B.L	es	Sitio web
B.L	es	Sociedad anónima
B.L	es	Terremoto de San Francisco de 1906
B.L	es	Universidad de Cambridge
B.L	es	World Trade Center
B.L	es	Índice bursátil
B.L	es	Wikipedia:Texto de la Licencia Creative Commons Atribución-CompartirIgual 3.0 Unported
B.L	es	Wikipedia:Texto de la Licencia de documentación libre de GNU
B.L	da	1880
B.L	da	Adidas
B.L	da	Allianz
B.L	da	BASF
B.L	da	BMW
B.L	da	Bayer
B.L	da	Beiersdorf AG
B.L	da	Commerzbank
B.L	da	Continental AG
B.L	da	DAX
B.L	da	Daimler AG
B.L	da	Deutsche Bank
B.L	da	Deutsche Börse
B.L	da	Deutsche Post
B.L	da	Deutsche Telekom
B.L	da	E.ON
B.L	da	Ergo Versicherungsgruppe
B.L	da	Financial Times
B.L	da	Forsikringsselskab
B.L	da	Fresenius Medical Care
B.L	da	Fresenius SE
B.L	da	Genforsikring
B.L	da	HeidelbergCement
B.L	da	Henkel
B.L	da	Infineon Technologies
B.L	da	Jordskælvet i San Francisco 1906
B.L	da	K+S
B.L	da	Lanxess
B.L	da	Linde AG
B.L	da	Lufthansa
B.L	da	Merck KGaA
B.L	da	München
B.L	da	Omsætning
B.L	da	RWE
B.L	da	SAP AG
B.L	da	Siemens AG
B.L	da	Terrorangrebet den 11. september 2001
B.L	da	ThyssenKrupp
B.L	da	Tyskland
B.L	da	Volkswagen Aktiengesellschaft
B.L	da	World Trade Center
B.L	no	1880
B.L	no	Allianz
B.L	no	Carl von Thieme
B.L	no	München
B.L	no	Reassuranse
B.L	pl	1880
B.L	pl	Adidas
B.L	pl	Allianz
B.L	pl	BASF
B.L	pl	BMW
B.L	pl	Bayer AG
B.L	pl	Beiersdorf AG
B.L	pl	Branża
B.L	pl	Commerzbank
B.L	pl	DAX
B.L	pl	Daimler AG
B.L	pl	Deutsche Bank
B.L	pl	Deutsche Börse
B.L	pl	Deutsche Post
B.L	pl	Deutsche Telekom
B.L	pl	Dochód
B.L	pl	E.ON
B.L	pl	Ergo
B.L	pl	Fresenius
B.L	pl	Fresenius Medical Care
B.L	pl	Henkel
B.L	pl	Infineon
B.L	pl	International Securities Identification Number
B.L	pl	K+S
B.L	pl	Kapitał zakładowy
B.L	pl	Klęska żywiołowa
B.L	pl	Linde AG
B.L	pl	Lufthansa
B.L	pl	MAN SE
B.L	pl	Merck KGaA
B.L	pl	Metro Group
B.L	pl	Monachium
B.L	pl	New York Stock Exchange
B.L	pl	Niemcy
B.L	pl	Odpowiedzialność cywilna
B.L	pl	Produkt (marketing)
B.L	pl	Przychód (ekonomia)
B.L	pl	RWE (koncern)
B.L	pl	Reasekuracja
B.L	pl	SAP AG
B.L	pl	Salzgitter AG
B.L	pl	Siemens AG
B.L	pl	ThyssenKrupp
B.L	pl	Ubezpieczenie (umowa)
B.L	pl	Ubezpieczyciel
B.L	pl	Usługa finansowa
B.L	pl	Volkswagen AG
B.L	pl	Zatrudnienie
B.L	pl	Żegluga
B.L	pl	Szablon:DAX
B.L	pl	Dyskusja szablonu:DAX
B.L	lt	Adidas
B.L	lt	Allianz
B.L	lt	BASF
B.L	lt	BMW
B.L	lt	Bayer
B.L	lt	Beiersdorf
B.L	lt	Commerzbank
B.L	lt	DAX
B.L	lt	Daimler AG
B.L	lt	Deutsche Bank
B.L	lt	Deutsche Börse
B.L	lt	Deutsche Post
B.L	lt	Deutsche Telekom
B.L	lt	Draudimas
B.L	lt	E.ON
B.L	lt	ERGO
B.L	lt	Fresenius (company)
B.L	lt	Fresenius Medical Care
B.L	lt	HeidelbergCement
B.L	lt	Henkel
B.L	lt	Infineon Technologies
B.L	lt	K+S
B.L	lt	Lufthansa
B.L	lt	MAN SE
B.L	lt	Merck KGaA
B.L	lt	Metro AG
B.L	lt	Perdraudimas
B.L	lt	RWE
B.L	lt	SAP AG
B.L	lt	Siemens
B.L	lt	The Linde Group
B.L	lt	ThyssenKrupp
B.L	lt	Vokietija
B.L	lt	Volkswagen Group
B.L	lt	Šablonas:DAX companies
B.L	lt	Šablono aptarimas:DAX companies
B.L	nl	11 september
B.L	nl	1880
B.L	nl	1906
B.L	nl	2001
B.L	nl	Adidas
B.L	nl	Allianz
B.L	nl	Allianz AG
B.L	nl	BASF (chemieconcern)
B.L	nl	BMW
B.L	nl	Bayer
B.L	nl	Beiersdorf AG
B.L	nl	Carl Thieme
B.L	nl	Commerzbank
B.L	nl	Continental AG
B.L	nl	DAX-index
B.L	nl	Daimler (Duitsland)
B.L	nl	Deutsche Bank
B.L	nl	Deutsche Börse
B.L	nl	Deutsche Post
B.L	nl	Deutsche Telekom
B.L	nl	E.ON
B.L	nl	Fresenius
B.L	nl	Fresenius Medical Care
B.L	nl	HeidelbergCement
B.L	nl	Henkel KGaA
B.L	nl	Herverzekeraar
B.L	nl	Infineon
B.L	nl	K+S
B.L	nl	Lanxess
B.L	nl	Linde AG
B.L	nl	Lufthansa
B.L	nl	Merck KGaA
B.L	nl	München
B.L	nl	New York City
B.L	nl	RWE (energie)
B.L	nl	SAP AG
B.L	nl	San Francisco
B.L	nl	Schadedossier
B.L	nl	Siemens AG
B.L	nl	Terroristische aanslag
B.L	nl	ThyssenKrupp
B.L	nl	Volkswagen AG
B.L	nl	World Trade Center (New York)
B.L	ko	12월 31일
B.L	ko	1888년
B.L	ko	1999년
B.L	ko	2001년
B.L	ko	4월 1일
B.L	ko	7월 1일
B.L	ko	7월 28일
B.L	ko	8월 1일
B.L	ko	BASF
B.L	ko	BMW
B.L	ko	DAX
B.L	ko	E.ON
B.L	ko	K+S
B.L	ko	MAN SE
B.L	ko	RWE
B.L	ko	SAP AG
B.L	ko	다임러 AG
B.L	ko	도이체 방크
B.L	ko	도이체 뵈르제
B.L	ko	도이체 텔레콤
B.L	ko	도이체 포스트
B.L	ko	독일
B.L	ko	독일어
B.L	ko	루프트한자
B.L	ko	린데 AG
B.L	ko	메르크
B.L	ko	메트로 AG
B.L	ko	뮌헨
B.L	ko	바이어스도르프
B.L	ko	바이엘 (기업)
B.L	ko	아디다스
B.L	ko	알리안츠
B.L	ko	인피니온 테크놀로지스
B.L	ko	재보험
B.L	ko	지멘스 AG
B.L	ko	코메르츠방크
B.L	ko	티센크루프
B.L	ko	폭스바겐 AG
B.L	ko	프랑크푸르트 증권거래소
B.L	ko	프레제니우스 (기업)
B.L	ko	프레제니우스 메디컬 케어
B.L	ko	하이델베르그시멘트
B.L	ko	헨켈
B.L	ko	틀:DAX
B.L	ko	틀토론:DAX
B.L	id	1880
B.L	id	2006
B.L	id	Aktiengesellschaft
B.L	id	Asuransi
B.L	id	Bahasa Jerman
B.L	id	Chief executive officer
B.L	id	Incorporation
B.L	id	Insurance
B.L	id	International Securities Identifying Number
B.L	id	Jenis entitas bisnis
B.L	id	Jerman
B.L	id	Korporasi
B.L	id	Munich
B.L	id	Nikolaus von Bomhard
B.L	id	Perusahaan
B.L	id	Perusahaan (hukum)
B.L	id	Reinsurance
B.L	id	Wikipedia:Rintisan
B.L	it	1880
B.L	it	19 aprile
B.L	it	Adidas
B.L	it	Allianz
B.L	it	Assicurazione
B.L	it	BASF
B.L	it	BMW
B.L	it	Bayer
B.L	it	Beiersdorf (azienda)
B.L	it	Blue chip
B.L	it	Borsa Italiana
B.L	it	Borsa di Francoforte
B.L	it	Borsa valori
B.L	it	Commerzbank
B.L	it	DAX 30
B.L	it	Daimler (azienda)
B.L	it	Deutsche Bank
B.L	it	Deutsche Börse
B.L	it	Deutsche Post
B.L	it	Deutsche Telekom
B.L	it	E.ON
B.L	it	ERGO Italia
B.L	it	Fresenius
B.L	it	Fresenius Medical Care
B.L	it	Germania
B.L	it	Gruppo Volkswagen
B.L	it	Heidelberg Cement
B.L	it	Henkel
B.L	it	Impresa
B.L	it	Indice azionario
B.L	it	Infineon Technologies
B.L	it	K+S
B.L	it	Linde AG
B.L	it	Lufthansa
B.L	it	MAN SE
B.L	it	Merck KGaA
B.L	it	Metro (azienda)
B.L	it	Monaco di Baviera
B.L	it	Nikolaus von Bomhard
B.L	it	Presidente del consiglio di gestione
B.L	it	Presidente del consiglio di sorveglianza
B.L	it	RWE (azienda)
B.L	it	Riassicurazione
B.L	it	SAP (azienda)
B.L	it	Servizi finanziari
B.L	it	Siemens (azienda)
B.L	it	Sito web
B.L	it	Società Europea
B.L	it	Stato
B.L	it	ThyssenKrupp
B.L	it	Template:Aziende DAX 30
B.L	it	Discussioni template:Aziende DAX 30
B.L	vi	1880
B.L	vi	Allianz
B.L	vi	Ban kiểm soát (công ty)
B.L	vi	Bảo hiểm
B.L	vi	Canada
B.L	vi	Canary Wharf
B.L	vi	Carl von Thieme
B.L	vi	Công nghiệp
B.L	vi	Công ty đại chúng
B.L	vi	Doanh thu
B.L	vi	Financial Times
B.L	vi	Hoa Kỳ
B.L	vi	Hội đồng quản trị
B.L	vi	Khu vực tài chính
B.L	vi	Luân Đôn
B.L	vi	Lợi nhuận trước lãi vay và thuế
B.L	vi	München
B.L	vi	New Jersey
B.L	vi	Princeton
B.L	vi	Quản lý đầu tư
B.L	vi	Sàn giao dịch chứng khoán Frankfurt
B.L	vi	Sản phẩm
B.L	vi	Sự kiện 11 tháng 9
B.L	vi	Thành phố New York
B.L	vi	Tiếng Đức
B.L	vi	Toronto
B.L	vi	Trung tâm Thương mại Thế giới
B.L	vi	Tài sản
B.L	vi	Tái bảo hiểm
B.L	vi	Tổng giám đốc điều hành
B.L	vi	Vương quốc Liên hiệp Anh và Bắc Ireland
B.L	vi	Website
B.L	vi	Động đất ở San Francisco năm 1906
B.L	vi	Đức
B.L	tr	11 Eylül
B.L	tr	1880
B.L	tr	2001
B.L	tr	2006
B.L	tr	Allianz
B.L	tr	Almanca
B.L	tr	Almanya
B.L	tr	Avro
B.L	tr	Carl Thieme
B.L	tr	Dünya Ticaret Merkezi
B.L	tr	Münih
B.L	tr	Reasürans
B.L	tr	Sigorta
B.L	tr	Türkiye
B.L	sv	Adidas
B.L	sv	Allianz
B.L	sv	BASF
B.L	sv	BMW
B.L	sv	Bayer AG
B.L	sv	Beiersdorf AG
B.L	sv	Commerzbank
B.L	sv	Daimler AG
B.L	sv	Deutsche Bank
B.L	sv	Deutsche Börse
B.L	sv	Deutsche Post
B.L	sv	Deutsche Telekom
B.L	sv	Deutscher Aktienindex
B.L	sv	E.ON
B.L	sv	Fresenius
B.L	sv	Fresenius Medical Care
B.L	sv	Företag
B.L	sv	Försäkring
B.L	sv	Hannover Re
B.L	sv	Henkel
B.L	sv	Infineon
B.L	sv	K+S
B.L	sv	Linde AG
B.L	sv	Lufthansa
B.L	sv	MAN AG
B.L	sv	Merck KGaA
B.L	sv	Metro AG
B.L	sv	München
B.L	sv	RWE
B.L	sv	SAP AG
B.L	sv	Siemens AG
B.L	sv	ThyssenKrupp
B.L	sv	Tyskland
B.L	sv	Volkswagen AG
B.L	sv	Återförsäkring
B.L	sv	Wikipedia:Stubbar
B.L	sv	Mall:DAX
B.L	sv	Malldiskussion:DAX
B.L	ru	1880
B.L	ru	2007 год
B.L	ru	2010 год
B.L	ru	AXA
B.L	ru	Adidas
B.L	ru	Aegon
B.L	ru	Air Liquide
B.L	ru	Alcatel-Lucent
B.L	ru	Allianz
B.L	ru	ArcelorMittal
B.L	ru	Assicurazioni Generali
B.L	ru	BASF
B.L	ru	BBVA
B.L	ru	BMW
B.L	ru	BNP Paribas
B.L	ru	Bayer
B.L	ru	Beiersdorf
B.L	ru	Bertrandt
B.L	ru	Carrefour
B.L	ru	Commerzbank
B.L	ru	Crédit Agricole
B.L	ru	DAX
B.L	ru	Daimler
B.L	ru	Danone
B.L	ru	Deutsche Bank
B.L	ru	Deutsche Börse
B.L	ru	Deutsche Post AG
B.L	ru	Deutsche Telekom
B.L	ru	Dow Jones Euro Stoxx 50
B.L	ru	E.ON
B.L	ru	ENEL
B.L	ru	Eni
B.L	ru	Fortis
B.L	ru	France Télécom
B.L	ru	Fresenius
B.L	ru	Fresenius SE
B.L	ru	GDF Suez
B.L	ru	Grupo Santander
B.L	ru	Hannover Re
B.L	ru	Henkel
B.L	ru	ING Groep N.V.
B.L	ru	Iberdrola
B.L	ru	Intesa Sanpaolo
B.L	ru	K+S
B.L	ru	L'Oréal
B.L	ru	LVMH
B.L	ru	Lufthansa
B.L	ru	MAN
B.L	ru	Merck KGaA
B.L	ru	Metro AG
B.L	ru	Nokia
B.L	ru	Philips
B.L	ru	RWE
B.L	ru	Renault
B.L	ru	Repsol YPF
B.L	ru	SAP
B.L	ru	Saint-Gobain
B.L	ru	Salzgitter AG
B.L	ru	Sanofi-Aventis
B.L	ru	Schneider Electric
B.L	ru	Siemens
B.L	ru	Société Générale
B.L	ru	Telecom Italia
B.L	ru	Telefónica
B.L	ru	The Linde Group
B.L	ru	ThyssenKrupp
B.L	ru	Total
B.L	ru	UniCredit
B.L	ru	Unilever
B.L	ru	Vinci
B.L	ru	Vivendi
B.L	ru	Volkswagen Group
B.L	ru	XXI
B.L	ru	Выручка
B.L	ru	Германия
B.L	ru	Листинг (экономика)
B.L	ru	Мюнхен
B.L	ru	Перестрахование
B.L	ru	Перестраховочная компания
B.L	ru	Публичная компания
B.L	ru	Сайт
B.L	ru	Сан-Франциско
B.L	ru	Страховой рынок
B.L	ru	Франкфуртская фондовая биржа
B.L	ru	Чистая прибыль
B.L	ru	Юридическое лицо
B.L	ro	2006
B.L	ro	Companie
B.L	ro	Corporație
B.L	ro	Germania
B.L	ro	Wikipedia:Articolul ciot perfect
B.L	ro	Wikipedia:Găsește și repară un ciot
B.L	pt	1880
B.L	pt	1906
B.L	pt	Adidas
B.L	pt	Aktiengesellschaft
B.L	pt	Alemanha
B.L	pt	Allianz
B.L	pt	Asset Management
B.L	pt	Ataques de 11 de setembro
B.L	pt	BASF
B.L	pt	BMW
B.L	pt	Bayer
B.L	pt	Beiersdorf
B.L	pt	Carl Thieme
B.L	pt	Chief executive officer
B.L	pt	Commerzbank
B.L	pt	Continental AG
B.L	pt	DAX-30
B.L	pt	Daimler AG
B.L	pt	Deutsche Bank
B.L	pt	Deutsche Börse
B.L	pt	Deutsche Post
B.L	pt	Deutsche Telekom
B.L	pt	E.ON
B.L	pt	ERGO Insurance Group
B.L	pt	Empresa
B.L	pt	Fresenius
B.L	pt	Fresenius Medical Care
B.L	pt	Grupo Volkswagen
B.L	pt	HeidelbergCement
B.L	pt	Henkel
B.L	pt	Incorporation
B.L	pt	Infineon Technologies
B.L	pt	K+S
B.L	pt	Linde AG
B.L	pt	Lufthansa
B.L	pt	Língua alemã
B.L	pt	Língua inglesa
B.L	pt	MAN SE
B.L	pt	METRO AG
B.L	pt	Merck KGaA
B.L	pt	Munique
B.L	pt	New York City
B.L	pt	Nikolaus von Bomhard
B.L	pt	RWE
B.L	pt	Resseguro
B.L	pt	SAP AG
B.L	pt	Siemens AG
B.L	pt	Tecnologia da Informação
B.L	pt	Terremoto de São Francisco
B.L	pt	ThyssenKrupp
B.L	pt	World Trade Center
B.L	pt	Wikipédia:Esboço
B.L	pt	Predefinição:DAX
CN	de	Munich_Re
IWL	fi	Munich Re
IWL	fr	Munich Re
IWL	fa	میونیک ره
IWL	en	Munich Re
IWL	es	Münchener Rück
IWL	da	Munich Re
IWL	no	Münchener Rück
IWL	pl	Munich Re
IWL	lt	Munich Re
IWL	nl	Münchener Rück
IWL	ko	뮤닉 리
IWL	id	Munich Re
IWL	it	Munich Re
IWL	vi	Munich Re
IWL	tr	Munich Re
IWL	sv	Munich Re
IWL	ru	Munich Re
IWL	ro	Münchener Rück
IWL	pt	Munich Re
