A.L	de	Aachen
A.L	de	Abgeordnete
A.L	de	Abgeordnetenbestechung
A.L	de	Abgeordnetenhaus von Berlin
A.L	de	Adobe Flash
A.L	de	Afrika
A.L	de	Amerika
A.L	de	Amtshilfe
A.L	de	Andreas Baum
A.L	de	Angelika Beer
A.L	de	Anke Domscheit-Berg
A.L	de	Anne Helm
A.L	de	Anonymous (Kollektiv)
A.L	de	Antifa
A.L	de	Antisemitismus (nach 1945)
A.L	de	Arbeit für Bremen und Bremerhaven
A.L	de	Asien
A.L	de	Astrid Geisler (Journalistin)
A.L	de	Atomausstieg
A.L	de	Baden-Württemberg
A.L	de	Bayerisches Staatsministerium der Justiz und für Verbraucherschutz
A.L	de	Bayern
A.L	de	Bayernpartei
A.L	de	Bedingungsloses Grundeinkommen
A.L	de	Beischlaf zwischen Verwandten
A.L	de	Beisitzer
A.L	de	Berlin
A.L	de	Bernd Schlömer
A.L	de	Bewegungsprofil
A.L	de	Bezirk Bergedorf
A.L	de	Bezirk Hamburg-Mitte
A.L	de	Bezirksverordnetenversammlung
A.L	de	Bezirksversammlung
A.L	de	Bielefeld
A.L	de	Bingen am Rhein
A.L	de	Binnen-I
A.L	de	Biologistisch
A.L	de	Bochum
A.L	de	Brandenburg
A.L	de	Braunschweig
A.L	de	Bremen
A.L	de	Bremer Demokratische Volkspartei
A.L	de	Bremer Grüne Liste
A.L	de	Bremerhaven
A.L	de	Bruno Kramm
A.L	de	Bundesgeschäftsführer
A.L	de	Bundeskriminalamt (Deutschland)
A.L	de	Bundestagswahl 2009
A.L	de	Bündnis 90/Die Grünen
A.L	de	Bürger in Wut
A.L	de	Bürgerrecht
A.L	de	Bürgerschaftswahl in Bremen 2011
A.L	de	Bürgerschaftswahl in Hamburg 2008
A.L	de	Bürgerschaftswahl in Hamburg 2011
A.L	de	C-base
A.L	de	Causa Bodo Thiesen
A.L	de	Chaos Computer Club
A.L	de	Chemnitz
A.L	de	Christian Engström
A.L	de	Christlich-Soziale Union in Bayern
A.L	de	Christlich Demokratische Union Deutschlands
A.L	de	Christliche Volkspartei des Saarlandes
A.L	de	Christof Leng
A.L	de	Christoph Bieber
A.L	de	Christopher Lauer
A.L	de	Cicero (Zeitschrift)
A.L	de	Claus Leggewie
A.L	de	Daniel Domscheit-Berg
A.L	de	Datenschutz
A.L	de	Datensicherheit
A.L	de	Delegated Voting
A.L	de	Demokratie Jetzt
A.L	de	Demokratische Partei (Baden)
A.L	de	Demokratische Partei Saar
A.L	de	Demokratische Volkspartei
A.L	de	Deutsche Demokratische Union
A.L	de	Deutsche Konservative Partei – Deutsche Rechtspartei
A.L	de	Deutsche Partei
A.L	de	Deutsche Reichspartei
A.L	de	Deutsche Volksunion
A.L	de	Deutsche Zentrumspartei
A.L	de	Deutscher Bundestag
A.L	de	Deutschland
A.L	de	Die Grünen/Europäische Freie Allianz im Europäischen Parlament
A.L	de	Die Linke
A.L	de	Die Republikaner
A.L	de	Die Zeit
A.L	de	Digital Native
A.L	de	Digitale Rechteverwaltung
A.L	de	Digitale Revolution
A.L	de	Direkte Demokratie
A.L	de	Dirk Hillbrecht
A.L	de	Disclaimer
A.L	de	Diskriminierung
A.L	de	Distributed Denial of Service
A.L	de	Dänen-Ampel
A.L	de	E-Book-Reader
A.L	de	ESM-Vertrag
A.L	de	Eberhard Karls Universität Tübingen
A.L	de	Ehe
A.L	de	Ehernes Gesetz der Oligarchie
A.L	de	Ehrenamt
A.L	de	Eingetragene Partnerschaft
A.L	de	Eixen
A.L	de	Elektronische Gesundheitskarte
A.L	de	Energiepolitik
A.L	de	Ergebnisse der Bundestagswahlen
A.L	de	Ergebnisse der Landtagswahlen in der Bundesrepublik Deutschland
A.L	de	Erneuerbare Energie
A.L	de	Esperanto
A.L	de	EtherPad
A.L	de	Europa
A.L	de	Europaparlament
A.L	de	Europawahl
A.L	de	Europawahl in Deutschland 2009
A.L	de	Europäische Piraten
A.L	de	Europäische Union
A.L	de	Europäisches Parlament
A.L	de	Fernmeldegeheimnis
A.L	de	Filesharing
A.L	de	Form (Recht)
A.L	de	Forsa
A.L	de	Forsa-Institut
A.L	de	Fraktionsgemeinschaft
A.L	de	Fraktionsloser Abgeordneter
A.L	de	Fraktionsvorsitzender
A.L	de	Frankfurt am Main
A.L	de	Frauenquote
A.L	de	Freie Demokratische Partei
A.L	de	Freie Hansestadt Bremen
A.L	de	Freie Wähler (Bundesvereinigung)
A.L	de	Freie Wähler Hessen
A.L	de	Friedrich-Ebert-Stiftung
A.L	de	Friedrich-Schiller-Universität Jena
A.L	de	Fünf-Prozent-Hürde
A.L	de	Fünf-Prozent-Hürde in Deutschland
A.L	de	Geheimdienst
A.L	de	Gemeinsame Normdatei
A.L	de	Gender
A.L	de	Generalsekretär
A.L	de	Generation C64
A.L	de	Generisches Maskulinum
A.L	de	Gerhard Anger
A.L	de	Gesamtdeutsche Partei
A.L	de	Gesamtdeutscher Block/Bund der Heimatvertriebenen und Entrechteten
A.L	de	Geschlechtergerechte Sprache
A.L	de	Grundrechte (Deutschland)
A.L	de	Grüne Jugend
A.L	de	Gulli.com
A.L	de	Göttingen
A.L	de	Günther Jauch (Fernsehsendung)
A.L	de	Hamburg
A.L	de	Hamburg-Block
A.L	de	Handelsblatt
A.L	de	Hannover
A.L	de	Hanns-Seidel-Stiftung
A.L	de	Hegemonie
A.L	de	Heidenheim an der Brenz
A.L	de	Herbert Rusche
A.L	de	Hessen
A.L	de	Hochschulgruppe
A.L	de	Ilmenau
A.L	de	Informationsfreiheit
A.L	de	Informationsgesellschaft
A.L	de	Internet der Dinge
A.L	de	Internetkriminalität
A.L	de	Islamfeindlichkeit
A.L	de	Jan Niklas Fingerle
A.L	de	Jena
A.L	de	Jens Seipenbusch
A.L	de	Johannes Gutenberg-Universität Mainz
A.L	de	Johannes Ponader
A.L	de	Jugendorganisation
A.L	de	Julia Schramm
A.L	de	Junge Freiheit
A.L	de	Junge Piraten
A.L	de	Jörg Tauss
A.L	de	Kalózpárt
A.L	de	Karlsruher Institut für Technologie
A.L	de	Katharina Nocun
A.L	de	Ken Jebsen
A.L	de	Kernenergie
A.L	de	Kerntechnische Anlage
A.L	de	Kinderpornografie
A.L	de	Kommunalparlament
A.L	de	Kommunalwahlen in Hessen 2011
A.L	de	Kommunalwahlen in Mecklenburg-Vorpommern 2011
A.L	de	Kommunalwahlen in Niedersachsen 2011
A.L	de	Kommunalwahlen in Nordrhein-Westfalen 2009
A.L	de	Kommunistische Partei Deutschlands
A.L	de	Kommunistische Partei Saar
A.L	de	Konrad-Adenauer-Stiftung
A.L	de	Land (Deutschland)
A.L	de	Landesparlament
A.L	de	Landkreis Darmstadt-Dieburg
A.L	de	Landkreis Friesland
A.L	de	Landkreis Offenbach
A.L	de	Landkreis Vorpommern-Greifswald
A.L	de	Landrat (Deutschland)
A.L	de	Landtag Hessen
A.L	de	Landtag Mecklenburg-Vorpommern
A.L	de	Landtag Nordrhein-Westfalen
A.L	de	Landtag Sachsen-Anhalt
A.L	de	Landtag Schleswig-Holstein
A.L	de	Landtag des Saarlandes
A.L	de	Landtag von Baden-Württemberg
A.L	de	Landtagswahl Schleswig-Holstein 2012
A.L	de	Landtagswahl im Saarland 2009
A.L	de	Landtagswahl im Saarland 2012
A.L	de	Landtagswahl in Baden-Württemberg 2011
A.L	de	Landtagswahl in Bayern 2008
A.L	de	Landtagswahl in Brandenburg 2009
A.L	de	Landtagswahl in Hessen 2008
A.L	de	Landtagswahl in Hessen 2009
A.L	de	Landtagswahl in Mecklenburg-Vorpommern 2011
A.L	de	Landtagswahl in Niedersachsen 2008
A.L	de	Landtagswahl in Niedersachsen 2013
A.L	de	Landtagswahl in Nordrhein-Westfalen 2010
A.L	de	Landtagswahl in Nordrhein-Westfalen 2012
A.L	de	Landtagswahl in Rheinland-Pfalz 2011
A.L	de	Landtagswahl in Sachsen-Anhalt 2011
A.L	de	Landtagswahl in Sachsen 2009
A.L	de	Landtagswahl in Schleswig-Holstein 2009
A.L	de	Landtagswahl in Schleswig-Holstein 2012
A.L	de	Landtagswahl in Thüringen 2009
A.L	de	Landtagswahlen (Niedersachsen)
A.L	de	Landtagswahlen (Saarland)
A.L	de	Landtagswahlergebnisse aus Nordrhein-Westfalen
A.L	de	Landtagswahlkreis Karlsruhe I
A.L	de	Lauschangriff
A.L	de	Libertarismus
A.L	de	Linksliberalismus
A.L	de	LiquidFeedback
A.L	de	LiquidFriesland
A.L	de	Liquid Democracy
A.L	de	Liquid Feedback
A.L	de	Liste der Landtagswahlergebnisse in Bayern
A.L	de	Löschen statt Sperren
A.L	de	Manfred Güllner
A.L	de	Marina Weisband
A.L	de	Martin Haase
A.L	de	Massenmedien
A.L	de	Matthias Schrade
A.L	de	Mecklenburg-Vorpommern
A.L	de	Medienkompetenz
A.L	de	Meinungsfreiheit
A.L	de	Meinungsvielfalt
A.L	de	Mitglied des Deutschen Bundestages
A.L	de	Mitglied des Europäischen Parlaments
A.L	de	Musikindustrie
A.L	de	Münster (Westfalen)
A.L	de	Nachhaltigkeit
A.L	de	Nationaldemokratische Partei Deutschlands
A.L	de	Netzpolitik
A.L	de	Neues Forum
A.L	de	Neumarkt in der Oberpfalz
A.L	de	Neumünster
A.L	de	Nichtwähler
A.L	de	Niedersachsen
A.L	de	Nordrhein-Westfalen
A.L	de	Offenbach am Main
A.L	de	Ogg
A.L	de	Oldenburg (Oldenburg)
A.L	de	Oligarchie
A.L	de	Online-Durchsuchung (Deutschland)
A.L	de	Open Access
A.L	de	Orange (Farbe)
A.L	de	Oskar Niedermayer
A.L	de	Osnabrück
A.L	de	Ozeanien
A.L	de	Partei Rechtsstaatlicher Offensive
A.L	de	Parteienfinanzierung
A.L	de	Parteienfinanzierung (Deutschland)
A.L	de	Parti Pirate
A.L	de	Partido Pirata
A.L	de	Partido Pirata Português
A.L	de	Partito Pirata Italiano
A.L	de	Patent
A.L	de	Patrick Schiffer
A.L	de	Pervasive Computing
A.L	de	Piratas de Galicia
A.L	de	Pirate Parties International
A.L	de	Pirate Party Australia
A.L	de	Pirate Party Belgium
A.L	de	Pirate Party UK
A.L	de	Pirate Party of Canada
A.L	de	Piraten Partei Tirol
A.L	de	Piratenpartei
A.L	de	Piratenpartei (Finnland)
A.L	de	Piratenpartei Berlin
A.L	de	Piratenpartei Deutschland
A.L	de	Piratenpartei Griechenlands
A.L	de	Piratenpartei Israel
A.L	de	Piratenpartei Nordrhein-Westfalen
A.L	de	Piratenpartei Saarland
A.L	de	Piratenpartei Schleswig-Holstein
A.L	de	Piratenpartei Schweiz
A.L	de	Piratenpartei Österreichs
A.L	de	Piratenparteien
A.L	de	Piratenpartij
A.L	de	Piratepartei Lëtzebuerg
A.L	de	Pirates de Catalunya
A.L	de	Piratpartiet
A.L	de	Piratpartiet (Dänemark)
A.L	de	Piratpartiet (Norwegen)
A.L	de	Piratska stranka
A.L	de	Politik & Kommunikation
A.L	de	Politik in Hamburg
A.L	de	Politische Parteien in Deutschland
A.L	de	Politische Rechte (Politik)
A.L	de	Politisches Spektrum
A.L	de	Postgender
A.L	de	Privatkopie
A.L	de	Privatsphäre
A.L	de	Progressivismus
A.L	de	Protestpartei
A.L	de	Píratar
A.L	de	RFID
A.L	de	Rassismus
A.L	de	Rasterfahndung
A.L	de	Rechenschaftsbericht
A.L	de	Rechtsextremismus
A.L	de	Regelschutzfrist
A.L	de	Regierungsbezirk Karlsruhe
A.L	de	Reisepass
A.L	de	Rentnerinnen- und Rentner-Partei
A.L	de	Revisionismus
A.L	de	Rheinland-Pfalz
A.L	de	Rheinland-Pfälzischer Landtag
A.L	de	Rundfunk Berlin-Brandenburg
A.L	de	SPD
A.L	de	Sachsen
A.L	de	Sachsen-Anhalt
A.L	de	Schleswig-Holsteinische Gemeinschaft
A.L	de	Schleswig-Holsteinischer Landtag
A.L	de	Sebastian Nerz
A.L	de	Segregation (Soziologie)
A.L	de	Semantisches Web
A.L	de	Sexismus
A.L	de	Slovenská Pirátska Strana
A.L	de	Software
A.L	de	Sozialdemokratische Partei Deutschlands
A.L	de	Sozialdemokratische Partei des Saarlandes
A.L	de	Sozialistische Reichspartei
A.L	de	Sperrung von Webseiten in Deutschland
A.L	de	Spiegel
A.L	de	Spiegel Online
A.L	de	Spitzenkandidat
A.L	de	StGB
A.L	de	Statt Partei
A.L	de	Stern (Zeitschrift)
A.L	de	Stockheim (Oberfranken)
A.L	de	Strafprozess (Deutschland)
A.L	de	Strausberg
A.L	de	Studiengebühren
A.L	de	Studierendenvertretung
A.L	de	Susanne Wiest
A.L	de	Sven Ambrosy
A.L	de	Sven Schomacker
A.L	de	Sven Stückelschweiger
A.L	de	Südschleswigscher Wählerverband
A.L	de	The Pirate Party of New Zealand
A.L	de	Themenpartei
A.L	de	Thüringen
A.L	de	Transparenz (Politik)
A.L	de	Tunesische Piratenpartei
A.L	de	UN-Konvention gegen Korruption
A.L	de	Ubiquitous Computing
A.L	de	Udo Vetter
A.L	de	Umweltpolitik
A.L	de	Universität Ulm
A.L	de	Unschuldsvermutung
A.L	de	Urheberrecht
A.L	de	Vaterstädtischer Bund Hamburg
A.L	de	Versammlungsfreiheit
A.L	de	Verwenden von Kennzeichen verfassungswidriger Organisationen
A.L	de	Verwertungsgesellschaft
A.L	de	Videoüberwachung
A.L	de	Virtual International Authority File
A.L	de	Vorratsdatenspeicherung
A.L	de	Wahl zum Abgeordnetenhaus von Berlin 2011
A.L	de	Wahlen zum Brandenburger Landtag
A.L	de	Wahlergebnisse und Landesregierungen in Sachsen
A.L	de	Wahlergebnisse und Landesregierungen in Thüringen
A.L	de	Wahlergebnisse und Senate in Bremen
A.L	de	Wahlmaschine
A.L	de	Whistleblower
A.L	de	Wiesbaden
A.L	de	Wiki
A.L	de	Wirtschaftliche Aufbau-Vereinigung (Partei)
A.L	de	Wirtschaftsliberalismus
A.L	de	Wirtschaftspolitik
A.L	de	Wirtschaftswoche
A.L	de	Wolfgang Dudda
A.L	de	Wolfgang Gründinger
A.L	de	Wolfsburg
A.L	de	YouTube
A.L	de	Zensur im Internet
A.L	de	Zugangserschwerungsgesetz
A.L	de	Ökologische Linke
A.L	de	Česká pirátská strana
A.L	de	Vorlage:Parteien in deutschen Parlamenten
A.L	de	Vorlage Diskussion:Parteien in deutschen Parlamenten
B.L	ga	2006
B.L	ga	An Ghearmáin
B.L	ga	Beirlín
B.L	ga	Cómhaoin Wikimedia
B.L	ga	Páirtí polaitíochta
B.L	ga	Sebastian Nerz
B.L	fi	Berliini
B.L	fi	Bernd Schlömer
B.L	fi	Junge Piraten
B.L	fi	Piraattipuolue (Ruotsi)
B.L	fi	Pirate Parties International
B.L	fi	Politiikka
B.L	fi	Saksa
B.L	fi	Wikipedia:Tynkä
B.L	fi	Luokka:Politiikkatyngät
B.L	fr	10 septembre
B.L	fr	2006
B.L	fr	2008
B.L	fr	2009
B.L	fr	2010
B.L	fr	2011
B.L	fr	2012
B.L	fr	2013
B.L	fr	AFP
B.L	fr	Agence France-Presse
B.L	fr	Agence télégraphique suisse
B.L	fr	Allemand
B.L	fr	Allocation universelle
B.L	fr	Arte
B.L	fr	Berlin
B.L	fr	Bernd Schlömer
B.L	fr	Bundestag
B.L	fr	Chambre des députés de Berlin
B.L	fr	Christof Leng
B.L	fr	Christopher Lauer
B.L	fr	Couleur politique
B.L	fr	Dirk Hillbrecht
B.L	fr	Euronews
B.L	fr	France Culture
B.L	fr	Hesse (Land)
B.L	fr	Jens Seipenbusch
B.L	fr	Johannes Ponader
B.L	fr	Julia Schramm
B.L	fr	Junge Piraten
B.L	fr	Klaus Peukert
B.L	fr	Landtag
B.L	fr	Le Figaro
B.L	fr	Liberté d'accès aux documents administratifs
B.L	fr	Liste des partis pirates
B.L	fr	Länder
B.L	fr	Marina Weisband
B.L	fr	Markus Barenhoff
B.L	fr	Matthias Schrade
B.L	fr	Offenbach am Main
B.L	fr	Orange (couleur)
B.L	fr	PP International
B.L	fr	Parti pirate
B.L	fr	Parti pirate (Autriche)
B.L	fr	Parti pirate (Belgique)
B.L	fr	Parti pirate (Canada)
B.L	fr	Parti pirate (France)
B.L	fr	Parti pirate (Luxembourg)
B.L	fr	Parti pirate (Maroc)
B.L	fr	Parti pirate (République tchèque)
B.L	fr	Parti pirate (Suisse)
B.L	fr	Parti pirate (Suède)
B.L	fr	Parti pirate (Tunisie)
B.L	fr	Parti pirate international
B.L	fr	Parti pirate tunisien
B.L	fr	Parti politique
B.L	fr	Parti social-démocrate d'Allemagne
B.L	fr	Pédopornographie
B.L	fr	Radio France internationale
B.L	fr	Rhénanie-du-Nord-Westphalie
B.L	fr	Schleswig-Holstein
B.L	fr	Sebastian Nerz
B.L	fr	Seizième législature du Bundestag
B.L	fr	Septembre 2006
B.L	fr	Swanhild Goetze
B.L	fr	Ung Pirat
B.L	fr	Vie privée
B.L	fr	Wolfgang Dudda
B.L	fr	Élections européennes de 2009 en Allemagne
B.L	fr	Élections fédérales allemandes de 2009
B.L	fr	Élections législatives locales de 2008 à Hambourg
B.L	fr	Élections législatives locales de 2011 à Berlin
B.L	fr	Élections législatives locales de 2011 à Brême
B.L	fr	Élections législatives locales de 2011 à Hambourg
B.L	fr	Élections législatives régionales de 2008 en Hesse
B.L	fr	Élections législatives régionales de 2009 dans le Schleswig-Holstein
B.L	fr	Élections législatives régionales de 2009 en Hesse
B.L	fr	Élections législatives régionales de 2009 en Saxe
B.L	fr	Élections législatives régionales de 2010 en Rhénanie-du-Nord-Westphalie
B.L	fr	Élections législatives régionales de 2011 dans le Bade-Wurtemberg
B.L	fr	Élections législatives régionales de 2011 en Mecklembourg-Poméranie-Occidentale
B.L	fr	Élections législatives régionales de 2011 en Rhénanie-Palatinat
B.L	fr	Élections législatives régionales de 2011 en Saxe-Anhalt
B.L	fr	Élections législatives régionales de 2012 dans le Schleswig-Holstein
B.L	fr	Élections législatives régionales de 2012 en Rhénanie-du-Nord-Westphalie
B.L	fr	Élections législatives régionales de 2012 en Sarre
B.L	fr	Élections législatives régionales de 2013 en Basse-Saxe
B.L	fr	Discussion:Parti des pirates (Allemagne)/À faire
B.L	fr	Modèle:Palette Parti pirate
B.L	fr	Modèle:Ébauche/paramètres Allemagne
B.L	fr	Modèle:Ébauche/paramètres parti politique
B.L	fr	Discussion modèle:Palette Parti pirate
B.L	fr	Aide:Comment modifier une page
B.L	fr	Aide:Homonymie
B.L	fr	Aide:Ébauche
B.L	fr	Catégorie:Portail:Allemagne/Articles liés
B.L	fr	Catégorie:Portail:Politique/Articles liés
B.L	fr	Portail:Allemagne
B.L	fr	Portail:Politique
B.L	fr	Projet:Accueil
B.L	he	10 בספטמבר
B.L	he	2006
B.L	he	Daily Mail
B.L	he	Pirate Parties International
B.L	he	גרמניה
B.L	he	גרמנית
B.L	he	הארץ
B.L	he	ויקישיתוף
B.L	he	זכות יוצרים
B.L	he	חופש המידע
B.L	he	ימין ושמאל בפוליטיקה
B.L	he	מפלגה
B.L	he	ניו יורק טיימס
B.L	he	עופר אדרת
B.L	he	פטנט
B.L	he	פרטיות
B.L	he	קרן ויקימדיה
B.L	he	שיתוף קבצים
B.L	he	שקיפות (מנהל)
B.L	el	Bundestag
B.L	el	Άδεια Ελεύθερης Τεκμηρίωσης GNU
B.L	el	Βερολίνο
B.L	el	Βόρεια Ρηνανία-Βεστφαλία
B.L	el	Γερμανία
B.L	el	Γερμανική γλώσσα
B.L	el	Εκλογές Γερμανίας
B.L	el	Ελευθερία της πληροφορίας
B.L	el	Ευρωπαϊκό Κοινοβούλιο
B.L	el	Ιδεολογία
B.L	el	Κατάλογος πολιτικών κομμάτων Γερμανίας
B.L	el	Κοινωνία της πληροφορίας
B.L	el	Κοινωνικός φιλελευθερισμός
B.L	el	Κόμμα Πειρατών (Σουηδία)
B.L	el	Μπερντ Σλέμερ
B.L	el	Πειρατική Διεθνής
B.L	el	Πνευματική ιδιοκτησία
B.L	el	Πολιτική
B.L	el	Πολιτική διαφάνεια
B.L	el	Πολιτική επιστήμη
B.L	el	Πολιτικό σύστημα Γερμανίας
B.L	el	Προστασία προσωπικών δεδομένων
B.L	el	Σάαρλαντ
B.L	el	Σεμπάστιαν Νερτς
B.L	el	Σλέσβιχ-Χολστάιν
B.L	el	Ψηφιακή επανάσταση
B.L	eo	10-an de septembro
B.L	eo	2006
B.L	eo	2009
B.L	eo	27-an de septembro
B.L	eo	Amaskomunikilo
B.L	eo	Berlino
B.L	eo	Eduko
B.L	eo	Federacia lando (Germanio)
B.L	eo	Freie Demokratische Partei
B.L	eo	Germane
B.L	eo	Germanio
B.L	eo	Informa socio
B.L	eo	Junulara parlamenta baloto en Germanio 2009
B.L	eo	Kopirajto
B.L	eo	Monopolo
B.L	eo	Parlamenta baloto en Germanio 2009
B.L	eo	Piratpartio
B.L	eo	Piratpartio de Svedio
B.L	eo	Politika partio
B.L	eo	Sebastian Nerz
B.L	eo	Vikio
B.L	eo	Vikipedio:Informkestoj
B.L	eo	Ŝablono:Informkesto politika partio
B.L	eo	Ŝablono-Diskuto:Informkesto politika partio
B.L	en	2009 European Parliament election
B.L	en	Aachen
B.L	en	Abgeordnetenhaus of Berlin
B.L	en	Alliance '90/The Greens
B.L	en	Alternative for Germany
B.L	en	Amelia Andersdotter
B.L	en	Anarchist Pogo Party of Germany
B.L	en	Andrew Halsall
B.L	en	Angelika Beer
B.L	en	Anna Troberg
B.L	en	Anti-Counterfeiting Trade Agreement
B.L	en	Application programming interface
B.L	en	Baden-Württemberg state election, 2011
B.L	en	Basic income guarantee
B.L	en	Bavaria Party
B.L	en	Berlin
B.L	en	Berlin state election, 2011
B.L	en	Berliner Morgenpost
B.L	en	Bernd Schlömer
B.L	en	Bild Zeitung
B.L	en	Brandenburg state election, 2009
B.L	en	Bundestag
B.L	en	Bürgerrechtsbewegung Solidarität
B.L	en	C-base
B.L	en	Campaign finance
B.L	en	Carlos Ayala Vargas
B.L	en	Centre Party (Germany)
B.L	en	Christian Centre
B.L	en	Christian Democratic Union (Germany)
B.L	en	Christian Engström
B.L	en	Christian Social Union of Bavaria
B.L	en	Christof Leng
B.L	en	Citizens in Rage
B.L	en	Civil rights
B.L	en	Communist Party of Germany (1990)
B.L	en	Communist Party of Germany (Roter Morgen)
B.L	en	Composition of the German Regional Parliaments
B.L	en	Copyright
B.L	en	Copyright Directive
B.L	en	Czech Pirate Party
B.L	en	Dagens Nyheter
B.L	en	Denis Simonet
B.L	en	Deutsche Welle
B.L	en	Die PARTEI
B.L	en	Digital Economy Act 2010
B.L	en	Digital natives
B.L	en	Digital revolution
B.L	en	Direct democracy
B.L	en	Dirk Hillbrecht
B.L	en	Drug policy
B.L	en	E-democracy
B.L	en	Ecological Democratic Party
B.L	en	Elections in Germany
B.L	en	Estonian Pirate Party
B.L	en	European Parliament election, 2009 (Germany)
B.L	en	FRA law
B.L	en	Family Party of Germany
B.L	en	Federal Agency for Civic Education
B.L	en	Feminist Party of Germany
B.L	en	Florian Hufsky
B.L	en	Frankfurter Rundschau
B.L	en	Free Democratic Party (Germany)
B.L	en	Free Voters
B.L	en	Freedom (German political party)
B.L	en	Freedom of information
B.L	en	Genetic patent
B.L	en	German Communist Party
B.L	en	German Social Union (East Germany)
B.L	en	German federal election, 2009
B.L	en	German language
B.L	en	Germany
B.L	en	Hamburg state election, 2011
B.L	en	Harald Haas
B.L	en	Herbert Rusche
B.L	en	Hesse state election, 2009
B.L	en	Human Environment Animal Protection
B.L	en	Information privacy
B.L	en	Information society
B.L	en	Italian Pirate Party
B.L	en	Jens Knoblich
B.L	en	Jens Seipenbusch
B.L	en	Jerry Weyer
B.L	en	Jörg Tauss
B.L	en	Klaus Wowereit
B.L	en	Landtag of Saarland
B.L	en	Laurence Kaye
B.L	en	Libor Michálek
B.L	en	List of political ideologies
B.L	en	List of political parties by country
B.L	en	List of political parties in Germany
B.L	en	Lola Voronina
B.L	en	Martin Haase
B.L	en	Marxist–Leninist Party of Germany
B.L	en	Mexican Pirate wikiParty
B.L	en	Mikkel Paulson
B.L	en	Münster
B.L	en	National Democratic Party of Germany
B.L	en	North Rhine-Westphalia
B.L	en	North Rhine-Westphalia state election, 2010
B.L	en	North Rhine-Westphalia state election, 2012
B.L	en	Open source governance
B.L	en	Parti Pirate Francophone
B.L	en	Party of Bible-abiding Christians
B.L	en	Party of Reason
B.L	en	Patrick Mächler
B.L	en	Piratbyrån
B.L	en	Pirate Parties International
B.L	en	Pirate Party
B.L	en	Pirate Party (Bulgaria)
B.L	en	Pirate Party (Denmark)
B.L	en	Pirate Party (Finland)
B.L	en	Pirate Party (France)
B.L	en	Pirate Party (Hungary)
B.L	en	Pirate Party (Norway)
B.L	en	Pirate Party (Republika Srpska)
B.L	en	Pirate Party (Spain)
B.L	en	Pirate Party (Sweden)
B.L	en	Pirate Party (Tunisia)
B.L	en	Pirate Party (United States)
B.L	en	Pirate Party Australia
B.L	en	Pirate Party Belgium
B.L	en	Pirate Party Croatia
B.L	en	Pirate Party Cyprus
B.L	en	Pirate Party Iceland
B.L	en	Pirate Party Ireland
B.L	en	Pirate Party Luxembourg
B.L	en	Pirate Party Switzerland
B.L	en	Pirate Party UK
B.L	en	Pirate Party of Austria
B.L	en	Pirate Party of Bolivia
B.L	en	Pirate Party of Bosnia and Herzegovina
B.L	en	Pirate Party of Brazil
B.L	en	Pirate Party of Canada
B.L	en	Pirate Party of Chile
B.L	en	Pirate Party of China
B.L	en	Pirate Party of Colombia
B.L	en	Pirate Party of Costa Rica
B.L	en	Pirate Party of Ecuador
B.L	en	Pirate Party of Greece
B.L	en	Pirate Party of Guatemala
B.L	en	Pirate Party of Kazakhstan
B.L	en	Pirate Party of Latvia
B.L	en	Pirate Party of Lithuania
B.L	en	Pirate Party of Montenegro
B.L	en	Pirate Party of Nepal
B.L	en	Pirate Party of New Zealand
B.L	en	Pirate Party of Peru
B.L	en	Pirate Party of Poland
B.L	en	Pirate Party of Russia
B.L	en	Pirate Party of Serbia
B.L	en	Pirate Party of South Korean
B.L	en	Pirate Party of Taiwan
B.L	en	Pirate Party of Turkey
B.L	en	Pirate Party of Ukraine
B.L	en	Pirate Party of Uruguay
B.L	en	Pirate Party of the Netherlands
B.L	en	Pirates - Direct Democratic Movement of Greece
B.L	en	Pirates Without Borders
B.L	en	Pirates of Catalonia
B.L	en	Pirates of Galicia
B.L	en	Political transparency
B.L	en	Politics of Germany
B.L	en	Portuguese Pirate Party
B.L	en	Privacy
B.L	en	Pro Germany Citizens' Movement
B.L	en	Revolutionary Socialist League (Germany)
B.L	en	Rhineland-Palatinate state election, 2011
B.L	en	Rickard Falkvinge
B.L	en	Romanian Pirate Party
B.L	en	Saarland
B.L	en	Saarland state election, 2009
B.L	en	Samir Allioui
B.L	en	Saxony-Anhalt state election, 2011
B.L	en	Saxony state election, 2009
B.L	en	Schleswig-Holstein
B.L	en	Schleswig-Holstein state election, 2009
B.L	en	Schleswig-Holstein state election, 2012
B.L	en	Sebastian Nerz
B.L	en	Slim Amamou
B.L	en	Slovak Pirate Party
B.L	en	Slovenian Pirate Party
B.L	en	Social Democratic Party of Germany
B.L	en	Social Equality Party (Germany)
B.L	en	Social liberalism
B.L	en	South Schleswig Voter Federation
B.L	en	Statt party (Germany)
B.L	en	Stefan Flod
B.L	en	Strausberg
B.L	en	Sven Clement
B.L	en	Süddeutsche Zeitung
B.L	en	Telecommunications data retention
B.L	en	Telecoms Package
B.L	en	Telephony
B.L	en	The Friesen
B.L	en	The Left (Germany)
B.L	en	The Local
B.L	en	The Pirate Bay
B.L	en	The Pirate Bay trial
B.L	en	The Pirates Center of Belarus
B.L	en	The Republicans (Germany)
B.L	en	Transparency (social)
B.L	en	Tunisian Pirate Party
B.L	en	Young Pirate
B.L	en	Young Pirates
B.L	en	Youth wing
B.L	en	Wikipedia:Citation needed
B.L	en	Template:German political parties
B.L	en	Template:ISO 639 name de
B.L	en	Template:Pirate Party
B.L	en	Template talk:German political parties
B.L	en	Template talk:Pirate Party
B.L	en	Category:Articles containing potentially dated statements from August 2012
B.L	en	Category:Articles with unsourced statements from April 2013
B.L	en	Category:Pirate parties
B.L	en	Category:Use dmy dates from May 2011
B.L	en	Portal:Politics
B.L	es	10 de septiembre
B.L	es	2006
B.L	es	Alemania
B.L	es	Antifascismo
B.L	es	Aquisgrán
B.L	es	Berlín
B.L	es	Bernd Schlömer
B.L	es	Bundestag
B.L	es	Christof Leng
B.L	es	Democracia líquida
B.L	es	Dirk Hillbrecht
B.L	es	Elecciones al Parlamento Europeo de 2009
B.L	es	Elecciones de Sajonia
B.L	es	Elecciones de Schleswig-Holstein
B.L	es	Elecciones federales de Alemania de 2009
B.L	es	Europarlamento
B.L	es	Hamburgo
B.L	es	Hesse
B.L	es	Jens Seipenbusch
B.L	es	Junge Piraten
B.L	es	Jörg Tauss
B.L	es	Landtag
B.L	es	Ministro-presidente
B.L	es	Münster
B.L	es	Partido Pirata (Suecia)
B.L	es	Partido Socialdemócrata de Alemania
B.L	es	Pirate Party International
B.L	es	Privacidad
B.L	es	Saarland
B.L	es	Sebastian Nerz
B.L	es	Wikimedia Commons
B.L	bg	10 септември
B.L	bg	2006
B.L	bg	2008
B.L	bg	2009
B.L	bg	27 септември
B.L	bg	27 януари
B.L	bg	30 август
B.L	bg	Sebastian Nerz
B.L	bg	Берлин
B.L	bg	Бундестаг
B.L	bg	Германия
B.L	bg	Европарламент
B.L	bg	Международна пиратска партия
B.L	bg	Немски език
B.L	bg	Пиратска партия (България)
B.L	bg	Пиратска партия (Швеция)
B.L	bg	Политическа партия
B.L	bg	Саксония
B.L	bg	Северен Рейн-Вестфалия
B.L	bg	Хесен
B.L	da	Aachen
B.L	da	Baden-Württemberg
B.L	da	Berlin
B.L	da	Bremen
B.L	da	Christof Leng
B.L	da	Dirk Hillbrecht
B.L	da	Europa-Parlamentsvalg 2009
B.L	da	Folketinget
B.L	da	Forbundsdagsvalget 2009
B.L	da	Hamborg
B.L	da	Hessen
B.L	da	Jens Seipenbusch
B.L	da	Mecklenburg-Vorpommern
B.L	da	Münster
B.L	da	Nordrhein-Westfalen
B.L	da	Partiavis
B.L	da	Partibogstav
B.L	da	Piratpartiet
B.L	da	Politik
B.L	da	Politisk parti
B.L	da	Privathed
B.L	da	Rene Brosig
B.L	da	Rheinland-Pfalz
B.L	da	Saarland
B.L	da	Sachsen
B.L	da	Sachsen-Anhalt
B.L	da	Sebastian Nerz
B.L	da	Slesvig-Holsten
B.L	da	Tyskland
B.L	da	Wikimedia Commons
B.L	da	Hjælp:Artikeludvidelse
B.L	da	Hjælp:Stub
B.L	nds	Aken
B.L	nds	Andi Popp
B.L	nds	Andreas Popp
B.L	nds	Bastian Grundmann
B.L	nds	Bayerisch Staatsministerium vun de Justiz un för Brukerschuul
B.L	nds	Berlin
B.L	nds	Bernd Schlömer
B.L	nds	Bernhard Schillo
B.L	nds	Bundsdagswahl 2009
B.L	nds	Börgerrecht
B.L	nds	C-base
B.L	nds	Christof Leng
B.L	nds	Christoph Chan Hin
B.L	nds	Christopher Lauer
B.L	nds	Commodore 64
B.L	nds	Datenschuul
B.L	nds	Datensekerheit
B.L	nds	Datenspiekern op Vörraat
B.L	nds	Demokratie
B.L	nds	Digital Native
B.L	nds	Digitale Rechteverwalten
B.L	nds	Digitale Revolutschoon
B.L	nds	Dirk Hillbrecht
B.L	nds	Eberhard Karls Universität Tübingen
B.L	nds	Elektronische Gesundheitskoort
B.L	nds	Feernmellgeheemnis
B.L	nds	Filesharing
B.L	nds	Gefion Thürmer
B.L	nds	Gentechnik
B.L	nds	Gesett to’n Versworen vun’n Togang
B.L	nds	Großer Lauschangriff
B.L	nds	Gulli.com
B.L	nds	Hamborg
B.L	nds	Hauke Kruppa
B.L	nds	Huusdörsöken
B.L	nds	Ilmenau
B.L	nds	Informatschoonsfreeheit
B.L	nds	Informatschoonssellschop
B.L	nds	Infrastruktur
B.L	nds	Internet der Dinge
B.L	nds	Jan Huwald
B.L	nds	Jena
B.L	nds	Jens Seipenbusch
B.L	nds	Johannes Gutenberg-Universität Mainz
B.L	nds	Johannes Ponader
B.L	nds	Julia Schramm
B.L	nds	Junge Piraten
B.L	nds	Katharina Nocun
B.L	nds	Klaus Peukert
B.L	nds	Korrupschoon
B.L	nds	Landdagswahl in Hessen 2008
B.L	nds	Landdagswahl in Hessen 2009
B.L	nds	Marina Weisband
B.L	nds	Markus Barenhoff
B.L	nds	Massenmedien
B.L	nds	Matthias Schrade
B.L	nds	Musikindustrie
B.L	nds	Mönster
B.L	nds	Oorheverrecht
B.L	nds	Open Access
B.L	nds	Partei
B.L	nds	Patent
B.L	nds	Pervasive Computing
B.L	nds	Peter Böhm
B.L	nds	Piratenpartei
B.L	nds	Pirateree
B.L	nds	Piratpartiet
B.L	nds	Politik
B.L	nds	Privatkopie
B.L	nds	Privatsphäär
B.L	nds	Radio Frequency Identification
B.L	nds	Rasterfahnden
B.L	nds	Regelschuulfrist
B.L	nds	Reisepass
B.L	nds	Rene Brosig
B.L	nds	Roovkopie
B.L	nds	Sebastian Nerz
B.L	nds	Sebastian Schäfer
B.L	nds	Semantisch Nett
B.L	nds	Software
B.L	nds	Sparrn vun Websteden in Düütschland
B.L	nds	Stefan Lamprecht
B.L	nds	Studiengeböhr
B.L	nds	Sven Riedel
B.L	nds	Sven Schomacker
B.L	nds	Swanhild Goetze
B.L	nds	Ubiquitous Computing
B.L	nds	Universität Karlsruhe (TH)
B.L	nds	Universität Koblenz-Landau
B.L	nds	Universität Ulm
B.L	nds	Verweertsellschop
B.L	nds	Videoöverwachen
B.L	nds	Wahlmaschien
B.L	nds	Westfälische Wilhelms-Universität
B.L	nds	Wiederkamen
B.L	nds	Wiesbaden
B.L	nds	Wikimedia Commons
B.L	nds	Wilm Schumacher
B.L	nds	Zensur in’t Nett
B.L	cs	2006
B.L	cs	Amelia Andersdotter
B.L	cs	Americká pirátská strana
B.L	cs	Angelika Beer
B.L	cs	Anna Troberg
B.L	cs	Anti-Counterfeiting Trade Agreement
B.L	cs	Autorské právo
B.L	cs	Berlin
B.L	cs	Berlín
B.L	cs	Bernd Schlömer
B.L	cs	Carlos Ayala Vargas
B.L	cs	Christian Engström
B.L	cs	Christof Leng
B.L	cs	Denis Simonet
B.L	cs	Dirk Hillbrecht
B.L	cs	Evropská politická strana
B.L	cs	Florian Hufsky
B.L	cs	Grégory Engels
B.L	cs	Hamburk
B.L	cs	Harald Haas
B.L	cs	Henk de Vries
B.L	cs	Herbert Rusche
B.L	cs	Hesensko
B.L	cs	Infoanarchismus
B.L	cs	Informace o ochraně osobních údajů
B.L	cs	Informatika (počítačová věda)
B.L	cs	Ivan Bartoš
B.L	cs	Jakub Michálek
B.L	cs	Jens Seipenbusch
B.L	cs	Jerry Weyer
B.L	cs	Jörg Tauss
B.L	cs	Laurence Kaye
B.L	cs	Libor Michálek
B.L	cs	Lola Voronina
B.L	cs	Martin Haase
B.L	cs	Mezinárodní organizace
B.L	cs	Mikkel Paulson
B.L	cs	Mladí piráti Dánska
B.L	cs	Mladí piráti Finska
B.L	cs	Mladí piráti Katalánska
B.L	cs	Mladí piráti Německa
B.L	cs	Mladí piráti Česka
B.L	cs	Mladí piráti Švédska
B.L	cs	Monopol
B.L	cs	Německo
B.L	cs	Německé federální volby 2009
B.L	cs	Oranžová
B.L	cs	Patrick Mächler
B.L	cs	Pavel Mayer
B.L	cs	Pavel Rassudov
B.L	cs	Piratbyrån
B.L	cs	Piratpartiet
B.L	cs	Piráti bez hranic
B.L	cs	Pirátská internacionála
B.L	cs	Pirátská strana (Španělsko)
B.L	cs	Pirátská strana (Švédsko)
B.L	cs	Pirátská strana Austrálie
B.L	cs	Pirátská strana Belgie
B.L	cs	Pirátská strana Bolívie
B.L	cs	Pirátská strana Bosny a Hercegoviny
B.L	cs	Pirátská strana Brazílie
B.L	cs	Pirátská strana Bulharska
B.L	cs	Pirátská strana Chile
B.L	cs	Pirátská strana Chorvatska
B.L	cs	Pirátská strana Dánska
B.L	cs	Pirátská strana Ekvádoru
B.L	cs	Pirátská strana Estonska
B.L	cs	Pirátská strana Finska
B.L	cs	Pirátská strana Francie
B.L	cs	Pirátská strana Galicie
B.L	cs	Pirátská strana Guatemaly
B.L	cs	Pirátská strana Irska
B.L	cs	Pirátská strana Islandu
B.L	cs	Pirátská strana Itálie
B.L	cs	Pirátská strana Jižní Koreje
B.L	cs	Pirátská strana Kanady
B.L	cs	Pirátská strana Katalánska
B.L	cs	Pirátská strana Kazachstánu
B.L	cs	Pirátská strana Kolumbie
B.L	cs	Pirátská strana Kostariky
B.L	cs	Pirátská strana Kypru
B.L	cs	Pirátská strana Litvo
B.L	cs	Pirátská strana Lotyšska
B.L	cs	Pirátská strana Lucemburska
B.L	cs	Pirátská strana Maroka
B.L	cs	Pirátská strana Maďarska
B.L	cs	Pirátská strana Nepálu
B.L	cs	Pirátská strana Nizozemska
B.L	cs	Pirátská strana Nového Zélandu
B.L	cs	Pirátská strana Peru
B.L	cs	Pirátská strana Polska
B.L	cs	Pirátská strana Portugalska
B.L	cs	Pirátská strana Rakouska
B.L	cs	Pirátská strana Rumunska
B.L	cs	Pirátská strana Ruska
B.L	cs	Pirátská strana Slovinska
B.L	cs	Pirátská strana Spojeného království
B.L	cs	Pirátská strana Srbska
B.L	cs	Pirátská strana Tchajwanu
B.L	cs	Pirátská strana Tunisu
B.L	cs	Pirátská strana Turecka
B.L	cs	Pirátská strana Ukrajiny
B.L	cs	Pirátská strana Uruguaye
B.L	cs	Pirátská strana Černé Hory
B.L	cs	Pirátská strana Číny
B.L	cs	Pirátská strana Řecka
B.L	cs	Pirátská strana Švýcarska
B.L	cs	Pirátská wikistrana Mexika
B.L	cs	Politická ideologie
B.L	cs	Politická skupina Evropského parlamentu
B.L	cs	Rickard Falkvinge
B.L	cs	Samir Allioui
B.L	cs	Sasko
B.L	cs	Sebastian Nerz
B.L	cs	Severní Porýní-Vestfálsko
B.L	cs	Slim Amamou
B.L	cs	Slovenská pirátská strana
B.L	cs	Stanislav Shakirov
B.L	cs	Stefan Flod
B.L	cs	Sven Clement
B.L	cs	Sársko
B.L	cs	Telecomix
B.L	cs	The Pirate Bay
B.L	cs	Volby do Evropského parlamentu v Německu 2009
B.L	cs	Vzdělávání
B.L	cs	Wikimedia Commons
B.L	cs	Černá
B.L	cs	Česká pirátská strana
B.L	cs	Šlesvicko-Holštýnsko
B.L	cs	Diskuse:Pirátská strana Německa
B.L	cs	Wikipedie:Pahýl
B.L	cs	Kategorie:Pirátské strany
B.L	ar	Frankfurter Rundschau
B.L	ar	Süddeutsche Zeitung
B.L	ar	ألمانيا
B.L	ar	أممية أحزاب القراصنة
B.L	ar	أيديولوجيا
B.L	ar	بالألمانية::de:Bernd Schlömer
B.L	ar	برلين
B.L	ar	بيرند شلومر
B.L	ar	حرية المعلومات
B.L	ar	حزب القراصنة (السويد)
B.L	ar	حزب سياسي
B.L	ar	خصوصية
B.L	ar	سارلاند
B.L	ar	شليسفيغ هولشتاين
B.L	ar	شمال الراين وستفاليا
B.L	ar	لغة ألمانية
B.L	ar	ليبرالية اجتماعية
B.L	ar	مجتمع المعلومات
B.L	ar	ملكية فكرية
B.L	ar	نيو يورك تايمز
B.L	ar	ولايات ألمانيا
B.L	ar	ويكيبيديا:بذرة
B.L	no	10. september
B.L	no	2006
B.L	no	Aachen
B.L	no	Baden-Württemberg
B.L	no	Berlin
B.L	no	Bernd Schlömer
B.L	no	Bremen
B.L	no	Bundesverfassungsgericht
B.L	no	Bündnis 90/Die Grünen
B.L	no	Christlich-Soziale Union in Bayern
B.L	no	Christlich Demokratische Union
B.L	no	Christof Leng
B.L	no	Delstater i Tyskland
B.L	no	Der Spiegel
B.L	no	Deutsche Volksunion
B.L	no	Die Linke
B.L	no	Dirk Hillbrecht
B.L	no	Europaparlamentvalget 2009
B.L	no	Forbundsdagen
B.L	no	Forbundsforsamlingen (Tyskland)
B.L	no	Forbundsminister (Tyskland)
B.L	no	Forbundsrådet (Tyskland)
B.L	no	Freie Demokratische Partei
B.L	no	Hamburg
B.L	no	Hessen
B.L	no	Informasjonssamfunn
B.L	no	Landesparlament
B.L	no	Liste over Landkreise i Tyskland
B.L	no	Liste over politiske partier i Tyskland
B.L	no	Mandat
B.L	no	Mecklenburg-Vorpommern
B.L	no	Münster
B.L	no	Nationaldemokratische Partei Deutschlands
B.L	no	Nordrhein-Westfalen
B.L	no	Opphavsrett
B.L	no	Oransje
B.L	no	PP International
B.L	no	Partileder
B.L	no	Pirate Parties International
B.L	no	Piratenpartei Berlin
B.L	no	Piratpartiet
B.L	no	Politikk
B.L	no	Politisk parti
B.L	no	Republikanerne (Tyskland)
B.L	no	Rheinland-Pfalz
B.L	no	Saarland
B.L	no	Sachsen
B.L	no	Sachsen-Anhalt
B.L	no	Schleswig-Holstein
B.L	no	Sebastian Nerz
B.L	no	Sozialdemokratische Partei Deutschlands
B.L	no	Svensk politikk
B.L	no	Tyskland
B.L	no	Tysklands delstater
B.L	no	Tysklands kanslere
B.L	no	Tysklands politiske system
B.L	no	Tysklands president
B.L	no	Tysklands regjering
B.L	no	Tysklands valg
B.L	no	Valget i Tyskland 2009
B.L	no	Wikipedia:Portaler
B.L	no	Wikipedia:Stilmanual/politikk
B.L	no	Wikipedia:Stubb
B.L	no	Portal:Tyskland
B.L	pl	Berlin
B.L	pl	C-base
B.L	pl	Christof Leng
B.L	pl	Darmstadt
B.L	pl	Die Linke
B.L	pl	Genetyka
B.L	pl	Hesja
B.L	pl	Katarzyna Nocuń
B.L	pl	Koń trojański (informatyka)
B.L	pl	Landtag
B.L	pl	Lewica
B.L	pl	Nadrenia Północna-Westfalia
B.L	pl	Niemcy
B.L	pl	Partia Piratów
B.L	pl	Partia polityczna
B.L	pl	Partie polityczne Niemiec
B.L	pl	Patent
B.L	pl	Patenty na oprogramowanie
B.L	pl	Peer-to-peer
B.L	pl	Piratpartiet
B.L	pl	Plik
B.L	pl	Prawica
B.L	pl	Prawo własności intelektualnej
B.L	pl	Saara
B.L	pl	Socjaldemokratyczna Partia Niemiec
B.L	pl	Telewizja przemysłowa
B.L	pl	Unia Chrześcijańsko-Demokratyczna (Niemcy)
B.L	pl	Unia Chrześcijańsko-Społeczna w Bawarii
B.L	pl	Uniwersytet Techniczny w Darmstadt
B.L	pl	Wikinews
B.L	pl	Wolna Partia Demokratyczna
B.L	pl	Wybory parlamentarne w Niemczech w 2009 roku
B.L	pl	Związek 90/Zieloni
B.L	pl	Szablon:Partie polityczne Niemiec
B.L	pl	Dyskusja szablonu:Partie polityczne Niemiec
B.L	bar	Bayern
B.L	bar	Berlin
B.L	bar	Bündnis 90/Die Grünen
B.L	bar	Hamburg
B.L	bar	Internetz
B.L	bar	Kuidua
B.L	bar	Niedersachsen
B.L	bar	Nordrhein-Westfalen
B.L	bar	Orange (Farbe)
B.L	bar	PDF
B.L	bar	Pirate Parties International
B.L	bar	Politische Partei
B.L	bar	SPD
B.L	bar	Sachsen
B.L	bar	Österreich
B.L	pfl	Bolidischi Pardai
B.L	pfl	Hochdaitsch
B.L	pfl	Schweden
B.L	nl	10 september
B.L	nl	2006
B.L	nl	Abgeordnetenhaus von Berlin
B.L	nl	Aken (stad)
B.L	nl	Allgemeiner Deutscher Arbeiterverein
B.L	nl	Anarchistische Pogo-Partei Deutschlands
B.L	nl	Application programming interface
B.L	nl	Baden-Württemberg
B.L	nl	Beieren
B.L	nl	Beierse Volkspartij
B.L	nl	Berlijn
B.L	nl	Blokpartij
B.L	nl	Bondsdag
B.L	nl	Bündnis 90/Die Grünen
B.L	nl	Christlich-Demokratische Union Deutschlands (DDR)
B.L	nl	Christlich-Soziale Union
B.L	nl	Christlich Demokratische Union Deutschlands (Bondsrepubliek)
B.L	nl	Christliche Volkspartei des Saarlandes
B.L	nl	Christof Leng
B.L	nl	Conservatisme
B.L	nl	Deelstaten van Duitsland
B.L	nl	Demokratische Bauernpartei Deutschlands
B.L	nl	Demokratischer Frauenbund Deutschlands
B.L	nl	Deutsche Demokratische Partei
B.L	nl	Deutsche Fortschrittspartei
B.L	nl	Deutsche Friedensunion
B.L	nl	Deutsche Kommunistische Partei
B.L	nl	Deutsche Soziale Union
B.L	nl	Deutsche Volkspartei
B.L	nl	Deutsche Volksunion
B.L	nl	Deutsche Zentrumspartei
B.L	nl	Die Linke
B.L	nl	Die Republikaner
B.L	nl	Die Tierschutzpartei
B.L	nl	Directe democratie
B.L	nl	Dirk Hillbrecht
B.L	nl	Duits
B.L	nl	Duits-Hannoveraanse Partij
B.L	nl	Duitse Boerenpartij
B.L	nl	Duitse Bondsdagverkiezingen 2009
B.L	nl	Duitse Nationale Volkspartij
B.L	nl	Duitse Partij
B.L	nl	Duitsland
B.L	nl	Europese Parlementsverkiezingen 2009
B.L	nl	Extreemlinks
B.L	nl	Extreemrechts
B.L	nl	Freie Demokratische Partei
B.L	nl	Freie Deutsche Jugend
B.L	nl	Freie Wähler
B.L	nl	Freier Deutscher Gewerkschaftsbund
B.L	nl	Freikonservative Partei
B.L	nl	Geschiedenis van de politieke partijen in Duitsland
B.L	nl	Hamburg
B.L	nl	Herbert Rusche
B.L	nl	Hessen
B.L	nl	Hohenstein
B.L	nl	Jens Knoblich
B.L	nl	Jens Seipenbusch
B.L	nl	Junge Piraten
B.L	nl	Jörg Tauss
B.L	nl	Kiesdrempel
B.L	nl	Kommunistische Partei Deutschlands
B.L	nl	Kulturbund
B.L	nl	Landdag van Noordrijn-Westfalen
B.L	nl	Landdag van Saarland
B.L	nl	Liberaldemokratische Partei Deutschlands
B.L	nl	Liberalisme
B.L	nl	Maoïstische partijen in Duitsland
B.L	nl	Mecklenburg-Voor-Pommeren
B.L	nl	Münster (stad)
B.L	nl	Nationaal-Liberale Partij (Duitsland)
B.L	nl	Nationaalsocialistische Duitse Arbeiderspartij
B.L	nl	Nationaldemokratische Partei Deutschlands
B.L	nl	Nationaldemokratische Partei Deutschlands (DDR)
B.L	nl	Nedersaksen
B.L	nl	Noordrijn-Westfalen
B.L	nl	Openbaarheid van bestuur
B.L	nl	Oranje (kleur)
B.L	nl	Partei Bibeltreuer Christen
B.L	nl	Partei der Vernunft
B.L	nl	Partei für Soziale Gerechtigkeit
B.L	nl	Pirate Parties International
B.L	nl	Piratenpartij
B.L	nl	Piratpartiet
B.L	nl	Politieke partijen in Duitsland
B.L	nl	Privacy
B.L	nl	Regionalisme (politiek)
B.L	nl	Rijnland-Palts
B.L	nl	Saarland
B.L	nl	Saksen-Anhalt
B.L	nl	Saksen (deelstaat)
B.L	nl	Sebastian Nerz
B.L	nl	Sleeswijk-Holstein
B.L	nl	Sociaalliberalisme
B.L	nl	Socialisme
B.L	nl	Sozialdemokratische Arbeiterpartei (Duitsland)
B.L	nl	Sozialdemokratische Partei Deutschlands
B.L	nl	Sozialistische Arbeiterpartei Deutschlands
B.L	nl	Sozialistische Einheitspartei Deutschlands
B.L	nl	Strausberg
B.L	nl	Südschleswigscher Wählerverband
B.L	nl	Unabhängige Sozialdemokratische Partei Deutschlands
B.L	nl	Union (Duitsland)
B.L	nl	Vereinigung der gegenseitigen Bauernhilfe
B.L	nl	Vrijheid van informatie
B.L	nl	Völkischer Block
B.L	nl	Wikimedia Commons
B.L	nl	Zugangserschwerungsgesetz
B.L	nl	Zweden
B.L	nl	Portaal:Duitsland
B.L	nl	Portaal:Politiek
B.L	ko	RFID
B.L	ko	근친상간
B.L	ko	독일
B.L	ko	독일 기독교 민주연합
B.L	ko	독일 사회민주당
B.L	ko	독일어
B.L	ko	독일의 정당
B.L	ko	동맹 90/녹색당
B.L	ko	디지털 권리 관리
B.L	ko	리퀴드 피드벡
B.L	ko	바이에른 기독교 사회연합
B.L	ko	베를린
B.L	ko	비스바덴
B.L	ko	자유민주당 (독일)
B.L	ko	좌파당 (독일)
B.L	ko	해적당 (스웨덴)
B.L	ko	해적당 인터내셔널
B.L	ko	틀:독일의 정당
B.L	ko	틀토론:독일의 정당
B.L	la	10 Septembris
B.L	la	16 Octobris
B.L	la	2006
B.L	la	2011
B.L	la	2012
B.L	la	Bernd Schlömer
B.L	la	Berolinum
B.L	la	Factio democratica liberalis Germaniae
B.L	la	Factio democratica socialis Germaniae
B.L	la	Factiones politicae Germaniae
B.L	la	Foedus 90/Virides
B.L	la	Germania
B.L	la	Politia
B.L	la	Rhenania Septentrionalis-Vestfalia
B.L	la	Saravia
B.L	la	Sinistra (factio politica Germaniae)
B.L	la	Slesvicum et Holsatia
B.L	la	Theodisce
B.L	la	Unio Democratica Christiana Germaniae
B.L	la	Unio socialis Christiana Bavariensis
B.L	la	Vicipaedia:Stipulae
B.L	la	Formula:Bernd Schlömer
B.L	hu	2006
B.L	hu	2009-es európai parlamenti választás
B.L	hu	2011
B.L	hu	2012
B.L	hu	Aachen
B.L	hu	Baden-Württemberg
B.L	hu	Berlin
B.L	hu	Bernd Schlömer
B.L	hu	Bundestag
B.L	hu	Christof Leng
B.L	hu	Dirk Hillbrecht
B.L	hu	Hamburg
B.L	hu	Hessen
B.L	hu	Jens Seipenbusch
B.L	hu	Kalózpárt
B.L	hu	Mecklenburg–Elő-Pomeránia
B.L	hu	Május 13.
B.L	hu	Május 6.
B.L	hu	Március 25.
B.L	hu	Március 27.
B.L	hu	Münster
B.L	hu	Német nyelv
B.L	hu	Németország
B.L	hu	Saar-vidék
B.L	hu	Schleswig-Holstein
B.L	hu	Sebastian Nerz
B.L	hu	Szeptember 10.
B.L	hu	Szeptember 18.
B.L	hu	Szeptember 4.
B.L	hu	Szászország
B.L	hu	Wikimédia Commons
B.L	hu	Észak-Rajna–Vesztfália
B.L	hu	Portál:Németország
B.L	hu	Portál:Németország/ikon
B.L	hu	Portál:Politika
B.L	hu	Portál:Politika/ikon
B.L	it	2006
B.L	it	2009
B.L	it	2012
B.L	it	Amburgo
B.L	it	Application programming interface
B.L	it	Aquisgrana
B.L	it	Assia
B.L	it	Berlino
B.L	it	Bernd Schlömer
B.L	it	Bild Zeitung
B.L	it	Brevetto
B.L	it	Bundesrat (Germania)
B.L	it	Bundestag
B.L	it	C-base
B.L	it	Censura
B.L	it	Christof Leng
B.L	it	Conservazione dei dati
B.L	it	Democrazia diretta
B.L	it	Democrazia liquida
B.L	it	Der Spiegel
B.L	it	Die Linke
B.L	it	Diritti civili
B.L	it	Diritti d'autore
B.L	it	Diritto d'autore
B.L	it	Dirk Hillbrecht
B.L	it	E-democracy
B.L	it	Educazione
B.L	it	Elezioni europee del 2009
B.L	it	Elezioni europee del 2009 (Germania)
B.L	it	Elezioni federali tedesche del 2009
B.L	it	GEMA (Germania)
B.L	it	Genetica
B.L	it	Germania
B.L	it	Informatica
B.L	it	Internazionale dei Partiti Pirata
B.L	it	Internet
B.L	it	Jens Knoblich
B.L	it	Jens Seipenbusch
B.L	it	Jörg Tauss
B.L	it	Liberalismo sociale
B.L	it	Libertà di informazione
B.L	it	Libertà digitali
B.L	it	Lingua tedesca
B.L	it	LiquidFeedback
B.L	it	Marina Weisband
B.L	it	Monopolio
B.L	it	Münster (Nord Reno-Westfalia)
B.L	it	Neonazismo
B.L	it	Open source
B.L	it	Parlamenti dei Länder
B.L	it	Parlamento europeo
B.L	it	Partito Liberale Democratico
B.L	it	Partito Pirata
B.L	it	Partito Pirata (Svezia)
B.L	it	Partito Socialdemocratico Tedesco
B.L	it	Partito nazionaldemocratico tedesco
B.L	it	Partito politico
B.L	it	Pirate Parties International
B.L	it	Privacy
B.L	it	Reddito di cittadinanza
B.L	it	Renania Settentrionale-Vestfalia
B.L	it	Sassonia
B.L	it	Schleswig-Holstein
B.L	it	Sebastian Nerz
B.L	it	Sorveglianza
B.L	it	Stati federati della Germania
B.L	it	Strausberg
B.L	it	Telefonia
B.L	it	Trasparenza
B.L	it	Trattamento dei dati personali
B.L	it	Template:AggNaz/DEU
B.L	it	Template:Presidenti del Piratenpartei
B.L	it	Discussioni template:Presidenti del Piratenpartei
B.L	it	Portale:Germania
B.L	it	Portale:Politica
B.L	ja	1980年代
B.L	ja	2006年
B.L	ja	2009年欧州議会議員選挙
B.L	ja	2013年
B.L	ja	47NEWS
B.L	ja	9月10日
B.L	ja	AP通信
B.L	ja	WASG
B.L	ja	Yahoo!
B.L	ja	アプリケーションプログラミングインタフェース
B.L	ja	アーヘン
B.L	ja	イェルク・タウス
B.L	ja	イェンス・クノプリヒ
B.L	ja	イェンス・ザイペンブッシュ
B.L	ja	インターネット
B.L	ja	インターネット検閲法
B.L	ja	キリスト教社会同盟
B.L	ja	クリストフ・レング
B.L	ja	コンピューターサイエンス
B.L	ja	サーチナ
B.L	ja	ザクセン人民党
B.L	ja	ザクセン州
B.L	ja	ザールラント州
B.L	ja	シュトラウスベルク
B.L	ja	シュピーゲル
B.L	ja	シュレスヴィヒ＝ホルシュタイン州
B.L	ja	シュレースヴィヒ＝ホルシュタイン州
B.L	ja	スウェーデン
B.L	ja	デア・シュピーゲル
B.L	ja	ディルク・ヒルブレヒト
B.L	ja	ディ・ヴェルト
B.L	ja	ドイツ
B.L	ja	ドイツの政党
B.L	ja	ドイツの政治
B.L	ja	ドイツキリスト教民主同盟
B.L	ja	ドイツキリスト教民主同盟 (東ドイツ)
B.L	ja	ドイツ・フォーラム党
B.L	ja	ドイツ中産階級帝国党
B.L	ja	ドイツ人民党
B.L	ja	ドイツ党
B.L	ja	ドイツ共産党
B.L	ja	ドイツ共産党 (DKP)
B.L	ja	ドイツ再統一
B.L	ja	ドイツ労働者党
B.L	ja	ドイツ国家人民党
B.L	ja	ドイツ国家民主党
B.L	ja	ドイツ国家民主党 (東ドイツ)
B.L	ja	ドイツ家族党
B.L	ja	ドイツ民主党
B.L	ja	ドイツ民主共和国
B.L	ja	ドイツ民主農民党
B.L	ja	ドイツ民族同盟
B.L	ja	ドイツ民族自由党
B.L	ja	ドイツ無政府主義ポゴ党
B.L	ja	ドイツ独立社会民主党
B.L	ja	ドイツ社会主義労働者党
B.L	ja	ドイツ社会主義統一党
B.L	ja	ドイツ社会同盟
B.L	ja	ドイツ社会民主党
B.L	ja	ドイツ自由民主党
B.L	ja	ドイツ語
B.L	ja	ドイツ通信社
B.L	ja	ドイツ連邦議会
B.L	ja	ドイツ連邦議会2009年選挙
B.L	ja	ノルトライン＝ヴェストファーレン州
B.L	ja	バイエルン人民党
B.L	ja	バイエルン民族党
B.L	ja	プライバシー
B.L	ja	ヘルベルト・ルシェ
B.L	ja	ベルリン
B.L	ja	ベーシックインカム
B.L	ja	ミュンスター
B.L	ja	ヴァイマル共和国
B.L	ja	中央党 (ドイツ)
B.L	ja	公民権
B.L	ja	共和党 (ドイツ)
B.L	ja	南シュレースヴィヒ選挙人同盟
B.L	ja	南ドイツ新聞
B.L	ja	各国の政党
B.L	ja	同性愛者
B.L	ja	同盟90
B.L	ja	同盟90/緑の党
B.L	ja	国家社会主義ドイツ労働者党
B.L	ja	国家社会主義自由運動
B.L	ja	国民自由党 (ドイツ)
B.L	ja	大ドイツ民族共同体
B.L	ja	左翼党 (ドイツ)
B.L	ja	平和と人権イニシアティヴ
B.L	ja	情報の自由
B.L	ja	政党
B.L	ja	政党連合
B.L	ja	政府
B.L	ja	教育
B.L	ja	新フォーラム
B.L	ja	東ドイツ緑の党
B.L	ja	毎日新聞
B.L	ja	民主主義の出発
B.L	ja	民主主義を今
B.L	ja	民主人民党 (ドイツ)
B.L	ja	民主社会党 (ドイツ)
B.L	ja	海賊党 (スウェーデン)
B.L	ja	海賊党インターナショナル
B.L	ja	特許
B.L	ja	社会主義帝国党
B.L	ja	緑の党 (ドイツ)
B.L	ja	自由な有権者
B.L	ja	自由民主党 (ドイツ)
B.L	ja	著作権
B.L	ja	透明性
B.L	ja	連邦憲法裁判所
B.L	ja	鉄兜団、前線兵士同盟
B.L	ja	電話
B.L	ja	Template:ドイツの政党
B.L	ja	Template:政党
B.L	ja	Template‐ノート:ドイツの政党
B.L	ja	Help:脚注/読者向け
B.L	ja	Portal:政治学
B.L	simple	2009 European Parliament election
B.L	simple	Aachen
B.L	simple	Alliance '90/The Greens
B.L	simple	Associated Press
B.L	simple	Basic English
B.L	simple	Berlin
B.L	simple	Berliner Morgenpost
B.L	simple	Bild Zeitung
B.L	simple	Brandenburg state election, 2009
B.L	simple	Bundestag
B.L	simple	Christian Democratic Union of Germany
B.L	simple	Christian Social Union of Bavaria
B.L	simple	Christof Leng
B.L	simple	Civil rights
B.L	simple	Computer science
B.L	simple	Copyright
B.L	simple	Dagens Nyheter
B.L	simple	Der Spiegel
B.L	simple	Deutsche Presse-Agentur
B.L	simple	Die Linke
B.L	simple	Die Welt
B.L	simple	Dirk Hillbrecht
B.L	simple	Education
B.L	simple	Elections in Germany
B.L	simple	Frankfurter Rundschau
B.L	simple	Free Democratic Party (Germany)
B.L	simple	Freedom of Information
B.L	simple	Genetic patent
B.L	simple	German Green Party
B.L	simple	German federal election, 2009
B.L	simple	Germany
B.L	simple	Herbert Rusche
B.L	simple	Hesse state election, 2009
B.L	simple	Homosexual
B.L	simple	Information privacy
B.L	simple	Internet
B.L	simple	Internet censorship in Germany
B.L	simple	Jens Knoblich
B.L	simple	Jens Seipenbusch
B.L	simple	Junge Piraten
B.L	simple	Jörg Tauss
B.L	simple	List of political ideologies
B.L	simple	List of political parties in Germany
B.L	simple	Monopoly
B.L	simple	Multimedia
B.L	simple	Märkische Allgemeine
B.L	simple	Münster
B.L	simple	North Rhine-Westphalia state election, 2010
B.L	simple	Patent
B.L	simple	Pirate Parties International
B.L	simple	Pirate Party (Sweden)
B.L	simple	Political party
B.L	simple	Politics of Germany
B.L	simple	Privacy
B.L	simple	Saarland state election, 2009
B.L	simple	Saxony state election, 2009
B.L	simple	Schleswig-Holstein state election, 2009
B.L	simple	Sebastian Nerz
B.L	simple	Social Democratic Party of Germany
B.L	simple	Strausberg
B.L	simple	Surveillance
B.L	simple	Süddeutsche Zeitung
B.L	simple	Telephony
B.L	simple	The Canadian Press
B.L	simple	The Local
B.L	simple	Yahoo
B.L	simple	Youth wing
B.L	simple	Zugangserschwerungsgesetz
B.L	simple	Wikipedia:How to write Simple English pages
B.L	simple	Wikipedia:Red link
B.L	simple	Template:Parties of Germany
B.L	simple	Template talk:Parties of Germany
B.L	simple	Category:Articles with dead external links
B.L	simple	Category:Articles with dead external links from October 2010
B.L	simple	Category:Pages needing to be simplified from January 2012
B.L	simple	Category:Pages with too many red links from January 2012
B.L	tr	Aachen (kent)
B.L	tr	Alman
B.L	tr	Almanya
B.L	tr	Avrupa
B.L	tr	Avrupa Parlamentosu
B.L	tr	Bernd Schlömer
B.L	tr	Bundestag
B.L	tr	Christof Leng
B.L	tr	Dirk Hillbrecht
B.L	tr	Hamburg
B.L	tr	Hessen
B.L	tr	Jens Seipenbusch
B.L	tr	Münster, Vestfalya
B.L	tr	Saksonya
B.L	tr	Schleswig-Holstein
B.L	tr	Sebastian Nerz
B.L	tr	Siyasi parti
B.L	tr	Vikihaber
B.L	tr	Vikipedi:Madde
B.L	tr	Vikipedi:Taslak madde
B.L	tr	Şablon:PIRATEN Partibaşkanları
B.L	tr	Şablon tartışma:PIRATEN Partibaşkanları
B.L	sv	10 september
B.L	sv	2006
B.L	sv	Berlin
B.L	sv	Berlins representanthus
B.L	sv	C-base
B.L	sv	Jörg Tauss
B.L	sv	Nordrhein-Westfalen
B.L	sv	Open source governance
B.L	sv	Piratpartiet
B.L	sv	Politiskt parti
B.L	sv	SPD
B.L	sv	Saarland
B.L	sv	Schleswig-Holstein
B.L	sv	Sebastian Nerz
B.L	sv	Tyskland
B.L	sv	Tysklands förbundsdag
B.L	sv	Wikipedia:Stubbar
B.L	sh	Autorsko pravo
B.L	sh	Berlin
B.L	sh	Bundestag
B.L	sh	Građanska prava
B.L	sh	Internet
B.L	sh	Njemačka
B.L	sh	Njemačke pokrajine
B.L	sh	Njemački jezik
B.L	sh	Piratpartiet
B.L	sh	Politička stranka
B.L	sh	Švedska
B.L	stq	Berlin
B.L	stq	Düütske Buundesdaiwoalen 2009
B.L	stq	Düütsklound
B.L	stq	Saarlound
B.L	stq	Släswiek-Holstein
B.L	ru	10 сентября
B.L	ru	2006
B.L	ru	2006 год
B.L	ru	2008 год
B.L	ru	2009 год
B.L	ru	27 сентября
B.L	ru	27 января
B.L	ru	30 августа
B.L	ru	Carlos Ayala Vargas
B.L	ru	Copyright Directive
B.L	ru	Denis Simonet
B.L	ru	Digital Economy Act 2010
B.L	ru	FRA law
B.L	ru	Florian Hufsky
B.L	ru	Jerry Weyer
B.L	ru	Parti Pirate Francophone
B.L	ru	Piratbyrån
B.L	ru	Piratpartiet
B.L	ru	RFID
B.L	ru	Samir Allioui
B.L	ru	Stefan Flod
B.L	ru	Sven Clement
B.L	ru	Telecommunications data retention
B.L	ru	Telecoms Package
B.L	ru	The Pirate Bay
B.L	ru	Wikinews.org
B.L	ru	Авторское право
B.L	ru	Амаму, Слим
B.L	ru	Андерсдоттер, Амелия
B.L	ru	Ахен
B.L	ru	Беер, Ангелика
B.L	ru	Берлин
B.L	ru	Бернд Шлёмер
B.L	ru	Бундестаг Германии
B.L	ru	Вайсбанд, Марина
B.L	ru	Викиновости
B.L	ru	Воронина, Лола
B.L	ru	Герберт Руше
B.L	ru	Германия
B.L	ru	Германский бундестаг
B.L	ru	Гессен
B.L	ru	Граждане в гневе
B.L	ru	Европарламент
B.L	ru	Знание
B.L	ru	Информационное общество
B.L	ru	Йенс Зайпенбуш
B.L	ru	Культура
B.L	ru	Ландтаг
B.L	ru	Левые (партия, Германия)
B.L	ru	Ленг, Христоф
B.L	ru	Мехлер, Ратрик
B.L	ru	Молодые Пираты
B.L	ru	Мюнстер
B.L	ru	Национал-демократическая партия Германии
B.L	ru	Немецкий язык
B.L	ru	Партия зелёных (Германия)
B.L	ru	Пиратская партия
B.L	ru	Пиратская партия Австралии
B.L	ru	Пиратская партия Австрии
B.L	ru	Пиратская партия Аргентины
B.L	ru	Пиратская партия Белоруссии
B.L	ru	Пиратская партия Бельгии
B.L	ru	Пиратская партия Болгарии
B.L	ru	Пиратская партия Боливии
B.L	ru	Пиратская партия Бразилии
B.L	ru	Пиратская партия Великобритании
B.L	ru	Пиратская партия Венгрии
B.L	ru	Пиратская партия Галиции
B.L	ru	Пиратская партия Гватемалы
B.L	ru	Пиратская партия Греции
B.L	ru	Пиратская партия Дании
B.L	ru	Пиратская партия Ирландии
B.L	ru	Пиратская партия Исландии
B.L	ru	Пиратская партия Испании
B.L	ru	Пиратская партия Италии
B.L	ru	Пиратская партия КНР
B.L	ru	Пиратская партия Казахстана
B.L	ru	Пиратская партия Канады
B.L	ru	Пиратская партия Каталонии
B.L	ru	Пиратская партия Кипра
B.L	ru	Пиратская партия Китайской Республики
B.L	ru	Пиратская партия Колумбии
B.L	ru	Пиратская партия Коста-Рики
B.L	ru	Пиратская партия Латвии
B.L	ru	Пиратская партия Литвы
B.L	ru	Пиратская партия Люксембурга
B.L	ru	Пиратская партия Марокко
B.L	ru	Пиратская партия Мексики
B.L	ru	Пиратская партия Непала
B.L	ru	Пиратская партия Нидерландов
B.L	ru	Пиратская партия Новой Зеландии
B.L	ru	Пиратская партия Перу
B.L	ru	Пиратская партия Польши
B.L	ru	Пиратская партия Португалии
B.L	ru	Пиратская партия Республики Корея
B.L	ru	Пиратская партия России
B.L	ru	Пиратская партия Румынии
B.L	ru	Пиратская партия США
B.L	ru	Пиратская партия Сербии
B.L	ru	Пиратская партия Словакии
B.L	ru	Пиратская партия Словении
B.L	ru	Пиратская партия Туниса
B.L	ru	Пиратская партия Турции
B.L	ru	Пиратская партия Украины
B.L	ru	Пиратская партия Уругвая
B.L	ru	Пиратская партия Финляндии
B.L	ru	Пиратская партия Франции
B.L	ru	Пиратская партия Хорватии
B.L	ru	Пиратская партия Чехии
B.L	ru	Пиратская партия Чили
B.L	ru	Пиратская партия Швейцарии
B.L	ru	Пиратская партия Швеции
B.L	ru	Пиратская партия Эквадора
B.L	ru	Пиратская партия Эстонии
B.L	ru	Пиратская партия ЮАР
B.L	ru	Пиратский Интернационал
B.L	ru	Пиратство
B.L	ru	Пираты без границ
B.L	ru	Политическая партия
B.L	ru	Политические партии Германии
B.L	ru	Рассудов, Павел Юрьевич
B.L	ru	Саар
B.L	ru	Свободная демократическая партия (Германия)
B.L	ru	Свободное государство Саксония
B.L	ru	Северный Рейн-Вестфалия
B.L	ru	Социал-демократическая партия Германии
B.L	ru	Союз 90/Зелёные
B.L	ru	Союз южношлезвигских избирателей
B.L	ru	Судебный процесс над основателями The Pirate Bay
B.L	ru	Таусс, Йорг
B.L	ru	Торговое соглашение по борьбе с контрафакцией
B.L	ru	Троберг, Анна
B.L	ru	Фальквинге, Рикард
B.L	ru	Хаазе, Мартин
B.L	ru	Хаас, Харальд
B.L	ru	Хиллбрехт, Дирк
B.L	ru	Христианско-демократический союз Германии
B.L	ru	Христианско-социальный союз
B.L	ru	Цензура
B.L	ru	Шлезвиг-Гольштейн
B.L	ru	Энгстрём, Кристиан
B.L	ru	Юнги-пираты Каталонии
B.L	ru	Юные пираты
B.L	ru	Юный пират
B.L	ru	Шаблон:Пиратские партии
B.L	ru	Шаблон:Политические партии Германии
B.L	ru	Категория:Пиратские партии
B.L	ro	10 septembrie
B.L	ro	2006
B.L	ro	Aachen
B.L	ro	Alegeri în Germania
B.L	ro	Alegerile federale germane, 2009
B.L	ro	Alegerile pentru Parlamentul European
B.L	ro	Berlin
B.L	ro	Bernd Schlömer
B.L	ro	Christof Leng
B.L	ro	Dirk Hillbrecht
B.L	ro	Germania
B.L	ro	Germană
B.L	ro	Hamburg
B.L	ro	Hessa
B.L	ro	Internet
B.L	ro	Jens Seipenbusch
B.L	ro	Land
B.L	ro	Listă de partide politice din Germania
B.L	ro	Münster (Westfalia)
B.L	ro	Partidul Piraților din Suedia
B.L	ro	Politica Germaniei
B.L	ro	Portocaliu
B.L	ro	Renania de Nord - Westfalia
B.L	ro	Saarland
B.L	ro	Saxonia
B.L	ro	Schleswig-Holstein
B.L	ro	Sebastian Nerz
B.L	ro	Suedia
B.L	ro	Wikimedia Commons
B.L	hsb	Bernd Schlömer
B.L	hsb	Němska
B.L	hsb	Němčina
B.L	hsb	Politiska strona
B.L	hsb	Wikipedija:Infokašćik
B.L	hsb	Předłoha:Infokašćik politiska strona
B.L	hsb	Předłoha:Rq
B.L	hsb	Diskusija k předłoze:Infokašćik politiska strona
B.L	hsb	Kategorija:Zarodk
B.L	pt	10 de setembro
B.L	pt	2006
B.L	pt	2008
B.L	pt	2009
B.L	pt	2010
B.L	pt	2011
B.L	pt	2012
B.L	pt	API
B.L	pt	Alemanha
B.L	pt	Berlim
B.L	pt	Bremen
B.L	pt	Bundestag
B.L	pt	Censura na Internet
B.L	pt	Christof Leng
B.L	pt	DW
B.L	pt	Dagens Nyheter
B.L	pt	Direito autoral
B.L	pt	Direitos autorais
B.L	pt	Direitos civis
B.L	pt	Dirk Hillbrecht
B.L	pt	Educação
B.L	pt	Eleições europeias parlamentares de 2009
B.L	pt	Eleições federais na Alemanha em 2009
B.L	pt	Estados da Alemanha
B.L	pt	Financiamento público de campanhas
B.L	pt	Folha de São Paulo
B.L	pt	Genética
B.L	pt	Governança de código aberto
B.L	pt	Governo
B.L	pt	Hamburgo
B.L	pt	Hesse
B.L	pt	Inovação
B.L	pt	Internet
B.L	pt	Jens Seipenbusch
B.L	pt	Johannes Ponader
B.L	pt	Junge Piraten
B.L	pt	Laranja (cor)
B.L	pt	Le Figaro
B.L	pt	Língua alemã
B.L	pt	Mecklemburgo-Pomerânia Ocidental
B.L	pt	Monopólio
B.L	pt	Offenbach am Main
B.L	pt	Parlamento Europeu
B.L	pt	Partido Verde Alemão
B.L	pt	Partido político
B.L	pt	Patente
B.L	pt	Patentes
B.L	pt	Piratpartiet
B.L	pt	Política antidrogas
B.L	pt	Privacidade
B.L	pt	Renda mínima
B.L	pt	Renânia-Palatinado
B.L	pt	Renânia do Norte-Westfália
B.L	pt	Retenção de dados
B.L	pt	Sarre
B.L	pt	Saxe
B.L	pt	Saxe-Anhalt
B.L	pt	Schleswig-Holstein
B.L	pt	Sebastian Nerz
B.L	pt	Telefonia
B.L	pt	The Local
B.L	pt	Transparência (administração pública)
B.L	pt	UE
B.L	pt	Zugangserschwerungsgesetz
B.L	zh	2009年歐洲議會選舉（德國）
B.L	zh	中國盜版黨
B.L	zh	俄羅斯海盜黨
B.L	zh	保加利亞海盜黨
B.L	zh	加拿大海盜黨
B.L	zh	加泰羅尼亞海盜 (政黨)
B.L	zh	反仿冒貿易協定
B.L	zh	哈薩克海盜黨
B.L	zh	土耳其海盜黨
B.L	zh	塞巴斯蒂安·內爾茨
B.L	zh	塞巴斯蒂安·内尔兹
B.L	zh	塞普勒斯海盜黨
B.L	zh	塞爾維亞海盜黨
B.L	zh	墨西哥海盜黨
B.L	zh	奧地利海盜黨
B.L	zh	專利改革
B.L	zh	尼泊爾海盜黨
B.L	zh	巴西海盜黨
B.L	zh	希臘海盜黨
B.L	zh	德国政党
B.L	zh	德国政党列表
B.L	zh	德国联邦议会
B.L	zh	德國地方議會席位
B.L	zh	德國政治
B.L	zh	德國选举
B.L	zh	意识形态
B.L	zh	愛沙尼亞海盜黨
B.L	zh	愛爾蘭海盜黨
B.L	zh	捷克海盜黨
B.L	zh	摩洛哥海盜黨
B.L	zh	政府透明
B.L	zh	教育
B.L	zh	斯洛伐克海盜黨
B.L	zh	斯洛維尼亞海盜黨
B.L	zh	智利海盜黨
B.L	zh	李卡德·法克明炎
B.L	zh	柏林
B.L	zh	比利時海盜黨
B.L	zh	波蘭海盜黨
B.L	zh	海盜灣
B.L	zh	海盜署
B.L	zh	海盜黨
B.L	zh	海盜黨 (丹麥)
B.L	zh	海盜黨 (法國)
B.L	zh	海盜黨 (芬蘭)
B.L	zh	海盜黨 (西班牙)
B.L	zh	海盜黨國際
B.L	zh	海盜黨青年團 (德國)
B.L	zh	海盜黨青年團 (瑞典)
B.L	zh	澳大利亞海盜黨
B.L	zh	烏克蘭海盜黨
B.L	zh	烏拉圭海盜黨
B.L	zh	版權
B.L	zh	瑞典
B.L	zh	瑞士海盜黨
B.L	zh	盜版黨
B.L	zh	盧森堡海盜黨
B.L	zh	私隱
B.L	zh	突尼西亞海盜黨
B.L	zh	紐西蘭海盜黨
B.L	zh	羅馬尼亞海盜黨
B.L	zh	美國海盜黨
B.L	zh	義大利海盜黨
B.L	zh	自由主義
B.L	zh	英國海盜黨
B.L	zh	荷蘭海盜黨
B.L	zh	葡萄牙海盜黨
B.L	zh	資訊自由
B.L	zh	隐私
B.L	zh	青年海盜
B.L	zh	Template:Pirate Party
B.L	zh	Template talk:Pirate Party
B.L	diq	Almanki
B.L	diq	Almanya
B.L	diq	Partiyê Almanya
CN	de	Piratenpartei_Deutschland
IWL	ga	Piratenpartei Deutschland
IWL	fi	Saksan piraattipuolue
IWL	fr	Parti des pirates (Allemagne)
IWL	he	מפלגת הפיראטים של גרמניה
IWL	el	Κόμμα Πειρατών Γερμανίας
IWL	eo	Piratpartio de Germanio
IWL	en	Pirate Party Germany
IWL	es	Partido Pirata de Alemania
IWL	bg	Пиратска партия на Германия
IWL	da	Piratenpartei Deutschland
IWL	nds	Piratenpartei Düütschland
IWL	cs	Pirátská strana Německa
IWL	ar	حزب القراصنة الألماني
IWL	no	Piratenpartei Deutschland
IWL	pl	Niemiecka Partia Piracka
IWL	bar	Piratenpartei Deitschland
IWL	pfl	Piradebaddai Daitschlond
IWL	nl	Piratenpartij Duitsland
IWL	ko	독일 해적당
IWL	la	Factio Piratica Germaniae
IWL	hu	Német Kalózpárt
IWL	it	Partito Pirata (Germania)
IWL	ja	ドイツ海賊党
IWL	simple	Pirate Party of Germany
IWL	tr	Almanya Korsan Partisi
IWL	sv	Piratpartiet (Tyskland)
IWL	sh	Piratska partija Njemačka
IWL	stq	Piroatenpaatäi Düütsklound
IWL	ru	Партия пиратов Германии
IWL	ro	Partidul Piraților din Germania
IWL	hsb	Piratska strona Němska
IWL	pt	Partido Pirata da Alemanha
IWL	zh	德國海盜黨
IWL	diq	Hayduti
