A.L	de	Adipositas
A.L	de	Afri-Cola
A.L	de	Alkaloide
A.L	de	Apotheke
A.L	de	Arabische+Schrift
A.L	de	Argumentation
A.L	de	Aroma
A.L	de	Asa+Griggs+Candler
A.L	de	Aspartam
A.L	de	Atlanta
A.L	de	Atlanta+Journal
A.L	de	Benjamin+Kent
A.L	de	Billy+Davis
A.L	de	Bolivien
A.L	de	Bundesregierung+%28Vereinigte+Staaten%29
A.L	de	B%C3%BCrgermeister
A.L	de	Channel+4
A.L	de	Chicago
A.L	de	Coca-Cola+Company
A.L	de	Cocastrauch
A.L	de	Cola
A.L	de	Cola-Krieg
A.L	de	Colanuss
A.L	de	Dallas
A.L	de	Das+Erste
A.L	de	Dehydratation+%28Medizin%29
A.L	de	Depression
A.L	de	Dokumentarfilm
A.L	de	Dosis
A.L	de	Duden
A.L	de	Durchfall
A.L	de	Echte+Limette
A.L	de	Echter+Koriander
A.L	de	Erektile+Dysfunktion
A.L	de	Erfrischungsgetr%C3%A4nk
A.L	de	Ernest+Woodruff
A.L	de	Etikett
A.L	de	Eugene+Stetson
A.L	de	Europ%C3%A4ische+Beh%C3%B6rde+f%C3%BCr+Lebensmittelsicherheit
A.L	de	Extraktion+%28Verfahrenstechnik%29
A.L	de	Fanta+%28Getr%C3%A4nk%29
A.L	de	Fluid
A.L	de	Food+and+Drug+Administration
A.L	de	F%C3%A4lschung
A.L	de	Gallone
A.L	de	Geheimhaltung
A.L	de	Gemeinsame+Normdatei
A.L	de	Geschmack+%28Sinneseindruck%29
A.L	de	Getr%C3%A4nk
A.L	de	Getr%C3%A4nkeautomat
A.L	de	Getr%C3%A4nkemarken+der+Coca-Cola+Company
A.L	de	Gew%C3%BCrzvanille
A.L	de	Glycerin
A.L	de	Gro%C3%9Fmufti
A.L	de	Harvey+Wiley
A.L	de	Herzrhythmusst%C3%B6rung
A.L	de	Hilda+Clark
A.L	de	Himbeere
A.L	de	Humpelrock
A.L	de	Hyperaktivit%C3%A4t
A.L	de	Indien
A.L	de	International+Labor+Organisation
A.L	de	International+Labor+Rights+Fund
A.L	de	Internationale+Arbeitsorganisation
A.L	de	Jahrhundertwende
A.L	de	John+Stith+Pemberton
A.L	de	Kaffee
A.L	de	Kakaobohne
A.L	de	Kaliummangel
A.L	de	Karamell
A.L	de	Kinderschutz
A.L	de	Knibbelbild
A.L	de	Koffein
A.L	de	Kohlens%C3%A4ure
A.L	de	Kokain
A.L	de	Koks
A.L	de	Kolabaum
A.L	de	Kolumbien
A.L	de	Konsortium
A.L	de	Konzentrat
A.L	de	Konzentrationsst%C3%B6rung
A.L	de	Konzession
A.L	de	Kopfschmerzen
A.L	de	Koriander
A.L	de	Kuba
A.L	de	Lahore
A.L	de	Las+Vegas
A.L	de	Lebensmittelfarbe
A.L	de	Legende
A.L	de	Lillian+Nordica
A.L	de	Limonelle
A.L	de	Limonen%C3%B6l
A.L	de	Liste+von+Cola-Marken
A.L	de	Lizenz
A.L	de	Logografie
A.L	de	Los+Angeles
A.L	de	MGM+Grand+Hotel
A.L	de	Magensaft
A.L	de	Manufaktur
A.L	de	Mark+Pendergrast
A.L	de	Mark+Thomas+%28Kabarettist%29
A.L	de	Markt+%28WDR%29
A.L	de	Mekka
A.L	de	Michael+Jackson
A.L	de	Mittelschicht
A.L	de	Mohammed
A.L	de	Muskatnuss
A.L	de	Myopathie
A.L	de	M%C3%BCdigkeit
A.L	de	Nandal+Master
A.L	de	Neroli
A.L	de	Nervosit%C3%A4t
A.L	de	Neurasthenie
A.L	de	New+Coke
A.L	de	New+Jersey
A.L	de	New+York+City
A.L	de	Niederlande
A.L	de	Nordkorea
A.L	de	Orangen%C3%B6l
A.L	de	Organisation+f%C3%BCr+eine+solidarische+Welt
A.L	de	Osteoporose
A.L	de	PH-Wert
A.L	de	Pakistan
A.L	de	Parasympathikus
A.L	de	Pensionsfonds
A.L	de	Pepsi
A.L	de	Pepsi-Cola
A.L	de	Peru
A.L	de	Pestizid
A.L	de	Pfund
A.L	de	Pharmakologie
A.L	de	Phenylalanin
A.L	de	Phenylketonurie
A.L	de	Philadelphia
A.L	de	Phosphors%C3%A4ure
A.L	de	Public+Relations
A.L	de	Pure+Food+and+Drug+Act
A.L	de	Quart+%28Ma%C3%9Feinheit%29
A.L	de	Reisediarrhoe
A.L	de	Rheinischer+Sauerbraten
A.L	de	Robert+W.+Woodruff
A.L	de	Rostumwandler
A.L	de	R%C3%BCbenzucker
A.L	de	SGLT1
A.L	de	Saccharin
A.L	de	Saccharose
A.L	de	Sinaltrainal
A.L	de	Soda-Bar
A.L	de	Softdrink
A.L	de	Streuartikel
A.L	de	Symbol
A.L	de	S%C3%A4uerungsmittel
A.L	de	S%C3%A4ure-Basen-Haushalt
A.L	de	S%C3%BCdstaaten
A.L	de	S%C3%BC%C3%9Fstoff
A.L	de	TIAA-CREF
A.L	de	Tee
A.L	de	The+Coca-Cola+Case
A.L	de	The+Coca-Cola+Company
A.L	de	Tiffany+%28Unternehmen%29
A.L	de	Tinktur
A.L	de	US-Dollar
A.L	de	United+Steel+Workers+Union
A.L	de	Universit%C3%A4t+Ioannina
A.L	de	Unze
A.L	de	Vanille+%28Gew%C3%BCrz%29
A.L	de	Vereinigte+Staaten
A.L	de	Vin+Mariani
A.L	de	Vogel-Kirsche
A.L	de	WHO-Trinkl%C3%B6sung
A.L	de	Walter+Mack
A.L	de	Warenzeichen
A.L	de	Wasser
A.L	de	Weihnachtsmann
A.L	de	Werbeagentur
A.L	de	Werbung
A.L	de	William+Poundstone
A.L	de	Zahnkaries
A.L	de	Zahnschmelz
A.L	de	Zimtkassie
A.L	de	Zimt%C3%B6l
A.L	de	Zitrone
A.L	de	Zitronens%C3%A4ure
A.L	de	Zitronen%C3%B6l
A.L	de	Zitruspflanzen
A.L	de	Zucker
A.L	de	Zuckerart
A.L	de	Zuckeraustauschstoff
A.L	de	Zuckercouleur
A.L	de	Zuckerkul%C3%B6r
B.L	fy	1886
B.L	fy	Atlanta
B.L	fy	Coca-Cola+Company
B.L	fy	Feriene+Steaten
B.L	fy	Gen%C3%AAsmiddel
B.L	fy	John+Pemberton
B.L	fy	Kafe%C3%AFne
B.L	fy	Koalsoergas
B.L	fy	Kolabeammen
B.L	ga	Atlanta%2C+Georgia
B.L	ga	Coca-Cola+Company
B.L	ga	Gaeilge
B.L	ga	St%C3%A1it+Aontaithe+Mheirice%C3%A1
B.L	ga	Vicip%C3%A9id
B.L	ga	Vicip%C3%A9id%3AS%C3%ADol
B.L	fi	Asesulfaami+K
B.L	fi	Aspartaami
B.L	fi	Atlanta
B.L	fi	Br%C3%A4ndi
B.L	fi	Elintarvike
B.L	fi	Englannin+kieli
B.L	fi	Erythroxylum+coca
B.L	fi	Fosforihappo
B.L	fi	Hiilidioksidi
B.L	fi	Hiilihappo
B.L	fi	Hygienia
B.L	fi	Indonesia
B.L	fi	Intia
B.L	fi	John+Pemberton
B.L	fi	Kaupunkitarina
B.L	fi	Kes%C3%A4olympialaiset+1952
B.L	fi	Kirsikka
B.L	fi	Kofeiini
B.L	fi	Kokaiini
B.L	fi	Kokapensas
B.L	fi	Kolajuoma
B.L	fi	Kolap%C3%A4hkin%C3%A4
B.L	fi	Kolumbia
B.L	fi	Kouvola
B.L	fi	Kuljetin
B.L	fi	Limetti
B.L	fi	L%C3%A4hikuvaus
B.L	fi	L%C3%A4%C3%A4ke
B.L	fi	Maa
B.L	fi	Nicaragua
B.L	fi	PH-arvo
B.L	fi	Pepsi
B.L	fi	Pirkka+%28tavaramerkki%29
B.L	fi	Pullo
B.L	fi	Pullonpalautus
B.L	fi	P%C3%A4%C3%A4ns%C3%A4rky
B.L	fi	Ravintola
B.L	fi	Ruotsi
B.L	fi	Siirappi
B.L	fi	Sinebrychoff+%28yritys%29
B.L	fi	Sitruuna
B.L	fi	Sokeri
B.L	fi	Stockmann
B.L	fi	Sukraloosi
B.L	fi	Suomen+kieli
B.L	fi	Suomi
B.L	fi	Tavaramerkki
B.L	fi	The+Coca-Cola+Company
B.L	fi	Turkki
B.L	fi	T%C3%B6lkki
B.L	fi	Vanilja
B.L	fi	Venezuela
B.L	fi	Ven%C3%A4j%C3%A4
B.L	fi	Wikimedia+Commons
B.L	fi	Yhdistynyt+kuningaskunta
B.L	fi	Yhdysvallat
B.L	fi	Ylipaino
B.L	bjn	A-Treat+Bottling+Company
B.L	bjn	Afri-Cola
B.L	bjn	Amrat+Cola
B.L	bjn	Am%C3%A9rika+Sarikat
B.L	bjn	Apotekarnes+Cola
B.L	bjn	Atlanta
B.L	bjn	Baikal+%28drink%29
B.L	bjn	Barr+Cola
B.L	bjn	Beed+Cola
B.L	bjn	Big+8+Cola
B.L	bjn	Blue+Sky+Beverage+Company
B.L	bjn	Boylan+Bottling+Company
B.L	bjn	Breizh+Cola
B.L	bjn	Bubba+Cola
B.L	bjn	Campa+Cola
B.L	bjn	Cassinelli
B.L	bjn	Cavan+Cola
B.L	bjn	Celeste+%28soft+drink%29
B.L	bjn	China+Cola
B.L	bjn	Classic+Cola+%28Sainsbury%27s%29
B.L	bjn	Club+Cola
B.L	bjn	Cockta
B.L	bjn	Cola+Turka
B.L	bjn	Cole+Cold
B.L	bjn	Corsica+Cola
B.L	bjn	Count+Cola
B.L	bjn	Cricket+Cola
B.L	bjn	Cuba+Cola
B.L	bjn	Diet+Coke
B.L	bjn	Diet+Rite
B.L	bjn	Double+Cola
B.L	bjn	El+Ch%C3%A9-Cola
B.L	bjn	Euro+Shopper
B.L	bjn	Evoca+Cola
B.L	bjn	Export+Cola
B.L	bjn	Fada+cola
B.L	bjn	Faygo
B.L	bjn	Fentiman%27s+Curiosity+Cola
B.L	bjn	Frescolita
B.L	bjn	Fritz-kola
B.L	bjn	Fruti+Kola
B.L	bjn	Fuji-Cola
B.L	bjn	Georgia+%28nagara+bagian%29
B.L	bjn	Hansen+Natural
B.L	bjn	Inca+Kola
B.L	bjn	Isaac+Kola
B.L	bjn	John+Styth+Pemberton
B.L	bjn	Jolly+Cola
B.L	bjn	Jolt+Cola
B.L	bjn	Jones+Soda
B.L	bjn	Kiri
B.L	bjn	Kitty+Kola
B.L	bjn	Kofola
B.L	bjn	Kola
B.L	bjn	Kola+Inglesa
B.L	bjn	Kola+Real
B.L	bjn	Kola+Rom%C3%A1n
B.L	bjn	Kristal+Kola
B.L	bjn	Kroger
B.L	bjn	LA+Ice+Cola
B.L	bjn	Lava+Cola
B.L	bjn	Like+Cola
B.L	bjn	Masin+pang%C3%A9c%C3%A9r
B.L	bjn	Mecca-Cola
B.L	bjn	Minuman
B.L	bjn	Mr.+Cola
B.L	bjn	M%C3%A9r%C3%A9k
B.L	bjn	OK+Soda
B.L	bjn	Olvi+Cola
B.L	bjn	OpenCola+%28drink%29
B.L	bjn	Pakola
B.L	bjn	Pancar%C3%A9k%C3%A9nan
B.L	bjn	Parsi+Cola
B.L	bjn	Pepsi
B.L	bjn	Per%C3%BA+Cola
B.L	bjn	Polo-Cockta
B.L	bjn	Pran+Cola
B.L	bjn	Premium-Cola
B.L	bjn	Primo+Schincariol
B.L	bjn	Qibla+Cola
B.L	bjn	RC+Cola
B.L	bjn	Red+Bull+Cola
B.L	bjn	Red+Kola
B.L	bjn	Rockstar+%28drink%29
B.L	bjn	Rola+Cola
B.L	bjn	R%C3%A9storan
B.L	bjn	Sam%27s+Cola
B.L	bjn	Schweppes+Cola
B.L	bjn	Shasta+%28soft+drink%29
B.L	bjn	Sinalco
B.L	bjn	Suda
B.L	bjn	Tab+%28soft+drink%29
B.L	bjn	The+Coca-Cola+Company
B.L	bjn	Thums+Up
B.L	bjn	Topsia+Cola
B.L	bjn	Triple+Kola
B.L	bjn	TuKola
B.L	bjn	Ubuntu+Cola
B.L	bjn	Virgin+Cola
B.L	bjn	Vita+Cola
B.L	bjn	White+Rock+Beverages
B.L	bjn	XL+Cola
B.L	bjn	Zam+Zam+Cola
B.L	bjn	Zelal+Cola
B.L	bjn	Zevia+Cola
B.L	bjn	Wikipidia%3ARintisan
B.L	bjn	Citakan%3ACola
B.L	bjn	Pamandiran+Citakan%3ACola
B.L	fr	10+juillet
B.L	fr	1863
B.L	fr	1870
B.L	fr	1879
B.L	fr	1885
B.L	fr	1886
B.L	fr	1887
B.L	fr	1903
B.L	fr	1904
B.L	fr	1905
B.L	fr	1906
B.L	fr	1908
B.L	fr	1917
B.L	fr	1920
B.L	fr	1922
B.L	fr	1923
B.L	fr	1924
B.L	fr	1925
B.L	fr	1926
B.L	fr	1927
B.L	fr	1928
B.L	fr	1929
B.L	fr	1930
B.L	fr	1931
B.L	fr	1932
B.L	fr	1934
B.L	fr	1935
B.L	fr	1936
B.L	fr	1937
B.L	fr	1938
B.L	fr	1939
B.L	fr	1940
B.L	fr	1941
B.L	fr	1942
B.L	fr	1943
B.L	fr	1944
B.L	fr	1945
B.L	fr	1947
B.L	fr	1948
B.L	fr	1949
B.L	fr	1950
B.L	fr	1951
B.L	fr	1952
B.L	fr	1953
B.L	fr	1954
B.L	fr	1955
B.L	fr	1956
B.L	fr	1957
B.L	fr	1958
B.L	fr	1959
B.L	fr	1960
B.L	fr	1961
B.L	fr	1962
B.L	fr	1963
B.L	fr	1964
B.L	fr	1965
B.L	fr	1966
B.L	fr	1970
B.L	fr	1971
B.L	fr	1975
B.L	fr	1976
B.L	fr	1978
B.L	fr	1979
B.L	fr	1982
B.L	fr	1983
B.L	fr	1984
B.L	fr	1985
B.L	fr	1986
B.L	fr	1987
B.L	fr	1988
B.L	fr	1993
B.L	fr	1996
B.L	fr	1998
B.L	fr	2000
B.L	fr	2001
B.L	fr	2002
B.L	fr	2003
B.L	fr	2004
B.L	fr	2005
B.L	fr	2006
B.L	fr	2007
B.L	fr	2008
B.L	fr	2009
B.L	fr	2010
B.L	fr	2011
B.L	fr	2012
B.L	fr	2022
B.L	fr	22+novembre
B.L	fr	25+novembre
B.L	fr	4-m%C3%A9thylimidazole
B.L	fr	6+juin
B.L	fr	Acide+phosphorique
B.L	fr	Acidifiant
B.L	fr	Ac%C3%A9sulfame+potassium
B.L	fr	Administration+F.D.+Roosevelt
B.L	fr	Afri-Cola
B.L	fr	Allemagne
B.L	fr	Alp%27Cola
B.L	fr	Alsace+Cola
B.L	fr	Amrat+Cola
B.L	fr	Andy+Warhol
B.L	fr	Angelo+Mariani
B.L	fr	Anjou+Cola
B.L	fr	Ann%C3%A9es+1930
B.L	fr	Ann%C3%A9es+1980
B.L	fr	Arab+Cola
B.L	fr	Ar%C3%B4me
B.L	fr	Asa+Griggs+Candler
B.L	fr	Aspartame
B.L	fr	Atlanta
B.L	fr	Auvergnat+Cola
B.L	fr	Auvergne
B.L	fr	Barr+Cola
B.L	fr	Barrancabermeja
B.L	fr	Bay+City+%28Michigan%29
B.L	fr	Belgique
B.L	fr	Beuk+Cola
B.L	fr	Beverage+Partners+Worldwide
B.L	fr	Biper+Cola
B.L	fr	Blanc
B.L	fr	Bora-Bora
B.L	fr	Bougnat+Cola
B.L	fr	Boycott
B.L	fr	Bradshaw+Crandell
B.L	fr	Breizh+Cola
B.L	fr	Britt+Cola
B.L	fr	Br%C3%A9sil
B.L	fr	Burn+%28boisson%29
B.L	fr	Caf%C3%A9ine
B.L	fr	Campa+Cola
B.L	fr	Canada
B.L	fr	Canette+%28alimentaire%29
B.L	fr	Canette+%C3%A0+boisson
B.L	fr	Caramel+%28colorant%29
B.L	fr	Cash+investigation
B.L	fr	Centre+de+recherche+pour+l%27%C3%A9tude+et+l%27observation+des+conditions+de+vie
B.L	fr	Centre+pour+la+Science+et+l%27environnement
B.L	fr	Chek
B.L	fr	Chero-Cola
B.L	fr	Chevrolet
B.L	fr	China+Cola
B.L	fr	Chine
B.L	fr	Chromatographie
B.L	fr	Chtil%C3%A0+Cola
B.L	fr	Citron
B.L	fr	Classic+Cola
B.L	fr	Coca
B.L	fr	Coca-Cola+Bl%C4%81K
B.L	fr	Coca-Cola+Cherry
B.L	fr	Coca-Cola+Enterprises
B.L	fr	Coca-Cola+Lemon
B.L	fr	Coca-Cola+Light
B.L	fr	Coca-Cola+Plus
B.L	fr	Coca-Cola+Plus+GreenTea
B.L	fr	Coca-Cola+Vanille
B.L	fr	Coca-Cola+Zero
B.L	fr	Coca+%28homonymie%29
B.L	fr	Coca+Colla
B.L	fr	Coca%C3%AFne
B.L	fr	Cockta
B.L	fr	Cola
B.L	fr	Cola%27rd%C3%A8che
B.L	fr	Cola+Occitan
B.L	fr	Cola+Turka
B.L	fr	Cola+alternatif
B.L	fr	Cola%E2%80%99rdeche
B.L	fr	Colombien
B.L	fr	Colorant
B.L	fr	Columbus+%28G%C3%A9orgie%29
B.L	fr	Col%C3%A0-Occitan
B.L	fr	Corsica+Cola
B.L	fr	Council+Grove
B.L	fr	Count+Cola
B.L	fr	Coupe+du+monde+de+football
B.L	fr	Cricket+Cola
B.L	fr	Cuba+Cola
B.L	fr	Culture
B.L	fr	Damiana
B.L	fr	Dasani
B.L	fr	Die+Wehrmacht
B.L	fr	Diet+Rite
B.L	fr	Dollar+am%C3%A9ricain
B.L	fr	Double+Cola
B.L	fr	Dr+Pepper
B.L	fr	Droits+de+l%27homme
B.L	fr	E150d
B.L	fr	Earl+R.+Dean
B.L	fr	Eau+gaz%C3%A9ifi%C3%A9e
B.L	fr	Ed+Holland
B.L	fr	El+Che+Cola
B.L	fr	Elise+Lucet
B.L	fr	Elsass+Cola
B.L	fr	Espagne
B.L	fr	Essen
B.L	fr	Ethylvanilline
B.L	fr	Europe
B.L	fr	Evoca+Cola
B.L	fr	Fada+Cola
B.L	fr	Fanta
B.L	fr	Fanta+Still
B.L	fr	Faygo
B.L	fr	Feichang+Cola
B.L	fr	France
B.L	fr	France+2
B.L	fr	France+Inter
B.L	fr	Frescolita
B.L	fr	F%C3%A9d%C3%A9ration+internationale+de+football+association
B.L	fr	Gare+de+Paris-Saint-Lazare
B.L	fr	Gil+Elvgren
B.L	fr	Goebbels
B.L	fr	Gomme+arabique
B.L	fr	Go%C3%BBt
B.L	fr	Grande-Bretagne
B.L	fr	Grande+D%C3%A9pression
B.L	fr	Green+Coca-Cola+Bottles
B.L	fr	Guerre+de+S%C3%A9cession
B.L	fr	G%C3%A9orgie+%28%C3%89tats-Unis%29
B.L	fr	G%C3%B6ring
B.L	fr	Hard+Spark+Cola
B.L	fr	Harvey+Washington+Wiley
B.L	fr	Haut+Atlas
B.L	fr	Hypermarch%C3%A9
B.L	fr	Illinois
B.L	fr	Imazighen+Cola
B.L	fr	Inca+Kola
B.L	fr	Inde
B.L	fr	Isoglucose
B.L	fr	Issy-les-Moulineaux
B.L	fr	Jean-Luc+Chalumeau
B.L	fr	Jeux+olympiques
B.L	fr	Jeux+olympiques+d%27%C3%A9t%C3%A9+de+1928
B.L	fr	Jeux+olympiques+d%27%C3%A9t%C3%A9+de+1936
B.L	fr	Jeux+olympiques+d%27%C3%A9t%C3%A9+de+1996
B.L	fr	Jeux+olympiques+d%27%C3%A9t%C3%A9+de+2008
B.L	fr	Jiaduobao
B.L	fr	John+Pemberton
B.L	fr	Jolly+Cola
B.L	fr	Jolt+Cola
B.L	fr	Just+Cola
B.L	fr	Kansas
B.L	fr	Kerala
B.L	fr	Kofola
B.L	fr	Kola+Real
B.L	fr	L%27Expansion
B.L	fr	Languedoc-Roussillon
B.L	fr	Las+Vegas
B.L	fr	Licence+publique+g%C3%A9n%C3%A9rale+GNU
B.L	fr	Like+Cola
B.L	fr	Limouzi+Cola
B.L	fr	Look+Cola
B.L	fr	L%C3%A9gende+urbaine
B.L	fr	Macomb+%28Illinois%29
B.L	fr	Madagascar
B.L	fr	Maroc
B.L	fr	Marque+commerciale
B.L	fr	Max+Keit
B.L	fr	Ma%C3%AFs
B.L	fr	Mecca+Cola
B.L	fr	Melanie+Thornton
B.L	fr	Meuh+Cola
B.L	fr	Mexique
B.L	fr	Minnesota
B.L	fr	Minute+Maid
B.L	fr	Montania+Cola
B.L	fr	Nestea
B.L	fr	Nevada
B.L	fr	New+Delhi
B.L	fr	New+York
B.L	fr	Nicholas+Rouks
B.L	fr	Noix+de+kola
B.L	fr	Nouvelle-Z%C3%A9lande
B.L	fr	N%C3%A9pal
B.L	fr	Ob%C3%A9sit%C3%A9
B.L	fr	Olvi+Cola
B.L	fr	OpenCola
B.L	fr	Orange+%28fruit%29
B.L	fr	Packaging
B.L	fr	Paris
B.L	fr	Patrick+Le+Lay
B.L	fr	Pepsi
B.L	fr	Pepsi-Cola
B.L	fr	Pesticide
B.L	fr	Pharmacien
B.L	fr	Pin-up
B.L	fr	Poitou+Cola
B.L	fr	Polyn%C3%A9sie+fran%C3%A7aise
B.L	fr	Potentiel+hydrog%C3%A8ne
B.L	fr	Premium-cola
B.L	fr	Premi%C3%A8re+Guerre+mondiale
B.L	fr	Produit+laitier
B.L	fr	Pr%C3%A9sident-directeur+g%C3%A9n%C3%A9ral
B.L	fr	Publicit%C3%A9
B.L	fr	P%C3%A8re+No%C3%ABl
B.L	fr	P%C3%A9kin
B.L	fr	Qibla+Cola
B.L	fr	RC+Cola
B.L	fr	Radio+City+Music+Hall
B.L	fr	Radio+et+t%C3%A9l%C3%A9vision+scolaires
B.L	fr	Red+Bull+Cola
B.L	fr	Red+Kola
B.L	fr	Reichsrundfunk
B.L	fr	River+Cola
B.L	fr	Robert+Woodruff
B.L	fr	Rola+Cola
B.L	fr	Rouge
B.L	fr	Royal+Cola
B.L	fr	Rutto+Cola
B.L	fr	R%C3%A9flexe+de+Pavlov
B.L	fr	Saccharine
B.L	fr	Saccharose
B.L	fr	Salva+Cola
B.L	fr	Sam%27s+Choice
B.L	fr	Seconde+Guerre+mondiale
B.L	fr	Selecto
B.L	fr	Shasta+%28soft+drink%29
B.L	fr	Sinalco
B.L	fr	Sirop+de+ma%C3%AFs+%C3%A0+haute+teneur+en+fructose
B.L	fr	Slogan+publicitaire
B.L	fr	Soda
B.L	fr	Sprite+%28soda%29
B.L	fr	Sucre
B.L	fr	Sucre+de+canne
B.L	fr	Sugar+Cane+Cola
B.L	fr	Superette
B.L	fr	Supermarch%C3%A9
B.L	fr	TF1
B.L	fr	Tab+%28soft+drink%29
B.L	fr	The+Coca-Cola+Company
B.L	fr	Thomas+Nast
B.L	fr	Thums+Up
B.L	fr	Th%C3%A9
B.L	fr	Th%C3%A9orie+du+complot
B.L	fr	Troisi%C3%A8me+Reich
B.L	fr	TuKola
B.L	fr	Ubuntu+Cola
B.L	fr	Ugarit+Cola
B.L	fr	Vanille
B.L	fr	Vanilline
B.L	fr	Vend%C3%A9e+Cola
B.L	fr	Vin+Mariani
B.L	fr	Virgin+Cola
B.L	fr	Vita-Cola
B.L	fr	Wahaha
B.L	fr	William+Reymond
B.L	fr	World+of+Coca-Cola
B.L	fr	XIXe+si%C3%A8cle
B.L	fr	Zam+Zam+Cola
B.L	fr	Zelal+Cola
B.L	fr	%C3%89ditions+Larousse
B.L	fr	%C3%89tats-Unis
B.L	fr	%C3%8Eles+Canaries
B.L	fr	Wikip%C3%A9dia%3ACitez+vos+sources
B.L	fr	Wikip%C3%A9dia%3AV%C3%A9rifiabilit%C3%A9
B.L	fr	Mod%C3%A8le%3APalette+Colas
B.L	fr	Mod%C3%A8le%3APalette+The+Coca-Cola+Company
B.L	fr	Mod%C3%A8le%3AR%C3%A9f%C3%A9rence+souhait%C3%A9e
B.L	fr	Discussion+mod%C3%A8le%3APalette+Colas
B.L	fr	Discussion+mod%C3%A8le%3APalette+The+Coca-Cola+Company
B.L	fr	Aide%3AHomonymie
B.L	fr	Aide%3ANote
B.L	fr	Aide%3AQui
B.L	fr	Aide%3AR%C3%A9f%C3%A9rence+n%C3%A9cessaire
B.L	fr	Cat%C3%A9gorie%3AArticle+manquant+de+r%C3%A9f%C3%A9rence+depuis+juillet+2009
B.L	fr	Cat%C3%A9gorie%3APortail%3AAlimentation+et+gastronomie%2FArticles+li%C3%A9s
B.L	fr	Cat%C3%A9gorie%3APortail%3APharmacie%2FArticles+li%C3%A9s
B.L	fr	Cat%C3%A9gorie%3APortail%3A%C3%89tats-Unis%2FArticles+li%C3%A9s
B.L	fr	Portail%3AAlimentation+et+gastronomie
B.L	fr	Portail%3APharmacie
B.L	fr	Portail%3A%C3%89tats-Unis
B.L	fo	1886
B.L	fo	Amerika
B.L	fo	Georgia+%28USA%29
B.L	fo	USA
B.L	he	1886
B.L	he	1892
B.L	he	1893
B.L	he	1935
B.L	he	1948
B.L	he	1949
B.L	he	1961
B.L	he	1966
B.L	he	1968
B.L	he	1979
B.L	he	1980
B.L	he	1982
B.L	he	1985
B.L	he	1991
B.L	he	1+%D7%91%D7%99%D7%95%D7%9C%D7%99
B.L	he	2005
B.L	he	21+%D7%91%D7%9E%D7%A8%D7%A5
B.L	he	22+%D7%91%D7%99%D7%A0%D7%95%D7%90%D7%A8
B.L	he	23+%D7%91%D7%90%D7%A4%D7%A8%D7%99%D7%9C
B.L	he	8+%D7%91%D7%9E%D7%90%D7%99
B.L	he	HebrewBooks
B.L	he	OU
B.L	he	Ynet
B.L	he	%D7%90%D7%92%D7%95%D7%96+%D7%A7%D7%95%D7%9C%D7%94
B.L	he	%D7%90%D7%98%D7%9C%D7%A0%D7%98%D7%94
B.L	he	%D7%90%D7%99%D7%9E%D7%A4%D7%95%D7%98%D7%A0%D7%A6%D7%99%D7%94
B.L	he	%D7%90%D7%9E%D7%94%D7%A8%D7%99%D7%AA
B.L	he	%D7%90%D7%A1%D7%94+%D7%A7%D7%A0%D7%93%D7%9C%D7%A8
B.L	he	%D7%90%D7%A8%D7%A6%D7%95%D7%AA+%D7%94%D7%91%D7%A8%D7%99%D7%AA
B.L	he	%D7%90%D7%AA%D7%A0%D7%95%D7%9C
B.L	he	%D7%91%D7%A0%D7%99+%D7%91%D7%A8%D7%A7
B.L	he	%D7%91%D7%A0%D7%A7
B.L	he	%D7%92%27%D7%95%D7%9F+%D7%A4%D7%9E%D7%91%D7%A8%D7%98%D7%95%D7%9F
B.L	he	%D7%92%27%D7%95%D7%A8%D7%92%27%D7%99%D7%94
B.L	he	%D7%92%D7%A8%D7%9E%D7%A0%D7%99%D7%94
B.L	he	%D7%93%D7%95%D7%9C%D7%A8+%D7%90%D7%9E%D7%A8%D7%99%D7%A7%D7%90%D7%99
B.L	he	%D7%93%D7%99%D7%90%D7%98+%D7%A7%D7%95%D7%A7%D7%94-%D7%A7%D7%95%D7%9C%D7%94
B.L	he	%D7%93%D7%99%D7%9B%D7%90%D7%95%D7%9F
B.L	he	%D7%94%D7%90%D7%A8%D7%A5
B.L	he	%D7%94%D7%97%D7%91%D7%A8%D7%94+%D7%94%D7%9E%D7%A8%D7%9B%D7%96%D7%99%D7%AA+%D7%9C%D7%99%D7%99%D7%A6%D7%95%D7%A8+%D7%9E%D7%A9%D7%A7%D7%90%D7%95%D7%AA+%D7%A7%D7%9C%D7%99%D7%9D
B.L	he	%D7%94%D7%97%D7%A8%D7%9D+%D7%94%D7%A2%D7%A8%D7%91%D7%99
B.L	he	%D7%94%D7%9B%D7%A9%D7%A8
B.L	he	%D7%94%D7%9C%D7%99%D7%92%D7%94+%D7%A0%D7%92%D7%93+%D7%94%D7%A9%D7%9E%D7%A6%D7%94
B.L	he	%D7%94%D7%9E%D7%90%D7%94+%D7%94-19
B.L	he	%D7%94%D7%A0%D7%93%D7%A1%D7%AA+%D7%9E%D7%96%D7%95%D7%9F
B.L	he	%D7%94%D7%A4%D7%A8%D7%93%D7%A1
B.L	he	%D7%95%D7%99%D7%A7%D7%99%D7%A9%D7%99%D7%AA%D7%95%D7%A3
B.L	he	%D7%96%D7%9B%D7%95%D7%9B%D7%99%D7%AA
B.L	he	%D7%97%D7%91%D7%A8%D7%94+%28%D7%AA%D7%90%D7%92%D7%99%D7%93%29
B.L	he	%D7%97%D7%91%D7%A8%D7%95%D7%9F
B.L	he	%D7%97%D7%91%D7%A8%D7%AA+%D7%A7%D7%95%D7%A7%D7%94-%D7%A7%D7%95%D7%9C%D7%94
B.L	he	%D7%97%D7%92+%D7%94%D7%9E%D7%95%D7%9C%D7%93
B.L	he	%D7%97%D7%95%D7%9E%D7%A6%D7%94+%D7%96%D7%A8%D7%97%D7%AA%D7%99%D7%AA
B.L	he	%D7%97%D7%95%D7%9E%D7%A8%D7%99+%D7%98%D7%A2%D7%9D+%D7%95%D7%A8%D7%99%D7%97
B.L	he	%D7%97%D7%A8%D7%9D+%D7%A6%D7%A8%D7%9B%D7%A0%D7%99%D7%9D
B.L	he	%D7%98%D7%95%D7%91%D7%99%D7%94+%D7%92%D7%A4%D7%9F
B.L	he	%D7%99%D7%94%D7%95%D7%93%D7%94+%D7%95%D7%94%D7%A9%D7%95%D7%9E%D7%A8%D7%95%D7%9F+%D7%95%D7%97%D7%91%D7%9C+%D7%A2%D7%96%D7%94
B.L	he	%D7%99%D7%99%D7%93%D7%99%D7%A9
B.L	he	%D7%99%D7%A9%D7%A8%D7%90%D7%9C
B.L	he	%D7%9B%D7%90%D7%91+%D7%A8%D7%90%D7%A9
B.L	he	%D7%9B%D7%95%D7%A1%D7%91%D7%A8%D7%94
B.L	he	%D7%9B%D7%99%D7%9E%D7%99%D7%94+%D7%90%D7%A0%D7%9C%D7%99%D7%98%D7%99%D7%AA
B.L	he	%D7%9B%D7%A9%D7%A8+%D7%9C%D7%A4%D7%A1%D7%97
B.L	he	%D7%9B%D7%A9%D7%A8%D7%95%D7%AA
B.L	he	%D7%9C%D7%99%D7%98%D7%A8
B.L	he	%D7%9E%D7%90%D7%9B%D7%9C%D7%95%D7%AA+%D7%90%D7%A1%D7%95%D7%A8%D7%99%D7%9D
B.L	he	%D7%9E%D7%93%D7%99%D7%A0%D7%95%D7%AA+%D7%A2%D7%A8%D7%91
B.L	he	%D7%9E%D7%99+%D7%A1%D7%95%D7%93%D7%94
B.L	he	%D7%9E%D7%A6%D7%A8%D7%99%D7%9D
B.L	he	%D7%9E%D7%A9%D7%94+%D7%91%D7%95%D7%A8%D7%A0%D7%A9%D7%98%D7%99%D7%99%D7%9F
B.L	he	%D7%9E%D7%A9%D7%94+%D7%99%D7%94%D7%95%D7%93%D7%90+%D7%9C%D7%99%D7%91+%D7%9C%D7%A0%D7%93%D7%90
B.L	he	%D7%9E%D7%A9%D7%A7%D7%94
B.L	he	%D7%9E%D7%A9%D7%A7%D7%94+%D7%9E%D7%95%D7%92%D7%96
B.L	he	%D7%9E%D7%AA%D7%9B%D7%95%D7%9F
B.L	he	%D7%A0%D7%A2%D7%A0%D7%A2+10
B.L	he	%D7%A1%D7%95%D7%93+%D7%9E%D7%A1%D7%97%D7%A8%D7%99
B.L	he	%D7%A1%D7%95%D7%9B%D7%A8
B.L	he	%D7%A1%D7%99%D7%9E%D7%9F+%D7%A8%D7%A9%D7%95%D7%9D
B.L	he	%D7%A2%D7%91%D7%A8%D7%99%D7%AA
B.L	he	%D7%A2%D7%96%D7%94
B.L	he	%D7%A2%D7%9C%D7%94
B.L	he	%D7%A4%D7%9C%D7%A1%D7%98%D7%99%D7%A7
B.L	he	%D7%A4%D7%A8%D7%A1%D7%95%D7%9E%D7%AA
B.L	he	%D7%A6%D7%9E%D7%97
B.L	he	%D7%A7%D7%95%D7%9C%D7%94+%28%D7%9E%D7%A9%D7%A7%D7%94%29
B.L	he	%D7%A7%D7%95%D7%A7%D7%90%D7%99%D7%9F
B.L	he	%D7%A7%D7%95%D7%A7%D7%94
B.L	he	%D7%A7%D7%95%D7%A7%D7%94-%D7%A7%D7%95%D7%9C%D7%94+%D7%91%D7%9C%D7%A7
B.L	he	%D7%A7%D7%95%D7%A7%D7%94-%D7%A7%D7%95%D7%9C%D7%94+%D7%96%D7%99%D7%A8%D7%95
B.L	he	%D7%A7%D7%A0%D7%94+%D7%A1%D7%95%D7%9B%D7%A8
B.L	he	%D7%A7%D7%A4%D7%90%D7%99%D7%9F
B.L	he	%D7%A7%D7%A4%D7%A8%D7%99%D7%A1%D7%99%D7%9F
B.L	he	%D7%A7%D7%A8%D7%9E%D7%9C
B.L	he	%D7%A7%D7%A8%D7%9F+%D7%95%D7%99%D7%A7%D7%99%D7%9E%D7%93%D7%99%D7%94
B.L	he	%D7%A8%D7%95%D7%A7%D7%97
B.L	he	%D7%A8%D7%9E%D7%90%D7%9C%D7%9C%D7%94
B.L	he	%D7%A9%D7%90%D7%9C+%D7%91%D7%A0%D7%99+%D7%95%D7%A0%D7%A2%D7%A0%D7%A2
B.L	he	%D7%A9%D7%99%D7%95%D7%95%D7%A7
B.L	he	%D7%A9%D7%9B%D7%9D
B.L	he	%D7%AA%D7%91%D7%9C%D7%99%D7%9F
B.L	he	%D7%AA%D7%95%D7%9D+%D7%A9%D7%92%D7%91
B.L	he	%D7%AA%D7%9C+%D7%90%D7%91%D7%99%D7%91
B.L	he	%D7%AA%D7%9C+%D7%90%D7%91%D7%99%D7%91-%D7%99%D7%A4%D7%95
B.L	he	%D7%AA%D7%A7%D7%95%D7%A4%D7%AA+%D7%94%D7%AA%D7%9C%D7%9E%D7%95%D7%93
B.L	he	%D7%AA%D7%A7%D7%A9%D7%95%D7%A8%D7%AA
B.L	he	%D7%95%D7%99%D7%A7%D7%99%D7%A4%D7%93%D7%99%D7%94%3A%D7%91%D7%99%D7%91%D7%9C%D7%99%D7%95%D7%92%D7%A8%D7%A4%D7%99%D7%94
B.L	he	%D7%95%D7%99%D7%A7%D7%99%D7%A4%D7%93%D7%99%D7%94%3A%D7%91%D7%A8%D7%95%D7%9B%D7%99%D7%9D+%D7%94%D7%91%D7%90%D7%99%D7%9D
B.L	he	%D7%A7%D7%98%D7%92%D7%95%D7%A8%D7%99%D7%94%3A%D7%95%D7%99%D7%A7%D7%99%D7%A4%D7%93%D7%99%D7%94%3A+%D7%A2%D7%A8%D7%9B%D7%99%D7%9D+%D7%94%D7%93%D7%95%D7%A8%D7%A9%D7%99%D7%9D+%D7%A2%D7%A8%D7%99%D7%9B%D7%94
B.L	gl	1885
B.L	gl	1886
B.L	gl	1906
B.L	gl	1915
B.L	gl	1916
B.L	gl	1920
B.L	gl	1929
B.L	gl	1960
B.L	gl	1984
B.L	gl	Alimentaci%C3%B3n
B.L	gl	Andr%C3%A9s+Fern%C3%A1ndez-Albalat+Lois
B.L	gl	Antonio+Tenreiro
B.L	gl	Aquabona
B.L	gl	Aquarius
B.L	gl	Atlanta
B.L	gl	Auga
B.L	gl	Azucre
B.L	gl	Begano
B.L	gl	Cabaza
B.L	gl	Cafe%C3%ADna
B.L	gl	Coca
B.L	gl	Coca-Cola+Company
B.L	gl	Coca%C3%ADna
B.L	gl	Coco
B.L	gl	Earl+R.+Dean
B.L	gl	Encyclopedia+Britannica
B.L	gl	Erythroxylum+coca
B.L	gl	Estados+Unidos+de+Am%C3%A9rica
B.L	gl	Estados+Unidos+de+Am%C3%A9rica+-+United+States+of+America
B.L	gl	Fanta
B.L	gl	Frank+Mason+Robinson
B.L	gl	Georgia
B.L	gl	Industria
B.L	gl	John+Stith+Pemberton
B.L	gl	Laranxa+%28froita%29
B.L	gl	Licenza+GPL
B.L	gl	Lim%C3%B3n
B.L	gl	Lingua+inglesa
B.L	gl	Madagascar
B.L	gl	Manufactura
B.L	gl	Marketing
B.L	gl	Minute+Maid
B.L	gl	Nestea
B.L	gl	Noz+de+cola
B.L	gl	OpenCola
B.L	gl	Oza+dos+R%C3%ADos
B.L	gl	Pepsi-Cola
B.L	gl	Sprite
B.L	gl	Vainilla
B.L	gl	Virgin+Cola
B.L	gl	World+of+Coca-Cola
B.L	gl	%C3%81cido+fosf%C3%B3rico
B.L	dv	Cola
B.L	dv	Pepsi
B.L	dv	RC+Cola
B.L	dv	The+Coca-Cola+Company
B.L	dv	United+States
B.L	dv	Virgin+Cola
B.L	eu	1985
B.L	eu	Afrika
B.L	eu	Alternatiba+%28elkartea%29
B.L	eu	Ameriketako+Estatu+Batu
B.L	eu	Ameriketako+Estatu+Batuak
B.L	eu	Atlanta
B.L	eu	Azukre
B.L	eu	Bainila
B.L	eu	Bainilina
B.L	eu	Banilla
B.L	eu	Breizh+Cola
B.L	eu	Coca-Colaren+formula
B.L	eu	Coca-cola
B.L	eu	Europa
B.L	eu	Fr.wikipedia.org%2Fwiki%2FBeuk+Cola
B.L	eu	Frank+Robison
B.L	eu	Georgia+%28AEB%29
B.L	eu	Hego+Amerika
B.L	eu	Kafe
B.L	eu	Kafeina
B.L	eu	Kokaina
B.L	eu	Laranja
B.L	eu	Limoi
B.L	eu	Madagaskar
B.L	eu	Mandinga
B.L	eu	Mexiko
B.L	eu	Monterrey
B.L	eu	Pepsi
B.L	eu	Roberto+Goizueta
B.L	eu	Sakarosa
B.L	eu	Statubatuar+dolar
B.L	eu	Teina
B.L	eu	Teobromina
B.L	eu	The+Coca-Cola+Company
B.L	eu	Ur
B.L	fa	%D8%A2%D8%AA%D9%84%D8%A7%D9%86%D8%AA%D8%A7
B.L	fa	%D8%A2%D8%B3%D8%A7+%DA%A9%D9%86%D8%AF%D9%84%D8%B1
B.L	fa	%D8%A7%DB%8C%D8%A7%D9%84%D8%A7%D8%AA+%D9%85%D8%AA%D8%AD%D8%AF%D9%87+%D8%A2%D9%85%D8%B1%DB%8C%DA%A9%D8%A7
B.L	fa	%D8%A7%DB%8C%D8%B1%D8%A7%D9%86
B.L	fa	%D8%AC%D8%A7%D9%86+%D9%BE%D9%85%D8%A8%D8%B1%D8%AA%D9%88%D9%86
B.L	fa	%D8%AF%D8%A7%D9%86%D9%87+%DA%A9%D9%88%D9%84%D8%A7
B.L	fa	%D9%86%D9%85%D8%A7%D8%AF+%D9%81%D8%B1%D9%87%D9%86%DA%AF%DB%8C
B.L	fa	%D9%86%D9%88%D8%B4%D8%A7%D8%A8%D9%87
B.L	fa	%D9%87%DB%8C%D9%84%D8%AF%D8%A7+%DA%A9%D9%84%D8%A7%D8%B1%DA%A9
B.L	fa	%D9%BE%D9%BE%D8%B3%DB%8C%E2%80%8C%DA%A9%D9%88%D9%84%D8%A7
B.L	fa	%DA%A9%D8%A7%D9%81%D8%A6%DB%8C%D9%86
B.L	fa	%DA%A9%D9%88%D9%84%D8%A7
B.L	fa	%DA%A9%D9%88%DA%A9%D8%A7%D8%A6%DB%8C%D9%86
B.L	fa	%DA%A9%D9%88%DA%A9%D8%A7%DA%A9%D9%88%D9%84%D8%A7+%28%D8%B4%D8%B1%DA%A9%D8%AA%29
B.L	fa	%DA%AF%D8%A7%D8%B2%D8%AF%D8%A7%D8%B1
B.L	fa	%D9%88%DB%8C%DA%A9%DB%8C%E2%80%8C%D9%BE%D8%AF%DB%8C%D8%A7%3A%D9%85%D9%82%D8%A7%D9%84%D9%87%D9%94+%D8%AE%D8%B1%D8%AF
B.L	fa	%D8%A7%D9%84%DA%AF%D9%88%3A%D8%A2%D9%85%D8%B1%DB%8C%DA%A9%D8%A7-%D8%AE%D8%B1%D8%AF
B.L	fa	%D8%A8%D8%AD%D8%AB+%D8%A7%D9%84%DA%AF%D9%88%3A%D8%A2%D9%85%D8%B1%DB%8C%DA%A9%D8%A7-%D8%AE%D8%B1%D8%AF
B.L	el	10+%CE%91%CF%85%CE%B3%CE%BF%CF%8D%CF%83%CF%84%CE%BF%CF%85
B.L	el	11+%CE%A6%CE%B5%CE%B2%CF%81%CE%BF%CF%85%CE%B1%CF%81%CE%AF%CE%BF%CF%85
B.L	el	1886
B.L	el	1894
B.L	el	1895
B.L	el	1899
B.L	el	1903
B.L	el	1916
B.L	el	1964
B.L	el	1969
B.L	el	1985
B.L	el	19%CE%BF%CF%82+%CE%B1%CE%B9%CF%8E%CE%BD%CE%B1%CF%82
B.L	el	Basic+Books
B.L	el	Snopes.com
B.L	el	Vigo+County+Public+Library
B.L	el	%CE%91%CE%BB%CE%BA%CE%BF%CF%8C%CE%BB
B.L	el	%CE%91%CE%BD%CE%B1%CF%88%CF%85%CE%BA%CF%84%CE%B9%CE%BA%CF%8C
B.L	el	%CE%91%CF%84%CE%BB%CE%AC%CE%BD%CF%84%CE%B1
B.L	el	%CE%93%CE%B1%CE%BB%CE%BB%CE%AF%CE%B1
B.L	el	%CE%93%CE%B1%CE%BB%CF%8C%CE%BD%CE%B9
B.L	el	%CE%93%CE%B5%CE%BD%CE%B9%CE%BA%CF%8C+%CE%A7%CE%B7%CE%BC%CE%B5%CE%AF%CE%BF+%CF%84%CE%BF%CF%85+%CE%9A%CF%81%CE%AC%CF%84%CE%BF%CF%85%CF%82
B.L	el	%CE%93%CE%BB%CF%85%CE%BA%CE%B1%CE%BD%CF%84%CE%B9%CE%BA%CE%AD%CF%82+%CE%BF%CF%85%CF%83%CE%AF%CE%B5%CF%82
B.L	el	%CE%94%CE%B9%CE%BF%CE%BE%CE%B5%CE%AF%CE%B4%CE%B9%CE%BF+%CF%84%CE%BF%CF%85+%CE%AC%CE%BD%CE%B8%CF%81%CE%B1%CE%BA%CE%B1
B.L	el	%CE%94%CE%BF%CE%BB%CE%AC%CF%81%CE%B9%CE%BF+%CE%97%CE%A0%CE%91
B.L	el	%CE%95%CE%BB%CE%BB%CE%AC%CE%B4%CE%B1
B.L	el	%CE%95%CE%BB%CE%BB%CE%B7%CE%BD%CE%B9%CE%BA%CE%AE+%CE%95%CF%84%CE%B1%CE%B9%CF%81%CE%B5%CE%AF%CE%B1+%CE%95%CE%BC%CF%86%CE%B9%CE%B1%CE%BB%CF%8E%CF%83%CE%B5%CF%89%CF%82
B.L	el	%CE%95%CF%81%CE%B3%CE%BF%CF%83%CF%84%CE%AC%CF%83%CE%B9%CE%BF
B.L	el	%CE%97%CE%A0%CE%91
B.L	el	%CE%99%CE%BD%CF%84%CE%B9%CE%AC%CE%BD%CE%B1
B.L	el	%CE%99%CE%BF%CF%8D%CE%BB%CE%B9%CE%BF%CF%82
B.L	el	%CE%9A%CE%BF%CF%8D%CE%B2%CE%B1
B.L	el	%CE%9A%CF%8C%CE%BB%CE%B1
B.L	el	%CE%9B%CE%BF%CE%B3%CF%8C%CF%84%CF%85%CF%80%CE%BF
B.L	el	%CE%9B%CE%BF%CF%82+%CE%86%CE%BD%CF%84%CE%B6%CE%B5%CE%BB%CE%B5%CF%82
B.L	el	%CE%9C%CE%AC%CF%81%CE%BA%CE%B5%CF%84%CE%B9%CE%BD%CE%B3%CE%BA
B.L	el	%CE%9C%CF%80%CE%B1%CF%87%CE%B1%CF%81%CE%B9%CE%BA%CF%8C
B.L	el	%CE%9D%CE%B1%CE%B6%CE%B9%CF%83%CF%84%CE%B9%CE%BA%CE%AE+%CE%93%CE%B5%CF%81%CE%BC%CE%B1%CE%BD%CE%AF%CE%B1
B.L	el	%CE%9D%CF%84%CE%AC%CE%BB%CE%B1%CF%82
B.L	el	%CE%A0%CE%BB%CE%B7%CE%B8%CF%85%CF%83%CE%BC%CF%8C%CF%82
B.L	el	%CE%A0%CE%BF%CF%85%CE%AD%CF%81%CF%84%CE%BF+%CE%A1%CE%AF%CE%BA%CE%BF
B.L	el	%CE%A3%CE%B9%CE%BA%CE%AC%CE%B3%CE%BF
B.L	el	%CE%A3%CF%85%CE%BC%CF%80%CF%8D%CE%BA%CE%BD%CF%89%CF%83%CE%B7
B.L	el	%CE%A4%CE%B6%CE%BF%CE%BD+%CE%A3%CF%84%CE%B9%CE%B8+%CE%A0%CE%AD%CE%BC%CF%80%CE%B5%CF%81%CF%84%CE%BF%CE%BD
B.L	el	%CE%A4%CE%B6%CF%8C%CF%81%CF%84%CE%B6%CE%B9%CE%B1+%28%CE%A0%CE%BF%CE%BB%CE%B9%CF%84%CE%B5%CE%AF%CE%B1+%CE%97%CE%A0%CE%91%29
B.L	el	%CE%A6%CE%AC%CE%BD%CF%84%CE%B1
B.L	el	%CE%92%CE%B9%CE%BA%CE%B9%CF%80%CE%B1%CE%AF%CE%B4%CE%B5%CE%B9%CE%B1%3A%CE%95%CF%80%CE%B1%CE%BB%CE%B7%CE%B8%CE%B5%CF%85%CF%83%CE%B9%CE%BC%CF%8C%CF%84%CE%B7%CF%84%CE%B1
B.L	el	%CE%92%CE%B9%CE%BA%CE%B9%CF%80%CE%B1%CE%AF%CE%B4%CE%B5%CE%B9%CE%B1%3A%CE%A0%CE%B1%CF%81%CE%AC%CE%B8%CE%B5%CF%83%CE%B7+%CF%80%CE%B7%CE%B3%CF%8E%CE%BD
B.L	eo	19-a+jarcento
B.L	eo	Angla+lingvo
B.L	eo	Angle
B.L	eo	Askorbata+acido
B.L	eo	Diabeto
B.L	eo	Fruktozo
B.L	eo	Genetike+modifita+organismo
B.L	eo	Glukozo
B.L	eo	Kafeino
B.L	eo	Kalcio
B.L	eo	Karbonato
B.L	eo	Kolao
B.L	eo	Kuracilo
B.L	eo	Las+Vegas
B.L	eo	Magnezio
B.L	eo	Maiza+siropo
B.L	eo	Maizo
B.L	eo	Nutroscienco
B.L	eo	Ostoporeco
B.L	eo	Restoracio
B.L	eo	Sukero
B.L	eo	The+Coca-Cola+Company
B.L	eo	Trinka%C4%B5o
B.L	eo	Trodikeco
B.L	eo	Vegeta%C4%B5o
B.L	eo	Vendma%C5%9Dino
B.L	eo	Vitamino+A
B.L	eo	Vitamino+B2
B.L	en	1928+Summer+Olympics
B.L	en	1964+in+music
B.L	en	1977+FIFA+World+Youth+Championship
B.L	en	1978+FIFA+World+Cup
B.L	en	1996+Cricket+World+Cup
B.L	en	1996+Summer+Olympics
B.L	en	1997+FIFA+World+Youth+Championship
B.L	en	2010+Winter+Olympics
B.L	en	A+Little+Less+Conversation
B.L	en	AdeS
B.L	en	Advertising+agency
B.L	en	Advertising+slogan
B.L	en	Aerated+water
B.L	en	Afri-Cola
B.L	en	Afri+Cola
B.L	en	Ambasa
B.L	en	American+Academy+of+Family+Physicians
B.L	en	American+Express
B.L	en	American+Samoa
B.L	en	Ameyal
B.L	en	Amrat+Cola
B.L	en	Apotekarnes+Cola
B.L	en	Aquarius+%28sports+drink%29
B.L	en	Arab+League
B.L	en	Arab+League+boycott+of+Israel
B.L	en	Arab+world
B.L	en	Arwa+%28water%29
B.L	en	Asa+Griggs+Candler
B.L	en	Ascorbic+acid
B.L	en	Asheville+Citizen-Times
B.L	en	Associated+Press
B.L	en	Association+football
B.L	en	Atlanta
B.L	en	Atlanta+Journal
B.L	en	Avra
B.L	en	Ayataka
B.L	en	BPM+Energy
B.L	en	Backlash+%28sociology%29
B.L	en	Baikal+%28drink%29
B.L	en	Barq%27s
B.L	en	Barr+Cola
B.L	en	Beat+%28soda%29
B.L	en	Beed+Cola
B.L	en	Belfast+CityBeat
B.L	en	Beverage+Partners+Worldwide
B.L	en	Beverly+%28drink%29
B.L	en	Big+8+Cola
B.L	en	Big+Cola
B.L	en	Bottle
B.L	en	Bottle+opener
B.L	en	Brand+Republic
B.L	en	Breizh+Cola
B.L	en	British+Broadcasting+Corporation
B.L	en	Brittany
B.L	en	Bubba+Cola
B.L	en	Burn+%28energy+drink%29
B.L	en	BusinessWeek
B.L	en	CBS
B.L	en	Caffeine
B.L	en	Caffeine-Free+Coca-Cola
B.L	en	Caffeine+addiction
B.L	en	Calcium
B.L	en	Campa+Cola
B.L	en	Cappy+%28juice%29
B.L	en	Capri+Sun
B.L	en	Caramel+color
B.L	en	Carbonated+water
B.L	en	Carbonation
B.L	en	Caribou+Coffee
B.L	en	Cartersville%2C+Georgia
B.L	en	Cassinelli+%28soft+drink%29
B.L	en	Cavan+Cola
B.L	en	Cent+%28currency%29
B.L	en	Centre+for+Science+and+Environment
B.L	en	Cepita
B.L	en	Charlotte+Motor+Speedway
B.L	en	Chattanooga%2C+Tennessee
B.L	en	Chimpanzee
B.L	en	China+Cola
B.L	en	Chinotto+%28soft+drink%29
B.L	en	Chlorpyrifos
B.L	en	Christmas+lights
B.L	en	Ciel+%28beverage%29
B.L	en	Citra+%28India%29
B.L	en	Classic+Cola+%28Sainsbury%27s%29
B.L	en	Club+Cola
B.L	en	Coca
B.L	en	Coca-Cola+600
B.L	en	Coca-Cola+Amatil
B.L	en	Coca-Cola+Black+Cherry+Vanilla
B.L	en	Coca-Cola+Bl%C4%81K
B.L	en	Coca-Cola+Bl%C4%81k
B.L	en	Coca-Cola+C2
B.L	en	Coca-Cola+Cherry
B.L	en	Coca-Cola+Citra
B.L	en	Coca-Cola+Classic
B.L	en	Coca-Cola+Classic+%28college+football%29
B.L	en	Coca-Cola+Company
B.L	en	Coca-Cola+Enterprises
B.L	en	Coca-Cola+FEMSA
B.L	en	Coca-Cola+Freestyle
B.L	en	Coca-Cola+Hellenic
B.L	en	Coca-Cola+Light+Sango
B.L	en	Coca-Cola+Orange
B.L	en	Coca-Cola+PBA+Youngstars
B.L	en	Coca-Cola+Raspberry
B.L	en	Coca-Cola+Vanilla
B.L	en	Coca-Cola+Zero
B.L	en	Coca-Cola+ban+in+Bolivia
B.L	en	Coca-Cola+formula
B.L	en	Coca-Cola+slogans
B.L	en	Coca-Cola+with+Lemon
B.L	en	Coca-Cola+with+Lime
B.L	en	Coca+Cola+Company
B.L	en	Coca+Colla
B.L	en	Coca+leaf
B.L	en	Coca+wine
B.L	en	Cocacolonization
B.L	en	Cocaine
B.L	en	Cockta
B.L	en	Cocoa+pod
B.L	en	Coke+Zero+400
B.L	en	Cola
B.L	en	Cola+Turka
B.L	en	Cola+wars
B.L	en	Colalife
B.L	en	Cole+Cold
B.L	en	College+football
B.L	en	Colorado+City%2C+Texas
B.L	en	Columbia+Pictures
B.L	en	Columbus%2C+Georgia
B.L	en	Come+Together
B.L	en	Concentrate
B.L	en	Concord%2C+North+Carolina
B.L	en	Concurring+opinion
B.L	en	Conveyor+belt
B.L	en	Corsica
B.L	en	Corsica+Cola
B.L	en	Costco
B.L	en	Count+Cola
B.L	en	Cricket+Cola
B.L	en	Criticism+of+Coca-Cola
B.L	en	Cuba+Cola
B.L	en	Culture+of+the+United+States
B.L	en	DDT
B.L	en	Dasani
B.L	en	David+Bowie
B.L	en	Daytona+International+Speedway
B.L	en	Deep+River+Rock
B.L	en	Delaware+Punch
B.L	en	Delhi+Daredevils
B.L	en	DesignTAXI.com
B.L	en	Design+patent
B.L	en	Diet+Coke
B.L	en	Diet+Coke+Plus
B.L	en	Diet+Rite
B.L	en	Digital+object+identifier
B.L	en	Diwali
B.L	en	Don+Naylor
B.L	en	Double+Cola
B.L	en	Dr+Pepper+Snapple+Group
B.L	en	Dresden
B.L	en	Dyspepsia
B.L	en	Earl+R.+Dean
B.L	en	El+Ch%C3%A9-Cola
B.L	en	Elton+John
B.L	en	Elvis+Presley
B.L	en	Elvis+in+Concert
B.L	en	Emeline+Fairbanks+Memorial+Library
B.L	en	Emory+University
B.L	en	Encyclop%C3%A6dia+Britannica
B.L	en	Energy+Brands
B.L	en	Energy+drink
B.L	en	Enviga
B.L	en	Ernest+Woodruff
B.L	en	Escola+v.+Coca-Cola+Bottling+Co.
B.L	en	European+Union
B.L	en	Evoca+Cola
B.L	en	Export+Cola
B.L	en	FIFA
B.L	en	FIFA+U-20+World+Cup
B.L	en	FIFA+World+Cup
B.L	en	Fada+cola
B.L	en	Fanta
B.L	en	Far+Coast
B.L	en	Faygo
B.L	en	Federation+of+Bosnia+and+Herzegovina
B.L	en	Fentimans+Curiosity+Cola
B.L	en	Fioravanti+%28soft+drink%29
B.L	en	Five+Alive
B.L	en	Fogo%2C+Cape+Verde
B.L	en	Food+service
B.L	en	Football+in+England
B.L	en	Fort+Dodge%2C+Iowa
B.L	en	Frank+Mason+Robinson
B.L	en	Freightliner+Trucks
B.L	en	French+Army
B.L	en	Fresca
B.L	en	Frescolita
B.L	en	Fruitopia
B.L	en	Fruktime
B.L	en	Fruti+Kola
B.L	en	Frutonic
B.L	en	Fuji-Cola
B.L	en	Full+Throttle+%28drink%29
B.L	en	Fulton+County%2C+Georgia
B.L	en	Fuze+Beverage
B.L	en	Gaza
B.L	en	George+Michael
B.L	en	Georgia+%28U.S.+state%29
B.L	en	Georgia+%28drink%29
B.L	en	Ghost+sign
B.L	en	Ginger+ale
B.L	en	Girl+Distribution+Company
B.L	en	Gladiator+%28energy+drink%29
B.L	en	Gold+Peak+Tea
B.L	en	Gold+Spot
B.L	en	Guaranito
B.L	en	Haddon+Sundblom
B.L	en	Hajime
B.L	en	Heavy+Goods+Vehicle
B.L	en	Heinz+Field
B.L	en	Hey+Kid%2C+Catch%21
B.L	en	Hi-C
B.L	en	High-fructose+corn+syrup
B.L	en	High+Atlas
B.L	en	Hilda+Clark
B.L	en	Hit+%28drink%29
B.L	en	Hit+single
B.L	en	Hobble+skirt
B.L	en	Honest+Tea
B.L	en	Hoop+skirt
B.L	en	Human+immunodeficiency+virus
B.L	en	I%27d+Like+to+Teach+the+World+to+Sing
B.L	en	Ig+Nobel+Prize
B.L	en	Immune+system
B.L	en	Impotence
B.L	en	Inca+Kola
B.L	en	Indian+Premier+League
B.L	en	Indian+subcontinent
B.L	en	Initial+public+offering
B.L	en	Innocent+Drinks
B.L	en	International+Standard+Book+Number
B.L	en	International+Standard+Serial+Number
B.L	en	Ira+Glass
B.L	en	Irn-Bru
B.L	en	Isaac+Kola
B.L	en	Jaz+Cola
B.L	en	Joe+Greene+%28American+football%29
B.L	en	John+Pemberton
B.L	en	Jolly+Cola
B.L	en	Jolt+Cola
B.L	en	Joya+%28drink%29
B.L	en	Julmust
B.L	en	Karl+Lagerfeld
B.L	en	Kerala
B.L	en	Kinley
B.L	en	Kitty+Kola
B.L	en	Kofola
B.L	en	Kola+Inglesa
B.L	en	Kola+Real
B.L	en	Kola+Rom%C3%A1n
B.L	en	Kola+nut
B.L	en	Kosher
B.L	en	Krest
B.L	en	Kristal+Kola
B.L	en	LA+Ice+Cola
B.L	en	Lahore
B.L	en	Laranjada
B.L	en	Las+Vegas+Strip
B.L	en	Lava+Cola
B.L	en	Lawsuit
B.L	en	Lemon+%26+Paeroa
B.L	en	Life+magazine
B.L	en	Lift+%28soft+drink%29
B.L	en	Like+Cola
B.L	en	Lilt
B.L	en	Limca
B.L	en	Lindane
B.L	en	List+of+Coca-Cola+brands
B.L	en	Lola+%28song%29
B.L	en	Maaza
B.L	en	Macedonia+%28country%29
B.L	en	Macmillan+Publishers
B.L	en	Madeira
B.L	en	Magnesium
B.L	en	Major+League+Baseball
B.L	en	Malathion
B.L	en	Mallinckrodt
B.L	en	Malvern+Water+%28bottled+water%29
B.L	en	Mare+Rosso
B.L	en	Mark+Pendergrast
B.L	en	Massachusetts+Medical+Society
B.L	en	Matte+Le%C3%A3o
B.L	en	Maxx+Barry
B.L	en	Maywood%2C+New+Jersey
B.L	en	McCann+Erickson
B.L	en	Mecca-Cola
B.L	en	Mecca+Cola
B.L	en	Melanie+Thornton
B.L	en	Mello+Yello
B.L	en	Mercator+%28retail%29
B.L	en	Metonymy
B.L	en	Mexican+Coke
B.L	en	Mezzo+Mix
B.L	en	Michel+Kichka
B.L	en	Minden%2C+Louisiana
B.L	en	Mineral+water
B.L	en	Minute+Maid
B.L	en	Morphine
B.L	en	Mother+%28energy+drink%29
B.L	en	Mr.+Cola
B.L	en	My+Coke+Rewards
B.L	en	Myanmar
B.L	en	NASCAR
B.L	en	NOS+%28drink%29
B.L	en	National+Basketball+Association
B.L	en	National+Football+League
B.L	en	National+Hockey+League
B.L	en	Nazi+Germany
B.L	en	Nestea
B.L	en	Neurasthenia
B.L	en	New+Coke
B.L	en	New+England+Journal+of+Medicine
B.L	en	Nike%2C+Inc
B.L	en	Nordic+Mist
B.L	en	Nostalgia
B.L	en	OK+Soda
B.L	en	Oasis+%28drink%29
B.L	en	Odwalla
B.L	en	Olvi+Cola
B.L	en	One%2C+Two%2C+Three
B.L	en	OpenCola+%28drink%29
B.L	en	Osteoporosis
B.L	en	Ounce
B.L	en	Owens-Illinois+Glass+Company
B.L	en	Pakola
B.L	en	Parody
B.L	en	Parsi+Cola
B.L	en	Patent+medicine
B.L	en	Pemberton%27s+French+Wine+Coca
B.L	en	Pepsi
B.L	en	Pepsi-Cola
B.L	en	PepsiCo
B.L	en	Pepsi+challenge
B.L	en	Per%C3%BA+Cola
B.L	en	Pesticide
B.L	en	Pesticides
B.L	en	Pharmaceutical
B.L	en	Phosphoric+acid
B.L	en	Physical+dependence
B.L	en	Pibb+Xtra
B.L	en	Pittsburgh+Steelers
B.L	en	Polo-Cockta
B.L	en	Popular+culture
B.L	en	Portello+%28soft+drink%29
B.L	en	Powerade
B.L	en	Pran+Cola
B.L	en	Premier+League
B.L	en	Premium-Cola
B.L	en	Premix+and+postmix
B.L	en	Product+liability
B.L	en	Prohibition
B.L	en	Prototype
B.L	en	PubMed+Identifier
B.L	en	Public+Radio+International
B.L	en	Qibla+Cola
B.L	en	Qoo
B.L	en	Quatro+%28beverage%29
B.L	en	Quwat+Jabal
B.L	en	RC+Cola
B.L	en	Ra.One
B.L	en	Ramblin%27+Root+Beer
B.L	en	Ray+Davies
B.L	en	Raymond+Loewy
B.L	en	Red+Bull+Cola
B.L	en	Red+Flash
B.L	en	Red+Kola
B.L	en	Relentless+%28drink%29
B.L	en	Riboflavin
B.L	en	RimZim
B.L	en	Rockstar+%28drink%29
B.L	en	Roger+J.+Traynor
B.L	en	Rola+Cola
B.L	en	Roquel+Billy+Davis
B.L	en	Royal+Tru
B.L	en	R%C3%A9union
B.L	en	STS-77
B.L	en	Sam%27s+Cola
B.L	en	Santa+Claus
B.L	en	Santiba
B.L	en	Sarsi+%28drink%29
B.L	en	Schweppes+Cola
B.L	en	Scientific+evidence
B.L	en	Screw+cap
B.L	en	Seagram
B.L	en	Selena
B.L	en	Senzao
B.L	en	Simply+Orange
B.L	en	Sinalco
B.L	en	Skopje
B.L	en	Smart+%28drink%29
B.L	en	Snopes
B.L	en	Soda+fountain
B.L	en	Soft+drink
B.L	en	Soft+drinks
B.L	en	Sokenbicha
B.L	en	Sony
B.L	en	Space+Shuttle
B.L	en	Sparkle+%28drink%29
B.L	en	Sparletta
B.L	en	Spencerian+Script
B.L	en	Spermicide
B.L	en	Sponsor+%28commercial%29
B.L	en	Spring%21
B.L	en	Sprint+Cup+Series
B.L	en	Sprite+%28soft+drink%29
B.L	en	St.+Louis%2C+Missouri
B.L	en	Stepan+Company
B.L	en	Stoney+%28drink%29
B.L	en	Streetcar
B.L	en	Strict+liability
B.L	en	Sucrose
B.L	en	SunTrust+Bank
B.L	en	Supreme+Court+of+California
B.L	en	Surge+%28soft+drink%29
B.L	en	Swerve
B.L	en	Syrup+%28novel%29
B.L	en	Tab+%28soft+drink%29
B.L	en	Tanora
B.L	en	Television+advertisement
B.L	en	Tennis+ball
B.L	en	Terre+Haute%2C+Indiana
B.L	en	Texas
B.L	en	The+Beach+Boys
B.L	en	The+Beatles
B.L	en	The+Belfast+Telegraph
B.L	en	The+Coca-Cola+Company
B.L	en	The+Coca-Cola+Kid
B.L	en	The+Football+League
B.L	en	The+Gods+Must+Be+Crazy
B.L	en	The+Kinks
B.L	en	The+New+York+Times
B.L	en	The+Post+and+Courier
B.L	en	The+Root+Glass+Company
B.L	en	This+American+Life
B.L	en	Thums+Up
B.L	en	Tiky
B.L	en	Tobias+Geffen
B.L	en	Topsia+Cola
B.L	en	Trade+secret
B.L	en	Triple+Kola
B.L	en	Troy+Polamalu
B.L	en	TuKola
B.L	en	Tucson%2C+Arizona
B.L	en	Tum-E+Yummies
B.L	en	Typeface
B.L	en	Ubuntu+Cola
B.L	en	Underwriter
B.L	en	United+States+v.+Forty+Barrels+and+Twenty+Kegs+of+Coca-Cola
B.L	en	Urge+%28soft+drink%29
B.L	en	Valpre
B.L	en	Vancouver
B.L	en	Vault+%28soft+drink%29
B.L	en	VegitaBeta
B.L	en	Vending+machine
B.L	en	Vicksburg%2C+Mississippi
B.L	en	Victoria+%28soda%29
B.L	en	Victorian+fashion
B.L	en	Vigo+County+Public+Library
B.L	en	Vin+Mariani
B.L	en	Virgin+Cola
B.L	en	Vita+Cola
B.L	en	Vitamin+A
B.L	en	Vitamin+Water
B.L	en	Volkswagen+T2
B.L	en	WAGA+%28TV%29
B.L	en	WGST
B.L	en	Washington+Post
B.L	en	Wayback+Machine
B.L	en	WebCite
B.L	en	West+Bank
B.L	en	White+Coke
B.L	en	White+Rock+Beverages
B.L	en	Whitney+Houston
B.L	en	Wired+%28magazine%29
B.L	en	World+War+II
B.L	en	World+of+Coca-Cola
B.L	en	XL+Cola
B.L	en	Yahoo%21
B.L	en	Yap
B.L	en	Yoli
B.L	en	Zam+Zam+Cola
B.L	en	Zelal+Cola
B.L	en	Zevia+Cola
B.L	en	Wikipedia%3ACitation+needed
B.L	en	Wikipedia%3AProtection+policy
B.L	en	Wikipedia%3AVagueness
B.L	en	Template%3ACoca-Cola+brands
B.L	en	Template%3AColas
B.L	en	Coca-Cola%22%3E%3Clinks%3E%3Cpl+ns%3D%2210
B.L	en	Template%3APortal%2FImages%2FAtlanta
B.L	en	Template%3APortal%2FImages%2FDrink
B.L	en	Template%3APortal%2FImages%2FFood
B.L	en	Template%3APortal%2FImages%2FGeorgia+%28u.s.+state%29
B.L	en	Template%3AVarieties+of+Coca-Cola
B.L	en	Template+talk%3ACoca-Cola+brands
B.L	en	Template+talk%3AColas
B.L	en	Template+talk%3AVarieties+of+Coca-Cola
B.L	en	Category%3AArticles+with+unsourced+statements+from+February+2012
B.L	en	Category%3AArticles+with+unsourced+statements+from+July+2012
B.L	en	Category%3AUse+mdy+dates+from+June+2012
B.L	en	Category%3AWikipedia+articles+needing+clarification+from+February+2012
B.L	en	Portal%3AAtlanta
B.L	en	Portal%3ADrink
B.L	en	Portal%3AFood
B.L	en	Portal%3AGeorgia+%28U.S.+state%29
B.L	et	1886
B.L	et	1888
B.L	et	1892
B.L	et	1893
B.L	et	1896
B.L	et	1904
B.L	et	1906
B.L	et	1916
B.L	et	Asa+Candler
B.L	et	Asa+Griggs+Candler
B.L	et	Atlanta
B.L	et	Candler+Building
B.L	et	Chicago
B.L	et	Coca-Cola+Classic
B.L	et	Coca-Cola+light
B.L	et	Dallas
B.L	et	Georgia
B.L	et	Guatemala
B.L	et	John+Pemberton
B.L	et	John+Stith+Pemberton
B.L	et	Joogifont%C3%A4%C3%A4n
B.L	et	J%C3%A4%C3%A4kuubik
B.L	et	Karastusjook
B.L	et	Karboniseeritud+jook
B.L	et	Kokaiin
B.L	et	Kokap%C3%B5%C3%B5sas
B.L	et	Koolajook
B.L	et	Linnalegend
B.L	et	Logo
B.L	et	Los+Angeles
B.L	et	L%C3%A4%C3%A4ne+elulaad
B.L	et	New+York
B.L	et	Pepsi-Cola
B.L	et	Philadelphia
B.L	et	Pudel
B.L	et	Registreeritud+kaubam%C3%A4rk
B.L	et	Reklaamplakat
B.L	et	The+Coca-Cola+Company
B.L	et	USA
B.L	et	USA+dollar
B.L	et	Unts
B.L	es	1886
B.L	es	1928
B.L	es	1982
B.L	es	1997
B.L	es	1+de+junio
B.L	es	2002
B.L	es	2004
B.L	es	2005
B.L	es	2006
B.L	es	3+de+abril
B.L	es	Abogado
B.L	es	Aceite
B.L	es	Afri+Cola
B.L	es	Agua
B.L	es	Alcohol
B.L	es	Alemania
B.L	es	Alm%C3%ADbar+de+ma%C3%ADz+de+alta+fructosa
B.L	es	Am%C3%A9rica
B.L	es	Argentina
B.L	es	Arica
B.L	es	Asa+Griggs+Candler
B.L	es	Aspartamo
B.L	es	Atlanta
B.L	es	Az%C3%BAcar
B.L	es	Bebida+de+cola
B.L	es	Big+Cola
B.L	es	Bosnia+y+Herzegovina
B.L	es	Botella
B.L	es	Brasil
B.L	es	B%C3%A9lgica
B.L	es	Cafe%C3%ADna
B.L	es	Caf%C3%A9
B.L	es	Calcio
B.L	es	Caligraf%C3%ADa
B.L	es	Canad%C3%A1
B.L	es	Canela
B.L	es	Caracteres+chinos+simplificados
B.L	es	Caracteres+chinos+tradicionales
B.L	es	Caramelo
B.L	es	Cefalea
B.L	es	Chile
B.L	es	China
B.L	es	Cilantro
B.L	es	Citrus+%C3%97+limon
B.L	es	Clorpirif%C3%B3s
B.L	es	Coca
B.L	es	Coca-Cola+Cherry
B.L	es	Coca-Cola+Citra
B.L	es	Coca-Cola+Lemon
B.L	es	Coca-Cola+Light
B.L	es	Coca-Cola+Light+Sango
B.L	es	Coca-Cola+M5
B.L	es	Coca-Cola+Orange
B.L	es	Coca-Cola+Zero
B.L	es	Coca+Cola+Frita
B.L	es	Coca%C3%ADna
B.L	es	Cola+Turka
B.L	es	Cola+acuminata
B.L	es	Condensaci%C3%B3n+%28f%C3%ADsica%29
B.L	es	C%C3%A1ncer
B.L	es	DDT
B.L	es	Diabetes+mellitus+tipo+2
B.L	es	Dracma+medicinal
B.L	es	Drogodependencia
B.L	es	Edulcorante
B.L	es	Espa%C3%B1a
B.L	es	Especia
B.L	es	Espermicida
B.L	es	Estados+Unidos
B.L	es	Europa
B.L	es	Farmac%C3%A9utico
B.L	es	Fenilalanina
B.L	es	Fenilcetonuria
B.L	es	Francia
B.L	es	Fructosa
B.L	es	F%C3%B3rmula+de+la+Coca-Cola
B.L	es	Galon
B.L	es	Gaseosa
B.L	es	Gastronom%C3%ADa+de+Estados+Unidos
B.L	es	Generaciones
B.L	es	Georgia+%28Estados+Unidos%29
B.L	es	Georgia+%28estado%29
B.L	es	Idioma+chino
B.L	es	Inca+Kola
B.L	es	India
B.L	es	Irn+Bru
B.L	es	Italia
B.L	es	Jap%C3%B3n
B.L	es	Jarabe+de+ma%C3%ADz
B.L	es	John+Stith+Pemberton
B.L	es	Kerala
B.L	es	Kola+Real
B.L	es	Lata
B.L	es	Leyenda+urbana
B.L	es	Lima
B.L	es	Lim%C3%B3n
B.L	es	Lindano
B.L	es	Logotipo
B.L	es	Magnesio
B.L	es	Malati%C3%B3n
B.L	es	Malta
B.L	es	Marketing
B.L	es	Max+Keith
B.L	es	Mecca-Cola
B.L	es	Medicamento
B.L	es	Medios+de+comunicaci%C3%B3n
B.L	es	Mililitro
B.L	es	M%C3%A1quina+expendedora
B.L	es	M%C3%A9xico
B.L	es	Naranja
B.L	es	Nerol%C3%AD
B.L	es	Nueva+Delhi
B.L	es	Nueva+Zelanda
B.L	es	Nuez+moscada
B.L	es	Nutricionismo
B.L	es	N%C3%A1usea
B.L	es	Obesidad
B.L	es	Onza
B.L	es	Onza+%28unidad+de+masa%29
B.L	es	OpenCola
B.L	es	Organizaci%C3%B3n+Mundial+de+la+Salud
B.L	es	Organizaci%C3%B3n+no+gubernamental
B.L	es	Osteoporosis
B.L	es	PMID
B.L	es	Parodia
B.L	es	Parsi+Cola
B.L	es	Patente
B.L	es	Pa%C3%ADs
B.L	es	Pepsi
B.L	es	PepsiCo
B.L	es	Per%C3%BA
B.L	es	Pinta
B.L	es	Pinyin
B.L	es	Plaguicida
B.L	es	Postob%C3%B3n
B.L	es	Premio+Ig+Nobel
B.L	es	Premio+Nobel
B.L	es	Puerto+Rico
B.L	es	Qibla+Cola
B.L	es	Quebec
B.L	es	Receta+de+cocina
B.L	es	Reducci%C3%B3n+%28gastronom%C3%ADa%29
B.L	es	Reino+Unido
B.L	es	Restaurante
B.L	es	Riboflavina
B.L	es	Salsa+%28gastronom%C3%ADa%29
B.L	es	Sed
B.L	es	Semilla
B.L	es	Siglo+XX
B.L	es	Sirope
B.L	es	Sistema+inmunol%C3%B3gico
B.L	es	Texas
B.L	es	The+Coca-Cola+Company
B.L	es	Tienda
B.L	es	Time
B.L	es	Uni%C3%B3n+Europea
B.L	es	Vainilla
B.L	es	Vitamina+A
B.L	es	Wayback+Machine
B.L	es	Wikimedia+Commons
B.L	es	Zam+Zam+Cola
B.L	es	%C3%81cido+asc%C3%B3rbico
B.L	es	%C3%81cido+c%C3%ADtrico
B.L	es	%C3%81cido+fosf%C3%B3rico
B.L	es	Wikipedia%3AFuentes+fiables
B.L	es	Wikipedia%3AVerificabilidad
B.L	es	Ayuda%3AC%C3%B3mo+referenciar
B.L	ca	1886
B.L	ca	Acci%C3%B3
B.L	ca	Alter+Cola+%28La+Cola+Catalana%29
B.L	ca	Angl%C3%A8s
B.L	ca	Anh%C3%ADdrid+carb%C3%B2nic
B.L	ca	Aspartam
B.L	ca	Atlanta
B.L	ca	Beguda
B.L	ca	Beguda+de+cola
B.L	ca	Coca+%28planta%29
B.L	ca	Coca%C3%AFna
B.L	ca	Cola
B.L	ca	Cotitzaci%C3%B3
B.L	ca	Diabetis+mellitus
B.L	ca	Empla%C3%A7ament+de+producte
B.L	ca	Empresa
B.L	ca	Estats+Units
B.L	ca	Fanta
B.L	ca	Fenilceton%C3%BAria
B.L	ca	Gust+dol%C3%A7
B.L	ca	John+Pemberton
B.L	ca	Marca+comercial
B.L	ca	Mecca-Cola
B.L	ca	Medi+ambient
B.L	ca	Menjar+r%C3%A0pid
B.L	ca	Nova+York
B.L	ca	Obesitat
B.L	ca	Pepsi
B.L	ca	Publicitat
B.L	ca	Refresc
B.L	ca	Regne+Unit
B.L	ca	Segle+XX
B.L	ca	Sprite+%28refresc%29
B.L	ca	S%C3%A0piens
B.L	ca	Tab+Cola
B.L	ca	The+Coca-Cola+Company
B.L	ca	%C3%8Dndia
B.L	bs	1886
B.L	bs	Coca-Cola+C2
B.L	bs	John+Pemberton
B.L	bs	Pepsi
B.L	bs	SAD
B.L	bs	The+Coca-Cola+Company
B.L	bs	Wikipedia%3ACitiranje+izvora
B.L	bs	Wikipedia%3A%C4%8Clanci
B.L	br	1886
B.L	br	Breizh
B.L	br	Charlez+Rolland
B.L	br	Died
B.L	br	Roazhon
B.L	br	Stado%C3%B9+Unanet+Amerika
B.L	br	The+Coca-Cola+Company
B.L	bn	%E0%A6%85%E0%A6%9C%E0%A7%80%E0%A6%B0%E0%A7%8D%E0%A6%A3
B.L	bn	%E0%A6%85%E0%A7%8D%E0%A6%AF%E0%A6%BE%E0%A6%B2%E0%A6%95%E0%A7%8B%E0%A6%B9%E0%A6%B2
B.L	bn	%E0%A6%86%E0%A6%9F%E0%A6%B2%E0%A6%BE%E0%A6%A8%E0%A7%8D%E0%A6%9F%E0%A6%BE%2C+%E0%A6%9C%E0%A6%B0%E0%A7%8D%E0%A6%9C%E0%A6%BF%E0%A6%AF%E0%A6%BC%E0%A6%BE
B.L	bn	%E0%A6%86%E0%A6%A8%E0%A7%8D%E0%A6%A4%E0%A6%B0%E0%A7%8D%E0%A6%9C%E0%A6%BE%E0%A6%A4%E0%A6%BF%E0%A6%95+%E0%A6%AE%E0%A6%BE%E0%A6%A8+%E0%A6%AA%E0%A7%81%E0%A6%B8%E0%A7%8D%E0%A6%A4%E0%A6%95+%E0%A6%B8%E0%A6%82%E0%A6%96%E0%A7%8D%E0%A6%AF%E0%A6%BE
B.L	bn	%E0%A6%86%E0%A6%AB%E0%A6%B0%E0%A6%BF+%E0%A6%95%E0%A7%8B%E0%A6%B2%E0%A6%BE
B.L	bn	%E0%A6%86%E0%A6%B0%E0%A6%B8%E0%A6%BF+%E0%A6%95%E0%A7%8B%E0%A6%B2%E0%A6%BE
B.L	bn	%E0%A6%86%E0%A6%B0%E0%A7%8D%E0%A6%A8+%E0%A6%AC%E0%A7%8D%E0%A6%B0%E0%A7%81
B.L	bn	%E0%A6%86%E0%A6%B8%E0%A6%BE+%E0%A6%97%E0%A7%8D%E0%A6%B0%E0%A6%BF%E0%A6%97%E0%A6%B8+%E0%A6%95%E0%A7%8D%E0%A6%AF%E0%A6%BE%E0%A6%A8%E0%A7%8D%E0%A6%A1%E0%A7%87%E0%A6%B2%E0%A6%BE%E0%A6%B0
B.L	bn	%E0%A6%87%E0%A6%82%E0%A6%B0%E0%A7%87%E0%A6%9C%E0%A6%BF+%E0%A6%AD%E0%A6%BE%E0%A6%B7%E0%A6%BE
B.L	bn	%E0%A6%87%E0%A6%89%E0%A6%B0%E0%A7%8B%E0%A6%AA
B.L	bn	%E0%A6%87%E0%A6%AD%E0%A7%8B%E0%A6%95%E0%A6%BE+%E0%A6%95%E0%A7%8B%E0%A6%B2%E0%A6%BE
B.L	bn	%E0%A6%89%E0%A6%87%E0%A6%95%E0%A6%BF%E0%A6%AE%E0%A6%BF%E0%A6%A1%E0%A6%BF%E0%A6%AF%E0%A6%BC%E0%A6%BE+%E0%A6%95%E0%A6%AE%E0%A6%A8%E0%A7%8D%E0%A6%B8
B.L	bn	%E0%A6%95%E0%A6%B0%E0%A7%8D%E0%A6%B8%E0%A6%BF%E0%A6%95%E0%A6%BE+%E0%A6%95%E0%A7%8B%E0%A6%B2%E0%A6%BE
B.L	bn	%E0%A6%95%E0%A6%BE%E0%A6%B0%E0%A7%8D%E0%A6%AC%E0%A7%8B%E0%A6%A8%E0%A7%87%E0%A6%B6%E0%A6%A8
B.L	bn	%E0%A6%95%E0%A6%BF%E0%A6%AC%E0%A6%B2%E0%A6%BE+%E0%A6%95%E0%A7%8B%E0%A6%B2%E0%A6%BE
B.L	bn	%E0%A6%95%E0%A7%8B%E0%A6%95%E0%A6%BE+%E0%A6%93%E0%A6%AF%E0%A6%BC%E0%A6%BE%E0%A6%87%E0%A6%A8
B.L	bn	%E0%A6%95%E0%A7%8B%E0%A6%AE%E0%A6%B2+%E0%A6%AA%E0%A6%BE%E0%A6%A8%E0%A7%80%E0%A6%AF%E0%A6%BC
B.L	bn	%E0%A6%95%E0%A7%8B%E0%A6%B2%E0%A6%BE
B.L	bn	%E0%A6%95%E0%A7%8B%E0%A6%B2%E0%A6%BE+%E0%A6%9F%E0%A6%BE%E0%A6%B0%E0%A7%8D%E0%A6%95%E0%A6%BE
B.L	bn	%E0%A6%9C%E0%A6%A8+%E0%A6%AA%E0%A7%87%E0%A6%AE%E0%A7%8D%E0%A6%AC%E0%A6%BE%E0%A6%B0%E0%A6%9F%E0%A6%A8
B.L	bn	%E0%A6%9C%E0%A6%AE+%E0%A6%9C%E0%A6%AE+%E0%A6%95%E0%A7%8B%E0%A6%B2%E0%A6%BE
B.L	bn	%E0%A6%9C%E0%A6%B0%E0%A7%8D%E0%A6%9C%E0%A6%BF%E0%A6%AF%E0%A6%BC%E0%A6%BE
B.L	bn	%E0%A6%9C%E0%A6%B0%E0%A7%8D%E0%A6%9C%E0%A6%BF%E0%A6%AF%E0%A6%BC%E0%A6%BE+%28%E0%A6%85%E0%A6%99%E0%A7%8D%E0%A6%97%E0%A6%B0%E0%A6%BE%E0%A6%9C%E0%A7%8D%E0%A6%AF%29
B.L	bn	%E0%A6%A6%E0%A7%8D%E0%A6%AF+%E0%A6%95%E0%A7%8B%E0%A6%95%E0%A6%BE-%E0%A6%95%E0%A7%8B%E0%A6%B2%E0%A6%BE+%E0%A6%95%E0%A7%8B%E0%A6%AE%E0%A7%8D%E0%A6%AA%E0%A6%BE%E0%A6%A8%E0%A6%BF
B.L	bn	%E0%A6%A7%E0%A7%8D%E0%A6%AC%E0%A6%9C%E0%A6%AD%E0%A6%99%E0%A7%8D%E0%A6%97
B.L	bn	%E0%A6%AA%E0%A6%BE%E0%A6%B0%E0%A7%8D%E0%A6%B8%E0%A6%BF+%E0%A6%95%E0%A7%8B%E0%A6%B2%E0%A6%BE
B.L	bn	%E0%A6%AA%E0%A7%87%E0%A6%AA%E0%A6%B8%E0%A6%BF
B.L	bn	%E0%A6%AA%E0%A7%87%E0%A6%AE%E0%A7%8D%E0%A6%AC%E0%A6%BE%E0%A6%B0%E0%A6%9F%E0%A6%A8%E2%80%99%E0%A6%B8+%E0%A6%AB%E0%A7%8D%E0%A6%B0%E0%A7%87%E0%A6%9E%E0%A7%8D%E0%A6%9A+%E0%A6%93%E0%A6%AF%E0%A6%BC%E0%A6%BE%E0%A6%87%E0%A6%A8+%E0%A6%95%E0%A7%8B%E0%A6%95%E0%A6%BE
B.L	bn	%E0%A6%AC%E0%A6%A6%E0%A6%B9%E0%A6%9C%E0%A6%AE
B.L	bn	%E0%A6%AC%E0%A7%8D%E0%A6%B0%E0%A7%87%E0%A6%87%E0%A6%9D+%E0%A6%95%E0%A7%8B%E0%A6%B2%E0%A6%BE
B.L	bn	%E0%A6%AD%E0%A6%BE%E0%A6%B0%E0%A7%8D%E0%A6%9C%E0%A6%BF%E0%A6%A8+%E0%A6%95%E0%A7%8B%E0%A6%B2%E0%A6%BE
B.L	bn	%E0%A6%AD%E0%A6%BF%E0%A6%A8+%E0%A6%AE%E0%A6%BE%E0%A6%B0%E0%A6%BF%E0%A6%AF%E0%A6%BC%E0%A6%BE%E0%A6%A8%E0%A6%BF
B.L	bn	%E0%A6%AD%E0%A7%87%E0%A6%A8%E0%A7%8D%E0%A6%A1%E0%A6%BF%E0%A6%82+%E0%A6%AE%E0%A7%87%E0%A6%B6%E0%A6%BF%E0%A6%A8
B.L	bn	%E0%A6%AE%E0%A6%95%E0%A7%8D%E0%A6%95%E0%A6%BE+%E0%A6%95%E0%A7%8B%E0%A6%B2%E0%A6%BE
B.L	bn	%E0%A6%AE%E0%A6%B0%E0%A6%AB%E0%A6%BF%E0%A6%A8
B.L	bn	%E0%A6%AE%E0%A6%BE%E0%A6%A5%E0%A6%BE%E0%A6%AC%E0%A7%8D%E0%A6%AF%E0%A6%A5%E0%A6%BE
B.L	bn	%E0%A6%AF%E0%A7%81%E0%A6%95%E0%A7%8D%E0%A6%A4%E0%A6%B0%E0%A6%BE%E0%A6%B7%E0%A7%8D%E0%A6%9F%E0%A7%8D%E0%A6%B0
B.L	bn	%E0%A6%B8%E0%A7%81%E0%A6%95%E0%A6%B0%E0%A7%8B%E0%A6%9C
B.L	bn	%E0%A6%B8%E0%A7%8D%E0%A6%A8%E0%A6%BE%E0%A6%AF%E0%A6%BC%E0%A7%81%E0%A6%AC%E0%A6%BF%E0%A6%95+%E0%A6%A6%E0%A7%81%E0%A6%B0%E0%A7%8D%E0%A6%AC%E0%A6%B2%E0%A6%A4%E0%A6%BE
B.L	bn	%E0%A6%B9%E0%A6%BE%E0%A6%87-%E0%A6%AB%E0%A7%8D%E0%A6%B0%E0%A7%81%E0%A6%95%E0%A7%8D%E0%A6%9F%E0%A7%8B%E0%A6%9C+%E0%A6%95%E0%A6%B0%E0%A7%8D%E0%A6%A8+%E0%A6%B8%E0%A6%BF%E0%A6%B0%E0%A6%BE%E0%A6%AA
B.L	bo	%E0%BD%96%E0%BD%8F%E0%BD%B4%E0%BD%84%E0%BC%8B%E0%BD%96%E0%BE%B1%E0%BC%8B
B.L	bg	10+%D1%8E%D0%BB%D0%B8
B.L	bg	12+%D0%BC%D0%B0%D1%80%D1%82
B.L	bg	16+%D0%BD%D0%BE%D0%B5%D0%BC%D0%B2%D1%80%D0%B8
B.L	bg	1886
B.L	bg	1889
B.L	bg	1891
B.L	bg	1892
B.L	bg	1893
B.L	bg	1894
B.L	bg	1895
B.L	bg	1900
B.L	bg	1910
B.L	bg	1913
B.L	bg	1914
B.L	bg	1915
B.L	bg	1919
B.L	bg	1920
B.L	bg	1920-%D1%82%D0%B5
B.L	bg	1926
B.L	bg	1928
B.L	bg	1929
B.L	bg	1930
B.L	bg	1930-%D1%82%D0%B5
B.L	bg	1936
B.L	bg	1937
B.L	bg	1943
B.L	bg	1944
B.L	bg	1955
B.L	bg	1958
B.L	bg	1960
B.L	bg	1965
B.L	bg	1966
B.L	bg	1969
B.L	bg	1978
B.L	bg	1980-%D1%82%D0%B5
B.L	bg	1982
B.L	bg	1983
B.L	bg	1984
B.L	bg	1985
B.L	bg	1986
B.L	bg	1989
B.L	bg	1991
B.L	bg	1992
B.L	bg	1993
B.L	bg	1995
B.L	bg	1996
B.L	bg	1997
B.L	bg	1998
B.L	bg	19+%D0%B2%D0%B5%D0%BA
B.L	bg	1+%D0%BC%D0%B0%D0%B9
B.L	bg	1+%D1%8E%D0%BB%D0%B8
B.L	bg	2000
B.L	bg	2001
B.L	bg	2002
B.L	bg	2004
B.L	bg	2005
B.L	bg	2006
B.L	bg	2007
B.L	bg	2008
B.L	bg	20+%D0%B2%D0%B5%D0%BA
B.L	bg	29+%D1%8E%D0%BD%D0%B8
B.L	bg	31+%D1%8F%D0%BD%D1%83%D0%B0%D1%80%D0%B8
B.L	bg	6+%D0%B0%D0%B2%D0%B3%D1%83%D1%81%D1%82
B.L	bg	8+%D0%BC%D0%B0%D0%B9
B.L	bg	Caffeine-free+Coke
B.L	bg	Coca-Cola+Black+Cherry+Vanilla
B.L	bg	Coca-Cola+Bl%C4%81k
B.L	bg	Coca-Cola+C2
B.L	bg	Coca-Cola+Cherry
B.L	bg	Coca-Cola+Company
B.L	bg	Coca-Cola+Light
B.L	bg	Coca-Cola+M5
B.L	bg	Coca-Cola+Orange
B.L	bg	Coca-Cola+Raspberry
B.L	bg	Coca-Cola+Vanilla
B.L	bg	Coca-Cola+with+Lemon
B.L	bg	Coca-Cola+with+Lime
B.L	bg	Coca+Cola+Citra
B.L	bg	Coca+Cola+Light+Sango
B.L	bg	Coca+Cola+Zero
B.L	bg	Diet+Coke+Plus
B.L	bg	Diet+Coke+Raspberry
B.L	bg	Diet+Lime+Coke
B.L	bg	%D0%90%D0%B2%D1%81%D1%82%D1%80%D0%B0%D0%BB%D0%B8%D1%8F
B.L	bg	%D0%90%D0%B2%D1%81%D1%82%D1%80%D0%B8%D1%8F
B.L	bg	%D0%90%D0%B2%D1%82%D0%BE%D0%BC%D0%B0%D1%82+%D0%B7%D0%B0+%D1%81%D1%82%D0%BE%D0%BA%D0%B8
B.L	bg	%D0%90%D0%BB%D0%B6%D0%B8%D1%80
B.L	bg	%D0%90%D0%BB%D0%BA%D0%BE%D1%85%D0%BE%D0%BB
B.L	bg	%D0%90%D0%BB%D1%83%D0%BC%D0%B8%D0%BD%D0%B8%D0%B5%D0%B2%D0%B0+%D0%BA%D1%83%D1%82%D0%B8%D1%8F
B.L	bg	%D0%90%D0%BD%D0%B3%D0%BB%D0%B8%D0%B9%D1%81%D0%BA%D0%B8
B.L	bg	%D0%90%D0%BD%D0%B3%D0%BB%D0%B8%D0%B9%D1%81%D0%BA%D0%B8+%D0%B5%D0%B7%D0%B8%D0%BA
B.L	bg	%D0%90%D0%BD%D0%B3%D0%BB%D0%B8%D1%8F
B.L	bg	%D0%90%D0%BD%D1%82%D0%B8%D1%81%D0%B5%D0%BC%D0%B8%D1%82%D0%B8%D0%B7%D1%8A%D0%BC
B.L	bg	%D0%90%D1%80%D0%B5%D1%82%D0%B0+%D0%A4%D1%80%D0%B0%D0%BD%D0%BA%D0%BB%D0%B8%D0%BD
B.L	bg	%D0%90%D1%81%D0%BF%D0%B0%D1%80%D1%82%D0%B0%D0%BC
B.L	bg	%D0%90%D1%82%D0%BB%D0%B0%D0%BD%D1%82%D0%B0
B.L	bg	%D0%91%D0%9A%D0%9F
B.L	bg	%D0%91%D0%B5%D0%B7%D0%B0%D0%BB%D0%BA%D0%BE%D1%85%D0%BE%D0%BB%D0%BD%D0%B0+%D0%BD%D0%B0%D0%BF%D0%B8%D1%82%D0%BA%D0%B0
B.L	bg	%D0%91%D0%B5%D0%BB%D0%B3%D0%B8%D1%8F
B.L	bg	%D0%91%D0%B5%D0%BD%D0%B7%D0%B8%D0%BD
B.L	bg	%D0%91%D0%BE%D1%81%D0%BD%D0%B0+%D0%B8+%D0%A5%D0%B5%D1%80%D1%86%D0%B5%D0%B3%D0%BE%D0%B2%D0%B8%D0%BD%D0%B0
B.L	bg	%D0%91%D1%80%D0%B0%D0%B7%D0%B8%D0%BB%D0%B8%D1%8F
B.L	bg	%D0%91%D1%80%D1%8E%D0%BA%D1%81%D0%B5%D0%BB
B.L	bg	%D0%91%D1%83%D1%80%D0%B3%D0%B0%D1%81
B.L	bg	%D0%91%D1%83%D1%82%D0%B8%D0%BB%D0%BA%D0%B0
B.L	bg	%D0%91%D1%8A%D0%BB%D0%B3%D0%B0%D1%80%D0%B8%D1%8F
B.L	bg	%D0%92%D0%B0%D0%BD%D0%B8%D0%BB%D0%B8%D1%8F
B.L	bg	%D0%92%D0%B5%D0%BB%D0%B8%D0%BA%D0%BE%D0%B1%D1%80%D0%B8%D1%82%D0%B0%D0%BD%D0%B8%D1%8F
B.L	bg	%D0%92%D0%B8%D0%BD%D0%BE
B.L	bg	%D0%92%D0%B8%D1%81%D0%BE%D0%BA%D0%BE-%D1%84%D1%80%D1%83%D0%BA%D1%82%D0%BE%D0%B7%D0%B5%D0%BD+%D1%81%D0%B8%D1%80%D0%BE%D0%BF+%D0%BE%D1%82+%D1%86%D0%B0%D1%80%D0%B5%D0%B2%D0%B8%D1%86%D0%B0+%28HFCS%29
B.L	bg	%D0%92%D0%B8%D1%82%D0%B0%D0%BC%D0%B8%D0%BD
B.L	bg	%D0%92%D0%B8%D1%82%D0%B0%D0%BC%D0%B8%D0%BD+C
B.L	bg	%D0%92%D0%B8%D1%82%D0%B0%D0%BC%D0%B8%D0%BD+%D0%90
B.L	bg	%D0%92%D0%BE%D0%B4%D0%B0
B.L	bg	%D0%92%D0%BE%D0%B4%D0%BA%D0%B0
B.L	bg	%D0%92%D1%82%D0%BE%D1%80%D0%B0%D1%82%D0%B0+%D1%81%D0%B2%D0%B5%D1%82%D0%BE%D0%B2%D0%BD%D0%B0+%D0%B2%D0%BE%D0%B9%D0%BD%D0%B0
B.L	bg	%D0%93%D0%B0%D0%B7%D0%B8%D1%80%D0%B0%D0%BD%D0%B5
B.L	bg	%D0%93%D0%B0%D0%BB%D0%BE%D0%BD
B.L	bg	%D0%93%D0%B5%D0%BD%D0%B5%D1%82%D0%B8%D1%87%D0%BD%D0%BE+%D0%BC%D0%BE%D0%B4%D0%B8%D1%84%D0%B8%D1%86%D0%B8%D1%80%D0%B0%D0%BD+%D0%BE%D1%80%D0%B3%D0%B0%D0%BD%D0%B8%D0%B7%D1%8A%D0%BC
B.L	bg	%D0%93%D0%B5%D0%BE%D1%80%D0%B3%D0%B8+%D0%9C%D0%B0%D1%80%D0%BA%D0%BE%D0%B2+%28%D0%BF%D0%B8%D1%81%D0%B0%D1%82%D0%B5%D0%BB%29
B.L	bg	%D0%93%D0%B5%D0%BE%D1%80%D0%B3%D0%B8+%D0%9D%D0%B0%D0%B9%D0%B4%D0%B5%D0%BD%D0%BE%D0%B2+%28%D0%A2%D0%B5%D0%BA%D1%81%D0%B8%D0%BC%29
B.L	bg	%D0%93%D0%B5%D1%80%D0%BC%D0%B0%D0%BD%D0%B8%D1%8F
B.L	bg	%D0%93%D0%B8%D0%B1%D1%80%D0%B0%D0%BB%D1%82%D0%B0%D1%80
B.L	bg	%D0%93%D0%BB%D0%B0%D0%B2%D0%B5%D0%BD+%D0%B8%D0%B7%D0%BF%D1%8A%D0%BB%D0%BD%D0%B8%D1%82%D0%B5%D0%BB%D0%B5%D0%BD+%D0%B4%D0%B8%D1%80%D0%B5%D0%BA%D1%82%D0%BE%D1%80
B.L	bg	%D0%93%D0%BB%D1%8E%D0%BA%D0%BE%D0%B7%D0%B0
B.L	bg	%D0%93%D1%83%D0%B0%D0%BC
B.L	bg	%D0%93%D1%8A%D1%80%D1%86%D0%B8%D1%8F
B.L	bg	%D0%94%D0%B0%D0%BB%D0%B0%D1%81
B.L	bg	%D0%94%D0%B0%D0%BD%D0%B8%D1%8F
B.L	bg	%D0%94%D0%B5%D0%BD+%D0%BD%D0%B0+%D0%B1%D0%BB%D0%B0%D0%B3%D0%BE%D0%B4%D0%B0%D1%80%D0%BD%D0%BE%D1%81%D1%82%D1%82%D0%B0
B.L	bg	%D0%94%D0%B6%D0%B0%D0%BA+%D0%94%D0%B5%D0%BD%D0%B8%D1%8A%D0%BB%D1%81
B.L	bg	%D0%94%D0%B6%D0%B8%D0%BD
B.L	bg	%D0%94%D0%B6%D0%BE%D0%B9%D0%BD%D1%82+%D0%B2%D0%B5%D0%BD%D1%87%D1%8A%D1%80
B.L	bg	%D0%94%D0%B6%D0%BE%D0%BD+%D0%9F%D0%B5%D0%BC%D0%B1%D1%8A%D1%80%D1%82%D1%8A%D0%BD
B.L	bg	%D0%94%D0%B6%D0%BE%D1%80%D0%B4%D0%B6%D0%B8%D1%8F
B.L	bg	%D0%94%D0%B8%D0%B7%D0%B0%D0%B9%D0%BD
B.L	bg	%D0%94%D0%BE%D0%BB%D0%B0%D1%80
B.L	bg	%D0%94%D1%83%D0%B0%D0%B9%D1%82+%D0%90%D0%B9%D0%B7%D0%B5%D0%BD%D1%85%D0%B0%D1%83%D0%B5%D1%80
B.L	bg	%D0%94%D1%8F%D0%B4%D0%BE+%D0%9A%D0%BE%D0%BB%D0%B5%D0%B4%D0%B0
B.L	bg	%D0%95%D0%B2%D0%B3%D0%B5%D0%BD%D0%B8%D0%BA%D0%B0
B.L	bg	%D0%95%D0%B2%D1%80%D0%BE%D0%BF%D0%B0
B.L	bg	%D0%95%D0%B9%D0%B7%D0%B0+%D0%93%D1%80%D0%B8%D0%B3%D1%81+%D0%9A%D0%B0%D0%BD%D0%B4%D0%BB%D0%B5%D1%80
B.L	bg	%D0%95%D0%BD%D1%86%D0%B8%D0%BA%D0%BB%D0%BE%D0%BF%D0%B5%D0%B4%D0%B8%D1%8F+%D0%91%D1%80%D0%B8%D1%82%D0%B0%D0%BD%D0%B8%D0%BA%D0%B0
B.L	bg	%D0%97%D0%B0%D1%85%D0%B0%D1%80
B.L	bg	%D0%97%D0%B5%D0%BB%D0%B5%D0%BD+%D0%BB%D0%B8%D0%BC%D0%BE%D0%BD
B.L	bg	%D0%98%D0%B2%D0%B8%D1%86%D0%B0+%D0%93%D0%B0%D0%B7%D0%B0
B.L	bg	%D0%98%D0%B7%D1%80%D0%B0%D0%B5%D0%BB
B.L	bg	%D0%98%D0%B7%D1%82%D0%BE%D1%87%D0%BD%D0%B0+%D0%95%D0%B2%D1%80%D0%BE%D0%BF%D0%B0
B.L	bg	%D0%98%D0%BA%D0%BE%D0%BD%D0%BE%D0%BC%D0%B8%D0%BA%D0%B0
B.L	bg	%D0%98%D0%BB%D0%B8%D0%BD%D0%BE%D0%B9%D1%81
B.L	bg	%D0%98%D1%81%D0%BB%D0%B0%D0%BD%D0%B4%D0%B8%D1%8F
B.L	bg	%D0%98%D1%81%D0%BF%D0%B0%D0%BD%D0%B8%D1%8F
B.L	bg	%D0%98%D1%82%D0%B0%D0%BB%D0%B8%D1%8F
B.L	bg	%D0%9A%D0%B0%D0%BA%D0%B0%D0%BE
B.L	bg	%D0%9A%D0%B0%D0%BB%D0%B8%D1%84%D0%BE%D1%80%D0%BD%D0%B8%D1%8F
B.L	bg	%D0%9A%D0%B0%D0%BB%D0%BE%D1%80%D0%B8%D1%8F
B.L	bg	%D0%9A%D0%B0%D0%BB%D1%86%D0%B8%D0%B9
B.L	bg	%D0%9A%D0%B0%D0%BD%D0%B0%D0%B4%D0%B0
B.L	bg	%D0%9A%D0%B0%D1%80%D0%B0%D0%BC%D0%B5%D0%BB
B.L	bg	%D0%9A%D0%B0%D1%84%D0%B5
B.L	bg	%D0%9A%D0%B0%D1%87%D0%B5%D1%81%D1%82%D0%B2%D0%BE
B.L	bg	%D0%9A%D0%B8%D1%82%D0%B0%D0%B9
B.L	bg	%D0%9A%D0%BE%D0%BA%D0%B0
B.L	bg	%D0%9A%D0%BE%D0%BA%D0%B0-%D0%9A%D0%BE%D0%BB%D0%B0+%D0%A5%D0%B5%D0%BB%D0%B5%D0%BD%D0%B8%D0%BA+%D0%91%D0%BE%D1%82%D0%BB%D0%B8%D0%BD%D0%B3+%D0%9A%D1%8A%D0%BC%D0%BF%D0%B0%D0%BD%D0%B8
B.L	bg	%D0%9A%D0%BE%D0%BA%D0%B0%D0%B8%D0%BD
B.L	bg	%D0%9A%D0%BE%D0%BB%D0%B0
B.L	bg	%D0%9A%D0%BE%D0%BD%D1%82%D1%83%D1%80%D0%BD%D0%B0+%D0%B1%D1%83%D1%82%D0%B8%D0%BB%D0%BA%D0%B0+%D0%BD%D0%B0+%D0%9A%D0%BE%D0%BA%D0%B0-%D0%9A%D0%BE%D0%BB%D0%B0
B.L	bg	%D0%9A%D0%BE%D1%80%D0%B5%D1%8F
B.L	bg	%D0%9A%D0%BE%D1%81%D1%82%D0%B8%D0%BD%D0%B1%D1%80%D0%BE%D0%B4
B.L	bg	%D0%9A%D0%BE%D1%84%D0%B5%D0%B8%D0%BD
B.L	bg	%D0%9A%D1%83%D0%B1%D0%B0
B.L	bg	%D0%9A%D1%83%D0%B1%D0%B0+%D0%9B%D0%B8%D0%B1%D1%80%D0%B5
B.L	bg	%D0%9A%D1%8A%D0%BB%D1%8A%D0%BC%D0%B1%D0%B8%D1%8F+%D0%9F%D0%B8%D0%BA%D1%87%D1%8A%D1%80%D1%81
B.L	bg	%D0%9A%D1%8A%D0%BB%D1%8A%D0%BC%D0%B1%D1%8A%D1%81
B.L	bg	%D0%9B%D0%B0%D0%B9%D0%BC
B.L	bg	%D0%9B%D0%B0%D1%81+%D0%92%D0%B5%D0%B3%D0%B0%D1%81
B.L	bg	%D0%9B%D0%B5%D0%B4
B.L	bg	%D0%9B%D0%B5%D0%BA%D0%B0%D1%80%D1%81%D1%82%D0%B2%D0%BE
B.L	bg	%D0%9B%D0%B5%D1%82%D0%BD%D0%B8+%D0%BE%D0%BB%D0%B8%D0%BC%D0%BF%D0%B8%D0%B9%D1%81%D0%BA%D0%B8+%D0%B8%D0%B3%D1%80%D0%B8+1928
B.L	bg	%D0%9B%D0%B8%D0%B3%D0%B0+%D0%BD%D0%B0+%D0%B0%D1%80%D0%B0%D0%B1%D1%81%D0%BA%D0%B8%D1%82%D0%B5+%D0%B4%D1%8A%D1%80%D0%B6%D0%B0%D0%B2%D0%B8
B.L	bg	%D0%9B%D0%B8%D0%BA%D1%8C%D0%BE%D1%80
B.L	bg	%D0%9B%D0%B8%D0%BC%D0%BE%D0%BD
B.L	bg	%D0%9B%D0%B8%D1%82%D0%B2%D0%B0
B.L	bg	%D0%9B%D0%B8%D1%82%D1%8A%D1%80
B.L	bg	%D0%9B%D0%BE%D0%B7%D1%83%D0%BD%D0%B3%D0%B8+%D0%BD%D0%B0+%D0%9A%D0%BE%D0%BA%D0%B0+%D0%9A%D0%BE%D0%BB%D0%B0
B.L	bg	%D0%9B%D0%BE%D1%81+%D0%90%D0%BD%D0%B4%D0%B6%D0%B5%D0%BB%D0%B8%D1%81
B.L	bg	%D0%9B%D1%8A%D1%87%D0%B5%D0%B7%D0%B0%D1%80+%D0%90%D0%B2%D1%80%D0%B0%D0%BC%D0%BE%D0%B2
B.L	bg	%D0%9B%D1%8E%D0%BA%D1%81%D0%B5%D0%BC%D0%B1%D1%83%D1%80%D0%B3
B.L	bg	%D0%9C%D0%9E%D0%9A
B.L	bg	%D0%9C%D0%B0%D0%B3%D0%BD%D0%B5%D0%B7%D0%B8%D0%B9
B.L	bg	%D0%9C%D0%B0%D0%B4%D0%B0%D0%B3%D0%B0%D1%81%D0%BA%D0%B0%D1%80
B.L	bg	%D0%9C%D0%B0%D0%BA%D0%B0%D0%BE
B.L	bg	%D0%9C%D0%B0%D0%BB%D0%B0%D0%B9%D0%B7%D0%B8%D1%8F
B.L	bg	%D0%9C%D0%B0%D0%BB%D0%B8%D0%BD%D0%B0
B.L	bg	%D0%9C%D0%B0%D1%80%D0%B3%D0%B0%D1%80%D0%B8%D0%BD
B.L	bg	%D0%9C%D0%B5%D0%BA%D1%81%D0%B8%D0%BA%D0%BE
B.L	bg	%D0%9C%D0%B8%D0%BA%D0%B8+%D0%9C%D0%B0%D1%83%D1%81
B.L	bg	%D0%9C%D0%B8%D0%BB%D0%B8%D0%B3%D1%80%D0%B0%D0%BC
B.L	bg	%D0%9C%D0%BB%D1%8F%D0%BA%D0%BE
B.L	bg	%D0%9C%D0%BE%D0%BD%D0%B3%D0%BE%D0%BB%D0%B8%D1%8F
B.L	bg	%D0%9D%D0%A0%D0%91
B.L	bg	%D0%9D%D0%B0%D1%80%D0%BE%D0%B4%D0%BD%D0%B0+%D1%80%D0%B5%D0%BF%D1%83%D0%B1%D0%BB%D0%B8%D0%BA%D0%B0+%D0%91%D1%8A%D0%BB%D0%B3%D0%B0%D1%80%D0%B8%D1%8F
B.L	bg	%D0%9D%D0%B0%D1%82%D1%80%D0%B8%D0%B5%D0%B2+%D0%B1%D0%B5%D0%BD%D0%B7%D0%BE%D0%B0%D1%82
B.L	bg	%D0%9D%D0%B0%D1%86%D0%B8%D1%81%D1%82%D0%BA%D0%B0+%D0%93%D0%B5%D1%80%D0%BC%D0%B0%D0%BD%D0%B8%D1%8F
B.L	bg	%D0%9D%D0%B8%D0%B9%D0%BB+%D0%94%D0%B0%D0%B9%D0%BC%D1%8A%D0%BD%D0%B4
B.L	bg	%D0%9D%D0%B8%D1%81%D0%BA%D0%BE%D0%B2%D1%8A%D0%B3%D0%BB%D0%B5%D1%85%D0%B8%D0%B4%D1%80%D0%B0%D1%82%D0%BD%D0%B0+%D0%B4%D0%B8%D0%B5%D1%82%D0%B0
B.L	bg	%D0%9D%D0%BE%D0%B2%D0%B0+%D0%97%D0%B5%D0%BB%D0%B0%D0%BD%D0%B4%D0%B8%D1%8F
B.L	bg	%D0%9D%D0%BE%D1%80%D0%B2%D0%B5%D0%B3%D0%B8%D1%8F
B.L	bg	%D0%9D%D0%BE%D1%80%D0%BC%D0%B0%D0%BD+%D0%A0%D0%BE%D0%BA%D1%83%D0%B5%D0%BB
B.L	bg	%D0%9D%D1%8E+%D0%99%D0%BE%D1%80%D0%BA
B.L	bg	%D0%9E%D0%B1%D1%89%D0%BE%D0%BC%D0%B5%D0%B4%D0%B8%D1%8F
B.L	bg	%D0%9E%D0%BB%D0%B8%D0%BC%D0%BF%D0%B8%D0%B0%D0%B4%D0%B0
B.L	bg	%D0%9E%D1%81%D1%82%D0%B5%D0%BE%D0%BF%D0%BE%D1%80%D0%BE%D0%B7%D0%B0
B.L	bg	%D0%9F%D0%B0%D0%BD%D0%B0%D0%BC%D0%B0
B.L	bg	%D0%9F%D0%BB%D0%B0%D1%81%D1%82%D0%BC%D0%B0%D1%81%D0%B0
B.L	bg	%D0%9F%D0%BB%D0%B5%D0%B2%D0%B5%D0%BD
B.L	bg	%D0%9F%D0%BE%D1%80%D1%82%D0%BE%D0%BA%D0%B0%D0%BB
B.L	bg	%D0%9F%D1%83%D0%B5%D1%80%D1%82%D0%BE+%D0%A0%D0%B8%D0%BA%D0%BE
B.L	bg	%D0%A0%D0%B0%D0%B4%D0%B8%D0%BE
B.L	bg	%D0%A0%D0%B5%D0%BA%D0%BB%D0%B0%D0%BC%D0%B0
B.L	bg	%D0%A0%D0%B5%D0%BA%D0%BB%D0%B0%D0%BC%D0%BD%D0%B0+%D0%BA%D0%B0%D0%BC%D0%BF%D0%B0%D0%BD%D0%B8%D1%8F
B.L	bg	%D0%A0%D0%B5%D1%86%D0%B5%D0%BF%D1%82%D0%B0+%D0%BD%D0%B0+%D0%9A%D0%BE%D0%BA%D0%B0-%D0%9A%D0%BE%D0%BB%D0%B0
B.L	bg	%D0%A0%D0%B8%D1%81%D1%83%D0%BD%D0%BA%D0%B0
B.L	bg	%D0%A0%D0%BE%D0%B1%D0%B5%D1%80%D1%82%D0%BE+%D0%93%D0%BE%D0%B8%D0%B7%D1%83%D0%B5%D1%82%D0%B0
B.L	bg	%D0%A0%D0%BE%D0%B1%D1%8A%D1%80%D1%82+%D0%A3%D0%B8%D0%BD%D1%88%D0%B8%D0%BF+%D0%A3%D0%B4%D1%80%D1%8A%D1%84
B.L	bg	%D0%A0%D0%BE%D0%BC
B.L	bg	%D0%A0%D1%83%D0%BC%D1%8A%D0%BD%D0%B8%D1%8F
B.L	bg	%D0%A0%D1%83%D1%81%D0%B8%D1%8F
B.L	bg	%D0%A1%D0%B2%D0%B5%D1%82%D0%BE%D0%B2%D0%BD%D0%BE+%D0%B8%D0%B7%D0%BB%D0%BE%D0%B6%D0%B5%D0%BD%D0%B8%D0%B5
B.L	bg	%D0%A1%D0%B2%D0%B5%D1%82%D0%BE%D0%B2%D0%BD%D0%BE+%D0%BF%D1%8A%D1%80%D0%B2%D0%B5%D0%BD%D1%81%D1%82%D0%B2%D0%BE+%D0%BF%D0%BE+%D1%84%D1%83%D1%82%D0%B1%D0%BE%D0%BB
B.L	bg	%D0%A1%D0%B5%D0%B2%D0%B5%D1%80%D0%BD%D0%B0+%D0%90%D1%84%D1%80%D0%B8%D0%BA%D0%B0
B.L	bg	%D0%A1%D0%B8%D0%B0%D1%82%D1%8A%D0%BB
B.L	bg	%D0%A1%D0%B8%D0%BD%D0%B3%D0%B0%D0%BF%D1%83%D1%80
B.L	bg	%D0%A1%D0%B8%D1%80%D0%BE%D0%BF
B.L	bg	%D0%A1%D0%BB%D0%BE%D0%B2%D0%B0%D0%BA%D0%B8%D1%8F
B.L	bg	%D0%A1%D0%BC%D0%B5%D1%82%D0%B0%D0%BD%D0%B0
B.L	bg	%D0%A1%D0%BE%D1%84%D0%B8%D1%8F
B.L	bg	%D0%A1%D1%82%D0%B0%D0%B4%D0%B8%D0%BE%D0%BD
B.L	bg	%D0%A1%D1%82%D0%B0%D0%BD%D0%B4%D0%B0%D1%80%D1%82
B.L	bg	%D0%A1%D1%82%D1%8A%D0%BA%D0%BB%D0%BE
B.L	bg	%D0%A1%D1%8A%D0%B5%D0%B4%D0%B8%D0%BD%D0%B5%D0%BD%D0%B8+%D0%B0%D0%BC%D0%B5%D1%80%D0%B8%D0%BA%D0%B0%D0%BD%D1%81%D0%BA%D0%B8+%D1%89%D0%B0%D1%82%D0%B8
B.L	bg	%D0%A2%D0%B0%D0%B9%D0%B2%D0%B0%D0%BD
B.L	bg	%D0%A2%D0%B5%D0%BA%D0%B8%D0%BB%D0%B0
B.L	bg	%D0%A2%D0%B5%D0%BA%D1%81%D0%B0%D1%81
B.L	bg	%D0%A2%D0%B5%D0%BB%D0%B5%D0%B2%D0%B8%D0%B7%D0%B8%D1%8F
B.L	bg	%D0%A2%D0%B8%D1%85+%D0%BE%D0%BA%D0%B5%D0%B0%D0%BD
B.L	bg	%D0%A2%D1%80%D0%B5%D0%B7%D0%BE%D1%80
B.L	bg	%D0%A2%D1%83%D0%BD%D0%B8%D1%81
B.L	bg	%D0%A2%D1%8A%D1%80%D0%B3%D0%BE%D0%B2%D0%B8%D1%89%D0%B5
B.L	bg	%D0%A2%D1%8A%D1%80%D0%B3%D0%BE%D0%B2%D1%81%D0%BA%D0%B0+%D0%BC%D0%B0%D1%80%D0%BA%D0%B0
B.L	bg	%D0%A3%D0%BD%D1%86%D0%B8%D1%8F
B.L	bg	%D0%A4%D0%98%D0%A4%D0%90
B.L	bg	%D0%A4%D0%B0%D0%BD%D1%82%D0%B0
B.L	bg	%D0%A4%D0%B8%D0%BB%D0%B8%D0%BF%D0%B8%D0%BD%D0%B8%D1%82%D0%B5
B.L	bg	%D0%A4%D0%B8%D0%BD%D0%BB%D0%B0%D0%BD%D0%B4%D0%B8%D1%8F
B.L	bg	%D0%A4%D0%BE%D1%81%D1%84%D0%BE%D1%80%D0%BD%D0%B0+%D0%BA%D0%B8%D1%81%D0%B5%D0%BB%D0%B8%D0%BD%D0%B0
B.L	bg	%D0%A4%D1%80%D0%B0%D0%BD%D0%BA+%D0%9C.+%D0%A0%D0%BE%D0%B1%D0%B8%D0%BD%D1%81%D1%8A%D0%BD
B.L	bg	%D0%A4%D1%80%D0%B0%D0%BD%D1%86%D0%B8%D1%8F
B.L	bg	%D0%A4%D1%80%D0%B0%D0%BD%D1%87%D0%B0%D0%B9%D0%B7%D0%B8%D0%BD%D0%B3
B.L	bg	%D0%A4%D1%80%D1%83%D0%BA%D1%82%D0%BE%D0%B7%D0%B0
B.L	bg	%D0%A5%D0%A5+%D0%B2%D0%B5%D0%BA
B.L	bg	%D0%A5%D0%B0%D0%B4%D1%8A%D0%BD+%D0%A1%D1%8A%D0%BD%D0%B4%D0%B1%D0%BB%D0%BE%D0%BC
B.L	bg	%D0%A5%D0%BB%D0%B0%D0%B4%D0%B8%D0%BB%D0%BD%D0%B8%D0%BA
B.L	bg	%D0%A5%D0%BE%D0%BB%D0%B0%D0%BD%D0%B4%D0%B8%D1%8F
B.L	bg	%D0%A5%D0%BE%D0%BD%D0%B3+%D0%9A%D0%BE%D0%BD%D0%B3
B.L	bg	%D0%A5%D1%83%D0%B4%D0%BE%D0%B6%D0%BD%D0%B8%D0%BA
B.L	bg	%D0%A6%D0%B0%D1%80%D0%B5%D0%B2%D0%B8%D1%86%D0%B0
B.L	bg	%D0%A6%D0%B0%D1%80%D0%B5%D0%B2%D0%B8%D1%87%D0%B5%D0%BD+%D1%81%D0%B8%D1%80%D0%BE%D0%BF
B.L	bg	%D0%A7%D0%B5%D1%80%D0%B5%D1%88%D0%B0
B.L	bg	%D0%A7%D0%B5%D1%85%D0%B8%D1%8F
B.L	bg	%D0%A7%D0%B8%D0%BA%D0%B0%D0%B3%D0%BE
B.L	bg	%D0%A7%D0%B8%D0%BB%D0%B8
B.L	bg	%D0%A8%D0%B2%D0%B5%D0%B9%D1%86%D0%B0%D1%80%D0%B8%D1%8F
B.L	bg	%D0%A8%D0%B2%D0%B5%D1%86%D0%B8%D1%8F
B.L	bg	%D0%AA%D1%80%D0%BD%D0%B5%D1%81%D1%82+%D0%A3%D0%B4%D1%80%D1%8A%D1%84
B.L	bg	%D0%AE%D0%B6%D0%BD%D0%B0+%D0%90%D1%84%D1%80%D0%B8%D0%BA%D0%B0
B.L	bg	%D0%AF%D0%BF%D0%BE%D0%BD%D0%B8%D1%8F
B.L	bg	%D0%A8%D0%B0%D0%B1%D0%BB%D0%BE%D0%BD%3ALink+FA%2Fmk
B.L	bg	%D0%A8%D0%B0%D0%B1%D0%BB%D0%BE%D0%BD%3ALink+FA%2Fms
B.L	be	1979
B.L	be	1993
B.L	be	7UP
B.L	be	Adrenaline+Rush%2C+%D0%BD%D0%B0%D0%BF%D0%BE%D0%B9
B.L	be	BATTERY%2C+%D0%BD%D0%B0%D0%BF%D0%BE%D0%B9
B.L	be	Bitter+Lemon
B.L	be	Bullit%2C+%D0%BD%D0%B0%D0%BF%D0%BE%D0%B9
B.L	be	Burn%2C+%D0%BD%D0%B0%D0%BF%D0%BE%D0%B9
B.L	be	Dr+Pepper
B.L	be	M+-+150+%D0%BD%D0%B0%D0%BF%D0%BE%D0%B9
B.L	be	Mecca-Cola
B.L	be	Mountain+Dew
B.L	be	Nestea
B.L	be	OpenCola
B.L	be	Red+Bull%2C+%D0%BD%D0%B0%D0%BF%D0%BE%D0%B9
B.L	be	Red+Devil%2C+%D0%BD%D0%B0%D0%BF%D0%BE%D0%B9
B.L	be	Schlagwortnormdatei
B.L	be	Schweppes
B.L	be	Strike%2C+%D0%BD%D0%B0%D0%BF%D0%BE%D0%B9
B.L	be	Ubuntu+Cola
B.L	be	%D0%90%D0%B9%D1%80%D0%BD-%D0%91%D1%80%D1%83
B.L	be	%D0%90%D1%80%D0%B0%D0%BD%D0%B6%D1%8B%D0%BD%D0%B0
B.L	be	%D0%90%D1%82%D0%BA%D0%B0%D0%BD%D1%87%D0%B0%D0%B9
B.L	be	%D0%91%D0%B0%D0%B9%D0%BA%D0%B0%D0%BB%2C+%D0%BD%D0%B0%D0%BF%D0%BE%D0%B9
B.L	be	%D0%91%D0%B5%D0%B7%D0%B0%D0%BB%D0%BA%D0%B0%D0%B3%D0%BE%D0%BB%D1%8C%D0%BD%D1%8B%D1%8F+%D0%BD%D0%B0%D0%BF%D0%BE%D1%96
B.L	be	%D0%91%D0%B5%D0%BB%D0%B0%D1%80%D1%83%D1%81%D1%8C
B.L	be	%D0%91%D1%83%D1%80%D0%B0%D1%86%D1%96%D0%BD%D0%B0%2C+%D0%BD%D0%B0%D0%BF%D0%BE%D0%B9
B.L	be	%D0%91%D1%83%D1%82%D1%8B%D0%BB%D1%96%D1%80%D0%B0%D0%B2%D0%B0%D0%BD%D0%B0%D1%8F+%D0%B2%D0%B0%D0%B4%D0%B0
B.L	be	%D0%92%D1%8B%D0%B3%D0%BB%D1%8F%D0%B4
B.L	be	%D0%92%D1%96%D0%BA%D1%96%D0%A1%D1%85%D0%BE%D0%B2%D1%96%D1%88%D1%87%D0%B0
B.L	be	%D0%93%D0%B0%D1%80%D0%B0%D1%87%D1%8B+%D1%88%D0%B0%D0%BA%D0%B0%D0%BB%D0%B0%D0%B4%2C+%D0%BD%D0%B0%D0%BF%D0%BE%D0%B9
B.L	be	%D0%93%D0%B0%D1%80%D0%B1%D0%B0%D1%82%D0%B0
B.L	be	%D0%93%D1%80%D0%B0%D0%BD%D1%96%D1%82%D0%B0
B.L	be	%D0%93%D1%80%D1%8D%D0%BD%D0%B0%D0%B4%D0%B7%D1%96%D0%BD
B.L	be	%D0%97%D0%A8%D0%90
B.L	be	%D0%9A%D0%B0%D0%B2%D0%B0
B.L	be	%D0%9A%D0%B0%D0%BA%D0%B0%D0%B2%D0%B0
B.L	be	%D0%9A%D0%B0%D0%BC%D0%BF%D0%BE%D1%82
B.L	be	%D0%9A%D0%BE%D0%BB%D0%B0%2C+%D0%BD%D0%B0%D0%BF%D0%BE%D0%B9
B.L	be	%D0%9A%D1%80%D1%8D%D0%BC-%D1%81%D0%BE%D0%B4%D0%B0
B.L	be	%D0%9B%D1%96%D0%BC%D0%B0%D0%BD%D0%B0%D0%B4
B.L	be	%D0%9C%D0%B0%D0%BB%D0%B0%D0%BA%D0%BE
B.L	be	%D0%9C%D0%B0%D0%BB%D0%BE%D1%87%D0%BD%D1%8B+%D0%BA%D0%B0%D0%BA%D1%82%D1%8D%D0%B9%D0%BB%D1%8C
B.L	be	%D0%9C%D1%96%D0%BB%D0%BA%D1%96%D1%81
B.L	be	%D0%9C%D1%96%D1%80%D1%8B%D0%BD%D0%B4%D0%B0
B.L	be	%D0%9F%D0%B5%D0%BF%D1%81%D1%96
B.L	be	%D0%A0%D0%B0%D1%81%D1%96%D1%8F
B.L	be	%D0%A1%D0%B0%D1%8F%D0%BD%D1%8B%2C+%D0%BD%D0%B0%D0%BF%D0%BE%D0%B9
B.L	be	%D0%A1%D0%BC%D1%83%D0%B7%D1%96
B.L	be	%D0%A1%D0%BE%D0%BA
B.L	be	%D0%A1%D0%BF%D1%80%D0%B0%D0%B9%D1%82%2C+%D0%BD%D0%B0%D0%BF%D0%BE%D0%B9
B.L	be	%D0%A1%D1%96%D1%82%D1%80%D0%BE
B.L	be	%D0%A2%D0%B0%D1%80%D1%85%D1%83%D0%BD%2C+%D0%BD%D0%B0%D0%BF%D0%BE%D0%B9
B.L	be	%D0%A2%D0%BE%D0%BD%D1%96%D0%BA
B.L	be	%D0%A3%D0%B7%D0%B2%D0%B0%D1%80
B.L	be	%D0%A4%D0%B0%D0%BD%D1%82%D0%B0
B.L	be	%D0%A4%D1%80%D1%83%D0%BA%D1%82%D0%B0%D0%B9%D0%BC
B.L	be	%D0%A8%D0%B0%D1%80%D0%B1%D0%B5%D1%82
B.L	be	%D0%AD%D0%B3-%D0%BD%D0%BE%D0%B3
B.L	be	%D0%AD%D0%BD%D0%B5%D1%80%D0%B3%D0%B5%D1%82%D1%8B%D1%87%D0%BD%D1%8B+%D0%BD%D0%B0%D0%BF%D0%BE%D0%B9
B.L	be	%D0%92%D1%96%D0%BA%D1%96%D0%BF%D0%B5%D0%B4%D1%8B%D1%8F%3A%D0%92%D1%96%D0%BA%D1%96-%D1%84%D0%B0%D1%80%D0%BC%D0%B0%D1%82%D0%B0%D0%B2%D0%B0%D0%BD%D0%BD%D0%B5
B.L	be	%D0%92%D1%96%D0%BA%D1%96%D0%BF%D0%B5%D0%B4%D1%8B%D1%8F%3A%D0%A1%D0%BF%D0%B0%D1%81%D1%8B%D0%BB%D0%BA%D1%96+%D0%BD%D0%B0+%D0%BA%D1%80%D1%8B%D0%BD%D1%96%D1%86%D1%8B
B.L	be	%D0%92%D1%96%D0%BA%D1%96%D0%BF%D0%B5%D0%B4%D1%8B%D1%8F%3A%D0%A1%D0%BF%D1%80%D0%B0%D1%9E%D0%B4%D0%B6%D1%8D%D0%BD%D0%BD%D0%B5+%D0%BF%D1%80%D0%B0%D0%B2%D0%B0%D0%BF%D1%96%D1%81%D1%83
B.L	be	%D0%A8%D0%B0%D0%B1%D0%BB%D0%BE%D0%BD%3A%D0%91%D0%B5%D0%B7%D0%B0%D0%BB%D0%BA%D0%B0%D0%B3%D0%BE%D0%BB%D1%8C%D0%BD%D1%8B%D1%8F+%D0%BD%D0%B0%D0%BF%D0%BE%D1%96
B.L	be	%D0%A8%D0%B0%D0%B1%D0%BB%D0%BE%D0%BD%3A%D0%91%D1%96%D0%B1%D0%BB%D1%96%D1%8F%D1%96%D0%BD%D1%84%D0%B0%D1%80%D0%BC%D0%B0%D1%86%D1%8B%D1%8F
B.L	be	%D0%A8%D0%B0%D0%B1%D0%BB%D0%BE%D0%BD%3A%D0%9D%D0%B0%D0%BF%D0%BE%D0%B9
B.L	be	%D0%A0%D0%B0%D0%B7%D0%BC%D0%BE%D0%B2%D1%8B+%D0%BF%D1%80%D0%B0+%D1%88%D0%B0%D0%B1%D0%BB%D0%BE%D0%BD%3A%D0%91%D0%B5%D0%B7%D0%B0%D0%BB%D0%BA%D0%B0%D0%B3%D0%BE%D0%BB%D1%8C%D0%BD%D1%8B%D1%8F+%D0%BD%D0%B0%D0%BF%D0%BE%D1%96
CN	de	Coca-Cola
IWL	fy	Coca-Cola
IWL	ga	Coca-Cola
IWL	fi	Coca-Cola
IWL	bjn	Coca-Cola
IWL	fr	Coca-Cola
IWL	fo	Coca-Cola
IWL	he	%D7%A7%D7%95%D7%A7%D7%94-%D7%A7%D7%95%D7%9C%D7%94
IWL	gl	Coca-Cola
IWL	dv	%DE%86%DE%AE%DE%86%DE%A7+%DE%86%DE%AF%DE%8D%DE%A7
IWL	eu	Coca-Cola
IWL	fa	%DA%A9%D9%88%DA%A9%D8%A7%DA%A9%D9%88%D9%84%D8%A7
IWL	el	Coca-Cola
IWL	eo	Koka-kolao
IWL	en	Coca-Cola
IWL	et	Coca-Cola
IWL	es	Coca-Cola
IWL	ca	Coca-Cola
IWL	bs	Coca-Cola
IWL	br	Coca-Cola
IWL	bn	%E0%A6%95%E0%A7%8B%E0%A6%95%E0%A6%BE-%E0%A6%95%E0%A7%8B%E0%A6%B2%E0%A6%BE
IWL	bo	%E0%BD%81%E0%BD%BC%E0%BD%A3%E0%BC%8B%E0%BD%81%E0%BD%BC%E0%BD%A3%E0%BC%8B%E0%BD%81%E0%BD%B4%E0%BC%8B%E0%BD%93%E0%BD%82
IWL	bg	%D0%9A%D0%BE%D0%BA%D0%B0-%D0%9A%D0%BE%D0%BB%D0%B0
IWL	be	%D0%9A%D0%BE%D0%BA%D0%B0-%D0%9A%D0%BE%D0%BB%D0%B0
IWL	da	The+Coca+Cola+Company%23Coca-Cola-drikken
IWL	cy	Coca-Cola
IWL	cs	Coca-Cola
IWL	sco	Coca-Cola
IWL	scn	Coca-Cola
IWL	nah	Coca-Cola
IWL	az	Coca-Cola
IWL	ar	%D9%83%D9%88%D9%83%D8%A7+%D9%83%D9%88%D9%84%D8%A7
IWL	pap	Coca-Cola
IWL	am	%E1%8A%AE%E1%8A%AB+%E1%8A%AE%E1%88%8B
IWL	no	Coca-Cola
IWL	nn	Coca-Cola
IWL	oc	Coca-Cola
IWL	pl	Coca-Cola
IWL	lv	Coca-Cola
IWL	mg	Coca-Cola
IWL	mk	%D0%9A%D0%BE%D0%BA%D0%B0-%D0%9A%D0%BE%D0%BB%D0%B0
IWL	ml	%E0%B4%95%E0%B5%8A%E0%B4%95%E0%B5%8D%E0%B4%95-%E0%B4%95%E0%B5%8B%E0%B4%B3
IWL	mn	%D0%9A%D0%BE%D0%BA%D0%B0+%D0%BA%D0%BE%D0%BB%D0%B0
IWL	mr	%E0%A4%95%E0%A5%8B%E0%A4%95%E0%A4%BE-%E0%A4%95%E0%A5%8B%E0%A4%B2%E0%A4%BE
IWL	ms	Coca-Cola
IWL	my	%E1%80%80%E1%80%AD%E1%80%AF%E1%80%80%E1%80%AC%E1%80%80%E1%80%AD%E1%80%AF%E1%80%9C%E1%80%AC
IWL	ne	%E0%A4%95%E0%A5%8B%E0%A4%95%E0%A4%BE-%E0%A4%95%E0%A5%8B%E0%A4%B2%E0%A4%BE
IWL	nl	Coca-Cola
IWL	jv	Coca-Cola
IWL	ka	%E1%83%99%E1%83%9D%E1%83%99%E1%83%90-%E1%83%99%E1%83%9D%E1%83%9A%E1%83%90
IWL	ku	Coca+Cola
IWL	ko	%EC%BD%94%EC%B9%B4%EC%BD%9C%EB%9D%BC
IWL	kk	%D0%9A%D0%BE%D0%BA%D0%B0-%D0%BA%D0%BE%D0%BB%D0%B0
IWL	kn	%E0%B2%95%E0%B3%8B%E0%B2%95%E0%B2%BE-%E0%B2%95%E0%B3%8B%E0%B2%B2%E0%B2%BE
IWL	la	Coca-Cola
IWL	hr	Coca-Cola
IWL	hu	Coca-Cola
IWL	mwl	Coca-Cola
IWL	hi	%E0%A4%95%E0%A5%8B%E0%A4%95%E0%A4%BE+%E0%A4%95%E0%A5%8B%E0%A4%B2%E0%A4%BE
IWL	id	Coca-Cola
IWL	hy	%D4%BF%D5%B8%D5%AF%D5%A1-%D4%BF%D5%B8%D5%AC%D5%A1
IWL	ilo	Coca-Cola
IWL	is	Coca-Cola
IWL	it	Coca-Cola
IWL	iu	%E1%96%82%E1%96%84+%E1%91%B0%E1%93%9B
IWL	ja	%E3%82%B3%E3%82%AB%E3%83%BB%E3%82%B3%E3%83%BC%E3%83%A9
IWL	vi	Coca-Cola
IWL	simple	Coca-Cola
IWL	pms	C%C3%B2ca+C%C3%B2la
IWL	uk	%D0%9A%D0%BE%D0%BA%D0%B0-%D0%BA%D0%BE%D0%BB%D0%B0
IWL	szl	Coca-Cola
IWL	tt	%D0%9A%D0%BE%D0%BA%D0%B0-%D0%9A%D0%BE%D0%BB%D0%B0
IWL	pnb	%DA%A9%D9%88%DA%A9%D8%A7+%DA%A9%D9%88%D9%84%D8%A7
IWL	tl	Coca-Cola
IWL	tr	Coca-Cola
IWL	th	%E0%B9%82%E0%B8%84%E0%B8%84%E0%B8%B2-%E0%B9%82%E0%B8%84%E0%B8%A5%E0%B9%88%E0%B8%B2
IWL	ta	%E0%AE%95%E0%AF%8A%E0%AE%95%E0%AF%8D%E0%AE%95%E0%AE%95%E0%AF%8D+%E0%AE%95%E0%AF%8B%E0%AE%B2%E0%AE%BE
IWL	sv	Coca-Cola
IWL	sw	Coca-Cola
IWL	sl	Coca-Cola
IWL	sk	Coca-Cola
IWL	sr	%D0%9A%D0%BE%D0%BA%D0%B0-%D0%BA%D0%BE%D0%BB%D0%B0
IWL	sq	Coca-Cola
IWL	se	Coca-Cola
IWL	sh	Coca-Cola
IWL	si	%E0%B6%9A%E0%B7%9C%E0%B6%9A%E0%B7%8F+%E0%B6%9A%E0%B7%9D%E0%B6%BD%E0%B7%8F
IWL	ru	%D0%9A%D0%BE%D0%BA%D0%B0-%D0%9A%D0%BE%D0%BB%D0%B0
IWL	ro	Coca-Cola
IWL	pt	Coca-Cola
IWL	sah	Coca-Cola
IWL	arz	%D9%83%D9%88%D9%83%D8%A7+%D9%83%D9%88%D9%84%D8%A7
IWL	ceb	Coca-Cola
IWL	zh-yue	%E5%8F%AF%E5%8F%A3%E5%8F%AF%E6%A8%82
IWL	zh	%E5%8F%AF%E5%8F%A3%E5%8F%AF%E4%B9%90
IWL	ast	Coca-Cola
IWL	yo	K%C3%B2k%C3%A1+Kol%C3%A0
IWL	yi	%D7%A7%D7%90%D7%A7%D7%90+%D7%A7%D7%90%D7%9C%D7%A2
