A.L	de	AG & Co. KGaA
A.L	de	Adidas
A.L	de	Allianz SE
A.L	de	Altana
A.L	de	Aufsichtsratsvorsitzender
A.L	de	BASF
A.L	de	BMW
A.L	de	Babcock Borsig
A.L	de	Bad Homburg vor der Höhe
A.L	de	Bayer AG
A.L	de	Bayerische Hypotheken- und Wechsel-Bank
A.L	de	Bayerische Vereinsbank
A.L	de	Beiersdorf AG
A.L	de	Biebesheim am Rhein
A.L	de	Chronisches Nierenversagen
A.L	de	Commerzbank
A.L	de	Continental AG
A.L	de	DAX
A.L	de	Daimler AG
A.L	de	Deutsche Bank
A.L	de	Deutsche Börse
A.L	de	Deutsche Post AG
A.L	de	Deutsche Telekom
A.L	de	Deutschland
A.L	de	Dialyse
A.L	de	Dresdner Bank
A.L	de	E.ON
A.L	de	Epcos
A.L	de	Erlös
A.L	de	Europoolpalette
A.L	de	Evonik Degussa
A.L	de	Feldmühle (Unternehmen)
A.L	de	Frankfurter Wertpapierbörse
A.L	de	Fresenius (Unternehmen)
A.L	de	Gewinn
A.L	de	Gründung (Recht)
A.L	de	Hannover Rück
A.L	de	HeidelbergCement
A.L	de	Henkel (Unternehmen)
A.L	de	Hoechst
A.L	de	Hypo Real Estate
A.L	de	Hämodialyse
A.L	de	Infineon
A.L	de	Innovationspreis
A.L	de	International Securities Identification Number
A.L	de	Jörg Vienken
A.L	de	K+S
A.L	de	Karstadt
A.L	de	Lanxess
A.L	de	Linde AG
A.L	de	Lufthansa
A.L	de	MAN
A.L	de	MLP AG
A.L	de	Mannesmann
A.L	de	Merck KGaA
A.L	de	Metro AG
A.L	de	Mitarbeiter
A.L	de	Munich Re
A.L	de	Nierenversagen
A.L	de	Nixdorf Computer
A.L	de	Peritonealdialyse
A.L	de	Postbank
A.L	de	Preussag
A.L	de	RWE
A.L	de	Rechtsform
A.L	de	Rice Powell
A.L	de	SAP
A.L	de	Salzgitter AG
A.L	de	Siemens
A.L	de	Sitz (juristische Person)
A.L	de	TUI
A.L	de	ThyssenKrupp
A.L	de	US-Dollar
A.L	de	Unternehmensführung
A.L	de	VEBA
A.L	de	VIAG
A.L	de	Vereinigte Staaten
A.L	de	Volkswagen AG
A.L	de	Vorstandsvorsitzender
A.L	de	W. R. Grace and Company
A.L	de	Website
A.L	de	Wirtschaftszweig
B.L	fr	1462
B.L	fr	1912
B.L	fr	1933
B.L	fr	1934
B.L	fr	1966
B.L	fr	1971
B.L	fr	1972
B.L	fr	1974
B.L	fr	1980
B.L	fr	1995
B.L	fr	1997
B.L	fr	1999
B.L	fr	2000
B.L	fr	2003
B.L	fr	2004
B.L	fr	2005
B.L	fr	2006
B.L	fr	2007
B.L	fr	2008
B.L	fr	Adidas
B.L	fr	Administration
B.L	fr	Afrique
B.L	fr	Afrique du Sud
B.L	fr	Allemagne
B.L	fr	Allianz
B.L	fr	Amérique latine
B.L	fr	Anesthésie
B.L	fr	Asie
B.L	fr	Australie
B.L	fr	BASF
B.L	fr	Bad Homburg
B.L	fr	Bad Homburg vor der Höhe
B.L	fr	Bayer (entreprise)
B.L	fr	Bayerische Motoren Werke
B.L	fr	Beiersdorf
B.L	fr	Biotechnologie
B.L	fr	Bloc opératoire
B.L	fr	Bormelin
B.L	fr	Chiffre d'affaires
B.L	fr	Chirurgie
B.L	fr	Clinico
B.L	fr	Colloïde
B.L	fr	Commerzbank
B.L	fr	Continental AG
B.L	fr	DAX
B.L	fr	Daimler (entreprise)
B.L	fr	Deutsche Bank
B.L	fr	Deutsche Börse
B.L	fr	Deutsche Post
B.L	fr	Deutsche Telekom
B.L	fr	Dialyse
B.L	fr	Dollar américain
B.L	fr	E.ON
B.L	fr	Euro
B.L	fr	Europe
B.L	fr	Filaxis
B.L	fr	Francfort
B.L	fr	Fresenius
B.L	fr	Fresenius AG
B.L	fr	Friedberg
B.L	fr	HeidelbergCement
B.L	fr	Henkel
B.L	fr	Hesse (Land)
B.L	fr	Hirsch
B.L	fr	Infineon Technologies
B.L	fr	Ingénierie
B.L	fr	K+S
B.L	fr	Kyorin
B.L	fr	Labesfal
B.L	fr	Lanxess
B.L	fr	Linde AG
B.L	fr	Lufthansa
B.L	fr	Merck KGaA
B.L	fr	Munich Re
B.L	fr	Médecine
B.L	fr	Nutrition
B.L	fr	Perfusion intraveineuse
B.L	fr	Pharmaceutique
B.L	fr	RWE
B.L	fr	Réanimation
B.L	fr	République tchèque
B.L	fr	SAP (entreprise)
B.L	fr	Saarland
B.L	fr	Santé
B.L	fr	Siemens (entreprise)
B.L	fr	Site web
B.L	fr	Siège social
B.L	fr	Soins intensifs
B.L	fr	Technologie
B.L	fr	ThyssenKrupp
B.L	fr	Thérapie
B.L	fr	Transfusion
B.L	fr	Volkswagen (entreprise)
B.L	fr	Discussion:Fresenius Medical Care
B.L	fr	Discussion:Fresenius Medical Care/À faire
B.L	fr	Wikipédia:Citez vos sources
B.L	fr	Wikipédia:Notoriété des entreprises, sociétés et produits
B.L	fr	Modèle:Infobox Société
B.L	fr	Modèle:Palette DAX
B.L	fr	Modèle:Ébauche/paramètres entreprise allemande
B.L	fr	Modèle:Ébauche/paramètres pharmacie
B.L	fr	Discussion modèle:Palette DAX
B.L	fr	Aide:Comment modifier une page
B.L	fr	Aide:Note
B.L	fr	Aide:Ébauche
B.L	fr	Catégorie:Article manquant de référence depuis juillet 2008
B.L	fr	Catégorie:Forme juridique des entreprises
B.L	fr	Catégorie:Portail:Entreprises/Articles liés
B.L	fr	Catégorie:Portail:Hesse/Articles liés
B.L	fr	Catégorie:Portail:Pharmacie/Articles liés
B.L	fr	Portail:Allemagne
B.L	fr	Portail:Entreprises
B.L	fr	Portail:Hesse
B.L	fr	Portail:Pharmacie
B.L	fa	آدیداس
B.L	fa	آلمان
B.L	fa	آلیانتس
B.L	fa	ا.آن
B.L	fa	ار وه ئه
B.L	fa	اس آ پ
B.L	fa	ایالات متحده آمریکا
B.L	fa	اینفینئون
B.L	fa	ب آ اس اف
B.L	fa	ب ام و
B.L	fa	باد همبورگ فور در هوهه
B.L	fa	بازار بورس نیویورک
B.L	fa	بایر (شرکت)
B.L	fa	بایرسدورف
B.L	fa	بورس فرانکفورت
B.L	fa	تیسن‌کروپ
B.L	fa	جهان
B.L	fa	دایملر آ گ
B.L	fa	دلار
B.L	fa	دلار آمریکا
B.L	fa	دویچه بانک
B.L	fa	دویچه بورزه
B.L	fa	دویچه تلکوم
B.L	fa	دویچه پست
B.L	fa	دیالیز
B.L	fa	زبان آلمانی
B.L	fa	زیمنس
B.L	fa	شرکت
B.L	fa	فرزنیوس
B.L	fa	لانکسس
B.L	fa	لوفت‌هانزا
B.L	fa	لینده
B.L	fa	مرک
B.L	fa	میونیک ره
B.L	fa	هایدلبرگ‌سمنت
B.L	fa	هنکل
B.L	fa	پزشکی
B.L	fa	کا+اس
B.L	fa	کومرتس‌بانک
B.L	fa	کونتیننتال آ گ
B.L	fa	گروه فولکس‌واگن
B.L	fa	۱۹۹۶ (میلادی)
B.L	fa	ویکی‌پدیا:مقالهٔ خرد
B.L	fa	الگو:شرکت-خرد
B.L	fa	الگو:شرکت‌های دکس
B.L	fa	بحث الگو:شرکت-خرد
B.L	fa	بحث الگو:شرکت‌های دکس
B.L	en	Adidas
B.L	en	Aktiengesellschaft
B.L	en	Allianz
B.L	en	Asset
B.L	en	BASF
B.L	en	BMW
B.L	en	Bad Homburg vor der Höhe
B.L	en	Bayer AG
B.L	en	Beiersdorf
B.L	en	Chairman
B.L	en	Chief executive officer
B.L	en	Commerzbank
B.L	en	Continental AG
B.L	en	DAX
B.L	en	Daimler AG
B.L	en	Deutsche Bank
B.L	en	Deutsche Börse
B.L	en	Deutsche Post
B.L	en	Deutsche Telekom
B.L	en	Dextrose
B.L	en	Dialysis
B.L	en	E.ON
B.L	en	Earnings before interest and taxes
B.L	en	Equity (finance)
B.L	en	Frankfurt Stock Exchange
B.L	en	Fresenius (company)
B.L	en	Fresenius SE
B.L	en	Full-time equivalent
B.L	en	General partner
B.L	en	Germany
B.L	en	Health care
B.L	en	HeidelbergCement
B.L	en	Henkel
B.L	en	Hospitals
B.L	en	Infineon Technologies
B.L	en	K+S
B.L	en	Kommanditgesellschaft auf Aktien
B.L	en	Lanxess
B.L	en	Liberty Dialysis Holdings
B.L	en	Lufthansa
B.L	en	Magnesium
B.L	en	Merck KGaA
B.L	en	Mergers and acquisitions
B.L	en	Munich Re
B.L	en	National Medical Care
B.L	en	Net income
B.L	en	New York Stock Exchange
B.L	en	RWE
B.L	en	Redmond, Washington
B.L	en	SAP AG
B.L	en	Siemens
B.L	en	Sodium chloride
B.L	en	Supervisory board
B.L	en	The Linde Group
B.L	en	ThyssenKrupp
B.L	en	Ticker symbol
B.L	en	Types of business entity
B.L	en	United States
B.L	en	United States dollar
B.L	en	Volkswagen Group
B.L	en	Wikipedia:Citation needed
B.L	en	Template:DAX companies
B.L	en	Template:Portal/Images/Companies
B.L	en	Template talk:DAX companies
B.L	en	Category:Articles with unsourced statements from October 2011
B.L	en	Portal:Companies
B.L	es	1996
B.L	es	AG
B.L	es	Acción (finanzas)
B.L	es	Aféresis (medicina)
B.L	es	Alemania
B.L	es	Asistencia sanitaria
B.L	es	Bad Homburg von der Höhe
B.L	es	Diálisis renal
B.L	es	Dólar estadounidense
B.L	es	Enfermedad aguda
B.L	es	Fresenius
B.L	es	Fusiones y adquisiciones
B.L	es	Hemodiálisis
B.L	es	ISBN
B.L	es	Industria
B.L	es	National Medical Care
B.L	es	Sitio web
B.L	es	Sociedad anónima
B.L	da	Adidas
B.L	da	Allianz
B.L	da	BASF
B.L	da	BMW
B.L	da	Bad Homburg
B.L	da	Bayer
B.L	da	Beiersdorf AG
B.L	da	Commerzbank
B.L	da	Continental AG
B.L	da	DAX
B.L	da	Daimler AG
B.L	da	Deutsche Bank
B.L	da	Deutsche Börse
B.L	da	Deutsche Post
B.L	da	Deutsche Telekom
B.L	da	E.ON
B.L	da	Fresenius SE
B.L	da	HeidelbergCement
B.L	da	Henkel
B.L	da	Infineon Technologies
B.L	da	K+S
B.L	da	Lanxess
B.L	da	Liberty Dialysis Holdings
B.L	da	Linde AG
B.L	da	Lufthansa
B.L	da	Merck KGaA
B.L	da	Munich Re
B.L	da	National Medical Care
B.L	da	RWE
B.L	da	SAP AG
B.L	da	Siemens AG
B.L	da	ThyssenKrupp
B.L	da	Tyskland
B.L	da	Volkswagen Aktiengesellschaft
B.L	da	Hjælp:Artikeludvidelse
B.L	da	Hjælp:Stub
B.L	ro	Bad Homburg
B.L	ro	Companie
B.L	ro	Corporație
B.L	ro	Frankfurt Stock Exchange
B.L	ro	Fresenius Medical Care România
B.L	ro	Fresenius NephroCare România
B.L	ro	Fresenius SE
B.L	ro	Germania
B.L	ro	Wikipedia:Articolul ciot perfect
B.L	ro	Wikipedia:Găsește și repară un ciot
B.L	pt	Adidas
B.L	pt	Alemanha
B.L	pt	Allianz
B.L	pt	BASF
B.L	pt	BMW
B.L	pt	Bayer
B.L	pt	Beiersdorf
B.L	pt	Commerzbank
B.L	pt	Continental AG
B.L	pt	DAX-30
B.L	pt	Daimler AG
B.L	pt	Deutsche Bank
B.L	pt	Deutsche Börse
B.L	pt	Deutsche Post
B.L	pt	Deutsche Telekom
B.L	pt	E.ON
B.L	pt	Empresa
B.L	pt	Fresenius
B.L	pt	Grupo Volkswagen
B.L	pt	HeidelbergCement
B.L	pt	Hemodiálise
B.L	pt	Henkel
B.L	pt	Infineon Technologies
B.L	pt	K+S
B.L	pt	Linde AG
B.L	pt	Lufthansa
B.L	pt	MAN SE
B.L	pt	METRO AG
B.L	pt	Merck KGaA
B.L	pt	Munich Re
B.L	pt	RWE
B.L	pt	Rim
B.L	pt	SAP AG
B.L	pt	Sangue
B.L	pt	Siemens AG
B.L	pt	ThyssenKrupp
B.L	pt	Wikipédia:Esboço
B.L	pt	Predefinição:DAX
B.L	zh	1996年
B.L	zh	1999年
B.L	zh	2006年
B.L	zh	2007年
B.L	zh	9月20日
B.L	zh	BMW
B.L	zh	CEO
B.L	zh	DAX指数
B.L	zh	E.ON
B.L	zh	K+S
B.L	zh	Lanxess
B.L	zh	RWE
B.L	zh	SAP公司
B.L	zh	供應商
B.L	zh	全球
B.L	zh	兩合公司
B.L	zh	利润
B.L	zh	医疗卫生
B.L	zh	大众集团
B.L	zh	大陆集团
B.L	zh	子公司
B.L	zh	安联
B.L	zh	巴斯夫
B.L	zh	德国
B.L	zh	德国DAX指数
B.L	zh	德国商业银行
B.L	zh	德国电信
B.L	zh	德国邮政
B.L	zh	德國證券交易所
B.L	zh	德意志银行
B.L	zh	德语
B.L	zh	愛迪達
B.L	zh	慕尼黑再保险
B.L	zh	戴姆勒
B.L	zh	拜尔斯道夫
B.L	zh	拜耳
B.L	zh	林德
B.L	zh	毕伯斯海姆
B.L	zh	汉莎航空
B.L	zh	汉高公司
B.L	zh	法兰克福证券交易所
B.L	zh	海德堡水泥
B.L	zh	營業額
B.L	zh	產業
B.L	zh	紐約證券交易所
B.L	zh	美元
B.L	zh	美国
B.L	zh	股份公司
B.L	zh	股票
B.L	zh	腎衰竭
B.L	zh	腹膜
B.L	zh	英飞凌
B.L	zh	蒂森克虏伯
B.L	zh	血液
B.L	zh	西门子公司
B.L	zh	資產
B.L	zh	费森尤斯
B.L	zh	费森尤斯集团
B.L	zh	透析
B.L	zh	除税及利息前盈利
B.L	zh	默克集團
B.L	zh	Template:DAX指数成份公司
B.L	zh	Template talk:DAX指数成份公司
B.L	zh	Category:公司
CN	de	Fresenius_Medical_Care
IWL	fr	Fresenius Medical Care
IWL	fa	فرزنیوس مدیکال کر
IWL	en	Fresenius Medical Care
IWL	es	Fresenius Medical Care
IWL	da	Fresenius Medical Care
IWL	ro	Fresenius Medical Care
IWL	pt	Fresenius Medical Care
IWL	zh	费森尤斯医疗
