A.L	de	AT&T
A.L	de	Abbott Laboratories
A.L	de	Adidas
A.L	de	Air Liquide
A.L	de	Alfred Haase (Manager)
A.L	de	Allianz Arena
A.L	de	Allianz Bank
A.L	de	Allianz Eurasia
A.L	de	Allianz France
A.L	de	Allianz Global Investors
A.L	de	Allianz Gruppe in Österreich
A.L	de	Allianz Handwerker Services
A.L	de	Allianz Kulturstiftung
A.L	de	Allianz Managed Operations & Services
A.L	de	Allianz Umweltstiftung
A.L	de	Allianz Zentrum für Technik
A.L	de	Allsecur Deutschland
A.L	de	Alstom
A.L	de	Altana
A.L	de	Anheuser-Busch InBev
A.L	de	Anti-Defamation League
A.L	de	Apple
A.L	de	Arcandor
A.L	de	ArcelorMittal
A.L	de	Assicurazioni Generali
A.L	de	Axa
A.L	de	BASF
A.L	de	BHP Billiton
A.L	de	BMW
A.L	de	BNP Paribas
A.L	de	BP
A.L	de	Babcock Borsig
A.L	de	Bajaj Allianz - General Insurance
A.L	de	Banco Bilbao Vizcaya Argentaria
A.L	de	Banco Santander
A.L	de	Bank of America
A.L	de	Bayer AG
A.L	de	Bayerische Hypotheken- und Wechsel-Bank
A.L	de	Bayerische Vereinsbank
A.L	de	Bayerische Versicherungsbank AG
A.L	de	Beiersdorf AG
A.L	de	Berlin
A.L	de	Berlin-Blockade
A.L	de	Bilanzsumme
A.L	de	Bpi.sa
A.L	de	Börse
A.L	de	Börsen-Zeitung
A.L	de	Capital
A.L	de	Carl von Thieme
A.L	de	Carrefour (Unternehmen)
A.L	de	Cement Roadstone Holding
A.L	de	Chevron Corporation
A.L	de	Cisco Systems
A.L	de	Citigroup
A.L	de	Commerzbank
A.L	de	Compagnie de Saint-Gobain
A.L	de	Compass Group
A.L	de	ConocoPhillips
A.L	de	Continental AG
A.L	de	Crédit Agricole (Unternehmen)
A.L	de	DAX
A.L	de	Daimler AG
A.L	de	Danone
A.L	de	Deutsche Bank
A.L	de	Deutsche Börse
A.L	de	Deutsche Post AG
A.L	de	Deutsche Telekom
A.L	de	Deutsches Reich
A.L	de	Deutschland
A.L	de	Deutschland AG
A.L	de	Die Linke
A.L	de	Die Welt
A.L	de	Dow Jones Global Titans
A.L	de	Dresdner Bank
A.L	de	E.ON
A.L	de	EURO STOXX 50
A.L	de	Enel
A.L	de	Eni (Unternehmen)
A.L	de	Epcos
A.L	de	Erlös
A.L	de	Euler Hermes
A.L	de	Euro
A.L	de	Europäische Gesellschaft
A.L	de	Evonik Degussa
A.L	de	Extremus Versicherungs-AG
A.L	de	ExxonMobil
A.L	de	Facebook
A.L	de	Feldmühle (Unternehmen)
A.L	de	Financial Times Deutschland
A.L	de	Finanzdienstleister
A.L	de	Firemans Fund
A.L	de	Four Seasons Healthcare
A.L	de	France Telecom
A.L	de	Frankfurter Allgemeine Zeitung
A.L	de	Frankfurter Versicherungs-AG
A.L	de	Frankfurter Wertpapierbörse
A.L	de	Fresenius (Unternehmen)
A.L	de	Fresenius Medical Care
A.L	de	Fusion (Wirtschaft)
A.L	de	Fénix Directo
A.L	de	GDF Suez
A.L	de	GEA Group
A.L	de	Gazprom
A.L	de	Gemeinsame Normdatei
A.L	de	General Electric
A.L	de	Gerald D. Feldman
A.L	de	Gesetzliche Krankenversicherung
A.L	de	Gewinn
A.L	de	GlaxoSmithKline
A.L	de	Google Inc.
A.L	de	Gründung (Recht)
A.L	de	HSBC
A.L	de	Handelsregister
A.L	de	Hannover Rück
A.L	de	Hans Goudefroy
A.L	de	Hans Heß (Unternehmer)
A.L	de	HeidelbergCement
A.L	de	Heidelberger Druckmaschinen
A.L	de	Heinrich Lueg
A.L	de	Helmut Perlet
A.L	de	Henkel (Unternehmen)
A.L	de	Henning Schulte-Noelle
A.L	de	Hewlett-Packard
A.L	de	Hoechst
A.L	de	Hoffmann-La Roche
A.L	de	Holding
A.L	de	Hungaria Bisztosíto
A.L	de	Hypo Real Estate
A.L	de	IBM
A.L	de	ICBC
A.L	de	ING Groep
A.L	de	Iberdrola
A.L	de	Infineon
A.L	de	Intel
A.L	de	International Securities Identification Number
A.L	de	Intesa Sanpaolo
A.L	de	Ion Țiriac
A.L	de	JPMorgan Chase
A.L	de	Johnson & Johnson
A.L	de	K+S
A.L	de	KKH-Allianz
A.L	de	Karl Wilhelm Hermann Pemsel
A.L	de	Karstadt
A.L	de	Kurt Schmitt
A.L	de	Lanxess
A.L	de	Linde AG
A.L	de	Lufthansa
A.L	de	L’Oréal
A.L	de	MAN
A.L	de	MLP AG
A.L	de	MSD Sharp & Dohme
A.L	de	Mannesmann
A.L	de	Merck Finck & Co
A.L	de	Merck KGaA
A.L	de	Metro AG
A.L	de	Michael Diekmann
A.L	de	Microsoft
A.L	de	Mitarbeiter
A.L	de	Mitsubishi UFJ Financial Group
A.L	de	Mondial Assistance
A.L	de	Moët Hennessy Louis Vuitton
A.L	de	Munich Re
A.L	de	München
A.L	de	Münster (Westfalen)
A.L	de	NYSE
A.L	de	Nationalsozialistische Deutsche Arbeiterpartei
A.L	de	Nestlé
A.L	de	Nixdorf Computer
A.L	de	Nokia
A.L	de	Novartis
A.L	de	Oldenburgische Landesbank
A.L	de	Oracle
A.L	de	PIMCO
A.L	de	Panorama (Magazin)
A.L	de	Parteispende
A.L	de	Paul von der Nahmer
A.L	de	Peking
A.L	de	PepsiCo
A.L	de	Petrobras
A.L	de	Pfizer
A.L	de	Pflegebett
A.L	de	Pflegeheim
A.L	de	Pflegeheimkette
A.L	de	Philip Morris International
A.L	de	Philips
A.L	de	Postbank
A.L	de	Preussag
A.L	de	Private Krankenversicherung
A.L	de	Procter & Gamble
A.L	de	Provinzial NordWest
A.L	de	Pune
A.L	de	RAS Holding
A.L	de	RMS Titanic
A.L	de	RWE
A.L	de	RWE AG
A.L	de	Rechtsform
A.L	de	Repsol YPF
A.L	de	Royal Dutch Shell
A.L	de	SAP
A.L	de	Salzgitter AG
A.L	de	Samsung Electronics
A.L	de	San-Francisco-Erdbeben von 1906
A.L	de	Sanofi-Aventis
A.L	de	Schlumberger (Unternehmen)
A.L	de	Schneider Electric
A.L	de	Selecta
A.L	de	Siemens
A.L	de	Siemens AG
A.L	de	Sitz (juristische Person)
A.L	de	Societe Generale
A.L	de	Staatliche Versicherung der DDR
A.L	de	TUI
A.L	de	Telecom Italia
A.L	de	Telefónica
A.L	de	Terrorismus
A.L	de	The Coca-Cola Company
A.L	de	ThyssenKrupp
A.L	de	Tochtergesellschaft
A.L	de	Total (Unternehmen)
A.L	de	Total S.A.
A.L	de	Toyota
A.L	de	Trostbrücke
A.L	de	UniCredit Group
A.L	de	UniCredito
A.L	de	Unibail-rodamco
A.L	de	Unilever
A.L	de	Unternehmensführung
A.L	de	VEBA
A.L	de	VIAG
A.L	de	Vereinte Dienstleistungsgewerkschaft
A.L	de	Vereinte Versicherung
A.L	de	Verizon Communications
A.L	de	Vermögensverwaltung
A.L	de	Versicherungsgesellschaft
A.L	de	Versicherungsvertreter
A.L	de	Vinci (Unternehmen)
A.L	de	Vivendi
A.L	de	Vodafone
A.L	de	Volksrepublik China
A.L	de	Volkswagen AG
A.L	de	Walmart
A.L	de	Website
A.L	de	Werbe-Slogan
A.L	de	Wilhelm von Finck
A.L	de	Wirtschaftszweig
A.L	de	Wolfgang Schieren
A.L	de	World Trade Center
A.L	de	Worms et Cie
B.L	fi	1890
B.L	fi	1949
B.L	fi	Adidas
B.L	fi	BASF
B.L	fi	BMW
B.L	fi	Bayer
B.L	fi	Beiersdorf
B.L	fi	Commerzbank
B.L	fi	DAX-indeksi
B.L	fi	Daimler
B.L	fi	Deutsche Bank
B.L	fi	Deutsche Börse
B.L	fi	Deutsche Post
B.L	fi	Deutsche Telekom
B.L	fi	E.ON
B.L	fi	Frankfurtin pörssi
B.L	fi	Fresenius
B.L	fi	Fresenius Medical Care
B.L	fi	Hannover Re
B.L	fi	Henkel
B.L	fi	K+S
B.L	fi	Kaupankäynti
B.L	fi	Linde
B.L	fi	Lufthansa
B.L	fi	MAN (yritys)
B.L	fi	METRO AG
B.L	fi	Merck KGaA
B.L	fi	Munich Re
B.L	fi	München
B.L	fi	New Yorkin pörssi
B.L	fi	RWE
B.L	fi	SAP (yritys)
B.L	fi	Saksa
B.L	fi	Salzgitter (yritys)
B.L	fi	Siemens
B.L	fi	Talous
B.L	fi	Taloustiede
B.L	fi	ThyssenKrupp
B.L	fi	Vakuutusyhtiö
B.L	fi	Volkswagen
B.L	fi	Wikipedia:Tynkä
B.L	fi	Luokka:Taloustyngät
B.L	fr	1890
B.L	fr	1904
B.L	fr	1933
B.L	fr	2005
B.L	fr	2006
B.L	fr	2008
B.L	fr	8 mai 1945
B.L	fr	Adidas
B.L	fr	Allemagne
B.L	fr	Allemagne nazie
B.L	fr	Allianz Arena
B.L	fr	Alliés
B.L	fr	Années 1920
B.L	fr	Années 1950
B.L	fr	Années 1960
B.L	fr	Années 1970
B.L	fr	Années 1980
B.L	fr	Années 1990
B.L	fr	Années 2000
B.L	fr	Assurance-vie
B.L	fr	Assurances générales de France
B.L	fr	BASF
B.L	fr	Bavière
B.L	fr	Bayer (entreprise)
B.L	fr	Bayerische Motoren Werke
B.L	fr	Beiersdorf
B.L	fr	Berlin
B.L	fr	Brésil
B.L	fr	Chef d'entreprise
B.L	fr	Chiffre d'affaires
B.L	fr	Chine
B.L	fr	Classement mondial des entreprises leader par secteur
B.L	fr	Commerzbank
B.L	fr	Commission Internationale sur les Demandes d'Indemnisations de l'Epoque de l'Holocauste
B.L	fr	Continental AG
B.L	fr	Corée du Sud
B.L	fr	DAX
B.L	fr	Daimler (entreprise)
B.L	fr	Deutsche Bank
B.L	fr	Deutsche Börse
B.L	fr	Deutsche Post
B.L	fr	Deutsche Telekom
B.L	fr	Dresdner Bank
B.L	fr	E.ON
B.L	fr	Eduard Hilgard
B.L	fr	Espagne
B.L	fr	Euler Hermes
B.L	fr	Euros
B.L	fr	France
B.L	fr	Fresenius
B.L	fr	Fresenius Medical Care
B.L	fr	HVB Group
B.L	fr	HeidelbergCement
B.L	fr	Henkel
B.L	fr	Henning Schulte-Noelle
B.L	fr	Hongrie
B.L	fr	Infineon Technologies
B.L	fr	Invasion de la Pologne
B.L	fr	Italie
B.L	fr	K+S
B.L	fr	Kurt Schmitt
B.L	fr	Lanxess
B.L	fr	Linde AG
B.L	fr	Londres
B.L	fr	Lufthansa
B.L	fr	Merck KGaA
B.L	fr	Michael Diekmann
B.L	fr	Milan
B.L	fr	Munich
B.L	fr	Munich Re
B.L	fr	NSDAP
B.L	fr	NYSE
B.L	fr	Nuit de Cristal
B.L	fr	Paris
B.L	fr	Pays-Bas
B.L	fr	Première Guerre mondiale
B.L	fr	RWE
B.L	fr	Risques financiers
B.L	fr	Royaume-Uni
B.L	fr	Résultat net
B.L	fr	SAP (entreprise)
B.L	fr	Seconde Guerre mondiale
B.L	fr	Secteur d'activité
B.L	fr	Siemens (entreprise)
B.L	fr	Site web
B.L	fr	Siège social
B.L	fr	Slogan publicitaire
B.L	fr	Societas Europaea
B.L	fr	Société européenne
B.L	fr	ThyssenKrupp
B.L	fr	Université de Berkeley
B.L	fr	Volkswagen (entreprise)
B.L	fr	États-Unis
B.L	fr	Modèle:Infobox Société
B.L	fr	Modèle:Palette DAX
B.L	fr	Discussion modèle:Palette DAX
B.L	fr	Catégorie:Entreprise par date de fondation
B.L	fr	Catégorie:Forme juridique des entreprises
B.L	fr	Catégorie:Portail:Allemagne/Articles liés
B.L	fr	Catégorie:Portail:Entreprises/Articles liés
B.L	fr	Catégorie:Portail:Munich/Articles liés
B.L	fr	Portail:Allemagne
B.L	fr	Portail:Entreprises
B.L	fr	Portail:Munich
B.L	fr	Projet:Entreprises/Cartographie des marques par groupe
B.L	he	1890
B.L	he	2009
B.L	he	אירו
B.L	he	אירופה
B.L	he	אליאנץ ארנה
B.L	he	אסיה
B.L	he	ביטוח
B.L	he	בנקאות
B.L	he	ברלין
B.L	he	גורניק זאבז'ה
B.L	he	גרמניה
B.L	he	האיחוד האירופי
B.L	he	המאה ה-19
B.L	he	המשבר הכלכלי העולמי (2008)
B.L	he	ויליאמס F1
B.L	he	לונדון
B.L	he	מינכן
B.L	he	מלחמת העולם השנייה
B.L	he	ניהול ההשקעות
B.L	he	ניהול השקעות
B.L	he	סין
B.L	he	פולין
B.L	he	פורמולה 1
B.L	he	פריז
B.L	he	קוריאה הדרומית
B.L	he	קליפורניה
B.L	he	תאגיד רב-לאומי
B.L	eu	1891
B.L	eu	2010
B.L	eu	Alemaniar
B.L	eu	Amerika
B.L	eu	Aseguru
B.L	eu	Asia-Pazifikoa
B.L	eu	Ekialde Hurbil
B.L	eu	Ekonomia
B.L	eu	Europar Elkarte
B.L	eu	Forbes
B.L	eu	Koordenatu geografiko sistema
B.L	eu	Mendebaldeko Europa
B.L	eu	Munich
B.L	eu	€
B.L	eu	Wikipedia:Zirriborro
B.L	fa	آدیداس
B.L	fa	آرسلور میتال
B.L	fa	آرگون
B.L	fa	آلمان
B.L	fa	آلیانز آرنا
B.L	fa	آمریکای شمالی
B.L	fa	آنهویزر-بوش انبیو
B.L	fa	آکسا
B.L	fa	ا.آن
B.L	fa	ار وه ئه
B.L	fa	ارفورت
B.L	fa	اروپا
B.L	fa	اس آ پ
B.L	fa	استرالیا
B.L	fa	اسلواکی
B.L	fa	اسپانسر
B.L	fa	اسیلور
B.L	fa	اشنایدر الکتریک
B.L	fa	ال و ام هاش
B.L	fa	المپیک مونیخ
B.L	fa	انل
B.L	fa	انی
B.L	fa	اوراق قرضه
B.L	fa	ایالات متحده آمریکا
B.L	fa	ایبردرولا
B.L	fa	ایر لیکوئید
B.L	fa	اینتسا سانپائولو
B.L	fa	ایندیتکس
B.L	fa	اینفینئون
B.L	fa	ای‌اس‌ام‌ال هولدینگ
B.L	fa	ب آ اس اف
B.L	fa	ب ام و
B.L	fa	ب ان پ پاریبا
B.L	fa	باشگاه فوتبال بایرن مونیخ
B.L	fa	باشگاه فوتبال مونیخ ۱۸۶۰
B.L	fa	بانکداری
B.L	fa	بانکو بیلبائو
B.L	fa	بایر (شرکت)
B.L	fa	بایرسدورف
B.L	fa	بایرن مونیخ
B.L	fa	براتیسلاوا
B.L	fa	برلین
B.L	fa	بلغارستان
B.L	fa	بلژیک
B.L	fa	بیمه
B.L	fa	تلفونیکا
B.L	fa	توتال
B.L	fa	تورنتو
B.L	fa	تیسن‌کروپ
B.L	fa	جنرالی
B.L	fa	جهان
B.L	fa	خدمات مالی
B.L	fa	دانون
B.L	fa	دایملر آ گ
B.L	fa	دلار
B.L	fa	دلار آمریکا
B.L	fa	دهه ۱۹۹۰ (میلادی)
B.L	fa	دویچه بانک
B.L	fa	دویچه بورزه
B.L	fa	دویچه تلکوم
B.L	fa	دویچه پست
B.L	fa	رپسول
B.L	fa	زبان آلمانی
B.L	fa	زیمنس
B.L	fa	سانتاندر گروپ
B.L	fa	سانوفی
B.L	fa	سرمایه‌گذاری
B.L	fa	سن-گوبن
B.L	fa	سهم
B.L	fa	سوسیته ژنرال
B.L	fa	سی‌آراچ
B.L	fa	شرکت
B.L	fa	شرکت چندملیتی
B.L	fa	صوفیه
B.L	fa	فرانس تلکوم
B.L	fa	فرزنیوس
B.L	fa	فرزنیوس مدیکال کر
B.L	fa	فرمول یک
B.L	fa	فوربز
B.L	fa	فیلیپس
B.L	fa	لانکسس
B.L	fa	لندن
B.L	fa	لورئال
B.L	fa	لوفت‌هانزا
B.L	fa	لینده
B.L	fa	مدیر عامل اجرایی
B.L	fa	مدیریت
B.L	fa	مرسدس
B.L	fa	مرک
B.L	fa	ملک
B.L	fa	مونیخ
B.L	fa	میونیک ره
B.L	fa	نوکیا
B.L	fa	نیوزیلند
B.L	fa	هایدلبرگ‌سمنت
B.L	fa	هند
B.L	fa	هنکل
B.L	fa	وینچی
B.L	fa	ویوندی
B.L	fa	پتروناس
B.L	fa	ژ د اف سوئز
B.L	fa	کا+اس
B.L	fa	کارفور
B.L	fa	کانادا
B.L	fa	کومرتس‌بانک
B.L	fa	کونتیننتال آ گ
B.L	fa	گروه فولکس‌واگن
B.L	fa	یورو استاکس ۵۰
B.L	fa	یونیبیل-رودآمکو
B.L	fa	یونیلیور
B.L	fa	یونی‌کردیت
B.L	fa	الگو:شرکت‌های دکس
B.L	fa	الگو:شرکت‌های یورو استاکس ۵۰
B.L	fa	بحث الگو:شرکت‌های دکس
B.L	fa	بحث الگو:شرکت‌های یورو استاکس ۵۰
B.L	en	AGF (company)
B.L	en	ASML Holding
B.L	en	AXA
B.L	en	AXA-Winterthur
B.L	en	AXA Assurcredit
B.L	en	AXIS Re
B.L	en	Acquisitions
B.L	en	Adidas
B.L	en	Aegon
B.L	en	Afianzadora Latinoamericana
B.L	en	Ageas
B.L	en	Air Liquide
B.L	en	Allianz
B.L	en	Allianz Arena
B.L	en	Allianz Life
B.L	en	Allstate
B.L	en	Alt-Treptow
B.L	en	American International Assurance
B.L	en	American International Group
B.L	en	Anheuser-Busch InBev
B.L	en	Arcelor Mittal
B.L	en	Askrindo
B.L	en	Aspen Re Europe
B.L	en	Asset
B.L	en	Asset management
B.L	en	Assets under management
B.L	en	Assicurazioni Generali
B.L	en	Association football
B.L	en	Assurances Générales de France
B.L	en	Atradius
B.L	en	Aviva
B.L	en	BASF
B.L	en	BBVA
B.L	en	BMW
B.L	en	BNP Paribas
B.L	en	Banco Santander
B.L	en	Bank
B.L	en	Bayer AG
B.L	en	Beiersdorf
B.L	en	Berkshire Hathaway
B.L	en	Berlin
B.L	en	Bratislava
B.L	en	Brazil
B.L	en	Brigadeführer
B.L	en	Bupa
B.L	en	CESCE
B.L	en	CLAL Insurance Group
B.L	en	CNP Assurances
B.L	en	COSEC
B.L	en	CRH plc
B.L	en	California
B.L	en	Captive unit
B.L	en	Carrefour
B.L	en	Catlin Re
B.L	en	Chairman
B.L	en	Chief executive officer
B.L	en	Chief financial officer
B.L	en	China Life Insurance Company
B.L	en	China National Investment & Guaranty Company
B.L	en	China Pacific Insurance
B.L	en	China Taiping Insurance Holdings
B.L	en	Coface
B.L	en	Commerzbank
B.L	en	Continental AG
B.L	en	Cornhill Insurance
B.L	en	Credit Guarantee Insurance Company
B.L	en	DAX
B.L	en	Dai-ichi Life
B.L	en	Daimler AG
B.L	en	Deutsche Bank
B.L	en	Deutsche Börse
B.L	en	Deutsche Post
B.L	en	Deutsche Telekom
B.L	en	Dresdner Bank
B.L	en	Dresdner Kleinwort
B.L	en	Ducroire/Delcredere
B.L	en	E.ON
B.L	en	ECICS
B.L	en	Earnings before interest and taxes
B.L	en	East Rutherford, NJ
B.L	en	Eduard Hilgard
B.L	en	Endurance Re
B.L	en	Enel
B.L	en	Eni
B.L	en	Equities
B.L	en	Equity (finance)
B.L	en	Essilor
B.L	en	Euler Hermes
B.L	en	Euro
B.L	en	Euro Stoxx 50
B.L	en	Europe
B.L	en	European Company
B.L	en	European Company Regulation
B.L	en	European Financial Services Roundtable
B.L	en	FC Bayern Munich
B.L	en	Farmers Insurance Group
B.L	en	Fianzas Atlas
B.L	en	Fianzas Monterrey
B.L	en	Financial service
B.L	en	Financial services
B.L	en	Fireman's Fund
B.L	en	Fireman's Fund Insurance Company
B.L	en	Fireman’s Fund
B.L	en	Fixed income
B.L	en	Fondiaria-Sai
B.L	en	Forbes
B.L	en	France Télécom
B.L	en	Frankfurt Stock Exchange
B.L	en	Fresenius (company)
B.L	en	Fresenius Medical Care
B.L	en	GDF Suez
B.L	en	Garant
B.L	en	Gen Re
B.L	en	Geographic coordinate system
B.L	en	Gerald Feldman
B.L	en	Germany
B.L	en	Gornik Zabrze
B.L	en	Great Eastern Life
B.L	en	Groupama
B.L	en	Groupe Danone
B.L	en	HCC International
B.L	en	Hannover Re
B.L	en	HeidelbergCement
B.L	en	Henkel
B.L	en	Henning Schulte-Noelle
B.L	en	Holocaust
B.L	en	Hyundai Marine & Fire Insurance
B.L	en	ICIC
B.L	en	ICISA
B.L	en	ING Group
B.L	en	Iberdrola
B.L	en	If P&C Insurance
B.L	en	Inditex
B.L	en	Infineon Technologies
B.L	en	Insurance
B.L	en	Insurance Australia Group
B.L	en	Intesa Sanpaolo
B.L	en	Investment management
B.L	en	Jackson National Life
B.L	en	Joint ventures
B.L	en	Jubilee Insurance
B.L	en	K+S
B.L	en	Kerala
B.L	en	Kleinwort Benson
B.L	en	Kurt Schmitt
B.L	en	L'Oréal
B.L	en	LVMH
B.L	en	Lanxess
B.L	en	Legal & General
B.L	en	Liberty Mutual
B.L	en	Life Insurance Corporation of India
B.L	en	Lincoln National Corporation
B.L	en	Lloyd's of London
B.L	en	Lombard Insurance Company
B.L	en	Lufthansa
B.L	en	Manufacturers Mutual Insurance
B.L	en	Manulife Financial
B.L	en	Mapfre
B.L	en	Meiji Yasuda Life
B.L	en	Merck KGaA
B.L	en	MetLife
B.L	en	MetLife Stadium
B.L	en	Michael Diekmann
B.L	en	Milan
B.L	en	Mitsui Sumitomo
B.L	en	Mitsui Sumitomo Insurance Group
B.L	en	Mondial Assistance Group
B.L	en	Multinational corporation
B.L	en	Munich
B.L	en	Munich Re
B.L	en	Naming rights
B.L	en	National Mutual Insurance Federation of Agricultural Cooperatives
B.L	en	Nationale Borg
B.L	en	Nazi
B.L	en	Net income
B.L	en	New York Giants
B.L	en	New York Jets
B.L	en	New York Life Insurance Company
B.L	en	Nippon Life
B.L	en	Nokia
B.L	en	Northwestern Mutual
B.L	en	Novae Group plc
B.L	en	Old Mutual
B.L	en	PIMCO
B.L	en	Partner Re
B.L	en	People's Insurance Company of China
B.L	en	Philips
B.L	en	Phoenix Group (company)
B.L	en	Ping An Insurance
B.L	en	Powszechny Zakład Ubezpieczeń
B.L	en	Prisma
B.L	en	Prudential Financial
B.L	en	Prudential plc
B.L	en	QBE Insurance
B.L	en	R+V Re
B.L	en	RSA Insurance Group
B.L	en	RWE
B.L	en	Reinsurance
B.L	en	Reinsurance Group of America
B.L	en	Repsol S.A.
B.L	en	Riunione Adriatica di Sicurità
B.L	en	SACE BT
B.L	en	SAP AG
B.L	en	SCOR Global P&C SE
B.L	en	SID First Credit
B.L	en	Saint-Gobain
B.L	en	Samsung Fire & Marine Insurance
B.L	en	Samsung Life Insurance
B.L	en	Sanofi
B.L	en	Saracens F.C.
B.L	en	Schneider Electric
B.L	en	Scor (company)
B.L	en	Scottish Widows
B.L	en	Seoul Guarantee Insurance Company
B.L	en	Siemens
B.L	en	Société Générale
B.L	en	Solunion
B.L	en	Sompo Japan
B.L	en	St. Andrews Links Trust
B.L	en	Standard Life
B.L	en	State Farm Insurance
B.L	en	Subsidiary
B.L	en	Sumitomo Life
B.L	en	Sun Life Financial
B.L	en	Supervisory board
B.L	en	Swiss Life
B.L	en	Swiss Re
B.L	en	TSV 1860 München
B.L	en	Taikang Life
B.L	en	Technopark, Trivandrum
B.L	en	Telefónica
B.L	en	The Geneva Association
B.L	en	The Guarantee Company of North America
B.L	en	The Hartford
B.L	en	The Linde Group
B.L	en	The Travelers Companies
B.L	en	Third Reich
B.L	en	ThyssenKrupp
B.L	en	Ticker symbol
B.L	en	Tokio Marine
B.L	en	Tokio Marine & Nichido Fire
B.L	en	Total SA
B.L	en	Tryg Garanti
B.L	en	Types of business entity
B.L	en	UniCredit
B.L	en	Unibail-Rodamco
B.L	en	Unilever
B.L	en	United India Insurance Company Limited
B.L	en	Vienna Insurance Group
B.L	en	Vinci (construction)
B.L	en	Vivendi
B.L	en	Volkswagen Group
B.L	en	WilliamsF1
B.L	en	World War II
B.L	en	XL Group
B.L	en	Zurich Insurance Group
B.L	en	Zurich Insurance plc
B.L	en	Zurich Surety, Credit & Political Risk
B.L	en	Zurich Surety UK
B.L	en	Talk:Allianz
B.L	en	Wikipedia:Disputed statement
B.L	en	Wikipedia:Link rot
B.L	en	Wikipedia:Media help
B.L	en	Wikipedia:Verifiability
B.L	en	File:De-Allianz.ogg
B.L	en	Template:Citation needed
B.L	en	Template:DAX companies
B.L	en	Template:Euro Stoxx 50 Companies
B.L	en	Template:ICISA members
B.L	en	Template:Major insurance companies
B.L	en	Template:Portal/Images/Bavaria
B.L	en	Template:Portal/Images/Companies
B.L	en	Template talk:DAX companies
B.L	en	Template talk:Euro Stoxx 50 Companies
B.L	en	Template talk:ICISA members
B.L	en	Template talk:Major insurance companies
B.L	en	Help:Introduction to referencing/1
B.L	en	Category:Articles needing additional references from January 2009
B.L	en	Category:Articles with dead external links from September 2010
B.L	en	Category:Articles with disputed statements from February 2013
B.L	en	Portal:Bavaria
B.L	en	Portal:Companies
B.L	es	1. Bundesliga 2005/06
B.L	es	1890
B.L	es	1893
B.L	es	1930
B.L	es	1933 a 1945
B.L	es	1990
B.L	es	1991
B.L	es	1993
B.L	es	1996
B.L	es	1997
B.L	es	1998
B.L	es	2000
B.L	es	2001
B.L	es	2002
B.L	es	2003
B.L	es	2005
B.L	es	2006
B.L	es	2007
B.L	es	2008
B.L	es	2009
B.L	es	20 de noviembre
B.L	es	22 de junio
B.L	es	29 de abril
B.L	es	30 de abril
B.L	es	31 de marzo
B.L	es	AGF
B.L	es	AXA
B.L	es	Activo (contabilidad)
B.L	es	Aegon
B.L	es	Alemania
B.L	es	Alfred Haase
B.L	es	Allianz Arena
B.L	es	Arcandor
B.L	es	Australia
B.L	es	Años 20
B.L	es	BASF
B.L	es	BMW
B.L	es	Banco
B.L	es	Banco Popular Español
B.L	es	Banco Portugués de Investimento
B.L	es	Barcelona
B.L	es	Bayer
B.L	es	Bayern de Múnich
B.L	es	Beiersdorf
B.L	es	Berlín
B.L	es	Bolsa de Nueva York
B.L	es	Bratislava
B.L	es	Bundestag
B.L	es	Bélgica
B.L	es	California
B.L	es	Canadá
B.L	es	Carl von Thieme
B.L	es	Centro de Tecnología de Allianz
B.L	es	China
B.L	es	Compañía de seguros
B.L	es	Continental AG
B.L	es	Corea del Sur
B.L	es	Crédit Agricole
B.L	es	DAX
B.L	es	Die Linke
B.L	es	Dresdner Bank
B.L	es	E.ON
B.L	es	East Rutherford
B.L	es	Empresa pública
B.L	es	Eslovaquia
B.L	es	España
B.L	es	Estadio Olímpico de Múnich
B.L	es	Estados Unidos
B.L	es	Euro
B.L	es	Europa
B.L	es	Fin de la Segunda Guerra Mundial en Europa
B.L	es	Fresenius SE
B.L	es	Fráncfort del Meno
B.L	es	Fénix Directo
B.L	es	GEA Group
B.L	es	Gerald D. Feldman
B.L	es	Gestión de activos
B.L	es	Grupo Mondial Assitance
B.L	es	Górnik Zabrze
B.L	es	Hamburgo
B.L	es	Hans Goudefroy
B.L	es	Hans Heß (Unternehmer)
B.L	es	Hanóver
B.L	es	Heidelberger Druckmaschinen AG
B.L	es	Henning Schulte-Noelle
B.L	es	Holocausto
B.L	es	Hungría
B.L	es	ICBC
B.L	es	Iceberg
B.L	es	Imperio Alemán
B.L	es	India
B.L	es	Industria
B.L	es	JP Morgan
B.L	es	Kurt Schmitt
B.L	es	Linde AG
B.L	es	Londres
B.L	es	Meadowlands Stadium
B.L	es	Merck Finck & Co
B.L	es	Michael Diekmann
B.L	es	Millones
B.L	es	Monoplaza
B.L	es	Munich Re
B.L	es	México
B.L	es	Múnich
B.L	es	Münchener Rück
B.L	es	NSDAP
B.L	es	New York Giants
B.L	es	New York Jets
B.L	es	Nueva Jersey
B.L	es	Nueva Zelanda
B.L	es	Octubre
B.L	es	Partidos políticos de Alemania
B.L	es	Paul von der Nahmer
B.L	es	Países Bajos
B.L	es	RWE
B.L	es	Renania del Norte-Westfalia
B.L	es	Rotterdam
B.L	es	Schulte-Noelle
B.L	es	Seguros
B.L	es	Selecta (empresa)
B.L	es	Servicios financieros
B.L	es	Siemens AG
B.L	es	Sitio web
B.L	es	Societas europaea
B.L	es	TSV 1860 München
B.L	es	Tercer Reich
B.L	es	Titanic
B.L	es	Total S.A.
B.L	es	UniCredit
B.L	es	Universidad de Berkeley
B.L	es	Wikimedia Commons
B.L	es	Wilhelm von Finck
B.L	es	Williams F1
B.L	es	Wolfgang Schieren
B.L	es	Worms et Cie
B.L	es	Anexo:Pólizas de seguro de Allianz
B.L	bg	1889
B.L	bg	1890
B.L	bg	1893
B.L	bg	1895
B.L	bg	1906
B.L	bg	1912
B.L	bg	1921
B.L	bg	1922
B.L	bg	1933
B.L	bg	1945
B.L	bg	1949
B.L	bg	1958
B.L	bg	1985
B.L	bg	1990
B.L	bg	1997
B.L	bg	1999
B.L	bg	2001
B.L	bg	2003
B.L	bg	2004
B.L	bg	2005
B.L	bg	29 април
B.L	bg	Алианц България
B.L	bg	Бавария
B.L	bg	Берлин
B.L	bg	Втората световна война
B.L	bg	Географски координати
B.L	bg	Германия
B.L	bg	Германска демократична република
B.L	bg	Дрезднер банк
B.L	bg	Европа
B.L	bg	Застраховане
B.L	bg	Италия
B.L	bg	Лондон
B.L	bg	Мюнхен
B.L	bg	Немски език
B.L	bg	Общомедия
B.L	bg	Сан Франциско
B.L	bg	Съединени американски щати
B.L	bg	Титаник
B.L	bg	Франция
B.L	bg	Щутгарт
B.L	be	1890
B.L	be	1912
B.L	be	1985
B.L	be	5 лютага
B.L	be	AT&T
B.L	be	AXA
B.L	be	Abbott Laboratories
B.L	be	Adidas
B.L	be	Aegon
B.L	be	Air Liquide
B.L	be	Alcatel-Lucent
B.L	be	Apple
B.L	be	ArcelorMittal
B.L	be	Assicurazioni Generali
B.L	be	BASF
B.L	be	BBVA
B.L	be	BHP Billiton
B.L	be	BMW
B.L	be	BNP Paribas
B.L	be	BP
B.L	be	Bank of America
B.L	be	Bayer
B.L	be	Beiersdorf
B.L	be	Bertrandt
B.L	be	Carrefour
B.L	be	Chevron
B.L	be	Cisco Systems
B.L	be	Commerzbank
B.L	be	ConocoPhillips
B.L	be	Crédit Agricole
B.L	be	DAX
B.L	be	Daimler
B.L	be	Danone
B.L	be	Deutsche Bank
B.L	be	Deutsche Börse
B.L	be	Deutsche Post
B.L	be	Deutsche Telekom
B.L	be	Dow Jones Euro Stoxx 50
B.L	be	Dow Jones Global Titans 50
B.L	be	E.ON
B.L	be	ENEL
B.L	be	Eni
B.L	be	Exxon Mobil
B.L	be	Fortis
B.L	be	Fortune Global 500
B.L	be	France Télécom
B.L	be	Fresenius
B.L	be	Fresenius SE
B.L	be	GDF Suez
B.L	be	General Electric
B.L	be	GlaxoSmithKline
B.L	be	Google, кампанія
B.L	be	Grupo Santander
B.L	be	HSBC
B.L	be	Hannover Re
B.L	be	Henkel
B.L	be	Hewlett-Packard
B.L	be	Hoffmann-La Roche
B.L	be	IBM
B.L	be	ING Groep N.V.
B.L	be	Iberdrola
B.L	be	Intel
B.L	be	Intesa Sanpaolo
B.L	be	JPMorgan Chase
B.L	be	Johnson & Johnson
B.L	be	K+S
B.L	be	L'Oréal
B.L	be	LVMH
B.L	be	Lufthansa
B.L	be	MAN
B.L	be	MSD Sharp & Dohme
B.L	be	Merck KGaA
B.L	be	Metro AG
B.L	be	Microsoft
B.L	be	Mitsubishi UFJ Financial Group
B.L	be	Munich Re
B.L	be	Nestlé
B.L	be	Nokia
B.L	be	Novartis
B.L	be	Oracle Corporation
B.L	be	PepsiCo
B.L	be	Petrobras
B.L	be	Pfizer
B.L	be	Philip Morris International
B.L	be	Philips
B.L	be	Procter & Gamble
B.L	be	RWE
B.L	be	Renault
B.L	be	Repsol YPF
B.L	be	Royal Dutch Shell
B.L	be	SAP
B.L	be	Saint-Gobain
B.L	be	Salzgitter AG
B.L	be	Samsung Electronics
B.L	be	Sanofi-Aventis
B.L	be	Schlumberger
B.L	be	Schneider Electric
B.L	be	Siemens
B.L	be	Société Générale
B.L	be	Telecom Italia
B.L	be	Telefónica
B.L	be	The Coca-Cola Company
B.L	be	The Linde Group
B.L	be	ThyssenKrupp
B.L	be	Total
B.L	be	Toyota
B.L	be	UniCredit
B.L	be	Unilever
B.L	be	Verizon Communications
B.L	be	Vinci
B.L	be	Vivendi
B.L	be	Vodafone
B.L	be	Volkswagen Group
B.L	be	Wal-Mart
B.L	be	Аперацыйны прыбытак
B.L	be	Выручка
B.L	be	ВікіСховішча
B.L	be	Геаграфічныя каардынаты
B.L	be	Германія
B.L	be	Еўрапейскае акцыянернае таварыства
B.L	be	Землетрасенне ў Сан-Францыска, 1906
B.L	be	Лістынг, эканоміка
B.L	be	Мюнхен
B.L	be	Паводка ў Еўропе, 2002
B.L	be	Сайт
B.L	be	Страхаванне
B.L	be	Страхавая кампанія
B.L	be	Тытанік
B.L	be	Франкфурцкая фондавая біржа
B.L	be	Чысты прыбытак
B.L	be	Юрыдычная асоба
B.L	da	1890
B.L	da	1893
B.L	da	1895
B.L	da	1912
B.L	da	1920'erne
B.L	da	1949
B.L	da	1970'erne
B.L	da	1990
B.L	da	1997
B.L	da	1999
B.L	da	2003
B.L	da	2007
B.L	da	2008
B.L	da	Adidas
B.L	da	Alka Forsikring
B.L	da	BASF
B.L	da	BMW
B.L	da	Bank
B.L	da	Bayer
B.L	da	Beiersdorf AG
B.L	da	Berlin
B.L	da	Commerzbank
B.L	da	Continental AG
B.L	da	DAX
B.L	da	DDR
B.L	da	Daimler AG
B.L	da	Deutsche Bank
B.L	da	Deutsche Börse
B.L	da	Deutsche Post
B.L	da	Deutsche Telekom
B.L	da	Dresdner Bank
B.L	da	E.ON
B.L	da	Europa
B.L	da	Finansiel virksomhed
B.L	da	Forsikring
B.L	da	Frankfurter Wertpapierbörse
B.L	da	Fresenius Medical Care
B.L	da	Fresenius SE
B.L	da	HeidelbergCement
B.L	da	Henkel
B.L	da	Infineon Technologies
B.L	da	Jordskælvet i San Francisco 1906
B.L	da	K+S
B.L	da	Lanxess
B.L	da	Linde AG
B.L	da	London
B.L	da	Lufthansa
B.L	da	Merck KGaA
B.L	da	Munich Re
B.L	da	München
B.L	da	New York Stock Exchange
B.L	da	Omsætning
B.L	da	RWE
B.L	da	SAP AG
B.L	da	Scandlines
B.L	da	Siemens AG
B.L	da	Sydkorea
B.L	da	ThyssenKrupp
B.L	da	Titanic
B.L	da	Treptow
B.L	da	Tyskland
B.L	da	Volkswagen Aktiengesellschaft
B.L	ar	1890
B.L	ar	ألمانيا
B.L	ar	الأردن
B.L	ar	الإمارات العربية المتحدة
B.L	ar	البحرين
B.L	ar	المملكة العربية السعودية
B.L	ar	برلين
B.L	ar	سي إن إن
B.L	ar	لبنان
B.L	ar	مصر
B.L	ar	ويكيبيديا:الاستشهاد بمصادر
B.L	ar	ويكيبيديا:بذرة
B.L	ar	ويكيبيديا:دليل تنسيق المقالات
B.L	ar	ويكيبيديا:مصادر موثوقة
B.L	ar	ويكيبيديا:وثوقية
B.L	ar	ويكيبيديا:يتيمة
B.L	ar	قالب:إحداث/كوائف
B.L	ar	مساعدة:وصلة
B.L	ar	تصنيف:مقالات يتيمة منذ مايو 2012
B.L	no	1889
B.L	no	1893
B.L	no	1895
B.L	no	1999
B.L	no	2001
B.L	no	2002
B.L	no	Asia
B.L	no	Assurances Générales de France
B.L	no	Berlin
B.L	no	Carl von Thieme
B.L	no	DDR
B.L	no	Dresdner Bank
B.L	no	Hans Goudefroy
B.L	no	Hans Heß (forretningsmann)
B.L	no	Henning Schulte-Noelle
B.L	no	Kurt Schmitt
B.L	no	Michael Diekmann
B.L	no	München
B.L	no	Pimco
B.L	no	RMS «Titanic»
B.L	no	Vereinte Versicherungsgruppe
B.L	no	Wikimedia Commons
B.L	no	Wilhelm von Finck
B.L	no	Wolfgang Schieren
B.L	pl	Adidas
B.L	pl	Allianz Arena
B.L	pl	Allianz Bank Polska
B.L	pl	Allianz Polska
B.L	pl	BASF
B.L	pl	BMW
B.L	pl	Bawaria
B.L	pl	Bayer AG
B.L	pl	Beiersdorf AG
B.L	pl	Branża
B.L	pl	Commerzbank
B.L	pl	DAX
B.L	pl	Daimler AG
B.L	pl	Deutsche Bank
B.L	pl	Deutsche Börse
B.L	pl	Deutsche Post
B.L	pl	Deutsche Telekom
B.L	pl	E.ON
B.L	pl	EUR
B.L	pl	Formy prawne przedsiębiorstw
B.L	pl	Frankfurt nad Menem
B.L	pl	Fresenius
B.L	pl	Fresenius Medical Care
B.L	pl	Górnik Zabrze
B.L	pl	Henkel
B.L	pl	Infineon
B.L	pl	K+S
B.L	pl	Linde AG
B.L	pl	Lufthansa
B.L	pl	MAN SE
B.L	pl	Merck KGaA
B.L	pl	Metro Group
B.L	pl	Monachium
B.L	pl	Munich Re
B.L	pl	Niemcy
B.L	pl	Państwo
B.L	pl	Piłka nożna
B.L	pl	Polska
B.L	pl	Produkt (marketing)
B.L	pl	Przychód (ekonomia)
B.L	pl	RWE (koncern)
B.L	pl	SAP AG
B.L	pl	Salzgitter AG
B.L	pl	Siedziba (prawo)
B.L	pl	Siemens AG
B.L	pl	Spółka europejska
B.L	pl	ThyssenKrupp
B.L	pl	Volkswagen AG
B.L	pl	Zatrudnienie
B.L	pl	Szablon:DAX
B.L	pl	Dyskusja szablonu:DAX
B.L	lt	Adidas
B.L	lt	BASF
B.L	lt	BMW
B.L	lt	Bayer
B.L	lt	Beiersdorf
B.L	lt	Commerzbank
B.L	lt	DAX
B.L	lt	Daimler AG
B.L	lt	Deutsche Bank
B.L	lt	Deutsche Börse
B.L	lt	Deutsche Post
B.L	lt	Deutsche Telekom
B.L	lt	Draudimas
B.L	lt	E.ON
B.L	lt	Finansinės paslaugos
B.L	lt	Fresenius (company)
B.L	lt	Fresenius Medical Care
B.L	lt	HeidelbergCement
B.L	lt	Henkel
B.L	lt	Infineon Technologies
B.L	lt	K+S
B.L	lt	Lufthansa
B.L	lt	MAN SE
B.L	lt	Merck KGaA
B.L	lt	Metro AG
B.L	lt	Munich Re
B.L	lt	RWE
B.L	lt	SAP AG
B.L	lt	Siemens
B.L	lt	The Linde Group
B.L	lt	ThyssenKrupp
B.L	lt	Vokietija
B.L	lt	Volkswagen Group
B.L	lt	Šablonas:DAX companies
B.L	lt	Šablono aptarimas:DAX companies
B.L	mr	चर्चा:आलियांत्स
B.L	mr	विकिपीडिया:अपूर्ण लेख
B.L	mr	वर्ग:विस्तार विनंती
B.L	nl	1890
B.L	nl	1949
B.L	nl	1990
B.L	nl	19e eeuw
B.L	nl	2001
B.L	nl	2003
B.L	nl	2006
B.L	nl	2010
B.L	nl	8 februari
B.L	nl	ATP-seizoen
B.L	nl	Aandeel
B.L	nl	Adidas
B.L	nl	Allianz Arena
B.L	nl	Allianz Swiss Open
B.L	nl	Autoverzekering
B.L	nl	Azië
B.L	nl	BASF (chemieconcern)
B.L	nl	BMW
B.L	nl	Bayer
B.L	nl	Beiersdorf AG
B.L	nl	Berlijn
B.L	nl	Brazilië
B.L	nl	Commerzbank
B.L	nl	Continental AG
B.L	nl	DAX-index
B.L	nl	Daimler (Duitsland)
B.L	nl	Deutsche Bank
B.L	nl	Deutsche Börse
B.L	nl	Deutsche Post
B.L	nl	Deutsche Telekom
B.L	nl	Duitsland
B.L	nl	E.ON
B.L	nl	Fireman's Fund
B.L	nl	Frankrijk
B.L	nl	Fresenius
B.L	nl	Fresenius Medical Care
B.L	nl	HeidelbergCement
B.L	nl	Henkel KGaA
B.L	nl	Infineon
B.L	nl	Italië
B.L	nl	Jaren '50
B.L	nl	Jaren '60
B.L	nl	Jaren '70
B.L	nl	Jaren '80
B.L	nl	Joint venture
B.L	nl	K+S
B.L	nl	Lanxess
B.L	nl	Levensverzekering
B.L	nl	Linde AG
B.L	nl	Londen
B.L	nl	Lufthansa
B.L	nl	Merck KGaA
B.L	nl	München
B.L	nl	Münchener Rück
B.L	nl	Nederland
B.L	nl	Oost-Europa
B.L	nl	Parijs
B.L	nl	RWE (energie)
B.L	nl	Rotterdam
B.L	nl	SAP AG
B.L	nl	Schadeverzekering
B.L	nl	Siemens AG
B.L	nl	Spanje
B.L	nl	Stadion
B.L	nl	ThyssenKrupp
B.L	nl	Tweede Wereldoorlog
B.L	nl	Verenigd Koninkrijk
B.L	nl	Verenigde Staten
B.L	nl	Vermogensbeheer
B.L	nl	Verzekeringsmaatschappij
B.L	nl	Volksrepubliek China
B.L	nl	Volkswagen AG
B.L	nl	Wikimedia Commons
B.L	nl	Zuid-Korea
B.L	nl	Portaal:Economie
B.L	ko	BASF
B.L	ko	BMW
B.L	ko	DAX
B.L	ko	E.ON
B.L	ko	K+S
B.L	ko	MAN SE
B.L	ko	RWE
B.L	ko	SAP AG
B.L	ko	금융 서비스
B.L	ko	다임러 AG
B.L	ko	도이체 방크
B.L	ko	도이체 뵈르제
B.L	ko	도이체 텔레콤
B.L	ko	도이체 포스트
B.L	ko	독일
B.L	ko	루프트한자
B.L	ko	린데 AG
B.L	ko	메르크
B.L	ko	메트로 AG
B.L	ko	뮌헨
B.L	ko	뮤닉 리
B.L	ko	바이어스도르프
B.L	ko	바이엘 (기업)
B.L	ko	아디다스
B.L	ko	인피니온 테크놀로지스
B.L	ko	지멘스 AG
B.L	ko	코메르츠방크
B.L	ko	티센크루프
B.L	ko	폭스바겐 AG
B.L	ko	프레제니우스 (기업)
B.L	ko	프레제니우스 메디컬 케어
B.L	ko	하이델베르그시멘트
B.L	ko	헨켈
B.L	ko	틀:DAX
B.L	ko	틀토론:DAX
B.L	hu	2001
B.L	hu	2003
B.L	hu	AXA
B.L	hu	Allianz Bank Zártkörűen Működő Részvénytársaság
B.L	hu	Allianz Hungária Biztosító Zártkörűen Működő Részvénytársaság
B.L	hu	Berlin
B.L	hu	Biztosító
B.L	hu	Citigroup
B.L	hu	Dresdner Bank
B.L	hu	Henning Schulte-Noelle
B.L	hu	ING Group
B.L	hu	London
B.L	hu	Michael Diekmann
B.L	hu	München
B.L	hu	Németország
B.L	hu	Stuttgart
B.L	hu	Wikimédia Commons
B.L	id	1890
B.L	id	1981
B.L	id	1989
B.L	id	1996
B.L	id	2004
B.L	id	2006
B.L	id	AIA Financial
B.L	id	AIA Indonesia
B.L	id	AJB Bumiputera 1912
B.L	id	AJ Bakrie
B.L	id	AXA Life Indonesia
B.L	id	AXA Mandiri
B.L	id	Ace Life Assurance
B.L	id	Adi Sarana Wana Artha
B.L	id	Adira Dinamika
B.L	id	Aetna Life
B.L	id	Allianz AP & Africa GmbH
B.L	id	Allianz Utama Indonesia
B.L	id	Amanah Jamin Indonesia
B.L	id	Anugrah Life
B.L	id	Aon Indonesia
B.L	id	Asiare Binajasa
B.L	id	Asih Great Eastern
B.L	id	Askrida
B.L	id	Asrinda Re-Brokers dan AA Pialang Asuransi
B.L	id	Asuransi
B.L	id	Asuransi Astra Buana
B.L	id	Asuransi Bina Dana Arta
B.L	id	Asuransi Central Asia
B.L	id	Asuransi Dayin Mitra
B.L	id	Asuransi Harta Aman P
B.L	id	Asuransi Jasa Indonesia
B.L	id	Asuransi Jasa Tania
B.L	id	Asuransi Jiwa Mega Life
B.L	id	Asuransi Kredit Indonesia
B.L	id	Asuransi Multi Arta Guna
B.L	id	Asuransi Recapital (Reguard)
B.L	id	Asuransi Samsung Tugu
B.L	id	Asuransi Sinar Mas
B.L	id	Asuransi Tri Pakarta
B.L	id	Asuransi Tugu Mandiri
B.L	id	Asuransi Umum BumiPuteraMuda 1967
B.L	id	Asuransi Umum Mega
B.L	id	Aviva
B.L	id	Avrist Assurance
B.L	id	BNI Life
B.L	id	BNI Life Indonesia
B.L	id	BRIngin Life Sejahtera
B.L	id	BRIngin Sejahtera Artamakmur
B.L	id	Bangun Askrida
B.L	id	Bank
B.L	id	Binagriya Upakara
B.L	id	Bintang (Perusahaan)
B.L	id	Bringin Jiwa Sejahtera
B.L	id	Bumi Arta Reksatama
B.L	id	Bumi Asih Jaya
B.L	id	Bumi Putera 1912
B.L	id	Bursa Saham Frankfurt
B.L	id	Bursa Saham New York
B.L	id	CIMB Sun Life
B.L	id	Central Asia Raya
B.L	id	Century Lifindo Perdana
B.L	id	Cigna
B.L	id	Commonwealth Life
B.L	id	Eka Life
B.L	id	Elite Life
B.L	id	Equity Financial Solution
B.L	id	Equity Life Indonesia
B.L	id	Finansial
B.L	id	Fresnel Perdana Mandiri
B.L	id	Generali Indonesia
B.L	id	Great Eastern Life Indonesia
B.L	id	Heksa Eka Life
B.L	id	Indatamporok Life
B.L	id	Indolife Pensiuntama
B.L	id	Indonesia
B.L	id	Intan (Perusahaan)
B.L	id	Jasa finansial
B.L	id	Jasindo Takaful
B.L	id	Jenis entitas bisnis
B.L	id	Jerman
B.L	id	Jiwasraya
B.L	id	John Hancock (Perusahaan)
B.L	id	Koperasi Ajindo
B.L	id	Kresna Karya
B.L	id	Laba bersih
B.L	id	Lippo General Insurance
B.L	id	MAA General Assurance
B.L	id	MAA Life
B.L	id	MAA Life Assurance
B.L	id	MNC Life Insurance
B.L	id	Madani Karsa Mandiri
B.L	id	Manulife Financial
B.L	id	Maskapai Reasuransi Indonesia (Marein)
B.L	id	Muenchen
B.L	id	Multicor Life Insurance
B.L	id	Munich
B.L	id	Nusantara Life
B.L	id	Panin Insurance
B.L	id	Panin Life
B.L	id	Parolamas
B.L	id	Pasaraya Life
B.L	id	Perusahaan
B.L	id	Perusahaan publik
B.L	id	Prudential Life Assurance
B.L	id	Ramayana (Perusahaan)
B.L	id	Reasuransi Internasional Indonesia (ReIndo)
B.L	id	Reasuransi Nasional Indonesia (Nasre
B.L	id	Relife
B.L	id	SinarMas
B.L	id	Staco Jasapratama
B.L	id	Sun Life Financial
B.L	id	Syariah Mubarakah
B.L	id	Takaful Keluarga
B.L	id	Takaful Umum
B.L	id	Tokio Marine Indonesia
B.L	id	Tugu Pratama Indonesia
B.L	id	Zurich Topas Life
B.L	id	Wikipedia:Merapikan artikel
B.L	id	Wikipedia:Rintisan
B.L	id	Wikipedia:Wikifikasi
B.L	id	Templat:Perusahaan Asuransi di indonesia
B.L	id	Pembicaraan Templat:Perusahaan Asuransi di indonesia
B.L	is	2010
B.L	is	6. október
B.L	is	Adidas
B.L	is	BASF
B.L	is	BMW
B.L	is	Bayer
B.L	is	Beiersdorf
B.L	is	Commerzbank
B.L	is	DAX
B.L	is	Daimler
B.L	is	Deutsche Bank
B.L	is	Deutsche Börse
B.L	is	Deutsche Lufthansa
B.L	is	Deutsche Post
B.L	is	Deutsche Telekom
B.L	is	E.ON
B.L	is	Evrópa
B.L	is	Fjármál
B.L	is	Fresenius
B.L	is	Fresenius Medical Care
B.L	is	Fyrirtæki
B.L	is	HeidelbergCement
B.L	is	Henkel
B.L	is	Infineon Technologies
B.L	is	K+S
B.L	is	Linde
B.L	is	MAN
B.L	is	METRO
B.L	is	Merck (þýskt fyrirtæki)
B.L	is	Munich Re
B.L	is	München
B.L	is	RWE
B.L	is	SAP
B.L	is	Siemens
B.L	is	ThyssenKrupp
B.L	is	Volkswagen
B.L	is	Wikipedia:Stubbur
B.L	is	Snið:DAX
B.L	is	Sniðaspjall:DAX
B.L	it	13 ottobre
B.L	it	1890
B.L	it	1949
B.L	it	1986
B.L	it	1 ottobre
B.L	it	2000
B.L	it	2001
B.L	it	2004
B.L	it	2006
B.L	it	2007
B.L	it	2008
B.L	it	2010
B.L	it	8 febbraio
B.L	it	AGF (società)
B.L	it	Acquisizione
B.L	it	Adidas
B.L	it	Aktiengesellschaft
B.L	it	Allianz Arena
B.L	it	Allianz Bank Financial Advisors
B.L	it	Allianz Global Investors
B.L	it	Allianz Subalpina
B.L	it	Anni 1950
B.L	it	Anni 1960
B.L	it	Anni 1970
B.L	it	Asia
B.L	it	Assicurazione
B.L	it	BASF
B.L	it	BMW
B.L	it	Banca
B.L	it	Bayer
B.L	it	Bayern Monaco
B.L	it	Beiersdorf (azienda)
B.L	it	Berlino
B.L	it	Blue chip
B.L	it	Borsa Italiana
B.L	it	Borsa di Francoforte
B.L	it	Borsa valori
B.L	it	Brasile
B.L	it	Cina
B.L	it	Comitato Paralimpico Internazionale
B.L	it	Commerzbank
B.L	it	Corea del Sud
B.L	it	CreditRas Assicurazioni
B.L	it	CreditRas Vita
B.L	it	DAX 30
B.L	it	Daimler (azienda)
B.L	it	Deutsche Bank
B.L	it	Deutsche Börse
B.L	it	Deutsche Post
B.L	it	Deutsche Telekom
B.L	it	Dresdner Bank
B.L	it	E.ON
B.L	it	Fatturato
B.L	it	Fondazione UMANA MENTE
B.L	it	Fondo monetario
B.L	it	Formula 1
B.L	it	Fresenius
B.L	it	Fresenius Medical Care
B.L	it	Fusione (diritto)
B.L	it	Genialloyd
B.L	it	Germania
B.L	it	Gornik Zabrze
B.L	it	Gran Bretagna
B.L	it	Gruppo Volkswagen
B.L	it	Heidelberg Cement
B.L	it	Henkel
B.L	it	Henning Schulte-Noelle
B.L	it	Il sole 24 ore
B.L	it	Impresa
B.L	it	Indice azionario
B.L	it	Infineon Technologies
B.L	it	Investitori SGR
B.L	it	Italia
B.L	it	Joint ventures
B.L	it	K+S
B.L	it	Linde AG
B.L	it	Lloyd Adriatico
B.L	it	Logo
B.L	it	Londra
B.L	it	Lufthansa
B.L	it	MAN SE
B.L	it	Merck KGaA
B.L	it	Metro (azienda)
B.L	it	Michael Diekmann
B.L	it	Milano
B.L	it	Monaco di Baviera
B.L	it	Munich Re
B.L	it	Olanda
B.L	it	Parigi
B.L	it	Promotore finanziario
B.L	it	RWE (azienda)
B.L	it	Reuschel & Co. Privatbankiers
B.L	it	Riunione Adriatica di Sicurtà
B.L	it	SAP (azienda)
B.L	it	Seconda guerra mondiale
B.L	it	Servizi finanziari
B.L	it	Siemens (azienda)
B.L	it	Sito web
B.L	it	Società Europea
B.L	it	Società europea
B.L	it	Spagna
B.L	it	Stati Uniti d'America
B.L	it	Stato
B.L	it	Stock Exchange di New York
B.L	it	Succursale
B.L	it	TSV 1860 Monaco
B.L	it	ThyssenKrupp
B.L	it	Ufficio (locale)
B.L	it	Ungheria
B.L	it	Williams F1
B.L	it	Template:Aziende DAX 30
B.L	it	Discussioni template:Aziende DAX 30
B.L	ja	1880年
B.L	ja	1990年
B.L	ja	1991年
B.L	ja	2000年
B.L	ja	2001年
B.L	ja	2003年
B.L	ja	2006 FIFAワールドカップ
B.L	ja	2006年
B.L	ja	2008年
B.L	ja	AGF (企業)
B.L	ja	BASF
B.L	ja	BMW
B.L	ja	E.ON
B.L	ja	K+S
B.L	ja	PIMCO
B.L	ja	Portable Document Format
B.L	ja	RWE
B.L	ja	SAP (企業)
B.L	ja	アジア
B.L	ja	アディダス
B.L	ja	アフリカ
B.L	ja	アメリカ合衆国
B.L	ja	アリアンツ・アレーナ
B.L	ja	アリアンツ火災海上保険
B.L	ja	アリアンツ生命保険
B.L	ja	インフィニオン・テクノロジーズ
B.L	ja	ウィリアムズF1
B.L	ja	オーストラリア
B.L	ja	グランプリ (モータースポーツ)
B.L	ja	グラン・スタッド・ドゥ・ニース
B.L	ja	コメルツ銀行
B.L	ja	コンチネンタル (自動車部品製造業)
B.L	ja	サーキット
B.L	ja	シドニー・フットボール・スタジアム
B.L	ja	シーメンス
B.L	ja	ダイムラー (自動車メーカー)
B.L	ja	ティッカーシンボル
B.L	ja	ティッセンクルップ
B.L	ja	ドイツ
B.L	ja	ドイツテレコム
B.L	ja	ドイツポスト
B.L	ja	ドイツ・ポストバンク
B.L	ja	ドイツ株価指数
B.L	ja	ドイツ証券取引所
B.L	ja	ドイツ銀行
B.L	ja	ドレスナー銀行
B.L	ja	ハイポ・リアル・エステート
B.L	ja	バイエル (企業)
B.L	ja	フォルクスワーゲングループ
B.L	ja	フォーミュラ1
B.L	ja	フランクフルト証券取引所
B.L	ja	フレゼニウス
B.L	ja	ヘンケル
B.L	ja	ベルリン
B.L	ja	マレーシア
B.L	ja	マン (企業)
B.L	ja	ミュンヘン
B.L	ja	ミュンヘン再保険
B.L	ja	メトロ (小売業)
B.L	ja	メルク (ドイツ)
B.L	ja	ユーラーヘルメス信用保険会社
B.L	ja	ユーロ
B.L	ja	ヨーロッパ
B.L	ja	リンデ
B.L	ja	ルフトハンザドイツ航空
B.L	ja	中華人民共和国
B.L	ja	企業
B.L	ja	会社
B.L	ja	保険
B.L	ja	保険会社
B.L	ja	医療保険
B.L	ja	命名権
B.L	ja	国際パラリンピック委員会
B.L	ja	大韓民国
B.L	ja	太平洋
B.L	ja	損害保険
B.L	ja	日本
B.L	ja	最高経営責任者
B.L	ja	東京都
B.L	ja	欧州会社
B.L	ja	法人
B.L	ja	港区 (東京都)
B.L	ja	生命保険
B.L	ja	第一次世界大戦
B.L	ja	第二次世界大戦
B.L	ja	資産運用
B.L	ja	金融
B.L	ja	Wikipedia:スタブ
B.L	ja	Template:DAX
B.L	ja	Template‐ノート:DAX
B.L	ja	Category:企業関連のスタブ
B.L	ja	プロジェクト:経済
B.L	vi	1949
B.L	vi	Adolf Hitler
B.L	vi	Allianz
B.L	vi	Allianz Arena
B.L	vi	Allianz Cornhill Information Services
B.L	vi	Allianz Global Investors
B.L	vi	Anh quốc
B.L	vi	Assurances Generales de France
B.L	vi	Auschwitz-Birkenau
B.L	vi	Australia
B.L	vi	Berlin
B.L	vi	Brasil
B.L	vi	Bratislava
B.L	vi	Bóng đá
B.L	vi	Bảo hiểm
B.L	vi	CEO
B.L	vi	CFO
B.L	vi	CIO
B.L	vi	California
B.L	vi	Châu Á
B.L	vi	Commerzbank
B.L	vi	Cornhill Insurance
B.L	vi	Công nghiệp
B.L	vi	Công thức 1
B.L	vi	Công ty đại chúng
B.L	vi	Doanh thu
B.L	vi	Dresdner Bank
B.L	vi	Dresdner Kleinwort
B.L	vi	Dịch vụ tài chính
B.L	vi	East Rutherford, NJ
B.L	vi	Euro
B.L	vi	European Company Statute
B.L	vi	FC Bayern Munich
B.L	vi	Fireman’s Fund
B.L	vi	Germany
B.L	vi	Gornik Zabrze
B.L	vi	Gstock
B.L	vi	Henning Schulte-Noelle
B.L	vi	Hoa Kỳ
B.L	vi	Holocaust
B.L	vi	Hungary
B.L	vi	Hà Lan
B.L	vi	Hàn Quốc
B.L	vi	Hệ tọa độ địa lý
B.L	vi	International Standard Book Number
B.L	vi	Kleinwort Benson
B.L	vi	Kurt Schmitt
B.L	vi	London
B.L	vi	Lợi nhuận trước lãi vay và thuế
B.L	vi	Michael Diekmann
B.L	vi	Milan
B.L	vi	Munich
B.L	vi	New York Giants
B.L	vi	New York Jets
B.L	vi	New Zealand
B.L	vi	Ngân hàng
B.L	vi	Ngân hàng Dresdner
B.L	vi	Paris
B.L	vi	Quản lý tài sản
B.L	vi	Riunione Adriatica di Sicurità
B.L	vi	Sàn giao dịch chứng khoán Frankfurt
B.L	vi	Sản phẩm
B.L	vi	Sở giao dịch chứng khoán New York
B.L	vi	TSV 1860 München
B.L	vi	Technopark, Kerala
B.L	vi	Trung Quốc
B.L	vi	Trại tập trung
B.L	vi	Tài sản
B.L	vi	Tây Ban Nha
B.L	vi	Tỷ
B.L	vi	Website
B.L	vi	Zyklon B
B.L	vi	Ý
B.L	vi	Đông Âu
B.L	vi	Đệ nhị thế chiến
B.L	vi	Đức
B.L	vi	Tập tin:De-Allianz.ogg
B.L	vi	Trợ giúp:Âm thanh
B.L	uz	1890
B.L	uz	1893
B.L	uz	1895
B.L	uz	1903
B.L	uz	1985
B.L	uz	2000
B.L	uz	2001
B.L	uz	2004
B.L	uz	2006 yil
B.L	uz	Berlin
B.L	uz	Berlin fond birjasi
B.L	uz	Drezdner bank
B.L	uz	Gstock
B.L	uz	Kompaniyalar turlari
B.L	uz	London
B.L	uz	Moliyaviy hizmatlar
B.L	uz	Myunhen
B.L	uz	Olmon tili
B.L	uz	Olmoniya
B.L	uz	Sof Foyda
B.L	uz	Sugʻurta
B.L	uz	Veb-sahifa
B.L	uz	Yillik aylanma mablagʻ
B.L	uz	РОСНО
B.L	tr	1890
B.L	tr	1893
B.L	tr	1906
B.L	tr	1912
B.L	tr	2003
B.L	tr	2006
B.L	tr	Almanya
B.L	tr	Coğrafi koordinat sistemi
B.L	tr	DAX
B.L	tr	Dresdner Bank
B.L	tr	Londra
B.L	tr	Merck Finck & Co
B.L	tr	Münchener Rückversicherung
B.L	tr	Münih
B.L	tr	RMS Titanic
B.L	tr	San Fransisco depremi
B.L	tr	İngiltere
B.L	th	ค.ศ. 1890
B.L	th	ประกันภัย
B.L	th	ประเทศเยอรมนี
B.L	th	ภาษาอังกฤษ
B.L	th	มิวนิก
B.L	th	ยูโร
B.L	th	เบอร์ลิน
B.L	th	เยอรมัน
B.L	th	วิกิพีเดีย:ต้องการอ้างอิง
B.L	ta	இணையத்தளம்
B.L	ta	உற்பத்தி
B.L	ta	காப்பீடு
B.L	ta	சொத்து
B.L	ta	ஜெர்மனி
B.L	ta	தொழில்துறை
B.L	ta	நிகர வருமானம்
B.L	ta	நிதிச் சேவைகள்
B.L	ta	பணியாளர்
B.L	ta	பெர்லின்
B.L	ta	மியூனிக்
B.L	ta	முதன்மை செயல் அதிகாரி
B.L	ta	முதலீடு நிர்வாகம்
B.L	ta	மொத்த பங்குத்தொகை
B.L	ta	யூரோ
B.L	ta	வங்கி
B.L	ta	வணிக அமைப்பு வகைகள்
B.L	sv	1890
B.L	sv	5 februari
B.L	sv	Adidas
B.L	sv	Allianz Arena
B.L	sv	BASF
B.L	sv	BMW
B.L	sv	Bayer AG
B.L	sv	Beiersdorf AG
B.L	sv	Berlin
B.L	sv	Bolag
B.L	sv	Carl Thieme
B.L	sv	Commerzbank
B.L	sv	Daimler AG
B.L	sv	Deutsche Bank
B.L	sv	Deutsche Börse
B.L	sv	Deutsche Post
B.L	sv	Deutsche Telekom
B.L	sv	Deutscher Aktienindex
B.L	sv	E.ON
B.L	sv	Eget kapital
B.L	sv	Euro
B.L	sv	Finansiella tjänster
B.L	sv	Frankfurter Wertpapierbörse
B.L	sv	Fresenius
B.L	sv	Fresenius Medical Care
B.L	sv	Försäkringsbolag
B.L	sv	Google
B.L	sv	Hannover Re
B.L	sv	Henkel
B.L	sv	Infineon
B.L	sv	K+S
B.L	sv	Linde AG
B.L	sv	Lufthansa
B.L	sv	MAN AG
B.L	sv	Merck KGaA
B.L	sv	Metro AG
B.L	sv	Munich Re
B.L	sv	München
B.L	sv	NYSE
B.L	sv	New York Stock Exchange
B.L	sv	Omsättning
B.L	sv	Publikt aktiebolag
B.L	sv	RMS Titanic
B.L	sv	RWE
B.L	sv	Rörelseresultat
B.L	sv	SAP AG
B.L	sv	Siemens AG
B.L	sv	Styrelseordförande
B.L	sv	ThyssenKrupp
B.L	sv	Tillgång
B.L	sv	Tyskland
B.L	sv	Verkställande direktör
B.L	sv	Vinst
B.L	sv	Volkswagen AG
B.L	sv	Wilheim Finck
B.L	sv	Wikipedia:Introduktion till källhänvisningar
B.L	sv	Wikipedia:Skriv ut det självklara
B.L	sv	Mall:DAX
B.L	sv	Malldiskussion:DAX
B.L	sk	Aktiengesellschaft
B.L	sk	Allianz Life
B.L	sk	Banka
B.L	sk	Chief executive officer
B.L	sk	Chief financial officer
B.L	sk	Commerzbank
B.L	sk	Dozorná rada (akciová spoločnosť)
B.L	sk	Dresdner Bank
B.L	sk	Euro
B.L	sk	Európska spoločnosť
B.L	sk	Finančná služba
B.L	sk	Forbes (magazín)
B.L	sk	Investičný manažment
B.L	sk	Mníchov
B.L	sk	Nemecko
B.L	sk	Obrat
B.L	sk	Odvetvie
B.L	sk	PIMCO
B.L	sk	Poistenie
B.L	sk	Predseda
B.L	sk	Preklad (jazykoveda)
B.L	sk	Prevádzkový príjem
B.L	sk	Produkcia
B.L	sk	Webová stránka
B.L	sk	Zamestnanec
B.L	sk	Zisk
B.L	ru	1890
B.L	ru	1890 год
B.L	ru	1912 год
B.L	ru	1985 год
B.L	ru	1990 год
B.L	ru	5 февраля
B.L	ru	AT&T
B.L	ru	AXA
B.L	ru	Abbott Laboratories
B.L	ru	Adidas
B.L	ru	Aegon
B.L	ru	Air Liquide
B.L	ru	Alcatel-Lucent
B.L	ru	Apple
B.L	ru	ArcelorMittal
B.L	ru	Assicurazioni Generali
B.L	ru	BASF
B.L	ru	BBVA
B.L	ru	BHP Billiton
B.L	ru	BMW
B.L	ru	BNP Paribas
B.L	ru	BP
B.L	ru	Bank of America
B.L	ru	Bayer
B.L	ru	Beiersdorf
B.L	ru	Bertrandt
B.L	ru	Carrefour
B.L	ru	Chevron
B.L	ru	Cisco Systems
B.L	ru	Commerzbank
B.L	ru	ConocoPhillips
B.L	ru	Crédit Agricole
B.L	ru	DAX
B.L	ru	Daimler
B.L	ru	Danone
B.L	ru	Deutsche Bank
B.L	ru	Deutsche Börse
B.L	ru	Deutsche Post AG
B.L	ru	Deutsche Telekom
B.L	ru	Dow Jones Euro Stoxx 50
B.L	ru	Dow Jones Global Titans 50
B.L	ru	Dresdner Bank
B.L	ru	E.ON
B.L	ru	ENEL
B.L	ru	Eni
B.L	ru	Exxon Mobil
B.L	ru	Fortis
B.L	ru	Fortune Global 500
B.L	ru	France Télécom
B.L	ru	Fresenius
B.L	ru	Fresenius SE
B.L	ru	GDF Suez
B.L	ru	General Electric
B.L	ru	GlaxoSmithKline
B.L	ru	Google (компания)
B.L	ru	Grupo Santander
B.L	ru	HSBC
B.L	ru	Hannover Re
B.L	ru	Henkel
B.L	ru	Hewlett-Packard
B.L	ru	Hoffmann-La Roche
B.L	ru	IBM
B.L	ru	ING Groep N.V.
B.L	ru	Iberdrola
B.L	ru	Intel
B.L	ru	Intesa Sanpaolo
B.L	ru	JPMorgan Chase
B.L	ru	Johnson & Johnson
B.L	ru	K+S
B.L	ru	L'Oréal
B.L	ru	LVMH
B.L	ru	Lufthansa
B.L	ru	MAN
B.L	ru	Merck & Co.
B.L	ru	Merck KGaA
B.L	ru	Metro AG
B.L	ru	Microsoft
B.L	ru	Mitsubishi UFJ Financial Group
B.L	ru	Molecule Man
B.L	ru	Munich Re
B.L	ru	Nestlé
B.L	ru	Nokia
B.L	ru	Novartis
B.L	ru	Oracle Corporation
B.L	ru	PepsiCo
B.L	ru	Petrobras
B.L	ru	Pfizer
B.L	ru	Philip Morris International
B.L	ru	Philips
B.L	ru	Procter & Gamble
B.L	ru	RWE
B.L	ru	Renault
B.L	ru	Repsol YPF
B.L	ru	Royal Dutch Shell
B.L	ru	SAP
B.L	ru	Saint-Gobain
B.L	ru	Salzgitter AG
B.L	ru	Samsung Electronics
B.L	ru	Sanofi-Aventis
B.L	ru	Schlumberger
B.L	ru	Schneider Electric
B.L	ru	Siemens
B.L	ru	Société Générale
B.L	ru	Telecom Italia
B.L	ru	Telefónica
B.L	ru	The Coca-Cola Company
B.L	ru	The Linde Group
B.L	ru	ThyssenKrupp
B.L	ru	Total
B.L	ru	Toyota
B.L	ru	UniCredit
B.L	ru	Unilever
B.L	ru	Verizon Communications
B.L	ru	Vinci
B.L	ru	Vivendi
B.L	ru	Vodafone
B.L	ru	Volkswagen Group
B.L	ru	Wal-Mart
B.L	ru	Австралия
B.L	ru	Азербайджан
B.L	ru	Альянс (страховая компания)
B.L	ru	Альянс Investments
B.L	ru	Альянс РОСНО Жизнь
B.L	ru	Альянц Арена
B.L	ru	Бавария (футбольный клуб, Мюнхен)
B.L	ru	Берлинская фондовая биржа
B.L	ru	Блокада Западного Берлина
B.L	ru	Бразилия
B.L	ru	Великобритания
B.L	ru	Венгрия
B.L	ru	Викисклад
B.L	ru	Выручка
B.L	ru	Географические координаты
B.L	ru	Германия
B.L	ru	Германская Демократическая Республика
B.L	ru	Дахау (концентрационный лагерь)
B.L	ru	Европейская компания
B.L	ru	Европейское акционерное общество
B.L	ru	Землетрясение в Сан-Франциско (1906)
B.L	ru	Индонезия
B.L	ru	Испания
B.L	ru	Китай
B.L	ru	Листинг (экономика)
B.L	ru	Лондон
B.L	ru	Медицинское страхование
B.L	ru	Медэкспресс
B.L	ru	Мюнхен
B.L	ru	Наводнение в Европе (2002)
B.L	ru	Национал-социалистическая немецкая рабочая партия
B.L	ru	Нидерланды
B.L	ru	Операционная прибыль
B.L	ru	Освенцим
B.L	ru	Прогресс-Гарант
B.L	ru	РОСНО
B.L	ru	США
B.L	ru	Сайт
B.L	ru	Страхование
B.L	ru	Страховая компания
B.L	ru	Титаник
B.L	ru	Украина
B.L	ru	Франкфуртская фондовая биржа
B.L	ru	Чистая прибыль
B.L	ru	Штутгарт
B.L	ru	Юридическое лицо
B.L	ru	Япония
B.L	ro	1994
B.L	ro	2000
B.L	ro	Adidas
B.L	ro	BASF
B.L	ro	BMW
B.L	ro	Bayer
B.L	ro	Commerzbank
B.L	ro	Companie
B.L	ro	Continental AG
B.L	ro	Corporație
B.L	ro	DaimlerChrysler
B.L	ro	Deutsche Bank
B.L	ro	Deutsche Börse
B.L	ro	Deutsche Post
B.L	ro	Deutsche Postbank
B.L	ro	Deutsche Telekom
B.L	ro	E.ON AG
B.L	ro	Euro
B.L	ro	Fresenius Medical Care
B.L	ro	Germania
B.L	ro	Henkel
B.L	ro	Hypo Real Estate
B.L	ro	Indicele DAX
B.L	ro	Infineon Technologies
B.L	ro	Ion Țiriac
B.L	ro	Lufthansa
B.L	ro	MAN AG
B.L	ro	METRO AG
B.L	ro	Merck KGaA
B.L	ro	Munich Re
B.L	ro	RWE
B.L	ro	SAP AG
B.L	ro	Siemens AG
B.L	ro	TUI AG
B.L	ro	The Linde Group
B.L	ro	ThyssenKrupp
B.L	ro	Volkswagen
B.L	ro	Wikipedia:Articolul ciot perfect
B.L	ro	Wikipedia:Găsește și repară un ciot
B.L	ro	Format:DAX
B.L	ro	Discuție Format:DAX
B.L	pt	AGF
B.L	pt	Adidas
B.L	pt	Alemanha
B.L	pt	Allianz Arena
B.L	pt	BASF
B.L	pt	BMW
B.L	pt	Bayer
B.L	pt	Beiersdorf
B.L	pt	Berlim
B.L	pt	Brasil
B.L	pt	China
B.L	pt	Commerzbank
B.L	pt	Companhia de seguros
B.L	pt	Coordenadas geográficas
B.L	pt	Cornhill Insurance PLC
B.L	pt	Coréia do Sul
B.L	pt	DAX-30
B.L	pt	Daimler AG
B.L	pt	Deutsche Bank
B.L	pt	Deutsche Börse
B.L	pt	Deutsche Post
B.L	pt	Deutsche Telekom
B.L	pt	E.ON
B.L	pt	Empresa
B.L	pt	Espanha
B.L	pt	Estados Unidos
B.L	pt	Fireman's Fund
B.L	pt	Fresenius
B.L	pt	Fresenius Medical Care
B.L	pt	Fußball-Club Bayern München
B.L	pt	Fórmula 1
B.L	pt	Grupo Volkswagen
B.L	pt	Grã-Bretanha
B.L	pt	HeidelbergCement
B.L	pt	Henkel
B.L	pt	Holanda
B.L	pt	Infineon Technologies
B.L	pt	Inglaterra
B.L	pt	Joint venture
B.L	pt	K+S
B.L	pt	Klub Sportowy Górnik Zabrze
B.L	pt	Linde AG
B.L	pt	Londres
B.L	pt	Lufthansa
B.L	pt	MAN SE
B.L	pt	METRO AG
B.L	pt	Merck KGaA
B.L	pt	Multinacional
B.L	pt	Munich Re
B.L	pt	Munique
B.L	pt	RWE
B.L	pt	Riunione Adriatica di Sicurità
B.L	pt	SAP AG
B.L	pt	Siemens AG
B.L	pt	Societas Europeia
B.L	pt	TSV 1860 München
B.L	pt	ThyssenKrupp
B.L	pt	WilliamsF1
B.L	pt	Wikipédia:Esboço
B.L	pt	Predefinição:DAX
B.L	zh	1890年
B.L	zh	2002年欧洲水灾
B.L	zh	2005年
B.L	zh	BMW
B.L	zh	DAX
B.L	zh	DAX指数
B.L	zh	E.ON
B.L	zh	K+S
B.L	zh	Lanxess
B.L	zh	RWE
B.L	zh	SAP公司
B.L	zh	Xetra系统
B.L	zh	三藩市大地震
B.L	zh	世界500强
B.L	zh	九一一袭击事件
B.L	zh	保险
B.L	zh	公众公司
B.L	zh	大众集团
B.L	zh	大陆集团
B.L	zh	太古城中心
B.L	zh	巴斯夫
B.L	zh	德国
B.L	zh	德国商业银行
B.L	zh	德国电信
B.L	zh	德国邮政
B.L	zh	德國證券交易所
B.L	zh	德意志银行
B.L	zh	德累斯顿银行
B.L	zh	愛迪達
B.L	zh	慕尼黑
B.L	zh	慕尼黑再保险
B.L	zh	戴姆勒
B.L	zh	拜尔斯道夫
B.L	zh	拜耳
B.L	zh	林德
B.L	zh	欧洲股份公司
B.L	zh	汉莎航空
B.L	zh	汉高公司
B.L	zh	法兰克福证券交易所
B.L	zh	泰坦尼克号
B.L	zh	海德堡水泥
B.L	zh	灣仔
B.L	zh	维基共享资源
B.L	zh	美国
B.L	zh	股票指数
B.L	zh	英飞凌
B.L	zh	蒂森克虏伯
B.L	zh	西门子公司
B.L	zh	费森尤斯
B.L	zh	费森尤斯医疗
B.L	zh	迈克尔·狄克曼
B.L	zh	金融服務
B.L	zh	鷹君中心
B.L	zh	默克集團
B.L	zh	Template:DAX指数成份公司
B.L	zh	Template talk:DAX指数成份公司
B.L	zh	Category:公司
CN	de	Allianz_SE
IWL	fi	Allianz
IWL	fr	Allianz
IWL	he	אליאנץ
IWL	eu	Allianz
IWL	fa	آلیانتس
IWL	en	Allianz
IWL	es	Allianz
IWL	bg	Алианц
IWL	be	Allianz
IWL	da	Allianz
IWL	ar	أليانز
IWL	no	Allianz
IWL	pl	Allianz
IWL	lt	Allianz
IWL	mr	आलियांत्स
IWL	nl	Allianz
IWL	ko	알리안츠
IWL	hu	Allianz
IWL	id	Allianz
IWL	is	Allianz
IWL	it	Allianz
IWL	ja	アリアンツ
IWL	vi	Allianz
IWL	uz	Allianz
IWL	tr	Allianz SE
IWL	th	อลิอันซ์
IWL	ta	அலையன்ஸ்
IWL	sv	Allianz
IWL	sk	Allianz
IWL	ru	Allianz
IWL	ro	Allianz
IWL	pt	Allianz
IWL	zh	安联
