A.L	de	ABB Daimler Benz Transportation
A.L	de	AEG (Unternehmen)
A.L	de	Adtranz
A.L	de	Airbag
A.L	de	Aktiengesellschaft
A.L	de	Angelina Sörgel
A.L	de	Asea Brown Boveri
A.L	de	Aufrüstung der Wehrmacht
A.L	de	Aufsichtsrat
A.L	de	Aufsichtsratsvorsitzender
A.L	de	Auto Union
A.L	de	Automobilindustrie
A.L	de	Automobilwerke Ludwigsfelde
A.L	de	BMW AG
A.L	de	Backnang
A.L	de	Benz & Cie.
A.L	de	Berlin
A.L	de	Berlin-Marienfelde
A.L	de	Bilanzsumme
A.L	de	CEO
A.L	de	Carl Benz
A.L	de	Carl Friedrich Benz
A.L	de	Chrysler
A.L	de	Colmar
A.L	de	Daimler-Motoren-Gesellschaft
A.L	de	DaimlerChrysler
A.L	de	Daimler AG
A.L	de	Daimler Benz Aerospace
A.L	de	Debis
A.L	de	Der Spiegel
A.L	de	Deutsche Aerospace
A.L	de	Deutsche Bank
A.L	de	Deutsche Mark
A.L	de	Deutschland
A.L	de	Dieter Zetsche
A.L	de	Dornier-Werke
A.L	de	Edzard Reuter
A.L	de	Erlös
A.L	de	Eugen Rosenstock-Huessy
A.L	de	Fließbandfertigung
A.L	de	Flugmotor
A.L	de	Flugmotorenwerke Ostmark
A.L	de	Fokker
A.L	de	Fritz Koenecke
A.L	de	Fusion (Wirtschaft)
A.L	de	Gerhard Prinz
A.L	de	Gewinn
A.L	de	Glührohrzündung
A.L	de	Gottlieb Daimler
A.L	de	Gründung (Recht)
A.L	de	Gurtstraffer
A.L	de	Heinrich Wagner (Manager)
A.L	de	Herbert Quandt
A.L	de	Hilmar Kopper
A.L	de	Joachim Zahn
A.L	de	Junkers Flugzeug- und Motorenwerke
A.L	de	Jürgen Grässlin
A.L	de	Jürgen Schrempp
A.L	de	Karl Heinz Roth
A.L	de	Klimbim
A.L	de	Königsberg (Preußen)
A.L	de	Liquidation
A.L	de	Ludwigsfelde
A.L	de	Luftfahrtindustrie
A.L	de	MTU Aero Engines
A.L	de	Machtergreifung
A.L	de	Mannheim
A.L	de	Mercedes-Benz
A.L	de	Michael Pfleghar
A.L	de	Mitarbeiter
A.L	de	Mitarbeiterzeitschrift
A.L	de	Nationalsozialistische Deutsche Arbeiterpartei
A.L	de	Nová Paka
A.L	de	Opel
A.L	de	Organ (Recht)
A.L	de	Presswerk (Metallbearbeitung)
A.L	de	Rechtsform
A.L	de	Robert Eaton
A.L	de	Rzeszów
A.L	de	Rüstungsindustrie
A.L	de	Sindelfingen
A.L	de	Sitz (juristische Person)
A.L	de	Stuttgart
A.L	de	Stuttgart-Möhringen
A.L	de	Stuttgart-Untertürkheim
A.L	de	Unternehmensführung
A.L	de	Vorstand
A.L	de	Vorstandsvorsitzender
A.L	de	Walter Hitzinger
A.L	de	Werner Breitschwerdt
A.L	de	Wilhelm Friedle
A.L	de	Wilhelm Haspel
A.L	de	Wilhelm Kissel
A.L	de	Wirtschaft im nationalsozialistischen Deutschen Reich
A.L	de	Wirtschaftszweig
A.L	de	Zwangsarbeit in der Zeit des Nationalsozialismus
B.L	fi	1926
B.L	fi	1998
B.L	fi	28. kesäkuuta
B.L	fi	Benz & Cie.
B.L	fi	Chrysler Corporation
B.L	fi	DaimlerChrysler
B.L	fi	Daimler Motoren Gesellschaft
B.L	fi	Mercedes-Benz
B.L	fi	Saksa
B.L	fi	Yhdysvallat
B.L	fi	Yritys
B.L	fi	Wikipedia:Tynkä
B.L	fi	Luokka:Yritystyngät
B.L	eu	AEG
B.L	eu	Automobil
B.L	eu	Benz
B.L	eu	Daimler
B.L	eu	Eusko Jaurlaritza
B.L	eu	Krupp
B.L	eu	Volkswagen
B.L	en	Active Cylinder Control
B.L	en	Aircraft
B.L	en	Aircraft engine
B.L	en	Aircraft registration
B.L	en	Aktiengesellschaft
B.L	en	Andreas Renschler
B.L	en	Austro-Daimler
B.L	en	Auto racing
B.L	en	Automobile
B.L	en	Automotive Fuel Cell Cooperation
B.L	en	Automotive industry
B.L	en	Aviation
B.L	en	BeiBen Truck
B.L	en	Beijing Benz
B.L	en	Benz & Cie.
B.L	en	BharatBenz
B.L	en	BlueTec
B.L	en	Cerberus Capital Management
B.L	en	Chrysler
B.L	en	Daimler-Benz 109-007
B.L	en	Daimler-Benz 109-021
B.L	en	Daimler-Benz DB 600
B.L	en	Daimler-Benz DB 601
B.L	en	Daimler-Benz DB 602
B.L	en	Daimler-Benz DB 603
B.L	en	Daimler-Benz DB 604
B.L	en	Daimler-Benz DB 605
B.L	en	Daimler-Benz DB 720
B.L	en	Daimler-Benz DB 721
B.L	en	Daimler-Benz DB 730
B.L	en	Daimler-Benz InterServices AG (Debis)
B.L	en	Daimler-Motoren-Gesellschaft
B.L	en	DaimlerChrysler-Mitsubishi alliance
B.L	en	Daimler AG
B.L	en	Daimler Company
B.L	en	Daimler Financial Services
B.L	en	Daimler Motoren Gesellschaft
B.L	en	Denza
B.L	en	Detroit Diesel
B.L	en	Dieter Zetsche
B.L	en	Division (business)
B.L	en	EADS
B.L	en	Emil Jellinek
B.L	en	EvoBus
B.L	en	Flight airspeed record
B.L	en	Flight altitude record
B.L	en	Flight distance record
B.L	en	Flight endurance record
B.L	en	Freightliner Trucks
B.L	en	Fujian Benz
B.L	en	Gottlieb Daimler
B.L	en	Hans Scherenberg
B.L	en	Incorporation (business)
B.L	en	Internal combustion engine
B.L	en	Joachim Zahn
B.L	en	Jürgen E. Schrempp
B.L	en	Kamaz
B.L	en	Karl Benz
B.L	en	Karl Wilfert
B.L	en	List of accidents and disasters by death toll
B.L	en	List of accidents and incidents involving airliners by location
B.L	en	List of accidents and incidents involving commercial aircraft
B.L	en	List of accidents and incidents involving general aviation
B.L	en	List of aerospace museums
B.L	en	List of air forces
B.L	en	List of aircraft
B.L	en	List of aircraft engine manufacturers
B.L	en	List of aircraft engines
B.L	en	List of aircraft manufacturers
B.L	en	List of aircraft weapons
B.L	en	List of airlines
B.L	en	List of airports
B.L	en	List of civil aviation authorities
B.L	en	List of defunct airlines
B.L	en	List of experimental aircraft
B.L	en	List of fatalities from aviation accidents
B.L	en	List of firsts in aviation
B.L	en	List of gliders
B.L	en	List of large aircraft
B.L	en	List of missiles
B.L	en	List of most produced aircraft
B.L	en	List of most produced rotorcraft
B.L	en	List of rotorcraft
B.L	en	List of rotorcraft manufacturers by country
B.L	en	List of unmanned aerial vehicles
B.L	en	Lists of accidents and incidents involving military aircraft
B.L	en	Manufacturing Commercial Vehicles
B.L	en	Marque
B.L	en	Master Motors
B.L	en	Mauser
B.L	en	Maybach
B.L	en	Mercedes-AMG
B.L	en	Mercedes-Benz
B.L	en	Mercedes-Benz Bank
B.L	en	Mercedes-Benz India
B.L	en	Mercedes-Benz Mexico
B.L	en	Mercedes-Benz buses
B.L	en	Mercedes-Benz in Formula One
B.L	en	Mercedes (car)
B.L	en	Mercedes 35 hp
B.L	en	Mercedes AMG High Performance Powertrains
B.L	en	Military
B.L	en	Military technology and equipment
B.L	en	Mitsubishi Fuso Truck and Bus Corporation
B.L	en	Motor vehicle
B.L	en	Motor vehicles
B.L	en	Mércédès Jellinek
B.L	en	Orion International
B.L	en	Public company
B.L	en	Reciprocating engine
B.L	en	Setra
B.L	en	Shareholdings
B.L	en	Smart (automobile)
B.L	en	Sterling Trucks
B.L	en	Stuttgart
B.L	en	Submarine
B.L	en	Tank
B.L	en	Tata Motors
B.L	en	Tesla Motors
B.L	en	Thomas Built Buses
B.L	en	Timeline of aviation
B.L	en	Tognum
B.L	en	Turbofan
B.L	en	Turboprop
B.L	en	Turboshaft
B.L	en	Types of business entity
B.L	en	Western Star Trucks
B.L	en	Wilhelm Maybach
B.L	en	Wolfgang Bernhard
B.L	en	World War II
B.L	en	Wikipedia:Verifiability
B.L	en	Template:Aviation lists
B.L	en	Template:Citation needed
B.L	en	Template:Daimler-Benz aeroengines
B.L	en	Template:Daimler AG
B.L	en	Template talk:Aviation lists
B.L	en	Template talk:Daimler-Benz aeroengines
B.L	en	Template talk:Daimler AG
B.L	en	Help:IPA for German
B.L	en	Help:Introduction to referencing/1
B.L	en	Category:Articles needing additional references from November 2008
B.L	en	Category:Daimler AG
B.L	et	1926
B.L	et	Adidas
B.L	et	Allianz
B.L	et	BASF
B.L	et	BMW
B.L	et	Bayer
B.L	et	Beiersdorf AG
B.L	et	Benz & Cie.
B.L	et	Chrysler Corporation
B.L	et	Chrysler Group
B.L	et	Commerzbank
B.L	et	DAX
B.L	et	Daimler
B.L	et	DaimlerChrysler AG
B.L	et	Daimler AG
B.L	et	Daimler Motoren Gesellschaft
B.L	et	Deutsche Bank
B.L	et	Deutsche Börse
B.L	et	Deutsche Post
B.L	et	Deutsche Telekom
B.L	et	E.ON
B.L	et	Frankfurdi börs
B.L	et	Fresenius
B.L	et	Fresenius Medical Care
B.L	et	HeidelbergCement
B.L	et	Henkel
B.L	et	Infineon Technologies
B.L	et	K+S
B.L	et	Lufthansa
B.L	et	MAN SE
B.L	et	Mercedes-Benz
B.L	et	Merck KGaA
B.L	et	Metro AG
B.L	et	Munich Re
B.L	et	RWE
B.L	et	SAP
B.L	et	Saksamaa
B.L	et	Siemens
B.L	et	Teine maailmasõda
B.L	et	The Linde Group
B.L	et	ThyssenKrupp
B.L	et	Volkswagen Group
B.L	es	1886
B.L	es	1900
B.L	es	1902
B.L	es	1909
B.L	es	1925
B.L	es	1926
B.L	es	1998
B.L	es	1999
B.L	es	2007
B.L	es	28 de junio
B.L	es	Automóvil
B.L	es	Automóviles
B.L	es	Benz & Cie
B.L	es	DaimlerChrysler AG
B.L	es	Daimler AG
B.L	es	Daimler Motoren Gesellschaft
B.L	es	Emil Jellinek
B.L	es	Maybach
B.L	es	Mercedes-Benz
B.L	es	Mercedes 35 hp
B.L	es	Motor
B.L	es	Motores de combustión interna
B.L	es	Mércédès Jellinek
B.L	es	Wikimedia Commons
B.L	es	Wilhelm Maybach
B.L	ca	Alemanya
B.L	ca	Automòbil
B.L	ca	Avió
B.L	ca	Divisió (negocis)
B.L	ca	Fusell (arma)
B.L	ca	Mauser
B.L	ca	Mercedes-Benz
B.L	ca	Motors de combustió interna
B.L	ca	Producte (màrqueting)
B.L	ca	Segona Guerra Mundial
B.L	ca	Stuttgart
B.L	ca	Tanc
B.L	ca	U-boot
B.L	ca	VP:VER
B.L	ca	Discussió:Daimler-Benz
B.L	ca	Viquipèdia:Citau les fonts
B.L	ca	Viquipèdia:Fonts fiables
B.L	ca	Viquipèdia:Llibre d'estil
B.L	ca	Viquipèdia:Millora
B.L	ca	Viquipèdia:Política i normes
B.L	ca	Plantilla:Citació necessària
B.L	ar	1926
B.L	ar	ألمانية
B.L	ar	الحرب العالمية الثانية
B.L	ar	بادن-فورتمبيرغ
B.L	ar	بانزر-3
B.L	ar	سيارة
B.L	ar	شتوتغارت
B.L	ar	شركة
B.L	ar	لغة ألمانية
B.L	ar	محرك
B.L	ar	ويكيبيديا:بذرة
B.L	no	1. mai
B.L	no	1924
B.L	no	Benz & Cie.
B.L	no	Daimler Motoren Gesellschaft
B.L	no	Karl Benz
B.L	pl	14 maja
B.L	pl	1924
B.L	pl	1926
B.L	pl	1998
B.L	pl	1 maja
B.L	pl	2007
B.L	pl	28 czerwca
B.L	pl	Aktiengesellschaft (Niemcy)
B.L	pl	Benz
B.L	pl	Benz & Cie.
B.L	pl	Cerberus Capital Management
B.L	pl	Chrysler
B.L	pl	Chrysler Corporation
B.L	pl	Czołg
B.L	pl	DaimlerChrysler
B.L	pl	DaimlerChrysler AG
B.L	pl	Daimler AG
B.L	pl	Daimler Motoren Gesellschaft
B.L	pl	Firma
B.L	pl	Gottlieb Daimler
B.L	pl	II wojna światowa
B.L	pl	Karl Benz
B.L	pl	Mercedes-Benz
B.L	pl	Niemcy
B.L	pl	Okręt podwodny
B.L	pl	Przedsiębiorstwo (ekonomia)
B.L	pl	Samolot
B.L	pl	Wilhelm Maybach
B.L	id	Benz & Cie.
B.L	id	Daimler-Motoren-Gesellschaft
B.L	id	Daimler AG
B.L	id	Divisi (bisnis)
B.L	id	Gottlieb Daimler
B.L	id	Industri otomotif
B.L	id	Jenis entitas bisnis
B.L	id	Jerman
B.L	id	Karl Benz
B.L	id	Kendaraan bermotor
B.L	id	Mercedes-Benz
B.L	id	Mesin pembakaran dalam
B.L	id	Militer
B.L	id	Mobil
B.L	id	Peralatan dan teknologi militer
B.L	id	Perusahaan publik
B.L	id	Stuttgart
B.L	id	Wilhelm Maybach
B.L	id	Wikipedia:IPA untuk bahasa Jerman
B.L	it	1924
B.L	it	1926
B.L	it	1962
B.L	it	1998
B.L	it	2007
B.L	it	Aeronautica
B.L	it	Anni 1950
B.L	it	Autocarro
B.L	it	Azione (finanza)
B.L	it	Benz & Cie.
B.L	it	Berlino
B.L	it	Cerberus Capital Management
B.L	it	Chrysler
B.L	it	Daimler-Benz DB 600
B.L	it	Daimler-Benz DB 601
B.L	it	Daimler-Benz DB 603
B.L	it	Daimler-Benz DB 604
B.L	it	Daimler-Benz DB 605
B.L	it	Daimler-Benz DB 606
B.L	it	Daimler-Benz DB 610
B.L	it	Daimler AG
B.L	it	Daimler Motoren Gesellschaft
B.L	it	Gaggenau
B.L	it	Germania
B.L	it	Logo
B.L	it	Mannheim
B.L	it	Marchio
B.L	it	Marienfelde
B.L	it	Mercedes-Benz
B.L	it	Motore Diesel
B.L	it	Motore V12
B.L	it	Motore aeronautico
B.L	it	Seconda guerra mondiale
B.L	it	Stoccarda
B.L	it	Wikipedia:Template sinottici
B.L	it	File:Stub .png
B.L	it	File:Stub aziende dei trasporti.png
B.L	it	Template:Azienda
B.L	it	Template:Motori aeronautici Daimler-Benz
B.L	it	Discussioni template:Motori aeronautici Daimler-Benz
B.L	it	Aiuto:Abbozzo
B.L	it	Aiuto:Manuale di stile
B.L	it	Categoria:Aggiungere template Azienda
B.L	it	Categoria:Stub - aziende dei trasporti
B.L	it	Portale:Aviazione
B.L	it	Portale:Aviazione/icona
B.L	it	Portale:Aziende
B.L	it	Portale:Aziende/icona
B.L	it	Portale:Trasporti
B.L	it	Portale:Trasporti/icona
B.L	it	Progetto:Aziende dei trasporti
B.L	ja	1883年
B.L	ja	1886年
B.L	ja	1890年
B.L	ja	1890年代
B.L	ja	1900年
B.L	ja	1902年
B.L	ja	1919年
B.L	ja	1920年代
B.L	ja	1924年
B.L	ja	1926年
B.L	ja	1940年代
B.L	ja	1958年
B.L	ja	1960年代
B.L	ja	1986年
B.L	ja	1994年
B.L	ja	1995年
B.L	ja	1998年
B.L	ja	2007年
B.L	ja	2ストローク機関
B.L	ja	DB 601
B.L	ja	M&A
B.L	ja	Smart (自動車)
B.L	ja	アウディ
B.L	ja	アウトウニオン
B.L	ja	アメリカ合衆国
B.L	ja	インフレーション
B.L	ja	オーストリア
B.L	ja	カール・ベンツ
B.L	ja	ガソリンエンジン
B.L	ja	クライスラー
B.L	ja	ゴットリープ・ダイムラー
B.L	ja	サーベラス・キャピタル・マネジメント
B.L	ja	シュトゥットガルト
B.L	ja	スウォッチ・グループ
B.L	ja	ゼトラ
B.L	ja	ダイムラー
B.L	ja	ダイムラー (自動車メーカー)
B.L	ja	ダイムラー・クライスラー
B.L	ja	ダイムラー・モトーレン・ゲゼルシャフト
B.L	ja	ドイツ
B.L	ja	バス (交通機関)
B.L	ja	バーデン＝ヴュルテンベルク州
B.L	ja	ビッグスリー
B.L	ja	フォルクスワーゲン
B.L	ja	ベンツ&シー
B.L	ja	マンハイム
B.L	ja	メルセデス・ベンツ
B.L	ja	モータースポーツ
B.L	ja	ヤナセ
B.L	ja	レーシングカー
B.L	ja	ヴィルヘルム・マイバッハ
B.L	ja	乗用車
B.L	ja	企業家
B.L	ja	会社
B.L	ja	内燃機関
B.L	ja	商用車
B.L	ja	国家社会主義ドイツ労働者党
B.L	ja	戦車
B.L	ja	戦闘機
B.L	ja	投資会社
B.L	ja	株式会社
B.L	ja	業種
B.L	ja	潜水艦
B.L	ja	特許
B.L	ja	第一次世界大戦
B.L	ja	第二次世界大戦
B.L	ja	財政
B.L	ja	販売
B.L	ja	輸入車
B.L	ja	Template:基礎情報 会社
B.L	ja	Category:日本の輸送機器メーカー
B.L	uk	1926
B.L	uk	1998
B.L	uk	Austro-Daimler
B.L	uk	Cerberus Capital Management
B.L	uk	Chrysler Corporation
B.L	uk	Chrysler LLC
B.L	uk	Daimler AG
B.L	uk	Mercedes
B.L	uk	Автомобільна промисловість
B.L	uk	НАТО
B.L	uk	Вікіпедія:Як редагувати статтю
B.L	tr	Benz & Cie.
B.L	tr	Daimler-Chrysler
B.L	tr	Daimler Motoren Gesellschaft
B.L	tr	Gottlieb Daimler
B.L	tr	Karl Benz
B.L	tr	Mercedes-Benz
B.L	tr	Motorlu taşıt
B.L	tr	Otomobil üreticileri ve markaları
B.L	tr	Otomobil üreticileri ve markaları/A
B.L	tr	Otomobil üreticileri ve markaları/B
B.L	tr	Otomobil üreticileri ve markaları/C
B.L	tr	Otomobil üreticileri ve markaları/D
B.L	tr	Otomobil üreticileri ve markaları/E
B.L	tr	Otomobil üreticileri ve markaları/F
B.L	tr	Otomobil üreticileri ve markaları/G
B.L	tr	Otomobil üreticileri ve markaları/H
B.L	tr	Otomobil üreticileri ve markaları/I
B.L	tr	Otomobil üreticileri ve markaları/J
B.L	tr	Otomobil üreticileri ve markaları/K
B.L	tr	Otomobil üreticileri ve markaları/L
B.L	tr	Otomobil üreticileri ve markaları/M
B.L	tr	Otomobil üreticileri ve markaları/N
B.L	tr	Otomobil üreticileri ve markaları/O
B.L	tr	Otomobil üreticileri ve markaları/P
B.L	tr	Otomobil üreticileri ve markaları/R
B.L	tr	Otomobil üreticileri ve markaları/S
B.L	tr	Otomobil üreticileri ve markaları/T
B.L	tr	Otomobil üreticileri ve markaları/U
B.L	tr	Otomobil üreticileri ve markaları/V
B.L	tr	Otomobil üreticileri ve markaları/W
B.L	tr	Otomobil üreticileri ve markaları/X
B.L	tr	Otomobil üreticileri ve markaları/Y
B.L	tr	Otomobil üreticileri ve markaları/Z
B.L	tr	Otomotiv endüstrisi
B.L	tr	Stuttgart
B.L	tr	Ürün
B.L	tr	İçten yanmalı motor
B.L	tr	Şablon:Otomotiv markaları
B.L	tr	Şablon tartışma:Otomotiv markaları
B.L	ru	1926
B.L	ru	1998 год
B.L	ru	Cerberus Capital Management
B.L	ru	Chrysler Corporation
B.L	ru	Chrysler LLC
B.L	ru	Daimler AG
B.L	ru	Mercedes
B.L	ru	Автомобильная промышленность
B.L	ru	Германия
B.L	ru	НАТО
B.L	ru	Штутгарт
B.L	pt	1926
B.L	pt	1998
B.L	pt	Alemanha
B.L	pt	Automóveis
B.L	pt	Automóvel
B.L	pt	Wikipédia:Esboço
CN	de	Daimler-Benz
IWL	fi	Daimler-Benz
IWL	eu	Daimler-Benz
IWL	en	Daimler-Benz
IWL	et	Daimler-Benz
IWL	es	Daimler-Benz
IWL	ca	Daimler-Benz
IWL	ar	دايملر بنز
IWL	no	Daimler-Benz AG
IWL	pl	Daimler-Benz
IWL	id	Daimler-Benz
IWL	it	Daimler-Benz
IWL	ja	ダイムラー・ベンツ
IWL	uk	Daimler-Benz
IWL	tr	Daimler-Benz
IWL	ru	Daimler-Benz
IWL	pt	Daimler-Benz
