A.L	de	10. Februar
A.L	de	1954
A.L	de	21. Klavierkonzert (Mozart)
A.L	de	Abgeordnetenwatch.de
A.L	de	Abitur
A.L	de	Angela Merkel
A.L	de	Annette Schavan
A.L	de	Bayerischer Verdienstorden
A.L	de	Bayern
A.L	de	Betriebswirtschaftslehre
A.L	de	Bruno Heck
A.L	de	Bundesministerium für Verkehr, Bau und Stadtentwicklung
A.L	de	Bundestagswahlkreis
A.L	de	Bundestagswahlkreis Traunstein
A.L	de	Burschenschaft
A.L	de	CDU/CSU-Bundestagsfraktion
A.L	de	CSU-Landesgruppe
A.L	de	Christlich-Soziale Union in Bayern
A.L	de	Daniel Bahr
A.L	de	Deutsche Burschenschaft
A.L	de	Deutsche Nationalbibliothek
A.L	de	Deutsche Oper Berlin
A.L	de	Deutscher Bundestag
A.L	de	Deutschland
A.L	de	Dieter Haack
A.L	de	Diplom-Kaufmann
A.L	de	Dirk Niebel
A.L	de	Dr. oec. publ.
A.L	de	Eberhard Wildermuth
A.L	de	Eduard Oswald
A.L	de	Erststimme
A.L	de	Europa-Union Parlamentariergruppe Deutscher Bundestag
A.L	de	Ewald Bucher
A.L	de	Franco-Bavaria München
A.L	de	Frankfurter Rundschau
A.L	de	Franz Josef Jung
A.L	de	Franz Josef Strauß
A.L	de	Franz Müntefering
A.L	de	Friedrich Zimmermann
A.L	de	Fritz Neumayer
A.L	de	Fritz Schäffer
A.L	de	Georg Leber
A.L	de	Gerda Hasselfeldt
A.L	de	Geselle
A.L	de	Guido Westerwelle
A.L	de	Günther Krause
A.L	de	Handelsblatt
A.L	de	Hans-Christoph Seebohm
A.L	de	Hans-Jochen Vogel
A.L	de	Hans-Peter Friedrich
A.L	de	Hermann Höcherl
A.L	de	Ilse Aigner
A.L	de	Irmgard Schwaetzer
A.L	de	Johanna Wanka
A.L	de	Junge Union
A.L	de	Jürgen Warnke
A.L	de	Kabinett Merkel II
A.L	de	Karl-Theodor zu Guttenberg
A.L	de	Karl Ravens
A.L	de	Klaus Töpfer
A.L	de	Kreisrat
A.L	de	Kristina Schröder
A.L	de	Kurt Bodewig
A.L	de	Kurt Gscheidle
A.L	de	Landkreis Altötting
A.L	de	Landkreis Berchtesgadener Land
A.L	de	Landkreis Traunstein
A.L	de	Lauritz Lauritzen
A.L	de	Library of Congress Control Number
A.L	de	Liste der deutschen Minister für Verkehr und Bau
A.L	de	Ludwig-Maximilians-Universität München
A.L	de	Manfred Stolpe
A.L	de	Matthias Wissmann
A.L	de	Meister
A.L	de	Michael Glos
A.L	de	Mitglied des Deutschen Bundestages
A.L	de	Mittelstands-Union
A.L	de	Müller
A.L	de	Norbert Röttgen
A.L	de	Oder-Neiße-Grenze
A.L	de	Oscar Schneider
A.L	de	Parlamentarischer Geschäftsführer
A.L	de	Paul Lücke
A.L	de	Personennamendatei
A.L	de	Peter Altmaier
A.L	de	Peter I. (Russland)
A.L	de	Philipp Rösler
A.L	de	Pianist
A.L	de	Polen
A.L	de	Politiker
A.L	de	Rainer Brüderle
A.L	de	Ramsau bei Berchtesgaden
A.L	de	Reinhard Klimmt
A.L	de	Richard Stücklen
A.L	de	Ronald Pofalla
A.L	de	Römisch-katholische Kirche
A.L	de	Sabine Leutheusser-Schnarrenberger
A.L	de	Spitzenkandidat
A.L	de	Sprachwahrer des Jahres
A.L	de	Staatliches Landschulheim Marquartstein
A.L	de	Stadtrat
A.L	de	Studium
A.L	de	Süddeutsche Zeitung
A.L	de	Theo Waigel
A.L	de	Thomas de Maizière
A.L	de	Traunreut
A.L	de	Traunwalchen
A.L	de	Tunnel Höhnberg
A.L	de	Ursula von der Leyen
A.L	de	Verdienstorden der Bundesrepublik Deutschland
A.L	de	Victor-Emanuel Preusker
A.L	de	Virtual International Authority File
A.L	de	Volker Hauff
A.L	de	Werner Dollinger
A.L	de	Wolfgang Amadeus Mozart
A.L	de	Wolfgang Bötsch
A.L	de	Wolfgang Schäuble
A.L	de	Wolfgang Tiefensee
A.L	de	Hilfe:Personendaten
B.L	fr	10 février
B.L	fr	18 septembre
B.L	fr	1949
B.L	fr	1954
B.L	fr	1972
B.L	fr	1973
B.L	fr	1975
B.L	fr	1977
B.L	fr	1978
B.L	fr	1979
B.L	fr	1980
B.L	fr	1981
B.L	fr	1983
B.L	fr	1984
B.L	fr	1985
B.L	fr	1989
B.L	fr	1990
B.L	fr	1991
B.L	fr	1998
B.L	fr	2005
B.L	fr	2009
B.L	fr	2010
B.L	fr	2013
B.L	fr	28 octobre
B.L	fr	2 décembre
B.L	fr	Abitur
B.L	fr	Akihiro Ōta
B.L	fr	Allemagne
B.L	fr	Allemagne de l'Ouest
B.L	fr	Angela Merkel
B.L	fr	Annette Schavan
B.L	fr	Anthony Foxx
B.L	fr	Arrondissement de Traunstein
B.L	fr	Bavière
B.L	fr	Brigitte Zypries
B.L	fr	Bruno Heck
B.L	fr	Bundestag
B.L	fr	CDU/CSU
B.L	fr	Cabinet Merkel I
B.L	fr	Cabinet Merkel II
B.L	fr	Cabinet Schröder II
B.L	fr	Canada
B.L	fr	Chancelier fédéral (Allemagne)
B.L	fr	Chancellerie fédérale (Allemagne)
B.L	fr	Coalition noire-jaune
B.L	fr	Conseil municipal
B.L	fr	Daniel Bahr
B.L	fr	Denis Lebel
B.L	fr	Deutsche Bahn
B.L	fr	Dieter Haack
B.L	fr	Dirk Niebel
B.L	fr	District de Haute-Bavière
B.L	fr	Doctorat
B.L	fr	Décembre 1990
B.L	fr	Département des Transports (Royaume-Uni)
B.L	fr	Eberhard Wildermuth
B.L	fr	Eduard Oswald
B.L	fr	Entreprise
B.L	fr	Eton College
B.L	fr	Ewald Bucher
B.L	fr	France
B.L	fr	Frank-Walter Steinmeier
B.L	fr	Franz Josef Jung
B.L	fr	Franz Josef Strauß
B.L	fr	Franz Müntefering
B.L	fr	Friedrich Zimmermann
B.L	fr	Fritz Neumayer
B.L	fr	Fritz Schäffer
B.L	fr	Frédéric Cuvillier
B.L	fr	Février 1954
B.L	fr	Georg Leber
B.L	fr	Gerda Hasselfeldt
B.L	fr	Gouvernement fédéral (Allemagne)
B.L	fr	Groupe CDU/CSU au Bundestag
B.L	fr	Groupe des huit
B.L	fr	Groupement provincial de la CSU
B.L	fr	Guido Westerwelle
B.L	fr	Günther Krause
B.L	fr	Hanovre
B.L	fr	Hans-Christoph Seebohm
B.L	fr	Hans-Jochen Vogel
B.L	fr	Hans-Peter Friedrich
B.L	fr	Heidemarie Wieczorek-Zeul
B.L	fr	Hermann Höcherl
B.L	fr	Homme d'affaires
B.L	fr	Homme politique
B.L	fr	Horst Seehofer
B.L	fr	Ilse Aigner
B.L	fr	Irmgard Schwaetzer
B.L	fr	Italie
B.L	fr	Japon
B.L	fr	Johanna Wanka
B.L	fr	Junge Union
B.L	fr	Jürgen Warnke
B.L	fr	Karl-Theodor zu Guttenberg
B.L	fr	Karl Ravens
B.L	fr	Klaus Töpfer
B.L	fr	Kristina Schröder
B.L	fr	Kurt Bodewig
B.L	fr	Kurt Gscheidle
B.L	fr	Lauritz Lauritzen
B.L	fr	Le Monde
B.L	fr	Liste des ministres français des Transports
B.L	fr	Londres
B.L	fr	Maksim Sokolov (homme politique)
B.L	fr	Manfred Stolpe
B.L	fr	Marquenstein
B.L	fr	Matthias Wissmann
B.L	fr	Maurizio Lupi
B.L	fr	Meunier (profession)
B.L	fr	Michael Glos
B.L	fr	Ministre fédéral avec attributions spéciales
B.L	fr	Ministère des Transports
B.L	fr	Ministère du Territoire, des Infrastructures, des Transports et du Tourisme
B.L	fr	Ministère fédéral de l'Agriculture (Allemagne)
B.L	fr	Ministère fédéral de l'Environnement (Allemagne)
B.L	fr	Ministère fédéral de l'Intérieur (Allemagne)
B.L	fr	Ministère fédéral de l'Économie (Allemagne)
B.L	fr	Ministère fédéral de l'Éducation et de la Recherche (Allemagne)
B.L	fr	Ministère fédéral de la Coopération économique (Allemagne)
B.L	fr	Ministère fédéral de la Défense (Allemagne)
B.L	fr	Ministère fédéral de la Famille (Allemagne)
B.L	fr	Ministère fédéral de la Justice (Allemagne)
B.L	fr	Ministère fédéral de la Santé (Allemagne)
B.L	fr	Ministère fédéral des Finances (Allemagne)
B.L	fr	Ministère fédéral des Transports et de la Construction (Allemagne)
B.L	fr	Ministère fédéral du Travail (Allemagne)
B.L	fr	Munich
B.L	fr	Norbert Röttgen
B.L	fr	Octobre 2009
B.L	fr	Office des Affaires étrangères (Allemagne)
B.L	fr	Olaf Scholz
B.L	fr	Oscar Schneider
B.L	fr	Parti social-démocrate d'Allemagne
B.L	fr	Patrick McLoughlin
B.L	fr	Paul Lücke
B.L	fr	Peer Steinbrück
B.L	fr	Peter Altmaier
B.L	fr	Philipp Rösler
B.L	fr	Politique de l'Allemagne
B.L	fr	Privatisation
B.L	fr	Rainer Brüderle
B.L	fr	Reinhard Klimmt
B.L	fr	Richard Stücklen
B.L	fr	Ronald Pofalla
B.L	fr	Royaume-Uni
B.L	fr	Russie
B.L	fr	Sabine Leutheusser-Schnarrenberger
B.L	fr	Sandra Bullock
B.L	fr	Secrétaire aux Transports des États-Unis
B.L	fr	Septembre 2010
B.L	fr	Sigmar Gabriel
B.L	fr	Stuttgart
B.L	fr	Theodor Waigel
B.L	fr	Thomas de Maizière
B.L	fr	Traunreut
B.L	fr	Traunwalchen
B.L	fr	Ulla Schmidt
B.L	fr	Union chrétienne-sociale en Bavière
B.L	fr	Universitaire
B.L	fr	Université Louis-et-Maximilien de Munich
B.L	fr	Université de Munich
B.L	fr	Ursula von der Leyen
B.L	fr	Vice-chancelier (Allemagne)
B.L	fr	Victor-Emanuel Preusker
B.L	fr	Volker Hauff
B.L	fr	Werner Dollinger
B.L	fr	Wolfgang Bötsch
B.L	fr	Wolfgang Schäuble
B.L	fr	Wolfgang Tiefensee
B.L	fr	Église catholique romaine
B.L	fr	États-Unis
B.L	fr	Études secondaires
B.L	fr	Modèle:Palette Cabinet Merkel
B.L	fr	Modèle:Palette Ministres des Transports du G8
B.L	fr	Modèle:Palette Ministres des Transports et de la Construction allemands
B.L	fr	Modèle:Palette Présidents du groupement CSU
B.L	fr	Discussion modèle:Palette Cabinet Merkel
B.L	fr	Discussion modèle:Palette Ministres des Transports du G8
B.L	fr	Discussion modèle:Palette Ministres des Transports et de la Construction allemands
B.L	fr	Discussion modèle:Palette Présidents du groupement CSU
B.L	fr	Catégorie:Portail:Allemagne/Articles liés
B.L	fr	Catégorie:Portail:Politique/Articles liés
B.L	fr	Portail:Allemagne
B.L	fr	Portail:Politique
B.L	eo	10-an de februaro
B.L	eo	1954
B.L	eo	2006
B.L	eo	28-a de oktobro
B.L	eo	Christlich-Soziale Union in Bayern
B.L	eo	Germana politikisto
B.L	eo	Germanoj
B.L	eo	Ministraro dua de Angela Merkel
B.L	eo	Parlamenta baloto en Germanio 2009
B.L	eo	Politikisto
B.L	eo	Traunreut
B.L	eo	Vikipedio:La perfekta ĝermo de artikolo
B.L	eo	Vikipedio:Tradukoj
B.L	eo	Vikipedio:Trovi aŭ kreskigi ĝermojn
B.L	eo	Kategorio:Ĝermoj pri Germana politikisto
B.L	eo	Kategorio:Ĝermoj pri germana politikisto
B.L	eo	Kategorio:Ĝermoj pri germana politikistoj
B.L	eo	Kategorio:Ĝermoj pri germanaj politikistoj
B.L	en	Abitur
B.L	en	Alma mater
B.L	en	Angela Merkel
B.L	en	Annette Schavan
B.L	en	Authority control
B.L	en	Bavaria
B.L	en	Bruno Heck
B.L	en	Bundestag
B.L	en	Business economics
B.L	en	Cabinet Merkel II
B.L	en	Catholic Church
B.L	en	Chancellor of Germany
B.L	en	Chief Whip
B.L	en	Christian Democratic Union (Germany)
B.L	en	Christian Social Union in Bavaria
B.L	en	Daniel Bahr
B.L	en	Dieter Haack
B.L	en	Diplom
B.L	en	Dirk Niebel
B.L	en	Districts of Germany
B.L	en	Eduard Oswald
B.L	en	Ewald Bucher
B.L	en	Federal Minister of Economics and Technology
B.L	en	Federal Ministry of Health (Germany)
B.L	en	Federal Ministry of Transport, Building and Urban Development
B.L	en	Frankfurter Rundschau
B.L	en	Franz Josef Jung
B.L	en	Franz Müntefering
B.L	en	Friedrich Zimmermann
B.L	en	Fritz Neumayer
B.L	en	Georg Leber
B.L	en	Gerda Hasselfeldt
B.L	en	German National Library
B.L	en	German federal election, 1990
B.L	en	German federal election, 2009
B.L	en	Germany
B.L	en	Guido Westerwelle
B.L	en	Günther Krause
B.L	en	Hans-Christoph Seebohm
B.L	en	Hans-Jochen Vogel
B.L	en	Hans-Peter Friedrich
B.L	en	Hermann-Eberhard Wildermuth
B.L	en	Ilse Aigner
B.L	en	Incumbent
B.L	en	Irmgard Schwaetzer
B.L	en	Johanna Wanka
B.L	en	Jürgen Warnke
B.L	en	Karl-Theodor zu Guttenberg
B.L	en	Karl Ravens
B.L	en	Klaus Töpfer
B.L	en	Kristina Schröder
B.L	en	Kurt Bodewig
B.L	en	Kurt Gscheidle
B.L	en	Lauritz Lauritzen
B.L	en	Ludwig Maximilian University of Munich
B.L	en	Manfred Stolpe
B.L	en	Matthias Wissmann
B.L	en	Miller
B.L	en	Norbert Röttgen
B.L	en	Oder-Neisse line
B.L	en	Oscar Schneider
B.L	en	Paul Lücke
B.L	en	Peter Altmaier
B.L	en	Philipp Rösler
B.L	en	Pianist
B.L	en	Rainer Brüderle
B.L	en	Reinhard Klimmt
B.L	en	Ronald Pofalla
B.L	en	Sabine Leutheusser-Schnarrenberger
B.L	en	Sandra Bullock
B.L	en	Second Merkel cabinet
B.L	en	Staatliches Landschulheim Marquartstein
B.L	en	Thomas de Maizière
B.L	en	Traunreut
B.L	en	Traunstein (district)
B.L	en	Traunwalchen
B.L	en	Upper Bavaria
B.L	en	Ursula von der Leyen
B.L	en	Vice Chancellor of Germany
B.L	en	Victor-Emanuel Preusker
B.L	en	Virtual International Authority File
B.L	en	Volker Hauff
B.L	en	Werner Dollinger
B.L	en	West Germany
B.L	en	Wolfgang Schäuble
B.L	en	Wolfgang Tiefensee
B.L	en	Young Union
B.L	en	Wikipedia:Persondata
B.L	en	Template:Cabinet Merkel II
B.L	en	Template:GermanTransportMinisters
B.L	en	Template talk:Cabinet Merkel II
B.L	en	Template talk:GermanTransportMinisters
B.L	no	10. februar
B.L	no	1954
B.L	no	Angela Merkels andre regjering
B.L	no	Annette Schavan
B.L	no	Bayern
B.L	no	Christlich-Soziale Union in Bayern
B.L	no	Daniel Bahr
B.L	no	Dirk Niebel
B.L	no	Forbundsdagen
B.L	no	Franz Josef Jung
B.L	no	Guido Westerwelle
B.L	no	Hans-Peter Friedrich
B.L	no	Ilse Aigner
B.L	no	Johanna Wanka
B.L	no	Karl-Theodor zu Guttenberg
B.L	no	Kristina Schröder
B.L	no	Norbert Röttgen
B.L	no	Peter Altmaier
B.L	no	Philipp Rösler
B.L	no	Rainer Brüderle
B.L	no	Ronald Pofalla
B.L	no	Sabine Leutheusser-Schnarrenberger
B.L	no	Thomas de Maizière
B.L	no	Traunwalchen
B.L	no	Tyskland
B.L	no	Ursula von der Leyen
B.L	no	Wolfgang Schäuble
B.L	no	Wolfgang Tiefensee
B.L	no	Mal:Merkels andre kabinett
B.L	no	Maldiskusjon:Merkels andre kabinett
B.L	pl	10 lutego
B.L	pl	1954
B.L	pl	Angela Merkel
B.L	pl	Annette Schavan
B.L	pl	Bawaria
B.L	pl	Biblioteka Kongresu Stanów Zjednoczonych
B.L	pl	Bundestag
B.L	pl	Czeladnik
B.L	pl	Daniel Bahr
B.L	pl	Dirk Niebel
B.L	pl	Drugi rząd Angeli Merkel
B.L	pl	Franz Josef Jung
B.L	pl	Guido Westerwelle
B.L	pl	Hans-Peter Friedrich
B.L	pl	Ilse Aigner
B.L	pl	Johanna Wanka
B.L	pl	Język niemiecki
B.L	pl	Karl-Theodor zu Guttenberg
B.L	pl	Kontrola autorytatywna
B.L	pl	Kristina Schröder
B.L	pl	Mistrz
B.L	pl	Monachium
B.L	pl	Norbert Röttgen
B.L	pl	Online Computer Library Center
B.L	pl	Peter Altmaier
B.L	pl	Philipp Rösler
B.L	pl	Powiat Traunstein
B.L	pl	Rainer Brüderle
B.L	pl	Ronald Pofalla
B.L	pl	Sabine Leutheusser-Schnarrenberger
B.L	pl	Thomas de Maizière
B.L	pl	Traunreut
B.L	pl	Unia Chrześcijańsko-Społeczna w Bawarii
B.L	pl	Ursula von der Leyen
B.L	pl	Wolfgang Schäuble
B.L	pl	Wybory parlamentarne w Niemczech w 1990 roku
B.L	pl	Szablon:Drugi rząd Angeli Merkel
B.L	pl	Dyskusja szablonu:Drugi rząd Angeli Merkel
B.L	la	10 Februarii
B.L	la	1954
B.L	la	1973
B.L	la	1977
B.L	la	1979
B.L	la	1980
B.L	la	1981
B.L	la	1990
B.L	la	2005
B.L	la	2008
B.L	la	2009
B.L	la	Administer Foederalis Commeatus et Aedificiorum
B.L	la	Administratio Merkel 2
B.L	la	Angela Merkel
B.L	la	Annetta Schavan
B.L	la	Bavaria
B.L	la	CDU
B.L	la	Carolus Theodorus zu Guttenberg
B.L	la	Christiana Socialis Unio in Bavaria
B.L	la	Christina Schröder
B.L	la	Curtus Bodewig
B.L	la	Daniel Bahr
B.L	la	Dieta Foederalis Germaniae
B.L	la	Franciscus Josephus Jung
B.L	la	Franciscus Müntefering
B.L	la	Germania
B.L	la	Guido Westerwelle
B.L	la	Ilse Aigner
B.L	la	Ioanna Wanka
B.L	la	Ioannes-Petrus Friedrich
B.L	la	Manfredus Stolpe
B.L	la	Michael Glos
B.L	la	Monachium
B.L	la	Norbertus Röttgen
B.L	la	Petrus Altmaier
B.L	la	Philippus Rösler
B.L	la	Rainer Brüderle
B.L	la	Reinhardus Klimmt
B.L	la	Ronaldus Pofalla
B.L	la	Sabina Leutheusser-Schnarrenberger
B.L	la	Theodericus Niebel
B.L	la	Thomas de Maizière
B.L	la	Ursula de Leyen
B.L	la	Volfgangus Schäuble
B.L	la	Volfgangus Tiefensee
B.L	sv	10 februari
B.L	sv	1954
B.L	sv	Angela Merkel
B.L	sv	Annette Schavan
B.L	sv	Christlich-Soziale Union in Bayern
B.L	sv	Daniel Bahr
B.L	sv	Dirk Niebel
B.L	sv	Franz Josef Jung
B.L	sv	Förbundsdagen
B.L	sv	Förbundsdagsvalet 2009
B.L	sv	Guido Westerwelle
B.L	sv	Hans-Peter Friedrich
B.L	sv	Ilse Aigner
B.L	sv	Johanna Wanka
B.L	sv	Karl-Theodor zu Guttenberg
B.L	sv	Kristina Schröder
B.L	sv	Norbert Röttgen
B.L	sv	Peter Altmaier
B.L	sv	Philipp Rösler
B.L	sv	Politiker
B.L	sv	Rainer Brüderle
B.L	sv	Regeringen Merkel II
B.L	sv	Ronald Pofalla
B.L	sv	Sabine Leutheusser-Schnarrenberger
B.L	sv	Thomas de Maizière
B.L	sv	Traunwalchen
B.L	sv	Tysk
B.L	sv	Tysklands förbundsregering
B.L	sv	Ursula von der Leyen
B.L	sv	Wolfgang Schäuble
B.L	sv	Mall:Regeringen Merkel II
B.L	sv	Malldiskussion:Regeringen Merkel II
B.L	ru	10 февраля
B.L	ru	1954
B.L	ru	1954 год
B.L	ru	2009
B.L	ru	2009 год
B.L	ru	28 октября
B.L	ru	Бавария
B.L	ru	Бодевиг, Курт
B.L	ru	Буллок, Сандра
B.L	ru	Бундестаг
B.L	ru	Бухер, Эвальд
B.L	ru	Викисклад
B.L	ru	Вилдермут, Эбергарт
B.L	ru	Германия
B.L	ru	Климмт, Райнхард
B.L	ru	Лауритцен, Лауриц
B.L	ru	Люке, Пауль
B.L	ru	Меркель, Ангела
B.L	ru	Молодёжный союз Германии
B.L	ru	Мюнтеферинг, Франц
B.L	ru	Мюнхенский университет
B.L	ru	Немецкий язык
B.L	ru	Ноймайер, Фриц
B.L	ru	Освальд, Эдуард
B.L	ru	Политик
B.L	ru	Преускер, Виктор-Эмануель
B.L	ru	Равенс, Карл
B.L	ru	Римско-католическая церковь
B.L	ru	Список министров транспорта и строительства Германии
B.L	ru	Тифензее, Вольфганг
B.L	ru	Траунройт
B.L	ru	Тёпфер, Клаус
B.L	ru	Федеративная Республика Германии (до 1990)
B.L	ru	Фогель, Ганс-Йохен
B.L	ru	Хаак, Дитер
B.L	ru	Хассельфельдт, Герда
B.L	ru	Хек, Бруно
B.L	ru	Христианско-социальный союз
B.L	ru	Швайцер, Ирмгард
B.L	ru	Шнайдер, Оскар
B.L	ru	Штольпе, Манфред
B.L	ru	Экономист
B.L	ru	Шаблон:Цвет/Германия
B.L	zh	巴伐利亚州
B.L	zh	德国
B.L	zh	德国联邦交通建设与城市发展部
B.L	zh	特罗因罗伊特
CN	de	Peter_Ramsauer
IWL	fr	Peter Ramsauer
IWL	eo	Peter Ramsauer
IWL	en	Peter Ramsauer
IWL	no	Peter Ramsauer
IWL	pl	Peter Ramsauer
IWL	la	Petrus Ramsauer
IWL	sv	Peter Ramsauer
IWL	ru	Рамзауэр, Петер
IWL	zh	彼得·拉姆绍尔
