A.L	en	2000s in the Democratic Republic of the Congo
A.L	en	Adastra Minerals
A.L	en	Administrative divisions of the Democratic Republic of the Congo
A.L	en	African Metals Corporation
A.L	en	African Rainbow Minerals
A.L	en	Africo Resources Ltd.
A.L	en	Agriculture in the Democratic Republic of the Congo
A.L	en	AngloGold Ashanti
A.L	en	Anvil Mining
A.L	en	Australia
A.L	en	Australian Federal Police
A.L	en	BHP Billiton
A.L	en	Banro Resources Corporation
A.L	en	Barrick Gold
A.L	en	Belgian Congo
A.L	en	Bibliography of the Democratic Republic of the Congo
A.L	en	Burundi
A.L	en	Canadian mining in the Democratic Republic of the Congo
A.L	en	Cassiterite
A.L	en	Central Bank of the Congo
A.L	en	Changfa Mineral Resources
A.L	en	China
A.L	en	Cinema of the Democratic Republic of the Congo
A.L	en	Cobalt
A.L	en	Colonization of the Congo
A.L	en	Coltan
A.L	en	Conference of Berlin
A.L	en	Conflict minerals
A.L	en	Congo Crisis
A.L	en	Congo DR national football team
A.L	en	Congo Free State
A.L	en	Congo River
A.L	en	Congolese cuisine
A.L	en	Congolese franc
A.L	en	Constitution of the Democratic Republic of the Congo
A.L	en	Constitutional Court of the Democratic Republic of the Congo
A.L	en	Copper
A.L	en	Copper mining in the Democratic Republic of the Congo
A.L	en	Corruption in the Democratic Republic of the Congo
A.L	en	Court of Cassation (Democratic Republic of the Congo)
A.L	en	Culture of the Democratic Republic of the Congo
A.L	en	Cyanide
A.L	en	DanChurchAid
A.L	en	Dan Gertler
A.L	en	Datamonitor
A.L	en	Debt relief
A.L	en	Democratic Republic of Congo
A.L	en	Democratic Republic of the Congo
A.L	en	Demographics of the Democratic Republic of the Congo
A.L	en	Dependent territory
A.L	en	Diamond
A.L	en	Diamonds
A.L	en	Digital object identifier
A.L	en	Dikulushi Mine
A.L	en	Districts of the Democratic Republic of the Congo
A.L	en	Dodd–Frank Wall Street Reform and Consumer Protection Act
A.L	en	Early Congolese history
A.L	en	Economy of the Democratic Republic of the Congo
A.L	en	Education in the Democratic Republic of the Congo
A.L	en	Elections in the Democratic Republic of the Congo
A.L	en	Energy in the Democratic Republic of the Congo
A.L	en	Erosion
A.L	en	Europe
A.L	en	First Congo War
A.L	en	First Quantum Minerals
A.L	en	Flag of the Democratic Republic of the Congo
A.L	en	Football in the Democratic Republic of the Congo
A.L	en	Foreign relations of the Democratic Republic of the Congo
A.L	en	Fraser Institute
A.L	en	Freeport-McMoRan
A.L	en	Geography of the Democratic Republic of the Congo
A.L	en	Gold
A.L	en	Governance of the Democratic Republic of the Congo
A.L	en	Government of Canada
A.L	en	Government of the Democratic Republic of the Congo
A.L	en	Gross Domestic Product
A.L	en	Gross national income
A.L	en	Health in the Democratic Republic of the Congo
A.L	en	Hema people
A.L	en	Heritage Oil
A.L	en	History of the Democratic Republic of the Congo
A.L	en	Human rights in the Democratic Republic of the Congo
A.L	en	IUCN
A.L	en	Index of Democratic Republic of the Congo-related articles
A.L	en	Index of the Democratic Republic of the Congo-related articles
A.L	en	Infrastructure of the Democratic Republic of the Congo
A.L	en	International Finance Corporation
A.L	en	International Monetary Fund
A.L	en	International Standard Book Number
A.L	en	International Standard Serial Number
A.L	en	Ituri Conflict
A.L	en	Ituri province
A.L	en	Ivanhoe Mines
A.L	en	Kahuzi-Biega National Park
A.L	en	Kahuzi-Biéga National Park
A.L	en	Katanga Mining
A.L	en	Kilwa, Democratic Republic of the Congo
A.L	en	Kinross Gold Corp.
A.L	en	LGBT rights in the Democratic Republic of the Congo
A.L	en	Languages of the Democratic Republic of the Congo
A.L	en	Law enforcement in the Democratic Republic of the Congo
A.L	en	Lendu
A.L	en	List of airports in the Democratic Republic of the Congo
A.L	en	List of cities in the Democratic Republic of the Congo
A.L	en	List of ecoregions in the Democratic Republic of the Congo
A.L	en	List of people related to the Democratic Republic of the Congo
A.L	en	List of political parties of the Democratic Republic of the Congo
A.L	en	List of states with limited recognition
A.L	en	List of volcanoes in the Democratic Republic of the Congo
A.L	en	Lubumbashi
A.L	en	Lundin Mining
A.L	en	Maniema
A.L	en	Media of the Democratic Republic of the Congo
A.L	en	Mercury (element)
A.L	en	Military of the Democratic Republic of the Congo
A.L	en	Mining in Africa
A.L	en	Mining in Algeria
A.L	en	Mining in Angola
A.L	en	Mining in Ascension Island
A.L	en	Mining in Benin
A.L	en	Mining in Botswana
A.L	en	Mining in Burkina Faso
A.L	en	Mining in Burundi
A.L	en	Mining in Cameroon
A.L	en	Mining in Cape Verde
A.L	en	Mining in Ceuta
A.L	en	Mining in Chad
A.L	en	Mining in Comoros
A.L	en	Mining in Djibouti
A.L	en	Mining in Egypt
A.L	en	Mining in Equatorial Guinea
A.L	en	Mining in Eritrea
A.L	en	Mining in Ethiopia
A.L	en	Mining in Gabon
A.L	en	Mining in Ghana
A.L	en	Mining in Guinea
A.L	en	Mining in Guinea-Bissau
A.L	en	Mining in Ivory Coast
A.L	en	Mining in Kenya
A.L	en	Mining in Lesotho
A.L	en	Mining in Liberia
A.L	en	Mining in Libya
A.L	en	Mining in Madagascar
A.L	en	Mining in Madeira
A.L	en	Mining in Malawi
A.L	en	Mining in Mali
A.L	en	Mining in Mauritania
A.L	en	Mining in Mauritius
A.L	en	Mining in Mayotte
A.L	en	Mining in Melilla
A.L	en	Mining in Morocco
A.L	en	Mining in Mozambique
A.L	en	Mining in Namibia
A.L	en	Mining in Niger
A.L	en	Mining in Nigeria
A.L	en	Mining in Plazas de soberanía
A.L	en	Mining in Rwanda
A.L	en	Mining in Réunion
A.L	en	Mining in Saint Helena
A.L	en	Mining in Senegal
A.L	en	Mining in Seychelles
A.L	en	Mining in Sierra Leone
A.L	en	Mining in Somalia
A.L	en	Mining in Somaliland
A.L	en	Mining in South Africa
A.L	en	Mining in South Sudan
A.L	en	Mining in Sudan
A.L	en	Mining in Swaziland
A.L	en	Mining in São Tomé and Príncipe
A.L	en	Mining in Tanzania
A.L	en	Mining in Togo
A.L	en	Mining in Tristan da Cunha
A.L	en	Mining in Tunisia
A.L	en	Mining in Uganda
A.L	en	Mining in Western Sahara
A.L	en	Mining in Zambia
A.L	en	Mining in Zimbabwe
A.L	en	Mining in the Canary Islands
A.L	en	Mining in the Central African Republic
A.L	en	Mining in the Democratic Republic of the Congo
A.L	en	Mining in the Gambia
A.L	en	Mining in the Republic of the Congo
A.L	en	Mining in the Sahrawi Arab Democratic Republic
A.L	en	Morocco
A.L	en	Moto Gold Mines
A.L	en	Mufulira
A.L	en	Multilateral Investment Guarantee Agency
A.L	en	Music of the Democratic Republic of the Congo
A.L	en	Mwana Africa
A.L	en	National Assembly of the Democratic Republic of the Congo
A.L	en	National symbols of the Democratic Republic of the Congo
A.L	en	Natural Resources Canada
A.L	en	Natural resources
A.L	en	Niobium
A.L	en	North Kivu
A.L	en	Okapi Wildlife Reserve
A.L	en	Outline of the Democratic Republic of the Congo
A.L	en	Politics of the Democratic Republic of the Congo
A.L	en	President of the Democratic Republic of the Congo
A.L	en	Prime Minister of the Democratic Republic of the Congo
A.L	en	Provinces of the Democratic Republic of the Congo
A.L	en	PubMed Identifier
A.L	en	Public holidays in the Democratic Republic of the Congo
A.L	en	RCD-Goma
A.L	en	RCD-ML
A.L	en	Randgold Resources
A.L	en	Religion in the Democratic Republic of the Congo
A.L	en	Republic of the Congo (Léopoldville)
A.L	en	Riparian
A.L	en	Rubicon Minerals Corporation
A.L	en	Rwanda
A.L	en	Rwandan
A.L	en	Second Congo War
A.L	en	Senate of the Democratic Republic of the Congo
A.L	en	Silting
A.L	en	South Africa
A.L	en	South Kivu
A.L	en	Sovereign state
A.L	en	Subdivisions of the Democratic Republic of the Congo
A.L	en	Survival sex
A.L	en	Switzerland
A.L	en	Symbols of the Democratic Republic of the Congo
A.L	en	Tailings
A.L	en	Tantalite
A.L	en	Tantalum
A.L	en	Telecommunications in the Democratic Republic of the Congo
A.L	en	Territories of the Democratic Republic of the Congo
A.L	en	Tiger Resources
A.L	en	Tin
A.L	en	Tony Buckingham
A.L	en	Transitional Government of the Democratic Republic of the Congo
A.L	en	Transport in the Democratic Republic of the Congo
A.L	en	Tungsten
A.L	en	UN
A.L	en	Uganda
A.L	en	Ugandan
A.L	en	United Kingdom
A.L	en	United States
A.L	en	Wildlife of the Democratic Republic of the Congo
A.L	en	Women in the Democratic Republic of the Congo
A.L	en	Wood fuel
A.L	en	World Bank
A.L	en	World heritage site
A.L	en	Xstrata
A.L	en	Zaire
A.L	en	Talk:Mining industry of the Democratic Republic of the Congo
A.L	en	Wikipedia:Citation needed
A.L	en	Wikipedia:Link rot
A.L	en	Wikipedia:Manual of Style
A.L	en	Wikipedia:WikiProject Democratic Republic of the Congo
A.L	en	Template:Democratic Republic of the Congo topics
A.L	en	Template:Mining in Africa
A.L	en	Template talk:Democratic Republic of the Congo topics
A.L	en	Template talk:Mining in Africa
A.L	en	Help:CS1 errors
A.L	en	Category:Articles with dead external links from October 2010
A.L	en	Category:Articles with unsourced statements from May 2009
A.L	en	Category:Democratic Republic of the Congo
A.L	en	Category:Democratic Republic of the Congo society
A.L	en	Category:Wikipedia articles needing rewrite from May 2009
A.L	en	Portal:Democratic Republic of the Congo
A.L	en	Book:Democratic Republic of the Congo
B.L	uk	1975
B.L	uk	Історія освоєння мінеральних ресурсів Демократичної Республіки Конго
B.L	uk	Італія
B.L	uk	Великобританія
B.L	uk	Вольфрам
B.L	uk	Вольфраміт
B.L	uk	Геологія Демократичної Республіки Конго
B.L	uk	Гірнича промисловість Єгипту
B.L	uk	Гірнича промисловість Ємену
B.L	uk	Гірнича промисловість Ізраїлю
B.L	uk	Гірнича промисловість Індонезії
B.L	uk	Гірнича промисловість Індії
B.L	uk	Гірнича промисловість Іраку
B.L	uk	Гірнича промисловість Ірану
B.L	uk	Гірнича промисловість Іспанії
B.L	uk	Гірнича промисловість Італії
B.L	uk	Гірнича промисловість Австралії
B.L	uk	Гірнича промисловість Австрії
B.L	uk	Гірнича промисловість Азербайджану
B.L	uk	Гірнича промисловість Албанії
B.L	uk	Гірнича промисловість Алжиру
B.L	uk	Гірнича промисловість Анголи
B.L	uk	Гірнича промисловість Аргентини
B.L	uk	Гірнича промисловість Афганістану
B.L	uk	Гірнича промисловість Болгарії
B.L	uk	Гірнича промисловість Болівії
B.L	uk	Гірнича промисловість Ботсвани
B.L	uk	Гірнича промисловість Бразилії
B.L	uk	Гірнича промисловість Буркіна-Фасо
B.L	uk	Гірнича промисловість Білорусі
B.L	uk	Гірнича промисловість В'єтнаму
B.L	uk	Гірнича промисловість Великобританії
B.L	uk	Гірнича промисловість Венесуели
B.L	uk	Гірнича промисловість Вірменії
B.L	uk	Гірнича промисловість Габону
B.L	uk	Гірнича промисловість Гайяни
B.L	uk	Гірнича промисловість Гани
B.L	uk	Гірнича промисловість Гватемали
B.L	uk	Гірнича промисловість Гвінеї
B.L	uk	Гірнича промисловість Гондурасу
B.L	uk	Гірнича промисловість Греції
B.L	uk	Гірнича промисловість Грузії
B.L	uk	Гірнича промисловість Естонії
B.L	uk	Гірнича промисловість Ефіопії
B.L	uk	Гірнича промисловість Замбії
B.L	uk	Гірнича промисловість Казахстану
B.L	uk	Гірнича промисловість Канади
B.L	uk	Гірнича промисловість Киргизстану
B.L	uk	Гірнича промисловість Китаю
B.L	uk	Гірнича промисловість Колумбії
B.L	uk	Гірнича промисловість Куби
B.L	uk	Гірнича промисловість Лаосу
B.L	uk	Гірнича промисловість Латвії
B.L	uk	Гірнича промисловість Литви
B.L	uk	Гірнича промисловість Лівії
B.L	uk	Гірнича промисловість Мадагаскару
B.L	uk	Гірнича промисловість Малайзії
B.L	uk	Гірнича промисловість Марокко
B.L	uk	Гірнича промисловість Мексики
B.L	uk	Гірнича промисловість Молдови
B.L	uk	Гірнича промисловість Монголії
B.L	uk	Гірнича промисловість Нової Каледонії
B.L	uk	Гірнича промисловість Норвегії
B.L	uk	Гірнича промисловість Нігерії
B.L	uk	Гірнича промисловість Нікарагуа
B.L	uk	Гірнича промисловість Німеччини
B.L	uk	Гірнича промисловість Об'єднаних Арабських Еміратів
B.L	uk	Гірнича промисловість Оману
B.L	uk	Гірнича промисловість Пакистану
B.L	uk	Гірнича промисловість Панами
B.L	uk	Гірнича промисловість Папуа — Нової Гвінеї
B.L	uk	Гірнича промисловість Перу
B.L	uk	Гірнича промисловість Польщі
B.L	uk	Гірнича промисловість Південно-Африканської Республіки
B.L	uk	Гірнича промисловість Південної Кореї
B.L	uk	Гірнича промисловість Північної Кореї
B.L	uk	Гірнича промисловість Республіки Конго
B.L	uk	Гірнича промисловість Росії
B.L	uk	Гірнича промисловість Румунії
B.L	uk	Гірнича промисловість США
B.L	uk	Гірнича промисловість Саудівської Аравії
B.L	uk	Гірнича промисловість Словаччини
B.L	uk	Гірнича промисловість Суринаму
B.L	uk	Гірнича промисловість Сьєрра-Леоне
B.L	uk	Гірнича промисловість Таджикистану
B.L	uk	Гірнича промисловість Таїланду
B.L	uk	Гірнича промисловість Тринідаду і Тобаго
B.L	uk	Гірнича промисловість Туреччини
B.L	uk	Гірнича промисловість Туркменістану
B.L	uk	Гірнича промисловість Угорщини
B.L	uk	Гірнича промисловість Узбекистану
B.L	uk	Гірнича промисловість України
B.L	uk	Гірнича промисловість Франції
B.L	uk	Гірнича промисловість Філіппін
B.L	uk	Гірнича промисловість Фінляндії
B.L	uk	Гірнича промисловість Чехії
B.L	uk	Гірнича промисловість Чилі
B.L	uk	Гірнича промисловість Швеції
B.L	uk	Гірнича промисловість Ямайки
B.L	uk	Гірнича промисловість Японії
B.L	uk	Гірничий енциклопедичний словник
B.L	uk	Гірничо-металургійна промисловість Бельгії
B.L	uk	Демократична Республіка Конго
B.L	uk	Економіка Демократичної Республіки Конго
B.L	uk	Золото
B.L	uk	Кобальт
B.L	uk	Корисні копалини Демократичної Республіки Конго
B.L	uk	Лубумбаші
B.L	uk	Мідь
B.L	uk	Нафта
B.L	uk	Олово
B.L	uk	США
B.L	uk	Тантал (хімічний елемент)
B.L	uk	ФРН
B.L	uk	Цинк
B.L	uk	Японія
B.L	uk	Шаблон:Гірнича промисловість країн світу
B.L	uk	Обговорення шаблону:Гірнича промисловість країн світу
B.L	uk	Категорія:Гірнича промисловість за країною
CN	en	Mining_industry_of_the_Democratic_Republic_of_the_Congo
IWL	uk	Гірнича промисловість Демократичної Республіки Конго
