A.L	de	1889
A.L	de	3. Oktober
A.L	de	Abfallentsorgung
A.L	de	Adidas
A.L	de	Agrochemie
A.L	de	Aktiengesellschaft (Deutschland)
A.L	de	Aller
A.L	de	Allianz SE
A.L	de	Altana
A.L	de	Andrei Igorewitsch Melnitschenko
A.L	de	Arisierung
A.L	de	Aufsichtsratsvorsitzender
A.L	de	August Rosterg
A.L	de	Autarkie
A.L	de	BASF
A.L	de	BMW
A.L	de	Babcock Borsig
A.L	de	Bad Salzdetfurth
A.L	de	Bayer AG
A.L	de	Bayerische Hypotheken- und Wechsel-Bank
A.L	de	Bayerische Vereinsbank
A.L	de	Beiersdorf AG
A.L	de	Bergbau
A.L	de	Bergrecht
A.L	de	Bergrechtliche Gewerkschaft
A.L	de	Berlin
A.L	de	Bilanzsumme
A.L	de	BlackRock
A.L	de	Bode (Saale)
A.L	de	Bokeloh (Wunstorf)
A.L	de	Brasilien
A.L	de	Braunschweig
A.L	de	Burbach-Kaliwerke AG
A.L	de	Chemische Fabrik Kalk
A.L	de	Chile
A.L	de	Commerzbank
A.L	de	Compo
A.L	de	Continental AG
A.L	de	DAX
A.L	de	Daimler AG
A.L	de	Deutsche Bank
A.L	de	Deutsche Börse
A.L	de	Deutsche Demokratische Republik
A.L	de	Deutsche Inflation 1914 bis 1923
A.L	de	Deutsche Post AG
A.L	de	Deutsche Telekom
A.L	de	Deutsches Kalisyndikat GmbH
A.L	de	Deutsches Reich
A.L	de	Dresdner Bank
A.L	de	Dünger
A.L	de	E.ON
A.L	de	E.ON Ruhrgas
A.L	de	Einwendung
A.L	de	Elektronische Datenverarbeitung
A.L	de	Epcos
A.L	de	Erdgas
A.L	de	Erdöl
A.L	de	Erlös
A.L	de	Erster Weltkrieg
A.L	de	Euro
A.L	de	EuroChem
A.L	de	European Salt Company
A.L	de	Evonik Degussa
A.L	de	Feldmühle (Unternehmen)
A.L	de	Fresenius (Unternehmen)
A.L	de	Fresenius Medical Care
A.L	de	Fulda
A.L	de	Gerd Grimmig
A.L	de	Gerstungen
A.L	de	Gewinn
A.L	de	Gewinnschwelle
A.L	de	Goslar
A.L	de	Grubenunglück
A.L	de	Grundwasser
A.L	de	Gründerzeit
A.L	de	Gründung (Recht)
A.L	de	Guido Henckel von Donnersmarck
A.L	de	Haber-Bosch-Verfahren
A.L	de	Hamburger Hafen und Logistik
A.L	de	Hannover
A.L	de	Hannover Rück
A.L	de	HeidelbergCement
A.L	de	Henkel (Unternehmen)
A.L	de	Heringen (Werra)
A.L	de	Hermann Julius Grüneberg
A.L	de	Hessen
A.L	de	Hessischer Landtag
A.L	de	Hoechst
A.L	de	Hypo Real Estate
A.L	de	I.G. Farben
A.L	de	Infineon
A.L	de	International Securities Identification Number
A.L	de	Internet Archive
A.L	de	Joint Venture
A.L	de	Justus von Liebig
A.L	de	Jürgen Räuschel
A.L	de	Kalisalz
A.L	de	Kaliumchlorid
A.L	de	Kanada
A.L	de	Karstadt
A.L	de	Kartell
A.L	de	Kassel
A.L	de	Kleine und mittlere Unternehmen
A.L	de	Krefeld
A.L	de	Köln
A.L	de	Lanxess
A.L	de	Limburgerhof
A.L	de	Linde AG
A.L	de	Lufthansa
A.L	de	Lutherstadt Eisleben
A.L	de	MAN
A.L	de	MDAX
A.L	de	MLP AG
A.L	de	Mannesmann
A.L	de	Mannheim
A.L	de	Merck KGaA
A.L	de	Merkers
A.L	de	Metro AG
A.L	de	Minimumgesetz
A.L	de	Mitarbeiter
A.L	de	Monopol
A.L	de	Monte Kali
A.L	de	Monte Kali (Heringen)
A.L	de	Munich Re
A.L	de	Mülhausen (Elsass)
A.L	de	Neuhof (bei Fulda)
A.L	de	Niederlande
A.L	de	Nixdorf Computer
A.L	de	Norbert Steiner
A.L	de	Oligopol
A.L	de	Petschek (Familie)
A.L	de	Philippsthal (Werra)
A.L	de	Phosphate
A.L	de	Pipeline
A.L	de	Postbank
A.L	de	Preussag
A.L	de	Preußen
A.L	de	Provinz Hannover
A.L	de	Prudential plc
A.L	de	Quandt (Familie)
A.L	de	RWE
A.L	de	Ralf Bethke
A.L	de	Rechtsform
A.L	de	Recycling
A.L	de	Regierungsbezirk Kassel
A.L	de	Reichsland Elsaß-Lothringen
A.L	de	Rohm and Haas
A.L	de	SAP
A.L	de	Sachsen-Anhalt
A.L	de	Salzbergwerk
A.L	de	Salzgitter AG
A.L	de	Salzlandkreis
A.L	de	Schlesien
A.L	de	Sehnde
A.L	de	Siemens
A.L	de	Sitz (juristische Person)
A.L	de	Skandinavien
A.L	de	Société Commerciale des Potasses et de l'Azote
A.L	de	Solvay
A.L	de	Sowjetische Besatzungszone
A.L	de	Sowjetunion
A.L	de	Speisesalz
A.L	de	Staßfurt
A.L	de	Steinsalz
A.L	de	Stickstoff
A.L	de	Stiftung „Erinnerung, Verantwortung und Zukunft“
A.L	de	Streubesitz
A.L	de	TUI
A.L	de	ThyssenKrupp
A.L	de	Thüringen
A.L	de	Treuhandanstalt
A.L	de	Unterbreizbach
A.L	de	Unternehmensführung
A.L	de	VEBA
A.L	de	VIAG
A.L	de	Vereinigte Staaten
A.L	de	Volatilität
A.L	de	Volkswagen AG
A.L	de	Vorstandsvorsitzender
A.L	de	Walbeck (Oebisfelde-Weferlingen)
A.L	de	Wasserstoff
A.L	de	Website
A.L	de	Werra
A.L	de	Weser
A.L	de	Wintershall
A.L	de	Wirtschaftszweig
A.L	de	Wunstorf
A.L	de	Zielitz
A.L	de	Zweiter Weltkrieg
A.L	de	Öchsenberg
A.L	de	Ökologisches Gleichgewicht
A.L	de	Wikipedia:Lesenswerte Artikel
A.L	de	Datei:Oechsen panorama nordwest.jpg
CN	de	K+S
