1.A.L	de	Amt (Kommunalrecht)
1.A.L	de	Amt Bredstedt-Land
1.A.L	de	Amt Langenhorn
1.A.L	de	Amt Mittleres Nordfriesland
1.A.L	de	Bargum
1.A.L	de	Bordelum
1.A.L	de	Bredstedt
1.A.L	de	Km²
1.A.L	de	Kreis Nordfriesland
1.A.L	de	Langenhorn (Nordfriesland)
1.A.L	de	Ockholm
1.A.L	de	Reußenköge
1.A.L	de	Schleswig-Holstein
1.B.L	eo	2004
1.B.L	eo	31-a de marto
1.B.L	eo	Bredstedt
1.B.L	eo	Distrikto (Germanio)
1.B.L	eo	Distrikto Norda Frislando
1.B.L	eo	Federacia lando (Germanio)
1.B.L	eo	Geografia koordinata sistemo
1.B.L	eo	Germanio
1.B.L	eo	Komunumaro Bredstedt-Land
1.B.L	eo	Komunumaro Meza Norda Frislando
1.B.L	eo	Urborajto
1.B.L	eo	Ŝlesvigo-Holstinio
1.B.L	eo	Vikipedio:Informkestoj
1.B.L	eo	Vikipedio:La perfekta ĝermo de artikolo
1.B.L	eo	Vikipedio:Trovi aŭ kreskigi ĝermojn
1.B.L	eo	Ŝablono:Informkesto germania komunumo
1.B.L	eo	Ŝablono:Situo sur mapo/korektado/DMS
1.B.L	eo	Ŝablono-Diskuto:Informkesto germania komunumo
1.B.L	en	Amt (subnational entity)
1.B.L	en	Bargum
1.B.L	en	Bordelum
1.B.L	en	Bredstedt
1.B.L	en	Bredstedt-Land
1.B.L	en	Geographic coordinate system
1.B.L	en	Germany
1.B.L	en	Husum, Germany
1.B.L	en	Langenhorn
1.B.L	en	Mittleres Nordfriesland
1.B.L	en	Nordfriesland
1.B.L	en	North Sea
1.B.L	en	Ockholm
1.B.L	en	Schleswig-Holstein
1.B.L	en	Wikipedia:Citing sources
1.B.L	en	Wikipedia:Stub
1.B.L	en	Wikipedia:Verifiability
1.B.L	en	Template:Nordfriesland-geo-stub
1.B.L	en	Template talk:Nordfriesland-geo-stub
1.B.L	en	Help:Introduction to referencing/1
1.B.L	en	Category:Articles lacking sources from December 2009
1.CN	de	Amt_Stollberg
1.IWL	eo	Komunumaro Stollberg
1.IWL	en	Stollberg (Amt)
2.A.L	de	Amt Stollberg
2.A.L	de	Barbara Stollberg-Rilinger
2.A.L	de	Bordelum
2.A.L	de	Burgruine Stollburg
2.A.L	de	Dietrich Stollberg
2.A.L	de	Dirk Stollberg
2.A.L	de	Erhard Stollberg
2.A.L	de	Fritz Stollberg
2.A.L	de	Gustav Stollberg (Niedersachsen)
2.A.L	de	Gustav Stollberg (Preußen)
2.A.L	de	Landkreis Stollberg
2.A.L	de	Littau LU
2.A.L	de	Steigerwald
2.A.L	de	Stolberg
2.A.L	de	Stollberg/Erzgeb.
2.A.L	de	Stollberg (Berg)
2.A.L	de	Stollberg (Gemeinde Brand-Laaben)
2.A.L	de	Stollberg (Nordfriesland)
2.A.L	de	Untergriesbach
2.A.L	de	Wikipedia:Begriffsklärung
2.B.L	fr	Arrondissement de Stollberg
2.B.L	fr	Saxe (Land)
2.B.L	fr	Stollberg (Saxe)
2.B.L	fr	Aide:Homonymie
2.B.L	en	Stolberg (disambiguation)
2.B.L	en	Stollberg
2.B.L	en	Stollberg (Amt)
2.B.L	en	Help:Disambiguation
2.B.L	pl	Erzgebirgskreis
2.B.L	pl	Powiat Stollberg
2.B.L	pl	Saksonia
2.B.L	pl	Stolberg
2.B.L	pl	Stollberg/Erzgeb.
2.B.L	pl	Wspólnota administracyjna Stollberg (Erzgebirge)
2.B.L	pl	Wikipedia:Strona ujednoznaczniająca
2.B.L	nl	Stollberg/Erzgeb.
2.B.L	nl	Stollberg (Noord-Friesland)
2.B.L	nl	Stollberg (district)
2.B.L	nl	Wikipedia:Doorverwijspagina
2.B.L	ro	Sachsen
2.B.L	ro	Stollberg/Erzgeb.
2.B.L	ro	Stollberg (district)
2.B.L	ro	Wikipedia:Articol
2.B.L	ro	Wikipedia:Dezambiguizare
2.B.L	ro	Wikipedia:Liste
2.B.L	ro	Wikipedia:Manual de stil
2.B.L	ro	Wikipedia:Titluri
2.CN	de	Stollberg
2.IWL	fr	Stollberg
2.IWL	en	Stollberg (disambiguation)
2.IWL	pl	Stollberg
2.IWL	nl	Stollberg
2.IWL	ro	Stollberg (dezambiguizare)
