1.A.L	de	Adidas
1.A.L	de	Agrarsubvention
1.A.L	de	Air Liquide
1.A.L	de	Aktiengesellschaft
1.A.L	de	Alfred Thiel
1.A.L	de	Allianz SE
1.A.L	de	Alstom
1.A.L	de	Altana
1.A.L	de	Alwin Fitting
1.A.L	de	American Water Works Company
1.A.L	de	Amprion
1.A.L	de	Anheuser-Busch InBev
1.A.L	de	ArcelorMittal
1.A.L	de	Arnheim
1.A.L	de	Arthur Koepchen
1.A.L	de	Assicurazioni Generali
1.A.L	de	Atom-Moratorium
1.A.L	de	Atomausstieg
1.A.L	de	Aufsichtsrat
1.A.L	de	August Thyssen
1.A.L	de	Axa
1.A.L	de	BASF
1.A.L	de	BIAG Zukunft
1.A.L	de	BMW
1.A.L	de	BNP Paribas
1.A.L	de	Babcock Borsig
1.A.L	de	Banco Bilbao Vizcaya Argentaria
1.A.L	de	Banco Santander
1.A.L	de	Bayer AG
1.A.L	de	Bayerische Hypotheken- und Wechsel-Bank
1.A.L	de	Bayerische Vereinsbank
1.A.L	de	Beiersdorf AG
1.A.L	de	Bergheim
1.A.L	de	Bergschaden
1.A.L	de	Berlin
1.A.L	de	Berliner Wasserbetriebe
1.A.L	de	Bernhard Goldenberg
1.A.L	de	Bernhard Günther
1.A.L	de	Bilanzsumme
1.A.L	de	Braunkohle
1.A.L	de	Brauweiler (Pulheim)
1.A.L	de	Brennelementesteuer
1.A.L	de	Brikett
1.A.L	de	Budget
1.A.L	de	CONSOL Energy
1.A.L	de	Capital Group Companies
1.A.L	de	Carrefour (Unternehmen)
1.A.L	de	Cement Roadstone Holding
1.A.L	de	Commerzbank
1.A.L	de	Compagnie de Saint-Gobain
1.A.L	de	Continental AG
1.A.L	de	Crédit Agricole (Unternehmen)
1.A.L	de	DAX
1.A.L	de	Daimler AG
1.A.L	de	Danone
1.A.L	de	Darmstadt
1.A.L	de	Desertec
1.A.L	de	Deutsche Bank
1.A.L	de	Deutsche Börse
1.A.L	de	Deutsche Nationalbibliothek
1.A.L	de	Deutsche Post AG
1.A.L	de	Deutsche Telekom
1.A.L	de	Devastierung
1.A.L	de	Die Zeit
1.A.L	de	Disconto-Gesellschaft
1.A.L	de	Dortmund
1.A.L	de	Dresdner Bank
1.A.L	de	Duisburg
1.A.L	de	E-Mobility
1.A.L	de	E.ON
1.A.L	de	EU-Emissionshandel
1.A.L	de	EU-Kommission
1.A.L	de	EURO STOXX 50
1.A.L	de	Eemshaven
1.A.L	de	Eifel
1.A.L	de	Elektrizitäts-AG vormals W. Lahmeyer & Co
1.A.L	de	Elektrothek Osterath
1.A.L	de	Elmenhorst (Waltrop)
1.A.L	de	EnBW
1.A.L	de	Enel
1.A.L	de	Energiedienst Holding
1.A.L	de	Energieeffizienz
1.A.L	de	Energieversorger
1.A.L	de	Energieversorgung
1.A.L	de	Eni (Unternehmen)
1.A.L	de	EnviaM
1.A.L	de	Epcos
1.A.L	de	Eprimo
1.A.L	de	Erdgas
1.A.L	de	Erlös
1.A.L	de	Erneuerbare Energie
1.A.L	de	Essen
1.A.L	de	Essen-Karnap
1.A.L	de	Essent
1.A.L	de	Euro
1.A.L	de	Europäische Kommission
1.A.L	de	Evonik Degussa
1.A.L	de	Feldmühle (Unternehmen)
1.A.L	de	Fossile Energie
1.A.L	de	France Telecom
1.A.L	de	Frankfurt am Main
1.A.L	de	Frechen
1.A.L	de	Freileitungsmast
1.A.L	de	Fresenius (Unternehmen)
1.A.L	de	Fresenius Medical Care
1.A.L	de	Fußball-Weltmeisterschaft 2006 der Menschen mit Behinderung
1.A.L	de	GDF Suez
1.A.L	de	Gasunie
1.A.L	de	Gelsenwasser
1.A.L	de	Gemeinsame Normdatei
1.A.L	de	Gemischtwirtschaftliches Unternehmen
1.A.L	de	Gerald D. Feldman
1.A.L	de	Gersteinwerk
1.A.L	de	Gewinn
1.A.L	de	Gezeitenkraftwerk
1.A.L	de	Greenwashing
1.A.L	de	Gründung (Recht)
1.A.L	de	Gwynt y Môr
1.A.L	de	Gänsehalsturm
1.A.L	de	Hambachbahn
1.A.L	de	Hamborn
1.A.L	de	Hamburg
1.A.L	de	Hamm
1.A.L	de	Hamm-Uentrop
1.A.L	de	Handelsblatt
1.A.L	de	Hannover Rück
1.A.L	de	Harry Roels
1.A.L	de	HeidelbergCement
1.A.L	de	Heidelberger Druckmaschinen
1.A.L	de	Heinrich Mandel
1.A.L	de	Henkel (Unternehmen)
1.A.L	de	Herdecke
1.A.L	de	Herne
1.A.L	de	Hochspannung
1.A.L	de	Hochspannungs-Gleichstrom-Übertragung
1.A.L	de	Hochtief
1.A.L	de	Hoechst
1.A.L	de	Hugo Stinnes
1.A.L	de	Hypo Real Estate
1.A.L	de	Hürth-Knapsack
1.A.L	de	ING Groep
1.A.L	de	Iberdrola
1.A.L	de	Infineon
1.A.L	de	International Securities Identification Number
1.A.L	de	Intesa Sanpaolo
1.A.L	de	Jung von Matt
1.A.L	de	Jürgen Großmann
1.A.L	de	K+S
1.A.L	de	Karstadt
1.A.L	de	Kartellamt
1.A.L	de	Kernenergie
1.A.L	de	Kernkraftwerk
1.A.L	de	Kernkraftwerk Biblis
1.A.L	de	Kernkraftwerk Borssele
1.A.L	de	Kernkraftwerk Emsland
1.A.L	de	Kernkraftwerk Gundremmingen
1.A.L	de	Kernkraftwerk Kahl
1.A.L	de	Kernkraftwerk Lingen
1.A.L	de	Kernkraftwerk Mülheim-Kärlich
1.A.L	de	Klartextverlag
1.A.L	de	Koblenz
1.A.L	de	Koblenzer Elektrizitätswerk und Verkehrs-AG
1.A.L	de	Koepchenwerk
1.A.L	de	Kohlendioxid
1.A.L	de	Kohlenstaub
1.A.L	de	Kohleveredlungsbetrieb Fortuna-Nord
1.A.L	de	Kohleveredlungsbetrieb Frechen
1.A.L	de	Kohleveredlungsbetrieb Ville/Berrenrath
1.A.L	de	Koks
1.A.L	de	Kommissar für Wettbewerb
1.A.L	de	Konventionelle Energie
1.A.L	de	Konzession
1.A.L	de	Kraftwerk Dortmund
1.A.L	de	Kraftwerk Duisburg-Huckingen
1.A.L	de	Kraftwerk Emsland
1.A.L	de	Kraftwerk Frimmersdorf
1.A.L	de	Kraftwerk Goldenberg
1.A.L	de	Kraftwerk Heimbach
1.A.L	de	Kraftwerk Ibbenbüren
1.A.L	de	Kraftwerk Mátra
1.A.L	de	Kraftwerk Neurath
1.A.L	de	Kraftwerk Niederaußem
1.A.L	de	Kraftwerk Weisweiler
1.A.L	de	Kraftwerk Westfalen
1.A.L	de	Köln
1.A.L	de	Lanxess
1.A.L	de	Laufwasserkraftwerk
1.A.L	de	Laufzeitverlängerung
1.A.L	de	Lausitzer Braunkohle AG
1.A.L	de	Lechwerke
1.A.L	de	Lennep
1.A.L	de	Leonhard Birnbaum
1.A.L	de	Library of Congress Control Number
1.A.L	de	Linde AG
1.A.L	de	Lingen (Ems)
1.A.L	de	Liste der Moselstaustufen
1.A.L	de	Liste deutscher Kraftwerke
1.A.L	de	Lobbyismus
1.A.L	de	Logo (Unternehmen)
1.A.L	de	Los Angeles
1.A.L	de	Lufthansa
1.A.L	de	Lutz Mez
1.A.L	de	L’Oréal
1.A.L	de	MAN
1.A.L	de	MLP AG
1.A.L	de	Manfred Schneider (Manager)
1.A.L	de	Mannesmann
1.A.L	de	Merck KGaA
1.A.L	de	Metro AG
1.A.L	de	Mitarbeiter
1.A.L	de	Monopol
1.A.L	de	Moët Hennessy Louis Vuitton
1.A.L	de	Munich Re
1.A.L	de	Müllverbrennung
1.A.L	de	München
1.A.L	de	Münsterländer Schneechaos
1.A.L	de	Nahe (Fluss)
1.A.L	de	Neelie Kroes
1.A.L	de	New Jersey
1.A.L	de	Niederaußem
1.A.L	de	Niederlande
1.A.L	de	Niedersächsische Kraftwerke
1.A.L	de	Nixdorf Computer
1.A.L	de	Nokia
1.A.L	de	Nord-Süd-Bahn (Garzweiler)
1.A.L	de	Nord-Süd-Leitung
1.A.L	de	Nordsee Ost
1.A.L	de	North Hoyle
1.A.L	de	Nuklearkatastrophe von Fukushima
1.A.L	de	Ochtrup
1.A.L	de	Offshore-Windpark Greater Gabbard
1.A.L	de	Peter Terium
1.A.L	de	Philips
1.A.L	de	Photovoltaik
1.A.L	de	Postbank
1.A.L	de	Prag
1.A.L	de	Preussag
1.A.L	de	Pumpspeicherwerk
1.A.L	de	Pumpspeicherwerk Vianden
1.A.L	de	Quiet Revolution
1.A.L	de	RAG Aktiengesellschaft
1.A.L	de	RWE-Affäre
1.A.L	de	RWE-Turm
1.A.L	de	RWE (Begriffsklärung)
1.A.L	de	RWE Aqua
1.A.L	de	RWE Dea
1.A.L	de	RWE East
1.A.L	de	RWE Effizienz
1.A.L	de	RWE Gasspeicher
1.A.L	de	RWE Generation
1.A.L	de	RWE Innogy
1.A.L	de	RWE Polska
1.A.L	de	RWE Power AG
1.A.L	de	RWE Power International
1.A.L	de	RWE Rhein-Ruhr Netzservice
1.A.L	de	RWE Supply & Trading
1.A.L	de	RWE Technology
1.A.L	de	RWE Tower
1.A.L	de	RWE Transgas
1.A.L	de	RWE Transportnetz Strom
1.A.L	de	RWE Turkas Güney
1.A.L	de	RWE Vertrieb
1.A.L	de	RWE Westfalen-Weser-Ems Netzservice
1.A.L	de	RWE npower
1.A.L	de	Radioaktiver Abfall
1.A.L	de	Reading
1.A.L	de	Rechtsform
1.A.L	de	Remondis
1.A.L	de	Repsol YPF
1.A.L	de	Rhein-Freileitungskreuzung Voerde
1.A.L	de	Rhein-Ruhr Verteilnetz
1.A.L	de	Rheinbraun
1.A.L	de	Rheinhausen (Duisburg)
1.A.L	de	Rheinisch-Westfälische Straßen- und Kleinbahnen GmbH
1.A.L	de	Rheinisches Braunkohlerevier
1.A.L	de	Rheinland
1.A.L	de	Rhyl Flats
1.A.L	de	Riese
1.A.L	de	Rolf Martin Schmitz
1.A.L	de	Rolf Pohlig
1.A.L	de	Rommerskirchen
1.A.L	de	Ruhr
1.A.L	de	Ruhrgebiet
1.A.L	de	S'Hertogenbosch
1.A.L	de	SAP
1.A.L	de	Saar
1.A.L	de	Salzgitter AG
1.A.L	de	Sanofi-Aventis
1.A.L	de	Schienenfahrzeuge von Rheinbraun
1.A.L	de	Schloss Paffendorf
1.A.L	de	Schloss Türnich
1.A.L	de	Schluchseewerk
1.A.L	de	Schneider Electric
1.A.L	de	Senftenberg
1.A.L	de	Sieg (Fluss)
1.A.L	de	Siemens
1.A.L	de	Sitz (juristische Person)
1.A.L	de	Societe Generale
1.A.L	de	Solarenergie
1.A.L	de	Solingen
1.A.L	de	Sponsor
1.A.L	de	Stadtwerke Bochum
1.A.L	de	Steinkohle
1.A.L	de	Straße der Energie
1.A.L	de	Strombörse
1.A.L	de	Stromkennzeichnung
1.A.L	de	Strommix
1.A.L	de	Swb AG
1.A.L	de	Swindon
1.A.L	de	Süddeutsche Eisenbahn-Gesellschaft
1.A.L	de	Süddeutsche Zeitung
1.A.L	de	Süwag Energie
1.A.L	de	TUI
1.A.L	de	Tagebau Garzweiler
1.A.L	de	Tagebau Hambach
1.A.L	de	Tagebau Inden
1.A.L	de	Telecom Italia
1.A.L	de	Telefónica
1.A.L	de	Thames Water
1.A.L	de	ThyssenKrupp
1.A.L	de	Thyssengas
1.A.L	de	Total (Unternehmen)
1.A.L	de	UBS
1.A.L	de	UN-Klimakonferenz in Kopenhagen
1.A.L	de	Umspannanlage
1.A.L	de	Umspannanlage Brauweiler
1.A.L	de	Umspannanlage Uchtelfangen
1.A.L	de	Umspannwerk Recklinghausen
1.A.L	de	Umweltschutz
1.A.L	de	UniCredit Group
1.A.L	de	Unibail-rodamco
1.A.L	de	Unilever
1.A.L	de	Unternehmensführung
1.A.L	de	Unternehmensübernahme
1.A.L	de	Upstream
1.A.L	de	VEBA
1.A.L	de	VIAG
1.A.L	de	VSE
1.A.L	de	Veolia
1.A.L	de	Vereinigte Elektrizitätswerke Westfalen
1.A.L	de	Vianden (Luxemburg)
1.A.L	de	Vinci (Unternehmen)
1.A.L	de	Virtual International Authority File
1.A.L	de	Vivendi
1.A.L	de	Volkswagen AG
1.A.L	de	Voorhees Township
1.A.L	de	Vorstandsvorsitzender
1.A.L	de	Waltrop
1.A.L	de	Warschau
1.A.L	de	Website
1.A.L	de	Werbespot
1.A.L	de	Werne
1.A.L	de	Wesel
1.A.L	de	Westfalen-Weser-Ems Verteilnetz
1.A.L	de	Westnetz
1.A.L	de	Windkraftanlage
1.A.L	de	Windpark
1.A.L	de	Windpark Little Cheyne Court
1.A.L	de	Windpark Thornton Bank
1.A.L	de	Wirtschaftszweig
1.A.L	de	Zeche Victoria Mathias
1.A.L	de	Zürich
1.A.L	de	Übertragungsnetz
1.A.L	de	Diskussion:RWE
1.A.L	de	Wikipedia:Sei mutig
1.A.L	de	Wikipedia:Wie schreibe ich gute Artikel
1.A.L	de	Wikipedia:WikiProjekt Ereignisse/Vergangenheit
1.A.L	de	Wikipedia:WikiProjekt Ereignisse/Vergangenheit/2013-01-01
1.A.L	de	Wikipedia:WikiProjekt Ereignisse/Vergangenheit/fehlend
1.CN	de	RWE
