1.A.L	en	United Nations Organization Stabilization Mission in the Democratic Republic of the Congo
1.CN	en	United_Nations_Organization_Mission_in_the_Democratic_Republic_of_the_Congo
2.A.L	en	2000s in the Democratic Republic of the Congo
2.A.L	en	Adastra Minerals
2.A.L	en	Administrative divisions of the Democratic Republic of the Congo
2.A.L	en	African Metals Corporation
2.A.L	en	African Rainbow Minerals
2.A.L	en	Africo Resources Ltd.
2.A.L	en	Agriculture in the Democratic Republic of the Congo
2.A.L	en	AngloGold Ashanti
2.A.L	en	Anvil Mining
2.A.L	en	Australia
2.A.L	en	Australian Federal Police
2.A.L	en	BHP Billiton
2.A.L	en	Banro Resources Corporation
2.A.L	en	Barrick Gold
2.A.L	en	Belgian Congo
2.A.L	en	Bibliography of the Democratic Republic of the Congo
2.A.L	en	Burundi
2.A.L	en	Canadian mining in the Democratic Republic of the Congo
2.A.L	en	Cassiterite
2.A.L	en	Central Bank of the Congo
2.A.L	en	Changfa Mineral Resources
2.A.L	en	China
2.A.L	en	Cinema of the Democratic Republic of the Congo
2.A.L	en	Cobalt
2.A.L	en	Colonization of the Congo
2.A.L	en	Coltan
2.A.L	en	Conference of Berlin
2.A.L	en	Conflict minerals
2.A.L	en	Congo Crisis
2.A.L	en	Congo DR national football team
2.A.L	en	Congo Free State
2.A.L	en	Congo River
2.A.L	en	Congolese cuisine
2.A.L	en	Congolese franc
2.A.L	en	Constitution of the Democratic Republic of the Congo
2.A.L	en	Constitutional Court of the Democratic Republic of the Congo
2.A.L	en	Copper
2.A.L	en	Copper mining in the Democratic Republic of the Congo
2.A.L	en	Corruption in the Democratic Republic of the Congo
2.A.L	en	Court of Cassation (Democratic Republic of the Congo)
2.A.L	en	Culture of the Democratic Republic of the Congo
2.A.L	en	Cyanide
2.A.L	en	DanChurchAid
2.A.L	en	Dan Gertler
2.A.L	en	Datamonitor
2.A.L	en	Debt relief
2.A.L	en	Democratic Republic of Congo
2.A.L	en	Democratic Republic of the Congo
2.A.L	en	Demographics of the Democratic Republic of the Congo
2.A.L	en	Dependent territory
2.A.L	en	Diamond
2.A.L	en	Diamonds
2.A.L	en	Digital object identifier
2.A.L	en	Dikulushi Mine
2.A.L	en	Districts of the Democratic Republic of the Congo
2.A.L	en	Dodd–Frank Wall Street Reform and Consumer Protection Act
2.A.L	en	Early Congolese history
2.A.L	en	Economy of the Democratic Republic of the Congo
2.A.L	en	Education in the Democratic Republic of the Congo
2.A.L	en	Elections in the Democratic Republic of the Congo
2.A.L	en	Energy in the Democratic Republic of the Congo
2.A.L	en	Erosion
2.A.L	en	Europe
2.A.L	en	First Congo War
2.A.L	en	First Quantum Minerals
2.A.L	en	Flag of the Democratic Republic of the Congo
2.A.L	en	Football in the Democratic Republic of the Congo
2.A.L	en	Foreign relations of the Democratic Republic of the Congo
2.A.L	en	Fraser Institute
2.A.L	en	Freeport-McMoRan
2.A.L	en	Geography of the Democratic Republic of the Congo
2.A.L	en	Gold
2.A.L	en	Governance of the Democratic Republic of the Congo
2.A.L	en	Government of Canada
2.A.L	en	Government of the Democratic Republic of the Congo
2.A.L	en	Gross Domestic Product
2.A.L	en	Gross national income
2.A.L	en	Health in the Democratic Republic of the Congo
2.A.L	en	Hema people
2.A.L	en	Heritage Oil
2.A.L	en	History of the Democratic Republic of the Congo
2.A.L	en	Human rights in the Democratic Republic of the Congo
2.A.L	en	IUCN
2.A.L	en	Index of Democratic Republic of the Congo-related articles
2.A.L	en	Index of the Democratic Republic of the Congo-related articles
2.A.L	en	Infrastructure of the Democratic Republic of the Congo
2.A.L	en	International Finance Corporation
2.A.L	en	International Monetary Fund
2.A.L	en	International Standard Book Number
2.A.L	en	International Standard Serial Number
2.A.L	en	Ituri Conflict
2.A.L	en	Ituri province
2.A.L	en	Ivanhoe Mines
2.A.L	en	Kahuzi-Biega National Park
2.A.L	en	Kahuzi-Biéga National Park
2.A.L	en	Katanga Mining
2.A.L	en	Kilwa, Democratic Republic of the Congo
2.A.L	en	Kinross Gold Corp.
2.A.L	en	LGBT rights in the Democratic Republic of the Congo
2.A.L	en	Languages of the Democratic Republic of the Congo
2.A.L	en	Law enforcement in the Democratic Republic of the Congo
2.A.L	en	Lendu
2.A.L	en	List of airports in the Democratic Republic of the Congo
2.A.L	en	List of cities in the Democratic Republic of the Congo
2.A.L	en	List of ecoregions in the Democratic Republic of the Congo
2.A.L	en	List of people related to the Democratic Republic of the Congo
2.A.L	en	List of political parties of the Democratic Republic of the Congo
2.A.L	en	List of states with limited recognition
2.A.L	en	List of volcanoes in the Democratic Republic of the Congo
2.A.L	en	Lubumbashi
2.A.L	en	Lundin Mining
2.A.L	en	Maniema
2.A.L	en	Media of the Democratic Republic of the Congo
2.A.L	en	Mercury (element)
2.A.L	en	Military of the Democratic Republic of the Congo
2.A.L	en	Mining in Africa
2.A.L	en	Mining in Algeria
2.A.L	en	Mining in Angola
2.A.L	en	Mining in Ascension Island
2.A.L	en	Mining in Benin
2.A.L	en	Mining in Botswana
2.A.L	en	Mining in Burkina Faso
2.A.L	en	Mining in Burundi
2.A.L	en	Mining in Cameroon
2.A.L	en	Mining in Cape Verde
2.A.L	en	Mining in Ceuta
2.A.L	en	Mining in Chad
2.A.L	en	Mining in Comoros
2.A.L	en	Mining in Djibouti
2.A.L	en	Mining in Egypt
2.A.L	en	Mining in Equatorial Guinea
2.A.L	en	Mining in Eritrea
2.A.L	en	Mining in Ethiopia
2.A.L	en	Mining in Gabon
2.A.L	en	Mining in Ghana
2.A.L	en	Mining in Guinea
2.A.L	en	Mining in Guinea-Bissau
2.A.L	en	Mining in Ivory Coast
2.A.L	en	Mining in Kenya
2.A.L	en	Mining in Lesotho
2.A.L	en	Mining in Liberia
2.A.L	en	Mining in Libya
2.A.L	en	Mining in Madagascar
2.A.L	en	Mining in Madeira
2.A.L	en	Mining in Malawi
2.A.L	en	Mining in Mali
2.A.L	en	Mining in Mauritania
2.A.L	en	Mining in Mauritius
2.A.L	en	Mining in Mayotte
2.A.L	en	Mining in Melilla
2.A.L	en	Mining in Morocco
2.A.L	en	Mining in Mozambique
2.A.L	en	Mining in Namibia
2.A.L	en	Mining in Niger
2.A.L	en	Mining in Nigeria
2.A.L	en	Mining in Plazas de soberanía
2.A.L	en	Mining in Rwanda
2.A.L	en	Mining in Réunion
2.A.L	en	Mining in Saint Helena
2.A.L	en	Mining in Senegal
2.A.L	en	Mining in Seychelles
2.A.L	en	Mining in Sierra Leone
2.A.L	en	Mining in Somalia
2.A.L	en	Mining in Somaliland
2.A.L	en	Mining in South Africa
2.A.L	en	Mining in South Sudan
2.A.L	en	Mining in Sudan
2.A.L	en	Mining in Swaziland
2.A.L	en	Mining in São Tomé and Príncipe
2.A.L	en	Mining in Tanzania
2.A.L	en	Mining in Togo
2.A.L	en	Mining in Tristan da Cunha
2.A.L	en	Mining in Tunisia
2.A.L	en	Mining in Uganda
2.A.L	en	Mining in Western Sahara
2.A.L	en	Mining in Zambia
2.A.L	en	Mining in Zimbabwe
2.A.L	en	Mining in the Canary Islands
2.A.L	en	Mining in the Central African Republic
2.A.L	en	Mining in the Democratic Republic of the Congo
2.A.L	en	Mining in the Gambia
2.A.L	en	Mining in the Republic of the Congo
2.A.L	en	Mining in the Sahrawi Arab Democratic Republic
2.A.L	en	Morocco
2.A.L	en	Moto Gold Mines
2.A.L	en	Mufulira
2.A.L	en	Multilateral Investment Guarantee Agency
2.A.L	en	Music of the Democratic Republic of the Congo
2.A.L	en	Mwana Africa
2.A.L	en	National Assembly of the Democratic Republic of the Congo
2.A.L	en	National symbols of the Democratic Republic of the Congo
2.A.L	en	Natural Resources Canada
2.A.L	en	Natural resources
2.A.L	en	Niobium
2.A.L	en	North Kivu
2.A.L	en	Okapi Wildlife Reserve
2.A.L	en	Outline of the Democratic Republic of the Congo
2.A.L	en	Politics of the Democratic Republic of the Congo
2.A.L	en	President of the Democratic Republic of the Congo
2.A.L	en	Prime Minister of the Democratic Republic of the Congo
2.A.L	en	Provinces of the Democratic Republic of the Congo
2.A.L	en	PubMed Identifier
2.A.L	en	Public holidays in the Democratic Republic of the Congo
2.A.L	en	RCD-Goma
2.A.L	en	RCD-ML
2.A.L	en	Randgold Resources
2.A.L	en	Religion in the Democratic Republic of the Congo
2.A.L	en	Republic of the Congo (Léopoldville)
2.A.L	en	Riparian
2.A.L	en	Rubicon Minerals Corporation
2.A.L	en	Rwanda
2.A.L	en	Rwandan
2.A.L	en	Second Congo War
2.A.L	en	Senate of the Democratic Republic of the Congo
2.A.L	en	Silting
2.A.L	en	South Africa
2.A.L	en	South Kivu
2.A.L	en	Sovereign state
2.A.L	en	Subdivisions of the Democratic Republic of the Congo
2.A.L	en	Survival sex
2.A.L	en	Switzerland
2.A.L	en	Symbols of the Democratic Republic of the Congo
2.A.L	en	Tailings
2.A.L	en	Tantalite
2.A.L	en	Tantalum
2.A.L	en	Telecommunications in the Democratic Republic of the Congo
2.A.L	en	Territories of the Democratic Republic of the Congo
2.A.L	en	Tiger Resources
2.A.L	en	Tin
2.A.L	en	Tony Buckingham
2.A.L	en	Transitional Government of the Democratic Republic of the Congo
2.A.L	en	Transport in the Democratic Republic of the Congo
2.A.L	en	Tungsten
2.A.L	en	UN
2.A.L	en	Uganda
2.A.L	en	Ugandan
2.A.L	en	United Kingdom
2.A.L	en	United States
2.A.L	en	Wildlife of the Democratic Republic of the Congo
2.A.L	en	Women in the Democratic Republic of the Congo
2.A.L	en	Wood fuel
2.A.L	en	World Bank
2.A.L	en	World heritage site
2.A.L	en	Xstrata
2.A.L	en	Zaire
2.A.L	en	Talk:Mining industry of the Democratic Republic of the Congo
2.A.L	en	Wikipedia:Citation needed
2.A.L	en	Wikipedia:Link rot
2.A.L	en	Wikipedia:Manual of Style
2.A.L	en	Wikipedia:WikiProject Democratic Republic of the Congo
2.A.L	en	Template:Democratic Republic of the Congo topics
2.A.L	en	Template:Mining in Africa
2.A.L	en	Template talk:Democratic Republic of the Congo topics
2.A.L	en	Template talk:Mining in Africa
2.A.L	en	Help:CS1 errors
2.A.L	en	Category:Articles with dead external links from October 2010
2.A.L	en	Category:Articles with unsourced statements from May 2009
2.A.L	en	Category:Democratic Republic of the Congo
2.A.L	en	Category:Democratic Republic of the Congo society
2.A.L	en	Category:Wikipedia articles needing rewrite from May 2009
2.A.L	en	Portal:Democratic Republic of the Congo
2.A.L	en	Book:Democratic Republic of the Congo
2.B.L	uk	1975
2.B.L	uk	Історія освоєння мінеральних ресурсів Демократичної Республіки Конго
2.B.L	uk	Італія
2.B.L	uk	Великобританія
2.B.L	uk	Вольфрам
2.B.L	uk	Вольфраміт
2.B.L	uk	Геологія Демократичної Республіки Конго
2.B.L	uk	Гірнича промисловість Єгипту
2.B.L	uk	Гірнича промисловість Ємену
2.B.L	uk	Гірнича промисловість Ізраїлю
2.B.L	uk	Гірнича промисловість Індонезії
2.B.L	uk	Гірнича промисловість Індії
2.B.L	uk	Гірнича промисловість Іраку
2.B.L	uk	Гірнича промисловість Ірану
2.B.L	uk	Гірнича промисловість Іспанії
2.B.L	uk	Гірнича промисловість Італії
2.B.L	uk	Гірнича промисловість Австралії
2.B.L	uk	Гірнича промисловість Австрії
2.B.L	uk	Гірнича промисловість Азербайджану
2.B.L	uk	Гірнича промисловість Албанії
2.B.L	uk	Гірнича промисловість Алжиру
2.B.L	uk	Гірнича промисловість Анголи
2.B.L	uk	Гірнича промисловість Аргентини
2.B.L	uk	Гірнича промисловість Афганістану
2.B.L	uk	Гірнича промисловість Болгарії
2.B.L	uk	Гірнича промисловість Болівії
2.B.L	uk	Гірнича промисловість Ботсвани
2.B.L	uk	Гірнича промисловість Бразилії
2.B.L	uk	Гірнича промисловість Буркіна-Фасо
2.B.L	uk	Гірнича промисловість Білорусі
2.B.L	uk	Гірнича промисловість В'єтнаму
2.B.L	uk	Гірнича промисловість Великобританії
2.B.L	uk	Гірнича промисловість Венесуели
2.B.L	uk	Гірнича промисловість Вірменії
2.B.L	uk	Гірнича промисловість Габону
2.B.L	uk	Гірнича промисловість Гайяни
2.B.L	uk	Гірнича промисловість Гани
2.B.L	uk	Гірнича промисловість Гватемали
2.B.L	uk	Гірнича промисловість Гвінеї
2.B.L	uk	Гірнича промисловість Гондурасу
2.B.L	uk	Гірнича промисловість Греції
2.B.L	uk	Гірнича промисловість Грузії
2.B.L	uk	Гірнича промисловість Естонії
2.B.L	uk	Гірнича промисловість Ефіопії
2.B.L	uk	Гірнича промисловість Замбії
2.B.L	uk	Гірнича промисловість Казахстану
2.B.L	uk	Гірнича промисловість Канади
2.B.L	uk	Гірнича промисловість Киргизстану
2.B.L	uk	Гірнича промисловість Китаю
2.B.L	uk	Гірнича промисловість Колумбії
2.B.L	uk	Гірнича промисловість Куби
2.B.L	uk	Гірнича промисловість Лаосу
2.B.L	uk	Гірнича промисловість Латвії
2.B.L	uk	Гірнича промисловість Литви
2.B.L	uk	Гірнича промисловість Лівії
2.B.L	uk	Гірнича промисловість Мадагаскару
2.B.L	uk	Гірнича промисловість Малайзії
2.B.L	uk	Гірнича промисловість Марокко
2.B.L	uk	Гірнича промисловість Мексики
2.B.L	uk	Гірнича промисловість Молдови
2.B.L	uk	Гірнича промисловість Монголії
2.B.L	uk	Гірнича промисловість Нової Каледонії
2.B.L	uk	Гірнича промисловість Норвегії
2.B.L	uk	Гірнича промисловість Нігерії
2.B.L	uk	Гірнича промисловість Нікарагуа
2.B.L	uk	Гірнича промисловість Німеччини
2.B.L	uk	Гірнича промисловість Об'єднаних Арабських Еміратів
2.B.L	uk	Гірнича промисловість Оману
2.B.L	uk	Гірнича промисловість Пакистану
2.B.L	uk	Гірнича промисловість Панами
2.B.L	uk	Гірнича промисловість Папуа — Нової Гвінеї
2.B.L	uk	Гірнича промисловість Перу
2.B.L	uk	Гірнича промисловість Польщі
2.B.L	uk	Гірнича промисловість Південно-Африканської Республіки
2.B.L	uk	Гірнича промисловість Південної Кореї
2.B.L	uk	Гірнича промисловість Північної Кореї
2.B.L	uk	Гірнича промисловість Республіки Конго
2.B.L	uk	Гірнича промисловість Росії
2.B.L	uk	Гірнича промисловість Румунії
2.B.L	uk	Гірнича промисловість США
2.B.L	uk	Гірнича промисловість Саудівської Аравії
2.B.L	uk	Гірнича промисловість Словаччини
2.B.L	uk	Гірнича промисловість Суринаму
2.B.L	uk	Гірнича промисловість Сьєрра-Леоне
2.B.L	uk	Гірнича промисловість Таджикистану
2.B.L	uk	Гірнича промисловість Таїланду
2.B.L	uk	Гірнича промисловість Тринідаду і Тобаго
2.B.L	uk	Гірнича промисловість Туреччини
2.B.L	uk	Гірнича промисловість Туркменістану
2.B.L	uk	Гірнича промисловість Угорщини
2.B.L	uk	Гірнича промисловість Узбекистану
2.B.L	uk	Гірнича промисловість України
2.B.L	uk	Гірнича промисловість Франції
2.B.L	uk	Гірнича промисловість Філіппін
2.B.L	uk	Гірнича промисловість Фінляндії
2.B.L	uk	Гірнича промисловість Чехії
2.B.L	uk	Гірнича промисловість Чилі
2.B.L	uk	Гірнича промисловість Швеції
2.B.L	uk	Гірнича промисловість Ямайки
2.B.L	uk	Гірнича промисловість Японії
2.B.L	uk	Гірничий енциклопедичний словник
2.B.L	uk	Гірничо-металургійна промисловість Бельгії
2.B.L	uk	Демократична Республіка Конго
2.B.L	uk	Економіка Демократичної Республіки Конго
2.B.L	uk	Золото
2.B.L	uk	Кобальт
2.B.L	uk	Корисні копалини Демократичної Республіки Конго
2.B.L	uk	Лубумбаші
2.B.L	uk	Мідь
2.B.L	uk	Нафта
2.B.L	uk	Олово
2.B.L	uk	США
2.B.L	uk	Тантал (хімічний елемент)
2.B.L	uk	ФРН
2.B.L	uk	Цинк
2.B.L	uk	Японія
2.B.L	uk	Шаблон:Гірнича промисловість країн світу
2.B.L	uk	Обговорення шаблону:Гірнича промисловість країн світу
2.B.L	uk	Категорія:Гірнича промисловість за країною
2.CN	en	Mining_industry_of_the_Democratic_Republic_of_the_Congo
2.IWL	uk	Гірнича промисловість Демократичної Республіки Конго
3.A.L	en	AK-47
3.A.L	en	Bas-Congo
3.A.L	en	Boma, Kongo Central
3.A.L	en	Democratic Republic of the Congo
3.A.L	en	Kola nut
3.A.L	en	Kongo people
3.A.L	en	Luozi
3.A.L	en	Matadi
3.A.L	en	Muanda
3.A.L	en	Ne Mwanda Nsemi
3.A.L	en	Seke-Banza
3.A.L	en	Songololo
3.A.L	en	United Nations Mission in the Democratic Republic of Congo
3.A.L	en	Wikipedia:Citation needed
3.A.L	en	Template:ISO 639 name fr
3.A.L	en	Category:Articles with unsourced statements from November 2009
3.B.L	fr	1969
3.B.L	fr	Alliance des Bakongo
3.B.L	fr	BDK
3.B.L	fr	Bas-Congo
3.B.L	fr	Empire Kongo
3.B.L	fr	Kongos
3.B.L	fr	Mouvement politique
3.B.L	fr	Ne Mwanda Nsemi
3.B.L	fr	République démocratique du Congo
3.B.L	fr	Émeutes du Bas-Congo de février 2007
3.B.L	fr	État fédéral
3.B.L	fr	Discussion:Bundu dia Kongo/À faire
3.B.L	fr	Modèle:Ébauche/paramètres République démocratique du Congo
3.B.L	fr	Aide:Comment modifier une page
3.B.L	fr	Aide:Homonymie
3.B.L	fr	Aide:Ébauche
3.B.L	fr	Catégorie:Portail:Angola/Articles liés
3.B.L	fr	Catégorie:Portail:République du Congo/Articles liés
3.B.L	fr	Catégorie:Portail:République démocratique du Congo/Articles liés
3.B.L	fr	Portail:Angola
3.B.L	fr	Portail:République du Congo
3.B.L	fr	Portail:République démocratique du Congo
3.B.L	fr	Projet:Accueil
3.B.L	ln	1969
3.B.L	ln	Bas-Congo
3.B.L	ln	Kongó-Kinsásá
3.B.L	ln	Ne Mwanda Nsemi
3.B.L	ln	Wikipedia:Ekakoli ya ndámbo
3.B.L	kg	2002
3.B.L	kg	2007
3.B.L	kg	Bakongo
3.B.L	kg	Buima
3.B.L	kg	Kabinda
3.B.L	kg	Kongo ya Kati
3.B.L	kg	Kongo ya Ntotila
3.B.L	kg	Laurent-Désiré Kabila
3.B.L	kg	Matadi
3.B.L	kg	Mboma
3.B.L	kg	Mobutu Sese Seko
3.B.L	kg	Muanda
3.B.L	kg	Muanda Nsemi
3.B.L	kg	Ngabu
3.B.L	kg	Ngola
3.B.L	kg	Polisi
3.B.L	kg	Politiki
3.B.L	kg	Repubilika ya Kongo
3.B.L	kg	Repubilika ya Kongo ya Dimokalasi
3.B.L	kg	Songololo
3.B.L	sv	Angola
3.B.L	sv	Bandundu
3.B.L	sv	Bas-Congo
3.B.L	sv	Demokratiska Republiken Kongo
3.B.L	sv	Gabon
3.B.L	sv	Kongo-Kinshasa
3.CN	en	Bundu_dia_Kongo
3.IWL	fr	Bundu dia Kongo
3.IWL	ln	Bundu dia Kongó
3.IWL	kg	Bundu ya Kongo
3.IWL	sv	Bundu dia Kongo
4.A.L	en	Bantu language
4.A.L	en	Burundi
4.A.L	en	Christianity
4.A.L	en	Democratic Republic of the Congo
4.A.L	en	Hema (disambiguation)
4.A.L	en	Hema language
4.A.L	en	Hima (disambiguation)
4.A.L	en	Ituri conflict
4.A.L	en	Ituri region
4.A.L	en	Lendu
4.A.L	en	Lendu language
4.A.L	en	Luganda
4.A.L	en	Lusoga
4.A.L	en	Nyankore language
4.A.L	en	Orientale Province
4.A.L	en	Pastoralism
4.A.L	en	Rwanda
4.A.L	en	Uganda
4.A.L	en	Wikipedia:Stub
4.A.L	en	Template:Africa-ethno-group-stub
4.A.L	en	Template:Burundi-stub
4.A.L	en	Template:DRCongo-stub
4.A.L	en	Template:Rwanda-stub
4.A.L	en	Template talk:Africa-ethno-group-stub
4.A.L	en	Template talk:Burundi-stub
4.A.L	en	Template talk:DRCongo-stub
4.A.L	en	Template talk:Rwanda-stub
4.B.L	fr	Agriculture
4.B.L	fr	Bibliothèque nationale de France
4.B.L	fr	Burundi
4.B.L	fr	Démographie de la République démocratique du Congo
4.B.L	fr	Groupe ethnique
4.B.L	fr	HCR
4.B.L	fr	Hima (langue)
4.B.L	fr	Héma
4.B.L	fr	Ituri
4.B.L	fr	Langues bantoues
4.B.L	fr	Langues bantoues méridionales
4.B.L	fr	Langues nigéro-congolaises
4.B.L	fr	Liste des groupes ethniques d'Afrique
4.B.L	fr	Ouganda
4.B.L	fr	Province Orientale en République démocratique du Congo
4.B.L	fr	RAMEAU
4.B.L	fr	Rwanda
4.B.L	fr	République démocratique du Congo
4.B.L	fr	Tutsis
4.B.L	fr	Discussion:Hemas/À faire
4.B.L	fr	Modèle:Infobox Groupe ethnique
4.B.L	fr	Modèle:Ébauche/paramètres RDC
4.B.L	fr	Modèle:Ébauche/paramètres groupe ethnique
4.B.L	fr	Aide:Comment modifier une page
4.B.L	fr	Aide:Homonymie
4.B.L	fr	Aide:Référence nécessaire
4.B.L	fr	Aide:Ébauche
4.B.L	fr	Catégorie:Portail:Anthropologie/Articles liés
4.B.L	fr	Catégorie:Portail:Ouganda/Articles liés
4.B.L	fr	Catégorie:Portail:République démocratique du Congo/Articles liés
4.B.L	fr	Portail:Anthropologie
4.B.L	fr	Portail:Ouganda
4.B.L	fr	Portail:République démocratique du Congo
4.B.L	fr	Projet:Accueil
4.B.L	de	17. Februar
4.B.L	de	1999
4.B.L	de	Demokratische Republik Kongo
4.B.L	de	Ethnie
4.B.L	de	Freischärler
4.B.L	de	Hema (Begriffsklärung)
4.B.L	de	Hirten
4.B.L	de	Humanitäres Völkerrecht
4.B.L	de	Kindersoldat
4.B.L	de	Kombattant
4.B.L	de	Lendu
4.B.L	de	MONUC
4.B.L	de	Nomade
4.B.L	de	Paramilitär
4.B.L	de	Ruanda
4.B.L	de	UN-Missionen
4.B.L	de	UNO
4.B.L	de	Uganda
4.B.L	eo	Demokratia Respubliko Kongo
4.B.L	eo	Nomadoj
4.B.L	eo	Vikipedio:La perfekta ĝermo de artikolo
4.B.L	eo	Vikipedio:Tradukoj
4.B.L	eo	Vikipedio:Trovi aŭ kreskigi ĝermojn
4.B.L	es	Idioma bantú
4.B.L	es	Idioma hema
4.B.L	es	Idioma lendu
4.B.L	es	Ituri
4.B.L	es	Lendu
4.B.L	es	Luganda
4.B.L	es	Lusoga
4.B.L	es	Nyankore
4.B.L	es	Provincia Orientale
4.B.L	es	República Democrática del Congo
4.B.L	es	Ruanda
4.B.L	es	Uganda
4.B.L	nl	België
4.B.L	nl	Congo-Kinshasa
4.B.L	nl	Hema (taal)
4.B.L	nl	Hutu
4.B.L	nl	Ituri
4.B.L	nl	Ituri-conflict
4.B.L	nl	Lendu (taal)
4.B.L	nl	Lendu (volk)
4.B.L	nl	Tutsi
4.B.L	it	Conflitto dell'Ituri
4.B.L	it	Gruppo etnico
4.B.L	it	Ituri (provincia)
4.B.L	it	Lendu
4.B.L	it	Lingua hema
4.B.L	it	Lingua luganda
4.B.L	it	Lingua lusoga
4.B.L	it	Lingua nyankore
4.B.L	it	Lingue bantu
4.B.L	it	Pastori
4.B.L	it	Repubblica Democratica del Congo
4.B.L	it	Ruanda
4.B.L	it	Uganda
4.B.L	it	Wikipedia:Cita le fonti
4.B.L	it	File:Stub .png
4.B.L	it	File:Stub gruppi etnici.png
4.B.L	it	Aiuto:Abbozzo
4.B.L	it	Aiuto:Manuale di stile
4.B.L	it	Categoria:Stub - gruppi etnici
4.B.L	it	Progetto:Gruppi etnici
4.B.L	ja	イトゥリ州
4.B.L	ja	イトゥリ紛争
4.B.L	ja	ウガンダ
4.B.L	ja	エスノローグ
4.B.L	ja	ガンダ語
4.B.L	ja	コンゴ民主共和国
4.B.L	ja	コンゴ民主連合
4.B.L	ja	ソガ語
4.B.L	ja	トマス・ルバンガ
4.B.L	ja	トロ語
4.B.L	ja	ニジェール・コンゴ語族
4.B.L	ja	ニャンコレ語
4.B.L	ja	ニョロ語
4.B.L	ja	バントイド語群
4.B.L	ja	バントゥー語群
4.B.L	ja	ブルンジ
4.B.L	ja	ヘマ語
4.B.L	ja	ベヌエ＝コンゴ語群
4.B.L	ja	ボルタ＝コンゴ語群
4.B.L	ja	ルワンダ
4.B.L	ja	レンドゥ族
4.B.L	ja	レンドゥ語
4.B.L	ja	南部バントイド諸語
4.B.L	ja	大西洋＝コンゴ諸派
4.B.L	ja	東部州 (コンゴ)
4.B.L	ja	牧畜
4.B.L	ja	Wikipedia:「要出典」をクリックされた方へ
4.B.L	ja	Wikipedia:スタブ
4.B.L	ja	Category:アフリカ関連のスタブ項目
4.B.L	ja	Category:ウガンダ関連のスタブ項目
4.B.L	ja	Category:ガボン関連のスタブ項目
4.B.L	ja	Category:コンゴ民主共和国関連のスタブ項目
4.B.L	ja	Category:出典を必要とする記述のある記事/2010年2月
4.B.L	ja	プロジェクト:アフリカ
4.CN	en	Hema_people
4.IWL	fr	Hemas
4.IWL	de	Hema
4.IWL	eo	Hemaoj
4.IWL	es	Hema
4.IWL	nl	Hema (volk)
4.IWL	it	Hema (gruppo etnico)
4.IWL	ja	ヘマ族
